
*************** gsl 1.5  ***************
+++++++++++++++ Linked to  JDFTx 1.6  +++++++++++++++

Start date and time: Mon Oct 25 18:58:03 2021
Executable /export/data/share/jxu/jdftx_codes/jdftx-202103/build-FeynWann/lindbladInit_for-DMD-4.5.2 with command-line: -i lindbladInit.in
Running on hosts (process indices):  krnode13.krhpc (0-15)  krnode14.krhpc (16-31)  krnode15.krhpc (32-47)  krnode16.krhpc (48-63)  krnode17.krhpc (64-79)  krnode18.krhpc (80-95)  krnode19.krhpc (96-111)  krnode20.krhpc (112-127)
Divided in process groups (process indices):  0 (0)  1 (1)  2 (2)  3 (3)  4 (4)  5 (5)  6 (6)  7 (7)  8 (8)  9 (9)  10 (10)  11 (11)  12 (12)  13 (13)  14 (14)  15 (15)  16 (16)  17 (17)  18 (18)  19 (19)  20 (20)  21 (21)  22 (22)  23 (23)  24 (24)  25 (25)  26 (26)  27 (27)  28 (28)  29 (29)  30 (30)  31 (31)  32 (32)  33 (33)  34 (34)  35 (35)  36 (36)  37 (37)  38 (38)  39 (39)  40 (40)  41 (41)  42 (42)  43 (43)  44 (44)  45 (45)  46 (46)  47 (47)  48 (48)  49 (49)  50 (50)  51 (51)  52 (52)  53 (53)  54 (54)  55 (55)  56 (56)  57 (57)  58 (58)  59 (59)  60 (60)  61 (61)  62 (62)  63 (63)  64 (64)  65 (65)  66 (66)  67 (67)  68 (68)  69 (69)  70 (70)  71 (71)  72 (72)  73 (73)  74 (74)  75 (75)  76 (76)  77 (77)  78 (78)  79 (79)  80 (80)  81 (81)  82 (82)  83 (83)  84 (84)  85 (85)  86 (86)  87 (87)  88 (88)  89 (89)  90 (90)  91 (91)  92 (92)  93 (93)  94 (94)  95 (95)  96 (96)  97 (97)  98 (98)  99 (99)  100 (100)  101 (101)  102 (102)  103 (103)  104 (104)  105 (105)  106 (106)  107 (107)  108 (108)  109 (109)  110 (110)  111 (111)  112 (112)  113 (113)  114 (114)  115 (115)  116 (116)  117 (117)  118 (118)  119 (119)  120 (120)  121 (121)  122 (122)  123 (123)  124 (124)  125 (125)  126 (126)  127 (127)
Resource initialization completed at t[s]:      0.04
Run totals: 128 processes, 128 threads, 0 GPUs

Inputs after conversion to atomic units:
NkMult = [  22  22  22  ]
dmuMin = 0.0525515
dmuMax = 0.0525515
Tmax = 9.50043e-05
nkBT = 7
pumpOmegaMax = 0
pumpTau = 413414
probeOmegaMax = 0.0734986
ePhMode = DiagK
ePhOnlyElec = 1
ePhOnlyHole = 0
detailBalance = 0
ePhDelta = 7.34986e-05
nEphDelta = 1000
writegm = 1
mergegm = 0
maxNeighbors = 0
band_skipped = -1
modeStart = 0
modeStop = -1
DEBUG = 0
writeU = 1
write_sparseP = 0
degthr = 1e-08
EBot_set = 0
ETop_set = -0.0367493
read_kpts = 0
read_kpairs = 0
kparis_eph_eimp = 0
onlyInterValley = 0
onlyIntraValley = 0
layerOcc = 0
writeHEz = 0
assumeMetal = 0
needConventional = 0
omegabyTCut = 0.001
Bext = [  0  0  0  ]
EzExt = 0
scissor = 0.0155905
EshiftWeight = 0

Reading 'Wannier/totalE.out' ... done.
NOTE: mu unavailable; assuming semiconductor/insulator and setting to VBM.
Reading 'Wannier/totalE.eigenvals' ... done.
mu = 0.180239
nElectrons = 8
nBandsDFT = 34
nSpins = 1
nSpinor = 2
spinSuffix = ''
kfold = [  24  24  24  ]
isTruncated = [  0  0  0  ]
R:
[  0  5.34145  5.34145  ]
[  5.34145  0  5.34145  ]
[  5.34145  5.34145  0  ]
Atoms with fractional coordinates:
	Ga   0.000000000000000   0.000000000000000   0.000000000000000
	As   0.250000000000000   0.250000000000000   0.250000000000000

Reading 'Wannier/wannier.mlwfCellMap' ... done.
Reading 'Wannier/wannier.mlwfBandContrib' ... done.
nBands = 16

Reading 'Wannier/wannier.mlwfCellWeights' ... done.

Reading 'Wannier/phonon.out' ... done.
nModes = 6
phononSup = [  4  4  4  ]

Reading 'Wannier/totalE.phononBasis' ... done.
Reading 'Wannier/totalE.phononCellMap' ... done.
Reading 'Wannier/totalE.phononOmegaSq' ... done.
Reading 'Wannier/wannier.mlwfCellMapPh' ... done.
Reading 'Wannier/wannier.mlwfCellMapPhSum' ... done.
Reading 'Wannier/wannier.mlwfCellWeightsPh' ... done.
Reading 'Wannier/wannier.mlwfHePh' ... done.
Reading 'Wannier/wannier.mlwfHePhSum' ... done.
Reading 'Wannier/wannier.mlwfD' ... done.

Reading 'Wannier/wannier.out' ... done.
polar = yes

Reading 'Wannier/totalE.Zeff' ... done.
Reading 'Wannier/totalE.epsInf' ... done.
Reading 'Wannier/totalE.phononCellWeights' ... done.
Reading 'Wannier/wannier.mlwfH' ... done.
Reading 'Wannier/wannier.mlwfP' ... done.
Reading 'Wannier/wannier.mlwfS' ... done.

carrier_density = 0
Effective interpolated k-mesh dimensions: [  528  528  528  ]
Effectively sampled nKpts: 147197952

modeStop = 6
VBM: -0.000000 eV, CBM: 1.430000 eV, Middle: 0.715000
Note that VBM and CBM may not be determined correctly,
you may have to use band_skipped to set starting band index of wannier bands
The system is not metalic
Emargin = 0.018 eV
Active energy range for probe: -1.285 to 3.448 eV
Active energy range for kpointSelect: 0.715 to 1.448 eV
Active energy range for density matrix: 0.715 to 1.448 eV

bBot_probe= 0 bTop_probe= 10

bBot_dm= 6 bTop_dm= 8

bBot_eph= 6 bTop_eph= 8 bCBM= 6
Scanning k-points with active states: 2% 5% 7% 10% 12% 14% 17% 19% 22% 24% 27% 29% 31% 34% 36% 39% 41% 43% 46% 48% 51% 53% 55% 58% 60% 63% 65% 67% 70% 72% 75% 77% 80% 82% 84% 87% 89% 92% 94% 96% 99% done.
Found 531 k-points with active states from  1.47197952000000e+08 total k-points (277209x reduction)

saveR done
saveSize done
saveEk done
Compute StateE in parallel: done
bcastState_inEphLoop done
saveElec done
At dmuMax, majority density: Carrier density:  7.8088261e+15 cm^-3
At dmuMax, minority density: Carrier density:  0.0000000e+00 cm^-3
At dmuMin, majority density: Carrier density:  7.8088261e+15 cm^-3
At dmuMin, minority density: Carrier density:  0.0000000e+00 cm^-3

Spin mixing |b|^2: 0.18827 0.188302 0.188222

For kpairSelect: Estart= 0.0262758 Estop= 0.0532166 bStart= 6 bStop= 8

Number of pairs: 141246

Randomly rearranging kpairs done
bcast kpairs done
saveSize done
saveKpair done

For ePh: Estart= 0.715 eV Estop= 1.4481 eV bStart= 6 bStop= 8

Compute EPH: 
2% 4% 6% 8% 10% 12% 14% 16% 18% 20% 22% 24% 26% 28% 30% 32% 34% 36% 38% 40% 42% 44% 46% 48% 50% 52% 54% 56% 58% 60% 62% 64% 66% 68% 70% 72% 74% 76% 78% 80% 82% 84% 86% 88% 90% 92% 94% 96% 98% 100% 
imsig_min = 7.3347e-05 eV imsig_max = 0.000122008 eV
Active energy range for printing ImSigma(E): 1.416 to 1.448 eV
done.
dSz = 0 Szdot = 4.03267e-25 T1z = -0 ps
dSz = -1.24924e-08 Szdot = 1.97597e-18 T1z = 152925 ps
dSz = -1.24924e-09 Szdot = 1.97596e-19 T1z = 152926 ps
Merge ldbd_data/ldbd_P1_lindblad.bin:
processing file 0 10 20 30 40 50 60 70 80 90 100 110 120 done
Merge ldbd_data/ldbd_P2_lindblad.bin:
processing file 0 10 20 30 40 50 60 70 80 90 100 110 120 done

drhosdeg = 1 obsdeg = 1 imsigma_eph = 0 fac_imsig = 0 impurity_broadening = 0 eV
dS[2] = -0.00154326 Sdot[2] = 5.82446e-09 T1 = 6.40801 6.40786 6.40911 ps

**************************************************
dRho formula with constant smearings:
**************************************************

drhosdeg = 0 obsdeg = 0 imsigma_eph = 1 fac_imsig = 0 impurity_broadening = 0.001 eV
dS[2] = -0.00293635 Sdot[2] = 6.2587e-13 T1 = 113534 113530 113485 ps

drhosdeg = 0 obsdeg = 0 imsigma_eph = 1 fac_imsig = 0 impurity_broadening = 0.005 eV
dS[2] = -0.00293635 Sdot[2] = 9.47372e-13 T1 = 74995.1 74995.6 74972.6 ps

**************************************************
dRho formula with ImSigma_eph + a constant:
**************************************************

drhosdeg = 0 obsdeg = 0 imsigma_eph = 1 fac_imsig = 1 impurity_broadening = 0 eV
dS[2] = -0.00293635 Sdot[2] = 1.8357e-11 T1 = 3868.89 3868.64 3869.2 ps

drhosdeg = 0 obsdeg = 0 imsigma_eph = 1 fac_imsig = 0.5 impurity_broadening = 0 eV
dS[2] = -0.00293635 Sdot[2] = 1.24088e-10 T1 = 572.336 572.298 572.392 ps

drhosdeg = 0 obsdeg = 0 imsigma_eph = 1 fac_imsig = 1 impurity_broadening = 0.001 eV
dS[2] = -0.00293635 Sdot[2] = 5.31125e-13 T1 = 133798 133794 133729 ps

drhosdeg = 0 obsdeg = 0 imsigma_eph = 1 fac_imsig = 1 impurity_broadening = 0.005 eV
dS[2] = -0.00293635 Sdot[2] = 9.77778e-13 T1 = 72662.1 72662.6 72641.1 ps
Merge gm (currently delete):
End date and time: Mon Oct 25 22:31:45 2021  (Duration: 0-3:33:41.49)
Done!

PROFILER:    DistributedMatrix::compute1     0.000274 +/-     0.007975 s, 17638 calls,      4.838056 s total
PROFILER:    DistributedMatrix::compute2     0.023632 +/-     0.000292 s, 2206 calls,     52.133207 s total
PROFILER:  DistributedMatrix::transform1     0.199075 +/-     0.087259 s, 56376 calls,  11223.069154 s total
PROFILER:       FeynWann::eLoop:callback     0.000000 +/-     0.000000 s, 1202688 calls,      0.119473 s total
PROFILER:            FeynWann::setMatrix     0.000440 +/-     0.000071 s, 2206 calls,      0.970137 s total
PROFILER:   FeynWann::setState:rotations     0.000377 +/-     0.000020 s,    5 calls,      0.001887 s total
PROFILER:            matrix::diagonalize     0.000089 +/-     0.000071 s, 1220306 calls,    108.242918 s total

MEMUSAGE:                         matrix     0.130980 GB
MEMUSAGE:                           misc     0.729757 GB
MEMUSAGE:                          Total     0.860577 GB
