E(Har) ImSigma_kn(Har) ImSigma_Flip
 5.2551525e-02  2.5965612e-05  1.2179241e-05
 5.2551525e-02  2.5965612e-05  1.2179241e-05
 5.2807426e-02  4.9038047e-05  2.2513417e-05
 5.2807431e-02  4.9035050e-05  2.2522592e-05
 5.3551340e-02  3.7122258e-05  2.1736943e-05
 5.3551387e-02  3.7110376e-05  2.1754195e-05
 5.4720443e-02  7.1855797e-05  3.9403016e-05
 5.4720570e-02  7.1831409e-05  3.9416168e-05
 5.8001583e-02  7.3147901e-05  3.9481839e-05
 5.8001825e-02  7.3081375e-05  3.9621357e-05
 5.6232029e-02  4.8868328e-05  2.3765675e-05
 5.6232236e-02  4.8832829e-05  2.3940363e-05
 5.6232029e-02  4.8868328e-05  2.3766004e-05
 5.6232237e-02  4.8832829e-05  2.3940691e-05
 5.8001583e-02  7.3147901e-05  3.9481807e-05
 5.8001825e-02  7.3081375e-05  3.9621325e-05
 5.4720443e-02  7.1855797e-05  3.9410210e-05
 5.4720570e-02  7.1831409e-05  3.9423362e-05
 5.3551340e-02  3.7122258e-05  2.1758790e-05
 5.3551387e-02  3.7110376e-05  2.1776067e-05
 5.2807426e-02  4.9038047e-05  2.2476088e-05
 5.2807431e-02  4.9035050e-05  2.2485283e-05
 5.2807427e-02  4.9034138e-05  2.2544288e-05
 5.2807430e-02  4.9030975e-05  2.2522506e-05
 5.2892592e-02  5.4700997e-05  2.4059635e-05
 5.2892594e-02  5.4694299e-05  2.4055897e-05
 5.3471778e-02  4.4377377e-05  2.4885882e-05
 5.3474665e-02  4.4291087e-05  2.4820437e-05
 5.4495030e-02  6.3562949e-05  3.7661107e-05
 5.4503125e-02  6.4312282e-05  3.8039432e-05
 5.8791915e-02  5.7644242e-05  3.4523869e-05
 5.8823168e-02  5.8689912e-05  3.5179949e-05
 5.5886262e-02  7.3636879e-05  3.9140635e-05
 5.5901098e-02  7.3104589e-05  3.8650519e-05
 5.6971227e-02  7.4340450e-05  3.8451811e-05
 5.6994403e-02  7.4724728e-05  3.9282014e-05
 5.7561925e-02  6.2898633e-05  3.3987701e-05
 5.7584335e-02  6.3548348e-05  3.4859631e-05
 5.5382147e-02  9.5490041e-05  4.6019823e-05
 5.5397498e-02  9.6354004e-05  4.6594020e-05
 5.4105489e-02  7.1016460e-05  3.7249809e-05
 5.4113835e-02  7.1469957e-05  3.7493574e-05
 5.3224091e-02  4.4419012e-05  2.5389911e-05
 5.3227047e-02  4.4605003e-05  2.5535915e-05
 5.3551343e-02  3.7110576e-05  1.5664180e-05
 5.3551385e-02  3.7100292e-05  1.5592657e-05
 5.3471775e-02  4.4379013e-05  2.5112417e-05
 5.3474668e-02  4.4281958e-05  2.5058120e-05
 5.3882047e-02  3.9035119e-05  2.1836467e-05
 5.3882071e-02  3.9014762e-05  2.1845722e-05
 5.4739190e-02  6.9625771e-05  4.2518401e-05
 5.4747208e-02  6.9309387e-05  4.2267533e-05
 5.5981683e-02  6.4584085e-05  3.3438728e-05
 5.6001505e-02  6.3343780e-05  3.2667202e-05
 5.8070688e-02  8.4984712e-05  3.3469378e-05
 5.8122481e-02  8.5376204e-05  3.3428860e-05
 5.7531900e-02  5.8140311e-05  2.9755890e-05
 5.7565876e-02  5.9408186e-05  3.1239763e-05
 5.6439650e-02  8.8166071e-05  3.2818946e-05
 5.6475366e-02  9.3663138e-05  3.5641421e-05
 5.5091702e-02  5.5334477e-05  2.4626103e-05
 5.5112479e-02  5.7570878e-05  2.5605723e-05
 5.4105491e-02  7.0998060e-05  3.7050586e-05
 5.4113834e-02  7.1455744e-05  3.7290696e-05
 5.4720447e-02  7.1783655e-05  2.8456472e-05
 5.4720567e-02  7.1763332e-05  2.8367448e-05
 5.8001588e-02  7.3067580e-05  3.1534617e-05
 5.8001822e-02  7.3016322e-05  3.1118786e-05
 5.4495027e-02  6.3530606e-05  3.7632240e-05
 5.4503129e-02  6.4259868e-05  3.8037902e-05
 5.8791921e-02  5.7588828e-05  3.4428393e-05
 5.8823167e-02  5.8652570e-05  3.5038081e-05
 5.4739187e-02  6.9608530e-05  4.2556297e-05
 5.4747211e-02  6.9260283e-05  4.2338110e-05
 5.5433261e-02  8.7791307e-05  5.5683987e-05
 5.5433337e-02  8.7717599e-05  5.5647185e-05
 5.6511308e-02  8.6891484e-05  5.3646374e-05
 5.6525801e-02  8.8696559e-05  5.5286070e-05
 5.8682047e-02  5.5137822e-05  4.0914000e-05
 5.8703631e-02  5.6467575e-05  4.2243399e-05
 5.7913574e-02  8.0889951e-05  4.4342998e-05
 5.7947088e-02  8.0227712e-05  4.4695895e-05
 5.7825918e-02  9.1005481e-05  3.1433850e-05
 5.7884910e-02  9.1718813e-05  3.2112103e-05
 5.7913569e-02  8.0885931e-05  4.4332462e-05
 5.7947087e-02  8.0132189e-05  4.4765071e-05
 5.6439652e-02  8.8143231e-05  3.2938367e-05
 5.6475366e-02  9.3643283e-05  3.5704876e-05
 5.7531895e-02  5.8119637e-05  3.0055946e-05
 5.7565876e-02  5.9328758e-05  3.1595950e-05
 5.5382151e-02  9.5438285e-05  4.5636133e-05
 5.5397497e-02  9.6312998e-05  4.6181860e-05
 5.7561921e-02  6.2860547e-05  3.4958221e-05
 5.7584337e-02  6.3465916e-05  3.5842108e-05
 5.6232034e-02  4.8824594e-05  1.7977966e-05
 5.6232233e-02  4.8794776e-05  1.7633933e-05
 5.6232034e-02  4.8824594e-05  1.7338350e-05
 5.6232233e-02  4.8794776e-05  1.6896174e-05
 5.5886259e-02  7.3591123e-05  3.9063850e-05
 5.5901101e-02  7.3026023e-05  3.8602869e-05
 5.6971233e-02  7.4285306e-05  3.8234559e-05
 5.6994401e-02  7.4688202e-05  3.9021541e-05
 5.5981678e-02  6.4558288e-05  3.3315165e-05
 5.6001507e-02  6.3277254e-05  3.2579477e-05
 5.8070693e-02  8.4948471e-05  3.3387861e-05
 5.8122480e-02  8.5355490e-05  3.3323059e-05
 5.6511304e-02  8.6904516e-05  5.3910739e-05
 5.6525803e-02  8.8627030e-05  5.5643042e-05
 5.8682051e-02  5.5110772e-05  4.0830220e-05
 5.8703631e-02  5.6518704e-05  4.2058192e-05
 5.7437803e-02  6.0780838e-05  3.2553185e-05
 5.7437943e-02  6.0688720e-05  3.2667842e-05
 5.7437803e-02  6.0780838e-05  2.8888828e-05
 5.7437943e-02  6.0688720e-05  2.8751280e-05
 5.8682051e-02  5.5110772e-05  3.7976338e-05
 5.8703631e-02  5.6518704e-05  3.9170472e-05
 5.6511304e-02  8.6904516e-05  5.5034309e-05
 5.6525803e-02  8.8627031e-05  5.6972436e-05
 5.8070693e-02  8.4948471e-05  3.3767853e-05
 5.8122480e-02  8.5355490e-05  3.3652249e-05
 5.5981678e-02  6.4558288e-05  3.3268529e-05
 5.6001507e-02  6.3277254e-05  3.2476980e-05
 5.6971233e-02  7.4285306e-05  3.8643350e-05
 5.6994401e-02  7.4688202e-05  3.9363243e-05
 5.5886259e-02  7.3591123e-05  3.9944839e-05
 5.5901101e-02  7.3026023e-05  3.9506179e-05
 5.8001588e-02  7.3067580e-05  3.0350754e-05
 5.8001822e-02  7.3016322e-05  2.9970558e-05
 5.4720447e-02  7.1783655e-05  2.7962030e-05
 5.4720567e-02  7.1763332e-05  2.7889408e-05
 5.7561921e-02  6.2860547e-05  3.3651387e-05
 5.7584337e-02  6.3465916e-05  3.4601658e-05
 5.5382151e-02  9.5438285e-05  4.5641725e-05
 5.5397497e-02  9.6312998e-05  4.6191515e-05
 5.7531895e-02  5.8119637e-05  2.9013690e-05
 5.7565876e-02  5.9328758e-05  3.0636999e-05
 5.6439652e-02  8.8143231e-05  3.2593817e-05
 5.6475366e-02  9.3643283e-05  3.5397539e-05
 5.7913569e-02  8.0885931e-05  4.4228622e-05
 5.7947087e-02  8.0132189e-05  4.4695735e-05
 5.7825918e-02  9.1005481e-05  3.1323190e-05
 5.7884910e-02  9.1718813e-05  3.2010170e-05
 5.7913574e-02  8.0889951e-05  4.4225416e-05
 5.7947088e-02  8.0227712e-05  4.4607394e-05
 5.8682047e-02  5.5137822e-05  3.8060881e-05
 5.8703631e-02  5.6467575e-05  3.9356318e-05
 5.6511308e-02  8.6891484e-05  5.4763493e-05
 5.6525801e-02  8.8696559e-05  5.6612916e-05
 5.5433261e-02  8.7791307e-05  5.2017490e-05
 5.5433337e-02  8.7717599e-05  5.1989588e-05
 5.4739187e-02  6.9608530e-05  4.2992440e-05
 5.4747211e-02  6.9260283e-05  4.2802428e-05
 5.8791921e-02  5.7588828e-05  3.4317508e-05
 5.8823167e-02  5.8652570e-05  3.4935007e-05
 5.4495027e-02  6.3530606e-05  3.7800407e-05
 5.4503129e-02  6.4259868e-05  3.8228081e-05
 5.3551343e-02  3.7110576e-05  1.4893789e-05
 5.3551385e-02  3.7100292e-05  1.4837267e-05
 5.4105491e-02  7.0998060e-05  3.7423066e-05
 5.4113834e-02  7.1455744e-05  3.7651928e-05
 5.5091702e-02  5.5334477e-05  2.4267696e-05
 5.5112479e-02  5.7570878e-05  2.5274848e-05
 5.6439650e-02  8.8166071e-05  3.2597447e-05
 5.6475366e-02  9.3663138e-05  3.5414288e-05
 5.7531900e-02  5.8140311e-05  2.9051862e-05
 5.7565876e-02  5.9408186e-05  3.0601525e-05
 5.8070688e-02  8.4984712e-05  3.3425505e-05
 5.8122481e-02  8.5376204e-05  3.3390593e-05
 5.5981683e-02  6.4584085e-05  3.2794292e-05
 5.6001505e-02  6.3343780e-05  3.1976559e-05
 5.4739190e-02  6.9625771e-05  4.2436780e-05
 5.4747208e-02  6.9309387e-05  4.2212801e-05
 5.3882047e-02  3.9035119e-05  2.1203265e-05
 5.3882071e-02  3.9014762e-05  2.1187874e-05
 5.3471775e-02  4.4379013e-05  2.4122686e-05
 5.3474668e-02  4.4281958e-05  2.4063436e-05
 5.2807427e-02  4.9034138e-05  2.0893178e-05
 5.2807430e-02  4.9030975e-05  2.0872049e-05
 5.3224091e-02  4.4419012e-05  2.5051662e-05
 5.3227047e-02  4.4605003e-05  2.5192393e-05
 5.4105489e-02  7.1016460e-05  3.6439360e-05
 5.4113835e-02  7.1469957e-05  3.6691533e-05
 5.5382147e-02  9.5490041e-05  4.5637005e-05
 5.5397498e-02  9.6354004e-05  4.6232043e-05
 5.7561925e-02  6.2898633e-05  3.3674812e-05
 5.7584335e-02  6.3548348e-05  3.4567322e-05
 5.6971227e-02  7.4340450e-05  3.8340082e-05
 5.6994403e-02  7.4724728e-05  3.9184665e-05
 5.5886262e-02  7.3636879e-05  3.8874529e-05
 5.5901098e-02  7.3104589e-05  3.8371423e-05
 5.8791915e-02  5.7644242e-05  3.4411201e-05
 5.8823168e-02  5.8689912e-05  3.5074330e-05
 5.4495030e-02  6.3562949e-05  3.7397810e-05
 5.4503125e-02  6.4312282e-05  3.7777084e-05
 5.3471778e-02  4.4377377e-05  2.4061132e-05
 5.3474665e-02  4.4291087e-05  2.3987935e-05
 5.2892592e-02  5.4700997e-05  2.2237195e-05
 5.2892594e-02  5.4694299e-05  2.2233341e-05
 5.2807660e-02  4.9038779e-05  2.0866566e-05
 5.2807660e-02  4.9045038e-05  2.0853768e-05
 5.2892592e-02  5.4692998e-05  2.2261831e-05
 5.2892595e-02  5.4702720e-05  2.2273330e-05
 5.3471513e-02  4.4384158e-05  1.9135339e-05
 5.3474426e-02  4.4295641e-05  1.9048581e-05
 5.4494439e-02  6.3513594e-05  3.2434742e-05
 5.4502633e-02  6.4260257e-05  3.2804700e-05
 5.8793751e-02  5.7703143e-05  3.1245710e-05
 5.8824542e-02  5.8730365e-05  3.1760191e-05
 5.5885305e-02  7.3669596e-05  3.1925251e-05
 5.5900344e-02  7.3127171e-05  3.1385571e-05
 5.6972795e-02  7.4351812e-05  3.5703383e-05
 5.6995518e-02  7.4767212e-05  3.6388135e-05
 5.7560625e-02  6.2881434e-05  2.5824382e-05
 5.7583316e-02  6.3519465e-05  2.6819630e-05
 5.5383355e-02  9.5558782e-05  4.1848317e-05
 5.5398369e-02  9.6404719e-05  4.2440292e-05
 5.4106317e-02  7.1054036e-05  3.2440566e-05
 5.4114486e-02  7.1497789e-05  3.2659395e-05
 5.3224588e-02  4.4440667e-05  2.1231813e-05
 5.3227490e-02  4.4626950e-05  2.1329516e-05
 5.2892591e-02  5.4696283e-05  2.1936907e-05
 5.2892593e-02  5.4696040e-05  2.1933316e-05
 5.2807426e-02  4.9039314e-05  2.0570268e-05
 5.2807431e-02  4.9039123e-05  2.0571942e-05
 5.3224093e-02  4.4437257e-05  1.6395417e-05
 5.3227046e-02  4.4604826e-05  1.6389439e-05
 5.4105492e-02  7.1059204e-05  3.6744523e-05
 5.4113834e-02  7.1462070e-05  3.6896481e-05
 5.5382151e-02  9.5564120e-05  3.2712550e-05
 5.5397497e-02  9.6317007e-05  3.3002762e-05
 5.7561921e-02  6.2820126e-05  2.2810401e-05
 5.7584335e-02  6.3610232e-05  2.2901293e-05
 5.6971230e-02  7.4423069e-05  2.8729133e-05
 5.6994403e-02  7.4664793e-05  2.8580625e-05
 5.5886259e-02  7.3574341e-05  2.4431771e-05
 5.5901098e-02  7.3141131e-05  2.4448575e-05
 5.8791917e-02  5.7718544e-05  2.5789326e-05
 5.8823170e-02  5.8629518e-05  2.6136403e-05
 5.4495027e-02  6.3523999e-05  2.3415549e-05
 5.4503126e-02  6.4323272e-05  2.3677486e-05
 5.3471775e-02  4.4357458e-05  1.4750652e-05
 5.3474666e-02  4.4294287e-05  1.4747034e-05
 5.3471514e-02  4.4377293e-05  1.4341182e-05
 5.3474420e-02  4.4285700e-05  1.4322652e-05
 5.3224091e-02  4.4436148e-05  1.8608332e-05
 5.3227046e-02  4.4596314e-05  1.8685608e-05
 5.3471513e-02  4.4390615e-05  1.4859674e-05
 5.3474424e-02  4.4294428e-05  1.4839182e-05
 5.4189005e-02  6.9093314e-05  3.6378618e-05
 5.4197763e-02  6.9001386e-05  3.6037785e-05
 5.5319298e-02  9.2635854e-05  3.4054178e-05
 5.5338364e-02  9.4829214e-05  3.4960680e-05
 5.8509941e-02  4.7266627e-05  1.9873886e-05
 5.8555031e-02  4.6712170e-05  2.0070604e-05
 5.6786176e-02  9.1410193e-05  3.4312271e-05
 5.6817752e-02  8.8610017e-05  3.3105539e-05
 5.6786172e-02  9.1295817e-05  3.3630996e-05
 5.6817750e-02  8.8666357e-05  3.2754968e-05
 5.8509944e-02  4.7351180e-05  2.0773127e-05
 5.8555034e-02  4.6664392e-05  2.0280106e-05
 5.5319294e-02  9.2550608e-05  3.4489248e-05
 5.5338362e-02  9.4846957e-05  3.5416014e-05
 5.4189003e-02  6.9044461e-05  3.2716786e-05
 5.4197761e-02  6.8994178e-05  3.2572098e-05
 5.4494441e-02  6.3474135e-05  2.2316783e-05
 5.4502625e-02  6.4214241e-05  2.2474065e-05
 5.8793749e-02  5.7666802e-05  2.6743160e-05
 5.8824546e-02  5.8665119e-05  2.7054108e-05
 5.4105489e-02  7.1027164e-05  3.0609596e-05
 5.4113833e-02  7.1412769e-05  3.0746380e-05
 5.4189001e-02  6.9080963e-05  3.2150750e-05
 5.4197765e-02  6.8967089e-05  3.2085984e-05
 5.4738656e-02  6.9653397e-05  2.9866426e-05
 5.4746741e-02  6.9300922e-05  2.9616323e-05
 5.5705915e-02  7.7013202e-05  3.3741339e-05
 5.5722874e-02  7.7076022e-05  3.3825989e-05
 5.7025180e-02  7.6580586e-05  3.1988174e-05
 5.7058066e-02  7.6595255e-05  3.1793683e-05
 5.8028908e-02  8.5540252e-05  2.8495088e-05
 5.8085277e-02  8.5601399e-05  2.8537946e-05
 5.9127826e-02  6.3932810e-05  2.8347596e-05
 5.9175744e-02  6.3608094e-05  2.8511640e-05
 5.8623222e-02  4.6140124e-05  2.1167750e-05
 5.8675100e-02  4.8177243e-05  2.1902632e-05
 5.6521173e-02  1.0256097e-04  3.2711245e-05
 5.6557531e-02  1.0607867e-04  3.4328868e-05
 5.8625114e-02  4.6192833e-05  2.1185928e-05
 5.8676641e-02  4.8253169e-05  2.2022344e-05
 5.5318999e-02  9.2516313e-05  3.4027386e-05
 5.5338069e-02  9.4786089e-05  3.4919184e-05
 5.8511849e-02  4.7275308e-05  2.0771406e-05
 5.8556528e-02  4.6683649e-05  2.0380231e-05
 5.5885309e-02  7.3608074e-05  2.1618469e-05
 5.5900336e-02  7.3061475e-05  2.1424581e-05
 5.6972793e-02  7.4307314e-05  2.9169864e-05
 5.6995523e-02  7.4693280e-05  2.9109880e-05
 5.5382149e-02  9.5497607e-05  4.0685815e-05
 5.5397495e-02  9.6218360e-05  4.1083534e-05
 5.7561925e-02  6.2770966e-05  2.8865122e-05
 5.7584340e-02  6.3563725e-05  2.9742327e-05
 5.5319293e-02  9.2595212e-05  4.8443425e-05
 5.5338365e-02  9.4742826e-05  4.9716717e-05
 5.8509947e-02  4.7240265e-05  2.5972348e-05
 5.8555037e-02  4.6696643e-05  2.6193593e-05
 5.5705910e-02  7.7005805e-05  4.8084699e-05
 5.5722876e-02  7.7025007e-05  4.8065958e-05
 5.6510526e-02  8.6850946e-05  4.2071456e-05
 5.6525165e-02  8.8567602e-05  4.3272647e-05
 5.8682840e-02  5.5108829e-05  2.5032688e-05
 5.8704329e-02  5.6584361e-05  2.6056316e-05
 5.7672041e-02  7.8608750e-05  3.5416757e-05
 5.7698526e-02  8.0680833e-05  3.6894146e-05
 5.7673712e-02  7.8658223e-05  3.6147367e-05
 5.7699926e-02  8.0788066e-05  3.7772615e-05
 5.9125983e-02  6.4002139e-05  2.8346118e-05
 5.9174199e-02  6.3666521e-05  2.8519250e-05
 5.8028597e-02  8.5549971e-05  2.8476097e-05
 5.8084970e-02  8.5590111e-05  2.8504015e-05
 5.7026829e-02  7.6539070e-05  3.2105014e-05
 5.7059407e-02  7.6592117e-05  3.1973064e-05
 5.6785552e-02  9.1348012e-05  3.3176869e-05
 5.6817156e-02  8.8656264e-05  3.2287706e-05
 5.6787810e-02  9.1183631e-05  3.4091280e-05
 5.6819005e-02  8.8476854e-05  3.3011727e-05
 5.7560630e-02  6.2824382e-05  1.9739991e-05
 5.7583308e-02  6.3457641e-05  1.9929869e-05
 5.5383354e-02  9.5504730e-05  3.2290967e-05
 5.5398374e-02  9.6323993e-05  3.2627491e-05
 5.6971229e-02  7.4369622e-05  3.4129157e-05
 5.6994400e-02  7.4577199e-05  3.4592553e-05
 5.5886262e-02  7.3525919e-05  3.4133295e-05
 5.5901103e-02  7.3093976e-05  3.3885662e-05
 5.6786170e-02  9.1358298e-05  4.5341387e-05
 5.6817752e-02  8.8502973e-05  4.3882439e-05
 5.6786176e-02  9.1260569e-05  4.5795558e-05
 5.6817756e-02  8.8644838e-05  4.4355110e-05
 5.7025173e-02  7.6563989e-05  4.3004351e-05
 5.7058068e-02  7.6513256e-05  4.3242891e-05
 5.8028911e-02  8.5528012e-05  3.6934515e-05
 5.8085285e-02  8.5600450e-05  3.6903287e-05
 5.9127830e-02  6.3939517e-05  3.7492563e-05
 5.9175751e-02  6.3683751e-05  3.8347866e-05
 5.7672035e-02  7.8617027e-05  4.8558635e-05
 5.7698529e-02  8.0622578e-05  5.1078805e-05
 5.7673713e-02  7.8649992e-05  4.8867695e-05
 5.7699929e-02  8.0841338e-05  5.1811442e-05
 5.8681082e-02  5.5109045e-05  2.3922262e-05
 5.8702902e-02  5.6411416e-05  2.4766370e-05
 5.6512028e-02  8.6903560e-05  4.0417131e-05
 5.6526446e-02  8.8784365e-05  4.1816121e-05
 5.5707290e-02  7.6954783e-05  3.4011445e-05
 5.5724044e-02  7.7077435e-05  3.4168974e-05
 5.8509013e-02  4.7333266e-05  1.9719608e-05
 5.8554158e-02  4.6692329e-05  1.9849875e-05
 5.5320600e-02  9.2693134e-05  3.3066741e-05
 5.5339396e-02  9.4882853e-05  3.4021661e-05
 5.4106317e-02  7.1030007e-05  3.6118615e-05
 5.4114490e-02  7.1460173e-05  3.6280099e-05
 5.8791916e-02  5.7676733e-05  3.0028764e-05
 5.8823166e-02  5.8555833e-05  3.0459403e-05
 5.4495029e-02  6.3498479e-05  3.1399914e-05
 5.4503131e-02  6.4296149e-05  3.1830256e-05
 5.8509939e-02  4.7336779e-05  2.5741036e-05
 5.8555032e-02  4.6607740e-05  2.5644511e-05
 5.5319297e-02  9.2537453e-05  4.8744634e-05
 5.5338369e-02  9.4839557e-05  5.0088087e-05
 5.8623214e-02  4.6141934e-05  2.6180866e-05
 5.8675099e-02  4.8116887e-05  2.7581115e-05
 5.6521174e-02  1.0256962e-04  4.3473460e-05
 5.6557539e-02  1.0609363e-04  4.5842680e-05
 5.8625119e-02  4.6190630e-05  2.6106883e-05
 5.8676646e-02  4.8309239e-05  2.7533984e-05
 5.9125974e-02  6.3995384e-05  3.7610363e-05
 5.9174200e-02  6.3584537e-05  3.8554061e-05
 5.8028595e-02  8.5574778e-05  3.6870085e-05
 5.8084978e-02  8.5613213e-05  3.6848145e-05
 5.7026832e-02  7.6554936e-05  4.3140949e-05
 5.7059408e-02  7.6665632e-05  4.3388724e-05
 5.5707292e-02  7.6962408e-05  4.7868150e-05
 5.5724044e-02  7.7122325e-05  4.7942560e-05
 5.4739786e-02  6.9567989e-05  3.0064378e-05
 5.4747763e-02  6.9282257e-05  2.9914475e-05
 5.4189974e-02  6.9040326e-05  3.5078676e-05
 5.4198606e-02  6.8972418e-05  3.4752391e-05
 5.3224588e-02  4.4439808e-05  1.5048585e-05
 5.3227493e-02  4.4620326e-05  1.5053639e-05
 5.3471776e-02  4.4355318e-05  1.7702201e-05
 5.3474670e-02  4.4290525e-05  1.7702124e-05
 5.4189003e-02  6.9051799e-05  3.2451456e-05
 5.4197768e-02  6.9003220e-05  3.2473409e-05
 5.5318998e-02  9.2547771e-05  4.7122074e-05
 5.5338077e-02  9.4820727e-05  4.8462836e-05
 5.8511853e-02  4.7285341e-05  2.5539637e-05
 5.8556528e-02  4.6733703e-05  2.5484011e-05
 5.6785548e-02  9.1398966e-05  4.4470058e-05
 5.6817165e-02  8.8700046e-05  4.3089045e-05
 5.6787813e-02  9.1228928e-05  4.4771879e-05
 5.6819003e-02  8.8570674e-05  4.3447980e-05
 5.8509007e-02  4.7365998e-05  2.5486552e-05
 5.8554167e-02  4.6719035e-05  2.5582542e-05
 5.5320602e-02  9.2728041e-05  4.6911778e-05
 5.5339393e-02  9.4957158e-05  4.8294247e-05
 5.4189975e-02  6.9050705e-05  3.0537169e-05
 5.4198604e-02  6.9000558e-05  3.0513224e-05
 5.3472207e-02  4.4349703e-05  1.5604742e-05
 5.3475085e-02  4.4284014e-05  1.5605952e-05
 5.3552182e-02  3.7065726e-05  2.0070852e-05
 5.3552184e-02  3.7081167e-05  2.0088874e-05
 5.3472210e-02  4.4373886e-05  1.6978893e-05
 5.3475085e-02  4.4276233e-05  1.6914279e-05
 5.3882048e-02  3.9021641e-05  1.7405405e-05
 5.3882076e-02  3.9030387e-05  1.7321142e-05
 5.4738657e-02  6.9646651e-05  3.2548256e-05
 5.4746747e-02  6.9329500e-05  3.2267165e-05
 5.5980535e-02  6.4653131e-05  2.7732892e-05
 5.6000514e-02  6.3404984e-05  2.7030149e-05
 5.8073817e-02  8.5029137e-05  3.0872735e-05
 5.8125053e-02  8.5392617e-05  3.0974926e-05
 5.7530117e-02  5.8107988e-05  2.3376726e-05
 5.7564338e-02  5.9344939e-05  2.4886068e-05
 5.6442188e-02  8.8519696e-05  2.8345898e-05
 5.6477433e-02  9.3953226e-05  3.1089657e-05
 5.5093601e-02  5.5494855e-05  1.9262711e-05
 5.5114075e-02  5.7741224e-05  2.0242249e-05
 5.4106802e-02  7.1056416e-05  2.9475884e-05
 5.4115016e-02  7.1501296e-05  2.9645590e-05
 5.3472206e-02  4.4365617e-05  1.2588306e-05
 5.3475085e-02  4.4275272e-05  1.2569172e-05
 5.3224589e-02  4.4458231e-05  1.3906934e-05
 5.3227491e-02  4.4618682e-05  1.3983904e-05
 5.3471779e-02  4.4384644e-05  1.5902033e-05
 5.3474667e-02  4.4290825e-05  1.5872298e-05
 5.4189006e-02  6.9094376e-05  3.2259524e-05
 5.4197766e-02  6.9002545e-05  3.1965650e-05
 5.5319000e-02  9.2609247e-05  2.7150096e-05
 5.5338076e-02  9.4802712e-05  2.8017531e-05
 5.8511851e-02  4.7251658e-05  1.6504551e-05
 5.8556528e-02  4.6755108e-05  1.6464894e-05
 5.6785551e-02  9.1474736e-05  2.8248076e-05
 5.6817165e-02  8.8662547e-05  2.7348945e-05
 5.6787810e-02  9.1190045e-05  2.7917163e-05
 5.6819002e-02  8.8589248e-05  2.7147971e-05
 5.8509009e-02  4.7417197e-05  1.7349755e-05
 5.8554168e-02  4.6692903e-05  1.6809760e-05
 5.5320599e-02  9.2703892e-05  2.7809673e-05
 5.5339392e-02  9.4956540e-05  2.8640683e-05
 5.4189973e-02  6.9044314e-05  2.7863736e-05
 5.4198604e-02  6.8992112e-05  2.7699302e-05
 5.3882048e-02  3.9019178e-05  1.9095103e-05
 5.3882067e-02  3.9017716e-05  1.9106841e-05
 5.3471775e-02  4.4389008e-05  1.2091037e-05
 5.3474667e-02  4.4287058e-05  1.2068127e-05
 5.3551341e-02  3.7122167e-05  1.1347605e-05
 5.3551387e-02  3.7120187e-05  1.1371420e-05
 5.4105492e-02  7.1047013e-05  3.4303334e-05
 5.4113834e-02  7.1472335e-05  3.4436842e-05
 5.5091705e-02  5.5381865e-05  1.5961236e-05
 5.5112480e-02  5.7570154e-05  1.6831674e-05
 5.6439653e-02  8.8254574e-05  2.1042917e-05
 5.6475368e-02  9.3631844e-05  2.3323337e-05
 5.7531896e-02  5.8061266e-05  1.6432300e-05
 5.7565874e-02  5.9458227e-05  1.7057955e-05
 5.8070691e-02  8.5091207e-05  2.3737642e-05
 5.8122484e-02  8.5308915e-05  2.3802280e-05
 5.5981678e-02  6.4527516e-05  1.6567561e-05
 5.6001503e-02  6.3363826e-05  1.6231343e-05
 5.4739186e-02  6.9582853e-05  1.9850406e-05
 5.4747207e-02  6.9308347e-05  1.9776536e-05
 5.4738657e-02  6.9615278e-05  1.9105445e-05
 5.4746735e-02  6.9283289e-05  1.8980228e-05
 5.4189002e-02  6.9073631e-05  2.7831676e-05
 5.4197761e-02  6.8961404e-05  2.7670372e-05
 5.4105488e-02  7.1035977e-05  2.7495021e-05
 5.4113834e-02  7.1436045e-05  2.7672489e-05
 5.4494439e-02  6.3503766e-05  2.6153055e-05
 5.4502630e-02  6.4247240e-05  2.6374510e-05
 5.8793753e-02  5.7757871e-05  3.2962817e-05
 5.8824540e-02  5.8679860e-05  3.3472193e-05
 5.5319001e-02  9.2595276e-05  2.8229524e-05
 5.5338072e-02  9.4809376e-05  2.9061261e-05
 5.8511849e-02  4.7350942e-05  1.9498016e-05
 5.8556523e-02  4.6708033e-05  1.9545623e-05
 5.6521176e-02  1.0266907e-04  2.5996434e-05
 5.6557535e-02  1.0606574e-04  2.7632740e-05
 5.8623218e-02  4.6050464e-05  1.4633040e-05
 5.8675095e-02  4.8219065e-05  1.5429380e-05
 5.8625113e-02  4.6257620e-05  1.5148035e-05
 5.8676637e-02  4.8253876e-05  1.5817258e-05
 5.8028910e-02  8.5659345e-05  2.4269494e-05
 5.8085283e-02  8.5549932e-05  2.4454156e-05
 5.7025176e-02  7.6480232e-05  2.1711209e-05
 5.7058062e-02  7.6630741e-05  2.1814163e-05
 5.9127823e-02  6.3971905e-05  1.7452390e-05
 5.9175740e-02  6.3547666e-05  1.7885092e-05
 5.5705913e-02  7.6936681e-05  2.2232709e-05
 5.5722870e-02  7.7083094e-05  2.2203019e-05
 5.5980536e-02  6.4613574e-05  1.5320470e-05
 5.6000499e-02  6.3350341e-05  1.4939948e-05
 5.8073814e-02  8.4985510e-05  2.3636973e-05
 5.8125055e-02  8.5297568e-05  2.3766689e-05
 5.5318998e-02  9.2561506e-05  2.8017433e-05
 5.5338069e-02  9.4716604e-05  2.8724538e-05
 5.8511852e-02  4.7237293e-05  1.7698757e-05
 5.8556532e-02  4.6720118e-05  1.7359383e-05
 5.5091700e-02  5.5359934e-05  1.9441705e-05
 5.5112478e-02  5.7520227e-05  2.0228284e-05
 5.5318996e-02  9.2584173e-05  4.0757843e-05
 5.5338073e-02  9.4752848e-05  4.2071845e-05
 5.8511856e-02  4.7346582e-05  2.5009934e-05
 5.8556526e-02  4.6724280e-05  2.5161735e-05
 5.5980535e-02  6.4655524e-05  2.5117007e-05
 5.6000506e-02  6.3376233e-05  2.4373537e-05
 5.8073818e-02  8.5100569e-05  3.1789586e-05
 5.8125047e-02  8.5276789e-05  3.1723748e-05
 5.7024589e-02  7.6605704e-05  2.8458923e-05
 5.7057515e-02  7.6611464e-05  2.8418118e-05
 5.9128287e-02  6.3894967e-05  2.6566420e-05
 5.9176268e-02  6.3641089e-05  2.6951926e-05
 5.8032116e-02  8.5652191e-05  2.7360797e-05
 5.8087959e-02  8.5475917e-05  2.7373700e-05
 5.8388322e-02  6.0534427e-05  1.9496629e-05
 5.8442641e-02  5.5820980e-05  1.7780042e-05
 5.8388320e-02  6.0441118e-05  1.7338878e-05
 5.8442635e-02  5.5835516e-05  1.5950045e-05
 5.8391493e-02  6.0220414e-05  1.9533883e-05
 5.8445386e-02  5.5630486e-05  1.7867247e-05
 5.8391492e-02  6.0295349e-05  1.7255285e-05
 5.8445380e-02  5.5590519e-05  1.5766709e-05
 5.7024587e-02  7.6518543e-05  2.1689249e-05
 5.7057509e-02  7.6606913e-05  2.1730648e-05
 5.8032114e-02  8.5554640e-05  2.4116720e-05
 5.8087966e-02  8.5519744e-05  2.4358855e-05
 5.9128284e-02  6.3955532e-05  1.7552862e-05
 5.9176264e-02  6.3549548e-05  1.8030423e-05
 5.7530120e-02  5.8067789e-05  1.5307222e-05
 5.7564324e-02  5.9285101e-05  1.5947173e-05
 5.6442188e-02  8.8487438e-05  2.1160689e-05
 5.6477436e-02  9.3874626e-05  2.3467478e-05
 5.6785549e-02  9.1414853e-05  2.8098335e-05
 5.6817156e-02  8.8564750e-05  2.7198186e-05
 5.6787813e-02  9.1155081e-05  2.8669326e-05
 5.6819008e-02  8.8524984e-05  2.7774924e-05
 5.6439648e-02  8.8207824e-05  2.7285346e-05
 5.6475363e-02  9.3525559e-05  2.9945769e-05
 5.7531902e-02  5.8039036e-05  2.5315128e-05
 5.7565882e-02  5.9427615e-05  2.6812387e-05
 5.6521169e-02  1.0263848e-04  3.9150724e-05
 5.6557534e-02  1.0596075e-04  4.1434996e-05
 5.8623223e-02  4.6040227e-05  2.5691772e-05
 5.8675107e-02  4.8211862e-05  2.7422316e-05
 5.8625123e-02  4.6257132e-05  2.6423730e-05
 5.8676644e-02  4.8277873e-05  2.8243817e-05
 5.7024583e-02  7.6604303e-05  3.8155918e-05
 5.7057517e-02  7.6559207e-05  3.8340551e-05
 5.9128289e-02  6.3893630e-05  3.4424925e-05
 5.9176275e-02  6.3682116e-05  3.5388612e-05
 5.8032121e-02  8.5664756e-05  3.5613507e-05
 5.8087962e-02  8.5492772e-05  3.5591449e-05
 5.7911955e-02  8.0969192e-05  3.7963843e-05
 5.7945708e-02  8.0215479e-05  3.8586549e-05
 5.7914839e-02  8.0764696e-05  3.7365224e-05
 5.7948317e-02  8.0213584e-05  3.8090927e-05
 5.7829634e-02  9.1149966e-05  2.9226158e-05
 5.7888083e-02  9.1603821e-05  2.9917245e-05
 5.9125153e-02  6.4014438e-05  2.5491888e-05
 5.9173472e-02  6.3663386e-05  2.5815587e-05
 5.7027320e-02  7.6500127e-05  2.8542255e-05
 5.7059945e-02  7.6613249e-05  2.8593486e-05
 5.8032344e-02  8.5629503e-05  2.7476015e-05
 5.8088264e-02  8.5439803e-05  2.7491528e-05
 5.8622029e-02  4.6078511e-05  1.4628185e-05
 5.8673991e-02  4.8141685e-05  1.5346294e-05
 5.6523832e-02  1.0281140e-04  2.5626102e-05
 5.6559785e-02  1.0618400e-04  2.7262992e-05
 5.8625782e-02  4.6235878e-05  1.5079057e-05
 5.8677426e-02  4.8252428e-05  1.5791840e-05
 5.5093602e-02  5.5481230e-05  1.5738163e-05
 5.5114078e-02  5.7706603e-05  1.6583787e-05
 5.8509008e-02  4.7391157e-05  1.5940787e-05
 5.8554158e-02  4.6641340e-05  1.5865033e-05
 5.5320603e-02  9.2683111e-05  2.7568300e-05
 5.5339398e-02  9.4907551e-05  2.8413364e-05
 5.8070686e-02  8.5034408e-05  2.9866311e-05
 5.8122478e-02  8.5189845e-05  2.9885979e-05
 5.5981684e-02  6.4511538e-05  2.8755610e-05
 5.6001512e-02  6.3340128e-05  2.8106218e-05
 5.8028903e-02  8.5621426e-05  3.4023573e-05
 5.8085280e-02  8.5432436e-05  3.4227148e-05
 5.7025180e-02  7.6478490e-05  4.0771944e-05
 5.7058075e-02  7.6632768e-05  4.1188970e-05
 5.9127835e-02  6.3998895e-05  3.7812890e-05
 5.9175749e-02  6.3586805e-05  3.8361846e-05
 5.8388314e-02  6.0530471e-05  2.8535104e-05
 5.8442642e-02  5.5761043e-05  2.5903234e-05
 5.8388321e-02  6.0449606e-05  2.9447762e-05
 5.8442650e-02  5.5848242e-05  2.6981157e-05
 5.8391497e-02  6.0224560e-05  2.8465305e-05
 5.8445393e-02  5.5679159e-05  2.5869887e-05
 5.8391500e-02  6.0310065e-05  2.9862430e-05
 5.8445386e-02  5.5599984e-05  2.7216351e-05
 5.9125146e-02  6.4017182e-05  3.3865869e-05
 5.9173475e-02  6.3614906e-05  3.4650538e-05
 5.7027321e-02  7.6502427e-05  3.8026999e-05
 5.7059947e-02  7.6655043e-05  3.8446145e-05
 5.8032348e-02  8.5639896e-05  3.5445155e-05
 5.8088266e-02  8.5442483e-05  3.5444656e-05
 5.5982882e-02  6.4471960e-05  2.5475192e-05
 5.6002665e-02  6.3295673e-05  2.4907399e-05
 5.8074225e-02  8.5064945e-05  3.1757269e-05
 5.8125599e-02  8.5197649e-05  3.1654701e-05
 5.5321102e-02  9.2731406e-05  2.8130818e-05
 5.5339946e-02  9.4951697e-05  2.8978131e-05
 5.8512612e-02  4.7316914e-05  1.9176388e-05
 5.8557456e-02  4.6656787e-05  1.9305496e-05
 5.4106804e-02  7.1050701e-05  3.2785821e-05
 5.4115018e-02  7.1477770e-05  3.2932157e-05
 5.4189977e-02  6.9040907e-05  3.1462543e-05
 5.4198607e-02  6.8973070e-05  3.1195185e-05
 5.4739191e-02  6.9583698e-05  3.2049349e-05
 5.4747215e-02  6.9301580e-05  3.1923742e-05
 5.5705915e-02  7.6951768e-05  4.6366602e-05
 5.5722883e-02  7.7103975e-05  4.6693144e-05
 5.7024586e-02  7.6545664e-05  3.9877760e-05
 5.7057524e-02  7.6643360e-05  4.0260154e-05
 5.8032119e-02  8.5586601e-05  3.3780081e-05
 5.8087969e-02  8.5617104e-05  3.4118824e-05
 5.9128294e-02  6.3979895e-05  3.7301614e-05
 5.9176269e-02  6.3553975e-05  3.7799124e-05
 5.8622026e-02  4.6101840e-05  2.4292235e-05
 5.8674007e-02  4.8172956e-05  2.5909605e-05
 5.6523834e-02  1.0283492e-04  3.8474730e-05
 5.6559785e-02  1.0626598e-04  4.0614776e-05
 5.8625789e-02  4.6252799e-05  2.4951454e-05
 5.8677427e-02  4.8247529e-05  2.6686455e-05
 5.5321103e-02  9.2738946e-05  3.9404592e-05
 5.5339945e-02  9.4992989e-05  4.0829934e-05
 5.8512615e-02  4.7327312e-05  2.4043658e-05
 5.8557455e-02  4.6651113e-05  2.4163926e-05
 5.4496082e-02  6.3584270e-05  2.6643700e-05
 5.4504166e-02  6.4379707e-05  2.6972161e-05
 5.8794696e-02  5.7778186e-05  3.2398827e-05
 5.8825704e-02  5.8637126e-05  3.3119297e-05
 5.4722008e-02  7.1740608e-05  4.1101799e-05
 5.4722012e-02  7.1781135e-05  4.1127735e-05
 5.8003800e-02  7.2992679e-05  5.9044508e-05
 5.8003807e-02  7.3131208e-05  5.9147032e-05
 5.4496086e-02  6.3617679e-05  2.7105257e-05
 5.4504164e-02  6.4345127e-05  2.7414733e-05
 5.8794694e-02  5.7689431e-05  3.1169778e-05
 5.8825714e-02  5.8732409e-05  3.1786293e-05
 5.4739792e-02  6.9595115e-05  2.9091663e-05
 5.4747763e-02  6.9243909e-05  2.8811973e-05
 5.5433263e-02  8.7741828e-05  4.4696283e-05
 5.5433345e-02  8.7773155e-05  4.4683624e-05
 5.6510528e-02  8.6809373e-05  3.9715998e-05
 5.6525176e-02  8.8628546e-05  4.0601551e-05
 5.8682850e-02  5.5186899e-05  2.4348467e-05
 5.8704328e-02  5.6519765e-05  2.5617466e-05
 5.7911955e-02  8.0935062e-05  3.9239916e-05
 5.7945719e-02  8.0267800e-05  3.9291165e-05
 5.7829635e-02  9.1073181e-05  2.7544922e-05
 5.7888093e-02  9.1738420e-05  2.8350780e-05
 5.7914846e-02  8.0862488e-05  3.9710002e-05
 5.7948314e-02  8.0099365e-05  3.9990933e-05
 5.6442554e-02  8.8535074e-05  2.7860273e-05
 5.6477876e-02  9.3975241e-05  3.0272646e-05
 5.7533450e-02  5.8178827e-05  2.4782655e-05
 5.7567410e-02  5.9413133e-05  2.6707237e-05
 5.5384298e-02  9.5546053e-05  3.7212116e-05
 5.5399435e-02  9.6388897e-05  3.7784448e-05
 5.7563677e-02  6.2946060e-05  3.0019994e-05
 5.7586116e-02  6.3567193e-05  3.1192979e-05
 5.4496081e-02  6.3610091e-05  1.9843779e-05
 5.4504164e-02  6.4352269e-05  2.0099519e-05
 5.8794692e-02  5.7708194e-05  2.4487504e-05
 5.8825711e-02  5.8704061e-05  2.5086777e-05
 5.4106805e-02  7.1086484e-05  2.2054174e-05
 5.4115015e-02  7.1459392e-05  2.2202061e-05
 5.4189979e-02  6.9081876e-05  2.2315671e-05
 5.4198605e-02  6.8966534e-05  2.2352545e-05
 5.4739194e-02  6.9635310e-05  3.0876222e-05
 5.4747212e-02  6.9284129e-05  3.0745459e-05
 5.5705917e-02  7.7015519e-05  2.7893570e-05
 5.5722882e-02  7.7078809e-05  2.8046063e-05
 5.7024588e-02  7.6609989e-05  2.5430302e-05
 5.7057524e-02  7.6614486e-05  2.5486884e-05
 5.8032118e-02  8.5569836e-05  2.4934218e-05
 5.8087967e-02  8.5618210e-05  2.5113238e-05
 5.9128294e-02  6.3927524e-05  2.5090088e-05
 5.9176270e-02  6.3599402e-05  2.5155622e-05
 5.8622027e-02  4.6149909e-05  1.6415773e-05
 5.8674008e-02  4.8152973e-05  1.7332472e-05
 5.6523832e-02  1.0282782e-04  2.7828941e-05
 5.6559784e-02  1.0625318e-04  2.9191700e-05
 5.8625787e-02  4.6204789e-05  1.6952606e-05
 5.8677431e-02  4.8271413e-05  1.7889420e-05
 5.5321101e-02  9.2747334e-05  2.8004964e-05
 5.5339944e-02  9.4970240e-05  2.8784408e-05
 5.8512612e-02  4.7279676e-05  1.7345204e-05
 5.8557461e-02  4.6681650e-05  1.6779057e-05
 5.4739782e-02  6.9581493e-05  1.8812208e-05
 5.4747763e-02  6.9246475e-05  1.8746592e-05
 5.4189974e-02  6.9073865e-05  2.3766620e-05
 5.4198604e-02  6.8959620e-05  2.3597684e-05
 5.4106319e-02  7.1075030e-05  2.1779708e-05
 5.4114487e-02  7.1465067e-05  2.1930242e-05
 5.4495032e-02  6.3554737e-05  2.6328108e-05
 5.4503128e-02  6.4301668e-05  2.6673923e-05
 5.8791914e-02  5.7697241e-05  3.1295550e-05
 5.8823168e-02  5.8637596e-05  3.1886758e-05
 5.5319299e-02  9.2625820e-05  2.8073725e-05
 5.5338368e-02  9.4841157e-05  2.8823516e-05
 5.8509937e-02  4.7364236e-05  1.7280995e-05
 5.8555032e-02  4.6663398e-05  1.7331621e-05
 5.6521176e-02  1.0267137e-04  2.4488836e-05
 5.6557540e-02  1.0606885e-04  2.6000869e-05
 5.8625116e-02  4.6148874e-05  1.2236618e-05
 5.8676643e-02  4.8330502e-05  1.3002848e-05
 5.8623213e-02  4.6159309e-05  1.3336353e-05
 5.8675096e-02  4.8142876e-05  1.4047965e-05
 5.8028597e-02  8.5677929e-05  2.2415808e-05
 5.8084981e-02  8.5563929e-05  2.2509316e-05
 5.7026828e-02  7.6518566e-05  1.8578636e-05
 5.7059406e-02  7.6671680e-05  1.8665955e-05
 5.9125975e-02  6.3982174e-05  1.6204764e-05
 5.9174195e-02  6.3569673e-05  1.6677215e-05
 5.5707287e-02  7.6949592e-05  1.9319637e-05
 5.5724042e-02  7.7103525e-05  1.9314014e-05
 5.5433261e-02  8.7731676e-05  2.5146379e-05
 5.5433331e-02  8.7729653e-05  2.5135416e-05
 5.4739186e-02  6.9612288e-05  1.8238394e-05
 5.4747208e-02  6.9245867e-05  1.8147991e-05
 5.4495027e-02  6.3548949e-05  1.9297162e-05
 5.4503127e-02  6.4275660e-05  1.9541952e-05
 5.8791920e-02  5.7673508e-05  2.5540495e-05
 5.8823171e-02  5.8689058e-05  2.6138206e-05
 5.4720444e-02  7.1801161e-05  2.6298727e-05
 5.4720570e-02  7.1804531e-05  2.6319219e-05
 5.8001585e-02  7.3105493e-05  3.6660976e-05
 5.8001825e-02  7.3129834e-05  3.6882186e-05
 5.5382152e-02  9.5525664e-05  2.7878753e-05
 5.5397498e-02  9.6345585e-05  2.8145550e-05
 5.7561920e-02  6.2891551e-05  2.3634919e-05
 5.7584336e-02  6.3508478e-05  2.3587663e-05
 5.6439654e-02  8.8235884e-05  2.0678741e-05
 5.6475368e-02  9.3646570e-05  2.2835449e-05
 5.7531893e-02  5.8146838e-05  1.6679375e-05
 5.7565873e-02  5.9342436e-05  1.7261163e-05
 5.7825920e-02  9.1113769e-05  2.0375295e-05
 5.7884915e-02  9.1695750e-05  2.1090385e-05
 5.7913569e-02  8.0791502e-05  2.1534298e-05
 5.7947085e-02  8.0272985e-05  2.1809217e-05
 5.7913566e-02  8.0912927e-05  2.3054657e-05
 5.7947083e-02  8.0113652e-05  2.3201422e-05
 5.6511303e-02  8.6804483e-05  2.3644563e-05
 5.6525798e-02  8.8719113e-05  2.4287072e-05
 5.8682044e-02  5.5165539e-05  1.0047295e-05
 5.8703626e-02  5.6435785e-05  1.0215562e-05
 5.6510527e-02  8.6783242e-05  2.4161497e-05
 5.6525158e-02  8.8561283e-05  2.4711487e-05
 5.8682835e-02  5.5155116e-05  1.0084248e-05
 5.8704327e-02  5.6528648e-05  1.0294405e-05
 5.5705911e-02  7.6986758e-05  1.9250251e-05
 5.5722870e-02  7.7011048e-05  1.9191590e-05
 5.5319293e-02  9.2598427e-05  2.7716026e-05
 5.5338363e-02  9.4761188e-05  2.8431789e-05
 5.8509947e-02  4.7346420e-05  1.7840908e-05
 5.8555040e-02  4.6711121e-05  1.7364684e-05
 5.5382147e-02  9.5519304e-05  3.4219549e-05
 5.5397497e-02  9.6280498e-05  3.4770365e-05
 5.7561927e-02  6.2876066e-05  2.7469858e-05
 5.7584338e-02  6.3553379e-05  2.8631679e-05
 5.5885307e-02  7.3642973e-05  2.7065398e-05
 5.5900341e-02  7.3111706e-05  2.6624079e-05
 5.6972796e-02  7.4405802e-05  3.4667880e-05
 5.6995518e-02  7.4704494e-05  3.5382227e-05
 5.6785553e-02  9.1447405e-05  2.8039051e-05
 5.6817161e-02  8.8694112e-05  2.7165959e-05
 5.6787810e-02  9.1269294e-05  3.0400748e-05
 5.6819000e-02  8.8477691e-05  2.9605184e-05
 5.8028598e-02  8.5663179e-05  2.2647223e-05
 5.8084976e-02  8.5586754e-05  2.2844366e-05
 5.9125980e-02  6.3912137e-05  1.6309562e-05
 5.9174194e-02  6.3713753e-05  1.6852161e-05
 5.7026827e-02  7.6601766e-05  2.0866132e-05
 5.7059402e-02  7.6558577e-05  2.0874681e-05
 5.7672039e-02  7.8516232e-05  1.8023188e-05
 5.7698521e-02  8.0710570e-05  1.8681457e-05
 5.7673708e-02  7.8717599e-05  1.8343392e-05
 5.7699922e-02  8.0714991e-05  1.8932130e-05
 5.7911956e-02  8.0900334e-05  2.1954659e-05
 5.7945700e-02  8.0192677e-05  2.2165419e-05
 5.7829631e-02  9.1054819e-05  2.0523369e-05
 5.7888091e-02  9.1658301e-05  2.1268140e-05
 5.7914835e-02  8.0833019e-05  2.3064277e-05
 5.7948314e-02  8.0121355e-05  2.3240536e-05
 5.7024585e-02  7.6575108e-05  1.8331972e-05
 5.7057509e-02  7.6531242e-05  1.8359949e-05
 5.8032117e-02  8.5544655e-05  2.2558327e-05
 5.8087969e-02  8.5537925e-05  2.2677140e-05
 5.9128286e-02  6.3910213e-05  1.5917022e-05
 5.9176271e-02  6.3632876e-05  1.6449381e-05
 5.6521170e-02  1.0262599e-04  2.6644147e-05
 5.6557531e-02  1.0595026e-04  2.7916760e-05
 5.8625121e-02  4.6148846e-05  1.7489223e-05
 5.8676648e-02  4.8300472e-05  1.8567203e-05
 5.8623223e-02  4.6147620e-05  1.8079812e-05
 5.8675109e-02  4.8198099e-05  1.9110639e-05
 5.6439647e-02  8.8215573e-05  2.6032786e-05
 5.6475364e-02  9.3554388e-05  2.8179959e-05
 5.7531903e-02  5.8147946e-05  2.3678422e-05
 5.7565880e-02  5.9394991e-05  2.5561039e-05
 5.6785547e-02  9.1447251e-05  3.6947242e-05
 5.6817161e-02  8.8631394e-05  3.5977603e-05
 5.6787816e-02  9.1282234e-05  4.1884259e-05
 5.6819002e-02  8.8508156e-05  4.0612431e-05
 5.7530118e-02  5.8110506e-05  2.0640821e-05
 5.7564330e-02  5.9324466e-05  2.2052432e-05
 5.6442190e-02  8.8571854e-05  2.7379414e-05
 5.6477430e-02  9.3846617e-05  3.0064884e-05
 5.8622030e-02  4.6149555e-05  1.7368382e-05
 5.8673998e-02  4.8163831e-05  1.8165301e-05
 5.8625783e-02  4.6157738e-05  1.7826106e-05
 5.8677432e-02  4.8313846e-05  1.8714597e-05
 5.6523832e-02  1.0289409e-04  2.8755539e-05
 5.6559779e-02  1.0612565e-04  3.0097371e-05
 5.9125152e-02  6.3940371e-05  1.6187218e-05
 5.9173465e-02  6.3676772e-05  1.6658838e-05
 5.8032342e-02  8.5530400e-05  2.2898540e-05
 5.8088272e-02  8.5526020e-05  2.3137720e-05
 5.7027318e-02  7.6575324e-05  2.0908083e-05
 5.7059940e-02  7.6540996e-05  2.0930620e-05
 5.6442554e-02  8.8525810e-05  2.0797128e-05
 5.6477876e-02  9.3916024e-05  2.2850696e-05
 5.7533444e-02  5.8159745e-05  1.7576943e-05
 5.7567412e-02  5.9433622e-05  1.8102352e-05
 5.8622025e-02  4.6133657e-05  1.2269102e-05
 5.8673992e-02  4.8096485e-05  1.2953160e-05
 5.6523835e-02  1.0281278e-04  2.4873388e-05
 5.6559787e-02  1.0618547e-04  2.6364333e-05
 5.8625783e-02  4.6180524e-05  1.2565957e-05
 5.8677434e-02  4.8297154e-05  1.3230480e-05
 5.8028592e-02  8.5628702e-05  2.3798071e-05
 5.8084969e-02  8.5443190e-05  2.4025709e-05
 5.7026835e-02  7.6514334e-05  2.5763885e-05
 5.7059411e-02  7.6631560e-05  2.5795462e-05
 5.9125984e-02  6.4006131e-05  2.5528474e-05
 5.9174210e-02  6.3657614e-05  2.5576774e-05
 5.7825912e-02  9.1079969e-05  2.5604248e-05
 5.7884908e-02  9.1580381e-05  2.6286744e-05
 5.7913577e-02  8.0794494e-05  3.6986548e-05
 5.7947094e-02  8.0254890e-05  3.7208588e-05
 5.7913578e-02  8.0933619e-05  3.7390270e-05
 5.7947093e-02  8.0187972e-05  3.7686187e-05
 5.8028590e-02  8.5647976e-05  3.1704751e-05
 5.8084973e-02  8.5482316e-05  3.2172691e-05
 5.9125983e-02  6.3915335e-05  3.5508123e-05
 5.9174210e-02  6.3719831e-05  3.6080366e-05
 5.7026837e-02  7.6619878e-05  4.0716339e-05
 5.7059408e-02  7.6588574e-05  4.0957231e-05
 5.8622023e-02  4.6160963e-05  2.1627451e-05
 5.8673999e-02  4.8133048e-05  2.3030898e-05
 5.8625785e-02  4.6147432e-05  2.1705498e-05
 5.8677437e-02  4.8336319e-05  2.3317684e-05
 5.6523838e-02  1.0290892e-04  3.8835113e-05
 5.6559781e-02  1.0613839e-04  4.0964495e-05
 5.7533445e-02  5.8095094e-05  2.1261102e-05
 5.7567416e-02  5.9507175e-05  2.2764424e-05
 5.6442556e-02  8.8602234e-05  2.7430716e-05
 5.6477869e-02  9.3859183e-05  2.9977549e-05
 5.6788622e-02  9.1111761e-05  2.8302069e-05
 5.6819933e-02  8.8473896e-05  2.7531117e-05
 5.6788623e-02  9.1204797e-05  3.0103043e-05
 5.6819928e-02  8.8389205e-05  2.9370847e-05
 5.5384299e-02  9.5543597e-05  2.6397946e-05
 5.5399435e-02  9.6348946e-05  2.6706291e-05
 5.7563674e-02  6.2927111e-05  2.5939586e-05
 5.7586120e-02  6.3588356e-05  2.5740423e-05
 5.5321105e-02  9.2743871e-05  2.6854436e-05
 5.5339946e-02  9.4929623e-05  2.7665723e-05
 5.8512612e-02  4.7258556e-05  1.6142086e-05
 5.8557465e-02  4.6705559e-05  1.6093641e-05
 5.5707296e-02  7.6956538e-05  2.6770773e-05
 5.5724046e-02  7.7079634e-05  2.6946775e-05
 5.6511311e-02  8.6826482e-05  4.3072782e-05
 5.6525808e-02  8.8719590e-05  4.4271587e-05
 5.8682055e-02  5.5166406e-05  3.6258864e-05
 5.8703638e-02  5.6474081e-05  3.7589338e-05
 5.7672041e-02  7.8532625e-05  4.6630782e-05
 5.7698538e-02  8.0738046e-05  4.8944319e-05
 5.7673721e-02  7.8743744e-05  4.7276689e-05
 5.7699927e-02  8.0735582e-05  5.0140009e-05
 5.9125150e-02  6.3964348e-05  3.4802779e-05
 5.9173486e-02  6.3719451e-05  3.5389762e-05
 5.8032347e-02  8.5543223e-05  3.1600859e-05
 5.8088277e-02  8.5605048e-05  3.2187512e-05
 5.7027327e-02  7.6592729e-05  3.9958647e-05
 5.7059942e-02  7.6541781e-05  4.0302577e-05
 5.6788624e-02  9.1111664e-05  3.5877629e-05
 5.6819935e-02  8.8516564e-05  3.5158050e-05
 5.6788628e-02  9.1211389e-05  4.0121136e-05
 5.6819927e-02  8.8379975e-05  3.9014607e-05
 5.5887831e-02  7.3498295e-05  2.9567451e-05
 5.5902674e-02  7.3056766e-05  2.9387574e-05
 5.6973934e-02  7.4379809e-05  3.3688384e-05
 5.6996844e-02  7.4608298e-05  3.4481204e-05
 5.6234128e-02  4.8819879e-05  2.8228199e-05
 5.6234133e-02  4.8879606e-05  2.8055238e-05
 5.6234128e-02  4.8819879e-05  2.7615566e-05
 5.6234133e-02  4.8879605e-05  2.7874984e-05
 5.5887835e-02  7.3563960e-05  2.9527707e-05
 5.5902669e-02  7.2991344e-05  2.9074812e-05
 5.6973930e-02  7.4294733e-05  3.1849607e-05
 5.6996852e-02  7.4717371e-05  3.2640281e-05
 5.5982889e-02  6.4520670e-05  2.4455710e-05
 5.6002662e-02  6.3236284e-05  2.3799743e-05
 5.8074225e-02  8.4978299e-05  2.8618458e-05
 5.8125611e-02  8.5360538e-05  2.8701685e-05
 5.6512037e-02  8.6989467e-05  3.7115966e-05
 5.6526446e-02  8.8700058e-05  3.8453761e-05
 5.8681083e-02  5.5063141e-05  2.2853544e-05
 5.8702915e-02  5.6468330e-05  2.3925417e-05
 5.7437804e-02  6.0726533e-05  2.9172349e-05
 5.7437955e-02  6.0751055e-05  2.9162041e-05
 5.7437804e-02  6.0726533e-05  2.7028594e-05
 5.7437955e-02  6.0751055e-05  2.6963167e-05
 5.8681083e-02  5.5063141e-05  2.2391762e-05
 5.8702915e-02  5.6468330e-05  2.3457894e-05
 5.6512037e-02  8.6989467e-05  3.8848993e-05
 5.6526446e-02  8.8700058e-05  3.9811759e-05
 5.8074225e-02  8.4978299e-05  2.8991030e-05
 5.8125611e-02  8.5360539e-05  2.9264111e-05
 5.5982889e-02  6.4520669e-05  2.7668421e-05
 5.6002662e-02  6.3236284e-05  2.7125232e-05
 5.6973930e-02  7.4294733e-05  3.2024340e-05
 5.6996852e-02  7.4717371e-05  3.2881472e-05
 5.5887835e-02  7.3563960e-05  3.3675662e-05
 5.5902669e-02  7.2991344e-05  3.3583822e-05
 5.5887831e-02  7.3548890e-05  2.2757240e-05
 5.5902671e-02  7.3004087e-05  2.2932323e-05
 5.6973931e-02  7.4304620e-05  2.4333896e-05
 5.6996850e-02  7.4679747e-05  2.4392539e-05
 5.5384301e-02  9.5606767e-05  2.9326248e-05
 5.5399431e-02  9.6295971e-05  2.9862495e-05
 5.7563673e-02  6.2855457e-05  2.3369695e-05
 5.7586123e-02  6.3662095e-05  2.4503437e-05
 5.5321107e-02  9.2800515e-05  3.3056658e-05
 5.5339942e-02  9.4900027e-05  3.4312567e-05
 5.8512613e-02  4.7229281e-05  2.1293757e-05
 5.8557466e-02  4.6735119e-05  2.1164433e-05
 5.5707298e-02  7.7020954e-05  3.7491248e-05
 5.5724044e-02  7.7048317e-05  3.7673020e-05
 5.6511312e-02  8.6941016e-05  4.2431696e-05
 5.6525807e-02  8.8646750e-05  4.4177943e-05
 5.8682055e-02  5.5068142e-05  3.3629192e-05
 5.8703638e-02  5.6541719e-05  3.4895738e-05
 5.7672042e-02  7.8613031e-05  3.0419636e-05
 5.7698538e-02  8.0687303e-05  3.1700670e-05
 5.7673720e-02  7.8662070e-05  3.0945836e-05
 5.7699929e-02  8.0792330e-05  3.2476942e-05
 5.9125152e-02  6.4016847e-05  2.3678471e-05
 5.9173486e-02  6.3680609e-05  2.3846236e-05
 5.8032346e-02  8.5550825e-05  2.4406274e-05
 5.8088275e-02  8.5585206e-05  2.4696634e-05
 5.7027325e-02  7.6529144e-05  2.5592929e-05
 5.7059946e-02  7.6578994e-05  2.5691473e-05
 5.6788623e-02  9.1137921e-05  2.7249437e-05
 5.6819933e-02  8.8478634e-05  2.6544062e-05
 5.6788626e-02  9.1141658e-05  2.6871699e-05
 5.6819932e-02  8.8428684e-05  2.5863763e-05
 5.5982880e-02  6.4508001e-05  1.4966651e-05
 5.6002662e-02  6.3247808e-05  1.4708165e-05
 5.8074221e-02  8.4969933e-05  2.1401383e-05
 5.8125607e-02  8.5285808e-05  2.1477241e-05
 5.5321102e-02  9.2793246e-05  2.2452780e-05
 5.5339942e-02  9.4901320e-05  2.3207027e-05
 5.8512610e-02  4.7241004e-05  1.5383686e-05
 5.8557463e-02  4.6715642e-05  1.4856066e-05
 5.5093603e-02  5.5521894e-05  1.3126919e-05
 5.5114074e-02  5.7691917e-05  1.3778709e-05
 5.5320605e-02  9.2769007e-05  3.3148151e-05
 5.5339393e-02  9.4893984e-05  3.4416427e-05
 5.8509006e-02  4.7422068e-05  2.1794360e-05
 5.8554162e-02  4.6703174e-05  2.1608980e-05
 5.5981686e-02  6.4590135e-05  2.4806289e-05
 5.6001509e-02  6.3319138e-05  2.4148349e-05
 5.8070685e-02  8.5053262e-05  2.8224201e-05
 5.8122479e-02  8.5256441e-05  2.8235218e-05
 5.7025181e-02  7.6583183e-05  2.6374800e-05
 5.7058075e-02  7.6600244e-05  2.6243000e-05
 5.9127834e-02  6.3906478e-05  2.5488988e-05
 5.9175751e-02  6.3656630e-05  2.5670183e-05
 5.8028903e-02  8.5621691e-05  2.3791247e-05
 5.8085277e-02  8.5457171e-05  2.3877682e-05
 5.8388322e-02  6.0538310e-05  1.7585046e-05
 5.8442652e-02  5.5825133e-05  1.6003174e-05
 5.8391495e-02  6.0218703e-05  1.5082170e-05
 5.8445390e-02  5.5668550e-05  1.3715711e-05
 5.8391498e-02  6.0221801e-05  1.7009623e-05
 5.8445391e-02  5.5632124e-05  1.5437048e-05
 5.8388315e-02  6.0517963e-05  1.5286781e-05
 5.8442636e-02  5.5755478e-05  1.3809787e-05
 5.7027318e-02  7.6518834e-05  1.8567268e-05
 5.7059945e-02  7.6616300e-05  1.8703835e-05
 5.8032345e-02  8.5542322e-05  2.0938780e-05
 5.8088273e-02  8.5510192e-05  2.1149689e-05
 5.9125148e-02  6.3985787e-05  1.5722400e-05
 5.9173467e-02  6.3593469e-05  1.6180341e-05
 5.6512023e-02  8.6949367e-05  2.2558005e-05
 5.6526444e-02  8.8704330e-05  2.3032533e-05
 5.8681082e-02  5.5058215e-05  9.5597114e-06
 5.8702894e-02  5.6425247e-05  9.7825820e-06
 5.5707287e-02  7.7000096e-05  1.6994075e-05
 5.5724041e-02  7.7031507e-05  1.6931030e-05
 5.5320600e-02  9.2752679e-05  2.2117793e-05
 5.5339392e-02  9.4871058e-05  2.2889175e-05
 5.8509012e-02  4.7408386e-05  1.5673107e-05
 5.8554164e-02  4.6734694e-05  1.5105296e-05
 5.5383356e-02  9.5590456e-05  2.8419279e-05
 5.5398370e-02  9.6333089e-05  2.8998635e-05
 5.7560628e-02  6.2857098e-05  1.9153288e-05
 5.7583312e-02  6.3520492e-05  2.0531082e-05
 5.5886265e-02  7.3612149e-05  2.8999605e-05
 5.5901101e-02  7.3091857e-05  2.8648493e-05
 5.6971226e-02  7.4391659e-05  3.1131367e-05
 5.6994403e-02  7.4659589e-05  3.1719810e-05
 5.6786178e-02  9.1387432e-05  2.7892257e-05
 5.6817757e-02  8.8646208e-05  2.6932779e-05
 5.6786169e-02  9.1373626e-05  2.7481901e-05
 5.6817751e-02  8.8553289e-05  2.6531765e-05
 5.8028912e-02  8.5650188e-05  2.1899904e-05
 5.8085289e-02  8.5578880e-05  2.2193758e-05
 5.9127826e-02  6.3901792e-05  1.4995619e-05
 5.9175748e-02  6.3691972e-05  1.5484560e-05
 5.7025173e-02  7.6563384e-05  1.8394859e-05
 5.7058063e-02  7.6517802e-05  1.8342226e-05
 5.7673708e-02  7.8637370e-05  1.6518056e-05
 5.7699926e-02  8.0818959e-05  1.7096120e-05
 5.7672036e-02  7.8595546e-05  1.6797868e-05
 5.7698522e-02  8.0607301e-05  1.7447815e-05
 5.7437802e-02  6.0724240e-05  9.8505746e-06
 5.7437936e-02  6.0713538e-05  9.8462454e-06
 5.7437802e-02  6.0724240e-05  9.5040824e-06
 5.7437936e-02  6.0713538e-05  9.5092621e-06
 5.6511302e-02  8.6918674e-05  2.2362224e-05
 5.6525798e-02  8.8585094e-05  2.2758453e-05
 5.8682047e-02  5.5048879e-05  9.4925869e-06
 5.8703627e-02  5.6547006e-05  9.7723134e-06
 5.5981677e-02  6.4576667e-05  1.3932601e-05
 5.6001503e-02  6.3277100e-05  1.3673178e-05
 5.8070693e-02  8.5066219e-05  2.1155582e-05
 5.8122486e-02  8.5367943e-05  2.1243278e-05
 5.5886258e-02  7.3617274e-05  2.0395189e-05
 5.5901099e-02  7.3054811e-05  2.0480638e-05
 5.6971233e-02  7.4379990e-05  2.4294017e-05
 5.6994404e-02  7.4721824e-05  2.4386554e-05
 5.6232031e-02  4.8846091e-05  1.6440614e-05
 5.6232237e-02  4.8849146e-05  1.6520797e-05
 5.6232031e-02  4.8846091e-05  1.6573552e-05
 5.6232237e-02  4.8849146e-05  1.6827555e-05
 5.6971233e-02  7.4379990e-05  2.5192027e-05
 5.6994404e-02  7.4721824e-05  2.5100749e-05
 5.5886258e-02  7.3617274e-05  2.3878715e-05
 5.5901099e-02  7.3054811e-05  2.3907795e-05
 5.8070693e-02  8.5066219e-05  2.2127734e-05
 5.8122486e-02  8.5367943e-05  2.2300824e-05
 5.5981677e-02  6.4576667e-05  1.5584742e-05
 5.6001503e-02  6.3277100e-05  1.5159153e-05
 5.8682047e-02  5.5048879e-05  9.4901307e-06
 5.8703627e-02  5.6547006e-05  9.7378256e-06
 5.6511302e-02  8.6918674e-05  2.4533450e-05
 5.6525798e-02  8.8585094e-05  2.5100681e-05
 5.8681082e-02  5.5058215e-05  9.5955672e-06
 5.8702894e-02  5.6425247e-05  9.8007811e-06
 5.6512023e-02  8.6949367e-05  2.4690271e-05
 5.6526444e-02  8.8704330e-05  2.5249964e-05
 5.7672036e-02  7.8595546e-05  1.6330403e-05
 5.7698522e-02  8.0607302e-05  1.6827315e-05
 5.7673708e-02  7.8637370e-05  1.6542704e-05
 5.7699926e-02  8.0818959e-05  1.7220525e-05
 5.7025173e-02  7.6563384e-05  1.8263107e-05
 5.7058063e-02  7.6517802e-05  1.8340159e-05
 5.9127826e-02  6.3901792e-05  1.5700613e-05
 5.9175748e-02  6.3691972e-05  1.6249488e-05
 5.8028912e-02  8.5650188e-05  2.0905912e-05
 5.8085289e-02  8.5578880e-05  2.1077546e-05
 5.6786169e-02  9.1373626e-05  2.6872366e-05
 5.6817751e-02  8.8553289e-05  2.6094658e-05
 5.6786178e-02  9.1387431e-05  2.7278673e-05
 5.6817757e-02  8.8646208e-05  2.6172156e-05
 5.6971226e-02  7.4391659e-05  2.8426430e-05
 5.6994403e-02  7.4659589e-05  2.9205357e-05
 5.5886265e-02  7.3612149e-05  3.1338679e-05
 5.5901101e-02  7.3091857e-05  3.1328039e-05
 5.7560628e-02  6.2857098e-05  2.2452667e-05
 5.7583312e-02  6.3520492e-05  2.3396940e-05
 5.5383356e-02  9.5590456e-05  3.7486148e-05
 5.5398370e-02  9.6333089e-05  3.7942161e-05
 5.8509012e-02  4.7408386e-05  1.7318312e-05
 5.8554164e-02  4.6734694e-05  1.6939967e-05
 5.5320600e-02  9.2752678e-05  2.9398122e-05
 5.5339392e-02  9.4871058e-05  3.0213850e-05
 5.5707287e-02  7.7000096e-05  2.0088421e-05
 5.5724041e-02  7.7031507e-05  2.0037657e-05
 5.8074221e-02  8.4969933e-05  2.2349490e-05
 5.8125607e-02  8.5285808e-05  2.2410991e-05
 5.5982880e-02  6.4508001e-05  1.6460476e-05
 5.6002662e-02  6.3247808e-05  1.6084838e-05
 5.9125148e-02  6.3985787e-05  1.4882699e-05
 5.9173467e-02  6.3593469e-05  1.5283542e-05
 5.8032345e-02  8.5542322e-05  2.2078093e-05
 5.8088273e-02  8.5510192e-05  2.2331649e-05
 5.7027318e-02  7.6518834e-05  1.7771641e-05
 5.7059945e-02  7.6616300e-05  1.7773327e-05
 5.8388315e-02  6.0517963e-05  1.4797117e-05
 5.8442636e-02  5.5755478e-05  1.3427706e-05
 5.8391498e-02  6.0221801e-05  1.7581115e-05
 5.8445391e-02  5.5632124e-05  1.6110935e-05
 5.8391495e-02  6.0218702e-05  1.4690136e-05
 5.8445390e-02  5.5668550e-05  1.3262748e-05
 5.8388322e-02  6.0538310e-05  1.7102753e-05
 5.8442652e-02  5.5825133e-05  1.5507371e-05
 5.8028903e-02  8.5621691e-05  2.3397670e-05
 5.8085277e-02  8.5457171e-05  2.3627822e-05
 5.9127834e-02  6.3906478e-05  2.3970686e-05
 5.9175751e-02  6.3656630e-05  2.4113649e-05
 5.7025181e-02  7.6583183e-05  2.5306160e-05
 5.7058075e-02  7.6600244e-05  2.5340150e-05
 5.8070685e-02  8.5053262e-05  2.7127426e-05
 5.8122479e-02  8.5256441e-05  2.7318501e-05
 5.5981686e-02  6.4590135e-05  2.6447936e-05
 5.6001509e-02  6.3319138e-05  2.6032431e-05
 5.8509006e-02  4.7422068e-05  2.0326305e-05
 5.8554162e-02  4.6703174e-05  2.0466725e-05
 5.5320605e-02  9.2769007e-05  4.3067554e-05
 5.5339393e-02  9.4893984e-05  4.4296889e-05
 5.5093603e-02  5.5521894e-05  1.8087532e-05
 5.5114074e-02  5.7691917e-05  1.8905693e-05
 5.8512610e-02  4.7241004e-05  1.7547849e-05
 5.8557463e-02  4.6715642e-05  1.7288910e-05
 5.5321102e-02  9.2793246e-05  2.9700279e-05
 5.5339942e-02  9.4901320e-05  3.0503414e-05
 5.6973931e-02  7.4304620e-05  2.4244334e-05
 5.6996850e-02  7.4679747e-05  2.4213447e-05
 5.5887831e-02  7.3548890e-05  2.6015189e-05
 5.5902671e-02  7.3004087e-05  2.6204881e-05
 5.6788626e-02  9.1141658e-05  2.6553480e-05
 5.6819932e-02  8.8428684e-05  2.5661695e-05
 5.6788623e-02  9.1137921e-05  2.5625084e-05
 5.6819933e-02  8.8478634e-05  2.4725879e-05
 5.7027325e-02  7.6529144e-05  2.5235125e-05
 5.7059946e-02  7.6578994e-05  2.5232954e-05
 5.8032346e-02  8.5550825e-05  2.2944742e-05
 5.8088275e-02  8.5585206e-05  2.3062776e-05
 5.9125152e-02  6.4016847e-05  2.5106795e-05
 5.9173486e-02  6.3680609e-05  2.5275845e-05
 5.7673720e-02  7.8662070e-05  3.0558168e-05
 5.7699929e-02  8.0792330e-05  3.1875116e-05
 5.7672042e-02  7.8613031e-05  3.1293503e-05
 5.7698538e-02  8.0687303e-05  3.2864858e-05
 5.8682055e-02  5.5068142e-05  3.1906135e-05
 5.8703638e-02  5.6541719e-05  3.3120125e-05
 5.6511312e-02  8.6941016e-05  4.2861513e-05
 5.6525807e-02  8.8646750e-05  4.4404509e-05
 5.5707298e-02  7.7020954e-05  4.3086744e-05
 5.5724044e-02  7.7048317e-05  4.3231966e-05
 5.8512613e-02  4.7229281e-05  2.0174534e-05
 5.8557466e-02  4.6735119e-05  2.0457589e-05
 5.5321107e-02  9.2800515e-05  4.1207192e-05
 5.5339942e-02  9.4900027e-05  4.2529744e-05
 5.7563673e-02  6.2855457e-05  2.5600541e-05
 5.7586123e-02  6.3662095e-05  2.6515605e-05
 5.5384301e-02  9.5606767e-05  3.6616612e-05
 5.5399431e-02  9.6295971e-05  3.7097768e-05
 5.8003800e-02  7.2992679e-05  4.8776576e-05
 5.8003807e-02  7.3131208e-05  4.8710668e-05
 5.4722008e-02  7.1740608e-05  4.1777828e-05
 5.4722012e-02  7.1781135e-05  4.1748173e-05
 5.7563677e-02  6.2946060e-05  2.5749503e-05
 5.7586116e-02  6.3567193e-05  2.6717300e-05
 5.5384298e-02  9.5546053e-05  3.4000266e-05
 5.5399435e-02  9.6388897e-05  3.4535082e-05
 5.7533450e-02  5.8178828e-05  2.1112622e-05
 5.7567410e-02  5.9413133e-05  2.2707177e-05
 5.6442554e-02  8.8535074e-05  2.3658875e-05
 5.6477876e-02  9.3975241e-05  2.6189196e-05
 5.7914846e-02  8.0862488e-05  3.4704068e-05
 5.7948314e-02  8.0099365e-05  3.5337445e-05
 5.7829635e-02  9.1073181e-05  2.4104560e-05
 5.7888093e-02  9.1738420e-05  2.4908801e-05
 5.7911955e-02  8.0935062e-05  3.5132204e-05
 5.7945719e-02  8.0267800e-05  3.5648314e-05
 5.8682850e-02  5.5186899e-05  2.1883157e-05
 5.8704328e-02  5.6519765e-05  2.2961317e-05
 5.6510528e-02  8.6809373e-05  3.6015742e-05
 5.6525176e-02  8.8628546e-05  3.7280962e-05
 5.5433263e-02  8.7741828e-05  4.3826490e-05
 5.5433345e-02  8.7773155e-05  4.3734463e-05
 5.4739792e-02  6.9595115e-05  3.1526639e-05
 5.4747763e-02  6.9243909e-05  3.1336642e-05
 5.8794694e-02  5.7689431e-05  2.8968969e-05
 5.8825714e-02  5.8732409e-05  2.9768424e-05
 5.4496086e-02  6.3617679e-05  2.9371702e-05
 5.4504164e-02  6.4345127e-05  2.9728115e-05
 5.7563674e-02  6.2927112e-05  2.2815003e-05
 5.7586120e-02  6.3588356e-05  2.2762924e-05
 5.5384299e-02  9.5543597e-05  2.5638533e-05
 5.5399435e-02  9.6348946e-05  2.5945402e-05
 5.6973934e-02  7.4379809e-05  2.4912058e-05
 5.6996844e-02  7.4608298e-05  2.5681173e-05
 5.5887831e-02  7.3498295e-05  2.6824471e-05
 5.5902674e-02  7.3056765e-05  2.6556342e-05
 5.6788628e-02  9.1211389e-05  3.1081745e-05
 5.6819927e-02  8.8379975e-05  3.0028242e-05
 5.6788624e-02  9.1111664e-05  3.4663337e-05
 5.6819935e-02  8.8516564e-05  3.3451297e-05
 5.7027327e-02  7.6592729e-05  3.0344006e-05
 5.7059942e-02  7.6541781e-05  3.0933524e-05
 5.8032347e-02  8.5543223e-05  2.9615445e-05
 5.8088277e-02  8.5605048e-05  2.9862384e-05
 5.9125150e-02  6.3964348e-05  3.1110689e-05
 5.9173486e-02  6.3719451e-05  3.2032867e-05
 5.7673721e-02  7.8743744e-05  3.9221251e-05
 5.7699927e-02  8.0735582e-05  4.1531752e-05
 5.7672041e-02  7.8532625e-05  4.0203418e-05
 5.7698538e-02  8.0738046e-05  4.2699484e-05
 5.8682055e-02  5.5166407e-05  3.1591419e-05
 5.8703638e-02  5.6474081e-05  3.2525987e-05
 5.6511311e-02  8.6826482e-05  4.0066455e-05
 5.6525808e-02  8.8719590e-05  4.1857908e-05
 5.5707296e-02  7.6956538e-05  2.7293388e-05
 5.5724046e-02  7.7079634e-05  2.7567942e-05
 5.8512612e-02  4.7258557e-05  1.5712011e-05
 5.8557465e-02  4.6705559e-05  1.5714534e-05
 5.5321105e-02  9.2743871e-05  2.4078951e-05
 5.5339946e-02  9.4929623e-05  2.4906493e-05
 5.7533444e-02  5.8159745e-05  1.5318883e-05
 5.7567412e-02  5.9433622e-05  1.5843522e-05
 5.6442554e-02  8.8525810e-05  1.7131836e-05
 5.6477876e-02  9.3916024e-05  1.8966153e-05
 5.6788623e-02  9.1204797e-05  2.2020625e-05
 5.6819928e-02  8.8389205e-05  2.1307232e-05
 5.6788622e-02  9.1111761e-05  2.4044570e-05
 5.6819933e-02  8.8473896e-05  2.3130039e-05
 5.6442556e-02  8.8602234e-05  2.0469525e-05
 5.6477869e-02  9.3859183e-05  2.2590533e-05
 5.7533445e-02  5.8095094e-05  1.9121462e-05
 5.7567416e-02  5.9507175e-05  2.0767635e-05
 5.6523838e-02  1.0290892e-04  2.9804044e-05
 5.6559781e-02  1.0613839e-04  3.1540301e-05
 5.8625785e-02  4.6147432e-05  1.9855503e-05
 5.8677437e-02  4.8336319e-05  2.1377493e-05
 5.8622023e-02  4.6160963e-05  2.0144384e-05
 5.8673999e-02  4.8133048e-05  2.1711274e-05
 5.7026837e-02  7.6619878e-05  3.0422929e-05
 5.7059408e-02  7.6588574e-05  3.0951470e-05
 5.9125983e-02  6.3915335e-05  3.1438206e-05
 5.9174210e-02  6.3719831e-05  3.2479990e-05
 5.8028590e-02  8.5647976e-05  2.9390360e-05
 5.8084973e-02  8.5482316e-05  2.9603750e-05
 5.7913578e-02  8.0933619e-05  3.3746489e-05
 5.7947093e-02  8.0187972e-05  3.4321740e-05
 5.7913577e-02  8.0794494e-05  3.2988562e-05
 5.7947094e-02  8.0254890e-05  3.3797246e-05
 5.7825912e-02  9.1079970e-05  2.3637032e-05
 5.7884908e-02  9.1580381e-05  2.4333149e-05
 5.9125984e-02  6.4006131e-05  2.4139659e-05
 5.9174210e-02  6.3657614e-05  2.4546369e-05
 5.7026835e-02  7.6514334e-05  2.5644202e-05
 5.7059411e-02  7.6631560e-05  2.5757823e-05
 5.8028592e-02  8.5628702e-05  2.2585420e-05
 5.8084969e-02  8.5443190e-05  2.2808771e-05
 5.8625783e-02  4.6180524e-05  1.2249734e-05
 5.8677434e-02  4.8297154e-05  1.2989149e-05
 5.6523835e-02  1.0281278e-04  2.0303183e-05
 5.6559787e-02  1.0618547e-04  2.1639216e-05
 5.8622025e-02  4.6133657e-05  1.2552750e-05
 5.8673992e-02  4.8096485e-05  1.3164312e-05
 5.7914835e-02  8.0833019e-05  1.9949788e-05
 5.7948314e-02  8.0121355e-05  2.0158933e-05
 5.7829631e-02  9.1054819e-05  1.7096907e-05
 5.7888091e-02  9.1658301e-05  1.7703305e-05
 5.7911956e-02  8.0900334e-05  2.0337644e-05
 5.7945700e-02  8.0192677e-05  2.0558293e-05
 5.7027318e-02  7.6575324e-05  1.5475822e-05
 5.7059940e-02  7.6540997e-05  1.5618657e-05
 5.8032342e-02  8.5530400e-05  1.9772824e-05
 5.8088272e-02  8.5526020e-05  2.0115047e-05
 5.9125152e-02  6.3940371e-05  1.4325062e-05
 5.9173465e-02  6.3676772e-05  1.4770320e-05
 5.6523832e-02  1.0289409e-04  2.1434618e-05
 5.6559779e-02  1.0612565e-04  2.2593896e-05
 5.8625783e-02  4.6157738e-05  1.4563833e-05
 5.8677432e-02  4.8313846e-05  1.5242172e-05
 5.8622030e-02  4.6149555e-05  1.4696350e-05
 5.8673998e-02  4.8163831e-05  1.5427917e-05
 5.6442190e-02  8.8571854e-05  2.0586425e-05
 5.6477430e-02  9.3846617e-05  2.2564064e-05
 5.7530118e-02  5.8110506e-05  1.7185766e-05
 5.7564330e-02  5.9324466e-05  1.9121277e-05
 5.6787816e-02  9.1282234e-05  3.1123726e-05
 5.6819002e-02  8.8508156e-05  3.0116574e-05
 5.6785547e-02  9.1447251e-05  3.5022289e-05
 5.6817161e-02  8.8631394e-05  3.3739067e-05
 5.7531903e-02  5.8147947e-05  2.0360418e-05
 5.7565880e-02  5.9394991e-05  2.1576613e-05
 5.6439647e-02  8.8215573e-05  2.2698489e-05
 5.6475364e-02  9.3554388e-05  2.5233642e-05
 5.8623223e-02  4.6147620e-05  1.7024310e-05
 5.8675109e-02  4.8198099e-05  1.7764778e-05
 5.8625121e-02  4.6148846e-05  1.7290295e-05
 5.8676648e-02  4.8300472e-05  1.8002159e-05
 5.6521170e-02  1.0262599e-04  2.3998246e-05
 5.6557531e-02  1.0595026e-04  2.5445915e-05
 5.9128286e-02  6.3910213e-05  1.5080675e-05
 5.9176271e-02  6.3632876e-05  1.5567692e-05
 5.8032117e-02  8.5544655e-05  1.9416598e-05
 5.8087969e-02  8.5537925e-05  1.9889386e-05
 5.7024585e-02  7.6575108e-05  1.7882353e-05
 5.7057509e-02  7.6531242e-05  1.7906659e-05
 5.8682835e-02  5.5155116e-05  8.9938423e-06
 5.8704327e-02  5.6528648e-05  9.2162340e-06
 5.6510527e-02  8.6783242e-05  2.2212086e-05
 5.6525158e-02  8.8561283e-05  2.2709686e-05
 5.7673708e-02  7.8717599e-05  1.4704684e-05
 5.7699922e-02  8.0714991e-05  1.5225279e-05
 5.7672039e-02  7.8516232e-05  1.5104315e-05
 5.7698521e-02  8.0710570e-05  1.5693053e-05
 5.7026827e-02  7.6601766e-05  1.5527961e-05
 5.7059402e-02  7.6558577e-05  1.5652155e-05
 5.9125980e-02  6.3912137e-05  1.4645906e-05
 5.9174194e-02  6.3713753e-05  1.5168579e-05
 5.8028598e-02  8.5663179e-05  1.9582830e-05
 5.8084976e-02  8.5586754e-05  1.9946075e-05
 5.6787810e-02  9.1269294e-05  2.1520655e-05
 5.6819000e-02  8.8477691e-05  2.0867442e-05
 5.6785553e-02  9.1447405e-05  2.4081440e-05
 5.6817161e-02  8.8694112e-05  2.3183901e-05
 5.6972796e-02  7.4405802e-05  2.3980444e-05
 5.6995518e-02  7.4704494e-05  2.4788585e-05
 5.5885307e-02  7.3642973e-05  2.3840181e-05
 5.5900341e-02  7.3111706e-05  2.3475808e-05
 5.7561927e-02  6.2876066e-05  2.4700506e-05
 5.7584338e-02  6.3553379e-05  2.5425483e-05
 5.5382147e-02  9.5519304e-05  3.3453683e-05
 5.5397497e-02  9.6280498e-05  3.3840319e-05
 5.8509947e-02  4.7346420e-05  1.6250391e-05
 5.8555040e-02  4.6711121e-05  1.5964686e-05
 5.5319293e-02  9.2598427e-05  2.6004031e-05
 5.5338363e-02  9.4761188e-05  2.6749585e-05
 5.5705911e-02  7.6986757e-05  1.8305392e-05
 5.5722870e-02  7.7011048e-05  1.8228587e-05
 5.5433261e-02  8.7731676e-05  2.5516372e-05
 5.5433331e-02  8.7729653e-05  2.5519342e-05
 5.8682044e-02  5.5165539e-05  9.0435627e-06
 5.8703626e-02  5.6435785e-05  9.2372471e-06
 5.6511303e-02  8.6804483e-05  2.2126378e-05
 5.6525798e-02  8.8719113e-05  2.2622757e-05
 5.7913566e-02  8.0912927e-05  1.9424574e-05
 5.7947083e-02  8.0113652e-05  1.9620103e-05
 5.7913569e-02  8.0791502e-05  2.0044796e-05
 5.7947085e-02  8.0272985e-05  2.0313602e-05
 5.7825920e-02  9.1113769e-05  1.6896514e-05
 5.7884915e-02  9.1695751e-05  1.7492935e-05
 5.7531893e-02  5.8146838e-05  1.3832101e-05
 5.7565873e-02  5.9342436e-05  1.4351570e-05
 5.6439654e-02  8.8235884e-05  1.6298326e-05
 5.6475368e-02  9.3646570e-05  1.8151514e-05
 5.7561920e-02  6.2891550e-05  1.9401095e-05
 5.7584336e-02  6.3508478e-05  1.9480509e-05
 5.5382152e-02  9.5525664e-05  2.4571944e-05
 5.5397498e-02  9.6345585e-05  2.4898937e-05
 5.8001585e-02  7.3105493e-05  2.8147906e-05
 5.8001825e-02  7.3129834e-05  2.8293074e-05
 5.4720444e-02  7.1801161e-05  2.7613895e-05
 5.4720570e-02  7.1804531e-05  2.7631227e-05
 5.8791920e-02  5.7673508e-05  2.3388592e-05
 5.8823171e-02  5.8689058e-05  2.3842994e-05
 5.4495027e-02  6.3548949e-05  2.1897232e-05
 5.4503127e-02  6.4275660e-05  2.2099545e-05
 5.4739186e-02  6.9612288e-05  1.8578989e-05
 5.4747208e-02  6.9245867e-05  1.8467769e-05
 5.4739782e-02  6.9581493e-05  1.9113555e-05
 5.4747763e-02  6.9246475e-05  1.9035228e-05
 5.5707287e-02  7.6949592e-05  1.7956182e-05
 5.5724042e-02  7.7103525e-05  1.7889746e-05
 5.9125975e-02  6.3982174e-05  1.4888030e-05
 5.9174195e-02  6.3569673e-05  1.5324670e-05
 5.7026828e-02  7.6518566e-05  1.7447045e-05
 5.7059406e-02  7.6671680e-05  1.7566303e-05
 5.8028597e-02  8.5677929e-05  1.9405285e-05
 5.8084981e-02  8.5563929e-05  1.9857275e-05
 5.8623213e-02  4.6159309e-05  1.2174038e-05
 5.8675096e-02  4.8142876e-05  1.2879476e-05
 5.8625116e-02  4.6148874e-05  1.2193426e-05
 5.8676643e-02  4.8330502e-05  1.2841596e-05
 5.6521176e-02  1.0267137e-04  2.0033651e-05
 5.6557540e-02  1.0606885e-04  2.1376858e-05
 5.8509937e-02  4.7364236e-05  1.5247976e-05
 5.8555032e-02  4.6663398e-05  1.5239753e-05
 5.5319299e-02  9.2625820e-05  2.4296019e-05
 5.5338368e-02  9.4841157e-05  2.5072777e-05
 5.8791914e-02  5.7697241e-05  2.5689247e-05
 5.8823168e-02  5.8637596e-05  2.6469409e-05
 5.4495032e-02  6.3554737e-05  2.6960718e-05
 5.4503128e-02  6.4301668e-05  2.7317925e-05
 5.4106319e-02  7.1075030e-05  2.6898524e-05
 5.4114487e-02  7.1465067e-05  2.7070153e-05
 5.4189974e-02  6.9073865e-05  2.9105123e-05
 5.4198604e-02  6.8959620e-05  2.8955829e-05
 5.8794692e-02  5.7708194e-05  2.2589220e-05
 5.8825711e-02  5.8704061e-05  2.3165841e-05
 5.4496081e-02  6.3610091e-05  2.1531853e-05
 5.4504164e-02  6.4352269e-05  2.1792669e-05
 5.8512612e-02  4.7279676e-05  1.5746672e-05
 5.8557461e-02  4.6681650e-05  1.5412869e-05
 5.5321101e-02  9.2747334e-05  2.4079753e-05
 5.5339944e-02  9.4970240e-05  2.4862051e-05
 5.8625787e-02  4.6204789e-05  1.5789826e-05
 5.8677431e-02  4.8271414e-05  1.6465838e-05
 5.6523832e-02  1.0282782e-04  2.2595960e-05
 5.6559784e-02  1.0625318e-04  2.3866394e-05
 5.8622027e-02  4.6149909e-05  1.6200591e-05
 5.8674008e-02  4.8152973e-05  1.6789816e-05
 5.9128294e-02  6.3927524e-05  2.3617843e-05
 5.9176270e-02  6.3599402e-05  2.4069679e-05
 5.8032118e-02  8.5569835e-05  2.1505233e-05
 5.8087967e-02  8.5618210e-05  2.1895268e-05
 5.7024588e-02  7.6609989e-05  2.5172437e-05
 5.7057524e-02  7.6614486e-05  2.5355408e-05
 5.5705917e-02  7.7015519e-05  2.6756391e-05
 5.5722882e-02  7.7078809e-05  2.7046245e-05
 5.4739194e-02  6.9635310e-05  3.2010592e-05
 5.4747212e-02  6.9284129e-05  3.2022509e-05
 5.4189979e-02  6.9081876e-05  2.5357493e-05
 5.4198605e-02  6.8966534e-05  2.5403458e-05
 5.4106805e-02  7.1086484e-05  2.6226172e-05
 5.4115015e-02  7.1459392e-05  2.6379350e-05
 5.3552182e-02  3.7065726e-05  1.6459236e-05
 5.3552184e-02  3.7081167e-05  1.6447479e-05
 5.4106802e-02  7.1056416e-05  2.2794163e-05
 5.4115016e-02  7.1501296e-05  2.2954461e-05
 5.5093601e-02  5.5494855e-05  1.3857853e-05
 5.5114075e-02  5.7741224e-05  1.4519670e-05
 5.6442188e-02  8.8519696e-05  2.1108753e-05
 5.6477433e-02  9.3953226e-05  2.3382376e-05
 5.7530117e-02  5.8107988e-05  1.6534282e-05
 5.7564338e-02  5.9344939e-05  1.7894835e-05
 5.8073817e-02  8.5029137e-05  2.4951015e-05
 5.8125053e-02  8.5392617e-05  2.5285504e-05
 5.5980535e-02  6.4653131e-05  2.1459943e-05
 5.6000514e-02  6.3404984e-05  2.0871258e-05
 5.4738657e-02  6.9646651e-05  2.8066000e-05
 5.4746747e-02  6.9329500e-05  2.7754810e-05
 5.3882048e-02  3.9021641e-05  1.3676752e-05
 5.3882076e-02  3.9030387e-05  1.3768132e-05
 5.3472210e-02  4.4373886e-05  1.3085786e-05
 5.3475085e-02  4.4276233e-05  1.3067639e-05
 5.4106804e-02  7.1050701e-05  2.9888465e-05
 5.4115018e-02  7.1477770e-05  3.0043325e-05
 5.8794696e-02  5.7778186e-05  2.3988805e-05
 5.8825704e-02  5.8637126e-05  2.4629917e-05
 5.4496082e-02  6.3584270e-05  2.3411675e-05
 5.4504166e-02  6.4379707e-05  2.3683893e-05
 5.8512615e-02  4.7327312e-05  1.8035019e-05
 5.8557455e-02  4.6651113e-05  1.7903899e-05
 5.5321103e-02  9.2738946e-05  3.3315625e-05
 5.5339945e-02  9.4992989e-05  3.4570676e-05
 5.8625789e-02  4.6252799e-05  1.7594390e-05
 5.8677427e-02  4.8247529e-05  1.9004931e-05
 5.6523834e-02  1.0283492e-04  3.0080488e-05
 5.6559785e-02  1.0626598e-04  3.1926942e-05
 5.8622026e-02  4.6101840e-05  1.8264419e-05
 5.8674007e-02  4.8172956e-05  1.9748705e-05
 5.9128294e-02  6.3979895e-05  2.8937082e-05
 5.9176269e-02  6.3553975e-05  2.9794717e-05
 5.8032119e-02  8.5586601e-05  2.7329580e-05
 5.8087969e-02  8.5617104e-05  2.7801275e-05
 5.7024586e-02  7.6545664e-05  3.0253472e-05
 5.7057524e-02  7.6643360e-05  3.0821316e-05
 5.5705915e-02  7.6951768e-05  3.5375003e-05
 5.5722883e-02  7.7103975e-05  3.5583211e-05
 5.4739191e-02  6.9583698e-05  2.8248483e-05
 5.4747215e-02  6.9301580e-05  2.8146452e-05
 5.4189977e-02  6.9040907e-05  2.8598404e-05
 5.4198607e-02  6.8973070e-05  2.8352140e-05
 5.5093602e-02  5.5481230e-05  1.1408223e-05
 5.5114078e-02  5.7706603e-05  1.1886051e-05
 5.8512612e-02  4.7316914e-05  1.2821803e-05
 5.8557456e-02  4.6656787e-05  1.2702588e-05
 5.5321102e-02  9.2731406e-05  2.1487825e-05
 5.5339946e-02  9.4951697e-05  2.2351218e-05
 5.8074225e-02  8.5064946e-05  2.3713318e-05
 5.8125599e-02  8.5197649e-05  2.3984949e-05
 5.5982882e-02  6.4471960e-05  2.1695778e-05
 5.6002665e-02  6.3295673e-05  2.1147058e-05
 5.8032348e-02  8.5639896e-05  2.6196706e-05
 5.8088266e-02  8.5442483e-05  2.6702807e-05
 5.7027321e-02  7.6502427e-05  3.1579630e-05
 5.7059947e-02  7.6655043e-05  3.2153632e-05
 5.9125146e-02  6.4017182e-05  3.1706595e-05
 5.9173475e-02  6.3614906e-05  3.2485102e-05
 5.8391500e-02  6.0310065e-05  2.2531181e-05
 5.8445386e-02  5.5599984e-05  2.0029421e-05
 5.8391497e-02  6.0224560e-05  2.3697753e-05
 5.8445393e-02  5.5679159e-05  2.1160897e-05
 5.8388321e-02  6.0449606e-05  2.3215442e-05
 5.8442650e-02  5.5848242e-05  2.0668165e-05
 5.8388314e-02  6.0530471e-05  2.3888365e-05
 5.8442642e-02  5.5761043e-05  2.1253367e-05
 5.9127835e-02  6.3998895e-05  2.9120173e-05
 5.9175749e-02  6.3586805e-05  2.9893481e-05
 5.7025180e-02  7.6478490e-05  3.0131348e-05
 5.7058075e-02  7.6632768e-05  3.0620681e-05
 5.8028903e-02  8.5621426e-05  2.7156886e-05
 5.8085280e-02  8.5432436e-05  2.7573154e-05
 5.5981684e-02  6.4511538e-05  2.1497992e-05
 5.6001512e-02  6.3340128e-05  2.1099072e-05
 5.8070686e-02  8.5034408e-05  2.4682746e-05
 5.8122478e-02  8.5189845e-05  2.4958327e-05
 5.5320603e-02  9.2683111e-05  2.3324376e-05
 5.5339398e-02  9.4907551e-05  2.4144232e-05
 5.8509008e-02  4.7391157e-05  1.5765803e-05
 5.8554158e-02  4.6641339e-05  1.5741092e-05
 5.6442188e-02  8.8487438e-05  1.5634566e-05
 5.6477436e-02  9.3874626e-05  1.7465772e-05
 5.7530120e-02  5.8067789e-05  1.1661974e-05
 5.7564324e-02  5.9285101e-05  1.2277421e-05
 5.8625782e-02  4.6235878e-05  9.9682981e-06
 5.8677426e-02  4.8252428e-05  1.0670147e-05
 5.6523832e-02  1.0281140e-04  1.9404817e-05
 5.6559785e-02  1.0618400e-04  2.0673614e-05
 5.8622029e-02  4.6078511e-05  1.0514265e-05
 5.8673991e-02  4.8141685e-05  1.1235462e-05
 5.8032344e-02  8.5629503e-05  1.9841959e-05
 5.8088264e-02  8.5439803e-05  2.0155186e-05
 5.7027320e-02  7.6500127e-05  2.2036872e-05
 5.7059945e-02  7.6613249e-05  2.2094096e-05
 5.9125153e-02  6.4014438e-05  2.2498222e-05
 5.9173472e-02  6.3663386e-05  2.2612945e-05
 5.7829634e-02  9.1149966e-05  2.0337761e-05
 5.7888083e-02  9.1603821e-05  2.1075590e-05
 5.7914839e-02  8.0764696e-05  3.1889342e-05
 5.7948317e-02  8.0213584e-05  3.2318664e-05
 5.7911955e-02  8.0969192e-05  3.1377167e-05
 5.7945708e-02  8.0215479e-05  3.1837590e-05
 5.8032121e-02  8.5664756e-05  2.5886271e-05
 5.8087962e-02  8.5492772e-05  2.6456226e-05
 5.9128289e-02  6.3893630e-05  3.0814522e-05
 5.9176275e-02  6.3682116e-05  3.1461075e-05
 5.7024583e-02  7.6604303e-05  3.1364441e-05
 5.7057517e-02  7.6559207e-05  3.1965029e-05
 5.8625123e-02  4.6257133e-05  1.8305683e-05
 5.8676644e-02  4.8277873e-05  1.9840350e-05
 5.8623223e-02  4.6040227e-05  1.9057663e-05
 5.8675107e-02  4.8211862e-05  2.0815231e-05
 5.6521169e-02  1.0263848e-04  2.9710420e-05
 5.6557534e-02  1.0596075e-04  3.1505345e-05
 5.7531902e-02  5.8039036e-05  1.7409831e-05
 5.7565882e-02  5.9427615e-05  1.8946026e-05
 5.6439648e-02  8.8207824e-05  2.0548128e-05
 5.6475363e-02  9.3525559e-05  2.2751633e-05
 5.6787813e-02  9.1155081e-05  2.4423760e-05
 5.6819008e-02  8.8524984e-05  2.3426740e-05
 5.6785549e-02  9.1414853e-05  2.4007944e-05
 5.6817156e-02  8.8564750e-05  2.3291796e-05
 5.8073814e-02  8.4985510e-05  1.8569268e-05
 5.8125055e-02  8.5297568e-05  1.8832035e-05
 5.5980536e-02  6.4613574e-05  1.1304541e-05
 5.6000499e-02  6.3350341e-05  1.1007875e-05
 5.9128284e-02  6.3955532e-05  1.3738324e-05
 5.9176264e-02  6.3549548e-05  1.4218364e-05
 5.8032114e-02  8.5554640e-05  1.7993902e-05
 5.8087966e-02  8.5519744e-05  1.8355614e-05
 5.7024587e-02  7.6518543e-05  1.4971280e-05
 5.7057509e-02  7.6606913e-05  1.5060894e-05
 5.8391492e-02  6.0295349e-05  1.2605292e-05
 5.8445380e-02  5.5590519e-05  1.1231260e-05
 5.8391493e-02  6.0220414e-05  1.5069915e-05
 5.8445386e-02  5.5630485e-05  1.3639693e-05
 5.8388320e-02  6.0441118e-05  1.2964586e-05
 5.8442635e-02  5.5835516e-05  1.1628672e-05
 5.8388322e-02  6.0534427e-05  1.5270309e-05
 5.8442641e-02  5.5820980e-05  1.3790217e-05
 5.8032116e-02  8.5652191e-05  1.9480882e-05
 5.8087959e-02  8.5475917e-05  1.9834924e-05
 5.9128287e-02  6.3894967e-05  2.2026496e-05
 5.9176268e-02  6.3641089e-05  2.2146890e-05
 5.7024589e-02  7.6605704e-05  2.1925467e-05
 5.7057515e-02  7.6611464e-05  2.2061651e-05
 5.8073818e-02  8.5100569e-05  2.3000430e-05
 5.8125047e-02  8.5276789e-05  2.3347007e-05
 5.5980535e-02  6.4655524e-05  1.9676180e-05
 5.6000506e-02  6.3376233e-05  1.9268798e-05
 5.8511856e-02  4.7346582e-05  1.7820164e-05
 5.8556526e-02  4.6724280e-05  1.7880074e-05
 5.5318996e-02  9.2584173e-05  3.3882289e-05
 5.5338073e-02  9.4752848e-05  3.5092908e-05
 5.5091700e-02  5.5359934e-05  1.4997216e-05
 5.5112478e-02  5.7520227e-05  1.5519532e-05
 5.8511852e-02  4.7237293e-05  1.5654982e-05
 5.8556532e-02  4.6720118e-05  1.5304328e-05
 5.5318998e-02  9.2561506e-05  2.3834747e-05
 5.5338069e-02  9.4716604e-05  2.4617452e-05
 5.4738657e-02  6.9615278e-05  1.5266970e-05
 5.4746735e-02  6.9283289e-05  1.5177831e-05
 5.5705913e-02  7.6936681e-05  1.5941576e-05
 5.5722870e-02  7.7083093e-05  1.5924586e-05
 5.9127823e-02  6.3971905e-05  1.3468822e-05
 5.9175740e-02  6.3547666e-05  1.3885567e-05
 5.7025176e-02  7.6480232e-05  1.5109176e-05
 5.7058062e-02  7.6630741e-05  1.5215422e-05
 5.8028910e-02  8.5659345e-05  1.8097821e-05
 5.8085283e-02  8.5549932e-05  1.8420992e-05
 5.8625113e-02  4.6257620e-05  9.7370108e-06
 5.8676637e-02  4.8253876e-05  1.0435857e-05
 5.8623218e-02  4.6050464e-05  1.0911918e-05
 5.8675095e-02  4.8219065e-05  1.1707805e-05
 5.6521176e-02  1.0266907e-04  1.8872408e-05
 5.6557535e-02  1.0606574e-04  2.0152948e-05
 5.8511849e-02  4.7350942e-05  1.2309399e-05
 5.8556523e-02  4.6708033e-05  1.2246573e-05
 5.5319001e-02  9.2595276e-05  2.1412678e-05
 5.5338072e-02  9.4809376e-05  2.2329962e-05
 5.8793753e-02  5.7757871e-05  2.3350447e-05
 5.8824540e-02  5.8679860e-05  2.4021070e-05
 5.4494439e-02  6.3503766e-05  2.2317690e-05
 5.4502630e-02  6.4247240e-05  2.2530112e-05
 5.4105488e-02  7.1035977e-05  2.1408450e-05
 5.4113834e-02  7.1436045e-05  2.1570343e-05
 5.4189002e-02  6.9073631e-05  2.4857399e-05
 5.4197761e-02  6.8961404e-05  2.4706931e-05
 5.3882048e-02  3.9019178e-05  1.7235784e-05
 5.3882067e-02  3.9017716e-05  1.7234697e-05
 5.4739186e-02  6.9582853e-05  1.5743565e-05
 5.4747207e-02  6.9308347e-05  1.5680573e-05
 5.5981678e-02  6.4527516e-05  1.2092909e-05
 5.6001503e-02  6.3363826e-05  1.1826366e-05
 5.8070691e-02  8.5091207e-05  1.8822973e-05
 5.8122484e-02  8.5308915e-05  1.9040721e-05
 5.7531896e-02  5.8061266e-05  1.2465398e-05
 5.7565874e-02  5.9458227e-05  1.3033731e-05
 5.6439653e-02  8.8254574e-05  1.5229175e-05
 5.6475368e-02  9.3631844e-05  1.7039796e-05
 5.5091705e-02  5.5381865e-05  1.1328141e-05
 5.5112480e-02  5.7570154e-05  1.1751706e-05
 5.4105492e-02  7.1047013e-05  2.8652842e-05
 5.4113834e-02  7.1472335e-05  2.8813764e-05
 5.3551341e-02  3.7122167e-05  9.6382963e-06
 5.3551387e-02  3.7120187e-05  9.6376976e-06
 5.3471775e-02  4.4389008e-05  9.5843423e-06
 5.3474667e-02  4.4287058e-05  9.5789895e-06
 5.3472206e-02  4.4365617e-05  9.0285732e-06
 5.3475085e-02  4.4275271e-05  9.0271881e-06
 5.4189973e-02  6.9044314e-05  2.4490629e-05
 5.4198604e-02  6.8992112e-05  2.4375937e-05
 5.5320599e-02  9.2703892e-05  2.2364962e-05
 5.5339392e-02  9.4956539e-05  2.3185210e-05
 5.8509009e-02  4.7417197e-05  1.5321508e-05
 5.8554168e-02  4.6692903e-05  1.4842935e-05
 5.6787810e-02  9.1190045e-05  2.2833016e-05
 5.6819002e-02  8.8589248e-05  2.2245450e-05
 5.6785551e-02  9.1474736e-05  2.3321973e-05
 5.6817165e-02  8.8662547e-05  2.2363833e-05
 5.8511851e-02  4.7251658e-05  1.4763606e-05
 5.8556528e-02  4.6755108e-05  1.4786190e-05
 5.5319000e-02  9.2609247e-05  2.2144735e-05
 5.5338076e-02  9.4802712e-05  2.3009252e-05
 5.4189006e-02  6.9094376e-05  2.8145266e-05
 5.4197766e-02  6.9002545e-05  2.7899552e-05
 5.3471779e-02  4.4384644e-05  9.7436051e-06
 5.3474667e-02  4.4290825e-05  9.7308318e-06
 5.3224589e-02  4.4458231e-05  1.1345078e-05
 5.3227491e-02  4.4618682e-05  1.1374069e-05
 5.2807660e-02  4.9038779e-05  5.0626791e-06
 5.2807660e-02  4.9045037e-05  5.0557225e-06
 5.3224588e-02  4.4440667e-05  9.4677516e-06
 5.3227490e-02  4.4626950e-05  9.5401794e-06
 5.4106317e-02  7.1054036e-05  1.8048814e-05
 5.4114486e-02  7.1497789e-05  1.8243027e-05
 5.5383355e-02  9.5558782e-05  2.6238164e-05
 5.5398369e-02  9.6404719e-05  2.6774565e-05
 5.7560625e-02  6.2881434e-05  1.6406496e-05
 5.7583316e-02  6.3519465e-05  1.7522194e-05
 5.6972795e-02  7.4351812e-05  2.3818262e-05
 5.6995518e-02  7.4767212e-05  2.4640240e-05
 5.5885305e-02  7.3669596e-05  2.0602071e-05
 5.5900344e-02  7.3127171e-05  2.0339029e-05
 5.8793751e-02  5.7703143e-05  2.4691223e-05
 5.8824542e-02  5.8730365e-05  2.5400244e-05
 5.4494439e-02  6.3513594e-05  2.0254597e-05
 5.4502633e-02  6.4260257e-05  2.0516385e-05
 5.3471513e-02  4.4384158e-05  7.5617429e-06
 5.3474426e-02  4.4295641e-05  7.4970018e-06
 5.2892592e-02  5.4692998e-05  5.1672261e-06
 5.2892595e-02  5.4702720e-05  5.1776806e-06
 5.3224588e-02  4.4439808e-05  7.2068235e-06
 5.3227493e-02  4.4620326e-05  7.2006616e-06
 5.3472207e-02  4.4349703e-05  6.3499424e-06
 5.3475085e-02  4.4284014e-05  6.3347587e-06
 5.4189975e-02  6.9050705e-05  1.6527155e-05
 5.4198604e-02  6.9000558e-05  1.6683975e-05
 5.5320602e-02  9.2728041e-05  2.8665154e-05
 5.5339393e-02  9.4957158e-05  2.9796426e-05
 5.8509007e-02  4.7365998e-05  1.6854774e-05
 5.8554167e-02  4.6719035e-05  1.6789851e-05
 5.6787813e-02  9.1228928e-05  2.8123958e-05
 5.6819003e-02  8.8570674e-05  2.7131166e-05
 5.6785548e-02  9.1398966e-05  2.8209642e-05
 5.6817165e-02  8.8700046e-05  2.7229946e-05
 5.8511853e-02  4.7285341e-05  1.6842721e-05
 5.8556528e-02  4.6733703e-05  1.6933836e-05
 5.5318998e-02  9.2547771e-05  2.8740082e-05
 5.5338077e-02  9.4820727e-05  2.9969624e-05
 5.4189003e-02  6.9051799e-05  1.5922335e-05
 5.4197768e-02  6.9003220e-05  1.6034992e-05
 5.3471776e-02  4.4355318e-05  6.8880003e-06
 5.3474670e-02  4.4290525e-05  6.8869467e-06
 5.4106317e-02  7.1030007e-05  2.3795217e-05
 5.4114490e-02  7.1460173e-05  2.3909129e-05
 5.4189974e-02  6.9040326e-05  2.2423628e-05
 5.4198606e-02  6.8972418e-05  2.2255607e-05
 5.4739786e-02  6.9567989e-05  2.2808699e-05
 5.4747763e-02  6.9282257e-05  2.2626792e-05
 5.5707292e-02  7.6962408e-05  3.2221701e-05
 5.5724044e-02  7.7122324e-05  3.2526709e-05
 5.7026832e-02  7.6554936e-05  2.7597005e-05
 5.7059408e-02  7.6665632e-05  2.8123902e-05
 5.8028595e-02  8.5574778e-05  2.4951068e-05
 5.8084978e-02  8.5613213e-05  2.5610126e-05
 5.9125974e-02  6.3995384e-05  2.9392500e-05
 5.9174200e-02  6.3584537e-05  2.9941562e-05
 5.8625119e-02  4.6190630e-05  1.7950333e-05
 5.8676646e-02  4.8309239e-05  1.9747226e-05
 5.6521174e-02  1.0256962e-04  2.6980213e-05
 5.6557539e-02  1.0609363e-04  2.8782953e-05
 5.8623214e-02  4.6141934e-05  1.8056919e-05
 5.8675099e-02  4.8116887e-05  1.9821799e-05
 5.5319297e-02  9.2537453e-05  2.8345546e-05
 5.5338369e-02  9.4839557e-05  2.9468243e-05
 5.8509939e-02  4.7336779e-05  1.7031009e-05
 5.8555032e-02  4.6607740e-05  1.7079730e-05
 5.4495029e-02  6.3498479e-05  1.8799293e-05
 5.4503131e-02  6.4296149e-05  1.9160170e-05
 5.8791916e-02  5.7676733e-05  2.4642556e-05
 5.8823166e-02  5.8555833e-05  2.5431217e-05
 5.5383354e-02  9.5504730e-05  1.9173494e-05
 5.5398374e-02  9.6323993e-05  1.9462943e-05
 5.7560630e-02  6.2824382e-05  1.2032555e-05
 5.7583308e-02  6.3457641e-05  1.2298250e-05
 5.5320600e-02  9.2693134e-05  1.8804000e-05
 5.5339396e-02  9.4882853e-05  1.9461192e-05
 5.8509013e-02  4.7333266e-05  1.2312553e-05
 5.8554158e-02  4.6692329e-05  1.2214668e-05
 5.5707290e-02  7.6954783e-05  1.9946062e-05
 5.5724044e-02  7.7077435e-05  2.0206701e-05
 5.6512028e-02  8.6903560e-05  2.9240842e-05
 5.6526446e-02  8.8784365e-05  2.9994562e-05
 5.8681082e-02  5.5109045e-05  1.9176991e-05
 5.8702902e-02  5.6411416e-05  2.0379974e-05
 5.7673713e-02  7.8649992e-05  3.6314458e-05
 5.7699929e-02  8.0841338e-05  3.8579962e-05
 5.7672035e-02  7.8617027e-05  3.6781299e-05
 5.7698529e-02  8.0622578e-05  3.9214955e-05
 5.9127830e-02  6.3939517e-05  2.8912213e-05
 5.9175751e-02  6.3683751e-05  2.9484858e-05
 5.8028911e-02  8.5528012e-05  2.4945847e-05
 5.8085285e-02  8.5600450e-05  2.5620973e-05
 5.7025173e-02  7.6563989e-05  2.7525394e-05
 5.7058068e-02  7.6513256e-05  2.7928213e-05
 5.6786176e-02  9.1260569e-05  2.7928762e-05
 5.6817756e-02  8.8644838e-05  2.7031014e-05
 5.6786170e-02  9.1358298e-05  2.8480018e-05
 5.6817752e-02  8.8502973e-05  2.7410993e-05
 5.5886262e-02  7.3525919e-05  2.3288793e-05
 5.5901103e-02  7.3093976e-05  2.3364698e-05
 5.6971229e-02  7.4369622e-05  2.3122876e-05
 5.6994400e-02  7.4577199e-05  2.3871904e-05
 5.6972793e-02  7.4307314e-05  1.8345756e-05
 5.6995523e-02  7.4693280e-05  1.8496371e-05
 5.5885309e-02  7.3608074e-05  1.3304329e-05
 5.5900336e-02  7.3061475e-05  1.3225582e-05
 5.6787810e-02  9.1183631e-05  1.9719021e-05
 5.6819005e-02  8.8476854e-05  1.8896546e-05
 5.6785552e-02  9.1348013e-05  1.9917796e-05
 5.6817156e-02  8.8656264e-05  1.9192432e-05
 5.7026829e-02  7.6539070e-05  1.9354289e-05
 5.7059407e-02  7.6592117e-05  1.9479281e-05
 5.8028597e-02  8.5549971e-05  1.8760738e-05
 5.8084970e-02  8.5590111e-05  1.9146875e-05
 5.9125983e-02  6.4002139e-05  2.1065549e-05
 5.9174199e-02  6.3666521e-05  2.1280495e-05
 5.7673712e-02  7.8658223e-05  2.4411219e-05
 5.7699926e-02  8.0788066e-05  2.5646984e-05
 5.7672041e-02  7.8608750e-05  2.4746722e-05
 5.7698526e-02  8.0680833e-05  2.6098613e-05
 5.8682840e-02  5.5108829e-05  1.8256004e-05
 5.8704329e-02  5.6584361e-05  1.9325480e-05
 5.6510526e-02  8.6850946e-05  2.7550226e-05
 5.6525165e-02  8.8567603e-05  2.8487357e-05
 5.5705910e-02  7.7005805e-05  3.2273869e-05
 5.5722876e-02  7.7025007e-05  3.2618846e-05
 5.8509947e-02  4.7240265e-05  1.6814441e-05
 5.8555037e-02  4.6696643e-05  1.6990647e-05
 5.5319293e-02  9.2595212e-05  2.8381065e-05
 5.5338365e-02  9.4742826e-05  2.9453622e-05
 5.7561925e-02  6.2770966e-05  1.9976804e-05
 5.7584340e-02  6.3563725e-05  2.0988067e-05
 5.5382149e-02  9.5497607e-05  2.5096370e-05
 5.5397495e-02  9.6218360e-05  2.5530757e-05
 5.8793749e-02  5.7666802e-05  2.0016041e-05
 5.8824546e-02  5.8665119e-05  2.0524502e-05
 5.4494441e-02  6.3474135e-05  1.4645788e-05
 5.4502625e-02  6.4214241e-05  1.4723162e-05
 5.8511849e-02  4.7275308e-05  1.2726316e-05
 5.8556528e-02  4.6683649e-05  1.2380915e-05
 5.5318999e-02  9.2516313e-05  1.9072793e-05
 5.5338069e-02  9.4786089e-05  1.9728761e-05
 5.8625114e-02  4.6192833e-05  1.3329683e-05
 5.8676641e-02  4.8253168e-05  1.4304577e-05
 5.6521173e-02  1.0256097e-04  1.9312545e-05
 5.6557531e-02  1.0607867e-04  2.0517129e-05
 5.8623222e-02  4.6140124e-05  1.3433086e-05
 5.8675100e-02  4.8177243e-05  1.4346858e-05
 5.9127826e-02  6.3932810e-05  2.0739663e-05
 5.9175744e-02  6.3608094e-05  2.0976040e-05
 5.8028908e-02  8.5540252e-05  1.8805638e-05
 5.8085277e-02  8.5601399e-05  1.9218229e-05
 5.7025180e-02  7.6580586e-05  1.9396820e-05
 5.7058066e-02  7.6595255e-05  1.9468535e-05
 5.5705915e-02  7.7013202e-05  2.0035234e-05
 5.5722874e-02  7.7076022e-05  2.0309305e-05
 5.4738656e-02  6.9653397e-05  2.1397182e-05
 5.4746741e-02  6.9300922e-05  2.1259555e-05
 5.4189001e-02  6.9080963e-05  1.5660560e-05
 5.4197765e-02  6.8967089e-05  1.5787758e-05
 5.4105489e-02  7.1027164e-05  1.6317063e-05
 5.4113833e-02  7.1412769e-05  1.6457339e-05
 5.3471514e-02  4.4377293e-05  5.5334665e-06
 5.3474420e-02  4.4285700e-05  5.5392198e-06
 5.4189003e-02  6.9044461e-05  1.9337293e-05
 5.4197761e-02  6.8994178e-05  1.9224428e-05
 5.5319294e-02  9.2550608e-05  1.8597782e-05
 5.5338362e-02  9.4846957e-05  1.9230662e-05
 5.8509944e-02  4.7351180e-05  1.2955871e-05
 5.8555034e-02  4.6664392e-05  1.2541211e-05
 5.6786172e-02  9.1295817e-05  1.9526135e-05
 5.6817750e-02  8.8666357e-05  1.8863661e-05
 5.6786176e-02  9.1410193e-05  2.0033816e-05
 5.6817752e-02  8.8610017e-05  1.9135429e-05
 5.8509941e-02  4.7266627e-05  1.2228733e-05
 5.8555031e-02  4.6712170e-05  1.2257778e-05
 5.5319298e-02  9.2635854e-05  1.8355447e-05
 5.5338364e-02  9.4829214e-05  1.8976598e-05
 5.4189005e-02  6.9093314e-05  2.2158413e-05
 5.4197763e-02  6.9001386e-05  2.1963961e-05
 5.3471513e-02  4.4390615e-05  6.0248605e-06
 5.3474424e-02  4.4294428e-05  5.9960060e-06
 5.3224091e-02  4.4436148e-05  6.2909383e-06
 5.3227046e-02  4.4596314e-05  6.3300054e-06
 5.2892591e-02  5.4696283e-05  1.0062126e-06
 5.2892593e-02  5.4696040e-05  1.0062182e-06
 5.3471775e-02  4.4357458e-05  5.1705050e-06
 5.3474666e-02  4.4294287e-05  5.1880511e-06
 5.4495027e-02  6.3523999e-05  1.4164811e-05
 5.4503126e-02  6.4323272e-05  1.4334320e-05
 5.8791917e-02  5.7718544e-05  1.9928889e-05
 5.8823170e-02  5.8629518e-05  2.0506414e-05
 5.5886259e-02  7.3574341e-05  1.6139380e-05
 5.5901098e-02  7.3141131e-05  1.6244562e-05
 5.6971230e-02  7.4423069e-05  1.7927273e-05
 5.6994403e-02  7.4664793e-05  1.8055000e-05
 5.7561921e-02  6.2820126e-05  1.5421830e-05
 5.7584335e-02  6.3610232e-05  1.5525608e-05
 5.5382151e-02  9.5564120e-05  1.8183638e-05
 5.5397497e-02  9.6317007e-05  1.8443958e-05
 5.4105492e-02  7.1059204e-05  2.2716496e-05
 5.4113834e-02  7.1462070e-05  2.2816751e-05
 5.3224093e-02  4.4437257e-05  4.6726618e-06
 5.3227046e-02  4.4604826e-05  4.6777745e-06
 5.2807426e-02  4.9039314e-05  2.8474508e-07
 5.2807431e-02  4.9039123e-05  2.8498931e-07
