--------------------------------------------------------------------------
By default, for Open MPI 4.0 and later, infiniband ports on a device
are not used by default.  The intent is to use UCX for these devices.
You can override this policy by setting the btl_openib_allow_ib MCA parameter
to true.

  Local host:              krnode15
  Local adapter:           mlx4_0
  Local port:              1

--------------------------------------------------------------------------
--------------------------------------------------------------------------
WARNING: There was an error initializing an OpenFabrics device.

  Local host:   krnode15
  Local device: mlx4_0
--------------------------------------------------------------------------
[krnode01.krhpc:31991] 95 more processes have sent help message help-mpi-btl-openib.txt / ib port not selected
[krnode01.krhpc:31991] Set MCA parameter "orte_base_help_aggregate" to 0 to see all help / error messages
[krnode01.krhpc:31991] 95 more processes have sent help message help-mpi-btl-openib.txt / error in device init
[krnode07.krhpc:07075] mca_base_component_repository_open: unable to open mca_fs_lustre: liblustreapi.so: cannot open shared object file: No such file or directory (ignored)
[krnode03.krhpc:28268] mca_base_component_repository_open: unable to open mca_fs_lustre: liblustreapi.so: cannot open shared object file: No such file or directory (ignored)
[krnode07.krhpc:07081] mca_base_component_repository_open: unable to open mca_fs_lustre: liblustreapi.so: cannot open shared object file: No such file or directory (ignored)
[krnode01.krhpc:32045] mca_base_component_repository_open: unable to open mca_fs_lustre: liblustreapi.so: cannot open shared object file: No such file or directory (ignored)
[krnode01.krhpc:32030] mca_base_component_repository_open: unable to open mca_fs_lustre: liblustreapi.so: cannot open shared object file: No such file or directory (ignored)
[krnode01.krhpc:32031] mca_base_component_repository_open: unable to open mca_fs_lustre: liblustreapi.so: cannot open shared object file: No such file or directory (ignored)
[krnode01.krhpc:32032] mca_base_component_repository_open: unable to open mca_fs_lustre: liblustreapi.so: cannot open shared object file: No such file or directory (ignored)
[krnode01.krhpc:32033] mca_base_component_repository_open: unable to open mca_fs_lustre: liblustreapi.so: cannot open shared object file: No such file or directory (ignored)
[krnode01.krhpc:32034] mca_base_component_repository_open: unable to open mca_fs_lustre: liblustreapi.so: cannot open shared object file: No such file or directory (ignored)
[krnode01.krhpc:32035] mca_base_component_repository_open: unable to open mca_fs_lustre: liblustreapi.so: cannot open shared object file: No such file or directory (ignored)
[krnode01.krhpc:32036] mca_base_component_repository_open: unable to open mca_fs_lustre: liblustreapi.so: cannot open shared object file: No such file or directory (ignored)
[krnode01.krhpc:32037] mca_base_component_repository_open: unable to open mca_fs_lustre: liblustreapi.so: cannot open shared object file: No such file or directory (ignored)
[krnode01.krhpc:32038] mca_base_component_repository_open: unable to open mca_fs_lustre: liblustreapi.so: cannot open shared object file: No such file or directory (ignored)
[krnode01.krhpc:32039] mca_base_component_repository_open: unable to open mca_fs_lustre: liblustreapi.so: cannot open shared object file: No such file or directory (ignored)
[krnode01.krhpc:32040] mca_base_component_repository_open: unable to open mca_fs_lustre: liblustreapi.so: cannot open shared object file: No such file or directory (ignored)
[krnode01.krhpc:32041] mca_base_component_repository_open: unable to open mca_fs_lustre: liblustreapi.so: cannot open shared object file: No such file or directory (ignored)
[krnode01.krhpc:32042] mca_base_component_repository_open: unable to open mca_fs_lustre: liblustreapi.so: cannot open shared object file: No such file or directory (ignored)
[krnode01.krhpc:32043] mca_base_component_repository_open: unable to open mca_fs_lustre: liblustreapi.so: cannot open shared object file: No such file or directory (ignored)
[krnode01.krhpc:32044] mca_base_component_repository_open: unable to open mca_fs_lustre: liblustreapi.so: cannot open shared object file: No such file or directory (ignored)
[krnode07.krhpc:07083] mca_base_component_repository_open: unable to open mca_fs_lustre: liblustreapi.so: cannot open shared object file: No such file or directory (ignored)
[krnode10.krhpc:24654] mca_base_component_repository_open: unable to open mca_fs_lustre: liblustreapi.so: cannot open shared object file: No such file or directory (ignored)
[krnode12.krhpc:20660] mca_base_component_repository_open: unable to open mca_fs_lustre: liblustreapi.so: cannot open shared object file: No such file or directory (ignored)
[krnode03.krhpc:28269] mca_base_component_repository_open: unable to open mca_fs_lustre: liblustreapi.so: cannot open shared object file: No such file or directory (ignored)
[krnode16.krhpc:04235] mca_base_component_repository_open: unable to open mca_fs_lustre: liblustreapi.so: cannot open shared object file: No such file or directory (ignored)
[krnode15.krhpc:20368] mca_base_component_repository_open: unable to open mca_fs_lustre: liblustreapi.so: cannot open shared object file: No such file or directory (ignored)
[krnode09.krhpc:20902] mca_base_component_repository_open: unable to open mca_fs_lustre: liblustreapi.so: cannot open shared object file: No such file or directory (ignored)
[krnode08.krhpc:23894] mca_base_component_repository_open: unable to open mca_fs_lustre: liblustreapi.so: cannot open shared object file: No such file or directory (ignored)
[krnode13.krhpc:03489] mca_base_component_repository_open: unable to open mca_fs_lustre: liblustreapi.so: cannot open shared object file: No such file or directory (ignored)
[krnode11.krhpc:12759] mca_base_component_repository_open: unable to open mca_fs_lustre: liblustreapi.so: cannot open shared object file: No such file or directory (ignored)
[krnode06.krhpc:25168] mca_base_component_repository_open: unable to open mca_fs_lustre: liblustreapi.so: cannot open shared object file: No such file or directory (ignored)
[krnode05.krhpc:26248] mca_base_component_repository_open: unable to open mca_fs_lustre: liblustreapi.so: cannot open shared object file: No such file or directory (ignored)
[krnode14.krhpc:10250] mca_base_component_repository_open: unable to open mca_fs_lustre: liblustreapi.so: cannot open shared object file: No such file or directory (ignored)
[krnode07.krhpc:07085] mca_base_component_repository_open: unable to open mca_fs_lustre: liblustreapi.so: cannot open shared object file: No such file or directory (ignored)
[krnode10.krhpc:24656] mca_base_component_repository_open: unable to open mca_fs_lustre: liblustreapi.so: cannot open shared object file: No such file or directory (ignored)
[krnode12.krhpc:20659] mca_base_component_repository_open: unable to open mca_fs_lustre: liblustreapi.so: cannot open shared object file: No such file or directory (ignored)
[krnode03.krhpc:28271] mca_base_component_repository_open: unable to open mca_fs_lustre: liblustreapi.so: cannot open shared object file: No such file or directory (ignored)
[krnode16.krhpc:04236] mca_base_component_repository_open: unable to open mca_fs_lustre: liblustreapi.so: cannot open shared object file: No such file or directory (ignored)
[krnode15.krhpc:20374] mca_base_component_repository_open: unable to open mca_fs_lustre: liblustreapi.so: cannot open shared object file: No such file or directory (ignored)
[krnode09.krhpc:20915] mca_base_component_repository_open: unable to open mca_fs_lustre: liblustreapi.so: cannot open shared object file: No such file or directory (ignored)
[krnode08.krhpc:23882] mca_base_component_repository_open: unable to open mca_fs_lustre: liblustreapi.so: cannot open shared object file: No such file or directory (ignored)
[krnode04.krhpc:18669] mca_base_component_repository_open: unable to open mca_fs_lustre: liblustreapi.so: cannot open shared object file: No such file or directory (ignored)
[krnode13.krhpc:03491] mca_base_component_repository_open: unable to open mca_fs_lustre: liblustreapi.so: cannot open shared object file: No such file or directory (ignored)
[krnode11.krhpc:12772] mca_base_component_repository_open: unable to open mca_fs_lustre: liblustreapi.so: cannot open shared object file: No such file or directory (ignored)
[krnode06.krhpc:25160] mca_base_component_repository_open: unable to open mca_fs_lustre: liblustreapi.so: cannot open shared object file: No such file or directory (ignored)
[krnode05.krhpc:26250] mca_base_component_repository_open: unable to open mca_fs_lustre: liblustreapi.so: cannot open shared object file: No such file or directory (ignored)
[krnode14.krhpc:10255] mca_base_component_repository_open: unable to open mca_fs_lustre: liblustreapi.so: cannot open shared object file: No such file or directory (ignored)
[krnode07.krhpc:07079] mca_base_component_repository_open: unable to open mca_fs_lustre: liblustreapi.so: cannot open shared object file: No such file or directory (ignored)
[krnode10.krhpc:24658] mca_base_component_repository_open: unable to open mca_fs_lustre: liblustreapi.so: cannot open shared object file: No such file or directory (ignored)
[krnode12.krhpc:20662] mca_base_component_repository_open: unable to open mca_fs_lustre: liblustreapi.so: cannot open shared object file: No such file or directory (ignored)
[krnode03.krhpc:28265] mca_base_component_repository_open: unable to open mca_fs_lustre: liblustreapi.so: cannot open shared object file: No such file or directory (ignored)
[krnode16.krhpc:04241] mca_base_component_repository_open: unable to open mca_fs_lustre: liblustreapi.so: cannot open shared object file: No such file or directory (ignored)
[krnode15.krhpc:20378] mca_base_component_repository_open: unable to open mca_fs_lustre: liblustreapi.so: cannot open shared object file: No such file or directory (ignored)
[krnode09.krhpc:20901] mca_base_component_repository_open: unable to open mca_fs_lustre: liblustreapi.so: cannot open shared object file: No such file or directory (ignored)
[krnode08.krhpc:23883] mca_base_component_repository_open: unable to open mca_fs_lustre: liblustreapi.so: cannot open shared object file: No such file or directory (ignored)
[krnode04.krhpc:18673] mca_base_component_repository_open: unable to open mca_fs_lustre: liblustreapi.so: cannot open shared object file: No such file or directory (ignored)
[krnode02.krhpc:14361] mca_base_component_repository_open: unable to open mca_fs_lustre: liblustreapi.so: cannot open shared object file: No such file or directory (ignored)
[krnode13.krhpc:03497] mca_base_component_repository_open: unable to open mca_fs_lustre: liblustreapi.so: cannot open shared object file: No such file or directory (ignored)
[krnode11.krhpc:12761] mca_base_component_repository_open: unable to open mca_fs_lustre: liblustreapi.so: cannot open shared object file: No such file or directory (ignored)
[krnode06.krhpc:25157] mca_base_component_repository_open: unable to open mca_fs_lustre: liblustreapi.so: cannot open shared object file: No such file or directory (ignored)
[krnode05.krhpc:26256] mca_base_component_repository_open: unable to open mca_fs_lustre: liblustreapi.so: cannot open shared object file: No such file or directory (ignored)
[krnode14.krhpc:10261] mca_base_component_repository_open: unable to open mca_fs_lustre: liblustreapi.so: cannot open shared object file: No such file or directory (ignored)
[krnode07.krhpc:07088] mca_base_component_repository_open: unable to open mca_fs_lustre: liblustreapi.so: cannot open shared object file: No such file or directory (ignored)
[krnode10.krhpc:24651] mca_base_component_repository_open: unable to open mca_fs_lustre: liblustreapi.so: cannot open shared object file: No such file or directory (ignored)
[krnode12.krhpc:20663] mca_base_component_repository_open: unable to open mca_fs_lustre: liblustreapi.so: cannot open shared object file: No such file or directory (ignored)
[krnode03.krhpc:28266] mca_base_component_repository_open: unable to open mca_fs_lustre: liblustreapi.so: cannot open shared object file: No such file or directory (ignored)
[krnode16.krhpc:04243] mca_base_component_repository_open: unable to open mca_fs_lustre: liblustreapi.so: cannot open shared object file: No such file or directory (ignored)
[krnode15.krhpc:20369] mca_base_component_repository_open: unable to open mca_fs_lustre: liblustreapi.so: cannot open shared object file: No such file or directory (ignored)
[krnode09.krhpc:20916] mca_base_component_repository_open: unable to open mca_fs_lustre: liblustreapi.so: cannot open shared object file: No such file or directory (ignored)
[krnode08.krhpc:23884] mca_base_component_repository_open: unable to open mca_fs_lustre: liblustreapi.so: cannot open shared object file: No such file or directory (ignored)
[krnode04.krhpc:18681] mca_base_component_repository_open: unable to open mca_fs_lustre: liblustreapi.so: cannot open shared object file: No such file or directory (ignored)
[krnode02.krhpc:14350] mca_base_component_repository_open: unable to open mca_fs_lustre: liblustreapi.so: cannot open shared object file: No such file or directory (ignored)
[krnode13.krhpc:03498] mca_base_component_repository_open: unable to open mca_fs_lustre: liblustreapi.so: cannot open shared object file: No such file or directory (ignored)
[krnode11.krhpc:12762] mca_base_component_repository_open: unable to open mca_fs_lustre: liblustreapi.so: cannot open shared object file: No such file or directory (ignored)
[krnode06.krhpc:25166] mca_base_component_repository_open: unable to open mca_fs_lustre: liblustreapi.so: cannot open shared object file: No such file or directory (ignored)
[krnode05.krhpc:26257] mca_base_component_repository_open: unable to open mca_fs_lustre: liblustreapi.so: cannot open shared object file: No such file or directory (ignored)
[krnode14.krhpc:10264] mca_base_component_repository_open: unable to open mca_fs_lustre: liblustreapi.so: cannot open shared object file: No such file or directory (ignored)
[krnode07.krhpc:07076] mca_base_component_repository_open: unable to open mca_fs_lustre: liblustreapi.so: cannot open shared object file: No such file or directory (ignored)
[krnode10.krhpc:24653] mca_base_component_repository_open: unable to open mca_fs_lustre: liblustreapi.so: cannot open shared object file: No such file or directory (ignored)
[krnode12.krhpc:20664] mca_base_component_repository_open: unable to open mca_fs_lustre: liblustreapi.so: cannot open shared object file: No such file or directory (ignored)
[krnode03.krhpc:28267] mca_base_component_repository_open: unable to open mca_fs_lustre: liblustreapi.so: cannot open shared object file: No such file or directory (ignored)
[krnode16.krhpc:04233] mca_base_component_repository_open: unable to open mca_fs_lustre: liblustreapi.so: cannot open shared object file: No such file or directory (ignored)
[krnode15.krhpc:20371] mca_base_component_repository_open: unable to open mca_fs_lustre: liblustreapi.so: cannot open shared object file: No such file or directory (ignored)
[krnode09.krhpc:20904] mca_base_component_repository_open: unable to open mca_fs_lustre: liblustreapi.so: cannot open shared object file: No such file or directory (ignored)
[krnode08.krhpc:23886] mca_base_component_repository_open: unable to open mca_fs_lustre: liblustreapi.so: cannot open shared object file: No such file or directory (ignored)
[krnode04.krhpc:18682] mca_base_component_repository_open: unable to open mca_fs_lustre: liblustreapi.so: cannot open shared object file: No such file or directory (ignored)
[krnode02.krhpc:14362] mca_base_component_repository_open: unable to open mca_fs_lustre: liblustreapi.so: cannot open shared object file: No such file or directory (ignored)
[krnode13.krhpc:03488] mca_base_component_repository_open: unable to open mca_fs_lustre: liblustreapi.so: cannot open shared object file: No such file or directory (ignored)
[krnode11.krhpc:12765] mca_base_component_repository_open: unable to open mca_fs_lustre: liblustreapi.so: cannot open shared object file: No such file or directory (ignored)
[krnode06.krhpc:25171] mca_base_component_repository_open: unable to open mca_fs_lustre: liblustreapi.so: cannot open shared object file: No such file or directory (ignored)
[krnode05.krhpc:26258] mca_base_component_repository_open: unable to open mca_fs_lustre: liblustreapi.so: cannot open shared object file: No such file or directory (ignored)
[krnode14.krhpc:10252] mca_base_component_repository_open: unable to open mca_fs_lustre: liblustreapi.so: cannot open shared object file: No such file or directory (ignored)
[krnode07.krhpc:07077] mca_base_component_repository_open: unable to open mca_fs_lustre: liblustreapi.so: cannot open shared object file: No such file or directory (ignored)
[krnode10.krhpc:24657] mca_base_component_repository_open: unable to open mca_fs_lustre: liblustreapi.so: cannot open shared object file: No such file or directory (ignored)
[krnode12.krhpc:20671] mca_base_component_repository_open: unable to open mca_fs_lustre: liblustreapi.so: cannot open shared object file: No such file or directory (ignored)
[krnode03.krhpc:28273] mca_base_component_repository_open: unable to open mca_fs_lustre: liblustreapi.so: cannot open shared object file: No such file or directory (ignored)
[krnode16.krhpc:04234] mca_base_component_repository_open: unable to open mca_fs_lustre: liblustreapi.so: cannot open shared object file: No such file or directory (ignored)
[krnode15.krhpc:20375] mca_base_component_repository_open: unable to open mca_fs_lustre: liblustreapi.so: cannot open shared object file: No such file or directory (ignored)
[krnode09.krhpc:20910] mca_base_component_repository_open: unable to open mca_fs_lustre: liblustreapi.so: cannot open shared object file: No such file or directory (ignored)
[krnode08.krhpc:23888] mca_base_component_repository_open: unable to open mca_fs_lustre: liblustreapi.so: cannot open shared object file: No such file or directory (ignored)
[krnode04.krhpc:18671] mca_base_component_repository_open: unable to open mca_fs_lustre: liblustreapi.so: cannot open shared object file: No such file or directory (ignored)
[krnode02.krhpc:14364] mca_base_component_repository_open: unable to open mca_fs_lustre: liblustreapi.so: cannot open shared object file: No such file or directory (ignored)
[krnode13.krhpc:03493] mca_base_component_repository_open: unable to open mca_fs_lustre: liblustreapi.so: cannot open shared object file: No such file or directory (ignored)
[krnode11.krhpc:12757] mca_base_component_repository_open: unable to open mca_fs_lustre: liblustreapi.so: cannot open shared object file: No such file or directory (ignored)
[krnode06.krhpc:25161] mca_base_component_repository_open: unable to open mca_fs_lustre: liblustreapi.so: cannot open shared object file: No such file or directory (ignored)
[krnode05.krhpc:26259] mca_base_component_repository_open: unable to open mca_fs_lustre: liblustreapi.so: cannot open shared object file: No such file or directory (ignored)
[krnode14.krhpc:10253] mca_base_component_repository_open: unable to open mca_fs_lustre: liblustreapi.so: cannot open shared object file: No such file or directory (ignored)
[krnode07.krhpc:07078] mca_base_component_repository_open: unable to open mca_fs_lustre: liblustreapi.so: cannot open shared object file: No such file or directory (ignored)
[krnode10.krhpc:24661] mca_base_component_repository_open: unable to open mca_fs_lustre: liblustreapi.so: cannot open shared object file: No such file or directory (ignored)
[krnode12.krhpc:20672] mca_base_component_repository_open: unable to open mca_fs_lustre: liblustreapi.so: cannot open shared object file: No such file or directory (ignored)
[krnode03.krhpc:28275] mca_base_component_repository_open: unable to open mca_fs_lustre: liblustreapi.so: cannot open shared object file: No such file or directory (ignored)
[krnode16.krhpc:04238] mca_base_component_repository_open: unable to open mca_fs_lustre: liblustreapi.so: cannot open shared object file: No such file or directory (ignored)
[krnode15.krhpc:20376] mca_base_component_repository_open: unable to open mca_fs_lustre: liblustreapi.so: cannot open shared object file: No such file or directory (ignored)
[krnode09.krhpc:20912] mca_base_component_repository_open: unable to open mca_fs_lustre: liblustreapi.so: cannot open shared object file: No such file or directory (ignored)
[krnode08.krhpc:23893] mca_base_component_repository_open: unable to open mca_fs_lustre: liblustreapi.so: cannot open shared object file: No such file or directory (ignored)
[krnode04.krhpc:18674] mca_base_component_repository_open: unable to open mca_fs_lustre: liblustreapi.so: cannot open shared object file: No such file or directory (ignored)
[krnode02.krhpc:14349] mca_base_component_repository_open: unable to open mca_fs_lustre: liblustreapi.so: cannot open shared object file: No such file or directory (ignored)
[krnode13.krhpc:03486] mca_base_component_repository_open: unable to open mca_fs_lustre: liblustreapi.so: cannot open shared object file: No such file or directory (ignored)
[krnode11.krhpc:12758] mca_base_component_repository_open: unable to open mca_fs_lustre: liblustreapi.so: cannot open shared object file: No such file or directory (ignored)
[krnode06.krhpc:25169] mca_base_component_repository_open: unable to open mca_fs_lustre: liblustreapi.so: cannot open shared object file: No such file or directory (ignored)
[krnode05.krhpc:26252] mca_base_component_repository_open: unable to open mca_fs_lustre: liblustreapi.so: cannot open shared object file: No such file or directory (ignored)
[krnode14.krhpc:10254] mca_base_component_repository_open: unable to open mca_fs_lustre: liblustreapi.so: cannot open shared object file: No such file or directory (ignored)
[krnode07.krhpc:07086] mca_base_component_repository_open: unable to open mca_fs_lustre: liblustreapi.so: cannot open shared object file: No such file or directory (ignored)
[krnode10.krhpc:24652] mca_base_component_repository_open: unable to open mca_fs_lustre: liblustreapi.so: cannot open shared object file: No such file or directory (ignored)
[krnode12.krhpc:20674] mca_base_component_repository_open: unable to open mca_fs_lustre: liblustreapi.so: cannot open shared object file: No such file or directory (ignored)
[krnode03.krhpc:28276] mca_base_component_repository_open: unable to open mca_fs_lustre: liblustreapi.so: cannot open shared object file: No such file or directory (ignored)
[krnode16.krhpc:04230] mca_base_component_repository_open: unable to open mca_fs_lustre: liblustreapi.so: cannot open shared object file: No such file or directory (ignored)
[krnode15.krhpc:20377] mca_base_component_repository_open: unable to open mca_fs_lustre: liblustreapi.so: cannot open shared object file: No such file or directory (ignored)
[krnode09.krhpc:20914] mca_base_component_repository_open: unable to open mca_fs_lustre: liblustreapi.so: cannot open shared object file: No such file or directory (ignored)
[krnode08.krhpc:23896] mca_base_component_repository_open: unable to open mca_fs_lustre: liblustreapi.so: cannot open shared object file: No such file or directory (ignored)
[krnode04.krhpc:18675] mca_base_component_repository_open: unable to open mca_fs_lustre: liblustreapi.so: cannot open shared object file: No such file or directory (ignored)
[krnode02.krhpc:14351] mca_base_component_repository_open: unable to open mca_fs_lustre: liblustreapi.so: cannot open shared object file: No such file or directory (ignored)
[krnode13.krhpc:03494] mca_base_component_repository_open: unable to open mca_fs_lustre: liblustreapi.so: cannot open shared object file: No such file or directory (ignored)
[krnode11.krhpc:12768] mca_base_component_repository_open: unable to open mca_fs_lustre: liblustreapi.so: cannot open shared object file: No such file or directory (ignored)
[krnode06.krhpc:25156] mca_base_component_repository_open: unable to open mca_fs_lustre: liblustreapi.so: cannot open shared object file: No such file or directory (ignored)
[krnode05.krhpc:26253] mca_base_component_repository_open: unable to open mca_fs_lustre: liblustreapi.so: cannot open shared object file: No such file or directory (ignored)
[krnode14.krhpc:10256] mca_base_component_repository_open: unable to open mca_fs_lustre: liblustreapi.so: cannot open shared object file: No such file or directory (ignored)
[krnode07.krhpc:07080] mca_base_component_repository_open: unable to open mca_fs_lustre: liblustreapi.so: cannot open shared object file: No such file or directory (ignored)
[krnode10.krhpc:24665] mca_base_component_repository_open: unable to open mca_fs_lustre: liblustreapi.so: cannot open shared object file: No such file or directory (ignored)
[krnode12.krhpc:20666] mca_base_component_repository_open: unable to open mca_fs_lustre: liblustreapi.so: cannot open shared object file: No such file or directory (ignored)
[krnode03.krhpc:28262] mca_base_component_repository_open: unable to open mca_fs_lustre: liblustreapi.so: cannot open shared object file: No such file or directory (ignored)
[krnode16.krhpc:04244] mca_base_component_repository_open: unable to open mca_fs_lustre: liblustreapi.so: cannot open shared object file: No such file or directory (ignored)
[krnode15.krhpc:20367] mca_base_component_repository_open: unable to open mca_fs_lustre: liblustreapi.so: cannot open shared object file: No such file or directory (ignored)
[krnode09.krhpc:20903] mca_base_component_repository_open: unable to open mca_fs_lustre: liblustreapi.so: cannot open shared object file: No such file or directory (ignored)
[krnode08.krhpc:23881] mca_base_component_repository_open: unable to open mca_fs_lustre: liblustreapi.so: cannot open shared object file: No such file or directory (ignored)
[krnode04.krhpc:18676] mca_base_component_repository_open: unable to open mca_fs_lustre: liblustreapi.so: cannot open shared object file: No such file or directory (ignored)
[krnode02.krhpc:14353] mca_base_component_repository_open: unable to open mca_fs_lustre: liblustreapi.so: cannot open shared object file: No such file or directory (ignored)
[krnode13.krhpc:03490] mca_base_component_repository_open: unable to open mca_fs_lustre: liblustreapi.so: cannot open shared object file: No such file or directory (ignored)
[krnode11.krhpc:12769] mca_base_component_repository_open: unable to open mca_fs_lustre: liblustreapi.so: cannot open shared object file: No such file or directory (ignored)
[krnode06.krhpc:25163] mca_base_component_repository_open: unable to open mca_fs_lustre: liblustreapi.so: cannot open shared object file: No such file or directory (ignored)
[krnode05.krhpc:26246] mca_base_component_repository_open: unable to open mca_fs_lustre: liblustreapi.so: cannot open shared object file: No such file or directory (ignored)
[krnode14.krhpc:10258] mca_base_component_repository_open: unable to open mca_fs_lustre: liblustreapi.so: cannot open shared object file: No such file or directory (ignored)
[krnode07.krhpc:07084] mca_base_component_repository_open: unable to open mca_fs_lustre: liblustreapi.so: cannot open shared object file: No such file or directory (ignored)
[krnode10.krhpc:24655] mca_base_component_repository_open: unable to open mca_fs_lustre: liblustreapi.so: cannot open shared object file: No such file or directory (ignored)
[krnode12.krhpc:20670] mca_base_component_repository_open: unable to open mca_fs_lustre: liblustreapi.so: cannot open shared object file: No such file or directory (ignored)
[krnode03.krhpc:28263] mca_base_component_repository_open: unable to open mca_fs_lustre: liblustreapi.so: cannot open shared object file: No such file or directory (ignored)
[krnode16.krhpc:04231] mca_base_component_repository_open: unable to open mca_fs_lustre: liblustreapi.so: cannot open shared object file: No such file or directory (ignored)
[krnode15.krhpc:20372] mca_base_component_repository_open: unable to open mca_fs_lustre: liblustreapi.so: cannot open shared object file: No such file or directory (ignored)
[krnode09.krhpc:20906] mca_base_component_repository_open: unable to open mca_fs_lustre: liblustreapi.so: cannot open shared object file: No such file or directory (ignored)
[krnode08.krhpc:23889] mca_base_component_repository_open: unable to open mca_fs_lustre: liblustreapi.so: cannot open shared object file: No such file or directory (ignored)
[krnode04.krhpc:18677] mca_base_component_repository_open: unable to open mca_fs_lustre: liblustreapi.so: cannot open shared object file: No such file or directory (ignored)
[krnode02.krhpc:14355] mca_base_component_repository_open: unable to open mca_fs_lustre: liblustreapi.so: cannot open shared object file: No such file or directory (ignored)
[krnode13.krhpc:03487] mca_base_component_repository_open: unable to open mca_fs_lustre: liblustreapi.so: cannot open shared object file: No such file or directory (ignored)
[krnode11.krhpc:12770] mca_base_component_repository_open: unable to open mca_fs_lustre: liblustreapi.so: cannot open shared object file: No such file or directory (ignored)
[krnode06.krhpc:25167] mca_base_component_repository_open: unable to open mca_fs_lustre: liblustreapi.so: cannot open shared object file: No such file or directory (ignored)
[krnode05.krhpc:26261] mca_base_component_repository_open: unable to open mca_fs_lustre: liblustreapi.so: cannot open shared object file: No such file or directory (ignored)
[krnode14.krhpc:10262] mca_base_component_repository_open: unable to open mca_fs_lustre: liblustreapi.so: cannot open shared object file: No such file or directory (ignored)
[krnode07.krhpc:07087] mca_base_component_repository_open: unable to open mca_fs_lustre: liblustreapi.so: cannot open shared object file: No such file or directory (ignored)
[krnode10.krhpc:24659] mca_base_component_repository_open: unable to open mca_fs_lustre: liblustreapi.so: cannot open shared object file: No such file or directory (ignored)
[krnode12.krhpc:20665] mca_base_component_repository_open: unable to open mca_fs_lustre: liblustreapi.so: cannot open shared object file: No such file or directory (ignored)
[krnode03.krhpc:28277] mca_base_component_repository_open: unable to open mca_fs_lustre: liblustreapi.so: cannot open shared object file: No such file or directory (ignored)
[krnode16.krhpc:04237] mca_base_component_repository_open: unable to open mca_fs_lustre: liblustreapi.so: cannot open shared object file: No such file or directory (ignored)
[krnode15.krhpc:20373] mca_base_component_repository_open: unable to open mca_fs_lustre: liblustreapi.so: cannot open shared object file: No such file or directory (ignored)
[krnode09.krhpc:20908] mca_base_component_repository_open: unable to open mca_fs_lustre: liblustreapi.so: cannot open shared object file: No such file or directory (ignored)
[krnode08.krhpc:23891] mca_base_component_repository_open: unable to open mca_fs_lustre: liblustreapi.so: cannot open shared object file: No such file or directory (ignored)
[krnode04.krhpc:18678] mca_base_component_repository_open: unable to open mca_fs_lustre: liblustreapi.so: cannot open shared object file: No such file or directory (ignored)
[krnode02.krhpc:14354] mca_base_component_repository_open: unable to open mca_fs_lustre: liblustreapi.so: cannot open shared object file: No such file or directory (ignored)
[krnode13.krhpc:03492] mca_base_component_repository_open: unable to open mca_fs_lustre: liblustreapi.so: cannot open shared object file: No such file or directory (ignored)
[krnode11.krhpc:12760] mca_base_component_repository_open: unable to open mca_fs_lustre: liblustreapi.so: cannot open shared object file: No such file or directory (ignored)
[krnode06.krhpc:25170] mca_base_component_repository_open: unable to open mca_fs_lustre: liblustreapi.so: cannot open shared object file: No such file or directory (ignored)
[krnode05.krhpc:26249] mca_base_component_repository_open: unable to open mca_fs_lustre: liblustreapi.so: cannot open shared object file: No such file or directory (ignored)
[krnode14.krhpc:10249] mca_base_component_repository_open: unable to open mca_fs_lustre: liblustreapi.so: cannot open shared object file: No such file or directory (ignored)
[krnode07.krhpc:07073] mca_base_component_repository_open: unable to open mca_fs_lustre: liblustreapi.so: cannot open shared object file: No such file or directory (ignored)
[krnode10.krhpc:24660] mca_base_component_repository_open: unable to open mca_fs_lustre: liblustreapi.so: cannot open shared object file: No such file or directory (ignored)
[krnode12.krhpc:20667] mca_base_component_repository_open: unable to open mca_fs_lustre: liblustreapi.so: cannot open shared object file: No such file or directory (ignored)
[krnode03.krhpc:28270] mca_base_component_repository_open: unable to open mca_fs_lustre: liblustreapi.so: cannot open shared object file: No such file or directory (ignored)
[krnode16.krhpc:04240] mca_base_component_repository_open: unable to open mca_fs_lustre: liblustreapi.so: cannot open shared object file: No such file or directory (ignored)
[krnode15.krhpc:20379] mca_base_component_repository_open: unable to open mca_fs_lustre: liblustreapi.so: cannot open shared object file: No such file or directory (ignored)
[krnode09.krhpc:20913] mca_base_component_repository_open: unable to open mca_fs_lustre: liblustreapi.so: cannot open shared object file: No such file or directory (ignored)
[krnode08.krhpc:23895] mca_base_component_repository_open: unable to open mca_fs_lustre: liblustreapi.so: cannot open shared object file: No such file or directory (ignored)
[krnode04.krhpc:18680] mca_base_component_repository_open: unable to open mca_fs_lustre: liblustreapi.so: cannot open shared object file: No such file or directory (ignored)
[krnode02.krhpc:14352] mca_base_component_repository_open: unable to open mca_fs_lustre: liblustreapi.so: cannot open shared object file: No such file or directory (ignored)
[krnode13.krhpc:03495] mca_base_component_repository_open: unable to open mca_fs_lustre: liblustreapi.so: cannot open shared object file: No such file or directory (ignored)
[krnode11.krhpc:12763] mca_base_component_repository_open: unable to open mca_fs_lustre: liblustreapi.so: cannot open shared object file: No such file or directory (ignored)
[krnode06.krhpc:25159] mca_base_component_repository_open: unable to open mca_fs_lustre: liblustreapi.so: cannot open shared object file: No such file or directory (ignored)
[krnode05.krhpc:26251] mca_base_component_repository_open: unable to open mca_fs_lustre: liblustreapi.so: cannot open shared object file: No such file or directory (ignored)
[krnode14.krhpc:10251] mca_base_component_repository_open: unable to open mca_fs_lustre: liblustreapi.so: cannot open shared object file: No such file or directory (ignored)
[krnode07.krhpc:07074] mca_base_component_repository_open: unable to open mca_fs_lustre: liblustreapi.so: cannot open shared object file: No such file or directory (ignored)
[krnode10.krhpc:24663] mca_base_component_repository_open: unable to open mca_fs_lustre: liblustreapi.so: cannot open shared object file: No such file or directory (ignored)
[krnode12.krhpc:20673] mca_base_component_repository_open: unable to open mca_fs_lustre: liblustreapi.so: cannot open shared object file: No such file or directory (ignored)
[krnode03.krhpc:28272] mca_base_component_repository_open: unable to open mca_fs_lustre: liblustreapi.so: cannot open shared object file: No such file or directory (ignored)
[krnode16.krhpc:04242] mca_base_component_repository_open: unable to open mca_fs_lustre: liblustreapi.so: cannot open shared object file: No such file or directory (ignored)
[krnode15.krhpc:20380] mca_base_component_repository_open: unable to open mca_fs_lustre: liblustreapi.so: cannot open shared object file: No such file or directory (ignored)
[krnode09.krhpc:20909] mca_base_component_repository_open: unable to open mca_fs_lustre: liblustreapi.so: cannot open shared object file: No such file or directory (ignored)
[krnode08.krhpc:23887] mca_base_component_repository_open: unable to open mca_fs_lustre: liblustreapi.so: cannot open shared object file: No such file or directory (ignored)
[krnode04.krhpc:18667] mca_base_component_repository_open: unable to open mca_fs_lustre: liblustreapi.so: cannot open shared object file: No such file or directory (ignored)
[krnode02.krhpc:14363] mca_base_component_repository_open: unable to open mca_fs_lustre: liblustreapi.so: cannot open shared object file: No such file or directory (ignored)
[krnode13.krhpc:03499] mca_base_component_repository_open: unable to open mca_fs_lustre: liblustreapi.so: cannot open shared object file: No such file or directory (ignored)
[krnode11.krhpc:12764] mca_base_component_repository_open: unable to open mca_fs_lustre: liblustreapi.so: cannot open shared object file: No such file or directory (ignored)
[krnode06.krhpc:25165] mca_base_component_repository_open: unable to open mca_fs_lustre: liblustreapi.so: cannot open shared object file: No such file or directory (ignored)
[krnode05.krhpc:26247] mca_base_component_repository_open: unable to open mca_fs_lustre: liblustreapi.so: cannot open shared object file: No such file or directory (ignored)
[krnode14.krhpc:10257] mca_base_component_repository_open: unable to open mca_fs_lustre: liblustreapi.so: cannot open shared object file: No such file or directory (ignored)
[krnode07.krhpc:07082] mca_base_component_repository_open: unable to open mca_fs_lustre: liblustreapi.so: cannot open shared object file: No such file or directory (ignored)
[krnode10.krhpc:24664] mca_base_component_repository_open: unable to open mca_fs_lustre: liblustreapi.so: cannot open shared object file: No such file or directory (ignored)
[krnode12.krhpc:20669] mca_base_component_repository_open: unable to open mca_fs_lustre: liblustreapi.so: cannot open shared object file: No such file or directory (ignored)
[krnode03.krhpc:28264] mca_base_component_repository_open: unable to open mca_fs_lustre: liblustreapi.so: cannot open shared object file: No such file or directory (ignored)
[krnode16.krhpc:04232] mca_base_component_repository_open: unable to open mca_fs_lustre: liblustreapi.so: cannot open shared object file: No such file or directory (ignored)
[krnode15.krhpc:20366] mca_base_component_repository_open: unable to open mca_fs_lustre: liblustreapi.so: cannot open shared object file: No such file or directory (ignored)
[krnode09.krhpc:20911] mca_base_component_repository_open: unable to open mca_fs_lustre: liblustreapi.so: cannot open shared object file: No such file or directory (ignored)
[krnode08.krhpc:23885] mca_base_component_repository_open: unable to open mca_fs_lustre: liblustreapi.so: cannot open shared object file: No such file or directory (ignored)
[krnode04.krhpc:18670] mca_base_component_repository_open: unable to open mca_fs_lustre: liblustreapi.so: cannot open shared object file: No such file or directory (ignored)
[krnode02.krhpc:14356] mca_base_component_repository_open: unable to open mca_fs_lustre: liblustreapi.so: cannot open shared object file: No such file or directory (ignored)
[krnode13.krhpc:03500] mca_base_component_repository_open: unable to open mca_fs_lustre: liblustreapi.so: cannot open shared object file: No such file or directory (ignored)
[krnode11.krhpc:12766] mca_base_component_repository_open: unable to open mca_fs_lustre: liblustreapi.so: cannot open shared object file: No such file or directory (ignored)
[krnode06.krhpc:25164] mca_base_component_repository_open: unable to open mca_fs_lustre: liblustreapi.so: cannot open shared object file: No such file or directory (ignored)
[krnode05.krhpc:26254] mca_base_component_repository_open: unable to open mca_fs_lustre: liblustreapi.so: cannot open shared object file: No such file or directory (ignored)
[krnode14.krhpc:10260] mca_base_component_repository_open: unable to open mca_fs_lustre: liblustreapi.so: cannot open shared object file: No such file or directory (ignored)
[krnode10.krhpc:24662] mca_base_component_repository_open: unable to open mca_fs_lustre: liblustreapi.so: cannot open shared object file: No such file or directory (ignored)
[krnode12.krhpc:20661] mca_base_component_repository_open: unable to open mca_fs_lustre: liblustreapi.so: cannot open shared object file: No such file or directory (ignored)
[krnode03.krhpc:28274] mca_base_component_repository_open: unable to open mca_fs_lustre: liblustreapi.so: cannot open shared object file: No such file or directory (ignored)
[krnode16.krhpc:04245] mca_base_component_repository_open: unable to open mca_fs_lustre: liblustreapi.so: cannot open shared object file: No such file or directory (ignored)
[krnode15.krhpc:20370] mca_base_component_repository_open: unable to open mca_fs_lustre: liblustreapi.so: cannot open shared object file: No such file or directory (ignored)
[krnode09.krhpc:20907] mca_base_component_repository_open: unable to open mca_fs_lustre: liblustreapi.so: cannot open shared object file: No such file or directory (ignored)
[krnode08.krhpc:23892] mca_base_component_repository_open: unable to open mca_fs_lustre: liblustreapi.so: cannot open shared object file: No such file or directory (ignored)
[krnode04.krhpc:18672] mca_base_component_repository_open: unable to open mca_fs_lustre: liblustreapi.so: cannot open shared object file: No such file or directory (ignored)
[krnode02.krhpc:14357] mca_base_component_repository_open: unable to open mca_fs_lustre: liblustreapi.so: cannot open shared object file: No such file or directory (ignored)
[krnode13.krhpc:03496] mca_base_component_repository_open: unable to open mca_fs_lustre: liblustreapi.so: cannot open shared object file: No such file or directory (ignored)
[krnode11.krhpc:12767] mca_base_component_repository_open: unable to open mca_fs_lustre: liblustreapi.so: cannot open shared object file: No such file or directory (ignored)
[krnode06.krhpc:25162] mca_base_component_repository_open: unable to open mca_fs_lustre: liblustreapi.so: cannot open shared object file: No such file or directory (ignored)
[krnode05.krhpc:26255] mca_base_component_repository_open: unable to open mca_fs_lustre: liblustreapi.so: cannot open shared object file: No such file or directory (ignored)
[krnode14.krhpc:10263] mca_base_component_repository_open: unable to open mca_fs_lustre: liblustreapi.so: cannot open shared object file: No such file or directory (ignored)
[krnode10.krhpc:24650] mca_base_component_repository_open: unable to open mca_fs_lustre: liblustreapi.so: cannot open shared object file: No such file or directory (ignored)
[krnode12.krhpc:20668] mca_base_component_repository_open: unable to open mca_fs_lustre: liblustreapi.so: cannot open shared object file: No such file or directory (ignored)
[krnode16.krhpc:04239] mca_base_component_repository_open: unable to open mca_fs_lustre: liblustreapi.so: cannot open shared object file: No such file or directory (ignored)
[krnode15.krhpc:20381] mca_base_component_repository_open: unable to open mca_fs_lustre: liblustreapi.so: cannot open shared object file: No such file or directory (ignored)
[krnode09.krhpc:20905] mca_base_component_repository_open: unable to open mca_fs_lustre: liblustreapi.so: cannot open shared object file: No such file or directory (ignored)
[krnode08.krhpc:23890] mca_base_component_repository_open: unable to open mca_fs_lustre: liblustreapi.so: cannot open shared object file: No such file or directory (ignored)
[krnode04.krhpc:18679] mca_base_component_repository_open: unable to open mca_fs_lustre: liblustreapi.so: cannot open shared object file: No such file or directory (ignored)
[krnode02.krhpc:14359] mca_base_component_repository_open: unable to open mca_fs_lustre: liblustreapi.so: cannot open shared object file: No such file or directory (ignored)
[krnode13.krhpc:03485] mca_base_component_repository_open: unable to open mca_fs_lustre: liblustreapi.so: cannot open shared object file: No such file or directory (ignored)
[krnode11.krhpc:12771] mca_base_component_repository_open: unable to open mca_fs_lustre: liblustreapi.so: cannot open shared object file: No such file or directory (ignored)
[krnode06.krhpc:25158] mca_base_component_repository_open: unable to open mca_fs_lustre: liblustreapi.so: cannot open shared object file: No such file or directory (ignored)
[krnode05.krhpc:26260] mca_base_component_repository_open: unable to open mca_fs_lustre: liblustreapi.so: cannot open shared object file: No such file or directory (ignored)
[krnode14.krhpc:10259] mca_base_component_repository_open: unable to open mca_fs_lustre: liblustreapi.so: cannot open shared object file: No such file or directory (ignored)
[krnode04.krhpc:18668] mca_base_component_repository_open: unable to open mca_fs_lustre: liblustreapi.so: cannot open shared object file: No such file or directory (ignored)
[krnode02.krhpc:14358] mca_base_component_repository_open: unable to open mca_fs_lustre: liblustreapi.so: cannot open shared object file: No such file or directory (ignored)
[krnode02.krhpc:14360] mca_base_component_repository_open: unable to open mca_fs_lustre: liblustreapi.so: cannot open shared object file: No such file or directory (ignored)
[krnode01.krhpc:31991] 160 more processes have sent help message help-mpi-btl-openib.txt / ib port not selected
[krnode01.krhpc:31991] 160 more processes have sent help message help-mpi-btl-openib.txt / error in device init
