0.000000000000000000e+00 3.938270974564090074e-09 3.938270974564090074e-09
1.000000000000000056e-01 3.933990294631960203e-09 3.926611479828083667e-09
2.000000000000000111e-01 3.925749757192840355e-09 3.914986503747186556e-09
2.999999999999999889e-01 3.915251354914389740e-09 3.903395944126785973e-09
4.000000000000000222e-01 3.903523245976289906e-09 3.891839699074822868e-09
5.000000000000000000e-01 3.891178703169420063e-09 3.880317667000896070e-09
5.999999999999999778e-01 3.878576238346749949e-09 3.868829746615367279e-09
7.000000000000000666e-01 3.865919016955200280e-09 3.857375836928475156e-09
8.000000000000000444e-01 3.853316604095179967e-09 3.845955837249441967e-09
9.000000000000000222e-01 3.840823182847960183e-09 3.834569647185593463e-09
1.000000000000000000e+00 3.828461033167769705e-09 3.823217166641473796e-09
1.100000000000000089e+00 3.816234784016160353e-09 3.811898295817964573e-09
1.199999999999999956e+00 3.804139915664000409e-09 3.800612935211410526e-09
1.300000000000000044e+00 3.792167708536129867e-09 3.789360985612741045e-09
1.400000000000000133e+00 3.780308022985700167e-09 3.778142348106603294e-09
1.500000000000000000e+00 3.768550776792039666e-09 3.766956924070485399e-09
1.600000000000000089e+00 3.756886654414410233e-09 3.755804615173857834e-09
1.699999999999999956e+00 3.745307420747220215e-09 3.744685323377300746e-09
1.800000000000000044e+00 3.733805922288230116e-09 3.733598950931648651e-09
1.900000000000000133e+00 3.722376050877520037e-09 3.722545400377127683e-09
2.000000000000000000e+00 3.711012619124589874e-09 3.711524574542499050e-09
2.100000000000000089e+00 3.699711230232880021e-09 3.700536376544207036e-09
2.200000000000000178e+00 3.688468153183270183e-09 3.689580709785524114e-09
2.300000000000000266e+00 3.677280211540660129e-09 3.678657477955703906e-09
2.399999999999999911e+00 3.666144688461759965e-09 3.667766585029133744e-09
2.500000000000000000e+00 3.655059247561140020e-09 3.656907935264491356e-09
2.600000000000000089e+00 3.644021867962740025e-09 3.646081433203902379e-09
2.700000000000000178e+00 3.633030791414280137e-09 3.635286983672100779e-09
2.800000000000000266e+00 3.622084479348020034e-09 3.624524491775592563e-09
2.899999999999999911e+00 3.611181577988699939e-09 3.613793862901823226e-09
3.000000000000000000e+00 3.600320889901590184e-09 3.603095002718343955e-09
3.100000000000000089e+00 3.589501350669280186e-09 3.592427817171982374e-09
3.200000000000000178e+00 3.578722009651810195e-09 3.581792212488016610e-09
