#time(au), total f, f in each valley
 0.00000000000000e+01 -2.02192141949491e-21
 4.13413741709430e+03 -2.02238479381954e-21
 8.26827483418859e+03 -2.01820772320314e-21
 1.24024122512829e+04 -2.01160368169227e-21
 1.65365496683772e+04 -2.01016951900985e-21
 2.06706870854715e+04 -2.00348505716165e-21
 2.48048245025658e+04 -2.00195802813732e-21
 2.89389619196601e+04 -1.99815720981344e-21
 3.30730993367544e+04 -1.99112425983680e-21
 3.72072367538487e+04 -1.99194665352451e-21
 4.13413741709430e+04 -1.98942777367309e-21
 4.54755115880372e+04 -1.99224631501957e-21
 4.96096490051315e+04 -1.99166996926869e-21
 5.37437864222258e+04 -1.99143923949135e-21
 5.78779238393201e+04 -1.99165752326411e-21
 6.20120612564144e+04 -1.99155221091760e-21
 6.61461986735087e+04 -1.99004145743773e-21
 7.02803360906030e+04 -1.98689549043212e-21
 7.44144735076973e+04 -1.98842347684142e-21
 7.85486109247916e+04 -1.99047611021331e-21
 8.26827483418859e+04 -1.98591608560962e-21
 8.68168857589802e+04 -1.98098363825328e-21
 9.09510231760745e+04 -1.97867346832494e-21
 9.50851605931688e+04 -1.97671848821980e-21
 9.92192980102631e+04 -1.97676540008325e-21
 1.03353435427357e+05 -1.97819477584082e-21
 1.07487572844452e+05 -1.97996210849218e-21
 1.11621710261546e+05 -1.98209229004649e-21
 1.15755847678640e+05 -1.98047239468025e-21
 1.19889985095735e+05 -1.97758683638599e-21
 1.24024122512829e+05 -1.97886781747349e-21
 1.28158259929923e+05 -1.97815552305712e-21
 1.32292397347018e+05 -1.97468883208715e-21
 1.36426534764112e+05 -1.97798319376284e-21
 1.40560672181206e+05 -1.97455767034650e-21
 1.44694809598300e+05 -1.97259215900672e-21
 1.48828947015395e+05 -1.97135426024280e-21
 1.52963084432489e+05 -1.96680476687376e-21
 1.57097221849583e+05 -1.96006190454249e-21
 1.61231359266678e+05 -1.95449471095222e-21
 1.65365496683772e+05 -1.95048614009023e-21
 1.69499634100866e+05 -1.95158330326382e-21
 1.73633771517960e+05 -1.95011180256765e-21
 1.77767908935055e+05 -1.94507978717462e-21
 1.81902046352149e+05 -1.93826990789558e-21
 1.86036183769243e+05 -1.93999415822337e-21
 1.90170321186338e+05 -1.93846521442910e-21
 1.94304458603432e+05 -1.94181989135779e-21
 1.98438596020526e+05 -1.94212433977769e-21
 2.02572733437620e+05 -1.94437706660794e-21
 2.06706870854715e+05 -1.94144172429534e-21
 2.10841008271809e+05 -1.93979310738004e-21
 2.14975145688903e+05 -1.94029860664327e-21
 2.19109283105998e+05 -1.94168011315243e-21
 2.23243420523092e+05 -1.93636279703886e-21
 2.27377557940186e+05 -1.93487597818320e-21
 2.31511695357280e+05 -1.93265005813205e-21
 2.35645832774375e+05 -1.93022212985262e-21
 2.39779970191469e+05 -1.93018287706892e-21
 2.43914107608563e+05 -1.93329629298561e-21
 2.48048245025658e+05 -1.93230539954349e-21
 2.52182382442752e+05 -1.92696606357566e-21
 2.56316519859846e+05 -1.92473727136961e-21
 2.60450657276940e+05 -1.92133376780755e-21
 2.64584794694035e+05 -1.92153960557572e-21
 2.68718932111129e+05 -1.91937400077757e-21
 2.72853069528223e+05 -1.91559711707789e-21
 2.76987206945318e+05 -1.91239179220425e-21
 2.81121344362412e+05 -1.91081689393151e-21
 2.85255481779506e+05 -1.91434007061461e-21
 2.89389619196601e+05 -1.91206436654512e-21
 2.93523756613695e+05 -1.90927454674769e-21
 2.97657894030789e+05 -1.90876426055962e-21
 3.01792031447884e+05 -1.90654887174313e-21
 3.05926168864978e+05 -1.90330429408579e-21
 3.10060306282072e+05 -1.90075094837551e-21
 3.14194443699167e+05 -1.90237658805157e-21
 3.18328581116261e+05 -1.90246849700852e-21
 3.22462718533355e+05 -1.90167386748489e-21
 3.26596855950449e+05 -1.89886777214300e-21
 3.30730993367544e+05 -1.89653749713032e-21
 3.34865130784638e+05 -1.89429147199485e-21
 3.38999268201732e+05 -1.89192098681350e-21
 3.43133405618827e+05 -1.89362608944192e-21
 3.47267543035921e+05 -1.89190279649910e-21
 3.51401680453015e+05 -1.89019099217590e-21
 3.55535817870110e+05 -1.89048969628599e-21
 3.59669955287204e+05 -1.88892628663287e-21
 3.63804092704298e+05 -1.88578797870700e-21
 3.67938230121393e+05 -1.88172866644170e-21
 3.72072367538487e+05 -1.87913798271766e-21
 3.76206504955581e+05 -1.87314762497143e-21
 3.80340642372676e+05 -1.87390778863620e-21
 3.84474779789770e+05 -1.87573543654056e-21
 3.88608917206864e+05 -1.87398437943366e-21
 3.92743054623959e+05 -1.86770201927212e-21
 3.96877192041053e+05 -1.86895810835044e-21
 4.01011329458147e+05 -1.86666900089140e-21
 4.05145466875241e+05 -1.86680877909676e-21
 4.09279604292336e+05 -1.86526738929790e-21
 4.13413741709430e+05 -1.86277340145566e-21
 4.17547879126524e+05 -1.86587245659783e-21
 4.21682016543619e+05 -1.86528940915217e-21
 4.25816153960713e+05 -1.86320422469136e-21
 4.29950291377807e+05 -1.86086629059894e-21
 4.34084428794902e+05 -1.86420181982826e-21
 4.38218566211996e+05 -1.86298977045848e-21
 4.42352703629090e+05 -1.86050344169598e-21
 4.46486841046185e+05 -1.85938617343805e-21
 4.50620978463279e+05 -1.86093235016175e-21
 4.54755115880373e+05 -1.86325688086461e-21
 4.58889253297468e+05 -1.86793274904946e-21
 4.63023390714562e+05 -1.86515058833178e-21
 4.67157528131656e+05 -1.86054173709471e-21
 4.71291665548751e+05 -1.85950010224927e-21
 4.75425802965845e+05 -1.85605830328847e-21
 4.79559940382939e+05 -1.85775574683715e-21
 4.83694077800033e+05 -1.85769351681421e-21
 4.87828215217128e+05 -1.85977678650509e-21
 4.91962352634222e+05 -1.86608882560065e-21
 4.96096490051316e+05 -1.86116690947896e-21
 5.00230627468411e+05 -1.85978444558483e-21
 5.04364764885505e+05 -1.85775000252734e-21
 5.08498902302599e+05 -1.85599320111063e-21
 5.12633039719694e+05 -1.85569449700054e-21
 5.16767177136788e+05 -1.85311913143600e-21
 5.20901314553882e+05 -1.85909034148287e-21
 5.25035451970977e+05 -1.85998453904320e-21
 5.29169589388071e+05 -1.86034068625138e-21
 5.33303726805165e+05 -1.85600564711522e-21
 5.37437864222260e+05 -1.85882993277151e-21
 5.41572001639354e+05 -1.85676581078000e-21
 5.45706139056448e+05 -1.85851495311696e-21
 5.49840276473543e+05 -1.85591278077330e-21
 5.53974413890637e+05 -1.85590416430859e-21
 5.58108551307731e+05 -1.85299084185026e-21
 5.62242688724826e+05 -1.84813977221622e-21
 5.66376826141920e+05 -1.84455532289516e-21
 5.70510963559014e+05 -1.84657444779316e-21
 5.74645100976108e+05 -1.84185453989977e-21
 5.78779238393203e+05 -1.83990530410445e-21
 5.82913375810297e+05 -1.83569376762920e-21
 5.87047513227391e+05 -1.83188624761053e-21
 5.91181650644486e+05 -1.82905908979934e-21
 5.95315788061580e+05 -1.82611896056190e-21
 5.99449925478674e+05 -1.82566707485690e-21
 6.03584062895769e+05 -1.82734632809118e-21
 6.07718200312863e+05 -1.82657371842181e-21
 6.11852337729957e+05 -1.82444353686749e-21
 6.15986475147052e+05 -1.82407877319460e-21
 6.20120612564146e+05 -1.82374177368578e-21
 6.24254749981240e+05 -1.82314915239044e-21
 6.28388887398335e+05 -1.82150436501502e-21
 6.32523024815429e+05 -1.81924397910502e-21
 6.36657162232523e+05 -1.81846083820101e-21
 6.40791299649618e+05 -1.81636320773561e-21
 6.44925437066712e+05 -1.81171414632987e-21
 6.49059574483806e+05 -1.81083909646891e-21
 6.53193711900900e+05 -1.80778120888037e-21
 6.57327849317995e+05 -1.80460843509565e-21
 6.61461986735089e+05 -1.79987895335258e-21
 6.65596124152183e+05 -1.80145672378023e-21
 6.69730261569278e+05 -1.79278185858307e-21
 6.73864398986372e+05 -1.79229550701921e-21
 6.77998536403466e+05 -1.78989534290385e-21
 6.82132673820561e+05 -1.78602846501716e-21
 6.86266811237655e+05 -1.78398923503482e-21
 6.90400948654749e+05 -1.78214722635594e-21
 6.94535086071844e+05 -1.78264985346427e-21
 6.98669223488938e+05 -1.78292270818021e-21
 7.02803360906032e+05 -1.78083560894946e-21
 7.06937498323127e+05 -1.77636557853279e-21
 7.11071635740221e+05 -1.77578253108713e-21
 7.15205773157315e+05 -1.77343023622018e-21
 7.19339910574410e+05 -1.77176821591533e-21
 7.23474047991504e+05 -1.77404966429463e-21
 7.27608185408598e+05 -1.77660492477484e-21
 7.31742322825692e+05 -1.78049860944065e-21
 7.35876460242787e+05 -1.78214722635594e-21
 7.40010597659881e+05 -1.77923390389761e-21
 7.44144735076975e+05 -1.77617027199927e-21
 7.48278872494070e+05 -1.77664226278860e-21
 7.52413009911164e+05 -1.78062306948652e-21
 7.56547147328258e+05 -1.77895626225682e-21
 7.60681284745353e+05 -1.78258953821127e-21
 7.64815422162447e+05 -1.78365989460575e-21
 7.68949559579541e+05 -1.78178150529808e-21
 7.73083696996636e+05 -1.77661258385459e-21
 7.77217834413730e+05 -1.77770496010334e-21
 7.81351971830824e+05 -1.77775665889163e-21
 7.85486109247919e+05 -1.77775378673672e-21
 7.89620246665013e+05 -1.77395201102787e-21
 7.93754384082107e+05 -1.77319088997813e-21
 7.97888521499202e+05 -1.76755189251524e-21
 8.02022658916296e+05 -1.76221734347224e-21
 8.06156796333390e+05 -1.75992536385829e-21
 8.10290933750484e+05 -1.75607476151606e-21
 8.14425071167579e+05 -1.75639452809545e-21
 8.18559208584673e+05 -1.76060702195568e-21
 8.22693346001767e+05 -1.75858981182761e-21
 8.26827483418862e+05 -1.75961900066846e-21
 8.30961620835956e+05 -1.75914126556931e-21
 8.35095758253050e+05 -1.75990621615893e-21
 8.39229895670145e+05 -1.76027959629654e-21
 8.43364033087239e+05 -1.75910967186536e-21
 8.47498170504333e+05 -1.75614848015862e-21
 8.51632307921428e+05 -1.75679184285727e-21
 8.55766445338522e+05 -1.75829110771752e-21
 8.59900582755616e+05 -1.75806133532515e-21
 8.64034720172711e+05 -1.75635144577188e-21
 8.68168857589805e+05 -1.75784975324717e-21
 8.72302995006899e+05 -1.75335674559125e-21
 8.76437132423994e+05 -1.75570808307323e-21
 8.80571269841088e+05 -1.75355492427967e-21
 8.84705407258182e+05 -1.74610455445689e-21
 8.88839544675276e+05 -1.75096519794060e-21
 8.92973682092371e+05 -1.75092498777194e-21
 8.97107819509465e+05 -1.74951093017386e-21
 9.01241956926559e+05 -1.74616295493995e-21
 9.05376094343654e+05 -1.74223097487542e-21
 9.09510231760748e+05 -1.74148517198516e-21
 9.13644369177842e+05 -1.73762786794816e-21
 9.17778506594937e+05 -1.73351877166450e-21
 9.21912644012031e+05 -1.73428755179399e-21
 9.26046781429125e+05 -1.74238894339518e-21
 9.30180918846220e+05 -1.74962868852495e-21
 9.34315056263314e+05 -1.75052001393038e-21
 9.38449193680408e+05 -1.74866651663188e-21
 9.42583331097503e+05 -1.74823473601120e-21
 9.46717468514597e+05 -1.74501409297807e-21
 9.50851605931691e+05 -1.74541619466473e-21
 9.54985743348786e+05 -1.74756743868835e-21
 9.59119880765880e+05 -1.74949369724443e-21
 9.63254018182974e+05 -1.75141899841555e-21
 9.67388155600069e+05 -1.74944774276596e-21
 9.71522293017163e+05 -1.74889341686935e-21
 9.75656430434257e+05 -1.74852865319645e-21
 9.79790567851351e+05 -1.74594275639726e-21
 9.83924705268446e+05 -1.74224150611007e-21
 9.88058842685540e+05 -1.73993803787650e-21
 9.92192980102634e+05 -1.73788636188958e-21
 9.96327117519729e+05 -1.73662069896157e-21
 1.00046125493682e+06 -1.73225981043127e-21
 1.00459539235392e+06 -1.72961455576405e-21
 1.00872952977101e+06 -1.72825028218432e-21
 1.01286366718811e+06 -1.72555524349874e-21
 1.01699780460520e+06 -1.72130828377966e-21
 1.02113194202229e+06 -1.71374781468553e-21
 1.02526607943939e+06 -1.71669751777265e-21
 1.02940021685648e+06 -1.71590671778889e-21
 1.03353435427358e+06 -1.71277511155780e-21
 1.03766849169067e+06 -1.70965786610124e-21
 1.04180262910777e+06 -1.71018442783377e-21
 1.04593676652486e+06 -1.70629361532287e-21
 1.05007090394195e+06 -1.71003028885388e-21
 1.05420504135905e+06 -1.71092352902924e-21
 1.05833917877614e+06 -1.70904513972157e-21
 1.06247331619324e+06 -1.70181784059638e-21
 1.06660745361033e+06 -1.70183603091078e-21
 1.07074159102743e+06 -1.69899451232506e-21
 1.07487572844452e+06 -1.69922045517757e-21
 1.07900986586161e+06 -1.69799595980320e-21
 1.08314400327871e+06 -1.69336030178701e-21
 1.08727814069580e+06 -1.68980457401500e-21
 1.09141227811290e+06 -1.68944076772707e-21
 1.09554641552999e+06 -1.68353083031817e-21
 1.09968055294709e+06 -1.68356816833193e-21
 1.10381469036418e+06 -1.68270364970562e-21
 1.10794882778128e+06 -1.68009381828221e-21
 1.11208296519837e+06 -1.68082526039794e-21
 1.11621710261546e+06 -1.68084823763718e-21
 1.12035124003256e+06 -1.68251025794203e-21
 1.12448537744965e+06 -1.68031784636478e-21
 1.12861951486675e+06 -1.68090855289018e-21
 1.13275365228384e+06 -1.68120725700027e-21
 1.13688778970094e+06 -1.67900048464849e-21
 1.14102192711803e+06 -1.67888942799218e-21
 1.14515606453512e+06 -1.67609290649997e-21
 1.14929020195222e+06 -1.67252377533840e-21
 1.15342433936931e+06 -1.66988905190582e-21
 1.15755847678641e+06 -1.67206327316868e-21
 1.16169261420350e+06 -1.66546880550749e-21
 1.16582675162060e+06 -1.66617248345914e-21
 1.16996088903769e+06 -1.66031903176337e-21
 1.17409502645478e+06 -1.65751868073129e-21
 1.17822916387188e+06 -1.65496724979095e-21
 1.18236330128897e+06 -1.64994193609269e-21
 1.18649743870607e+06 -1.65140290555422e-21
 1.19063157612316e+06 -1.64813726542757e-21
 1.19476571354026e+06 -1.64695872453168e-21
 1.19889985095735e+06 -1.64588741075223e-21
 1.20303398837444e+06 -1.64712818167106e-21
 1.20716812579154e+06 -1.64433166017885e-21
 1.21130226320863e+06 -1.64369116963510e-21
 1.21543640062573e+06 -1.64311961080907e-21
 1.21957053804282e+06 -1.64455951780129e-21
 1.22370467545992e+06 -1.64701616762977e-21
 1.22783881287701e+06 -1.64436133911287e-21
 1.23197295029410e+06 -1.64375052750313e-21
 1.23610708771120e+06 -1.64296547182918e-21
 1.24024122512829e+06 -1.64217467184542e-21
 1.24437536254539e+06 -1.64267538418381e-21
 1.24850949996248e+06 -1.63884775908081e-21
 1.25264363737958e+06 -1.63218435970191e-21
 1.25677777479667e+06 -1.63053382801668e-21
 1.26091191221376e+06 -1.62897616267337e-21
 1.26504604963086e+06 -1.63140983526261e-21
 1.26918018704795e+06 -1.63204553888152e-21
 1.27331432446505e+06 -1.62942709099340e-21
 1.27744846188214e+06 -1.62790006196907e-21
 1.28158259929924e+06 -1.62333620782551e-21
 1.28571673671633e+06 -1.61943199192505e-21
 1.28985087413343e+06 -1.60951156888423e-21
 1.29398501155052e+06 -1.60437519852966e-21
 1.29811914896761e+06 -1.59921010662604e-21
 1.30225328638471e+06 -1.59731831392882e-21
 1.30638742380180e+06 -1.59851025821427e-21
 1.31052156121890e+06 -1.59932307805230e-21
 1.31465569863599e+06 -1.59221066512329e-21
 1.31878983605309e+06 -1.58667410785201e-21
 1.32292397347018e+06 -1.58284935490392e-21
 1.32705811088727e+06 -1.57880823295301e-21
 1.33119224830437e+06 -1.58050184696181e-21
 1.33532638572146e+06 -1.57780393612133e-21
 1.33946052313856e+06 -1.57722854775542e-21
 1.34359466055565e+06 -1.57764309544667e-21
 1.34772879797275e+06 -1.57412183353351e-21
 1.35186293538984e+06 -1.56874611693688e-21
 1.35599707280693e+06 -1.56470690975591e-21
 1.36013121022403e+06 -1.56703526999865e-21
 1.36426534764112e+06 -1.56699410244501e-21
 1.36839948505822e+06 -1.56508124727849e-21
 1.37253362247531e+06 -1.56342497128344e-21
 1.37666775989241e+06 -1.56726408500606e-21
 1.38080189730950e+06 -1.56218037082474e-21
 1.38493603472659e+06 -1.55790373217165e-21
 1.38907017214369e+06 -1.55682954623729e-21
 1.39320430956078e+06 -1.55202443108173e-21
 1.39733844697788e+06 -1.55064579672747e-21
 1.40147258439497e+06 -1.54924322774901e-21
 1.40560672181207e+06 -1.54903260305600e-21
 1.40974085922916e+06 -1.55158786353621e-21
 1.41387499664625e+06 -1.54436343656593e-21
 1.41800913406335e+06 -1.54610396243818e-21
 1.42214327148044e+06 -1.54846295899990e-21
 1.42627740889754e+06 -1.54397378088386e-21
 1.43041154631463e+06 -1.53876847881158e-21
 1.43454568373173e+06 -1.53885560084369e-21
 1.43867982114882e+06 -1.53182456563699e-21
 1.44281395856591e+06 -1.53274269782152e-21
 1.44694809598301e+06 -1.53453970940690e-21
 1.45108223340010e+06 -1.53129800390446e-21
 1.45521637081720e+06 -1.53061634580708e-21
 1.45935050823429e+06 -1.53100600148915e-21
 1.46348464565139e+06 -1.52866711001176e-21
 1.46761878306848e+06 -1.52259058761838e-21
 1.47175292048557e+06 -1.51845659932555e-21
 1.47588705790267e+06 -1.51226710550593e-21
 1.48002119531976e+06 -1.51066252829917e-21
 1.48415533273686e+06 -1.50886455932883e-21
 1.48828947015395e+06 -1.50998757189657e-21
 1.49242360757105e+06 -1.51341118054297e-21
 1.49655774498814e+06 -1.51521202166821e-21
 1.50069188240524e+06 -1.51550593885346e-21
 1.50482601982233e+06 -1.51326757279773e-21
 1.50896015723942e+06 -1.51421825607119e-21
 1.51309429465652e+06 -1.50749741359420e-21
 1.51722843207361e+06 -1.50349650181195e-21
 1.52136256949071e+06 -1.50493832357411e-21
 1.52549670690780e+06 -1.50447782140439e-21
 1.52963084432490e+06 -1.50488949694073e-21
 1.53376498174199e+06 -1.50094985779645e-21
 1.53789911915908e+06 -1.49855352322097e-21
 1.54203325657618e+06 -1.49893456243832e-21
 1.54616739399327e+06 -1.49483216784945e-21
 1.55030153141037e+06 -1.49303036933923e-21
 1.55443566882746e+06 -1.50053339533527e-21
 1.55856980624456e+06 -1.49984120600324e-21
 1.56270394366165e+06 -1.49461196930675e-21
 1.56683808107874e+06 -1.48847991858522e-21
 1.57097221849584e+06 -1.48317217632134e-21
 1.57510635591293e+06 -1.48566137723874e-21
 1.57924049333003e+06 -1.48930901396771e-21
 1.58337463074712e+06 -1.48905626433610e-21
 1.58750876816422e+06 -1.48876234715085e-21
 1.59164290558131e+06 -1.48554649104256e-21
 1.59577704299840e+06 -1.48434497290742e-21
 1.59991118041550e+06 -1.47919998608814e-21
 1.60404531783259e+06 -1.47792570669542e-21
 1.60817945524969e+06 -1.47224362690896e-21
 1.61231359266678e+06 -1.47216224918666e-21
 1.61644773008388e+06 -1.46920584440476e-21
 1.62058186750097e+06 -1.47419669224416e-21
 1.62471600491806e+06 -1.47195258187862e-21
 1.62885014233516e+06 -1.46973240613729e-21
 1.63298427975225e+06 -1.46507377088187e-21
 1.63711841716935e+06 -1.46586840040550e-21
 1.64125255458644e+06 -1.46930445505649e-21
 1.64538669200354e+06 -1.46222076367654e-21
 1.64952082942063e+06 -1.45902788480748e-21
 1.65365496683772e+06 -1.45884406689358e-21
 1.65778910425482e+06 -1.45984357680041e-21
 1.66192324167191e+06 -1.46238543389107e-21
 1.66605737908901e+06 -1.46170569056363e-21
 1.67019151650610e+06 -1.46065831140838e-21
 1.67432565392320e+06 -1.45419404810287e-21
 1.67845979134029e+06 -1.45570288681281e-21
 1.68259392875739e+06 -1.45454923792609e-21
 1.68672806617448e+06 -1.45581681562403e-21
 1.69086220359157e+06 -1.45324815175426e-21
 1.69499634100867e+06 -1.45283456144798e-21
 1.69913047842576e+06 -1.45200929560537e-21
 1.70326461584286e+06 -1.44512856983868e-21
 1.70739875325995e+06 -1.44588777611849e-21
 1.71153289067705e+06 -1.44126935103173e-21
 1.71566702809414e+06 -1.43574619715000e-21
 1.71980116551123e+06 -1.43671507073785e-21
 1.72393530292833e+06 -1.43285202239103e-21
 1.72806944034542e+06 -1.43259161367967e-21
 1.73220357776252e+06 -1.42886930092318e-21
 1.73633771517961e+06 -1.42363240514695e-21
 1.74047185259671e+06 -1.42158647346984e-21
 1.74460599001380e+06 -1.42041176211382e-21
 1.74874012743089e+06 -1.41694411375888e-21
 1.75287426484799e+06 -1.41459564843180e-21
 1.75700840226508e+06 -1.41132713615026e-21
 1.76114253968218e+06 -1.40677572801128e-21
 1.76527667709927e+06 -1.40427312370432e-21
 1.76941081451637e+06 -1.40389687141180e-21
 1.77354495193346e+06 -1.39966714462215e-21
 1.77767908935055e+06 -1.39866284779047e-21
 1.78181322676765e+06 -1.40317596053072e-21
 1.78594736418474e+06 -1.39910515964580e-21
 1.79008150160184e+06 -1.39216316124114e-21
 1.79421563901893e+06 -1.39469448709715e-21
 1.79834977643603e+06 -1.39795055337411e-21
 1.80248391385312e+06 -1.39430100187521e-21
 1.80661805127021e+06 -1.39355902852483e-21
 1.81075218868731e+06 -1.39624736551562e-21
 1.81488632610440e+06 -1.40125927582432e-21
 1.81902046352150e+06 -1.39925163954594e-21
 1.82315460093859e+06 -1.39265142757494e-21
 1.82728873835569e+06 -1.38833266398324e-21
 1.83142287577278e+06 -1.38838532015650e-21
 1.83555701318987e+06 -1.38732358022673e-21
 1.83969115060697e+06 -1.38676255263534e-21
 1.84382528802406e+06 -1.38630492262053e-21
 1.84795942544116e+06 -1.38470417495364e-21
 1.85209356285825e+06 -1.38455195074369e-21
 1.85622770027535e+06 -1.38783578118473e-21
 1.86036183769244e+06 -1.38319150670383e-21
 1.86449597510954e+06 -1.38193924716539e-21
 1.86863011252663e+06 -1.37585219353736e-21
 1.87276424994372e+06 -1.37322034225969e-21
 1.87689838736082e+06 -1.37101931421772e-21
 1.88103252477791e+06 -1.36575656904735e-21
 1.88516666219501e+06 -1.36533053273648e-21
 1.88930079961210e+06 -1.36198542965748e-21
 1.89343493702920e+06 -1.36149141901387e-21
 1.89756907444629e+06 -1.36209457154386e-21
 1.90170321186338e+06 -1.36077625244260e-21
 1.90583734928048e+06 -1.36455505091222e-21
 1.90997148669757e+06 -1.36096198512644e-21
 1.91410562411467e+06 -1.35846225297438e-21
 1.91823976153176e+06 -1.35880020986817e-21
 1.92237389894886e+06 -1.36160630521006e-21
 1.92650803636595e+06 -1.36137078850787e-21
 1.93064217378304e+06 -1.35286920998997e-21
 1.93477631120014e+06 -1.35082136354292e-21
 1.93891044861723e+06 -1.34573094766683e-21
 1.94304458603433e+06 -1.34305505668062e-21
 1.94717872345142e+06 -1.34024225964395e-21
 1.95131286086852e+06 -1.34078892646081e-21
 1.95544699828561e+06 -1.34027385334790e-21
 1.95958113570270e+06 -1.34172716372968e-21
 1.96371527311980e+06 -1.34111156519510e-21
 1.96784941053689e+06 -1.33776933427100e-21
 1.97198354795399e+06 -1.34102252839306e-21
 1.97611768537108e+06 -1.34738818104684e-21
 1.98025182278818e+06 -1.34590423434608e-21
 1.98438596020527e+06 -1.34911721829946e-21
 1.98852009762236e+06 -1.34567637672364e-21
 1.99265423503946e+06 -1.34015896715171e-21
 1.99678837245655e+06 -1.33696130135781e-21
 2.00092250987365e+06 -1.33596179145098e-21
 2.00505664729074e+06 -1.33723128391886e-21
 2.00919078470784e+06 -1.33581435416587e-21
 2.01332492212493e+06 -1.33430647284091e-21
 2.01745905954202e+06 -1.33089435281412e-21
 2.02159319695912e+06 -1.32873353494082e-21
 2.02572733437621e+06 -1.32874789571535e-21
 2.02986147179331e+06 -1.32957124678803e-21
 2.03399560921040e+06 -1.32712991511903e-21
 2.03812974662750e+06 -1.32533003137876e-21
 2.04226388404459e+06 -1.32115296076236e-21
 2.04639802146168e+06 -1.31649145335203e-21
 2.05053215887878e+06 -1.31160113093430e-21
 2.05466629629587e+06 -1.30804157362241e-21
 2.05880043371297e+06 -1.30764808840047e-21
 2.06293457113006e+06 -1.30395832673290e-21
 2.06706870854716e+06 -1.30108042751839e-21
 2.07120284596425e+06 -1.29386557439779e-21
 2.07533698338135e+06 -1.29124904127961e-21
 2.07947112079844e+06 -1.28974307472458e-21
 2.08360525821553e+06 -1.29180049502131e-21
 2.08773939563263e+06 -1.28946160354392e-21
 2.09187353304972e+06 -1.28838358806969e-21
 2.09600767046682e+06 -1.28810020211909e-21
 2.10014180788391e+06 -1.28709494790245e-21
 2.10427594530101e+06 -1.28624287528072e-21
 2.10841008271810e+06 -1.28656359924508e-21
 2.11254422013519e+06 -1.29001688682549e-21
 2.11667835755229e+06 -1.28898482582974e-21
 2.12081249496938e+06 -1.28773352367626e-21
 2.12494663238648e+06 -1.28310935427969e-21
 2.12908076980357e+06 -1.28303372086720e-21
 2.13321490722067e+06 -1.28190496398966e-21
 2.13734904463776e+06 -1.28038846619998e-21
 2.14148318205485e+06 -1.27994998388453e-21
 2.14561731947195e+06 -1.27802659748335e-21
 2.14975145688904e+06 -1.27509699948056e-21
 2.15388559430614e+06 -1.27199507218348e-21
 2.15801973172323e+06 -1.27390792735001e-21
 2.16215386914033e+06 -1.27115161602647e-21
 2.16628800655742e+06 -1.26678594057133e-21
 2.17042214397451e+06 -1.26501956530494e-21
 2.17455628139161e+06 -1.26861646063059e-21
 2.17869041880870e+06 -1.26857816523186e-21
 2.18282455622580e+06 -1.26197125156609e-21
 2.18695869364289e+06 -1.26020966322454e-21
 2.19109283105999e+06 -1.25747154221539e-21
 2.19522696847708e+06 -1.25842988456859e-21
 2.19936110589417e+06 -1.25570133740913e-21
 2.20349524331127e+06 -1.25589281440278e-21
 2.20762938072836e+06 -1.25246058929166e-21
 2.21176351814546e+06 -1.24553103689159e-21
 2.21589765556255e+06 -1.24195711880518e-21
 2.22003179297965e+06 -1.24425484272894e-21
 2.22416593039674e+06 -1.24218401904265e-21
 2.22830006781383e+06 -1.23929080166865e-21
 2.23243420523093e+06 -1.23900454356315e-21
 2.23656834264802e+06 -1.23853733969865e-21
 2.24070248006512e+06 -1.23571305404237e-21
 2.24483661748221e+06 -1.23882455518912e-21
 2.24897075489931e+06 -1.24093654642905e-21
 2.25310489231640e+06 -1.24223571783094e-21
 2.25723902973349e+06 -1.24281685050665e-21
 2.26137316715059e+06 -1.24414282868766e-21
 2.26550730456768e+06 -1.24167277546962e-21
 2.26964144198478e+06 -1.24222901613616e-21
 2.27377557940187e+06 -1.24025105879179e-21
 2.27790971681897e+06 -1.24050668057831e-21
 2.28204385423606e+06 -1.23546892087547e-21
 2.28617799165316e+06 -1.23246368946019e-21
 2.29031212907025e+06 -1.23178394613274e-21
 2.29444626648734e+06 -1.23048956165569e-21
 2.29858040390444e+06 -1.22509661212964e-21
 2.30271454132153e+06 -1.22317418311342e-21
 2.30684867873863e+06 -1.22406072159401e-21
 2.31098281615572e+06 -1.22544701502801e-21
 2.31511695357282e+06 -1.22797259657421e-21
 2.31925109098991e+06 -1.23197350835645e-21
 2.32338522840700e+06 -1.23090698150184e-21
 2.32751936582410e+06 -1.22553509444509e-21
 2.33165350324119e+06 -1.22162513423482e-21
 2.33578764065829e+06 -1.21964526212052e-21
 2.33992177807538e+06 -1.21848012461418e-21
 2.34405591549248e+06 -1.21504024042332e-21
 2.34819005290957e+06 -1.21078466423953e-21
 2.35232419032666e+06 -1.20861522990151e-21
 2.35645832774376e+06 -1.20600061155327e-21
 2.36059246516085e+06 -1.20388670554341e-21
 2.36472660257795e+06 -1.20587232196752e-21
 2.36886073999504e+06 -1.20114379760942e-21
 2.37299487741214e+06 -1.20241999177208e-21
 2.37712901482923e+06 -1.20373256656352e-21
 2.38126315224632e+06 -1.20103082618317e-21
 2.38539728966342e+06 -1.19834823350218e-21
 2.38953142708051e+06 -1.20392883048201e-21
 2.39366556449761e+06 -1.20903169236269e-21
 2.39779970191470e+06 -1.21164822548087e-21
 2.40193383933180e+06 -1.21386265691239e-21
 2.40606797674889e+06 -1.21381287289405e-21
 2.41020211416598e+06 -1.21882382581778e-21
 2.41433625158308e+06 -1.21401583850731e-21
 2.41847038900017e+06 -1.21952654638446e-21
 2.42260452641727e+06 -1.21610963943284e-21
 2.42673866383436e+06 -1.21492056730229e-21
 2.43087280125146e+06 -1.21658067283721e-21
 2.43500693866855e+06 -1.21637292029910e-21
 2.43914107608564e+06 -1.21605123894977e-21
 2.44327521350274e+06 -1.21473770677336e-21
 2.44740935091983e+06 -1.21679416968512e-21
 2.45154348833693e+06 -1.21658354499211e-21
 2.45567762575402e+06 -1.21676257598117e-21
 2.45981176317112e+06 -1.21291484579384e-21
 2.46394590058821e+06 -1.20589434182179e-21
 2.46808003800530e+06 -1.20319930313622e-21
 2.47221417542240e+06 -1.20249275302966e-21
 2.47634831283949e+06 -1.20119645378268e-21
 2.48048245025659e+06 -1.20087572981832e-21
 2.48461658767368e+06 -1.19708927226896e-21
 2.48875072509078e+06 -1.19485760790801e-21
 2.49288486250787e+06 -1.19077914794334e-21
 2.49701899992497e+06 -1.18862790391972e-21
 2.50115313734206e+06 -1.18313155681709e-21
 2.50528727475915e+06 -1.18537470979766e-21
 2.50942141217625e+06 -1.18185440526947e-21
 2.51355554959334e+06 -1.18600179695186e-21
 2.51768968701044e+06 -1.18807357802311e-21
 2.52182382442753e+06 -1.19166185688405e-21
 2.52595796184463e+06 -1.18692184390633e-21
 2.53009209926172e+06 -1.18637613447443e-21
 2.53422623667881e+06 -1.18359301637178e-21
 2.53836037409591e+06 -1.18254755198647e-21
 2.54249451151300e+06 -1.18011962370703e-21
 2.54662864893010e+06 -1.18253319121195e-21
 2.55076278634719e+06 -1.17755287460720e-21
 2.55489692376429e+06 -1.17381524369122e-21
 2.55903106118138e+06 -1.17464050953384e-21
 2.56316519859847e+06 -1.17100340403952e-21
 2.56729933601557e+06 -1.17280424516477e-21
 2.57143347343266e+06 -1.17262617156068e-21
 2.57556761084976e+06 -1.16960466460093e-21
 2.57970174826685e+06 -1.16569183223577e-21
 2.58383588568395e+06 -1.16393694558900e-21
 2.58797002310104e+06 -1.16024143961162e-21
 2.59210416051813e+06 -1.15573981549099e-21
 2.59623829793523e+06 -1.15818593408482e-21
 2.60037243535232e+06 -1.15751384983712e-21
 2.60450657276942e+06 -1.16162773304562e-21
 2.60864071018651e+06 -1.16338740661723e-21
 2.61277484760361e+06 -1.15441575207992e-21
 2.61690898502070e+06 -1.15272118068615e-21
 2.62104312243779e+06 -1.15195048578672e-21
 2.62517725985489e+06 -1.14676337402884e-21
 2.62931139727198e+06 -1.14217654264604e-21
 2.63344553468908e+06 -1.14613245733477e-21
 2.63757967210617e+06 -1.14372942106451e-21
 2.64171380952327e+06 -1.13981371654444e-21
 2.64584794694036e+06 -1.14073184872897e-21
 2.64998208435745e+06 -1.14297691647948e-21
 2.65411622177455e+06 -1.13767587591037e-21
 2.65825035919164e+06 -1.13828190059527e-21
 2.66238449660874e+06 -1.13348827405932e-21
 2.66651863402583e+06 -1.13238823873083e-21
 2.67065277144293e+06 -1.13584727062105e-21
 2.67478690886002e+06 -1.13654520426289e-21
 2.67892104627712e+06 -1.13253376124600e-21
 2.68305518369421e+06 -1.13236717626152e-21
 2.68718932111130e+06 -1.13032890366416e-21
 2.69132345852840e+06 -1.13623596891815e-21
 2.69545759594549e+06 -1.13270513315531e-21
 2.69959173336259e+06 -1.13339827987231e-21
 2.70372587077968e+06 -1.13289086583915e-21
 2.70786000819678e+06 -1.13002158308935e-21
 2.71199414561387e+06 -1.13118480582576e-21
 2.71612828303096e+06 -1.12692061317725e-21
 2.72026242044806e+06 -1.12516764130041e-21
 2.72439655786515e+06 -1.12323468104955e-21
 2.72853069528225e+06 -1.12410015706084e-21
 2.73266483269934e+06 -1.12297140018329e-21
 2.73679897011644e+06 -1.11647267101893e-21
 2.74093310753353e+06 -1.11906143997303e-21
 2.74506724495062e+06 -1.11731804194588e-21
 2.74920138236772e+06 -1.12084887770872e-21
 2.75333551978481e+06 -1.11637980467701e-21
 2.75746965720191e+06 -1.11661244922429e-21
 2.76160379461900e+06 -1.11183031130797e-21
 2.76573793203610e+06 -1.10848233607406e-21
 2.76987206945319e+06 -1.10941482903311e-21
 2.77400620687028e+06 -1.10467385867043e-21
 2.77814034428738e+06 -1.10202573184829e-21
 2.78227448170447e+06 -1.10384572067290e-21
 2.78640861912157e+06 -1.10444983058786e-21
 2.79054275653866e+06 -1.11158522075610e-21
 2.79467689395576e+06 -1.10799502712523e-21
 2.79881103137285e+06 -1.10344936329606e-21
 2.80294516878994e+06 -1.10373945094143e-21
 2.80707930620704e+06 -1.10137471006990e-21
 2.81121344362413e+06 -1.09762654791927e-21
 2.81534758104123e+06 -1.09330108263279e-21
 2.81948171845832e+06 -1.08991289723021e-21
 2.82361585587542e+06 -1.08379903682308e-21
 2.82774999329251e+06 -1.08484450120839e-21
 2.83188413070960e+06 -1.07712319143959e-21
 2.83601826812670e+06 -1.07224148548658e-21
 2.84015240554379e+06 -1.06684183426574e-21
 2.84428654296089e+06 -1.06740190447216e-21
 2.84842068037798e+06 -1.06636792870647e-21
 2.85255481779508e+06 -1.06565276213520e-21
 2.85668895521217e+06 -1.06540958635327e-21
 2.86082309262927e+06 -1.06207788666382e-21
 2.86495723004636e+06 -1.06167674236213e-21
 2.86909136746345e+06 -1.06954740418597e-21
 2.87322550488055e+06 -1.06868767248450e-21
 2.87735964229764e+06 -1.06428944594044e-21
 2.88149377971474e+06 -1.06531289047148e-21
 2.88562791713183e+06 -1.06263891425520e-21
 2.88976205454893e+06 -1.05954464603787e-21
 2.89389619196602e+06 -1.05701810710671e-21
 2.89803032938311e+06 -1.05625698605696e-21
 2.90216446680021e+06 -1.05469549117378e-21
 2.90629860421730e+06 -1.05683141703790e-21
 2.91043274163440e+06 -1.05274721276342e-21
 2.91456687905149e+06 -1.05074532079485e-21
 2.91870101646859e+06 -1.04860269323594e-21
 2.92283515388568e+06 -1.04271477568131e-21
 2.92696929130277e+06 -1.04400533061849e-21
 2.93110342871987e+06 -1.04178132533729e-21
 2.93523756613696e+06 -1.04059225320674e-21
 2.93937170355406e+06 -1.03758510702152e-21
 2.94350584097115e+06 -1.03484794339734e-21
 2.94763997838825e+06 -1.03612413756000e-21
 2.95177411580534e+06 -1.03860567939766e-21
 2.95590825322243e+06 -1.04177749579741e-21
 2.96004239063953e+06 -1.03959657283978e-21
 2.96417652805662e+06 -1.03479815937900e-21
 2.96831066547372e+06 -1.04188185075895e-21
 2.97244480289081e+06 -1.03972869196539e-21
 2.97657894030791e+06 -1.03605329107235e-21
 2.98071307772500e+06 -1.03011080257453e-21
 2.98484721514209e+06 -1.03060385583317e-21
 2.98898135255919e+06 -1.03164357590867e-21
 2.99311548997628e+06 -1.02857324231555e-21
 2.99724962739338e+06 -1.02858377355020e-21
 3.00138376481047e+06 -1.03202748728093e-21
 3.00551790222757e+06 -1.03431755212494e-21
 3.00965203964466e+06 -1.03185803014155e-21
 3.01378617706175e+06 -1.03037887036563e-21
 3.01792031447885e+06 -1.03121753959781e-21
 3.02205445189594e+06 -1.02946073818110e-21
 3.02618858931304e+06 -1.02831283360419e-21
 3.03032272673013e+06 -1.02493900897614e-21
 3.03445686414723e+06 -1.01993475774718e-21
 3.03859100156432e+06 -1.01963796840703e-21
 3.04272513898141e+06 -1.01807647352384e-21
 3.04685927639851e+06 -1.01981604201112e-21
 3.05099341381560e+06 -1.01720525320275e-21
 3.05512755123270e+06 -1.01624403869465e-21
 3.05926168864979e+06 -1.01667294716042e-21
 3.06339582606689e+06 -1.01701952051892e-21
 3.06752996348398e+06 -1.01706164545752e-21
 3.07166410090108e+06 -1.01669783916959e-21
 3.07579823831817e+06 -1.01384866150413e-21
 3.07993237573526e+06 -1.01288361745615e-21
 3.08406651315236e+06 -1.01255714918198e-21
 3.08820065056945e+06 -1.01075726544171e-21
 3.09233478798655e+06 -1.00940543786656e-21
 3.09646892540364e+06 -1.00590523842270e-21
 3.10060306282074e+06 -1.00298712903953e-21
 3.10473720023783e+06 -9.99655429350080e-22
 3.10887133765492e+06 -9.95839292866704e-22
 3.11300547507202e+06 -9.91179700226316e-22
 3.11713961248911e+06 -9.87825023297629e-22
 3.12127374990621e+06 -9.83503387551026e-22
 3.12540788732330e+06 -9.77923747956166e-22
 3.12954202474040e+06 -9.80744204072580e-22
 3.13367616215749e+06 -9.76192795933602e-22
 3.13781029957458e+06 -9.77833753769152e-22
 3.14194443699168e+06 -9.77072632719408e-22
 3.14607857440877e+06 -9.71342683684535e-22
 3.15021271182587e+06 -9.72060722410709e-22
 3.15434684924296e+06 -9.76512562512991e-22
 3.15848098666006e+06 -9.79091757617410e-22
 3.16261512407715e+06 -9.80633147416265e-22
 3.16674926149424e+06 -9.82943317344610e-22
 3.17088339891134e+06 -9.80950041840750e-22
 3.17501753632843e+06 -9.85500492594760e-22
 3.17915167374553e+06 -9.88136173412304e-22
 3.18328581116262e+06 -9.86522979740832e-22
 3.18741994857972e+06 -9.88858999063320e-22
 3.19155408599681e+06 -9.86493300806817e-22
 3.19568822341390e+06 -9.84551724091241e-22
 3.19982236083100e+06 -9.79519708698210e-22
 3.20395649824809e+06 -9.77771523746217e-22
 3.20809063566519e+06 -9.75556134929727e-22
 3.21222477308228e+06 -9.72490588261446e-22
 3.21635891049938e+06 -9.64175699812345e-22
 3.22049304791647e+06 -9.57018289789838e-22
 3.22462718533356e+06 -9.57442411330765e-22
 3.22876132275066e+06 -9.58561594358629e-22
 3.23289546016775e+06 -9.59842575446124e-22
 3.23702959758485e+06 -9.58212148845224e-22
 3.24116373500194e+06 -9.56107816685048e-22
 3.24529787241904e+06 -9.56558745005086e-22
 3.24943200983613e+06 -9.50943682166401e-22
 3.25356614725323e+06 -9.56957017151871e-22
 3.25770028467032e+06 -9.57125516906280e-22
 3.26183442208741e+06 -9.57132218601057e-22
 3.26596855950451e+06 -9.55063309684707e-22
 3.27010269692160e+06 -9.55866555673054e-22
 3.27423683433870e+06 -9.52029356720377e-22
 3.27837097175579e+06 -9.48394165995998e-22
 3.28250510917289e+06 -9.51455883124406e-22
 3.28663924658998e+06 -9.53932638037224e-22
 3.29077338400707e+06 -9.55246170213639e-22
 3.29490752142417e+06 -9.58696585639150e-22
 3.29904165884126e+06 -9.57416561936623e-22
 3.30317579625836e+06 -9.60246591902718e-22
 3.30730993367545e+06 -9.55596573112012e-22
 3.31144407109255e+06 -9.51571726705562e-22
 3.31557820850964e+06 -9.45148630953689e-22
 3.31971234592673e+06 -9.44259220318201e-22
 3.32384648334383e+06 -9.44294643562026e-22
 3.32798062076092e+06 -9.43117060051099e-22
 3.33211475817802e+06 -9.44152950586727e-22
 3.33624889559511e+06 -9.38482359419885e-22
 3.34038303301221e+06 -9.38943818974573e-22
 3.34451717042930e+06 -9.36245908134093e-22
 3.34865130784639e+06 -9.35264588541655e-22
 3.35278544526349e+06 -9.32790705783742e-22
 3.35691958268058e+06 -9.27857301042439e-22
 3.36105372009768e+06 -9.28315888442222e-22
 3.36518785751477e+06 -9.22226920044263e-22
 3.36932199493187e+06 -9.18455780654394e-22
 3.37345613234896e+06 -9.12430957049306e-22
 3.37759026976605e+06 -9.12134167709154e-22
 3.38172440718315e+06 -9.06404218674281e-22
 3.38585854460024e+06 -9.03864276353560e-22
 3.38999268201734e+06 -9.04582315079734e-22
 3.39412681943443e+06 -9.06476022546899e-22
 3.39826095685153e+06 -9.06655053535958e-22
 3.40239509426862e+06 -9.06634948451625e-22
 3.40652923168571e+06 -9.01260189239967e-22
 3.41066336910281e+06 -9.01812600366637e-22
 3.41479750651990e+06 -9.01995460895570e-22
 3.41893164393700e+06 -8.97346399489832e-22
 3.42306578135409e+06 -8.98686738445358e-22
 3.42719991877119e+06 -8.93259323060447e-22
 3.43133405618828e+06 -8.89532223379117e-22
 3.43546819360538e+06 -8.88254114446526e-22
 3.43960233102247e+06 -8.84444679657928e-22
 3.44373646843956e+06 -8.80079961587756e-22
 3.44787060585666e+06 -8.83149337795910e-22
 3.45200474327375e+06 -8.83001900510802e-22
 3.45613888069085e+06 -8.82051217237347e-22
 3.46027301810794e+06 -8.83952583784257e-22
 3.46440715552504e+06 -8.85181866083467e-22
 3.46854129294213e+06 -8.90816076621517e-22
 3.47267543035922e+06 -8.89783058240794e-22
 3.47680956777632e+06 -8.88647599668470e-22
 3.48094370519341e+06 -8.86391043298345e-22
 3.48507784261051e+06 -8.90847670325469e-22
 3.48921198002760e+06 -8.89393402558723e-22
 3.49334611744470e+06 -8.84028217196747e-22
 3.49748025486179e+06 -8.82528952336495e-22
 3.50161439227888e+06 -8.76897613953350e-22
 3.50574852969598e+06 -8.78833446359117e-22
 3.50988266711307e+06 -8.77828192142472e-22
 3.51401680453017e+06 -8.73303590782605e-22
 3.51815094194726e+06 -8.68533898870870e-22
 3.52228507936436e+06 -8.66083950737162e-22
 3.52641921678145e+06 -8.63388912051587e-22
 3.53055335419854e+06 -8.62544498509606e-22
 3.53468749161564e+06 -8.63105526100990e-22
 3.53882162903273e+06 -8.65683763820441e-22
 3.54295576644983e+06 -8.61781462689925e-22
 3.54708990386692e+06 -8.59416721818390e-22
 3.55122404128402e+06 -8.61403295627473e-22
 3.55535817870111e+06 -8.61926985205096e-22
 3.55949231611820e+06 -8.64099291698016e-22
 3.56362645353530e+06 -8.61799653004321e-22
 3.56776059095239e+06 -8.60341555697703e-22
 3.57189472836949e+06 -8.59300878237234e-22
 3.57602886578658e+06 -8.54487146616960e-22
 3.58016300320368e+06 -8.49043455687589e-22
 3.58429714062077e+06 -8.49017606293447e-22
 3.58843127803786e+06 -8.47190915774059e-22
 3.59256541545496e+06 -8.40381993879988e-22
 3.59669955287205e+06 -8.35468694223018e-22
 3.60083369028915e+06 -8.35066592536360e-22
 3.60496782770624e+06 -8.36008659345101e-22
 3.60910196512334e+06 -8.30781337418551e-22
 3.61323610254043e+06 -8.31627665730468e-22
 3.61737023995752e+06 -8.30870374220596e-22
 3.62150437737462e+06 -8.27835463871299e-22
 3.62563851479171e+06 -8.16876278139939e-22
 3.62977265220881e+06 -8.15707311093727e-22
 3.63390678962590e+06 -8.16067287841783e-22
 3.63804092704300e+06 -8.17586657786368e-22
 3.64217506446009e+06 -8.24183040217491e-22
 3.64630920187719e+06 -8.22932695448979e-22
 3.65044333929428e+06 -8.17701543982556e-22
 3.65457747671137e+06 -8.15293720787451e-22
 3.65871161412847e+06 -8.13517771671379e-22
 3.66284575154556e+06 -8.09914174650951e-22
 3.66697988896266e+06 -8.08514477827395e-22
 3.67111402637975e+06 -8.04878329718048e-22
 3.67524816379685e+06 -8.03750530225469e-22
 3.67938230121394e+06 -8.02534651315814e-22
 3.68351643863103e+06 -8.05210542302024e-22
 3.68765057604813e+06 -8.03720851291454e-22
 3.69178471346522e+06 -8.00931031494024e-22
 3.69591885088232e+06 -7.99933436357126e-22
 3.70005298829941e+06 -8.00623710919222e-22
 3.70418712571651e+06 -8.03216309413196e-22
 3.70832126313360e+06 -8.02523162696195e-22
 3.71245540055069e+06 -8.06243560682747e-22
 3.71658953796779e+06 -8.04575796068086e-22
 3.72072367538488e+06 -8.03728510371200e-22
 3.72485781280198e+06 -8.03135889075864e-22
 3.72899195021907e+06 -8.02467634368038e-22
 3.73312608763617e+06 -7.98230248498640e-22
 3.73726022505326e+06 -8.01684493464023e-22
 3.74139436247035e+06 -8.03256519581861e-22
 3.74552849988745e+06 -8.03022917649613e-22
 3.74966263730454e+06 -8.00635199538840e-22
 3.75379677472164e+06 -8.01926711860986e-22
 3.75793091213873e+06 -7.98312583605908e-22
 3.76206504955583e+06 -7.96833423829988e-22
 3.76619918697292e+06 -7.96688858699785e-22
 3.77033332439001e+06 -7.95269056791896e-22
 3.77446746180711e+06 -7.90549148898509e-22
 3.77860159922420e+06 -7.94095302820843e-22
 3.78273573664130e+06 -7.95562973977144e-22
 3.78686987405839e+06 -7.95783172519837e-22
 3.79100401147549e+06 -7.95595525066064e-22
 3.79513814889258e+06 -7.91327502877682e-22
 3.79927228630967e+06 -7.90896679641978e-22
 3.80340642372677e+06 -7.97434661590039e-22
 3.80754056114386e+06 -7.92740603090794e-22
 3.81167469856096e+06 -7.96056027235783e-22
 3.81580883597805e+06 -7.90642972625396e-22
 3.81994297339515e+06 -7.89945996368523e-22
 3.82407711081224e+06 -7.86521430337154e-22
 3.82821124822934e+06 -7.84632509794831e-22
 3.83234538564643e+06 -7.86657379002643e-22
 3.83647952306352e+06 -7.93857871348721e-22
 3.84061366048062e+06 -7.92890912530806e-22
 3.84474779789771e+06 -7.92638162899193e-22
 3.84888193531481e+06 -7.91377286896030e-22
 3.85301607273190e+06 -7.87878044837140e-22
 3.85715021014900e+06 -7.83003040578899e-22
 3.86128434756609e+06 -7.75079722581806e-22
 3.86541848498318e+06 -7.84398907862582e-22
 3.86955262240028e+06 -7.87194471969822e-22
 3.87368675981737e+06 -7.83184943722864e-22
 3.87782089723447e+06 -7.84101161137462e-22
 3.88195503465156e+06 -7.83617681728505e-22
 3.88608917206866e+06 -7.80855626095153e-22
 3.89022330948575e+06 -7.78153885714801e-22
 3.89435744690284e+06 -7.80534902130795e-22
 3.89849158431994e+06 -7.79226156879221e-22
 3.90262572173703e+06 -7.75848502711296e-22
 3.90675985915413e+06 -7.81975766507986e-22
 3.91089399657122e+06 -7.76382723523570e-22
 3.91502813398832e+06 -7.72722640790017e-22
 3.91916227140541e+06 -7.75068233962187e-22
 3.92329640882250e+06 -7.74973452850332e-22
 3.92743054623960e+06 -7.73372705183447e-22
 3.93156468365669e+06 -7.73769062560295e-22
 3.93569882107379e+06 -7.73630241739901e-22
 3.93983295849088e+06 -7.76160610210940e-22
 3.94396709590798e+06 -7.76015087695769e-22
 3.94810123332507e+06 -7.71908863567019e-22
 3.95223537074216e+06 -7.70425874251227e-22
 3.95636950815926e+06 -7.67774875274190e-22
 3.96050364557635e+06 -7.68199954200086e-22
 3.96463778299345e+06 -7.69520188071279e-22
 3.96877192041054e+06 -7.68378027804177e-22
 3.97290605782764e+06 -7.67480958088943e-22
 3.97704019524473e+06 -7.71147742517274e-22
 3.98117433266182e+06 -7.71871525553258e-22
 3.98530847007892e+06 -7.69302861683490e-22
 3.98944260749601e+06 -7.67806468978142e-22
 3.99357674491311e+06 -7.69731770149258e-22
 3.99771088233020e+06 -7.70485232119257e-22
 4.00184501974730e+06 -7.74366470780472e-22
 4.00597915716439e+06 -7.75302793279404e-22
 4.01011329458148e+06 -7.72754234493968e-22
 4.01424743199858e+06 -7.68446002136922e-22
 4.01838156941567e+06 -7.61362310756968e-22
 4.02251570683277e+06 -7.63892679228007e-22
 4.02664984424986e+06 -7.60497792130654e-22
 4.03078398166696e+06 -7.55934895372057e-22
 4.03491811908405e+06 -7.52993808749646e-22
 4.03905225650115e+06 -7.55551941384764e-22
 4.04318639391824e+06 -7.59065544218178e-22
 4.04732053133533e+06 -7.62166514130283e-22
 4.05145466875243e+06 -7.59649549048800e-22
 4.05558880616952e+06 -7.56052653723150e-22
 4.05972294358662e+06 -7.50545775385875e-22
 4.06385708100371e+06 -7.48491227244048e-22
 4.06799121842081e+06 -7.44520951780787e-22
 4.07212535583790e+06 -7.41395089859507e-22
 4.07625949325499e+06 -7.38534423574428e-22
 4.08039363067209e+06 -7.38262526243450e-22
 4.08452776808918e+06 -7.39119385790018e-22
 4.08866190550628e+06 -7.35110814928028e-22
 4.09279604292337e+06 -7.34107475481320e-22
 4.09693018034047e+06 -7.32949039669759e-22
 4.10106431775756e+06 -7.34390861431917e-22
 4.10519845517465e+06 -7.33897808173277e-22
 4.10933259259175e+06 -7.26515412683235e-22
 4.11346673000884e+06 -7.23012341084472e-22
 4.11760086742594e+06 -7.22305790977916e-22
 4.12173500484303e+06 -7.23949620968372e-22
 4.12586914226013e+06 -7.22932878132109e-22
 4.13000327967722e+06 -7.17317815293424e-22
 4.13413741709431e+06 -7.18235947477959e-22
