0.000000000000000000e+00 -1.001050604941910004e-10 -1.001050604941910004e-10
1.000000020216089136e-01 -9.891463061720379457e-11 -9.981602183608618886e-11
2.000000040432176052e-01 -9.900467618718940093e-11 -9.952781773465082344e-11
3.000000060648267408e-01 -9.850808363682939898e-11 -9.924044578022508754e-11
4.000000080864356544e-01 -9.829612284935560230e-11 -9.895390357010669706e-11
5.000000101080446235e-01 -9.806594362535229871e-11 -9.866818870853090582e-11
6.000000121296534816e-01 -9.757698646942910034e-11 -9.838329880665026551e-11
7.000000141512624507e-01 -9.742612256539409528e-11 -9.809923148251485091e-11
8.000000161728713088e-01 -9.715240900192500100e-11 -9.781598436105225246e-11
9.000000181944802780e-01 -9.684505299547899359e-11 -9.753355507404772392e-11
1.000000020216089247e+00 -9.658584838555519734e-11 -9.725194126012440758e-11
1.100000022237695774e+00 -9.613901978696509396e-11 -9.697114056472355948e-11
1.200000024259304521e+00 -9.598830239412160081e-11 -9.669115064008487801e-11
1.300000026280913490e+00 -9.564352318960379717e-11 -9.641196914522687132e-11
1.400000028302522459e+00 -9.537083050283019901e-11 -9.613359374592728929e-11
1.500000030324131206e+00 -9.509480980204929702e-11 -9.585602211470364604e-11
1.600000032345740175e+00 -9.476951394923700182e-11 -9.557925193079365196e-11
1.700000034367349144e+00 -9.454014144977970492e-11 -9.530328088013591707e-11
1.800000036388957891e+00 -9.422304999669770281e-11 -9.502810665535057696e-11
1.900000038410566860e+00 -9.400435312401660180e-11 -9.475372695571993156e-11
2.000000040432175830e+00 -9.382989113721669671e-11 -9.448013948716934247e-11
2.100000042453785021e+00 -9.339946150453190084e-11 -9.420734196224789758e-11
2.200000044475393324e+00 -9.326419372466349863e-11 -9.393533210010942469e-11
2.300000046497002515e+00 -9.282877157401139980e-11 -9.366410762649332422e-11
2.400000048518611262e+00 -9.267455742428929494e-11 -9.339366627370560865e-11
2.500000050540210683e+00 -9.233501513747320358e-11 -9.312400578059992907e-11
2.600000052561836750e+00 -9.205070623459829798e-11 -9.285512389255856294e-11
2.700000054583438391e+00 -9.185396273374339972e-11 -9.258701836147389304e-11
2.800000056605039589e+00 -9.161667800001589515e-11 -9.231968694572916254e-11
2.900000058626665655e+00 -9.136351652620499702e-11 -9.205312741017999273e-11
3.000000060648267297e+00 -9.100940625797770050e-11 -9.178733752613579726e-11
3.100000062669868939e+00 -9.075033679613229469e-11 -9.152231507134088630e-11
3.200000064691495005e+00 -9.048965913914249945e-11 -9.125805782995591951e-11
3.300000066713096647e+00 -9.016504186920399589e-11 -9.099456359253972108e-11
3.400000068734698289e+00 -8.988400898100759532e-11 -9.073183015603034499e-11
3.500000070756299486e+00 -8.969519775764340054e-11 -9.046985532372691584e-11
3.600000072777925997e+00 -8.943473637518590216e-11 -9.020863690527115942e-11
3.700000074799527194e+00 -8.925490278621309809e-11 -8.994817271662933405e-11
3.800000076821128836e+00 -8.891802768941619539e-11 -8.968846058007354140e-11
3.900000078842754458e+00 -8.867362650036190331e-11 -8.942949832416383875e-11
4.000000080864356988e+00 -8.843321555350869513e-11 -8.917128378373007977e-11
4.100000082885958186e+00 -8.810305616623069868e-11 -8.891381479985362610e-11
4.200000084907560272e+00 -8.793560612206710001e-11 -8.865708921984943368e-11
4.300000086929185450e+00 -8.758243436918630015e-11 -8.840110489724793236e-11
4.400000088950786648e+00 -8.743696575283660138e-11 -8.814585969177739660e-11
4.500000090972389621e+00 -8.707021708979630274e-11 -8.789135146934560532e-11
4.600000092994014800e+00 -8.695628726809729985e-11 -8.763757810202222554e-11
4.700000095015615997e+00 -8.666139454413550267e-11 -8.738453746802118311e-11
4.800000097037218083e+00 -8.649053814308570599e-11 -8.713222745168260688e-11
4.900000099058819281e+00 -8.623667662086359380e-11 -8.688064594345528990e-11
5.000000101080445347e+00 -8.584408775264330120e-11 -8.662979083987902137e-11
5.100000103102047433e+00 -8.573804313181149615e-11 -8.637966004356718999e-11
5.200000105123648630e+00 -8.537484548520069891e-11 -8.613025146318888322e-11
5.300000107145274697e+00 -8.513799492813570077e-11 -8.588156301345163289e-11
5.400000109166876783e+00 -8.486155616195980375e-11 -8.563359261508412186e-11
5.500000111188477980e+00 -8.464011044169700211e-11 -8.538633819481839971e-11
5.600000113210079178e+00 -8.440635860390710424e-11 -8.513979768537288673e-11
5.700000115231706133e+00 -8.420366849862469465e-11 -8.489396902543489974e-11
5.800000117253307330e+00 -8.399367205723279363e-11 -8.464885015964364319e-11
5.900000119274908528e+00 -8.368359960393360485e-11 -8.440443903857273493e-11
6.000000121296534594e+00 -8.350409339400640460e-11 -8.416073361871319739e-11
6.100000123318135792e+00 -8.325662313491579539e-11 -8.391773186245653907e-11
6.200000125339737878e+00 -8.299587646486889496e-11 -8.367543173807742258e-11
6.300000127361339963e+00 -8.283861783581250535e-11 -8.343383121971686248e-11
6.400000129382966030e+00 -8.249535193036190486e-11 -8.319292828736516475e-11
6.500000131404567227e+00 -8.231801437206490615e-11 -8.295272092684534432e-11
6.600000133426169313e+00 -8.206480293989859389e-11 -8.271320712979581898e-11
6.700000135447793603e+00 -8.180850845202510278e-11 -8.247438489365390448e-11
6.800000137469396577e+00 -8.162583437091249696e-11 -8.223625222163915464e-11
6.900000139490998663e+00 -8.125022548195269764e-11 -8.199880712273640410e-11
7.000000141512622953e+00 -8.111275774195270446e-11 -8.176204761167922478e-11
7.100000143534225927e+00 -8.086320008145179456e-11 -8.152597170893352435e-11
7.200000145555826236e+00 -8.070959825584839708e-11 -8.129057744068066665e-11
7.300000147577452303e+00 -8.045449451520149615e-11 -8.105586283880110899e-11
7.400000149599054389e+00 -8.019653904459050592e-11 -8.082182594085815581e-11
7.500000151620655586e+00 -8.002127434294180280e-11 -8.058846479008116948e-11
7.600000153642281653e+00 -7.972615351725430087e-11 -8.035577743534941448e-11
7.700000155663883739e+00 -7.955243368579829625e-11 -8.012376193117590148e-11
7.800000157685484936e+00 -7.933984824349239769e-11 -7.989241633769076619e-11
7.900000159707087022e+00 -7.902283212016970593e-11 -7.966173872062529444e-11
8.000000161728713977e+00 -7.890392304867420542e-11 -7.943172715129563708e-11
8.100000163750314286e+00 -7.862995363105700325e-11 -7.920237970658691257e-11
8.200000165771916372e+00 -7.852025460271859593e-11 -7.897369446893675386e-11
8.300000167793541550e+00 -7.816218636691250421e-11 -7.874566952631950148e-11
8.400000169815143636e+00 -7.791714729361489461e-11 -7.851830297223035785e-11
8.500000171836745722e+00 -7.766222469589339857e-11 -7.829159290566908927e-11
8.600000173858370900e+00 -7.757574091496430364e-11 -7.806553743112432239e-11
8.700000175879972986e+00 -7.733782898601459412e-11 -7.784013465855789238e-11
8.800000177901573295e+00 -7.703097592547439926e-11 -7.761538270338864833e-11
8.900000179923200250e+00 -7.672883003972660213e-11 -7.739127968647689190e-11
9.000000181944802335e+00 -7.668034025843919523e-11 -7.716782373410882888e-11
9.100000183966402645e+00 -7.644062441234910376e-11 -7.694501297798060722e-11
9.200000185988029600e+00 -7.623952718473080001e-11 -7.672284555518276863e-11
9.300000188009631685e+00 -7.595219269749539652e-11 -7.650131960818493276e-11
9.400000190031231995e+00 -7.583148928892609535e-11 -7.628043328481992574e-11
9.500000192052858949e+00 -7.559431696702240119e-11 -7.606018473826836097e-11
9.600000194074459259e+00 -7.531015125529669400e-11 -7.584057212704351723e-11
9.700000196096061345e+00 -7.516543341532149599e-11 -7.562159361497546718e-11
9.800000198117663430e+00 -7.485953344848889710e-11 -7.540324737119604590e-11
9.900000200139288609e+00 -7.467736733645070541e-11 -7.518553157012340590e-11
1.000000020216089069e+01 -7.448686741124699441e-11 -7.496844439144690814e-11
1.010000020418249278e+01 -7.419691130177159821e-11 -7.475198402011170288e-11
1.020000020620411796e+01 -7.412390512504610539e-11 -7.453614864630358192e-11
1.030000020822572004e+01 -7.381022693495740236e-11 -7.432093646543408935e-11
1.040000021024732213e+01 -7.368163935465890324e-11 -7.410634567812512824e-11
1.050000021226894731e+01 -7.334906901208430380e-11 -7.389237449019399384e-11
1.060000021429054939e+01 -7.325653840750259870e-11 -7.367902111263861359e-11
1.070000021631215148e+01 -7.302956004124220113e-11 -7.346628376162221840e-11
1.080000021833377666e+01 -7.284135583117180189e-11 -7.325416065845859558e-11
1.090000022035537874e+01 -7.265624532375869356e-11 -7.304265002959740642e-11
1.100000022237698083e+01 -7.236258875641420346e-11 -7.283175010660902546e-11
1.110000022439860601e+01 -7.227214235665910483e-11 -7.262145912616989685e-11
1.120000022642020632e+01 -7.195581032394229481e-11 -7.241177533004794237e-11
1.130000022844181018e+01 -7.173436585783739963e-11 -7.220269696508759460e-11
1.140000023046343536e+01 -7.159706812492680432e-11 -7.199422228319525664e-11
1.150000023248503567e+01 -7.130750767999930557e-11 -7.178634954132482650e-11
1.160000023450663775e+01 -7.107536105312210031e-11 -7.157907700146287241e-11
1.170000023652823984e+01 -7.091487114614509902e-11 -7.137240293061426058e-11
1.180000023854986502e+01 -7.069364856359289558e-11 -7.116632560078755029e-11
1.190000024057146710e+01 -7.058001963706910573e-11 -7.096084328898081552e-11
1.200000024259306919e+01 -7.030571706623139858e-11 -7.075595427716685906e-11
1.210000024461469437e+01 -7.014147696399659792e-11 -7.055165685227906000e-11
1.220000024663629645e+01 -6.995216553723040520e-11 -7.034794930619716945e-11
1.230000024865789854e+01 -6.976100246261309748e-11 -7.014482993573270567e-11
1.240000025067952372e+01 -6.956838247940219977e-11 -6.994229704261494368e-11
1.250000025270112580e+01 -6.928062561584649741e-11 -6.974034893347677565e-11
1.260000025472272789e+01 -6.915240406363119815e-11 -6.953898391984032569e-11
1.270000025674435307e+01 -6.893272705254710596e-11 -6.933820031810290073e-11
1.280000025876595515e+01 -6.878029508347759683e-11 -6.913799644952317401e-11
1.290000026078755546e+01 -6.850646784137190458e-11 -6.893837064020673528e-11
1.300000026280918242e+01 -6.833556485234739363e-11 -6.873932122109233888e-11
1.310000026483078450e+01 -6.813490145296010342e-11 -6.854084652793802267e-11
1.320000026685238659e+01 -6.791922264443729941e-11 -6.834294490130696839e-11
1.330000026887401177e+01 -6.778085533553089389e-11 -6.814561468655369806e-11
1.340000027089561385e+01 -6.759130477909409541e-11 -6.794885423381045138e-11
1.350000027291721416e+01 -6.740188459418759913e-11 -6.775266189797307196e-11
1.360000027493883934e+01 -6.717805204714229704e-11 -6.755703603868738467e-11
1.370000027696044320e+01 -6.690523237816309647e-11 -6.736197502033565056e-11
1.380000027898204529e+01 -6.678666321512980137e-11 -6.716747721202259530e-11
1.390000028100364560e+01 -6.657765158492569888e-11 -6.697354098756196742e-11
1.400000028302527255e+01 -6.645176657562689641e-11 -6.678016472546282529e-11
1.410000028504687286e+01 -6.623700962673359980e-11 -6.658734680891619878e-11
1.420000028706847672e+01 -6.603008847307259540e-11 -6.639508562578127276e-11
1.430000028909010013e+01 -6.587078763286329453e-11 -6.620337956857203593e-11
1.440000029111170399e+01 -6.566264458178919637e-11 -6.601222703444403296e-11
1.450000029313330430e+01 -6.549437626034910476e-11 -6.582162642518062553e-11
1.460000029515493125e+01 -6.523346084568620452e-11 -6.563157614717975751e-11
1.470000029717653156e+01 -6.503546189865660368e-11 -6.544207461144088802e-11
1.480000029919813187e+01 -6.495309550926720107e-11 -6.525312023355125248e-11
1.490000030121975882e+01 -6.468678671351639756e-11 -6.506471143367289921e-11
1.500000030324136269e+01 -6.451636359789270086e-11 -6.487684663652954493e-11
1.510000030526296300e+01 -6.432028233705990355e-11 -6.468952427139317188e-11
1.520000030728458995e+01 -6.409674843150689652e-11 -6.450274277207097390e-11
1.530000030930619026e+01 -6.398005302680580225e-11 -6.431650057689244461e-11
1.540000031132779057e+01 -6.381707591982090284e-11 -6.413079612869605211e-11
1.550000031334941752e+01 -6.367184875102750134e-11 -6.394562787481632714e-11
1.560000031537101783e+01 -6.342066020117100240e-11 -6.376099426707101597e-11
1.570000031739262170e+01 -6.327613306799560084e-11 -6.357689376174789721e-11
1.580000031941422201e+01 -6.303615485080110314e-11 -6.339332481959205097e-11
1.590000032143584896e+01 -6.294942205287439502e-11 -6.321028590579285661e-11
1.600000032345744927e+01 -6.267989183698739971e-11 -6.302777548997136533e-11
1.610000032547905136e+01 -6.250985886836210432e-11 -6.284579204616725915e-11
1.620000032750067831e+01 -6.234203652630409548e-11 -6.266433405282621053e-11
1.630000032952228040e+01 -6.220449950579930377e-11 -6.248339999278725497e-11
1.640000033154388248e+01 -6.196011039631269787e-11 -6.230298835326991799e-11
1.650000033356550588e+01 -6.185566922490339786e-11 -6.212309762586162650e-11
1.660000033558710797e+01 -6.156796007918439629e-11 -6.194372630650526229e-11
1.670000033760871005e+01 -6.143316639386090499e-11 -6.176487289548632783e-11
1.680000033963033346e+01 -6.128503833224450616e-11 -6.158653589742055145e-11
1.690000034165193554e+01 -6.117701589674359857e-11 -6.140871382124144089e-11
1.700000034367354118e+01 -6.099168686708719633e-11 -6.123140518018764296e-11
1.710000034569516458e+01 -6.080596409460770115e-11 -6.105460849179062625e-11
1.720000034771676667e+01 -6.062387935881950147e-11 -6.087832227786237687e-11
1.730000034973836875e+01 -6.049341463475669737e-11 -6.070254506448278389e-11
1.740000035175999216e+01 -6.021831683399069718e-11 -6.052727538198751605e-11
1.750000035378159424e+01 -6.008414438114430384e-11 -6.035251176495574323e-11
1.760000035580319988e+01 -5.981757202993689491e-11 -6.017825275219775462e-11
1.770000035782479841e+01 -5.977199321762850272e-11 -6.000449688674284828e-11
1.780000035984642537e+01 -5.955575598094260362e-11 -5.983124271582700098e-11
1.790000036186802745e+01 -5.942366905499699488e-11 -5.965848879088104207e-11
1.800000036388962599e+01 -5.918150087548370427e-11 -5.948623366751815536e-11
1.810000036591125294e+01 -5.904009598661270312e-11 -5.931447590552201419e-11
1.820000036793285503e+01 -5.891152850021910617e-11 -5.914321406883478733e-11
1.830000036995445711e+01 -5.877386604229990008e-11 -5.897244672554497685e-11
1.840000037197608407e+01 -5.860396386740550419e-11 -5.880217244787544986e-11
1.850000037399768615e+01 -5.844335892683689679e-11 -5.863238981217178038e-11
1.860000037601928469e+01 -5.822857130375890388e-11 -5.846309739888994510e-11
1.870000037804091164e+01 -5.809911421384020265e-11 -5.829429379258465233e-11
1.880000038006251373e+01 -5.784782395174790214e-11 -5.812597758189764516e-11
1.890000038208411581e+01 -5.777516608305420132e-11 -5.795814735954564918e-11
1.900000038410574277e+01 -5.757473801097639870e-11 -5.779080172230866920e-11
1.910000038612734485e+01 -5.744287199565060146e-11 -5.762393927101845388e-11
1.920000038814894339e+01 -5.730201472158780001e-11 -5.745755861054653401e-11
1.930000039017057034e+01 -5.708427747686160202e-11 -5.729165834979260315e-11
1.940000039219217243e+01 -5.694506698148680296e-11 -5.712623710167316331e-11
1.950000039421377451e+01 -5.673823957121250005e-11 -5.696129348310952434e-11
1.960000039623537660e+01 -5.655107677829170057e-11 -5.679682611501652072e-11
1.970000039825700355e+01 -5.642789189820859869e-11 -5.663283362229082759e-11
1.980000040027860209e+01 -5.617318604600259862e-11 -5.646931463379963871e-11
1.990000040230020417e+01 -5.612667902299249965e-11 -5.630626778236902783e-11
2.000000040432183113e+01 -5.588042301785520124e-11 -5.614369170477249733e-11
2.010000040634342966e+01 -5.580302690556500277e-11 -5.598158504171985011e-11
2.020000040836503530e+01 -5.564005256849389819e-11 -5.581994643784550565e-11
2.030000041038666225e+01 -5.545715315530529859e-11 -5.565877454169730075e-11
2.040000041240826079e+01 -5.530275720457580252e-11 -5.549806800572531615e-11
2.050000041442986287e+01 -5.516277171848110249e-11 -5.533782548627032181e-11
2.060000041645148983e+01 -5.500216646388860084e-11 -5.517804564355277159e-11
2.070000041847308836e+01 -5.481873906319970088e-11 -5.501872714166163627e-11
2.080000042049469400e+01 -5.466908121232949844e-11 -5.485986864854297810e-11
2.090000042251631740e+01 -5.452418378290319879e-11 -5.470146883598901012e-11
2.100000042453791949e+01 -5.439781249327190177e-11 -5.454352637962705837e-11
2.110000042655952157e+01 -5.424009567574209997e-11 -5.438603995890824642e-11
2.120000042858114853e+01 -5.406863297078900173e-11 -5.422900825709660621e-11
2.130000043060274706e+01 -5.384370552027689971e-11 -5.407242996125816969e-11
2.140000043262434914e+01 -5.375653163888800128e-11 -5.391630376224973721e-11
2.150000043464595123e+01 -5.354881060604850322e-11 -5.376062835470813066e-11
2.160000043666757819e+01 -5.342936125914439883e-11 -5.360540243703915575e-11
2.170000043868918027e+01 -5.329461758563929879e-11 -5.345062471140691979e-11
2.180000044071078236e+01 -5.310899249312499951e-11 -5.329629388372269701e-11
2.190000044273240576e+01 -5.295552072245949785e-11 -5.314240866363428512e-11
2.200000044475400784e+01 -5.280342155623049934e-11 -5.298896776451525841e-11
2.210000044677560993e+01 -5.271080325752209754e-11 -5.283596990345406575e-11
2.220000044879723333e+01 -5.253372215301260155e-11 -5.268341380124334187e-11
2.230000045081883897e+01 -5.231565386091609912e-11 -5.253129818236936085e-11
2.240000045284044106e+01 -5.216212757506359780e-11 -5.237962177500117285e-11
2.250000045486206446e+01 -5.196940105224289788e-11 -5.222838331098002527e-11
2.260000045688366654e+01 -5.190332317295389730e-11 -5.207758152580888731e-11
2.270000045890526863e+01 -5.163383219294519868e-11 -5.192721515864170951e-11
2.280000046092689203e+01 -5.158220039188579914e-11 -5.177728295227292245e-11
2.290000046294849767e+01 -5.143385092091389855e-11 -5.162778365312703882e-11
2.300000046497009976e+01 -5.136655374535719882e-11 -5.147871601124803580e-11
2.310000046699172316e+01 -5.128992921844949705e-11 -5.133007878028891834e-11
2.320000046901332524e+01 -5.105132072742310264e-11 -5.118187071750144408e-11
2.330000047103492733e+01 -5.089989579256290114e-11 -5.103409058372551209e-11
2.340000047305655073e+01 -5.078295369944650018e-11 -5.088673714337892658e-11
2.350000047507815637e+01 -5.062601358482339735e-11 -5.073980916444716699e-11
2.360000047709975846e+01 -5.043627298680879854e-11 -5.059330541847284139e-11
2.370000047912135699e+01 -5.027252272380929885e-11 -5.044722468054563114e-11
2.380000048114298394e+01 -5.011650373153740315e-11 -5.030156572929186059e-11
2.390000048316458603e+01 -4.996853264812719933e-11 -5.015632734686455804e-11
2.400000048518618811e+01 -4.983996186918690169e-11 -5.001150831893296086e-11
2.410000048720781152e+01 -4.976974769546480088e-11 -4.986710743467254408e-11
2.420000048922934255e+01 -4.962189946305119928e-11 -4.972312348675503608e-11
2.430000049125109030e+01 -4.946361151400079802e-11 -4.957955527133754245e-11
2.440000049327259291e+01 -4.928263872215300002e-11 -4.943640158805419664e-11
2.450000049529434065e+01 -4.915442158764389852e-11 -4.929366124000366176e-11
2.460000049731584326e+01 -4.898893016410350198e-11 -4.915133303374184755e-11
2.470000049933734942e+01 -4.881567158505929722e-11 -4.900941577926954138e-11
2.480000050135909717e+01 -4.870788803428480232e-11 -4.886790829002345799e-11
2.490000050338060333e+01 -4.857185327715760162e-11 -4.872680938286738599e-11
2.500000050540234753e+01 -4.847420150403470313e-11 -4.858611787807989004e-11
2.510000050742385369e+01 -4.838118725401740034e-11 -4.844583259934712474e-11
2.520000050944560144e+01 -4.818317273024469719e-11 -4.830595237375036226e-11
2.530000051146710760e+01 -4.809572478388439688e-11 -4.816647603175884501e-11
2.540000051348861021e+01 -4.786674145850939729e-11 -4.802740240721766226e-11
2.550000051551035440e+01 -4.775450559678010226e-11 -4.788873033733897428e-11
2.560000051753186412e+01 -4.759024036031669877e-11 -4.775045866269335278e-11
2.570000051955360831e+01 -4.744677673479149971e-11 -4.761258622719771572e-11
2.580000052157511092e+01 -4.732572862577339948e-11 -4.747511187810831565e-11
2.590000052359686222e+01 -4.725164797520529967e-11 -4.733803446600845480e-11
2.600000052561836483e+01 -4.710827364182389767e-11 -4.720135284480157035e-11
2.610000052763987100e+01 -4.696432547827879722e-11 -4.706506587169924032e-11
2.620000052966161519e+01 -4.680151549517379706e-11 -4.692917240721271790e-11
2.630000053168312490e+01 -4.674807268244699707e-11 -4.679367131514431711e-11
2.640000053370486910e+01 -4.655387059355870112e-11 -4.665856146257567722e-11
2.650000053572637526e+01 -4.648708098580370099e-11 -4.652384171986085447e-11
2.660000053774811946e+01 -4.628269635243630034e-11 -4.638951096061430210e-11
2.670000053976962207e+01 -4.619357404362200223e-11 -4.625556806170402674e-11
2.680000054179137337e+01 -4.604650114366500173e-11 -4.612201190323963951e-11
2.690000054381287597e+01 -4.589833322313459889e-11 -4.598884136856556411e-11
2.700000054583438214e+01 -4.585548623228950165e-11 -4.585605534424941750e-11
2.710000054785612633e+01 -4.564794194458419789e-11 -4.572365272007369932e-11
2.720000054987763605e+01 -4.552836933473159716e-11 -4.559163238902746195e-11
2.730000055189938024e+01 -4.543971864478369990e-11 -4.545999324729481395e-11
2.740000055392088640e+01 -4.517722884953389735e-11 -4.532873419424823804e-11
2.750000055594263060e+01 -4.512996933098329890e-11 -4.519785413243684896e-11
2.760000055796413321e+01 -4.485431602185890278e-11 -4.506735196757975667e-11
2.770000055998564292e+01 -4.494624073958520172e-11 -4.493722660855468616e-11
2.780000056200738712e+01 -4.469641069781430183e-11 -4.480747696738984779e-11
2.790000056402889328e+01 -4.464165293666560276e-11 -4.467810195925571722e-11
2.800000056605064103e+01 -4.449912873580119692e-11 -4.454910050245384256e-11
2.810000056807214719e+01 -4.434449916689089869e-11 -4.442047151841023346e-11
2.820000057009389138e+01 -4.429816035593609782e-11 -4.429221393166389040e-11
2.830000057211539399e+01 -4.408068551220529822e-11 -4.416432666986029064e-11
2.840000057413690371e+01 -4.399066844434369809e-11 -4.403680866374024715e-11
2.850000057615864790e+01 -4.380973750978810135e-11 -4.390965884713190821e-11
2.860000057818015406e+01 -4.371192905226130235e-11 -4.378287615694276350e-11
2.870000058020189826e+01 -4.355915133804219852e-11 -4.365645953314856761e-11
2.880000058222340797e+01 -4.347535547987640062e-11 -4.353040791878700049e-11
2.890000058424515217e+01 -4.340053133671350009e-11 -4.340472025994633251e-11
2.900000058626665833e+01 -4.327318843715789823e-11 -4.327939550575906545e-11
2.910000058828816094e+01 -4.315195219479080119e-11 -4.315443260839100476e-11
2.920000059030990514e+01 -4.307319310812010040e-11 -4.302983052303345294e-11
2.930000059233141485e+01 -4.290936495580810084e-11 -4.290558820789530618e-11
2.940000059435315904e+01 -4.274685027208179678e-11 -4.278170462419232679e-11
2.950000059637466521e+01 -4.263677264694649892e-11 -4.265817873614077138e-11
2.960000059839640940e+01 -4.251647893123210272e-11 -4.253500951094639188e-11
2.970000060041791912e+01 -4.238145883844340188e-11 -4.241219591879817361e-11
2.980000060243942173e+01 -4.231053973863209908e-11 -4.228973693285763354e-11
2.990000060446116592e+01 -4.215277496124889898e-11 -4.216763152925114956e-11
3.000000060648267208e+01 -4.202563770167320031e-11 -4.204587868706224436e-11
3.010000060850441628e+01 -4.187201133425599937e-11 -4.192447738832103896e-11
3.020000061052592599e+01 -4.180121108251340022e-11 -4.180342661799802294e-11
3.030000061254767019e+01 -4.167401335070769984e-11 -4.168272536399332050e-11
3.040000061456917990e+01 -4.152998476447700189e-11 -4.156237261713047370e-11
3.050000061659067896e+01 -4.141034651999909983e-11 -4.144236737114601865e-11
3.060000061861243026e+01 -4.126123635000239703e-11 -4.132270862268190524e-11
3.070000062063393287e+01 -4.122228339073340000e-11 -4.120339537127803304e-11
3.080000062265567706e+01 -4.106717999648019857e-11 -4.108442661936180823e-11
3.090000062467718678e+01 -4.093749678145870029e-11 -4.096580137224212710e-11
3.100000062669893097e+01 -4.084382995358370227e-11 -4.084751863809879721e-11
3.110000062872043713e+01 -4.075844616736679880e-11 -4.072957742797645630e-11
3.120000063074218133e+01 -4.067724798728509967e-11 -4.061197675577410976e-11
3.130000063276369104e+01 -4.049623685710139697e-11 -4.049471563823907542e-11
3.140000063478519365e+01 -4.040866134728100277e-11 -4.037779309495686996e-11
3.150000063680694140e+01 -4.026917076141979844e-11 -4.026120814834377075e-11
3.160000063882844401e+01 -4.012953764678419737e-11 -4.014495982363956509e-11
3.170000064085018820e+01 -4.001913973496750185e-11 -4.002904714889735909e-11
3.180000064287169792e+01 -3.987824405167290316e-11 -3.991346915497774864e-11
3.190000064489344211e+01 -3.984007615139279950e-11 -3.979822487553847965e-11
3.200000064691494828e+01 -3.966173821104389875e-11 -3.968331334702854144e-11
3.210000064893645089e+01 -3.957134713603990159e-11 -3.956873360867824061e-11
3.220000065095820219e+01 -3.942819986277729683e-11 -3.945448470249194380e-11
3.230000065297970480e+01 -3.939611191353679995e-11 -3.934056567324092387e-11
3.240000065500144899e+01 -3.919157313723880134e-11 -3.922697556845343374e-11
3.250000065702295871e+01 -3.916084150176769934e-11 -3.911371343840894842e-11
3.260000065904470290e+01 -3.900238958182959889e-11 -3.900077833612803209e-11
3.270000066106621261e+01 -3.890400880827860134e-11 -3.888816931736658010e-11
3.280000066308770812e+01 -3.881656131323930065e-11 -3.877588544060609316e-11
3.290000066510945942e+01 -3.862203513090269875e-11 -3.866392576704648474e-11
3.300000066713096203e+01 -3.857750946281870098e-11 -3.855228936059920513e-11
3.310000066915271333e+01 -3.844321379922849808e-11 -3.844097528787739929e-11
3.320000067117421594e+01 -3.832755868482110123e-11 -3.832998261819032337e-11
3.330000067319596013e+01 -3.824720819588689724e-11 -3.821931042353339271e-11
3.340000067521746985e+01 -3.806802913100530177e-11 -3.810895777858254664e-11
3.350000067723897246e+01 -3.806253556832870088e-11 -3.799892376068470364e-11
3.360000067926072376e+01 -3.783895107797419721e-11 -3.788920744985076903e-11
3.370000068128222637e+01 -3.780632624297129808e-11 -3.777980792874880431e-11
3.380000068330397056e+01 -3.766970519194960232e-11 -3.767072428269444991e-11
3.390000068532547317e+01 -3.759752373241550219e-11 -3.756195559964545164e-11
3.400000068734722447e+01 -3.746341522552469948e-11 -3.745350097019183140e-11
3.410000068936872708e+01 -3.732987578860019874e-11 -3.734535948755052347e-11
3.420000069139022969e+01 -3.724161509293880238e-11 -3.723753024755582963e-11
3.430000069341198099e+01 -3.719257958654120195e-11 -3.713001234865269825e-11
3.440000069543348360e+01 -3.698997386403250108e-11 -3.702280489189001000e-11
3.450000069745523490e+01 -3.700633742781499715e-11 -3.691590698091112337e-11
3.460000069947673751e+01 -3.673605554124939841e-11 -3.680931772194861434e-11
3.470000070149848881e+01 -3.675858388008519791e-11 -3.670303622381458932e-11
3.480000070351998431e+01 -3.655255062975120320e-11 -3.659706159789537957e-11
3.490000070554149403e+01 -3.644282605933039725e-11 -3.649139295814227416e-11
3.500000070756323822e+01 -3.644387368668329929e-11 -3.638602942106491550e-11
3.510000070958474083e+01 -3.630032364573740042e-11 -3.628097010572465600e-11
3.520000071160649213e+01 -3.620216425353780193e-11 -3.617621413372538802e-11
3.530000071362799474e+01 -3.604357423077340087e-11 -3.607176062920830290e-11
3.540000071564974604e+01 -3.599166443148880243e-11 -3.596760871884245594e-11
3.550000071767124865e+01 -3.590661278440799908e-11 -3.586375753181954479e-11
3.560000071969275837e+01 -3.578855279211350314e-11 -3.576020619984482990e-11
3.570000072171450256e+01 -3.566270987040120289e-11 -3.565695385713067215e-11
3.580000072373600517e+01 -3.555314587482970123e-11 -3.555399964038997353e-11
3.590000072575774936e+01 -3.547826949207309846e-11 -3.545134268882729794e-11
3.600000072777925197e+01 -3.537712374423230260e-11 -3.534898214413359786e-11
3.610000072980100327e+01 -3.523570316830649771e-11 -3.524691715047707015e-11
3.620000073182250588e+01 -3.515316546554870092e-11 -3.514514685449802495e-11
3.630000073384425718e+01 -3.513100647805820239e-11 -3.504367040529968973e-11
3.640000073586575979e+01 -3.493775463862010039e-11 -3.494248695444316222e-11
3.650000073788726951e+01 -3.491025054632600271e-11 -3.484159565593849885e-11
3.660000073990901370e+01 -3.468646831220860297e-11 -3.474099566623847208e-11
3.670000074193051631e+01 -3.469528656831020035e-11 -3.464068614423217267e-11
3.680000074395226051e+01 -3.454642970042940052e-11 -3.454066625123633082e-11
3.690000074597376312e+01 -3.444486291483570276e-11 -3.444093515099018496e-11
3.700000074799551442e+01 -3.441059885757859863e-11 -3.434149200964660904e-11
3.710000075001701703e+01 -3.428113534697639759e-11 -3.424233599576705891e-11
3.720000075203852674e+01 -3.424051143443700300e-11 -3.414346628031291280e-11
3.730000075406027094e+01 -3.402674322781589801e-11 -3.404488203663929979e-11
3.740000075608177355e+01 -3.401901187347170135e-11 -3.394658244048883774e-11
3.750000075810352484e+01 -3.391217533266429723e-11 -3.384856666998315476e-11
3.760000076012502745e+01 -3.381215087099199890e-11 -3.375083390561785500e-11
3.770000076214677875e+01 -3.368990354957930080e-11 -3.365338333025380740e-11
3.780000076416828136e+01 -3.351560142682350098e-11 -3.355621412911220201e-11
3.790000076618978397e+01 -3.353957745943150173e-11 -3.345932548976605845e-11
3.800000076821152817e+01 -3.331224921696279763e-11 -3.336271660213416424e-11
3.810000077023303788e+01 -3.323536788493860289e-11 -3.326638665847500666e-11
3.820000077225478208e+01 -3.319066128418410091e-11 -3.317033485337837168e-11
3.830000077427628469e+01 -3.306781592074170048e-11 -3.307456038376049720e-11
3.840000077629803599e+01 -3.305058216329659871e-11 -3.297906244885542642e-11
3.850000077831953860e+01 -3.293943158698150158e-11 -3.288384025021029038e-11
3.860000078034104831e+01 -3.286949379649779857e-11 -3.278889299167688097e-11
3.870000078236279251e+01 -3.279397054819819724e-11 -3.269421987940580904e-11
3.880000078438429512e+01 -3.263270605827970104e-11 -3.259982012184045561e-11
3.890000078640603931e+01 -3.257860255854999892e-11 -3.250569292970880346e-11
3.900000078842754903e+01 -3.241268253970909794e-11 -3.241183751601864208e-11
3.910000079044929322e+01 -3.241053537818289800e-11 -3.231825309604921184e-11
3.920000079247079583e+01 -3.224758293695779874e-11 -3.222493888734638955e-11
3.930000079449230554e+01 -3.220673863193749732e-11 -3.213189410971459760e-11
3.940000079651404974e+01 -3.215223074157739844e-11 -3.203911798521099430e-11
3.950000079853555945e+01 -3.197009866803239931e-11 -3.194660973813956084e-11
3.960000080055730365e+01 -3.193544334161270181e-11 -3.185436859504312029e-11
3.970000080257881336e+01 -3.181449594935630190e-11 -3.176239378469862653e-11
3.980000080460055756e+01 -3.170676431382200320e-11 -3.167068453810892479e-11
3.990000080662206017e+01 -3.168080632912759903e-11 -3.157924008849814396e-11
4.000000080864356278e+01 -3.150991544222829977e-11 -3.148805967130366390e-11
4.010000081066530697e+01 -3.149885990119659964e-11 -3.139714252417044800e-11
4.020000081268681669e+01 -3.137724359016620319e-11 -3.130648788694529161e-11
4.030000081470856088e+01 -3.126782859885359801e-11 -3.121609500166898974e-11
4.040000081673007060e+01 -3.121559707399210175e-11 -3.112596311257163893e-11
4.050000081875181479e+01 -3.111446972375560112e-11 -3.103609146606470791e-11
4.060000082077332451e+01 -3.104034186421730132e-11 -3.094647931073633949e-11
4.070000082279506870e+01 -3.097530522858870298e-11 -3.085712589734347944e-11
4.080000082481657131e+01 -3.078183039333599968e-11 -3.076803047880719771e-11
4.090000082683807392e+01 -3.077011396319109800e-11 -3.067919231020503059e-11
4.100000082885981811e+01 -3.057165211291120176e-11 -3.059061064876537136e-11
4.110000083088132783e+01 -3.060580998315660225e-11 -3.050228475386188684e-11
4.120000083290307202e+01 -3.044077470118229801e-11 -3.041421388700585948e-11
4.130000083492458174e+01 -3.047899517466099824e-11 -3.032639731184167022e-11
4.140000083694632593e+01 -3.032540520558999993e-11 -3.023883429413899840e-11
4.150000083896783565e+01 -3.025054427144370226e-11 -3.015152410178833691e-11
4.160000084098933826e+01 -3.016027252143660016e-11 -3.006446600479341183e-11
4.170000084301108245e+01 -3.011017651599580062e-11 -2.997765927526569593e-11
4.180000084503258506e+01 -2.997424543154719758e-11 -2.989110318741897382e-11
4.190000084705433636e+01 -2.990928903578659909e-11 -2.980479701756178098e-11
4.200000084907583897e+01 -2.976500121591069709e-11 -2.971874004409306112e-11
4.210000085109758317e+01 -2.974790443363260089e-11 -2.963293154749443066e-11
4.220000085311909288e+01 -2.960300847132329751e-11 -2.954737081032582322e-11
4.230000085514059549e+01 -2.958984878353760139e-11 -2.946205711721808365e-11
4.240000085716233968e+01 -2.942364836375980173e-11 -2.937698975486757852e-11
4.250000085918384940e+01 -2.944170444420829844e-11 -2.929216801203081294e-11
4.260000086120559359e+01 -2.932282818018490089e-11 -2.920759117951712813e-11
4.270000086322710331e+01 -2.920682878664330137e-11 -2.912325855018433932e-11
4.280000086524884750e+01 -2.906762491153520014e-11 -2.903916941893123617e-11
4.290000086727035011e+01 -2.904137375021530003e-11 -2.895532308269327893e-11
4.300000086929185272e+01 -2.889782430748870136e-11 -2.887171884043532495e-11
4.310000087131360402e+01 -2.887273226873560047e-11 -2.878835599314635549e-11
4.320000087333510663e+01 -2.875921374188529956e-11 -2.870523384383426706e-11
4.330000087535685083e+01 -2.876028681409079898e-11 -2.862235169751860446e-11
4.340000087737836054e+01 -2.867228406259669875e-11 -2.853970886122636352e-11
4.350000087940010474e+01 -2.857361039190339914e-11 -2.845730464398461756e-11
4.360000088142161445e+01 -2.849782383796090079e-11 -2.837513835681628132e-11
4.370000088344311706e+01 -2.842378982518619954e-11 -2.829320931273304760e-11
4.380000088546486126e+01 -2.829202367082849843e-11 -2.821151682673014308e-11
4.390000088748636387e+01 -2.820568966107699868e-11 -2.813006021578125213e-11
4.400000088950810806e+01 -2.815044773872009926e-11 -2.804883879883141147e-11
4.410000089152961777e+01 -2.803739953757620018e-11 -2.796785189679287426e-11
4.420000089355136197e+01 -2.802584130407789945e-11 -2.788709883253792397e-11
4.430000089557287168e+01 -2.791382101809909881e-11 -2.780657893089466093e-11
4.440000089759437429e+01 -2.782643561168699880e-11 -2.772629151864012640e-11
4.450000089961612559e+01 -2.780429803626009853e-11 -2.764623592449513913e-11
4.460000090163762820e+01 -2.760349560798790097e-11 -2.756641147911938077e-11
4.470000090365937950e+01 -2.763697388408949975e-11 -2.748681751510431311e-11
4.480000090568088211e+01 -2.749072507938269967e-11 -2.740745336696926193e-11
4.490000090770262631e+01 -2.746059507085050008e-11 -2.732831837115425022e-11
4.500000090972412892e+01 -2.735612753665150078e-11 -2.724941186601598832e-11
4.510000091174587311e+01 -2.725591631136420098e-11 -2.717073319182082671e-11
4.520000091376738283e+01 -2.720586513379029881e-11 -2.709228169074076552e-11
4.530000091578888544e+01 -2.714921362349299856e-11 -2.701405670684661737e-11
4.540000091781063674e+01 -2.705506293784979896e-11 -2.693605758610308628e-11
4.550000091983213935e+01 -2.693260920420819880e-11 -2.685828367636387890e-11
4.560000092185389065e+01 -2.685035025626240017e-11 -2.678073432736492553e-11
4.570000092387539326e+01 -2.683603716392730095e-11 -2.670340889072045745e-11
4.580000092589713745e+01 -2.665529310466930065e-11 -2.662630671991605021e-11
4.590000092791864006e+01 -2.660822145739719987e-11 -2.654942717030477530e-11
4.600000092994014267e+01 -2.649893822460599945e-11 -2.647276959910044055e-11
4.610000093196189397e+01 -2.650138922249780004e-11 -2.639633336537280149e-11
4.620000093398339658e+01 -2.646566524653689885e-11 -2.632011783004281481e-11
4.630000093600514788e+01 -2.633775887295610053e-11 -2.624412235587586254e-11
4.640000093802665049e+01 -2.629074394997719939e-11 -2.616834630747806852e-11
4.650000094004839468e+01 -2.621625190179869998e-11 -2.609278905128935787e-11
4.660000094206990440e+01 -2.611223465028699932e-11 -2.601744995557974434e-11
4.670000094409140701e+01 -2.604469524211999876e-11 -2.594232839044269994e-11
4.680000094611315831e+01 -2.589714610088089842e-11 -2.586742372779047298e-11
4.690000094813465381e+01 -2.591997956976660087e-11 -2.579273534134937056e-11
4.700000095015640511e+01 -2.576985216463379977e-11 -2.571826260665321218e-11
4.710000095217790772e+01 -2.576585788891340027e-11 -2.564400490103964303e-11
4.720000095419965902e+01 -2.566242421999160035e-11 -2.556996160364340338e-11
4.730000095622116163e+01 -2.560765207897699899e-11 -2.549613209539262250e-11
4.740000095824266424e+01 -2.557207924128880122e-11 -2.542251575900236592e-11
4.750000096026441554e+01 -2.544557537863230119e-11 -2.534911197897001492e-11
4.760000096228591815e+01 -2.537284508212329862e-11 -2.527592014157067179e-11
4.770000096430766945e+01 -2.534223220450639840e-11 -2.520293963485075561e-11
4.780000096632917206e+01 -2.522310135781959986e-11 -2.513016984862432842e-11
4.790000096835091625e+01 -2.519569724378050026e-11 -2.505761017446656180e-11
4.800000097037241886e+01 -2.508303847976180015e-11 -2.498526000571007594e-11
4.810000097239392858e+01 -2.503424494793779935e-11 -2.491311873743860653e-11
4.820000097441567277e+01 -2.496821728081069950e-11 -2.484118576648253282e-11
4.830000097643717538e+01 -2.484021762553220065e-11 -2.476946049141429261e-11
4.840000097845892668e+01 -2.486447706559270008e-11 -2.469794231254216864e-11
4.850000098048042929e+01 -2.472754448283320010e-11 -2.462663063190666004e-11
4.860000098250218059e+01 -2.464479901357709982e-11 -2.455552485327410076e-11
4.870000098452368320e+01 -2.454703141316429901e-11 -2.448462438213304705e-11
4.880000098654518581e+01 -2.447889967728730105e-11 -2.441392862568809307e-11
4.890000098856693711e+01 -2.443273526375499944e-11 -2.434343699285545708e-11
4.900000099058843972e+01 -2.431298445666240044e-11 -2.427314889425853856e-11
4.910000099261018391e+01 -2.426913466766349875e-11 -2.420306374222178221e-11
4.920000099463168652e+01 -2.422578178666839916e-11 -2.413318095076714631e-11
4.930000099665343782e+01 -2.418980654441539907e-11 -2.406349993560782775e-11
4.940000099867494043e+01 -2.412800185893589972e-11 -2.399402011414476266e-11
4.950000100069645015e+01 -2.405134313446989906e-11 -2.392474090546052923e-11
4.960000100271819434e+01 -2.398004293975650040e-11 -2.385566173031503402e-11
4.970000100473970406e+01 -2.390887741847880081e-11 -2.378678201114113703e-11
4.980000100676144825e+01 -2.390880346739559903e-11 -2.371810117203870628e-11
4.990000100878295086e+01 -2.380499827710580015e-11 -2.364961863877106033e-11
5.000000101080469506e+01 -2.374930569848179909e-11 -2.358133383875891300e-11
5.010000101282619767e+01 -2.367841042145449884e-11 -2.351324620107685146e-11
5.020000101484794897e+01 -2.359484319374319968e-11 -2.344535515644728743e-11
5.030000101686945158e+01 -2.351617556415570088e-11 -2.337766013723698044e-11
5.040000101889096129e+01 -2.345940467972859923e-11 -2.331016057745116035e-11
5.050000102091270548e+01 -2.335832232113929999e-11 -2.324285591272930093e-11
5.060000102293421520e+01 -2.327928555855369913e-11 -2.317574558034084182e-11
5.070000102495595939e+01 -2.322327945228650135e-11 -2.310882901917940472e-11
5.080000102697746200e+01 -2.320162464270310105e-11 -2.304210566975934571e-11
5.090000102899920620e+01 -2.307479823946790022e-11 -2.297557497420982609e-11
5.100000103102070881e+01 -2.305022276175160136e-11 -2.290923637627140988e-11
5.110000103304221852e+01 -2.296638979221169966e-11 -2.284308932129030273e-11
5.120000103506396272e+01 -2.289906801603500093e-11 -2.277713325621419007e-11
5.130000103708547243e+01 -2.284500252270389883e-11 -2.271136762958809159e-11
5.140000103910721663e+01 -2.273358474509009991e-11 -2.264579189154864849e-11
5.150000104112872634e+01 -2.275447215651140150e-11 -2.258040549382076305e-11
5.160000104315047054e+01 -2.259834559770400149e-11 -2.251520788971178901e-11
5.170000104517198025e+01 -2.258224474738120074e-11 -2.245019853410819049e-11
5.180000104719347576e+01 -2.243188407521210060e-11 -2.238537688346991658e-11
5.190000104921522706e+01 -2.241620350577169892e-11 -2.232074239582627507e-11
5.200000105123672967e+01 -2.244833190767180031e-11 -2.225629453077193874e-11
5.210000105325848097e+01 -2.230268778941279952e-11 -2.219203274946127144e-11
5.220000105527997647e+01 -2.231613999360290005e-11 -2.212795651460512272e-11
5.230000105730172066e+01 -2.215000622207999941e-11 -2.206406529046503437e-11
5.240000105932323038e+01 -2.218320931054999961e-11 -2.200035854285004480e-11
5.250000106134474009e+01 -2.210091751904210127e-11 -2.193683573911114429e-11
5.260000106336648429e+01 -2.203472212617430087e-11 -2.187349634813724576e-11
5.270000106538799400e+01 -2.197647468748050051e-11 -2.181033984035124921e-11
5.280000106740973820e+01 -2.186692171968010146e-11 -2.174736568770449374e-11
5.290000106943124081e+01 -2.187183438164389955e-11 -2.168457336367362013e-11
5.300000107145298500e+01 -2.181156173884040155e-11 -2.162196234325488720e-11
5.310000107347449472e+01 -2.165626668079209987e-11 -2.155953210296106014e-11
5.320000107549599022e+01 -2.165810375051529971e-11 -2.149728212081593050e-11
5.330000107751774863e+01 -2.152343383443850024e-11 -2.143521187635040968e-11
5.340000107953924413e+01 -2.152539591282740036e-11 -2.137332085059866766e-11
5.350000108156100254e+01 -2.144654066969959950e-11 -2.131160852609267556e-11
5.360000108358249804e+01 -2.132253220625479898e-11 -2.125007438685915217e-11
5.370000108560425645e+01 -2.132660154385250043e-11 -2.118871791841397728e-11
5.380000108762575195e+01 -2.120010291502270152e-11 -2.112753860775916726e-11
5.390000108964725456e+01 -2.118329452448260104e-11 -2.106653594337745964e-11
5.400000109166900586e+01 -2.114380822648009868e-11 -2.100570941522854232e-11
5.410000109369050847e+01 -2.104398511823640090e-11 -2.094505851474521816e-11
5.420000109571225266e+01 -2.105493530170019872e-11 -2.088458273482809294e-11
5.430000109773376238e+01 -2.094963465550209860e-11 -2.082428156984255746e-11
5.440000109975550657e+01 -2.096839724894539987e-11 -2.076415451561334941e-11
5.450000110177701629e+01 -2.082266843052369935e-11 -2.070420106942152907e-11
5.460000110379852600e+01 -2.077292400702160118e-11 -2.064442072999923830e-11
5.470000110582027020e+01 -2.073578719936339934e-11 -2.058481299752596855e-11
5.480000110784177281e+01 -2.060843680714850086e-11 -2.052537737362479651e-11
5.490000110986351700e+01 -2.062343236461109988e-11 -2.046611336135721105e-11
5.500000111188501961e+01 -2.048521030218330070e-11 -2.040702046522011143e-11
5.510000111390677091e+01 -2.045753975588790022e-11 -2.034809819114052110e-11
5.520000111592826642e+01 -2.041873422450710152e-11 -2.028934604647260209e-11
5.530000111795002482e+01 -2.035715874517870121e-11 -2.023076353999236884e-11
5.540000111997152032e+01 -2.030014767884000097e-11 -2.017235018189477363e-11
5.550000112199303004e+01 -2.023095299837590040e-11 -2.011410548378854967e-11
5.560000112401477423e+01 -2.016769287396520040e-11 -2.005602895869262125e-11
5.570000112603628395e+01 -2.014300986413340033e-11 -1.999812012103238466e-11
5.580000112805802814e+01 -2.002853280163170149e-11 -1.994037848663474185e-11
5.590000113007953075e+01 -2.004724663580460155e-11 -1.988280357272509872e-11
5.600000113210128205e+01 -1.989409291404940033e-11 -1.982539489792225660e-11
5.610000113412278466e+01 -1.995587531227619888e-11 -1.976815198223549449e-11
5.620000113614429438e+01 -1.986665661653440072e-11 -1.971107434705957045e-11
5.630000113816603857e+01 -1.973251046666809905e-11 -1.965416151517115118e-11
5.640000114018754829e+01 -1.972826967625920126e-11 -1.959741301072522212e-11
5.650000114220929248e+01 -1.961388730474189909e-11 -1.954082835925016642e-11
5.660000114423078799e+01 -1.964402669809120073e-11 -1.948440708764486658e-11
5.670000114625254639e+01 -1.952074210204489981e-11 -1.942814872417366377e-11
5.680000114827404190e+01 -1.948720417992509919e-11 -1.937205279846354032e-11
5.690000115029555161e+01 -1.938161642026329918e-11 -1.931611884149916949e-11
5.700000115231729581e+01 -1.934734166710199953e-11 -1.926034638561946784e-11
5.710000115433879841e+01 -1.933852808887950149e-11 -1.920473496451403448e-11
5.720000115636054261e+01 -1.927774300240219987e-11 -1.914928411321834953e-11
5.730000115838205232e+01 -1.918077067859160050e-11 -1.909399336811093071e-11
5.740000116040379652e+01 -1.919686520593089996e-11 -1.903886226690842839e-11
5.750000116242530623e+01 -1.912271587309190028e-11 -1.898389034866276278e-11
5.760000116444681595e+01 -1.903775726582329857e-11 -1.892907715375640642e-11
5.770000116646856014e+01 -1.895269391240060134e-11 -1.887442222389890097e-11
5.780000116849006275e+01 -1.895056632633520158e-11 -1.881992510212342247e-11
5.790000117051181405e+01 -1.887298389712069945e-11 -1.876558533278205092e-11
5.800000117253331666e+01 -1.888262025522020024e-11 -1.871140246154301406e-11
5.810000117455506086e+01 -1.880182120966640057e-11 -1.865737603538582122e-11
5.820000117657655636e+01 -1.872127037535910147e-11 -1.860350560259854594e-11
5.830000117859806608e+01 -1.864859423858429952e-11 -1.854979071277309872e-11
5.840000118061981027e+01 -1.860209737429620074e-11 -1.849623091680191510e-11
5.850000118264131999e+01 -1.855891097306560006e-11 -1.844282576687451444e-11
5.860000118466306418e+01 -1.851010692451000092e-11 -1.838957481647291488e-11
5.870000118668457390e+01 -1.838876319851509844e-11 -1.833647762036888361e-11
5.880000118870631809e+01 -1.847338896251020053e-11 -1.828353373461922263e-11
5.890000119072782780e+01 -1.835371808531210039e-11 -1.823074271656304804e-11
5.900000119274933041e+01 -1.834237852352670126e-11 -1.817810412481723733e-11
5.910000119477107461e+01 -1.823601127046209876e-11 -1.812561751927306900e-11
5.920000119679258432e+01 -1.824778330682029954e-11 -1.807328246109296549e-11
5.930000119881432852e+01 -1.817810793937050012e-11 -1.802109851270592109e-11
5.940000120083583823e+01 -1.809923239812080113e-11 -1.796906523780485884e-11
5.950000120285758243e+01 -1.805755897692369966e-11 -1.791718220134197115e-11
5.960000120487909214e+01 -1.805212230966629909e-11 -1.786544896952607998e-11
5.970000120690058765e+01 -1.792142605171730010e-11 -1.781386510981815193e-11
5.980000120892233184e+01 -1.793573435856709955e-11 -1.776243019092803798e-11
5.990000121094384156e+01 -1.775940366357240062e-11 -1.771114378281124561e-11
6.000000121296558575e+01 -1.778720225453199945e-11 -1.766000545666449907e-11
6.010000121498708836e+01 -1.776093148591070047e-11 -1.760901478492309636e-11
6.020000121700883255e+01 -1.776099806201380121e-11 -1.755817134125638878e-11
6.030000121903034227e+01 -1.769191639113570026e-11 -1.750747470056517661e-11
6.040000122105208646e+01 -1.763709626476139901e-11 -1.745692443897719840e-11
6.050000122307359618e+01 -1.757917978733099919e-11 -1.740652013384452662e-11
6.060000122509510589e+01 -1.757052851061789895e-11 -1.735626136373921529e-11
6.070000122711685009e+01 -1.748869860455269949e-11 -1.730614770845013666e-11
6.080000122913835980e+01 -1.742918037686060150e-11 -1.725617874897980819e-11
6.090000123116010400e+01 -1.736584646579730019e-11 -1.720635406754007247e-11
6.100000123318160661e+01 -1.732988912867339892e-11 -1.715667324754954781e-11
6.110000123520335080e+01 -1.719061363381470042e-11 -1.710713587362918541e-11
6.120000123722486052e+01 -1.722908327139130159e-11 -1.705774153159977164e-11
6.130000123924635602e+01 -1.704940078685849930e-11 -1.700848980847761763e-11
6.140000124126811443e+01 -1.708535185455749977e-11 -1.695938029247143802e-11
6.150000124328960993e+01 -1.701545176412560132e-11 -1.691041257297933298e-11
6.160000124531135413e+01 -1.704450808246409873e-11 -1.686158624058445522e-11
6.170000124733286384e+01 -1.699680409734270124e-11 -1.681290088705255112e-11
6.180000124935460803e+01 -1.698726646751529880e-11 -1.676435610532764378e-11
6.190000125137611775e+01 -1.690058642544550092e-11 -1.671595148952950634e-11
6.200000125339762036e+01 -1.686229831840720088e-11 -1.666768663494951310e-11
6.210000125541936455e+01 -1.675894666230570089e-11 -1.661956113804755375e-11
6.220000125744087427e+01 -1.676452782179529977e-11 -1.657157459644903487e-11
6.230000125946261846e+01 -1.666774362968679999e-11 -1.652372660894069229e-11
6.240000126148412818e+01 -1.661102636849000142e-11 -1.647601677546817742e-11
6.250000126350587237e+01 -1.658361484458100110e-11 -1.642844469713176951e-11
6.260000126552738209e+01 -1.655477757462499928e-11 -1.638100997618398775e-11
6.270000126754887759e+01 -1.654502319569299974e-11 -1.633371221602542635e-11
6.280000126957063600e+01 -1.645693967157499947e-11 -1.628655102120180442e-11
6.290000127159213150e+01 -1.644254977987240028e-11 -1.623952599740101920e-11
6.300000127361388280e+01 -1.631319697107760109e-11 -1.619263675144900364e-11
6.310000127563537831e+01 -1.627221700078239915e-11 -1.614588289130740322e-11
6.320000127765712961e+01 -1.624191573276819882e-11 -1.609926402606933340e-11
6.330000127967863222e+01 -1.619119980770319922e-11 -1.605277976595707581e-11
6.340000128170014193e+01 -1.617582451776410049e-11 -1.600642972231798432e-11
6.350000128372188613e+01 -1.610102055288029853e-11 -1.596021350762160289e-11
6.360000128574339584e+01 -1.610152389497800118e-11 -1.591413073545673160e-11
6.370000128776514003e+01 -1.605799932906130015e-11 -1.586818102052744587e-11
6.380000128978664975e+01 -1.598273771085259964e-11 -1.582236397865073449e-11
6.390000129180839394e+01 -1.595197259319229893e-11 -1.577667922675243800e-11
6.400000129382989655e+01 -1.591021255774380133e-11 -1.573112638286488998e-11
6.410000129585139916e+01 -1.581131639228030024e-11 -1.568570506612297171e-11
6.420000129787315757e+01 -1.580564481443809956e-11 -1.564041489676125913e-11
6.430000129989464597e+01 -1.574326854239759968e-11 -1.559525549611118580e-11
6.440000130191640437e+01 -1.569309517015239878e-11 -1.555022648659706861e-11
6.450000130393790698e+01 -1.565205498605480055e-11 -1.550532749173388791e-11
6.460000130595965118e+01 -1.562602021188090036e-11 -1.546055813612321628e-11
6.470000130798115379e+01 -1.561071547715650041e-11 -1.541591804545096636e-11
6.480000131000289798e+01 -1.549319989340530116e-11 -1.537140684648340685e-11
6.490000131202440059e+01 -1.552264277004049946e-11 -1.532702416706487803e-11
6.500000131404591741e+01 -1.533298940006129915e-11 -1.528276963611395317e-11
6.510000131606766161e+01 -1.534257515348699993e-11 -1.523864288362066291e-11
6.520000131808916422e+01 -1.531654011568350086e-11 -1.519464354064367769e-11
6.530000132011090841e+01 -1.529902483763230158e-11 -1.515077123930653376e-11
6.540000132213242523e+01 -1.528433894785549880e-11 -1.510702561279535194e-11
6.550000132415416942e+01 -1.524171869929239935e-11 -1.506340629535498607e-11
6.560000132617567203e+01 -1.521555894121730043e-11 -1.501991292228675150e-11
6.570000132819716043e+01 -1.514537700112200034e-11 -1.497654512994467370e-11
6.580000133021891884e+01 -1.508962663576469894e-11 -1.493330255573271914e-11
6.590000133224042145e+01 -1.496174034640709963e-11 -1.489018483810217480e-11
6.600000133426217985e+01 -1.496453850626000141e-11 -1.484719161654776752e-11
6.610000133628366825e+01 -1.492591740725180114e-11 -1.480432253160559610e-11
6.620000133830542666e+01 -1.483219285812849997e-11 -1.476157722484919565e-11
6.630000134032692927e+01 -1.481294987803430138e-11 -1.471895533888745679e-11
6.640000134234843188e+01 -1.479570691810330007e-11 -1.467645651736085806e-11
6.650000134437017607e+01 -1.480533974570030049e-11 -1.463408040493881312e-11
6.660000134639167868e+01 -1.476996710815360155e-11 -1.459182664731701799e-11
6.670000134841342287e+01 -1.470549440877950145e-11 -1.454969489121374971e-11
6.680000135043493970e+01 -1.465617250909159863e-11 -1.450768478436774184e-11
6.690000135245668389e+01 -1.461906358958870028e-11 -1.446579597553444603e-11
6.700000135447818650e+01 -1.460827131011259869e-11 -1.442402811448386063e-11
6.710000135649970332e+01 -1.446737883445379979e-11 -1.438238085199692148e-11
6.720000135852144751e+01 -1.441852722978700000e-11 -1.434085383986290081e-11
6.730000136054293591e+01 -1.436014574019470071e-11 -1.429944673087677226e-11
6.740000136256469432e+01 -1.441160182797369971e-11 -1.425815917883558544e-11
6.750000136458619693e+01 -1.433658889218390029e-11 -1.421699083853644647e-11
6.760000136660794112e+01 -1.429348189223090005e-11 -1.417594136577274722e-11
6.770000136862944373e+01 -1.421073111340500042e-11 -1.413501041733214741e-11
6.780000137065094634e+01 -1.421050030953969937e-11 -1.409419765099296865e-11
6.790000137267269054e+01 -1.416861152156059939e-11 -1.405350272552165633e-11
6.800000137469420736e+01 -1.406078545246980026e-11 -1.401292530067020114e-11
6.810000137671595155e+01 -1.402867391977170001e-11 -1.397246503717264297e-11
6.820000137873745416e+01 -1.406872795751789926e-11 -1.393212159674296899e-11
6.830000138075919836e+01 -1.406129055681289991e-11 -1.389189464207153355e-11
6.840000138278071518e+01 -1.401962494954319963e-11 -1.385178383682301443e-11
6.850000138480221779e+01 -1.394149198642119950e-11 -1.381178884563292157e-11
6.860000138682396198e+01 -1.398890279044329955e-11 -1.377190933410507351e-11
6.870000138884546459e+01 -1.383468417745320056e-11 -1.373214496880910134e-11
6.880000139086720878e+01 -1.386531760979619939e-11 -1.369249541727697677e-11
6.890000139288872560e+01 -1.380924915921189999e-11 -1.365296034800101689e-11
6.900000139491046980e+01 -1.373912347321130080e-11 -1.361353943043033312e-11
6.910000139693195820e+01 -1.370974998887139943e-11 -1.357423233496884080e-11
6.920000139895371660e+01 -1.364513638067750003e-11 -1.353503873297171134e-11
6.930000140097521921e+01 -1.362743805722740016e-11 -1.349595829674343517e-11
6.940000140299672182e+01 -1.362817473568320036e-11 -1.345699069953438859e-11
6.950000140501846602e+01 -1.356637080732579922e-11 -1.341813561553837970e-11
6.960000140703996863e+01 -1.348468839203110056e-11 -1.337939271989021370e-11
6.970000140906171282e+01 -1.347445387707849932e-11 -1.334076168866233897e-11
6.980000141108322964e+01 -1.346566980372510065e-11 -1.330224219886285176e-11
6.990000141310497384e+01 -1.339813304293290017e-11 -1.326383392843207928e-11
7.000000141512647645e+01 -1.332896009733959958e-11 -1.322553655624061994e-11
7.010000141714799327e+01 -1.326638125423219991e-11 -1.318734976208598622e-11
7.020000141916973746e+01 -1.327768836880779946e-11 -1.314927322669027332e-11
7.030000142119124007e+01 -1.324971301684780005e-11 -1.311130663169768250e-11
7.040000142321298426e+01 -1.317950405645929957e-11 -1.307344965967126243e-11
7.050000142523448687e+01 -1.315317606180990079e-11 -1.303570199409098342e-11
7.060000142725623107e+01 -1.315144798839149927e-11 -1.299806331935036081e-11
7.070000142927773368e+01 -1.312185796080310039e-11 -1.296053332075453409e-11
7.080000143129923629e+01 -1.305466297735099970e-11 -1.292311168451700336e-11
7.090000143332098048e+01 -1.306596415317879993e-11 -1.288579809775728839e-11
7.100000143534249730e+01 -1.301514811525230056e-11 -1.284859224849857305e-11
7.110000143736424150e+01 -1.295513019761909921e-11 -1.281149382566447257e-11
7.120000143938574411e+01 -1.297165102098589984e-11 -1.277450251907713517e-11
7.130000144140748830e+01 -1.292513398969119999e-11 -1.273761801945396409e-11
7.140000144342900512e+01 -1.291384979092959929e-11 -1.270084001840570954e-11
7.150000144545050773e+01 -1.283710270169639945e-11 -1.266416820843330054e-11
7.160000144747225193e+01 -1.279915593191080021e-11 -1.262760228292550556e-11
7.170000144949375454e+01 -1.273096282521239975e-11 -1.259114193615665940e-11
7.180000145151549873e+01 -1.271323565183980071e-11 -1.255478686328349662e-11
7.190000145353701555e+01 -1.264501740109590030e-11 -1.251853676034327099e-11
7.200000145555875974e+01 -1.262337866492520057e-11 -1.248239132425055826e-11
7.210000145758026235e+01 -1.258033526596989926e-11 -1.244635025279537076e-11
7.220000145960176496e+01 -1.251199132291099963e-11 -1.241041324464007328e-11
7.230000146162350916e+01 -1.252013657481079985e-11 -1.237457999931707755e-11
7.240000146364501177e+01 -1.243068222563699993e-11 -1.233885021722661927e-11
7.250000146566675596e+01 -1.240381553753430033e-11 -1.230322359963364321e-11
7.260000146768827278e+01 -1.244091569063669978e-11 -1.226769984866598571e-11
7.270000146971001698e+01 -1.238592601953500030e-11 -1.223227866731120969e-11
7.280000147173151959e+01 -1.234809618785970046e-11 -1.219695975941478557e-11
7.290000147375302220e+01 -1.232003400641969971e-11 -1.216174282967705069e-11
7.300000147577476639e+01 -1.232133904113159949e-11 -1.212662758365096041e-11
7.310000147779628321e+01 -1.225112451758869940e-11 -1.209161372773989738e-11
7.320000147981802741e+01 -1.218834680502559966e-11 -1.205670096919463913e-11
7.330000148183953002e+01 -1.218632013459190055e-11 -1.202188901611155014e-11
7.340000148386127421e+01 -1.217057542440629941e-11 -1.198717757742950583e-11
7.350000148588277682e+01 -1.210163269655570025e-11 -1.195256636292810409e-11
7.360000148790427943e+01 -1.212621336422600020e-11 -1.191805508322465218e-11
7.370000148992603783e+01 -1.209020418676290040e-11 -1.188364344977201967e-11
7.380000149194752623e+01 -1.200702964131089921e-11 -1.184933117485647834e-11
7.390000149396927043e+01 -1.202079054444909952e-11 -1.181511797159466007e-11
7.400000149599078725e+01 -1.191186812017640040e-11 -1.178100355393187825e-11
7.410000149801253144e+01 -1.189932967351040015e-11 -1.174698763663907912e-11
7.420000150003403405e+01 -1.186098419807430032e-11 -1.171306993531107114e-11
7.430000150205577825e+01 -1.181351226229839927e-11 -1.167925016636351672e-11
7.440000150407729507e+01 -1.177691668202080043e-11 -1.164552804703120682e-11
7.450000150609879768e+01 -1.170411006043160048e-11 -1.161190329536515770e-11
7.460000150812054187e+01 -1.174732664312870059e-11 -1.157837563023044283e-11
7.470000151014204448e+01 -1.169233845073170078e-11 -1.154494477130412815e-11
7.480000151216378868e+01 -1.165206790151379994e-11 -1.151161043907233979e-11
7.490000151418530550e+01 -1.162706987623870012e-11 -1.147837235482859032e-11
7.500000151620704969e+01 -1.160457972193960022e-11 -1.144523024067079637e-11
7.510000151822855230e+01 -1.162591156170470076e-11 -1.141218381949958712e-11
7.520000152025005491e+01 -1.152107888285610038e-11 -1.137923281501543663e-11
7.530000152227181331e+01 -1.141284723080120080e-11 -1.134637695171659750e-11
7.540000152429330171e+01 -1.141857199383870060e-11 -1.131361595489704584e-11
7.550000152631506012e+01 -1.135250093010420044e-11 -1.128094955064357484e-11
7.560000152833656273e+01 -1.142049434848799990e-11 -1.124837746583421634e-11
7.570000153035830692e+01 -1.133014621305870030e-11 -1.121589942813527299e-11
7.580000153237980953e+01 -1.131354053681090017e-11 -1.118351516599968164e-11
7.590000153440131214e+01 -1.125427798652429971e-11 -1.115122440866419421e-11
7.600000153642305634e+01 -1.128679091962800026e-11 -1.111902688614736780e-11
7.610000153844457316e+01 -1.127333368023119974e-11 -1.108692232924750167e-11
7.620000154046631735e+01 -1.115788347717880070e-11 -1.105491046953989070e-11
7.630000154248781996e+01 -1.120466895205519925e-11 -1.102299103937515490e-11
7.640000154450956416e+01 -1.116882027713590012e-11 -1.099116377187640561e-11
7.650000154653106677e+01 -1.109973518602430026e-11 -1.095942840093764938e-11
7.660000154855256937e+01 -1.106523749763329973e-11 -1.092778466122098488e-11
7.670000155057432778e+01 -1.101679421115329984e-11 -1.089623228815463512e-11
7.680000155259581618e+01 -1.096521382523060009e-11 -1.086477101793098128e-11
7.690000155461757458e+01 -1.097553319567139982e-11 -1.083340058750378391e-11
7.700000155663907719e+01 -1.091340575395030039e-11 -1.080212073458663681e-11
7.710000155866083560e+01 -1.087344534108150062e-11 -1.077093119765012197e-11
7.720000156068232400e+01 -1.087726589072919942e-11 -1.073983171592027316e-11
7.730000156270384082e+01 -1.085650617648280078e-11 -1.070882202937582458e-11
7.740000156472558501e+01 -1.080356970187210037e-11 -1.067790187874629962e-11
7.750000156674708762e+01 -1.079850979661760040e-11 -1.064707100551003824e-11
7.760000156876883182e+01 -1.076940021042400068e-11 -1.061632915189154252e-11
7.770000157079033443e+01 -1.075195476172549921e-11 -1.058567606085988213e-11
7.780000157281207862e+01 -1.067544448017559978e-11 -1.055511147612598011e-11
7.790000157483359544e+01 -1.065961553254219931e-11 -1.052463514214104414e-11
7.800000157685509805e+01 -1.064784322460530059e-11 -1.049424680409392992e-11
7.810000157887684225e+01 -1.063119146950949993e-11 -1.046394620790922504e-11
7.820000158089834486e+01 -1.050210005109029986e-11 -1.043373310024533295e-11
7.830000158292010326e+01 -1.050590142608320060e-11 -1.040360722849184435e-11
7.840000158494159166e+01 -1.051335959584550003e-11 -1.037356834076804443e-11
7.850000158696335006e+01 -1.052689279758700045e-11 -1.034361618592016311e-11
7.860000158898485267e+01 -1.041019454002769986e-11 -1.031375051351991778e-11
7.870000159100659687e+01 -1.039293600718759939e-11 -1.028397107386179591e-11
7.880000159302809948e+01 -1.045180978706209990e-11 -1.025427761796155899e-11
7.890000159504960209e+01 -1.035220595474680064e-11 -1.022466989755367376e-11
7.900000159707134628e+01 -1.034019151276200002e-11 -1.019514766508942357e-11
7.910000159909286310e+01 -1.025776555903139994e-11 -1.016571067373506019e-11
7.920000160111460730e+01 -1.031002394596339939e-11 -1.013635867736927861e-11
7.930000160313610991e+01 -1.022680100213509995e-11 -1.010709143058166444e-11
7.940000160515785410e+01 -1.020064014952179967e-11 -1.007790868867011712e-11
7.950000160717937092e+01 -1.017493067757730024e-11 -1.004881020763935868e-11
7.960000160920087353e+01 -1.017417220225699957e-11 -1.001979574419840534e-11
7.970000161122261773e+01 -1.015609951000190045e-11 -9.990865055758740334e-12
7.980000161324412034e+01 -1.010475937092360012e-11 -9.962017900432491459e-12
7.990000161526586453e+01 -1.009901764877879967e-11 -9.933254037029922119e-12
8.000000161728736714e+01 -1.010385624811550079e-11 -9.904573225057974048e-12
8.010000161930912554e+01 -9.991449615435489895e-12 -9.875975224717703371e-12
8.020000162133061394e+01 -9.995286498419820793e-12 -9.847459796902834658e-12
8.030000162335213076e+01 -9.943371698356810197e-12 -9.819026703197240606e-12
8.040000162537387496e+01 -9.934775679050339679e-12 -9.790675705873226284e-12
8.050000162739537757e+01 -9.908131667657490365e-12 -9.762406567889677676e-12
8.060000162941712176e+01 -9.844287326700679221e-12 -9.734219052889635062e-12
8.070000163143862437e+01 -9.814276032379590243e-12 -9.706112925198858380e-12
8.080000163346036857e+01 -9.844291155217670025e-12 -9.678087949823314989e-12
8.090000163548188539e+01 -9.786787587308749990e-12 -9.650143892447746642e-12
8.100000163750338800e+01 -9.757552558122389778e-12 -9.622280519433250951e-12
8.110000163952513219e+01 -9.706935141102410196e-12 -9.594497597815512321e-12
8.120000164154664901e+01 -9.768230830494440127e-12 -9.566794895303079734e-12
8.130000164356839321e+01 -9.660557288719179641e-12 -9.539172180274938519e-12
8.140000164558988160e+01 -9.671115641131429920e-12 -9.511629221779109641e-12
8.150000164761164001e+01 -9.570164200242850300e-12 -9.484165789530176235e-12
8.160000164963314262e+01 -9.620485297768559581e-12 -9.456781653907924899e-12
8.170000165165464523e+01 -9.567963637024989954e-12 -9.429476585954930390e-12
8.180000165367638942e+01 -9.529055474569069600e-12 -9.402250357374838256e-12
8.190000165569789203e+01 -9.489951170288260728e-12 -9.375102740530671698e-12
8.200000165771963623e+01 -9.511911732375060546e-12 -9.348033508442464738e-12
8.210000165974115305e+01 -9.477122443046149986e-12 -9.321042434785872814e-12
8.220000166176289724e+01 -9.417259891394839830e-12 -9.294129293889780091e-12
8.230000166378439985e+01 -9.392663049350230473e-12 -9.267293860734911677e-12
8.240000166580591667e+01 -9.446612626132960138e-12 -9.240535910951518486e-12
8.250000166782766087e+01 -9.334131169294399954e-12 -9.213855220817685714e-12
8.260000166984916348e+01 -9.333046867172910399e-12 -9.187251567257646170e-12
8.270000167187090767e+01 -9.306842714779650703e-12 -9.160724727839479678e-12
8.280000167389241028e+01 -9.248333605580439598e-12 -9.134274480773768912e-12
8.290000167591415448e+01 -9.250165386115639854e-12 -9.107900604911213169e-12
8.300000167793567130e+01 -9.210456853637959836e-12 -9.081602879741310050e-12
8.310000167995741549e+01 -9.189705388512770569e-12 -9.055381085389993478e-12
8.320000168197890389e+01 -9.161124895702499900e-12 -9.029235002618308909e-12
8.330000168400042071e+01 -9.166634544884060668e-12 -9.003164412820115971e-12
8.340000168602216490e+01 -9.107917477269360707e-12 -8.977169098020492263e-12
8.350000168804366751e+01 -9.050044215638019196e-12 -8.951248840874053146e-12
8.360000169006541171e+01 -9.080735807402389963e-12 -8.925403424662731922e-12
8.370000169208691432e+01 -9.047976055119490409e-12 -8.899632633294443749e-12
8.380000169410867272e+01 -9.079693447667859613e-12 -8.873936251300786656e-12
8.390000169613017533e+01 -8.994272180712140398e-12 -8.848314063835749075e-12
8.400000169815167794e+01 -9.010427416189579879e-12 -8.822765856673469024e-12
8.410000170017342214e+01 -8.905612209738749664e-12 -8.797291416206623362e-12
8.420000170219493896e+01 -8.899574402905949640e-12 -8.771890529444836439e-12
8.430000170421668315e+01 -8.876926240185880561e-12 -8.746562984012466739e-12
8.440000170623818576e+01 -8.842313211555069692e-12 -8.721308568147327339e-12
8.450000170825992996e+01 -8.833715508087320084e-12 -8.696127070698406311e-12
8.460000171028143257e+01 -8.765696156590019802e-12 -8.671018281124609800e-12
8.470000171230293518e+01 -8.803759561758430754e-12 -8.645981989492564820e-12
8.480000171432467937e+01 -8.793906209873309242e-12 -8.621017986475060217e-12
8.490000171634618198e+01 -8.696957501373080540e-12 -8.596126063349456929e-12
8.500000171836792617e+01 -8.698598289983030130e-12 -8.571306011995531178e-12
8.510000172038944299e+01 -8.652777946999369855e-12 -8.546557624894215927e-12
8.520000172241118719e+01 -8.655017808043690425e-12 -8.521880695125402067e-12
8.530000172443268980e+01 -8.605175066087830748e-12 -8.497275016366650792e-12
8.540000172645420662e+01 -8.582253527842540465e-12 -8.472740382891065874e-12
8.550000172847595081e+01 -8.558045079182059433e-12 -8.448276589565786315e-12
8.560000173049745342e+01 -8.540654485936380377e-12 -8.423883431850395002e-12
8.570000173251919762e+01 -8.536459352262169528e-12 -8.399560705794824895e-12
8.580000173454070023e+01 -8.514047863220400031e-12 -8.375308208038116652e-12
8.590000173656244442e+01 -8.458376883280960008e-12 -8.351125735806263426e-12
8.600000173858396124e+01 -8.525834637162699419e-12 -8.327013086910960407e-12
8.610000174060544964e+01 -8.421852156373419889e-12 -8.302970059747528791e-12
8.620000174262720805e+01 -8.421886264026419282e-12 -8.278996453293371276e-12
8.630000174464871066e+01 -8.401344951612770211e-12 -8.255092067106511575e-12
8.640000174667045485e+01 -8.321352752612970509e-12 -8.231256701323482841e-12
8.650000174869195746e+01 -8.335104257174720605e-12 -8.207490156658120824e-12
8.660000175071370165e+01 -8.254752331784029574e-12 -8.183792234399437760e-12
8.670000175273521847e+01 -8.299880530174490796e-12 -8.160162736410426834e-12
8.680000175475672108e+01 -8.229804395187909549e-12 -8.136601465126013617e-12
8.690000175677846528e+01 -8.218743734481400560e-12 -8.113108223551543876e-12
8.700000175879996789e+01 -8.234935332806799935e-12 -8.089682815261339240e-12
8.710000176082171208e+01 -8.225876501893130143e-12 -8.066325044396643787e-12
8.720000176284322890e+01 -8.172869935494370201e-12 -8.043034715664436589e-12
8.730000176486497310e+01 -8.096137469298609594e-12 -8.019811634335355681e-12
8.740000176688647571e+01 -8.068238212195720055e-12 -7.996655606242512223e-12
8.750000176890797832e+01 -8.110908568278960628e-12 -7.973566437779483937e-12
8.760000177092972251e+01 -8.020811687108080164e-12 -7.950543935898851387e-12
8.770000177295122512e+01 -8.036786287241130037e-12 -7.927587908110763338e-12
8.780000177497298353e+01 -8.031716497157919729e-12 -7.904698162480923735e-12
8.790000177699447192e+01 -7.984807876198899916e-12 -7.881874507629459173e-12
8.800000177901621612e+01 -7.984847636576619351e-12 -7.859116752728838025e-12
8.810000178103773294e+01 -7.930427928721799988e-12 -7.836424707502739527e-12
8.820000178305947713e+01 -7.947078396087370256e-12 -7.813798182224026221e-12
8.830000178508097974e+01 -7.873131486608880555e-12 -7.791236987713577496e-12
8.840000178710249656e+01 -7.890091288955840598e-12 -7.768740935338346041e-12
8.850000178912424076e+01 -7.858645819047109353e-12 -7.746309837009931278e-12
8.860000179114574337e+01 -7.884401214102890337e-12 -7.723943505183168956e-12
8.870000179316748756e+01 -7.835651624827579864e-12 -7.701641752854194063e-12
8.880000179518899017e+01 -7.790940483590920726e-12 -7.679404393559300220e-12
8.890000179721073437e+01 -7.768056023257969796e-12 -7.657231241372950894e-12
8.900000179923225119e+01 -7.752661975008170161e-12 -7.635122110906651718e-12
8.910000180125373959e+01 -7.770963861116690319e-12 -7.613076817307053791e-12
8.920000180327549799e+01 -7.718549357859050767e-12 -7.591095176254510960e-12
8.930000180529700060e+01 -7.652495658083249608e-12 -7.569177003961758269e-12
8.940000180731875901e+01 -7.656035416798870101e-12 -7.547322117171963560e-12
8.950000180934024741e+01 -7.656160830027620358e-12 -7.525530333157646648e-12
8.960000181136200581e+01 -7.653498370373439817e-12 -7.503801469718696992e-12
8.970000181338350842e+01 -7.605660954215790080e-12 -7.482135345181307411e-12
8.980000181540501103e+01 -7.612049909192169771e-12 -7.460531778396059609e-12
8.990000181742675522e+01 -7.624655905592309226e-12 -7.438990588736583243e-12
9.000000181944825783e+01 -7.589602296769890008e-12 -7.417511596098192363e-12
9.010000182147000203e+01 -7.481859982301020592e-12 -7.396094620896022642e-12
9.020000182349151885e+01 -7.488098465131589787e-12 -7.374739484063931160e-12
9.030000182551326304e+01 -7.428119455429110026e-12 -7.353446007052617479e-12
9.040000182753476565e+01 -7.474699288740060101e-12 -7.332214011828504038e-12
9.050000182955626826e+01 -7.420028023245400792e-12 -7.311043320871905693e-12
9.060000183157802667e+01 -7.430478494781589340e-12 -7.289933757175706553e-12
9.070000183359951507e+01 -7.449529998251470305e-12 -7.268885144244030352e-12
9.080000183562127347e+01 -7.379686337594920528e-12 -7.247897306090380904e-12
9.090000183764276187e+01 -7.356336893092099556e-12 -7.226970067236625905e-12
9.100000183966452028e+01 -7.271809110366300316e-12 -7.206103252711081649e-12
9.110000184168602289e+01 -7.356869019712849514e-12 -7.185296688047481479e-12
9.120000184370752550e+01 -7.271508839882990333e-12 -7.164550199283146132e-12
9.130000184572926969e+01 -7.261398462982349754e-12 -7.143863612957690464e-12
9.140000184775078651e+01 -7.223432256482800389e-12 -7.123236756111715631e-12
9.150000184977253070e+01 -7.191747799604680236e-12 -7.102669456285034366e-12
9.160000185179403331e+01 -7.209946853681650235e-12 -7.082161541515595807e-12
9.170000185381577751e+01 -7.223298195093249727e-12 -7.061712840337671192e-12
9.180000185583728012e+01 -7.167617886885769624e-12 -7.041323181780808573e-12
9.190000185785879694e+01 -7.205280440113960227e-12 -7.020992395368064560e-12
9.200000185988054113e+01 -7.181843962726359799e-12 -7.000720311114724768e-12
9.210000186190204374e+01 -7.156119832499860322e-12 -6.980506759527019436e-12
9.220000186392378794e+01 -7.075356499894819879e-12 -6.960351571600381006e-12
9.230000186594529055e+01 -7.050196994539400178e-12 -6.940254578818406923e-12
9.240000186796704895e+01 -7.079061254290559830e-12 -6.920215613151064715e-12
9.250000186998853735e+01 -6.992044313334950201e-12 -6.900234507053686289e-12
9.260000187201029576e+01 -7.050260110210470244e-12 -6.880311093465160899e-12
9.270000187403179837e+01 -6.972260091249440150e-12 -6.860445205806944791e-12
9.280000187605330098e+01 -7.029377599875099676e-12 -6.840636677981311520e-12
9.290000187807504517e+01 -7.000006809654940107e-12 -6.820885344370124913e-12
9.300000188009654778e+01 -6.921096311175710048e-12 -6.801191039833582951e-12
9.310000188211829197e+01 -6.912546199989269969e-12 -6.781553599708518976e-12
9.320000188413980879e+01 -6.858391505930370305e-12 -6.761972859807389529e-12
9.330000188616155299e+01 -6.866186531979549940e-12 -6.742448656416533555e-12
9.340000188818305560e+01 -6.843106515388740392e-12 -6.722980826295174773e-12
9.350000189020457242e+01 -6.850012254620479740e-12 -6.703569206673731778e-12
9.360000189222631661e+01 -6.779011240615980197e-12 -6.684213635252598268e-12
9.370000189424781922e+01 -6.759206644474080016e-12 -6.664913950200916819e-12
9.380000189626956342e+01 -6.791288147970969959e-12 -6.645669990154916438e-12
9.390000189829106603e+01 -6.721933925889979756e-12 -6.626481594216920599e-12
9.400000190031281022e+01 -6.772348222898800192e-12 -6.607348601953633911e-12
9.410000190233431283e+01 -6.656412343784239792e-12 -6.588270853395175994e-12
9.420000190435581544e+01 -6.717038615537390073e-12 -6.569248189033420661e-12
9.430000190637755964e+01 -6.697455662979630197e-12 -6.550280449820792301e-12
9.440000190839907646e+01 -6.682494515577350090e-12 -6.531367477169081655e-12
9.450000191042082065e+01 -6.623815224919569622e-12 -6.512509112947799533e-12
9.460000191244232326e+01 -6.629340662216959718e-12 -6.493705199483214732e-12
9.470000191446406745e+01 -6.621710935892669930e-12 -6.474955579556673824e-12
9.480000191648557006e+01 -6.621892091152989692e-12 -6.456260096403655233e-12
9.490000191850708688e+01 -6.564118022702820257e-12 -6.437618593712121332e-12
9.500000192052883108e+01 -6.481112293264670303e-12 -6.419030915621385918e-12
9.510000192255033369e+01 -6.541799612262699767e-12 -6.400496906720907371e-12
9.520000192457207788e+01 -6.447387444447500255e-12 -6.382016412048687604e-12
9.530000192659359470e+01 -6.499772299693360346e-12 -6.363589277090342291e-12
9.540000192861533890e+01 -6.443245369416569832e-12 -6.345215347777452168e-12
9.550000193063682730e+01 -6.408221449878169746e-12 -6.326894470486621135e-12
9.560000193265834412e+01 -6.465647912850870010e-12 -6.308626492037876026e-12
9.570000193468008831e+01 -6.422696668928789740e-12 -6.290411259693536502e-12
9.580000193670159092e+01 -6.374221831187999746e-12 -6.272248621157069599e-12
9.590000193872333512e+01 -6.399944994129330313e-12 -6.254138424571487874e-12
9.600000194074483773e+01 -6.303370268218520283e-12 -6.236080518518449525e-12
9.610000194276658192e+01 -6.351197008188859987e-12 -6.218074752016631492e-12
9.620000194478809874e+01 -6.269282785789959699e-12 -6.200120974520829576e-12
9.630000194680960135e+01 -6.273186303126790108e-12 -6.182219035920383242e-12
9.640000194883134554e+01 -6.270538088481419670e-12 -6.164368786538051171e-12
9.650000195085286236e+01 -6.248262896848440183e-12 -6.146570077128889230e-12
9.660000195287460656e+01 -6.236385624883509851e-12 -6.128822758878720520e-12
9.670000195489610917e+01 -6.204888544462270358e-12 -6.111126683403202364e-12
9.680000195691785336e+01 -6.276785523103780329e-12 -6.093481702746264043e-12
9.690000195893935597e+01 -6.186372529875920191e-12 -6.075887669379205293e-12
9.700000196096085858e+01 -6.136401252652220035e-12 -6.058344436199171194e-12
9.710000196298261699e+01 -6.183532553520320204e-12 -6.040851856528038218e-12
9.720000196500410539e+01 -6.172153514819710208e-12 -6.023409784111328562e-12
9.730000196702584958e+01 -6.132256438717150154e-12 -6.006018073116675331e-12
9.740000196904736640e+01 -6.073853890939439844e-12 -5.988676578132953362e-12
9.750000197106911060e+01 -6.065295908765570015e-12 -5.971385154168727443e-12
9.760000197309061321e+01 -6.024120050868940320e-12 -5.954143656651366170e-12
9.770000197511235740e+01 -6.075027890196999978e-12 -5.936951941425499061e-12
9.780000197713387422e+01 -6.041341769434690063e-12 -5.919809864752160289e-12
9.790000197915537683e+01 -6.037822690251980371e-12 -5.902717283307279731e-12
9.800000198117712102e+01 -5.983732827985220115e-12 -5.885674054180611829e-12
9.810000198319862363e+01 -6.006020838027559849e-12 -5.868680034874667688e-12
9.820000198522036783e+01 -5.924933523252709692e-12 -5.851735083303240048e-12
9.830000198724188465e+01 -5.911149993531370375e-12 -5.834839057790531667e-12
9.840000198926362884e+01 -5.870573920414769783e-12 -5.817991817069654450e-12
9.850000199128513145e+01 -5.868284802579999814e-12 -5.801193220281768335e-12
9.860000199330663406e+01 -5.870388507826469868e-12 -5.784443126974624035e-12
9.870000199532837826e+01 -5.850008747625530105e-12 -5.767741397101501597e-12
9.880000199734988087e+01 -5.829919376788060254e-12 -5.751087891020169158e-12
9.890000199937162506e+01 -5.822575981628950016e-12 -5.734482469491435374e-12
9.900000200139312767e+01 -5.815666392638569893e-12 -5.717924993678295588e-12
9.910000200341487187e+01 -5.823784278159709674e-12 -5.701415325144457604e-12
9.920000200543638869e+01 -5.788679996475320330e-12 -5.684953325853503198e-12
9.930000200745789130e+01 -5.790782091933190162e-12 -5.668538858167457513e-12
9.940000200947963549e+01 -5.775420311651020089e-12 -5.652171784845755088e-12
9.950000201150115231e+01 -5.753182919223480320e-12 -5.635851969044206685e-12
9.960000201352289650e+01 -5.644706403314619776e-12 -5.619579274313588884e-12
9.970000201554439911e+01 -5.714683292540390247e-12 -5.603353564598804789e-12
9.980000201756614331e+01 -5.660131926003150299e-12 -5.587174704237449377e-12
9.990000201958764592e+01 -5.682939939864429926e-12 -5.571042557958972634e-12
1.000000020216091485e+02 -5.642842989825830261e-12 -5.554956990883278836e-12
