#time(au), s(t), s(t) without exp(iwt)
 0.00000000000000e+01  4.35481943569738e-17  4.35481943569738e-17
 4.13413741709430e+03  2.75966303117706e-16  1.93584088144992e-16
 8.26827483418859e+03  1.11046630328905e-15  6.11041748165554e-16
 1.24024122512829e+04  1.32324127306555e-15  1.41114104455872e-15
 1.65365496683772e+04  2.42045427250394e-15  2.61629319454720e-15
 2.06706870854715e+04  3.21122144965350e-15  4.20358238692391e-15
 2.48048245025658e+04  4.23388754479822e-15  6.12973738927648e-15
 2.89389619196601e+04  4.80971492586390e-15  8.34378565118927e-15
 3.30730993367544e+04  4.50060352836043e-15  1.07932078118748e-14
 3.72072367538487e+04  6.56207030951492e-15  1.34268479158792e-14
 4.13413741709430e+04  7.01107090107169e-15  1.61963298835267e-14
 4.54755115880372e+04  1.24831436123049e-14  1.90568632658208e-14
 4.96096490051315e+04  8.72759204928154e-15  2.19678358092282e-14
 5.37437864222258e+04  1.30494523365288e-14  2.48933309253464e-14
 5.78779238393201e+04  1.14509268580040e-14  2.78025801751325e-14
 6.20120612564144e+04  1.07500814504473e-14  3.06703076559095e-14
 6.61461986735087e+04  1.27129252228311e-14  3.34769112075958e-14
 7.02803360906030e+04  1.27846457175050e-14  3.62084351486243e-14
 7.44144735076973e+04  1.14763053587903e-14  3.88563092913512e-14
 7.85486109247916e+04  1.19833154703938e-14  4.14168525192831e-14
 8.26827483418859e+04  1.52737165769187e-14  4.38905622129217e-14
 8.68168857589802e+04  1.82294717819361e-14  4.62812306468945e-14
 9.09510231760745e+04  1.49394488216961e-14  4.85949448191464e-14
 9.50851605931688e+04  2.03115105523699e-14  5.08390360598245e-14
 9.92192980102631e+04  1.59207351344452e-14  5.30210498776965e-14
 1.03353435427357e+05  2.44267380159538e-14  5.51478050532430e-14
 1.07487572844452e+05  1.45287767167745e-14  5.72246041993154e-14
 1.11621710261546e+05  2.31844223548713e-14  5.92546467892073e-14
 1.15755847678640e+05  1.88547576955457e-14  6.12386808324801e-14
 1.19889985095735e+05  2.59269038620320e-14  6.31749120931866e-14
 1.24024122512829e+05  2.34749763921854e-14  6.50591712556191e-14
 1.28158259929923e+05  2.46302169828133e-14  6.68853209907071e-14
 1.32292397347018e+05  2.60256316930327e-14  6.86458677019828e-14
 1.36426534764112e+05  2.77344214069734e-14  7.03327279419924e-14
 1.40560672181206e+05  3.06151937171176e-14  7.19380881929424e-14
 1.44694809598300e+05  2.45778575908962e-14  7.34552894294063e-14
 1.48828947015395e+05  2.79160071162058e-14  7.48796653484826e-14
 1.52963084432489e+05  2.53638929210204e-14  7.62092653978087e-14
 1.57097221849583e+05  2.70743201550835e-14  7.74454007494444e-14
 1.61231359266678e+05  3.15144047287046e-14  7.85929626504199e-14
 1.65365496683772e+05  3.48473412062493e-14  7.96604775226742e-14
 1.69499634100866e+05  3.56466047152618e-14  8.06598808320403e-14
 1.73633771517960e+05  3.49618489876814e-14  8.16060109695592e-14
 1.77767908935055e+05  3.55641725677549e-14  8.25158440153961e-14
 1.81902046352149e+05  3.16089081894964e-14  8.34075090046653e-14
 1.86036183769243e+05  2.84792217307657e-14  8.42991399331269e-14
 1.90170321186338e+05  2.64590806061517e-14  8.52076342382115e-14
 1.94304458603432e+05  2.46730976127455e-14  8.61473967826400e-14
 1.98438596020526e+05  3.54639243818722e-14  8.71291529282147e-14
 2.02572733437620e+05  2.73953690384501e-14  8.81589136179575e-14
 2.06706870854715e+05  3.53858836756838e-14  8.92371694508526e-14
 2.10841008271809e+05  3.65592988225686e-14  9.03583797985773e-14
 2.14975145688903e+05  4.00816416260761e-14  9.15108075684481e-14
 2.19109283105998e+05  3.78278847588967e-14  9.26767311157749e-14
 2.23243420523092e+05  3.82457990336542e-14  9.38330432500705e-14
 2.27377557940186e+05  3.36643922865886e-14  9.49522242332953e-14
 2.31511695357280e+05  3.75349434079652e-14  9.60036528038498e-14
 2.35645832774375e+05  2.19751081961260e-14  9.69551976555157e-14
 2.39779970191469e+05  4.13553364373535e-14  9.77750130303007e-14
 2.43914107608563e+05  3.02387255539606e-14  9.84334470315017e-14
 2.48048245025658e+05  5.71048125294867e-14  9.89049612076061e-14
 2.52182382442752e+05  2.58324173227765e-14  9.91699552913293e-14
 2.56316519859846e+05  5.77730041776584e-14  9.92163923378771e-14
 2.60450657276940e+05  4.55106280930720e-14  9.90411267461943e-14
 2.64584794694035e+05  4.75429767701209e-14  9.86508505900189e-14
 2.68718932111129e+05  4.05949818939387e-14  9.80625916804658e-14
 2.72853069528223e+05  2.49390618834959e-14  9.73037188162041e-14
 2.76987206945318e+05  4.10888622890663e-14  9.64114347367507e-14
 2.81121344362412e+05  3.88511258464437e-14  9.54317638734443e-14
 2.85255481779506e+05  3.88301121726389e-14  9.44180687091097e-14
 2.89389619196601e+05  3.16339300181506e-14  9.34291539579422e-14
 2.93523756613695e+05  4.52193864492279e-14  9.25270403385827e-14
 2.97657894030789e+05  6.13356835820831e-14  9.17745082769602e-14
 3.01792031447884e+05  2.94033030766234e-14  9.12325253126504e-14
 3.05926168864978e+05  4.85138674301702e-14  9.09576785235953e-14
 3.10060306282072e+05  3.37598624085958e-14  9.09997344940672e-14
 3.14194443699167e+05  5.01039472456027e-14  9.13994441339823e-14
 3.18328581116261e+05  3.11405587877224e-14  9.21866981855742e-14
 3.22462718533355e+05  5.20191014620451e-14  9.33791222571779e-14
 3.26596855950449e+05  3.76860725349180e-14  9.49811785030323e-14
 3.30730993367544e+05  4.99548277153109e-14  9.69838158311280e-14
 3.34865130784638e+05  3.15078417566591e-14  9.93646831786868e-14
 3.38999268201732e+05  5.52541517005490e-14  1.02088892315335e-13
 3.43133405618827e+05  4.93992187967054e-14  1.05110289480746e-13
 3.47267543035921e+05  5.34458024793840e-14  1.08373170319378e-13
 3.51401680453015e+05  4.50295381809260e-14  1.11814351312127e-13
 3.55535817870110e+05  4.06089304162826e-14  1.15365494550996e-13
 3.59669955287204e+05  4.53886776287955e-14  1.18955571892539e-13
 3.63804092704298e+05  5.71798058877209e-14  1.22513349883516e-13
 3.67938230121393e+05  5.04518524771225e-14  1.25969778643586e-13
 3.72072367538487e+05  5.28627224274219e-14  1.29260175815481e-13
 3.76206504955581e+05  5.62030347211537e-14  1.32326110303345e-13
 3.80340642372676e+05  6.58213702440375e-14  1.35116909018514e-13
 3.84474779789770e+05  5.53013849841684e-14  1.37590732088331e-13
 3.88608917206864e+05  4.02865110890147e-14  1.39715186724495e-13
 3.92743054623959e+05  4.29458527975336e-14  1.41467475683287e-13
 3.96877192041053e+05  3.51032188512626e-14  1.42834101677369e-13
 4.01011329458147e+05  5.45032719678871e-14  1.43810172592278e-13
 4.05145466875241e+05  4.35135838903357e-14  1.44398372796109e-13
 4.09279604292336e+05  6.16995897280874e-14  1.44607681964464e-13
 4.13413741709430e+05  6.18211953303204e-14  1.44451933920739e-13
 4.17547879126524e+05  6.38543107764660e-14  1.43948313386714e-13
 4.21682016543619e+05  6.01663828583979e-14  1.43115888064738e-13
 4.25816153960713e+05  5.12906922966450e-14  1.41974267234538e-13
 4.29950291377807e+05  5.51490089677622e-14  1.40542466574733e-13
 4.34084428794902e+05  4.87632050151505e-14  1.38838042783279e-13
 4.38218566211996e+05  4.42516316799440e-14  1.36876542030320e-13
 4.42352703629090e+05  5.05904188513764e-14  1.34671284353815e-13
 4.46486841046185e+05  6.01237094399047e-14  1.32233483209006e-13
 4.50620978463279e+05  5.97751479188579e-14  1.29572676887734e-13
 4.54755115880373e+05  5.53783795717272e-14  1.26697427800980e-13
 4.58889253297468e+05  7.04440293687650e-14  1.23616227808468e-13
 4.63023390714562e+05  5.83816469843512e-14  1.20338534086374e-13
 4.67157528131656e+05  7.43134178950986e-14  1.16875851066198e-13
 4.71291665548751e+05  5.32404179112426e-14  1.13242770465932e-13
 4.75425802965845e+05  7.12924765423570e-14  1.09457883374753e-13
 4.79559940382939e+05  5.36747071535341e-14  1.05544485793173e-13
 4.83694077800033e+05  4.91193392933343e-14  1.01531011339701e-13
 4.87828215217128e+05  5.76386335081975e-14  9.74511414631908e-14
 4.91962352634222e+05  6.62864532704805e-14  9.33435632713477e-14
 4.96096490051316e+05  1.02401335588341e-13  8.92513669598706e-14
 5.00230627468411e+05  7.66457153296922e-14  8.52210974328908e-14
 5.04364764885505e+05  8.64103268430486e-14  8.13014967551643e-14
 5.08498902302599e+05  7.21533150942605e-14  7.75419941600621e-14
 5.12633039719694e+05  7.75341309864511e-14  7.39910174357040e-14
 5.16767177136788e+05  6.59621298845472e-14  7.06942124124660e-14
 5.20901314553882e+05  7.61529307935315e-14  6.76926653394224e-14
 5.25035451970977e+05  5.66197359221325e-14  6.50212255939958e-14
 5.29169589388071e+05  7.38910536813653e-14  6.27070232862058e-14
 5.33303726805165e+05  6.58677213255700e-14  6.07682679231945e-14
 5.37437864222260e+05  7.25128704675487e-14  5.92134010243144e-14
 5.41572001639354e+05  6.69495125428253e-14  5.80406579169525e-14
 5.45706139056448e+05  6.33874712893580e-14  5.72380730395032e-14
 5.49840276473543e+05  7.20562619585975e-14  5.67839401119069e-14
 5.53974413890637e+05  5.75450186099676e-14  5.66477145413403e-14
 5.58108551307731e+05  6.22001938558015e-14  5.67913221005890e-14
 5.62242688724826e+05  6.68218146063886e-14  5.71708162167274e-14
 5.66376826141920e+05  6.18366407036153e-14  5.77383075762569e-14
 5.70510963559014e+05  8.12759942364170e-14  5.84440750518751e-14
 5.74645100976108e+05  6.26133335577942e-14  5.92387570882908e-14
 5.78779238393203e+05  9.44092068874658e-14  6.00755181620310e-14
 5.82913375810297e+05  9.01429285656327e-14  6.09120859481820e-14
 5.87047513227391e+05  9.67729416399772e-14  6.17125613803834e-14
 5.91181650644486e+05  7.56903031223750e-14  6.24489154351361e-14
 5.95315788061580e+05  9.00912728218509e-14  6.31021025566059e-14
 5.99449925478674e+05  7.74968870135836e-14  6.36627403461794e-14
 6.03584062895769e+05  9.19539999245295e-14  6.41313272878823e-14
 6.07718200312863e+05  6.64801799231390e-14  6.45179936338320e-14
 6.11852337729957e+05  8.09848159235000e-14  6.48418040603636e-14
 6.15986475147052e+05  8.67794430615566e-14  6.51296527536201e-14
 6.20120612564146e+05  1.16128837019121e-13  6.54148113369808e-14
 6.24254749981240e+05  6.92639754131162e-14  6.57352062564486e-14
 6.28388887398335e+05  8.11090435587085e-14  6.61315142229175e-14
 6.32523024815429e+05  7.75545546082729e-14  6.66451713912767e-14
 6.36657162232523e+05  7.35765684148837e-14  6.73163939668026e-14
 6.40791299649618e+05  7.00875290891624e-14  6.81823046975243e-14
 6.44925437066712e+05  6.17025492521917e-14  6.92752517251825e-14
 6.49059574483806e+05  7.16863902008933e-14  7.06213937982364e-14
 6.53193711900900e+05  8.72081679907509e-14  7.22396100276236e-14
 6.57327849317995e+05  5.19329484810807e-14  7.41407737267140e-14
 6.61461986735089e+05  7.47252973675263e-14  7.63274098973222e-14
 6.65596124152183e+05  6.88622978506697e-14  7.87937354604537e-14
 6.69730261569278e+05  9.60386791115465e-14  8.15260616788132e-14
 6.73864398986372e+05  5.56619204722822e-14  8.45035203596866e-14
 6.77998536403466e+05  7.77313577346965e-14  8.76990603976227e-14
 6.82132673820561e+05  7.85848334037712e-14  9.10806496532255e-14
 6.86266811237655e+05  9.45734688169842e-14  9.46126097401999e-14
 6.90400948654749e+05  6.58847914734425e-14  9.82570081870384e-14
 6.94535086071844e+05  8.75832922622441e-14  1.01975033766865e-13
 6.98669223488938e+05  9.89095005822937e-14  1.05728286268535e-13
 7.02803360906032e+05  1.08338071802046e-13  1.09479921253929e-13
 7.06937498323127e+05  8.33166231726947e-14  1.13195602533082e-13
 7.11071635740221e+05  7.05327954122896e-14  1.16844229655668e-13
 7.15205773157315e+05  8.45429414812099e-14  1.20398423445352e-13
 7.19339910574410e+05  7.73438923517214e-14  1.23834768677632e-13
 7.23474047991504e+05  8.42312971908917e-14  1.27133828311790e-13
 7.27608185408598e+05  5.83737563050594e-14  1.30279957447413e-13
 7.31742322825692e+05  7.52150724061412e-14  1.33260956383532e-13
 7.35876460242787e+05  7.84205865958459e-14  1.36067610410896e-13
 7.40010597659881e+05  8.41116408985047e-14  1.38693168578800e-13
 7.44144735076975e+05  9.50975762153016e-14  1.41132814693906e-13
 7.48278872494070e+05  7.82301277518040e-14  1.43383180962790e-13
 7.52413009911164e+05  1.01677782847414e-13  1.45441948579114e-13
 7.56547147328258e+05  7.43617141234535e-14  1.47307570266540e-13
 7.60681284745353e+05  8.02857530414593e-14  1.48979138341918e-13
 7.64815422162447e+05  8.95309188885352e-14  1.50456408739347e-13
 7.68949559579541e+05  8.11105629749591e-14  1.51739977735134e-13
 7.73083696996636e+05  8.75330640475836e-14  1.52831594639652e-13
 7.77217834413730e+05  7.63746201302040e-14  1.53734581385150e-13
 7.81351971830824e+05  9.77241404883993e-14  1.54454319640512e-13
 7.85486109247919e+05  8.98906929033922e-14  1.54998758399456e-13
 7.89620246665013e+05  7.11049333495424e-14  1.55378890588951e-13
 7.93754384082107e+05  8.24678408816611e-14  1.55609146327196e-13
 7.97888521499202e+05  8.06879013260112e-14  1.55707653256131e-13
 8.02022658916296e+05  8.10470300262949e-14  1.55696320689127e-13
 8.06156796333390e+05  9.08778182888959e-14  1.55600713828097e-13
 8.10290933750484e+05  8.49177733316088e-14  1.55449696538995e-13
 8.14425071167579e+05  9.07146676145542e-14  1.55274835287460e-13
 8.18559208584673e+05  9.03701846177243e-14  1.55109572165741e-13
 8.22693346001767e+05  9.79046056473451e-14  1.54988190386426e-13
 8.26827483418862e+05  7.79448887760016e-14  1.54944610381994e-13
 8.30961620835956e+05  9.75408837036380e-14  1.55011067723839e-13
 8.35095758253050e+05  9.68581215204661e-14  1.55216734649624e-13
 8.39229895670145e+05  8.84104785872979e-14  1.55586354380650e-13
 8.43364033087239e+05  8.79928720097835e-14  1.56138961100663e-13
 8.47498170504333e+05  7.98883428386805e-14  1.56886758073450e-13
 8.51632307921428e+05  9.83894518434117e-14  1.57834221880131e-13
 8.55766445338522e+05  1.01366751367776e-13  1.58977492293790e-13
 8.59900582755616e+05  7.80702070061599e-14  1.60304095174270e-13
 8.64034720172711e+05  7.56479342738434e-14  1.61793030655320e-13
 8.68168857589805e+05  1.14686301589665e-13  1.63415241469686e-13
 8.72302995006899e+05  7.01019869927828e-14  1.65134457477149e-13
 8.76437132423994e+05  1.01694412836403e-13  1.66908393298756e-13
 8.80571269841088e+05  8.94863029088896e-14  1.68690257429895e-13
 8.84705407258182e+05  7.33476611030029e-14  1.70430514321524e-13
 8.88839544675276e+05  8.60476641930381e-14  1.72078826597427e-13
 8.92973682092371e+05  7.87304967680980e-14  1.73586093637905e-13
 8.97107819509465e+05  1.23833713225426e-13  1.74906495842249e-13
 9.01241956926559e+05  8.16740226053108e-14  1.75999451309096e-13
 9.05376094343654e+05  9.70845246530794e-14  1.76831393847466e-13
 9.09510231760748e+05  7.77853509225423e-14  1.77377287834587e-13
 9.13644369177842e+05  7.42151296497759e-14  1.77621806413351e-13
 9.17778506594937e+05  1.19709412505054e-13  1.77560114233755e-13
 9.21912644012031e+05  8.88981030052906e-14  1.77198213686471e-13
 9.26046781429125e+05  1.07356789888888e-13  1.76552833504556e-13
 9.30180918846220e+05  8.29066850397486e-14  1.75650859762704e-13
 9.34315056263314e+05  9.20694541902472e-14  1.74528330521466e-13
 9.38449193680408e+05  1.08097899526880e-13  1.73229035694633e-13
 9.42583331097503e+05  8.94748048851858e-14  1.71802782096589e-13
 9.46717468514597e+05  7.83492256437938e-14  1.70303399141484e-13
 9.50851605931691e+05  8.34644182562155e-14  1.68786572535761e-13
 9.54985743348786e+05  9.41939841969044e-14  1.67307601013481e-13
 9.59119880765880e+05  1.13786592551636e-13  1.65919174228311e-13
 9.63254018182974e+05  8.85071048083680e-14  1.64669268322160e-13
 9.67388155600069e+05  8.65563891876778e-14  1.63599249480023e-13
 9.71522293017163e+05  8.44913998795684e-14  1.62742265316676e-13
 9.75656430434257e+05  9.06166043920329e-14  1.62121989741825e-13
 9.79790567851351e+05  8.98519868890621e-14  1.61751769781164e-13
 9.83924705268446e+05  6.51505253235999e-14  1.61634203632357e-13
 9.88058842685540e+05  7.51404411694514e-14  1.61761158781109e-13
 9.92192980102634e+05  8.28503938886088e-14  1.62114218616953e-13
 9.96327117519729e+05  9.13753332935531e-14  1.62665526351022e-13
 1.00046125493682e+06  7.89359632553385e-14  1.63378977465280e-13
 1.00459539235392e+06  8.01936704034972e-14  1.64211696911786e-13
 1.00872952977101e+06  1.05270566576565e-13  1.65115725793530e-13
 1.01286366718811e+06  9.00133203429461e-14  1.66039834735856e-13
 1.01699780460520e+06  8.54363315762090e-14  1.66931377826496e-13
 1.02113194202229e+06  1.17863275000720e-13  1.67738102125772e-13
 1.02526607943939e+06  9.77573578486530e-14  1.68409832953466e-13
 1.02940021685648e+06  9.60872842103131e-14  1.68899964426866e-13
 1.03353435427358e+06  8.12829291036123e-14  1.69166697108762e-13
 1.03766849169067e+06  7.93547704565951e-14  1.69173979848140e-13
 1.04180262910777e+06  1.04158326296690e-13  1.68892129757636e-13
 1.04593676652486e+06  7.94712177855708e-14  1.68298122116476e-13
 1.05007090394195e+06  9.30094308265558e-14  1.67375559764388e-13
 1.05420504135905e+06  9.91720755460347e-14  1.66114348337629e-13
 1.05833917877614e+06  9.00522742494339e-14  1.64510118635606e-13
 1.06247331619324e+06  7.65785126499629e-14  1.62563449793316e-13
 1.06660745361033e+06  5.31827474959234e-14  1.60278956016768e-13
 1.07074159102743e+06  8.37317973034253e-14  1.57664305159482e-13
 1.07487572844452e+06  7.80505136625932e-14  1.54729238988895e-13
 1.07900986586161e+06  1.11118735885709e-13  1.51484662584465e-13
 1.08314400327871e+06  9.62647426190526e-14  1.47941864226425e-13
 1.08727814069580e+06  8.85094995454561e-14  1.44111917537826e-13
 1.09141227811290e+06  1.11990050950149e-13  1.40005305199615e-13
 1.09554641552999e+06  8.09871067686511e-14  1.35631788954282e-13
 1.09968055294709e+06  8.01780308498888e-14  1.31000534560588e-13
 1.10381469036418e+06  8.01461123786683e-14  1.26120483782268e-13
 1.10794882778128e+06  8.83928411363886e-14  1.21000949275054e-13
 1.11208296519837e+06  9.62368550304882e-14  1.15652393288554e-13
 1.11621710261546e+06  9.01695159049092e-14  1.10087338082502e-13
 1.12035124003256e+06  1.09918932375544e-13  1.04321345797348e-13
 1.12448537744965e+06  8.36788565569165e-14  9.83739985886388e-14
 1.12861951486675e+06  9.98941676430027e-14  9.22698066774166e-14
 1.13275365228384e+06  1.00185437304404e-13  8.60389726957867e-14
 1.13688778970094e+06  1.10296570516565e-13  7.97179453864191e-14
 1.14102192711803e+06  9.97622389940350e-14  7.33497041923909e-14
 1.14515606453512e+06  1.00326913421170e-13  6.69837281077488e-14
 1.14929020195222e+06  8.17151837715106e-14  6.06756168594433e-14
 1.15342433936931e+06  9.90823139040523e-14  5.44863493747824e-14
 1.15755847678641e+06  9.34058238482343e-14  4.84811826854948e-14
 1.16169261420350e+06  7.94837261791845e-14  4.27282131546007e-14
 1.16582675162060e+06  9.92609770058753e-14  3.72966401785778e-14
 1.16996088903769e+06  1.05144602692286e-13  3.22547894596992e-14
 1.17409502645478e+06  1.03390015390491e-13  2.76679677210959e-14
 1.17822916387188e+06  9.80825206311627e-14  2.35962325308167e-14
 1.18236330128897e+06  7.19218065024734e-14  2.00921691948263e-14
 1.18649743870607e+06  8.44129353543540e-14  1.71987708518472e-14
 1.19063157612316e+06  9.52565401991514e-14  1.49475178218849e-14
 1.19476571354026e+06  9.81588431997311e-14  1.33567477027189e-14
 1.19889985095735e+06  1.01417300042319e-13  1.24303989500863e-14
 1.20303398837444e+06  1.04587168114664e-13  1.21571977789931e-14
 1.20716812579154e+06  1.04842747387673e-13  1.25103420001852e-14
 1.21130226320863e+06  1.13274237718759e-13  1.34477162379670e-14
 1.21543640062573e+06  9.86446341269021e-14  1.49126519004495e-14
 1.21957053804282e+06  9.02573818344903e-14  1.68352229390940e-14
 1.22370467545992e+06  1.04917398377733e-13  1.91340461558680e-14
 1.22783881287701e+06  1.05265478928151e-13  2.17185331531839e-14
 1.23197295029410e+06  1.15145649426742e-13  2.44915213610181e-14
 1.23610708771120e+06  1.00590561733714e-13  2.73521944773421e-14
 1.24024122512829e+06  8.44504814677045e-14  3.01991890901544e-14
 1.24437536254539e+06  8.58317219542740e-14  3.29337747988383e-14
 1.24850949996248e+06  7.58364895816092e-14  3.54629902599427e-14
 1.25264363737958e+06  1.25620523895355e-13  3.77026175507267e-14
 1.25677777479667e+06  1.11328070065233e-13  3.95798821305440e-14
 1.26091191221376e+06  1.04735240933724e-13  4.10357752763449e-14
 1.26504604963086e+06  9.63742252303946e-14  4.20269098410722e-14
 1.26918018704795e+06  1.00718146399780e-13  4.25268380325031e-14
 1.27331432446505e+06  9.60342164735558e-14  4.25267807103303e-14
 1.27744846188214e+06  1.11327571981762e-13  4.20357408388990e-14
 1.28158259929924e+06  1.10475505017553e-13  4.10799979513283e-14
 1.28571673671633e+06  1.02834379975486e-13  3.97020049826690e-14
 1.28985087413343e+06  1.07152967272205e-13  3.79587323940427e-14
 1.29398501155052e+06  1.21472289255890e-13  3.59195261868035e-14
 1.29811914896761e+06  1.03780560108095e-13  3.36635652760997e-14
 1.30225328638471e+06  1.12762334826053e-13  3.12770188660444e-14
 1.30638742380180e+06  8.64835908600787e-14  2.88500153304656e-14
 1.31052156121890e+06  1.04965914734913e-13  2.64735402273089e-14
 1.31465569863599e+06  1.06078834670832e-13  2.42363821054943e-14
 1.31878983605309e+06  1.17767051291899e-13  2.22222407725453e-14
 1.32292397347018e+06  1.04129562616381e-13  2.05071037926622e-14
 1.32705811088727e+06  9.30510852028708e-14  1.91569837318953e-14
 1.33119224830437e+06  1.10842220597711e-13  1.82260914891744e-14
 1.33532638572146e+06  1.08533928569430e-13  1.77555009549630e-14
 1.33946052313856e+06  9.99520590386581e-14  1.77723380394320e-14
 1.34359466055565e+06  1.22205104735109e-13  1.82895038308615e-14
 1.34772879797275e+06  9.97758349459515e-14  1.93059185170180e-14
 1.35186293538984e+06  1.28243188740978e-13  2.08072505592194e-14
 1.35599707280693e+06  9.47802584616999e-14  2.27670757128830e-14
 1.36013121022403e+06  9.71685156056858e-14  2.51483936325762e-14
 1.36426534764112e+06  1.09005329755355e-13  2.79054167198203e-14
 1.36839948505822e+06  1.11617970095147e-13  3.09855372890409e-14
 1.37253362247531e+06  1.00864013582387e-13  3.43313752349810e-14
 1.37666775989241e+06  9.52355626209899e-14  3.78828094762167e-14
 1.38080189730950e+06  1.19755772047119e-13  4.15789022364081e-14
 1.38493603472659e+06  1.20948930963501e-13  4.53596355523084e-14
 1.38907017214369e+06  1.02960895767239e-13  4.91673934838334e-14
 1.39320430956078e+06  9.43984440230028e-14  5.29481407278084e-14
 1.39733844697788e+06  9.37249585466140e-14  5.66522677102831e-14
 1.40147258439497e+06  9.97844819535618e-14  6.02350927122797e-14
 1.40560672181207e+06  9.30783748290797e-14  6.36570320338522e-14
 1.40974085922916e+06  8.82350690524729e-14  6.68834686635325e-14
 1.41387499664625e+06  9.21164451584370e-14  6.98843671039004e-14
 1.41800913406335e+06  1.02969009409045e-13  7.26336962006560e-14
 1.42214327148044e+06  9.47005060432144e-14  7.51087321179137e-14
 1.42627740889754e+06  1.04203641172716e-13  7.72893194264250e-14
 1.43041154631463e+06  8.62747716158810e-14  7.91571693309850e-14
 1.43454568373173e+06  9.45073244301365e-14  8.06952702605371e-14
 1.43867982114882e+06  7.41283702909295e-14  8.18874774290344e-14
 1.44281395856591e+06  9.23963251112762e-14  8.27183352494013e-14
 1.44694809598301e+06  8.01121481857892e-14  8.31731700040020e-14
 1.45108223340010e+06  9.51810745443107e-14  8.32384711172437e-14
 1.45521637081720e+06  1.09271318116860e-13  8.29025585582750e-14
 1.45935050823429e+06  8.62520941610377e-14  8.21565126370105e-14
 1.46348464565139e+06  1.12241603872743e-13  8.09953219198521e-14
 1.46761878306848e+06  1.25525101841087e-13  7.94191863202762e-14
 1.47175292048557e+06  9.58950062834014e-14  7.74348968473162e-14
 1.47588705790267e+06  1.17285023864139e-13  7.50572018736849e-14
 1.48002119531976e+06  9.65490762325358e-14  7.23100630975216e-14
 1.48415533273686e+06  8.10688996209129e-14  6.92277029077148e-14
 1.48828947015395e+06  9.78401064189892e-14  6.58553491559787e-14
 1.49242360757105e+06  8.35180586610452e-14  6.22495931347260e-14
 1.49655774498814e+06  1.10042448063173e-13  5.84782917488608e-14
 1.50069188240524e+06  8.89896196753919e-14  5.46199645960104e-14
 1.50482601982233e+06  1.02335387630987e-13  5.07626602270356e-14
 1.50896015723942e+06  8.42687481254235e-14  4.70022920593618e-14
 1.51309429465652e+06  8.25061621484289e-14  4.34404718880397e-14
 1.51722843207361e+06  8.99998275993853e-14  4.01818964502426e-14
 1.52136256949071e+06  7.79826579651951e-14  3.73313684269373e-14
 1.52549670690780e+06  6.85982016759185e-14  3.49905563492587e-14
 1.52963084432490e+06  7.44256075088325e-14  3.32546166767079e-14
 1.53376498174199e+06  1.07775112107407e-13  3.22088148857558e-14
 1.53789911915908e+06  9.68307235079992e-14  3.19252897248345e-14
 1.54203325657618e+06  9.73450409967667e-14  3.24601053321090e-14
 1.54616739399327e+06  9.89768886951033e-14  3.38507295018124e-14
 1.55030153141037e+06  1.02093473840480e-13  3.61140630073538e-14
 1.55443566882746e+06  1.01380645623950e-13  3.92451250936513e-14
 1.55856980624456e+06  8.40651398594316e-14  4.32164748062788e-14
 1.56270394366165e+06  9.20679084190839e-14  4.79784178337181e-14
 1.56683808107874e+06  9.51348465097581e-14  5.34600153579601e-14
 1.57097221849584e+06  9.93743260253914e-14  5.95708766131246e-14
 1.57510635591293e+06  9.14910852722802e-14  6.62036820335033e-14
 1.57924049333003e+06  1.14225974810493e-13  7.32373507927932e-14
 1.58337463074712e+06  1.02004677137214e-13  8.05407368237121e-14
 1.58750876816422e+06  8.41966308420505e-14  8.79767124686521e-14
 1.59164290558131e+06  1.26906047558539e-13  9.54064801791050e-14
 1.59577704299840e+06  9.50159414784895e-14  1.02693941003819e-13
 1.59991118041550e+06  1.07309635153242e-13  1.09709944724352e-13
 1.60404531783259e+06  8.39033820807410e-14  1.16336250638130e-13
 1.60817945524969e+06  8.66467925541206e-14  1.22469040098750e-13
 1.61231359266678e+06  1.11063121853687e-13  1.28021841357539e-13
 1.61644773008388e+06  9.31494961081352e-14  1.32927753302184e-13
 1.62058186750097e+06  1.19671957385134e-13  1.37140885922813e-13
 1.62471600491806e+06  8.21603183943774e-14  1.40636970476885e-13
 1.62885014233516e+06  8.25936806890752e-14  1.43413129510532e-13
 1.63298427975225e+06  1.18138999162332e-13  1.45486834386074e-13
 1.63711841716935e+06  9.70269045710588e-14  1.46894113984586e-13
 1.64125255458644e+06  1.08805034096481e-13  1.47687110936347e-13
 1.64538669200354e+06  6.01368816025946e-14  1.47931109601825e-13
 1.64952082942063e+06  1.17746169695518e-13  1.47701181623754e-13
 1.65365496683772e+06  9.24794963453154e-14  1.47078609255352e-13
 1.65778910425482e+06  1.14560924249575e-13  1.46147253099872e-13
 1.66192324167191e+06  8.44828641471773e-14  1.44990029181967e-13
 1.66605737908901e+06  1.13113400525939e-13  1.43685650461014e-13
 1.67019151650610e+06  9.90323955804131e-14  1.42305770709058e-13
 1.67432565392320e+06  9.76637460596521e-14  1.40912644866399e-13
 1.67845979134029e+06  9.58252100894352e-14  1.39557391028801e-13
 1.68259392875739e+06  7.64280583772188e-14  1.38278906511060e-13
 1.68672806617448e+06  8.41321343641093e-14  1.37103455738328e-13
 1.69086220359157e+06  1.01544360604632e-13  1.36044912929820e-13
 1.69499634100867e+06  1.09760705701439e-13  1.35105609348851e-13
 1.69913047842576e+06  1.02221446411094e-13  1.34277705132426e-13
 1.70326461584286e+06  1.03152330042826e-13  1.33544980831236e-13
 1.70739875325995e+06  1.03795332931584e-13  1.32884925065319e-13
 1.71153289067705e+06  1.02113043508424e-13  1.32270983113249e-13
 1.71566702809414e+06  9.79528637159727e-14  1.31674827196221e-13
 1.71980116551123e+06  9.40872359259678e-14  1.31068512963039e-13
 1.72393530292833e+06  1.17352031121517e-13  1.30426397837755e-13
 1.72806944034542e+06  9.77404105419587e-14  1.29726714793521e-13
 1.73220357776252e+06  1.05321170132740e-13  1.28952718670828e-13
 1.73633771517961e+06  1.04071254160178e-13  1.28093350094193e-13
 1.74047185259671e+06  1.05259856271481e-13  1.27143392589039e-13
 1.74460599001380e+06  1.01512745913735e-13  1.26103130139312e-13
 1.74874012743089e+06  1.03099100806182e-13  1.24977543199009e-13
 1.75287426484799e+06  8.94961926215145e-14  1.23775109459013e-13
 1.75700840226508e+06  9.07562720378611e-14  1.22506299805797e-13
 1.76114253968218e+06  8.16956191070948e-14  1.21181878628941e-13
 1.76527667709927e+06  1.03491681815813e-13  1.19811129831742e-13
 1.76941081451637e+06  7.55174741058055e-14  1.18400134918263e-13
 1.77354495193346e+06  8.93127440579989e-14  1.16950227074065e-13
 1.77767908935055e+06  8.18612012811442e-14  1.15456735413986e-13
 1.78181322676765e+06  9.69245234691078e-14  1.13908117028735e-13
 1.78594736418474e+06  9.64974190285836e-14  1.12285552072522e-13
 1.79008150160184e+06  9.28392162011909e-14  1.10563050170696e-13
 1.79421563901893e+06  1.14322979579001e-13  1.08708086361149e-13
 1.79834977643603e+06  8.37699382365802e-14  1.06682753339318e-13
 1.80248391385312e+06  9.86699330280193e-14  1.04445385672456e-13
 1.80661805127021e+06  7.58874730740310e-14  1.01952582725084e-13
 1.81075218868731e+06  1.15346858137288e-13  9.91615318070389e-14
 1.81488632610440e+06  1.10924382086321e-13  9.60325130718933e-14
 1.81902046352150e+06  9.03689989396799e-14  9.25314540324011e-14
 1.82315460093859e+06  9.13276483201178e-14  8.86323950420208e-14
 1.82728873835569e+06  8.98903520532139e-14  8.43197281702953e-14
 1.83142287577278e+06  1.02702746871448e-13  7.95900804660781e-14
 1.83555701318987e+06  8.83193070065909e-14  7.44537284018141e-14
 1.83969115060697e+06  1.00649710052479e-13  6.89354523157768e-14
 1.84382528802406e+06  8.17156725425046e-14  6.30747669258322e-14
 1.84795942544116e+06  1.03734112030270e-13  5.69254949573456e-14
 1.85209356285825e+06  1.08838118128115e-13  5.05546839184602e-14
 1.85622770027535e+06  7.68251629563933e-14  4.40408994039382e-14
 1.86036183769244e+06  9.60392187222118e-14  3.74719601675214e-14
 1.86449597510954e+06  8.68452204391671e-14  3.09422088297423e-14
 1.86863011252663e+06  9.58954104483539e-14  2.45494360967738e-14
 1.87276424994372e+06  1.05389701195660e-13  1.83915942688008e-14
 1.87689838736082e+06  1.03049613468578e-13  1.25634469182027e-14
 1.88103252477791e+06  8.78388222128470e-14  7.15330509107424e-15
 1.88516666219501e+06  6.85878199734383e-14  2.23999627702702e-15
 1.88930079961210e+06  1.09978903012155e-13 -2.10979917086794e-15
 1.89343493702920e+06  1.08399164273845e-13 -5.84372779242282e-15
 1.89756907444629e+06  1.00756687452985e-13 -8.92536669497164e-15
 1.90170321186338e+06  1.11258487298612e-13 -1.13351873704250e-14
 1.90583734928048e+06  8.31630350617420e-14 -1.30708473232084e-14
 1.90997148669757e+06  1.15607515110098e-13 -1.41468098000966e-14
 1.91410562411467e+06  1.07373284820620e-13 -1.45933240214276e-14
 1.91823976153176e+06  9.37432170242517e-14 -1.44548281660317e-14
 1.92237389894886e+06  9.30520634044469e-14 -1.37878635265393e-14
 1.92650803636595e+06  1.09363953188293e-13 -1.26586092034349e-14
 1.93064217378304e+06  1.01021576372684e-13 -1.11401616347153e-14
 1.93477631120014e+06  9.74597876523240e-14 -9.30969130199705e-15
 1.93891044861723e+06  1.02382058712436e-13 -7.24560994495606e-15
 1.94304458603433e+06  7.65503514075041e-14 -5.02487556919176e-15
 1.94717872345142e+06  1.00137707642906e-13 -2.72054997049464e-15
 1.95131286086852e+06  8.63198708391235e-14 -3.99705283992279e-16
 1.95544699828561e+06  1.11391082340601e-13  1.87824665450013e-15
 1.95958113570270e+06  6.66536896737009e-14  4.06275429761656e-15
 1.96371527311980e+06  8.70840582003787e-14  6.11283531439758e-15
 1.96784941053689e+06  1.02079139655571e-13  7.99730158054552e-15
 1.97198354795399e+06  9.69759519140211e-14  9.69453329599458e-15
 1.97611768537108e+06  9.20385574053038e-14  1.11918581896368e-14
 1.98025182278818e+06  8.40454006010973e-14  1.24846104489150e-14
 1.98438596020527e+06  8.43001734716383e-14  1.35749574153289e-14
 1.98852009762236e+06  9.65433121657635e-14  1.44705896211036e-14
 1.99265423503946e+06  1.10914617551490e-13  1.51833710838158e-14
 1.99678837245655e+06  1.03887344599587e-13  1.57280420193576e-14
 2.00092250987365e+06  7.95538465863301e-14  1.61210557435147e-14
 2.00505664729074e+06  1.16261327826524e-13  1.63796162734811e-14
 2.00919078470784e+06  8.69524413624365e-14  1.65209640892815e-14
 2.01332492212493e+06  1.09789263597276e-13  1.65619359501364e-14
 2.01745905954202e+06  7.85863847864473e-14  1.65188020691840e-14
 2.02159319695912e+06  1.01711512879354e-13  1.64073616844696e-14
 2.02572733437621e+06  1.03220643743769e-13  1.62432577331490e-14
 2.02986147179331e+06  9.94875369629691e-14  1.60424541074838e-14
 2.03399560921040e+06  8.68483347342368e-14  1.58218060787927e-14
 2.03812974662750e+06  9.55247271417578e-14  1.55996466150399e-14
 2.04226388404459e+06  9.84645735028784e-14  1.53963092220679e-14
 2.04639802146168e+06  1.05810448594041e-13  1.52345114852918e-14
 2.05053215887878e+06  1.13580728474905e-13  1.51395327505794e-14
 2.05466629629587e+06  1.00776175330547e-13  1.51391335602002e-14
 2.05880043371297e+06  7.90727656449043e-14  1.52631828543162e-14
 2.06293457113006e+06  1.11747675436575e-13  1.55429802558279e-14
 2.06706870854716e+06  8.14222652515026e-14  1.60102837193375e-14
 2.07120284596425e+06  1.02793193363366e-13  1.66960759322970e-14
 2.07533698338135e+06  6.70923152189936e-14  1.76291246068756e-14
 2.07947112079844e+06  1.05302866060513e-13  1.88344107008276e-14
 2.08360525821553e+06  8.46672256518798e-14  2.03315134876085e-14
 2.08773939563263e+06  1.05298823727151e-13  2.21330510684924e-14
 2.09187353304972e+06  9.27647302152809e-14  2.42432786521895e-14
 2.09600767046682e+06  9.46022136784757e-14  2.66569443825382e-14
 2.10014180788391e+06  1.07369944173608e-13  2.93584935395435e-14
 2.10427594530101e+06  9.89270840613237e-14  3.23216969499184e-14
 2.10841008271810e+06  8.70807404722893e-14  3.55097591980168e-14
 2.11254422013519e+06  9.07688302922668e-14  3.88759377193727e-14
 2.11667835755229e+06  8.19366823351725e-14  4.23646764660633e-14
 2.12081249496938e+06  9.91927334668171e-14  4.59132290257602e-14
 2.12494663238648e+06  1.07135061208912e-13  4.94537176685986e-14
 2.12908076980357e+06  1.02789801817970e-13  5.29155481988240e-14
 2.13321490722067e+06  8.95839210009156e-14  5.62280775945703e-14
 2.13734904463776e+06  1.01165376652478e-13  5.93234134142083e-14
 2.14148318205485e+06  9.02264590565396e-14  6.21392121017625e-14
 2.14561731947195e+06  8.83906511806120e-14  6.46213385077963e-14
 2.14975145688904e+06  9.69391349000334e-14  6.67262514589778e-14
 2.15388559430614e+06  9.55528051348834e-14  6.84229902858096e-14
 2.15801973172323e+06  7.07599331598760e-14  6.96946542938801e-14
 2.16215386914033e+06  6.81362700588610e-14  7.05392905434326e-14
 2.16628800655742e+06  8.76760923232478e-14  7.09701337700473e-14
 2.17042214397451e+06  1.15433729758359e-13  7.10151743716629e-14
 2.17455628139161e+06  9.18285106316393e-14  7.07160644098279e-14
 2.17869041880870e+06  9.28510491088718e-14  7.01264056529359e-14
 2.18282455622580e+06  8.60312315408320e-14  6.93094959850195e-14
 2.18695869364289e+06  9.97520787203449e-14  6.83356392091944e-14
 2.19109283105999e+06  7.29438759896244e-14  6.72791467552837e-14
 2.19522696847708e+06  7.35085131607034e-14  6.62151766986021e-14
 2.19936110589417e+06  7.52482558875642e-14  6.52165648564943e-14
 2.20349524331127e+06  8.73221679738844e-14  6.43508038551910e-14
 2.20762938072836e+06  8.84862601146108e-14  6.36773189260647e-14
 2.21176351814546e+06  7.99810624749958e-14  6.32451740279493e-14
 2.21589765556255e+06  7.86819765262068e-14  6.30913194499834e-14
 2.22003179297965e+06  1.02328283530936e-13  6.32394636268761e-14
 2.22416593039674e+06  6.45056572406439e-14  6.36996187911720e-14
 2.22830006781383e+06  8.71276065427027e-14  6.44683343709611e-14
 2.23243420523093e+06  8.52193417307561e-14  6.55295953117424e-14
 2.23656834264802e+06  1.00165478672090e-13  6.68563271995164e-14
 2.24070248006512e+06  7.33964350400059e-14  6.84124176854896e-14
 2.24483661748221e+06  7.26500222549514e-14  7.01551364885310e-14
 2.24897075489931e+06  9.88322180654643e-14  7.20378153654900e-14
 2.25310489231640e+06  1.06848475464807e-13  7.40126363297889e-14
 2.25723902973349e+06  7.65134525982342e-14  7.60333716335227e-14
 2.26137316715059e+06  8.77113844113450e-14  7.80579230663385e-14
 2.26550730456768e+06  6.58260411188537e-14  8.00505205642115e-14
 2.26964144198478e+06  8.38869287162612e-14  8.19834605588440e-14
 2.27377557940187e+06  7.46059278671167e-14  8.38382915338223e-14
 2.27790971681897e+06  6.66184281975957e-14  8.56063865541710e-14
 2.28204385423606e+06  6.29182821633880e-14  8.72888783067115e-14
 2.28617799165316e+06  7.64097564549818e-14  8.88959692669325e-14
 2.29031212907025e+06  9.32897856255294e-14  9.04456660644178e-14
 2.29444626648734e+06  7.75296436017808e-14  9.19620207883506e-14
 2.29858040390444e+06  9.07891497215049e-14  9.34729909311688e-14
 2.30271454132153e+06  9.99231192665142e-14  9.50080522652212e-14
 2.30684867873863e+06  7.35829878992185e-14  9.65957138392827e-14
 2.31098281615572e+06  8.21010641406970e-14  9.82610906101179e-14
 2.31511695357282e+06  6.55398208838118e-14  1.00023686464699e-13
 2.31925109098991e+06  6.56941956466012e-14  1.01895528793548e-13
 2.32338522840700e+06  7.74622695110992e-14  1.03879775806448e-13
 2.32751936582410e+06  8.05462514112122e-14  1.05969890609531e-13
 2.33165350324119e+06  8.65362235461885e-14  1.08149443063094e-13
 2.33578764065829e+06  8.38206936727982e-14  1.10392563673250e-13
 2.33992177807538e+06  8.13007028088956e-14  1.12665034985035e-13
 2.34405591549248e+06  1.07564619729980e-13  1.14925967669425e-13
 2.34819005290957e+06  8.93270595089109e-14  1.17129972715858e-13
 2.35232419032666e+06  1.06825695311750e-13  1.19229709964622e-13
 2.35645832774376e+06  5.62553594719126e-14  1.21178668572976e-13
 2.36059246516085e+06  8.87284818690481e-14  1.22934018247368e-13
 2.36472660257795e+06  8.20009046153889e-14  1.24459362374419e-13
 2.36886073999504e+06  8.59294826878902e-14  1.25727225986914e-13
 2.37299487741214e+06  8.78670863411763e-14  1.26721122991384e-13
 2.37712901482923e+06  9.30946645657343e-14  1.27437067496138e-13
 2.38126315224632e+06  9.41872247090757e-14  1.27884422710034e-13
 2.38539728966342e+06  9.45210527634772e-14  1.28086015935595e-13
 2.38953142708051e+06  8.76456626694694e-14  1.28077487988659e-13
 2.39366556449761e+06  7.03977473344871e-14  1.27905887710720e-13
 2.39779970191470e+06  6.86339645276704e-14  1.27627564718632e-13
 2.40193383933180e+06  8.07261250701524e-14  1.27305453951535e-13
 2.40606797674889e+06  8.95510375038369e-14  1.27005881508803e-13
 2.41020211416598e+06  8.03532151179173e-14  1.26795050714543e-13
 2.41433625158308e+06  8.55898860193672e-14  1.26735388685515e-13
 2.41847038900017e+06  8.61029737626290e-14  1.26881945475838e-13
 2.42260452641727e+06  1.13194849799408e-13  1.27279039429698e-13
 2.42673866383436e+06  9.64939882304779e-14  1.27957333526000e-13
 2.43087280125146e+06  7.94719188173234e-14  1.28931508447346e-13
 2.43500693866855e+06  9.61752088018735e-14  1.30198669907545e-13
 2.43914107608564e+06  7.04559956231686e-14  1.31737591738729e-13
 2.44327521350274e+06  9.93072686647210e-14  1.33508854260789e-13
 2.44740935091983e+06  7.20761210167264e-14  1.35455891744477e-13
 2.45154348833693e+06  1.07406439300364e-13  1.37506915733686e-13
 2.45567762575402e+06  7.71042128649598e-14  1.39577635082940e-13
 2.45981176317112e+06  9.62879163586145e-14  1.41574651354001e-13
 2.46394590058821e+06  9.07902929392205e-14  1.43399371871004e-13
 2.46808003800530e+06  8.66061797430056e-14  1.44952254374364e-13
 2.47221417542240e+06  9.19860695956075e-14  1.46137178275938e-13
 2.47634831283949e+06  8.06724416820400e-14  1.46865729159481e-13
 2.48048245025659e+06  8.06072061631878e-14  1.47061185920000e-13
 2.48461658767368e+06  7.46910342303869e-14  1.46662013613779e-13
 2.48875072509078e+06  8.73078288043239e-14  1.45624689137245e-13
 2.49288486250787e+06  7.46017737953029e-14  1.43925719960215e-13
 2.49701899992497e+06  9.29862645158077e-14  1.41562756659633e-13
 2.50115313734206e+06  8.66732942598451e-14  1.38554745725533e-13
 2.50528727475915e+06  9.87300898254301e-14  1.34941117727578e-13
 2.50942141217625e+06  9.14988705755844e-14  1.30780054816844e-13
 2.51355554959334e+06  8.35482783283974e-14  1.26145928103502e-13
 2.51768968701044e+06  7.79356787080748e-14  1.21126037254185e-13
 2.52182382442753e+06  6.20796440336324e-14  1.15816819467373e-13
 2.52595796184463e+06  8.97400011499281e-14  1.10319720956824e-13
 2.53009209926172e+06  5.77043895039198e-14  1.04736939861931e-13
 2.53422623667881e+06  9.38310898958983e-14  9.91672541961436e-14
 2.53836037409591e+06  7.22332240277335e-14  9.37021419678491e-14
 2.54249451151300e+06  9.78197897131220e-14  8.84223831681774e-14
 2.54662864893010e+06  8.83017053527575e-14  8.33953059517058e-14
 2.55076278634719e+06  8.74033158569237e-14  7.86728035536090e-14
 2.55489692376429e+06  9.34862952905200e-14  7.42902062136823e-14
 2.55903106118138e+06  7.85562091464886e-14  7.02660458046578e-14
 2.56316519859847e+06  7.84669998221543e-14  6.66027027457603e-14
 2.56729933601557e+06  7.58655380378928e-14  6.32878774373665e-14
 2.57143347343266e+06  8.50797292035544e-14  6.02967846604699e-14
 2.57556761084976e+06  9.64923578225909e-14  5.75949313814356e-14
 2.57970174826685e+06  8.02924839073009e-14  5.51413082477955e-14
 2.58383588568395e+06  6.61466364754293e-14  5.28918044060195e-14
 2.58797002310104e+06  8.53444690394210e-14  5.08026451581111e-14
 2.59210416051813e+06  8.95725043307164e-14  4.88336529508737e-14
 2.59623829793523e+06  7.36997213933286e-14  4.69511441626195e-14
 2.60037243535232e+06  6.89147017396216e-14  4.51302964198854e-14
 2.60450657276942e+06  8.04386010250920e-14  4.33568525537626e-14
 2.60864071018651e+06  9.03990279347914e-14  4.16280659490134e-14
 2.61277484760361e+06  7.77581046285521e-14  3.99528359362186e-14
 2.61690898502070e+06  7.69355753969110e-14  3.83510285323349e-14
 2.62104312243779e+06  7.82443091578199e-14  3.68520246759738e-14
 2.62517725985489e+06  1.04136302098648e-13  3.54925826398976e-14
 2.62931139727198e+06  7.00328119794544e-14  3.43141409488627e-14
 2.63344553468908e+06  9.81550413013229e-14  3.33597208734519e-14
 2.63757967210617e+06  6.75975411867235e-14  3.26706114360090e-14
 2.64171380952327e+06  8.85785834292166e-14  3.22830336191758e-14
 2.64584794694036e+06  6.37873847808853e-14  3.22249833740021e-14
 2.64998208435745e+06  8.50955841618003e-14  3.25134447752994e-14
 2.65411622177455e+06  7.62649387818836e-14  3.31521458018891e-14
 2.65825035919164e+06  7.45648221194931e-14  3.41300007225046e-14
 2.66238449660874e+06  8.65520019332813e-14  3.54203463119786e-14
 2.66651863402583e+06  7.42993433849058e-14  3.69810363953186e-14
 2.67065277144293e+06  8.36378160723142e-14  3.87554124127672e-14
 2.67478690886002e+06  6.40118905282815e-14  4.06741197332003e-14
 2.67892104627712e+06  8.74927628016448e-14  4.26576926401297e-14
 2.68305518369421e+06  7.08498210258714e-14  4.46197878579947e-14
 2.68718932111130e+06  1.02040576875114e-13  4.64709096955996e-14
 2.69132345852840e+06  7.38675287640502e-14  4.81224410237610e-14
 2.69545759594549e+06  7.90285516880767e-14  4.94907752970838e-14
 2.69959173336259e+06  8.74646329177921e-14  5.05013365125372e-14
 2.70372587077968e+06  7.54054311049345e-14  5.10922769112713e-14
 2.70786000819678e+06  8.36774781776645e-14  5.12176563210002e-14
 2.71199414561387e+06  6.41129792224497e-14  5.08499315406297e-14
 2.71612828303096e+06  5.36334093252765e-14  4.99816177702484e-14
 2.72026242044806e+06  8.97888399189024e-14  4.86260252546561e-14
 2.72439655786515e+06  7.28612476950748e-14  4.68170205969875e-14
 2.72853069528225e+06  8.16855117371138e-14  4.46078114896721e-14
 2.73266483269934e+06  6.18443286958007e-14  4.20688030655557e-14
 2.73679897011644e+06  8.54613317411086e-14  3.92846213969418e-14
 2.74093310753353e+06  7.58780047656316e-14  3.63504420979316e-14
 2.74506724495062e+06  7.86430725172711e-14  3.33677975511474e-14
 2.74920138236772e+06  6.90110489654100e-14  3.04400630730767e-14
 2.75333551978481e+06  7.85911936184864e-14  2.76678388588522e-14
 2.75746965720191e+06  6.35484223084553e-14  2.51444501803122e-14
 2.76160379461900e+06  7.67353705105692e-14  2.29517825988739e-14
 2.76573793203610e+06  7.52179043854188e-14  2.11566523360515e-14
 2.76987206945319e+06  6.62649488969090e-14  1.98078851996811e-14
 2.77400620687028e+06  5.28014808845245e-14  1.89342421885542e-14
 2.77814034428738e+06  7.10046730615323e-14  1.85432876714040e-14
 2.78227448170447e+06  6.56071081610582e-14  1.86212493274993e-14
 2.78640861912157e+06  8.70212835311996e-14  1.91338700751290e-14
 2.79054275653866e+06  5.77931607344788e-14  2.00282035863477e-14
 2.79467689395576e+06  8.11026923919828e-14  2.12352591429579e-14
 2.79881103137285e+06  5.72849292646398e-14  2.26733609299986e-14
 2.80294516878994e+06  8.36436681384484e-14  2.42520532517676e-14
 2.80707930620704e+06  7.65934146923098e-14  2.58763584260387e-14
 2.81121344362413e+06  9.01491162160467e-14  2.74511792926550e-14
 2.81534758104123e+06  9.06699021685904e-14  2.88856340848162e-14
 2.81948171845832e+06  7.36647397672502e-14  3.00971179315972e-14
 2.82361585587542e+06  7.88590086170137e-14  3.10149019885803e-14
 2.82774999329251e+06  6.76675439679461e-14  3.15831072240265e-14
 2.83188413070960e+06  8.06167686214187e-14  3.17629236647794e-14
 2.83601826812670e+06  6.40164348531631e-14  3.15339856660855e-14
 2.84015240554379e+06  6.96689644310688e-14  3.08948573484376e-14
 2.84428654296089e+06  8.93027568934562e-14  2.98626274684011e-14
 2.84842068037798e+06  6.28881820986974e-14  2.84716573271148e-14
 2.85255481779508e+06  9.74599025652897e-14  2.67715664803506e-14
 2.85668895521217e+06  5.50085679069478e-14  2.48245772075433e-14
 2.86082309262927e+06  7.27949687886377e-14  2.27023677514597e-14
 2.86495723004636e+06  6.56716674440652e-14  2.04826052783805e-14
 2.86909136746345e+06  8.09318963141970e-14  1.82453410541706e-14
 2.87322550488055e+06  7.59018605571656e-14  1.60694523119639e-14
 2.87735964229764e+06  5.83261202314713e-14  1.40293075871916e-14
 2.88149377971474e+06  8.35594606746257e-14  1.21918156822531e-14
 2.88562791713183e+06  7.00782742935327e-14  1.06139937341685e-14
 2.88976205454893e+06  7.51599396948729e-14  9.34115879331328e-15
 2.89389619196602e+06  7.57416383604311e-14  8.40581134678997e-15
 2.89803032938311e+06  6.35626208002497e-14  7.82724066068276e-15
 2.90216446680021e+06  8.48063078628130e-14  7.61184241860949e-15
 2.90629860421730e+06  4.72814986705543e-14  7.75410134639527e-15
 2.91043274163440e+06  8.86564644442703e-14  8.23815696073559e-15
 2.91456687905149e+06  6.11191596507882e-14  9.03984137498425e-15
 2.91870101646859e+06  7.39316827938134e-14  1.01290554360085e-14
 2.92283515388568e+06  7.20992067150782e-14  1.14723345693156e-14
 2.92696929130277e+06  6.12922140327032e-14  1.30354491876102e-14
 2.93110342871987e+06  7.85867958259344e-14  1.47858865633910e-14
 2.93523756613696e+06  8.35673332396142e-14  1.66950714285167e-14
 2.93937170355406e+06  8.33305199982041e-14  1.87402005338193e-14
 2.94350584097115e+06  7.51436147888983e-14  2.09055907572889e-14
 2.94763997838825e+06  6.81601741766092e-14  2.31834699679747e-14
 2.95177411580534e+06  6.42061422553684e-14  2.55741726666252e-14
 2.95590825322243e+06  6.97466451692786e-14  2.80857368629068e-14
 2.96004239063953e+06  7.61200355725016e-14  3.07329327621624e-14
 2.96417652805662e+06  7.92768898851427e-14  3.35357857728007e-14
 2.96831066547372e+06  7.87619779725769e-14  3.65176843812072e-14
 2.97244480289081e+06  6.66672111678239e-14  3.97031861668462e-14
 2.97657894030791e+06  7.90857089954242e-14  4.31156515519246e-14
 2.98071307772500e+06  5.98244880297818e-14  4.67748437961674e-14
 2.98484721514209e+06  8.05776027323452e-14  5.06946351904299e-14
 2.98898135255919e+06  5.23334801094979e-14  5.48809530919244e-14
 2.99311548997628e+06  8.27078080181841e-14  5.93300860537994e-14
 2.99724962739338e+06  7.89665764029321e-14  6.40274504705671e-14
 3.00138376481047e+06  7.64026944019315e-14  6.89468931998012e-14
 3.00551790222757e+06  7.51385084735020e-14  7.40505767265191e-14
 3.00965203964466e+06  7.51622499107750e-14  7.92894624215425e-14
 3.01378617706175e+06  7.42675248575402e-14  8.46043757847910e-14
 3.01792031447885e+06  7.82337710552408e-14  8.99276070887489e-14
 3.02205445189594e+06  7.68477155134061e-14  9.51849730469929e-14
 3.02618858931304e+06  7.34827307756614e-14  1.00298241525680e-13
 3.03032272673013e+06  5.35857402622859e-14  1.05187803035398e-13
 3.03445686414723e+06  6.17466808957086e-14  1.09775460683429e-13
 3.03859100156432e+06  2.85633834369337e-14  1.13987204986056e-13
 3.04272513898141e+06  7.49058550000389e-14  1.17755841613702e-13
 3.04685927639851e+06  6.39391436378726e-14  1.21023348542840e-13
 3.05099341381560e+06  6.02604120193681e-14  1.23742853739012e-13
 3.05512755123270e+06  7.11382063633724e-14  1.25880144471078e-13
 3.05926168864979e+06  5.19754894124249e-14  1.27414643568535e-13
 3.06339582606689e+06  7.21047165823025e-14  1.28339815060670e-13
 3.06752996348398e+06  6.38411143102459e-14  1.28662990178340e-13
 3.07166410090108e+06  5.28010739430135e-14  1.28404633200579e-13
 3.07579823831817e+06  7.23043242009314e-14  1.27597093640083e-13
 3.07993237573526e+06  4.35084481554430e-14  1.26282915294248e-13
 3.08406651315236e+06  1.01559274908263e-13  1.24512792737446e-13
 3.08820065056945e+06  5.41050270934290e-14  1.22343280820354e-13
 3.09233478798655e+06  9.19079609105413e-14  1.19834372039445e-13
 3.09646892540364e+06  5.82973550862273e-14  1.17047059905132e-13
 3.10060306282074e+06  8.61025609378114e-14  1.14041003694059e-13
 3.10473720023783e+06  5.26297839132872e-14  1.10872401295815e-13
 3.10887133765492e+06  5.75233057466571e-14  1.07592163182958e-13
 3.11300547507202e+06  5.96928229245205e-14  1.04244462364425e-13
 3.11713961248911e+06  6.27692741279213e-14  1.00865713709242e-13
 3.12127374990621e+06  6.81532586245244e-14  9.74840125409295e-14
 3.12540788732330e+06  7.75031613213001e-14  9.41190379680839e-14
 3.12954202474040e+06  6.57934635701730e-14  9.07824024965393e-14
 3.13367616215749e+06  6.61719499441698e-14  8.74784072710737e-14
 3.13781029957458e+06  7.13030289628876e-14  8.42051428000500e-14
 3.14194443699168e+06  6.97765165988472e-14  8.09558593855021e-14
 3.14607857440877e+06  7.03538911000152e-14  7.77205202339722e-14
 3.15021271182587e+06  7.77670997564068e-14  7.44874438745301e-14
 3.15434684924296e+06  4.45848070898733e-14  7.12449413903735e-14
 3.15848098666006e+06  7.15812386408762e-14  6.79828577198527e-14
 3.16261512407715e+06  3.33084388018178e-14  6.46939348295093e-14
 3.16674926149424e+06  7.52572670826039e-14  6.13749271708077e-14
 3.17088339891134e+06  5.82983914710409e-14  5.80274156849682e-14
 3.17501753632843e+06  7.07037105912844e-14  5.46582849264484e-14
 3.17915167374553e+06  6.68446117056909e-14  5.12798474389356e-14
 3.18328581116262e+06  6.12112026694898e-14  4.79096193501895e-14
 3.18741994857972e+06  8.12693596231133e-14  4.45697701168379e-14
 3.19155408599681e+06  5.10497302699606e-14  4.12862865664468e-14
 3.19568822341390e+06  5.98024984637038e-14  3.80879058376338e-14
 3.19982236083100e+06  6.38183998218910e-14  3.50048829027666e-14
 3.20395649824809e+06  6.95096967242929e-14  3.20676656102516e-14
 3.20809063566519e+06  7.79776352606825e-14  2.93055531717891e-14
 3.21222477308228e+06  7.34732432659750e-14  2.67454128779629e-14
 3.21635891049938e+06  8.77679250564516e-14  2.44105246090500e-14
 3.22049304791647e+06  6.92402471549624e-14  2.23196138528430e-14
 3.22462718533356e+06  5.66458995229178e-14  2.04861220368012e-14
 3.22876132275066e+06  6.04994380935968e-14  1.89177487206757e-14
 3.23289546016775e+06  4.93535451882810e-14  1.76162844437377e-14
 3.23702959758485e+06  5.23011609766147e-14  1.65777366355569e-14
 3.24116373500194e+06  4.83826520332563e-14  1.57927349225197e-14
 3.24529787241904e+06  7.90027216398489e-14  1.52471872037069e-14
 3.24943200983613e+06  7.40619524162416e-14  1.49231448598557e-14
 3.25356614725323e+06  6.76088725362316e-14  1.47998250229628e-14
 3.25770028467032e+06  8.70332372601084e-14  1.48547304725130e-14
 3.26183442208741e+06  5.31214121622948e-14  1.50648037424210e-14
 3.26596855950451e+06  6.65519556019101e-14  1.54075516199057e-14
 3.27010269692160e+06  5.83711868241494e-14  1.58620792357451e-14
 3.27423683433870e+06  7.24217648003783e-14  1.64099791872092e-14
 3.27837097175579e+06  4.07525691214325e-14  1.70360302228901e-14
 3.28250510917289e+06  6.68086293489712e-14  1.77286713222849e-14
 3.28663924658998e+06  3.87301375304355e-14  1.84802299166395e-14
 3.29077338400707e+06  7.37815859780090e-14  1.92868967882235e-14
 3.29490752142417e+06  5.93968078538749e-14  2.01484540954094e-14
 3.29904165884126e+06  7.65878521681609e-14  2.10677762007274e-14
 3.30317579625836e+06  7.40327977055409e-14  2.20501349649347e-14
 3.30730993367545e+06  4.09155768590190e-14  2.31023511756751e-14
 3.31144407109255e+06  5.38190967000030e-14  2.42318413759696e-14
 3.31557820850964e+06  7.27848117735808e-14  2.54456142165077e-14
 3.31971234592673e+06  4.49758285413379e-14  2.67492723483014e-14
 3.32384648334383e+06  6.92546942293284e-14  2.81460747772279e-14
 3.32798062076092e+06  6.34207180381999e-14  2.96361106488409e-14
 3.33211475817802e+06  7.74213601727724e-14  3.12156289200384e-14
 3.33624889559511e+06  9.07755716972731e-14  3.28765595927983e-14
 3.34038303301221e+06  8.05647502730618e-14  3.46062518691209e-14
 3.34451717042930e+06  5.29442437017838e-14  3.63874430251127e-14
 3.34865130784639e+06  7.11668663012439e-14  3.81984598523484e-14
 3.35278544526349e+06  4.69399628476598e-14  4.00136426992598e-14
 3.35691958268058e+06  6.70401921680483e-14  4.18039711097311e-14
 3.36105372009768e+06  5.02529809641723e-14  4.35378602944532e-14
 3.36518785751477e+06  7.13558613146796e-14  4.51820897177410e-14
 3.36932199493187e+06  5.71937689285226e-14  4.67028193199119e-14
 3.37345613234896e+06  6.46148586572199e-14  4.80666453749125e-14
 3.37759026976605e+06  5.90472999177889e-14  4.92416471577929e-14
 3.38172440718315e+06  6.72530430641972e-14  5.01983770674562e-14
 3.38585854460024e+06  6.63340962979000e-14  5.09107507632310e-14
 3.38999268201734e+06  6.12012078046211e-14  5.13567997880074e-14
 3.39412681943443e+06  5.54205974470259e-14  5.15192568140891e-14
 3.39826095685153e+06  6.79889401693501e-14  5.13859525084932e-14
 3.40239509426862e+06  7.00256177852778e-14  5.09500127663346e-14
 3.40652923168571e+06  7.68007553472311e-14  5.02098548797850e-14
 3.41066336910281e+06  5.95797656059948e-14  4.91689909893177e-14
 3.41479750651990e+06  5.93856950480942e-14  4.78356560500825e-14
 3.41893164393700e+06  6.85955086671696e-14  4.62222853186895e-14
 3.42306578135409e+06  8.30936706722702e-14  4.43448726197058e-14
 3.42719991877119e+06  6.85494279199675e-14  4.22222450962954e-14
 3.43133405618828e+06  7.02370138393571e-14  3.98752926445659e-14
 3.43546819360538e+06  4.12616951658434e-14  3.73261907188880e-14
 3.43960233102247e+06  5.57246316326239e-14  3.45976536972241e-14
 3.44373646843956e+06  5.77854119308764e-14  3.17122526682219e-14
 3.44787060585666e+06  6.77436020752160e-14  2.86918266020990e-14
 3.45200474327375e+06  6.86152407388828e-14  2.55570096932137e-14
 3.45613888069085e+06  8.47171526505665e-14  2.23268905257614e-14
 3.46027301810794e+06  6.19540292525317e-14  1.90188111058455e-14
 3.46440715552504e+06  6.63440745306450e-14  1.56483060621978e-14
 3.46854129294213e+06  7.85567573784211e-14  1.22291748914354e-14
 3.47267543035922e+06  4.75526023939354e-14  8.77367335219189e-15
 3.47680956777632e+06  5.63374282148116e-14  5.29280435223756e-15
 3.48094370519341e+06  4.92581301271352e-14  1.79668415881805e-15
 3.48507784261051e+06  3.38469366482376e-14 -1.70504328121361e-15
 3.48921198002760e+06  6.89097903778921e-14 -5.20277260390012e-15
 3.49334611744470e+06  3.90043441680340e-14 -8.68651253875323e-15
 3.49748025486179e+06  4.44420396785094e-14 -1.21454976300632e-14
 3.50161439227888e+06  4.14505435560237e-14 -1.55678602479944e-14
 3.50574852969598e+06  5.00317407422653e-14 -1.89403827247019e-14
 3.50988266711307e+06  6.21021279947862e-14 -2.22483444116654e-14
 3.51401680453017e+06  5.38363464830775e-14 -2.54754727495949e-14
 3.51815094194726e+06  6.09059263693668e-14 -2.86040014669386e-14
 3.52228507936436e+06  7.18362464329506e-14 -3.16148330484951e-14
 3.52641921678145e+06  6.47656820250077e-14 -3.44877970472380e-14
 3.53055335419854e+06  5.68836460728630e-14 -3.72019908424489e-14
 3.53468749161564e+06  5.12657267060044e-14 -3.97361853602154e-14
 3.53882162903273e+06  6.07568626344501e-14 -4.20692753123722e-14
 3.54295576644983e+06  6.84592986566858e-14 -4.41807516601277e-14
 3.54708990386692e+06  5.16994919745441e-14 -4.60511735323683e-14
 3.55122404128402e+06  7.94651977878991e-14 -4.76626175034387e-14
 3.55535817870111e+06  4.58132505230561e-14 -4.89990840621654e-14
 3.55949231611820e+06  5.23159708232265e-14 -5.00468440285462e-14
 3.56362645353530e+06  2.79106086267287e-14 -5.07947114428165e-14
 3.56776059095239e+06  5.03482631441662e-14 -5.12342338990548e-14
 3.57189472836949e+06  6.83250135800162e-14 -5.13597960008732e-14
 3.57602886578658e+06  5.18568822445588e-14 -5.11686364883950e-14
 3.58016300320368e+06  5.42090066724820e-14 -5.06607842118605e-14
 3.58429714062077e+06  4.36383251094041e-14 -4.98389223638743e-14
 3.58843127803786e+06  5.69818056140965e-14 -4.87081938596108e-14
 3.59256541545496e+06  4.01245840061674e-14 -4.72759634409884e-14
 3.59669955287205e+06  6.29554506087038e-14 -4.55515537404019e-14
 3.60083369028915e+06  5.45154043286583e-14 -4.35459730977489e-14
 3.60496782770624e+06  6.36540970803563e-14 -4.12716524270949e-14
 3.60910196512334e+06  4.53017224678205e-14 -3.87422068019325e-14
 3.61323610254043e+06  3.35634176552268e-14 -3.59722349481331e-14
 3.61737023995752e+06  2.90068300471301e-14 -3.29771664567937e-14
 3.62150437737462e+06  4.94668728640524e-14 -2.97731625880471e-14
 3.62563851479171e+06  4.11732045284443e-14 -2.63770722537715e-14
 3.62977265220881e+06  3.85561259450566e-14 -2.28064403165094e-14
 3.63390678962590e+06  6.84092795030307e-14 -1.90795610913436e-14
 3.63804092704300e+06  5.36755355717314e-14 -1.52155660393012e-14
 3.64217506446009e+06  4.99870410727353e-14 -1.12345314719501e-14
 3.64630920187719e+06  4.76495292470076e-14 -7.15758963055437e-15
 3.65044333929428e+06  4.43934147761277e-14 -3.00702519578737e-15
 3.65457747671137e+06  6.75510958329948e-14  1.19366100073117e-15
 3.65871161412847e+06  5.10874631393677e-14  5.41973842313272e-15
 3.66284575154556e+06  4.31785365795613e-14  9.64529871760538e-15
 3.66697988896266e+06  4.78689740894452e-14  1.38433852704954e-14
 3.67111402637975e+06  7.00140716983591e-14  1.79862085936877e-14
 3.67524816379685e+06  6.92380935963953e-14  2.20454510171416e-14
 3.67938230121394e+06  5.27654499747295e-14  2.59926588806109e-14
 3.68351643863103e+06  2.34665918303018e-14  2.97997150060566e-14
 3.68765057604813e+06  6.21195330035332e-14  3.34393788347300e-14
 3.69178471346522e+06  5.12558750988181e-14  3.68858766445130e-14
 3.69591885088232e+06  5.19233711324901e-14  4.01155198944309e-14
 3.70005298829941e+06  4.15768434732645e-14  4.31073263714120e-14
 3.70418712571651e+06  5.82655838801460e-14  4.58436165036409e-14
 3.70832126313360e+06  6.20761349751114e-14  4.83105562961453e-14
 3.71245540055069e+06  5.46163941326062e-14  5.04986187807754e-14
 3.71658953796779e+06  5.20606412475710e-14  5.24029378083663e-14
 3.72072367538488e+06  5.68646382470301e-14  5.40235313838832e-14
 3.72485781280198e+06  6.02944583269644e-14  5.53653764087338e-14
 3.72899195021907e+06  7.00443829552242e-14  5.64383224480088e-14
 3.73312608763617e+06  2.56392452572707e-14  5.72568389108626e-14
 3.73726022505326e+06  5.09861037800852e-14  5.78395972308039e-14
 3.74139436247035e+06  5.15345605216220e-14  5.82088972076203e-14
 3.74552849988745e+06  3.67846287412840e-14  5.83899540821274e-14
 3.74966263730454e+06  6.41972932486343e-14  5.84100698306477e-14
 3.75379677472164e+06  3.65813655326887e-14  5.82977183105394e-14
 3.75793091213873e+06  5.60191610772268e-14  5.80815787842517e-14
 3.76206504955583e+06  5.56524734536710e-14  5.77895558913973e-14
 3.76619918697292e+06  5.78050256036689e-14  5.74478259223688e-14
 3.77033332439001e+06  6.24548083335779e-14  5.70799493282780e-14
 3.77446746180711e+06  3.19408728111477e-14  5.67060875515615e-14
 3.77860159922420e+06  5.82805254562600e-14  5.63423585903840e-14
 3.78273573664130e+06  5.34878262828973e-14  5.60003604066320e-14
 3.78686987405839e+06  9.17405079275214e-14  5.56868843569694e-14
 3.79100401147549e+06  4.57890830028603e-14  5.54038328251496e-14
 3.79513814889258e+06  4.22253480489501e-14  5.51483463015441e-14
 3.79927228630967e+06  6.32005031948612e-14  5.49131358168493e-14
 3.80340642372677e+06  5.00692255926446e-14  5.46870072667635e-14
 3.80754056114386e+06  6.92589546422725e-14  5.44555552870090e-14
 3.81167469856096e+06  4.68950238727527e-14  5.42019963212171e-14
 3.81580883597805e+06  4.00260081160604e-14  5.39081038082063e-14
 3.81994297339515e+06  3.91392880745934e-14  5.35552033174687e-14
 3.82407711081224e+06  5.90214424874327e-14  5.31251823830107e-14
 3.82821124822934e+06  5.58751429420516e-14  5.26014686796330e-14
 3.83234538564643e+06  4.62758770067825e-14  5.19699314283554e-14
 3.83647952306352e+06  4.01227616255502e-14  5.12196642165728e-14
 3.84061366048062e+06  5.56519606175856e-14  5.03436128712354e-14
 3.84474779789771e+06  7.29334846927923e-14  4.93390192482094e-14
 3.84888193531481e+06  5.23651102786509e-14  4.82076605217866e-14
 3.85301607273190e+06  6.05591288606045e-14  4.69558733922922e-14
 3.85715021014900e+06  5.58275336745788e-14  4.55943630337163e-14
 3.86128434756609e+06  5.13114598168554e-14  4.41378071771057e-14
 3.86541848498318e+06  6.17960675412159e-14  4.26042757630987e-14
 3.86955262240028e+06  5.02476745547904e-14  4.10144958748824e-14
 3.87368675981737e+06  4.09495509885825e-14  3.93909992773327e-14
 3.87782089723447e+06  5.01287067805624e-14  3.77571959929173e-14
 3.88195503465156e+06  4.53383996545192e-14  3.61364209808706e-14
 3.88608917206866e+06  5.57509255885343e-14  3.45510025035995e-14
 3.89022330948575e+06  4.59822875065769e-14  3.30213996559560e-14
 3.89435744690284e+06  4.52642132796202e-14  3.15654530368050e-14
 3.89849158431994e+06  5.16647473039483e-14  3.01977867168630e-14
 3.90262572173703e+06  3.88808612104216e-14  2.89293918118155e-14
 3.90675985915413e+06  5.01543671407964e-14  2.77674124246879e-14
 3.91089399657122e+06  5.80898185776561e-14  2.67151440457236e-14
 3.91502813398832e+06  5.42369045018639e-14  2.57722431254653e-14
 3.91916227140541e+06  4.84374728119639e-14  2.49351351052487e-14
 3.92329640882250e+06  4.08780429251469e-14  2.41975973471115e-14
 3.92743054623960e+06  6.72683537066810e-14  2.35514835584991e-14
 3.93156468365669e+06  3.88186709977345e-14  2.29875482285610e-14
 3.93569882107379e+06  5.15698386045026e-14  2.24963235317940e-14
 3.93983295849088e+06  5.36682647831981e-14  2.20689975701948e-14
 3.94396709590798e+06  4.64740563005711e-14  2.16982419159063e-14
 3.94810123332507e+06  4.06670768978395e-14  2.13789383110458e-14
 3.95223537074216e+06  3.90020310480278e-14  2.11087589680981e-14
 3.95636950815926e+06  4.25691884743146e-14  2.08885620817552e-14
 3.96050364557635e+06  7.11597942669251e-14  2.07225734956732e-14
 3.96463778299345e+06  3.90576000182879e-14  2.06183366032467e-14
 3.96877192041054e+06  6.86996027424738e-14  2.05864248877323e-14
 3.97290605782764e+06  5.21773865827872e-14  2.06399243970159e-14
 3.97704019524473e+06  6.30961082729236e-14  2.07937063002783e-14
 3.98117433266182e+06  6.30065530507834e-14  2.10635217288712e-14
 3.98530847007892e+06  4.87502146104430e-14  2.14649617674857e-14
 3.98944260749601e+06  5.72047736736405e-14  2.20123341424382e-14
 3.99357674491311e+06  2.26705936076058e-14  2.27175143101229e-14
 3.99771088233020e+06  5.25206926781209e-14  2.35888320031809e-14
 4.00184501974730e+06  1.66815275332680e-14  2.46300544889931e-14
 4.00597915716439e+06  3.08251127868914e-14  2.58395248680834e-14
 4.01011329458148e+06  6.29766201374591e-14  2.72095077050358e-14
 4.01424743199858e+06  3.85130423661120e-14  2.87257854422190e-14
 4.01838156941567e+06  6.01084775910653e-14  3.03675377323550e-14
 4.02251570683277e+06  2.48858368868389e-14  3.21075226495009e-14
 4.02664984424986e+06  5.71862947512008e-14  3.39125642891805e-14
 4.03078398166696e+06  3.22752744153184e-14  3.57443362272835e-14
 4.03491811908405e+06  2.00486821765228e-14  3.75604155437704e-14
 4.03905225650115e+06  5.23713574048100e-14  3.93155682800913e-14
 4.04318639391824e+06  3.18343906384193e-14  4.09632149790964e-14
 4.04732053133533e+06  6.19418222632514e-14  4.24570151827039e-14
 4.05145466875243e+06  5.01673426951049e-14  4.37525027185866e-14
 4.05558880616952e+06  4.54239220908100e-14  4.48086998508555e-14
 4.05972294358662e+06  5.40721819059122e-14  4.55896381080171e-14
 4.06385708100371e+06  4.85331894351761e-14  4.60657168227038e-14
 4.06799121842081e+06  5.76640560173431e-14  4.62148370666690e-14
 4.07212535583790e+06  3.78052796278807e-14  4.60232584410007e-14
 4.07625949325499e+06  3.39185312603949e-14  4.54861385874082e-14
 4.08039363067209e+06  4.62457082579556e-14  4.46077297442487e-14
 4.08452776808918e+06  4.19225760348235e-14  4.34012224633993e-14
 4.08866190550628e+06  5.50933479357435e-14  4.18882430171515e-14
 4.09279604292337e+06  3.00189805922432e-14  4.00980271034373e-14
 4.09693018034047e+06  5.79771105340693e-14  3.80663075298811e-14
 4.10106431775756e+06  6.02052361521209e-14  3.58339667888795e-14
 4.10519845517465e+06  4.95857120870820e-14  3.34455162075751e-14
 4.10933259259175e+06  4.25008773269847e-14  3.09474710158759e-14
 4.11346673000884e+06  2.46402307014077e-14  2.83866950415166e-14
 4.11760086742594e+06  3.13665711704353e-14  2.58087893093869e-14
 4.12173500484303e+06  4.86320565291348e-14  2.32565958741764e-14
 4.12586914226013e+06  5.62669927071188e-14  2.07688816175320e-14
 4.13000327967722e+06  3.30300537105068e-14  1.83792570665649e-14
 4.13413741709431e+06  3.37713965336088e-14  1.61153729029262e-14
