#time(au), s(t), s(t) without exp(iwt)
 0.00000000000000e+01 -4.35375627548172e-17 -4.35375627548172e-17
 4.13413741709430e+03 -2.45387345198149e-16 -1.64575842179743e-16
 8.26827483418859e+03 -1.04290415632289e-15 -5.54812725954127e-16
 1.24024122512829e+04 -1.21887500481728e-15 -1.32393743969703e-15
 1.65365496683772e+04 -2.25106360425573e-15 -2.48841667862074e-15
 2.06706870854715e+04 -3.01409971096698e-15 -4.02129415284578e-15
 2.48048245025658e+04 -4.01353637176766e-15 -5.87735216732338e-15
 2.89389619196601e+04 -4.50913994376050e-15 -8.00530873411465e-15
 3.30730993367544e+04 -4.20228387400306e-15 -1.03534404168123e-14
 3.72072367538487e+04 -6.15776336116107e-15 -1.28720667787324e-14
 4.13413741709430e+04 -6.62169652580704e-15 -1.55146716705197e-14
 4.54755115880372e+04 -1.19763130591161e-14 -1.82385180697107e-14
 4.96096490051315e+04 -8.27820792661705e-15 -2.10051195523231e-14
 5.37437864222258e+04 -1.25126911788277e-14 -2.37806785891238e-14
 5.78779238393201e+04 -1.08138119369030e-14 -2.65364832406483e-14
 6.20120612564144e+04 -1.01305488149979e-14 -2.92492084313639e-14
 6.61461986735087e+04 -1.20577197966351e-14 -3.19010615061259e-14
 7.02803360906030e+04 -1.21518248821625e-14 -3.44797248166803e-14
 7.44144735076973e+04 -1.07571253948950e-14 -3.69780698574771e-14
 7.85486109247916e+04 -1.11539958586048e-14 -3.93936417694448e-14
 8.26827483418859e+04 -1.45214388811854e-14 -4.17279361292833e-14
 8.68168857589802e+04 -1.73275950399961e-14 -4.39855096777327e-14
 9.09510231760745e+04 -1.40383156548020e-14 -4.61729816881515e-14
 9.50851605931688e+04 -1.93024609796274e-14 -4.82979921774968e-14
 9.92192980102631e+04 -1.48683082061220e-14 -5.03681870547614e-14
 1.03353435427357e+05 -2.33322239770743e-14 -5.23902984368587e-14
 1.07487572844452e+05 -1.35964316899647e-14 -5.43693814356631e-14
 1.11621710261546e+05 -2.20999069783260e-14 -5.63082572214463e-14
 1.15755847678640e+05 -1.78428028747345e-14 -5.82071972490586e-14
 1.19889985095735e+05 -2.47135333447504e-14 -6.00638661383509e-14
 1.24024122512829e+05 -2.24380997567929e-14 -6.18735222134445e-14
 1.28158259929923e+05 -2.33497281750155e-14 -6.36294562531374e-14
 1.32292397347018e+05 -2.48472204897373e-14 -6.53236319491992e-14
 1.36426534764112e+05 -2.63990766737450e-14 -6.69474769529190e-14
 1.40560672181206e+05 -2.89939834245332e-14 -6.84927622342851e-14
 1.44694809598300e+05 -2.33284040419775e-14 -6.99525004920675e-14
 1.48828947015395e+05 -2.63217158140078e-14 -7.13217921131239e-14
 1.52963084432489e+05 -2.40075584028025e-14 -7.25985496491889e-14
 1.57097221849583e+05 -2.55307492630356e-14 -7.37840391662130e-14
 1.61231359266678e+05 -3.01109334999210e-14 -7.48831883430158e-14
 1.65365496683772e+05 -3.33932667952687e-14 -7.59046264598279e-14
 1.69499634100866e+05 -3.39767483779110e-14 -7.68604392487391e-14
 1.73633771517960e+05 -3.32717342618135e-14 -7.77656410183036e-14
 1.77767908935055e+05 -3.35660314731663e-14 -7.86373862379856e-14
 1.81902046352149e+05 -3.00528433124453e-14 -7.94939615237928e-14
 1.86036183769243e+05 -2.66863920121879e-14 -8.03536156859177e-14
 1.90170321186338e+05 -2.44935859174896e-14 -8.12332988152673e-14
 1.94304458603432e+05 -2.28181031340415e-14 -8.21473906500506e-14
 1.98438596020526e+05 -3.36312700952043e-14 -8.31065027490484e-14
 2.02572733437620e+05 -2.57996901870415e-14 -8.41164381374644e-14
 2.06706870854715e+05 -3.34510552596913e-14 -8.51773858577538e-14
 2.10841008271809e+05 -3.45443610874679e-14 -8.62834165826857e-14
 2.14975145688903e+05 -3.79930921951266e-14 -8.74223297296755e-14
 2.19109283105998e+05 -3.58783569288177e-14 -8.85758830912168e-14
 2.23243420523092e+05 -3.61672037362782e-14 -8.97204140891772e-14
 2.27377557940186e+05 -3.14260598475453e-14 -9.08278385322405e-14
 2.31511695357280e+05 -3.53575630808233e-14 -9.18669896189208e-14
 2.35645832774375e+05 -2.02396379348552e-14 -9.28052382310286e-14
 2.39779970191469e+05 -3.93805999088481e-14 -9.36103166478606e-14
 2.43914107608563e+05 -2.83224100535698e-14 -9.42522528225736e-14
 2.48048245025658e+05 -5.47641514506143e-14 -9.47053123304024e-14
 2.52182382442752e+05 -2.38631469212732e-14 -9.49498405808662e-14
 2.56316519859846e+05 -5.53444301394578e-14 -9.49738994881968e-14
 2.60450657276940e+05 -4.27740833159238e-14 -9.47746002517872e-14
 2.64584794694035e+05 -4.47149534451680e-14 -9.43590472122942e-14
 2.68718932111129e+05 -3.77709684573239e-14 -9.37448260185119e-14
 2.72853069528223e+05 -2.22491002694522e-14 -9.29599917988144e-14
 2.76987206945318e+05 -3.83564938248896e-14 -9.20425383886812e-14
 2.81121344362412e+05 -3.65871520410314e-14 -9.10393566049197e-14
 2.85255481779506e+05 -3.62224299457900e-14 -9.00047165704520e-14
 2.89389619196601e+05 -2.89263323330506e-14 -8.89983346949346e-14
 2.93523756613695e+05 -4.21298211562193e-14 -8.80831086982537e-14
 2.97657894030789e+05 -5.82710516818147e-14 -8.73226227024462e-14
 3.01792031447884e+05 -2.64201122207120e-14 -8.67785378794912e-14
 3.05926168864978e+05 -4.60912150566293e-14 -8.65079916197640e-14
 3.10060306282072e+05 -3.07173873271933e-14 -8.65611292791861e-14
 3.14194443699167e+05 -4.70211221395314e-14 -8.69788870758091e-14
 3.18328581116261e+05 -2.86819672431478e-14 -8.77911330247412e-14
 3.22462718533355e+05 -4.97610944413718e-14 -8.90152554605277e-14
 3.26596855950449e+05 -3.51151754108675e-14 -9.06552665619542e-14
 3.30730993367544e+05 -4.69589029174227e-14 -9.27014627773566e-14
 3.34865130784638e+05 -2.88101434689842e-14 -9.51306562340883e-14
 3.38999268201732e+05 -5.23395868861302e-14 -9.79069628609376e-14
 3.43133405618827e+05 -4.59649344909544e-14 -1.00983105425660e-13
 3.47267543035921e+05 -5.01904822432081e-14 -1.04302164603835e-13
 3.51401680453015e+05 -4.15683372533109e-14 -1.07799689748736e-13
 3.55535817870110e+05 -3.81135250109629e-14 -1.11406064515921e-13
 3.59669955287204e+05 -4.19901778988054e-14 -1.15049011638373e-13
 3.63804092704298e+05 -5.47188290985989e-14 -1.18656116607267e-13
 3.67938230121393e+05 -4.74282631319076e-14 -1.22157251831244e-13
 3.72072367538487e+05 -5.04147143216191e-14 -1.25486791007033e-13
 3.76206504955581e+05 -5.25690987345118e-14 -1.28585517317153e-13
 3.80340642372676e+05 -6.19701420400486e-14 -1.31402147793724e-13
 3.84474779789770e+05 -5.16250771497337e-14 -1.33894418859125e-13
 3.88608917206864e+05 -3.66810874931336e-14 -1.36029703041606e-13
 3.92743054623959e+05 -3.93690572923822e-14 -1.37785153061874e-13
 3.96877192041053e+05 -3.14656093810361e-14 -1.39147395128578e-13
 4.01011329458147e+05 -5.10819950197946e-14 -1.40111817184467e-13
 4.05145466875241e+05 -4.08989737543031e-14 -1.40681518443642e-13
 4.09279604292336e+05 -5.87907651816064e-14 -1.40866002940086e-13
 4.13413741709430e+05 -5.83848000018681e-14 -1.40679710961881e-13
 4.17547879126524e+05 -5.95333706317701e-14 -1.40140487723856e-13
 4.21682016543619e+05 -5.67792559277421e-14 -1.39268088064512e-13
 4.25816153960713e+05 -4.77174668208380e-14 -1.38082809739074e-13
 4.29950291377807e+05 -5.20670355951181e-14 -1.36604336038929e-13
 4.34084428794902e+05 -4.45841188003920e-14 -1.34850852312469e-13
 4.38218566211996e+05 -4.12099048091585e-14 -1.32838481030484e-13
 4.42352703629090e+05 -4.74675444542132e-14 -1.30581057857019e-13
 4.46486841046185e+05 -5.66702814808381e-14 -1.28090247994091e-13
 4.50620978463279e+05 -5.68833324095542e-14 -1.25375979270920e-13
 4.54755115880373e+05 -5.28408157113903e-14 -1.22447147433856e-13
 4.58889253297468e+05 -6.71048596691308e-14 -1.19312531082964e-13
 4.63023390714562e+05 -5.48918938734667e-14 -1.15981839760891e-13
 4.67157528131656e+05 -7.01586432561596e-14 -1.12466809689371e-13
 4.71291665548751e+05 -4.97459432248156e-14 -1.08782257991968e-13
 4.75425802965845e+05 -6.73117213027911e-14 -1.04947008249326e-13
 4.79559940382939e+05 -5.08006676041541e-14 -1.00984607695258e-13
 4.83694077800033e+05 -4.59090969086689e-14 -9.69237688682482e-14
 4.87828215217128e+05 -5.46525240410117e-14 -9.27984852611195e-14
 4.91962352634222e+05 -6.36045588514668e-14 -8.86477906035427e-14
 4.96096490051316e+05 -9.88097158323668e-14 -8.45151534732768e-14
 5.00230627468411e+05 -7.31547332133630e-14 -8.04475218813567e-14
 5.04364764885505e+05 -8.26810485196885e-14 -7.64940547170630e-14
 5.08498902302599e+05 -6.84365291066336e-14 -7.27045973804339e-14
 5.12633039719694e+05 -7.26409812204380e-14 -6.91279761680749e-14
 5.16767177136788e+05 -6.23560906312792e-14 -6.58101991012521e-14
 5.20901314553882e+05 -7.32640495535166e-14 -6.27926590798482e-14
 5.25035451970977e+05 -5.31102919160861e-14 -6.01104379710159e-14
 5.29169589388071e+05 -6.98438583903675e-14 -5.77908073114185e-14
 5.33303726805165e+05 -6.20850904543363e-14 -5.58520129353286e-14
 5.37437864222260e+05 -6.83839736176434e-14 -5.43024173349231e-14
 5.41572001639354e+05 -6.27017389103779e-14 -5.31400557757563e-14
 5.45706139056448e+05 -5.93124440727888e-14 -5.23526410894011e-14
 5.49840276473543e+05 -6.73143596085249e-14 -5.19180287108212e-14
 5.53974413890637e+05 -5.46812748623113e-14 -5.18051294079192e-14
 5.58108551307731e+05 -5.86210014745285e-14 -5.19752334262403e-14
 5.62242688724826e+05 -6.36522480199805e-14 -5.23836878478746e-14
 5.66376826141920e+05 -5.92963287727806e-14 -5.29818500632601e-14
 5.70510963559014e+05 -7.74965702054859e-14 -5.37192253276481e-14
 5.74645100976108e+05 -6.04898807924435e-14 -5.45456864199684e-14
 5.78779238393203e+05 -9.09127871226460e-14 -5.54136686961618e-14
 5.82913375810297e+05 -8.72356835791000e-14 -5.62802349103944e-14
 5.87047513227391e+05 -9.24372171785979e-14 -5.71089106790790e-14
 5.91181650644486e+05 -7.17133731371867e-14 -5.78712032592204e-14
 5.95315788061580e+05 -8.56179438618057e-14 -5.85477325407479e-14
 5.99449925478674e+05 -7.19376673304049e-14 -5.91289230619490e-14
 6.03584062895769e+05 -8.92919261086159e-14 -5.96152282328601e-14
 6.07718200312863e+05 -6.24229357877820e-14 -6.00168816423600e-14
 6.11852337729957e+05 -7.72193333250375e-14 -6.03531940065501e-14
 6.15986475147052e+05 -8.24950755838591e-14 -6.06514367446005e-14
 6.20120612564146e+05 -1.12229170200768e-13 -6.09453731268677e-14
 6.24254749981240e+05 -6.52396918742512e-14 -6.12735144171091e-14
 6.28388887398335e+05 -7.64779657308860e-14 -6.16771905933603e-14
 6.32523024815429e+05 -7.25288245486885e-14 -6.21985324752698e-14
 6.36657162232523e+05 -6.89010373983348e-14 -6.28784641749558e-14
 6.40791299649618e+05 -6.51873844627208e-14 -6.37548015890589e-14
 6.44925437066712e+05 -5.76160275277314e-14 -6.48605445839812e-14
 6.49059574483806e+05 -6.63922020952664e-14 -6.62224380802461e-14
 6.53193711900900e+05 -8.35189504340748e-14 -6.78598610912744e-14
 6.57327849317995e+05 -4.74534643612159e-14 -6.97840841003533e-14
 6.61461986735089e+05 -7.11544928528434e-14 -7.19979148717262e-14
 6.65596124152183e+05 -6.42750353800100e-14 -7.44957320861003e-14
 6.69730261569278e+05 -9.18908499894163e-14 -7.72638862948010e-14
 6.73864398986372e+05 -5.08244877385794e-14 -8.02814295883484e-14
 6.77998536403466e+05 -7.43503271459159e-14 -8.35211201017730e-14
 6.82132673820561e+05 -7.35066860961054e-14 -8.69506357148025e-14
 6.86266811237655e+05 -9.02549806010132e-14 -9.05339237393157e-14
 6.90400948654749e+05 -6.05275654898012e-14 -9.42326101415613e-14
 6.94535086071844e+05 -8.37554401114966e-14 -9.80073931599173e-14
 6.98669223488938e+05 -9.36340782114499e-14 -1.01819351618967e-13
 7.02803360906032e+05 -1.04156025230032e-13 -1.05631107548813e-13
 7.06937498323127e+05 -7.88100342328429e-14 -1.09407795073114e-13
 7.11071635740221e+05 -6.55090785189115e-14 -1.13117802141878e-13
 7.15205773157315e+05 -7.73435605593956e-14 -1.16733267652812e-13
 7.19339910574410e+05 -7.10907313246775e-14 -1.20230332725791e-13
 7.23474047991504e+05 -7.77732661501972e-14 -1.23589160448824e-13
 7.27608185408598e+05 -5.44003822271031e-14 -1.26793752307517e-13
 7.31742322825692e+05 -6.96999389164303e-14 -1.29831600980082e-13
 7.35876460242787e+05 -7.35951442170554e-14 -1.32693227510482e-13
 7.40010597659881e+05 -7.83968258450785e-14 -1.35371655679303e-13
 7.44144735076975e+05 -9.03535924481712e-14 -1.37861877425236e-13
 7.48278872494070e+05 -7.34701271575221e-14 -1.40160360434883e-13
 7.52413009911164e+05 -9.52947996457197e-14 -1.42264642821018e-13
 7.56547147328258e+05 -6.93243143993348e-14 -1.44173050564536e-13
 7.60681284745353e+05 -7.39889409378785e-14 -1.45884561755408e-13
 7.64815422162447e+05 -8.51086116196167e-14 -1.47398828499886e-13
 7.68949559579541e+05 -7.53857788906055e-14 -1.48716353474248e-13
 7.73083696996636e+05 -8.00537067443819e-14 -1.49838804450231e-13
 7.77217834413730e+05 -7.15209738234612e-14 -1.50769437653067e-13
 7.81351971830824e+05 -9.18089417630027e-14 -1.51513590304366e-13
 7.85486109247919e+05 -8.54146465607138e-14 -1.52079194889445e-13
 7.89620246665013e+05 -6.48663556164751e-14 -1.52477263176770e-13
 7.93754384082107e+05 -7.71582403967000e-14 -1.52722286971456e-13
 7.97888521499202e+05 -7.41071912521187e-14 -1.52832505388623e-13
 8.02022658916296e+05 -7.56449252659753e-14 -1.52829994681705e-13
 8.06156796333390e+05 -8.51229585719393e-14 -1.52740546292363e-13
 8.10290933750484e+05 -7.79729986508548e-14 -1.52593311006080e-13
 8.14425071167579e+05 -8.54405800866041e-14 -1.52420201453219e-13
 8.18559208584673e+05 -8.60000364816706e-14 -1.52255060553194e-13
 8.22693346001767e+05 -9.33213043036225e-14 -1.52132619247977e-13
 8.26827483418862e+05 -7.33293202863631e-14 -1.52087281716692e-13
 8.30961620835956e+05 -9.35219656902578e-14 -1.52151789607229e-13
 8.35095758253050e+05 -9.21602986101294e-14 -1.52355827530568e-13
 8.39229895670145e+05 -8.29689126015655e-14 -1.52724639682338e-13
 8.43364033087239e+05 -8.14394378939098e-14 -1.53277731184170e-13
 8.47498170504333e+05 -7.30416763375136e-14 -1.54027727543224e-13
 8.51632307921428e+05 -9.30085061541919e-14 -1.54979461106842e-13
 8.55766445338522e+05 -9.72434479177722e-14 -1.56129344961963e-13
 8.59900582755616e+05 -7.32625640010042e-14 -1.57465082528700e-13
 8.64034720172711e+05 -7.12418416451002e-14 -1.58965745895293e-13
 8.68168857589805e+05 -1.09522432307755e-13 -1.60602238370691e-13
 8.72302995006899e+05 -6.31227829702802e-14 -1.62338137774607e-13
 8.76437132423994e+05 -9.70838364722519e-14 -1.64130897592484e-13
 8.80571269841088e+05 -8.43093348362718e-14 -1.65933364399171e-13
 8.84705407258182e+05 -6.69825972368598e-14 -1.67695552788060e-13
 8.88839544675276e+05 -8.03858564803837e-14 -1.69366604543101e-13
 8.92973682092371e+05 -7.21197472446406e-14 -1.70896847627594e-13
 8.97107819509465e+05 -1.18314666862456e-13 -1.72239863408305e-13
 9.01241956926559e+05 -7.81185307853884e-14 -1.73354467922488e-13
 9.05376094343654e+05 -9.29059702025953e-14 -1.74206514975411e-13
 9.09510231760748e+05 -7.34495097092684e-14 -1.74770435475263e-13
 9.13644369177842e+05 -6.87293967473972e-14 -1.75030438363164e-13
 9.17778506594937e+05 -1.15584591627371e-13 -1.74981313322917e-13
 9.21912644012031e+05 -8.54803172453772e-14 -1.74628793242169e-13
 9.26046781429125e+05 -1.01961815529943e-13 -1.73989454595726e-13
 9.30180918846220e+05 -7.74296635444928e-14 -1.73090155173190e-13
 9.34315056263314e+05 -8.67194913332127e-14 -1.71967030092712e-13
 9.38449193680408e+05 -1.05142124974163e-13 -1.70664087598847e-13
 9.42583331097503e+05 -8.57274401138996e-14 -1.69231464799389e-13
 9.46717468514597e+05 -7.45588146702756e-14 -1.67723419213371e-13
 9.50851605931691e+05 -8.06928976799063e-14 -1.66196144151499e-13
 9.54985743348786e+05 -8.91335398732668e-14 -1.64705503799886e-13
 9.59119880765880e+05 -1.10030447727873e-13 -1.63304787138193e-13
 9.63254018182974e+05 -8.23216828034765e-14 -1.62042578317773e-13
 9.67388155600069e+05 -8.21516753409730e-14 -1.60960834955412e-13
 9.71522293017163e+05 -7.69367088659217e-14 -1.60093255323973e-13
 9.75656430434257e+05 -8.60292124937702e-14 -1.59464001187082e-13
 9.79790567851351e+05 -8.51024114382023e-14 -1.59086825718372e-13
 9.83924705268446e+05 -6.19660132145388e-14 -1.58964636569785e-13
 9.88058842685540e+05 -7.03746004783197e-14 -1.59089503556343e-13
 9.92192980102634e+05 -7.97402558247119e-14 -1.59443099735048e-13
 9.96327117519729e+05 -8.55659099283068e-14 -1.59997544859499e-13
 1.00046125493682e+06 -7.49267674860070e-14 -1.60716602283862e-13
 1.00459539235392e+06 -7.72508766056331e-14 -1.61557165220914e-13
 1.00872952977101e+06 -1.01409310819980e-13 -1.62470956510948e-13
 1.01286366718811e+06 -8.51239096932175e-14 -1.63406358351496e-13
 1.01699780460520e+06 -8.16863264611114e-14 -1.64310284986162e-13
 1.02113194202229e+06 -1.13299723020002e-13 -1.65130012344969e-13
 1.02526607943939e+06 -9.36965258325004e-14 -1.65814883833349e-13
 1.02940021685648e+06 -8.95004126573371e-14 -1.66317820671857e-13
 1.03353435427358e+06 -7.80862434559220e-14 -1.66596577732339e-13
 1.03766849169067e+06 -7.43502043442694e-14 -1.66614701051414e-13
 1.04180262910777e+06 -1.00070300352854e-13 -1.66342160285624e-13
 1.04593676652486e+06 -7.19301944297514e-14 -1.65755647370624e-13
 1.05007090394195e+06 -8.86413005752804e-14 -1.64838550665812e-13
 1.05420504135905e+06 -9.21196376934346e-14 -1.63580630814569e-13
 1.05833917877614e+06 -8.51531583542192e-14 -1.61977439802591e-13
 1.06247331619324e+06 -7.09639639987696e-14 -1.60029537214254e-13
 1.06660745361033e+06 -4.91938350338247e-14 -1.57741567024175e-13
 1.07074159102743e+06 -7.86834394209647e-14 -1.55121263909482e-13
 1.07487572844452e+06 -7.37324050832726e-14 -1.52178459757095e-13
 1.07900986586161e+06 -1.07074589944240e-13 -1.48924158758212e-13
 1.08314400327871e+06 -9.05960993134836e-14 -1.45369743347249e-13
 1.08727814069580e+06 -8.28530598610029e-14 -1.41526363677067e-13
 1.09141227811290e+06 -1.07642923568866e-13 -1.37404550807270e-13
 1.09554641552999e+06 -7.39662364976539e-14 -1.33014078998428e-13
 1.09968055294709e+06 -7.62414061384109e-14 -1.28364086339456e-13
 1.10381469036418e+06 -7.70882954910136e-14 -1.23463446155866e-13
 1.10794882778128e+06 -8.18937266178748e-14 -1.18321365218785e-13
 1.11208296519837e+06 -9.03514210258739e-14 -1.12948169549422e-13
 1.11621710261546e+06 -8.55018884916775e-14 -1.07356225449836e-13
 1.12035124003256e+06 -1.05803332146160e-13 -1.01560932973031e-13
 1.12448537744965e+06 -7.83500063451089e-14 -9.55817219547152e-14
 1.12861951486675e+06 -9.32010197250181e-14 -8.94429773747949e-14
 1.13275365228384e+06 -9.46121074553087e-14 -8.31748214975268e-14
 1.13688778970094e+06 -1.04167581646603e-13 -7.68136848236488e-14
 1.14102192711803e+06 -9.45176309471933e-14 -7.04026063369181e-14
 1.14515606453512e+06 -9.01211251065511e-14 -6.39912154403475e-14
 1.14929020195222e+06 -7.32542284060411e-14 -5.76353627714667e-14
 1.15342433936931e+06 -9.22068156119448e-14 -5.13963840705268e-14
 1.15755847678641e+06 -8.71752530309067e-14 -4.53399997067304e-14
 1.16169261420350e+06 -7.32359017265490e-14 -3.95348714089900e-14
 1.16582675162060e+06 -9.24509020381514e-14 -3.40508562127640e-14
 1.16996088903769e+06 -9.79447321252147e-14 -2.89570149071845e-14
 1.17409502645478e+06 -9.79270254706355e-14 -2.43194472017668e-14
 1.17822916387188e+06 -9.25369168914975e-14 -2.01990379645656e-14
 1.18236330128897e+06 -6.35210580899062e-14 -1.66492073043455e-14
 1.18649743870607e+06 -7.88126173401091e-14 -1.37137616778983e-14
 1.19063157612316e+06 -8.85572679234233e-14 -1.14249432399874e-14
 1.19476571354026e+06 -9.40589325185947e-14 -9.80177021211123e-15
 1.19889985095735e+06 -9.55064922206193e-14 -8.84875224269308e-15
 1.20303398837444e+06 -9.91863257288531e-14 -8.55505190150539e-15
 1.20716812579154e+06 -9.91511829309013e-14 -8.89414708158742e-15
 1.21130226320863e+06 -1.06681906327160e-13 -9.82402980985574e-15
 1.21543640062573e+06 -9.39141436131973e-14 -1.12879556458415e-14
 1.21957053804282e+06 -8.26430932966438e-14 -1.32157353906314e-14
 1.22370467545992e+06 -9.85483322360026e-14 -1.55255381714039e-14
 1.22783881287701e+06 -9.62366804612588e-14 -1.81261531058850e-14
 1.23197295029410e+06 -1.07959035584206e-13 -2.09196367688025e-14
 1.23610708771120e+06 -9.42937893572978e-14 -2.38042562946590e-14
 1.24024122512829e+06 -7.88263089077710e-14 -2.66776241449914e-14
 1.24437536254539e+06 -7.84266504521807e-14 -2.94399108359034e-14
 1.24850949996248e+06 -6.93653751994546e-14 -3.19970168746032e-14
 1.25264363737958e+06 -1.20266140523097e-13 -3.42635849482518e-14
 1.25677777479667e+06 -1.06583621635292e-13 -3.61657382071248e-14
 1.26091191221376e+06 -9.94733110183832e-14 -3.76434400345354e-14
 1.26504604963086e+06 -8.74914012827494e-14 -3.86523847287966e-14
 1.26918018704795e+06 -9.23722431733735e-14 -3.91653464276483e-14
 1.27331432446505e+06 -8.89983016491760e-14 -3.91729345796764e-14
 1.27744846188214e+06 -1.07347199209648e-13 -3.86837275650873e-14
 1.28158259929924e+06 -1.05201504173042e-13 -3.77237805844784e-14
 1.28571673671633e+06 -9.79137389913159e-14 -3.63355286697967e-14
 1.28985087413343e+06 -1.04424491564305e-13 -3.45761295273454e-14
 1.29398501155052e+06 -1.15477563693548e-13 -3.25153129575049e-14
 1.29811914896761e+06 -9.62421818994736e-14 -3.02328226676809e-14
 1.30225328638471e+06 -1.05936903021735e-13 -2.78155518362587e-14
 1.30638742380180e+06 -8.22837923461672e-14 -2.53544848635228e-14
 1.31052156121890e+06 -9.73734148758159e-14 -2.29415640505419e-14
 1.31465569863599e+06 -1.00635186856447e-13 -2.06666011850448e-14
 1.31878983605309e+06 -1.12572026600975e-13 -1.86143500560269e-14
 1.32292397347018e+06 -9.99977270108057e-14 -1.68618471547572e-14
 1.32705811088727e+06 -8.99377100424506e-14 -1.54761144280490e-14
 1.33119224830437e+06 -1.06515577001507e-13 -1.45123007787926e-14
 1.33532638572146e+06 -1.01853370512522e-13 -1.40123187160050e-14
 1.33946052313856e+06 -9.68833259872051e-14 -1.40040101924419e-14
 1.34359466055565e+06 -1.15071026000857e-13 -1.45008521494831e-14
 1.34772879797275e+06 -9.49562865549810e-14 -1.55021888577890e-14
 1.35186293538984e+06 -1.21065970918303e-13 -1.69939557877039e-14
 1.35599707280693e+06 -8.85293642167357e-14 -1.89498395083233e-14
 1.36013121022403e+06 -9.37255547088021e-14 -2.13328009984137e-14
 1.36426534764112e+06 -1.04384060452455e-13 -2.40968764208686e-14
 1.36839948505822e+06 -1.08110230666599e-13 -2.71891606107543e-14
 1.37253362247531e+06 -9.72385553387619e-14 -3.05518744567227e-14
 1.37666775989241e+06 -9.26218946474079e-14 -3.41244183121682e-14
 1.38080189730950e+06 -1.15299505239542e-13 -3.78453193431250e-14
 1.38493603472659e+06 -1.12626755573374e-13 -4.16539909507009e-14
 1.38907017214369e+06 -9.79801443345402e-14 -4.54922366562180e-14
 1.39320430956078e+06 -8.77950747877626e-14 -4.93054481074307e-14
 1.39733844697788e+06 -8.89011978469501e-14 -5.30434664233070e-14
 1.40147258439497e+06 -9.42270544512329e-14 -5.66610967734398e-14
 1.40560672181207e+06 -8.99541750461329e-14 -6.01182868239432e-14
 1.40974085922916e+06 -8.60917405023285e-14 -6.33799993169852e-14
 1.41387499664625e+06 -8.92391499499263e-14 -6.64158265840334e-14
 1.41800913406335e+06 -9.59740810243796e-14 -6.91994091994846e-14
 1.42214327148044e+06 -8.92410840264033e-14 -7.17077315145713e-14
 1.42627740889754e+06 -9.74743131905391e-14 -7.39203728478593e-14
 1.43041154631463e+06 -8.10409407957054e-14 -7.58187943159080e-14
 1.43454568373173e+06 -9.13858957118969e-14 -7.73857375446647e-14
 1.43867982114882e+06 -7.19763144138540e-14 -7.86048030011584e-14
 1.44281395856591e+06 -8.85814637312531e-14 -7.94602628585358e-14
 1.44694809598301e+06 -7.61020852868089e-14 -7.99371467773705e-14
 1.45108223340010e+06 -9.48471651182538e-14 -8.00216197478248e-14
 1.45521637081720e+06 -1.04262977094511e-13 -7.97016501600274e-14
 1.45935050823429e+06 -8.31614403361667e-14 -7.89679447321682e-14
 1.46348464565139e+06 -1.06668637176756e-13 -7.78151060916278e-14
 1.46761878306848e+06 -1.17009769110137e-13 -7.62429499076776e-14
 1.47175292048557e+06 -9.09651703244981e-14 -7.42579025406449e-14
 1.47588705790267e+06 -1.12740354868534e-13 -7.18743883400420e-14
 1.48002119531976e+06 -9.14956383103140e-14 -6.91161087285092e-14
 1.48415533273686e+06 -7.25555679946021e-14 -6.60171136125241e-14
 1.48828947015395e+06 -9.25576117371025e-14 -6.26225697538737e-14
 1.49242360757105e+06 -7.80432184863341e-14 -5.89891405122448e-14
 1.49655774498814e+06 -1.03618360665025e-13 -5.51849065216244e-14
 1.50069188240524e+06 -8.22202132725457e-14 -5.12887766843893e-14
 1.50482601982233e+06 -9.47291818190622e-14 -4.73893625836626e-14
 1.50896015723942e+06 -7.64717805475423e-14 -4.35833158031168e-14
 1.51309429465652e+06 -7.40642149617863e-14 -3.99731554615348e-14
 1.51722843207361e+06 -8.34759044714998e-14 -3.66646410502952e-14
 1.52136256949071e+06 -7.32004964260402e-14 -3.37637719918654e-14
 1.52549670690780e+06 -6.22321597117663e-14 -3.13735187857600e-14
 1.52963084432490e+06 -7.16616547065584e-14 -2.95904098012254e-14
 1.53376498174199e+06 -1.03241905415888e-13 -2.85011116907011e-14
 1.53789911915908e+06 -9.23166590730165e-14 -2.81791490176402e-14
 1.54203325657618e+06 -9.13584744679516e-14 -2.86819095277707e-14
 1.54616739399327e+06 -9.10025317631040e-14 -3.00480752279178e-14
 1.55030153141037e+06 -9.61096814713930e-14 -3.22956061666099e-14
 1.55443566882746e+06 -9.33540924727765e-14 -3.54203840420079e-14
 1.55856980624456e+06 -7.84223671071756e-14 -3.93955972032162e-14
 1.56270394366165e+06 -8.79860158460255e-14 -4.41719184503714e-14
 1.56683808107874e+06 -8.73598918776721e-14 -4.96784936079523e-14
 1.57097221849584e+06 -9.64153203139412e-14 -5.58247236541195e-14
 1.57510635591293e+06 -8.62997056365960e-14 -6.25027880396737e-14
 1.57924049333003e+06 -1.08506266500373e-13 -6.95908232380434e-14
 1.58337463074712e+06 -9.23926013682131e-14 -7.69566403956014e-14
 1.58750876816422e+06 -7.95336359880907e-14 -8.44618405820798e-14
 1.59164290558131e+06 -1.18804517352784e-13 -9.19661668964141e-14
 1.59577704299840e+06 -8.55751058891019e-14 -9.93319206460443e-14
 1.59991118041550e+06 -1.00840023416830e-13 -1.06428264570953e-13
 1.60404531783259e+06 -7.67072026054986e-14 -1.13135239982181e-13
 1.60817945524969e+06 -7.85374916739815e-14 -1.19347336601972e-13
 1.61231359266678e+06 -1.03861227562523e-13 -1.24976473317499e-13
 1.61644773008388e+06 -8.46064402917003e-14 -1.29954274088342e-13
 1.62058186750097e+06 -1.14451347573372e-13 -1.34233554737227e-13
 1.62471600491806e+06 -7.69234360890566e-14 -1.37788971647118e-13
 1.62885014233516e+06 -7.51451255012529e-14 -1.40616821009583e-13
 1.63298427975225e+06 -1.10674100354568e-13 -1.42734015127537e-13
 1.63711841716935e+06 -8.86994334207828e-14 -1.44176298812116e-13
 1.64125255458644e+06 -1.01972185322186e-13 -1.44995802073574e-13
 1.64538669200354e+06 -5.37209753596591e-14 -1.45258053699626e-13
 1.64952082942063e+06 -1.12475594253510e-13 -1.45038602395632e-13
 1.65365496683772e+06 -8.58448881595934e-14 -1.44419407033652e-13
 1.65778910425482e+06 -1.06382050911310e-13 -1.43485164331635e-13
 1.66192324167191e+06 -8.18532603309087e-14 -1.42319740877994e-13
 1.66605737908901e+06 -1.04304447919743e-13 -1.41002866842275e-13
 1.67019151650610e+06 -9.16999599774385e-14 -1.39607231574268e-13
 1.67432565392320e+06 -9.08605308160630e-14 -1.38196097491702e-13
 1.67845979134029e+06 -8.90797774390269e-14 -1.36821519557452e-13
 1.68259392875739e+06 -7.26366425508407e-14 -1.35523224694471e-13
 1.68672806617448e+06 -7.71064084039800e-14 -1.34328170476801e-13
 1.69086220359157e+06 -9.75536200228520e-14 -1.33250767206200e-13
 1.69499634100867e+06 -1.02134410306205e-13 -1.32293713898239e-13
 1.69913047842576e+06 -9.87309805924374e-14 -1.31449368339619e-13
 1.70326461584286e+06 -1.01232897740101e-13 -1.30701546127113e-13
 1.70739875325995e+06 -9.94392258743848e-14 -1.30027624289157e-13
 1.71153289067705e+06 -9.90347529146482e-14 -1.29400813120186e-13
 1.71566702809414e+06 -9.26497315163304e-14 -1.28792455434677e-13
 1.71980116551123e+06 -9.02983240457917e-14 -1.28174215895857e-13
 1.72393530292833e+06 -1.12416779452063e-13 -1.27520034077394e-13
 1.72806944034542e+06 -9.09802774309339e-14 -1.26807732720000e-13
 1.73220357776252e+06 -1.00862744359522e-13 -1.26020196287437e-13
 1.73633771517961e+06 -9.86701030805314e-14 -1.25146062973957e-13
 1.74047185259671e+06 -1.01579254039715e-13 -1.24179904161456e-13
 1.74460599001380e+06 -9.50155466944117e-14 -1.23121897287899e-13
 1.74874012743089e+06 -9.83123075307506e-14 -1.21977029282884e-13
 1.75287426484799e+06 -8.46992754478478e-14 -1.20753896474710e-13
 1.75700840226508e+06 -8.36498972713336e-14 -1.19463191494159e-13
 1.76114253968218e+06 -7.44995567615786e-14 -1.18115986921546e-13
 1.76527667709927e+06 -9.59247603636300e-14 -1.16721938010925e-13
 1.76941081451637e+06 -6.83945155328458e-14 -1.15287532295230e-13
 1.77354495193346e+06 -8.92825330468869e-14 -1.13814511716705e-13
 1.77767908935055e+06 -7.97312191070912e-14 -1.12298583374015e-13
 1.78181322676765e+06 -9.38098554146140e-14 -1.10728518590986e-13
 1.78594736418474e+06 -9.35370273617197e-14 -1.09085717600182e-13
 1.79008150160184e+06 -9.07790612415223e-14 -1.07344290048593e-13
 1.79421563901893e+06 -1.09940479809024e-13 -1.05471671251499e-13
 1.79834977643603e+06 -8.10603658128816e-14 -1.03429762359404e-13
 1.80248391385312e+06 -9.34921937119630e-14 -1.01176551086450e-13
 1.80661805127021e+06 -7.14586885013612e-14 -9.86681402682457e-14
 1.81075218868731e+06 -1.09890340088824e-13 -9.58610857706910e-14
 1.81488632610440e+06 -1.08597203923337e-13 -9.27149248302510e-14
 1.81902046352150e+06 -8.48752766968249e-14 -8.91947616976783e-14
 1.82315460093859e+06 -8.93566838149622e-14 -8.52737705618638e-14
 1.82728873835569e+06 -8.32007897782434e-14 -8.09354763714169e-14
 1.83142287577278e+06 -1.00939799726007e-13 -7.61756825265363e-14
 1.83555701318987e+06 -8.63201728514271e-14 -7.10039299857696e-14
 1.83969115060697e+06 -9.58903218297310e-14 -6.54443943306582e-14
 1.84382528802406e+06 -7.45187086939038e-14 -5.95361546274132e-14
 1.84795942544116e+06 -9.47703298667888e-14 -5.33327990746462e-14
 1.85209356285825e+06 -1.03344337939630e-13 -4.69013657177020e-14
 1.85622770027535e+06 -7.49058565368215e-14 -4.03206502434963e-14
 1.86036183769244e+06 -9.29452535198342e-14 -3.36789451415640e-14
 1.86449597510954e+06 -8.31546617226506e-14 -2.70713037155149e-14
 1.86863011252663e+06 -8.97900075741486e-14 -2.05964469067723e-14
 1.87276424994372e+06 -1.04277635693926e-13 -1.43534493744787e-14
 1.87689838736082e+06 -9.94222278259431e-14 -8.43835286162625e-15
 1.88103252477791e+06 -8.13323459449858e-14 -2.94085874472644e-15
 1.88516666219501e+06 -6.28049788781752e-14  2.05875199355395e-15
 1.88930079961210e+06 -1.02730022697300e-13  6.49233449141624e-15
 1.89343493702920e+06 -1.05354545968322e-13  1.03061127203850e-14
 1.89756907444629e+06 -9.70239638017470e-14  1.34623344970945e-14
 1.90170321186338e+06 -1.10114588592869e-13  1.59402827328274e-14
 1.90583734928048e+06 -8.02872331922796e-14  1.77366084765111e-14
 1.90997148669757e+06 -1.13713554879866e-13  1.88649842452120e-14
 1.91410562411467e+06 -9.86967405657981e-14  1.93551086434239e-14
 1.91823976153176e+06 -8.88832153347353e-14  1.92511235948714e-14
 1.92237389894886e+06 -8.53564607335468e-14  1.86095321312540e-14
 1.92650803636595e+06 -1.01071777199984e-13  1.74967262374493e-14
 1.93064217378304e+06 -9.21493781239434e-14  1.59862495826735e-14
 1.93477631120014e+06 -8.94828685486904e-14  1.41559285815399e-14
 1.93891044861723e+06 -9.52886404171239e-14  1.20850065343727e-14
 1.94304458603433e+06 -6.77701611346970e-14  9.85140991438182e-15
 1.94717872345142e+06 -9.40838777766117e-14  7.52926352993999e-15
 1.95131286086852e+06 -8.07700997956101e-14  5.18675318973421e-15
 1.95544699828561e+06 -1.05763908236744e-13  2.88441172562315e-15
 1.95958113570270e+06 -6.50423790200805e-14  6.73878258067989e-16
 1.96371527311980e+06 -8.18432256175601e-14 -1.40284711935417e-15
 1.96784941053689e+06 -9.39985237150276e-14 -3.31365891699157e-15
 1.97198354795399e+06 -8.98118923089388e-14 -5.03614397599452e-15
 1.97611768537108e+06 -8.77043202968634e-14 -6.55697665893649e-15
 1.98025182278818e+06 -7.84842462982496e-14 -7.87098589296459e-15
 1.98438596020527e+06 -7.57095972881033e-14 -8.97998230024934e-15
 1.98852009762236e+06 -9.36496269501343e-14 -9.89144158892094e-15
 1.99265423503946e+06 -1.03977157202952e-13 -1.06171421175377e-14
 1.99678837245655e+06 -9.49318988818349e-14 -1.11718500594442e-14
 2.00092250987365e+06 -7.23471588776134e-14 -1.15721354113847e-14
 2.00505664729074e+06 -1.06325956074358e-13 -1.18353869437175e-14
 2.00919078470784e+06 -7.85453404535733e-14 -1.19790751822675e-14
 2.01332492212493e+06 -1.00913876174883e-13 -1.20202908284477e-14
 2.01745905954202e+06 -7.02420394559926e-14 -1.19755632363575e-14
 2.02159319695912e+06 -9.57478833996524e-14 -1.18609411269100e-14
 2.02572733437621e+06 -9.44981930213188e-14 -1.16922969532276e-14
 2.02986147179331e+06 -9.37394322836185e-14 -1.14857988489504e-14
 2.03399560921040e+06 -7.91341395792746e-14 -1.12584807270790e-14
 2.03812974662750e+06 -8.91493419664995e-14 -1.10288329722554e-14
 2.04226388404459e+06 -8.95809759990816e-14 -1.08173335925448e-14
 2.04639802146168e+06 -1.02527411560358e-13 -1.06468430878625e-14
 2.05053215887878e+06 -1.06600260138910e-13 -1.05427952237433e-14
 2.05466629629587e+06 -9.61196198426758e-14 -1.05331300150921e-14
 2.05880043371297e+06 -7.35335366737608e-14 -1.06479334994704e-14
 2.06293457113006e+06 -1.03533658653631e-13 -1.09187703086237e-14
 2.06706870854716e+06 -7.13865517940372e-14 -1.13777180880559e-14
 2.07120284596425e+06 -9.95878288821176e-14 -1.20561361988343e-14
 2.07533698338135e+06 -6.31203064576978e-14 -1.29832231316961e-14
 2.07947112079844e+06 -9.87138725068056e-14 -1.41844363779287e-14
 2.08360525821553e+06 -7.97314134341621e-14 -1.56798637247912e-14
 2.08773939563263e+06 -9.81172609272800e-14 -1.74826449884413e-14
 2.09187353304972e+06 -8.73192526074752e-14 -1.95975473699040e-14
 2.09600767046682e+06 -8.81853018035138e-14 -2.20197953464939e-14
 2.10014180788391e+06 -9.84625371711081e-14 -2.47342473457300e-14
 2.10427594530101e+06 -9.13164092452875e-14 -2.77149966586184e-14
 2.10841008271810e+06 -8.04476682711747e-14 -3.09254538920425e-14
 2.11254422013519e+06 -8.85738865544612e-14 -3.43189437443961e-14
 2.11667835755229e+06 -7.21322595633345e-14 -3.78398213518908e-14
 2.12081249496938e+06 -9.44737425805179e-14 -4.14250845142830e-14
 2.12494663238648e+06 -9.40611815204159e-14 -4.50064292783441e-14
 2.12908076980357e+06 -1.00185936245942e-13 -4.85126694915219e-14
 2.13321490722067e+06 -8.47380804207547e-14 -5.18724175366201e-14
 2.13734904463776e+06 -9.63968889610887e-14 -5.50169050119838e-14
 2.14148318205485e+06 -8.09850902353978e-14 -5.78828098336522e-14
 2.14561731947195e+06 -8.13629941341225e-14 -6.04149509016247e-14
 2.14975145688904e+06 -9.24678923456656e-14 -6.25687136971317e-14
 2.15388559430614e+06 -9.56698707020815e-14 -6.43120798394300e-14
 2.15801973172323e+06 -6.72042991565838e-14 -6.56271505252283e-14
 2.16215386914033e+06 -6.73474668524712e-14 -6.65110770257290e-14
 2.16628800655742e+06 -8.22403179760559e-14 -6.69763398953400e-14
 2.17042214397451e+06 -1.18186417106039e-13 -6.70503507348070e-14
 2.17455628139161e+06 -9.07614215615887e-14 -6.67743846293693e-14
 2.17869041880870e+06 -8.87075583007969e-14 -6.62018858066336e-14
 2.18282455622580e+06 -7.78748316222147e-14 -6.53962217924396e-14
 2.18695869364289e+06 -9.24402315368270e-14 -6.44279905219392e-14
 2.19109283105999e+06 -6.87579141959871e-14 -6.33720089094833e-14
 2.19522696847708e+06 -6.97166267890358e-14 -6.23041288258402e-14
 2.19936110589417e+06 -7.03333454955999e-14 -6.12980362826506e-14
 2.20349524331127e+06 -8.45096355973369e-14 -6.04221912944138e-14
 2.20762938072836e+06 -8.63426614559591e-14 -5.97370591014489e-14
 2.21176351814546e+06 -8.06221381664217e-14 -5.92927685806707e-14
 2.21589765556255e+06 -7.42707720906534e-14 -5.91273114633641e-14
 2.22003179297965e+06 -9.76227375218671e-14 -5.92653675316513e-14
 2.22416593039674e+06 -5.92850124731806e-14 -5.97178078717691e-14
 2.22830006781383e+06 -8.28787378876180e-14 -6.04818922058166e-14
 2.23243420523093e+06 -8.33846041041315e-14 -6.15421394189600e-14
 2.23656834264802e+06 -9.60253802519361e-14 -6.28718144997181e-14
 2.24070248006512e+06 -6.95729519519957e-14 -6.44349423409450e-14
 2.24483661748221e+06 -7.31445017576006e-14 -6.61887309574400e-14
 2.24897075489931e+06 -9.38543801970675e-14 -6.80862652787261e-14
 2.25310489231640e+06 -1.03238328278946e-13 -7.00793189035607e-14
 2.25723902973349e+06 -7.22170115282678e-14 -7.21211259838058e-14
 2.26137316715059e+06 -8.26802189142986e-14 -7.41689588722385e-14
 2.26550730456768e+06 -5.82138085593206e-14 -7.61863693769749e-14
 2.26964144198478e+06 -7.46011523150027e-14 -7.81449715391254e-14
 2.27377557940187e+06 -7.07372739243741e-14 -8.00256708501209e-14
 2.27790971681897e+06 -5.92975608664403e-14 -8.18192771741705e-14
 2.28204385423606e+06 -6.41644443310350e-14 -8.35264745332886e-14
 2.28617799165316e+06 -7.97263423143824e-14 -8.51571583722498e-14
 2.29031212907025e+06 -9.03534124939564e-14 -8.67291877757051e-14
 2.29444626648734e+06 -7.86253939373246e-14 -8.82666343208729e-14
 2.29858040390444e+06 -8.43724634937989e-14 -8.97976387802450e-14
 2.30271454132153e+06 -9.82645080900319e-14 -9.13520101433602e-14
 2.30684867873863e+06 -6.74043483918036e-14 -9.29587169240290e-14
 2.31098281615572e+06 -7.76770046344326e-14 -9.46434275844278e-14
 2.31511695357282e+06 -5.89263768909310e-14 -9.64262547630629e-14
 2.31925109098991e+06 -6.01745439791183e-14 -9.83198467049132e-14
 2.32338522840700e+06 -7.75666978010735e-14 -1.00327949668682e-13
 2.32751936582410e+06 -7.90962154937584e-14 -1.02444538013755e-13
 2.33165350324119e+06 -8.54234032813281e-14 -1.04653575718817e-13
 2.33578764065829e+06 -8.05330367922122e-14 -1.06929436039351e-13
 2.33992177807538e+06 -7.27576127497025e-14 -1.09237967040266e-13
 2.34405591549248e+06 -1.04421837204233e-13 -1.11538151919853e-13
 2.34819005290957e+06 -8.30777739987965e-14 -1.13784276740710e-13
 2.35232419032666e+06 -1.01678146539486e-13 -1.15928486396707e-13
 2.35645832774376e+06 -5.16675520679549e-14 -1.17923584265133e-13
 2.36059246516085e+06 -8.36123606461460e-14 -1.19725913635729e-13
 2.36472660257795e+06 -7.57769280308230e-14 -1.21298150556229e-13
 2.36886073999504e+06 -8.10300913594051e-14 -1.22611839085097e-13
 2.37299487741214e+06 -8.13213936662352e-14 -1.23649510790518e-13
 2.37712901482923e+06 -8.80273364090716e-14 -1.24406250589576e-13
 2.38126315224632e+06 -8.36619968486661e-14 -1.24890599294722e-13
 2.38539728966342e+06 -8.97959696551830e-14 -1.25124718350035e-13
 2.38953142708051e+06 -7.82713204649996e-14 -1.25143782205176e-13
 2.39366556449761e+06 -6.38342773322955e-14 -1.24994606314078e-13
 2.39779970191470e+06 -5.66399568160631e-14 -1.24733561822564e-13
 2.40193383933180e+06 -7.68034418907515e-14 -1.24423868907558e-13
 2.40606797674889e+06 -8.93283985360017e-14 -1.24132397360043e-13
 2.41020211416598e+06 -8.24863542084273e-14 -1.23926133273723e-13
 2.41433625158308e+06 -8.10024676416929e-14 -1.23868492691255e-13
 2.41847038900017e+06 -8.31659483137176e-14 -1.24015675689537e-13
 2.42260452641727e+06 -1.04467501041720e-13 -1.24413256598276e-13
 2.42673866383436e+06 -8.98121004355215e-14 -1.25093197774202e-13
 2.43087280125146e+06 -7.05228610590352e-14 -1.26071455798406e-13
 2.43500693866855e+06 -9.25204300163836e-14 -1.27346320996467e-13
 2.43914107608564e+06 -6.07915157278637e-14 -1.28897595327857e-13
 2.44327521350274e+06 -9.46687541730007e-14 -1.30686671600332e-13
 2.44740935091983e+06 -6.68969425320601e-14 -1.32657531027864e-13
 2.45154348833693e+06 -1.02782555051846e-13 -1.34738628661613e-13
 2.45567762575402e+06 -7.19673970444086e-14 -1.36845589728007e-13
 2.45981176317112e+06 -8.91691968160282e-14 -1.38884597012659e-13
 2.46394590058821e+06 -7.94957872271284e-14 -1.40756312289860e-13
 2.46808003800530e+06 -7.89666580990992e-14 -1.42360145577310e-13
 2.47221417542240e+06 -8.29107690056592e-14 -1.43598666226405e-13
 2.47634831283949e+06 -7.66782318083533e-14 -1.44381940757046e-13
 2.48048245025659e+06 -6.82444873023034e-14 -1.44631584271742e-13
 2.48461658767368e+06 -7.28258471729255e-14 -1.44284325496495e-13
 2.48875072509078e+06 -8.26844853671378e-14 -1.43294909008412e-13
 2.49288486250787e+06 -7.48723027908812e-14 -1.41638191162332e-13
 2.49701899992497e+06 -8.64299163948653e-14 -1.39310326587758e-13
 2.50115313734206e+06 -7.91679106264838e-14 -1.36328988088500e-13
 2.50528727475915e+06 -9.42242544831793e-14 -1.32732611666622e-13
 2.50942141217625e+06 -8.37751774227767e-14 -1.28578707837782e-13
 2.51355554959334e+06 -7.68952421781978e-14 -1.23941327572617e-13
 2.51768968701044e+06 -7.08118156981284e-14 -1.18907813849205e-13
 2.52182382442753e+06 -5.49247803195646e-14 -1.13575005406009e-13
 2.52595796184463e+06 -8.83259019409456e-14 -1.08045086187129e-13
 2.53009209926172e+06 -5.42726405270710e-14 -1.02421290575255e-13
 2.53422623667881e+06 -9.12025270595680e-14 -9.68036800658843e-14
 2.53836037409591e+06 -6.68684407078997e-14 -9.12852011889781e-14
 2.54249451151300e+06 -9.60601012728071e-14 -8.59482176494732e-14
 2.54662864893010e+06 -8.27863629115013e-14 -8.08616826550204e-14
 2.55076278634719e+06 -7.99289145920845e-14 -7.60790818084096e-14
 2.55489692376429e+06 -8.95467458905079e-14 -7.16372346240473e-14
 2.55903106118138e+06 -7.62116223993633e-14 -6.75559960212284e-14
 2.56316519859847e+06 -6.89581235287152e-14 -6.38388505081932e-14
 2.56729933601557e+06 -7.26492339244326e-14 -6.04743439595667e-14
 2.57143347343266e+06 -7.95599233117528e-14 -5.74382532961837e-14
 2.57556761084976e+06 -9.38852722671595e-14 -5.46963556084897e-14
 2.57970174826685e+06 -7.53370132892606e-14 -5.22076272174642e-14
 2.58383588568395e+06 -6.20509196879247e-14 -4.99276816262850e-14
 2.58797002310104e+06 -7.93077888740251e-14 -4.78122443792847e-14
 2.59210416051813e+06 -8.20653541654960e-14 -4.58204630275950e-14
 2.59623829793523e+06 -6.73157463702011e-14 -4.39178617762055e-14
 2.60037243535232e+06 -6.63358342955312e-14 -4.20787721397442e-14
 2.60450657276942e+06 -7.58846498302397e-14 -4.02881020628066e-14
 2.60864071018651e+06 -9.00769487453004e-14 -3.85423444688995e-14
 2.61277484760361e+06 -7.19750868343743e-14 -3.68497702739225e-14
 2.61690898502070e+06 -7.47617370279079e-14 -3.52297977879776e-14
 2.62104312243779e+06 -7.68453257659937e-14 -3.37115778749363e-14
 2.62517725985489e+06 -1.00620897010213e-13 -3.23318793422130e-14
 2.62931139727198e+06 -6.54525936444683e-14 -3.11323995129813e-14
 2.63344553468908e+06 -9.06399267948218e-14 -3.01566585146933e-14
 2.63757967210617e+06 -6.30375986755467e-14 -2.94466605512586e-14
 2.64171380952327e+06 -8.51383005608126e-14 -2.90395200872718e-14
 2.64584794694036e+06 -6.16888612064128e-14 -2.89642545974856e-14
 2.64998208435745e+06 -7.92018059815598e-14 -2.92389379133187e-14
 2.65411622177455e+06 -7.18503828205041e-14 -2.98683900138040e-14
 2.65825035919164e+06 -7.65360009984084e-14 -3.08425508319258e-14
 2.66238449660874e+06 -8.49715095465434e-14 -3.21356492369878e-14
 2.66651863402583e+06 -7.44284917533285e-14 -3.37062354570417e-14
 2.67065277144293e+06 -8.10035093855050e-14 -3.54980982632897e-14
 2.67478690886002e+06 -6.25605910316314e-14 -3.74420397934245e-14
 2.67892104627712e+06 -8.50504550551087e-14 -3.94584334554842e-14
 2.68305518369421e+06 -6.93261975275341e-14 -4.14604466595980e-14
 2.68718932111130e+06 -9.99536698585149e-14 -4.33577722987316e-14
 2.69132345852840e+06 -7.20200500575533e-14 -4.50606833138125e-14
 2.69545759594549e+06 -7.48330919832872e-14 -4.64842046334390e-14
 2.69959173336259e+06 -8.10926613416370e-14 -4.75521875865596e-14
 2.70372587077968e+06 -7.03093077244110e-14 -4.82010741017420e-14
 2.70786000819678e+06 -8.22561186151978e-14 -4.83831512942071e-14
 2.71199414561387e+06 -5.58579981649318e-14 -4.80691211387988e-14
 2.71612828303096e+06 -5.10589948174312e-14 -4.72498432185752e-14
 2.72026242044806e+06 -8.09680186539182e-14 -4.59371495556278e-14
 2.72439655786515e+06 -6.92467872740481e-14 -4.41636769805890e-14
 2.72853069528225e+06 -7.88970080254572e-14 -4.19817120850573e-14
 2.73266483269934e+06 -5.87639695531261e-14 -3.94610938395550e-14
 2.73679897011644e+06 -7.71581005756083e-14 -3.66862668661514e-14
 2.74093310753353e+06 -7.44627041082145e-14 -3.37526217139765e-14
 2.74506724495062e+06 -7.71035963494577e-14 -3.07622949133229e-14
 2.74920138236772e+06 -6.80153816165900e-14 -2.78196292899780e-14
 2.75333551978481e+06 -7.61274828732591e-14 -2.50265125757906e-14
 2.75746965720191e+06 -6.06710064053099e-14 -2.24778188005736e-14
 2.76160379461900e+06 -7.00253378795819e-14 -2.02571720642638e-14
 2.76573793203610e+06 -7.05047228619816e-14 -1.84332362699927e-14
 2.76987206945319e+06 -6.18257443840551e-14 -1.70567081837202e-14
 2.77400620687028e+06 -5.02841502690089e-14 -1.61581560966986e-14
 2.77814034428738e+06 -6.59306615131552e-14 -1.57468042578299e-14
 2.78227448170447e+06 -6.34681558947515e-14 -1.58103163176715e-14
 2.78640861912157e+06 -8.10803278033175e-14 -1.63155817508321e-14
 2.79054275653866e+06 -5.56680917435709e-14 -1.72104599684063e-14
 2.79467689395576e+06 -7.87959976438433e-14 -1.84263903376774e-14
 2.79881103137285e+06 -5.10535376304850e-14 -1.98817347822465e-14
 2.80294516878994e+06 -7.56708067826937e-14 -2.14856851469593e-14
 2.80707930620704e+06 -7.33494341146946e-14 -2.31425418222118e-14
 2.81121344362413e+06 -8.74513605156563e-14 -2.47561543823356e-14
 2.81534758104123e+06 -8.53280186660788e-14 -2.62343099459622e-14
 2.81948171845832e+06 -6.44534271513187e-14 -2.74928607593891e-14
 2.82361585587542e+06 -7.48244559462288e-14 -2.84593986160251e-14
 2.82774999329251e+06 -6.27069739295647e-14 -2.90763093276800e-14
 2.83188413070960e+06 -7.71812831130130e-14 -2.93030740346189e-14
 2.83601826812670e+06 -5.89048392208372e-14 -2.91177238800380e-14
 2.84015240554379e+06 -6.47646511494402e-14 -2.85173983307217e-14
 2.84428654296089e+06 -8.26822979527474e-14 -2.75180029586441e-14
 2.84842068037798e+06 -5.43550308867083e-14 -2.61530073146210e-14
 2.85255481779508e+06 -8.86451072909292e-14 -2.44714655297210e-14
 2.85668895521217e+06 -5.10562456453043e-14 -2.25353790947959e-14
 2.86082309262927e+06 -6.58899034136094e-14 -2.04165513319595e-14
 2.86495723004636e+06 -6.15375527905349e-14 -1.81931047984540e-14
 2.86909136746345e+06 -7.40949065787618e-14 -1.59458453098375e-14
 2.87322550488055e+06 -7.27113980122544e-14 -1.37546589767071e-14
 2.87735964229764e+06 -5.54077012612047e-14 -1.16951216735435e-14
 2.88149377971474e+06 -7.70634050225796e-14 -9.83548418887520e-15
 2.88562791713183e+06 -5.99426358418833e-14 -8.23417203923894e-15
 2.88976205454893e+06 -6.49284018313971e-14 -6.93790793100143e-15
 2.89389619196602e+06 -6.77619991298335e-14 -5.98052897333032e-15
 2.89803032938311e+06 -5.75423691043796e-14 -5.38253180297527e-15
 2.90216446680021e+06 -7.67387363194559e-14 -5.15133916754151e-15
 2.90629860421730e+06 -4.63139753404887e-14 -5.28224301233925e-15
 2.91043274163440e+06 -8.24996720108936e-14 -5.75994404255760e-15
 2.91456687905149e+06 -6.13804197706728e-14 -6.56057768260320e-15
 2.91870101646859e+06 -6.85137925697828e-14 -7.65409295604672e-15
 2.92283515388568e+06 -7.01591752899306e-14 -9.00683510585600e-15
 2.92696929130277e+06 -5.64187320824618e-14 -1.05841755202457e-14
 2.93110342871987e+06 -7.67618512586760e-14 -1.23530339000857e-14
 2.93523756613696e+06 -7.77515086841951e-14 -1.42841474219272e-14
 2.93937170355406e+06 -7.79973130757837e-14 -1.63539591787125e-14
 2.94350584097115e+06 -7.38216498462361e-14 -1.85460223925924e-14
 2.94763997838825e+06 -6.36175336342513e-14 -2.08518463245984e-14
 2.95177411580534e+06 -5.74430166797124e-14 -2.32711427752818e-14
 2.95590825322243e+06 -7.06721751440580e-14 -2.58114668114216e-14
 2.96004239063953e+06 -7.23195609028902e-14 -2.84872798519897e-14
 2.96417652805662e+06 -7.48385444868213e-14 -3.13184957366491e-14
 2.96831066547372e+06 -7.23281628510627e-14 -3.43285990707749e-14
 2.97244480289081e+06 -5.60477054692810e-14 -3.75424486285359e-14
 2.97657894030791e+06 -7.45311954419975e-14 -4.09838955351286e-14
 2.98071307772500e+06 -5.17986089352614e-14 -4.46733557000981e-14
 2.98484721514209e+06 -7.56146613029065e-14 -4.86254779459580e-14
 2.98898135255919e+06 -5.14374311473856e-14 -5.28470436286001e-14
 2.99311548997628e+06 -7.69077054972541e-14 -5.73352205048868e-14
 2.99724962739338e+06 -7.96964246348985e-14 -6.20762741919601e-14
 3.00138376481047e+06 -7.15133962016950e-14 -6.70448156078873e-14
 3.00551790222757e+06 -7.40758911557667e-14 -7.22036340196785e-14
 3.00965203964466e+06 -6.94669709761454e-14 -7.75041340218710e-14
 3.01378617706175e+06 -7.22321087649158e-14 -8.28873628646736e-14
 3.01792031447885e+06 -7.31723144388169e-14 -8.82855835826352e-14
 3.02205445189594e+06 -7.08443846884304e-14 -9.36243210572078e-14
 3.02618858931304e+06 -7.61953173549894e-14 -9.88247839081602e-14
 3.03032272673013e+06 -5.03787460721230e-14 -1.03806546137861e-13
 3.03445686414723e+06 -5.63475721909973e-14 -1.08490359761667e-13
 3.03859100156432e+06 -2.53529971508632e-14 -1.12800963716412e-13
 3.04272513898141e+06 -6.93945706789068e-14 -1.16669755418929e-13
 3.04685927639851e+06 -6.41329550310208e-14 -1.20037199309898e-13
 3.05099341381560e+06 -5.75634833901630e-14 -1.22854860953968e-13
 3.05512755123270e+06 -7.08215771096646e-14 -1.25086975047998e-13
 3.05926168864979e+06 -4.65512095516929e-14 -1.26711479799055e-13
 3.06339582606689e+06 -6.83663958227500e-14 -1.27720477321640e-13
 3.06752996348398e+06 -6.64919327825834e-14 -1.28120108447640e-13
 3.07166410090108e+06 -5.17772265589996e-14 -1.27929859209203e-13
 3.07579823831817e+06 -7.26433624155018e-14 -1.27181343640689e-13
 3.07993237573526e+06 -4.23496090184233e-14 -1.25916632189609e-13
 3.08406651315236e+06 -1.01255535732357e-13 -1.24186215597182e-13
 3.08820065056945e+06 -5.48988837235567e-14 -1.22046709748223e-13
 3.09233478798655e+06 -8.79859853109093e-14 -1.19558416846364e-13
 3.09646892540364e+06 -5.35152621274556e-14 -1.16782862195696e-13
 3.10060306282074e+06 -7.76171689565825e-14 -1.13780423448219e-13
 3.10473720023783e+06 -5.33680163261070e-14 -1.10608161154222e-13
 3.10887133765492e+06 -5.91327191001917e-14 -1.07317945822201e-13
 3.11300547507202e+06 -5.58717355288061e-14 -1.03954958867276e-13
 3.11713961248911e+06 -6.22726596015044e-14 -1.00556623320081e-13
 3.12127374990621e+06 -6.47422722343181e-14 -9.71519966082485e-14
 3.12540788732330e+06 -8.07814599780807e-14 -9.37616330811119e-14
 3.12954202474040e+06 -6.30718212105813e-14 -9.03978997195493e-14
 3.13367616215749e+06 -6.33415206957684e-14 -8.70657058229470e-14
 3.13781029957458e+06 -6.52218611373698e-14 -8.37635875484708e-14
 3.14194443699168e+06 -6.70770900997894e-14 -8.04850720076542e-14
 3.14607857440877e+06 -6.24037976244773e-14 -7.72202337992789e-14
 3.15021271182587e+06 -7.50616438559829e-14 -7.39573501335965e-14
 3.15434684924296e+06 -3.83316874218840e-14 -7.06845589273569e-14
 3.15848098666006e+06 -7.13578410155631e-14 -6.73914277475780e-14
 3.16261512407715e+06 -2.79786605697634e-14 -6.40703496543631e-14
 3.16674926149424e+06 -7.69344743757055e-14 -6.07176943368719e-14
 3.17088339891134e+06 -5.76986162775431e-14 -5.73346587856832e-14
 3.17501753632843e+06 -6.97259965481749e-14 -5.39277799701092e-14
 3.17915167374553e+06 -6.59011325256987e-14 -5.05090916999911e-14
 3.18328581116262e+06 -5.33891955242977e-14 -4.70959279135391e-14
 3.18741994857972e+06 -7.78291541944903e-14 -4.37103938823837e-14
 3.19155408599681e+06 -4.70715230050393e-14 -4.03785444203635e-14
 3.19568822341390e+06 -5.91016955166889e-14 -3.71293230605498e-14
 3.19982236083100e+06 -6.64936175449527e-14 -3.39933277098209e-14
 3.20395649824809e+06 -6.39028652080061e-14 -3.10014759579427e-14
 3.20809063566519e+06 -7.72123180465909e-14 -2.81836466430518e-14
 3.21222477308228e+06 -6.74511815289528e-14 -2.55673735266623e-14
 3.21635891049938e+06 -8.30244542793508e-14 -2.31766619958109e-14
 3.22049304791647e+06 -5.93500662435516e-14 -2.10309910954903e-14
 3.22462718533356e+06 -4.87410947024639e-14 -1.91445514489830e-14
 3.22876132275066e+06 -5.57818639648979e-14 -1.75257553741447e-14
 3.23289546016775e+06 -3.79739598799533e-14 -1.61770397097422e-14
 3.23702959758485e+06 -4.78106403852861e-14 -1.50949653649690e-14
 3.24116373500194e+06 -4.56054065425912e-14 -1.42706012370603e-14
 3.24529787241904e+06 -7.01908804960779e-14 -1.36901649584604e-14
 3.24943200983613e+06 -7.45810790255521e-14 -1.33358795403766e-14
 3.25356614725323e+06 -6.41176959257185e-14 -1.31869941639477e-14
 3.25770028467032e+06 -8.78439292256443e-14 -1.32209096427188e-14
 3.26183442208741e+06 -4.60714089255934e-14 -1.34143447026924e-14
 3.26596855950451e+06 -6.16705567033049e-14 -1.37444784964303e-14
 3.27010269692160e+06 -5.16422495784083e-14 -1.41900074516524e-14
 3.27423683433870e+06 -6.14138624803451e-14 -1.47320606088255e-14
 3.27837097175579e+06 -4.25995198319894e-14 -1.53549265033662e-14
 3.28250510917289e+06 -6.08039147917673e-14 -1.60465558496930e-14
 3.28663924658998e+06 -3.91786699771692e-14 -1.67988172645971e-14
 3.29077338400707e+06 -6.87908826390757e-14 -1.76074970750299e-14
 3.29490752142417e+06 -5.41559935776332e-14 -1.84720483825662e-14
 3.29904165884126e+06 -7.18522014592610e-14 -1.93951079802030e-14
 3.30317579625836e+06 -6.55544341621558e-14 -2.03818120158868e-14
 3.30730993367545e+06 -3.40014766337364e-14 -2.14389515720835e-14
 3.31144407109255e+06 -4.62387608538672e-14 -2.25740173269519e-14
 3.31557820850964e+06 -6.25729423730057e-14 -2.37941875994159e-14
 3.31971234592673e+06 -3.85509209709421e-14 -2.51053163368496e-14
 3.32384648334383e+06 -6.84362134698415e-14 -2.65109767682003e-14
 3.32798062076092e+06 -6.16677874216812e-14 -2.80116127579313e-14
 3.33211475817802e+06 -7.30149399063758e-14 -2.96038435167619e-14
 3.33624889559511e+06 -8.21573469527444e-14 -3.12799587553746e-14
 3.34038303301221e+06 -7.25256109973902e-14 -3.30276309478557e-14
 3.34451717042930e+06 -4.55995000410275e-14 -3.48298599169074e-14
 3.34865130784639e+06 -5.76696452959599e-14 -3.66651528134018e-14
 3.35278544526349e+06 -4.06174806201280e-14 -3.85079306379344e-14
 3.35691958268058e+06 -5.55217239149497e-14 -4.03291411460634e-14
 3.36105372009768e+06 -4.80045110441999e-14 -4.20970479978731e-14
 3.36518785751477e+06 -6.80298208791194e-14 -4.37781577970331e-14
 3.36932199493187e+06 -5.84323387533564e-14 -4.53382405054429e-14
 3.37345613234896e+06 -6.00386037287596e-14 -4.67433950507734e-14
 3.37759026976605e+06 -5.44825474022016e-14 -4.79611107390907e-14
 3.38172440718315e+06 -6.35985244193139e-14 -4.89612763336410e-14
 3.38585854460024e+06 -6.35123250284287e-14 -4.97170924305992e-14
 3.38999268201734e+06 -6.13234249698045e-14 -5.02058484812264e-14
 3.39412681943443e+06 -4.67890503906903e-14 -5.04095333930945e-14
 3.39826095685153e+06 -6.14436099200631e-14 -5.03152575361416e-14
 3.40239509426862e+06 -6.99826038926978e-14 -4.99154736683436e-14
 3.40652923168571e+06 -7.95976935339154e-14 -4.92079943469275e-14
 3.41066336910281e+06 -5.85832207610828e-14 -4.81958132047507e-14
 3.41479750651990e+06 -5.39404573116200e-14 -4.68867465917422e-14
 3.41893164393700e+06 -6.17686358228643e-14 -4.52929200945439e-14
 3.42306578135409e+06 -8.04638951906894e-14 -4.34301309225196e-14
 3.42719991877119e+06 -6.66258287311887e-14 -4.13171218585367e-14
 3.43133405618828e+06 -6.44759298597428e-14 -3.89748051835582e-14
 3.43546819360538e+06 -3.02925236058391e-14 -3.64254757385430e-14
 3.43960233102247e+06 -5.56702449199395e-14 -3.36920509302490e-14
 3.44373646843956e+06 -5.54857005589025e-14 -3.07973723862235e-14
 3.44787060585666e+06 -6.92529502213926e-14 -2.77635991187175e-14
 3.45200474327375e+06 -6.53701660536598e-14 -2.46117159626364e-14
 3.45613888069085e+06 -8.56883364968345e-14 -2.13611739369920e-14
 3.46027301810794e+06 -6.19837255807720e-14 -1.80296715209629e-14
 3.46440715552504e+06 -6.03664704932491e-14 -1.46330780072761e-14
 3.46854129294213e+06 -6.78566201731638e-14 -1.11854925516153e-14
 3.47267543035922e+06 -3.60622896876839e-14 -7.69942558378223e-15
 3.47680956777632e+06 -5.17479441728420e-14 -4.18608330776464e-15
 3.48094370519341e+06 -4.73356068997399e-14 -6.55731334487734e-16
 3.48507784261051e+06 -2.95086346885830e-14  2.88188982202127e-15
 3.48921198002760e+06 -6.69486785993830e-14  6.41712627751250e-15
 3.49334611744470e+06 -3.75624296602228e-14  9.93997837067126e-15
 3.49748025486179e+06 -5.24608222135758e-14  1.34397018855436e-14
 3.50161439227888e+06 -3.81156655976135e-14  1.69044676038996e-14
 3.50574852969598e+06 -5.42287974281038e-14  2.03210997865428e-14
 3.50988266711307e+06 -6.14988382801937e-14  2.36749091918900e-14
 3.51401680453017e+06 -5.77261528277484e-14  2.69496305051847e-14
 3.51815094194726e+06 -5.82420665840430e-14  3.01274680375223e-14
 3.52228507936436e+06 -7.28673385839765e-14  3.31892475316570e-14
 3.52641921678145e+06 -6.59155682772510e-14  3.61146662015952e-14
 3.53055335419854e+06 -5.72413258178129e-14  3.88826280244968e-14
 3.53468749161564e+06 -5.34192998569855e-14  4.14716470878006e-14
 3.53882162903273e+06 -6.83455101923672e-14  4.38602986294295e-14
 3.54295576644983e+06 -6.37929056416046e-14  4.60276954382337e-14
 3.54708990386692e+06 -5.12449418671914e-14  4.79539666105296e-14
 3.55122404128402e+06 -7.55020595389997e-14  4.96207161941452e-14
 3.55535817870111e+06 -4.84387297600908e-14  5.10114410784080e-14
 3.55949231611820e+06 -4.83395830540569e-14  5.21118903063144e-14
 3.56362645353530e+06 -2.71258706631565e-14  5.29103516966536e-14
 3.56776059095239e+06 -4.43982613758532e-14  5.33978560803908e-14
 3.57189472836949e+06 -6.87639993150458e-14  5.35682941749436e-14
 3.57602886578658e+06 -4.87367050219531e-14  5.34184460388996e-14
 3.58016300320368e+06 -6.14377220446448e-14  5.29479277575248e-14
 3.58429714062077e+06 -3.71344002945196e-14  5.21590643066371e-14
 3.58843127803786e+06 -5.56848540343151e-14  5.10567012007304e-14
 3.59256541545496e+06 -3.15963884705411e-14  4.96479703091194e-14
 3.59669955287205e+06 -6.27694743306151e-14  4.79420270256256e-14
 3.60083369028915e+06 -4.64273270432226e-14  4.59497766944322e-14
 3.60496782770624e+06 -5.85631903540710e-14  4.36836077969668e-14
 3.60910196512334e+06 -4.16656259131518e-14  4.11571479546971e-14
 3.61323610254043e+06 -3.31624692533575e-14  3.83850563080798e-14
 3.61737023995752e+06 -2.57441592698864e-14  3.53828626359474e-14
 3.62150437737462e+06 -5.29076584850701e-14  3.21668595957993e-14
 3.62563851479171e+06 -4.06371821834771e-14  2.87540502376814e-14
 3.62977265220881e+06 -3.95091380691992e-14  2.51621484233265e-14
 3.63390678962590e+06 -6.54760639918338e-14  2.14096255277411e-14
 3.63804092704300e+06 -5.37770660019982e-14  1.75157928071463e-14
 3.64217506446009e+06 -4.65988630898912e-14  1.35009054837409e-14
 3.64630920187719e+06 -4.34940021591925e-14  9.38627216688272e-15
 3.65044333929428e+06 -4.19381811282118e-14  5.19435163682771e-15
 3.65457747671137e+06 -6.16614416364617e-14  9.48818712887907e-16
 3.65871161412847e+06 -5.22101179919102e-14 -3.32541838355355e-15
 3.66284575154556e+06 -4.05985717885757e-14 -7.60226475113936e-15
 3.66697988896266e+06 -4.31808929244152e-14 -1.18545622714812e-14
 3.67111402637975e+06 -6.68802243166215e-14 -1.60542984828833e-14
 3.67524816379685e+06 -5.89547858374993e-14 -2.01729048397867e-14
 3.67938230121394e+06 -5.13253513726234e-14 -2.41816431155628e-14
 3.68351643863103e+06 -1.33287773495179e-14 -2.80520732598861e-14
 3.68765057604813e+06 -6.22159823959377e-14 -3.17565905606533e-14
 3.69178471346522e+06 -4.39010849269926e-14 -3.52690149439808e-14
 3.69591885088232e+06 -5.00932365817935e-14 -3.85652107543876e-14
 3.70005298829941e+06 -4.26639496710637e-14 -4.16237118517337e-14
 3.70418712571651e+06 -5.63767741436419e-14 -4.44263244414313e-14
 3.70832126313360e+06 -6.14206648019082e-14 -4.69586789887020e-14
 3.71245540055069e+06 -5.05810699036709e-14 -4.92107028320380e-14
 3.71658953796779e+06 -4.14768350768064e-14 -5.11769869826021e-14
 3.72072367538488e+06 -4.94503956978917e-14 -5.28570237566365e-14
 3.72485781280198e+06 -5.85903378513354e-14 -5.42552965026754e-14
 3.72899195021907e+06 -6.46003664213349e-14 -5.53812084066684e-14
 3.73312608763617e+06 -1.46135061713054e-14 -5.62488439866088e-14
 3.73726022505326e+06 -4.35809304869493e-14 -5.68765641840969e-14
 3.74139436247035e+06 -4.30540372881024e-14 -5.72864435221409e-14
 3.74552849988745e+06 -3.27100267543304e-14 -5.75035652730977e-14
 3.74966263730454e+06 -5.92477740458720e-14 -5.75551976338476e-14
 3.75379677472164e+06 -3.16709248126515e-14 -5.74698801555257e-14
 3.75793091213873e+06 -4.92457463580208e-14 -5.72764547344778e-14
 3.76206504955583e+06 -5.49598713175419e-14 -5.70030791823077e-14
 3.76619918697292e+06 -5.02762090284065e-14 -5.66762633931993e-14
 3.77033332439001e+06 -5.61543145001260e-14 -5.63199683271897e-14
 3.77446746180711e+06 -2.47462856534761e-14 -5.59548064133897e-14
 3.77860159922420e+06 -6.11373016324148e-14 -5.55973784183528e-14
 3.78273573664130e+06 -5.02011562976266e-14 -5.52597766444083e-14
 3.78686987405839e+06 -8.77599884892949e-14 -5.49492775451686e-14
 3.79100401147549e+06 -4.12034320299528e-14 -5.46682387916038e-14
 3.79513814889258e+06 -4.23482925371964e-14 -5.44142070213747e-14
 3.79927228630967e+06 -5.63127677904723e-14 -5.41802330258619e-14
 3.80340642372677e+06 -3.92888233220886e-14 -5.39553817602662e-14
 3.80754056114386e+06 -6.36934187906998e-14 -5.37254155198379e-14
 3.81167469856096e+06 -4.47637611269986e-14 -5.34736204577444e-14
 3.81580883597805e+06 -3.30357247653835e-14 -5.31817397368723e-14
 3.81994297339515e+06 -3.81414814696111e-14 -5.28309713045389e-14
 3.82407711081224e+06 -5.26529595813120e-14 -5.24029849421294e-14
 3.82821124822934e+06 -5.04712189013345e-14 -5.18809119746456e-14
 3.83234538564643e+06 -4.68116480858956e-14 -5.12502620075147e-14
 3.83647952306352e+06 -4.01909608085189e-14 -5.04997242045535e-14
 3.84061366048062e+06 -5.23407114887212e-14 -4.96218159004454e-14
 3.84474779789771e+06 -6.53966777951885e-14 -4.86133484183949e-14
 3.84888193531481e+06 -4.62073547983347e-14 -4.74756886866091e-14
 3.85301607273190e+06 -5.52364184830715e-14 -4.62148049375306e-14
 3.85715021014900e+06 -4.89744212474656e-14 -4.48410953524998e-14
 3.86128434756609e+06 -4.91899695049562e-14 -4.33690089967628e-14
 3.86541848498318e+06 -4.80079558310808e-14 -4.18164787529942e-14
 3.86955262240028e+06 -5.18937104219628e-14 -4.02041951705334e-14
 3.87368675981737e+06 -3.90642598244417e-14 -3.85547582557065e-14
 3.87782089723447e+06 -5.86349008571141e-14 -3.68917502680574e-14
 3.88195503465156e+06 -4.47839592945184e-14 -3.52387767058969e-14
 3.88608917206866e+06 -5.42414345274664e-14 -3.36185243012645e-14
 3.89022330948575e+06 -4.60314158168338e-14 -3.20518840163465e-14
 3.89435744690284e+06 -4.51129588285448e-14 -3.05571837396248e-14
 3.89849158431994e+06 -5.19638920171586e-14 -2.91495697668234e-14
 3.90262572173703e+06 -3.22510599382759e-14 -2.78405683801643e-14
 3.90675985915413e+06 -4.26720101180387e-14 -2.66378494492687e-14
 3.91089399657122e+06 -6.44803584405705e-14 -2.55452032895469e-14
 3.91502813398832e+06 -4.84092010894422e-14 -2.45627306015549e-14
 3.91916227140541e+06 -4.52156725053024e-14 -2.36872338537179e-14
 3.92329640882250e+06 -3.61898328990215e-14 -2.29127873632690e-14
 3.92743054623960e+06 -6.60350954042650e-14 -2.22314534451988e-14
 3.93156468365669e+06 -3.52107458446924e-14 -2.16341035476175e-14
 3.93569882107379e+06 -5.00566990924185e-14 -2.11112970476869e-14
 3.93983295849088e+06 -5.05715369693399e-14 -2.06541664971601e-14
 3.94396709590798e+06 -4.40931701400799e-14 -2.02552569180067e-14
 3.94810123332507e+06 -3.59280587407677e-14 -1.99092683912377e-14
 3.95223537074216e+06 -4.56283398423768e-14 -1.96136555292589e-14
 3.95636950815926e+06 -3.83059054415863e-14 -1.93690443836870e-14
 3.96050364557635e+06 -8.06585635239031e-14 -1.91794365456011e-14
 3.96463778299345e+06 -3.72193029288686e-14 -1.90521812550972e-14
 3.96877192041054e+06 -7.68745837637188e-14 -1.89977086150249e-14
 3.97290605782764e+06 -4.93346688816649e-14 -1.90290300109478e-14
 3.97704019524473e+06 -5.77813545132261e-14 -1.91610247216894e-14
 3.98117433266182e+06 -5.88290860828000e-14 -1.94095440315627e-14
 3.98530847007892e+06 -4.46398836319248e-14 -1.97903749852891e-14
 3.98944260749601e+06 -5.23701875378634e-14 -2.03181149279067e-14
 3.99357674491311e+06 -2.47723984669071e-14 -2.10050144198454e-14
 3.99771088233020e+06 -4.77440880334343e-14 -2.18598497932083e-14
 4.00184501974730e+06 -1.96331556483841e-14 -2.28868871189437e-14
 4.00597915716439e+06 -3.00820729399100e-14 -2.40849967536411e-14
 4.01011329458148e+06 -6.86778160260047e-14 -2.54469718341434e-14
 4.01424743199858e+06 -2.92863415271483e-14 -2.69590954585447e-14
 4.01838156941567e+06 -5.03066569572148e-14 -2.86009901612290e-14
 4.02251570683277e+06 -2.74884381647214e-14 -3.03457701495839e-14
 4.02664984424986e+06 -5.70442080691163e-14 -3.21605023332252e-14
 4.03078398166696e+06 -3.10169180177149e-14 -3.40069670963778e-14
 4.03491811908405e+06 -2.53034651302324e-14 -3.58426947944723e-14
 4.03905225650115e+06 -5.05809318481481e-14 -3.76222399165729e-14
 4.04318639391824e+06 -3.90875118049852e-14 -3.92986423779360e-14
 4.04732053133533e+06 -6.18425741981490e-14 -4.08250152747041e-14
 4.05145466875243e+06 -4.90566776642777e-14 -4.21561910203695e-14
 4.05558880616952e+06 -3.57785128838376e-14 -4.32503537058053e-14
 4.05972294358662e+06 -5.51212872532755e-14 -4.40705848396526e-14
 4.06385708100371e+06 -4.30066242394027e-14 -4.45862525316121e-14
 4.06799121842081e+06 -5.73743029741454e-14 -4.47741805488119e-14
 4.07212535583790e+06 -3.11857503715587e-14 -4.46195431874397e-14
 4.07625949325499e+06 -3.07629197549800e-14 -4.41164441244737e-14
 4.08039363067209e+06 -4.89978339511073e-14 -4.32681518173936e-14
 4.08452776808918e+06 -4.14757971330500e-14 -4.20869798194343e-14
 4.08866190550628e+06 -5.18074861895198e-14 -4.05938168193042e-14
 4.09279604292337e+06 -2.83554926766576e-14 -3.88173274983585e-14
 4.09693018034047e+06 -4.41423320681513e-14 -3.67928606550339e-14
 4.10106431775756e+06 -5.11811074189053e-14 -3.45611145105403e-14
 4.10519845517465e+06 -4.07126113870751e-14 -3.21666202962371e-14
 4.10933259259175e+06 -3.84439653750855e-14 -2.96561132715463e-14
 4.11346673000884e+06 -1.90671404420822e-14 -2.70768650681456e-14
 4.11760086742594e+06 -2.63628142869396e-14 -2.44750522647298e-14
 4.12173500484303e+06 -5.06009316613835e-14 -2.18942334428797e-14
 4.12586914226013e+06 -5.64594116357782e-14 -1.93740007978117e-14
 4.13000327967722e+06 -3.04795813920588e-14 -1.69488628776361e-14
 4.13413741709431e+06 -3.24888598451078e-14 -1.46474028610098e-14
