#time(au), s(t), s(t) without exp(iwt)
 0.00000000000000e+01 -1.00105060494191e-10 -1.00105060494191e-10
 4.13413741709430e+03 -9.89146306172038e-11 -1.00050809925960e-10
 8.26827483418859e+03 -9.90046761871894e-11 -9.98967516529200e-11
 1.24024122512829e+04 -9.85080836368294e-11 -9.96000597357715e-11
 1.65365496683772e+04 -9.82961228493556e-11 -9.91505874424182e-11
 2.06706870854715e+04 -9.80659436253523e-11 -9.85533580646422e-11
 2.48048245025658e+04 -9.75769864694291e-11 -9.78200452284766e-11
 2.89389619196601e+04 -9.74261225653941e-11 -9.69649405972899e-11
 3.30730993367544e+04 -9.71524090019250e-11 -9.60031240464860e-11
 3.72072367538487e+04 -9.68450529954790e-11 -9.49496733195092e-11
 4.13413741709430e+04 -9.65858483855552e-11 -9.38193299202487e-11
 4.54755115880372e+04 -9.61390197869651e-11 -9.26263386251989e-11
 4.96096490051315e+04 -9.59883023941216e-11 -9.13843330896598e-11
 5.37437864222258e+04 -9.56435231896038e-11 -9.01062186755802e-11
 5.78779238393201e+04 -9.53708305028302e-11 -8.88040420440743e-11
 6.20120612564144e+04 -9.50948098020493e-11 -8.74888543357014e-11
 6.61461986735087e+04 -9.47695139492370e-11 -8.61705810233854e-11
 7.02803360906030e+04 -9.45401414497797e-11 -8.48579121389374e-11
 7.44144735076973e+04 -9.42230499966977e-11 -8.35582244107483e-11
 7.85486109247916e+04 -9.40043531240166e-11 -8.22775434527365e-11
 8.26827483418859e+04 -9.38298911372167e-11 -8.10205503609417e-11
 8.68168857589802e+04 -9.33994615045319e-11 -7.97906333823125e-11
 9.09510231760745e+04 -9.32641937246635e-11 -7.85899819966316e-11
 9.50851605931688e+04 -9.28287715740114e-11 -7.74197179596675e-11
 9.92192980102631e+04 -9.26745574242893e-11 -7.62800556853826e-11
 1.03353435427357e+05 -9.23350151374732e-11 -7.51704828423265e-11
 1.07487572844452e+05 -9.20507062345983e-11 -7.40899512124263e-11
 1.11621710261546e+05 -9.18539627337434e-11 -7.30370676884030e-11
 1.15755847678640e+05 -9.16166780000159e-11 -7.20102757224142e-11
 1.19889985095735e+05 -9.13635165262050e-11 -7.10080185138730e-11
 1.24024122512829e+05 -9.10094062579777e-11 -7.00288766513356e-11
 1.28158259929923e+05 -9.07503367961323e-11 -6.90716746979999e-11
 1.32292397347018e+05 -9.04896591391425e-11 -6.81355532193717e-11
 1.36426534764112e+05 -9.01650418692040e-11 -6.72200048748229e-11
 1.40560672181206e+05 -8.98840089810076e-11 -6.63248753118464e-11
 1.44694809598300e+05 -8.96951977576434e-11 -6.54503315977744e-11
 1.48828947015395e+05 -8.94347363751859e-11 -6.45968026932222e-11
 1.52963084432489e+05 -8.92549027862131e-11 -6.37648979251281e-11
 1.57097221849583e+05 -8.89180276894162e-11 -6.29553104843677e-11
 1.61231359266678e+05 -8.86736265003619e-11 -6.21687136056570e-11
 1.65365496683772e+05 -8.84332155535087e-11 -6.14056572624138e-11
 1.69499634100866e+05 -8.81030561662307e-11 -6.06664729280957e-11
 1.73633771517960e+05 -8.79356061220671e-11 -5.99511932446426e-11
 1.77767908935055e+05 -8.75824343691863e-11 -5.92594923470916e-11
 1.81902046352149e+05 -8.74369657528366e-11 -5.85906511898900e-11
 1.86036183769243e+05 -8.70702170897963e-11 -5.79435505892796e-11
 1.90170321186338e+05 -8.69562872680973e-11 -5.73166929325651e-11
 1.94304458603432e+05 -8.66613945441355e-11 -5.67082517099468e-11
 1.98438596020526e+05 -8.64905381430857e-11 -5.61161462985531e-11
 2.02572733437620e+05 -8.62366766208636e-11 -5.55381378667872e-11
 2.06706870854715e+05 -8.58440877526433e-11 -5.49719409552568e-11
 2.10841008271809e+05 -8.57380431318115e-11 -5.44153442981949e-11
 2.14975145688903e+05 -8.53748454852007e-11 -5.38663338283877e-11
 2.19109283105998e+05 -8.51379949281357e-11 -5.33232105899337e-11
 2.23243420523092e+05 -8.48615561619598e-11 -5.27846964751961e-11
 2.27377557940186e+05 -8.46401104416970e-11 -5.22500212913481e-11
 2.31511695357280e+05 -8.44063586039071e-11 -5.17189856127593e-11
 2.35645832774375e+05 -8.42036684986247e-11 -5.11919951338554e-11
 2.39779970191469e+05 -8.39936720572328e-11 -5.06700637328065e-11
 2.43914107608563e+05 -8.36835996039336e-11 -5.01547841072602e-11
 2.48048245025658e+05 -8.35040933940064e-11 -4.96482665597351e-11
 2.52182382442752e+05 -8.32566231349158e-11 -4.91530482001824e-11
 2.56316519859846e+05 -8.29958764648689e-11 -4.86719764068681e-11
 2.60450657276940e+05 -8.28386178358125e-11 -4.82080717617097e-11
 2.64584794694035e+05 -8.24953519303619e-11 -4.77643767815097e-11
 2.68718932111129e+05 -8.23180143720649e-11 -4.73437975461298e-11
 2.72853069528223e+05 -8.20648029398986e-11 -4.69489457405595e-11
 2.76987206945318e+05 -8.18085084520251e-11 -4.65819886612720e-11
 2.81121344362412e+05 -8.16258343709125e-11 -4.62445143901296e-11
 2.85255481779506e+05 -8.12502254819527e-11 -4.59374186327351e-11
 2.89389619196601e+05 -8.11127577419527e-11 -4.56608186924997e-11
 2.93523756613695e+05 -8.08632000814518e-11 -4.54139987627197e-11
 2.97657894030789e+05 -8.07095982558484e-11 -4.51953892352607e-11
 3.01792031447884e+05 -8.04544945152015e-11 -4.50025811237052e-11
 3.05926168864978e+05 -8.01965390445905e-11 -4.48323750633202e-11
 3.10060306282072e+05 -8.00212743429418e-11 -4.46808627627291e-11
 3.14194443699167e+05 -7.97261535172543e-11 -4.45435373212713e-11
 3.18328581116261e+05 -7.95524336857983e-11 -4.44154275625094e-11
 3.22462718533355e+05 -7.93398482434924e-11 -4.42912505270479e-11
 3.26596855950449e+05 -7.90228321201697e-11 -4.41655755616248e-11
 3.30730993367544e+05 -7.89039230486742e-11 -4.40329930643923e-11
 3.34865130784638e+05 -7.86299536310570e-11 -4.38882809092362e-11
 3.38999268201732e+05 -7.85202546027186e-11 -4.37265618676873e-11
 3.43133405618827e+05 -7.81621863669125e-11 -4.35434459518417e-11
 3.47267543035921e+05 -7.79171472936149e-11 -4.33351524762735e-11
 3.51401680453015e+05 -7.76622246958934e-11 -4.30986077294145e-11
 3.55535817870110e+05 -7.75757409149643e-11 -4.28315153936921e-11
 3.59669955287204e+05 -7.73378289860146e-11 -4.25323981906107e-11
 3.63804092704298e+05 -7.70309759254744e-11 -4.22006105819760e-11
 3.67938230121393e+05 -7.67288300397266e-11 -4.18363236620186e-11
 3.72072367538487e+05 -7.66803402584392e-11 -4.14404845634055e-11
 3.76206504955581e+05 -7.64406244123491e-11 -4.10147537168731e-11
 3.80340642372676e+05 -7.62395271847308e-11 -4.05614241043259e-11
 3.84474779789770e+05 -7.59521926974954e-11 -4.00833271967589e-11
 3.88608917206864e+05 -7.58314892889261e-11 -3.95837305532749e-11
 3.92743054623959e+05 -7.55943169670224e-11 -3.90662320730768e-11
 3.96877192041053e+05 -7.53101512552967e-11 -3.85346556498710e-11
 4.01011329458147e+05 -7.51654334153215e-11 -3.79929525029743e-11
 4.05145466875241e+05 -7.48595334484889e-11 -3.74451117879099e-11
 4.09279604292336e+05 -7.46773673364507e-11 -3.68950832676248e-11
 4.13413741709430e+05 -7.44868674112470e-11 -3.63467139059827e-11
 4.17547879126524e+05 -7.41969113017716e-11 -3.58036992837047e-11
 4.21682016543619e+05 -7.41239051250461e-11 -3.52695497895798e-11
 4.25816153960713e+05 -7.38102269349574e-11 -3.47475706596038e-11
 4.29950291377807e+05 -7.36816393546589e-11 -3.42408541711659e-11
 4.34084428794902e+05 -7.33490690120843e-11 -3.37522816875908e-11
 4.38218566211996e+05 -7.32565384075026e-11 -3.32845328193502e-11
 4.42352703629090e+05 -7.30295600412422e-11 -3.28400987393900e-11
 4.46486841046185e+05 -7.28413558311718e-11 -3.24212966668786e-11
 4.50620978463279e+05 -7.26562453237587e-11 -3.20302827093977e-11
 4.54755115880373e+05 -7.23625887564142e-11 -3.16690606100988e-11
 4.58889253297468e+05 -7.22721423566591e-11 -3.13394844556678e-11
 4.63023390714562e+05 -7.19558103239423e-11 -3.10432540266611e-11
 4.67157528131656e+05 -7.17343658578374e-11 -3.07819021720785e-11
 4.71291665548751e+05 -7.15970681249268e-11 -3.05567743190772e-11
 4.75425802965845e+05 -7.13075076799993e-11 -3.03690009410875e-11
 4.79559940382939e+05 -7.10753610531221e-11 -3.02194644586600e-11
 4.83694077800033e+05 -7.09148711461451e-11 -3.01087625980475e-11
 4.87828215217128e+05 -7.06936485635929e-11 -3.00371706499223e-11
 4.91962352634222e+05 -7.05800196370691e-11 -3.00046053300861e-11
 4.96096490051316e+05 -7.03057170662314e-11 -3.00105930312275e-11
 5.00230627468411e+05 -7.01414769639966e-11 -3.00542451647197e-11
 5.04364764885505e+05 -6.99521655372304e-11 -3.01342430305048e-11
 5.08498902302599e+05 -6.97610024626131e-11 -3.02488342366369e-11
 5.12633039719694e+05 -6.95683824794022e-11 -3.03958421428430e-11
 5.16767177136788e+05 -6.92806256158465e-11 -3.05726891560747e-11
 5.20901314553882e+05 -6.91524040636312e-11 -3.07764339976504e-11
 5.25035451970977e+05 -6.89327270525471e-11 -3.10038223314364e-11
 5.29169589388071e+05 -6.87802950834776e-11 -3.12513494316256e-11
 5.33303726805165e+05 -6.85064678413719e-11 -3.15153329167713e-11
 5.37437864222260e+05 -6.83355648523474e-11 -3.17919930195303e-11
 5.41572001639354e+05 -6.81349014529601e-11 -3.20775374297407e-11
 5.45706139056448e+05 -6.79192226444373e-11 -3.23682474647996e-11
 5.49840276473543e+05 -6.77808553355309e-11 -3.26605622009219e-11
 5.53974413890637e+05 -6.75913047790941e-11 -3.29511572472725e-11
 5.58108551307731e+05 -6.74018845941876e-11 -3.32370150588665e-11
 5.62242688724826e+05 -6.71780520471423e-11 -3.35154840511229e-11
 5.66376826141920e+05 -6.69052323781631e-11 -3.37843242787542e-11
 5.70510963559014e+05 -6.67866632151298e-11 -3.40417380471399e-11
 5.74645100976108e+05 -6.65776515849257e-11 -3.42863845031277e-11
 5.78779238393203e+05 -6.64517665756269e-11 -3.45173779687647e-11
 5.82913375810297e+05 -6.62370096267336e-11 -3.47342704987048e-11
 5.87047513227391e+05 -6.60300884730726e-11 -3.49370198238373e-11
 5.91181650644486e+05 -6.58707876328633e-11 -3.51259444561077e-11
 5.95315788061580e+05 -6.56626445817892e-11 -3.53016682436040e-11
 5.99449925478674e+05 -6.54943762603491e-11 -3.54650570569051e-11
 6.03584062895769e+05 -6.52334608456862e-11 -3.56171505413393e-11
 6.07718200312863e+05 -6.50354618986566e-11 -3.57590919759794e-11
 6.11852337729957e+05 -6.49530955092672e-11 -3.58920592383878e-11
 6.15986475147052e+05 -6.46867867135164e-11 -3.60171996908469e-11
 6.20120612564146e+05 -6.45163635978927e-11 -3.61355714935047e-11
 6.24254749981240e+05 -6.43202823370599e-11 -3.62480934325061e-11
 6.28388887398335e+05 -6.40967484315069e-11 -3.63555048522117e-11
 6.32523024815429e+05 -6.39800530268058e-11 -3.64583367285955e-11
 6.36657162232523e+05 -6.38170759198209e-11 -3.65568943462562e-11
 6.40791299649618e+05 -6.36718487510275e-11 -3.66512514746890e-11
 6.44925437066712e+05 -6.34206602011710e-11 -3.67412554094123e-11
 6.49059574483806e+05 -6.32761330679956e-11 -3.68265417758844e-11
 6.53193711900900e+05 -6.30361548508011e-11 -3.69065576103852e-11
 6.57327849317995e+05 -6.29494220528744e-11 -3.69805909478091e-11
 6.61461986735089e+05 -6.26798918369874e-11 -3.70478049716526e-11
 6.65596124152183e+05 -6.25098588683621e-11 -3.71072747195786e-11
 6.69730261569278e+05 -6.23420365263041e-11 -3.71580243857694e-11
 6.73864398986372e+05 -6.22044995057993e-11 -3.71990634100327e-11
 6.77998536403466e+05 -6.19601103963127e-11 -3.72294197788704e-11
 6.82132673820561e+05 -6.18556692249034e-11 -3.72481692673067e-11
 6.86266811237655e+05 -6.15679600791844e-11 -3.72544597005698e-11
 6.90400948654749e+05 -6.14331663938609e-11 -3.72475296888500e-11
 6.94535086071844e+05 -6.12850383322445e-11 -3.72267216629604e-11
 6.98669223488938e+05 -6.11770158967436e-11 -3.71914893914992e-11
 7.02803360906032e+05 -6.09916868670872e-11 -3.71414004713544e-11
 7.06937498323127e+05 -6.08059640946077e-11 -3.70761345366968e-11
 7.11071635740221e+05 -6.06238793588195e-11 -3.69954781146158e-11
 7.15205773157315e+05 -6.04934146347567e-11 -3.68993171613497e-11
 7.19339910574410e+05 -6.02183168339907e-11 -3.67876283390616e-11
 7.23474047991504e+05 -6.00841443811443e-11 -3.66604700425465e-11
 7.27608185408598e+05 -5.98175720299369e-11 -3.65179740653626e-11
 7.31742322825692e+05 -5.97719932176285e-11 -3.63603386175406e-11
 7.35876460242787e+05 -5.95557559809426e-11 -3.61878231870205e-11
 7.40010597659881e+05 -5.94236690549970e-11 -3.60007454914158e-11
 7.44144735076975e+05 -5.91815008754837e-11 -3.57994805138040e-11
 7.48278872494070e+05 -5.90400959866127e-11 -3.55844613742285e-11
 7.52413009911164e+05 -5.89115285002191e-11 -3.53561815742005e-11
 7.56547147328258e+05 -5.87738660422999e-11 -3.51151979796674e-11
 7.60681284745353e+05 -5.86039638674055e-11 -3.48621337900910e-11
 7.64815422162447e+05 -5.84433589268369e-11 -3.45976806853216e-11
 7.68949559579541e+05 -5.82285713037589e-11 -3.43225993515928e-11
 7.73083696996636e+05 -5.80991142138402e-11 -3.40377176622159e-11
 7.77217834413730e+05 -5.78478239517479e-11 -3.37439259227157e-11
 7.81351971830824e+05 -5.77751660830542e-11 -3.34421687750111e-11
 7.85486109247919e+05 -5.75747380109764e-11 -3.31334335788224e-11
 7.89620246665013e+05 -5.74428719956506e-11 -3.28187353358783e-11
 7.93754384082107e+05 -5.73020147215878e-11 -3.24990984775304e-11
 7.97888521499202e+05 -5.70842774768616e-11 -3.21755360820197e-11
 8.02022658916296e+05 -5.69450669814868e-11 -3.18490273076359e-11
 8.06156796333390e+05 -5.67382395712125e-11 -3.15204940073747e-11
 8.10290933750484e+05 -5.65510767782917e-11 -3.11907776168626e-11
 8.14425071167579e+05 -5.64278918982086e-11 -3.08606174711964e-11
 8.18559208584673e+05 -5.61731860460026e-11 -3.05306317019615e-11
 8.22693346001767e+05 -5.61266790229925e-11 -3.02013017919936e-11
 8.26827483418862e+05 -5.58804230178552e-11 -2.98729617247058e-11
 8.30961620835956e+05 -5.58030269055650e-11 -2.95457924640686e-11
 8.35095758253050e+05 -5.56400525684939e-11 -2.92198222508698e-11
 8.39229895670145e+05 -5.54571531553053e-11 -2.88949329142463e-11
 8.43364033087239e+05 -5.53027572045758e-11 -2.85708720903823e-11
 8.47498170504333e+05 -5.51627717184811e-11 -2.82472709300922e-11
 8.51632307921428e+05 -5.50021664638886e-11 -2.79236665810574e-11
 8.55766445338522e+05 -5.48187390631997e-11 -2.75995284661363e-11
 8.59900582755616e+05 -5.46690812123295e-11 -2.72742871614967e-11
 8.64034720172711e+05 -5.45241837829032e-11 -2.69473645204918e-11
 8.68168857589805e+05 -5.43978124932719e-11 -2.66182036009963e-11
 8.72302995006899e+05 -5.42400956757421e-11 -2.62862969411086e-11
 8.76437132423994e+05 -5.40686329707890e-11 -2.59512117927792e-11
 8.80571269841088e+05 -5.38437055202769e-11 -2.56126110624517e-11
 8.84705407258182e+05 -5.37565316388880e-11 -2.52702689157377e-11
 8.88839544675276e+05 -5.35488106060485e-11 -2.49240802690824e-11
 8.92973682092371e+05 -5.34293612591444e-11 -2.45740637016928e-11
 8.97107819509465e+05 -5.32946175856393e-11 -2.42203576596061e-11
 9.01241956926559e+05 -5.31089924931250e-11 -2.38632101728515e-11
 9.05376094343654e+05 -5.29555207224595e-11 -2.35029626477725e-11
 9.09510231760748e+05 -5.28034215562305e-11 -2.31400286116476e-11
 9.13644369177842e+05 -5.27108032575221e-11 -2.27748685587506e-11
 9.17778506594937e+05 -5.25337221530126e-11 -2.24079622614924e-11
 9.21912644012031e+05 -5.23156538609161e-11 -2.20397800554583e-11
 9.26046781429125e+05 -5.21621275750636e-11 -2.16707546750255e-11
 9.30180918846220e+05 -5.19694010522429e-11 -2.13012552027659e-11
 9.34315056263314e+05 -5.19033231729539e-11 -2.09315646012857e-11
 9.38449193680408e+05 -5.16338321929452e-11 -2.05618621250440e-11
 9.42583331097503e+05 -5.15822003918858e-11 -2.01922116704073e-11
 9.46717468514597e+05 -5.14338509209139e-11 -1.98225568270207e-11
 9.50851605931691e+05 -5.13665537453572e-11 -1.94527230572123e-11
 9.54985743348786e+05 -5.12899292184495e-11 -1.90824270699710e-11
 9.59119880765880e+05 -5.10513207274231e-11 -1.87112930901854e-11
 9.63254018182974e+05 -5.08998957925629e-11 -1.83388753710969e-11
 9.67388155600069e+05 -5.07829536994465e-11 -1.79646859761806e-11
 9.71522293017163e+05 -5.06260135848234e-11 -1.75882265821972e-11
 9.75656430434257e+05 -5.04362729868088e-11 -1.72090228420711e-11
 9.79790567851351e+05 -5.02725227238093e-11 -1.68266597049531e-11
 9.83924705268446e+05 -5.01165037315374e-11 -1.64408160287031e-11
 9.88058842685540e+05 -4.99685326481272e-11 -1.60512968398890e-11
 9.92192980102634e+05 -4.98399618691869e-11 -1.56580616970967e-11
 9.96327117519729e+05 -4.97697476954648e-11 -1.52612477898310e-11
 1.00046125493682e+06 -4.96218994630512e-11 -1.48611866482366e-11
 1.00459539235392e+06 -4.94636115140008e-11 -1.44584136362197e-11
 1.00872952977101e+06 -4.92826387221530e-11 -1.40536697371827e-11
 1.01286366718811e+06 -4.91544215876439e-11 -1.36478955004913e-11
 1.01699780460520e+06 -4.89889301641035e-11 -1.32422173803334e-11
 1.02113194202229e+06 -4.88156715850593e-11 -1.28379270485787e-11
 1.02526607943939e+06 -4.87078880342848e-11 -1.24364545824416e-11
 1.02940021685648e+06 -4.85718532771576e-11 -1.20393367008159e-11
 1.03353435427358e+06 -4.84742015040347e-11 -1.16481814367536e-11
 1.03766849169067e+06 -4.83811872540174e-11 -1.12646307778524e-11
 1.04180262910777e+06 -4.81831727302447e-11 -1.08903228747787e-11
 1.04593676652486e+06 -4.80957247838844e-11 -1.05268554081789e-11
 1.05007090394195e+06 -4.78667414585094e-11 -1.01757516170760e-11
 1.05420504135905e+06 -4.77545055967801e-11 -9.83843033277507e-12
 1.05833917877614e+06 -4.75902403603167e-11 -9.51618113996663e-12
 1.06247331619324e+06 -4.74467767347915e-11 -9.21014551287558e-12
 1.06660745361033e+06 -4.73257286257734e-11 -8.92130446333175e-12
 1.07074159102743e+06 -4.72516479752053e-11 -8.65047290531891e-12
 1.07487572844452e+06 -4.71082736418239e-11 -8.39830060403721e-12
 1.07900986586161e+06 -4.69643254782788e-11 -8.16527925345389e-12
 1.08314400327871e+06 -4.68015154951738e-11 -7.95175493117165e-12
 1.08727814069580e+06 -4.67480726824470e-11 -7.75794492751868e-12
 1.09141227811290e+06 -4.65538705935587e-11 -7.58395774960622e-12
 1.09554641552999e+06 -4.64870809858037e-11 -7.42981496983196e-12
 1.09968055294709e+06 -4.62826963524363e-11 -7.29547352818871e-12
 1.10381469036418e+06 -4.61935740436220e-11 -7.18084711113440e-12
 1.10794882778128e+06 -4.60465011436650e-11 -7.08582531531330e-12
 1.11208296519837e+06 -4.58983332231346e-11 -7.01028945745733e-12
 1.11621710261546e+06 -4.58554862322895e-11 -6.95412410373963e-12
 1.12035124003256e+06 -4.56479419445842e-11 -6.91722365193922e-12
 1.12448537744965e+06 -4.55283693347316e-11 -6.89949359415947e-12
 1.12861951486675e+06 -4.54397186447837e-11 -6.90084640144744e-12
 1.13275365228384e+06 -4.51772288495339e-11 -6.92119228853282e-12
 1.13688778970094e+06 -4.51299693309833e-11 -6.96042542049112e-12
 1.14102192711803e+06 -4.48543160218589e-11 -7.01840639824623e-12
 1.14515606453512e+06 -4.49462407395852e-11 -7.09494209212136e-12
 1.14929020195222e+06 -4.46964106978143e-11 -7.18976407026577e-12
 1.15342433936931e+06 -4.46416529366656e-11 -7.30250698245633e-12
 1.15755847678641e+06 -4.44991287358012e-11 -7.43268830338819e-12
 1.16169261420350e+06 -4.43444991668909e-11 -7.57969081049926e-12
 1.16582675162060e+06 -4.42981603559361e-11 -7.74274907045124e-12
 1.16996088903769e+06 -4.40806855122053e-11 -7.92094104029302e-12
 1.17409502645478e+06 -4.39906684443437e-11 -8.11318566147080e-12
 1.17822916387188e+06 -4.38097375097881e-11 -8.31824704833306e-12
 1.18236330128897e+06 -4.37119290522613e-11 -8.53474556032737e-12
 1.18649743870607e+06 -4.35591513380422e-11 -8.76117571390493e-12
 1.19063157612316e+06 -4.34753554798764e-11 -8.99593055214947e-12
 1.19476571354026e+06 -4.34005313367135e-11 -9.23733176345787e-12
 1.19889985095735e+06 -4.32731884371579e-11 -9.48366454144098e-12
 1.20303398837444e+06 -4.31519521947908e-11 -9.73321592088261e-12
 1.20716812579154e+06 -4.30731931081201e-11 -9.98431512194683e-12
 1.21130226320863e+06 -4.29093649558081e-11 -1.02353742971537e-11
 1.21543640062573e+06 -4.27468502720818e-11 -1.04849280100567e-11
 1.21957053804282e+06 -4.26367726469465e-11 -1.07316697848446e-11
 1.22370467545992e+06 -4.25164789312321e-11 -1.09744841527806e-11
 1.22783881287701e+06 -4.23814588384434e-11 -1.12124727810677e-11
 1.23197295029410e+06 -4.23105397386321e-11 -1.14449734956668e-11
 1.23610708771120e+06 -4.21527749612489e-11 -1.16715712922387e-11
 1.24024122512829e+06 -4.20256377016732e-11 -1.18921007559671e-11
 1.24437536254539e+06 -4.18720113342560e-11 -1.21066396672453e-11
 1.24850949996248e+06 -4.18012110825134e-11 -1.23154939398987e-11
 1.25264363737958e+06 -4.16740133507077e-11 -1.25191744052155e-11
 1.25677777479667e+06 -4.15299847644770e-11 -1.27183663018604e-11
 1.26091191221376e+06 -4.14103465199991e-11 -1.29138926431620e-11
 1.26504604963086e+06 -4.12612363500024e-11 -1.31066728949970e-11
 1.26918018704795e+06 -4.12222833907334e-11 -1.32976785977459e-11
 1.27331432446505e+06 -4.10671799964802e-11 -1.34878876952890e-11
 1.27744846188214e+06 -4.09374967814587e-11 -1.36782393871942e-11
 1.28158259929924e+06 -4.08438299535837e-11 -1.38695912941750e-11
 1.28571673671633e+06 -4.07584461673668e-11 -1.40626806234421e-11
 1.28985087413343e+06 -4.06772479872851e-11 -1.42580908438817e-11
 1.29398501155052e+06 -4.04962368571014e-11 -1.44562251396474e-11
 1.29811914896761e+06 -4.04086613472810e-11 -1.46572876155430e-11
 1.30225328638471e+06 -4.02691707614198e-11 -1.48612728921168e-11
 1.30638742380180e+06 -4.01295376467842e-11 -1.50679643679611e-11
 1.31052156121890e+06 -4.00191397349675e-11 -1.52769410578241e-11
 1.31465569863599e+06 -3.98782440516729e-11 -1.54875925543837e-11
 1.31878983605309e+06 -3.98400761513928e-11 -1.56991413254002e-11
 1.32292397347018e+06 -3.96617382110439e-11 -1.59106712613296e-11
 1.32705811088727e+06 -3.95713471360399e-11 -1.61211611447594e-11
 1.33119224830437e+06 -3.94281998627773e-11 -1.63295215324486e-11
 1.33532638572146e+06 -3.93961119135368e-11 -1.65346334313950e-11
 1.33946052313856e+06 -3.91915731372388e-11 -1.67353871159082e-11
 1.34359466055565e+06 -3.91608415017677e-11 -1.69307194740994e-11
 1.34772879797275e+06 -3.90023895818296e-11 -1.71196483863670e-11
 1.35186293538984e+06 -3.89040088082786e-11 -1.73013028189362e-11
 1.35599707280693e+06 -3.88165613132393e-11 -1.74749475527728e-11
 1.36013121022403e+06 -3.86220351309027e-11 -1.76400017500253e-11
 1.36426534764112e+06 -3.85775094628187e-11 -1.77960508722908e-11
 1.36839948505822e+06 -3.84432137992285e-11 -1.79428517918055e-11
 1.37253362247531e+06 -3.83275586848211e-11 -1.80803312619492e-11
 1.37666775989241e+06 -3.82472081958869e-11 -1.82085782212922e-11
 1.38080189730950e+06 -3.80680291310053e-11 -1.83278306806989e-11
 1.38493603472659e+06 -3.80625355683287e-11 -1.84384581726011e-11
 1.38907017214369e+06 -3.78389510779742e-11 -1.85409409145972e-11
 1.39320430956078e+06 -3.78063262429713e-11 -1.86358469480550e-11
 1.39733844697788e+06 -3.76697051919496e-11 -1.87238085518809e-11
 1.40147258439497e+06 -3.75975237324155e-11 -1.88054992010829e-11
 1.40560672181207e+06 -3.74634152255247e-11 -1.88816122416042e-11
 1.40974085922916e+06 -3.73298757886002e-11 -1.89528422934921e-11
 1.41387499664625e+06 -3.72416150929388e-11 -1.90198701827200e-11
 1.41800913406335e+06 -3.71925795865412e-11 -1.90833519500605e-11
 1.42214327148044e+06 -3.69899738640325e-11 -1.91439122072473e-11
 1.42627740889754e+06 -3.70063374278150e-11 -1.92021418215984e-11
 1.43041154631463e+06 -3.67360555412494e-11 -1.92585996264789e-11
 1.43454568373173e+06 -3.67585838800852e-11 -1.93138175918939e-11
 1.43867982114882e+06 -3.65525506297512e-11 -1.93683086620393e-11
 1.44281395856591e+06 -3.64428260593304e-11 -1.94225762875228e-11
 1.44694809598301e+06 -3.64438736866833e-11 -1.94771245593965e-11
 1.45108223340010e+06 -3.63003236457374e-11 -1.95324677974766e-11
 1.45521637081720e+06 -3.62021642535378e-11 -1.95891384603215e-11
 1.45935050823429e+06 -3.60435742307734e-11 -1.96476923286181e-11
 1.46348464565139e+06 -3.59916644314888e-11 -1.97087100640236e-11
 1.46761878306848e+06 -3.59066127844080e-11 -1.97727944541650e-11
 1.47175292048557e+06 -3.57885527921135e-11 -1.98405629110116e-11
 1.47588705790267e+06 -3.56627098704012e-11 -1.99126350809972e-11
 1.48002119531976e+06 -3.55531458748297e-11 -1.99896157352464e-11
 1.48415533273686e+06 -3.54782694920731e-11 -2.00720734209792e-11
 1.48828947015395e+06 -3.53771237442323e-11 -2.01605156527942e-11
 1.49242360757105e+06 -3.52357031683065e-11 -2.02553616890355e-11
 1.49655774498814e+06 -3.51531654655487e-11 -2.03569141579200e-11
 1.50069188240524e+06 -3.51310064780582e-11 -2.04653309578348e-11
 1.50482601982233e+06 -3.49377546386201e-11 -2.05805989455560e-11
 1.50896015723942e+06 -3.49102505463260e-11 -2.07025109384169e-11
 1.51309429465652e+06 -3.46864683122086e-11 -2.08306474887372e-11
 1.51722843207361e+06 -3.46952865683102e-11 -2.09643647420545e-11
 1.52136256949071e+06 -3.45464297004294e-11 -2.11027894703491e-11
 1.52549670690780e+06 -3.44448629148357e-11 -2.12448220864703e-11
 1.52963084432490e+06 -3.44105988575786e-11 -2.13891481090715e-11
 1.53376498174199e+06 -3.42811353469764e-11 -2.15342581741417e-11
 1.53789911915908e+06 -3.42405114344370e-11 -2.16784762972181e-11
 1.54203325657618e+06 -3.40267432278159e-11 -2.18199956988905e-11
 1.54616739399327e+06 -3.40190118734717e-11 -2.19569211342580e-11
 1.55030153141037e+06 -3.39121753326643e-11 -2.20873163337263e-11
 1.55443566882746e+06 -3.38121508709920e-11 -2.22092548847315e-11
 1.55856980624456e+06 -3.36899035495793e-11 -2.23208726767302e-11
 1.56270394366165e+06 -3.35156014268235e-11 -2.24204199062543e-11
 1.56683808107874e+06 -3.35395774594315e-11 -2.25063106029054e-11
 1.57097221849584e+06 -3.33122492169628e-11 -2.25771676939772e-11
 1.57510635591293e+06 -3.32353678849386e-11 -2.26318617740450e-11
 1.57924049333003e+06 -3.31906612841841e-11 -2.26695419803637e-11
 1.58337463074712e+06 -3.30678159207417e-11 -2.26896576857419e-11
 1.58750876816422e+06 -3.30505821632966e-11 -2.26919700936974e-11
 1.59164290558131e+06 -3.29394315869815e-11 -2.26765532393745e-11
 1.59577704299840e+06 -3.28694937964978e-11 -2.26437843446612e-11
 1.59991118041550e+06 -3.27939705481982e-11 -2.25943239264950e-11
 1.60404531783259e+06 -3.26327060582797e-11 -2.25290864923955e-11
 1.60817945524969e+06 -3.25786025585500e-11 -2.24492030563513e-11
 1.61231359266678e+06 -3.24126825397091e-11 -2.23559770524481e-11
 1.61644773008388e+06 -3.24105353781829e-11 -2.22508354969049e-11
 1.62058186750097e+06 -3.22475829369578e-11 -2.21352774384618e-11
 1.62471600491806e+06 -3.22067386319375e-11 -2.20108218335768e-11
 1.62885014233516e+06 -3.21522307415774e-11 -2.18789569823330e-11
 1.63298427975225e+06 -3.19700986680324e-11 -2.17410935634407e-11
 1.63711841716935e+06 -3.19354433416127e-11 -2.15985231174822e-11
 1.64125255458644e+06 -3.18144959493563e-11 -2.14523835558244e-11
 1.64538669200354e+06 -3.17067643138220e-11 -2.13036329319368e-11
 1.64952082942063e+06 -3.16808063291276e-11 -2.11530323187760e-11
 1.65365496683772e+06 -3.15099154422283e-11 -2.10011382096165e-11
 1.65778910425482e+06 -3.14988599011966e-11 -2.08483044208713e-11
 1.66192324167191e+06 -3.13772435901662e-11 -2.06946930450430e-11
 1.66605737908901e+06 -3.12678285988536e-11 -2.05402936006252e-11
 1.67019151650610e+06 -3.12155970739921e-11 -2.03849491723518e-11
 1.67432565392320e+06 -3.11144697237556e-11 -2.02283880460633e-11
 1.67845979134029e+06 -3.10403418642173e-11 -2.00702591306768e-11
 1.68259392875739e+06 -3.09753052285887e-11 -1.99101693344049e-11
 1.68672806617448e+06 -3.07818303933360e-11 -1.97477210280740e-11
 1.69086220359157e+06 -3.07701139631911e-11 -1.95825477853626e-11
 1.69499634100867e+06 -3.05716521129112e-11 -1.94143467335063e-11
 1.69913047842576e+06 -3.06058099831566e-11 -1.92429060697729e-11
 1.70326461584286e+06 -3.04407747011823e-11 -1.90681265863167e-11
 1.70739875325995e+06 -3.04789951746610e-11 -1.88900363832615e-11
 1.71153289067705e+06 -3.03254052055900e-11 -1.87087983190472e-11
 1.71566702809414e+06 -3.02505442714437e-11 -1.85247101290244e-11
 1.71980116551123e+06 -3.01602725214366e-11 -1.83381975183167e-11
 1.72393530292833e+06 -3.01101765159958e-11 -1.81498008842577e-11
 1.72806944034542e+06 -2.99742454315472e-11 -1.79601566297115e-11
 1.73220357776252e+06 -2.99092890357866e-11 -1.77699742767892e-11
 1.73633771517961e+06 -2.97650012159107e-11 -1.75800107690057e-11
 1.74047185259671e+06 -2.97479044336326e-11 -1.73910434511926e-11
 1.74460599001380e+06 -2.96030084713233e-11 -1.72038432367073e-11
 1.74874012743089e+06 -2.95898487835376e-11 -1.70191494114033e-11
 1.75287426484799e+06 -2.94236483637598e-11 -1.68376473881277e-11
 1.75700840226508e+06 -2.94417044442083e-11 -1.66599505229858e-11
 1.76114253968218e+06 -2.93228281801849e-11 -1.64865868472723e-11
 1.76527667709927e+06 -2.92068287866433e-11 -1.63179912715066e-11
 1.76941081451637e+06 -2.90676249115352e-11 -1.61545034971039e-11
 1.77354495193346e+06 -2.90413737502153e-11 -1.59963715444117e-11
 1.77767908935055e+06 -2.88978243074887e-11 -1.58437604906896e-11
 1.78181322676765e+06 -2.88727322687356e-11 -1.56967657249759e-11
 1.78594736418474e+06 -2.87592137418853e-11 -1.55554297833534e-11
 1.79008150160184e+06 -2.87602868140908e-11 -1.54197616405300e-11
 1.79421563901893e+06 -2.86722840625967e-11 -1.52897572109159e-11
 1.79834977643603e+06 -2.85736103919034e-11 -1.51654197602319e-11
 1.80248391385312e+06 -2.84978238379609e-11 -1.50467789488655e-11
 1.80661805127021e+06 -2.84237898251862e-11 -1.49339073184921e-11
 1.81075218868731e+06 -2.82920236708285e-11 -1.48269331881445e-11
 1.81488632610440e+06 -2.82056896610770e-11 -1.47260491356669e-11
 1.81902046352150e+06 -2.81504477387201e-11 -1.46315154933401e-11
 1.82315460093859e+06 -2.80373995375762e-11 -1.45436585681638e-11
 1.82728873835569e+06 -2.80258413040779e-11 -1.44628635924986e-11
 1.83142287577278e+06 -2.79138210180991e-11 -1.43895627033079e-11
 1.83555701318987e+06 -2.78264356116870e-11 -1.43242185227062e-11
 1.83969115060697e+06 -2.78042980362601e-11 -1.42673041542411e-11
 1.84382528802406e+06 -2.76034956079879e-11 -1.42192806061248e-11
 1.84795942544116e+06 -2.76369738840895e-11 -1.41805727944313e-11
 1.85209356285825e+06 -2.74907250793827e-11 -1.41515453592798e-11
 1.85622770027535e+06 -2.74605950708505e-11 -1.41324795420729e-11
 1.86036183769244e+06 -2.73561275366515e-11 -1.41235523217600e-11
 1.86449597510954e+06 -2.72559163113642e-11 -1.41248188966154e-11
 1.86863011252663e+06 -2.72058651337903e-11 -1.41361994319325e-11
 1.87276424994372e+06 -2.71492136234930e-11 -1.41574707826489e-11
 1.87689838736082e+06 -2.70550629378498e-11 -1.41882636553757e-11
 1.88103252477791e+06 -2.69326092042082e-11 -1.42280654094190e-11
 1.88516666219501e+06 -2.68503502562624e-11 -1.42762284256545e-11
 1.88930079961210e+06 -2.68360371639273e-11 -1.43319837093527e-11
 1.89343493702920e+06 -2.66552931046693e-11 -1.43944591516856e-11
 1.89756907444629e+06 -2.66082214573972e-11 -1.44627016667169e-11
 1.90170321186338e+06 -2.64989382246060e-11 -1.45357022557362e-11
 1.90583734928048e+06 -2.65013892224978e-11 -1.46124229364958e-11
 1.90997148669757e+06 -2.64656652465369e-11 -1.46918244154143e-11
 1.91410562411467e+06 -2.63377588729561e-11 -1.47728933777174e-11
 1.91823976153176e+06 -2.62907439499772e-11 -1.48546683219492e-11
 1.92237389894886e+06 -2.62162519017987e-11 -1.49362629670783e-11
 1.92650803636595e+06 -2.61122346502870e-11 -1.50168864051544e-11
 1.93064217378304e+06 -2.60446952421200e-11 -1.50958593513834e-11
 1.93477631120014e+06 -2.58971461008809e-11 -1.51726260455870e-11
 1.93891044861723e+06 -2.59199795697666e-11 -1.52467615731374e-11
 1.94304458603433e+06 -2.57698521646338e-11 -1.53179745875236e-11
 1.94717872345142e+06 -2.57658578889134e-11 -1.53861056198216e-11
 1.95131286086852e+06 -2.56624242199916e-11 -1.54511213419563e-11
 1.95544699828561e+06 -2.56076520789770e-11 -1.55131053025149e-11
 1.95958113570270e+06 -2.55720792412888e-11 -1.55722457691642e-11
 1.96371527311980e+06 -2.54455753786323e-11 -1.56288213865731e-11
 1.96784941053689e+06 -2.53728450821233e-11 -1.56831853912418e-11
 1.97198354795399e+06 -2.53422322045064e-11 -1.57357491158274e-11
 1.97611768537108e+06 -2.52231013578196e-11 -1.57869654685401e-11
 1.98025182278818e+06 -2.51956972437805e-11 -1.58373129934427e-11
 1.98438596020527e+06 -2.50830384797618e-11 -1.58872810119757e-11
 1.98852009762236e+06 -2.50342449479378e-11 -1.59373562229475e-11
 1.99265423503946e+06 -2.49682172808107e-11 -1.59880110066816e-11
 1.99678837245655e+06 -2.48402176255322e-11 -1.60396935478481e-11
 2.00092250987365e+06 -2.48644770655927e-11 -1.60928197692514e-11
 2.00505664729074e+06 -2.47275444828332e-11 -1.61477669631917e-11
 2.00919078470784e+06 -2.46447990135771e-11 -1.62048689238471e-11
 2.01332492212493e+06 -2.45470314131643e-11 -1.62644123278484e-11
 2.01745905954202e+06 -2.44788996772873e-11 -1.63266340830126e-11
 2.02159319695912e+06 -2.44327352637550e-11 -1.63917193672777e-11
 2.02572733437621e+06 -2.43129844566624e-11 -1.64598001091376e-11
 2.02986147179331e+06 -2.42691346676635e-11 -1.65309537136490e-11
 2.03399560921040e+06 -2.42257817866684e-11 -1.66052019086866e-11
 2.03812974662750e+06 -2.41898065444154e-11 -1.66825096680431e-11
 2.04226388404459e+06 -2.41280018589359e-11 -1.67627842536222e-11
 2.04639802146168e+06 -2.40513431344699e-11 -1.68458745007989e-11
 2.05053215887878e+06 -2.39800429397565e-11 -1.69315705416472e-11
 2.05466629629587e+06 -2.39088774184788e-11 -1.70196042134641e-11
 2.05880043371297e+06 -2.39088034673956e-11 -1.71096504298155e-11
 2.06293457113006e+06 -2.38049982771058e-11 -1.72013297943094e-11
 2.06706870854716e+06 -2.37493056984818e-11 -1.72942127118948e-11
 2.07120284596425e+06 -2.36784104214545e-11 -1.73878251988597e-11
 2.07533698338135e+06 -2.35948431937432e-11 -1.74816565134131e-11
 2.07947112079844e+06 -2.35161755641557e-11 -1.75751686279424e-11
 2.08360525821553e+06 -2.34594046797286e-11 -1.76678074479138e-11
 2.08773939563263e+06 -2.33583223211393e-11 -1.77590155581074e-11
 2.09187353304972e+06 -2.32792855585537e-11 -1.78482461529666e-11
 2.09600767046682e+06 -2.32232794522865e-11 -1.79349776925743e-11
 2.10014180788391e+06 -2.32016246427031e-11 -1.80187287278244e-11
 2.10427594530101e+06 -2.30747982394679e-11 -1.80990722652673e-11
 2.10841008271810e+06 -2.30502227617516e-11 -1.81756490004364e-11
 2.11254422013519e+06 -2.29663897922117e-11 -1.82481787427214e-11
 2.11667835755229e+06 -2.28990680160350e-11 -1.83164693880606e-11
 2.12081249496938e+06 -2.28450025227039e-11 -1.83804228678938e-11
 2.12494663238648e+06 -2.27335847450901e-11 -1.84400376123142e-11
 2.12908076980357e+06 -2.27544721565114e-11 -1.84954072076352e-11
 2.13321490722067e+06 -2.25983455977040e-11 -1.85467150972433e-11
 2.13734904463776e+06 -2.25822447473812e-11 -1.85942253614202e-11
 2.14148318205485e+06 -2.24318840752121e-11 -1.86382698069013e-11
 2.14561731947195e+06 -2.24162035057717e-11 -1.86792317899694e-11
 2.14975145688904e+06 -2.24483319076718e-11 -1.87175273768775e-11
 2.15388559430614e+06 -2.23026877894128e-11 -1.87535846018940e-11
 2.15801973172323e+06 -2.23161399936029e-11 -1.87878217069120e-11
 2.16215386914033e+06 -2.21500062220800e-11 -1.88206253292437e-11
 2.16628800655742e+06 -2.21832093105500e-11 -1.88523296401222e-11
 2.17042214397451e+06 -2.21009175190421e-11 -1.88831974221102e-11
 2.17455628139161e+06 -2.20347221261743e-11 -1.89134040082243e-11
 2.17869041880870e+06 -2.19764746874805e-11 -1.89430248911138e-11
 2.18282455622580e+06 -2.18669217196801e-11 -1.89720276520226e-11
 2.18695869364289e+06 -2.18718343816439e-11 -1.90002686635393e-11
 2.19109283105999e+06 -2.18115617388404e-11 -1.90274947970885e-11
 2.19522696847708e+06 -2.16562666807921e-11 -1.90533501266317e-11
 2.19936110589417e+06 -2.16581037505153e-11 -1.90773873767155e-11
 2.20349524331127e+06 -2.15234338344385e-11 -1.90990836283261e-11
 2.20762938072836e+06 -2.15253959128274e-11 -1.91178595826608e-11
 2.21176351814546e+06 -2.14465406696996e-11 -1.91331015023787e-11
 2.21589765556255e+06 -2.13225322062548e-11 -1.91441848121885e-11
 2.22003179297965e+06 -2.13266015438525e-11 -1.91504982534832e-11
 2.22416593039674e+06 -2.12001029150227e-11 -1.91514674564046e-11
 2.22830006781383e+06 -2.11832945244826e-11 -1.91465768194783e-11
 2.23243420523093e+06 -2.11438082264801e-11 -1.91353886708113e-11
 2.23656834264802e+06 -2.10439851182364e-11 -1.91175588220027e-11
 2.24070248006512e+06 -2.10549353017002e-11 -1.90928478093920e-11
 2.24483661748221e+06 -2.09496346555021e-11 -1.90611273377166e-11
 2.24897075489931e+06 -2.09683972489454e-11 -1.90223816870938e-11
 2.25310489231640e+06 -2.08226684305237e-11 -1.89767041026076e-11
 2.25723902973349e+06 -2.07729240070216e-11 -1.89242884427948e-11
 2.26137316715059e+06 -2.07357871993634e-11 -1.88654166053673e-11
 2.26550730456768e+06 -2.06084368071485e-11 -1.88004424624967e-11
 2.26964144198478e+06 -2.06234323646111e-11 -1.87297732122406e-11
 2.27377557940187e+06 -2.04852103021833e-11 -1.86538491779300e-11
 2.27790971681897e+06 -2.04575397558879e-11 -1.85731231565547e-11
 2.28204385423606e+06 -2.04187342245071e-11 -1.84880404265058e-11
 2.28617799165316e+06 -2.03571587451787e-11 -1.83990204741687e-11
 2.29031212907025e+06 -2.03001476788400e-11 -1.83064413901228e-11
 2.29444626648734e+06 -2.02309529983759e-11 -1.82106277253408e-11
 2.29858040390444e+06 -2.01676928739652e-11 -1.81118423944146e-11
 2.30271454132153e+06 -2.01430098641334e-11 -1.80102829776133e-11
 2.30684867873863e+06 -2.00285328016317e-11 -1.79060825195554e-11
 2.31098281615572e+06 -2.00472466358046e-11 -1.77993146634254e-11
 2.31511695357282e+06 -1.98940929140494e-11 -1.76900027104228e-11
 2.31925109098991e+06 -1.99558753122762e-11 -1.75781319683703e-11
 2.32338522840700e+06 -1.98666566165344e-11 -1.74636645638629e-11
 2.32751936582410e+06 -1.97325104666681e-11 -1.73465557495549e-11
 2.33165350324119e+06 -1.97282696762592e-11 -1.72267706505985e-11
 2.33578764065829e+06 -1.96138873047419e-11 -1.71043003667389e-11
 2.33992177807538e+06 -1.96440266980912e-11 -1.69791763811183e-11
 2.34405591549248e+06 -1.95207421020449e-11 -1.68514823218416e-11
 2.34819005290957e+06 -1.94872041799251e-11 -1.67213622727288e-11
 2.35232419032666e+06 -1.93816164202633e-11 -1.65890250273860e-11
 2.35645832774376e+06 -1.93473416671020e-11 -1.64547439151031e-11
 2.36059246516085e+06 -1.93385280888795e-11 -1.63188520849463e-11
 2.36472660257795e+06 -1.92777430024022e-11 -1.61817334018770e-11
 2.36886073999504e+06 -1.91807706785916e-11 -1.60438093704910e-11
 2.37299487741214e+06 -1.91968652059309e-11 -1.59055227435854e-11
 2.37712901482923e+06 -1.91227158730919e-11 -1.57673186804144e-11
 2.38126315224632e+06 -1.90377572658233e-11 -1.56296244812183e-11
 2.38539728966342e+06 -1.89526939124006e-11 -1.54928290309563e-11
 2.38953142708051e+06 -1.89505663263352e-11 -1.53572631295810e-11
 2.39366556449761e+06 -1.88729838971207e-11 -1.52231818655634e-11
 2.39779970191470e+06 -1.88826202552202e-11 -1.50907501039358e-11
 2.40193383933180e+06 -1.88018212096664e-11 -1.49600320140347e-11
 2.40606797674889e+06 -1.87212703753591e-11 -1.48309853625082e-11
 2.41020211416598e+06 -1.86485942385843e-11 -1.47034610543367e-11
 2.41433625158308e+06 -1.86020973742962e-11 -1.45772081314812e-11
 2.41847038900017e+06 -1.85589109730656e-11 -1.44518841495758e-11
 2.42260452641727e+06 -1.85101069245100e-11 -1.43270705635449e-11
 2.42673866383436e+06 -1.83887631985151e-11 -1.42022924785972e-11
 2.43087280125146e+06 -1.84733889625102e-11 -1.40770418788641e-11
 2.43500693866855e+06 -1.83537180853121e-11 -1.39508032453143e-11
 2.43914107608564e+06 -1.83423785235267e-11 -1.38230803286600e-11
 2.44327521350274e+06 -1.82360112704621e-11 -1.36934227602618e-11
 2.44740935091983e+06 -1.82477833068203e-11 -1.35614511693694e-11
 2.45154348833693e+06 -1.81781079393705e-11 -1.34268795299029e-11
 2.45567762575402e+06 -1.80992323981208e-11 -1.32895335819453e-11
 2.45981176317112e+06 -1.80575589769237e-11 -1.31493643564805e-11
 2.46394590058821e+06 -1.80521223096663e-11 -1.30064560671625e-11
 2.46808003800530e+06 -1.79214260517173e-11 -1.28610279082779e-11
 2.47221417542240e+06 -1.79357343585671e-11 -1.27134295992100e-11
 2.47634831283949e+06 -1.77594036635724e-11 -1.25641308270312e-11
 2.48048245025659e+06 -1.77872022545320e-11 -1.24137050441446e-11
 2.48461658767368e+06 -1.77609314859107e-11 -1.22628083610979e-11
 2.48875072509078e+06 -1.77609980620138e-11 -1.21121545211169e-11
 2.49288486250787e+06 -1.76919163911357e-11 -1.19624871394967e-11
 2.49701899992497e+06 -1.76370962647614e-11 -1.18145505274940e-11
 2.50115313734206e+06 -1.75791797873310e-11 -1.16690604896089e-11
 2.50528727475915e+06 -1.75705285106179e-11 -1.15266764815035e-11
 2.50942141217625e+06 -1.74886986045527e-11 -1.13879764434463e-11
 2.51355554959334e+06 -1.74291803768606e-11 -1.12534354848722e-11
 2.51768968701044e+06 -1.73658464657973e-11 -1.11234093968760e-11
 2.52182382442753e+06 -1.73298891286734e-11 -1.09981237216454e-11
 2.52595796184463e+06 -1.71906136338147e-11 -1.08776688240709e-11
 2.53009209926172e+06 -1.72290832713913e-11 -1.07620011061173e-11
 2.53422623667881e+06 -1.70494007868585e-11 -1.06509501947408e-11
 2.53836037409591e+06 -1.70853518545575e-11 -1.05442316357862e-11
 2.54249451151300e+06 -1.70154517641256e-11 -1.04414643546176e-11
 2.54662864893010e+06 -1.70445080824641e-11 -1.03421919136049e-11
 2.55076278634719e+06 -1.69968040973427e-11 -1.02459064187393e-11
 2.55489692376429e+06 -1.69872664675153e-11 -1.01520738116145e-11
 2.55903106118138e+06 -1.69005864254455e-11 -1.00601592345798e-11
 2.56316519859847e+06 -1.68622983184072e-11 -9.96965117800639e-12
 2.56729933601557e+06 -1.67589466623057e-11 -9.88008320771700e-12
 2.57143347343266e+06 -1.67645278217953e-11 -9.79105222250311e-12
 2.57556761084976e+06 -1.66677436296868e-11 -9.70223239763952e-12
 2.57970174826685e+06 -1.66110263684900e-11 -9.61338421891830e-12
 2.58383588568395e+06 -1.65836148445810e-11 -9.52435828953824e-12
 2.58797002310104e+06 -1.65547775746250e-11 -9.43509388368112e-12
 2.59210416051813e+06 -1.65450231956930e-11 -9.34561251029471e-12
 2.59623829793523e+06 -1.64569396715750e-11 -9.25600702266674e-12
 2.60037243535232e+06 -1.64425497798724e-11 -9.16642704919282e-12
 2.60450657276942e+06 -1.63131969710776e-11 -9.07706171560443e-12
 2.60864071018651e+06 -1.62722170007824e-11 -8.98812076836842e-12
 2.61277484760361e+06 -1.62419157327682e-11 -8.89981528581990e-12
 2.61690898502070e+06 -1.61911998077032e-11 -8.81233917383446e-12
 2.62104312243779e+06 -1.61758245177641e-11 -8.72585258635376e-12
 2.62517725985489e+06 -1.61010205528803e-11 -8.64046829112559e-12
 2.62931139727198e+06 -1.61015238949780e-11 -8.55624182426323e-12
 2.63344553468908e+06 -1.60579993290613e-11 -8.47316605379748e-12
 2.63757967210617e+06 -1.59827377108526e-11 -8.39117051424563e-12
 2.64171380952327e+06 -1.59519725931923e-11 -8.31012559586703e-12
 2.64584794694036e+06 -1.59102125577438e-11 -8.22985138873096e-12
 2.64998208435745e+06 -1.58113163922803e-11 -8.15013070866565e-12
 2.65411622177455e+06 -1.58056448144381e-11 -8.07072558441464e-12
 2.65825035919164e+06 -1.57432685423976e-11 -7.99139627653111e-12
 2.66238449660874e+06 -1.56930951701524e-11 -7.91192174009649e-12
 2.66651863402583e+06 -1.56520549860548e-11 -7.83212034400206e-12
 2.67065277144293e+06 -1.56260202118809e-11 -7.75186962489434e-12
 2.67478690886002e+06 -1.56107154771565e-11 -7.67112388595965e-12
 2.67892104627712e+06 -1.54931998934053e-11 -7.58992854812895e-12
 2.68305518369421e+06 -1.55226427700405e-11 -7.50843031903715e-12
 2.68718932111130e+06 -1.53329894000613e-11 -7.42688245479721e-12
 2.69132345852840e+06 -1.53425751534870e-11 -7.34564464077462e-12
 2.69545759594549e+06 -1.53165401156835e-11 -7.26517729637130e-12
 2.69959173336259e+06 -1.52990248376323e-11 -7.18603040122024e-12
 2.70372587077968e+06 -1.52843389478555e-11 -7.10882723032507e-12
 2.70786000819678e+06 -1.52417186992924e-11 -7.03424365852838e-12
 2.71199414561387e+06 -1.52155589412173e-11 -6.96298393586386e-12
 2.71612828303096e+06 -1.51453770011220e-11 -6.89575403190589e-12
 2.72026242044806e+06 -1.50896266357647e-11 -6.83323378903280e-12
 2.72439655786515e+06 -1.49617403464071e-11 -6.77604920386516e-12
 2.72853069528225e+06 -1.49645385062600e-11 -6.72474616872272e-12
 2.73266483269934e+06 -1.49259174072518e-11 -6.67976695006457e-12
 2.73679897011644e+06 -1.48321928581285e-11 -6.64143056103403e-12
 2.74093310753353e+06 -1.48129498780343e-11 -6.60991800656876e-12
 2.74506724495062e+06 -1.47957069181033e-11 -6.58526315107264e-12
 2.74920138236772e+06 -1.48053397457003e-11 -6.56734969189140e-12
 2.75333551978481e+06 -1.47699671081536e-11 -6.55591443036565e-12
 2.75746965720191e+06 -1.47054944087795e-11 -6.55055673087278e-12
 2.76160379461900e+06 -1.46561725090916e-11 -6.55075376194077e-12
 2.76573793203610e+06 -1.46190635895887e-11 -6.55588083751334e-12
 2.76987206945319e+06 -1.46082713101126e-11 -6.56523593407730e-12
 2.77400620687028e+06 -1.44673788344538e-11 -6.57806726303445e-12
 2.77814034428738e+06 -1.44185272297870e-11 -6.59360263668628e-12
 2.78227448170447e+06 -1.43601457401947e-11 -6.61107928743941e-12
 2.78640861912157e+06 -1.44116018279737e-11 -6.62977278669724e-12
 2.79054275653866e+06 -1.43365888921839e-11 -6.64902376265435e-12
 2.79467689395576e+06 -1.42934818922309e-11 -6.66826123175693e-12
 2.79881103137285e+06 -1.42107311134050e-11 -6.68702153035681e-12
 2.80294516878994e+06 -1.42105003095397e-11 -6.70496205246899e-12
 2.80707930620704e+06 -1.41686115215606e-11 -6.72186925471071e-12
 2.81121344362413e+06 -1.40607854524698e-11 -6.73766066770562e-12
 2.81534758104123e+06 -1.40286739197717e-11 -6.75238094025558e-12
 2.81948171845832e+06 -1.40687279575179e-11 -6.76619222415382e-12
 2.82361585587542e+06 -1.40612905568129e-11 -6.77935946975464e-12
 2.82774999329251e+06 -1.40196249495432e-11 -6.79223143250056e-12
 2.83188413070960e+06 -1.39414919864212e-11 -6.80521837778313e-12
 2.83601826812670e+06 -1.39889027904433e-11 -6.81876760700512e-12
 2.84015240554379e+06 -1.38346841774532e-11 -6.83333800577540e-12
 2.84428654296089e+06 -1.38653176097962e-11 -6.84937483284483e-12
 2.84842068037798e+06 -1.38092491592119e-11 -6.86728592594363e-12
 2.85255481779508e+06 -1.37391234732113e-11 -6.88742040137382e-12
 2.85668895521217e+06 -1.37097499888714e-11 -6.91005077405007e-12
 2.86082309262927e+06 -1.36451363806775e-11 -6.93535923235421e-12
 2.86495723004636e+06 -1.36274380572274e-11 -6.96342857801590e-12
 2.86909136746345e+06 -1.36281747356832e-11 -6.99423809742516e-12
 2.87322550488055e+06 -1.35663708073258e-11 -7.02766437985848e-12
 2.87735964229764e+06 -1.34846883920311e-11 -7.06348685305255e-12
 2.88149377971474e+06 -1.34744538770785e-11 -7.10139757957380e-12
 2.88562791713183e+06 -1.34656698037251e-11 -7.14101465972722e-12
 2.88976205454893e+06 -1.33981330429329e-11 -7.18189842765395e-12
 2.89389619196602e+06 -1.33289600973396e-11 -7.22356951406899e-12
 2.89803032938311e+06 -1.32663812542322e-11 -7.26552778642888e-12
 2.90216446680021e+06 -1.32776883688078e-11 -7.30727116743328e-12
 2.90629860421730e+06 -1.32497130168478e-11 -7.34831337447093e-12
 2.91043274163440e+06 -1.31795040564593e-11 -7.38819971315280e-12
 2.91456687905149e+06 -1.31531760618099e-11 -7.42652019094008e-12
 2.91870101646859e+06 -1.31514479883915e-11 -7.46291938466734e-12
 2.92283515388568e+06 -1.31218579608031e-11 -7.49710268861338e-12
 2.92696929130277e+06 -1.30546629773510e-11 -7.52883877710330e-12
 2.93110342871987e+06 -1.30659641531788e-11 -7.55795832630950e-12
 2.93523756613696e+06 -1.30151481152523e-11 -7.58434924271570e-12
 2.93937170355406e+06 -1.29551301976191e-11 -7.60794883017946e-12
 2.94350584097115e+06 -1.29716510209859e-11 -7.62873348432708e-12
 2.94763997838825e+06 -1.29251339896912e-11 -7.64670662454253e-12
 2.95177411580534e+06 -1.29138497909296e-11 -7.66188565421599e-12
 2.95590825322243e+06 -1.28371027016964e-11 -7.67428877604927e-12
 2.96004239063953e+06 -1.27991559319108e-11 -7.68392247980453e-12
 2.96417652805662e+06 -1.27309628252124e-11 -7.69077046646467e-12
 2.96831066547372e+06 -1.27132356518398e-11 -7.69478467904691e-12
 2.97244480289081e+06 -1.26450174010959e-11 -7.69587898187953e-12
 2.97657894030791e+06 -1.26233786649252e-11 -7.69392587457273e-12
 2.98071307772500e+06 -1.25803352659699e-11 -7.68875645280303e-12
 2.98484721514209e+06 -1.25119913229110e-11 -7.68016364502198e-12
 2.98898135255919e+06 -1.25201365748108e-11 -7.66790857205161e-12
 2.99311548997628e+06 -1.24306822256370e-11 -7.65172970479632e-12
 2.99724962739338e+06 -1.24038155375343e-11 -7.63135434302081e-12
 3.00138376481047e+06 -1.24409156906367e-11 -7.60651181283106e-12
 3.00551790222757e+06 -1.23859260195350e-11 -7.57694768844377e-12
 3.00965203964466e+06 -1.23480961878597e-11 -7.54243828931203e-12
 3.01378617706175e+06 -1.23200340064197e-11 -7.50280468894862e-12
 3.01792031447885e+06 -1.23213390411316e-11 -7.45792549704574e-12
 3.02205445189594e+06 -1.22511245175887e-11 -7.40774773987867e-12
 3.02618858931304e+06 -1.21883468050256e-11 -7.35229526154435e-12
 3.03032272673013e+06 -1.21863201345919e-11 -7.29167419481992e-12
 3.03445686414723e+06 -1.21705754244063e-11 -7.22607519843394e-12
 3.03859100156432e+06 -1.21016326965557e-11 -7.15577231936189e-12
 3.04272513898141e+06 -1.21262133642260e-11 -7.08111850577830e-12
 3.04685927639851e+06 -1.20902041867629e-11 -7.00253796012573e-12
 3.05099341381560e+06 -1.20070296413109e-11 -6.92051567388135e-12
 3.05512755123270e+06 -1.20207905444491e-11 -6.83558461858649e-12
 3.05926168864979e+06 -1.19118681201764e-11 -6.74831117519824e-12
 3.06339582606689e+06 -1.18993296735104e-11 -6.65927946063686e-12
 3.06752996348398e+06 -1.18609841980743e-11 -6.56907525349718e-12
 3.07166410090108e+06 -1.18135122622984e-11 -6.47827022845604e-12
 3.07579823831817e+06 -1.17769166820208e-11 -6.38740718152168e-12
 3.07993237573526e+06 -1.17041100604316e-11 -6.29698686770848e-12
 3.08406651315236e+06 -1.17473266431287e-11 -6.20745698304800e-12
 3.08820065056945e+06 -1.16923384507317e-11 -6.11920370889840e-12
 3.09233478798655e+06 -1.16520679015138e-11 -6.03254610467073e-12
 3.09646892540364e+06 -1.16270698762387e-11 -5.94773349237665e-12
 3.10060306282074e+06 -1.16045797219396e-11 -5.86494583010211e-12
 3.10473720023783e+06 -1.16259115617047e-11 -5.78429692917707e-12
 3.10887133765492e+06 -1.15210788828561e-11 -5.70584023831262e-12
 3.11300547507202e+06 -1.14128472308012e-11 -5.62957680384023e-12
 3.11713961248911e+06 -1.14185719938387e-11 -5.55546492336393e-12
 3.12127374990621e+06 -1.13525009301042e-11 -5.48343094502765e-12
 3.12540788732330e+06 -1.14204943484880e-11 -5.41338062843706e-12
 3.12954202474040e+06 -1.13301462130587e-11 -5.34521047723438e-12
 3.13367616215749e+06 -1.13135405368109e-11 -5.27881847688236e-12
 3.13781029957458e+06 -1.12542779865243e-11 -5.21411372231516e-12
 3.14194443699168e+06 -1.12867909196280e-11 -5.15102449535115e-12
 3.14607857440877e+06 -1.12733336802312e-11 -5.08950444679335e-12
 3.15021271182587e+06 -1.11578834771788e-11 -5.02953664741556e-12
 3.15434684924296e+06 -1.12046689520552e-11 -4.97113538974548e-12
 3.15848098666006e+06 -1.11688202771359e-11 -4.91434574240405e-12
 3.16261512407715e+06 -1.10997351860243e-11 -4.85924097464999e-12
 3.16674926149424e+06 -1.10652374976333e-11 -4.80591807490585e-12
 3.17088339891134e+06 -1.10167942111533e-11 -4.75449167843594e-12
 3.17501753632843e+06 -1.09652138252306e-11 -4.70508679150159e-12
 3.17915167374553e+06 -1.09755331956714e-11 -4.65783074954695e-12
 3.18328581116262e+06 -1.09134057539503e-11 -4.61284487301748e-12
 3.18741994857972e+06 -1.08734453410815e-11 -4.57023628590791e-12
 3.19155408599681e+06 -1.08772658907292e-11 -4.53009033961946e-12
 3.19568822341390e+06 -1.08565061764828e-11 -4.49246404016428e-12
 3.19982236083100e+06 -1.08035697018721e-11 -4.45738081303024e-12
 3.20395649824809e+06 -1.07985097966176e-11 -4.42482686103779e-12
 3.20809063566519e+06 -1.07694002104240e-11 -4.39474928077890e-12
 3.21222477308228e+06 -1.07519547617255e-11 -4.36705600761829e-12
 3.21635891049938e+06 -1.06754444801756e-11 -4.34161756281934e-12
 3.22049304791647e+06 -1.06596155325422e-11 -4.31827048425488e-12
 3.22462718533356e+06 -1.06478432246053e-11 -4.29682223874101e-12
 3.22876132275066e+06 -1.06311914695095e-11 -4.27705734351587e-12
 3.23289546016775e+06 -1.05021000510903e-11 -4.25874436990026e-12
 3.23702959758485e+06 -1.05059014260832e-11 -4.24164346603261e-12
 3.24116373500194e+06 -1.05133595958455e-11 -4.22551401919819e-12
 3.24529787241904e+06 -1.05268927975870e-11 -4.21012208178248e-12
 3.24943200983613e+06 -1.04101945400277e-11 -4.19524720753335e-12
 3.25356614725323e+06 -1.03929360071876e-11 -4.18068838507180e-12
 3.25770028467032e+06 -1.04518097870621e-11 -4.16626881050408e-12
 3.26183442208741e+06 -1.03522059547468e-11 -4.15183930778026e-12
 3.26596855950451e+06 -1.03401915127620e-11 -4.13728027988251e-12
 3.27010269692160e+06 -1.02577655590314e-11 -4.12250215238501e-12
 3.27423683433870e+06 -1.03100239459634e-11 -4.10744434901384e-12
 3.27837097175579e+06 -1.02268010021351e-11 -4.09207291268127e-12
 3.28250510917289e+06 -1.02006401495218e-11 -4.07637695142304e-12
 3.28663924658998e+06 -1.01749306775773e-11 -4.06036414363055e-12
 3.29077338400707e+06 -1.01741722022570e-11 -4.04405557833184e-12
 3.29490752142417e+06 -1.01560995100019e-11 -4.02748023250063e-12
 3.29904165884126e+06 -1.01047593709236e-11 -4.01066939747666e-12
 3.30317579625836e+06 -1.00990176487788e-11 -3.99365136043572e-12
 3.30730993367545e+06 -1.01038562481155e-11 -3.97644662544851e-12
 3.31144407109255e+06 -9.99144961543549e-12 -3.95906392326781e-12
 3.31557820850964e+06 -9.99528649841982e-12 -3.94149721203142e-12
 3.31971234592673e+06 -9.94337169835681e-12 -3.92372381501582e-12
 3.32384648334383e+06 -9.93477567905034e-12 -3.90570377975517e-12
 3.32798062076092e+06 -9.90813166765749e-12 -3.88738047826000e-12
 3.33211475817802e+06 -9.84428732670068e-12 -3.86868240428821e-12
 3.33624889559511e+06 -9.81427603237959e-12 -3.84952606364439e-12
 3.34038303301221e+06 -9.84429115521767e-12 -3.82981980021055e-12
 3.34451717042930e+06 -9.78678758730875e-12 -3.80946835638689e-12
 3.34865130784639e+06 -9.75755255812239e-12 -3.78837793370405e-12
 3.35278544526349e+06 -9.70693514110241e-12 -3.76646149872602e-12
 3.35691958268058e+06 -9.76823083049444e-12 -3.74364407197254e-12
 3.36105372009768e+06 -9.66055728871918e-12 -3.71986774304533e-12
 3.36518785751477e+06 -9.67111564113143e-12 -3.69509617300955e-12
 3.36932199493187e+06 -9.57016420024285e-12 -3.66931837407877e-12
 3.37345613234896e+06 -9.62048529776856e-12 -3.64255159487425e-12
 3.37759026976605e+06 -9.56796363702499e-12 -3.61484318499739e-12
 3.38172440718315e+06 -9.52905547456907e-12 -3.58627136279350e-12
 3.38585854460024e+06 -9.48995117028826e-12 -3.55694486241506e-12
 3.38999268201734e+06 -9.51191173237506e-12 -3.52700148811532e-12
 3.39412681943443e+06 -9.47712244304615e-12 -3.49660565243703e-12
 3.39826095685153e+06 -9.41725989139484e-12 -3.46594501863657e-12
 3.40239509426862e+06 -9.39266304935023e-12 -3.43522640401212e-12
 3.40652923168571e+06 -9.44661262613296e-12 -3.40467112873252e-12
 3.41066336910281e+06 -9.33413116929440e-12 -3.37451001286354e-12
 3.41479750651990e+06 -9.33304686717291e-12 -3.34497823234385e-12
 3.41893164393700e+06 -9.30684271477965e-12 -3.31631024257766e-12
 3.42306578135409e+06 -9.24833360558044e-12 -3.28873496655174e-12
 3.42719991877119e+06 -9.25016538611564e-12 -3.26247142398183e-12
 3.43133405618828e+06 -9.21045685363796e-12 -3.23772495028001e-12
 3.43546819360538e+06 -9.18970538851277e-12 -3.21468412064155e-12
 3.43960233102247e+06 -9.16112489570250e-12 -3.19351845726416e-12
 3.44373646843956e+06 -9.16663454488406e-12 -3.17437695854867e-12
 3.44787060585666e+06 -9.10791747726936e-12 -3.15738744992026e-12
 3.45200474327375e+06 -9.05004421563802e-12 -3.14265671873619e-12
 3.45613888069085e+06 -9.08073580740239e-12 -3.13027136220171e-12
 3.46027301810794e+06 -9.04797605511949e-12 -3.12029924854655e-12
 3.46440715552504e+06 -9.07969344766786e-12 -3.11279146954491e-12
 3.46854129294213e+06 -8.99427218071214e-12 -3.10778464685901e-12
 3.47267543035922e+06 -9.01042741618958e-12 -3.10530344676200e-12
 3.47680956777632e+06 -8.90561220973875e-12 -3.10536315697640e-12
 3.48094370519341e+06 -8.89957440290595e-12 -3.10797218563672e-12
 3.48507784261051e+06 -8.87692624018588e-12 -3.11313435498907e-12
 3.48921198002760e+06 -8.84231321155507e-12 -3.12085088035380e-12
 3.49334611744470e+06 -8.83371550808732e-12 -3.13112194704443e-12
 3.49748025486179e+06 -8.76569615659002e-12 -3.14394782300101e-12
 3.50161439227888e+06 -8.80375956175843e-12 -3.15932947140296e-12
 3.50574852969598e+06 -8.79390620987331e-12 -3.17726865429900e-12
 3.50988266711307e+06 -8.69695750137308e-12 -3.19776754380475e-12
 3.51401680453017e+06 -8.69859828998303e-12 -3.22082788064198e-12
 3.51815094194726e+06 -8.65277794699937e-12 -3.24644973970838e-12
 3.52228507936436e+06 -8.65501780804369e-12 -3.27462997824376e-12
 3.52641921678145e+06 -8.60517506608783e-12 -3.30536045343109e-12
 3.53055335419854e+06 -8.58225352784254e-12 -3.33862610280785e-12
 3.53468749161564e+06 -8.55804507918206e-12 -3.37440298260802e-12
 3.53882162903273e+06 -8.54065448593638e-12 -3.41265635639636e-12
 3.54295576644983e+06 -8.53645935226217e-12 -3.45333891965971e-12
 3.54708990386692e+06 -8.51404786322040e-12 -3.49638923582699e-12
 3.55122404128402e+06 -8.45837688328096e-12 -3.54173044664705e-12
 3.55535817870111e+06 -8.52583463716270e-12 -3.58926930536847e-12
 3.55949231611820e+06 -8.42185215637342e-12 -3.63889556605971e-12
 3.56362645353530e+06 -8.42188626402642e-12 -3.69048174721114e-12
 3.56776059095239e+06 -8.40134495161277e-12 -3.74388327341617e-12
 3.57189472836949e+06 -8.32135275261297e-12 -3.79893898605335e-12
 3.57602886578658e+06 -8.33510425717472e-12 -3.85547200299823e-12
 3.58016300320368e+06 -8.25475233178403e-12 -3.91329089881555e-12
 3.58429714062077e+06 -8.29988053017449e-12 -3.97219117075982e-12
 3.58843127803786e+06 -8.22980439518791e-12 -4.03195695236232e-12
 3.59256541545496e+06 -8.21874373448140e-12 -4.09236293498359e-12
 3.59669955287205e+06 -8.23493533280680e-12 -4.15317645844063e-12
 3.60083369028915e+06 -8.22587650189313e-12 -4.21415973390375e-12
 3.60496782770624e+06 -8.17286993549437e-12 -4.27507216556165e-12
 3.60910196512334e+06 -8.09613746929861e-12 -4.33567274118348e-12
 3.61323610254043e+06 -8.06823821219572e-12 -4.39572246538068e-12
 3.61737023995752e+06 -8.11090856827896e-12 -4.45498681239898e-12
 3.62150437737462e+06 -8.02081168710808e-12 -4.51323817744541e-12
 3.62563851479171e+06 -8.03678628724113e-12 -4.57025830637752e-12
 3.62977265220881e+06 -8.03171649715792e-12 -4.62584068300828e-12
 3.63390678962590e+06 -7.98480787619890e-12 -4.67979285127199e-12
 3.63804092704300e+06 -7.98484763657662e-12 -4.73193864623199e-12
 3.64217506446009e+06 -7.93042792872180e-12 -4.78212030351427e-12
 3.64630920187719e+06 -7.94707839608737e-12 -4.83020041185449e-12
 3.65044333929428e+06 -7.87313148660888e-12 -4.87606366837877e-12
 3.65457747671137e+06 -7.89009128895584e-12 -4.91961839168745e-12
 3.65871161412847e+06 -7.85864581904711e-12 -4.96079774430740e-12
 3.66284575154556e+06 -7.88440121410289e-12 -4.99956061423831e-12
 3.66697988896266e+06 -7.83565162482758e-12 -5.03589210568865e-12
 3.67111402637975e+06 -7.79094048359092e-12 -5.06980359215628e-12
 3.67524816379685e+06 -7.76805602325797e-12 -5.10133229084737e-12
 3.67938230121394e+06 -7.75266197500817e-12 -5.13054032654582e-12
 3.68351643863103e+06 -7.77096386111669e-12 -5.15751326501485e-12
 3.68765057604813e+06 -7.71854935785905e-12 -5.18235811082804e-12
 3.69178471346522e+06 -7.65249565808325e-12 -5.20520078173826e-12
 3.69591885088232e+06 -7.65603541679887e-12 -5.22618309047982e-12
 3.70005298829941e+06 -7.65616083002762e-12 -5.24545928480079e-12
 3.70418712571651e+06 -7.65349837037344e-12 -5.26319221634157e-12
 3.70832126313360e+06 -7.60566095421579e-12 -5.27954922788249e-12
 3.71245540055069e+06 -7.61204990919217e-12 -5.29469786544140e-12
 3.71658953796779e+06 -7.62465590559231e-12 -5.30880153575431e-12
 3.72072367538488e+06 -7.58960229676989e-12 -5.32201523974083e-12
 3.72485781280198e+06 -7.48185998230102e-12 -5.33448151813331e-12
 3.72899195021907e+06 -7.48809846513159e-12 -5.34632674565717e-12
 3.73312608763617e+06 -7.42811945542911e-12 -5.35765790483620e-12
 3.73726022505326e+06 -7.47469928874006e-12 -5.36855995936926e-12
 3.74139436247035e+06 -7.42002802324540e-12 -5.37909393041526e-12
 3.74552849988745e+06 -7.43047849478159e-12 -5.38929575724250e-12
 3.74966263730454e+06 -7.44952999825147e-12 -5.39917599751426e-12
 3.75379677472164e+06 -7.37968633759492e-12 -5.40872039273043e-12
 3.75793091213873e+06 -7.35633689309210e-12 -5.41789129230219e-12
 3.76206504955583e+06 -7.27180911036630e-12 -5.42662989677865e-12
 3.76619918697292e+06 -7.35686901971285e-12 -5.43485924817794e-12
 3.77033332439001e+06 -7.27150883988299e-12 -5.44248786477018e-12
 3.77446746180711e+06 -7.26139846298235e-12 -5.44941389049395e-12
 3.77860159922420e+06 -7.22343225648280e-12 -5.45552960662170e-12
 3.78273573664130e+06 -7.19174779960468e-12 -5.46072613673652e-12
 3.78686987405839e+06 -7.20994685368165e-12 -5.46489816617716e-12
 3.79100401147549e+06 -7.22329819509325e-12 -5.46794849473217e-12
 3.79513814889258e+06 -7.16761788688577e-12 -5.46979224666010e-12
 3.79927228630967e+06 -7.20528044011396e-12 -5.47036057501972e-12
 3.80340642372677e+06 -7.18184396272636e-12 -5.46960371755251e-12
 3.80754056114386e+06 -7.15611983249986e-12 -5.46749328794653e-12
 3.81167469856096e+06 -7.07535649989482e-12 -5.46402371829927e-12
 3.81580883597805e+06 -7.05019699453940e-12 -5.45921280468532e-12
 3.81994297339515e+06 -7.07906125429056e-12 -5.45310134596700e-12
 3.82407711081224e+06 -6.99204431333495e-12 -5.44575190514228e-12
 3.82821124822934e+06 -7.05026011021047e-12 -5.43724676029506e-12
 3.83234538564643e+06 -6.97226009124944e-12 -5.42768514720659e-12
 3.83647952306352e+06 -7.02937759987510e-12 -5.41717992596645e-12
 3.84061366048062e+06 -7.00000680965494e-12 -5.40585382820713e-12
 3.84474779789771e+06 -6.92109631117571e-12 -5.39383545851192e-12
 3.84888193531481e+06 -6.91254619998927e-12 -5.38125523237246e-12
 3.85301607273190e+06 -6.85839150593037e-12 -5.36824143324417e-12
 3.85715021014900e+06 -6.86618653197955e-12 -5.35491656273889e-12
 3.86128434756609e+06 -6.84310651538874e-12 -5.34139414107863e-12
 3.86541848498318e+06 -6.85001225462048e-12 -5.32777609057474e-12
 3.86955262240028e+06 -6.77901124061598e-12 -5.31415080394832e-12
 3.87368675981737e+06 -6.75920664447408e-12 -5.30059196358322e-12
 3.87782089723447e+06 -6.79128814797097e-12 -5.28715813882968e-12
 3.88195503465156e+06 -6.72193392588998e-12 -5.27389314821812e-12
 3.88608917206866e+06 -6.77234822289880e-12 -5.26082713399791e-12
 3.89022330948575e+06 -6.65641234378424e-12 -5.24797825970992e-12
 3.89435744690284e+06 -6.71703861553739e-12 -5.23535490938372e-12
 3.89849158431994e+06 -6.69745566297963e-12 -5.22295824121274e-12
 3.90262572173703e+06 -6.68249451557735e-12 -5.21078493040224e-12
 3.90675985915413e+06 -6.62381522491957e-12 -5.19882992647274e-12
 3.91089399657122e+06 -6.62934066221696e-12 -5.18708905008216e-12
 3.91502813398832e+06 -6.62171093589267e-12 -5.17556126353365e-12
 3.91916227140541e+06 -6.62189209115299e-12 -5.16425046725468e-12
 3.92329640882250e+06 -6.56411802270282e-12 -5.15316670073641e-12
 3.92743054623960e+06 -6.48111229326467e-12 -5.14232665954777e-12
 3.93156468365669e+06 -6.54179961226270e-12 -5.13175347833377e-12
 3.93569882107379e+06 -6.44738744444750e-12 -5.12147577141851e-12
 3.93983295849088e+06 -6.49977229969336e-12 -5.11152596545804e-12
 3.94396709590798e+06 -6.44324536941657e-12 -5.10193800047023e-12
 3.94810123332507e+06 -6.40822144987817e-12 -5.09274451419457e-12
 3.95223537074216e+06 -6.46564791285087e-12 -5.08397365817155e-12
 3.95636950815926e+06 -6.42269666892879e-12 -5.07564572020204e-12
 3.96050364557635e+06 -6.37422183118800e-12 -5.06776974554507e-12
 3.96463778299345e+06 -6.39994499412933e-12 -5.06034035737918e-12
 3.96877192041054e+06 -6.30337026821852e-12 -5.05333497473847e-12
 3.97290605782764e+06 -6.35119700818886e-12 -5.04671161366286e-12
 3.97704019524473e+06 -6.26928278578996e-12 -5.04040743482728e-12
 3.98117433266182e+06 -6.27318630312679e-12 -5.03433816943482e-12
 3.98530847007892e+06 -6.27053808848142e-12 -5.02839851613868e-12
 3.98944260749601e+06 -6.24826289684844e-12 -5.02246355697210e-12
 3.99357674491311e+06 -6.23638562488351e-12 -5.01639119181732e-12
 3.99771088233020e+06 -6.20488854446227e-12 -5.01002554119586e-12
 4.00184501974730e+06 -6.27678552310378e-12 -5.00320121856014e-12
 4.00597915716439e+06 -6.18637252987592e-12 -4.99574832822054e-12
 4.01011329458148e+06 -6.13640125265222e-12 -4.98749800579118e-12
 4.01424743199858e+06 -6.18353255352032e-12 -4.97828828662866e-12
 4.01838156941567e+06 -6.17215351481971e-12 -4.96797006586874e-12
 4.02251570683277e+06 -6.13225643871715e-12 -4.95641290239357e-12
 4.02664984424986e+06 -6.07385389093944e-12 -4.94351041921624e-12
 4.03078398166696e+06 -6.06529590876557e-12 -4.92918506447663e-12
 4.03491811908405e+06 -6.02412005086894e-12 -4.91339201993711e-12
 4.03905225650115e+06 -6.07502789019700e-12 -4.89612207682911e-12
 4.04318639391824e+06 -6.04134176943469e-12 -4.87740334038760e-12
 4.04732053133533e+06 -6.03782269025198e-12 -4.85730167275068e-12
 4.05145466875243e+06 -5.98373282798522e-12 -4.83591983671316e-12
 4.05558880616952e+06 -6.00602083802756e-12 -4.81339535770707e-12
 4.05972294358662e+06 -5.92493352325271e-12 -4.78989717576655e-12
 4.06385708100371e+06 -5.91114999353137e-12 -4.76562121047336e-12
 4.06799121842081e+06 -5.87057392041477e-12 -4.74078500773008e-12
 4.07212535583790e+06 -5.86828480258000e-12 -4.71562167530893e-12
 4.07625949325499e+06 -5.87038850782647e-12 -4.69037334294881e-12
 4.08039363067209e+06 -5.85000874762553e-12 -4.66528440072375e-12
 4.08452776808918e+06 -5.82991937678806e-12 -4.64059477598560e-12
 4.08866190550628e+06 -5.82257598162895e-12 -4.61653350390387e-12
 4.09279604292337e+06 -5.81566639263857e-12 -4.59331283001518e-12
 4.09693018034047e+06 -5.82378427815971e-12 -4.57112305602814e-12
 4.10106431775756e+06 -5.78867999647532e-12 -4.55012830388511e-12
 4.10519845517465e+06 -5.79078209193319e-12 -4.53046332954298e-12
 4.10933259259175e+06 -5.77542031165102e-12 -4.51223146931599e-12
 4.11346673000884e+06 -5.75318291922348e-12 -4.49550375026701e-12
 4.11760086742594e+06 -5.64470640331462e-12 -4.48031914464155e-12
 4.12173500484303e+06 -5.71468329254039e-12 -4.46668589909917e-12
 4.12586914226013e+06 -5.66013192600315e-12 -4.45458382486236e-12
 4.13000327967722e+06 -5.68293993986443e-12 -4.44396739710036e-12
 4.13413741709431e+06 -5.64284298982583e-12 -4.43476948234370e-12
