#time(au), tau by FD, tau without precession, tau
 0.0000000000e+01 fs:  3.2789914e-01            inf -4.0102113e+15 ps
 1.0000000000e+03 fs: -1.0477045e-03            inf -1.6344845e-02 ps
 2.0000000000e+03 fs: -9.9665316e-04            inf -1.1782921e-02 ps
 3.0000000000e+03 fs:  3.9041749e-05           -inf  3.8736917e-04 ps
 4.0000000000e+03 fs:  4.6225804e-05           -inf  3.4807004e-04 ps
 5.0000000000e+03 fs: -6.4788327e-03           -inf -1.8097881e-02 ps
 6.0000000000e+03 fs:  9.9081826e-06           -inf  7.6206041e-05 ps
 7.0000000000e+03 fs: -1.8642873e-04           -inf -1.5690990e-03 ps
 8.0000000000e+03 fs:  5.1314498e-04            inf  3.7159199e-03 ps
 9.0000000000e+03 fs:  6.4035257e-02            inf  1.1148360e-02 ps
 1.0000000000e+04 fs: -1.7008446e-04            inf -2.1123982e-03 ps
 1.1000000000e+04 fs:  2.7780334e-04           -inf  3.2706287e-03 ps
 1.2000000000e+04 fs:  4.0655123e-04           -inf  1.1788031e-03 ps
 1.3000000000e+04 fs: -6.8236734e-05           -inf -6.4240830e-04 ps
 1.4000000000e+04 fs: -1.0007478e-03            inf -4.0161897e-03 ps
 1.5000000000e+04 fs:  1.6573830e-03           -inf  4.2239168e-03 ps
 1.6000000000e+04 fs: -6.8622194e-04           -inf -2.8453071e-03 ps
 1.7000000000e+04 fs:  1.4651763e-03            inf -1.9913118e-02 ps
 1.8000000000e+04 fs: -1.4085214e-03           -inf  3.8903144e-02 ps
 1.9000000000e+04 fs: -3.1553589e-04            inf -5.6434538e-03 ps
 2.0000000000e+04 fs:  5.5529637e-04           -inf  3.5959580e-03 ps
 2.1000000000e+04 fs: -9.1151586e-04            inf -6.1384273e-03 ps
 2.2000000000e+04 fs: -3.0847867e-04           -inf -3.8646722e-03 ps
 2.3000000000e+04 fs:  2.9492642e-04            inf  4.5366931e-03 ps
 2.4000000000e+04 fs: -2.5562063e-04           -inf -2.0966479e-03 ps
 2.5000000000e+04 fs: -1.7646368e-06           -inf -2.4260984e-05 ps
 2.6000000000e+04 fs:  7.4004382e-06            inf  7.8375441e-05 ps
 2.7000000000e+04 fs:  2.5213361e-02            inf -3.3743910e-02 ps
 2.8000000000e+04 fs:  8.6434838e-05            inf  9.1774072e-04 ps
 2.9000000000e+04 fs: -9.1795971e-04            inf -4.0126572e-03 ps
 3.0000000000e+04 fs: -5.4057357e-02            inf  2.5447643e-03 ps
 3.1000000000e+04 fs:  2.2326391e-04            inf  2.0230447e-03 ps
 3.2000000000e+04 fs:  1.1118890e-04           -inf  1.5081578e-03 ps
 3.3000000000e+04 fs:  9.1454899e-04            inf -6.2666378e-02 ps
 3.4000000000e+04 fs:  2.4687423e-04           -inf  2.7552608e-04 ps
 3.5000000000e+04 fs: -2.3634943e-04            inf -2.2882538e-03 ps
 3.6000000000e+04 fs:  2.3865118e-05           -inf  2.1167507e-04 ps
 3.7000000000e+04 fs:  1.5218956e-03            inf -6.3552273e-03 ps
 3.8000000000e+04 fs:  1.0411576e-03           -inf  2.3143813e-01 ps
 3.9000000000e+04 fs: -6.9807955e-03           -inf -2.4292019e-02 ps
 4.0000000000e+04 fs: -1.3114747e-03           -inf -4.0697130e-03 ps
 4.1000000000e+04 fs: -1.6339146e-03           -inf -6.5828359e-03 ps
 4.2000000000e+04 fs: -2.1677073e-04           -inf -1.4392454e-03 ps
 4.3000000000e+04 fs:  7.9997848e-04           -inf  6.4572863e-03 ps
 4.4000000000e+04 fs:  1.5259697e-04            inf  1.0732169e-03 ps
 4.5000000000e+04 fs: -3.1727140e-04            inf -1.1345283e-03 ps
 4.6000000000e+04 fs: -1.4135752e-02           -inf -4.3951144e-02 ps
 4.7000000000e+04 fs: -7.7846370e-04           -inf -3.3028458e-03 ps
 4.8000000000e+04 fs:  1.8521242e-04           -inf  6.2354054e-02 ps
 4.9000000000e+04 fs: -4.9298941e-04           -inf -3.3467172e-03 ps
 5.0000000000e+04 fs:  2.3013452e-03            inf  6.2428588e-03 ps
 5.1000000000e+04 fs:  2.7566483e-04            inf  2.8606057e-03 ps
 5.2000000000e+04 fs:  9.3824338e-04            inf  9.7022670e-03 ps
 5.3000000000e+04 fs:  9.1003186e-04            inf  6.3041366e-03 ps
 5.4000000000e+04 fs: -5.5152598e-05            inf -6.2599027e-04 ps
 5.5000000000e+04 fs: -4.2219399e-04           -inf -2.8293522e-03 ps
 5.6000000000e+04 fs:  3.7255496e-03           -inf  1.8172855e-02 ps
 5.7000000000e+04 fs:  1.9858445e-03           -inf  5.8848159e-03 ps
 5.8000000000e+04 fs:  1.8465679e-04            inf  2.2354031e-03 ps
 5.9000000000e+04 fs:  9.8565408e-04            inf  5.5071130e-03 ps
 6.0000000000e+04 fs: -1.8691785e-04           -inf -2.8376379e-03 ps
 6.1000000000e+04 fs:  1.3677042e-03            inf  2.6483079e-03 ps
 6.2000000000e+04 fs: -6.4169776e-04            inf -4.7817738e-03 ps
 6.3000000000e+04 fs:  1.6762052e-04           -inf  1.6268261e-03 ps
 6.4000000000e+04 fs: -2.5472202e-04            inf -4.1818362e-03 ps
 6.5000000000e+04 fs:  8.9713226e-04           -inf  9.0532624e-03 ps
 6.6000000000e+04 fs:  1.2641304e-04           -inf  1.1607351e-03 ps
 6.7000000000e+04 fs: -4.4501065e-04            inf -3.9290917e-03 ps
 6.8000000000e+04 fs:  1.2932758e-03           -inf  8.9485361e-03 ps
 6.9000000000e+04 fs:  2.7401890e-04           -inf  2.1371459e-03 ps
 7.0000000000e+04 fs: -1.4152631e-03           -inf -1.1950979e-02 ps
 7.1000000000e+04 fs:  5.6049497e-04            inf  4.0697411e-03 ps
 7.2000000000e+04 fs:  3.9284265e-05           -inf  2.8767222e-04 ps
 7.3000000000e+04 fs: -3.7407661e-04            inf -3.9297163e-03 ps
 7.4000000000e+04 fs: -2.4808852e-04           -inf -1.2541866e-03 ps
 7.5000000000e+04 fs: -3.3484170e-04            inf -8.7391317e-03 ps
 7.6000000000e+04 fs:  8.4471883e-04            inf  7.0666664e-03 ps
 7.7000000000e+04 fs:  5.3263624e-04           -inf  3.4806633e-03 ps
 7.8000000000e+04 fs: -5.1201831e-04            inf -2.6422527e-02 ps
 7.9000000000e+04 fs: -1.0608187e-04            inf -5.6422152e-04 ps
 8.0000000000e+04 fs:  7.8469157e-04            inf  6.3255045e-03 ps
 8.1000000000e+04 fs: -2.2481292e-05           -inf -2.2473584e-04 ps
 8.2000000000e+04 fs:  8.1364067e-04            inf  4.6709014e-03 ps
 8.3000000000e+04 fs: -3.6157997e-04           -inf -9.1108223e-04 ps
 8.4000000000e+04 fs:  4.4483910e-04            inf  6.1158548e-03 ps
 8.5000000000e+04 fs: -1.1544967e-04           -inf -2.3795010e-03 ps
 8.6000000000e+04 fs: -8.0395025e-04            inf -7.2594273e-03 ps
 8.7000000000e+04 fs: -5.5653768e-04            inf -2.0676221e-03 ps
 8.8000000000e+04 fs:  2.4054142e-05           -inf  2.0652799e-04 ps
 8.9000000000e+04 fs: -2.2216282e-03           -inf -2.9671291e-03 ps
 9.0000000000e+04 fs: -8.5597717e-04            inf -7.1065546e-03 ps
 9.1000000000e+04 fs:  6.1402132e-03           -inf -3.6197187e-02 ps
 9.2000000000e+04 fs: -7.8192362e-04            inf -6.6008291e-03 ps
 9.3000000000e+04 fs: -1.0900651e-05           -inf  4.0216490e-03 ps
 9.4000000000e+04 fs: -3.9008479e-04            inf -3.0935590e-03 ps
 9.5000000000e+04 fs:  1.2801911e-03           -inf  1.1418061e-02 ps
 9.6000000000e+04 fs:  4.2380392e-04           -inf  3.6432966e-03 ps
 9.7000000000e+04 fs: -4.4660175e-04           -inf -3.8599762e-03 ps
 9.8000000000e+04 fs: -4.1262230e-04           -inf -4.4631902e-03 ps
 9.9000000000e+04 fs: -2.8647623e-04           -inf -2.1756468e-03 ps
