#time(au), total f, f in each valley
 0.00000000000000e+01  0.00000000000000e+00
 4.13413741709430e+02  6.75894161180417e-20
 8.26827483418859e+02  2.28580325545115e-19
 1.24024122512829e+03  6.07389318447760e-19
 1.65365496683772e+03  1.59773423259534e-18
 2.06706870854715e+03  4.01985626324609e-18
 2.48048245025658e+03  9.98452733248483e-18
 2.89389619196601e+03  2.43053576105579e-17
 3.30730993367544e+03  5.80571679374892e-17
 3.72072367538487e+03  1.35664148077910e-16
 4.13413741709430e+03  3.10703901392299e-16
 4.54755115880373e+03  6.99449672182343e-16
 4.96096490051316e+03  1.54464603078214e-15
 5.37437864222259e+03  3.34402505829191e-15
 5.78779238393202e+03  7.09944240145140e-15
 6.20120612564145e+03  1.47811019756977e-14
 6.61461986735088e+03  3.01676965208329e-14
 7.02803360906031e+03  6.03930425253666e-14
 7.44144735076974e+03  1.18593925251818e-13
 7.85486109247917e+03  2.28448860976740e-13
 8.26827483418859e+03  4.31685358805484e-13
 8.68168857589802e+03  8.00147849846095e-13
 9.09510231760745e+03  1.45499864732693e-12
 9.50851605931688e+03  2.59578915181273e-12
 9.92192980102631e+03  4.54370546366156e-12
 1.03353435427357e+04  7.80383548965413e-12
 1.07487572844452e+04  1.31517493564337e-11
 1.11621710261546e+04  2.17506090816236e-11
 1.15755847678640e+04  3.53028711223629e-11
 1.19889985095735e+04  5.62388830616507e-11
 1.24024122512829e+04  8.79422850937813e-11
 1.28158259929923e+04  1.35000621516271e-10
 1.32292397347018e+04  2.03469415365037e-10
 1.36426534764112e+04  3.01124579028073e-10
 1.40560672181206e+04  4.37659085063431e-10
 1.44694809598300e+04  6.24791218578163e-10
 1.48828947015395e+04  8.76225605298484e-10
 1.52963084432489e+04  1.20742000076672e-09
 1.57097221849583e+04  1.63511932785012e-09
 1.61231359266678e+04  2.17663902118501e-09
 1.65365496683772e+04  2.84888891077324e-09
 1.69499634100866e+04  3.66719134089087e-09
 1.73633771517960e+04  4.64396465734439e-09
 1.77767908935055e+04  5.78739977741736e-09
 1.81902046352149e+04  7.10022971764269e-09
 1.86036183769243e+04  8.57878293545430e-09
 1.90170321186338e+04  1.02124396830658e-08
 1.94304458603432e+04  1.19835854902280e-08
 1.98438596020526e+04  1.38681287217361e-08
 2.02572733437620e+04  1.58365654141612e-08
 2.06706870854715e+04  1.78555132839722e-08
 2.10841008271809e+04  1.98895738570303e-08
 2.14975145688903e+04  2.19033395615818e-08
 2.19109283105998e+04  2.38633461744303e-08
 2.23243420523092e+04  2.57397887535774e-08
 2.27377557940186e+04  2.75078479293379e-08
 2.31511695357280e+04  2.91485337922566e-08
 2.35645832774375e+04  3.06490072149421e-08
 2.39779970191469e+04  3.20024156303162e-08
 2.43914107608563e+04  3.32073363787845e-08
 2.48048245025657e+04  3.42669431199657e-08
 2.52182382442752e+04  3.51880150926347e-08
 2.56316519859846e+04  3.59799237632154e-08
 2.60450657276940e+04  3.66536771305576e-08
 2.64584794694035e+04  3.72211091292765e-08
 2.68718932111129e+04  3.76942390322735e-08
 2.72853069528223e+04  3.80847968820016e-08
 2.76987206945317e+04  3.84039081820670e-08
 2.81121344362412e+04  3.86619000797045e-08
 2.85255481779506e+04  3.88681994053757e-08
 2.89389619196600e+04  3.90312915530947e-08
 2.93523756613695e+04  3.91587158740529e-08
 2.97657894030789e+04  3.92570855331111e-08
 3.01792031447883e+04  3.93321197648174e-08
 3.05926168864977e+04  3.93886887664492e-08
 3.10060306282072e+04  3.94308695476726e-08
 3.14194443699166e+04  3.94620113118628e-08
 3.18328581116260e+04  3.94848108348332e-08
 3.22462718533355e+04  3.95013948630532e-08
 3.26596855950449e+04  3.95134057718170e-08
 3.30730993367543e+04  3.95220858104207e-08
 3.34865130784637e+04  3.95283567610496e-08
 3.38999268201732e+04  3.95328913038117e-08
 3.43133405618826e+04  3.95361739955184e-08
 3.47267543035920e+04  3.95385511055598e-08
 3.51401680453015e+04  3.95402696420209e-08
 3.55535817870109e+04  3.95415065999621e-08
 3.59669955287203e+04  3.95423900722560e-08
 3.63804092704298e+04  3.95430139730026e-08
 3.67938230121392e+04  3.95434480259702e-08
 3.72072367538486e+04  3.95437444481008e-08
 3.76206504955581e+04  3.95439424429521e-08
 3.80340642372675e+04  3.95440713075860e-08
 3.84474779789769e+04  3.95441526849970e-08
 3.88608917206864e+04  3.95442022848854e-08
 3.92743054623958e+04  3.95442312527571e-08
 3.96877192041052e+04  3.95442472837932e-08
 4.01011329458147e+04  3.95442555278376e-08
 4.05145466875241e+04  3.95442593113697e-08
 4.09279604292335e+04  3.95442606980189e-08
 4.13413741709429e+04  3.95442609088161e-08
 4.17547879126524e+04  3.95442606253967e-08
 4.21682016543618e+04  3.95442601999035e-08
 4.25816153960712e+04  3.95442597940317e-08
 4.29950291377807e+04  3.95442594667544e-08
 4.34084428794901e+04  3.95442592267637e-08
 4.38218566211995e+04  3.95442590618400e-08
 4.42352703629090e+04  3.95442589539748e-08
 4.46486841046184e+04  3.95442588862208e-08
 4.50620978463278e+04  3.95442588451052e-08
 4.54755115880373e+04  3.95442588209006e-08
 4.58889253297467e+04  3.95442588070262e-08
 5.00230627468410e+04  3.95442588070265e-08
 5.41572001639353e+04  3.95442588070268e-08
 5.82913375810296e+04  3.95442588070271e-08
 6.24254749981239e+04  3.95442588070274e-08
 6.65596124152182e+04  3.95442588070276e-08
 7.06937498323125e+04  3.95442588070279e-08
 7.48278872494068e+04  3.95442588070281e-08
 7.89620246665011e+04  3.95442588070284e-08
 8.30961620835954e+04  3.95442588070286e-08
 8.72302995006897e+04  3.95442588070288e-08
 9.13644369177840e+04  3.95442588070292e-08
 9.54985743348783e+04  3.95442588070294e-08
 9.96327117519726e+04  3.95442588070298e-08
 1.03766849169067e+05  3.95442588070300e-08
 1.07900986586161e+05  3.95442588070303e-08
 1.12035124003255e+05  3.95442588070305e-08
 1.16169261420350e+05  3.95442588070308e-08
 1.20303398837444e+05  3.95442588070310e-08
 1.24437536254538e+05  3.95442588070313e-08
 1.28571673671633e+05  3.95442588070316e-08
 1.32705811088727e+05  3.95442588070318e-08
 1.36839948505821e+05  3.95442588070321e-08
 1.40974085922916e+05  3.95442588070323e-08
 1.45108223340010e+05  3.95442588070327e-08
 1.49242360757104e+05  3.95442588070330e-08
 1.53376498174198e+05  3.95442588070331e-08
 1.57510635591293e+05  3.95442588070333e-08
 1.61644773008387e+05  3.95442588070337e-08
 1.65778910425481e+05  3.95442588070339e-08
 1.69913047842576e+05  3.95442588070342e-08
 1.74047185259670e+05  3.95442588070345e-08
 1.78181322676764e+05  3.95442588070347e-08
 1.82315460093858e+05  3.95442588070351e-08
 1.86449597510953e+05  3.95442588070353e-08
 1.90583734928047e+05  3.95442588070356e-08
 1.94717872345141e+05  3.95442588070359e-08
 1.98852009762236e+05  3.95442588070361e-08
 2.02986147179330e+05  3.95442588070364e-08
 2.07120284596424e+05  3.95442588070366e-08
 2.11254422013518e+05  3.95442588070369e-08
 2.15388559430613e+05  3.95442588070372e-08
 2.19522696847707e+05  3.95442588070374e-08
 2.23656834264801e+05  3.95442588070377e-08
 2.27790971681896e+05  3.95442588070379e-08
 2.31925109098990e+05  3.95442588070382e-08
 2.36059246516084e+05  3.95442588070386e-08
 2.40193383933178e+05  3.95442588070387e-08
 2.44327521350273e+05  3.95442588070391e-08
 2.48461658767367e+05  3.95442588070393e-08
 2.52595796184461e+05  3.95442588070396e-08
 2.56729933601556e+05  3.95442588070399e-08
 2.60864071018650e+05  3.95442588070401e-08
 2.64998208435744e+05  3.95442588070404e-08
 2.69132345852839e+05  3.95442588070407e-08
 2.73266483269933e+05  3.95442588070409e-08
 2.77400620687027e+05  3.95442588070412e-08
 2.81534758104121e+05  3.95442588070415e-08
 2.85668895521216e+05  3.95442588070418e-08
 2.89803032938310e+05  3.95442588070419e-08
 2.93937170355404e+05  3.95442588070423e-08
 2.98071307772499e+05  3.95442588070426e-08
 3.02205445189593e+05  3.95442588070427e-08
 3.06339582606687e+05  3.95442588070430e-08
 3.10473720023782e+05  3.95442588070433e-08
 3.14607857440876e+05  3.95442588070435e-08
 3.18741994857970e+05  3.95442588070438e-08
 3.22876132275065e+05  3.95442588070441e-08
 3.27010269692159e+05  3.95442588070442e-08
 3.31144407109253e+05  3.95442588070447e-08
 3.35278544526348e+05  3.95442588070449e-08
 3.39412681943442e+05  3.95442588070452e-08
 3.43546819360536e+05  3.95442588070455e-08
 3.47680956777631e+05  3.95442588070457e-08
 3.51815094194725e+05  3.95442588070459e-08
 3.55949231611819e+05  3.95442588070463e-08
 3.60083369028913e+05  3.95442588070465e-08
 3.64217506446008e+05  3.95442588070468e-08
 3.68351643863102e+05  3.95442588070471e-08
 3.72485781280196e+05  3.95442588070473e-08
 3.76619918697291e+05  3.95442588070475e-08
 3.80754056114385e+05  3.95442588070479e-08
 3.84888193531479e+05  3.95442588070481e-08
 3.89022330948574e+05  3.95442588070482e-08
 3.93156468365668e+05  3.95442588070486e-08
 3.97290605782762e+05  3.95442588070488e-08
 4.01424743199857e+05  3.95442588070491e-08
 4.05558880616951e+05  3.95442588070493e-08
 4.09693018034045e+05  3.95442588070497e-08
 4.13827155451140e+05  3.95442588070499e-08
 4.17961292868234e+05  3.95442588070502e-08
 4.22095430285328e+05  3.95442588070505e-08
 4.26229567702423e+05  3.95442588070507e-08
 4.30363705119517e+05  3.95442588070510e-08
 4.34497842536611e+05  3.95442588070513e-08
 4.38631979953706e+05  3.95442588070515e-08
 4.42766117370800e+05  3.95442588070518e-08
 4.46900254787894e+05  3.95442588070521e-08
 4.51034392204988e+05  3.95442588070523e-08
 4.55168529622083e+05  3.95442588070528e-08
 4.59302667039177e+05  3.95442588070530e-08
 4.63436804456271e+05  3.95442588070531e-08
 4.67570941873366e+05  3.95442588070533e-08
 4.71705079290460e+05  3.95442588070536e-08
 4.75839216707554e+05  3.95442588070540e-08
 4.79973354124649e+05  3.95442588070542e-08
 4.84107491541743e+05  3.95442588070545e-08
 4.88241628958837e+05  3.95442588070548e-08
 4.92375766375932e+05  3.95442588070549e-08
 4.96509903793026e+05  3.95442588070553e-08
 5.00644041210120e+05  3.95442588070555e-08
 5.04778178627215e+05  3.95442588070558e-08
 5.08912316044309e+05  3.95442588070561e-08
 5.13046453461403e+05  3.95442588070563e-08
 5.17180590878498e+05  3.95442588070566e-08
 5.21314728295592e+05  3.95442588070568e-08
 5.25448865712686e+05  3.95442588070572e-08
 5.29583003129780e+05  3.95442588070574e-08
 5.33717140546875e+05  3.95442588070577e-08
 5.37851277963969e+05  3.95442588070580e-08
 5.41985415381063e+05  3.95442588070582e-08
 5.46119552798158e+05  3.95442588070584e-08
 5.50253690215252e+05  3.95442588070588e-08
 5.54387827632346e+05  3.95442588070590e-08
 5.58521965049441e+05  3.95442588070592e-08
 5.62656102466535e+05  3.95442588070596e-08
 5.66790239883629e+05  3.95442588070598e-08
 5.70924377300724e+05  3.95442588070601e-08
 5.75058514717818e+05  3.95442588070604e-08
 5.79192652134912e+05  3.95442588070606e-08
 5.83326789552007e+05  3.95442588070609e-08
 5.87460926969101e+05  3.95442588070611e-08
 5.91595064386195e+05  3.95442588070614e-08
 5.95729201803289e+05  3.95442588070617e-08
 5.99863339220384e+05  3.95442588070620e-08
 6.03997476637478e+05  3.95442588070622e-08
 6.08131614054572e+05  3.95442588070625e-08
 6.12265751471667e+05  3.95442588070627e-08
 6.16399888888761e+05  3.95442588070630e-08
 6.20534026305855e+05  3.95442588070633e-08
 6.24668163722950e+05  3.95442588070635e-08
 6.28802301140044e+05  3.95442588070638e-08
 6.32936438557138e+05  3.95442588070640e-08
 6.37070575974233e+05  3.95442588070643e-08
 6.41204713391327e+05  3.95442588070647e-08
 6.45338850808421e+05  3.95442588070648e-08
 6.49472988225516e+05  3.95442588070651e-08
 6.53607125642610e+05  3.95442588070654e-08
 6.57741263059704e+05  3.95442588070656e-08
 6.61875400476799e+05  3.95442588070660e-08
 6.66009537893893e+05  3.95442588070662e-08
 6.70143675310987e+05  3.95442588070664e-08
 6.74277812728081e+05  3.95442588070667e-08
 6.78411950145176e+05  3.95442588070670e-08
 6.82546087562270e+05  3.95442588070673e-08
 6.86680224979364e+05  3.95442588070675e-08
 6.90814362396459e+05  3.95442588070678e-08
 6.94948499813553e+05  3.95442588070679e-08
 6.99082637230647e+05  3.95442588070683e-08
 7.03216774647742e+05  3.95442588070685e-08
 7.07350912064836e+05  3.95442588070690e-08
 7.11485049481930e+05  3.95442588070692e-08
 7.15619186899025e+05  3.95442588070695e-08
 7.19753324316119e+05  3.95442588070697e-08
 7.23887461733213e+05  3.95442588070699e-08
 7.28021599150308e+05  3.95442588070702e-08
 7.32155736567402e+05  3.95442588070704e-08
 7.36289873984496e+05  3.95442588070707e-08
 7.40424011401591e+05  3.95442588070710e-08
 7.44558148818685e+05  3.95442588070713e-08
 7.48692286235779e+05  3.95442588070716e-08
 7.52826423652873e+05  3.95442588070718e-08
 7.56960561069968e+05  3.95442588070720e-08
 7.61094698487062e+05  3.95442588070723e-08
 7.65228835904156e+05  3.95442588070726e-08
 7.69362973321251e+05  3.95442588070728e-08
 7.73497110738345e+05  3.95442588070731e-08
 7.77631248155439e+05  3.95442588070735e-08
 7.81765385572534e+05  3.95442588070736e-08
 7.85899522989628e+05  3.95442588070739e-08
 7.90033660406722e+05  3.95442588070743e-08
 7.94167797823817e+05  3.95442588070745e-08
 7.98301935240911e+05  3.95442588070747e-08
 8.02436072658005e+05  3.95442588070749e-08
 8.06570210075100e+05  3.95442588070752e-08
 8.10704347492194e+05  3.95442588070755e-08
 8.14838484909288e+05  3.95442588070758e-08
 8.18972622326383e+05  3.95442588070760e-08
 8.23106759743477e+05  3.95442588070763e-08
 8.27240897160571e+05  3.95442588070765e-08
 8.31375034577666e+05  3.95442588070768e-08
 8.35509171994760e+05  3.95442588070772e-08
 8.39643309411854e+05  3.95442588070774e-08
 8.43777446828948e+05  3.95442588070775e-08
 8.47911584246043e+05  3.95442588070779e-08
 8.52045721663137e+05  3.95442588070781e-08
 8.56179859080231e+05  3.95442588070784e-08
 8.60313996497326e+05  3.95442588070787e-08
 8.64448133914420e+05  3.95442588070789e-08
 8.68582271331514e+05  3.95442588070793e-08
 8.72716408748609e+05  3.95442588070795e-08
 8.76850546165703e+05  3.95442588070798e-08
 8.80984683582797e+05  3.95442588070800e-08
 8.85118820999892e+05  3.95442588070803e-08
 8.89252958416986e+05  3.95442588070805e-08
 8.93387095834080e+05  3.95442588070808e-08
 8.97521233251175e+05  3.95442588070810e-08
 9.01655370668269e+05  3.95442588070814e-08
 9.05789508085363e+05  3.95442588070816e-08
 9.09923645502458e+05  3.95442588070819e-08
 9.14057782919552e+05  3.95442588070821e-08
 9.18191920336646e+05  3.95442588070823e-08
 9.22326057753740e+05  3.95442588070827e-08
 9.26460195170835e+05  3.95442588070829e-08
 9.30594332587929e+05  3.95442588070832e-08
 9.34728470005023e+05  3.95442588070835e-08
 9.38862607422118e+05  3.95442588070837e-08
 9.42996744839212e+05  3.95442588070840e-08
 9.47130882256306e+05  3.95442588070842e-08
 9.51265019673401e+05  3.95442588070846e-08
 9.55399157090495e+05  3.95442588070848e-08
 9.59533294507589e+05  3.95442588070851e-08
 9.63667431924684e+05  3.95442588070854e-08
 9.67801569341778e+05  3.95442588070855e-08
 9.71935706758872e+05  3.95442588070858e-08
 9.76069844175967e+05  3.95442588070860e-08
 9.80203981593061e+05  3.95442588070864e-08
 9.84338119010155e+05  3.95442588070867e-08
 9.88472256427250e+05  3.95442588070869e-08
 9.92606393844344e+05  3.95442588070872e-08
 9.96740531261438e+05  3.95442588070874e-08
 1.00087466867853e+06  3.95442588070877e-08
 1.00500880609563e+06  3.95442588070880e-08
 1.00914294351272e+06  3.95442588070883e-08
 1.01327708092982e+06  3.95442588070885e-08
 1.01741121834691e+06  3.95442588070888e-08
 1.02154535576400e+06  3.95442588070890e-08
 1.02567949318110e+06  3.95442588070893e-08
 1.02981363059819e+06  3.95442588070895e-08
 1.03394776801529e+06  3.95442588070899e-08
 1.03808190543238e+06  3.95442588070901e-08
 1.04221604284948e+06  3.95442588070903e-08
 1.04635018026657e+06  3.95442588070906e-08
 1.05048431768366e+06  3.95442588070909e-08
 1.05461845510076e+06  3.95442588070911e-08
 1.05875259251785e+06  3.95442588070914e-08
 1.06288672993495e+06  3.95442588070918e-08
 1.06702086735204e+06  3.95442588070919e-08
 1.07115500476914e+06  3.95442588070922e-08
 1.07528914218623e+06  3.95442588070925e-08
 1.07942327960332e+06  3.95442588070928e-08
 1.08355741702042e+06  3.95442588070929e-08
 1.08769155443751e+06  3.95442588070933e-08
 1.09182569185461e+06  3.95442588070936e-08
 1.09595982927170e+06  3.95442588070938e-08
 1.10009396668880e+06  3.95442588070942e-08
 1.10422810410589e+06  3.95442588070944e-08
 1.10836224152298e+06  3.95442588070945e-08
 1.11249637894008e+06  3.95442588070950e-08
 1.11663051635717e+06  3.95442588070951e-08
 1.12076465377427e+06  3.95442588070954e-08
 1.12489879119136e+06  3.95442588070957e-08
 1.12903292860846e+06  3.95442588070960e-08
 1.13316706602555e+06  3.95442588070961e-08
 1.13730120344264e+06  3.95442588070965e-08
 1.14143534085974e+06  3.95442588070966e-08
 1.14556947827683e+06  3.95442588070968e-08
 1.14970361569393e+06  3.95442588070973e-08
 1.15383775311102e+06  3.95442588070975e-08
 1.15797189052812e+06  3.95442588070978e-08
 1.16210602794521e+06  3.95442588070982e-08
 1.16624016536231e+06  3.95442588070984e-08
 1.17037430277940e+06  3.95442588070986e-08
 1.17450844019649e+06  3.95442588070989e-08
 1.17864257761359e+06  3.95442588070991e-08
 1.18277671503068e+06  3.95442588070995e-08
 1.18691085244778e+06  3.95442588070997e-08
 1.19104498986487e+06  3.95442588071000e-08
 1.19517912728197e+06  3.95442588071001e-08
 1.19931326469906e+06  3.95442588071006e-08
 1.20344740211615e+06  3.95442588071008e-08
 1.20758153953325e+06  3.95442588071012e-08
 1.21171567695034e+06  3.95442588071013e-08
 1.21584981436744e+06  3.95442588071017e-08
 1.21998395178453e+06  3.95442588071018e-08
 1.22411808920163e+06  3.95442588071021e-08
 1.22825222661872e+06  3.95442588071023e-08
 1.23238636403581e+06  3.95442588071026e-08
 1.23652050145291e+06  3.95442588071029e-08
 1.24065463887000e+06  3.95442588071031e-08
 1.24478877628710e+06  3.95442588071034e-08
 1.24892291370419e+06  3.95442588071037e-08
 1.25305705112129e+06  3.95442588071039e-08
 1.25719118853838e+06  3.95442588071042e-08
 1.26132532595547e+06  3.95442588071045e-08
 1.26545946337257e+06  3.95442588071047e-08
 1.26959360078966e+06  3.95442588071051e-08
 1.27372773820676e+06  3.95442588071053e-08
 1.27786187562385e+06  3.95442588071055e-08
 1.28199601304095e+06  3.95442588071058e-08
 1.28613015045804e+06  3.95442588071061e-08
 1.29026428787513e+06  3.95442588071063e-08
 1.29439842529223e+06  3.95442588071066e-08
 1.29853256270932e+06  3.95442588071069e-08
 1.30266670012642e+06  3.95442588071070e-08
 1.30680083754351e+06  3.95442588071074e-08
 1.31093497496061e+06  3.95442588071077e-08
 1.31506911237770e+06  3.95442588071079e-08
 1.31920324979479e+06  3.95442588071082e-08
 1.32333738721189e+06  3.95442588071084e-08
 1.32747152462898e+06  3.95442588071087e-08
 1.33160566204608e+06  3.95442588071090e-08
 1.33573979946317e+06  3.95442588071093e-08
 1.33987393688027e+06  3.95442588071096e-08
 1.34400807429736e+06  3.95442588071097e-08
 1.34814221171445e+06  3.95442588071101e-08
 1.35227634913155e+06  3.95442588071104e-08
 1.35641048654864e+06  3.95442588071106e-08
 1.36054462396574e+06  3.95442588071108e-08
 1.36467876138283e+06  3.95442588071111e-08
 1.36881289879993e+06  3.95442588071114e-08
 1.37294703621702e+06  3.95442588071116e-08
 1.37708117363412e+06  3.95442588071119e-08
 1.38121531105121e+06  3.95442588071121e-08
 1.38534944846830e+06  3.95442588071124e-08
 1.38948358588540e+06  3.95442588071126e-08
 1.39361772330249e+06  3.95442588071129e-08
 1.39775186071959e+06  3.95442588071132e-08
 1.40188599813668e+06  3.95442588071134e-08
 1.40602013555378e+06  3.95442588071138e-08
 1.41015427297087e+06  3.95442588071140e-08
 1.41428841038796e+06  3.95442588071143e-08
 1.41842254780506e+06  3.95442588071145e-08
 1.42255668522215e+06  3.95442588071148e-08
 1.42669082263925e+06  3.95442588071152e-08
 1.43082496005634e+06  3.95442588071153e-08
 1.43495909747344e+06  3.95442588071155e-08
 1.43909323489053e+06  3.95442588071159e-08
 1.44322737230762e+06  3.95442588071161e-08
 1.44736150972472e+06  3.95442588071164e-08
 1.45149564714181e+06  3.95442588071167e-08
 1.45562978455891e+06  3.95442588071168e-08
 1.45976392197600e+06  3.95442588071172e-08
 1.46389805939310e+06  3.95442588071175e-08
 1.46803219681019e+06  3.95442588071177e-08
 1.47216633422728e+06  3.95442588071180e-08
 1.47630047164438e+06  3.95442588071182e-08
 1.48043460906147e+06  3.95442588071186e-08
 1.48456874647857e+06  3.95442588071187e-08
 1.48870288389566e+06  3.95442588071191e-08
 1.49283702131276e+06  3.95442588071192e-08
 1.49697115872985e+06  3.95442588071196e-08
 1.50110529614694e+06  3.95442588071198e-08
 1.50523943356404e+06  3.95442588071202e-08
 1.50937357098113e+06  3.95442588071203e-08
 1.51350770839823e+06  3.95442588071206e-08
 1.51764184581532e+06  3.95442588071209e-08
 1.52177598323242e+06  3.95442588071212e-08
 1.52591012064951e+06  3.95442588071215e-08
 1.53004425806660e+06  3.95442588071218e-08
 1.53417839548370e+06  3.95442588071220e-08
 1.53831253290079e+06  3.95442588071222e-08
 1.54244667031789e+06  3.95442588071225e-08
 1.54658080773498e+06  3.95442588071228e-08
 1.55071494515208e+06  3.95442588071231e-08
 1.55484908256917e+06  3.95442588071234e-08
 1.55898321998627e+06  3.95442588071236e-08
 1.56311735740336e+06  3.95442588071239e-08
 1.56725149482045e+06  3.95442588071241e-08
 1.57138563223755e+06  3.95442588071243e-08
 1.57551976965464e+06  3.95442588071246e-08
 1.57965390707174e+06  3.95442588071249e-08
 1.58378804448883e+06  3.95442588071252e-08
 1.58792218190593e+06  3.95442588071256e-08
 1.59205631932302e+06  3.95442588071257e-08
 1.59619045674011e+06  3.95442588071261e-08
 1.60032459415721e+06  3.95442588071263e-08
 1.60445873157430e+06  3.95442588071264e-08
 1.60859286899140e+06  3.95442588071268e-08
 1.61272700640849e+06  3.95442588071270e-08
 1.61686114382559e+06  3.95442588071273e-08
 1.62099528124268e+06  3.95442588071276e-08
 1.62512941865977e+06  3.95442588071279e-08
 1.62926355607687e+06  3.95442588071281e-08
 1.63339769349396e+06  3.95442588071284e-08
 1.63753183091106e+06  3.95442588071287e-08
 1.64166596832815e+06  3.95442588071289e-08
 1.64580010574525e+06  3.95442588071291e-08
 1.64993424316234e+06  3.95442588071295e-08
 1.65406838057943e+06  3.95442588071298e-08
 1.65820251799653e+06  3.95442588071300e-08
 1.66233665541362e+06  3.95442588071303e-08
 1.66647079283072e+06  3.95442588071305e-08
 1.67060493024781e+06  3.95442588071308e-08
 1.67473906766491e+06  3.95442588071311e-08
 1.67887320508200e+06  3.95442588071313e-08
 1.68300734249909e+06  3.95442588071315e-08
 1.68714147991619e+06  3.95442588071319e-08
 1.69127561733328e+06  3.95442588071322e-08
 1.69540975475038e+06  3.95442588071324e-08
 1.69954389216747e+06  3.95442588071328e-08
 1.70367802958457e+06  3.95442588071329e-08
 1.70781216700166e+06  3.95442588071333e-08
 1.71194630441875e+06  3.95442588071334e-08
 1.71608044183585e+06  3.95442588071338e-08
 1.72021457925294e+06  3.95442588071340e-08
 1.72434871667004e+06  3.95442588071342e-08
 1.72848285408713e+06  3.95442588071345e-08
 1.73261699150423e+06  3.95442588071348e-08
 1.73675112892132e+06  3.95442588071350e-08
 1.74088526633841e+06  3.95442588071353e-08
 1.74501940375551e+06  3.95442588071357e-08
 1.74915354117260e+06  3.95442588071359e-08
 1.75328767858970e+06  3.95442588071361e-08
 1.75742181600679e+06  3.95442588071364e-08
 1.76155595342389e+06  3.95442588071367e-08
 1.76569009084098e+06  3.95442588071369e-08
 1.76982422825808e+06  3.95442588071371e-08
 1.77395836567517e+06  3.95442588071375e-08
 1.77809250309226e+06  3.95442588071377e-08
 1.78222664050936e+06  3.95442588071380e-08
 1.78636077792645e+06  3.95442588071383e-08
 1.79049491534355e+06  3.95442588071386e-08
 1.79462905276064e+06  3.95442588071388e-08
 1.79876319017774e+06  3.95442588071390e-08
 1.80289732759483e+06  3.95442588071393e-08
 1.80703146501192e+06  3.95442588071396e-08
 1.81116560242902e+06  3.95442588071399e-08
 1.81529973984611e+06  3.95442588071401e-08
 1.81943387726321e+06  3.95442588071404e-08
 1.82356801468030e+06  3.95442588071406e-08
 1.82770215209740e+06  3.95442588071409e-08
 1.83183628951449e+06  3.95442588071413e-08
 1.83597042693158e+06  3.95442588071414e-08
 1.84010456434868e+06  3.95442588071417e-08
 1.84423870176577e+06  3.95442588071421e-08
 1.84837283918287e+06  3.95442588071422e-08
 1.85250697659996e+06  3.95442588071425e-08
 1.85664111401706e+06  3.95442588071429e-08
 1.86077525143415e+06  3.95442588071431e-08
 1.86490938885124e+06  3.95442588071432e-08
 1.86904352626834e+06  3.95442588071436e-08
 1.87317766368543e+06  3.95442588071439e-08
 1.87731180110253e+06  3.95442588071441e-08
 1.88144593851962e+06  3.95442588071444e-08
 1.88558007593672e+06  3.95442588071446e-08
 1.88971421335381e+06  3.95442588071449e-08
 1.89384835077090e+06  3.95442588071452e-08
 1.89798248818800e+06  3.95442588071455e-08
 1.90211662560509e+06  3.95442588071457e-08
 1.90625076302219e+06  3.95442588071460e-08
 1.91038490043928e+06  3.95442588071462e-08
 1.91451903785638e+06  3.95442588071465e-08
 1.91865317527347e+06  3.95442588071468e-08
 1.92278731269056e+06  3.95442588071471e-08
 1.92692145010766e+06  3.95442588071473e-08
 1.93105558752475e+06  3.95442588071475e-08
 1.93518972494185e+06  3.95442588071479e-08
 1.93932386235894e+06  3.95442588071481e-08
 1.94345799977604e+06  3.95442588071484e-08
 1.94759213719313e+06  3.95442588071487e-08
 1.95172627461023e+06  3.95442588071489e-08
 1.95586041202732e+06  3.95442588071491e-08
 1.95999454944441e+06  3.95442588071495e-08
 1.96412868686151e+06  3.95442588071497e-08
 1.96826282427860e+06  3.95442588071500e-08
 1.97239696169570e+06  3.95442588071502e-08
 1.97653109911279e+06  3.95442588071504e-08
 1.98066523652989e+06  3.95442588071507e-08
 1.98479937394698e+06  3.95442588071510e-08
 1.98893351136407e+06  3.95442588071513e-08
 1.99306764878117e+06  3.95442588071515e-08
 1.99720178619826e+06  3.95442588071518e-08
 2.00133592361536e+06  3.95442588071520e-08
 2.00547006103245e+06  3.95442588071523e-08
 2.00960419844955e+06  3.95442588071526e-08
 2.01373833586664e+06  3.95442588071529e-08
 2.01787247328373e+06  3.95442588071532e-08
 2.02200661070083e+06  3.95442588071535e-08
 2.02614074811792e+06  3.95442588071537e-08
 2.03027488553502e+06  3.95442588071540e-08
 2.03440902295211e+06  3.95442588071542e-08
 2.03854316036921e+06  3.95442588071545e-08
 2.04267729778630e+06  3.95442588071548e-08
 2.04681143520339e+06  3.95442588071551e-08
 2.05094557262049e+06  3.95442588071553e-08
 2.05507971003758e+06  3.95442588071556e-08
 2.05921384745468e+06  3.95442588071558e-08
 2.06334798487177e+06  3.95442588071561e-08
 2.06748212228887e+06  3.95442588071563e-08
 2.07161625970596e+06  3.95442588071566e-08
 2.07575039712305e+06  3.95442588071569e-08
 2.07988453454015e+06  3.95442588071572e-08
 2.08401867195724e+06  3.95442588071574e-08
 2.08815280937434e+06  3.95442588071578e-08
 2.09228694679143e+06  3.95442588071580e-08
 2.09642108420853e+06  3.95442588071583e-08
 2.10055522162562e+06  3.95442588071584e-08
 2.10468935904271e+06  3.95442588071587e-08
 2.10882349645981e+06  3.95442588071590e-08
 2.11295763387690e+06  3.95442588071593e-08
 2.11709177129400e+06  3.95442588071596e-08
 2.12122590871109e+06  3.95442588071598e-08
 2.12536004612819e+06  3.95442588071600e-08
 2.12949418354528e+06  3.95442588071603e-08
 2.13362832096238e+06  3.95442588071606e-08
 2.13776245837947e+06  3.95442588071609e-08
 2.14189659579656e+06  3.95442588071612e-08
 2.14603073321366e+06  3.95442588071614e-08
 2.15016487063075e+06  3.95442588071616e-08
 2.15429900804785e+06  3.95442588071620e-08
 2.15843314546494e+06  3.95442588071621e-08
 2.16256728288204e+06  3.95442588071625e-08
 2.16670142029913e+06  3.95442588071627e-08
 2.17083555771622e+06  3.95442588071630e-08
 2.17496969513332e+06  3.95442588071633e-08
 2.17910383255041e+06  3.95442588071635e-08
 2.18323796996751e+06  3.95442588071638e-08
 2.18737210738460e+06  3.95442588071641e-08
 2.19150624480170e+06  3.95442588071643e-08
 2.19564038221879e+06  3.95442588071646e-08
 2.19977451963588e+06  3.95442588071648e-08
 2.20390865705298e+06  3.95442588071651e-08
 2.20804279447007e+06  3.95442588071653e-08
 2.21217693188717e+06  3.95442588071657e-08
 2.21631106930426e+06  3.95442588071659e-08
 2.22044520672136e+06  3.95442588071662e-08
 2.22457934413845e+06  3.95442588071665e-08
 2.22871348155554e+06  3.95442588071667e-08
 2.23284761897264e+06  3.95442588071670e-08
 2.23698175638973e+06  3.95442588071672e-08
 2.24111589380683e+06  3.95442588071675e-08
 2.24525003122392e+06  3.95442588071678e-08
 2.24938416864102e+06  3.95442588071681e-08
 2.25351830605811e+06  3.95442588071684e-08
 2.25765244347520e+06  3.95442588071685e-08
 2.26178658089230e+06  3.95442588071688e-08
 2.26592071830939e+06  3.95442588071691e-08
 2.27005485572649e+06  3.95442588071694e-08
 2.27418899314358e+06  3.95442588071696e-08
 2.27832313056068e+06  3.95442588071700e-08
 2.28245726797777e+06  3.95442588071703e-08
 2.28659140539486e+06  3.95442588071705e-08
 2.29072554281196e+06  3.95442588071706e-08
 2.29485968022905e+06  3.95442588071711e-08
 2.29899381764615e+06  3.95442588071712e-08
 2.30312795506324e+06  3.95442588071714e-08
 2.30726209248034e+06  3.95442588071717e-08
 2.31139622989743e+06  3.95442588071720e-08
 2.31553036731452e+06  3.95442588071723e-08
 2.31966450473162e+06  3.95442588071726e-08
 2.32379864214871e+06  3.95442588071729e-08
 2.32793277956581e+06  3.95442588071730e-08
 2.33206691698290e+06  3.95442588071734e-08
 2.33620105440000e+06  3.95442588071736e-08
 2.34033519181709e+06  3.95442588071739e-08
 2.34446932923419e+06  3.95442588071741e-08
 2.34860346665128e+06  3.95442588071744e-08
 2.35273760406837e+06  3.95442588071747e-08
 2.35687174148547e+06  3.95442588071749e-08
 2.36100587890256e+06  3.95442588071753e-08
 2.36514001631966e+06  3.95442588071755e-08
 2.36927415373675e+06  3.95442588071757e-08
 2.37340829115385e+06  3.95442588071761e-08
 2.37754242857094e+06  3.95442588071763e-08
 2.38167656598803e+06  3.95442588071765e-08
 2.38581070340513e+06  3.95442588071767e-08
 2.38994484082222e+06  3.95442588071771e-08
 2.39407897823932e+06  3.95442588071773e-08
 2.39821311565641e+06  3.95442588071776e-08
 2.40234725307351e+06  3.95442588071779e-08
 2.40648139049060e+06  3.95442588071782e-08
 2.41061552790769e+06  3.95442588071784e-08
 2.41474966532479e+06  3.95442588071787e-08
 2.41888380274188e+06  3.95442588071790e-08
 2.42301794015898e+06  3.95442588071792e-08
 2.42715207757607e+06  3.95442588071795e-08
 2.43128621499317e+06  3.95442588071798e-08
 2.43542035241026e+06  3.95442588071800e-08
 2.43955448982735e+06  3.95442588071804e-08
 2.44368862724445e+06  3.95442588071805e-08
 2.44782276466154e+06  3.95442588071809e-08
 2.45195690207864e+06  3.95442588071812e-08
 2.45609103949573e+06  3.95442588071815e-08
 2.46022517691283e+06  3.95442588071816e-08
 2.46435931432992e+06  3.95442588071819e-08
 2.46849345174701e+06  3.95442588071822e-08
 2.47262758916411e+06  3.95442588071825e-08
 2.47676172658120e+06  3.95442588071827e-08
 2.48089586399830e+06  3.95442588071830e-08
 2.48503000141539e+06  3.95442588071833e-08
 2.48916413883249e+06  3.95442588071835e-08
 2.49329827624958e+06  3.95442588071838e-08
 2.49743241366667e+06  3.95442588071840e-08
 2.50156655108377e+06  3.95442588071844e-08
 2.50570068850086e+06  3.95442588071846e-08
 2.50983482591796e+06  3.95442588071848e-08
 2.51396896333505e+06  3.95442588071850e-08
 2.51810310075215e+06  3.95442588071853e-08
 2.52223723816924e+06  3.95442588071856e-08
 2.52637137558634e+06  3.95442588071860e-08
 2.53050551300343e+06  3.95442588071861e-08
 2.53463965042052e+06  3.95442588071864e-08
 2.53877378783762e+06  3.95442588071866e-08
 2.54290792525471e+06  3.95442588071870e-08
 2.54704206267181e+06  3.95442588071871e-08
 2.55117620008890e+06  3.95442588071875e-08
 2.55531033750600e+06  3.95442588071877e-08
 2.55944447492309e+06  3.95442588071881e-08
 2.56357861234018e+06  3.95442588071882e-08
 2.56771274975728e+06  3.95442588071885e-08
 2.57184688717437e+06  3.95442588071887e-08
 2.57598102459147e+06  3.95442588071891e-08
 2.58011516200856e+06  3.95442588071893e-08
 2.58424929942566e+06  3.95442588071896e-08
 2.58838343684275e+06  3.95442588071899e-08
 2.59251757425984e+06  3.95442588071901e-08
 2.59665171167694e+06  3.95442588071903e-08
 2.60078584909403e+06  3.95442588071907e-08
 2.60491998651113e+06  3.95442588071909e-08
 2.60905412392822e+06  3.95442588071912e-08
 2.61318826134532e+06  3.95442588071915e-08
 2.61732239876241e+06  3.95442588071917e-08
 2.62145653617950e+06  3.95442588071920e-08
 2.62559067359660e+06  3.95442588071923e-08
 2.62972481101369e+06  3.95442588071925e-08
 2.63385894843079e+06  3.95442588071928e-08
 2.63799308584788e+06  3.95442588071931e-08
 2.64212722326498e+06  3.95442588071933e-08
 2.64626136068207e+06  3.95442588071936e-08
 2.65039549809916e+06  3.95442588071938e-08
 2.65452963551626e+06  3.95442588071941e-08
 2.65866377293335e+06  3.95442588071944e-08
 2.66279791035045e+06  3.95442588071947e-08
 2.66693204776754e+06  3.95442588071949e-08
 2.67106618518464e+06  3.95442588071952e-08
 2.67520032260173e+06  3.95442588071953e-08
 2.67933446001882e+06  3.95442588071957e-08
 2.68346859743592e+06  3.95442588071960e-08
 2.68760273485301e+06  3.95442588071962e-08
 2.69173687227011e+06  3.95442588071966e-08
 2.69587100968720e+06  3.95442588071969e-08
 2.70000514710430e+06  3.95442588071970e-08
 2.70413928452139e+06  3.95442588071973e-08
 2.70827342193849e+06  3.95442588071976e-08
 2.71240755935558e+06  3.95442588071979e-08
 2.71654169677267e+06  3.95442588071981e-08
 2.72067583418977e+06  3.95442588071984e-08
 2.72480997160686e+06  3.95442588071986e-08
 2.72894410902396e+06  3.95442588071989e-08
 2.73307824644105e+06  3.95442588071992e-08
 2.73721238385815e+06  3.95442588071995e-08
 2.74134652127524e+06  3.95442588071998e-08
 2.74548065869233e+06  3.95442588072001e-08
 2.74961479610943e+06  3.95442588072002e-08
 2.75374893352652e+06  3.95442588072005e-08
 2.75788307094362e+06  3.95442588072008e-08
 2.76201720836071e+06  3.95442588072010e-08
 2.76615134577781e+06  3.95442588072012e-08
 2.77028548319490e+06  3.95442588072015e-08
 2.77441962061199e+06  3.95442588072019e-08
 2.77855375802909e+06  3.95442588072020e-08
 2.78268789544618e+06  3.95442588072024e-08
 2.78682203286328e+06  3.95442588072026e-08
 2.79095617028037e+06  3.95442588072029e-08
 2.79509030769747e+06  3.95442588072032e-08
 2.79922444511456e+06  3.95442588072034e-08
 2.80335858253165e+06  3.95442588072037e-08
 2.80749271994875e+06  3.95442588072040e-08
 2.81162685736584e+06  3.95442588072043e-08
 2.81576099478294e+06  3.95442588072045e-08
 2.81989513220003e+06  3.95442588072047e-08
 2.82402926961713e+06  3.95442588072051e-08
 2.82816340703422e+06  3.95442588072053e-08
 2.83229754445131e+06  3.95442588072055e-08
 2.83643168186841e+06  3.95442588072059e-08
 2.84056581928550e+06  3.95442588072061e-08
 2.84469995670260e+06  3.95442588072064e-08
 2.84883409411969e+06  3.95442588072066e-08
 2.85296823153679e+06  3.95442588072068e-08
 2.85710236895388e+06  3.95442588072072e-08
 2.86123650637097e+06  3.95442588072074e-08
 2.86537064378807e+06  3.95442588072077e-08
 2.86950478120516e+06  3.95442588072079e-08
 2.87363891862226e+06  3.95442588072083e-08
 2.87777305603935e+06  3.95442588072084e-08
 2.88190719345645e+06  3.95442588072088e-08
 2.88604133087354e+06  3.95442588072090e-08
 2.89017546829063e+06  3.95442588072092e-08
 2.89430960570773e+06  3.95442588072096e-08
 2.89844374312482e+06  3.95442588072098e-08
 2.90257788054192e+06  3.95442588072100e-08
 2.90671201795901e+06  3.95442588072103e-08
 2.91084615537611e+06  3.95442588072107e-08
 2.91498029279320e+06  3.95442588072109e-08
 2.91911443021030e+06  3.95442588072112e-08
 2.92324856762739e+06  3.95442588072114e-08
 2.92738270504448e+06  3.95442588072117e-08
 2.93151684246158e+06  3.95442588072120e-08
 2.93565097987867e+06  3.95442588072123e-08
 2.93978511729577e+06  3.95442588072125e-08
 2.94391925471286e+06  3.95442588072128e-08
 2.94805339212996e+06  3.95442588072130e-08
 2.95218752954705e+06  3.95442588072133e-08
 2.95632166696414e+06  3.95442588072136e-08
 2.96045580438124e+06  3.95442588072139e-08
 2.96458994179833e+06  3.95442588072140e-08
 2.96872407921543e+06  3.95442588072144e-08
 2.97285821663252e+06  3.95442588072146e-08
 2.97699235404962e+06  3.95442588072149e-08
 2.98112649146671e+06  3.95442588072152e-08
 2.98526062888380e+06  3.95442588072154e-08
 2.98939476630090e+06  3.95442588072157e-08
 2.99352890371799e+06  3.95442588072160e-08
 2.99766304113509e+06  3.95442588072163e-08
 3.00179717855218e+06  3.95442588072165e-08
 3.00593131596928e+06  3.95442588072168e-08
 3.01006545338637e+06  3.95442588072170e-08
 3.01419959080346e+06  3.95442588072173e-08
 3.01833372822056e+06  3.95442588072176e-08
 3.02246786563765e+06  3.95442588072178e-08
 3.02660200305475e+06  3.95442588072181e-08
 3.03073614047184e+06  3.95442588072184e-08
 3.03487027788894e+06  3.95442588072187e-08
 3.03900441530603e+06  3.95442588072189e-08
 3.04313855272312e+06  3.95442588072192e-08
 3.04727269014022e+06  3.95442588072195e-08
 3.05140682755731e+06  3.95442588072197e-08
 3.05554096497441e+06  3.95442588072199e-08
 3.05967510239150e+06  3.95442588072203e-08
 3.06380923980860e+06  3.95442588072205e-08
 3.06794337722569e+06  3.95442588072208e-08
 3.07207751464278e+06  3.95442588072210e-08
 3.07621165205988e+06  3.95442588072213e-08
 3.08034578947697e+06  3.95442588072216e-08
 3.08447992689407e+06  3.95442588072218e-08
 3.08861406431116e+06  3.95442588072221e-08
 3.09274820172826e+06  3.95442588072224e-08
 3.09688233914535e+06  3.95442588072226e-08
 3.10101647656245e+06  3.95442588072229e-08
 3.10515061397954e+06  3.95442588072230e-08
 3.10928475139663e+06  3.95442588072234e-08
 3.11341888881373e+06  3.95442588072237e-08
 3.11755302623082e+06  3.95442588072240e-08
 3.12168716364792e+06  3.95442588072242e-08
 3.12582130106501e+06  3.95442588072244e-08
 3.12995543848211e+06  3.95442588072248e-08
 3.13408957589920e+06  3.95442588072251e-08
 3.13822371331629e+06  3.95442588072252e-08
 3.14235785073339e+06  3.95442588072256e-08
 3.14649198815048e+06  3.95442588072258e-08
 3.15062612556758e+06  3.95442588072261e-08
 3.15476026298467e+06  3.95442588072263e-08
 3.15889440040177e+06  3.95442588072266e-08
 3.16302853781886e+06  3.95442588072269e-08
 3.16716267523595e+06  3.95442588072271e-08
 3.17129681265305e+06  3.95442588072274e-08
 3.17543095007014e+06  3.95442588072276e-08
 3.17956508748724e+06  3.95442588072280e-08
 3.18369922490433e+06  3.95442588072281e-08
 3.18783336232143e+06  3.95442588072284e-08
 3.19196749973852e+06  3.95442588072287e-08
 3.19610163715561e+06  3.95442588072291e-08
 3.20023577457271e+06  3.95442588072292e-08
 3.20436991198980e+06  3.95442588072295e-08
 3.20850404940690e+06  3.95442588072298e-08
 3.21263818682399e+06  3.95442588072301e-08
 3.21677232424109e+06  3.95442588072303e-08
 3.22090646165818e+06  3.95442588072306e-08
 3.22504059907527e+06  3.95442588072309e-08
 3.22917473649237e+06  3.95442588072311e-08
 3.23330887390946e+06  3.95442588072314e-08
 3.23744301132656e+06  3.95442588072316e-08
 3.24157714874365e+06  3.95442588072319e-08
 3.24571128616075e+06  3.95442588072322e-08
 3.24984542357784e+06  3.95442588072325e-08
 3.25397956099493e+06  3.95442588072326e-08
 3.25811369841203e+06  3.95442588072330e-08
 3.26224783582912e+06  3.95442588072332e-08
 3.26638197324622e+06  3.95442588072335e-08
 3.27051611066331e+06  3.95442588072338e-08
 3.27465024808041e+06  3.95442588072341e-08
 3.27878438549750e+06  3.95442588072343e-08
 3.28291852291459e+06  3.95442588072347e-08
 3.28705266033169e+06  3.95442588072348e-08
 3.29118679774878e+06  3.95442588072351e-08
 3.29532093516588e+06  3.95442588072353e-08
 3.29945507258297e+06  3.95442588072356e-08
 3.30358921000007e+06  3.95442588072358e-08
 3.30772334741716e+06  3.95442588072362e-08
 3.31185748483426e+06  3.95442588072365e-08
 3.31599162225135e+06  3.95442588072367e-08
 3.32012575966844e+06  3.95442588072369e-08
 3.32425989708554e+06  3.95442588072372e-08
 3.32839403450263e+06  3.95442588072375e-08
 3.33252817191973e+06  3.95442588072378e-08
 3.33666230933682e+06  3.95442588072380e-08
 3.34079644675392e+06  3.95442588072384e-08
 3.34493058417101e+06  3.95442588072386e-08
 3.34906472158810e+06  3.95442588072388e-08
 3.35319885900520e+06  3.95442588072391e-08
 3.35733299642229e+06  3.95442588072395e-08
 3.36146713383939e+06  3.95442588072396e-08
 3.36560127125648e+06  3.95442588072398e-08
 3.36973540867358e+06  3.95442588072401e-08
 3.37386954609067e+06  3.95442588072404e-08
 3.37800368350776e+06  3.95442588072407e-08
 3.38213782092486e+06  3.95442588072409e-08
 3.38627195834195e+06  3.95442588072413e-08
 3.39040609575905e+06  3.95442588072414e-08
 3.39454023317614e+06  3.95442588072417e-08
 3.39867437059324e+06  3.95442588072421e-08
 3.40280850801033e+06  3.95442588072423e-08
 3.40694264542742e+06  3.95442588072426e-08
 3.41107678284452e+06  3.95442588072428e-08
 3.41521092026161e+06  3.95442588072431e-08
 3.41934505767871e+06  3.95442588072433e-08
 3.42347919509580e+06  3.95442588072436e-08
 3.42761333251290e+06  3.95442588072439e-08
 3.43174746992999e+06  3.95442588072442e-08
 3.43588160734708e+06  3.95442588072443e-08
 3.44001574476418e+06  3.95442588072447e-08
 3.44414988218127e+06  3.95442588072449e-08
 3.44828401959837e+06  3.95442588072451e-08
 3.45241815701546e+06  3.95442588072455e-08
 3.45655229443256e+06  3.95442588072458e-08
 3.46068643184965e+06  3.95442588072460e-08
 3.46482056926674e+06  3.95442588072463e-08
 3.46895470668384e+06  3.95442588072466e-08
 3.47308884410093e+06  3.95442588072468e-08
 3.47722298151803e+06  3.95442588072470e-08
 3.48135711893512e+06  3.95442588072474e-08
 3.48549125635222e+06  3.95442588072475e-08
 3.48962539376931e+06  3.95442588072479e-08
 3.49375953118641e+06  3.95442588072482e-08
 3.49789366860350e+06  3.95442588072485e-08
 3.50202780602059e+06  3.95442588072487e-08
 3.50616194343769e+06  3.95442588072489e-08
 3.51029608085478e+06  3.95442588072493e-08
 3.51443021827188e+06  3.95442588072494e-08
 3.51856435568897e+06  3.95442588072498e-08
 3.52269849310607e+06  3.95442588072499e-08
 3.52683263052316e+06  3.95442588072502e-08
 3.53096676794025e+06  3.95442588072505e-08
 3.53510090535735e+06  3.95442588072508e-08
 3.53923504277444e+06  3.95442588072511e-08
 3.54336918019154e+06  3.95442588072513e-08
 3.54750331760863e+06  3.95442588072516e-08
 3.55163745502573e+06  3.95442588072518e-08
 3.55577159244282e+06  3.95442588072522e-08
 3.55990572985991e+06  3.95442588072523e-08
 3.56403986727701e+06  3.95442588072526e-08
 3.56817400469410e+06  3.95442588072529e-08
 3.57230814211120e+06  3.95442588072531e-08
 3.57644227952829e+06  3.95442588072534e-08
 3.58057641694539e+06  3.95442588072537e-08
 3.58471055436248e+06  3.95442588072540e-08
 3.58884469177957e+06  3.95442588072543e-08
 3.59297882919667e+06  3.95442588072545e-08
 3.59711296661376e+06  3.95442588072548e-08
 3.60124710403086e+06  3.95442588072550e-08
 3.60538124144795e+06  3.95442588072553e-08
 3.60951537886505e+06  3.95442588072556e-08
 3.61364951628214e+06  3.95442588072560e-08
 3.61778365369923e+06  3.95442588072561e-08
 3.62191779111633e+06  3.95442588072564e-08
 3.62605192853342e+06  3.95442588072566e-08
 3.63018606595052e+06  3.95442588072570e-08
 3.63432020336761e+06  3.95442588072571e-08
 3.63845434078471e+06  3.95442588072575e-08
 3.64258847820180e+06  3.95442588072576e-08
 3.64672261561889e+06  3.95442588072580e-08
 3.65085675303599e+06  3.95442588072582e-08
 3.65499089045308e+06  3.95442588072586e-08
 3.65912502787018e+06  3.95442588072588e-08
 3.66325916528727e+06  3.95442588072591e-08
 3.66739330270437e+06  3.95442588072593e-08
 3.67152744012146e+06  3.95442588072595e-08
 3.67566157753856e+06  3.95442588072597e-08
 3.67979571495565e+06  3.95442588072601e-08
 3.68392985237274e+06  3.95442588072603e-08
 3.68806398978984e+06  3.95442588072606e-08
 3.69219812720693e+06  3.95442588072609e-08
 3.69633226462403e+06  3.95442588072612e-08
 3.70046640204112e+06  3.95442588072614e-08
 3.70460053945822e+06  3.95442588072617e-08
 3.70873467687531e+06  3.95442588072620e-08
 3.71286881429240e+06  3.95442588072622e-08
 3.71700295170950e+06  3.95442588072625e-08
 3.72113708912659e+06  3.95442588072627e-08
 3.72527122654369e+06  3.95442588072629e-08
 3.72940536396078e+06  3.95442588072633e-08
 3.73353950137788e+06  3.95442588072637e-08
 3.73767363879497e+06  3.95442588072639e-08
 3.74180777621206e+06  3.95442588072640e-08
 3.74594191362916e+06  3.95442588072644e-08
 3.75007605104625e+06  3.95442588072647e-08
 3.75421018846335e+06  3.95442588072649e-08
 3.75834432588044e+06  3.95442588072651e-08
 3.76247846329754e+06  3.95442588072654e-08
 3.76661260071463e+06  3.95442588072657e-08
 3.77074673813172e+06  3.95442588072659e-08
 3.77488087554882e+06  3.95442588072663e-08
 3.77901501296591e+06  3.95442588072664e-08
 3.78314915038301e+06  3.95442588072668e-08
 3.78728328780010e+06  3.95442588072670e-08
 3.79141742521720e+06  3.95442588072673e-08
 3.79555156263429e+06  3.95442588072675e-08
 3.79968570005138e+06  3.95442588072679e-08
 3.80381983746848e+06  3.95442588072681e-08
 3.80795397488557e+06  3.95442588072684e-08
 3.81208811230267e+06  3.95442588072687e-08
 3.81622224971976e+06  3.95442588072689e-08
 3.82035638713686e+06  3.95442588072691e-08
 3.82449052455395e+06  3.95442588072694e-08
 3.82862466197104e+06  3.95442588072697e-08
 3.83275879938814e+06  3.95442588072699e-08
 3.83689293680523e+06  3.95442588072701e-08
 3.84102707422233e+06  3.95442588072704e-08
 3.84516121163942e+06  3.95442588072707e-08
 3.84929534905652e+06  3.95442588072709e-08
 3.85342948647361e+06  3.95442588072711e-08
 3.85756362389070e+06  3.95442588072715e-08
 3.86169776130780e+06  3.95442588072718e-08
 3.86583189872489e+06  3.95442588072721e-08
 3.86996603614199e+06  3.95442588072725e-08
 3.87410017355908e+06  3.95442588072726e-08
 3.87823431097618e+06  3.95442588072728e-08
 3.88236844839327e+06  3.95442588072731e-08
 3.88650258581037e+06  3.95442588072734e-08
 3.89063672322746e+06  3.95442588072737e-08
 3.89477086064455e+06  3.95442588072740e-08
 3.89890499806165e+06  3.95442588072742e-08
 3.90303913547874e+06  3.95442588072745e-08
 3.90717327289584e+06  3.95442588072747e-08
 3.91130741031293e+06  3.95442588072750e-08
 3.91544154773003e+06  3.95442588072753e-08
 3.91957568514712e+06  3.95442588072756e-08
 3.92370982256421e+06  3.95442588072759e-08
 3.92784395998131e+06  3.95442588072761e-08
 3.93197809739840e+06  3.95442588072763e-08
 3.93611223481550e+06  3.95442588072766e-08
 3.94024637223259e+06  3.95442588072770e-08
 3.94438050964969e+06  3.95442588072771e-08
 3.94851464706678e+06  3.95442588072774e-08
 3.95264878448387e+06  3.95442588072776e-08
 3.95678292190097e+06  3.95442588072779e-08
 3.96091705931806e+06  3.95442588072782e-08
 3.96505119673516e+06  3.95442588072785e-08
 3.96918533415225e+06  3.95442588072788e-08
 3.97331947156935e+06  3.95442588072791e-08
 3.97745360898644e+06  3.95442588072793e-08
 3.98158774640353e+06  3.95442588072796e-08
 3.98572188382063e+06  3.95442588072799e-08
 3.98985602123772e+06  3.95442588072801e-08
 3.99399015865482e+06  3.95442588072804e-08
 3.99812429607191e+06  3.95442588072807e-08
 4.00225843348901e+06  3.95442588072809e-08
 4.00639257090610e+06  3.95442588072812e-08
 4.01052670832319e+06  3.95442588072814e-08
 4.01466084574029e+06  3.95442588072817e-08
 4.01879498315738e+06  3.95442588072819e-08
 4.02292912057448e+06  3.95442588072822e-08
 4.02706325799157e+06  3.95442588072826e-08
 4.03119739540867e+06  3.95442588072827e-08
 4.03533153282576e+06  3.95442588072830e-08
 4.03946567024285e+06  3.95442588072833e-08
 4.04359980765995e+06  3.95442588072836e-08
 4.04773394507704e+06  3.95442588072838e-08
 4.05186808249414e+06  3.95442588072842e-08
 4.05600221991123e+06  3.95442588072845e-08
 4.06013635732833e+06  3.95442588072846e-08
 4.06427049474542e+06  3.95442588072849e-08
 4.06840463216252e+06  3.95442588072852e-08
 4.07253876957961e+06  3.95442588072854e-08
 4.07667290699670e+06  3.95442588072857e-08
 4.08080704441380e+06  3.95442588072859e-08
 4.08494118183089e+06  3.95442588072862e-08
 4.08907531924799e+06  3.95442588072865e-08
 4.09320945666508e+06  3.95442588072867e-08
 4.09734359408218e+06  3.95442588072870e-08
 4.10147773149927e+06  3.95442588072873e-08
 4.10561186891636e+06  3.95442588072876e-08
 4.10974600633346e+06  3.95442588072878e-08
 4.11388014375055e+06  3.95442588072880e-08
 4.11801428116765e+06  3.95442588072883e-08
 4.12214841858474e+06  3.95442588072886e-08
 4.12628255600184e+06  3.95442588072889e-08
 4.13041669341893e+06  3.95442588072891e-08
 4.13455083083602e+06  3.95442588072893e-08
