0.000000000000000000e+00 0.000000000000000000e+00 0.000000000000000000e+00
1.000000020216089067e-02 1.624319756210150016e-18 0.000000000000000000e+00
2.000000040432175705e-02 1.534916496398919927e-18 0.000000000000000000e+00
3.000000060648267200e-02 -6.414536864290879969e-19 0.000000000000000000e+00
4.000000080864356267e-02 -4.845553799361289900e-18 0.000000000000000000e+00
5.000000101080445680e-02 6.233697072492729686e-18 0.000000000000000000e+00
6.000000121296534400e-02 -2.461679493306490026e-17 0.000000000000000000e+00
7.000000141512624507e-02 4.305121738417729803e-17 0.000000000000000000e+00
8.000000161728712533e-02 -7.858781993746739945e-17 0.000000000000000000e+00
9.000000181944801947e-02 1.738313951978799913e-16 0.000000000000000000e+00
1.000000020216089136e-01 -1.946191341069740088e-16 0.000000000000000000e+00
1.100000022237697939e-01 5.827717428438450263e-16 0.000000000000000000e+00
1.200000024259306880e-01 -3.281877966409390199e-16 0.000000000000000000e+00
1.300000026280915821e-01 1.871765108520689904e-15 0.000000000000000000e+00
1.400000028302524901e-01 7.576620444700510545e-17 0.000000000000000000e+00
1.500000030324133704e-01 6.029825818209219845e-15 0.000000000000000000e+00
1.600000032345742507e-01 3.807127075422680087e-15 0.000000000000000000e+00
1.700000034367351309e-01 1.981430214436049940e-14 0.000000000000000000e+00
1.800000036388960389e-01 2.198325577291510034e-14 0.000000000000000000e+00
1.900000038410569192e-01 6.557512426974249579e-14 0.000000000000000000e+00
2.000000040432176052e-01 9.301790078645099539e-14 0.000000000000000000e+00
2.100000042453784854e-01 2.130475181441640058e-13 0.000000000000000000e+00
2.200000044475393657e-01 3.358029365367999990e-13 0.000000000000000000e+00
2.300000046497002459e-01 6.641180198188459610e-13 0.000000000000000000e+00
2.400000048518611540e-01 1.084200978744999964e-12 0.000000000000000000e+00
2.500000050540210905e-01 1.956520632485790052e-12 0.000000000000000000e+00
2.600000052561836639e-01 3.191331740386629801e-12 0.000000000000000000e+00
2.700000054583437947e-01 5.399917309597990241e-12 0.000000000000000000e+00
2.800000056605039811e-01 8.641456137052900405e-12 0.000000000000000000e+00
2.900000058626665544e-01 1.390100889387969966e-11 0.000000000000000000e+00
3.000000060648267408e-01 2.162865131928479901e-11 0.000000000000000000e+00
3.100000062669869272e-01 3.331554077190109998e-11 0.000000000000000000e+00
