#time(au), s(t), s(t) without exp(iwt)
 0.00000000000000e+01  0.00000000000000e+00  0.00000000000000e+00
 4.13413741709430e+02 -2.39075617525627e-18 -3.13777025398079e-18
 8.26827483418859e+02  6.91727803432126e-18 -6.96218666794034e-18
 1.24024122512829e+03 -8.58981354857561e-18 -3.10579209593925e-18
 1.65365496683772e+03  1.24919311907578e-17 -5.86965687608937e-18
 2.06706870854715e+03 -1.77461125945973e-17 -3.41294288527935e-18
 2.48048245025658e+03  2.17433381199210e-17 -6.71456275215360e-18
 2.89389619196601e+03 -2.83247884381325e-17 -4.56817345884993e-18
 3.30730993367544e+03  2.74970732833252e-17  1.21678328081932e-17
 3.72072367538487e+03 -2.67651284441503e-17 -3.59553695719696e-17
 4.13413741709430e+03  6.85649295536018e-18  3.36347428853864e-18
 4.54755115880373e+03  2.84356499233840e-17  6.57173742953268e-17
 4.96096490051316e+03 -1.15689565907744e-16  8.66296441177213e-17
 5.37437864222259e+03  2.50768813017809e-16 -8.54890953451722e-17
 5.78779238393202e+03 -5.04253672893363e-16 -4.39394254502977e-16
 6.20120612564145e+03  8.88298318769033e-16 -2.58500611585167e-16
 6.61461986735088e+03 -1.51310885142251e-15 -1.70752587043644e-16
 7.02803360906031e+03  2.41451551781301e-15 -1.03795817553080e-15
 7.44144735076974e+03 -3.77339614835072e-15  1.33265816697328e-15
 7.85486109247917e+03  5.64920721291249e-15  2.59188352549150e-15
 8.26827483418859e+03 -8.29331533178060e-15 -3.99742490511723e-15
 8.68168857589802e+03  1.18121336288503e-14 -4.46421573198889e-15
 9.09510231760745e+03 -1.64609877487630e-14  1.16126437194532e-14
 9.50851605931688e+03  2.24300106605387e-14 -1.41555891548496e-15
 9.92192980102631e+03 -2.98475484987168e-14  1.49247022344634e-14
 1.03353435427357e+04  3.90121280558342e-14  2.10724542118045e-14
 1.07487572844452e+04 -4.96348223885411e-14 -2.77753081755727e-14
 1.11621710261546e+04  6.23318616865101e-14 -1.65029987046607e-14
 1.15755847678640e+04 -7.56781781152890e-14  1.28018202407008e-14
 1.19889985095735e+04  9.13292953524236e-14  3.41944268811104e-14
 1.24024122512829e+04 -1.05276336153571e-13  5.05928454321639e-14
 1.28158259929923e+04  1.21968366137848e-13 -1.37998287398783e-13
 1.32292397347018e+04 -1.31972865315760e-13 -1.71506313240930e-14
 1.36426534764112e+04  1.46431724858027e-13 -3.85921866919900e-14
 1.40560672181206e+04 -1.45075704076815e-13  3.21377296087094e-13
 1.44694809598300e+04  1.53429811768764e-13 -3.45826471013651e-13
 1.48828947015395e+04 -1.30590589616610e-13  4.32030732656224e-13
 1.52963084432489e+04  1.30064505550643e-13  5.98142728621512e-14
 1.57097221849583e+04 -7.39187924393922e-14 -9.37221972425568e-13
 1.61231359266678e+04  6.54254756262210e-14  3.95156950141750e-13
 1.65365496683772e+04  3.58889587326336e-14  6.23874747920600e-13
 1.69499634100866e+04 -4.50649337838865e-14 -1.16438876736927e-12
 1.73633771517960e+04  2.01178697039745e-13  1.73483337422843e-14
 1.77767908935055e+04 -1.96042887846271e-13  6.39529904619558e-13
 1.81902046352149e+04  4.11857340245021e-13  8.48098282581165e-14
 1.86036183769243e+04 -3.71172832672254e-13 -4.02315917042263e-13
 1.90170321186338e+04  6.44319480881657e-13  1.92394428534142e-12
 1.94304458603432e+04 -5.45874803266966e-13  1.20952514350609e-12
 1.98438596020526e+04  8.64072338949249e-13 -1.09351620790277e-13
 2.02572733437620e+04 -6.93603672938470e-13  2.97233216246139e-13
 2.06706870854715e+04  1.03185858746693e-12 -3.80849421013203e-13
 2.10841008271809e+04 -7.93661251063874e-13 -1.47657703691400e-13
 2.14975145688903e+04  1.11211523618486e-12  3.31500807310715e-12
 2.19109283105998e+04 -8.37592310247977e-13 -2.22146833601780e-12
 2.23243420523092e+04  1.08153971919596e-12  2.74963720744272e-12
 2.27377557940186e+04 -8.31512292990231e-13 -4.23653552715677e-13
 2.31511695357280e+04  9.35084409489238e-13 -2.53358687324117e-12
 2.35645832774375e+04 -7.93614174322008e-13  3.19496272146198e-12
 2.39779970191469e+04  6.87647388736375e-13 -5.31626507423831e-13
 2.43914107608563e+04 -7.47562118592720e-13 -2.58960579217770e-13
 2.48048245025657e+04  3.70760528951376e-13 -6.87383941690751e-14
 2.52182382442752e+04 -7.14922054285015e-13 -1.58869789589504e-12
 2.56316519859846e+04  2.47348303150863e-14  9.33561192022678e-13
 2.60450657276940e+04 -7.09765938115168e-13 -1.29781216861100e-12
 2.64584794694035e+04 -3.10520903325986e-13 -4.81358535018660e-13
 2.68718932111129e+04 -7.36730509404283e-13  4.64512977455780e-14
 2.72853069528223e+04 -6.03398429937839e-13 -1.66751194424818e-12
 2.76987206945317e+04 -7.92581214071699e-13 -1.09525106892336e-12
 2.81121344362412e+04 -8.35019008566492e-13 -5.59114920999288e-13
 2.85255481779506e+04 -8.69481980835083e-13 -1.05892723138607e-12
 2.89389619196600e+04 -9.99391078114466e-13 -1.21419452038640e-12
 2.93523756613695e+04 -9.58287905672380e-13 -1.10109039679983e-12
 2.97657894030789e+04 -1.10062395507196e-12 -1.07826590861423e-12
 3.01792031447883e+04 -1.05097130620287e-12 -1.32809234615920e-12
 3.05926168864977e+04 -1.14888329844073e-12 -1.32113375289186e-12
 3.10060306282072e+04 -1.14162982786718e-12 -1.37208457848775e-12
 3.14194443699166e+04 -1.15655758720159e-12 -1.27570098265517e-12
 3.18328581116260e+04 -1.22662604658918e-12 -1.50338001884223e-12
 3.22462718533355e+04 -1.13579072207476e-12 -1.49968482393840e-12
 3.26596855950449e+04 -1.30424270826591e-12 -1.47172258075725e-12
 3.30730993367543e+04 -1.09698854964776e-12 -1.47399132910736e-12
 3.34865130784637e+04 -1.37391846761407e-12 -1.56045672452823e-12
 3.38999268201732e+04 -1.04859905033308e-12 -1.54111318985938e-12
 3.43133405618826e+04 -1.43590420242399e-12 -1.56260718138176e-12
 3.47267543035920e+04 -9.96891248343897e-13 -1.61460701442784e-12
 3.51401680453015e+04 -1.49053858955795e-12 -1.61135128026235e-12
 3.55535817870109e+04 -9.46209280301511e-13 -1.62911698107547e-12
 3.59669955287203e+04 -1.53828556622844e-12 -1.65641863030649e-12
 3.63804092704298e+04 -8.99459709412867e-13 -1.67551978394757e-12
 3.67938230121392e+04 -1.57964158216871e-12 -1.69392146722903e-12
 3.72072367538486e+04 -8.58116913601126e-13 -1.71440336744347e-12
 3.76206504955581e+04 -1.61506031944792e-12 -1.73690354830290e-12
 3.80340642372675e+04 -8.22692566268944e-13 -1.75644549095314e-12
 3.84474779789769e+04 -1.64522701666695e-12 -1.77867214389264e-12
 3.88608917206864e+04 -7.93136095930956e-13 -1.80107530569804e-12
 3.92743054623958e+04 -1.67085236905997e-12 -1.82305475339604e-12
 3.96877192041052e+04 -7.68857914295437e-13 -1.84627697244953e-12
 4.01011329458147e+04 -1.69259654606449e-12 -1.86950751756566e-12
 4.05145466875241e+04 -7.49236298181126e-13 -1.89330008232812e-12
 4.09279604292335e+04 -1.71105493759621e-12 -1.91752284130727e-12
 4.13413741709429e+04 -7.33884742595461e-13 -1.94211675884458e-12
 4.17547879126524e+04 -1.72649000977788e-12 -1.96708265306853e-12
 4.21682016543618e+04 -7.22790164959246e-13 -1.99247301257983e-12
 4.25816153960712e+04 -1.73872578449303e-12 -2.01820440802280e-12
 4.29950291377807e+04 -7.16341894867628e-13 -2.04431597358325e-12
 4.34084428794901e+04 -1.74694577825053e-12 -2.07077720109580e-12
 4.38218566211995e+04 -7.15515223430424e-13 -2.09758804176295e-12
 4.42352703629090e+04 -1.74993075209850e-12 -2.12472532172924e-12
 4.46486841046184e+04 -7.21952244724900e-13 -2.15218902528327e-12
 4.50620978463278e+04 -1.74603251856488e-12 -2.17996472594567e-12
 4.54755115880373e+04 -7.37274995718976e-13 -2.20804071303222e-12
 4.58889253297467e+04 -1.73313208574436e-12 -2.23640908669968e-12
 5.00230627468410e+04 -1.49183225820259e-12 -2.53370692910042e-12
 5.41572001639353e+04 -1.10278836221485e-12 -2.84844055230658e-12
 5.82913375810296e+04 -1.17254585659728e-12 -3.17076900910296e-12
 6.24254749981239e+04 -1.91212379180300e-12 -3.49243955409193e-12
 6.65596124152182e+04 -2.50344729935675e-12 -3.80707185640734e-12
 7.06937498323125e+04 -2.17444037972913e-12 -4.11018918290586e-12
 7.48278872494068e+04 -1.39623602112253e-12 -4.39907717947436e-12
 7.89620246665011e+04 -1.07306501857598e-12 -4.67253075434401e-12
 8.30961620835954e+04 -1.14193527407010e-12 -4.93054546058036e-12
 8.72302995006897e+04 -1.20165661652493e-12 -5.17399307076790e-12
 9.13644369177840e+04 -1.59656931357686e-12 -5.40430968943394e-12
 9.54985743348783e+04 -2.48831804140003e-12 -5.62321526697773e-12
 9.96327117519726e+04 -2.89555470398096e-12 -5.83247609432189e-12
 1.03766849169067e+05 -2.28955511448218e-12 -6.03371642186532e-12
 1.07900986586161e+05 -2.05340739835122e-12 -6.22828134102932e-12
 1.12035124003255e+05 -3.21138986783569e-12 -6.41715010691254e-12
 1.16169261420350e+05 -4.20031885326232e-12 -6.60089686132875e-12
 1.20303398837444e+05 -3.25563958970662e-12 -6.77969401785317e-12
 1.24437536254538e+05 -1.41158814670531e-12 -6.95335225585246e-12
 1.28571673671633e+05 -7.92246088057712e-13 -7.12139006342145e-12
 1.32705811088727e+05 -1.28195110795085e-12 -7.28312504152186e-12
 1.36839948505821e+05 -1.56500883213221e-12 -7.43777873570570e-12
 1.40974085922916e+05 -1.83360439108328e-12 -7.58458661620359e-12
 1.45108223340010e+05 -2.60550663030892e-12 -7.72290500409612e-12
 1.49242360757104e+05 -2.64110714049627e-12 -7.85230725731367e-12
 1.53376498174198e+05 -8.26264582923162e-13 -7.97266238810634e-12
 1.57510635591293e+05  9.80737994580941e-13 -8.08419046815084e-12
 1.61644773008387e+05  1.32927941811691e-13 -8.18749065167403e-12
 1.65778910425481e+05 -2.44980097332235e-12 -8.28353935343193e-12
 1.69913047842576e+05 -3.54844021249868e-12 -8.37365797966059e-12
 1.74047185259670e+05 -2.70025513919325e-12 -8.45945153345657e-12
 1.78181322676764e+05 -2.64434913688361e-12 -8.54272129871668e-12
 1.82315460093858e+05 -4.39021072298472e-12 -8.62535654164342e-12
 1.86449597510953e+05 -5.60233669931448e-12 -8.70921165244226e-12
 1.90583734928047e+05 -5.15970028941629e-12 -8.79597628825192e-12
 1.94717872345141e+05 -4.82965244769459e-12 -8.88704679473384e-12
 1.98852009762236e+05 -4.96687604174620e-12 -8.98340742280652e-12
 2.02986147179330e+05 -3.31696623579836e-12 -9.08552959067224e-12
 2.07120284596424e+05 -3.88921155248558e-13 -9.19329666976703e-12
 2.11254422013518e+05 -6.35951569696865e-13 -9.30596052784504e-12
 2.15388559430613e+05 -4.80462651762279e-12 -9.42213440236122e-12
 2.19522696847707e+05 -7.39405913576570e-12 -9.53982468905119e-12
 2.23656834264801e+05 -5.38162864868858e-12 -9.65650202175999e-12
 2.27790971681896e+05 -2.97903872080705e-12 -9.76920971351018e-12
 2.31925109098990e+05 -3.80257095129037e-12 -9.87470535800385e-12
 2.36059246516084e+05 -5.12629351814455e-12 -9.96962928842849e-12
 2.40193383933178e+05 -4.64692003526876e-12 -1.00506917830694e-11
 2.44327521350273e+05 -5.23388386166065e-12 -1.01148695068828e-11
 2.48461658767367e+05 -8.13478940818026e-12 -1.01596007758338e-11
 2.52595796184461e+05 -9.17869980189413e-12 -1.01829688898585e-11
 2.56729933601556e+05 -6.64087359926269e-12 -1.01838630338449e-11
 2.60864071018650e+05 -5.64109027142709e-12 -1.01621070927492e-11
 2.64998208435744e+05 -8.96544552396491e-12 -1.01185481319384e-11
 2.69132345852839e+05 -1.10485745364174e-11 -1.00550981898862e-11
 2.73266483269933e+05 -7.13620300351284e-12 -9.97472532033988e-12
 2.77400620687027e+05 -1.46242097840194e-12 -9.88139238526283e-12
 2.81534758104121e+05 -2.10200558348089e-13 -9.77994480018253e-12
 2.85668895521216e+05 -1.97561077959412e-12 -9.67595112303129e-12
 2.89803032938310e+05 -2.43655811951126e-12 -9.57550290787352e-12
 2.93937170355404e+05 -2.81411752569370e-12 -9.48498247481995e-12
 2.98071307772499e+05 -5.62970719121206e-12 -9.41080905117395e-12
 3.02205445189593e+05 -7.35728143146102e-12 -9.35917501330952e-12
 3.06339582606687e+05 -3.88496517891642e-12 -9.33578462935526e-12
 3.10473720023782e+05  1.58679694459123e-13 -9.34560772798150e-12
 3.14607857440876e+05 -2.13960691581339e-12 -9.39266009250898e-12
 3.18741994857970e+05 -7.36046399611987e-12 -9.47982113239294e-12
 3.22876132275065e+05 -7.14474898933008e-12 -9.60869758063186e-12
 3.27010269692159e+05 -2.71811938073068e-12 -9.77953970139913e-12
 3.31144407109253e+05 -2.32107199335699e-12 -9.99121388882895e-12
 3.35278544526348e+05 -6.06463819166735e-12 -1.02412327355874e-11
 3.39412681943442e+05 -6.74563592666127e-12 -1.05258408000200e-11
 3.43546819360536e+05 -4.24152257273864e-12 -1.08401515573098e-11
 3.47680956777631e+05 -4.11079565113293e-12 -1.11783285307491e-11
 3.51815094194725e+05 -4.70893330638846e-12 -1.15338014974181e-11
 3.55949231611819e+05 -1.05332340777032e-13 -1.18995070595358e-11
 3.60083369028913e+05  5.82890144211289e-12 -1.22681418519010e-11
 3.64217506446008e+05  3.31682155223768e-12 -1.26324162673572e-11
 3.68351643863102e+05 -5.56319744541577e-12 -1.29852968416144e-11
 3.72485781280196e+05 -9.49426802941488e-12 -1.33202263243017e-11
 3.76619918697291e+05 -6.48394693957505e-12 -1.36313119193235e-11
 3.80754056114385e+05 -5.02008576316424e-12 -1.39134741168013e-11
 3.84888193531479e+05 -8.00497915455736e-12 -1.41625508472776e-11
 3.89022330948574e+05 -9.21727743353208e-12 -1.43753542332326e-11
 3.93156468365668e+05 -7.35036789018973e-12 -1.45496798474050e-11
 3.97290605782762e+05 -8.11013392804888e-12 -1.46842709634174e-11
 4.01424743199857e+05 -1.14091821703331e-11 -1.47787426567043e-11
 4.05558880616951e+05 -1.06458250129284e-11 -1.48334726524603e-11
 4.09693018034045e+05 -5.73044437929020e-12 -1.48494674108260e-11
 4.13827155451140e+05 -5.52392028533650e-12 -1.48282130043045e-11
 4.17961292868234e+05 -1.20308018289909e-11 -1.47715208255098e-11
 4.22095430285328e+05 -1.50845891173140e-11 -1.46813780461889e-11
 4.26229567702423e+05 -9.10970605297348e-12 -1.45598120473376e-11
 4.30363705119517e+05 -1.88795385116707e-12 -1.44087768050720e-11
 4.34497842536611e+05 -1.61014499002116e-12 -1.42300675280407e-11
 4.38631979953706e+05 -4.73024477732337e-12 -1.40252678059788e-11
 4.42766117370800e+05 -5.71209651537001e-12 -1.37957312705397e-11
 4.46900254787894e+05 -8.11642661051397e-12 -1.35425974264824e-11
 4.51034392204988e+05 -1.40689090476520e-11 -1.32668390243376e-11
 4.55168529622083e+05 -1.64085175188588e-11 -1.29693362518599e-11
 4.59302667039177e+05 -1.08533049216953e-11 -1.26509712450351e-11
 4.63436804456271e+05 -5.98401800623029e-12 -1.23127350648485e-11
 4.67570941873366e+05 -9.64159016562095e-12 -1.19558384329354e-11
 4.71705079290460e+05 -1.40226368338937e-11 -1.15818172166444e-11
 4.75839216707554e+05 -9.84273860359304e-12 -1.11926239184930e-11
 4.79973354124649e+05 -2.38522804734199e-12 -1.07906972394578e-11
 4.84107491541743e+05 -1.26277143978259e-12 -1.03790031005255e-11
 4.88241628958837e+05 -4.82682789127756e-12 -9.96104224350603e-12
 4.92375766375932e+05 -5.47694558110298e-12 -9.54082158685621e-12
 4.96509903793026e+05 -4.46233394248236e-12 -9.12278876293296e-12
 5.00644041210120e+05 -5.85564497957141e-12 -8.71173157627890e-12
 5.04778178627215e+05 -5.35965436099286e-12 -8.31264636106955e-12
 5.08912316044309e+05  1.14472945698903e-12 -7.93058124690540e-12
 5.13046453461403e+05  7.22372506651023e-12 -7.57046204522282e-12
 5.17180590878498e+05  3.28359515858529e-12 -7.23690974168147e-12
 5.21314728295592e+05 -7.09451601343417e-12 -6.93405934646113e-12
 5.25448865712686e+05 -1.16857532873798e-11 -6.66539006657298e-12
 5.29583003129780e+05 -8.60513252541605e-12 -6.43357640642929e-12
 5.33717140546875e+05 -6.09216960697701e-12 -6.24036889200443e-12
 5.37851277963969e+05 -8.17825365137887e-12 -6.08651169858241e-12
 5.41985415381063e+05 -9.29117757104923e-12 -5.97170261986092e-12
 5.46119552798158e+05 -6.35432516864538e-12 -5.89459864882990e-12
 5.50253690215252e+05 -4.81371780705512e-12 -5.85286806864010e-12
 5.54387827632346e+05 -5.69707701350200e-12 -5.84328750645056e-12
 5.58521965049441e+05 -3.41235782587888e-12 -5.86188002078159e-12
 5.62656102466535e+05  1.84995627679430e-12 -5.90408810535667e-12
 5.66790239883629e+05  7.49550223860520e-13 -5.96497362088826e-12
 5.70924377300724e+05 -9.52190802417448e-12 -6.03943521368593e-12
 5.75058514717818e+05 -1.61375748966401e-11 -6.12243282597489e-12
 5.79192652134912e+05 -1.10779135802345e-11 -6.20920849856627e-12
 5.83326789552007e+05 -3.43741620620018e-12 -6.29549283314369e-12
 5.87460926969101e+05 -3.46189439656057e-12 -6.37768720746940e-12
 5.91595064386195e+05 -8.27996325952730e-12 -6.45301308087106e-12
 5.95729201803289e+05 -1.05881230629473e-11 -6.51962141905356e-12
 5.99863339220384e+05 -1.33395200364020e-11 -6.57665731241225e-12
 6.03997476637478e+05 -1.94585288712372e-11 -6.62427714774401e-12
 6.08131614054572e+05 -2.16269681705874e-11 -6.66361809439471e-12
 6.12265751471667e+05 -1.57840345577825e-11 -6.69672205228503e-12
 6.16399888888761e+05 -1.01424130735146e-11 -6.72641845306609e-12
 6.20534026305855e+05 -1.32788564391260e-11 -6.75617228832304e-12
 6.24668163722950e+05 -1.79033176661324e-11 -6.78990535751970e-12
 6.28802301140044e+05 -1.24665068685226e-11 -6.83179990221709e-12
 6.32936438557138e+05 -2.00920303214561e-12 -6.88609446629790e-12
 6.37070575974233e+05  8.31684634584059e-13 -6.95688196748105e-12
 6.41204713391327e+05 -5.40708780166708e-12 -7.04791958574472e-12
 6.45338850808421e+05 -1.07540715242948e-11 -7.16245920090196e-12
 6.49472988225516e+05 -1.15797728356711e-11 -7.30310580256022e-12
 6.53607125642610e+05 -1.36298521422198e-11 -7.47170963251639e-12
 6.57741263059704e+05 -1.48349973387243e-11 -7.66929590143372e-12
 6.61875400476799e+05 -8.58200277902828e-12 -7.89603386010139e-12
 6.66009537893893e+05  3.09952446777211e-13 -8.15124491782202e-12
 6.70143675310987e+05 -1.27451099903347e-12 -8.43344750254485e-12
 6.74277812728081e+05 -1.28840464706359e-11 -8.74043455761344e-12
 6.78411950145176e+05 -1.71329541187826e-11 -9.06937806306044e-12
 6.82546087562270e+05 -9.23568797361733e-12 -9.41695383098547e-12
 6.86680224979364e+05 -3.38239880565773e-12 -9.77947910733834e-12
 6.90814362396459e+05 -6.60811851140910e-12 -1.01530552439868e-11
 6.94948499813553e+05 -8.95565879998269e-12 -1.05337078857044e-11
 6.99082637230647e+05 -3.35150772971096e-12 -1.09175177214874e-11
 7.03216774647742e+05  9.42929342344340e-13 -1.13007358288074e-11
 7.07350912064836e+05 -2.31408865276245e-13 -1.16798789227715e-11
 7.11485049481930e+05  2.63631004624529e-12 -1.20518013232673e-11
 7.15619186899025e+05  9.60663064804716e-12 -1.24137420745105e-11
 7.19753324316119e+05  7.02697650164057e-12 -1.27633472910245e-11
 7.23887461733213e+05 -8.74208637553215e-12 -1.30986693608309e-11
 7.28021599150308e+05 -1.94325844066884e-11 -1.34181460170608e-11
 7.32155736567402e+05 -1.30379863495438e-11 -1.37205634123506e-11
 7.36289873984496e+05 -3.29842604063882e-12 -1.40050081329483e-11
 7.40424011401591e+05 -3.74428753435149e-12 -1.42708135287599e-11
 7.44558148818685e+05 -8.77502420610713e-12 -1.45175057927382e-11
 7.48692286235779e+05 -8.59699241390124e-12 -1.47447549026341e-11
 7.52826423652873e+05 -8.01863428420575e-12 -1.49523348687557e-11
 7.56960561069968e+05 -1.38802339055509e-11 -1.51400967629165e-11
 7.61094698487062e+05 -1.66358094105438e-11 -1.53079568043798e-11
 7.65228835904156e+05 -9.42465659678609e-12 -1.54559004302515e-11
 7.69362973321251e+05 -3.83581504755709e-12 -1.55840018716415e-11
 7.73497110738345e+05 -1.08731850637500e-11 -1.56924573866692e-11
 7.77631248155439e+05 -1.95877663584891e-11 -1.57816290589587e-11
 7.81765385572534e+05 -1.29323526027223e-11 -1.58520950384476e-11
 7.85899522989628e+05  3.81645415588073e-13 -1.59047013506868e-11
 7.90033660406722e+05  7.27467089113149e-13 -1.59406099833542e-11
 7.94167797823817e+05 -1.03739633929991e-11 -1.59613379066244e-11
 7.98301935240911e+05 -1.78519098703661e-11 -1.59687820062409e-11
 8.02436072658005e+05 -1.96109329754732e-11 -1.59652255905064e-11
 8.06570210075100e+05 -2.49892231598784e-11 -1.59533231382145e-11
 8.10704347492194e+05 -2.84454432690860e-11 -1.59360612268228e-11
 8.14838484909288e+05 -1.85647917690318e-11 -1.59166950445362e-11
 8.18972622326383e+05 -5.71755721592664e-12 -1.58986614596514e-11
 8.23106759743477e+05 -7.67724731693327e-12 -1.58854712009194e-11
 8.27240897160571e+05 -1.93409028617185e-11 -1.58805841969029e-11
 8.31375034577666e+05 -1.93064556427183e-11 -1.58872734375589e-11
 8.35509171994760e+05 -7.04838923163555e-12 -1.59084837731105e-11
 8.39643309411854e+05 -2.56583604736305e-12 -1.59466927840097e-11
 8.43777446828948e+05 -9.15619586701267e-12 -1.60037811895699e-11
 8.47911584246043e+05 -1.23874434125011e-11 -1.60809201814135e-11
 8.52045721663137e+05 -7.65816794971924e-12 -1.61784825642640e-11
 8.56179859080231e+05 -5.34266927511397e-12 -1.62959836781446e-11
 8.60313996497326e+05 -6.82476765631155e-12 -1.64320568027963e-11
 8.64448133914420e+05 -8.41440767901977e-13 -1.65844661688384e-11
 8.68582271331514e+05  8.30234263648779e-12 -1.67501589005494e-11
 8.72716408748609e+05  3.57216828743058e-12 -1.69253552849474e-11
 8.76850546165703e+05 -1.44854831473046e-11 -1.71056748032657e-11
 8.80984683582797e+05 -2.42164502769126e-11 -1.72862934785946e-11
 8.85118820999892e+05 -1.47833886288962e-11 -1.74621263894507e-11
 8.89252958416986e+05 -3.01094567768701e-12 -1.76280277672835e-11
 8.93387095834080e+05 -2.21985767613874e-12 -1.77790000165531e-11
 8.97521233251175e+05 -4.02104170039489e-12 -1.79104023314100e-11
 9.01655370668269e+05 -1.93103594633382e-13 -1.80181493740659e-11
 9.05789508085363e+05  2.30649692884135e-12 -1.80988907437765e-11
 9.09923645502458e+05 -2.64164301145691e-12 -1.81501626944283e-11
 9.14057782919552e+05 -4.15924823576343e-12 -1.81705047209216e-11
 9.18191920336646e+05  3.05427212534163e-12 -1.81595351749332e-11
 9.22326057753740e+05  4.05483181747881e-12 -1.81179819145210e-11
 9.26460195170835e+05 -8.95307147824726e-12 -1.80476660482820e-11
 9.30594332587929e+05 -1.98098967774954e-11 -1.79514390012774e-11
 9.34728470005023e+05 -1.22297221610401e-11 -1.78330752986769e-11
 9.38862607422118e+05  1.63731499964300e-12 -1.76971255253474e-11
 9.42996744839212e+05  1.44947941839614e-12 -1.75487357728350e-11
 9.47130882256306e+05 -9.05112262331646e-12 -1.73934414366750e-11
 9.51265019673401e+05 -1.62945130407303e-11 -1.72369444004174e-11
 9.55399157090495e+05 -2.00290960204026e-11 -1.70848833803716e-11
 9.59533294507589e+05 -2.63442662546394e-11 -1.69426074724067e-11
 9.63667431924684e+05 -2.81452354436906e-11 -1.68149627276720e-11
 9.67801569341778e+05 -1.66454612357280e-11 -1.67061009017099e-11
 9.71935706758872e+05 -4.68425263362798e-12 -1.66193184079245e-11
 9.76069844175967e+05 -7.74882654652637e-12 -1.65569320203681e-11
 9.80203981593061e+05 -1.82436802963775e-11 -1.65201960894277e-11
 9.84338119010155e+05 -1.73750685848710e-11 -1.65092640480066e-11
 9.88472256427250e+05 -6.04203748465845e-12 -1.65231948963388e-11
 9.92606393844344e+05 -3.70332469967734e-12 -1.65600032650958e-11
 9.96740531261438e+05 -1.39090690093021e-11 -1.66167496726742e-11
 1.00087466867853e+06 -2.23574548721245e-11 -1.66896658107938e-11
 1.00500880609563e+06 -2.25647888589571e-11 -1.67743081981887e-11
 1.00914294351272e+06 -2.12645135656381e-11 -1.68657324055601e-11
 1.01327708092982e+06 -2.05749352221667e-11 -1.69586793269808e-11
 1.01741121834691e+06 -1.21220244604779e-11 -1.70477646829845e-11
 1.02154535576400e+06 -7.71552708104072e-13 -1.71276630957227e-11
 1.02567949318110e+06 -3.71927012250310e-12 -1.71932786605359e-11
 1.02981363059819e+06 -2.02671059740320e-11 -1.72398949137240e-11
 1.03394776801529e+06 -2.89049140769651e-11 -1.72632984058006e-11
 1.03808190543238e+06 -1.78672185415813e-11 -1.72598716598468e-11
 1.04221604284948e+06 -3.90710492173035e-12 -1.72266530397154e-11
 1.04635018026657e+06 -2.41080348496603e-12 -1.71613628794967e-11
 1.05048431768366e+06 -4.55339087206454e-12 -1.70623970369105e-11
 1.05461845510076e+06 -5.20513639231655e-13 -1.69287907352400e-11
 1.05875259251785e+06  3.75682895465415e-12 -1.67601570630303e-11
 1.06288672993495e+06  1.03913340962416e-12 -1.65566057322661e-11
 1.06702086735204e+06 -2.29228219376986e-13 -1.63186485927248e-11
 1.07115500476914e+06  5.47648387295454e-12 -1.60470989196909e-11
 1.07528914218623e+06  3.79352311804602e-12 -1.57429716113181e-11
 1.07942327960332e+06 -1.19457496515725e-11 -1.54073911485620e-11
 1.08355741702042e+06 -2.39855534006493e-11 -1.50415135040061e-11
 1.08769155443751e+06 -1.48400494987387e-11 -1.46464671748049e-11
 1.09182569185461e+06  3.89042261559142e-12 -1.42233172160720e-11
 1.09595982927170e+06  8.41393201403675e-12 -1.37730546355545e-11
 1.10009396668880e+06  1.14157861208252e-13 -1.32966118604518e-11
 1.10422810410589e+06 -5.90198087566514e-12 -1.27949032920611e-11
 1.10836224152298e+06 -7.85772833548063e-12 -1.22688883142433e-11
 1.11249637894008e+06 -1.25916901077832e-11 -1.17196526067635e-11
 1.11663051635717e+06 -1.56180657385258e-11 -1.11485023157982e-11
 1.12076465377427e+06 -6.60634166145387e-12 -1.05570646226072e-11
 1.12489879119136e+06  3.69742962979211e-12 -9.94738758377013e-12
 1.12903292860846e+06 -1.75332634379785e-12 -9.32203183165936e-12
 1.13316706602555e+06 -1.50230578391409e-11 -8.68414684206536e-12
 1.13730120344264e+06 -1.51064356469744e-11 -8.03752499649491e-12
 1.14143534085974e+06 -2.26507156183810e-12 -7.38662756944850e-12
 1.14556947827683e+06 -3.67822906372910e-13 -6.73657801585846e-12
 1.14970361569393e+06 -1.56682639956549e-11 -6.09311946383577e-12
 1.15383775311102e+06 -2.88832668736133e-11 -5.46253506094515e-12
 1.15797189052812e+06 -3.06528270047453e-11 -4.85153169547326e-12
 1.16210602794521e+06 -2.91570662289911e-11 -4.26708952702961e-12
 1.16624016536231e+06 -2.78590793822554e-11 -3.71628162000117e-12
 1.17037430277940e+06 -1.72272115669344e-11 -3.20606968698498e-12
 1.17450844019649e+06 -1.85481860015592e-12 -2.74308343102028e-12
 1.17864257761359e+06 -3.50591056556360e-12 -2.33339214909779e-12
 1.18277671503068e+06 -2.16443345646876e-11 -1.98227806235046e-12
 1.18691085244778e+06 -3.09356084491565e-11 -1.69402122430139e-12
 1.19104498986487e+06 -1.96051193576627e-11 -1.47170580048704e-12
 1.19517912728197e+06 -7.41226951261231e-12 -1.31705700356819e-12
 1.19931326469906e+06 -1.12991431598469e-11 -1.23031702157573e-12
 1.20344740211615e+06 -1.77142771027522e-11 -1.21016692734804e-12
 1.20758153953325e+06 -1.41255360349281e-11 -1.25369985742993e-12
 1.21171567695034e+06 -9.00856722777581e-12 -1.35644876860520e-12
 1.21584981436744e+06 -1.02987707343096e-11 -1.51246990304767e-12
 1.21998395178453e+06 -9.50487911976139e-12 -1.71448081228034e-12
 1.22411808920163e+06 -1.40635692460304e-12 -1.95404950499443e-12
 1.22825222661872e+06 -3.03881502322563e-12 -2.22182909506318e-12
 1.23238636403581e+06 -2.10878364696470e-11 -2.50783033143481e-12
 1.23652050145291e+06 -3.24322279119153e-11 -2.80172268137840e-12
 1.24065463887000e+06 -1.88271872419230e-11 -3.09315329148081e-12
 1.24478877628710e+06  4.92563115011060e-12 -3.37207223034373e-12
 1.24892291370419e+06  1.23042442375315e-11 -3.62905196858297e-12
 1.25305705112129e+06  5.83983432821098e-12 -3.85558910060199e-12
 1.25719118853838e+06  3.06063248861419e-12 -4.04437686195710e-12
 1.26132532595547e+06  2.69195211715290e-12 -4.18953802766564e-12
 1.26545946337257e+06 -3.02990441877453e-12 -4.28680925032285e-12
 1.26959360078966e+06 -7.55550474486030e-12 -4.33366975300152e-12
 1.27372773820676e+06 -1.62878774053657e-13 -4.32940945340879e-12
 1.27786187562385e+06  7.46330566279916e-12 -4.27513397182829e-12
 1.28199601304095e+06 -2.11549964604847e-12 -4.17370646492385e-12
 1.28613015045804e+06 -1.58921349144071e-11 -4.02962872380707e-12
 1.29026428787513e+06 -1.13422069458237e-11 -3.84886637035679e-12
 1.29439842529223e+06  6.03094045531526e-12 -3.63862517692449e-12
 1.29853256270932e+06  9.65222392437902e-12 -3.40708742615561e-12
 1.30266670012642e+06 -6.02124065681713e-12 -3.16311873763220e-12
 1.30680083754351e+06 -1.92003106958154e-11 -2.91595685088686e-12
 1.31093497496061e+06 -2.15942078171848e-11 -2.67489442459271e-12
 1.31506911237770e+06 -2.19521926296583e-11 -2.44896796566114e-12
 1.31920324979479e+06 -2.01443452933037e-11 -2.24666453936855e-12
 1.32333738721189e+06 -7.75439798571331e-12 -2.07565695549438e-12
 1.32747152462898e+06  7.56121891017928e-12 -1.94257672117036e-12
 1.33160566204608e+06  3.29200613568619e-12 -1.85283226498903e-12
 1.33573979946317e+06 -1.73023634686184e-11 -1.81047785208127e-12
 1.33987393688027e+06 -2.68900317833933e-11 -1.81813632393443e-12
 1.34400807429736e+06 -1.78670028679845e-11 -1.87697641599090e-12
 1.34814221171445e+06 -1.08564192342573e-11 -1.98674304144571e-12
 1.35227634913155e+06 -2.01676717184815e-11 -2.14583669085532e-12
 1.35641048654864e+06 -3.06454584476099e-11 -2.35143608798816e-12
 1.36054462396574e+06 -2.87865381276617e-11 -2.59965655493931e-12
 1.36467876138283e+06 -2.34586429762092e-11 -2.88573525092927e-12
 1.36881289879993e+06 -2.10299551164947e-11 -3.20423361629790e-12
 1.37294703621702e+06 -1.51225358943868e-11 -3.54924701101736e-12
 1.37708117363412e+06 -5.10578401635767e-12 -3.91461169601557e-12
 1.38121531105121e+06 -7.74823792393161e-12 -4.29409995135801e-12
 1.38534944846830e+06 -2.77893335358734e-11 -4.68159521934731e-12
 1.38948358588540e+06 -3.95972421884125e-11 -5.07124064152796e-12
 1.39361772330249e+06 -2.58306479990629e-11 -5.45755614556939e-12
 1.39775186071959e+06 -2.80601654118129e-12 -5.83552123464916e-12
 1.40188599813668e+06  4.44572666663975e-12 -6.20062273076899e-12
 1.40602013555378e+06 -2.09430738720924e-12 -6.54886881156981e-12
 1.41015427297087e+06 -4.61964919066607e-12 -6.87677264502813e-12
 1.41428841038796e+06 -4.34659972696566e-12 -7.18131066146311e-12
 1.41842254780506e+06 -9.18574411940791e-12 -7.45986191270638e-12
 1.42255668522215e+06 -1.24641746183944e-11 -7.71013597607280e-12
 1.42669082263925e+06 -6.02935650874300e-12 -7.93009740887054e-12
 1.43082496005634e+06 -6.06900687069985e-13 -8.11789481506075e-12
 1.43495909747344e+06 -1.07344935171575e-11 -8.27180214291262e-12
 1.43909323489053e+06 -2.15659240414953e-11 -8.39017891197196e-12
 1.44322737230762e+06 -1.05404756781331e-11 -8.47145471660225e-12
 1.44736150972472e+06  1.31903004045553e-11 -8.51414164320581e-12
 1.45149564714181e+06  2.17739660436937e-11 -8.51687626150008e-12
 1.45562978455891e+06  8.77890857696178e-12 -8.47849071563226e-12
 1.45976392197600e+06 -4.72920338848076e-12 -8.39811026809546e-12
 1.46389805939310e+06 -8.57485007966711e-12 -8.27527256252781e-12
 1.46803219681019e+06 -1.05687913007303e-11 -8.11006199288187e-12
 1.47216633422728e+06 -9.47344409910242e-12 -7.90325100973735e-12
 1.47630047164438e+06  1.82443794945823e-12 -7.65643905879968e-12
 1.48043460906147e+06  1.49217453560011e-11 -7.37217920999859e-12
 1.48456874647857e+06  9.65962214511484e-12 -7.05408245157069e-12
 1.48870288389566e+06 -1.05682146154420e-11 -6.70689011664047e-12
 1.49283702131276e+06 -1.86144231349229e-11 -6.33650597405173e-12
 1.49697115872985e+06 -8.53136324249245e-12 -5.94998111375358e-12
 1.50110529614694e+06 -2.50042586345975e-12 -5.55544682284007e-12
 1.50523943356404e+06 -1.43821575869535e-11 -5.16199308766943e-12
 1.50937357098113e+06 -2.85110307036802e-11 -4.77949305361733e-12
 1.51350770839823e+06 -2.81348534153696e-11 -4.41837659322720e-12
 1.51764184581532e+06 -2.11552835220663e-11 -4.08935893154887e-12
 1.52177598323242e+06 -1.57961143434628e-11 -3.80313290669565e-12
 1.52591012064951e+06 -7.17550796707230e-12 -3.57003576140687e-12
 1.53004425806660e+06  3.00210603382834e-12 -3.39970323639586e-12
 1.53417839548370e+06 -2.11195709955838e-12 -3.30072505715983e-12
 1.53831253290079e+06 -2.67513614509620e-11 -3.28031658631575e-12
 1.54244667031789e+06 -4.33706131322900e-11 -3.34402139800183e-12
 1.54658080773498e+06 -3.28365667091871e-11 -3.49545879785852e-12
 1.55071494515208e+06 -1.35176986999841e-11 -3.73612887646755e-12
 1.55484908256917e+06 -1.02456643902935e-11 -4.06528559655887e-12
 1.55898321998627e+06 -1.92023116695188e-11 -4.47988575986289e-12
 1.56311735740336e+06 -2.12995326859149e-11 -4.97461859396169e-12
 1.56725149482045e+06 -1.82850070520421e-11 -5.54201728388360e-12
 1.57138563223755e+06 -2.04816497820196e-11 -6.17265020703332e-12
 1.57551976965464e+06 -2.12488281182416e-11 -6.85538608377134e-12
 1.57965390707174e+06 -1.40394354738266e-11 -7.57772390217541e-12
 1.58378804448883e+06 -1.07103846119242e-11 -8.32617548028838e-12
 1.58792218190593e+06 -2.29218326010940e-11 -9.08668604360180e-12
 1.59205631932302e+06 -3.29839833673687e-11 -9.84507634762157e-12
 1.59619045674011e+06 -1.75710647310015e-11 -1.05874887632583e-11
 1.60032459415721e+06  1.05266174627240e-11 -1.13008194294787e-11
 1.60445873157430e+06  2.12670156998184e-11 -1.19731190869983e-11
 1.60859286899140e+06  9.25577912933715e-12 -1.25939465222595e-11
 1.61272700640849e+06 -4.69464684715793e-12 -1.31546606155581e-11
 1.61686114382559e+06 -9.77020586642212e-12 -1.36486397063877e-11
 1.62099528124268e+06 -1.33585602468036e-11 -1.40714202348138e-11
 1.62512941865977e+06 -1.30821535234461e-11 -1.44207502350251e-11
 1.62926355607687e+06 -1.44534347617225e-12 -1.46965570715748e-11
 1.63339769349396e+06  1.16368070768204e-11 -1.49008326351858e-11
 1.63753183091106e+06  7.72038261840436e-12 -1.50374428668913e-11
 1.64166596832815e+06 -8.09409831337464e-12 -1.51118717787224e-11
 1.64580010574525e+06 -9.05876099700008e-12 -1.51309129252765e-11
 1.64993424316234e+06  7.39298363106295e-12 -1.51023234185223e-11
 1.65406838057943e+06  1.51740983004599e-11 -1.50344569658082e-11
 1.65820251799653e+06  2.12851797002911e-12 -1.49358929842562e-11
 1.66233665541362e+06 -1.39455032471986e-11 -1.48150785809187e-11
 1.66647079283072e+06 -1.54393152540147e-11 -1.46799991075252e-11
 1.67060493024781e+06 -9.42602063547319e-12 -1.45378911631978e-11
 1.67473906766491e+06 -3.47440810874075e-12 -1.43950094286389e-11
 1.67887320508200e+06  7.44293184180891e-12 -1.42564557047826e-11
 1.68300734249909e+06  1.75059882169298e-11 -1.41260751577052e-11
 1.68714147991619e+06  8.71051369133876e-12 -1.40064212176806e-11
 1.69127561733328e+06 -1.92714925803696e-11 -1.38987870299400e-11
 1.69540975475038e+06 -3.75660793740080e-11 -1.38032979931006e-11
 1.69954389216747e+06 -2.89485405769926e-11 -1.37190569221243e-11
 1.70367802958457e+06 -1.39568524386014e-11 -1.36443308897489e-11
 1.70781216700166e+06 -1.43708572691467e-11 -1.35767669586066e-11
 1.71194630441875e+06 -2.36900192722643e-11 -1.35136229058565e-11
 1.71608044183585e+06 -2.49578995449287e-11 -1.34519987132706e-11
 1.72021457925294e+06 -1.98972329855753e-11 -1.33890550563010e-11
 1.72434871667004e+06 -1.85082604078393e-11 -1.33222062409876e-11
 1.72848285408713e+06 -1.61938330719333e-11 -1.32492769319685e-11
 1.73261699150423e+06 -1.05181623294765e-11 -1.31686144766496e-11
 1.73675112892132e+06 -1.39574566486771e-11 -1.30791515173507e-11
 1.74088526633841e+06 -3.21923724170804e-11 -1.29804167301355e-11
 1.74501940375551e+06 -4.51587200786071e-11 -1.28724947580877e-11
 1.74915354117260e+06 -3.10564873728091e-11 -1.27559395357329e-11
 1.75328767858970e+06 -3.82956482766997e-12 -1.26316480547843e-11
 1.75742181600679e+06  6.43002551554101e-12 -1.25007040394310e-11
 1.76155595342389e+06 -4.86094137520064e-12 -1.23642028470720e-11
 1.76569009084098e+06 -1.88694714333841e-11 -1.22230700845042e-11
 1.76982422825808e+06 -2.45573278383058e-11 -1.20778868649118e-11
 1.77395836567517e+06 -2.73883310391586e-11 -1.19287343034742e-11
 1.77809250309226e+06 -2.58305787273230e-11 -1.17750687775991e-11
 1.78222664050936e+06 -1.35753340903889e-11 -1.16156377216367e-11
 1.78636077792645e+06 -1.27763096653299e-12 -1.14484433841132e-11
 1.79049491534355e+06 -3.99768044007279e-12 -1.12707591788225e-11
 1.79462905276064e+06 -1.39762590565294e-11 -1.10792001664908e-11
 1.79876319017774e+06 -7.57266386800800e-12 -1.08698459847282e-11
 1.80289732759483e+06  1.44292936674591e-11 -1.06384113815336e-11
 1.80703146501192e+06  2.40444017246171e-11 -1.03804565799278e-11
 1.81116560242902e+06  1.02675322113257e-11 -1.00916271741194e-11
 1.81529973984611e+06 -8.35393088162493e-12 -9.76791127485272e-12
 1.81943387726321e+06 -1.39138980649942e-11 -9.40590029745305e-12
 1.82356801468030e+06 -9.38590746247117e-12 -9.00303919882583e-12
 1.82770215209740e+06 -1.30032517142435e-12 -8.55785215691450e-12
 1.83183628951449e+06  1.26423015986789e-11 -8.07013064328682e-12
 1.83597042693158e+06  2.42486784811983e-11 -7.54107251916267e-12
 1.84010456434868e+06  1.65007650239222e-11 -6.97336310083267e-12
 1.84423870176577e+06 -7.90971499243957e-12 -6.37119196975468e-12
 1.84837283918287e+06 -2.26067841882588e-11 -5.74020249574199e-12
 1.85250697659996e+06 -1.30048756495705e-11 -5.08737442806351e-12
 1.85664111401706e+06  1.25349722559514e-12 -4.42084330801720e-12
 1.86077525143415e+06 -7.27217183627615e-13 -3.74966368575152e-12
 1.86490938885124e+06 -1.13799018204713e-11 -3.08352601114804e-12
 1.86904352626834e+06 -1.34247992046496e-11 -2.43243945935575e-12
 1.87317766368543e+06 -6.60500113021548e-12 -1.80639471915205e-12
 1.87731180110253e+06 -1.39784051668278e-12 -1.21502182349299e-12
 1.88144593851962e+06  1.95729809887361e-12 -6.67258382331723e-13
 1.88558007593672e+06  4.14478162040957e-12 -1.71043075553104e-13
 1.88971421335381e+06 -6.17171565018725e-12  2.66951991326616e-13
 1.89384835077090e+06 -3.13993512148738e-11  6.41538404025198e-13
 1.89798248818800e+06 -4.92878165511390e-11  9.49168878025593e-13
 1.90211662560509e+06 -3.84968699112318e-11  1.18802882049312e-12
 1.90625076302219e+06 -1.26279126840301e-11  1.35805904886529e-12
 1.91038490043928e+06 -2.77361463216673e-12  1.46091003652515e-12
 1.91451903785638e+06 -1.37340143064295e-11  1.49983132097017e-12
 1.91865317527347e+06 -2.63864582925668e-11  1.47950273118275e-12
 1.92278731269056e+06 -3.06967426871773e-11  1.40581671166806e-12
 1.92692145010766e+06 -3.20746710448344e-11  1.28562310824797e-12
 1.93105558752475e+06 -3.06766573603519e-11  1.12644923313404e-12
 1.93518972494185e+06 -2.14302020653230e-11  9.36208778406901e-13
 1.93932386235894e+06 -1.37840957455894e-11  7.22913171681285e-13
 1.94345799977604e+06 -2.01015332404623e-11  4.94398280046691e-13
 1.94759213719313e+06 -2.93611405604145e-11  2.58078021996164e-13
 1.95172627461023e+06 -1.95741080734436e-11  2.07345318664828e-14
 1.95586041202732e+06  5.15750149250654e-12 -2.11647842719147e-13
 1.95999454944441e+06  1.54988885703062e-11 -4.34000099495853e-13
 1.96412868686151e+06 -7.38562187292327e-14 -6.42235902509881e-13
 1.96826282427860e+06 -2.16038584161074e-11 -8.33269672634934e-13
 1.97239696169570e+06 -2.98700307394518e-11 -1.00498908040491e-12
 1.97653109911279e+06 -2.57944023163764e-11 -1.15618787717831e-12
 1.98066523652989e+06 -1.50522510388756e-11 -1.28646685665348e-12
 1.98479937394698e+06  2.44434524967378e-12 -1.39611205095747e-12
 1.98893351136407e+06  1.79133248660081e-11 -1.48595997094770e-12
 1.99306764878117e+06  1.47463980903365e-11 -1.55725977342100e-12
 1.99720178619826e+06 -3.72562580921980e-12 -1.61154169108529e-12
 2.00133592361536e+06 -1.19384789126938e-11 -1.65049994396750e-12
 2.00547006103245e+06  1.51557936047698e-12 -1.67589674702262e-12
 2.00960419844955e+06  1.58104967422272e-11 -1.68949204977535e-12
 2.01373833586664e+06  1.08362748156746e-11 -1.69300142367746e-12
 2.01787247328373e+06 -3.02402416728379e-12 -1.68808219812597e-12
 2.02200661070083e+06 -5.77909191982584e-12 -1.67634568830877e-12
 2.02614074811792e+06  2.72642552290721e-12 -1.65939130367688e-12
 2.03027488553502e+06  1.15643862015240e-11 -1.63885660767511e-12
 2.03440902295211e+06  1.84491645697483e-11 -1.61647612853759e-12
 2.03854316036921e+06  2.13301120811626e-11 -1.59414098015357e-12
 2.04267729778630e+06  8.40449674259859e-12 -1.57395118991173e-12
 2.04681143520339e+06 -2.04706482503106e-11 -1.55825305977920e-12
 2.05094557262049e+06 -3.96368785425653e-11 -1.54965488241672e-12
 2.05507971003758e+06 -2.85406609066492e-11 -1.55101583458995e-12
 2.05921384745468e+06 -3.25127372169986e-12 -1.56540478234994e-12
 2.06334798487177e+06  5.98231838928582e-12 -1.59602793538124e-12
 2.06748212228887e+06 -3.98154069671886e-12 -1.64612664173854e-12
 2.07161625970596e+06 -1.41851396407164e-11 -1.71884896720261e-12
 2.07575039712305e+06 -1.68031362922803e-11 -1.81710090212912e-12
 2.07988453454015e+06 -1.81213753209162e-11 -1.94338493659806e-12
 2.08401867195724e+06 -1.83725206972054e-11 -2.09963521180815e-12
 2.08815280937434e+06 -1.46097003541603e-11 -2.28705938631682e-12
 2.09228694679143e+06 -1.60207101315681e-11 -2.50599767535252e-12
 2.09642108420853e+06 -3.05246867821295e-11 -2.75580919155256e-12
 2.10055522162562e+06 -4.28373074477984e-11 -3.03479473648422e-12
 2.10468935904271e+06 -3.17042293123254e-11 -3.34016360422343e-12
 2.10882349645981e+06 -5.69717791712587e-12 -3.66804983859762e-12
 2.11295763387690e+06  4.28344476989106e-12 -4.01358084591054e-12
 2.11709177129400e+06 -1.22606501493952e-11 -4.37099844385250e-12
 2.12122590871109e+06 -3.51472645841224e-11 -4.73382948375056e-12
 2.12536004612819e+06 -4.53524470247545e-11 -5.09510028678276e-12
 2.12949418354528e+06 -4.30115335509091e-11 -5.44758645591904e-12
 2.13362832096238e+06 -3.21480062855332e-11 -5.78408732561145e-12
 2.13776245837947e+06 -1.33491676249387e-11 -6.09771253374229e-12
 2.14189659579656e+06  2.67417248344242e-12 -6.38216706072838e-12
 2.14603073321366e+06  4.11529425294423e-13 -6.63202066036763e-12
 2.15016487063075e+06 -1.42120223302565e-11 -6.84294794774217e-12
 2.15429900804785e+06 -1.63787598511000e-11 -7.01192651028304e-12
 2.15843314546494e+06  3.36523318421156e-13 -7.13738222455567e-12
 2.16256728288204e+06  1.23215453716549e-11 -7.21927340780006e-12
 2.16670142029913e+06  2.74430092088127e-12 -7.25910838668711e-12
 2.17083555771622e+06 -1.41547393866618e-11 -7.25989437249885e-12
 2.17496969513332e+06 -1.78449503867597e-11 -7.22601901589810e-12
 2.17910383255041e+06 -8.02762287217765e-12 -7.16306948679355e-12
 2.18323796996751e+06  5.96999054988323e-12 -7.07759719448470e-12
 2.18737210738460e+06  2.06969340799385e-11 -6.97683914786176e-12
 2.19150624480170e+06  2.88902514613408e-11 -6.86840929141366e-12
 2.19564038221879e+06  1.69768162816631e-11 -6.75997480523912e-12
 2.19977451963588e+06 -1.07578607543505e-11 -6.65893322751473e-12
 2.20390865705298e+06 -2.61824392724721e-11 -6.57210628968073e-12
 2.20804279447007e+06 -1.25682753644578e-11 -6.50546553769316e-12
 2.21217693188717e+06  1.14055488420816e-11 -6.46390318399701e-12
 2.21631106930426e+06  1.92529267444311e-11 -6.45105927649881e-12
 2.22044520672136e+06  1.12254974464445e-11 -6.46921330640679e-12
 2.22457934413845e+06  4.09124882723498e-12 -6.51924496483231e-12
 2.22871348155554e+06  3.31462890496586e-12 -6.60066508284278e-12
 2.23284761897264e+06  3.94572456073958e-12 -6.71171405202371e-12
 2.23698175638973e+06  5.13183227480960e-12 -6.84952142807379e-12
 2.24111589380683e+06  5.29214965805337e-12 -7.01031716760079e-12
 2.24525003122392e+06 -5.12727228164091e-12 -7.18968221948012e-12
 2.24938416864102e+06 -2.73101174612293e-11 -7.38282414015042e-12
 2.25351830605811e+06 -4.08557112124789e-11 -7.58486214347013e-12
 2.25765244347520e+06 -2.75723012691166e-11 -7.79110560310134e-12
 2.26178658089230e+06 -7.81995008216783e-13 -7.99731052336783e-12
 2.26592071830939e+06  9.38190054235741e-12 -8.19989985820965e-12
 2.27005485572649e+06 -5.85582905675411e-12 -8.39613571340378e-12
 2.27418899314358e+06 -2.84675827939724e-11 -8.58423429576168e-12
 2.27832313056068e+06 -4.17155819287155e-11 -8.76341781757630e-12
 2.28245726797777e+06 -4.34333555401429e-11 -8.93390123776988e-12
 2.28659140539486e+06 -3.48045265320006e-11 -9.09681551634172e-12
 2.29072554281196e+06 -1.90908612932241e-11 -9.25407276100322e-12
 2.29485968022905e+06 -9.20689279809724e-12 -9.40818204339574e-12
 2.29899381764615e+06 -1.60928152815214e-11 -9.56202756223139e-12
 2.30312795506324e+06 -2.89102317541707e-11 -9.71862306394087e-12
 2.30726209248034e+06 -2.61381673259924e-11 -9.88085786700950e-12
 2.31139622989743e+06 -9.00147871852073e-12 -1.00512503869749e-11
 2.31553036731452e+06 -1.23063472719016e-12 -1.02317246879818e-11
 2.31966450473162e+06 -1.46340356047294e-11 -1.04234243084975e-11
 2.32379864214871e+06 -3.47998060309815e-11 -1.06265754896713e-11
 2.32793277956581e+06 -4.25355954801871e-11 -1.08404090895321e-11
 2.33206691698290e+06 -3.39864551145192e-11 -1.10631470516183e-11
 2.33620105440000e+06 -1.44063776038909e-11 -1.12920555031100e-11
 2.34033519181709e+06  8.19376610613399e-12 -1.15235625987821e-11
 2.34446932923419e+06  1.94175277366692e-11 -1.17534353282222e-11
 2.34860346665128e+06  8.59310581866517e-12 -1.19770058882656e-11
 2.35273760406837e+06 -1.45609410165413e-11 -1.21894351006785e-11
 2.35687174148547e+06 -2.47028364023577e-11 -1.23859979106334e-11
 2.36100587890256e+06 -1.08675723645237e-11 -1.25623743822814e-11
 2.36514001631966e+06  9.80194947274288e-12 -1.27149289164653e-11
 2.36927415373675e+06  1.70802978420218e-11 -1.28409607037943e-11
 2.37340829115385e+06  1.06686029526969e-11 -1.29389096909578e-11
 2.37754242857094e+06  4.79639060972369e-12 -1.30085045213800e-11
 2.38167656598803e+06  7.84545270818377e-12 -1.30508419029682e-11
 2.38581070340513e+06  1.61149428111191e-11 -1.30683904993516e-11
 2.38994484082222e+06  2.35162426673763e-11 -1.30649165415845e-11
 2.39407897823932e+06  2.24249801113815e-11 -1.30453326926327e-11
 2.39821311565641e+06  6.65922329560750e-12 -1.30154760284875e-11
 2.40234725307351e+06 -1.74118004138754e-11 -1.29818250871510e-11
 2.40648139049060e+06 -2.94667720682364e-11 -1.29511695498351e-11
 2.41061552790769e+06 -1.43907896987861e-11 -1.29302490513969e-11
 2.41474966532479e+06  1.40986527495236e-11 -1.29253796981503e-11
 2.41888380274188e+06  2.76880585260987e-11 -1.29420879747466e-11
 2.42301794015898e+06  1.64825808217988e-11 -1.29847717740575e-11
 2.42715207757607e+06 -5.55694685663779e-12 -1.30564072682517e-11
 2.43128621499317e+06 -2.00855394009424e-11 -1.31583182967469e-11
 2.43542035241026e+06 -2.23884953225209e-11 -1.32900219755911e-11
 2.43955448982735e+06 -1.59062195228212e-11 -1.34491604826146e-11
 2.44368862724445e+06 -6.95658222580045e-12 -1.36315246365584e-11
 2.44782276466154e+06 -6.48721746797348e-12 -1.38311701935773e-11
 2.45195690207864e+06 -1.77233833812811e-11 -1.40406229791457e-11
 2.45609103949573e+06 -2.89954892311357e-11 -1.42511643142074e-11
 2.46022517691283e+06 -2.45158358390187e-11 -1.44531839316716e-11
 2.46435931432992e+06 -7.33474886212885e-12 -1.46365839446880e-11
 2.46849345174701e+06 -8.97921562357206e-13 -1.47912146199245e-11
 2.47262758916411e+06 -1.75166506960802e-11 -1.49073208834669e-11
 2.47676172658120e+06 -4.46119211952749e-11 -1.49759777477782e-11
 2.48089586399830e+06 -5.93837647696276e-11 -1.49894932414053e-11
 2.48503000141539e+06 -5.18492035860253e-11 -1.49417589345630e-11
 2.48916413883249e+06 -3.05051850983080e-11 -1.48285307089075e-11
 2.49329827624958e+06 -7.73653305540317e-12 -1.46476258878568e-11
 2.49743241366667e+06  3.11299422170332e-12 -1.43990270447909e-11
 2.50156655108377e+06 -5.74200327095825e-12 -1.40848875202473e-11
 2.50570068850086e+06 -2.54032536617425e-11 -1.37094386575403e-11
 2.50983482591796e+06 -3.51285846790976e-11 -1.32788037463918e-11
 2.51396896333505e+06 -2.26793369212421e-11 -1.28007283821703e-11
 2.51810310075215e+06 -4.14351327041274e-12 -1.22842411544604e-11
 2.52223723816924e+06 -1.70003509765132e-12 -1.17392620496228e-11
 2.52637137558634e+06 -1.26889135540548e-11 -1.11761785041550e-11
 2.53050551300343e+06 -1.85213062079491e-11 -1.06054105442205e-11
 2.53463965042052e+06 -9.04069418952942e-12 -1.00369868134017e-11
 2.53877378783762e+06  7.00211325747421e-12 -9.48015250820450e-12
 2.54290792525471e+06  1.88818938608049e-11 -8.94302835326182e-12
 2.54704206267181e+06  2.06442216257705e-11 -8.43233685906393e-12
 2.55117620008890e+06  5.45366729285703e-12 -7.95320837212533e-12
 2.55531033750600e+06 -1.93907907210491e-11 -7.50907505294936e-12
 2.55944447492309e+06 -3.07436009341570e-11 -7.10165613855762e-12
 2.56357861234018e+06 -1.23101796595211e-11 -6.73103292174855e-12
 2.56771274975728e+06  2.13815965399633e-11 -6.39580707486848e-12
 2.57184688717437e+06  3.80635125967902e-11 -6.09333152071705e-12
 2.57598102459147e+06  2.97981364379342e-11 -5.81999924541505e-12
 2.58011516200856e+06  1.31557757708065e-11 -5.57157246185526e-12
 2.58424929942566e+06  3.71313335251323e-12 -5.34353252713628e-12
 2.58838343684275e+06  3.82374530424106e-12 -5.13143009908569e-12
 2.59251757425984e+06  7.99903032978083e-12 -4.93121523210693e-12
 2.59665171167694e+06  1.23926802921296e-11 -4.73952844619711e-12
 2.60078584909403e+06  7.86686222802112e-12 -4.55393617920644e-12
 2.60491998651113e+06 -8.44687441424141e-12 -4.37309731851487e-12
 2.60905412392822e+06 -2.00642746018087e-11 -4.19685152248339e-12
 2.61318826134532e+06 -1.08344150250631e-11 -4.02622456279682e-12
 2.61732239876241e+06  1.20613944260970e-11 -3.86335069694469e-12
 2.62145653617950e+06  1.93926920394990e-11 -3.71131685322271e-12
 2.62559067359660e+06 -1.62104799111705e-12 -3.57393791587897e-12
 2.62972481101369e+06 -3.14699718718294e-11 -3.45547638792284e-12
 2.63385894843079e+06 -4.81447203326509e-11 -3.36032296379347e-12
 2.63799308584788e+06 -4.46843334209646e-11 -3.29265688407058e-12
 2.64212722326498e+06 -2.75001962325608e-11 -3.25610623960105e-12
 2.64626136068207e+06 -6.14901958660954e-12 -3.25342857007032e-12
 2.65039549809916e+06  5.22971038697215e-12 -3.28623114953577e-12
 2.65452963551626e+06 -6.63615047180965e-12 -3.35474831819736e-12
 2.65866377293335e+06 -2.89086124197862e-11 -3.45769021344228e-12
 2.66279791035045e+06 -3.60445962767516e-11 -3.59217343482407e-12
 2.66693204776754e+06 -2.36420324382872e-11 -3.75373975236690e-12
 2.67106618518464e+06 -1.35565548045684e-11 -3.93646417338138e-12
 2.67520032260173e+06 -2.31634326208292e-11 -4.13314877869850e-12
 2.67933446001882e+06 -3.97395160364021e-11 -4.33559398959684e-12
 2.68346859743592e+06 -4.55725412860052e-11 -4.53493458879394e-12
 2.68760273485301e+06 -3.70799761630603e-11 -4.72202412808951e-12
 2.69173687227011e+06 -1.82019081408615e-11 -4.88784851245356e-12
 2.69587100968720e+06  1.54455748243712e-12 -5.02394771142799e-12
 2.70000514710430e+06  8.41413382739073e-12 -5.12282381601977e-12
 2.70413928452139e+06 -9.00876791182293e-12 -5.17831407621160e-12
 2.70827342193849e+06 -3.70707211006221e-11 -5.18590910318158e-12
 2.71240755935558e+06 -4.44390509706783e-11 -5.14299902306129e-12
 2.71654169677267e+06 -2.22372751852163e-11 -5.04903389185742e-12
 2.72067583418977e+06  9.07450893488137e-12 -4.90558894109940e-12
 2.72480997160686e+06  2.41895152328051e-11 -4.71632999895045e-12
 2.72894410902396e+06  2.03559271516604e-11 -4.48687947307193e-12
 2.73307824644105e+06  1.09936311046094e-11 -4.22458832635047e-12
 2.73721238385815e+06  4.63607928235499e-12 -3.93822426180318e-12
 2.74134652127524e+06  6.63158622338484e-12 -3.63759060947574e-12
 2.74548065869233e+06  1.51061829713562e-11 -3.33309395396568e-12
 2.74961479610943e+06  1.91110528897513e-11 -3.03528117288908e-12
 2.75374893352652e+06  7.86464655735154e-12 -2.75436813910384e-12
 2.75788307094362e+06 -1.33193262095786e-11 -2.49978279258838e-12
 2.76201720836071e+06 -1.92930977448640e-11 -2.27974459074886e-12
 2.76615134577781e+06  1.11461895375229e-12 -2.10090053743008e-12
 2.77028548319490e+06  2.94841046034585e-11 -1.96803516778129e-12
 2.77441962061199e+06  3.98785785855154e-11 -1.88386817698002e-12
 2.77855375802909e+06  2.47241193041168e-11 -1.84894901884042e-12
 2.78268789544618e+06 -6.43064396473426e-13 -1.86165299210624e-12
 2.78682203286328e+06 -1.96940156499287e-11 -1.91827832616480e-12
 2.79095617028037e+06 -2.13951796521091e-11 -2.01323883111657e-12
 2.79509030769747e+06 -3.74691032272686e-12 -2.13934204141787e-12
 2.79922444511456e+06  1.72927742598565e-11 -2.28813869173861e-12
 2.80335858253165e+06  2.11670423651703e-11 -2.45032602199228e-12
 2.80749271994875e+06  3.55566016662741e-12 -2.61618497878742e-12
 2.81162685736584e+06 -1.53141943078759e-11 -2.77602997765496e-12
 2.81576099478294e+06 -1.69084914408459e-11 -2.92064957419443e-12
 2.81989513220003e+06 -8.62476140555412e-12 -3.04171716668681e-12
 2.82402926961713e+06 -7.71458088366627e-12 -3.13215266442096e-12
 2.82816340703422e+06 -2.21692541922619e-11 -3.18641879913191e-12
 2.83229754445131e+06 -4.36904210798298e-11 -3.20073927865463e-12
 2.83643168186841e+06 -5.69571883430711e-11 -3.17323009049421e-12
 2.84056581928550e+06 -5.10363170051059e-11 -3.10393973969940e-12
 2.84469995670260e+06 -2.53633088946943e-11 -2.99479881430471e-12
 2.84883409411969e+06  1.06604485601590e-12 -2.84948377391793e-12
 2.85296823153679e+06  5.40180896454560e-12 -2.67320402277291e-12
 2.85710236895388e+06 -1.58328944695542e-11 -2.47242494837174e-12
 2.86123650637097e+06 -4.29566548612058e-11 -2.25454250347977e-12
 2.86537064378807e+06 -5.08419431317998e-11 -2.02752694529559e-12
 2.86950478120516e+06 -3.57425823141499e-11 -1.79955443152694e-12
 2.87363891862226e+06 -1.32326930493457e-11 -1.57864526970460e-12
 2.87777305603935e+06 -1.52340088983500e-12 -1.37232673731025e-12
 2.88190719345645e+06 -6.81907096161766e-12 -1.18733660052440e-12
 2.88604133087354e+06 -1.82035353094464e-11 -1.02938087024456e-12
 2.89017546829063e+06 -2.19673995833483e-11 -9.02956096825157e-13
 2.89430960570773e+06 -1.23067067889812e-11 -8.11242802977619e-13
 2.89844374312482e+06  1.40140160909679e-12 -7.56072691861518e-13
 2.90257788054192e+06  2.23967710659019e-12 -7.37968259341119e-13
 2.90671201795901e+06 -1.38701738883947e-11 -7.56249598956398e-13
 2.91084615537611e+06 -3.31176491880914e-11 -8.09199716190852e-13
 2.91498029279320e+06 -3.30308996143088e-11 -8.94276742683287e-13
 2.91911443021030e+06 -6.86946878969553e-12 -1.00835920676417e-12
 2.92324856762739e+06  2.79133134194351e-11 -1.14800908015682e-12
 2.92738270504448e+06  4.73580841942773e-11 -1.30973674367705e-12
 2.93151684246158e+06  3.92252430971024e-11 -1.49025231223774e-12
 2.93565097987867e+06  1.46468469410433e-11 -1.68668889912931e-12
 2.93978511729577e+06 -4.48647714266795e-12 -1.89678530501126e-12
 2.94391925471286e+06 -4.08779049222107e-12 -2.11901817176954e-12
 2.94805339212996e+06  1.26787279479020e-11 -2.35267669648007e-12
 2.95218752954705e+06  2.69023000200270e-11 -2.59787638263289e-12
 2.95632166696414e+06  2.51005063958573e-11 -2.85551182631375e-12
 2.96045580438124e+06  9.92127651194027e-12 -3.12715200190648e-12
 2.96458994179833e+06 -2.72184334259209e-12 -3.41488473834320e-12
 2.96872407921543e+06  9.75349759702700e-13 -3.72111989246760e-12
 2.97285821663252e+06  1.45371421198784e-11 -4.04836298472235e-12
 2.97699235404962e+06  1.95114168951067e-11 -4.39897265016245e-12
 2.98112649146671e+06  3.38917814212907e-12 -4.77491609880772e-12
 2.98526062888380e+06 -2.43605583030724e-11 -5.17753683849535e-12
 2.98939476630090e+06 -3.98902237571315e-11 -5.60734819793180e-12
 2.99352890371799e+06 -3.09439523955128e-11 -6.06386474658971e-12
 2.99766304113509e+06 -3.47349962700195e-12 -6.54548162776644e-12
 3.00179717855218e+06  2.17180230744583e-11 -7.04940922130257e-12
 3.00593131596928e+06  2.48623316099864e-11 -7.57166757842634e-12
 3.01006545338637e+06  2.70920230508991e-12 -8.10714188611611e-12
 3.01419959080346e+06 -2.88497936037484e-11 -8.64969699406987e-12
 3.01833372822056e+06 -4.36005916026017e-11 -9.19234594536264e-12
 3.02246786563765e+06 -3.48224761307139e-11 -9.72746465360267e-12
 3.02660200305475e+06 -2.05813194901930e-11 -1.02470425088377e-11
 3.03073614047184e+06 -1.98320899721289e-11 -1.07429568896179e-11
 3.03487027788894e+06 -3.34106060351586e-11 -1.12072583966212e-11
 3.03900441530603e+06 -4.43712068805666e-11 -1.16324531558385e-11
 3.04313855272312e+06 -4.18158176852535e-11 -1.20117687807152e-11
 3.04727269014022e+06 -2.71204207613861e-11 -1.23393915095347e-11
 3.05140682755731e+06 -1.06153607505383e-11 -1.26106635879801e-11
 3.05554096497441e+06 -9.07088710549639e-12 -1.28222320562208e-11
 3.05967510239150e+06 -2.75844361236391e-11 -1.29721426078559e-11
 3.06380923980860e+06 -5.16682757900957e-11 -1.30598749774823e-11
 3.06794337722569e+06 -5.43453186677064e-11 -1.30863192351944e-11
 3.07207751464278e+06 -2.55521480119090e-11 -1.30536952665773e-11
 3.07621165205988e+06  1.16567564490829e-11 -1.29654204462722e-11
 3.08034578947697e+06  2.98994557738313e-11 -1.28259329346846e-11
 3.08447992689407e+06  2.08796391122333e-11 -1.26404800220858e-11
 3.08861406431116e+06 -1.06024047646080e-12 -1.24148824183384e-11
 3.09274820172826e+06 -1.68279499208155e-11 -1.21552862752909e-11
 3.09688233914535e+06 -1.79019829283629e-11 -1.18679149994123e-11
 3.10101647656245e+06 -4.23039122836908e-12 -1.15588325650688e-11
 3.10515061397954e+06  9.30869895386518e-12 -1.12337291062314e-11
 3.10928475139663e+06  7.03138299882791e-12 -1.08977381089795e-11
 3.11341888881373e+06 -7.07960117563749e-12 -1.05552926368157e-11
 3.11755302623082e+06 -1.19959784914361e-11 -1.02100258048934e-11
 3.12168716364792e+06  7.54684033459362e-12 -9.86471830062571e-12
 3.12582130106501e+06  3.48675811176320e-11 -9.52129325817514e-12
 3.12995543848211e+06  4.35419986546007e-11 -9.18085636398727e-12
 3.13408957589920e+06  2.78983409817360e-11 -8.84377682528842e-12
 3.13822371331629e+06  1.86223439242262e-12 -8.50980288487088e-12
 3.14235785073339e+06 -1.37287890945347e-11 -8.17820400757969e-12
 3.14649198815048e+06 -8.56994838891586e-12 -7.84793076698307e-12
 3.15062612556758e+06  1.65972758375154e-11 -7.51778286921159e-12
 3.15476026298467e+06  4.44517021424275e-11 -7.18657568159589e-12
 3.15889440040177e+06  4.71944532411106e-11 -6.85329607483943e-12
 3.16302853781886e+06  2.08646783497508e-11 -6.51723930107756e-12
 3.16716267523595e+06 -1.07302975400398e-11 -6.17811995397750e-12
 3.17129681265305e+06 -2.12933697576667e-11 -5.83615170893411e-12
 3.17543095007014e+06 -1.24313430621099e-11 -5.49209242391073e-12
 3.17956508748724e+06 -6.99175405316202e-12 -5.14725318770216e-12
 3.18369922490433e+06 -1.38392887629021e-11 -4.80347192163345e-12
 3.18783336232143e+06 -2.76252792609741e-11 -4.46305406468456e-12
 3.19196749973852e+06 -3.70149219115149e-11 -4.12868460062789e-12
 3.19610163715561e+06 -3.21347369892278e-11 -3.80331713176255e-12
 3.20023577457271e+06 -1.23147076289569e-11 -3.49004679796690e-12
 3.20436991198980e+06  1.05096707736162e-11 -3.19197453293177e-12
 3.20850404940690e+06  1.04490499108163e-11 -2.91207041596590e-12
 3.21263818682399e+06 -1.95232026603535e-11 -2.65304371493099e-12
 3.21677232424109e+06 -5.31268277644406e-11 -2.41722664465145e-12
 3.22090646165818e+06 -6.07108002037322e-11 -2.20647792726290e-12
 3.22504059907527e+06 -3.81878196791716e-11 -2.02211099740299e-12
 3.22917473649237e+06 -1.08811853247921e-11 -1.86485022086941e-12
 3.23330887390946e+06  1.72169115825001e-13 -1.73481687654115e-12
 3.23744301132656e+06 -7.89374004507183e-12 -1.63154497893014e-12
 3.24157714874365e+06 -2.82685946135562e-11 -1.55402538472085e-12
 3.24571128616075e+06 -4.41715259480899e-11 -1.50077511809714e-12
 3.24984542357784e+06 -4.26797831042380e-11 -1.46992754503269e-12
 3.25397956099493e+06 -2.56755980999451e-11 -1.45933799112144e-12
 3.25811369841203e+06 -1.34338502522700e-11 -1.46669868034496e-12
 3.26224783582912e+06 -2.22985527363010e-11 -1.48965650387816e-12
 3.26638197324622e+06 -3.66279290027506e-11 -1.52592712035226e-12
 3.27051611066331e+06 -3.15630632826405e-11 -1.57339923322398e-12
 3.27465024808041e+06 -2.19212237943050e-12 -1.63022356038708e-12
 3.27878438549750e+06  3.05420738145786e-11 -1.69488196202723e-12
 3.28291852291459e+06  4.21291327164434e-11 -1.76623336748339e-12
 3.28705266033169e+06  2.90665493088417e-11 -1.84353447229225e-12
 3.29118679774878e+06  1.25547095839066e-12 -1.92643458786998e-12
 3.29532093516588e+06 -2.08690257886905e-11 -2.01494544147012e-12
 3.29945507258297e+06 -1.78545528781173e-11 -2.10938806719380e-12
 3.30358921000007e+06  9.06244820558380e-12 -2.21032013059447e-12
 3.30772334741716e+06  3.73295696470897e-11 -2.31844802895170e-12
 3.31185748483426e+06  3.97544451415240e-11 -2.43452885831531e-12
 3.31599162225135e+06  1.84577662891131e-11 -2.55926780312227e-12
 3.32012575966844e+06 -9.47022497156088e-14 -2.69321666645393e-12
 3.32425989708554e+06  4.20943413813178e-13 -2.83667911723130e-12
 3.32839403450263e+06  1.40759980369530e-11 -2.98962779940224e-12
 3.33252817191973e+06  2.13095957517795e-11 -3.15163775648296e-12
 3.33666230933682e+06  1.40780543887922e-11 -3.32183971517556e-12
 3.34079644675392e+06 -1.41183557717674e-12 -3.49889569656477e-12
 3.34493058417101e+06 -1.26917813318328e-11 -3.68099824248206e-12
 3.34906472158810e+06 -4.43902333922423e-12 -3.86589332190051e-12
 3.35319885900520e+06  2.21796024513559e-11 -4.05092578197548e-12
 3.35733299642229e+06  4.60944035721651e-11 -4.23310509196418e-12
 3.36146713383939e+06  4.11878764766415e-11 -4.40918815123576e-12
 3.36560127125648e+06  4.26026663854905e-12 -4.57577514169247e-12
 3.36973540867358e+06 -3.50320884026007e-11 -4.72941383572527e-12
 3.37386954609067e+06 -4.89482562051369e-11 -4.86670744686557e-12
 3.37800368350776e+06 -3.49440695067925e-11 -4.98442104137922e-12
 3.38213782092486e+06 -1.34148080916429e-11 -5.07958171172509e-12
 3.38627195834195e+06 -5.69448631119234e-12 -5.14956813079500e-12
 3.39040609575905e+06 -1.49994218575768e-11 -5.19218573101368e-12
 3.39454023317614e+06 -3.27671733193708e-11 -5.20572454695075e-12
 3.39867437059324e+06 -4.26077971095252e-11 -5.18899767865036e-12
 3.40280850801033e+06 -3.48412787309318e-11 -5.14135932491894e-12
 3.40694264542742e+06 -1.88894537491291e-11 -5.06270234873913e-12
 3.41107678284452e+06 -1.42727527956488e-11 -4.95343631865083e-12
 3.41521092026161e+06 -3.19348777233911e-11 -4.81444787152201e-12
 3.41934505767871e+06 -5.39204533888841e-11 -4.64704602044390e-12
 3.42347919509580e+06 -5.26463013406873e-11 -4.45289565094868e-12
 3.42761333251290e+06 -2.41021742795875e-11 -4.23394288339138e-12
 3.43174746992999e+06  9.27708335285201e-12 -3.99233621305820e-12
 3.43588160734708e+06  1.97472667251494e-11 -3.73034736765115e-12
 3.44001574476418e+06  2.45985676998425e-12 -3.45029564981046e-12
 3.44414988218127e+06 -2.80696752491852e-11 -3.15447917616700e-12
 3.44828401959837e+06 -5.13907293315969e-11 -2.84511590897687e-12
 3.45241815701546e+06 -4.92793802423647e-11 -2.52429673358686e-12
 3.45655229443256e+06 -2.30109720340659e-11 -2.19395210269363e-12
 3.46068643184965e+06  5.72246855394611e-12 -1.85583298733741e-12
 3.46482056926674e+06  1.21780412398431e-11 -1.51150608700645e-12
 3.46895470668384e+06 -2.14562943077442e-12 -1.16236249799574e-12
 3.47308884410093e+06 -9.45642182484732e-12 -8.09638358082676e-13
 3.47722298151803e+06  4.75630545881210e-12 -4.54445409400020e-13
 3.48135711893512e+06  2.73862577249221e-11 -9.78089762000992e-14
 3.48549125635222e+06  3.57131390300196e-11  2.59289441389591e-13
 3.48962539376931e+06  2.35472591216205e-11  6.15867892578576e-13
 3.49375953118641e+06  3.69690549175785e-12  9.70900930105969e-13
 3.49789366860350e+06 -8.76466585552857e-12  1.32328052445092e-12
 3.50202780602059e+06  2.56639875291172e-14  1.67178335117580e-12
 3.50616194343769e+06  3.00034404812212e-11  2.01504642895004e-12
 3.51029608085478e+06  5.86608602866884e-11  2.35155255994534e-12
 3.51443021827188e+06  5.75033695792326e-11  2.67962643900354e-12
 3.51856435568897e+06  2.18586193116538e-11  2.99744168626664e-12
 3.52269849310607e+06 -1.62284673934691e-11  3.30303845338187e-12
 3.52683263052316e+06 -2.58118479973614e-11  3.59435068778773e-12
 3.53096676794025e+06 -9.17889253701892e-12  3.86924164207227e-12
 3.53510090535735e+06  1.01264011312405e-11  4.12554581025044e-12
 3.53923504277444e+06  1.49314234097654e-11  4.36111517900451e-12
 3.54336918019154e+06  7.67360877429436e-12  4.57386751170946e-12
 3.54750331760863e+06 -3.60540623809904e-12  4.76183434188809e-12
 3.55163745502573e+06 -8.74422153460716e-12  4.92320643883896e-12
 3.55577159244282e+06  1.48598352831230e-12  5.05637471322414e-12
 3.55990572985991e+06  1.72271250175987e-11  5.15996483960693e-12
 3.56403986727701e+06  1.40483077194004e-11  5.23286426644629e-12
 3.56817400469410e+06 -1.86924729322300e-11  5.27424073784499e-12
 3.57230814211120e+06 -5.47227312814664e-11  5.28355193869645e-12
 3.57644227952829e+06 -5.89029637074718e-11  5.26054636766748e-12
 3.58057641694539e+06 -3.22663904029560e-11  5.20525601309922e-12
 3.58471055436248e+06 -3.32410456032668e-12  5.11798182921444e-12
 3.58884469177957e+06  4.35804861128358e-12  4.99927336118301e-12
 3.59297882919667e+06 -1.13321511432853e-11  4.84990412892577e-12
 3.59711296661376e+06 -3.97714443577665e-11  4.67084453765065e-12
 3.60124710403086e+06 -6.45121913709189e-11  4.46323413039738e-12
 3.60538124144795e+06 -6.40947337085840e-11  4.22835493321916e-12
 3.60951537886505e+06 -3.79519710090313e-11  3.96760747179917e-12
 3.61364951628214e+06 -1.33916138075940e-11  3.68249077046140e-12
 3.61778365369923e+06 -1.40361348083094e-11  3.37458729675195e-12
 3.62191779111633e+06 -3.02178473753122e-11  3.04555340802724e-12
 3.62605192853342e+06 -3.10729186400886e-11  2.69711541462050e-12
 3.63018606595052e+06 -9.57033919735407e-12  2.33107092360567e-12
 3.63432020336761e+06  1.33460300439811e-11  1.94929469438496e-12
 3.63845434078471e+06  1.78010664517139e-11  1.55374784866747e-12
 3.64258847820180e+06  8.28189037168468e-13  1.14648895642733e-12
 3.64672261561889e+06 -2.49632787776490e-11  7.29685286598661e-13
 3.65085675303599e+06 -4.25482540320165e-11  3.05622382261902e-13
 3.65499089045308e+06 -3.35350902968452e-11 -1.23289894807400e-13
 3.65912502787018e+06  4.05302609144296e-12 -5.54516602146376e-13
 3.66325916528727e+06  4.11783136013492e-11 -9.85403770062144e-13
 3.66739330270437e+06  4.58671001508374e-11 -1.41319247740168e-12
 3.67152744012146e+06  1.80482704086450e-11 -1.83504173836606e-12
 3.67566157753856e+06 -8.38813771408516e-12 -2.24806049912802e-12
 3.67979571495565e+06 -7.62153999353672e-12 -2.64934850602566e-12
 3.68392985237274e+06  1.13328373141005e-11 -3.03604525111014e-12
 3.68806398978984e+06  2.81780472706171e-11 -3.40538565574525e-12
 3.69219812720693e+06  3.19376078051011e-11 -3.75476064912047e-12
 3.69633226462403e+06  2.43250742943768e-11 -4.08178036495093e-12
 3.70046640204112e+06  1.38526690609348e-11 -4.38433734271296e-12
 3.70460053945822e+06  1.35427989229715e-11 -4.66066690163332e-12
 3.70873467687531e+06  3.21403563736316e-11 -4.90940177296493e-12
 3.71286881429240e+06  5.14046035844785e-11 -5.12961813918053e-12
 3.71700295170950e+06  4.19767428902582e-11 -5.32087044069784e-12
 3.72113708912659e+06  1.72714589648418e-12 -5.48321266691839e-12
 3.72527122654369e+06 -3.72644476032666e-11 -5.61720433714015e-12
 3.72940536396078e+06 -4.23606965428332e-11 -5.72389997869020e-12
 3.73353950137788e+06 -1.69148302305214e-11 -5.80482159911392e-12
 3.73767363879497e+06  1.29046543076617e-11 -5.86191439552929e-12
 3.74180777621206e+06  2.52327956130970e-11 -5.89748671245236e-12
 3.74594191362916e+06  1.26218987892144e-11 -5.91413601254083e-12
 3.75007605104625e+06 -1.48402451758781e-11 -5.91466332513373e-12
 3.75421018846335e+06 -3.73613114944745e-11 -5.90197924912955e-12
 3.75834432588044e+06 -3.68941548972051e-11 -5.87900507659084e-12
 3.76247846329754e+06 -1.80285616672688e-11 -5.84857294359522e-12
 3.76661260071463e+06 -7.82509152948757e-12 -5.81332908378236e-12
 3.77074673813172e+06 -2.16153685905607e-11 -5.77564424422652e-12
 3.77488087554882e+06 -4.48392972596271e-11 -5.73753511758245e-12
 3.77901501296591e+06 -4.86402475765503e-11 -5.70060025329242e-12
 3.78314915038301e+06 -2.66724472238566e-11 -5.66597334742088e-12
 3.78728328780010e+06 -2.80305223914343e-12 -5.63429609772041e-12
 3.79141742521720e+06 -1.80743370447793e-13 -5.60571197812733e-12
 3.79555156263429e+06 -2.27191420062270e-11 -5.57988137202752e-12
 3.79968570005138e+06 -5.51270791876774e-11 -5.55601754827251e-12
 3.80381983746848e+06 -7.52555966247872e-11 -5.53294201307982e-12
 3.80795397488557e+06 -6.56975524202172e-11 -5.50915687072815e-12
 3.81208811230267e+06 -2.65803017173889e-11 -5.48293102066748e-12
 3.81622224971976e+06  1.26785578778623e-11 -5.45239634950954e-12
 3.82035638713686e+06  2.04658862988629e-11 -5.41564957830914e-12
 3.82449052455395e+06 -1.46962127126980e-12 -5.37085512630319e-12
 3.82862466197104e+06 -2.15038702174173e-11 -5.31634426992411e-12
 3.83275879938814e+06 -1.61979062660549e-11 -5.25070601852488e-12
 3.83689293680523e+06  3.43850608396462e-12 -5.17286549274890e-12
 3.84102707422233e+06  1.52154013105129e-11 -5.08214616359725e-12
 3.84516121163942e+06  1.12313766452725e-11 -4.97831306530267e-12
 3.84929534905652e+06 -1.92203949260830e-12 -4.86159499863827e-12
 3.85342948647361e+06 -1.02508616494255e-11 -4.73268475082309e-12
 3.85756362389070e+06 -1.30257405864552e-12 -4.59271742502709e-12
 3.86169776130780e+06  2.73742071381541e-11 -4.44322804441830e-12
 3.86583189872489e+06  5.53294378884764e-11 -4.28609061898137e-12
 3.86996603614199e+06  5.21905287310099e-11 -4.12344178596722e-12
 3.87410017355908e+06  1.55909101968438e-11 -3.95759290897150e-12
 3.87823431097618e+06 -2.13101485633147e-11 -3.79093510499378e-12
 3.88236844839327e+06 -2.34222208392839e-11 -3.62584203127806e-12
 3.88650258581037e+06  7.39024674812526e-12 -3.46457538277904e-12
 3.89063672322746e+06  4.00624620003704e-11 -3.30919791740389e-12
 3.89477086064455e+06  5.22540069830756e-11 -3.16149844317020e-12
 3.89890499806165e+06  4.22895374621880e-11 -3.02293258550548e-12
 3.90303913547874e+06  2.09928070055160e-11 -2.89458233251767e-12
 3.90717327289584e+06  3.08919581712203e-12 -2.77713637103911e-12
 3.91130741031293e+06  2.10873382345047e-12 -2.67089212528490e-12
 3.91544154773003e+06  1.55955008818471e-11 -2.57577924871606e-12
 3.91957568514712e+06  1.74837260529785e-11 -2.49140315805109e-12
 3.92370982256421e+06 -8.46775654240751e-12 -2.41710609698069e-12
 3.92784395998131e+06 -4.05952473624332e-11 -2.35204223479850e-12
 3.93197809739840e+06 -4.35736172015123e-11 -2.29526249546391e-12
 3.93611223481550e+06 -1.46707866584333e-11 -2.24580422083826e-12
 3.94024637223259e+06  1.32133384734719e-11 -2.20278043321376e-12
 3.94438050964969e+06  1.48815315193118e-11 -2.16546339863220e-12
 3.94851464706678e+06 -8.46175964340596e-12 -2.13335741260805e-12
 3.95264878448387e+06 -4.25815197144422e-11 -2.10625622692374e-12
 3.95678292190097e+06 -6.82850069156043e-11 -2.08428128946815e-12
 3.96091705931806e+06 -6.57464186496985e-11 -2.06789794343752e-12
 3.96505119673516e+06 -3.23542870564453e-11 -2.05790788092227e-12
 3.96918533415225e+06  1.32292412165877e-12 -2.05541741153768e-12
 3.97331947156935e+06  1.59953699109971e-12 -2.06178242529739e-12
 3.97745360898644e+06 -2.51375532210203e-11 -2.07853223195957e-12
 3.98158774640353e+06 -4.31929448374330e-11 -2.10727567797933e-12
 3.98572188382063e+06 -3.46067885203475e-11 -2.14959401128082e-12
 3.98985602123772e+06 -1.77371438545635e-11 -2.20692582429605e-12
 3.99399015865482e+06 -1.51767589902111e-11 -2.28045000788670e-12
 3.99812429607191e+06 -2.79790062128312e-11 -2.37097295601909e-12
 4.00225843348901e+06 -4.52262227388123e-11 -2.47882625147992e-12
 4.00639257090610e+06 -5.36938891518523e-11 -2.60378073030595e-12
 4.01052670832319e+06 -3.98343095399849e-11 -2.74498217768254e-12
 4.01466084574029e+06 -5.73629141928044e-13 -2.90091297773536e-12
 4.01879498315738e+06  3.89621956595543e-11 -3.06938286615271e-12
 4.02292912057448e+06  4.15980133648040e-11 -3.24755057333641e-12
 4.02706325799157e+06  5.88224930526621e-12 -3.43197666286044e-12
 4.03119739540867e+06 -2.78985679261743e-11 -3.61870633891203e-12
 4.03533153282576e+06 -2.54655708728332e-11 -3.80337949393792e-12
 4.03946567024285e+06  4.56263713206308e-12 -3.98136387085624e-12
 4.04359980765995e+06  3.19306827169757e-11 -4.14790599523197e-12
 4.04773394507704e+06  4.25843862738997e-11 -4.29829355613003e-12
 4.05186808249414e+06  3.73831050989822e-11 -4.42802223281485e-12
 4.05600221991123e+06  2.21762578040340e-11 -4.53295961645211e-12
 4.06013635732833e+06  1.12549970304157e-11 -4.60949888336863e-12
 4.06427049474542e+06  1.99126909164877e-11 -4.65469524315425e-12
 4.06840463216252e+06  3.99425030606964e-11 -4.66637889668884e-12
 4.07253876957961e+06  3.89919236485072e-11 -4.64323926398932e-12
 4.07667290699670e+06  6.59706847924161e-12 -4.58487653113817e-12
 4.08080704441380e+06 -2.46032664621113e-11 -4.49181805736920e-12
 4.08494118183089e+06 -1.98015265116563e-11 -4.36549880448595e-12
 4.08907531924799e+06  1.61201829479822e-11 -4.20820662086674e-12
 4.09320945666508e+06  4.88627190679924e-11 -4.02299484819087e-12
 4.09734359408218e+06  5.56297954891758e-11 -3.81356623852797e-12
 4.10147773149927e+06  3.53474836228266e-11 -3.58413349608405e-12
 4.10561186891636e+06 -1.55076711626584e-12 -3.33926282448105e-12
 4.10974600633346e+06 -3.30562653243622e-11 -3.08370761302593e-12
 4.11388014375055e+06 -3.59405297704297e-11 -2.82223979579077e-12
 4.11801428116765e+06 -1.01682282767292e-11 -2.55948644522704e-12
 4.12214841858474e+06  1.17635309207154e-11 -2.29977881644835e-12
 4.12628255600184e+06  1.11267490794011e-12 -2.04702035731704e-12
 4.13041669341893e+06 -2.83687094836447e-11 -1.80457917956786e-12
 4.13455083083602e+06 -4.19317187112349e-11 -1.57520920027785e-12
