#time(au), s(t), s(t) without exp(iwt)
 0.00000000000000e+01  0.00000000000000e+00  0.00000000000000e+00
 4.13413741709430e+02 -2.38526773000561e-18 -3.14534285132009e-18
 8.26827483418859e+02  6.94979469606928e-18 -7.01287308100682e-18
 1.24024122512829e+03 -8.49620825074450e-18 -3.26200246348911e-18
 1.65365496683772e+03  1.26940567938562e-17 -6.21147342561874e-18
 2.06706870854715e+03 -1.73792557777549e-17 -4.03551167873916e-18
 2.48048245025658e+03  2.23398724939960e-17 -7.72206136782153e-18
 2.89389619196601e+03 -2.74270623622155e-17 -6.07068081199826e-18
 3.30730993367544e+03  2.87724508841828e-17  1.00570258697637e-17
 3.72072367538487e+03 -2.50329975824544e-17 -3.87895423827197e-17
 4.13413741709430e+03  9.12675336495407e-18 -3.09696830780518e-19
 4.54755115880373e+03  3.13247826080803e-17  6.10640934442806e-17
 4.96096490051316e+03 -1.12103877808309e-16  8.08364878443491e-17
 5.37437864222259e+03  2.55116322430308e-16 -9.25932079760265e-17
 5.78779238393202e+03 -4.99105851510205e-16 -4.48035634552633e-16
 6.20120612564145e+03  8.94236927371305e-16 -2.69023755872336e-16
 6.61461986735088e+03 -1.50649634864829e-15 -1.83681407239539e-16
 7.02803360906031e+03  2.42148752733755e-15 -1.05412386890780e-15
 7.44144735076974e+03 -3.76671825854410e-15  1.31129221137203e-15
 7.85486109247917e+03  5.65427709942640e-15  2.56125380089600e-15
 8.26827483418859e+03 -8.29229146075884e-15 -4.04181585827757e-15
 8.68168857589802e+03  1.18047725516444e-14 -4.52307221396627e-15
 9.09510231760745e+03 -1.64841754267412e-14  1.15389460177070e-14
 9.50851605931688e+03  2.23782447585068e-14 -1.51747679389800e-15
 9.92192980102631e+03 -2.99490500332108e-14  1.47718307173011e-14
 1.03353435427357e+04  3.88266714859133e-14  2.08532881062633e-14
 1.07487572844452e+04 -4.99592546961205e-14 -2.81233740366724e-14
 1.11621710261546e+04  6.17840341125586e-14 -1.71833579658537e-14
 1.15755847678640e+04 -7.65787384085600e-14  1.15397222471930e-14
 1.19889985095735e+04  8.98821081596235e-14  3.21313288441838e-14
 1.24024122512829e+04 -1.07553159790349e-13  4.69713312236538e-14
 1.28158259929923e+04  1.18450405840508e-13 -1.44970975842034e-13
 1.32292397347018e+04 -1.37296541939335e-13 -2.89797516685824e-14
 1.36426534764112e+04  1.38492882998557e-13 -5.57177128700731e-14
 1.40560672181206e+04 -1.56667357592802e-13  2.96180837824130e-13
 1.44694809598300e+04  1.36702775400471e-13 -3.87909404065178e-13
 1.48828947015395e+04 -1.54203230892027e-13  3.64207087884514e-13
 1.52963084432489e+04  9.70399306598636e-14 -3.56171993162227e-14
 1.57097221849583e+04 -1.19063481895458e-13 -1.05842341495472e-12
 1.61231359266678e+04  4.19241645602910e-15  2.38773230831992e-13
 1.65365496683772e+04 -4.52545268063701e-14  4.06802698925762e-13
 1.69499634100866e+04 -1.51900420897257e-13 -1.47707624213659e-12
 1.73633771517960e+04  6.38224217753155e-14 -4.08683977711394e-13
 1.77767908935055e+04 -3.71650850116377e-13  9.52380114697057e-14
 1.81902046352149e+04  1.92721039658744e-13 -6.02342936186830e-13
 1.86036183769243e+04 -6.43221734122377e-13 -1.30349018039868e-12
 1.90170321186338e+04  3.14755525339997e-13  7.68296014398681e-13
 1.94304458603432e+04 -9.42985827498575e-13 -1.58876341593332e-13
 1.98438596020526e+04  3.96910277408930e-13 -1.64343854422191e-12
 2.02572733437620e+04 -1.23953779332030e-12 -1.46286245243677e-12
 2.06706870854715e+04  4.08113667356668e-13 -2.44382493579135e-12
 2.10841008271809e+04 -1.50010020058041e-12 -2.47339099890800e-12
 2.14975145688903e+04  3.28231971898240e-13  8.47706629389981e-13
 2.19109283105998e+04 -1.69791075706362e-12 -4.80407382830574e-12
 2.23243420523092e+04  1.54365364083212e-13 -2.48012925792027e-14
 2.27377557940186e+04 -1.81812543615525e-12 -3.43638943051415e-12
 2.31511695357280e+04 -9.78640429024521e-14 -5.70668541235147e-12
 2.35645832774375e+04 -1.86069013707746e-12 -3.61580953738972e-14
 2.39779970191469e+04 -3.98704105790211e-13 -3.79938680548641e-12
 2.43914107608563e+04 -1.83933522549368e-12 -3.58672863864020e-12
 2.48048245025657e+04 -7.12180047075156e-13 -3.42347104836612e-12
 2.52182382442752e+04 -1.77684085002126e-12 -4.89669371815702e-12
 2.56316519859846e+04 -1.00477985923073e-12 -2.30077087382716e-12
 2.60450657276940e+04 -1.69866082666528e-12 -4.47835049978998e-12
 2.64584794694035e+04 -1.25166874952662e-12 -3.61343868161924e-12
 2.68718932111129e+04 -1.62656928448508e-12 -3.01597243278108e-12
 2.72853069528223e+04 -1.43910274055123e-12 -4.64588437809175e-12
 2.76987206945317e+04 -1.57451269594559e-12 -3.98079328022484e-12
 2.81121344362412e+04 -1.56360421196797e-12 -3.33899037813638e-12
 2.85255481779506e+04 -1.54750342816613e-12 -3.72122846939808e-12
 2.89389619196600e+04 -1.62905485325521e-12 -3.75977716692170e-12
 2.93523756613695e+04 -1.54325194732395e-12 -3.53785478298107e-12
 2.97657894030789e+04 -1.64358218497352e-12 -3.41401431191694e-12
 3.01792031447883e+04 -1.55536188118668e-12 -3.57178922147905e-12
 3.05926168864977e+04 -1.61710838643326e-12 -3.48459305244433e-12
 3.10060306282072e+04 -1.57639993401906e-12 -3.46855786131693e-12
 3.14194443699166e+04 -1.55972419399964e-12 -3.31618459330915e-12
 3.18328581116260e+04 -1.60015210266434e-12 -3.49700412244993e-12
 3.22462718533355e+04 -1.48107429116041e-12 -3.45343914393043e-12
 3.26596855950449e+04 -1.62276173933245e-12 -3.39130249357414e-12
 3.30730993367543e+04 -1.38997606192427e-12 -3.36335972338126e-12
 3.34865130784637e+04 -1.64275192319186e-12 -3.42262985507300e-12
 3.38999268201732e+04 -1.29469311257981e-12 -3.37818336345610e-12
 3.43133405618826e+04 -1.66092753452868e-12 -3.37619159554288e-12
 3.47267543035920e+04 -1.20277011612703e-12 -3.40584036973075e-12
 3.51401680453015e+04 -1.67956479283255e-12 -3.38107092224837e-12
 3.55535817870109e+04 -1.12107971632410e-12 -3.37787065639891e-12
 3.59669955287203e+04 -1.70214209838033e-12 -3.38452424617773e-12
 3.63804092704298e+04 -1.05592026355571e-12 -3.38309719276974e-12
 3.67938230121392e+04 -1.73279552191655e-12 -3.38092493264489e-12
 3.72072367538486e+04 -1.01252807277135e-12 -3.38066622930631e-12
 3.76206504955581e+04 -1.77573167260283e-12 -3.38216035868834e-12
 3.80340642372675e+04 -9.95038684219908e-13 -3.38037028125228e-12
 3.84474779789769e+04 -1.83501777936357e-12 -3.38089167692333e-12
 3.88608917206864e+04 -1.00644490729746e-12 -3.38119161734105e-12
 3.92743054623958e+04 -1.91398672848617e-12 -3.38065287787283e-12
 3.96877192041052e+04 -1.04829214449358e-12 -3.38093671955442e-12
 4.01011329458147e+04 -2.01489558186325e-12 -3.38080738540052e-12
 4.05145466875241e+04 -1.12098086630353e-12 -3.38082277093602e-12
 4.09279604292335e+04 -2.13876331570736e-12 -3.38085706820015e-12
 4.13413741709429e+04 -1.22393600276355e-12 -3.38085949810282e-12
 4.17547879126524e+04 -2.28504713803268e-12 -3.38084068592445e-12
 4.21682016543618e+04 -1.35572530328903e-12 -3.38086155234098e-12
 4.25816153960712e+04 -2.45154726515770e-12 -3.38084865923657e-12
 4.29950291377807e+04 -1.51412412034466e-12 -3.38085134726732e-12
 4.34084428794901e+04 -2.63426221096800e-12 -3.38084941891698e-12
 4.38218566211995e+04 -1.69637524428409e-12 -3.38085324607886e-12
 4.42352703629090e+04 -2.82772088924001e-12 -3.38085016576543e-12
 4.46486841046184e+04 -1.89938238009386e-12 -3.38085075818440e-12
 4.50620978463278e+04 -3.02508767553141e-12 -3.38085126895158e-12
 4.54755115880373e+04 -2.11917340301783e-12 -3.38085072220106e-12
 4.58889253297467e+04 -3.21829017690070e-12 -3.38085092343058e-12
 5.00230627468410e+04 -3.84830349655625e-12 -3.38085092343058e-12
 5.41572001639353e+04 -3.59351970179467e-12 -3.38085092343058e-12
 5.82913375810296e+04 -3.15955775054779e-12 -3.38085092343058e-12
 6.24254749981239e+04 -3.87884747011881e-12 -3.38085092343058e-12
 6.65596124152182e+04 -6.10809571214986e-12 -3.38085092343058e-12
 7.06937498323125e+04 -9.14296913331244e-12 -3.38085092343058e-12
 7.48278872494068e+04 -1.20266792959031e-11 -3.38085092343058e-12
 7.89620246665011e+04 -1.34558774710504e-11 -3.38085092343058e-12
 8.30961620835954e+04 -1.22531832395344e-11 -3.38085092343058e-12
 8.72302995006897e+04 -9.39304179319936e-12 -3.38085092343058e-12
 9.13644369177840e+04 -8.34313114942751e-12 -3.38085092343058e-12
 9.54985743348783e+04 -1.20093622608729e-11 -3.38085092343058e-12
 9.96327117519726e+04 -1.95005954593543e-11 -3.38085092343058e-12
 1.03766849169067e+05 -2.68331068850991e-11 -3.38085092343058e-12
 1.07900986586161e+05 -3.06393703939726e-11 -3.38085092343058e-12
 1.12035124003255e+05 -2.95980499593434e-11 -3.38085092343058e-12
 1.16169261420350e+05 -2.42077711911138e-11 -3.38085092343058e-12
 1.20303398837444e+05 -1.85067960200666e-11 -3.38085092343058e-12
 1.24437536254538e+05 -1.92419984523120e-11 -3.38085092343058e-12
 1.28571673671633e+05 -2.93212272141547e-11 -3.38085092343058e-12
 1.32705811088727e+05 -4.34084459522134e-11 -3.38085092343058e-12
 1.36839948505821e+05 -5.22280761614137e-11 -3.38085092343058e-12
 1.40974085922916e+05 -5.05894629176870e-11 -3.38085092343058e-12
 1.45108223340010e+05 -4.10233108145347e-11 -3.38085092343058e-12
 1.49242360757104e+05 -3.11889165488935e-11 -3.38085092343058e-12
 1.53376498174198e+05 -2.93823681481462e-11 -3.38085092343058e-12
 1.57510635591293e+05 -4.07710106227936e-11 -3.38085092343058e-12
 1.61644773008387e+05 -6.20241123759579e-11 -3.38085092343058e-12
 1.65778910425481e+05 -7.98883424104720e-11 -3.38085092343058e-12
 1.69913047842576e+05 -8.15613567533646e-11 -3.38085092343058e-12
 1.74047185259670e+05 -6.71674216942683e-11 -3.38085092343058e-12
 1.78181322676764e+05 -5.02694205763084e-11 -3.38085092343058e-12
 1.82315460093858e+05 -4.65523602514845e-11 -3.38085092343058e-12
 1.86449597510953e+05 -6.15432341185111e-11 -3.38085092343058e-12
 1.90583734928047e+05 -8.81256530249433e-11 -3.38085092343058e-12
 1.94717872345141e+05 -1.12120008655379e-10 -3.38085092343058e-12
 1.98852009762236e+05 -1.18645785198498e-10 -3.38085092343058e-12
 2.02986147179330e+05 -1.01679702916076e-10 -3.38085092343058e-12
 2.07120284596424e+05 -7.40534101710775e-11 -3.38085092343058e-12
 2.11254422013518e+05 -6.05720010455552e-11 -3.38085092343058e-12
 2.15388559430613e+05 -7.55369780797101e-11 -3.38085092343058e-12
 2.19522696847707e+05 -1.10648219883691e-10 -3.38085092343058e-12
 2.23656834264801e+05 -1.44012831582186e-10 -3.38085092343058e-12
 2.27790971681896e+05 -1.57003994479074e-10 -3.38085092343058e-12
 2.31925109098990e+05 -1.43857278596453e-10 -3.38085092343058e-12
 2.36059246516084e+05 -1.13166554264084e-10 -3.38085092343058e-12
 2.40193383933178e+05 -8.74866220570655e-11 -3.38085092343058e-12
 2.44327521350273e+05 -9.19990556095838e-11 -3.38085092343058e-12
 2.48461658767367e+05 -1.30526333754161e-10 -3.38085092343058e-12
 2.52595796184461e+05 -1.78199648896869e-10 -3.38085092343058e-12
 2.56729933601556e+05 -2.03924149717309e-10 -3.38085092343058e-12
 2.60864071018650e+05 -1.94651067063697e-10 -3.38085092343058e-12
 2.64998208435744e+05 -1.59934767410581e-10 -3.38085092343058e-12
 2.69132345852839e+05 -1.23722393393505e-10 -3.38085092343058e-12
 2.73266483269933e+05 -1.12518619691630e-10 -3.38085092343058e-12
 2.77400620687027e+05 -1.40974778908243e-10 -3.38085092343058e-12
 2.81534758104121e+05 -1.97148898410221e-10 -3.38085092343058e-12
 2.85668895521216e+05 -2.43234705630215e-10 -3.38085092343058e-12
 2.89803032938310e+05 -2.45573155880433e-10 -3.38085092343058e-12
 2.93937170355404e+05 -2.05787951058414e-10 -3.38085092343058e-12
 2.98071307772499e+05 -1.56689819795589e-10 -3.38085092343058e-12
 3.02205445189593e+05 -1.35002442891616e-10 -3.38085092343058e-12
 3.06339582606687e+05 -1.59332627941495e-10 -3.38085092343058e-12
 3.10473720023782e+05 -2.20834317286846e-10 -3.38085092343058e-12
 3.14607857440876e+05 -2.84950075762332e-10 -3.38085092343058e-12
 3.18741994857970e+05 -3.08070374013626e-10 -3.38085092343058e-12
 3.22876132275065e+05 -2.70540210224824e-10 -3.38085092343058e-12
 3.27010269692159e+05 -2.01366690146172e-10 -3.38085092343058e-12
 3.31144407109253e+05 -1.58413814924296e-10 -3.38085092343058e-12
 3.35278544526348e+05 -1.77270193248172e-10 -3.38085092343058e-12
 3.39412681943442e+05 -2.46615113699158e-10 -3.38085092343058e-12
 3.43546819360536e+05 -3.24277784081450e-10 -3.38085092343058e-12
 3.47680956777631e+05 -3.62811124248738e-10 -3.38085092343058e-12
 3.51815094194725e+05 -3.34989023651078e-10 -3.38085092343058e-12
 3.55949231611819e+05 -2.56807249362197e-10 -3.38085092343058e-12
 3.60083369028913e+05 -1.86674126773647e-10 -3.38085092343058e-12
 3.64217506446008e+05 -1.84888055792486e-10 -3.38085092343058e-12
 3.68351643863102e+05 -2.59797357639034e-10 -3.38085092343058e-12
 3.72485781280196e+05 -3.59907113398846e-10 -3.38085092343058e-12
 3.76619918697291e+05 -4.20059644801277e-10 -3.38085092343058e-12
 3.80754056114385e+05 -4.06930031810662e-10 -3.38085092343058e-12
 3.84888193531479e+05 -3.32600371108748e-10 -3.38085092343058e-12
 3.89022330948574e+05 -2.47712774002980e-10 -3.38085092343058e-12
 3.93156468365668e+05 -2.16793101797787e-10 -3.38085092343058e-12
 3.97290605782762e+05 -2.72625211314649e-10 -3.38085092343058e-12
 4.01424743199857e+05 -3.83672452518011e-10 -3.38085092343058e-12
 4.05558880616951e+05 -4.73279778317279e-10 -3.38085092343058e-12
 4.09693018034045e+05 -4.80309983759534e-10 -3.38085092343058e-12
 4.13827155451140e+05 -4.06616565305621e-10 -3.38085092343058e-12
 4.17961292868234e+05 -3.07997775616991e-10 -3.38085092343058e-12
 4.22095430285328e+05 -2.52106082571890e-10 -3.38085092343058e-12
 4.26229567702423e+05 -2.81676446667717e-10 -3.38085092343058e-12
 4.30363705119517e+05 -3.87316277667852e-10 -3.38085092343058e-12
 4.34497842536611e+05 -5.03846594883607e-10 -3.38085092343058e-12
 4.38631979953706e+05 -5.49351882887725e-10 -3.38085092343058e-12
 4.42766117370800e+05 -4.90071724297568e-10 -3.38085092343058e-12
 4.46900254787894e+05 -3.73015216714058e-10 -3.38085092343058e-12
 4.51034392204988e+05 -2.87853176338143e-10 -3.38085092343058e-12
 4.55168529622083e+05 -2.97738946921717e-10 -3.38085092343058e-12
 4.59302667039177e+05 -4.00652148697955e-10 -3.38085092343058e-12
 4.63436804456271e+05 -5.36119875481637e-10 -3.38085092343058e-12
 4.67570941873366e+05 -6.17797089772135e-10 -3.38085092343058e-12
 4.71705079290460e+05 -5.84673018206590e-10 -3.38085092343058e-12
 4.75839216707554e+05 -4.54910649222136e-10 -3.38085092343058e-12
 4.79973354124649e+05 -3.24543102388126e-10 -3.38085092343058e-12
 4.84107491541743e+05 -2.94875328775087e-10 -3.38085092343058e-12
 4.88241628958837e+05 -3.92064458285392e-10 -3.38085092343058e-12
 4.92375766375932e+05 -5.50253820370664e-10 -3.38085092343058e-12
 4.96509903793026e+05 -6.65248255383007e-10 -3.38085092343058e-12
 5.00644041210120e+05 -6.61978592722686e-10 -3.38085092343058e-12
 5.04778178627215e+05 -5.40063845910541e-10 -3.38085092343058e-12
 5.08912316044309e+05 -3.82355999605710e-10 -3.38085092343058e-12
 5.13046453461403e+05 -3.05970428079607e-10 -3.38085092343058e-12
 5.17180590878498e+05 -3.76990037783934e-10 -3.38085092343058e-12
 5.21314728295592e+05 -5.52708893912373e-10 -3.38085092343058e-12
 5.25448865712686e+05 -7.10792824366040e-10 -3.38085092343058e-12
 5.29583003129780e+05 -7.44435402789666e-10 -3.38085092343058e-12
 5.33717140546875e+05 -6.36906124074243e-10 -3.38085092343058e-12
 5.37851277963969e+05 -4.66703278462643e-10 -3.38085092343058e-12
 5.41985415381063e+05 -3.52553606495165e-10 -3.38085092343058e-12
 5.46119552798158e+05 -3.78945231012750e-10 -3.38085092343058e-12
 5.50253690215252e+05 -5.38447397160150e-10 -3.38085092343058e-12
 5.54387827632346e+05 -7.25777689042289e-10 -3.38085092343058e-12
 5.58521965049441e+05 -8.08357457493719e-10 -3.38085092343058e-12
 5.62656102466535e+05 -7.27342186497856e-10 -3.38085092343058e-12
 5.66790239883629e+05 -5.45516478592763e-10 -3.38085092343058e-12
 5.70924377300724e+05 -3.96528632932078e-10 -3.38085092343058e-12
 5.75058514717818e+05 -3.84395654705620e-10 -3.38085092343058e-12
 5.79192652134912e+05 -5.22045561509965e-10 -3.38085092343058e-12
 5.83326789552007e+05 -7.25896336726212e-10 -3.38085092343058e-12
 5.87460926969101e+05 -8.61759046375853e-10 -3.38085092343058e-12
 5.91595064386195e+05 -8.32873444884641e-10 -3.38085092343058e-12
 5.95729201803289e+05 -6.55543397670730e-10 -3.38085092343058e-12
 5.99863339220384e+05 -4.59284494486134e-10 -3.38085092343058e-12
 6.03997476637478e+05 -3.91226593757259e-10 -3.38085092343058e-12
 6.08131614054572e+05 -5.03327400050610e-10 -3.38085092343058e-12
 6.12265751471667e+05 -7.21273088905985e-10 -3.38085092343058e-12
 6.16399888888761e+05 -9.01905444923582e-10 -3.38085092343058e-12
 6.20534026305855e+05 -9.24989076233635e-10 -3.38085092343058e-12
 6.24668163722950e+05 -7.68075980531608e-10 -3.38085092343058e-12
 6.28802301140044e+05 -5.33470698547553e-10 -3.38085092343058e-12
 6.32936438557138e+05 -3.89905741867026e-10 -3.38085092343058e-12
 6.37070575974233e+05 -4.48828547018998e-10 -3.38085092343058e-12
 6.41204713391327e+05 -6.76464636395536e-10 -3.38085092343058e-12
 6.45338850808421e+05 -9.13348023153652e-10 -3.38085092343058e-12
 6.49472988225516e+05 -9.95153086141846e-10 -3.38085092343058e-12
 6.53607125642610e+05 -8.71079777569126e-10 -3.38085092343058e-12
 6.57741263059704e+05 -6.26442627703722e-10 -3.38085092343058e-12
 6.61875400476799e+05 -4.27811702731504e-10 -3.38085092343058e-12
 6.66009537893893e+05 -4.20710839659866e-10 -3.38085092343058e-12
 6.70143675310987e+05 -6.23773514956225e-10 -3.38085092343058e-12
 6.74277812728081e+05 -9.00885340929475e-10 -3.38085092343058e-12
 6.78411950145176e+05 -1.05255265547728e-09 -3.38085092343058e-12
 6.82546087562270e+05 -9.69924993141470e-10 -3.38085092343058e-12
 6.86680224979364e+05 -7.17375631908237e-10 -3.38085092343058e-12
 6.90814362396459e+05 -4.75990798398811e-10 -3.38085092343058e-12
 6.94948499813553e+05 -4.10286742277145e-10 -3.38085092343058e-12
 6.99082637230647e+05 -5.66690990303256e-10 -3.38085092343058e-12
 7.03216774647742e+05 -8.48436259455694e-10 -3.38085092343058e-12
 7.07350912064836e+05 -1.06227844067045e-09 -3.38085092343058e-12
 7.11485049481930e+05 -1.04931853729729e-09 -3.38085092343058e-12
 7.15619186899025e+05 -8.15633515022559e-10 -3.38085092343058e-12
 7.19753324316119e+05 -5.31738573932153e-10 -3.38085092343058e-12
 7.23887461733213e+05 -4.03712622561061e-10 -3.38085092343058e-12
 7.28021599150308e+05 -5.20468234376748e-10 -3.38085092343058e-12
 7.32155736567402e+05 -8.01069391434903e-10 -3.38085092343058e-12
 7.36289873984496e+05 -1.06231043839988e-09 -3.38085092343058e-12
 7.40424011401591e+05 -1.12960975698023e-09 -3.38085092343058e-12
 7.44558148818685e+05 -9.47226153889569e-10 -3.38085092343058e-12
 7.48692286235779e+05 -6.34305089824321e-10 -3.38085092343058e-12
 7.52826423652873e+05 -4.16213058320464e-10 -3.38085092343058e-12
 7.56960561069968e+05 -4.54986843320532e-10 -3.38085092343058e-12
 7.61094698487062e+05 -7.24029227709720e-10 -3.38085092343058e-12
 7.65228835904156e+05 -1.03569322634350e-09 -3.38085092343058e-12
 7.69362973321251e+05 -1.17822750765031e-09 -3.38085092343058e-12
 7.73497110738345e+05 -1.05697803169371e-09 -3.38085092343058e-12
 7.77631248155439e+05 -7.48551538585558e-10 -3.38085092343058e-12
 7.81765385572534e+05 -4.55516985559051e-10 -3.38085092343058e-12
 7.85899522989628e+05 -3.90016596112839e-10 -3.38085092343058e-12
 7.90033660406722e+05 -6.14153966164802e-10 -3.38085092343058e-12
 7.94167797823817e+05 -9.72764022042178e-10 -3.38085092343058e-12
 7.98301935240911e+05 -1.20988464786502e-09 -3.38085092343058e-12
 8.02436072658005e+05 -1.16141515082505e-09 -3.38085092343058e-12
 8.06570210075100e+05 -8.66672061189733e-10 -3.38085092343058e-12
 8.10704347492194e+05 -5.28286684517457e-10 -3.38085092343058e-12
 8.14838484909288e+05 -3.75494242205317e-10 -3.38085092343058e-12
 8.18972622326383e+05 -5.21415608160936e-10 -3.38085092343058e-12
 8.23106759743477e+05 -8.78267059608028e-10 -3.38085092343058e-12
 8.27240897160571e+05 -1.19533065088985e-09 -3.38085092343058e-12
 8.31375034577666e+05 -1.23469142329135e-09 -3.38085092343058e-12
 8.35509171994760e+05 -9.64996524402300e-10 -3.38085092343058e-12
 8.39643309411854e+05 -5.82720158594059e-10 -3.38085092343058e-12
 8.43777446828948e+05 -3.53409275037008e-10 -3.38085092343058e-12
 8.47911584246043e+05 -4.31404879352733e-10 -3.38085092343058e-12
 8.52045721663137e+05 -7.64185941384830e-10 -3.38085092343058e-12
 8.56179859080231e+05 -1.12761857276097e-09 -3.38085092343058e-12
 8.60313996497326e+05 -1.26731151994200e-09 -3.38085092343058e-12
 8.64448133914420e+05 -1.07096989424898e-09 -3.38085092343058e-12
 8.68582271331514e+05 -6.70086545302708e-10 -3.38085092343058e-12
 8.72716408748609e+05 -3.54227894489899e-10 -3.38085092343058e-12
 8.76850546165703e+05 -3.48024542113398e-10 -3.38085092343058e-12
 8.80984683582797e+05 -6.49468854300389e-10 -3.38085092343058e-12
 8.85118820999892e+05 -1.04770937673960e-09 -3.38085092343058e-12
 8.89252958416986e+05 -1.27373036927132e-09 -3.38085092343058e-12
 8.93387095834080e+05 -1.16968836526465e-09 -3.38085092343058e-12
 8.97521233251175e+05 -7.94717848588551e-10 -3.38085092343058e-12
 9.01655370668269e+05 -3.99455602720998e-10 -3.38085092343058e-12
 9.05789508085363e+05 -2.63418045475263e-10 -3.38085092343058e-12
 9.09923645502458e+05 -4.89606480991764e-10 -3.38085092343058e-12
 9.14057782919552e+05 -9.14775165011076e-10 -3.38085092343058e-12
 9.18191920336646e+05 -1.23711557387042e-09 -3.38085092343058e-12
 9.22326057753740e+05 -1.23832843976937e-09 -3.38085092343058e-12
 9.26460195170835e+05 -9.17850899966832e-10 -3.38085092343058e-12
 9.30594332587929e+05 -4.86777236219179e-10 -3.38085092343058e-12
 9.34728470005023e+05 -2.36242837263530e-10 -3.38085092343058e-12
 9.38862607422118e+05 -3.48805086403545e-10 -3.38085092343058e-12
 9.42996744839212e+05 -7.58742937415917e-10 -3.38085092343058e-12
 9.47130882256306e+05 -1.17717657304331e-09 -3.38085092343058e-12
 9.51265019673401e+05 -1.30153919790174e-09 -3.38085092343058e-12
 9.55399157090495e+05 -1.04325601959190e-09 -3.38085092343058e-12
 9.59533294507589e+05 -5.85365036081850e-10 -3.38085092343058e-12
 9.63667431924684e+05 -2.40519970715228e-10 -3.38085092343058e-12
 9.67801569341778e+05 -2.41889117734828e-10 -3.38085092343058e-12
 9.71935706758872e+05 -5.95556079356809e-10 -3.38085092343058e-12
 9.76069844175967e+05 -1.06179924149082e-09 -3.38085092343058e-12
 9.80203981593061e+05 -1.30680715141648e-09 -3.38085092343058e-12
 9.84338119010155e+05 -1.14188365451314e-09 -3.38085092343058e-12
 9.88472256427250e+05 -6.74487860386106e-10 -3.38085092343058e-12
 9.92606393844344e+05 -2.37171433573911e-10 -3.38085092343058e-12
 9.96740531261438e+05 -1.35506798955655e-10 -3.38085092343058e-12
 1.00087466867853e+06 -4.33859232561626e-10 -3.38085092343058e-12
 1.00500880609563e+06 -9.24237367220323e-10 -3.38085092343058e-12
 1.00914294351272e+06 -1.26885479156311e-09 -3.38085092343058e-12
 1.01327708092982e+06 -1.22195998781050e-09 -3.38085092343058e-12
 1.01741121834691e+06 -7.99455840031136e-10 -3.38085092343058e-12
 1.02154535576400e+06 -2.88152095373253e-10 -3.38085092343058e-12
 1.02567949318110e+06 -5.06030342714583e-11 -3.38085092343058e-12
 1.02981363059819e+06 -2.53857556915686e-10 -3.38085092343058e-12
 1.03394776801529e+06 -7.46399309423014e-10 -3.38085092343058e-12
 1.03808190543238e+06 -1.17694284798744e-09 -3.38085092343058e-12
 1.04221604284948e+06 -1.24839998992411e-09 -3.38085092343058e-12
 1.04635018026657e+06 -9.07831792799603e-10 -3.38085092343058e-12
 1.05048431768366e+06 -3.75020062423033e-10 -3.38085092343058e-12
 1.05461845510076e+06 -8.19566061540879e-12 -3.38085092343058e-12
 1.05875259251785e+06 -6.45330019268956e-11 -3.38085092343058e-12
 1.06288672993495e+06 -5.09355691877789e-10 -3.38085092343058e-12
 1.06702086735204e+06 -1.02409256561971e-09 -3.38085092343058e-12
 1.07115500476914e+06 -1.23949929263526e-09 -3.38085092343058e-12
 1.07528914218623e+06 -1.00767667882939e-09 -3.38085092343058e-12
 1.07942327960332e+06 -4.88722612056760e-10 -3.38085092343058e-12
 1.08355741702042e+06 -3.07974231818829e-11 -3.38085092343058e-12
 1.08769155443751e+06  5.82503543692934e-11 -3.38085092343058e-12
 1.09182569185461e+06 -2.87750867090298e-10 -3.38085092343058e-12
 1.09595982927170e+06 -8.36644499210499e-10 -3.38085092343058e-12
 1.10009396668880e+06 -1.19715932203774e-09 -3.38085092343058e-12
 1.10422810410589e+06 -1.09964821151106e-09 -3.38085092343058e-12
 1.10836224152298e+06 -6.04587474150727e-10 -3.38085092343058e-12
 1.11249637894008e+06 -5.79654393795131e-11 -3.38085092343058e-12
 1.11663051635717e+06  1.65670064066674e-10 -3.38085092343058e-12
 1.12076465377427e+06 -7.97392816119047e-11 -3.38085092343058e-12
 1.12489879119136e+06 -6.26985395069760e-10 -3.38085092343058e-12
 1.12903292860846e+06 -1.09935779615001e-09 -3.38085092343058e-12
 1.13316706602555e+06 -1.15566716523328e-09 -3.38085092343058e-12
 1.13730120344264e+06 -7.35554539425822e-10 -3.38085092343058e-12
 1.14143534085974e+06 -1.21675075996982e-10 -3.38085092343058e-12
 1.14556947827683e+06  2.49000723268350e-10 -3.38085092343058e-12
 1.14970361569393e+06  1.15136140609877e-10 -3.38085092343058e-12
 1.15383775311102e+06 -4.18452574425001e-10 -3.38085092343058e-12
 1.15797189052812e+06 -9.76616648474950e-10 -3.38085092343058e-12
 1.16210602794521e+06 -1.17317666117858e-09 -3.38085092343058e-12
 1.16624016536231e+06 -8.61953989225397e-10 -3.38085092343058e-12
 1.17037430277940e+06 -2.39732016109615e-10 -3.38085092343058e-12
 1.17450844019649e+06  2.69696601103445e-10 -3.38085092343058e-12
 1.17864257761359e+06  3.05791128624953e-10 -3.38085092343058e-12
 1.18277671503068e+06 -1.56002494224200e-10 -3.38085092343058e-12
 1.18691085244778e+06 -7.78504073265296e-10 -3.38085092343058e-12
 1.19104498986487e+06 -1.11448600704807e-09 -3.38085092343058e-12
 1.19517912728197e+06 -9.32782751014753e-10 -3.38085092343058e-12
 1.19931326469906e+06 -3.57774210608493e-10 -3.38085092343058e-12
 1.20344740211615e+06  2.31312944914029e-10 -3.38085092343058e-12
 1.20758153953325e+06  4.36247480125185e-10 -3.38085092343058e-12
 1.21171567695034e+06  1.10885965849890e-10 -3.38085092343058e-12
 1.21584981436744e+06 -5.17924889073838e-10 -3.38085092343058e-12
 1.21998395178453e+06 -1.00005100375702e-09 -3.38085092343058e-12
 1.22411808920163e+06 -9.84273846475433e-10 -3.38085092343058e-12
 1.22825222661872e+06 -4.80109305075703e-10 -3.38085092343058e-12
 1.23238636403581e+06  1.61970626506582e-10 -3.38085092343058e-12
 1.23652050145291e+06  5.12278355269062e-10 -3.38085092343058e-12
 1.24065463887000e+06  3.42221753951330e-10 -3.38085092343058e-12
 1.24478877628710e+06 -2.33822045210326e-10 -3.38085092343058e-12
 1.24892291370419e+06 -8.18888249868431e-10 -3.38085092343058e-12
 1.25305705112129e+06 -9.87612263751871e-10 -3.38085092343058e-12
 1.25719118853838e+06 -5.99873995358909e-10 -3.38085092343058e-12
 1.26132532595547e+06  8.27916167032802e-11 -3.38085092343058e-12
 1.26545946337257e+06  5.86168581103170e-10 -3.38085092343058e-12
 1.26959360078966e+06  5.65048790407065e-10 -3.38085092343058e-12
 1.27372773820676e+06  4.57743930626156e-11 -3.38085092343058e-12
 1.27786187562385e+06 -6.10934779228501e-10 -3.38085092343058e-12
 1.28199601304095e+06 -9.53674625006150e-10 -3.38085092343058e-12
 1.28613015045804e+06 -7.25204467534726e-10 -3.38085092343058e-12
 1.29026428787513e+06 -5.92879600176128e-11 -3.38085092343058e-12
 1.29439842529223e+06  5.85449411746243e-10 -3.38085092343058e-12
 1.29853256270932e+06  7.52637919335837e-10 -3.38085092343058e-12
 1.30266670012642e+06  3.26956493616528e-10 -3.38085092343058e-12
 1.30680083754351e+06 -3.81941984287638e-10 -3.38085092343058e-12
 1.31093497496061e+06 -8.72668741191218e-10 -3.38085092343058e-12
 1.31506911237770e+06 -8.03033934658403e-10 -3.38085092343058e-12
 1.31920324979479e+06 -2.11463070528509e-10 -3.38085092343058e-12
 1.32333738721189e+06  5.11683788881607e-10 -3.38085092343058e-12
 1.32747152462898e+06  8.70920257971484e-10 -3.38085092343058e-12
 1.33160566204608e+06  6.06816340782224e-10 -3.38085092343058e-12
 1.33573979946317e+06 -9.09240912804646e-11 -3.38085092343058e-12
 1.33987393688027e+06 -7.17271516443264e-10 -3.38085092343058e-12
 1.34400807429736e+06 -8.26850304313883e-10 -3.38085092343058e-12
 1.34814221171445e+06 -3.44174309809617e-10 -3.38085092343058e-12
 1.35227634913155e+06  3.96035689038726e-10 -3.38085092343058e-12
 1.35641048654864e+06  8.93890578765409e-10 -3.38085092343058e-12
 1.36054462396574e+06  8.15559173586746e-10 -3.38085092343058e-12
 1.36467876138283e+06  2.11295837713935e-10 -3.38085092343058e-12
 1.36881289879993e+06 -4.96416322917920e-10 -3.38085092343058e-12
 1.37294703621702e+06 -7.96275529777441e-10 -3.38085092343058e-12
 1.37708117363412e+06 -4.63977520523583e-10 -3.38085092343058e-12
 1.38121531105121e+06  2.70027493056022e-10 -3.38085092343058e-12
 1.38534944846830e+06  8.98801527700045e-10 -3.38085092343058e-12
 1.38948358588540e+06  1.00121128196907e-09 -3.38085092343058e-12
 1.39361772330249e+06  5.18335485985928e-10 -3.38085092343058e-12
 1.39775186071959e+06 -2.14090825752765e-10 -3.38085092343058e-12
 1.40188599813668e+06 -6.88252002193108e-10 -3.38085092343058e-12
 1.40602013555378e+06 -5.56660659564900e-10 -3.38085092343058e-12
 1.41015427297087e+06  1.15367433733853e-10 -3.38085092343058e-12
 1.41428841038796e+06  8.65929914187296e-10 -3.38085092343058e-12
 1.41842254780506e+06  1.17115853079041e-09 -3.38085092343058e-12
 1.42255668522215e+06  8.27262127265556e-10 -3.38085092343058e-12
 1.42669082263925e+06  8.28046498714875e-11 -3.38085092343058e-12
 1.43082496005634e+06 -5.43514349365416e-10 -3.38085092343058e-12
 1.43495909747344e+06 -6.15532974480810e-10 -3.38085092343058e-12
 1.43909323489053e+06 -6.47841319329713e-11 -3.38085092343058e-12
 1.44322737230762e+06  7.50869205203231e-10 -3.38085092343058e-12
 1.44736150972472e+06  1.27041575025473e-09 -3.38085092343058e-12
 1.45149564714181e+06  1.12459063646852e-09 -3.38085092343058e-12
 1.45562978455891e+06  4.18560830890683e-10 -3.38085092343058e-12
 1.45976392197600e+06 -3.37786013567121e-10 -3.38085092343058e-12
 1.46389805939310e+06 -6.09142002630297e-10 -3.38085092343058e-12
 1.46803219681019e+06 -2.05825130388051e-10 -3.38085092343058e-12
 1.47216633422728e+06  6.02392049174256e-10 -3.38085092343058e-12
 1.47630047164438e+06  1.26826752358704e-09 -3.38085092343058e-12
 1.48043460906147e+06  1.33324783357980e-09 -3.38085092343058e-12
 1.48456874647857e+06  7.45048163332064e-10 -3.38085092343058e-12
 1.48870288389566e+06 -8.28291880476617e-11 -3.38085092343058e-12
 1.49283702131276e+06 -5.53018866531175e-10 -3.38085092343058e-12
 1.49697115872985e+06 -3.27594174749910e-10 -3.38085092343058e-12
 1.50110529614694e+06  4.31663611713791e-10 -3.38085092343058e-12
 1.50523943356404e+06  1.19560486206293e-09 -3.38085092343058e-12
 1.50937357098113e+06  1.44553316143970e-09 -3.38085092343058e-12
 1.51350770839823e+06  1.01795723250175e-09 -3.38085092343058e-12
 1.51764184581532e+06  2.07202827297432e-10 -3.38085092343058e-12
 1.52177598323242e+06 -4.19429826520297e-10 -3.38085092343058e-12
 1.52591012064951e+06 -4.07945168557525e-10 -3.38085092343058e-12
 1.53004425806660e+06  2.48388498116246e-10 -3.38085092343058e-12
 1.53417839548370e+06  1.09173607319200e-09 -3.38085092343058e-12
 1.53831253290079e+06  1.53373001772767e-09 -3.38085092343058e-12
 1.54244667031789e+06  1.28096822105724e-09 -3.38085092343058e-12
 1.54658080773498e+06  5.20191425062681e-10 -3.38085092343058e-12
 1.55071494515208e+06 -2.24387555456146e-10 -3.38085092343058e-12
 1.55484908256917e+06 -4.38045926605226e-10 -3.38085092343058e-12
 1.55898321998627e+06  4.34079615870722e-11 -3.38085092343058e-12
 1.56311735740336e+06  9.07302870311568e-10 -3.38085092343058e-12
 1.56725149482045e+06  1.55541433008395e-09 -3.38085092343058e-12
 1.57138563223755e+06  1.53226784366467e-09 -3.38085092343058e-12
 1.57551976965464e+06  8.62838214415023e-10 -3.38085092343058e-12
 1.57965390707174e+06  2.27913446190088e-11 -3.38085092343058e-12
 1.58378804448883e+06 -4.03385571404561e-10 -3.38085092343058e-12
 1.58792218190593e+06 -1.18897511657383e-10 -3.38085092343058e-12
 1.59205631932302e+06  6.95459179109210e-10 -3.38085092343058e-12
 1.59619045674011e+06  1.49609191052126e-09 -3.38085092343058e-12
 1.60032459415721e+06  1.72882806808917e-09 -3.38085092343058e-12
 1.60445873157430e+06  1.22302263278464e-09 -3.38085092343058e-12
 1.60859286899140e+06  3.36308944596185e-10 -3.38085092343058e-12
 1.61272700640849e+06 -2.95362958632871e-10 -3.38085092343058e-12
 1.61686114382559e+06 -2.24791478540952e-10 -3.38085092343058e-12
 1.62099528124268e+06  4.96595062722461e-10 -3.38085092343058e-12
 1.62512941865977e+06  1.37436135867360e-09 -3.38085092343058e-12
 1.62926355607687e+06  1.80841379181632e-09 -3.38085092343058e-12
 1.63339769349396e+06  1.49805062832900e-09 -3.38085092343058e-12
 1.63753183091106e+06  6.53300645766416e-10 -3.38085092343058e-12
 1.64166596832815e+06 -1.32805385535586e-10 -3.38085092343058e-12
 1.64580010574525e+06 -2.90242793692044e-10 -3.38085092343058e-12
 1.64993424316234e+06  3.00611653034656e-10 -3.38085092343058e-12
 1.65406838057943e+06  1.21896917784150e-09 -3.38085092343058e-12
 1.65820251799653e+06  1.82454406780711e-09 -3.38085092343058e-12
 1.66233665541362e+06  1.70770027715552e-09 -3.38085092343058e-12
 1.66647079283072e+06  9.56404500592412e-10 -3.38085092343058e-12
 1.67060493024781e+06  8.97494183454173e-11 -3.38085092343058e-12
 1.67473906766491e+06 -2.87056182860746e-10 -3.38085092343058e-12
 1.67887320508200e+06  1.02083359052183e-10 -3.38085092343058e-12
 1.68300734249909e+06  9.95832783194250e-10 -3.38085092343058e-12
 1.68714147991619e+06  1.76587045818896e-09 -3.38085092343058e-12
 1.69127561733328e+06  1.87056035363847e-09 -3.38085092343058e-12
 1.69540975475038e+06  1.24957919429419e-09 -3.38085092343058e-12
 1.69954389216747e+06  3.41561569089795e-10 -3.38085092343058e-12
 1.70367802958457e+06 -2.34093710623231e-10 -3.38085092343058e-12
 1.70781216700166e+06 -8.09779538839538e-11 -3.38085092343058e-12
 1.71194630441875e+06  7.05758163647986e-10 -3.38085092343058e-12
 1.71608044183585e+06  1.59170378510656e-09 -3.38085092343058e-12
 1.72021457925294e+06  1.96209124565429e-09 -3.38085092343058e-12
 1.72434871667004e+06  1.55315697455951e-09 -3.38085092343058e-12
 1.72848285408713e+06  6.54690662549418e-10 -3.38085092343058e-12
 1.73261699150423e+06 -9.94065837300759e-11 -3.38085092343058e-12
 1.73675112892132e+06 -1.89732666980205e-10 -3.38085092343058e-12
 1.74088526633841e+06  4.41730155597050e-10 -3.38085092343058e-12
 1.74501940375551e+06  1.36893113074538e-09 -3.38085092343058e-12
 1.74915354117260e+06  1.96046812587208e-09 -3.38085092343058e-12
 1.75328767858970e+06  1.80013173179799e-09 -3.38085092343058e-12
 1.75742181600679e+06  9.90987425992027e-10 -3.38085092343058e-12
 1.76155595342389e+06  9.86199244039444e-11 -3.38085092343058e-12
 1.76569009084098e+06 -2.43278322368703e-10 -3.38085092343058e-12
 1.76982422825808e+06  2.10201751144176e-10 -3.38085092343058e-12
 1.77395836567517e+06  1.13564334283263e-09 -3.38085092343058e-12
 1.77809250309226e+06  1.88973994745751e-09 -3.38085092343058e-12
 1.78222664050936e+06  1.95767944245551e-09 -3.38085092343058e-12
 1.78636077792645e+06  1.28808148195042e-09 -3.38085092343058e-12
 1.79049491534355e+06  3.40190430601384e-10 -3.38085092343058e-12
 1.79462905276064e+06 -2.17116576568864e-10 -3.38085092343058e-12
 1.79876319017774e+06  2.10274996726781e-11 -3.38085092343058e-12
 1.80289732759483e+06  8.94646864119030e-10 -3.38085092343058e-12
 1.80703146501192e+06  1.78636690828586e-09 -3.38085092343058e-12
 1.81116560242902e+06  2.06939099847061e-09 -3.38085092343058e-12
 1.81529973984611e+06  1.55502206181046e-09 -3.38085092343058e-12
 1.81943387726321e+06  6.07168222369032e-10 -3.38085092343058e-12
 1.82356801468030e+06 -1.23407709404440e-10 -3.38085092343058e-12
 1.82770215209740e+06 -1.30455721499085e-10 -3.38085092343058e-12
 1.83183628951449e+06  6.01579664911348e-10 -3.38085092343058e-12
 1.83597042693158e+06  1.56335022464207e-09 -3.38085092343058e-12
 1.84010456434868e+06  2.07677250820224e-09 -3.38085092343058e-12
 1.84423870176577e+06  1.78189906302798e-09 -3.38085092343058e-12
 1.84837283918287e+06  8.89745948435502e-10 -3.38085092343058e-12
 1.85250697659996e+06  2.51375503761984e-11 -3.38085092343058e-12
 1.85664111401706e+06 -2.22547934807472e-10 -3.38085092343058e-12
 1.86077525143415e+06  3.06077011958661e-10 -3.38085092343058e-12
 1.86490938885124e+06  1.24997223247075e-09 -3.38085092343058e-12
 1.86904352626834e+06  1.96203344380739e-09 -3.38085092343058e-12
 1.87317766368543e+06  1.94193971509508e-09 -3.38085092343058e-12
 1.87731180110253e+06  1.19672840602548e-09 -3.38085092343058e-12
 1.88144593851962e+06  2.46857497096231e-10 -3.38085092343058e-12
 1.88558007593672e+06 -2.47065978788700e-10 -3.38085092343058e-12
 1.88971421335381e+06  4.86173089965660e-11 -3.38085092343058e-12
 1.89384835077090e+06  9.17649430489646e-10 -3.38085092343058e-12
 1.89798248818800e+06  1.75672745384528e-09 -3.38085092343058e-12
 1.90211662560509e+06  1.98962557736638e-09 -3.38085092343058e-12
 1.90625076302219e+06  1.44555407944896e-09 -3.38085092343058e-12
 1.91038490043928e+06  4.85688215279253e-10 -3.38085092343058e-12
 1.91451903785638e+06 -2.21749374180212e-10 -3.38085092343058e-12
 1.91865317527347e+06 -1.75564988696537e-10 -3.38085092343058e-12
 1.92278731269056e+06  5.89699374482325e-10 -3.38085092343058e-12
 1.92692145010766e+06  1.53152392087444e-09 -3.38085092343058e-12
 1.93105558752475e+06  1.99032561450036e-09 -3.38085092343058e-12
 1.93518972494185e+06  1.64857004297912e-09 -3.38085092343058e-12
 1.93932386235894e+06  7.38250059394501e-10 -3.38085092343058e-12
 1.94345799977604e+06 -1.18324381322524e-10 -3.38085092343058e-12
 1.94759213719313e+06 -3.23054489997531e-10 -3.38085092343058e-12
 1.95172627461023e+06  2.79101179062709e-10 -3.38085092343058e-12
 1.95586041202732e+06  1.26790023341749e-09 -3.38085092343058e-12
 1.95999454944441e+06  1.93890525283052e-09 -3.38085092343058e-12
 1.96412868686151e+06  1.81751791914954e-09 -3.38085092343058e-12
 1.96826282427860e+06  9.92685383632885e-10 -3.38085092343058e-12
 1.97239696169570e+06  3.74961887959201e-11 -3.38085092343058e-12
 1.97653109911279e+06 -3.94638723799373e-10 -3.38085092343058e-12
 1.98066523652989e+06 -1.11415932512986e-11 -3.38085092343058e-12
 1.98479937394698e+06  9.23648128369994e-10 -3.38085092343058e-12
 1.98893351136407e+06  1.75826063722116e-09 -3.38085092343058e-12
 1.99306764878117e+06  1.90131076300019e-09 -3.38085092343058e-12
 1.99720178619826e+06  1.24937642260783e-09 -3.38085092343058e-12
 2.00133592361536e+06  2.63352889393502e-10 -3.38085092343058e-12
 2.00547006103245e+06 -3.71028807903225e-10 -3.38085092343058e-12
 2.00960419844955e+06 -2.30111597357467e-10 -3.38085092343058e-12
 2.01373833586664e+06  5.71615284333159e-10 -3.38085092343058e-12
 2.01787247328373e+06  1.47763264114240e-09 -3.38085092343058e-12
 2.02200661070083e+06  1.86251098179805e-09 -3.38085092343058e-12
 2.02614074811792e+06  1.45085798279450e-09 -3.38085092343058e-12
 2.03027488553502e+06  5.18327234498346e-10 -3.38085092343058e-12
 2.03440902295211e+06 -2.89221504932614e-10 -3.38085092343058e-12
 2.03854316036921e+06 -4.15088109904593e-10 -3.38085092343058e-12
 2.04267729778630e+06  2.11619634379741e-10 -3.38085092343058e-12
 2.04681143520339e+06  1.13876306994075e-09 -3.38085092343058e-12
 2.05094557262049e+06  1.71991264269896e-09 -3.38085092343058e-12
 2.05507971003758e+06  1.55260093622923e-09 -3.38085092343058e-12
 2.05921384745468e+06  7.38161086981051e-10 -3.38085092343058e-12
 2.06334798487177e+06 -1.77659038221608e-10 -3.38085092343058e-12
 2.06748212228887e+06 -5.61810815499196e-10 -3.38085092343058e-12
 2.07161625970596e+06 -1.43960774722388e-10 -3.38085092343058e-12
 2.07575039712305e+06  7.76951934926922e-10 -3.38085092343058e-12
 2.07988453454015e+06  1.54600110002140e-09 -3.38085092343058e-12
 2.08401867195724e+06  1.61972907764819e-09 -3.38085092343058e-12
 2.08815280937434e+06  9.41799824706038e-10 -3.38085092343058e-12
 2.09228694679143e+06 -2.92973204316539e-11 -3.38085092343058e-12
 2.09642108420853e+06 -6.36765230706106e-10 -3.38085092343058e-12
 2.10055522162562e+06 -4.63331421158370e-10 -3.38085092343058e-12
 2.10468935904271e+06  3.75184861318158e-10 -3.38085092343058e-12
 2.10882349645981e+06  1.28518934868116e-09 -3.38085092343058e-12
 2.11295763387690e+06  1.61257305829073e-09 -3.38085092343058e-12
 2.11709177129400e+06  1.12033408949487e-09 -3.38085092343058e-12
 2.12122590871109e+06  1.49992591323556e-10 -3.38085092343058e-12
 2.12536004612819e+06 -6.30618048533275e-10 -3.38085092343058e-12
 2.12949418354528e+06 -6.94546679420173e-10 -3.38085092343058e-12
 2.13362832096238e+06 -1.19184954671071e-11 -3.38085092343058e-12
 2.13776245837947e+06  9.39318839469847e-10 -3.38085092343058e-12
 2.14189659579656e+06  1.49331816344050e-09 -3.38085092343058e-12
 2.14603073321366e+06  1.25061507014491e-09 -3.38085092343058e-12
 2.15016487063075e+06  3.75609766443569e-10 -3.38085092343058e-12
 2.15429900804785e+06 -5.16514750053086e-10 -3.38085092343058e-12
 2.15843314546494e+06 -8.13790437992802e-10 -3.38085092343058e-12
 2.16256728288204e+06 -3.33155245921978e-10 -3.38085092343058e-12
 2.16670142029913e+06  5.73586721999596e-10 -3.38085092343058e-12
 2.17083555771622e+06  1.27154038361820e-09 -3.38085092343058e-12
 2.17496969513332e+06  1.27582467673487e-09 -3.38085092343058e-12
 2.17910383255041e+06  5.74241987456879e-10 -3.38085092343058e-12
 2.18323796996751e+06 -3.60508672360963e-10 -3.38085092343058e-12
 2.18737210738460e+06 -8.83303592797198e-10 -3.38085092343058e-12
 2.19150624480170e+06 -6.38564127998931e-10 -3.38085092343058e-12
 2.19564038221879e+06  1.80766737789039e-10 -3.38085092343058e-12
 2.19977451963588e+06  9.91156717026756e-10 -3.38085092343058e-12
 2.20390865705298e+06  1.23014773109830e-09 -3.38085092343058e-12
 2.20804279447007e+06  7.25640532640636e-10 -3.38085092343058e-12
 2.21217693188717e+06 -1.89789251687636e-10 -3.38085092343058e-12
 2.21631106930426e+06 -9.00157195099253e-10 -3.38085092343058e-12
 2.22044520672136e+06 -9.22119049559966e-10 -3.38085092343058e-12
 2.22457934413845e+06 -2.40989358813584e-10 -3.38085092343058e-12
 2.22871348155554e+06  6.59324715103830e-10 -3.38085092343058e-12
 2.23284761897264e+06  1.13419798713299e-09 -3.38085092343058e-12
 2.23698175638973e+06  8.45387034276863e-10 -3.38085092343058e-12
 2.24111589380683e+06 -1.65085681402241e-11 -3.38085092343058e-12
 2.24525003122392e+06 -8.76741751265096e-10 -3.38085092343058e-12
 2.24938416864102e+06 -1.15745387749535e-09 -3.38085092343058e-12
 2.25351830605811e+06 -6.72261736815689e-10 -3.38085092343058e-12
 2.25765244347520e+06  2.34349703180902e-10 -3.38085092343058e-12
 2.26178658089230e+06  9.19065604877745e-10 -3.38085092343058e-12
 2.26592071830939e+06  8.84606654539956e-10 -3.38085092343058e-12
 2.27005485572649e+06  1.40231446234731e-10 -3.38085092343058e-12
 2.27418899314358e+06 -7.98709868417986e-10 -3.38085092343058e-12
 2.27832313056068e+06 -1.29265848592051e-09 -3.38085092343058e-12
 2.28245726797777e+06 -1.02283581071757e-09 -3.38085092343058e-12
 2.28659140539486e+06 -1.90824513353180e-10 -3.38085092343058e-12
 2.29072554281196e+06  6.15015344783117e-10 -3.38085092343058e-12
 2.29485968022905e+06  8.19629023055484e-10 -3.38085092343058e-12
 2.29899381764615e+06  2.69058176557751e-10 -3.38085092343058e-12
 2.30312795506324e+06 -6.60462865938122e-10 -3.38085092343058e-12
 2.30726209248034e+06 -1.32632274199636e-09 -3.38085092343058e-12
 2.31139622989743e+06 -1.27777582931571e-09 -3.38085092343058e-12
 2.31553036731452e+06 -5.76616447816868e-10 -3.38085092343058e-12
 2.31966450473162e+06  2.68178762827497e-10 -3.38085092343058e-12
 2.32379864214871e+06  6.65881388073527e-10 -3.38085092343058e-12
 2.32793277956581e+06  3.33521683600236e-10 -3.38085092343058e-12
 2.33206691698290e+06 -5.12458604074201e-10 -3.38085092343058e-12
 2.33620105440000e+06 -1.29452743991733e-09 -3.38085092343058e-12
 2.34033519181709e+06 -1.48068860261734e-09 -3.38085092343058e-12
 2.34446932923419e+06 -9.57492583414075e-10 -3.38085092343058e-12
 2.34860346665128e+06 -1.03423287606921e-10 -3.38085092343058e-12
 2.35273760406837e+06  4.76351828288574e-10 -3.38085092343058e-12
 2.35687174148547e+06  3.76448633756796e-10 -3.38085092343058e-12
 2.36100587890256e+06 -3.38663534568849e-10 -3.38085092343058e-12
 2.36514001631966e+06 -1.19456109796583e-09 -3.38085092343058e-12
 2.36927415373675e+06 -1.61858313926837e-09 -3.38085092343058e-12
 2.37340829115385e+06 -1.32569783092663e-09 -3.38085092343058e-12
 2.37754242857094e+06 -5.26921578164812e-10 -3.38085092343058e-12
 2.38167656598803e+06  2.13416627828287e-10 -3.38085092343058e-12
 2.38581070340513e+06  3.70014258106101e-10 -3.38085092343058e-12
 2.38994484082222e+06 -1.79054450913138e-10 -3.38085092343058e-12
 2.39407897823932e+06 -1.06765272699633e-09 -3.38085092343058e-12
 2.39821311565641e+06 -1.69879941668627e-09 -3.38085092343058e-12
 2.40234725307351e+06 -1.65705025621617e-09 -3.38085092343058e-12
 2.40648139049060e+06 -9.84116062986487e-10 -3.38085092343058e-12
 2.41061552790769e+06 -1.53510706917692e-10 -3.38085092343058e-12
 2.41474966532479e+06  2.40984530110165e-10 -3.38085092343058e-12
 2.41888380274188e+06 -9.39708836720738e-11 -3.38085092343058e-12
 2.42301794015898e+06 -9.36984665064844e-10 -3.38085092343058e-12
 2.42715207757607e+06 -1.71231233553089e-09 -3.38085092343058e-12
 2.43128621499317e+06 -1.89467996156092e-09 -3.38085092343058e-12
 2.43542035241026e+06 -1.37868457998329e-09 -3.38085092343058e-12
 2.43955448982735e+06 -5.44287912222495e-10 -3.38085092343058e-12
 2.44368862724445e+06  1.48396205256726e-11 -3.38085092343058e-12
 2.44782276466154e+06 -1.04613301642328e-10 -3.38085092343058e-12
 2.45195690207864e+06 -8.35212116783272e-10 -3.38085092343058e-12
 2.45609103949573e+06 -1.67904144674625e-09 -3.38085092343058e-12
 2.46022517691283e+06 -2.05762938543573e-09 -3.38085092343058e-12
 2.46435931432992e+06 -1.72609471588771e-09 -3.38085092343058e-12
 2.46849345174701e+06 -9.41883868821354e-10 -3.38085092343058e-12
 2.47262758916411e+06 -2.70424353019247e-10 -3.38085092343058e-12
 2.47676172658120e+06 -1.88979511126164e-10 -3.38085092343058e-12
 2.48089586399830e+06 -7.60914540245929e-10 -3.38085092343058e-12
 2.48503000141539e+06 -1.60175319746173e-09 -3.38085092343058e-12
 2.48916413883249e+06 -2.14682244811051e-09 -3.38085092343058e-12
 2.49329827624958e+06 -2.03220420851275e-09 -3.38085092343058e-12
 2.49743241366667e+06 -1.35129744549831e-09 -3.38085092343058e-12
 2.50156655108377e+06 -5.91727239109045e-10 -3.38085092343058e-12
 2.50570068850086e+06 -2.89932915563355e-10 -3.38085092343058e-12
 2.50983482591796e+06 -6.58700948575917e-10 -3.38085092343058e-12
 2.51396896333505e+06 -1.44847772446034e-09 -3.38085092343058e-12
 2.51810310075215e+06 -2.13308972073228e-09 -3.38085092343058e-12
 2.52223723816924e+06 -2.26284888858107e-09 -3.38085092343058e-12
 2.52637137558634e+06 -1.76021794440517e-09 -3.38085092343058e-12
 2.53050551300343e+06 -9.78699630936692e-10 -3.38085092343058e-12
 2.53463965042052e+06 -4.66549930558057e-10 -3.38085092343058e-12
 2.53877378783762e+06 -5.91818092313050e-10 -3.38085092343058e-12
 2.54290792525471e+06 -1.27876766705349e-09 -3.38085092343058e-12
 2.54704206267181e+06 -2.06093865015461e-09 -3.38085092343058e-12
 2.55117620008890e+06 -2.41668248818136e-09 -3.38085092343058e-12
 2.55531033750600e+06 -2.12014891287378e-09 -3.38085092343058e-12
 2.55944447492309e+06 -1.38617733976708e-09 -3.38085092343058e-12
 2.56357861234018e+06 -7.28459175282840e-10 -3.38085092343058e-12
 2.56771274975728e+06 -6.16873580136916e-10 -3.38085092343058e-12
 2.57184688717437e+06 -1.14692983437174e-09 -3.38085092343058e-12
 2.57598102459147e+06 -1.95890244790327e-09 -3.38085092343058e-12
 2.58011516200856e+06 -2.49452682509366e-09 -3.38085092343058e-12
 2.58424929942566e+06 -2.39342764821786e-09 -3.38085092343058e-12
 2.58838343684275e+06 -1.74589253631029e-09 -3.38085092343058e-12
 2.59251757425984e+06 -1.02170673658824e-09 -3.38085092343058e-12
 2.59665171167694e+06 -7.33657103080716e-10 -3.38085092343058e-12
 2.60078584909403e+06 -1.09724564862954e-09 -3.38085092343058e-12
 2.60491998651113e+06 -1.87846216654820e-09 -3.38085092343058e-12
 2.60905412392822e+06 -2.54181243650912e-09 -3.38085092343058e-12
 2.61318826134532e+06 -2.63494457033481e-09 -3.38085092343058e-12
 2.61732239876241e+06 -2.11181539547525e-09 -3.38085092343058e-12
 2.62145653617950e+06 -1.36090922088308e-09 -3.38085092343058e-12
 2.62559067359660e+06 -9.22421572887589e-10 -3.38085092343058e-12
 2.62972481101369e+06 -1.10643546241995e-09 -3.38085092343058e-12
 2.63385894843079e+06 -1.79124948643659e-09 -3.38085092343058e-12
 2.63799308584788e+06 -2.51898463998565e-09 -3.38085092343058e-12
 2.64212722326498e+06 -2.80517592949092e-09 -3.38085092343058e-12
 2.64626136068207e+06 -2.46239901536971e-09 -3.38085092343058e-12
 2.65039549809916e+06 -1.74329413601676e-09 -3.38085092343058e-12
 2.65452963551626e+06 -1.16522005354645e-09 -3.38085092343058e-12
 2.65866377293335e+06 -1.13084947486830e-09 -3.38085092343058e-12
 2.66279791035045e+06 -1.66360410520160e-09 -3.38085092343058e-12
 2.66693204776754e+06 -2.40626487697983e-09 -3.38085092343058e-12
 2.67106618518464e+06 -2.86751062633341e-09 -3.38085092343058e-12
 2.67520032260173e+06 -2.75469399458208e-09 -3.38085092343058e-12
 2.67933446001882e+06 -2.15603848111431e-09 -3.38085092343058e-12
 2.68346859743592e+06 -1.48968851677398e-09 -3.38085092343058e-12
 2.68760273485301e+06 -1.22911892053109e-09 -3.38085092343058e-12
 2.69173687227011e+06 -1.56164238523893e-09 -3.38085092343058e-12
 2.69587100968720e+06 -2.25883129334599e-09 -3.38085092343058e-12
 2.70000514710430e+06 -2.85117657711708e-09 -3.38085092343058e-12
 2.70413928452139e+06 -2.94961360829524e-09 -3.38085092343058e-12
 2.70827342193849e+06 -2.49602931538711e-09 -3.38085092343058e-12
 2.71240755935558e+06 -1.80811865843496e-09 -3.38085092343058e-12
 2.71654169677267e+06 -1.36873204327353e-09 -3.38085092343058e-12
 2.72067583418977e+06 -1.49154757483161e-09 -3.38085092343058e-12
 2.72480997160686e+06 -2.10503528026449e-09 -3.38085092343058e-12
 2.72894410902396e+06 -2.78608520507786e-09 -3.38085092343058e-12
 2.73307824644105e+06 -3.06185679508844e-09 -3.38085092343058e-12
 2.73721238385815e+06 -2.75642839715187e-09 -3.38085092343058e-12
 2.74134652127524e+06 -2.09319963427052e-09 -3.38085092343058e-12
 2.74548065869233e+06 -1.53926770663148e-09 -3.38085092343058e-12
 2.74961479610943e+06 -1.49347903446865e-09 -3.38085092343058e-12
 2.75374893352652e+06 -2.00087320598366e-09 -3.38085092343058e-12
 2.75788307094362e+06 -2.71768247286531e-09 -3.38085092343058e-12
 2.76201720836071e+06 -3.15122251598916e-09 -3.38085092343058e-12
 2.76615134577781e+06 -3.00648131311183e-09 -3.38085092343058e-12
 2.77028548319490e+06 -2.39873464092512e-09 -3.38085092343058e-12
 2.77441962061199e+06 -1.76886435753243e-09 -3.38085092343058e-12
 2.77855375802909e+06 -1.55893841464171e-09 -3.38085092343058e-12
 2.78268789544618e+06 -1.91243857828565e-09 -3.38085092343058e-12
 2.78682203286328e+06 -2.59501382545340e-09 -3.38085092343058e-12
 2.79095617028037e+06 -3.14355118608007e-09 -3.38085092343058e-12
 2.79509030769747e+06 -3.18773205562975e-09 -3.38085092343058e-12
 2.79922444511456e+06 -2.71686128737374e-09 -3.38085092343058e-12
 2.80335858253165e+06 -2.07161261932772e-09 -3.38085092343058e-12
 2.80749271994875e+06 -1.70594595979210e-09 -3.38085092343058e-12
 2.81162685736584e+06 -1.87258258730625e-09 -3.38085092343058e-12
 2.81576099478294e+06 -2.45280216559779e-09 -3.38085092343058e-12
 2.81989513220003e+06 -3.05940433424458e-09 -3.38085092343058e-12
 2.82402926961713e+06 -3.29761597152145e-09 -3.38085092343058e-12
 2.82816340703422e+06 -3.01961590385523e-09 -3.38085092343058e-12
 2.83229754445131e+06 -2.42962586398138e-09 -3.38085092343058e-12
 2.83643168186841e+06 -1.94584366200902e-09 -3.38085092343058e-12
 2.84056581928550e+06 -1.90264772187653e-09 -3.38085092343058e-12
 2.84469995670260e+06 -2.32778239790562e-09 -3.38085092343058e-12
 2.84883409411969e+06 -2.93597094710138e-09 -3.38085092343058e-12
 2.85296823153679e+06 -3.31676436522905e-09 -3.38085092343058e-12
 2.85710236895388e+06 -3.21817730106573e-09 -3.38085092343058e-12
 2.86123650637097e+06 -2.71671211192784e-09 -3.38085092343058e-12
 2.86537064378807e+06 -2.15787274076358e-09 -3.38085092343058e-12
 2.86950478120516e+06 -1.93397248124766e-09 -3.38085092343058e-12
 2.87363891862226e+06 -2.20902397799540e-09 -3.38085092343058e-12
 2.87777305603935e+06 -2.79558171889283e-09 -3.38085092343058e-12
 2.88190719345645e+06 -3.29288395574936e-09 -3.38085092343058e-12
 2.88604133087354e+06 -3.36131512266837e-09 -3.38085092343058e-12
 2.89017546829063e+06 -2.95546191318905e-09 -3.38085092343058e-12
 2.89430960570773e+06 -2.36143779808995e-09 -3.38085092343058e-12
 2.89844374312482e+06 -1.99825576514025e-09 -3.38085092343058e-12
 2.90257788054192e+06 -2.12287623859607e-09 -3.38085092343058e-12
 2.90671201795901e+06 -2.65454201186842e-09 -3.38085092343058e-12
 2.91084615537611e+06 -3.22845187071120e-09 -3.38085092343058e-12
 2.91498029279320e+06 -3.44414237723418e-09 -3.38085092343058e-12
 2.91911443021030e+06 -3.15635803674688e-09 -3.38085092343058e-12
 2.92324856762739e+06 -2.57258272662100e-09 -3.38085092343058e-12
 2.92738270504448e+06 -2.09818027377662e-09 -3.38085092343058e-12
 2.93151684246158e+06 -2.06134515880020e-09 -3.38085092343058e-12
 2.93565097987867e+06 -2.48231250789612e-09 -3.38085092343058e-12
 2.93978511729577e+06 -3.06508755898648e-09 -3.38085092343058e-12
 2.94391925471286e+06 -3.41297387549223e-09 -3.38085092343058e-12
 2.94805339212996e+06 -3.29762590723604e-09 -3.38085092343058e-12
 2.95218752954705e+06 -2.81231065941132e-09 -3.38085092343058e-12
 2.95632166696414e+06 -2.30149511826179e-09 -3.38085092343058e-12
 2.96045580438124e+06 -2.11734681928656e-09 -3.38085092343058e-12
 2.96458994179833e+06 -2.37829587184516e-09 -3.38085092343058e-12
 2.96872407921543e+06 -2.89968107607713e-09 -3.38085092343058e-12
 2.97285821663252e+06 -3.32912657260827e-09 -3.38085092343058e-12
 2.97699235404962e+06 -3.38487662733149e-09 -3.38085092343058e-12
 2.98112649146671e+06 -3.04600102817432e-09 -3.38085092343058e-12
 2.98526062888380e+06 -2.55310166234767e-09 -3.38085092343058e-12
 2.98939476630090e+06 -2.24105768686510e-09 -3.38085092343058e-12
 2.99352890371799e+06 -2.32178754156861e-09 -3.38085092343058e-12
 2.99766304113509e+06 -2.73718597869109e-09 -3.38085092343058e-12
 3.00179717855218e+06 -3.20264067559474e-09 -3.38085092343058e-12
 3.00593131596928e+06 -3.40504119964287e-09 -3.38085092343058e-12
 3.01006545338637e+06 -3.21279475911080e-09 -3.38085092343058e-12
 3.01419959080346e+06 -2.76217450661606e-09 -3.38085092343058e-12
 3.01833372822056e+06 -2.36063443811107e-09 -3.38085092343058e-12
 3.02246786563765e+06 -2.28561250611195e-09 -3.38085092343058e-12
 3.02660200305475e+06 -2.59635880667633e-09 -3.38085092343058e-12
 3.03073614047184e+06 -3.08666322981829e-09 -3.38085092343058e-12
 3.03487027788894e+06 -3.42203231195647e-09 -3.38085092343058e-12
 3.03900441530603e+06 -3.36888028658506e-09 -3.38085092343058e-12
 3.04313855272312e+06 -2.96536926722169e-09 -3.38085092343058e-12
 3.04727269014022e+06 -2.49065735597202e-09 -3.38085092343058e-12
 3.05140682755731e+06 -2.26837163474427e-09 -3.38085092343058e-12
 3.05554096497441e+06 -2.45171943857235e-09 -3.38085092343058e-12
 3.05967510239150e+06 -2.91554341894315e-09 -3.38085092343058e-12
 3.06380923980860e+06 -3.33887120383680e-09 -3.38085092343058e-12
 3.06794337722569e+06 -3.42352799770981e-09 -3.38085092343058e-12
 3.07207751464278e+06 -3.10819226200897e-09 -3.38085092343058e-12
 3.07621165205988e+06 -2.61411525484315e-09 -3.38085092343058e-12
 3.08034578947697e+06 -2.27955350193626e-09 -3.38085092343058e-12
 3.08447992689407e+06 -2.32547390857053e-09 -3.38085092343058e-12
 3.08861406431116e+06 -2.70629778960358e-09 -3.38085092343058e-12
 3.09274820172826e+06 -3.15374438285964e-09 -3.38085092343058e-12
 3.09688233914535e+06 -3.36570839999380e-09 -3.38085092343058e-12
 3.10101647656245e+06 -3.20010078594623e-09 -3.38085092343058e-12
 3.10515061397954e+06 -2.77713308276445e-09 -3.38085092343058e-12
 3.10928475139663e+06 -2.39248458253075e-09 -3.38085092343058e-12
 3.11341888881373e+06 -2.30095601880629e-09 -3.38085092343058e-12
 3.11755302623082e+06 -2.54665522690386e-09 -3.38085092343058e-12
 3.12168716364792e+06 -2.94649713142517e-09 -3.38085092343058e-12
 3.12582130106501e+06 -3.22820864111356e-09 -3.38085092343058e-12
 3.12995543848211e+06 -3.20779980048289e-09 -3.38085092343058e-12
 3.13408957589920e+06 -2.90204781624843e-09 -3.38085092343058e-12
 3.13822371331629e+06 -2.51394934849587e-09 -3.38085092343058e-12
 3.14235785073339e+06 -2.29992218763058e-09 -3.38085092343058e-12
 3.14649198815048e+06 -2.40121990805423e-09 -3.38085092343058e-12
 3.15062612556758e+06 -2.73825234870635e-09 -3.38085092343058e-12
 3.15476026298467e+06 -3.07748479646411e-09 -3.38085092343058e-12
 3.15889440040177e+06 -3.19790449633020e-09 -3.38085092343058e-12
 3.16302853781886e+06 -3.01817991516597e-09 -3.38085092343058e-12
 3.16716267523595e+06 -2.65314890461980e-09 -3.38085092343058e-12
 3.17129681265305e+06 -2.34402252644106e-09 -3.38085092343058e-12
 3.17543095007014e+06 -2.30100168581187e-09 -3.38085092343058e-12
 3.17956508748724e+06 -2.56285281178408e-09 -3.38085092343058e-12
 3.18369922490433e+06 -2.95348458000523e-09 -3.38085092343058e-12
 3.18783336232143e+06 -3.20192204375007e-09 -3.38085092343058e-12
 3.19196749973852e+06 -3.13636662752080e-09 -3.38085092343058e-12
 3.19610163715561e+06 -2.79789529571611e-09 -3.38085092343058e-12
 3.20023577457271e+06 -2.40550438809368e-09 -3.38085092343058e-12
 3.20436991198980e+06 -2.21752679397996e-09 -3.38085092343058e-12
 3.20850404940690e+06 -2.36621418637762e-09 -3.38085092343058e-12
 3.21263818682399e+06 -2.74873105597952e-09 -3.38085092343058e-12
 3.21677232424109e+06 -3.09612407654901e-09 -3.38085092343058e-12
 3.22090646165818e+06 -3.16510303454656e-09 -3.38085092343058e-12
 3.22504059907527e+06 -2.90419834866509e-09 -3.38085092343058e-12
 3.22917473649237e+06 -2.49634448846084e-09 -3.38085092343058e-12
 3.23330887390946e+06 -2.21511162575382e-09 -3.38085092343058e-12
 3.23744301132656e+06 -2.23563485338514e-09 -3.38085092343058e-12
 3.24157714874365e+06 -2.53678276742373e-09 -3.38085092343058e-12
 3.24571128616075e+06 -2.90778938890529e-09 -3.38085092343058e-12
 3.24984542357784e+06 -3.08831808781435e-09 -3.38085092343058e-12
 3.25397956099493e+06 -2.95430459423262e-09 -3.38085092343058e-12
 3.25811369841203e+06 -2.60074310623096e-09 -3.38085092343058e-12
 3.26224783582912e+06 -2.26451692600250e-09 -3.38085092343058e-12
 3.26638197324622e+06 -2.15704971860319e-09 -3.38085092343058e-12
 3.27051611066331e+06 -2.32941188308158e-09 -3.38085092343058e-12
 3.27465024808041e+06 -2.64774266527164e-09 -3.38085092343058e-12
 3.27878438549750e+06 -2.89480569646643e-09 -3.38085092343058e-12
 3.28291852291459e+06 -2.90126955234063e-09 -3.38085092343058e-12
 3.28705266033169e+06 -2.64874949775287e-09 -3.38085092343058e-12
 3.29118679774878e+06 -2.30080962175513e-09 -3.38085092343058e-12
 3.29532093516588e+06 -2.08276852604844e-09 -3.38085092343058e-12
 3.29945507258297e+06 -2.12698363515617e-09 -3.38085092343058e-12
 3.30358921000007e+06 -2.39885192308994e-09 -3.38085092343058e-12
 3.30772334741716e+06 -2.71360632865407e-09 -3.38085092343058e-12
 3.31185748483426e+06 -2.85783413159812e-09 -3.38085092343058e-12
 3.31599162225135e+06 -2.72493039705237e-09 -3.38085092343058e-12
 3.32012575966844e+06 -2.38308236611565e-09 -3.38085092343058e-12
 3.32425989708554e+06 -2.04751717163209e-09 -3.38085092343058e-12
 3.32839403450263e+06 -1.94490846433945e-09 -3.38085092343058e-12
 3.33252817191973e+06 -2.14806662121173e-09 -3.38085092343058e-12
 3.33666230933682e+06 -2.51507621897617e-09 -3.38085092343058e-12
 3.34079644675392e+06 -2.79273031912458e-09 -3.38085092343058e-12
 3.34493058417101e+06 -2.78201614605459e-09 -3.38085092343058e-12
 3.34906472158810e+06 -2.46992852848250e-09 -3.38085092343058e-12
 3.35319885900520e+06 -2.05478957912604e-09 -3.38085092343058e-12
 3.35733299642229e+06 -1.81023809262305e-09 -3.38085092343058e-12
 3.36146713383939e+06 -1.90314732779399e-09 -3.38085092343058e-12
 3.36560127125648e+06 -2.27441359889349e-09 -3.38085092343058e-12
 3.36973540867358e+06 -2.66090906719041e-09 -3.38085092343058e-12
 3.37386954609067e+06 -2.78970969964813e-09 -3.38085092343058e-12
 3.37800368350776e+06 -2.57146798118090e-09 -3.38085092343058e-12
 3.38213782092486e+06 -2.15115887163941e-09 -3.38085092343058e-12
 3.38627195834195e+06 -1.80827972389132e-09 -3.38085092343058e-12
 3.39040609575905e+06 -1.76783134449666e-09 -3.38085092343058e-12
 3.39454023317614e+06 -2.04831219605286e-09 -3.38085092343058e-12
 3.39867437059324e+06 -2.44893146581961e-09 -3.38085092343058e-12
 3.40280850801033e+06 -2.68901605230143e-09 -3.38085092343058e-12
 3.40694264542742e+06 -2.59657372833426e-09 -3.38085092343058e-12
 3.41107678284452e+06 -2.22860325409685e-09 -3.38085092343058e-12
 3.41521092026161e+06 -1.83206506024586e-09 -3.38085092343058e-12
 3.41934505767871e+06 -1.65961053387640e-09 -3.38085092343058e-12
 3.42347919509580e+06 -1.80965070694665e-09 -3.38085092343058e-12
 3.42761333251290e+06 -2.17249384011183e-09 -3.38085092343058e-12
 3.43174746992999e+06 -2.49592898491506e-09 -3.38085092343058e-12
 3.43588160734708e+06 -2.55351573963769e-09 -3.38085092343058e-12
 3.44001574476418e+06 -2.29086965989425e-09 -3.38085092343058e-12
 3.44414988218127e+06 -1.86802656310961e-09 -3.38085092343058e-12
 3.44828401959837e+06 -1.56197606471509e-09 -3.38085092343058e-12
 3.45241815701546e+06 -1.57349572009718e-09 -3.38085092343058e-12
 3.45655229443256e+06 -1.88886563809076e-09 -3.38085092343058e-12
 3.46068643184965e+06 -2.29123667851852e-09 -3.38085092343058e-12
 3.46482056926674e+06 -2.50251727162005e-09 -3.38085092343058e-12
 3.46895470668384e+06 -2.35690673313777e-09 -3.38085092343058e-12
 3.47308884410093e+06 -1.91995108826534e-09 -3.38085092343058e-12
 3.47722298151803e+06 -1.46806146924036e-09 -3.38085092343058e-12
 3.48135711893512e+06 -1.30364924364602e-09 -3.38085092343058e-12
 3.48549125635222e+06 -1.54187234143399e-09 -3.38085092343058e-12
 3.48962539376931e+06 -2.01671802517099e-09 -3.38085092343058e-12
 3.49375953118641e+06 -2.38970004337302e-09 -3.38085092343058e-12
 3.49789366860350e+06 -2.39079861754674e-09 -3.38085092343058e-12
 3.50202780602059e+06 -1.99794044587184e-09 -3.38085092343058e-12
 3.50616194343769e+06 -1.45783297878645e-09 -3.38085092343058e-12
 3.51029608085478e+06 -1.13178161771425e-09 -3.38085092343058e-12
 3.51443021827188e+06 -1.24692331673892e-09 -3.38085092343058e-12
 3.51856435568897e+06 -1.72537461837694e-09 -3.38085092343058e-12
 3.52269849310607e+06 -2.22518228976796e-09 -3.38085092343058e-12
 3.52683263052316e+06 -2.38727597586855e-09 -3.38085092343058e-12
 3.53096676794025e+06 -2.09234200125958e-09 -3.38085092343058e-12
 3.53510090535735e+06 -1.53791075664713e-09 -3.38085092343058e-12
 3.53923504277444e+06 -1.09585354577475e-09 -3.38085092343058e-12
 3.54336918019154e+06 -1.05632666022620e-09 -3.38085092343058e-12
 3.54750331760863e+06 -1.43958063794626e-09 -3.38085092343058e-12
 3.55163745502573e+06 -1.97545851487242e-09 -3.38085092343058e-12
 3.55577159244282e+06 -2.27987493340747e-09 -3.38085092343058e-12
 3.55990572985991e+06 -2.13068229932598e-09 -3.38085092343058e-12
 3.56403986727701e+06 -1.62668500324841e-09 -3.38085092343058e-12
 3.56817400469410e+06 -1.11212913657286e-09 -3.38085092343058e-12
 3.57230814211120e+06 -9.27540326634536e-10 -3.38085092343058e-12
 3.57644227952829e+06 -1.18564949661424e-09 -3.38085092343058e-12
 3.58057641694539e+06 -1.70904251332343e-09 -3.38085092343058e-12
 3.58471055436248e+06 -2.13930504067124e-09 -3.38085092343058e-12
 3.58884469177957e+06 -2.17049952172424e-09 -3.38085092343058e-12
 3.59297882919667e+06 -1.76027314010670e-09 -3.38085092343058e-12
 3.59711296661376e+06 -1.17401399792444e-09 -3.38085092343058e-12
 3.60124710403086e+06 -8.07923741980917e-10 -3.38085092343058e-12
 3.60538124144795e+06 -9.04334527581499e-10 -3.38085092343058e-12
 3.60951537886505e+06 -1.39205272640483e-09 -3.38085092343058e-12
 3.61364951628214e+06 -1.93910158929701e-09 -3.38085092343058e-12
 3.61778365369923e+06 -2.16331888844041e-09 -3.38085092343058e-12
 3.62191779111633e+06 -1.88304082897303e-09 -3.38085092343058e-12
 3.62605192853342e+06 -1.25506762753306e-09 -3.38085092343058e-12
 3.63018606595052e+06 -6.92658792178041e-10 -3.38085092343058e-12
 3.63432020336761e+06 -5.81711569586954e-10 -3.38085092343058e-12
 3.63845434078471e+06 -1.00070222531421e-09 -3.38085092343058e-12
 3.64258847820180e+06 -1.65616396184840e-09 -3.38085092343058e-12
 3.64672261561889e+06 -2.08429210608976e-09 -3.38085092343058e-12
 3.65085675303599e+06 -1.97604851103438e-09 -3.38085092343058e-12
 3.65499089045308e+06 -1.38184592766475e-09 -3.38085092343058e-12
 3.65912502787018e+06 -6.87470405572462e-10 -3.38085092343058e-12
 3.66325916528727e+06 -3.67751397498384e-10 -3.38085092343058e-12
 3.66739330270437e+06 -6.45767936365579e-10 -3.38085092343058e-12
 3.67152744012146e+06 -1.32220905363341e-09 -3.38085092343058e-12
 3.67566157753856e+06 -1.90940310817978e-09 -3.38085092343058e-12
 3.67979571495565e+06 -1.98024242848854e-09 -3.38085092343058e-12
 3.68392985237274e+06 -1.47572140308581e-09 -3.38085092343058e-12
 3.68806398978984e+06 -7.36867889262499e-10 -3.38085092343058e-12
 3.69219812720693e+06 -2.62105132614547e-10 -3.38085092343058e-12
 3.69633226462403e+06 -3.69317936863777e-10 -3.38085092343058e-12
 3.70046640204112e+06 -9.80444304935341e-10 -3.38085092343058e-12
 3.70460053945822e+06 -1.66143077376559e-09 -3.38085092343058e-12
 3.70873467687531e+06 -1.92082727643621e-09 -3.38085092343058e-12
 3.71286881429240e+06 -1.57012927511911e-09 -3.38085092343058e-12
 3.71700295170950e+06 -8.49994744448420e-10 -3.38085092343058e-12
 3.72113708912659e+06 -2.53521290081093e-10 -3.38085092343058e-12
 3.72527122654369e+06 -1.84462937265225e-10 -3.38085092343058e-12
 3.72940536396078e+06 -6.81529175981479e-10 -3.38085092343058e-12
 3.73353950137788e+06 -1.40371197471654e-09 -3.38085092343058e-12
 3.73767363879497e+06 -1.85315467173286e-09 -3.38085092343058e-12
 3.74180777621206e+06 -1.70439637943916e-09 -3.38085092343058e-12
 3.74594191362916e+06 -1.04174800151682e-09 -3.38085092343058e-12
 3.75007605104625e+06 -3.10097411014054e-10 -3.38085092343058e-12
 3.75421018846335e+06 -5.61029600465516e-12 -3.38085092343058e-12
 3.75834432588044e+06 -3.33314785930726e-10 -3.38085092343058e-12
 3.76247846329754e+06 -1.07044346402652e-09 -3.38085092343058e-12
 3.76661260071463e+06 -1.71311560196736e-09 -3.38085092343058e-12
 3.77074673813172e+06 -1.81213356236482e-09 -3.38085092343058e-12
 3.77488087554882e+06 -1.27947336366430e-09 -3.38085092343058e-12
 3.77901501296591e+06 -4.54492492155674e-10 -3.38085092343058e-12
 3.78314915038301e+06  1.05112664790747e-10 -3.38085092343058e-12
 3.78728328780010e+06  5.29823519186194e-12 -3.38085092343058e-12
 3.79141742521720e+06 -6.88530400577539e-10 -3.38085092343058e-12
 3.79555156263429e+06 -1.49412446719999e-09 -3.38085092343058e-12
 3.79968570005138e+06 -1.84561929191910e-09 -3.38085092343058e-12
 3.80381983746848e+06 -1.48335505137921e-09 -3.38085092343058e-12
 3.80795397488557e+06 -6.39573611882236e-10 -3.38085092343058e-12
 3.81208811230267e+06  1.17533187225470e-10 -3.38085092343058e-12
 3.81622224971976e+06  2.67916733233483e-10 -3.38085092343058e-12
 3.82035638713686e+06 -2.96337838217654e-10 -3.38085092343058e-12
 3.82449052455395e+06 -1.17640188187618e-09 -3.38085092343058e-12
 3.82862466197104e+06 -1.73723560332017e-09 -3.38085092343058e-12
 3.83275879938814e+06 -1.56830043553989e-09 -3.38085092343058e-12
 3.83689293680523e+06 -7.79956116983744e-10 -3.38085092343058e-12
 3.84102707422233e+06  8.70155388261265e-11 -3.38085092343058e-12
 3.84516121163942e+06  4.37937032475531e-10 -3.38085092343058e-12
 3.84929534905652e+06  3.38464384939084e-11 -3.38085092343058e-12
 3.85342948647361e+06 -8.38084930113542e-10 -3.38085092343058e-12
 3.85756362389070e+06 -1.56294924573006e-09 -3.38085092343058e-12
 3.86169776130780e+06 -1.61997146712909e-09 -3.38085092343058e-12
 3.86583189872489e+06 -9.54409498321193e-10 -3.38085092343058e-12
 3.86996603614199e+06 -2.62111649031420e-11 -3.38085092343058e-12
 3.87410017355908e+06  5.23884819867456e-10 -3.38085092343058e-12
 3.87823431097618e+06  3.25914527841791e-10 -3.38085092343058e-12
 3.88236844839327e+06 -4.74417726756065e-10 -3.38085092343058e-12
 3.88650258581037e+06 -1.32387998410753e-09 -3.38085092343058e-12
 3.89063672322746e+06 -1.63395645959976e-09 -3.38085092343058e-12
 3.89477086064455e+06 -1.17738502500815e-09 -3.38085092343058e-12
 3.89890499806165e+06 -2.51082082834636e-10 -3.38085092343058e-12
 3.90303913547874e+06  5.17046426261779e-10 -3.38085092343058e-12
 3.90717327289584e+06  5.96775653051939e-10 -3.38085092343058e-12
 3.91130741031293e+06 -6.70298318712475e-11 -3.38085092343058e-12
 3.91544154773003e+06 -1.01578063605152e-09 -3.38085092343058e-12
 3.91957568514712e+06 -1.60372771474970e-09 -3.38085092343058e-12
 3.92370982256421e+06 -1.42761193361955e-09 -3.38085092343058e-12
 3.92784395998131e+06 -5.91976497691601e-10 -3.38085092343058e-12
 3.93197809739840e+06  3.46239307336095e-10 -3.38085092343058e-12
 3.93611223481550e+06  7.41222763229670e-10 -3.38085092343058e-12
 3.94024637223259e+06  3.06615565712266e-10 -3.38085092343058e-12
 3.94438050964969e+06 -6.63803840222516e-10 -3.38085092343058e-12
 3.94851464706678e+06 -1.49214210428515e-09 -3.38085092343058e-12
 3.95264878448387e+06 -1.59662875426576e-09 -3.38085092343058e-12
 3.95678292190097e+06 -8.97833047537627e-10 -3.38085092343058e-12
 3.96091705931806e+06  1.32112850354566e-10 -3.38085092343058e-12
 3.96505119673516e+06  7.89594071382027e-10 -3.38085092343058e-12
 3.96918533415225e+06  6.10823495536946e-10 -3.38085092343058e-12
 3.97331947156935e+06 -2.92938633501872e-10 -3.38085092343058e-12
 3.97745360898644e+06 -1.28720937300105e-09 -3.38085092343058e-12
 3.98158774640353e+06 -1.65962835798701e-09 -3.38085092343058e-12
 3.98572188382063e+06 -1.13627188735927e-09 -3.38085092343058e-12
 3.98985602123772e+06 -8.10879945172773e-11 -3.38085092343058e-12
 3.99399015865482e+06  7.69614070963304e-10 -3.38085092343058e-12
 3.99812429607191e+06  8.27037844866353e-10 -3.38085092343058e-12
 4.00225843348901e+06  5.13190273816433e-11 -3.38085092343058e-12
 4.00639257090610e+06 -1.01995795286303e-09 -3.38085092343058e-12
 4.01052670832319e+06 -1.63314661935226e-09 -3.38085092343058e-12
 4.01466084574029e+06 -1.34106104190318e-09 -3.38085092343058e-12
 4.01879498315738e+06 -3.33855754150686e-10 -3.38085092343058e-12
 4.02292912057448e+06  6.87138029245146e-10 -3.38085092343058e-12
 4.02706325799157e+06  1.01661584999652e-09 -3.38085092343058e-12
 4.03119739540867e+06  4.38795521771907e-10 -3.38085092343058e-12
 4.03533153282576e+06 -6.38426196193770e-10 -3.38085092343058e-12
 4.03946567024285e+06 -1.47327655640270e-09 -3.38085092343058e-12
 4.04359980765995e+06 -1.48973173063795e-09 -3.38085092343058e-12
 4.04773394507704e+06 -6.62615232911548e-10 -3.38085092343058e-12
 4.05186808249414e+06  4.51432162518275e-10 -3.38085092343058e-12
 4.05600221991123e+06  1.08485381487546e-09 -3.38085092343058e-12
 4.06013635732833e+06  7.98862721267292e-10 -3.38085092343058e-12
 4.06427049474542e+06 -2.03898476106389e-10 -3.38085092343058e-12
 4.06840463216252e+06 -1.23154220338017e-09 -3.38085092343058e-12
 4.07253876957961e+06 -1.58662963547848e-09 -3.38085092343058e-12
 4.07667290699670e+06 -1.02486676336602e-09 -3.38085092343058e-12
 4.08080704441380e+06  8.24546887881657e-11 -3.38085092343058e-12
 4.08494118183089e+06  9.83409274874491e-10 -3.38085092343058e-12
 4.08907531924799e+06  1.05080293019251e-09 -3.38085092343058e-12
 4.09320945666508e+06  2.23505718189724e-10 -3.38085092343058e-12
 4.09734359408218e+06 -9.29222049524551e-10 -3.38085092343058e-12
 4.10147773149927e+06 -1.60157719325283e-09 -3.38085092343058e-12
 4.10561186891636e+06 -1.32449524431534e-09 -3.38085092343058e-12
 4.10974600633346e+06 -2.86865217651411e-10 -3.38085092343058e-12
 4.11388014375055e+06  7.98965941738518e-10 -3.38085092343058e-12
 4.11801428116765e+06  1.17677006781067e-09 -3.38085092343058e-12
 4.12214841858474e+06  5.63658209747937e-10 -3.38085092343058e-12
 4.12628255600184e+06 -6.32425551073168e-10 -3.38085092343058e-12
 4.13041669341893e+06 -1.57676603700495e-09 -3.38085092343058e-12
 4.13455083083602e+06 -1.59666734076502e-09 -3.38085092343058e-12
