#time(au), s(t), s(t) without exp(iwt)
 0.00000000000000e+01  0.00000000000000e+00  0.00000000000000e+00
 4.13413741709430e+02 -3.98664472170748e-18  3.19013091211299e-18
 8.26827483418859e+02  4.93656556835935e-18 -3.04332784571998e-18
 1.24024122512829e+03 -7.43539505622056e-18 -1.61196815935484e-18
 1.65365496683772e+03  1.66236990996140e-17 -4.47557691208429e-18
 2.06706870854715e+03 -2.21115053991790e-17 -5.19567186565386e-18
 2.48048245025658e+03  4.61097338281566e-17 -9.12895746676129e-18
 2.89389619196601e+03 -6.23759812165093e-17 -8.86863551602129e-18
 3.30730993367544e+03  1.15754974311389e-16  5.11734849675601e-18
 3.72072367538487e+03 -1.60007470774065e-16 -2.68545890058453e-17
 4.13413741709430e+03  2.68019106700879e-16 -7.58292142149997e-17
 4.54755115880373e+03 -3.68592842045227e-16  6.04731766869508e-17
 4.96096490051316e+03  5.73379483904065e-16 -8.29340086449310e-18
 5.37437864222259e+03 -7.76259021062170e-16 -2.16612095332042e-16
 5.78779238393202e+03  1.12756465601367e-15 -1.64272575153682e-17
 6.20120612564145e+03 -1.48193476214165e-15  1.12715381441612e-15
 6.61461986735088e+03  2.03071757613739e-15 -2.08283167936343e-15
 7.02803360906031e+03 -2.55583375178638e-15  1.04125982193866e-15
 7.44144735076974e+03  3.27950407542676e-15 -3.29556458681888e-17
 7.85486109247917e+03 -3.89855785899452e-15 -2.22627786330479e-15
 8.26827483418859e+03  4.60966432614016e-15  3.29625814131678e-15
 8.68168857589802e+03 -4.99823614723697e-15 -9.69357258806346e-16
 9.09510231760745e+03  5.17620689360192e-15  1.11642603738113e-15
 9.50851605931688e+03 -4.59550026063492e-15  7.89814669164945e-16
 9.92192980102631e+03  3.15953005333418e-15  4.53386060842242e-15
 1.03353435427357e+04 -2.72277664231248e-16  1.52347929439038e-14
 1.07487572844452e+04 -4.60961087882418e-15  3.46615994679530e-15
 1.11621710261546e+04  1.17969787972196e-14  2.76122351515785e-15
 1.15755847678640e+04 -2.27907841389194e-14  6.57639692833335e-14
 1.19889985095735e+04  3.67079173982385e-14 -8.76495721606613e-14
 1.24024122512829e+04 -5.71176213992990e-14 -4.44280123106182e-14
 1.28158259929923e+04  7.99687958831135e-14  1.08470913202480e-13
 1.32292397347018e+04 -1.13261562562153e-13 -2.63347383400077e-13
 1.36426534764112e+04  1.45751856555903e-13  2.35428758942067e-13
 1.40560672181206e+04 -1.94789348332625e-13 -1.62261443597016e-13
 1.44694809598300e+04  2.34514605333188e-13 -1.47779170107262e-13
 1.48828947015395e+04 -3.00766045300255e-13  4.62530947567163e-13
 1.52963084432489e+04  3.40527503405130e-13 -4.54967490359018e-13
 1.57097221849583e+04 -4.23727647665196e-13 -1.95381368837343e-13
 1.61231359266678e+04  4.50544933851037e-13  9.44031367436477e-13
 1.65365496683772e+04 -5.48998602749705e-13 -8.35777071747702e-13
 1.69499634100866e+04  5.44639813812700e-13  9.28762036812165e-13
 1.73633771517960e+04 -6.56367437938677e-13 -1.85364720897815e-13
 1.77767908935055e+04  5.99971894195539e-13 -1.55654138589730e-13
 1.81902046352149e+04 -7.23877183036911e-13  5.26548914376781e-13
 1.86036183769243e+04  5.97139604961083e-13  7.58024709265574e-13
 1.90170321186338e+04 -7.33119963389992e-13  6.25412608433997e-13
 1.94304458603432e+04  5.27301398106165e-13 -5.29590467611865e-13
 1.98438596020526e+04 -6.73985403883956e-13 -4.36859169729512e-13
 2.02572733437620e+04  3.97581638097793e-13  7.80759259707233e-13
 2.06706870854715e+04 -5.47123583563058e-13 -8.66774624784771e-13
 2.10841008271809e+04  2.32186549424560e-13  1.75571299908839e-12
 2.14975145688903e+04 -3.63345028582715e-13 -1.27540536182549e-12
 2.19109283105998e+04  6.78106937078951e-14  8.24399246246108e-13
 2.23243420523092e+04 -1.40394991230622e-13  3.03799204088103e-13
 2.27377557940186e+04 -5.55593497391574e-14 -1.29855645632611e-12
 2.31511695357280e+04  1.01442144646136e-13  4.29939298689376e-13
 2.35645832774375e+04 -1.05465052345391e-13  4.32484908829137e-13
 2.39779970191469e+04  3.43153285320622e-13 -5.26426257632933e-13
 2.43914107608563e+04 -6.56926702895153e-14  5.49520214025476e-14
 2.48048245025657e+04  5.69442393659578e-13 -3.94008882125366e-13
 2.52182382442752e+04  6.04800804622814e-14  9.39410447026055e-13
 2.56316519859846e+04  7.69799386165758e-13 -2.40174124855673e-13
 2.60450657276940e+04  2.53204499394518e-13  5.33805293122802e-13
 2.64584794694035e+04  9.38556155586495e-13  1.41322217898922e-12
 2.68718932111129e+04  4.83417669130863e-13  4.86836466653100e-13
 2.72853069528223e+04  1.07427678158459e-12  2.42330001722933e-13
 2.76987206945317e+04  7.21431379074178e-13  1.31587331799977e-12
 2.81121344362412e+04  1.17883549141438e-12  9.16328604547570e-13
 2.85255481779506e+04  9.43764998040127e-13  7.01588092912900e-13
 2.89389619196600e+04  1.25618603514119e-12  1.29212874339615e-12
 2.93523756613695e+04  1.13610883404073e-12  1.36134085062864e-12
 2.97657894030789e+04  1.31098635485462e-12  1.06316711622249e-12
 3.01792031447883e+04  1.29304836147255e-12  1.38128872460813e-12
 3.05926168864977e+04  1.34788930610907e-12  1.49055004190525e-12
 3.10060306282072e+04  1.41568745561742e-12  1.46503146422109e-12
 3.14194443699166e+04  1.37122931737114e-12  1.46433821044664e-12
 3.18328581116260e+04  1.50861636947695e-12  1.57247299040999e-12
 3.22462718533355e+04  1.38506480701334e-12  1.56409053831593e-12
 3.26596855950449e+04  1.57734318758738e-12  1.66622510720710e-12
 3.30730993367543e+04  1.39342388651663e-12  1.61800297649192e-12
 3.34865130784637e+04  1.62668673327736e-12  1.68595517955962e-12
 3.38999268201732e+04  1.40034377604232e-12  1.72702767860278e-12
 3.43133405618826e+04  1.66012030942550e-12  1.72817570879531e-12
 3.47267543035920e+04  1.40981802159908e-12  1.76161413853850e-12
 3.51401680453015e+04  1.67967786514506e-12  1.80966190105375e-12
 3.55535817870109e+04  1.42532178036743e-12  1.81366374843599e-12
 3.59669955287203e+04  1.68618354135039e-12  1.84959286850144e-12
 3.63804092704298e+04  1.44950943072907e-12  1.87370291611722e-12
 3.67938230121392e+04  1.68013924812737e-12  1.90233146559337e-12
 3.72072367538486e+04  1.48408875643321e-12  1.92530568701543e-12
 3.76206504955581e+04  1.66208264958615e-12  1.95280274811445e-12
 3.80340642372675e+04  1.52936893003522e-12  1.97995641761539e-12
 3.84474779789769e+04  1.63309365004755e-12  2.00650747509715e-12
 3.88608917206864e+04  1.58437819448084e-12  2.03356192106327e-12
 3.92743054623958e+04  1.59523977949238e-12  2.06139555961144e-12
 3.96877192041052e+04  1.64696767161866e-12  2.08863562303237e-12
 4.01011329458147e+04  1.55147134168384e-12  2.11688381580167e-12
 4.05145466875241e+04  1.71382637920185e-12  2.14488213916137e-12
 4.09279604292335e+04  1.50553684765396e-12  2.17335387989046e-12
 4.13413741709429e+04  1.78093208249601e-12  2.20204655553434e-12
 4.17547879126524e+04  1.46168007217643e-12  2.23094624842723e-12
 4.21682016543618e+04  1.84390658232133e-12  2.26009255240167e-12
 4.25816153960712e+04  1.42434280827566e-12  2.28946860593766e-12
 4.29950291377807e+04  1.89858202326010e-12  2.31905111248563e-12
 4.34084428794901e+04  1.39751805102208e-12  2.34884047368055e-12
 4.38218566211995e+04  1.94126285404652e-12  2.37883670793126e-12
 4.42352703629090e+04  1.38428213677192e-12  2.40902090392473e-12
 4.46486841046184e+04  1.96936360834372e-12  2.43938868555570e-12
 4.50620978463278e+04  1.38667776397533e-12  2.46993361326762e-12
 4.54755115880373e+04  1.98177472496568e-12  2.50064506406036e-12
 4.58889253297467e+04  1.40509495141482e-12  2.53151321907986e-12
 5.00230627468410e+04  1.64222413088312e-12  2.84726710704030e-12
 5.41572001639353e+04  1.68141317282189e-12  3.16973986897219e-12
 5.82913375810296e+04  1.36071911636926e-12  3.49123452685304e-12
 6.24254749981239e+04  1.41519732232939e-12  3.80541181886306e-12
 6.65596124152182e+04  2.21709675123678e-12  4.10756346651769e-12
 7.06937498323125e+04  2.83207413515422e-12  4.39463995495615e-12
 7.48278872494068e+04  2.59812889830702e-12  4.66511510938705e-12
 7.89620246665011e+04  2.35503326946904e-12  4.91874610828916e-12
 8.30961620835954e+04  2.74088945316889e-12  5.15628428445914e-12
 8.72302995006897e+04  2.96488347882726e-12  5.37917413575566e-12
 9.13644369177840e+04  2.46925695286513e-12  5.58926685062593e-12
 9.54985743348783e+04  2.37310814164787e-12  5.78856549948263e-12
 9.96327117519726e+04  3.51423458692000e-12  5.97901218322432e-12
 1.03766849169067e+05  4.50189396147228e-12  6.16232241574732e-12
 1.07900986586161e+05  4.03348685102046e-12  6.33986837314214e-12
 1.12035124003255e+05  3.19163727664903e-12  6.51260996246314e-12
 1.16169261420350e+05  3.39085794806100e-12  6.68107064115986e-12
 1.20303398837444e+05  3.67243901878528e-12  6.84535334756841e-12
 1.24437536254538e+05  2.48146496601302e-12  7.00519066001297e-12
 1.28571673671633e+05  1.07629621082440e-12  7.16002232822737e-12
 1.32705811088727e+05  1.52937472852047e-12  7.30909260194117e-12
 1.36839948505821e+05  2.90802422413510e-12  7.45155933141199e-12
 1.40974085922916e+05  3.09318751844671e-12  7.58660665964951e-12
 1.45108223340010e+05  2.74663574791762e-12  7.71355329393253e-12
 1.49242360757104e+05  3.91301101865525e-12  7.83194885382586e-12
 1.53376498174198e+05  5.36357889946279e-12  7.94165164818597e-12
 1.57510635591293e+05  4.36239268511402e-12  8.04288241857390e-12
 1.61644773008387e+05  2.15256889885033e-12  8.13625006328852e-12
 1.65778910425481e+05  2.01667591652389e-12  8.22274706527238e-12
 1.69913047842576e+05  3.51435656385586e-12  8.30371420949830e-12
 1.74047185259670e+05  3.52182674567910e-12  8.38077609676633e-12
 1.78181322676764e+05  2.34435865669503e-12  8.45575083676826e-12
 1.82315460093858e+05  3.01661184653065e-12  8.53053902622233e-12
 1.86449597510953e+05  4.76515942655472e-12  8.60699858356845e-12
 1.90583734928047e+05  4.22420554908700e-12  8.68681312664193e-12
 1.94717872345141e+05  1.83110586029588e-12  8.77136226733260e-12
 1.98852009762236e+05  1.11338426580415e-12  8.86160240339060e-12
 2.02986147179330e+05  2.28431023539800e-12  8.95796628523553e-12
 2.07120284596424e+05  2.07439045649413e-12  9.06028882695247e-12
 2.11254422013518e+05  6.82940659057169e-13  9.16776534812233e-12
 2.15388559430613e+05  1.73641482839535e-12  9.27894673822166e-12
 2.19522696847707e+05  5.32195162999491e-12  9.39177401579624e-12
 2.23656834264801e+05  7.44334122201915e-12  9.50365251970379e-12
 2.27790971681896e+05  6.52329386175164e-12  9.61156364429480e-12
 2.31925109098990e+05  5.75399086596183e-12  9.71220974767784e-12
 2.36059246516084e+05  6.63117920947509e-12  9.80218575623237e-12
 2.40193383933178e+05  6.28094567899043e-12  9.87816918598481e-12
 2.44327521350273e+05  3.81549717850823e-12  9.93711891429084e-12
 2.48461658767367e+05  2.75209875780784e-12  9.97647215374831e-12
 2.52595796184461e+05  5.07717849711109e-12  9.99432876720255e-12
 2.56729933601556e+05  7.17625951445412e-12  9.98961234943325e-12
 2.60864071018650e+05  6.08895770047638e-12  9.96219838521686e-12
 2.64998208435744e+05  4.97545415791067e-12  9.91300123798646e-12
 2.69132345852839e+05  6.53493613929942e-12  9.84401365919805e-12
 2.73266483269933e+05  7.65939660082411e-12  9.75829483686826e-12
 2.77400620687027e+05  5.24573596322061e-12  9.65990560091429e-12
 2.81534758104121e+05  2.60633479029405e-12  9.55379213290373e-12
 2.85668895521216e+05  4.03914623770458e-12  9.44562224074510e-12
 2.89803032938310e+05  6.86534590091943e-12  9.34158080447689e-12
 2.93937170355404e+05  7.15132226014836e-12  9.24813323633001e-12
 2.98071307772499e+05  7.05547722465483e-12  9.17176760009852e-12
 3.02205445189593e+05  9.66754077393159e-12  9.11872729861332e-12
 3.06339582606687e+05  1.19322568375353e-11  9.09474688960901e-12
 3.10473720023782e+05  9.30682146424677e-12  9.10480358897864e-12
 3.14607857440876e+05  4.67357422302389e-12  9.15289636156705e-12
 3.18741994857970e+05  3.48030972599590e-12  9.24186321499759e-12
 3.22876132275065e+05  4.48805472391326e-12  9.37324546811886e-12
 3.27010269692159e+05  3.47582837279367e-12  9.54720545995093e-12
 3.31144407109253e+05  1.42921363054912e-12  9.76250152117024e-12
 3.35278544526348e+05  2.74950770787386e-12  1.00165211900922e-11
 3.39412681943442e+05  6.26308265867175e-12  1.03053707722605e-11
 3.43546819360536e+05  6.65260404987609e-12  1.06240165722879e-11
 3.47680956777631e+05  4.04091509246305e-12  1.09664706176932e-11
 3.51815094194725e+05  3.10302060028782e-12  1.13260115811906e-11
 3.55949231611819e+05  4.58237455808530e-12  1.16954300020981e-11
 3.60083369028913e+05  4.07081258950721e-12  1.20672858926563e-11
 3.64217506446008e+05  1.10317141441033e-12  1.24341664408959e-11
 3.68351643863102e+05  1.46252040151863e-12  1.27889318028716e-11
 3.72485781280196e+05  6.37978664628529e-12  1.31249378909998e-11
 3.76619918697291e+05  9.64010374598779e-12  1.34362265546467e-11
 3.80754056114385e+05  7.79027963515919e-12  1.37176755248185e-11
 3.84888193531479e+05  5.59008282042017e-12  1.39651028413348e-11
 3.89022330948574e+05  6.52222920129888e-12  1.41753230627933e-11
 3.93156468365668e+05  5.79005738017420e-12  1.43461552296762e-11
 3.97290605782762e+05  9.98206904471243e-13  1.44763851583487e-11
 4.01424743199857e+05 -1.61349537417037e-12  1.45656870426738e-11
 4.05558880616951e+05  1.96006148883046e-12  1.46145113981776e-11
 4.09693018034045e+05  6.05583033803605e-12  1.46239479897460e-11
 4.13827155451140e+05  5.48996717330805e-12  1.45955734530802e-11
 4.17961292868234e+05  5.28367942495605e-12  1.45312937999866e-11
 4.22095430285328e+05  9.71491717825272e-12  1.44331918697387e-11
 4.26229567702423e+05  1.28999378493376e-11  1.43033890700171e-11
 4.30363705119517e+05  9.65558763107610e-12  1.41439294926856e-11
 4.34497842536611e+05  5.19854952406988e-12  1.39566927732449e-11
 4.38631979953706e+05  6.32716064081928e-12  1.37433399962713e-11
 4.42766117370800e+05  9.48280397601494e-12  1.35052946593059e-11
 4.46900254787894e+05  8.83889938870805e-12  1.32437583336757e-11
 4.51034392204988e+05  7.91888866743441e-12  1.29597583451214e-11
 4.55168529622083e+05  1.16008515546123e-11  1.26542226783540e-11
 4.59302667039177e+05  1.55980343096349e-11  1.23280755129530e-11
 4.63436804456271e+05  1.27890113596222e-11  1.19823454295896e-11
 4.67570941873366e+05  6.39256895392126e-12  1.16182774647951e-11
 4.71705079290460e+05  4.93772969873386e-12  1.12374398894505e-11
 4.75839216707554e+05  7.15103979152344e-12  1.08418168566722e-11
 4.79973354124649e+05  6.04829497232968e-12  1.04338788918903e-11
 4.84107491541743e+05  2.82716097634340e-12  1.00166245307700e-11
 4.88241628958837e+05  5.20687394246931e-12  9.59358816986044e-12
 4.92375766375932e+05  1.22457157506111e-11  9.16881127502806e-12
 4.96509903793026e+05  1.42681413455280e-11  8.74677637072067e-12
 5.00644041210120e+05  1.05311129427408e-11  8.33230557355793e-12
 5.04778178627215e+05  9.35226757753103e-12  7.93042769806796e-12
 5.08912316044309e+05  1.15155122814404e-11  7.54622001635805e-12
 5.13046453461403e+05  8.87143506807190e-12  7.18463247518931e-12
 5.17180590878498e+05  1.30777947160413e-12  6.85030346045355e-12
 5.21314728295592e+05 -1.79679233818225e-13  6.54737697293866e-12
 5.25448865712686e+05  6.12645152567058e-12  6.27933129233066e-12
 5.29583003129780e+05  9.33608943351026e-12  6.04882884294020e-12
 5.33717140546875e+05  5.88150223084976e-12  5.85759605188985e-12
 5.37851277963969e+05  4.29010153145836e-12  5.70634055768783e-12
 5.41985415381063e+05  7.66948154685000e-12  5.59471126281709e-12
 5.46119552798158e+05  6.93622663419275e-12  5.52130453101198e-12
 5.50253690215252e+05 -2.24243878465358e-13  5.48371743005147e-12
 5.54387827632346e+05 -3.33672673412216e-12  5.47864644730763e-12
 5.58521965049441e+05  1.55299800963791e-12  5.50202769549145e-12
 5.62656102466535e+05  5.71804884084330e-12  5.54921241345810e-12
 5.66790239883629e+05  4.10871680058716e-12  5.61516967409597e-12
 5.70924377300724e+05  4.57795724562972e-12  5.69470674235245e-12
 5.75058514717818e+05  1.14252651939618e-11  5.78269656168209e-12
 5.79192652134912e+05  1.51831730004564e-11  5.87430143875604e-12
 5.83326789552007e+05  9.81042055828091e-12  5.96518216490603e-12
 5.87460926969101e+05  3.05927968039339e-12  6.05168254766762e-12
 5.91595064386195e+05  3.25189203839692e-12  6.13098058446662e-12
 5.95729201803289e+05  5.58429609474295e-12  6.20119922218835e-12
 5.99863339220384e+05  3.06546169922261e-12  6.26147171571935e-12
 6.03997476637478e+05  1.78416612116920e-12  6.31195891154710e-12
 6.08131614054572e+05  8.33688662516982e-12  6.35381821240353e-12
 6.12265751471667e+05  1.56760614476463e-11  6.38912639442055e-12
 6.16399888888761e+05  1.39965979761227e-11  6.42076071970417e-12
 6.20534026305855e+05  7.99707464506095e-12  6.45224479480236e-12
 6.24668163722950e+05  8.79129292365896e-12  6.48756726544001e-12
 6.28802301140044e+05  1.25676760278515e-11  6.53098262774518e-12
 6.32936438557138e+05  9.62509809681937e-12  6.58680411973798e-12
 6.37070575974233e+05  4.48580242656060e-12  6.65919880672379e-12
 6.41204713391327e+05  7.92237577878718e-12  6.75199459248133e-12
 6.45338850808421e+05  1.67777891584155e-11  6.86850800668112e-12
 6.49472988225516e+05  1.83571293938870e-11  7.01140029644109e-12
 6.53607125642610e+05  1.41322689257947e-11  7.18256766827854e-12
 6.57741263059704e+05  1.46753492255703e-11  7.38306958655698e-12
 6.61875400476799e+05  1.72791632076141e-11  7.61309694843334e-12
 6.66009537893893e+05  1.20359730348476e-11  7.87197984179352e-12
 6.70143675310987e+05  1.99257692617720e-12  8.15823256920363e-12
 6.74277812728081e+05  6.15226965174460e-13  8.46963179705952e-12
 6.78411950145176e+05  7.96910266493543e-12  8.80332216082501e-12
 6.82546087562270e+05  1.12570666915539e-11  9.15594250107916e-12
 6.86680224979364e+05  8.90320390369519e-12  9.52376517490176e-12
 6.90814362396459e+05  1.00144373704810e-11  9.90284061045613e-12
 6.94948499813553e+05  1.55224743690976e-11  1.02891394507948e-11
 6.99082637230647e+05  1.50534975882190e-11  1.06786852402590e-11
 7.03216774647742e+05  6.39772248321550e-12  1.10676715936556e-11
 7.07350912064836e+05  1.51095742418202e-12  1.14525590837411e-11
 7.11485049481930e+05  4.50186686192911e-12  1.18301485992523e-11
 7.15619186899025e+05  6.19802618779566e-12  1.21976295652201e-11
 7.19753324316119e+05  2.19969768971552e-12  1.25526030765508e-11
 7.23887461733213e+05  1.52287818074791e-12  1.28930815725377e-11
 7.28021599150308e+05  9.59301496983847e-12  1.32174680794668e-11
 7.32155736567402e+05  1.45189439907027e-11  1.35245191887195e-11
 7.36289873984496e+05  8.13540538480726e-12  1.38132967545401e-11
 7.40424011401591e+05  2.44200130777283e-13  1.40831137455767e-11
 7.44558148818685e+05  4.61113205005010e-13  1.43334797477391e-11
 7.48692286235779e+05  2.55934624276789e-12  1.45640512975678e-11
 7.52826423652873e+05 -1.84117235187893e-12  1.47745915533380e-11
 7.56960561069968e+05 -3.76712939203837e-12  1.49649428359943e-11
 7.61094698487062e+05  5.45066330240176e-12  1.51350143622168e-11
 7.65228835904156e+05  1.50247962625711e-11  1.52847861302147e-11
 7.69362973321251e+05  1.35907560049232e-11  1.54143284973075e-11
 7.73497110738345e+05  8.04788221770299e-12  1.55238356016597e-11
 7.77631248155439e+05  1.01696883308715e-11  1.56136695215606e-11
 7.81765385572534e+05  1.34393843777267e-11  1.56844110185480e-11
 7.85899522989628e+05  6.88900874578428e-12  1.57369119465763e-11
 7.90033660406722e+05 -1.01588609826140e-12  1.57723439816077e-11
 7.94167797823817e+05  2.00078312278009e-12  1.57922382671246e-11
 7.98301935240911e+05  1.10611592877910e-11  1.57985108904494e-11
 8.02436072658005e+05  1.33719355787320e-11  1.57934697887174e-11
 8.06570210075100e+05  1.11102450705555e-11  1.57797996949935e-11
 8.10704347492194e+05  1.51336058515369e-11  1.57605230169941e-11
 8.14838484909288e+05  2.04700635489337e-11  1.57389360185540e-11
 8.18972622326383e+05  1.59076441245595e-11  1.57185212595517e-11
 8.23106759743477e+05  5.68101152551578e-12  1.57028388480701e-11
 8.27240897160571e+05  4.17874438670676e-12  1.56954005714526e-11
 8.31375034577666e+05  1.23556966214820e-11  1.56995323061268e-11
 8.35509171994760e+05  1.59776633001861e-11  1.57182311748674e-11
 8.39643309411854e+05  1.31974751360985e-11  1.57540246531871e-11
 8.43777446828948e+05  1.54849436896910e-11  1.58088391714367e-11
 8.47911584246043e+05  2.32797108173642e-11  1.58838856847580e-11
 8.52045721663137e+05  2.35612982533058e-11  1.59795691820555e-11
 8.56179859080231e+05  1.27729491832470e-11  1.60954281942930e-11
 8.60313996497326e+05  5.85350055800509e-12  1.62301090822131e-11
 8.64448133914420e+05  8.35461853782532e-12  1.63813782958053e-11
 8.68582271331514e+05  7.73549870907136e-12  1.65461739825568e-11
 8.72716408748609e+05  7.78696257953828e-13  1.67206963726884e-11
 8.76850546165703e+05  6.69135388788141e-13  1.69005343899424e-11
 8.80984683582797e+05  1.25040954199750e-11  1.70808240317875e-11
 8.85118820999892e+05  1.99685429371496e-11  1.72564323367451e-11
 8.89252958416986e+05  1.36612687131656e-11  1.74221593033674e-11
 8.93387095834080e+05  7.17586422045006e-12  1.75729490271767e-11
 8.97521233251175e+05  8.73429861101904e-12  1.77041006413809e-11
 9.01655370668269e+05  8.44268970450346e-12  1.78114694266840e-11
 9.05789508085363e+05 -1.73288259912686e-14  1.78916487124111e-11
 9.09923645502458e+05 -4.25388820375160e-12  1.79421239185248e-11
 9.14057782919552e+05  4.36816389207522e-12  1.79613912539176e-11
 9.18191920336646e+05  1.22736382794808e-11  1.79490351355463e-11
 9.22326057753740e+05  9.21847552155831e-12  1.79057602504279e-11
 9.26460195170835e+05  4.39633288070885e-12  1.78333762564143e-11
 9.30594332587929e+05  7.30357596669130e-12  1.77347353052431e-11
 9.34728470005023e+05  9.75558804085643e-12  1.76136247631575e-11
 9.38862607422118e+05  1.02866005604156e-12  1.74746195911099e-11
 9.42996744839212e+05 -8.71973281190715e-12  1.73229007237533e-11
 9.47130882256306e+05 -6.10131597144594e-12  1.71640473608863e-11
 9.51265019673401e+05  3.22469678639961e-12  1.70038122786253e-11
 9.55399157090495e+05  6.86896382946712e-12  1.68478900222124e-11
 9.59533294507589e+05  6.96266646884104e-12  1.67016881219823e-11
 9.63667431924684e+05  1.44050043918928e-11  1.65701112673302e-11
 9.67801569341778e+05  2.28601181056081e-11  1.64573676931941e-11
 9.71935706758872e+05  1.83226369647853e-11  1.63668059170878e-11
 9.76069844175967e+05  6.41746375815179e-12  1.63007884702949e-11
 9.80203981593061e+05  3.48936038718653e-12  1.62606074723794e-11
 9.84338119010155e+05  1.00275335874489e-11  1.62464448950867e-11
 9.88472256427250e+05  1.08595282039775e-11  1.62573782518466e-11
 9.92606393844344e+05  5.90159649428664e-12  1.62914303381364e-11
 9.96740531261438e+05  9.87306725528872e-12  1.63456596408556e-11
 1.00087466867853e+06  2.07489824677948e-11  1.64162862297104e-11
 1.00500880609563e+06  2.27635238072651e-11  1.64988464275056e-11
 1.00914294351272e+06  1.39366982864590e-11  1.65883684002363e-11
 1.01327708092982e+06  9.65769861174120e-12  1.66795600638941e-11
 1.01741121834691e+06  1.35594792018290e-11  1.67670004032675e-11
 1.02154535576400e+06  1.18533006941341e-11  1.68453254461759e-11
 1.02567949318110e+06  4.53023225294130e-12  1.69094007186646e-11
 1.02981363059819e+06  6.43968841360679e-12  1.69544729853343e-11
 1.03394776801529e+06  2.01103253944273e-11  1.69762953966420e-11
 1.03808190543238e+06  2.91219329943003e-11  1.69712217478460e-11
 1.04221604284948e+06  2.45028532822136e-11  1.69362673157889e-11
 1.04635018026657e+06  1.89489074813623e-11  1.68691355854194e-11
 1.05048431768366e+06  1.94030751243251e-11  1.67682120103213e-11
 1.05461845510076e+06  1.61476310786281e-11  1.66325276750401e-11
 1.05875259251785e+06  4.45138610115316e-12  1.64616972530390e-11
 1.06288672993495e+06 -3.67222210262141e-12  1.62558369052723e-11
 1.06702086735204e+06  1.94992721494531e-12  1.60154686785987e-11
 1.07115500476914e+06  9.52172466608945e-12  1.57414184965037e-11
 1.07528914218623e+06  7.46744843893359e-12  1.54347149632532e-11
 1.07942327960332e+06  4.48721335671072e-12  1.50964959242252e-11
 1.08355741702042e+06  1.02030171061343e-11  1.47279290585438e-11
 1.08769155443751e+06  1.57429009337237e-11  1.43301517642058e-11
 1.09182569185461e+06  7.48503480111249e-12  1.39042342874648e-11
 1.09595982927170e+06 -4.81021209509587e-12  1.34511685189759e-11
 1.10009396668880e+06 -3.93003075431758e-12  1.29718832122565e-11
 1.10422810410589e+06  4.27012058263544e-12  1.24672846648809e-11
 1.10836224152298e+06  5.72665270270694e-12  1.19383202321262e-11
 1.11249637894008e+06  3.83723649011016e-12  1.13860605059014e-11
 1.11663051635717e+06  1.13789274561794e-11  1.08117946721178e-11
 1.12076465377427e+06  2.08052846381838e-11  1.02171325289899e-11
 1.12489879119136e+06  1.45469487474671e-11  9.60410596465727e-12
 1.12903292860846e+06 -2.76011989665840e-13  8.97526239493462e-12
 1.13316706602555e+06 -5.04123908565352e-12  8.33374277164809e-12
 1.13730120344264e+06 -4.89183589825382e-13  7.68333728906216e-12
 1.14143534085974e+06 -2.05773271711679e-12  7.02851281994314e-12
 1.14556947827683e+06 -8.43766280036377e-12  6.37440736429123e-12
 1.14970361569393e+06 -2.42569845931242e-12  5.72678833497771e-12
 1.15383775311102e+06  1.31011970682217e-11  5.09197326338625e-12
 1.15797189052812e+06  1.97423762233964e-11  4.47671340059347e-12
 1.16210602794521e+06  1.49059303032232e-11  3.88804262473065e-12
 1.16624016536231e+06  1.32718613103293e-11  3.33309594810011e-12
 1.17037430277940e+06  1.87903078341150e-11  2.81890365566605e-12
 1.17450844019649e+06  1.63999319134721e-11  2.35216861215208e-12
 1.17864257761359e+06  5.53424964921113e-12  1.93903547083310e-12
 1.18277671503068e+06  4.64324266785932e-12  1.58486133943045e-12
 1.18691085244778e+06  1.80655990194147e-11  1.29399786025236e-12
 1.19104498986487e+06  2.79664150273302e-11  1.06959461477647e-12
 1.19517912728197e+06  2.28955293125898e-11  9.13433259782395e-13
 1.19931326469906e+06  1.75221780759242e-11  8.25800856282196e-13
 1.20344740211615e+06  2.12864307360605e-11  8.05409497904812e-13
 1.20758153953325e+06  1.97314270167526e-11  8.49367635206546e-13
 1.21171567695034e+06  6.10437601357884e-12  9.53206496854323e-13
 1.21584981436744e+06 -3.28287013371973e-12  1.11096281152675e-12
 1.21998395178453e+06  4.57399493129530e-12  1.31531673019479e-12
 1.22411808920163e+06  1.47338064967350e-11  1.55778153727216e-12
 1.22825222661872e+06  1.29366312474646e-11  1.82893952287646e-12
 1.23238636403581e+06  1.31120584887360e-11  2.11871636615953e-12
 1.23652050145291e+06  2.53520691963778e-11  2.41668464261541e-12
 1.24065463887000e+06  3.38678690583101e-11  2.71238569660344e-12
 1.24478877628710e+06  2.32935803959338e-11  2.99565817853564e-12
 1.24892291370419e+06  7.50977685631742e-12  3.25696108069788e-12
 1.25305705112129e+06  6.21464754094955e-12  3.48767914231894e-12
 1.25719118853838e+06  9.58759914927115e-12  3.68039903736026e-12
 1.26132532595547e+06  3.84578796566835e-12  3.82914578923494e-12
 1.26545946337257e+06 -1.24986280038965e-12  3.92957033547374e-12
 1.26959360078966e+06  7.09338645399318e-12  3.97908103244760e-12
 1.27372773820676e+06  1.75557150053997e-11  3.97691406801051e-12
 1.27786187562385e+06  1.09139526560417e-11  3.92414014694254e-12
 1.28199601304095e+06 -3.13519381826804e-12  3.82360732820148e-12
 1.28613015045804e+06 -5.15571099628218e-12  3.67982241662270e-12
 1.29026428787513e+06 -5.02383747665446e-13  3.49877573606018e-12
 1.29439842529223e+06 -4.64307004255045e-12  3.28771633113059e-12
 1.29853256270932e+06 -1.28027661058143e-11  3.05488656423908e-12
 1.30266670012642e+06 -5.66345693559310e-12  2.80922661034528e-12
 1.30680083754351e+06  1.21841946766989e-11  2.56006043709870e-12
 1.31093497496061e+06  1.88064606277558e-11  2.31677544622326e-12
 1.31506911237770e+06  1.41570840347253e-11  2.08850801893469e-12
 1.31920324979479e+06  1.39860580358206e-11  1.88384675277772e-12
 1.32333738721189e+06  1.84874285217268e-11  1.71056422235859e-12
 1.32747152462898e+06  1.06710114241482e-11  1.57538668759038e-12
 1.33160566204608e+06 -6.89416826062707e-12  1.48380937632102e-12
 1.33573979946317e+06 -1.02213113775870e-11  1.43996286780327e-12
 1.33987393688027e+06  2.44732817312359e-12  1.44653379727326e-12
 1.34400807429736e+06  1.03426659898799e-11  1.50474069751658e-12
 1.34814221171445e+06  6.68701628190608e-12  1.61436340249898e-12
 1.35227634913155e+06  7.79999068676886e-12  1.77382217201637e-12
 1.35641048654864e+06  1.86571923334156e-11  1.98030065986303e-12
 1.36054462396574e+06  1.99079930008337e-11  2.22990513475897e-12
 1.36467876138283e+06  7.95304933037562e-12  2.51785105127609e-12
 1.36881289879993e+06  2.38769348653279e-12  2.83866721553006e-12
 1.37294703621702e+06  1.10539942377645e-11  3.18640743307825e-12
 1.37708117363412e+06  1.85801575435104e-11  3.55485967561467e-12
 1.38121531105121e+06  1.58479109698116e-11  3.93774344478252e-12
 1.38534944846830e+06  1.88310970081709e-11  4.32888710715170e-12
 1.38948358588540e+06  3.36709349728495e-11  4.72237846286891e-12
 1.39361772330249e+06  4.11446024619725e-11  5.11268361033621e-12
 1.39775186071959e+06  2.99449095570642e-11  5.49473118345665e-12
 1.40188599813668e+06  1.42599507164500e-11  5.86396115802011e-12
 1.40602013555378e+06  1.03827370540125e-11  6.21633953578619e-12
 1.41015427297087e+06  9.48434099082935e-12  6.54834220495968e-12
 1.41428841038796e+06  9.53697470834204e-13  6.85691303607781e-12
 1.41842254780506e+06 -2.87399838740668e-12  7.13940270677128e-12
 1.42255668522215e+06  8.22503461469014e-12  7.39349577807423e-12
 1.42669082263925e+06  2.16502704621132e-11  7.61713411081829e-12
 1.43082496005634e+06  2.00236198675021e-11  7.80844477940107e-12
 1.43495909747344e+06  1.13560251743938e-11  7.96568020492295e-12
 1.43909323489053e+06  1.28350821211910e-11  8.08717731076337e-12
 1.44322737230762e+06  1.66938339655576e-11  8.17134114778864e-12
 1.44736150972472e+06  8.74330849699703e-12  8.21665671576640e-12
 1.45149564714181e+06 -3.10561530036465e-12  8.22173071457722e-12
 1.45562978455891e+06 -3.98873920946590e-13  8.18536280335101e-12
 1.45976392197600e+06  1.29275102346925e-11  8.10664374822217e-12
 1.46389805939310e+06  1.63789956362391e-11  7.98507572545069e-12
 1.46803219681019e+06  1.10565647696128e-11  7.82070813993338e-12
 1.47216633422728e+06  1.11524578800589e-11  7.61428073485118e-12
 1.47630047164438e+06  1.32887482018780e-11  7.36736460677661e-12
 1.48043460906147e+06  2.71934411023092e-12  7.08249108182983e-12
 1.48456874647857e+06 -1.64694538757432e-11  6.76325830702815e-12
 1.48870288389566e+06 -2.16162569941483e-11  6.41440589258971e-12
 1.49283702131276e+06 -1.07553537042417e-11  6.04184900043251e-12
 1.49697115872985e+06 -2.90034564763659e-12  5.65266487503091e-12
 1.50110529614694e+06 -2.72479093654720e-12  5.25502688837731e-12
 1.50523943356404e+06  2.98781314108085e-12  4.85808362696409e-12
 1.50937357098113e+06  1.72603963476541e-11  4.47178326820344e-12
 1.51350770839823e+06  2.20700489588314e-11  4.10664634180512e-12
 1.51764184581532e+06  1.16592953203215e-11  3.77349280270325e-12
 1.52177598323242e+06  3.96907650626437e-12  3.48313200728294e-12
 1.52591012064951e+06  7.44539986011998e-12  3.24602653906831e-12
 1.53004425806660e+06  9.87846449526542e-12  3.07194274097435e-12
 1.53417839548370e+06  3.77738612954036e-12  2.96960216530549e-12
 1.53831253290079e+06  4.07611899705977e-12  2.94634886178869e-12
 1.54244667031789e+06  1.92140524541728e-11  3.00784743098927e-12
 1.54658080773498e+06  2.99257662131503e-11  3.15782605280289e-12
 1.55071494515208e+06  2.22770513805941e-11  3.39787727088779e-12
 1.55484908256917e+06  9.42622160568157e-12  3.72732722422618e-12
 1.55898321998627e+06  7.70511919332759e-12  4.14318135138712e-12
 1.56311735740336e+06  9.23854278435501e-12  4.64015146737263e-12
 1.56725149482045e+06  1.94141605591110e-12  5.21076566904880e-12
 1.57138563223755e+06 -1.11701954747790e-12  5.84555892384784e-12
 1.57551976965464e+06  1.28784310992962e-11  6.53333860934579e-12
 1.57965390707174e+06  3.03640396861410e-11  7.26151587332845e-12
 1.58378804448883e+06  3.29137259786624e-11  8.01649064275812e-12
 1.58792218190593e+06  2.73932169129324e-11  8.78407557926108e-12
 1.59205631932302e+06  3.07309758791408e-11  9.54994238832929e-12
 1.59619045674011e+06  3.42853079315973e-11  1.03000727397271e-11
 1.60032459415721e+06  2.20494728364876e-11  1.10211957124470e-11
 1.60445873157430e+06  4.06062553264055e-12  1.17011941644511e-11
 1.60859286899140e+06  1.24285689460664e-12  1.23294637300083e-11
 1.61272700640849e+06  1.13243577368632e-11  1.28972102095074e-11
 1.61686114382559e+06  1.40438040182588e-11  1.33976738438559e-11
 1.62099528124268e+06  9.56508505195460e-12  1.38262722297252e-11
 1.62512941865977e+06  1.31427951117584e-11  1.41806572771242e-11
 1.62926355607687e+06  1.98884598673178e-11  1.44606854613926e-11
 1.63339769349396e+06  1.21386456028195e-11  1.46683044908901e-11
 1.63753183091106e+06 -6.88891791754650e-12  1.48073632110511e-11
 1.64166596832815e+06 -1.31944441458845e-11  1.48833549145860e-11
 1.64580010574525e+06 -3.09397621164726e-12  1.49031070635035e-11
 1.64993424316234e+06  2.44431219156715e-12  1.48744326137422e-11
 1.65406838057943e+06 -6.71814341792768e-13  1.48057595631860e-11
 1.65820251799653e+06  4.35540901063684e-12  1.47057559524321e-11
 1.66233665541362e+06  1.99439633146171e-11  1.45829673106657e-11
 1.66647079283072e+06  2.45496727244704e-11  1.44454824751287e-11
 1.67060493024781e+06  1.07385635061765e-11  1.43006418831195e-11
 1.67473906766491e+06 -6.81102564691204e-13  1.41547999403671e-11
 1.67887320508200e+06 -9.06897657867405e-13  1.40131500430141e-11
 1.68300734249909e+06 -4.79715562484916e-12  1.38796174331086e-11
 1.68714147991619e+06 -1.69453639942283e-11  1.37568214788054e-11
 1.69127561733328e+06 -1.80183320574228e-11  1.36461053784974e-11
 1.69540975475038e+06  3.06361512392221e-13  1.35476278799774e-11
 1.69954389216747e+06  1.49721582719115e-11  1.34605085579439e-11
 1.70367802958457e+06  1.12102525487877e-11  1.33830156615718e-11
 1.70781216700166e+06  4.34039352649095e-12  1.33127836562530e-11
 1.71194630441875e+06  7.78340377681323e-12  1.32470464323933e-11
 1.71608044183585e+06  1.02188844963549e-11  1.31828717916135e-11
 1.72021457925294e+06  7.50342069399785e-13  1.31173832566567e-11
 1.72434871667004e+06 -4.34074631963073e-12  1.30479564520643e-11
 1.72848285408713e+06  8.82090672598178e-12  1.29723791937201e-11
 1.73261699150423e+06  2.48385991010033e-11  1.28889668946999e-11
 1.73675112892132e+06  2.67584532696114e-11  1.27966277999971e-11
 1.74088526633841e+06  2.35355157412217e-11  1.26948757376976e-11
 1.74501940375551e+06  3.03056743537309e-11  1.25837913393708e-11
 1.74915354117260e+06  3.52748205077649e-11  1.24639358540238e-11
 1.75328767858970e+06  2.12544477356866e-11  1.23362245797784e-11
 1.75742181600679e+06  1.60786497364746e-12  1.22017694034286e-11
 1.76155595342389e+06 -1.26391604366997e-12  1.20617018323886e-11
 1.76569009084098e+06  8.68098268296449e-12  1.19169891206887e-11
 1.76982422825808e+06  1.21627787012351e-11  1.17682565629313e-11
 1.77395836567517e+06  1.18694588644534e-11  1.16156287314585e-11
 1.77809250309226e+06  2.31770635453278e-11  1.14586013791972e-11
 1.78222664050936e+06  3.63098199006854e-11  1.12959539829151e-11
 1.78636077792645e+06  3.11944387517168e-11  1.11257105566668e-11
 1.79049491534355e+06  1.39830834518188e-11  1.09451535542587e-11
 1.79462905276064e+06  8.02941229950248e-12  1.07508925601149e-11
 1.79876319017774e+06  1.41798764172999e-11  1.05389862148414e-11
 1.80289732759483e+06  1.25095481249303e-11  1.03051126176794e-11
 1.80703146501192e+06  4.31191265136228e-12  1.00447804734999e-11
 1.81116560242902e+06  8.26281553301196e-12  9.75357067510136e-12
 1.81529973984611e+06  2.27848445639431e-11  9.42739597889530e-12
 1.81943387726321e+06  2.65214128207926e-11  9.06276506067413e-12
 1.82356801468030e+06  1.41185736341006e-11  8.65703660858709e-12
 1.82770215209740e+06  4.22452103890441e-12  8.20864926295254e-12
 1.83183628951449e+06  2.24142797627100e-12  7.71731414408694e-12
 1.83597042693158e+06 -6.18964689828867e-12  7.18415837437182e-12
 1.84010456434868e+06 -2.10463806112960e-11  6.61181031321994e-12
 1.84423870176577e+06 -2.27330492843688e-11  6.00442006180101e-12
 1.84837283918287e+06 -4.90147266789352e-12  5.36761200783705e-12
 1.85250697659996e+06  1.05709699559135e-11  4.70836959797346e-12
 1.85664111401706e+06  9.53924367882590e-12  4.03485596387483e-12
 1.86077525143415e+06  6.18677667517678e-12  3.35617730406342e-12
 1.86490938885124e+06  1.06109261182182e-11  2.68209886187703e-12
 1.86904352626834e+06  1.04156244775886e-11  2.02272578382245e-12
 1.87317766368543e+06 -3.36515308113923e-12  1.38816296236451e-12
 1.87731180110253e+06 -1.38848639545609e-11  7.88169067018043e-13
 1.88144593851962e+06 -6.31920246687253e-12  2.31820290773027e-13
 1.88558007593672e+06  4.79979306724354e-12 -2.72801129281945e-13
 1.88971421335381e+06  4.95642608615508e-12 -7.18879789515124e-13
 1.89384835077090e+06  4.86556396077564e-12 -1.10108949320521e-12
 1.89798248818800e+06  1.62455491106703e-11 -1.41575573076668e-12
 1.90211662560509e+06  2.47069853446800e-11 -1.66095184158958e-12
 1.90625076302219e+06  1.31102791252648e-11 -1.83652568655796e-12
 1.91038490043928e+06 -4.35508972950084e-12 -1.94405703019960e-12
 1.91451903785638e+06 -6.35538655755005e-12 -1.98674913751467e-12
 1.91865317527347e+06  1.87760412971866e-12 -1.96926115899047e-12
 1.92278731269056e+06  5.16712609762061e-12 -1.89749054892099e-12
 1.92692145010766e+06  8.13545226955017e-12 -1.77831690151605e-12
 1.93105558752475e+06  2.34259308624914e-11 -1.61932009164529e-12
 1.93518972494185e+06  3.99466321481676e-11 -1.42848640424528e-12
 1.93932386235894e+06  3.83016787776249e-11 -1.21391639998205e-12
 1.94345799977604e+06  2.47785590179934e-11 -9.83547607170368e-13
 1.94759213719313e+06  1.90556106440919e-11 -7.44903803708660e-13
 1.95172627461023e+06  2.13818066183725e-11 -5.04880746589924e-13
 1.95586041202732e+06  1.58953939242310e-11 -2.69575840227707e-13
 1.95999454944441e+06  5.03607652222214e-12 -4.41665520063614e-14
 1.96412868686151e+06  7.85993964749819e-12  1.67160456984964e-13
 1.96826282427860e+06  2.35918032498612e-11  3.61230351049444e-13
 1.97239696169570e+06  3.15971459499930e-11  5.35854817845872e-13
 1.97653109911279e+06  2.52032325962964e-11  6.89766320429742e-13
 1.98066523652989e+06  1.95509430685600e-11  8.22519679533956e-13
 1.98479937394698e+06  1.95843183215190e-11  9.34370118509173e-13
 1.98893351136407e+06  1.06452949384447e-11  1.02613764997979e-12
 1.99306764878117e+06 -7.01513644297585e-12  1.09906779189492e-12
 1.99720178619826e+06 -1.17072579607858e-11  1.15469808223359e-12
 2.00133592361536e+06  3.29872908427821e-12  1.19473876400567e-12
 2.00547006103245e+06  1.69104940361293e-11  1.22097441810187e-12
 2.00960419844955e+06  1.56193415544169e-11  1.23519134235467e-12
 2.01373833586664e+06  1.36424346452488e-11  1.23913324481750e-12
 2.01787247328373e+06  1.93576222005754e-11  1.23448548532940e-12
 2.02200661070083e+06  1.73320098332321e-11  1.22288581464216e-12
 2.02614074811792e+06 -3.80368953067398e-14  1.20595747306832e-12
 2.03027488553502e+06 -1.48898506951952e-11  1.18535875561891e-12
 2.03440902295211e+06 -1.33515068133433e-11  1.16284184153886e-12
 2.03854316036921e+06 -8.09248447417297e-12  1.14031290776538e-12
 2.04267729778630e+06 -1.05055340638617e-11  1.11988534974815e-12
 2.04681143520339e+06 -8.61284586027158e-12  1.10391833350002e-12
 2.05094557262049e+06  6.02369622262827e-12  1.09503387658968e-12
 2.05507971003758e+06  1.70874720740063e-11  1.09610714331400e-12
 2.05921384745468e+06  8.47911942260430e-12  1.11022654756625e-12
 2.06334798487177e+06 -7.85124875943900e-12  1.14062246581235e-12
 2.06748212228887e+06 -1.21110869522508e-11  1.19056573157620e-12
 2.07161625970596e+06 -8.03872375943783e-12  1.26323945939299e-12
 2.07575039712305e+06 -8.31360236486638e-12  1.36158997536413e-12
 2.07988453454015e+06 -7.13437866136002e-12  1.48816456504445e-12
 2.08401867195724e+06  7.54137927336851e-12  1.64494525505094e-12
 2.08815280937434e+06  2.59191344023851e-11  1.83318881449954e-12
 2.09228694679143e+06  2.81068044692659e-11  2.05328351912789e-12
 2.09642108420853e+06  1.80777522365515e-11  2.30463292382870e-12
 2.10055522162562e+06  1.47669572046700e-11  2.58557593671290e-12
 2.10468935904271e+06  1.70723724308179e-11  2.89335091775060e-12
 2.10882349645981e+06  9.32490936628094e-12  3.22410941396323e-12
 2.11295763387690e+06 -4.03905975004158e-12  3.57298260152110e-12
 2.11709177129400e+06 -1.70332331381888e-12  3.93420067179810e-12
 2.12122590871109e+06  1.62510492385625e-11  4.30126243262558e-12
 2.12536004612819e+06  2.78916428362831e-11  4.66714946836771e-12
 2.12949418354528e+06  2.75420735352015e-11  5.02457648514142e-12
 2.13362832096238e+06  2.92670059321895e-11  5.36626712423524e-12
 2.13776245837947e+06  3.36280181396919e-11  5.68524270290492e-12
 2.14189659579656e+06  2.52695885180748e-11  5.97511015566722e-12
 2.14603073321366e+06  6.71513686193808e-12  6.23033498511728e-12
 2.15016487063075e+06  7.40696931415047e-13  6.44648533340160e-12
 2.15429900804785e+06  1.26548269591173e-11  6.62043435517069e-12
 2.15843314546494e+06  2.30373335316648e-11  6.75050986782237e-12
 2.16256728288204e+06  2.27478856268050e-11  6.83658269074931e-12
 2.16670142029913e+06  2.44070035545685e-11  6.88008803996290e-12
 2.17083555771622e+06  3.28464931082054e-11  6.88397766453188e-12
 2.17496969513332e+06  3.24780784017197e-11  6.85260392000982e-12
 2.17910383255041e+06  1.60671514978443e-11  6.79154048148563e-12
 2.18323796996751e+06 -2.25811409696331e-13  6.70734771229026e-12
 2.18737210738460e+06 -4.03174599535471e-12  6.60729363899416e-12
 2.19150624480170e+06 -4.49258177506432e-12  6.49904387293694e-12
 2.19564038221879e+06 -9.75428751256028e-12  6.39033552527923e-12
 2.19977451963588e+06 -8.49742368041705e-12  6.28865108483867e-12
 2.20390865705298e+06  7.35948486393920e-12  6.20090830647167e-12
 2.20804279447007e+06  2.08612210226436e-11  6.13318137979158e-12
 2.21217693188717e+06  1.47221846497420e-11  6.09046704784350e-12
 2.21631106930426e+06 -7.82061970831377e-13  6.07650700376542e-12
 2.22044520672136e+06 -7.10927451519302e-12  6.09367493285866e-12
 2.22457934413845e+06 -7.65268548714446e-12  6.14293314575474e-12
 2.22871348155554e+06 -1.42597093971531e-11  6.22386005070699e-12
 2.23284761897264e+06 -1.83875312503663e-11  6.33474594080456e-12
 2.23698175638973e+06 -6.57721001455089e-12  6.47275093288390e-12
 2.24111589380683e+06  1.02211387665529e-11  6.63411559019691e-12
 2.24525003122392e+06  1.30292446290082e-11  6.81441197497122e-12
 2.24938416864102e+06  6.34915980704401e-12  7.00882076604204e-12
 2.25351830605811e+06  6.16307889979130e-12  7.21241876059231e-12
 2.25765244347520e+06  7.63803166398377e-12  7.42046063368009e-12
 2.26178658089230e+06 -3.75176920192320e-12  7.62863928234184e-12
 2.26592071830939e+06 -1.95532179620595e-11  7.83331041000609e-12
 2.27005485572649e+06 -1.92850496698956e-11  8.03166914027154e-12
 2.27418899314358e+06 -3.67383778588578e-12  8.22186926905959e-12
 2.27832313056068e+06  9.18413988471294e-12  8.40307911441967e-12
 2.28245726797777e+06  1.49609290376445e-11  8.57547161632149e-12
 2.28659140539486e+06  2.35800410542079e-11  8.74015016685673e-12
 2.29072554281196e+06  3.19169192727805e-11  8.89901539796898e-12
 2.29485968022905e+06  2.64700828907805e-11  9.05458160566951e-12
 2.29899381764615e+06  1.03724038240139e-11  9.20975444903476e-12
 2.30312795506324e+06  3.15203619222436e-12  9.36758385776889e-12
 2.30726209248034e+06  1.09829775961825e-11  9.53100757905348e-12
 2.31139622989743e+06  1.87056748708504e-11  9.70260140245596e-12
 2.31553036731452e+06  1.91355039509029e-11  9.88435178027398e-12
 2.31966450473162e+06  2.35302178900283e-11  1.00774653215870e-11
 2.32379864214871e+06  3.57786492358196e-11  1.02822275457139e-11
 2.32793277956581e+06  4.06869778856817e-11  1.04979204474697e-11
 2.33206691698290e+06  2.88989255930624e-11  1.07228050087548e-11
 2.33620105440000e+06  1.43608780209177e-11  1.09541709788651e-11
 2.34033519181709e+06  9.27960695606777e-12  1.11884522542026e-11
 2.34446932923419e+06  5.73498854334148e-12  1.14214022431896e-11
 2.34860346665128e+06 -1.57712783621843e-12  1.16483199306044e-11
 2.35273760406837e+06  5.78921904556396e-14  1.18643141700119e-11
 2.35687174148547e+06  1.80374954066163e-11  1.20645912209877e-11
 2.36100587890256e+06  3.44043973578999e-11  1.22447488610853e-11
 2.36514001631966e+06  3.20592905705329e-11  1.24010596472896e-11
 2.36927415373675e+06  2.06177931269833e-11  1.25307261333405e-11
 2.37340829115385e+06  1.44243057160161e-11  1.26320920680035e-11
 2.37754242857094e+06  9.04790306617709e-12  1.27047957499585e-11
 2.38167656598803e+06 -3.55819083169066e-12  1.27498546894571e-11
 2.38581070340513e+06 -1.33035039133609e-11  1.27696743698916e-11
 2.38994484082222e+06 -7.89841468144176e-12  1.27679780193458e-11
 2.39407897823932e+06  3.26720762199149e-12  1.27496586700227e-11
 2.39821311565641e+06  5.78593853549902e-12  1.27205591623623e-11
 2.40234725307351e+06  2.85010807025240e-12  1.26871898976731e-11
 2.40648139049060e+06  4.51252902851376e-12  1.26563978251466e-11
 2.41061552790769e+06  5.48626963212894e-12  1.26350031564252e-11
 2.41474966532479e+06 -6.58211034664332e-12  1.26294224581578e-11
 2.41888380274188e+06 -2.43841445847913e-11  1.26452979502804e-11
 2.42301794015898e+06 -2.92163472685061e-11  1.26871529571552e-11
 2.42715207757607e+06 -1.86076245954178e-11  1.27580924997160e-11
 2.43128621499317e+06 -6.36848492956254e-12  1.28595660175945e-11
 2.43542035241026e+06  1.30374092155636e-12  1.29912062661832e-11
 2.43955448982735e+06  1.18979931428145e-11  1.31507546927631e-11
 2.44368862724445e+06  2.26837320001556e-11  1.33340792505024e-11
 2.44782276466154e+06  1.96664353799039e-11  1.35352858868320e-11
 2.45195690207864e+06  3.83597501845767e-12  1.37469200928171e-11
 2.45609103949573e+06 -6.86009412238385e-12  1.39602501814443e-11
 2.46022517691283e+06 -4.34057965800853e-12  1.41656196288090e-11
 2.46435931432992e+06 -1.46787736209552e-12  1.43528520978487e-11
 2.46849345174701e+06 -3.74890690307473e-12  1.45116898725591e-11
 2.47262758916411e+06  1.84157475730841e-12  1.46322445217754e-11
 2.47676172658120e+06  1.84341696925169e-11  1.47054377939355e-11
 2.48089586399830e+06  3.00098982406740e-11  1.47234110680564e-11
 2.48503000141539e+06  2.60694410101912e-11  1.46798831409635e-11
 2.48916413883249e+06  1.77810589577798e-11  1.45704386451110e-11
 2.49329827624958e+06  1.52373068268812e-11  1.43927328368689e-11
 2.49743241366667e+06  1.10185732875136e-11  1.41466026929343e-11
 2.50156655108377e+06  3.37262728885594e-12  1.38340789830226e-11
 2.50570068850086e+06  5.44223289315344e-12  1.34592990010717e-11
 2.50983482591796e+06  2.34119740434664e-11  1.30283246703043e-11
 2.51396896333505e+06  4.17204332760389e-11  1.25488755231049e-11
 2.51810310075215e+06  4.40477113166043e-11  1.20299903412929e-11
 2.52223723816924e+06  3.72614354708630e-11  1.14816347989234e-11
 2.52637137558634e+06  3.24804416940110e-11  1.09142750897272e-11
 2.53050551300343e+06  2.58941306418450e-11  1.03384391055843e-11
 2.53463965042052e+06  1.11796276252307e-11  9.76428717801325e-12
 2.53877378783762e+06 -3.21986708412940e-12  9.20121368003244e-12
 2.54290792525471e+06 -3.30379083021377e-12  8.65749895135670e-12
 2.54704206267181e+06  5.48747012226448e-12  8.14002815671337e-12
 2.55117620008890e+06  9.76836945708950e-12  7.65408997026418e-12
 2.55531033750600e+06  1.14752347312386e-11  7.20326360079775e-12
 2.55944447492309e+06  1.83562171548024e-11  6.78939786953748e-12
 2.56357861234018e+06  2.41824260414762e-11  6.41268108483550e-12
 2.56771274975728e+06  1.40472094578994e-11  6.07179559417112e-12
 2.57184688717437e+06 -6.11740728699296e-12  5.76414639569681e-12
 2.57598102459147e+06 -1.55051642343524e-11  5.48614930143385e-12
 2.58011516200856e+06 -1.13583427470748e-11  5.23356107047641e-12
 2.58424929942566e+06 -5.90032148612717e-12  5.00183183763804e-12
 2.58838343684275e+06 -2.79559621977592e-12  4.78645916116753e-12
 2.59251757425984e+06  6.13437769598791e-12  4.58332315382373e-12
 2.59665171167694e+06  1.66459549314955e-11  4.38898343364938e-12
 2.60078584909403e+06  1.24573580769419e-11  4.20092096161184e-12
 2.60491998651113e+06 -3.91056595148521e-12  4.01771109292058e-12
 2.60905412392822e+06 -1.58172231364110e-11  3.83911817663390e-12
 2.61318826134532e+06 -1.84595274325638e-11  3.66610657302640e-12
 2.61732239876241e+06 -2.19894907561333e-11  3.50076777055486e-12
 2.62145653617950e+06 -2.78012159493399e-11  3.34616810933681e-12
 2.62559067359660e+06 -2.14452406865878e-11  3.20612619060736e-12
 2.62972481101369e+06 -2.27064323455436e-12  3.08493312044790e-12
 2.63385894843079e+06  1.35623908608390e-11  2.98703207696868e-12
 2.63799308584788e+06  1.72575148797669e-11  2.91667611895012e-12
 2.64212722326498e+06  1.52169338872725e-11  2.87758453598009e-12
 2.64626136068207e+06  1.38621069882360e-11  2.87261829750610e-12
 2.65039549809916e+06  6.83120414727780e-12  2.90349427441040e-12
 2.65452963551626e+06 -4.69398933842560e-12  2.97055592701583e-12
 2.65866377293335e+06 -6.02706269607173e-12  3.07261518276523e-12
 2.66279791035045e+06  7.63751312545747e-12  3.20687642412527e-12
 2.66693204776754e+06  2.37416550348516e-11  3.36894907657038e-12
 2.67106618518464e+06  2.86517288912575e-11  3.55295046629939e-12
 2.67520032260173e+06  2.76816792341767e-11  3.75169566750484e-12
 2.67933446001882e+06  2.91313871634690e-11  3.95696624677115e-12
 2.68346859743592e+06  2.60380464837523e-11  4.15984539788408e-12
 2.68760273485301e+06  1.39323750923452e-11  4.35110318335509e-12
 2.69173687227011e+06  1.92037936747239e-12  4.52161266472561e-12
 2.69587100968720e+06  1.80439757157814e-12  4.66277577308625e-12
 2.70000514710430e+06  9.72367986175232e-12  4.76693695132141e-12
 2.70413928452139e+06  1.59061975883167e-11  4.82776293856495e-12
 2.70827342193849e+06  2.49310419992033e-11  4.84056855167053e-12
 2.71240755935558e+06  3.94276347148072e-11  4.80257087363425e-12
 2.71654169677267e+06  4.83926845393324e-11  4.71305775346596e-12
 2.72067583418977e+06  4.04617129453213e-11  4.57346077481985e-12
 2.72480997160686e+06  2.15710887741067e-11  4.38732764031464e-12
 2.72894410902396e+06  8.44493905992154e-12  4.16019399531168e-12
 2.73307824644105e+06  2.95627079950103e-12  3.89935981410433e-12
 2.73721238385815e+06 -2.33231253691145e-13  3.61358032733938e-12
 2.74134652127524e+06  5.10952450149979e-13  3.31268582932370e-12
 2.74548065869233e+06  7.80323142891889e-12  3.00714834132850e-12
 2.74961479610943e+06  1.65385833988278e-11  2.70761583390443e-12
 2.75374893352652e+06  1.54727106311395e-11  2.42443638754949e-12
 2.75788307094362e+06  6.05844874774535e-12  2.16719521177438e-12
 2.76201720836071e+06 -2.30770830953700e-12  1.94428682227135e-12
 2.76615134577781e+06 -8.73769955124007e-12  1.76254292939012e-12
 2.77028548319490e+06 -1.63966019487842e-11  1.62693381207384e-12
 2.77441962061199e+06 -2.39290577599441e-11  1.54035728605285e-12
 2.77855375802909e+06 -2.15162853853096e-11  1.50352501547781e-12
 2.78268789544618e+06 -7.20729559001992e-12  1.51495108979141e-12
 2.78682203286328e+06  7.47881371453599e-12  1.57104274197274e-12
 2.79095617028037e+06  1.47078786259849e-11  1.66628807942679e-12
 2.79509030769747e+06  1.38600164555568e-11  1.79353098980790e-12
 2.79922444511456e+06  7.72416880237671e-12  1.94431920859596e-12
 2.80335858253165e+06 -4.49066366990854e-12  2.10930810169756e-12
 2.80749271994875e+06 -2.04133752022061e-11  2.27870019240739e-12
 2.81162685736584e+06 -2.79344611922642e-11  2.44269896742381e-12
 2.81576099478294e+06 -2.24102960198424e-11  2.59195509602225e-12
 2.81989513220003e+06 -1.05118300769324e-11  2.71798389786232e-12
 2.82402926961713e+06 -1.09555435561109e-12  2.81353464888716e-12
 2.82816340703422e+06  5.16922604221680e-12  2.87289501819721e-12
 2.83229754445131e+06  1.25945926034116e-11  2.89211743056934e-12
 2.83643168186841e+06  1.62034758155828e-11  2.86915825903135e-12
 2.84056581928550e+06  1.17926429279590e-11  2.80392524983052e-12
 2.84469995670260e+06  3.65744443777318e-12  2.69823323182233e-12
 2.84883409411969e+06 -5.02828500757462e-13  2.55567272216135e-12
 2.85296823153679e+06  2.89297129992648e-12  2.38140027723353e-12
 2.85710236895388e+06  9.82173149963382e-12  2.18186313883772e-12
 2.86123650637097e+06  2.05619770404387e-11  1.96447370905321e-12
 2.86537064378807e+06  3.52274308837661e-11  1.73725151121008e-12
 2.86950478120516e+06  4.60334881480836e-11  1.50845146453868e-12
 2.87363891862226e+06  4.43968102649481e-11  1.28619747310645e-12
 2.87777305603935e+06  2.95165842339093e-11  1.07813951559547e-12
 2.88190719345645e+06  1.36105873124782e-11  8.91150682330409e-13
 2.88604133087354e+06  5.25193458983009e-12  7.31078049205902e-13
 2.89017546829063e+06  2.40026770153832e-12  6.02558054391047e-13
 2.89430960570773e+06  3.86436083951058e-12  5.08903335982260e-13
 2.89844374312482e+06  1.09361250870592e-11  4.52064001866587e-13
 2.90257788054192e+06  2.36530521535863e-11  4.32662253430789e-13
 2.90671201795901e+06  3.32446642952249e-11  4.50095387989631e-13
 2.91084615537611e+06  3.32238389516901e-11  5.02698665019998e-13
 2.91498029279320e+06  2.87944448661784e-11  5.87956519729584e-13
 2.91911443021030e+06  2.29631799622942e-11  7.02748293891907e-13
 2.92324856762739e+06  1.36085092639059e-11  8.43613138618321e-13
 2.92738270504448e+06  2.88125412931666e-13  1.00701809279918e-12
 2.93151684246158e+06 -7.49819721636430e-12  1.18961357297661e-12
 2.93565097987867e+06 -1.20106277276312e-12  1.38846159674735e-12
 2.93978511729577e+06  1.06009581786810e-11  1.60122392843166e-12
 2.94391925471286e+06  1.68421677964733e-11  1.82629986823329e-12
 2.94805339212996e+06  1.51030517220887e-11  2.06290645650051e-12
 2.95218752954705e+06  8.51437300761942e-12  2.31109725917910e-12
 2.95632166696414e+06 -2.79560448830995e-12  2.57171945059515e-12
 2.96045580438124e+06 -1.99535279099812e-11  2.84631242058374e-12
 2.96458994179833e+06 -3.25172701953202e-11  3.13695441588453e-12
 2.96872407921543e+06 -3.18645564170638e-11  3.44606660682773e-12
 2.97285821663252e+06 -2.23262360929714e-11  3.77618629988450e-12
 2.97699235404962e+06 -1.26459306219615e-11  4.12972267720827e-12
 2.98112649146671e+06 -4.91345412960756e-12  4.50870935563924e-12
 2.98526062888380e+06  5.90611711101234e-12  4.91456818113819e-12
 2.98939476630090e+06  1.44386406884042e-11  5.34789801430591e-12
 2.99352890371799e+06  1.13930047547274e-11  5.80830086431828e-12
 2.99766304113509e+06 -5.32762702147877e-13  6.29425567690968e-12
 3.00179717855218e+06 -1.18766540668771e-11  6.80304749497174e-12
 3.00593131596928e+06 -1.64751112617869e-11  7.33075673301555e-12
 3.01006545338637e+06 -1.69890025255100e-11  7.87231010242164e-12
 3.01419959080346e+06 -1.18575392986770e-11  8.42159146628709e-12
 3.01833372822056e+06  2.67725604218212e-12  8.97160776411889e-12
 3.02246786563765e+06  1.78745573593164e-11  9.51470229174863e-12
 3.02660200305475e+06  2.23740607338376e-11  1.00428051976375e-11
 3.03073614047184e+06  1.45190630784187e-11  1.05477091847087e-11
 3.03487027788894e+06  5.19358180242926e-12  1.10213571777188e-11
 3.03900441530603e+06  1.40712050841124e-12  1.14561281850889e-11
 3.04313855272312e+06 -6.34462383117736e-13  1.18451077687103e-11
 3.04727269014022e+06  8.45121057488365e-13  1.21823304151261e-11
 3.05140682755731e+06  9.92847243675385e-12  1.24629826200256e-11
 3.05554096497441e+06  2.52875917100294e-11  1.26835575661502e-11
 3.05967510239150e+06  3.88543058087741e-11  1.28419547760327e-11
 3.06380923980860e+06  4.46800589745487e-11  1.29375209186059e-11
 3.06794337722569e+06  4.63571687090838e-11  1.29710308925106e-11
 3.07207751464278e+06  4.23684605807351e-11  1.29446112442731e-11
 3.07621165205988e+06  2.92395640795026e-11  1.28616107549629e-11
 3.08034578947697e+06  1.14074322344905e-11  1.27264255044034e-11
 3.08447992689407e+06 -6.83681372600003e-13  1.25442877760291e-11
 3.08861406431116e+06  1.06711986491236e-12  1.23210297009854e-11
 3.09274820172826e+06  1.04825821348791e-11  1.20628334890549e-11
 3.09688233914535e+06  1.99774839803852e-11  1.17759804206962e-11
 3.10101647656245e+06  2.68417538753176e-11  1.14666104762330e-11
 3.10515061397954e+06  2.76054383534337e-11  1.11405035852156e-11
 3.10928475139663e+06  2.11703699771972e-11  1.08028920515621e-11
 3.11341888881373e+06  8.40059778850694e-12  1.04583118354726e-11
 3.11755302623082e+06 -2.62582002038739e-12  1.01104981593971e-11
 3.12168716364792e+06 -6.25803694350340e-12  9.76232847622607e-12
 3.12582130106501e+06 -5.72202017537240e-12  9.41581332495857e-12
 3.12995543848211e+06 -2.08811329506425e-12  9.07213313532718e-12
 3.13408957589920e+06  3.92190421206244e-12  8.73171675512846e-12
 3.13822371331629e+06  1.20227263621021e-11  8.39435547688839e-12
 3.14235785073339e+06  1.72771424100180e-11  8.05934473010473e-12
 3.14649198815048e+06  1.28535709916155e-11  7.72564445524654e-12
 3.15062612556758e+06  3.84599894873988e-13  7.39204853298037e-12
 3.15476026298467e+06 -1.69455968213794e-11  7.05735352612090e-12
 3.15889440040177e+06 -3.23031637384142e-11  6.72051739333565e-12
 3.16302853781886e+06 -3.89676009391625e-11  6.38079971650787e-12
 3.16716267523595e+06 -3.50513807243440e-11  6.03787628711821e-12
 3.17129681265305e+06 -2.12482608933888e-11  5.69192253967559e-12
 3.17543095007014e+06 -5.86159265874124e-12  5.34366220492000e-12
 3.17956508748724e+06  4.82277763722809e-12  4.99437957494950e-12
 3.18369922490433e+06  7.81719898845503e-12  4.64589581492443e-12
 3.18783336232143e+06  3.05707751952647e-12  4.30051171187752e-12
 3.19196749973852e+06 -2.86890190533327e-12  3.96092101828546e-12
 3.19610163715561e+06 -7.29720639046680e-12  3.63010003716964e-12
 3.20023577457271e+06 -8.76489928924936e-12  3.31118023472964e-12
 3.20436991198980e+06 -6.78234193539611e-12  3.00731140454745e-12
 3.20850404940690e+06 -7.46234396791886e-13  2.72152321587160e-12
 3.21263818682399e+06  1.14777729028525e-11  2.45659285287201e-12
 3.21677232424109e+06  2.32832261475490e-11  2.21492591074625e-12
 3.22090646165818e+06  2.88238537465068e-11  1.99845679880065e-12
 3.22504059907527e+06  2.65149653003503e-11  1.80857366968564e-12
 3.22917473649237e+06  1.69827212380101e-11  1.64607142276182e-12
 3.23330887390946e+06  4.82164570698120e-12  1.51113470388848e-12
 3.23744301132656e+06 -6.27703812828818e-12  1.40335113569706e-12
 3.24157714874365e+06 -7.40708996323781e-12  1.32175335432441e-12
 3.24571128616075e+06  5.27346581243345e-12  1.26488688940094e-12
 3.24984542357784e+06  2.34362479706457e-11  1.23089958391300e-12
 3.25397956099493e+06  3.82267699539735e-11  1.21764717662975e-12
 3.25811369841203e+06  4.44287349675617e-11  1.22280891329397e-12
 3.26224783582912e+06  4.51564564388457e-11  1.24400664682587e-12
 3.26638197324622e+06  4.10187718207420e-11  1.27892084451159e-12
 3.27051611066331e+06  2.97773055697048e-11  1.32539723508416e-12
 3.27465024808041e+06  1.75891315477171e-11  1.38153847521101e-12
 3.27878438549750e+06  1.00325635333666e-11  1.44577615074463e-12
 3.28291852291459e+06  8.98836274534035e-12  1.51691959593416e-12
 3.28705266033169e+06  1.08275638834974e-11  1.59417934593739e-12
 3.29118679774878e+06  1.40648458616808e-11  1.67716445927488e-12
 3.29532093516588e+06  2.17731773130732e-11  1.76585437942172e-12
 3.29945507258297e+06  2.60334700917734e-11  1.86054737204612e-12
 3.30358921000007e+06  1.81162159782395e-11  1.96178880519524e-12
 3.30772334741716e+06  8.81598333013519e-14  2.07028357188200e-12
 3.31185748483426e+06 -1.64845246063212e-11  2.18679773780553e-12
 3.31599162225135e+06 -2.23601154817637e-11  2.31205499575505e-12
 3.32012575966844e+06 -2.14629111835252e-11  2.44663370265207e-12
 3.32425989708554e+06 -1.46398618041604e-11  2.59087016201977e-12
 3.32839403450263e+06 -9.30940743947259e-13  2.74477340690552e-12
 3.33252817191973e+06  1.24639974927402e-11  2.90795606401319e-12
 3.33666230933682e+06  1.65477893758059e-11  3.07958498060714e-12
 3.34079644675392e+06  8.77472027244104e-12  3.25835422358237e-12
 3.34493058417101e+06 -1.19797722593403e-12  3.44248187493180e-12
 3.34906472158810e+06 -9.49504172479465e-12  3.62973081389195e-12
 3.35319885900520e+06 -2.08667219671635e-11  3.81745245816458e-12
 3.35733299642229e+06 -3.18524021200265e-11  4.00265129755889e-12
 3.36146713383939e+06 -3.42642935957163e-11  4.18206704968597e-12
 3.36560127125648e+06 -2.39542730242055e-11  4.35227044713326e-12
 3.36973540867358e+06 -9.47563699201327e-12  4.50976806641204e-12
 3.37386954609067e+06 -2.04012570123252e-13  4.65111125537985e-12
 3.37800368350776e+06  4.71214371516116e-12  4.77300411970580e-12
 3.38213782092486e+06  4.09409560262929e-12  4.87240568772734e-12
 3.38627195834195e+06 -3.45115855750057e-12  4.94662177189426e-12
 3.39040609575905e+06 -1.43785319475271e-11  4.99338265640512e-12
 3.39454023317614e+06 -1.79506890763872e-11  5.01090352771902e-12
 3.39867437059324e+06 -6.53911437539984e-12  4.99792548180516e-12
 3.40280850801033e+06  1.06740137584221e-11  4.95373593908106e-12
 3.40694264542742e+06  2.39747747681372e-11  4.87816832164342e-12
 3.41107678284452e+06  3.23412898672755e-11  4.77158184510511e-12
 3.41521092026161e+06  3.78986937533869e-11  4.63482319897986e-12
 3.41934505767871e+06  3.83735776357936e-11  4.46917269113416e-12
 3.42347919509580e+06  2.82026292886218e-11  4.27627807633382e-12
 3.42761333251290e+06  1.38662120610774e-11  4.05807974899359e-12
 3.43174746992999e+06  4.64821248768539e-12  3.81673123873809e-12
 3.43588160734708e+06  1.42868308873879e-12  3.55451899804484e-12
 3.44001574476418e+06  2.81992991277418e-12  3.27378531879331e-12
 3.44414988218127e+06  1.02415201927362e-11  2.97685787382229e-12
 3.44828401959837e+06  2.65923845198262e-11  2.66598887485849e-12
 3.45241815701546e+06  4.22954335577849e-11  2.34330620099840e-12
 3.45655229443256e+06  4.40739593760217e-11  2.01077811994855e-12
 3.46068643184965e+06  3.32972257180524e-11  1.67019243834182e-12
 3.46482056926674e+06  2.00247515243358e-11  1.32315012036163e-12
 3.46895470668384e+06  1.19702062703853e-11  9.71072646913408e-13
 3.47308884410093e+06  7.82728158296168e-12  6.15221689486732e-13
 3.47722298151803e+06  7.48888707919553e-12  2.56729077291227e-13
 3.48135711893512e+06  1.44804097358207e-11 -1.03365429610870e-13
 3.48549125635222e+06  2.38755102888754e-11 -4.64071364931015e-13
 3.48962539376931e+06  2.73193717307397e-11 -8.24402738377378e-13
 3.49375953118641e+06  2.12191294685610e-11 -1.18333412848364e-12
 3.49789366860350e+06  1.08610453297591e-11 -1.53976047556773e-12
 3.50202780602059e+06  7.95338518769145e-13 -1.89246305828070e-12
 3.50616194343769e+06 -1.31357250990296e-11 -2.24008370971694e-12
 3.51029608085478e+06 -2.94622608262382e-11 -2.58110880690094e-12
 3.51443021827188e+06 -3.81943412006952e-11 -2.91386398160804e-12
 3.51856435568897e+06 -3.14456436360926e-11 -3.23651988392426e-12
 3.52269849310607e+06 -1.48005262754694e-11 -3.54710871678993e-12
 3.52683263052316e+06 -1.48565580221962e-12 -3.84355068232533e-12
 3.53096676794025e+06  5.78218862477768e-12 -4.12368896863278e-12
 3.53510090535735e+06  8.02751232874456e-12 -4.38533148449047e-12
 3.53923504277444e+06  2.06558557012199e-12 -4.62629723835483e-12
 3.54336918019154e+06 -1.25762263731933e-11 -4.84446507076263e-12
 3.54750331760863e+06 -2.60061849623457e-11 -5.03782239181673e-12
 3.55163745502573e+06 -2.56330851094635e-11 -5.20451164703870e-12
 3.55577159244282e+06 -1.61347263924335e-11 -5.34287242776242e-12
 3.55990572985991e+06 -9.16622861375029e-12 -5.45147744234709e-12
 3.56403986727701e+06 -4.63548807965610e-12 -5.52916095222533e-12
 3.56817400469410e+06  2.96508607403782e-12 -5.57503872839734e-12
 3.57230814211120e+06  1.05602838866256e-11 -5.58851907278829e-12
 3.57644227952829e+06  7.29976158280565e-12 -5.56930494653778e-12
 3.58057641694539e+06 -4.78466453871769e-12 -5.51738772593250e-12
 3.58471055436248e+06 -1.32505382524498e-11 -5.43303353965359e-12
 3.58884469177957e+06 -1.45826681308894e-11 -5.31676350476376e-12
 3.59297882919667e+06 -1.17528524080111e-11 -5.16932945418313e-12
 3.59711296661376e+06 -3.45344438815917e-12 -4.99168692095849e-12
 3.60124710403086e+06  1.62734614039144e-11 -4.78496720623684e-12
 3.60538124144795e+06  4.05614386266273e-11 -4.55045030639864e-12
 3.60951537886505e+06  5.12290651762045e-11 -4.28954031469639e-12
 3.61364951628214e+06  4.43569406221494e-11 -4.00374465414506e-12
 3.61778365369923e+06  3.20430535921789e-11 -3.69465815737809e-12
 3.62191779111633e+06  2.43899495148753e-11 -3.36395260593414e-12
 3.62605192853342e+06  1.78494236097959e-11 -3.01337190008640e-12
 3.63018606595052e+06  9.97513197550990e-12 -2.64473257685608e-12
 3.63432020336761e+06  1.05573955194863e-11 -2.25992895549107e-12
 3.63845434078471e+06  2.15244443405730e-11 -1.86094179245394e-12
 3.64258847820180e+06  3.11552501451375e-11 -1.44984899646237e-12
 3.64672261561889e+06  3.11664982148916e-11 -1.02883670912470e-12
 3.65085675303599e+06  2.80821494244020e-11 -6.00208914626671e-13
 3.65499089045308e+06  2.78277931527734e-11 -1.66393713711953e-13
 3.65912502787018e+06  2.00554031944235e-11  2.70055512290385e-13
 3.66325916528727e+06  1.36305128751180e-12  7.06465614121977e-13
 3.66739330270437e+06 -1.22067167395606e-11  1.14005711430860e-12
 3.67152744012146e+06 -7.45635345579099e-12  1.56796641327291e-12
 3.67566157753856e+06  7.67166909607008e-12  1.98727711569045e-12
 3.67979571495565e+06  1.73899940174539e-11  2.39506029507369e-12
 3.68392985237274e+06  2.25684887865590e-11  2.78842295662117e-12
 3.68806398978984e+06  2.67542540914099e-11  3.16456340809767e-12
 3.69219812720693e+06  2.08347324497839e-11  3.52083173653393e-12
 3.69633226462403e+06  5.49181238377863e-13  3.85479314422323e-12
 3.70046640204112e+06 -2.12598214912718e-11  4.16429154787262e-12
 3.70460053945822e+06 -2.88826921263620e-11  4.44751061237648e-12
 3.70873467687531e+06 -2.73136974855977e-11  4.70302929323441e-12
 3.71286881429240e+06 -2.85695868994071e-11  4.92986900995194e-12
 3.71700295170950e+06 -2.77235651054188e-11  5.12752977079067e-12
 3.72113708912659e+06 -1.67500674548052e-11  5.29601291329075e-12
 3.72527122654369e+06 -2.35964300903169e-12  5.43582860368276e-12
 3.72940536396078e+06 -3.85559732901185e-14  5.54798683316824e-12
 3.73353950137788e+06 -9.99173086282692e-12  5.63397133482438e-12
 3.73767363879497e+06 -1.83249058041096e-11  5.69569659117389e-12
 3.74180777621206e+06 -2.23900660958254e-11  5.73544887433897e-12
 3.74594191362916e+06 -2.64000789744463e-11  5.75581302130715e-12
 3.75007605104625e+06 -2.57432157610460e-11  5.75958735806825e-12
 3.75421018846335e+06 -1.04379528472527e-11  5.74968981186548e-12
 3.75834432588044e+06  1.40610953079848e-11  5.72905875674760e-12
 3.76247846329754e+06  2.61421533942952e-11  5.70055249557558e-12
 3.76661260071463e+06  2.07614317383446e-11  5.66685146906514e-12
 3.77074673813172e+06  1.20867747887574e-11  5.63036728503522e-12
 3.77488087554882e+06  7.59355761483637e-12  5.59316247268551e-12
 3.77901501296591e+06  6.87224587650394e-13  5.55688449101157e-12
 3.78314915038301e+06 -1.03904230830003e-11  5.52271696978412e-12
 3.78728328780010e+06 -1.11103216894942e-11  5.49135045781133e-12
 3.79141742521720e+06  2.96962572205303e-12  5.46297412585495e-12
 3.79555156263429e+06  1.79155683001061e-11  5.43728895749465e-12
 3.79968570005138e+06  2.64531521231024e-11  5.41354200211362e-12
 3.80381983746848e+06  3.48611286051747e-11  5.39058030510556e-12
 3.80795397488557e+06  4.52793766441963e-11  5.36692221771313e-12
 3.81208811230267e+06  4.38892606669383e-11  5.34084296767798e-12
 3.81622224971976e+06  2.59094324916136e-11  5.31047068361482e-12
 3.82035638713686e+06  9.99126198376316e-12  5.27388854697669e-12
 3.82449052455395e+06  1.03320394230118e-11  5.22923842399673e-12
 3.82862466197104e+06  2.06991376428924e-11  5.17482122550427e-12
 3.83275879938814e+06  2.82416967496512e-11  5.10918936400523e-12
 3.83689293680523e+06  3.35111430649451e-11  5.03122702296733e-12
 3.84102707422233e+06  4.08486399745724e-11  4.94021450953577e-12
 3.84516121163942e+06  4.01521930611119e-11  4.83587370511797e-12
 3.84929534905652e+06  2.41932756053402e-11  4.71839252462193e-12
 3.85342948647361e+06  3.41116888667797e-12  4.58842730249414e-12
 3.85756362389070e+06 -7.07329588260965e-12  4.44708309383702e-12
 3.86169776130780e+06 -8.73475733881944e-12  4.29587295917807e-12
 3.86583189872489e+06 -1.36584176892197e-11  4.13665833807863e-12
 3.86996603614199e+06 -1.68631225118544e-11  3.97157355713738e-12
 3.87410017355908e+06 -6.05122255330056e-12  3.80293831314629e-12
 3.87823431097618e+06  1.23525521233504e-11  3.63316258028141e-12
 3.88236844839327e+06  1.90246802093185e-11  3.46464877758000e-12
 3.88650258581037e+06  8.91030642434030e-12  3.29969617721785e-12
 3.89063672322746e+06 -3.17875841966444e-12  3.14041242425365e-12
 3.89477086064455e+06 -1.22003411719884e-11  2.98863667709470e-12
 3.89890499806165e+06 -2.54647050267848e-11  2.84587827992732e-12
 3.90303913547874e+06 -3.69883386785934e-11  2.71327407142372e-12
 3.90717327289584e+06 -3.16438175670083e-11  2.59156645713231e-12
 3.91130741031293e+06 -1.17080985450547e-11  2.48110327421587e-12
 3.91544154773003e+06  2.22655412591678e-14  2.38185931236169e-12
 3.91957568514712e+06 -4.73622390144615e-12  2.29347818324125e-12
 3.92370982256421e+06 -1.01288434606816e-11  2.21533211436998e-12
 3.92784395998131e+06 -9.83890634163764e-12  2.14659624083219e-12
 3.93197809739840e+06 -1.50573125881802e-11  2.08633313461947e-12
 3.93611223481550e+06 -2.89380706260637e-11  2.03358269305468e-12
 3.94024637223259e+06 -3.49809528510244e-11  1.98745214099677e-12
 3.94438050964969e+06 -2.34012220860718e-11  1.94720081011356e-12
 3.94851464706678e+06 -7.70008201173128e-12  1.91231455219406e-12
 3.95264878448387e+06  2.69736111396993e-12  1.88256511715440e-12
 3.95678292190097e+06  1.53397746986793e-11  1.85805056049151e-12
 3.96091705931806e+06  3.24151415226949e-11  1.83921370559554e-12
 3.96505119673516e+06  3.77192204414492e-11  1.82683682725134e-12
 3.96918533415225e+06  2.10297004643181e-11  1.82201198746156e-12
 3.97331947156935e+06  1.35150547657541e-12  1.82608777917431e-12
 3.97745360898644e+06 -6.92898866958476e-13  1.84059454920549e-12
 3.98158774640353e+06  8.53552440182327e-12  1.86715140935050e-12
 3.98572188382063e+06  1.41874613210995e-11  1.90735943801982e-12
 3.98985602123772e+06  1.95126655704680e-11  1.96268636323853e-12
 3.99399015865482e+06  3.40694772918612e-11  2.03434865116006e-12
 3.99812429607191e+06  4.59520792964318e-11  2.12319726384363e-12
 4.00225843348901e+06  3.89984948234203e-11  2.22961337226734e-12
 4.00639257090610e+06  2.35220604760439e-11  2.35342000769874e-12
 4.01052670832319e+06  1.82381142200368e-11  2.49381501555675e-12
 4.01466084574029e+06  1.87553094430089e-11  2.64932976642495e-12
 4.01879498315738e+06  1.00546953538423e-11  2.81781691977931e-12
 4.02292912057448e+06  1.29181861207531e-12  2.99646918199425e-12
 4.02706325799157e+06  1.26516279753065e-11  3.18186951670817e-12
 4.03119739540867e+06  3.55189912691244e-11  3.37007172600116e-12
 4.03533153282576e+06  4.42864881578209e-11  3.55670880234440e-12
 4.03946567024285e+06  3.56336959807881e-11  3.73712503135222e-12
 4.04359980765995e+06  2.59444548947721e-11  3.90652657744179e-12
 4.04773394507704e+06  1.69428267702520e-11  4.06014427438925e-12
 4.05186808249414e+06 -2.60443380062145e-12  4.19340162480404e-12
 4.05600221991123e+06 -2.37049570249365e-11  4.30208062713509e-12
 4.06013635732833e+06 -2.49634456195621e-11  4.38247801946704e-12
 4.06427049474542e+06 -9.22832795419515e-12  4.43154486219817e-12
 4.06840463216252e+06 -4.74026176586658e-13  4.44700306390124e-12
 4.07253876957961e+06 -5.29592665305147e-12  4.42743345597173e-12
 4.07667290699670e+06 -6.76320281647293e-12  4.37233129483399e-12
 4.08080704441380e+06 -1.25608403916739e-12  4.28212655431722e-12
 4.08494118183089e+06 -6.22694282495771e-12  4.15816799259667e-12
 4.08907531924799e+06 -2.54814219208805e-11  4.00267165780430e-12
 4.09320945666508e+06 -3.87789402118181e-11  3.81863615023975e-12
 4.09734359408218e+06 -3.45210707745220e-11  3.60972850423958e-12
 4.10147773149927e+06 -2.61392661976217e-11  3.38014591138068e-12
 4.10561186891636e+06 -2.21685020341946e-11  3.13445961012647e-12
 4.10974600633346e+06 -1.07482672295339e-11  2.87744805947388e-12
 4.11388014375055e+06  1.00191869781190e-11  2.61392695534172e-12
 4.11801428116765e+06  1.77292883525866e-11  2.34858371620704e-12
 4.12214841858474e+06  3.66600561762617e-13  2.08582375568304e-12
 4.12628255600184e+06 -2.05394440753922e-11  1.82963519050177e-12
 4.13041669341893e+06 -2.37767255489713e-11  1.58347763775828e-12
 4.13455083083602e+06 -1.87910300429119e-11  1.35019948659979e-12
