#time(au), s(t), s(t) without exp(iwt)
 0.00000000000000e+01  0.00000000000000e+00  0.00000000000000e+00
 4.13413741709430e+02 -4.09952191856754e-18  3.30064633499950e-18
 8.26827483418859e+02  4.48614091563668e-18 -2.59865682932034e-18
 1.24024122512829e+03 -8.44679814142698e-18 -6.10760148827126e-19
 1.65365496683772e+03  1.48283080187245e-17 -2.70297691381150e-18
 2.06706870854715e+03 -2.49106652008378e-17 -2.44599457049339e-18
 2.48048245025658e+03  4.20906674652319e-17 -5.20878004411114e-18
 2.89389619196601e+03 -6.78262092803015e-17 -3.59830449507845e-18
 3.30730993367544e+03  1.08668073935691e-16  1.19029103904721e-17
 3.72072367538487e+03 -1.68929031935540e-16 -1.84030188515284e-17
 4.13413741709430e+03  2.57072060428820e-16 -6.55762340313007e-17
 4.54755115880373e+03 -3.81764153633501e-16  7.30954257710434e-17
 4.96096490051316e+03  5.57774488044197e-16  6.86059693444082e-18
 5.37437864222259e+03 -7.94483735452097e-16 -1.98750395771270e-16
 5.78779238393202e+03  1.10656616813935e-15  4.31562898902731e-18
 6.20120612564145e+03 -1.50580984244303e-15  1.15106938729151e-15
 6.61461986735088e+03  2.00397088792563e-15 -2.05506631487145e-15
 7.02803360906031e+03 -2.58526936945255e-15  1.07360495294857e-15
 7.44144735076974e+03  3.24787056905642e-15  4.00586506873374e-18
 7.85486109247917e+03 -3.93131687211056e-15 -2.18252086311605e-15
 8.26827483418859e+03  4.57784627139298e-15  3.35807528849574e-15
 8.68168857589802e+03 -5.02538709569978e-15 -8.71860059751720e-16
 9.09510231760745e+03  5.16015149384189e-15  1.25985954061755e-15
 9.50851605931688e+03 -4.58941922678140e-15  9.90883332454658e-16
 9.92192980102631e+03  3.20588710245158e-15  4.85535248646092e-15
 1.03353435427357e+04 -1.56400047862328e-16  1.57825545439541e-14
 1.07487572844452e+04 -4.37741007644845e-15  4.29200103569819e-15
 1.11621710261546e+04  1.22161247838412e-14  3.94528772360063e-15
 1.15755847678640e+04 -2.20758074739505e-14  6.77447174987752e-14
 1.19889985095735e+04  3.78766730547671e-14 -8.42896855145522e-14
 1.24024122512829e+04 -5.52592820970881e-14 -3.97644509551874e-14
 1.28158259929923e+04  8.28363266553786e-14  1.14637194538627e-13
 1.32292397347018e+04 -1.08916726115153e-13 -2.52148126818355e-13
 1.36426534764112e+04  1.52160228947486e-13  2.56839736120187e-13
 1.40560672181206e+04 -1.85458416693374e-13 -1.31730999369911e-13
 1.44694809598300e+04  2.47742034954178e-13 -1.13730847309371e-13
 1.48828947015395e+04 -2.82201100382492e-13  5.09330741084115e-13
 1.52963084432489e+04  3.65892056495893e-13 -3.68172730523162e-13
 1.57097221849583e+04 -3.89393981158396e-13 -5.72148324199193e-14
 1.61231359266678e+04  4.95810991406399e-13  1.10990876198625e-12
 1.65365496683772e+04 -4.89975302704222e-13 -6.59963182025101e-13
 1.69499634100866e+04  6.19813542648964e-13  1.14117927015547e-12
 1.73633771517960e+04 -5.62114808213435e-13  1.02991299180666e-13
 1.77767908935055e+04  7.15835204171241e-13  2.15546242896147e-13
 1.81902046352149e+04 -5.84551532711008e-13  9.67236600587812e-13
 1.86036183769243e+04  7.61978347317756e-13  1.30148037741704e-12
 1.90170321186338e+04 -5.43699111782652e-13  1.34440623509907e-12
 1.94304458603432e+04  7.41772707067817e-13  4.29041697791028e-13
 1.98438596020526e+04 -4.39872770665873e-13  7.47934455289921e-13
 2.02572733437620e+04  6.48666560695969e-13  2.15477787293253e-12
 2.06706870854715e+04 -2.90037105084938e-13  6.71563995269941e-13
 2.10841008271809e+04  4.88173040230093e-13  3.48171286518007e-12
 2.14975145688903e+04 -1.24854274025166e-13  6.40333952318718e-13
 2.19109283105998e+04  2.77227807965384e-13  2.90158797086239e-12
 2.23243420523092e+04  1.97958165599633e-14  2.45712566599604e-12
 2.27377557940186e+04  4.10888733705450e-14  8.70745455532984e-13
 2.31511695357280e+04  1.13791958796322e-13  2.58648812631103e-12
 2.35645832774375e+04 -1.91072064726248e-13  2.57012626269380e-12
 2.39779970191469e+04  1.42388514886062e-13  1.53047578092563e-12
 2.43914107608563e+04 -3.90627027780055e-13  1.99870498753619e-12
 2.48048245025657e+04  1.10580727943812e-13  1.44932817264817e-12
 2.52182382442752e+04 -5.33494411293987e-13  2.69513091182357e-12
 2.56316519859846e+04  4.07932323955638e-14  1.36441081461884e-12
 2.60450657276940e+04 -6.02821836797933e-13  1.93852191076943e-12
 2.64584794694035e+04 -3.44372339294081e-14  2.63049560450249e-12
 2.68718932111129e+04 -5.90166099653143e-13  1.56226603017546e-12
 2.72853069528223e+04 -8.18766572683027e-14  1.19271101315838e-12
 2.76987206945317e+04 -4.95059579724196e-13  2.15297171147366e-12
 2.81121344362412e+04 -7.52682568295972e-14  1.65755984235468e-12
 2.85255481779506e+04 -3.23109521112962e-13  1.36145348692206e-12
 2.89389619196600e+04  5.65908088780534e-16  1.87212662677343e-12
 2.93523756613695e+04 -8.38472638258511e-14  1.86245690143551e-12
 2.97657894030789e+04  1.49230869078399e-13  1.48824559957996e-12
 3.01792031447883e+04  2.11205813248958e-13  1.73297825396282e-12
 3.05926168864977e+04  3.65149821955390e-13  1.77032430145801e-12
 3.10060306282072e+04  5.49685439530616e-13  1.67677665213998e-12
 3.14194443699166e+04  6.36808674346399e-13  1.61341203474489e-12
 3.18328581116260e+04  9.18687824841216e-13  1.66518890073520e-12
 3.22462718533355e+04  9.49740829522589e-13  1.60624502283581e-12
 3.26596855950449e+04  1.30466259031268e-12  1.66372353159981e-12
 3.30730993367543e+04  1.28878773878450e-12  1.57575517666035e-12
 3.34865130784637e+04  1.69343589446386e-12  1.60824609657028e-12
 3.38999268201732e+04  1.63943501635638e-12  1.61690021569659e-12
 3.43133405618826e+04  2.07057277467784e-12  1.58803950587686e-12
 3.47267543035920e+04  1.98857073193031e-12  1.59299472250228e-12
 3.51401680453015e+04  2.42193023477239e-12  1.61367823011832e-12
 3.55535817870109e+04  2.32451695499332e-12  1.59091906364759e-12
 3.59669955287203e+04  2.73427048770821e-12  1.60047710316793e-12
 3.63804092704298e+04  2.63700498087468e-12  1.59834086671682e-12
 3.67938230121392e+04  2.99633769487708e-12  1.60074357854794e-12
 3.72072367538486e+04  2.91716832644382e-12  1.59738529507076e-12
 3.76206504955581e+04  3.19928341598190e-12  1.59839768822557e-12
 3.80340642372675e+04  3.15712238079875e-12  1.59885733560060e-12
 3.84474779789769e+04  3.33718375986155e-12  1.59848638032433e-12
 3.88608917206864e+04  3.35008189825936e-12  1.59837141031710e-12
 3.92743054623958e+04  3.40747958345499e-12  1.59878357868136e-12
 3.96877192041052e+04  3.49045581580300e-12  1.59834602508126e-12
 4.01011329458147e+04  3.41085696547088e-12  1.59866186091088e-12
 4.05145466875241e+04  3.57383808838071e-12  1.59847530392974e-12
 4.09279604292335e+04  3.35112361179896e-12  1.59851399261363e-12
 4.13413741709429e+04  3.59739966721651e-12  1.59853059489523e-12
 4.17547879126524e+04  3.23482303043909e-12  1.59851475772525e-12
 4.21682016543618e+04  3.56013451378741e-12  1.59851518942934e-12
 4.25816153960712e+04  3.07080020904152e-12  1.59852217672443e-12
 4.29950291377807e+04  3.46326107395221e-12  1.59851993684531e-12
 4.34084428794901e+04  2.86936364279703e-12  1.59851660351549e-12
 4.38218566211995e+04  3.31026936453598e-12  1.59852009998747e-12
 4.42352703629090e+04  2.64158154264060e-12  1.59851954214131e-12
 4.46486841046184e+04  3.10730466260273e-12  1.59851868840756e-12
 4.50620978463278e+04  2.39889589778018e-12  1.59851932047820e-12
 4.54755115880373e+04  2.86325241068546e-12  1.59851911252793e-12
 4.58889253297467e+04  2.15221236018735e-12  1.59851904259052e-12
 5.00230627468410e+04  1.17022396727975e-12  1.59851904259052e-12
 5.41572001639353e+04  1.14234730213398e-12  1.59851904259052e-12
 5.82913375810296e+04  2.50750005548123e-12  1.59851904259052e-12
 6.24254749981239e+04  5.26923748988379e-12  1.59851904259052e-12
 6.65596124152182e+04  8.34448318512222e-12  1.59851904259052e-12
 7.06937498323125e+04  9.83314144387342e-12  1.59851904259052e-12
 7.48278872494068e+04  9.25973196080675e-12  1.59851904259052e-12
 7.89620246665011e+04  8.69451225654632e-12  1.59851904259052e-12
 8.30961620835954e+04  1.00506824847905e-11  1.59851904259052e-12
 8.72302995006897e+04  1.26701396124059e-11  1.59851904259052e-12
 9.13644369177840e+04  1.50137880089814e-11  1.59851904259052e-12
 9.54985743348783e+04  1.70069582232498e-11  1.59851904259052e-12
 9.96327117519726e+04  1.90130800867554e-11  1.59851904259052e-12
 1.03766849169067e+05  2.04900854604713e-11  1.59851904259052e-12
 1.07900986586161e+05  2.15429558969951e-11  1.59851904259052e-12
 1.12035124003255e+05  2.37334076216197e-11  1.59851904259052e-12
 1.16169261420350e+05  2.76553791688741e-11  1.59851904259052e-12
 1.20303398837444e+05  3.07595407101445e-11  1.59851904259052e-12
 1.24437536254538e+05  3.03786582039710e-11  1.59851904259052e-12
 1.28571673671633e+05  2.86139426683804e-11  1.59851904259052e-12
 1.32705811088727e+05  2.98140494673684e-11  1.59851904259052e-12
 1.36839948505821e+05  3.47833150746955e-11  1.59851904259052e-12
 1.40974085922916e+05  4.12632820659571e-11  1.59851904259052e-12
 1.45108223340010e+05  4.73755623671698e-11  1.59851904259052e-12
 1.49242360757104e+05  5.17821945951491e-11  1.59851904259052e-12
 1.53376498174198e+05  5.22081321860017e-11  1.59851904259052e-12
 1.57510635591293e+05  4.82376849870837e-11  1.59851904259052e-12
 1.61644773008387e+05  4.53915152110795e-11  1.59851904259052e-12
 1.65778910425481e+05  5.05099573094445e-11  1.59851904259052e-12
 1.69913047842576e+05  6.25293620132423e-11  1.59851904259052e-12
 1.74047185259670e+05  7.32467185284633e-11  1.59851904259052e-12
 1.78181322676764e+05  7.73059008825478e-11  1.59851904259052e-12
 1.82315460093858e+05  7.53712111543890e-11  1.59851904259052e-12
 1.86449597510953e+05  6.99683209340786e-11  1.59851904259052e-12
 1.90583734928047e+05  6.55113395946229e-11  1.59851904259052e-12
 1.94717872345141e+05  6.86326639424012e-11  1.59851904259052e-12
 1.98852009762236e+05  8.25556831228771e-11  1.59851904259052e-12
 2.02986147179330e+05  1.00646649562405e-10  1.59851904259052e-12
 2.07120284596424e+05  1.09917128577493e-10  1.59851904259052e-12
 2.11254422013518e+05  1.05250915952848e-10  1.59851904259052e-12
 2.15388559430613e+05  9.44983984973304e-11  1.59851904259052e-12
 2.19522696847707e+05  8.85648005380380e-11  1.59851904259052e-12
 2.23656834264801e+05  9.37619883710682e-11  1.59851904259052e-12
 2.27790971681896e+05  1.11026246818507e-10  1.59851904259052e-12
 2.31925109098990e+05  1.34619114398952e-10  1.59851904259052e-12
 2.36059246516084e+05  1.51630283745037e-10  1.59851904259052e-12
 2.40193383933178e+05  1.49998552160639e-10  1.59851904259052e-12
 2.44327521350273e+05  1.31212954513209e-10  1.59851904259052e-12
 2.48461658767367e+05  1.12666046157833e-10  1.59851904259052e-12
 2.52595796184461e+05  1.12888475196294e-10  1.59851904259052e-12
 2.56729933601556e+05  1.34399297052219e-10  1.59851904259052e-12
 2.60864071018650e+05  1.65246180420093e-10  1.59851904259052e-12
 2.64998208435744e+05  1.90102286236963e-10  1.59851904259052e-12
 2.69132345852839e+05  1.95405721564566e-10  1.59851904259052e-12
 2.73266483269933e+05  1.77042163399818e-10  1.59851904259052e-12
 2.77400620687027e+05  1.48309228233900e-10  1.59851904259052e-12
 2.81534758104121e+05  1.34563413452976e-10  1.59851904259052e-12
 2.85668895521216e+05  1.53087946119133e-10  1.59851904259052e-12
 2.89803032938310e+05  1.94983788286693e-10  1.59851904259052e-12
 2.93937170355404e+05  2.32920875794386e-10  1.59851904259052e-12
 2.98071307772499e+05  2.45442752038063e-10  1.59851904259052e-12
 3.02205445189593e+05  2.28903830823097e-10  1.59851904259052e-12
 3.06339582606687e+05  1.95441336612596e-10  1.59851904259052e-12
 3.10473720023782e+05  1.69315942722823e-10  1.59851904259052e-12
 3.14607857440876e+05  1.75537911999019e-10  1.59851904259052e-12
 3.18741994857970e+05  2.17524256428003e-10  1.59851904259052e-12
 3.22876132275065e+05  2.69049522298767e-10  1.59851904259052e-12
 3.27010269692159e+05  2.94174587368982e-10  1.59851904259052e-12
 3.31144407109253e+05  2.77120435713315e-10  1.59851904259052e-12
 3.35278544526348e+05  2.34898581944661e-10  1.59851904259052e-12
 3.39412681943442e+05  2.00406564717147e-10  1.59851904259052e-12
 3.43546819360536e+05  1.99770904004746e-10  1.59851904259052e-12
 3.47680956777631e+05  2.40438987101761e-10  1.59851904259052e-12
 3.51815094194725e+05  3.02878331674445e-10  1.59851904259052e-12
 3.55949231611819e+05  3.47146299270959e-10  1.59851904259052e-12
 3.60083369028913e+05  3.41442374939834e-10  1.59851904259052e-12
 3.64217506446008e+05  2.90821724093007e-10  1.59851904259052e-12
 3.68351643863102e+05  2.36869048425173e-10  1.59851904259052e-12
 3.72485781280196e+05  2.24092099076260e-10  1.59851904259052e-12
 3.76619918697291e+05  2.65332345711685e-10  1.59851904259052e-12
 3.80754056114385e+05  3.36714605062074e-10  1.59851904259052e-12
 3.84888193531479e+05  3.96990070179968e-10  1.59851904259052e-12
 3.89022330948574e+05  4.08741104632728e-10  1.59851904259052e-12
 3.93156468365668e+05  3.60862425952059e-10  1.59851904259052e-12
 3.97290605782762e+05  2.86639953976858e-10  1.59851904259052e-12
 4.01424743199857e+05  2.45349964228879e-10  1.59851904259052e-12
 4.05558880616951e+05  2.74236374734756e-10  1.59851904259052e-12
 4.09693018034045e+05  3.57351193317733e-10  1.59851904259052e-12
 4.13827155451140e+05  4.39907798526213e-10  1.59851904259052e-12
 4.17961292868234e+05  4.71861003806645e-10  1.59851904259052e-12
 4.22095430285328e+05  4.37009758417191e-10  1.59851904259052e-12
 4.26229567702423e+05  3.58693507686707e-10  1.59851904259052e-12
 4.30363705119517e+05  2.92277721730777e-10  1.59851904259052e-12
 4.34497842536611e+05  2.93690357563977e-10  1.59851904259052e-12
 4.38631979953706e+05  3.72887435701118e-10  1.59851904259052e-12
 4.42766117370800e+05  4.77998759829268e-10  1.59851904259052e-12
 4.46900254787894e+05  5.36291172319717e-10  1.59851904259052e-12
 4.51034392204988e+05  5.11800006107117e-10  1.59851904259052e-12
 4.55168529622083e+05  4.27119611052303e-10  1.59851904259052e-12
 4.59302667039177e+05  3.43019526537662e-10  1.59851904259052e-12
 4.63436804456271e+05  3.19454487753925e-10  1.59851904259052e-12
 4.67570941873366e+05  3.81495434086351e-10  1.59851904259052e-12
 4.71705079290460e+05  4.97170533564024e-10  1.59851904259052e-12
 4.75839216707554e+05  5.88040031821884e-10  1.59851904259052e-12
 4.79973354124649e+05  5.87317696132446e-10  1.59851904259052e-12
 4.84107491541743e+05  4.97150181495025e-10  1.59851904259052e-12
 4.88241628958837e+05  3.88055302212931e-10  1.59851904259052e-12
 4.92375766375932e+05  3.41834846590578e-10  1.59851904259052e-12
 4.96509903793026e+05  3.93367366518280e-10  1.59851904259052e-12
 5.00644041210120e+05  5.14778357780689e-10  1.59851904259052e-12
 5.04778178627215e+05  6.32596491374508e-10  1.59851904259052e-12
 5.08912316044309e+05  6.67255297790256e-10  1.59851904259052e-12
 5.13046453461403e+05  5.88677776963613e-10  1.59851904259052e-12
 5.17180590878498e+05  4.51174669868337e-10  1.59851904259052e-12
 5.21314728295592e+05  3.60413860316795e-10  1.59851904259052e-12
 5.25448865712686e+05  3.87154029266680e-10  1.59851904259052e-12
 5.29583003129780e+05  5.14074820633631e-10  1.59851904259052e-12
 5.33717140546875e+05  6.57537113341896e-10  1.59851904259052e-12
 5.37851277963969e+05  7.26849939280162e-10  1.59851904259052e-12
 5.41985415381063e+05  6.76468683259032e-10  1.59851904259052e-12
 5.46119552798158e+05  5.35360427416390e-10  1.59851904259052e-12
 5.50253690215252e+05  4.02126042127152e-10  1.59851904259052e-12
 5.54387827632346e+05  3.81200083862338e-10  1.59851904259052e-12
 5.58521965049441e+05  4.96623854457123e-10  1.59851904259052e-12
 5.62656102466535e+05  6.69655906107918e-10  1.59851904259052e-12
 5.66790239883629e+05  7.81389823301303e-10  1.59851904259052e-12
 5.70924377300724e+05  7.61434828173278e-10  1.59851904259052e-12
 5.75058514717818e+05  6.28548220298044e-10  1.59851904259052e-12
 5.79192652134912e+05  4.72355528227755e-10  1.59851904259052e-12
 5.83326789552007e+05  4.03201788455657e-10  1.59851904259052e-12
 5.87460926969101e+05  4.81098417027143e-10  1.59851904259052e-12
 5.91595064386195e+05  6.62567108805447e-10  1.59851904259052e-12
 5.95729201803289e+05  8.20965670952231e-10  1.59851904259052e-12
 5.99863339220384e+05  8.42160407073770e-10  1.59851904259052e-12
 6.03997476637478e+05  7.14974994590747e-10  1.59851904259052e-12
 6.08131614054572e+05  5.34222120134021e-10  1.59851904259052e-12
 6.12265751471667e+05  4.27646672369468e-10  1.59851904259052e-12
 6.16399888888761e+05  4.71406362687171e-10  1.59851904259052e-12
 6.20534026305855e+05  6.46032970819079e-10  1.59851904259052e-12
 6.24668163722950e+05  8.42655560484929e-10  1.59851904259052e-12
 6.28802301140044e+05  9.22375247147337e-10  1.59851904259052e-12
 6.32936438557138e+05  8.21731379711131e-10  1.59851904259052e-12
 6.37070575974233e+05  6.13339877006352e-10  1.59851904259052e-12
 6.41204713391327e+05  4.51553385337414e-10  1.59851904259052e-12
 6.45338850808421e+05  4.54320764747461e-10  1.59851904259052e-12
 6.49472988225516e+05  6.21296344025249e-10  1.59851904259052e-12
 6.53607125642610e+05  8.44192948534188e-10  1.59851904259052e-12
 6.57741263059704e+05  9.77861257409469e-10  1.59851904259052e-12
 6.61875400476799e+05  9.26543872166464e-10  1.59851904259052e-12
 6.66009537893893e+05  7.15769088744740e-10  1.59851904259052e-12
 6.70143675310987e+05  4.92932939909246e-10  1.59851904259052e-12
 6.74277812728081e+05  4.25041083371186e-10  1.59851904259052e-12
 6.78411950145176e+05  5.64980113418432e-10  1.59851904259052e-12
 6.82546087562270e+05  8.14428649843985e-10  1.59851904259052e-12
 6.86680224979364e+05  1.00397960784512e-09  1.59851904259052e-12
 6.90814362396459e+05  1.00759440677382e-09  1.59851904259052e-12
 6.94948499813553e+05  8.22614502305712e-10  1.59851904259052e-12
 6.99082637230647e+05  5.71291623760732e-10  1.59851904259052e-12
 7.03216774647742e+05  4.28624444399245e-10  1.59851904259052e-12
 7.07350912064836e+05  5.06960254994014e-10  1.59851904259052e-12
 7.11485049481930e+05  7.59639237356672e-10  1.59851904259052e-12
 7.15619186899025e+05  1.00657784913400e-09  1.59851904259052e-12
 7.19753324316119e+05  1.07291882838247e-09  1.59851904259052e-12
 7.23887461733213e+05  9.16200430578104e-10  1.59851904259052e-12
 7.28021599150308e+05  6.47703472107299e-10  1.59851904259052e-12
 7.32155736567402e+05  4.50588801373518e-10  1.59851904259052e-12
 7.36289873984496e+05  4.63130969913401e-10  1.59851904259052e-12
 7.40424011401591e+05  6.87853316965604e-10  1.59851904259052e-12
 7.44558148818685e+05  9.77767735211731e-10  1.59851904259052e-12
 7.48692286235779e+05  1.12529497433405e-09  1.59851904259052e-12
 7.52826423652873e+05  1.01684464249009e-09  1.59851904259052e-12
 7.56960561069968e+05  7.31575215584365e-10  1.59851904259052e-12
 7.61094698487062e+05  4.75433608608571e-10  1.59851904259052e-12
 7.65228835904156e+05  4.25794202664932e-10  1.59851904259052e-12
 7.69362973321251e+05  6.19981757626255e-10  1.59851904259052e-12
 7.73497110738345e+05  9.33649066181504e-10  1.59851904259052e-12
 7.77631248155439e+05  1.15651253126280e-09  1.59851904259052e-12
 7.81765385572534e+05  1.12633764723926e-09  1.59851904259052e-12
 7.85899522989628e+05  8.50941880097185e-10  1.59851904259052e-12
 7.90033660406722e+05  5.23538841937544e-10  1.59851904259052e-12
 7.94167797823817e+05  3.82574238586142e-10  1.59851904259052e-12
 7.98301935240911e+05  5.28846865660763e-10  1.59851904259052e-12
 8.02436072658005e+05  8.58872951289518e-10  1.59851904259052e-12
 8.06570210075100e+05  1.14948985528687e-09  1.59851904259052e-12
 8.10704347492194e+05  1.20436446140621e-09  1.59851904259052e-12
 8.14838484909288e+05  9.77593100906339e-10  1.59851904259052e-12
 8.18972622326383e+05  6.17218623499309e-10  1.59851904259052e-12
 8.23106759743477e+05  3.75480217513878e-10  1.59851904259052e-12
 8.27240897160571e+05  4.32347554102824e-10  1.59851904259052e-12
 8.31375034577666e+05  7.54715769420884e-10  1.59851904259052e-12
 8.35509171994760e+05  1.11142490664357e-09  1.59851904259052e-12
 8.39643309411854e+05  1.25224295921271e-09  1.59851904259052e-12
 8.43777446828948e+05  1.08415662600909e-09  1.59851904259052e-12
 8.47911584246043e+05  7.20537166454333e-10  1.59851904259052e-12
 8.52045721663137e+05  4.05748013579979e-10  1.59851904259052e-12
 8.56179859080231e+05  3.59954599232412e-10  1.59851904259052e-12
 8.60313996497326e+05  6.26982525334036e-10  1.59851904259052e-12
 8.64448133914420e+05  1.02474437065991e-09  1.59851904259052e-12
 8.68582271331514e+05  1.26475900970549e-09  1.59851904259052e-12
 8.72716408748609e+05  1.16980899942047e-09  1.59851904259052e-12
 8.76850546165703e+05  8.08154273662104e-10  1.59851904259052e-12
 8.80984683582797e+05  4.34363830487358e-10  1.59851904259052e-12
 8.85118820999892e+05  3.01603749695794e-10  1.59851904259052e-12
 8.89252958416986e+05  5.02950851451404e-10  1.59851904259052e-12
 8.93387095834080e+05  9.11664385086895e-10  1.59851904259052e-12
 8.97521233251175e+05  1.24530643538903e-09  1.59851904259052e-12
 9.01655370668269e+05  1.25749909819566e-09  1.59851904259052e-12
 9.05789508085363e+05  9.26507724763238e-10  1.59851904259052e-12
 9.09923645502458e+05  4.83675332526491e-10  1.59851904259052e-12
 9.14057782919552e+05  2.43232415053351e-10  1.59851904259052e-12
 9.18191920336646e+05  3.69175029648218e-10  1.59851904259052e-12
 9.22326057753740e+05  7.72213033891489e-10  1.59851904259052e-12
 9.26460195170835e+05  1.17913081949156e-09  1.59851904259052e-12
 9.30594332587929e+05  1.30799443217888e-09  1.59851904259052e-12
 9.34728470005023e+05  1.05440656857042e-09  1.59851904259052e-12
 9.38862607422118e+05  5.79658803405217e-10  1.59851904259052e-12
 9.42996744839212e+05  2.16532354528180e-10  1.59851904259052e-12
 9.47130882256306e+05  2.26409851062257e-10  1.59851904259052e-12
 9.51265019673401e+05  6.02611980260011e-10  1.59851904259052e-12
 9.55399157090495e+05  1.07819528736739e-09  1.59851904259052e-12
 9.59533294507589e+05  1.32188452602739e-09  1.59851904259052e-12
 9.63667431924684e+05  1.16703919536472e-09  1.59851904259052e-12
 9.67801569341778e+05  7.12306474234807e-10  1.59851904259052e-12
 9.71935706758872e+05  2.61799078102788e-10  1.59851904259052e-12
 9.76069844175967e+05  1.32758572524140e-10  1.59851904259052e-12
 9.80203981593061e+05  4.26368360815072e-10  1.59851904259052e-12
 9.84338119010155e+05  9.37813725579072e-10  1.59851904259052e-12
 9.88472256427250e+05  1.29692437698716e-09  1.59851904259052e-12
 9.92606393844344e+05  1.24596117498952e-09  1.59851904259052e-12
 9.96740531261438e+05  8.22347178959985e-10  1.59851904259052e-12
 1.00087466867853e+06  3.15772609436295e-10  1.59851904259052e-12
 1.00500880609563e+06  6.98034782352723e-11  1.59851904259052e-12
 1.00914294351272e+06  2.57606310859955e-10  1.59851904259052e-12
 1.01327708092982e+06  7.59340889134903e-10  1.59851904259052e-12
 1.01741121834691e+06  1.22360622089202e-09  1.59851904259052e-12
 1.02154535576400e+06  1.30832175371568e-09  1.59851904259052e-12
 1.02567949318110e+06  9.43087198570912e-10  1.59851904259052e-12
 1.02981363059819e+06  3.84142356283057e-10  1.59851904259052e-12
 1.03394776801529e+06  2.17643210836796e-11  1.59851904259052e-12
 1.03808190543238e+06  1.02425337816851e-10  1.59851904259052e-12
 1.04221604284948e+06  5.69239284203970e-10  1.59851904259052e-12
 1.04635018026657e+06  1.10494821545893e-09  1.59851904259052e-12
 1.05048431768366e+06  1.33200323094073e-09  1.59851904259052e-12
 1.05461845510076e+06  1.07266951105831e-09  1.59851904259052e-12
 1.05875259251785e+06  4.91234196484352e-10  1.59851904259052e-12
 1.06288672993495e+06 -9.03347356001230e-12  1.59851904259052e-12
 1.06702086735204e+06 -7.49884528379497e-11  1.59851904259052e-12
 1.07115500476914e+06  3.33173615860577e-10  1.59851904259052e-12
 1.07528914218623e+06  9.23186092942398e-10  1.59851904259052e-12
 1.07942327960332e+06  1.28562256213498e-09  1.59851904259052e-12
 1.08355741702042e+06  1.16523457117595e-09  1.59851904259052e-12
 1.08769155443751e+06  6.29490770537555e-10  1.59851904259052e-12
 1.09182569185461e+06  3.54358282642320e-11  1.59851904259052e-12
 1.09595982927170e+06 -2.00970838477927e-10  1.59851904259052e-12
 1.10009396668880e+06  9.37720365653067e-11  1.59851904259052e-12
 1.10422810410589e+06  7.09451043319588e-10  1.59851904259052e-12
 1.10836224152298e+06  1.20349904877715e-09  1.59851904259052e-12
 1.11249637894008e+06  1.22522699633734e-09  1.59851904259052e-12
 1.11663051635717e+06  7.60284332224859e-10  1.59851904259052e-12
 1.12076465377427e+06  1.21218773769270e-10  1.59851904259052e-12
 1.12489879119136e+06 -2.62395006784936e-10  1.59851904259052e-12
 1.12903292860846e+06 -1.19407239793415e-10  1.59851904259052e-12
 1.13316706602555e+06  4.58344545869411e-10  1.59851904259052e-12
 1.13730120344264e+06  1.05917926550406e-09  1.59851904259052e-12
 1.14143534085974e+06  1.24405727983531e-09  1.59851904259052e-12
 1.14556947827683e+06  8.71782036775888e-10  1.59851904259052e-12
 1.14970361569393e+06  2.03238068539403e-10  1.59851904259052e-12
 1.15383775311102e+06 -2.98800128967211e-10  1.59851904259052e-12
 1.15797189052812e+06 -2.94053754600588e-10  1.59851904259052e-12
 1.16210602794521e+06  2.15294418709300e-10  1.59851904259052e-12
 1.16624016536231e+06  8.83785129772439e-10  1.59851904259052e-12
 1.17037430277940e+06  1.23903261818994e-09  1.59851904259052e-12
 1.17450844019649e+06  1.00955865768266e-09  1.59851904259052e-12
 1.17864257761359e+06  3.42873282418187e-10  1.59851904259052e-12
 1.18277671503068e+06 -2.94265607088352e-10  1.59851904259052e-12
 1.18691085244778e+06 -4.57370350218663e-10  1.59851904259052e-12
 1.19104498986487e+06 -4.02235230425745e-11  1.59851904259052e-12
 1.19517912728197e+06  6.58064525105075e-10  1.59851904259052e-12
 1.19931326469906e+06  1.15426424984228e-09  1.59851904259052e-12
 1.20344740211615e+06  1.09811584566729e-09  1.59851904259052e-12
 1.20758153953325e+06  5.02907525404302e-10  1.59851904259052e-12
 1.21171567695034e+06 -2.33842515935498e-10  1.59851904259052e-12
 1.21584981436744e+06 -5.94695568585868e-10  1.59851904259052e-12
 1.21998395178453e+06 -3.24554673870670e-10  1.59851904259052e-12
 1.22411808920163e+06  3.76850308810752e-10  1.59851904259052e-12
 1.22825222661872e+06  1.00867407076648e-09  1.59851904259052e-12
 1.23238636403581e+06  1.13041586205307e-09  1.59851904259052e-12
 1.23652050145291e+06  6.54760714906428e-10  1.59851904259052e-12
 1.24065463887000e+06 -1.03419576704666e-10  1.59851904259052e-12
 1.24478877628710e+06 -6.33099191374395e-10  1.59851904259052e-12
 1.24892291370419e+06 -5.60277330559450e-10  1.59851904259052e-12
 1.25305705112129e+06  7.24235451543432e-11  1.59851904259052e-12
 1.25719118853838e+06  8.06041095371173e-10  1.59851904259052e-12
 1.26132532595547e+06  1.10842306837593e-09  1.59851904259052e-12
 1.26545946337257e+06  7.62705698634733e-10  1.59851904259052e-12
 1.26959360078966e+06  5.15460797911209e-12  1.59851904259052e-12
 1.27372773820676e+06 -6.48515433019963e-10  1.59851904259052e-12
 1.27786187562385e+06 -7.57047808558767e-10  1.59851904259052e-12
 1.28199601304095e+06 -2.43678334977682e-10  1.59851904259052e-12
 1.28613015045804e+06  5.40163070938596e-10  1.59851904259052e-12
 1.29026428787513e+06  1.03307660435481e-09  1.59851904259052e-12
 1.29439842529223e+06  8.64640195522501e-10  1.59851904259052e-12
 1.29853256270932e+06  1.42764338920312e-10  1.59851904259052e-12
 1.30266670012642e+06 -6.24445385331975e-10  1.59851904259052e-12
 1.30680083754351e+06 -9.08468167458197e-10  1.59851904259052e-12
 1.31093497496061e+06 -5.21659151645339e-10  1.59851904259052e-12
 1.31506911237770e+06  2.67581839847143e-10  1.59851904259052e-12
 1.31920324979479e+06  9.11921645735299e-10  1.59851904259052e-12
 1.32333738721189e+06  9.51947213936559e-10  1.59851904259052e-12
 1.32747152462898e+06  3.32944782227927e-10  1.59851904259052e-12
 1.33160566204608e+06 -5.28695455058145e-10  1.59851904259052e-12
 1.33573979946317e+06 -1.02504069420050e-09  1.59851904259052e-12
 1.33987393688027e+06 -8.13699115375015e-10  1.59851904259052e-12
 1.34400807429736e+06 -5.86756139881129e-11  1.59851904259052e-12
 1.34814221171445e+06  7.07456366882406e-10  1.59851904259052e-12
 1.35227634913155e+06  9.53139815896360e-10  1.59851904259052e-12
 1.35641048654864e+06  4.98465306422712e-10  1.59851904259052e-12
 1.36054462396574e+06 -3.61157874924066e-10  1.59851904259052e-12
 1.36467876138283e+06 -1.03714970222275e-09  1.59851904259052e-12
 1.36881289879993e+06 -1.05195472397942e-09  1.59851904259052e-12
 1.37294703621702e+06 -3.92576551735172e-10  1.59851904259052e-12
 1.37708117363412e+06  4.65728446965767e-10  1.59851904259052e-12
 1.38121531105121e+06  9.09977139755435e-10  1.59851904259052e-12
 1.38534944846830e+06  6.33568092163356e-10  1.59851904259052e-12
 1.38948358588540e+06 -1.75452165480572e-10  1.59851904259052e-12
 1.39361772330249e+06 -9.71407718803003e-10  1.59851904259052e-12
 1.39775186071959e+06 -1.20871746732745e-09  1.59851904259052e-12
 1.40188599813668e+06 -7.19445751745163e-10  1.59851904259052e-12
 1.40602013555378e+06  1.55403355195075e-10  1.59851904259052e-12
 1.41015427297087e+06  7.87274833450348e-10  1.59851904259052e-12
 1.41428841038796e+06  7.11660386692185e-10  1.59851904259052e-12
 1.41842254780506e+06 -2.50465272701707e-11  1.59851904259052e-12
 1.42255668522215e+06 -9.10116509387146e-10  1.59851904259052e-12
 1.42669082263925e+06 -1.33807349421804e-09  1.59851904259052e-12
 1.43082496005634e+06 -1.02209851423677e-09  1.59851904259052e-12
 1.43495909747344e+06 -1.78495661402640e-10  1.59851904259052e-12
 1.43909323489053e+06  6.07587440869525e-10  1.59851904259052e-12
 1.44322737230762e+06  7.70489190971338e-10  1.59851904259052e-12
 1.44736150972472e+06  1.73872726480128e-10  1.59851904259052e-12
 1.45149564714181e+06 -7.75202919591227e-10  1.59851904259052e-12
 1.45562978455891e+06 -1.41158645322376e-09  1.59851904259052e-12
 1.45976392197600e+06 -1.29669593198826e-09  1.59851904259052e-12
 1.46389805939310e+06 -5.26079338908909e-10  1.59851904259052e-12
 1.46803219681019e+06  3.60593222239690e-10  1.59851904259052e-12
 1.47216633422728e+06  7.46573848902146e-10  1.59851904259052e-12
 1.47630047164438e+06  3.47151120618957e-10  1.59851904259052e-12
 1.48043460906147e+06 -5.83102802521092e-10  1.59851904259052e-12
 1.48456874647857e+06 -1.40615895364221e-09  1.59851904259052e-12
 1.48870288389566e+06 -1.54374869558716e-09  1.59851904259052e-12
 1.49283702131276e+06 -9.04628937816318e-10  1.59851904259052e-12
 1.49697115872985e+06  4.94617888136613e-11  1.59851904259052e-12
 1.50110529614694e+06  6.45538660280745e-10  1.59851904259052e-12
 1.50523943356404e+06  4.70642925854189e-10  1.59851904259052e-12
 1.50937357098113e+06 -3.57027077047903e-10  1.59851904259052e-12
 1.51350770839823e+06 -1.27696162288873e-09  1.59851904259052e-12
 1.51764184581532e+06 -1.65513173458745e-09  1.59851904259052e-12
 1.52177598323242e+06 -1.22032890443977e-09  1.59851904259052e-12
 1.52591012064951e+06 -2.76599070077331e-10  1.59851904259052e-12
 1.53004425806660e+06  5.01319563731528e-10  1.59851904259052e-12
 1.53417839548370e+06  5.55477717337081e-10  1.59851904259052e-12
 1.53831253290079e+06 -1.51564286553627e-10  1.59851904259052e-12
 1.54244667031789e+06 -1.12717663534400e-09  1.59851904259052e-12
 1.54658080773498e+06 -1.70551844553226e-09  1.59851904259052e-12
 1.55071494515208e+06 -1.49272093808643e-09  1.59851904259052e-12
 1.55484908256917e+06 -6.32983461534201e-10  1.59851904259052e-12
 1.55898321998627e+06  2.76041533053170e-10  1.59851904259052e-12
 1.56311735740336e+06  5.83519423274835e-10  1.59851904259052e-12
 1.56725149482045e+06  5.35395695667300e-11  1.59851904259052e-12
 1.57138563223755e+06 -9.45280926868724e-10  1.59851904259052e-12
 1.57551976965464e+06 -1.71136514984060e-09  1.59851904259052e-12
 1.57965390707174e+06 -1.71863792634009e-09  1.59851904259052e-12
 1.58378804448883e+06 -9.70843252851676e-10  1.59851904259052e-12
 1.58792218190593e+06  1.56437977467775e-11  1.59851904259052e-12
 1.59205631932302e+06  5.58019739939922e-10  1.59851904259052e-12
 1.59619045674011e+06  2.63074988088644e-10  1.59851904259052e-12
 1.60032459415721e+06 -6.85096126557521e-10  1.59851904259052e-12
 1.60445873157430e+06 -1.63157351410233e-09  1.59851904259052e-12
 1.60859286899140e+06 -1.91132517988129e-09  1.59851904259052e-12
 1.61272700640849e+06 -1.33514513147106e-09  1.59851904259052e-12
 1.61686114382559e+06 -3.22625786390030e-10  1.59851904259052e-12
 1.62099528124268e+06  4.17348822420822e-10  1.59851904259052e-12
 1.62512941865977e+06  3.73795417778006e-10  1.59851904259052e-12
 1.62926355607687e+06 -4.35185091290933e-10  1.59851904259052e-12
 1.63339769349396e+06 -1.46422963678379e-09  1.59851904259052e-12
 1.63753183091106e+06 -2.00139518620099e-09  1.59851904259052e-12
 1.64166596832815e+06 -1.66525865917447e-09  1.59851904259052e-12
 1.64580010574525e+06 -6.92049838689307e-10  1.59851904259052e-12
 1.64993424316234e+06  2.21978413829271e-10  1.59851904259052e-12
 1.65406838057943e+06  4.30902927517009e-10  1.59851904259052e-12
 1.65820251799653e+06 -2.02490398215735e-10  1.59851904259052e-12
 1.66233665541362e+06 -1.23687653490252e-09  1.59851904259052e-12
 1.66647079283072e+06 -1.96775297704141e-09  1.59851904259052e-12
 1.67060493024781e+06 -1.89010118599860e-09  1.59851904259052e-12
 1.67473906766491e+06 -1.04830722273596e-09  1.59851904259052e-12
 1.67887320508200e+06 -3.33205062613728e-11  1.59851904259052e-12
 1.68300734249909e+06  4.28878909067532e-10  1.59851904259052e-12
 1.68714147991619e+06  1.98784691005544e-12  1.59851904259052e-12
 1.69127561733328e+06 -1.01357554346481e-09  1.59851904259052e-12
 1.69540975475038e+06 -1.90421219211234e-09  1.59851904259052e-12
 1.69954389216747e+06 -2.06154847528514e-09  1.59851904259052e-12
 1.70367802958457e+06 -1.38316796891873e-09  1.59851904259052e-12
 1.70781216700166e+06 -3.28785314197191e-10  1.59851904259052e-12
 1.71194630441875e+06  3.70645809626726e-10  1.59851904259052e-12
 1.71608044183585e+06  2.11389136658373e-10  1.59851904259052e-12
 1.72021457925294e+06 -7.07828975911853e-10  1.59851904259052e-12
 1.72434871667004e+06 -1.74145844038145e-09  1.59851904259052e-12
 1.72848285408713e+06 -2.16188095168705e-09  1.59851904259052e-12
 1.73261699150423e+06 -1.67999247800135e-09  1.59851904259052e-12
 1.73675112892132e+06 -6.39520551143643e-10  1.59851904259052e-12
 1.74088526633841e+06  2.40699029297901e-10  1.59851904259052e-12
 1.74501940375551e+06  3.58383954827509e-10  1.59851904259052e-12
 1.74915354117260e+06 -3.81947440088317e-10  1.59851904259052e-12
 1.75328767858970e+06 -1.48266797927992e-09  1.59851904259052e-12
 1.75742181600679e+06 -2.17171087763973e-09  1.59851904259052e-12
 1.76155595342389e+06 -1.96179730648250e-09  1.59851904259052e-12
 1.76569009084098e+06 -1.00581180079017e-09  1.59851904259052e-12
 1.76982422825808e+06  1.90672333852707e-11  1.59851904259052e-12
 1.77395836567517e+06  3.98507795907127e-10  1.59851904259052e-12
 1.77809250309226e+06 -1.21173870836848e-10  1.59851904259052e-12
 1.78222664050936e+06 -1.18011530524501e-09  1.59851904259052e-12
 1.78636077792645e+06 -2.05467453390880e-09  1.59851904259052e-12
 1.79049491534355e+06 -2.13233207034232e-09  1.59851904259052e-12
 1.79462905276064e+06 -1.34400698861210e-09  1.59851904259052e-12
 1.79876319017774e+06 -2.44884571090848e-10  1.59851904259052e-12
 1.80289732759483e+06  3.81781602694284e-10  1.59851904259052e-12
 1.80703146501192e+06  9.89224945296544e-11  1.59851904259052e-12
 1.81116560242902e+06 -8.88424384838995e-10  1.59851904259052e-12
 1.81529973984611e+06 -1.89132257034693e-09  1.59851904259052e-12
 1.81943387726321e+06 -2.21885076671111e-09  1.59851904259052e-12
 1.82356801468030e+06 -1.64633094258894e-09  1.59851904259052e-12
 1.82770215209740e+06 -5.60814495475065e-10  1.59851904259052e-12
 1.83183628951449e+06  2.81238570525687e-10  1.59851904259052e-12
 1.83597042693158e+06  2.72847731869071e-10  1.59851904259052e-12
 1.84010456434868e+06 -5.86608769141316e-10  1.59851904259052e-12
 1.84423870176577e+06 -1.68757110805075e-09  1.59851904259052e-12
 1.84837283918287e+06 -2.25880210928305e-09  1.59851904259052e-12
 1.85250697659996e+06 -1.90776538197291e-09  1.59851904259052e-12
 1.85664111401706e+06 -8.78790202960554e-10  1.59851904259052e-12
 1.86077525143415e+06  1.22758580843038e-10  1.59851904259052e-12
 1.86490938885124e+06  4.07730355179107e-10  1.59851904259052e-12
 1.86904352626834e+06 -2.31447478421656e-10  1.59851904259052e-12
 1.87317766368543e+06 -1.36068406648182e-09  1.59851904259052e-12
 1.87731180110253e+06 -2.18204621524853e-09  1.59851904259052e-12
 1.88144593851962e+06 -2.11155717123593e-09  1.59851904259052e-12
 1.88558007593672e+06 -1.20666933311084e-09  1.59851904259052e-12
 1.88971421335381e+06 -1.00764898817038e-10  1.59851904259052e-12
 1.89384835077090e+06  4.47567950229663e-10  1.59851904259052e-12
 1.89798248818800e+06  6.59073566606782e-11  1.59851904259052e-12
 1.90211662560509e+06 -9.83308908904237e-10  1.59851904259052e-12
 1.90625076302219e+06 -1.97730292991570e-09  1.59851904259052e-12
 1.91038490043928e+06 -2.21524090476642e-09  1.59851904259052e-12
 1.91451903785638e+06 -1.51592721489405e-09  1.59851904259052e-12
 1.91865317527347e+06 -3.70005499544197e-10  1.59851904259052e-12
 1.92278731269056e+06  4.14784243533484e-10  1.59851904259052e-12
 1.92692145010766e+06  3.01665856495174e-10  1.59851904259052e-12
 1.93105558752475e+06 -6.14258030205035e-10  1.59851904259052e-12
 1.93518972494185e+06 -1.69332858918710e-09  1.59851904259052e-12
 1.93932386235894e+06 -2.18487436279182e-09  1.59851904259052e-12
 1.94345799977604e+06 -1.73643477706909e-09  1.59851904259052e-12
 1.94759213719313e+06 -6.46998890194713e-10  1.59851904259052e-12
 1.95172627461023e+06  3.25414034386464e-10  1.59851904259052e-12
 1.95586041202732e+06  4.90696065145137e-10  1.59851904259052e-12
 1.95999454944441e+06 -2.66012754003951e-10  1.59851904259052e-12
 1.96412868686151e+06 -1.40029097964102e-09  1.59851904259052e-12
 1.96826282427860e+06 -2.11568352190491e-09  1.59851904259052e-12
 1.97239696169570e+06 -1.91792587883194e-09  1.59851904259052e-12
 1.97653109911279e+06 -9.38967945965912e-10  1.59851904259052e-12
 1.98066523652989e+06  1.53281731663203e-10  1.59851904259052e-12
 1.98479937394698e+06  6.01546135691933e-10  1.59851904259052e-12
 1.98893351136407e+06  8.35547277742445e-11  1.59851904259052e-12
 1.99306764878117e+06 -1.04161095514987e-09  1.59851904259052e-12
 1.99720178619826e+06 -1.97452474052475e-09  1.59851904259052e-12
 2.00133592361536e+06 -2.05359679580041e-09  1.59851904259052e-12
 2.00547006103245e+06 -1.22839957679610e-09  1.59851904259052e-12
 2.00960419844955e+06 -7.27945476704569e-11  1.59851904259052e-12
 2.01373833586664e+06  6.26348644120039e-10  1.59851904259052e-12
 2.01787247328373e+06  3.92686657843134e-10  1.59851904259052e-12
 2.02200661070083e+06 -6.16902394664935e-10  1.59851904259052e-12
 2.02614074811792e+06 -1.70027111285689e-09  1.59851904259052e-12
 2.03027488553502e+06 -2.08913027390760e-09  1.59851904259052e-12
 2.03440902295211e+06 -1.50134505541239e-09  1.59851904259052e-12
 2.03854316036921e+06 -3.51396175110488e-10  1.59851904259052e-12
 2.04267729778630e+06  5.56698480376073e-10  1.59851904259052e-12
 2.04681143520339e+06  6.05631748473990e-10  1.59851904259052e-12
 2.05094557262049e+06 -2.22496850325576e-10  1.59851904259052e-12
 2.05507971003758e+06 -1.34883546932512e-09  1.59851904259052e-12
 2.05921384745468e+06 -1.98796078133934e-09  1.59851904259052e-12
 2.06334798487177e+06 -1.67990986633664e-09  1.59851904259052e-12
 2.06748212228887e+06 -6.23339802706107e-10  1.59851904259052e-12
 2.07161625970596e+06  4.44816619053465e-10  1.59851904259052e-12
 2.07575039712305e+06  7.76131967390266e-10  1.59851904259052e-12
 2.07988453454015e+06  1.52737418347727e-10  1.59851904259052e-12
 2.08401867195724e+06 -9.69594902160057e-10  1.59851904259052e-12
 2.08815280937434e+06 -1.79866953164531e-09  1.59851904259052e-12
 2.09228694679143e+06 -1.75347659236065e-09  1.59851904259052e-12
 2.09642108420853e+06 -8.51969495727444e-10  1.59851904259052e-12
 2.10055522162562e+06  2.96274409892073e-10  1.59851904259052e-12
 2.10468935904271e+06  8.95067129994426e-10  1.59851904259052e-12
 2.10882349645981e+06  5.20088034979826e-10  1.59851904259052e-12
 2.11295763387690e+06 -5.59127484922897e-10  1.59851904259052e-12
 2.11709177129400e+06 -1.56666540426154e-09  1.59851904259052e-12
 2.12122590871109e+06 -1.78883231950226e-09  1.59851904259052e-12
 2.12536004612819e+06 -1.07097052793829e-09  1.59851904259052e-12
 2.12949418354528e+06  9.80426468108532e-11  1.59851904259052e-12
 2.13362832096238e+06  9.23466701743279e-10  1.59851904259052e-12
 2.13776245837947e+06  8.39848967217844e-10  1.59851904259052e-12
 2.14189659579656e+06 -9.55055991125772e-11  1.59851904259052e-12
 2.14603073321366e+06 -1.22359973653989e-09  1.59851904259052e-12
 2.15016487063075e+06 -1.73644173295634e-09  1.59851904259052e-12
 2.15429900804785e+06 -1.26360960255215e-09  1.59851904259052e-12
 2.15843314546494e+06 -1.38660254881748e-10  1.59851904259052e-12
 2.16256728288204e+06  8.60433170741886e-10  1.59851904259052e-12
 2.16670142029913e+06  1.05965205866163e-09  1.59851904259052e-12
 2.17083555771622e+06  3.34965043977087e-10  1.59851904259052e-12
 2.17496969513332e+06 -8.05229566169472e-10  1.59851904259052e-12
 2.17910383255041e+06 -1.55942065952965e-09  1.59851904259052e-12
 2.18323796996751e+06 -1.38759327480191e-09  1.59851904259052e-12
 2.18737210738460e+06 -3.98285069559481e-10  1.59851904259052e-12
 2.19150624480170e+06  7.16635835147113e-10  1.59851904259052e-12
 2.19564038221879e+06  1.17820717430316e-09  1.59851904259052e-12
 2.19977451963588e+06  6.84343026756057e-10  1.59851904259052e-12
 2.20390865705298e+06 -3.97368449264732e-10  1.59851904259052e-12
 2.20804279447007e+06 -1.30713642112268e-09  1.59851904259052e-12
 2.21217693188717e+06 -1.40464087849214e-09  1.59851904259052e-12
 2.21631106930426e+06 -6.04562189757295e-10  1.59851904259052e-12
 2.22044520672136e+06  5.49359106652266e-10  1.59851904259052e-12
 2.22457934413845e+06  1.25548512521730e-09  1.59851904259052e-12
 2.22871348155554e+06  1.02130280142525e-09  1.59851904259052e-12
 2.23284761897264e+06  2.53097935496757e-11  1.59851904259052e-12
 2.23698175638973e+06 -1.01073838195941e-09  1.59851904259052e-12
 2.24111589380683e+06 -1.35286693804707e-09  1.59851904259052e-12
 2.24525003122392e+06 -7.61011576398669e-10  1.59851904259052e-12
 2.24938416864102e+06  3.69935477680737e-10  1.59851904259052e-12
 2.25351830605811e+06  1.27212805502141e-09  1.59851904259052e-12
 2.25765244347520e+06  1.32035548643201e-09  1.59851904259052e-12
 2.26178658089230e+06  4.84017766862390e-10  1.59851904259052e-12
 2.26592071830939e+06 -6.37458214239283e-10  1.59851904259052e-12
 2.27005485572649e+06 -1.23998097230701e-09  1.59851904259052e-12
 2.27418899314358e+06 -8.89111795530226e-10  1.59851904259052e-12
 2.27832313056068e+06  1.72603986770320e-10  1.59851904259052e-12
 2.28245726797777e+06  1.21632838658052e-09  1.59851904259052e-12
 2.28659140539486e+06  1.54200119269240e-09  1.59851904259052e-12
 2.29072554281196e+06  9.39062265854532e-10  1.59851904259052e-12
 2.29485968022905e+06 -1.65175880941753e-10  1.59851904259052e-12
 2.29899381764615e+06 -9.82344088152685e-10  1.59851904259052e-12
 2.30312795506324e+06 -9.21849547269712e-10  1.59851904259052e-12
 2.30726209248034e+06 -1.62848763710707e-11  1.59851904259052e-12
 2.31139622989743e+06  1.10503115524987e-09  1.59851904259052e-12
 2.31553036731452e+06  1.66775026863151e-09  1.59851904259052e-12
 2.31966450473162e+06  1.30368808738074e-09  1.59851904259052e-12
 2.32379864214871e+06  2.93714577956150e-10  1.59851904259052e-12
 2.32793277956581e+06 -6.48689836699094e-10  1.59851904259052e-12
 2.33206691698290e+06 -8.58828059859085e-10  1.59851904259052e-12
 2.33620105440000e+06 -1.70617799926832e-10  1.59851904259052e-12
 2.34033519181709e+06  9.45204002078782e-10  1.59851904259052e-12
 2.34446932923419e+06  1.70818384793124e-09  1.59851904259052e-12
 2.34860346665128e+06  1.59500680439315e-09  1.59851904259052e-12
 2.35273760406837e+06  7.07653647322431e-10  1.59851904259052e-12
 2.35687174148547e+06 -3.08722956261897e-10  1.59851904259052e-12
 2.36100587890256e+06 -7.32115320301953e-10  1.59851904259052e-12
 2.36514001631966e+06 -2.63221354014145e-10  1.59851904259052e-12
 2.36927415373675e+06  7.87546198529082e-10  1.59851904259052e-12
 2.37340829115385e+06  1.70561673040090e-09  1.59851904259052e-12
 2.37754242857094e+06  1.85279438620274e-09  1.59851904259052e-12
 2.38167656598803e+06  1.13199536299972e-09  1.59851904259052e-12
 2.38581070340513e+06  6.87001457887814e-11  1.59851904259052e-12
 2.38994484082222e+06 -5.74996256769989e-10  1.59851904259052e-12
 2.39407897823932e+06 -3.42613238982548e-10  1.59851904259052e-12
 2.39821311565641e+06  6.08259013188225e-10  1.59851904259052e-12
 2.40234725307351e+06  1.62581430498138e-09  1.59851904259052e-12
 2.40648139049060e+06  2.02098568351382e-09  1.59851904259052e-12
 2.41061552790769e+06  1.53272060259373e-09  1.59851904259052e-12
 2.41474966532479e+06  5.07445205111721e-10  1.59851904259052e-12
 2.41888380274188e+06 -3.21504548143802e-10  1.59851904259052e-12
 2.42301794015898e+06 -3.54097399177334e-10  1.59851904259052e-12
 2.42715207757607e+06  4.38830930367584e-10  1.59851904259052e-12
 2.43128621499317e+06  1.50678526210725e-09  1.59851904259052e-12
 2.43542035241026e+06  2.11934890415066e-09  1.59851904259052e-12
 2.43955448982735e+06  1.87623110201333e-09  1.59851904259052e-12
 2.44368862724445e+06  9.72747504535682e-10  1.59851904259052e-12
 2.44782276466154e+06  5.33110988666862e-11  1.59851904259052e-12
 2.45195690207864e+06 -2.28274308346392e-10  1.59851904259052e-12
 2.45609103949573e+06  3.42532578560341e-10  1.59851904259052e-12
 2.46022517691283e+06  1.37641350897782e-09  1.59851904259052e-12
 2.46435931432992e+06  2.14906620471599e-09  1.59851904259052e-12
 2.46849345174701e+06  2.13419881707433e-09  1.59851904259052e-12
 2.47262758916411e+06  1.37394204995262e-09  1.59851904259052e-12
 2.47676172658120e+06  4.24922085406141e-10  1.59851904259052e-12
 2.48089586399830e+06 -3.73010583558659e-11  1.59851904259052e-12
 2.48503000141539e+06  3.18513021990598e-10  1.59851904259052e-12
 2.48916413883249e+06  1.25856197853064e-09  1.59851904259052e-12
 2.49329827624958e+06  2.14075449624257e-09  1.59851904259052e-12
 2.49743241366667e+06  2.35414915748391e-09  1.59851904259052e-12
 2.50156655108377e+06  1.76346328670738e-09  1.59851904259052e-12
 2.50570068850086e+06  8.10921343834554e-10  1.59851904259052e-12
 2.50983482591796e+06  1.86921380768606e-10  1.59851904259052e-12
 2.51396896333505e+06  3.35061477505049e-10  1.59851904259052e-12
 2.51810310075215e+06  1.15640548756306e-09  1.59851904259052e-12
 2.52223723816924e+06  2.09337157257699e-09  1.59851904259052e-12
 2.52637137558634e+06  2.50993401270702e-09  1.59851904259052e-12
 2.53050551300343e+06  2.12721725757582e-09  1.59851904259052e-12
 2.53463965042052e+06  1.22287013820949e-09  1.59851904259052e-12
 2.53877378783762e+06  4.45204019978965e-10  1.59851904259052e-12
 2.54290792525471e+06  3.54568135273366e-10  1.59851904259052e-12
 2.54704206267181e+06  1.01600041654205e-09  1.59851904259052e-12
 2.55117620008890e+06  1.96638875004644e-09  1.59851904259052e-12
 2.55531033750600e+06  2.55774590199838e-09  1.59851904259052e-12
 2.55944447492309e+06  2.40316330093609e-09  1.59851904259052e-12
 2.56357861234018e+06  1.63044562499943e-09  1.59851904259052e-12
 2.56771274975728e+06  7.88634479000780e-10  1.59851904259052e-12
 2.57184688717437e+06  4.78856325560184e-10  1.59851904259052e-12
 2.57598102459147e+06  9.31894687807735e-10  1.59851904259052e-12
 2.58011516200856e+06  1.83261265853283e-09  1.59851904259052e-12
 2.58424929942566e+06  2.55137337597154e-09  1.59851904259052e-12
 2.58838343684275e+06  2.60166152840944e-09  1.59851904259052e-12
 2.59251757425984e+06  1.97922215887648e-09  1.59851904259052e-12
 2.59665171167694e+06  1.14226919230001e-09  1.59851904259052e-12
 2.60078584909403e+06  6.82154723433390e-10  1.59851904259052e-12
 2.60491998651113e+06  9.27845676686142e-10  1.59851904259052e-12
 2.60905412392822e+06  1.71801933267245e-09  1.59851904259052e-12
 2.61318826134532e+06  2.50366827750308e-09  1.59851904259052e-12
 2.61732239876241e+06  2.73657475707422e-09  1.59851904259052e-12
 2.62145653617950e+06  2.27079677133817e-09  1.59851904259052e-12
 2.62559067359660e+06  1.46349061417568e-09  1.59851904259052e-12
 2.62972481101369e+06  9.00104589654257e-10  1.59851904259052e-12
 2.63385894843079e+06  9.81995440233446e-10  1.59851904259052e-12
 2.63799308584788e+06  1.65800650869906e-09  1.59851904259052e-12
 2.64212722326498e+06  2.46869083081996e-09  1.59851904259052e-12
 2.64626136068207e+06  2.86470754051543e-09  1.59851904259052e-12
 2.65039549809916e+06  2.57983123211009e-09  1.59851904259052e-12
 2.65452963551626e+06  1.83015467534424e-09  1.59851904259052e-12
 2.65866377293335e+06  1.16590993129032e-09  1.59851904259052e-12
 2.66279791035045e+06  1.06521562686313e-09  1.59851904259052e-12
 2.66693204776754e+06  1.59872886702771e-09  1.59851904259052e-12
 2.67106618518464e+06  2.39584268673812e-09  1.59851904259052e-12
 2.67520032260173e+06  2.91568725206014e-09  1.59851904259052e-12
 2.67933446001882e+06  2.81811710360664e-09  1.59851904259052e-12
 2.68346859743592e+06  2.18817827328205e-09  1.59851904259052e-12
 2.68760273485301e+06  1.47775321690157e-09  1.59851904259052e-12
 2.69173687227011e+06  1.19558687884449e-09  1.59851904259052e-12
 2.69587100968720e+06  1.54859406709722e-09  1.59851904259052e-12
 2.70000514710430e+06  2.28642272473727e-09  1.59851904259052e-12
 2.70413928452139e+06  2.89442992473274e-09  1.59851904259052e-12
 2.70827342193849e+06  2.97218605273759e-09  1.59851904259052e-12
 2.71240755935558e+06  2.49274459936117e-09  1.59851904259052e-12
 2.71654169677267e+06  1.81017342252844e-09  1.59851904259052e-12
 2.72067583418977e+06  1.41205592797372e-09  1.59851904259052e-12
 2.72480997160686e+06  1.58054425969425e-09  1.59851904259052e-12
 2.72894410902396e+06  2.20207789329169e-09  1.59851904259052e-12
 2.73307824644105e+06  2.83997974122458e-09  1.59851904259052e-12
 2.73721238385815e+06  3.04809624562645e-09  1.59851904259052e-12
 2.74134652127524e+06  2.69898286612349e-09  1.59851904259052e-12
 2.74548065869233e+06  2.06191477028941e-09  1.59851904259052e-12
 2.74961479610943e+06  1.59517584306484e-09  1.59851904259052e-12
 2.75374893352652e+06  1.62678699760281e-09  1.59851904259052e-12
 2.75788307094362e+06  2.13731649824011e-09  1.59851904259052e-12
 2.76201720836071e+06  2.77129749416822e-09  1.59851904259052e-12
 2.76615134577781e+06  3.08916856791964e-09  1.59851904259052e-12
 2.77028548319490e+06  2.87882043161761e-09  1.59851904259052e-12
 2.77441962061199e+06  2.30086126362221e-09  1.59851904259052e-12
 2.77855375802909e+06  1.78120832473997e-09  1.59851904259052e-12
 2.78268789544618e+06  1.69598236225949e-09  1.59851904259052e-12
 2.78682203286328e+06  2.10109894129595e-09  1.59851904259052e-12
 2.79095617028037e+06  2.71596558448812e-09  1.59851904259052e-12
 2.79509030769747e+06  3.12107183717304e-09  1.59851904259052e-12
 2.79922444511456e+06  3.04645995630679e-09  1.59851904259052e-12
 2.80335858253165e+06  2.55962899962630e-09  1.59851904259052e-12
 2.80749271994875e+06  2.01291730867272e-09  1.59851904259052e-12
 2.81162685736584e+06  1.79647743133085e-09  1.59851904259052e-12
 2.81576099478294e+06  2.06345929642517e-09  1.59851904259052e-12
 2.81989513220003e+06  2.62260191363979e-09  1.59851904259052e-12
 2.82402926961713e+06  3.08184278456098e-09  1.59851904259052e-12
 2.82816340703422e+06  3.13822799429387e-09  1.59851904259052e-12
 2.83229754445131e+06  2.77882232434347e-09  1.59851904259052e-12
 2.83643168186841e+06  2.27054632920850e-09  1.59851904259052e-12
 2.84056581928550e+06  1.97988256587986e-09  1.59851904259052e-12
 2.84469995670260e+06  2.11320976776267e-09  1.59851904259052e-12
 2.84883409411969e+06  2.57388567483644e-09  1.59851904259052e-12
 2.85296823153679e+06  3.04143955941132e-09  1.59851904259052e-12
 2.85710236895388e+06  3.19431921459082e-09  1.59851904259052e-12
 2.86123650637097e+06  2.94404232667553e-09  1.59851904259052e-12
 2.86537064378807e+06  2.49272163468296e-09  1.59851904259052e-12
 2.86950478120516e+06  2.17032740819844e-09  1.59851904259052e-12
 2.87363891862226e+06  2.20265185479829e-09  1.59851904259052e-12
 2.87777305603935e+06  2.56347117323138e-09  1.59851904259052e-12
 2.88190719345645e+06  2.99839502868169e-09  1.59851904259052e-12
 2.88604133087354e+06  3.20296242788347e-09  1.59851904259052e-12
 2.89017546829063e+06  3.04064156496043e-09  1.59851904259052e-12
 2.89430960570773e+06  2.63773834963918e-09  1.59851904259052e-12
 2.89844374312482e+06  2.29034481615864e-09  1.59851904259052e-12
 2.90257788054192e+06  2.25281307329106e-09  1.59851904259052e-12
 2.90671201795901e+06  2.54725250067522e-09  1.59851904259052e-12
 2.91084615537611e+06  2.96171323236972e-09  1.59851904259052e-12
 2.91498029279320e+06  3.21363927234813e-09  1.59851904259052e-12
 2.91911443021030e+06  3.13512642746620e-09  1.59851904259052e-12
 2.92324856762739e+06  2.78928196584456e-09  1.59851904259052e-12
 2.92738270504448e+06  2.42644172710183e-09  1.59851904259052e-12
 2.93151684246158e+06  2.30570318696754e-09  1.59851904259052e-12
 2.93565097987867e+06  2.51129731917562e-09  1.59851904259052e-12
 2.93978511729577e+06  2.89017091549213e-09  1.59851904259052e-12
 2.94391925471286e+06  3.17082687889254e-09  1.59851904259052e-12
 2.94805339212996e+06  3.16430469051437e-09  1.59851904259052e-12
 2.95218752954705e+06  2.89142420913358e-09  1.59851904259052e-12
 2.95632166696414e+06  2.55151385177041e-09  1.59851904259052e-12
 2.96045580438124e+06  2.38053589124356e-09  1.59851904259052e-12
 2.96458994179833e+06  2.49600132176955e-09  1.59851904259052e-12
 2.96872407921543e+06  2.80897378903064e-09  1.59851904259052e-12
 2.97285821663252e+06  3.09104292375595e-09  1.59851904259052e-12
 2.97699235404962e+06  3.14593753356768e-09  1.59851904259052e-12
 2.98112649146671e+06  2.94963336838971e-09  1.59851904259052e-12
 2.98526062888380e+06  2.66303809407128e-09  1.59851904259052e-12
 2.98939476630090e+06  2.49820182198589e-09  1.59851904259052e-12
 2.99352890371799e+06  2.56636091694950e-09  1.59851904259052e-12
 2.99766304113509e+06  2.81313803215134e-09  1.59851904259052e-12
 3.00179717855218e+06  3.05992194541224e-09  1.59851904259052e-12
 3.00593131596928e+06  3.13059084103666e-09  1.59851904259052e-12
 3.01006545338637e+06  2.97703648967076e-09  1.59851904259052e-12
 3.01419959080346e+06  2.72023471724503e-09  1.59851904259052e-12
 3.01833372822056e+06  2.55637799645493e-09  1.59851904259052e-12
 3.02246786563765e+06  2.60277962143434e-09  1.59851904259052e-12
 3.02660200305475e+06  2.81987316700266e-09  1.59851904259052e-12
 3.03073614047184e+06  3.04802640938253e-09  1.59851904259052e-12
 3.03487027788894e+06  3.12821957899900e-09  1.59851904259052e-12
 3.03900441530603e+06  3.00887587416848e-09  1.59851904259052e-12
 3.04313855272312e+06  2.77719472854443e-09  1.59851904259052e-12
 3.04727269014022e+06  2.60493918710013e-09  1.59851904259052e-12
 3.05140682755731e+06  2.62080111174399e-09  1.59851904259052e-12
 3.05554096497441e+06  2.81336466218163e-09  1.59851904259052e-12
 3.05967510239150e+06  3.04003280643906e-09  1.59851904259052e-12
 3.06380923980860e+06  3.13848729634040e-09  1.59851904259052e-12
 3.06794337722569e+06  3.04818629169023e-09  1.59851904259052e-12
 3.07207751464278e+06  2.83882111064353e-09  1.59851904259052e-12
 3.07621165205988e+06  2.66011406074414e-09  1.59851904259052e-12
 3.08034578947697e+06  2.63708930660957e-09  1.59851904259052e-12
 3.08447992689407e+06  2.77872361199090e-09  1.59851904259052e-12
 3.08861406431116e+06  2.97562290523485e-09  1.59851904259052e-12
 3.09274820172826e+06  3.07593489493277e-09  1.59851904259052e-12
 3.09688233914535e+06  3.00411404251166e-09  1.59851904259052e-12
 3.10101647656245e+06  2.81932161291278e-09  1.59851904259052e-12
 3.10515061397954e+06  2.66111944249795e-09  1.59851904259052e-12
 3.10928475139663e+06  2.64349930483574e-09  1.59851904259052e-12
 3.11341888881373e+06  2.77308316018244e-09  1.59851904259052e-12
 3.11755302623082e+06  2.94925849839121e-09  1.59851904259052e-12
 3.12168716364792e+06  3.03379092084757e-09  1.59851904259052e-12
 3.12582130106501e+06  2.95593018526513e-09  1.59851904259052e-12
 3.12995543848211e+06  2.77137103107695e-09  1.59851904259052e-12
 3.13408957589920e+06  2.61599151791944e-09  1.59851904259052e-12
 3.13822371331629e+06  2.60897110082481e-09  1.59851904259052e-12
 3.14235785073339e+06  2.75550789395679e-09  1.59851904259052e-12
 3.14649198815048e+06  2.93934184166601e-09  1.59851904259052e-12
 3.15062612556758e+06  3.01916579812967e-09  1.59851904259052e-12
 3.15476026298467e+06  2.92457429634262e-09  1.59851904259052e-12
 3.15889440040177e+06  2.71233025308142e-09  1.59851904259052e-12
 3.16302853781886e+06  2.53259850234762e-09  1.59851904259052e-12
 3.16716267523595e+06  2.51410715700086e-09  1.59851904259052e-12
 3.17129681265305e+06  2.67026762838684e-09  1.59851904259052e-12
 3.17543095007014e+06  2.88741455372909e-09  1.59851904259052e-12
 3.17956508748724e+06  3.00558934712567e-09  1.59851904259052e-12
 3.18369922490433e+06  2.93273773524683e-09  1.59851904259052e-12
 3.18783336232143e+06  2.71804151246394e-09  1.59851904259052e-12
 3.19196749973852e+06  2.51638598808999e-09  1.59851904259052e-12
 3.19610163715561e+06  2.46999110267330e-09  1.59851904259052e-12
 3.20023577457271e+06  2.61325448833148e-09  1.59851904259052e-12
 3.20436991198980e+06  2.83932617609688e-09  1.59851904259052e-12
 3.20850404940690e+06  2.97785481308599e-09  1.59851904259052e-12
 3.21263818682399e+06  2.92697921522142e-09  1.59851904259052e-12
 3.21677232424109e+06  2.71475183927256e-09  1.59851904259052e-12
 3.22090646165818e+06  2.48856404915995e-09  1.59851904259052e-12
 3.22504059907527e+06  2.41450709934868e-09  1.59851904259052e-12
 3.22917473649237e+06  2.54470720476121e-09  1.59851904259052e-12
 3.23330887390946e+06  2.78022941609753e-09  1.59851904259052e-12
 3.23744301132656e+06  2.94277191382817e-09  1.59851904259052e-12
 3.24157714874365e+06  2.90415075150906e-09  1.59851904259052e-12
 3.24571128616075e+06  2.68114189399045e-09  1.59851904259052e-12
 3.24984542357784e+06  2.42792046344964e-09  1.59851904259052e-12
 3.25397956099493e+06  2.32522712710683e-09  1.59851904259052e-12
 3.25811369841203e+06  2.45091308529339e-09  1.59851904259052e-12
 3.26224783582912e+06  2.72464651858998e-09  1.59851904259052e-12
 3.26638197324622e+06  2.94469095629351e-09  1.59851904259052e-12
 3.27051611066331e+06  2.93615189871581e-09  1.59851904259052e-12
 3.27465024808041e+06  2.69184957151454e-09  1.59851904259052e-12
 3.27878438549750e+06  2.36964608733424e-09  1.59851904259052e-12
 3.28291852291459e+06  2.18922903751559e-09  1.59851904259052e-12
 3.28705266033169e+06  2.27663444306801e-09  1.59851904259052e-12
 3.29118679774878e+06  2.56734386182999e-09  1.59851904259052e-12
 3.29532093516588e+06  2.85476149253794e-09  1.59851904259052e-12
 3.29945507258297e+06  2.92350069910964e-09  1.59851904259052e-12
 3.30358921000007e+06  2.70190049101940e-09  1.59851904259052e-12
 3.30772334741716e+06  2.32981182606347e-09  1.59851904259052e-12
 3.31185748483426e+06  2.06439405644688e-09  1.59851904259052e-12
 3.31599162225135e+06  2.08711494590107e-09  1.59851904259052e-12
 3.32012575966844e+06  2.37371273235168e-09  1.59851904259052e-12
 3.32425989708554e+06  2.71951072094731e-09  1.59851904259052e-12
 3.32839403450263e+06  2.87287894273405e-09  1.59851904259052e-12
 3.33252817191973e+06  2.71258315807472e-09  1.59851904259052e-12
 3.33666230933682e+06  2.33895724776857e-09  1.59851904259052e-12
 3.34079644675392e+06  2.00376819494143e-09  1.59851904259052e-12
 3.34493058417101e+06  1.94475451632781e-09  1.59851904259052e-12
 3.34906472158810e+06  2.20186406374886e-09  1.59851904259052e-12
 3.35319885900520e+06  2.57803346294231e-09  1.59851904259052e-12
 3.35733299642229e+06  2.79477492682307e-09  1.59851904259052e-12
 3.36146713383939e+06  2.68581941998722e-09  1.59851904259052e-12
 3.36560127125648e+06  2.31124607294946e-09  1.59851904259052e-12
 3.36973540867358e+06  1.92186061940309e-09  1.59851904259052e-12
 3.37386954609067e+06  1.78834166098340e-09  1.59851904259052e-12
 3.37800368350776e+06  2.00896857314627e-09  1.59851904259052e-12
 3.38213782092486e+06  2.42989114425945e-09  1.59851904259052e-12
 3.38627195834195e+06  2.74635307854690e-09  1.59851904259052e-12
 3.39040609575905e+06  2.71715395627331e-09  1.59851904259052e-12
 3.39454023317614e+06  2.34902942945821e-09  1.59851904259052e-12
 3.39867437059324e+06  1.89178811249577e-09  1.59851904259052e-12
 3.40280850801033e+06  1.65570893572853e-09  1.59851904259052e-12
 3.40694264542742e+06  1.80816804066736e-09  1.59851904259052e-12
 3.41107678284452e+06  2.24987559437530e-09  1.59851904259052e-12
 3.41521092026161e+06  2.67070241307266e-09  1.59851904259052e-12
 3.41934505767871e+06  2.76425385605581e-09  1.59851904259052e-12
 3.42347919509580e+06  2.44172907795052e-09  1.59851904259052e-12
 3.42761333251290e+06  1.91029807829683e-09  1.59851904259052e-12
 3.43174746992999e+06  1.53262009625071e-09  1.59851904259052e-12
 3.43588160734708e+06  1.56491641363490e-09  1.59851904259052e-12
 3.44001574476418e+06  1.97870544924453e-09  1.59851904259052e-12
 3.44414988218127e+06  2.48265573461391e-09  1.59851904259052e-12
 3.44828401959837e+06  2.71965677352792e-09  1.59851904259052e-12
 3.45241815701546e+06  2.50606733109095e-09  1.59851904259052e-12
 3.45655229443256e+06  1.97155634222880e-09  1.59851904259052e-12
 3.46068643184965e+06  1.48039023508179e-09  1.59851904259052e-12
 3.46482056926674e+06  1.37290225002807e-09  1.59851904259052e-12
 3.46895470668384e+06  1.72262859695983e-09  1.59851904259052e-12
 3.47308884410093e+06  2.27475735217059e-09  1.59851904259052e-12
 3.47722298151803e+06  2.62859415117941e-09  1.59851904259052e-12
 3.48135711893512e+06  2.52275149822774e-09  1.59851904259052e-12
 3.48549125635222e+06  2.01162034359038e-09  1.59851904259052e-12
 3.48962539376931e+06  1.43505278545758e-09  1.59851904259052e-12
 3.49375953118641e+06  1.18836285306768e-09  1.59851904259052e-12
 3.49789366860350e+06  1.44389722388477e-09  1.59851904259052e-12
 3.50202780602059e+06  2.01783849569345e-09  1.59851904259052e-12
 3.50616194343769e+06  2.48958043441727e-09  1.59851904259052e-12
 3.51029608085478e+06  2.50485595066235e-09  1.59851904259052e-12
 3.51443021827188e+06  2.03063103466662e-09  1.59851904259052e-12
 3.51856435568897e+06  1.38279190835424e-09  1.59851904259052e-12
 3.52269849310607e+06  1.00406032247410e-09  1.59851904259052e-12
 3.52683263052316e+06  1.15466924076434e-09  1.59851904259052e-12
 3.53096676794025e+06  1.73508501052014e-09  1.59851904259052e-12
 3.53510090535735e+06  2.34023304779271e-09  1.59851904259052e-12
 3.53923504277444e+06  2.53048055164010e-09  1.59851904259052e-12
 3.54336918019154e+06  2.14763633393991e-09  1.59851904259052e-12
 3.54750331760863e+06  1.44016784166351e-09  1.59851904259052e-12
 3.55163745502573e+06  8.92788611873761e-10  1.59851904259052e-12
 3.55577159244282e+06  8.79313735256537e-10  1.59851904259052e-12
 3.55990572985991e+06  1.40481190751964e-09  1.59851904259052e-12
 3.56403986727701e+06  2.10258533914541e-09  1.59851904259052e-12
 3.56817400469410e+06  2.48112430736231e-09  1.59851904259052e-12
 3.57230814211120e+06  2.25960447525854e-09  1.59851904259052e-12
 3.57644227952829e+06  1.56557910490407e-09  1.59851904259052e-12
 3.58057641694539e+06  8.68351344421313e-10  1.59851904259052e-12
 3.58471055436248e+06  6.54354751087060e-10  1.59851904259052e-12
 3.58884469177957e+06  1.06949699647497e-09  1.59851904259052e-12
 3.59297882919667e+06  1.81763106211068e-09  1.59851904259052e-12
 3.59711296661376e+06  2.37121919521375e-09  1.59851904259052e-12
 3.60124710403086e+06  2.33587015628852e-09  1.59851904259052e-12
 3.60538124144795e+06  1.72116950854258e-09  1.59851904259052e-12
 3.60951537886505e+06  9.39610417751980e-10  1.59851904259052e-12
 3.61364951628214e+06  5.31009326224928e-10  1.59851904259052e-12
 3.61778365369923e+06  7.86997699889625e-10  1.59851904259052e-12
 3.62191779111633e+06  1.53182000143713e-09  1.59851904259052e-12
 3.62605192853342e+06  2.22781893915832e-09  1.59851904259052e-12
 3.63018606595052e+06  2.36542926037517e-09  1.59851904259052e-12
 3.63432020336761e+06  1.83296354934611e-09  1.59851904259052e-12
 3.63845434078471e+06  9.83483619676619e-10  1.59851904259052e-12
 3.64258847820180e+06  3.95510717757407e-10  1.59851904259052e-12
 3.64672261561889e+06  4.78130077984818e-10  1.59851904259052e-12
 3.65085675303599e+06  1.17901124988047e-09  1.59851904259052e-12
 3.65499089045308e+06  2.00845078790436e-09  1.59851904259052e-12
 3.65912502787018e+06  2.36478956236604e-09  1.59851904259052e-12
 3.66325916528727e+06  1.96697520450937e-09  1.59851904259052e-12
 3.66739330270437e+06  1.07546925345215e-09  1.59851904259052e-12
 3.67152744012146e+06  3.05242869526053e-10  1.59851904259052e-12
 3.67566157753856e+06  1.83527565650710e-10  1.59851904259052e-12
 3.67979571495565e+06  7.92346442848114e-10  1.59851904259052e-12
 3.68392985237274e+06  1.71428386116954e-09  1.59851904259052e-12
 3.68806398978984e+06  2.29902934249127e-09  1.59851904259052e-12
 3.69219812720693e+06  2.11339162554171e-09  1.59851904259052e-12
 3.69633226462403e+06  1.25858988008849e-09  1.59851904259052e-12
 3.70046640204112e+06  3.11775293871989e-10  1.59851904259052e-12
 3.70460053945822e+06 -6.95468718555873e-11  1.59851904259052e-12
 3.70873467687531e+06  3.73593941753558e-10  1.59851904259052e-12
 3.71286881429240e+06  1.31828711178361e-09  1.59851904259052e-12
 3.71700295170950e+06  2.10260307164729e-09  1.59851904259052e-12
 3.72113708912659e+06  2.17111071654657e-09  1.59851904259052e-12
 3.72527122654369e+06  1.45194784956740e-09  1.59851904259052e-12
 3.72940536396078e+06  4.26147243708388e-10  1.59851904259052e-12
 3.73353950137788e+06 -1.95175362206763e-10  1.59851904259052e-12
 3.73767363879497e+06  2.65977476115463e-11  1.59851904259052e-12
 3.74180777621206e+06  9.37750914880213e-10  1.59851904259052e-12
 3.74594191362916e+06  1.89092149743546e-09  1.59851904259052e-12
 3.75007605104625e+06  2.20413525075608e-09  1.59851904259052e-12
 3.75421018846335e+06  1.65013604590939e-09  1.59851904259052e-12
 3.75834432588044e+06  6.02297383524014e-10  1.59851904259052e-12
 3.76247846329754e+06 -2.25180551445919e-10  1.59851904259052e-12
 3.76661260071463e+06 -2.48652980460595e-10  1.59851904259052e-12
 3.77074673813172e+06  5.62158998234639e-10  1.59851904259052e-12
 3.77488087554882e+06  1.63765784827126e-09  1.59851904259052e-12
 3.77901501296591e+06  2.20773456728874e-09  1.59851904259052e-12
 3.78314915038301e+06  1.84740803144031e-09  1.59851904259052e-12
 3.78728328780010e+06  7.92106179301678e-10  1.59851904259052e-12
 3.79141742521720e+06 -2.26561120166661e-10  1.59851904259052e-12
 3.79555156263429e+06 -5.03573141213406e-10  1.59851904259052e-12
 3.79968570005138e+06  1.58986946523648e-10  1.59851904259052e-12
 3.80381983746848e+06  1.31443632522599e-09  1.59851904259052e-12
 3.80795397488557e+06  2.15414956418033e-09  1.59851904259052e-12
 3.81208811230267e+06  2.06456738717218e-09  1.59851904259052e-12
 3.81622224971976e+06  1.08499228067203e-09  1.59851904259052e-12
 3.82035638713686e+06 -1.09710131831570e-10  1.59851904259052e-12
 3.82449052455395e+06 -6.87849749448255e-10  1.59851904259052e-12
 3.82862466197104e+06 -2.44718201699410e-10  1.59851904259052e-12
 3.83275879938814e+06  9.06151604579622e-10  1.59851904259052e-12
 3.83689293680523e+06  1.95933759237627e-09  1.59851904259052e-12
 3.84102707422233e+06  2.17458006522963e-09  1.59851904259052e-12
 3.84516121163942e+06  1.37469125846564e-09  1.59851904259052e-12
 3.84929534905652e+06  9.31755003302621e-11  1.59851904259052e-12
 3.85342948647361e+06 -7.78330431201904e-10  1.59851904259052e-12
 3.85756362389070e+06 -6.29107641497965e-10  1.59851904259052e-12
 3.86169776130780e+06  4.31144509349818e-10  1.59851904259052e-12
 3.86583189872489e+06  1.64902614716649e-09  1.59851904259052e-12
 3.86996603614199e+06  2.16056439710082e-09  1.59851904259052e-12
 3.87410017355908e+06  1.59827171526163e-09  1.59851904259052e-12
 3.87823431097618e+06  3.41687179600282e-10  1.59851904259052e-12
 3.88236844839327e+06 -7.47771200749649e-10  1.59851904259052e-12
 3.88650258581037e+06 -9.08081137943578e-10  1.59851904259052e-12
 3.89063672322746e+06 -1.13564158782308e-11  1.59851904259052e-12
 3.89477086064455e+06  1.31089980124805e-09  1.59851904259052e-12
 3.89890499806165e+06  2.11125108258938e-09  1.59851904259052e-12
 3.90303913547874e+06  1.81201438505587e-09  1.59851904259052e-12
 3.90717327289584e+06  6.09511857972504e-10  1.59851904259052e-12
 3.91130741031293e+06 -6.64645386869637e-10  1.59851904259052e-12
 3.91544154773003e+06 -1.12648286080875e-09  1.59851904259052e-12
 3.91957568514712e+06 -4.49534824098891e-10  1.59851904259052e-12
 3.92370982256421e+06  9.08759543138941e-10  1.59851904259052e-12
 3.92784395998131e+06  1.99741282482727e-09  1.59851904259052e-12
 3.93197809739840e+06  2.02733304529470e-09  1.59851904259052e-12
 3.93611223481550e+06  9.53447701847937e-10  1.59851904259052e-12
 3.94024637223259e+06 -4.76813823591167e-10  1.59851904259052e-12
 3.94438050964969e+06 -1.26170789631270e-09  1.59851904259052e-12
 3.94851464706678e+06 -8.51999693460308e-10  1.59851904259052e-12
 3.95264878448387e+06  4.73976148336840e-10  1.59851904259052e-12
 3.95678292190097e+06  1.79938180460318e-09  1.59851904259052e-12
 3.96091705931806e+06  2.19676147589940e-09  1.59851904259052e-12
 3.96505119673516e+06  1.36859142306092e-09  1.59851904259052e-12
 3.96918533415225e+06 -1.27219746507584e-10  1.59851904259052e-12
 3.97331947156935e+06 -1.24052914632598e-09  1.59851904259052e-12
 3.97745360898644e+06 -1.18015079111887e-09  1.59851904259052e-12
 3.98158774640353e+06  8.70810941671911e-12  1.59851904259052e-12
 3.98572188382063e+06  1.48703476963013e-09  1.59851904259052e-12
 3.98985602123772e+06  2.21998474270767e-09  1.59851904259052e-12
 3.99399015865482e+06  1.69171284592697e-09  1.59851904259052e-12
 3.99812429607191e+06  2.56938470479951e-10  1.59851904259052e-12
 4.00225843348901e+06 -1.09328706204796e-09  1.59851904259052e-12
 4.00639257090610e+06 -1.40686535802632e-09  1.59851904259052e-12
 4.01052670832319e+06 -4.49128721191573e-10  1.59851904259052e-12
 4.01466084574029e+06  1.10546366279961e-09  1.59851904259052e-12
 4.01879498315738e+06  2.14781636710670e-09  1.59851904259052e-12
 4.02292912057448e+06  1.93916501736068e-09  1.59851904259052e-12
 4.02706325799157e+06  6.26761889336564e-10  1.59851904259052e-12
 4.03119739540867e+06 -8.79737185356863e-10  1.59851904259052e-12
 4.03533153282576e+06 -1.53376059782256e-09  1.59851904259052e-12
 4.03946567024285e+06 -8.67242589810087e-10  1.59851904259052e-12
 4.04359980765995e+06  6.67890763242249e-10  1.59851904259052e-12
 4.04773394507704e+06  1.98979572402298e-09  1.59851904259052e-12
 4.05186808249414e+06  2.14617157876485e-09  1.59851904259052e-12
 4.05600221991123e+06  1.00954543984361e-09  1.59851904259052e-12
 4.06013635732833e+06 -6.26046202129158e-10  1.59851904259052e-12
 4.06427049474542e+06 -1.61867354298727e-09  1.59851904259052e-12
 4.06840463216252e+06 -1.28072161653687e-09  1.59851904259052e-12
 4.07253876957961e+06  1.56972970870986e-10  1.59851904259052e-12
 4.07667290699670e+06  1.70260232612254e-09  1.59851904259052e-12
 4.08080704441380e+06  2.26878164823734e-09  1.59851904259052e-12
 4.08494118183089e+06  1.43402954828942e-09  1.59851904259052e-12
 4.08907531924799e+06 -2.32246805870045e-10  1.59851904259052e-12
 4.09320945666508e+06 -1.55858313553691e-09  1.59851904259052e-12
 4.09734359408218e+06 -1.60904204559275e-09  1.59851904259052e-12
 4.10147773149927e+06 -3.50680580306946e-10  1.59851904259052e-12
 4.10561186891636e+06  1.33484427222285e-09  1.59851904259052e-12
 4.10974600633346e+06  2.27693816879552e-09  1.59851904259052e-12
 4.11388014375055e+06  1.81761326489888e-09  1.59851904259052e-12
 4.11801428116765e+06  2.61586149661870e-10  1.59851904259052e-12
 4.12214841858474e+06 -1.31119726388396e-09  1.59851904259052e-12
 4.12628255600184e+06 -1.78441967688157e-09  1.59851904259052e-12
 4.13041669341893e+06 -8.13607866715232e-10  1.59851904259052e-12
 4.13455083083602e+06  9.13503610775437e-10  1.59851904259052e-12
