#time(au), s(t), s(t) without exp(iwt)
 0.00000000000000e+01  0.00000000000000e+00  0.00000000000000e+00
 4.13413741709430e+02  1.62431975621015e-18 -6.53191735923182e-18
 8.26827483418859e+02  1.53491649639892e-18 -4.19641544946653e-18
 1.24024122512829e+03 -6.41453686429088e-19 -2.36224705793652e-18
 1.65365496683772e+03 -4.84555379936129e-18 -1.61316353969495e-18
 2.06706870854715e+03  6.23369707249273e-18  4.58705473880104e-18
 2.48048245025658e+03 -2.46167949330649e-17 -2.37156839158916e-18
 2.89389619196601e+03  4.30512173841773e-17  1.47476965766019e-17
 3.30730993367544e+03 -7.85878199374674e-17  2.56751964671950e-17
 3.72072367538487e+03  1.73831395197880e-16 -2.23971541516468e-18
 4.13413741709430e+03 -1.94619134106974e-16  1.32020271639247e-16
 4.54755115880373e+03  5.82771742843845e-16  2.45067253900532e-16
 4.96096490051316e+03 -3.28187796640939e-16  2.84733299011975e-16
 5.37437864222259e+03  1.87176510852069e-15  8.76232216917109e-16
 5.78779238393202e+03  7.57662044470051e-17  1.49535771422160e-15
 6.20120612564145e+03  6.02982581820922e-15  2.79631441782359e-15
 6.61461986735088e+03  3.80712707542268e-15  8.05906752006412e-15
 7.02803360906031e+03  1.98143021443605e-14  1.50890950555686e-14
 7.44144735076974e+03  2.19832557729151e-14  2.72466082711253e-14
 7.85486109247917e+03  6.55751242697425e-14  6.36883136025246e-14
 8.26827483418859e+03  9.30179007864510e-14  9.89218786109259e-14
 8.68168857589802e+03  2.13047518144164e-13  1.91488720282767e-13
 9.09510231760745e+03  3.35802936536800e-13  3.73356557723148e-13
 9.50851605931688e+03  6.64118019818846e-13  6.25927725249198e-13
 9.92192980102631e+03  1.08420097874500e-12  1.12462676945732e-12
 1.03353435427357e+04  1.95652063248579e-12  1.90228156479020e-12
 1.07487572844452e+04  3.19133174038663e-12  3.17441654728694e-12
 1.11621710261546e+04  5.39991730959799e-12  5.32228813607106e-12
 1.15755847678640e+04  8.64145613705290e-12  8.58603068342749e-12
 1.19889985095735e+04  1.39010088938797e-11  1.37896815678671e-11
 1.24024122512829e+04  2.16286513192848e-11  2.14733130749623e-11
 1.28158259929923e+04  3.33155407719011e-11  3.27658620253946e-11
 1.32292397347018e+04  5.01790694007449e-11  4.97940173765256e-11
 1.36426534764112e+04  7.42971314534395e-11  7.34692437337866e-11
 1.40560672181206e+04  1.08124299945833e-10  1.07195371463497e-10
 1.44694809598300e+04  1.54234865898690e-10  1.52806877651505e-10
 1.48828947015395e+04  2.16749132910349e-10  2.13939744502903e-10
 1.52963084432489e+04  2.98316416470968e-10  2.95881980635970e-10
 1.57097221849583e+04  4.04895779287572e-10  3.99767401891099e-10
 1.61231359266678e+04  5.38323625403327e-10  5.32511320271375e-10
 1.65365496683772e+04  7.06108934817298e-10  6.99854819291713e-10
 1.69499634100866e+04  9.07928239141297e-10  8.97611153396399e-10
 1.73633771517960e+04  1.15201853403006e-09  1.13965569412168e-09
 1.77767908935055e+04  1.43436367149918e-09  1.42207589303903e-09
 1.81902046352149e+04  1.76276925969205e-09  1.74470648101555e-09
 1.86036183769243e+04  2.12833169334028e-09  2.10944523698196e-09
 1.90170321186338e+04  2.53735434754856e-09  2.51360310798456e-09
 1.94304458603432e+04  2.97581336954107e-09  2.95318056033428e-09
 1.98438596020526e+04  3.44800548705960e-09  3.41717931018713e-09
 2.02572733437620e+04  3.93588616101872e-09  3.90605540801878e-09
 2.06706870854715e+04  4.44205128648104e-09  4.40882090939789e-09
 2.10841008271809e+04  4.94673943775785e-09  4.91287586729293e-09
 2.14975145688903e+04  5.45178927455741e-09  5.41997652496535e-09
 2.19109283105998e+04  5.93855735702190e-09  5.90049047498868e-09
 2.23243420523092e+04  6.40919740577611e-09  6.37471395439687e-09
 2.27377557940186e+04  6.84863651148980e-09  6.81524809778748e-09
 2.31511695357280e+04  7.26001164271261e-09  7.22203967779400e-09
 2.35645832774375e+04  7.63317345118936e-09  7.60391414946279e-09
 2.39779970191469e+04  7.97224489044789e-09  7.93906035139554e-09
 2.43914107608563e+04  8.27203845079131e-09  8.24037192953757e-09
 2.48048245025657e+04  8.53714353574169e-09  8.50633139445301e-09
 2.52182382442752e+04  8.76637373205722e-09  8.73411223629634e-09
 2.56316519859846e+04  8.96412355455829e-09  8.93559867435887e-09
 2.60450657276940e+04  9.13180340647609e-09  9.09943790628857e-09
 2.64584794694035e+04  9.27315929294895e-09  9.23974463629275e-09
 2.68718932111129e+04  9.39085442513615e-09  9.35723481888260e-09
 2.72853069528223e+04  9.48788721956068e-09  9.45037582215397e-09
 2.76987206945317e+04  9.56715487604818e-09  9.52674594150132e-09
 2.81121344362412e+04  9.63108095601617e-09  9.58863172557629e-09
 2.85255481779506e+04  9.68214476464516e-09  9.63578667863588e-09
 2.89389619196600e+04  9.72246681707351e-09  9.67159805719335e-09
 2.93523756613695e+04  9.75375129472774e-09  9.69898527970157e-09
 2.97657894030789e+04  9.77804572433045e-09  9.71874613053760e-09
 3.01792031447883e+04  9.79613249627184e-09  9.73184811659952e-09
 3.05926168864977e+04  9.81012044981354e-09  9.74052151133456e-09
 3.10060306282072e+04  9.81987443889634e-09  9.74529215755694e-09
 3.14194443699166e+04  9.82761574063546e-09  9.74727715126606e-09
 3.18328581116260e+04  9.83240365825247e-09  9.74653482948233e-09
 3.22462718533355e+04  9.83657256726820e-09  9.74438775766270e-09
 3.26596855950449e+04  9.83855452849187e-09  9.74080657301483e-09
 3.30730993367543e+04  9.84077167700470e-09  9.73629282914629e-09
 3.34865130784637e+04  9.84122932321590e-09  9.73075034539972e-09
 3.38999268201732e+04  9.84239658575822e-09  9.72472824487627e-09
 3.43133405618826e+04  9.84203936018206e-09  9.71820481823294e-09
 3.47267543035920e+04  9.84262323859434e-09  9.71117801503782e-09
 3.51401680453015e+04  9.84182657592510e-09  9.70382727122333e-09
 3.55535817870109e+04  9.84205889648286e-09  9.69618262490940e-09
 3.59669955287203e+04  9.84101940854924e-09  9.68820912491157e-09
 3.63804092704298e+04  9.84101748051986e-09  9.67999440343550e-09
 3.67938230121392e+04  9.83983923383450e-09  9.67153395966754e-09
 3.72072367538486e+04  9.83966825291632e-09  9.66284784691926e-09
 3.76206504955581e+04  9.83840511854188e-09  9.65393748512401e-09
 3.80340642372675e+04  9.83810680780096e-09  9.64482189015721e-09
 3.84474779789769e+04  9.83678204148010e-09  9.63550267425021e-09
 3.88608917206864e+04  9.83638726686413e-09  9.62598618940333e-09
 3.92743054623958e+04  9.83500430679194e-09  9.61627756257070e-09
 3.96877192041052e+04  9.83453912361194e-09  9.60638044285632e-09
 4.01011329458147e+04  9.83308882545058e-09  9.59629754317611e-09
 4.05145466875241e+04  9.83257698104504e-09  9.58603249869331e-09
 4.09279604292335e+04  9.83104337208932e-09  9.57558747905616e-09
 4.13413741709429e+04  9.83050689079588e-09  9.56496536649042e-09
 4.17547879126524e+04  9.82887205512301e-09  9.55416868870175e-09
 4.21682016543618e+04  9.82833023927031e-09  9.54319990859631e-09
 4.25816153960712e+04  9.82657809760066e-09  9.53206172129096e-09
 4.29950291377807e+04  9.82604599706044e-09  9.52075674950089e-09
 4.34084428794901e+04  9.82416545759729e-09  9.50928773318498e-09
 4.38218566211995e+04  9.82365197930405e-09  9.49765744176549e-09
 4.42352703629090e+04  9.82163894223949e-09  9.48586874878485e-09
 4.46486841046184e+04  9.82114504317473e-09  9.47392455305029e-09
 4.50620978463278e+04  9.81900389787579e-09  9.46182782550510e-09
 4.54755115880373e+04  9.81852225300372e-09  9.44958159046079e-09
 4.58889253297467e+04  9.81626630008635e-09  9.43718892792604e-09
 5.00230627468410e+04  9.80119551785371e-09  9.30590355265253e-09
 5.41572001639353e+04  9.78385877340007e-09  9.16353915609828e-09
 5.82913375810296e+04  9.76394711341589e-09  9.01337879348853e-09
 6.24254749981239e+04  9.74180968674880e-09  8.85851342479032e-09
 6.65596124152182e+04  9.71859172142265e-09  8.70168850402502e-09
 7.06937498323125e+04  9.69477710799741e-09  8.54522195996600e-09
 7.48278872494068e+04  9.66969483193221e-09  8.39097584099838e-09
 7.89620246665011e+04  9.64310302113239e-09  8.24036393480628e-09
 8.30961620835954e+04  9.61599322991880e-09  8.09438496603328e-09
 8.72302995006897e+04  9.58882578609380e-09  7.95367094581037e-09
 9.13644369177840e+04  9.56071493238803e-09  7.81854342915261e-09
 9.54985743348783e+04  9.53139135733527e-09  7.68907240451263e-09
 9.96327117519726e+04  9.50221236905609e-09  7.56513407801989e-09
 1.03766849169067e+05  9.47396934129782e-09  7.44646498678786e-09
 1.07900986586161e+05  9.44542645029422e-09  7.33271075356728e-09
 1.12035124003255e+05  9.41591105579094e-09  7.22346844722415e-09
 1.16169261420350e+05  9.38694458191934e-09  7.11832199833531e-09
 1.20303398837444e+05  9.35938192985373e-09  7.01687048324268e-09
 1.24437536254538e+05  9.33162483208595e-09  6.91874936851720e-09
 1.28571673671633e+05  9.30246754532944e-09  6.82364502634503e-09
 1.32705811088727e+05  9.27343471515411e-09  6.73130300697222e-09
 1.36839948505821e+05  9.24587321368278e-09  6.64153069755076e-09
 1.40974085922916e+05  9.21844645202791e-09  6.55419511299617e-09
 1.45108223340010e+05  9.19006964982041e-09  6.46921665564128e-09
 1.49242360757104e+05  9.16214434222996e-09  6.38655974600658e-09
 1.53376498174198e+05  9.13586280285790e-09  6.30622126506251e-09
 1.57510635591293e+05  9.10961262868041e-09  6.22821775672392e-09
 1.61644773008387e+05  9.08155829407674e-09  6.15257231618115e-09
 1.65778910425481e+05  9.05289212794413e-09  6.07930203422662e-09
 1.69913047842576e+05  9.02546620435373e-09  6.00840678057238e-09
 1.74047185259670e+05  8.99856881140720e-09  5.93985999251602e-09
 1.78181322676764e+05  8.97049668404649e-09  5.87360199313663e-09
 1.82315460093858e+05  8.94201884401781e-09  5.80953620102646e-09
 1.86449597510953e+05  8.91551720864835e-09  5.74752841828172e-09
 1.90583734928047e+05  8.89063608868225e-09  5.68740920297939e-09
 1.94717872345141e+05  8.86483325180044e-09  5.62897915511590e-09
 1.98852009762236e+05  8.83793668344101e-09  5.57201677951994e-09
 2.02986147179330e+05  8.81229251446945e-09  5.51628844370272e-09
 2.07120284596424e+05  8.78805518964864e-09  5.46155983021640e-09
 2.11254422013518e+05  8.76222087910296e-09  5.40760819777982e-09
 2.15388559430613e+05  8.73451339719596e-09  5.35423471746152e-09
 2.19522696847707e+05  8.70856683508427e-09  5.30127614192897e-09
 2.23656834264801e+05  8.68528825868143e-09  5.24861509746090e-09
 2.27790971681896e+05  8.66112420307275e-09  5.19618835827335e-09
 2.31925109098990e+05  8.63458385658460e-09  5.14399256692810e-09
 2.36059246516084e+05  8.60903888246670e-09  5.09208699758061e-09
 2.40193383933178e+05  8.58568953601451e-09  5.04059311349912e-09
 2.44327521350273e+05  8.56067492257698e-09  4.98969083845142e-09
 2.48461658767367e+05  8.53272774338521e-09  4.93961163435020e-09
 2.52595796184461e+05  8.50594013038527e-09  4.89062864591618e-09
 2.56729933601556e+05  8.48251768413835e-09  4.84304432829437e-09
 2.60864071018650e+05  8.45896170825008e-09  4.79717610753118e-09
 2.64998208435744e+05  8.43316672592631e-09  4.75334072974002e-09
 2.69132345852839e+05  8.40883276358126e-09  4.71183802733256e-09
 2.73266483269933e+05  8.38802605183119e-09  4.67293486633038e-09
 2.77400620687027e+05  8.36682947320319e-09  4.63685003591802e-09
 2.81534758104121e+05  8.34194198889164e-09  4.60374080048442e-09
 2.85668895521216e+05  8.31631350167148e-09  4.57369175782522e-09
 2.89803032938310e+05  8.29361896013729e-09  4.54670653916217e-09
 2.93937170355404e+05  8.27127306286826e-09  4.52270275296167e-09
 2.98071307772499e+05  8.24585159172948e-09  4.50151042223771e-09
 3.02205445189593e+05  8.22011307819627e-09  4.48287400199090e-09
 3.06339582606687e+05  8.19824045786757e-09  4.46645789798762e-09
 3.10473720023782e+05  8.17770955391849e-09  4.45185524853057e-09
 3.14607857440876e+05  8.15299983332707e-09  4.43859958507763e-09
 3.18741994857970e+05  8.12603393357105e-09  4.42617886254687e-09
 3.22876132275065e+05  8.10255517688386e-09  4.41405125171997e-09
 3.27010269692159e+05  8.08101097832117e-09  4.40166201866251e-09
 3.31144407109253e+05  8.05571554315770e-09  4.38846078218020e-09
 3.35278544526348e+05  8.02844129320451e-09  4.37391844091245e-09
 3.39412681943442e+05  8.00632296094850e-09  4.35754309582210e-09
 3.43546819360536e+05  7.98810968777848e-09  4.33889435897578e-09
 3.47680956777631e+05  7.96626346788089e-09  4.31759553149718e-09
 3.51815094194725e+05  7.94144074634761e-09  4.29334324702373e-09
 3.55949231611819e+05  7.92030555166579e-09  4.26591430555768e-09
 3.60083369028913e+05  7.90167345923882e-09  4.23516955933042e-09
 3.64217506446008e+05  7.87776833819816e-09  4.20105485003790e-09
 3.68351643863102e+05  7.84950733662354e-09  4.16359912856155e-09
 3.72485781280196e+05  7.82553103733878e-09  4.12291000761215e-09
 3.76619918697291e+05  7.80594470205594e-09  4.07916709902641e-09
 3.80754056114385e+05  7.78320799829567e-09  4.03261356625122e-09
 3.84888193531479e+05  7.75683860318093e-09  3.98354637574650e-09
 3.89022330948574e+05  7.73418084823797e-09  3.93230575697181e-09
 3.93156468365668e+05  7.71582618672632e-09  3.87926437914974e-09
 3.97290605782762e+05  7.69370645349648e-09  3.82481672544945e-09
 4.01424743199857e+05  7.66666699426453e-09  3.76936909428882e-09
 4.05558880616951e+05  7.64245649729753e-09  3.71333058696364e-09
 4.09693018034045e+05  7.62359982863159e-09  3.65710535554426e-09
 4.13827155451140e+05  7.60333327086355e-09  3.60108629033709e-09
 4.17961292868234e+05  7.57874572688918e-09  3.54565022789808e-09
 4.22095430285328e+05  7.55725555116603e-09  3.49115466431517e-09
 4.26229567702423e+05  7.54199083476040e-09  3.43793586961746e-09
 4.30363705119517e+05  7.52492807494796e-09  3.38630822248031e-09
 4.34497842536611e+05  7.50091244443343e-09  3.33656452377876e-09
 4.38631979953706e+05  7.47642470598814e-09  3.28897700583377e-09
 4.42766117370800e+05  7.45731545374644e-09  3.24379873306289e-09
 4.46900254787894e+05  7.43704468481954e-09  3.20126508960518e-09
 4.51034392204988e+05  7.41033342312060e-09  3.16159506952964e-09
 4.55168529622083e+05  7.38497657633681e-09  3.12499212349952e-09
 4.59302667039177e+05  7.36747812790169e-09  3.09164436928496e-09
 4.63436804456271e+05  7.35093958285718e-09  3.06172403851993e-09
 4.67570941873366e+05  7.32751919665454e-09  3.03538610423586e-09
 4.71705079290460e+05  7.30354810638644e-09  3.01276610831797e-09
 4.75839216707554e+05  7.28648506736421e-09  2.99397728042178e-09
 4.79973354124649e+05  7.26942667340155e-09  2.97910710559883e-09
 4.84107491541743e+05  7.24520430863377e-09  2.96821355293312e-09
 4.88241628958837e+05  7.22024176854975e-09  2.96132121860877e-09
 4.92375766375932e+05  7.20301590604059e-09  2.95841766161479e-09
 4.96509903793026e+05  7.18829569514747e-09  2.95945021733879e-09
 5.00644041210120e+05  7.16740112852068e-09  2.96432356326112e-09
 5.04778178627215e+05  7.14505525175146e-09  2.97289828254016e-09
 5.08912316044309e+05  7.12820420293970e-09  2.98499062718622e-09
 5.13046453461403e+05  7.11196589791669e-09  3.00037362534560e-09
 5.17180590878498e+05  7.08820302564767e-09  3.01877961026807e-09
 5.21314728295592e+05  7.06035622097143e-09  3.03990417564932e-09
 5.25448865712686e+05  7.03814717711430e-09  3.06341148735563e-09
 5.29583003129780e+05  7.01986470278961e-09  3.08894080925023e-09
 5.33717140546875e+05  6.99771910088058e-09  3.11611403497221e-09
 5.37851277963969e+05  6.97328706507790e-09  3.14454396169395e-09
 5.41985415381063e+05  6.95435820804167e-09  3.17384299914236e-09
 5.46119552798158e+05  6.94054040275004e-09  3.20363197979433e-09
 5.50253690215252e+05  6.92199609419823e-09  3.23354872557335e-09
 5.54387827632346e+05  6.89768285808967e-09  3.26325603307273e-09
 5.58521965049441e+05  6.87678383863813e-09  3.29244876286622e-09
 5.62656102466535e+05  6.86080204229296e-09  3.32085975749102e-09
 5.66790239883629e+05  6.84170144604394e-09  3.34826436504514e-09
 5.70924377300724e+05  6.81717160710088e-09  3.37448340819362e-09
 5.75058514717818e+05  6.79689038485670e-09  3.39938450837995e-09
 5.79192652134912e+05  6.78394000996082e-09  3.42288174852053e-09
 5.83326789552007e+05  6.76770285895835e-09  3.44493373063652e-09
 5.87460926969101e+05  6.74406397156282e-09  3.46554015405548e-09
 5.91595064386195e+05  6.72115457520356e-09  3.48473710158606e-09
 5.95729201803289e+05  6.70364203571061e-09  3.50259127249083e-09
 5.99863339220384e+05  6.68369649237842e-09  3.51919343982181e-09
 6.03997476637478e+05  6.65704514940635e-09  3.53465143413107e-09
 6.08131614054572e+05  6.63365504403319e-09  3.54908296490135e-09
 6.12265751471667e+05  6.61877134031824e-09  3.56260858525305e-09
 6.16399888888761e+05  6.60479728360445e-09  3.57534508535445e-09
 6.20534026305855e+05  6.58552755444943e-09  3.58739956700199e-09
 6.24668163722950e+05  6.56635011686145e-09  3.59886440817900e-09
 6.28802301140044e+05  6.55341975630362e-09  3.60981327466961e-09
 6.32936438557138e+05  6.53971455221422e-09  3.62029827895421e-09
 6.37070575974233e+05  6.51853155344048e-09  3.63034832776617e-09
 6.41204713391327e+05  6.49538131944392e-09  3.63996864195324e-09
 6.45338850808421e+05  6.47801290436364e-09  3.64914137858890e-09
 6.49472988225516e+05  6.46418331236646e-09  3.65782723821315e-09
 6.53607125642610e+05  6.44526567121228e-09  3.66596790177798e-09
 6.57741263059704e+05  6.42372618608425e-09  3.67348911389570e-09
 6.61875400476799e+05  6.40782168872164e-09  3.68030421227139e-09
 6.66009537893893e+05  6.39452574987575e-09  3.68631789802390e-09
 6.70143675310987e+05  6.37459997205870e-09  3.69143004758617e-09
 6.74277812728081e+05  6.34823973010180e-09  3.69553938305364e-09
 6.78411950145176e+05  6.32701005945073e-09  3.69854684271590e-09
 6.82546087562270e+05  6.31261209428498e-09  3.70035852514481e-09
 6.86680224979364e+05  6.29438421358038e-09  3.70088811640628e-09
 6.90814362396459e+05  6.27217235596338e-09  3.70005874834923e-09
 6.94948499813553e+05  6.25619046315054e-09  3.69780427412055e-09
 6.99082637230647e+05  6.24797895310295e-09  3.69406998281008e-09
 7.03216774647742e+05  6.23500306263695e-09  3.68881280644195e-09
 7.07350912064836e+05  6.21277777877767e-09  3.68200109776388e-09
 7.11485049481930e+05  6.19327428211682e-09  3.67361407524701e-09
 7.15619186899025e+05  6.17949242853970e-09  3.66364104170632e-09
 7.19753324316119e+05  6.16113120983822e-09  3.65208048480845e-09
 7.23887461733213e+05  6.13504390824221e-09  3.63893916180017e-09
 7.28021599150308e+05  6.11269547240271e-09  3.62423125787911e-09
 7.32155736567402e+05  6.10051167121410e-09  3.60797768897254e-09
 7.36289873984496e+05  6.08645585479800e-09  3.59020559683848e-09
 7.40424011401591e+05  6.06379340348269e-09  3.57094805912342e-09
 7.44558148818685e+05  6.04192213403519e-09  3.55024401117036e-09
 7.48692286235779e+05  6.02722203719166e-09  3.52813835181530e-09
 7.52826423652873e+05  6.01166045210101e-09  3.50468218385875e-09
 7.56960561069968e+05  5.98694468607506e-09  3.47993312282345e-09
 7.61094698487062e+05  5.96324547163634e-09  3.45395559616320e-09
 7.65228835904156e+05  5.95090924135394e-09  3.42682105003053e-09
 7.69362973321251e+05  5.94149036526583e-09  3.39860798236476e-09
 7.73497110738345e+05  5.92455951256673e-09  3.36940172931112e-09
 7.77631248155439e+05  5.90529843214071e-09  3.33929394626537e-09
 7.81765385572534e+05  5.89491491894702e-09  3.30838174421352e-09
 7.85899522989628e+05  5.88597672543244e-09  3.27676646521905e-09
 7.90033660406722e+05  5.86444118985602e-09  3.24455210637492e-09
 7.94167797823817e+05  5.83756815636340e-09  3.21184342760401e-09
 7.98301935240911e+05  5.81976389146959e-09  3.17874380363275e-09
 8.02436072658005e+05  5.80785674160471e-09  3.14535290261182e-09
 8.06570210075100e+05  5.78784749042787e-09  3.11176429171169e-09
 8.10704347492194e+05  5.76377005705807e-09  3.07806308232823e-09
 8.14838484909288e+05  5.75150936810123e-09  3.04432373337814e-09
 8.18972622326383e+05  5.74517911547613e-09  3.01060813001332e-09
 8.23106759743477e+05  5.72832227573266e-09  2.97696404682706e-09
 8.27240897160571e+05  5.70369492316594e-09  2.94342408958227e-09
 8.31375034577666e+05  5.68761805151385e-09  2.91000518839191e-09
 8.35509171994760e+05  5.67962929833527e-09  2.87670868922460e-09
 8.39643309411854e+05  5.66305618779948e-09  2.84352106100267e-09
 8.43777446828948e+05  5.64041449061466e-09  2.81041520403907e-09
 8.47911584246043e+05  5.62810883136052e-09  2.77735231389200e-09
 8.52045721663137e+05  5.62466597711019e-09  2.74428422470121e-09
 8.56179859080231e+05  5.61335978820825e-09  2.71115612943413e-09
 8.60313996497326e+05  5.59091930622913e-09  2.67790955277129e-09
 8.64448133914420e+05  5.57338443366342e-09  2.64448543689408e-09
 8.68582271331514e+05  5.56285285212342e-09  2.61082719216464e-09
 8.72716408748609e+05  5.54390462945885e-09  2.57688356417781e-09
 8.76850546165703e+05  5.51540363697053e-09  2.54261117606211e-09
 8.80984683582797e+05  5.49353927802809e-09  2.50797661992003e-09
 8.85118820999892e+05  5.48499462381834e-09  2.47295799321529e-09
 8.89252958416986e+05  5.47404814575911e-09  2.43754580363770e-09
 8.93387095834080e+05  5.45281283139557e-09  2.40174319808643e-09
 8.97521233251175e+05  5.43586400436897e-09  2.36556550623473e-09
 9.01655370668269e+05  5.42896867183777e-09  2.32903912484825e-09
 9.05789508085363e+05  5.41790237830789e-09  2.29219980373277e-09
 9.09923645502458e+05  5.39367173343712e-09  2.25509042604134e-09
 9.14057782919552e+05  5.37114040702655e-09  2.21775840296774e-09
 9.18191920336646e+05  5.36231295163594e-09  2.18025282412438e-09
 9.22326057753740e+05  5.35282362287884e-09  2.14262151898733e-09
 9.26460195170835e+05  5.33228042534487e-09  2.10490819090763e-09
 9.30594332587929e+05  5.31297827753167e-09  2.06714978296751e-09
 9.34728470005023e+05  5.30551101435359e-09  2.02937422447509e-09
 9.38862607422118e+05  5.29673109250593e-09  1.99159868864067e-09
 9.42996744839212e+05  5.27220710568645e-09  1.95382846687422e-09
 9.47130882256306e+05  5.24520693283884e-09  1.91605653445018e-09
 9.51265019673401e+05  5.22998142151047e-09  1.87826384756311e-09
 9.55399157090495e+05  5.21716177845470e-09  1.84042037481106e-09
 9.59533294507589e+05  5.19522380803271e-09  1.80248682877939e-09
 9.63667431924684e+05  5.17353115517393e-09  1.76441702755683e-09
 9.67801569341778e+05  5.16663910274615e-09  1.72616078352416e-09
 9.71935706758872e+05  5.16401395113525e-09  1.68766718926035e-09
 9.76069844175967e+05  5.14948249169914e-09  1.64888814930579e-09
 9.80203981593061e+05  5.12981894682924e-09  1.60978199286747e-09
 9.84338119010155e+05  5.11837468010082e-09  1.57031699702847e-09
 9.88472256427250e+05  5.11094349884660e-09  1.53047465290036e-09
 9.92606393844344e+05  5.09286067028191e-09  1.49025251826973e-09
 9.96740531261438e+05  5.06932391019817e-09  1.44966651906502e-09
 1.00087466867853e+06  5.05700613295260e-09  1.40875258744564e-09
 1.00500880609563e+06  5.05232712791362e-09  1.36756755519914e-09
 1.00914294351272e+06  5.04014142665568e-09  1.32618925586771e-09
 1.01327708092982e+06  5.01944602712940e-09  1.28471582586866e-09
 1.01741121834691e+06  5.00477499603845e-09  1.24326423199000e-09
 1.02154535576400e+06  4.99686926251312e-09  1.20196808819441e-09
 1.02567949318110e+06  4.97959421579594e-09  1.16097485690556e-09
 1.02981363059819e+06  4.95361944049976e-09  1.12044255731524e-09
 1.03394776801529e+06  4.93558809607631e-09  1.08053612442663e-09
 1.03808190543238e+06  4.93023889947829e-09  1.04142357654854e-09
 1.04221604284948e+06  4.92267140103963e-09  1.00327215515490e-09
 1.04635018026657e+06  4.90608635679134e-09  9.66244599195330e-10
 1.05048431768366e+06  4.89518295638639e-09  9.30495706262256e-10
 1.05461845510076e+06  4.89324791206449e-09  8.96169316053420e-10
 1.05875259251785e+06  4.88468353158080e-09  8.63395828241323e-10
 1.06288672993495e+06  4.86274940568875e-09  8.32290338407150e-10
 1.06702086735204e+06  4.84118104260896e-09  8.02951443595179e-10
 1.07115500476914e+06  4.83071193760978e-09  7.75460734941364e-10
 1.07528914218623e+06  4.81853615202464e-09  7.49882960459709e-10
 1.07942327960332e+06  4.79673424705065e-09  7.26266808160115e-10
 1.08355741702042e+06  4.77805962850208e-09  7.04646229863492e-10
 1.08769155443751e+06  4.77086242570612e-09  6.85042200843021e-10
 1.09182569185461e+06  4.76396694193044e-09  6.67464790984016e-10
 1.09595982927170e+06  4.74384022647930e-09  6.51915410445599e-10
 1.10009396668880e+06  4.72050833941726e-09  6.38389087407986e-10
 1.10422810410589e+06  4.70746506842370e-09  6.26876637610708e-10
 1.10836224152298e+06  4.69669367414275e-09  6.17366594861892e-10
 1.11249637894008e+06  4.67786458163264e-09  6.09846787990077e-10
 1.11663051635717e+06  4.65784750647058e-09  6.04305471943914e-10
 1.12076465377427e+06  4.65111313915322e-09  6.00731947751821e-10
 1.12489879119136e+06  4.65087633845670e-09  5.99116636430785e-10
 1.12903292860846e+06  4.63917859787372e-09  5.99450604114693e-10
 1.13316706602555e+06  4.62014769586881e-09  6.01724568005766e-10
 1.13730120344264e+06  4.60754002311736e-09  6.05927443582388e-10
 1.14143534085974e+06  4.59920001535442e-09  6.12044521245600e-10
 1.14556947827683e+06  4.57998636148894e-09  6.20055383831734e-10
 1.14970361569393e+06  4.55214678773086e-09  6.29931693961992e-10
 1.15383775311102e+06  4.53588652436580e-09  6.41634991125814e-10
 1.15797189052812e+06  4.53074315546955e-09  6.55114642113765e-10
 1.16210602794521e+06  4.51988883015749e-09  6.70306084693744e-10
 1.16624016536231e+06  4.50105763363652e-09  6.87129493392111e-10
 1.17037430277940e+06  4.48918050513879e-09  7.05488978390341e-10
 1.17450844019649e+06  4.48709394689495e-09  7.25272404702900e-10
 1.17864257761359e+06  4.47548838444939e-09  7.46351890085388e-10
 1.18277671503068e+06  4.45194023788758e-09  7.68585007896066e-10
 1.18691085244778e+06  4.43558041454601e-09  7.91816686938326e-10
 1.19104498986487e+06  4.43229429834739e-09  8.15881765788535e-10
 1.19517912728197e+06  4.42695202260965e-09  8.40608125929894e-10
 1.19931326469906e+06  4.41062880688845e-09  8.65820297780154e-10
 1.20344740211615e+06  4.39952015091301e-09  8.91343407899731e-10
 1.20758153953325e+06  4.40026521687644e-09  9.17007315574882e-10
 1.21171567695034e+06  4.39422958962274e-09  9.42650773603692e-10
 1.21584981436744e+06  4.37256456412873e-09  9.68125442174125e-10
 1.21998395178453e+06  4.34982288861679e-09  9.93299586571652e-10
 1.22411808920163e+06  4.33965183903931e-09  1.01806129908437e-09
 1.22825222661872e+06  4.32929846583788e-09  1.04232110251694e-09
 1.23238636403581e+06  4.30703535018868e-09  1.06601381646528e-09
 1.23652050145291e+06  4.28910426219144e-09  1.08909959690992e-09
 1.24065463887000e+06  4.28719989454704e-09  1.11156409345900e-09
 1.24478877628710e+06  4.28763533693716e-09  1.13341770520378e-09
 1.24892291370419e+06  4.27330221054014e-09  1.15469395399679e-09
 1.25305705112129e+06  4.25390439247093e-09  1.17544703131459e-09
 1.25719118853838e+06  4.24696762640623e-09  1.19574861003631e-09
 1.26132532595547e+06  4.24095789584535e-09  1.21568404385584e-09
 1.26545946337257e+06  4.22135864524787e-09  1.23534810322576e-09
 1.26959360078966e+06  4.19920395924692e-09  1.25484041651225e-09
 1.27372773820676e+06  4.19217764093408e-09  1.27426079752175e-09
 1.27786187562385e+06  4.19274931977354e-09  1.29370464517554e-09
 1.28199601304095e+06  4.17918053118041e-09  1.31325859764851e-09
 1.28613015045804e+06  4.15823005682653e-09  1.33299661191543e-09
 1.29026428787513e+06  4.14791823671992e-09  1.35297662088529e-09
 1.29439842529223e+06  4.14125083861835e-09  1.37323789501231e-09
 1.29853256270932e+06  4.12075215442508e-09  1.39379920461172e-09
 1.30266670012642e+06  4.09104437836271e-09  1.41465784448031e-09
 1.30680083754351e+06  4.07566793705249e-09  1.43578954540914e-09
 1.31093497496061e+06  4.07306713571378e-09  1.45714925946409e-09
 1.31506911237770e+06  4.06233447031414e-09  1.47867276921004e-09
 1.31920324979479e+06  4.04527438871815e-09  1.50027903702452e-09
 1.32333738721189e+06  4.03865330513937e-09  1.52187318081176e-09
 1.32747152462898e+06  4.04157878942941e-09  1.54334993810791e-09
 1.33160566204608e+06  4.03195900753984e-09  1.56459746282164e-09
 1.33573979946317e+06  4.00749261507826e-09  1.58550128841979e-09
 1.33987393688027e+06  3.99130178828789e-09  1.60594828863848e-09
 1.34400807429736e+06  3.98670622221619e-09  1.62583047180216e-09
 1.34814221171445e+06  3.97630806615603e-09  1.64504845722176e-09
 1.35227634913155e+06  3.95566401556790e-09  1.66351450122993e-09
 1.35641048654864e+06  3.94326682866101e-09  1.68115496518736e-09
 1.36054462396574e+06  3.94542194566873e-09  1.69791214698827e-09
 1.36467876138283e+06  3.93981343397541e-09  1.71374542972834e-09
 1.36881289879993e+06  3.91888514569563e-09  1.72863173467067e-09
 1.37294703621702e+06  3.90047422063774e-09  1.74256529879491e-09
 1.37708117363412e+06  3.89397055382533e-09  1.75555682841562e-09
 1.38121531105121e+06  3.88507672792962e-09  1.76763210809004e-09
 1.38534944846830e+06  3.86385575275259e-09  1.77883016697089e-09
 1.38948358588540e+06  3.84940762762671e-09  1.78920112181690e-09
 1.39361772330249e+06  3.85271468702671e-09  1.79880382627526e-09
 1.39775186071959e+06  3.85598455448766e-09  1.80770345936570e-09
 1.40188599813668e+06  3.84520691954464e-09  1.81596918225672e-09
 1.40602013555378e+06  3.83099414290770e-09  1.82367198173396e-09
 1.41015427297087e+06  3.82763563083228e-09  1.83088280187018e-09
 1.41428841038796e+06  3.82205331239418e-09  1.83767104329333e-09
 1.41842254780506e+06  3.80030203517887e-09  1.84410348335519e-09
 1.42255668522215e+06  3.77740964622286e-09  1.85024364188133e-09
 1.42669082263925e+06  3.76952827840776e-09  1.85615158761631e-09
 1.43082496005634e+06  3.76817022234360e-09  1.86188415160066e-09
 1.43495909747344e+06  3.75528785654525e-09  1.86749548712924e-09
 1.43909323489053e+06  3.73795088628319e-09  1.87303789312618e-09
 1.44322737230762e+06  3.73333522240756e-09  1.87856280001713e-09
 1.44736150972472e+06  3.73126755935448e-09  1.88412180550820e-09
 1.45149564714181e+06  3.71450124394241e-09  1.88976764279397e-09
 1.45562978455891e+06  3.68950428007262e-09  1.89555496595852e-09
 1.45976392197600e+06  3.67676352347575e-09  1.90154084666298e-09
 1.46389805939310e+06  3.67492732161742e-09  1.90778489221182e-09
 1.46803219681019e+06  3.66434192035803e-09  1.91434891696760e-09
 1.47216633422728e+06  3.64843402901838e-09  1.92129612572885e-09
 1.47630047164438e+06  3.64391030179338e-09  1.92868979770709e-09
 1.48043460906147e+06  3.64692191725143e-09  1.93659149154555e-09
 1.48456874647857e+06  3.63735908720075e-09  1.94505882369694e-09
 1.48870288389566e+06  3.61291594283830e-09  1.95414290267051e-09
 1.49283702131276e+06  3.59495645658050e-09  1.96388552847260e-09
 1.49697115872985e+06  3.58696322343452e-09  1.97431628845290e-09
 1.50110529614694e+06  3.57224839227238e-09  1.98544969640600e-09
 1.50523943356404e+06  3.54954364953837e-09  1.99728253014845e-09
 1.50937357098113e+06  3.53639443155158e-09  2.00979152323156e-09
 1.51350770839823e+06  3.53874886555696e-09  2.02293155869962e-09
 1.51764184581532e+06  3.53630108360029e-09  2.03663449701981e-09
 1.52177598323242e+06  3.51976268688025e-09  2.05080874706961e-09
 1.52591012064951e+06  3.50573465809576e-09  2.06533965934292e-09
 1.53004425806660e+06  3.50177827927379e-09  2.08009078565148e-09
 1.53417839548370e+06  3.49394356245725e-09  2.09490601116877e-09
 1.53831253290079e+06  3.47305107144625e-09  2.10961252451841e-09
 1.54244667031789e+06  3.45667822351857e-09  2.12402455169872e-09
 1.54658080773498e+06  3.45820661040804e-09  2.13794774193893e-09
 1.55071494515208e+06  3.46070077527005e-09  2.15118406000467e-09
 1.55484908256917e+06  3.44982255593537e-09  2.16353701174569e-09
 1.55898321998627e+06  3.43640872045222e-09  2.17481700928198e-09
 1.56311735740336e+06  3.43384405725394e-09  2.18484667029212e-09
 1.56725149482045e+06  3.42968374338107e-09  2.19346584313722e-09
 1.57138563223755e+06  3.40826435422796e-09  2.20053615632273e-09
 1.57551976965464e+06  3.38483388524346e-09  2.20594490690345e-09
 1.57965390707174e+06  3.37762700889578e-09  2.20960812725215e-09
 1.58378804448883e+06  3.37759538879169e-09  2.21147270208454e-09
 1.58792218190593e+06  3.36766102284979e-09  2.21151744632494e-09
 1.59205631932302e+06  3.35494233183607e-09  2.20975309755169e-09
 1.59619045674011e+06  3.35670541637147e-09  2.20622122239458e-09
 1.60032459415721e+06  3.36170544279682e-09  2.20099208224306e-09
 1.60445873157430e+06  3.34998418806372e-09  2.19416154781229e-09
 1.60859286899140e+06  3.32861327479155e-09  2.18584719242307e-09
 1.61272700640849e+06  3.31754064241972e-09  2.17618372837918e-09
 1.61686114382559e+06  3.31530243317153e-09  2.16531797794171e-09
 1.62099528124268e+06  3.30327224443289e-09  2.15340358882773e-09
 1.62512941865977e+06  3.28555252316664e-09  2.14059571303952e-09
 1.62926355607687e+06  3.28110114690811e-09  2.12704586676201e-09
 1.63339769349396e+06  3.28550605994023e-09  2.11289717813075e-09
 1.63753183091106e+06  3.27795791007146e-09  2.09828020942826e-09
 1.64166596832815e+06  3.25601084540805e-09  2.08330951172092e-09
 1.64580010574525e+06  3.24024682715141e-09  2.06808103450528e-09
 1.64993424316234e+06  3.23446228318545e-09  2.05267047232730e-09
 1.65406838057943e+06  3.22024953476291e-09  2.03713258654393e-09
 1.65820251799653e+06  3.19706853648943e-09  2.02150149553368e-09
 1.66233665541362e+06  3.18489667118847e-09  2.00579188288289e-09
 1.66647079283072e+06  3.18946298768589e-09  1.99000103246590e-09
 1.67060493024781e+06  3.18960832656025e-09  1.97411156380664e-09
 1.67473906766491e+06  3.17507947588155e-09  1.95809471230244e-09
 1.67887320508200e+06  3.16385907082307e-09  1.94191397809993e-09
 1.68300734249909e+06  3.16222846956349e-09  1.92552895552344e-09
 1.68714147991619e+06  3.15267482547419e-09  1.90889915240018e-09
 1.69127561733328e+06  3.12767281048231e-09  1.89198761536702e-09
 1.69540975475038e+06  3.10733218643578e-09  1.87476419278158e-09
 1.69954389216747e+06  3.10541994700440e-09  1.85720829026323e-09
 1.70367802958457e+06  3.10380055904035e-09  1.83931100384181e-09
 1.70781216700166e+06  3.08997027066599e-09  1.82107655057066e-09
 1.71194630441875e+06  3.07821168142889e-09  1.80252295441408e-09
 1.71608044183585e+06  3.07880707742014e-09  1.78368198427284e-09
 1.72021457925294e+06  3.07642460548560e-09  1.76459837916164e-09
 1.72434871667004e+06  3.05651056326697e-09  1.74532843087590e-09
 1.72848285408713e+06  3.03533357092461e-09  1.72593802523441e-09
 1.73261699150423e+06  3.02964639584360e-09  1.70650026767517e-09
 1.73675112892132e+06  3.02834043073012e-09  1.68709283646657e-09
 1.74088526633841e+06  3.01787541416268e-09  1.66779521632005e-09
 1.74501940375551e+06  3.00750043003658e-09  1.64868596642473e-09
 1.74915354117260e+06  3.01205514223072e-09  1.62984016997571e-09
 1.75328767858970e+06  3.01924422001684e-09  1.61132719767028e-09
 1.75742181600679e+06  3.00940018888589e-09  1.59320889632421e-09
 1.76155595342389e+06  2.99053075629188e-09  1.57553828697655e-09
 1.76569009084098e+06  2.98037890248735e-09  1.55835882613451e-09
 1.76982422825808e+06  2.97618384436774e-09  1.54170425087210e-09
 1.77395836567517e+06  2.96216906092915e-09  1.52559899513786e-09
 1.77809250309226e+06  2.94395743833257e-09  1.51005913264215e-09
 1.78222664050936e+06  2.94120673775550e-09  1.49509377277605e-09
 1.78636077792645e+06  2.94842575724229e-09  1.48070681166379e-09
 1.79049491534355e+06  2.94497216782728e-09  1.46689892190515e-09
 1.79462905276064e+06  2.92990495781549e-09  1.45366965272975e-09
 1.79876319017774e+06  2.92112990431366e-09  1.44101950769646e-09
 1.80289732759483e+06  2.91995437008674e-09  1.42895186986826e-09
 1.80703146501192e+06  2.90755493093669e-09  1.41747465431704e-09
 1.81116560242902e+06  2.88563218172884e-09  1.40660158422977e-09
 1.81529973984611e+06  2.87513911325167e-09  1.39635300882374e-09
 1.81943387726321e+06  2.87912723331180e-09  1.38675620747940e-09
 1.82356801468030e+06  2.87860394872218e-09  1.37784515350056e-09
 1.82770215209740e+06  2.86620419789981e-09  1.36965974112106e-09
 1.83183628951449e+06  2.85834165141202e-09  1.36224450915910e-09
 1.83597042693158e+06  2.85813073824389e-09  1.35564692248952e-09
 1.84010456434868e+06  2.84755569837996e-09  1.34991529680315e-09
 1.84423870176577e+06  2.82265745340514e-09  1.34509647170130e-09
 1.84837283918287e+06  2.80193012305718e-09  1.34123335105559e-09
 1.85250697659996e+06  2.79665821212612e-09  1.33836243708671e-09
 1.85664111401706e+06  2.79229349967340e-09  1.33651148547047e-09
 1.86077525143415e+06  2.77899382724985e-09  1.33569740301295e-09
 1.86490938885124e+06  2.77022656230858e-09  1.33592449744846e-09
 1.86904352626834e+06  2.77305788236516e-09  1.33718317142503e-09
 1.87317766368543e+06  2.77285654520417e-09  1.33944913075362e-09
 1.87731180110253e+06  2.75658162159001e-09  1.34268315172693e-09
 1.88144593851962e+06  2.73659429458798e-09  1.34683142513246e-09
 1.88558007593672e+06  2.72861003909210e-09  1.35182646693204e-09
 1.88971421335381e+06  2.72334832223493e-09  1.35758855889403e-09
 1.89384835077090e+06  2.70930731149805e-09  1.36402765809560e-09
 1.89798248818800e+06  2.69638917037836e-09  1.37104569336017e-09
 1.90211662560509e+06  2.69837378326324e-09  1.37853915034011e-09
 1.90625076302219e+06  2.70495384791418e-09  1.38640183581771e-09
 1.91038490043928e+06  2.69637494401880e-09  1.39452770629956e-09
 1.91451903785638e+06  2.67909535223719e-09  1.40281364623250e-09
 1.91865317527347e+06  2.67013843103301e-09  1.41116208697593e-09
 1.92278731269056e+06  2.66520690800589e-09  1.41948336853524e-09
 1.92692145010766e+06  2.65032258849672e-09  1.42769776125375e-09
 1.93105558752475e+06  2.63197099212835e-09  1.43573708322195e-09
 1.93518972494185e+06  2.62953174297976e-09  1.44354586999773e-09
 1.93932386235894e+06  2.63823470509579e-09  1.45108207515454e-09
 1.94345799977604e+06  2.63775035019981e-09  1.45831730199335e-09
 1.94759213719313e+06  2.62843757094057e-09  1.46523658732309e-09
 1.95172627461023e+06  2.62525478834793e-09  1.47183777650889e-09
 1.95586041202732e+06  2.62688313738132e-09  1.47813054414882e-09
 1.95999454944441e+06  2.61628809261418e-09  1.48413512612640e-09
 1.96412868686151e+06  2.59512292638543e-09  1.48988083599647e-09
 1.96826282427860e+06  2.58392842721727e-09  1.49540444155400e-09
 1.97239696169570e+06  2.58580170161353e-09  1.50074847612137e-09
 1.97653109911279e+06  2.58466667295797e-09  1.50595955392617e-09
 1.98066523652989e+06  2.57532308667852e-09  1.51108675049116e-09
 1.98479937394698e+06  2.57112451387217e-09  1.51618009795748e-09
 1.98893351136407e+06  2.57492707495174e-09  1.52128923256276e-09
 1.99306764878117e+06  2.56916963956983e-09  1.52646221801342e-09
 1.99720178619826e+06  2.54854774968993e-09  1.53174455514263e-09
 2.00133592361536e+06  2.53033980310252e-09  1.53717837589662e-09
 2.00547006103245e+06  2.52516616973823e-09  1.54280180909708e-09
 2.00960419844955e+06  2.52106828036275e-09  1.54864849719269e-09
 2.01373833586664e+06  2.50867337103912e-09  1.55474723775236e-09
 2.01787247328373e+06  2.50117420696751e-09  1.56112172097819e-09
 2.02200661070083e+06  2.50686735258040e-09  1.56779033501565e-09
 2.02614074811792e+06  2.50965212516641e-09  1.57476601409392e-09
 2.03027488553502e+06  2.49597849062668e-09  1.58205611012589e-09
 2.03440902295211e+06  2.47738049980907e-09  1.58966227576276e-09
 2.03854316036921e+06  2.46847675501521e-09  1.59758035533751e-09
 2.04267729778630e+06  2.46019495956985e-09  1.60580028888067e-09
 2.04681143520339e+06  2.44147093189181e-09  1.61430604266798e-09
 2.05094557262049e+06  2.42527963884834e-09  1.62307558681729e-09
 2.05507971003758e+06  2.42562427117822e-09  1.63208094563147e-09
 2.05921384745468e+06  2.43101813352794e-09  1.64128834916178e-09
 2.06334798487177e+06  2.42350363480860e-09  1.65065851448754e-09
 2.06748212228887e+06  2.40912743741853e-09  1.66014708231580e-09
 2.07161625970596e+06  2.40276759890687e-09  1.66970522875335e-09
 2.07575039712305e+06  2.39775305189502e-09  1.67928046375655e-09
 2.07988453454015e+06  2.38099284659892e-09  1.68881761728340e-09
 2.08401867195724e+06  2.36127813671369e-09  1.69826000218774e-09
 2.08815280937434e+06  2.35624564836905e-09  1.70755073017106e-09
 2.09228694679143e+06  2.36185314013436e-09  1.71663414449069e-09
 2.09642108420853e+06  2.36041858784128e-09  1.72545732149473e-09
 2.10055522162562e+06  2.35263892816938e-09  1.73397158326748e-09
 2.10468935904271e+06  2.35193954206329e-09  1.74213395650045e-09
 2.10882349645981e+06  2.35467349634745e-09  1.74990850879314e-09
 2.11295763387690e+06  2.34468504363467e-09  1.75726749339960e-09
 2.11709177129400e+06  2.32357670512674e-09  1.76419223722252e-09
 2.12122590871109e+06  2.31065386346656e-09  1.77067371463302e-09
 2.12536004612819e+06  2.31036635381860e-09  1.77671276123415e-09
 2.12949418354528e+06  2.30774202753189e-09  1.78231989652569e-09
 2.13362832096238e+06  2.29940330555234e-09  1.78751474188408e-09
 2.13776245837947e+06  2.29898934179900e-09  1.79232503948200e-09
 2.14189659579656e+06  2.30773343033709e-09  1.79678529773303e-09
 2.14603073321366e+06  2.30736505735815e-09  1.80093510847622e-09
 2.15016487063075e+06  2.29154627030833e-09  1.80481719930770e-09
 2.15429900804785e+06  2.27757361882733e-09  1.80847530015969e-09
 2.15843314546494e+06  2.27456174584971e-09  1.81195191546591e-09
 2.16256728288204e+06  2.26956826642746e-09  1.81528610124291e-09
 2.16670142029913e+06  2.25668356122780e-09  1.81851134958067e-09
 2.17083555771622e+06  2.25084035627230e-09  1.82165368104415e-09
 2.17496969513332e+06  2.25924299730550e-09  1.82473003829073e-09
 2.17910383255041e+06  2.26462788832378e-09  1.82774706203884e-09
 2.18323796996751e+06  2.25458715699719e-09  1.83070031389738e-09
 2.18737210738460e+06  2.24141319620975e-09  1.83357399025084e-09
 2.19150624480170e+06  2.23549003142142e-09  1.83634114838332e-09
 2.19564038221879e+06  2.22632211381579e-09  1.83896444147074e-09
 2.19977451963588e+06  2.20617342530539e-09  1.84139733424023e-09
 2.20390865705298e+06  2.18966491505199e-09  1.84358574729064e-09
 2.20804279447007e+06  2.18977332736040e-09  1.84547005656082e-09
 2.21217693188717e+06  2.19432674590937e-09  1.84698735638816e-09
 2.21631106930426e+06  2.18849783043994e-09  1.84807388102015e-09
 2.22044520672136e+06  2.17898222175958e-09  1.84866747109702e-09
 2.22457934413845e+06  2.17646310468431e-09  1.84870996901522e-09
 2.22871348155554e+06  2.17244938102912e-09  1.84814943040740e-09
 2.23284761897264e+06  2.15482350676752e-09  1.84694204811420e-09
 2.23698175638973e+06  2.13373010595423e-09  1.84505369954247e-09
 2.24111589380683e+06  2.12579949625512e-09  1.84246104747330e-09
 2.24525003122392e+06  2.12629495315594e-09  1.83915214721638e-09
 2.24938416864102e+06  2.12094216397388e-09  1.83512653830901e-09
 2.25351830605811e+06  2.11258566537339e-09  1.83039482539582e-09
 2.25765244347520e+06  2.11335517572003e-09  1.82497777908891e-09
 2.26178658089230e+06  2.11663909954592e-09  1.81890501209866e-09
 2.26592071830939e+06  2.10574292383348e-09  1.81221330742217e-09
 2.27005485572649e+06  2.08465819839531e-09  1.80494469271622e-09
 2.27418899314358e+06  2.07115979720661e-09  1.79714436721991e-09
 2.27832313056068e+06  2.06699487137726e-09  1.78885859405973e-09
 2.28245726797777e+06  2.05923139295236e-09  1.78013267110633e-09
 2.28659140539486e+06  2.04918964525528e-09  1.77100908773528e-09
 2.29072554281196e+06  2.05109666115729e-09  1.76152596318344e-09
 2.29485968022905e+06  2.06151800718330e-09  1.75171584532430e-09
 2.29899381764615e+06  2.06236768251599e-09  1.74160492753118e-09
 2.30312795506324e+06  2.05101511462991e-09  1.73121271701941e-09
 2.30726209248034e+06  2.04221480623403e-09  1.72055216199619e-09
 2.31139622989743e+06  2.03961708238672e-09  1.70963021854307e-09
 2.31553036731452e+06  2.03097821748915e-09  1.69844881287732e-09
 2.31966450473162e+06  2.01686455517091e-09  1.68700613189711e-09
 2.32379864214871e+06  2.01255517338821e-09  1.67529815598800e-09
 2.32793277956581e+06  2.02045528270793e-09  1.66332033402453e-09
 2.33206691698290e+06  2.02548487900020e-09  1.65106929214773e-09
 2.33620105440000e+06  2.02022031131308e-09  1.63854446572709e-09
 2.34033519181709e+06  2.01486485751008e-09  1.62574954807851e-09
 2.34446932923419e+06  2.01293756854406e-09  1.61269365980527e-09
 2.34860346665128e+06  2.00386082294240e-09  1.59939215851768e-09
 2.35273760406837e+06  1.98580794266262e-09  1.58586702931028e-09
 2.35687174148547e+06  1.97243464466671e-09  1.57214682060942e-09
 2.36100587890256e+06  1.97238738072335e-09  1.55826611651385e-09
 2.36514001631966e+06  1.97561564783093e-09  1.54426456406910e-09
 2.36927415373675e+06  1.97319140788811e-09  1.53018550051557e-09
 2.37340829115385e+06  1.97148282716591e-09  1.51607424993658e-09
 2.37754242857094e+06  1.97426067359642e-09  1.50197617951808e-09
 2.38167656598803e+06  1.97224364003070e-09  1.48793462162096e-09
 2.38581070340513e+06  1.95760561092151e-09  1.47398877811639e-09
 2.38994484082222e+06  1.93954016072170e-09  1.46017172731194e-09
 2.39407897823932e+06  1.92987134246851e-09  1.44650865101353e-09
 2.39821311565641e+06  1.92409464678347e-09  1.43301538990142e-09
 2.40234725307351e+06  1.91539446941334e-09  1.41969741988624e-09
 2.40648139049060e+06  1.90850925517628e-09  1.40654932123181e-09
 2.41061552790769e+06  1.90984202486008e-09  1.39355478706407e-09
 2.41474966532479e+06  1.91188637869719e-09  1.38068718975192e-09
 2.41888380274188e+06  1.90239372886843e-09  1.36791069404182e-09
 2.42301794015898e+06  1.88575408690112e-09  1.35518187633926e-09
 2.42715207757607e+06  1.87256372901197e-09  1.34245178175325e-09
 2.43128621499317e+06  1.86272636097756e-09  1.32966832596727e-09
 2.43542035241026e+06  1.85109166536463e-09  1.31677892902564e-09
 2.43955448982735e+06  1.84102552606491e-09  1.30373325384277e-09
 2.44368862724445e+06  1.84160680107426e-09  1.29048591447387e-09
 2.44782276466154e+06  1.84841244443451e-09  1.27699901840250e-09
 2.45195690207864e+06  1.84967070630772e-09  1.26324441340769e-09
 2.45609103949573e+06  1.84383308613213e-09  1.24920552269583e-09
 2.46022517691283e+06  1.83661235264921e-09  1.23487867128058e-09
 2.46435931432992e+06  1.82978253671663e-09  1.22027383109534e-09
 2.46849345174701e+06  1.81765225749032e-09  1.20541474077371e-09
 2.47262758916411e+06  1.80213574590509e-09  1.19033838696420e-09
 2.47676172658120e+06  1.79362400953074e-09  1.17509386584991e-09
 2.48089586399830e+06  1.79441077426122e-09  1.15974067456318e-09
 2.48503000141539e+06  1.79792457740780e-09  1.14434651079679e-09
 2.48916413883249e+06  1.79756312559073e-09  1.12898468361775e-09
 2.49329827624958e+06  1.79599941621821e-09  1.11373125799227e-09
 2.49743241366667e+06  1.79583813078150e-09  1.09866206880576e-09
 2.50156655108377e+06  1.79044564803441e-09  1.08384974651575e-09
 2.50570068850086e+06  1.77799558337149e-09  1.06936089567609e-09
 2.50983482591796e+06  1.76605937768516e-09  1.05525355946892e-09
 2.51396896333505e+06  1.76337186153644e-09  1.04157508850868e-09
 2.51810310075215e+06  1.76725589775845e-09  1.02836051132628e-09
 2.52223723816924e+06  1.76888624541671e-09  1.01563147820454e-09
 2.52637137558634e+06  1.77082838754718e-09  1.00339582077649e-09
 2.53050551300343e+06  1.77624968097244e-09  9.91647738554979e-10
 2.53463965042052e+06  1.77886729830183e-09  9.80368591979667e-10
 2.53877378783762e+06  1.77054245995362e-09  9.69528251297615e-10
 2.54290792525471e+06  1.75422944230065e-09  9.59086923218221e-10
 2.54704206267181e+06  1.74231350257570e-09  9.48997354221153e-10
 2.55117620008890e+06  1.73479966745311e-09  9.39207291833984e-10
 2.55531033750600e+06  1.72589489220311e-09  9.29662074023683e-10
 2.55944447492309e+06  1.71922530619109e-09  9.20307212608277e-10
 2.56357861234018e+06  1.72078876539005e-09  9.11090839466027e-10
 2.56771274975728e+06  1.72736793415211e-09  9.01965894094238e-10
 2.57184688717437e+06  1.72569576981816e-09  8.92891947174538e-10
 2.57598102459147e+06  1.71469528882709e-09  8.83836576329176e-10
 2.58011516200856e+06  1.70460457989917e-09  8.74776236008634e-10
 2.58424929942566e+06  1.69641011482367e-09  8.65696592021176e-10
 2.58838343684275e+06  1.68563154098485e-09  8.56592321041785e-10
 2.59251757425984e+06  1.67304700868897e-09  8.47466404902830e-10
 2.59665171167694e+06  1.66886852062146e-09  8.38328976982396e-10
 2.60078584909403e+06  1.67427988238709e-09  8.29195802089751e-10
 2.60491998651113e+06  1.67576370452536e-09  8.20086490615358e-10
 2.60905412392822e+06  1.66927830248738e-09  8.11022561339349e-10
 2.61318826134532e+06  1.66087205310528e-09  8.02025474465256e-10
 2.61732239876241e+06  1.65348503167777e-09  7.93114756806066e-10
 2.62145653617950e+06  1.64004998534809e-09  7.84306334606056e-10
 2.62559067359660e+06  1.61839291878946e-09  7.75611176613705e-10
 2.62972481101369e+06  1.60353912777399e-09  7.67034331451686e-10
 2.63385894843079e+06  1.60161968359585e-09  7.58574420092184e-10
 2.63799308584788e+06  1.60329436528371e-09  7.50223617620152e-10
 2.64212722326498e+06  1.60191119918775e-09  7.41968129917441e-10
 2.64626136068207e+06  1.60228564282129e-09  7.33789141990384e-10
 2.65039549809916e+06  1.60845669768622e-09  7.25664186974710e-10
 2.65452963551626e+06  1.60746066521881e-09  7.17568859898908e-10
 2.65866377293335e+06  1.59400245443958e-09  7.09478779435664e-10
 2.66279791035045e+06  1.58150587444592e-09  7.01371685265357e-10
 2.66693204776754e+06  1.57800564716468e-09  6.93229549176908e-10
 2.67106618518464e+06  1.57744654596232e-09  6.85040575173355e-10
 2.67520032260173e+06  1.57248896324379e-09  6.76800967809858e-10
 2.67933446001882e+06  1.57201563315157e-09  6.68516358582402e-10
 2.68346859743592e+06  1.58082530117315e-09  6.60202796864503e-10
 2.68760273485301e+06  1.58453926896189e-09  6.51887233789225e-10
 2.69173687227011e+06  1.57599924572365e-09  6.43607453448608e-10
 2.69587100968720e+06  1.56331708971781e-09  6.35411434469322e-10
 2.70000514710430e+06  1.55583979965331e-09  6.27356154912814e-10
 2.70413928452139e+06  1.54873822834792e-09  6.19505882968138e-10
 2.70827342193849e+06  1.53701595647876e-09  6.11930023499930e-10
 2.71240755935558e+06  1.53310389465967e-09  6.04700614728569e-10
 2.71654169677267e+06  1.54220702743001e-09  5.97889588875229e-10
 2.72067583418977e+06  1.55353978180551e-09  5.91565924466345e-10
 2.72480997160686e+06  1.55653360973774e-09  5.85792825421464e-10
 2.72894410902396e+06  1.55400508910218e-09  5.80625062641850e-10
 2.73307824644105e+06  1.55375142651643e-09  5.76106607526032e-10
 2.73721238385815e+06  1.54818703331021e-09  5.72268673970574e-10
 2.74134652127524e+06  1.53297261347364e-09  5.69128266616462e-10
 2.74548065869233e+06  1.51888238707351e-09  5.66687309325699e-10
 2.74961479610943e+06  1.51455213032513e-09  5.64932400323936e-10
 2.75374893352652e+06  1.51580494452750e-09  5.63835210519146e-10
 2.75788307094362e+06  1.51193317742066e-09  5.63353510717079e-10
 2.76201720836071e+06  1.50698502631501e-09  5.63432783352614e-10
 2.76615134577781e+06  1.50679397594999e-09  5.64008346453678e-10
 2.77028548319490e+06  1.50213314025936e-09  5.65007893241086e-10
 2.77441962061199e+06  1.48684509906633e-09  5.66354331246695e-10
 2.77855375802909e+06  1.46789306502599e-09  5.67968791053619e-10
 2.78268789544618e+06  1.45772955667109e-09  5.69773667381465e-10
 2.78682203286328e+06  1.45427239311566e-09  5.71695554581682e-10
 2.79095617028037e+06  1.44932518045955e-09  5.73667944657214e-10
 2.79509030769747e+06  1.44909501549320e-09  5.75633568321567e-10
 2.79922444511456e+06  1.45667979851214e-09  5.77546277692604e-10
 2.80335858253165e+06  1.46283743243020e-09  5.79372392024062e-10
 2.80749271994875e+06  1.45730886345973e-09  5.81091454231546e-10
 2.81162685736584e+06  1.44383995075728e-09  5.82696374523670e-10
 2.81576099478294e+06  1.43314291571155e-09  5.84192966760693e-10
 2.81989513220003e+06  1.42142056839962e-09  5.85598911770338e-10
 2.82402926961713e+06  1.40599280978033e-09  5.86942208344785e-10
 2.82816340703422e+06  1.39509492303498e-09  5.88259195741222e-10
 2.83229754445131e+06  1.39450200607670e-09  5.89592250116863e-10
 2.83643168186841e+06  1.39904921213088e-09  5.90987270595850e-10
 2.84056581928550e+06  1.39838219311302e-09  5.92491078021329e-10
 2.84469995670260e+06  1.39521633897887e-09  5.94148850628238e-10
 2.84883409411969e+06  1.39349573023762e-09  5.96001715935993e-10
 2.85296823153679e+06  1.38795765889061e-09  5.98084607467307e-10
 2.85710236895388e+06  1.37758464743538e-09  6.00424479097838e-10
 2.86123650637097e+06  1.36859236228273e-09  6.03038949826787e-10
 2.86537064378807e+06  1.36930320952587e-09  6.05935428623324e-10
 2.86950478120516e+06  1.37647412459924e-09  6.09110743979537e-10
 2.87363891862226e+06  1.38267721484342e-09  6.12551277190995e-10
 2.87777305603935e+06  1.38911220459618e-09  6.16233573499976e-10
 2.88190719345645e+06  1.39464223359863e-09  6.20125382319687e-10
 2.88604133087354e+06  1.39473112941695e-09  6.24187057930982e-10
 2.89017546829063e+06  1.38518652257693e-09  6.28373236245633e-10
 2.89430960570773e+06  1.37027111631267e-09  6.32634692175642e-10
 2.89844374312482e+06  1.35902996102439e-09  6.36920276291535e-10
 2.90257788054192e+06  1.35100267389060e-09  6.41178828971719e-10
 2.90671201795901e+06  1.34567719073621e-09  6.45360975037207e-10
 2.91084615537611e+06  1.34535994335764e-09  6.49420711557035e-10
 2.91498029279320e+06  1.35106209393288e-09  6.53316715481397e-10
 2.91911443021030e+06  1.35835177874484e-09  6.57013315183124e-10
 2.92324856762739e+06  1.35868427351728e-09  6.60481089874273e-10
 2.92738270504448e+06  1.35375534650819e-09  6.63697082116250e-10
 2.93151684246158e+06  1.34724550517024e-09  6.66644630113894e-10
 2.93565097987867e+06  1.33901764151967e-09  6.69312847043901e-10
 2.93978511729577e+06  1.33055622180097e-09  6.71695793254220e-10
 2.94391925471286e+06  1.32501959759286e-09  6.73791402847755e-10
 2.94805339212996e+06  1.32675088706306e-09  6.75600238165437e-10
 2.95218752954705e+06  1.33071047780525e-09  6.77124153454448e-10
 2.95632166696414e+06  1.33049913275557e-09  6.78364952222563e-10
 2.96045580438124e+06  1.32634523254377e-09  6.79323121361592e-10
 2.96458994179833e+06  1.31717622454292e-09  6.79996719237233e-10
 2.96872407921543e+06  1.30299577742750e-09  6.80380484987797e-10
 2.97285821663252e+06  1.28431986953016e-09  6.80465222852779e-10
 2.97699235404962e+06  1.26684111822992e-09  6.80237499238913e-10
 2.98112649146671e+06  1.25642223739150e-09  6.79679672326876e-10
 2.98526062888380e+06  1.25163703240027e-09  6.78770255303570e-10
 2.98939476630090e+06  1.25282493787224e-09  6.77484595776768e-10
 2.99352890371799e+06  1.25774464338615e-09  6.75795836564479e-10
 2.99766304113509e+06  1.26255407848039e-09  6.73676107747296e-10
 3.00179717855218e+06  1.26368265297249e-09  6.71097887400679e-10
 3.00593131596928e+06  1.25805697857050e-09  6.68035459395806e-10
 3.01006545338637e+06  1.24905138981852e-09  6.64466391493397e-10
 3.01419959080346e+06  1.23827532524216e-09  6.60372955865459e-10
 3.01833372822056e+06  1.22913003205971e-09  6.55743417161925e-10
 3.02246786563765e+06  1.22556577902433e-09  6.50573120076586e-10
 3.02660200305475e+06  1.22569493797054e-09  6.44865318648135e-10
 3.03073614047184e+06  1.22821461275424e-09  6.38631702674618e-10
 3.03487027788894e+06  1.22933157765799e-09  6.31892591903187e-10
 3.03900441530603e+06  1.22753660305667e-09  6.24676785263494e-10
 3.04313855272312e+06  1.22161532418129e-09  6.17021069471628e-10
 3.04727269014022e+06  1.20974139023424e-09  6.08969407963653e-10
 3.05140682755731e+06  1.19802817205561e-09  6.00571846482937e-10
 3.05554096497441e+06  1.19014655215833e-09  5.91883184984980e-10
 3.05967510239150e+06  1.18790390256387e-09  5.82961476195467e-10
 3.06380923980860e+06  1.19177663190519e-09  5.73866418669906e-10
 3.06794337722569e+06  1.20040432128460e-09  5.64657716235350e-10
 3.07207751464278e+06  1.21377711002637e-09  5.55393476108812e-10
 3.07621165205988e+06  1.22387364751801e-09  5.46128714833404e-10
 3.08034578947697e+06  1.22576322895294e-09  5.36914034682012e-10
 3.08447992689407e+06  1.22136113443554e-09  5.27794523744910e-10
 3.08861406431116e+06  1.21290025067782e-09  5.18808921077977e-10
 3.09274820172826e+06  1.20379527142634e-09  5.09989074688498e-10
 3.09688233914535e+06  1.19360681086485e-09  5.01359705496742e-10
 3.10101647656245e+06  1.18761531561432e-09  4.92938475490790e-10
 3.10515061397954e+06  1.18937244267344e-09  4.84736343842688e-10
 3.10928475139663e+06  1.19230247597103e-09  4.76758181488089e-10
 3.11341888881373e+06  1.19210993724521e-09  4.69003603222880e-10
 3.11755302623082e+06  1.18727036762424e-09  4.61467967266226e-10
 3.12168716364792e+06  1.18138960038511e-09  4.54143485874173e-10
 3.12582130106501e+06  1.17318986952026e-09  4.47020387207703e-10
 3.12995543848211e+06  1.15932787855334e-09  4.40088068351904e-10
 3.13408957589920e+06  1.14882743763825e-09  4.33336182079228e-10
 3.13822371331629e+06  1.14726376428599e-09  4.26755605429060e-10
 3.14235785073339e+06  1.15232961785781e-09  4.20339246083066e-10
 3.14649198815048e+06  1.15722033056540e-09  4.14082652381617e-10
 3.15062612556758e+06  1.15998805090660e-09  4.07984404095840e-10
 3.15476026298467e+06  1.16442567582464e-09  4.02046273131245e-10
 3.15889440040177e+06  1.16162650874977e-09  3.96273155557840e-10
 3.16302853781886e+06  1.14632374562894e-09  3.90672788114156e-10
 3.16716267523595e+06  1.12636797754793e-09  3.85255273035506e-10
 3.17129681265305e+06  1.11082525618699e-09  3.80032444197906e-10
 3.17543095007014e+06  1.10135950859254e-09  3.75017114730074e-10
 3.17956508748724e+06  1.09109975992430e-09  3.70222251121940e-10
 3.18369922490433e+06  1.08553567367787e-09  3.65660121269846e-10
 3.18783336232143e+06  1.09005840040163e-09  3.61341463797602e-10
 3.19196749973852e+06  1.09452767037998e-09  3.57274723460684e-10
 3.19610163715561e+06  1.09110315572321e-09  3.53465392681045e-10
 3.20023577457271e+06  1.08171559880783e-09  3.49915492584032e-10
 3.20436991198980e+06  1.07618886130494e-09  3.46623218716409e-10
 3.20850404940690e+06  1.07255927196071e-09  3.43582767381697e-10
 3.21263818682399e+06  1.06415527484758e-09  3.40784348741288e-10
 3.21677232424109e+06  1.06079617210548e-09  3.38214383015749e-10
 3.22090646165818e+06  1.06867905698406e-09  3.35855866784768e-10
 3.22504059907527e+06  1.08130606316088e-09  3.33688887990956e-10
 3.22917473649237e+06  1.08643164568529e-09  3.31691261204897e-10
 3.23330887390946e+06  1.08324282587359e-09  3.29839249328048e-10
 3.23744301132656e+06  1.08120356834378e-09  3.28108334422760e-10
 3.24157714874365e+06  1.07446530045210e-09  3.26473998887871e-10
 3.24571128616075e+06  1.05840659325024e-09  3.24912478759670e-10
 3.24984542357784e+06  1.04231305849768e-09  3.23401453423004e-10
 3.25397956099493e+06  1.03746526964755e-09  3.21920640280391e-10
 3.25811369841203e+06  1.04365728618063e-09  3.20452268678336e-10
 3.26224783582912e+06  1.04790264805638e-09  3.18981414291612e-10
 3.26638197324622e+06  1.05202623876814e-09  3.17496182831534e-10
 3.27051611066331e+06  1.06257682628743e-09  3.15987739959177e-10
 3.27465024808041e+06  1.07126877239428e-09  3.14450192229240e-10
 3.27878438549750e+06  1.06905768220243e-09  3.12880331361771e-10
 3.28291852291459e+06  1.05790652364994e-09  3.11277260769695e-10
 3.28705266033169e+06  1.05224456858684e-09  3.09641928746694e-10
 3.29118679774878e+06  1.05310103201041e-09  3.07976596797049e-10
 3.29532093516588e+06  1.05033799575930e-09  3.06284274099829e-10
 3.29945507258297e+06  1.04841272644607e-09  3.04568149961696e-10
 3.30358921000007e+06  1.05336788015425e-09  3.02831055329627e-10
 3.30772334741716e+06  1.06065065172818e-09  3.01074982093744e-10
 3.31185748483426e+06  1.05649760193389e-09  2.99300685174399e-10
 3.31599162225135e+06  1.03974128825841e-09  2.97507387485393e-10
 3.32012575966844e+06  1.02537654029301e-09  2.95692602077078e-10
 3.32425989708554e+06  1.01409857295764e-09  2.93852079405895e-10
 3.32839403450263e+06  1.00037840908310e-09  2.91979881085983e-10
 3.33252817191973e+06  9.88117395517556e-10  2.90068574990787e-10
 3.33666230933682e+06  9.87375348043810e-10  2.88109540509371e-10
 3.34079644675392e+06  9.98476808985544e-10  2.86093367413401e-10
 3.34493058417101e+06  1.00509855027098e-09  2.84010327401590e-10
 3.34906472158810e+06  1.00391239537532e-09  2.81850894148360e-10
 3.35319885900520e+06  1.00253418933585e-09  2.79606285718634e-10
 3.35733299642229e+06  9.99523983138928e-10  2.77269002579922e-10
 3.36146713383939e+06  9.88591311256929e-10  2.74833335136386e-10
 3.36560127125648e+06  9.69990696277895e-10  2.72295816652981e-10
 3.36973540867358e+06  9.58372126102292e-10  2.69655600496229e-10
 3.37386954609067e+06  9.58072592223843e-10  2.66914744607585e-10
 3.37800368350776e+06  9.58218798855607e-10  2.64078390820521e-10
 3.38213782092486e+06  9.55716680843161e-10  2.61154831782335e-10
 3.38627195834195e+06  9.53791741962777e-10  2.58155463580844e-10
 3.39040609575905e+06  9.53839668093770e-10  2.55094627439665e-10
 3.39454023317614e+06  9.47315463135146e-10  2.51989348781625e-10
 3.39867437059324e+06  9.31296056026954e-10  2.48858986341702e-10
 3.40280850801033e+06  9.18708160020739e-10  2.45724807647074e-10
 3.40694264542742e+06  9.15762165759570e-10  2.42609509925403e-10
 3.41107678284452e+06  9.18971818783257e-10  2.39536707254663e-10
 3.41521092026161e+06  9.23291145953880e-10  2.36530405482685e-10
 3.41934505767871e+06  9.31306537489498e-10  2.33614486128551e-10
 3.42347919509580e+06  9.46360878161475e-10  2.30812219187043e-10
 3.42761333251290e+06  9.57114392921234e-10  2.28145822593460e-10
 3.43174746992999e+06  9.55554449739595e-10  2.25636083208808e-10
 3.43588160734708e+06  9.46202194422210e-10  2.23302050724535e-10
 3.44001574476418e+06  9.37579849177928e-10  2.21160812051605e-10
 3.44414988218127e+06  9.31388408820447e-10  2.19227349750486e-10
 3.44828401959837e+06  9.22558281406234e-10  2.17514484076403e-10
 3.45241815701546e+06  9.17526869147803e-10  2.16032894447065e-10
 3.45655229443256e+06  9.23336010362087e-10  2.14791212758340e-10
 3.46068643184965e+06  9.33495262306768e-10  2.13796178120705e-10
 3.46482056926674e+06  9.37323859204838e-10  2.13052840376282e-10
 3.46895470668384e+06  9.32568107087324e-10  2.12564798257796e-10
 3.47308884410093e+06  9.28433402111645e-10  2.12334457302024e-10
 3.47722298151803e+06  9.25414021902408e-10  2.12363292629142e-10
 3.48135711893512e+06  9.17319777206478e-10  2.12652102406091e-10
 3.48549125635222e+06  9.08885814834729e-10  2.13201239155135e-10
 3.48962539376931e+06  9.09349479905876e-10  2.14010807948382e-10
 3.49375953118641e+06  9.19856417845771e-10  2.15080822824891e-10
 3.49789366860350e+06  9.28542911343578e-10  2.16411315344440e-10
 3.50202780602059e+06  9.29383644812938e-10  2.18002391910095e-10
 3.50616194343769e+06  9.28468372414444e-10  2.19854239210645e-10
 3.51029608085478e+06  9.25155579706587e-10  2.21967079721978e-10
 3.51443021827188e+06  9.12673058142424e-10  2.24341081546037e-10
 3.51856435568897e+06  8.90404764751491e-10  2.26976228859683e-10
 3.52269849310607e+06  8.71319861770468e-10  2.29872160819054e-10
 3.52683263052316e+06  8.65180746005202e-10  2.33027987870029e-10
 3.53096676794025e+06  8.63961666621825e-10  2.36442095030799e-10
 3.53510090535735e+06  8.61247980230096e-10  2.40111941843643e-10
 3.53923504277444e+06  8.61252864854851e-10  2.44033868369902e-10
 3.54336918019154e+06  8.67153135920801e-10  2.48202915875985e-10
 3.54750331760863e+06  8.69022119838927e-10  2.52612669797838e-10
 3.55163745502573e+06  8.57102532984790e-10  2.57255131257686e-10
 3.55577159244282e+06  8.42326540799183e-10  2.62120621928458e-10
 3.55990572985991e+06  8.36704832519676e-10  2.67197725487808e-10
 3.56403986727701e+06  8.35510654172554e-10  2.72473267361968e-10
 3.56817400469410e+06  8.30616076022513e-10  2.77932333007603e-10
 3.57230814211120e+06  8.28160364605260e-10  2.83558323683786e-10
 3.57644227952829e+06  8.37804375426140e-10  2.89333047576400e-10
 3.58057641694539e+06  8.47537731174497e-10  2.95236843287006e-10
 3.58471055436248e+06  8.42176775876018e-10  3.01248732102434e-10
 3.58884469177957e+06  8.28109761527348e-10  3.07346595116630e-10
 3.59297882919667e+06  8.18669810241417e-10  3.13507371163013e-10
 3.59711296661376e+06  8.12131296304975e-10  3.19707271599493e-10
 3.60124710403086e+06  7.99185306292523e-10  3.25922008224011e-10
 3.60538124144795e+06  7.89673698997002e-10  3.32127030933708e-10
 3.60951537886505e+06  7.97953940873934e-10  3.38297772119316e-10
 3.61364951628214e+06  8.15220171366259e-10  3.44409895153797e-10
 3.61778365369923e+06  8.24596433264046e-10  3.50439544640646e-10
 3.62191779111633e+06  8.25796303821638e-10  3.56363596291826e-10
 3.62605192853342e+06  8.30832910900644e-10  3.62159904379014e-10
 3.63018606595052e+06  8.35902901226300e-10  3.67807544629379e-10
 3.63432020336761e+06  8.27939964679055e-10  3.73287050218612e-10
 3.63845434078471e+06  8.14243099612378e-10  3.78580638165025e-10
 3.64258847820180e+06  8.11620601091793e-10  3.83672422979010e-10
 3.64672261561889e+06  8.20609132877947e-10  3.88548613915044e-10
 3.65085675303599e+06  8.25769741582313e-10  3.93197691661269e-10
 3.65499089045308e+06  8.24179089671898e-10  3.97610559843752e-10
 3.65912502787018e+06  8.28365975156366e-10  4.01780666380669e-10
 3.66325916528727e+06  8.34676209768204e-10  4.05704089555117e-10
 3.66739330270437e+06  8.27587757133729e-10  4.09379583738413e-10
 3.67152744012146e+06  8.07620298574667e-10  4.12808580030690e-10
 3.67566157753856e+06  7.93912869306782e-10  4.15995137722446e-10
 3.67979571495565e+06  7.94416280240183e-10  4.18945843430867e-10
 3.68392985237274e+06  7.94446508763607e-10  4.21669656021571e-10
 3.68806398978984e+06  7.90988747400036e-10  4.24177696963212e-10
 3.69219812720693e+06  7.97083173503935e-10  4.26482987532166e-10
 3.69633226462403e+06  8.12037748537147e-10  4.28600136222747e-10
 3.70046640204112e+06  8.17087837941806e-10  4.30544981743764e-10
 3.70460053945822e+06  8.04046602542608e-10  4.32334199002131e-10
 3.70873467687531e+06  7.90215986651531e-10  4.33984877387525e-10
 3.71286881429240e+06  7.83712829377241e-10  4.35514082375411e-10
 3.71700295170950e+06  7.72277610599966e-10  4.36938412858689e-10
 3.72113708912659e+06  7.54626917286581e-10  4.38273567608505e-10
 3.72527122654369e+06  7.46249294612844e-10  4.39533934774908e-10
 3.72940536396078e+06  7.53886236158221e-10  4.40732218308701e-10
 3.73353950137788e+06  7.60035942651832e-10  4.41879114581527e-10
 3.73767363879497e+06  7.53099251559259e-10  4.42983051292468e-10
 3.74180777621206e+06  7.44803372899288e-10  4.44049998994686e-10
 3.74594191362916e+06  7.41157960702209e-10  4.45083363302617e-10
 3.75007605104625e+06  7.33284699940867e-10  4.46083963123477e-10
 3.75421018846335e+06  7.16619221270308e-10  4.47050097196653e-10
 3.75834432588044e+06  7.05403578190796e-10  4.47977697942202e-10
 3.76247846329754e+06  7.11628136891344e-10  4.48860568252471e-10
 3.76661260071463e+06  7.23081036601727e-10  4.49690693556186e-10
 3.77074673813172e+06  7.27783287964504e-10  4.50458618392598e-10
 3.77488087554882e+06  7.29925833067022e-10  4.51153874000446e-10
 3.77901501296591e+06  7.36033125580806e-10  4.51765441187336e-10
 3.78314915038301e+06  7.38480951730833e-10  4.52282231115145e-10
 3.78728328780010e+06  7.25646799657830e-10  4.52693565707428e-10
 3.79141742521720e+06  7.08040967683207e-10  4.52989639216457e-10
 3.79555156263429e+06  7.01629737403294e-10  4.53161943106579e-10
 3.79968570005138e+06  7.04207733391756e-10  4.53203637807890e-10
 3.80381983746848e+06  7.05601871565219e-10  4.53109857022726e-10
 3.80795397488557e+06  7.06999010171730e-10  4.52877933044701e-10
 3.81208811230267e+06  7.18869390986634e-10  4.52507534861118e-10
 3.81622224971976e+06  7.33515746997813e-10  4.52000714511309e-10
 3.82035638713686e+06  7.34067609645013e-10  4.51361861101602e-10
 3.82449052455395e+06  7.23832711097607e-10  4.50597565853445e-10
 3.82862466197104e+06  7.17584320644682e-10  4.49716405400698e-10
 3.83275879938814e+06  7.18891481992756e-10  4.48728654074478e-10
 3.83689293680523e+06  7.17253540351396e-10  4.47645938950395e-10
 3.84102707422233e+06  7.13686728998926e-10  4.46480853835835e-10
 3.84516121163942e+06  7.21302678231121e-10  4.45246550024549e-10
 3.84929534905652e+06  7.36268968121212e-10  4.43956322457479e-10
 3.85342948647361e+06  7.42975112091254e-10  4.42623209857428e-10
 3.85756362389070e+06  7.36325892811148e-10  4.41259626448367e-10
 3.86169776130780e+06  7.26999981174125e-10  4.39877041068487e-10
 3.86583189872489e+06  7.20895813373312e-10  4.38485716922513e-10
 3.86996603614199e+06  7.09006290107706e-10  4.37094522014726e-10
 3.87410017355908e+06  6.92135465935455e-10  4.35710816614063e-10
 3.87823431097618e+06  6.83884395968973e-10  4.34340420107078e-10
 3.88236844839327e+06  6.90293383841457e-10  4.32987655491495e-10
 3.88650258581037e+06  7.00347563073664e-10  4.31655465757407e-10
 3.89063672322746e+06  7.01178175343589e-10  4.30345592698478e-10
 3.89477086064455e+06  6.98475323146456e-10  4.29058805480960e-10
 3.89890499806165e+06  6.98595716857318e-10  4.27795163742168e-10
 3.90303913547874e+06  6.93195358727442e-10  4.26554298227641e-10
 3.90717327289584e+06  6.75952673314711e-10  4.25335691105489e-10
 3.91130741031293e+06  6.57427012343017e-10  4.24138938170319e-10
 3.91544154773003e+06  6.53435031749757e-10  4.22963976173535e-10
 3.91957568514712e+06  6.57923058124303e-10  4.21811260449174e-10
 3.92370982256421e+06  6.56156240973122e-10  4.20681880754863e-10
 3.92784395998131e+06  6.52493107331456e-10  4.19577606683872e-10
 3.93197809739840e+06  6.56317661764650e-10  4.18500857956446e-10
 3.93611223481550e+06  6.59961297023441e-10  4.17454599168757e-10
 3.94024637223259e+06  6.47919240204547e-10  4.16442162948137e-10
 3.94438050964969e+06  6.26821723551953e-10  4.15467009708298e-10
 3.94851464706678e+06  6.16930727864170e-10  4.14532436094828e-10
 3.95264878448387e+06  6.17139029872601e-10  4.13641247551561e-10
 3.95678292190097e+06  6.14813597204301e-10  4.12795413038947e-10
 3.96091705931806e+06  6.13044748912586e-10  4.11995721648534e-10
 3.96505119673516e+06  6.24509757930195e-10  4.11241461577228e-10
 3.96918533415225e+06  6.43100732834851e-10  4.10530141595497e-10
 3.97331947156935e+06  6.47523029369905e-10  4.09857273760165e-10
 3.97745360898644e+06  6.37655850203220e-10  4.09216233734733e-10
 3.98158774640353e+06  6.30897893453285e-10  4.08598211788930e-10
 3.98572188382063e+06  6.30437822901977e-10  4.07992263501916e-10
 3.98985602123772e+06  6.24688978178947e-10  4.07385464578885e-10
 3.99399015865482e+06  6.14162271691061e-10  4.06763169227758e-10
 3.99812429607191e+06  6.16563062106214e-10  4.06109366471574e-10
 4.00225843348901e+06  6.33602091267453e-10  4.05407123841687e-10
 4.00639257090610e+06  6.45280445600715e-10  4.04639103352588e-10
 4.01052670832319e+06  6.43615844831532e-10  4.03788130730434e-10
 4.01466084574029e+06  6.41619049956952e-10  4.02837795755867e-10
 4.01879498315738e+06  6.45794485649247e-10  4.01773059452105e-10
 4.02292912057448e+06  6.41938361495716e-10  4.00580842818347e-10
 4.02706325799157e+06  6.25615606700756e-10  3.99250571941792e-10
 4.03119739540867e+06  6.17612871168089e-10  3.97774655627229e-10
 4.03533153282576e+06  6.28750946033028e-10  3.96148874112342e-10
 4.03946567024285e+06  6.42146119013500e-10  3.94372660885767e-10
 4.04359980765995e+06  6.43633539224282e-10  3.92449263938989e-10
 4.04773394507704e+06  6.44558356721666e-10  3.90385777764896e-10
 4.05186808249414e+06  6.53568347422863e-10  3.88193042834119e-10
 4.05600221991123e+06  6.53256540637650e-10  3.85885414882131e-10
 4.06013635732833e+06  6.33070811686149e-10  3.83480411862305e-10
 4.06427049474542e+06  6.12313709225584e-10  3.80998251603218e-10
 4.06840463216252e+06  6.08280013855765e-10  3.78461297808658e-10
 4.07253876957961e+06  6.09269322897921e-10  3.75893435840667e-10
 4.07667290699670e+06  6.01473426731374e-10  3.73319402552991e-10
 4.08080704441380e+06  5.97484459062185e-10  3.70764096165373e-10
 4.08494118183089e+06  6.08473476336046e-10  3.68251892713181e-10
 4.08907531924799e+06  6.17235602228022e-10  3.65805994954339e-10
 4.09320945666508e+06  6.06359305969057e-10  3.63447837807069e-10
 4.09734359408218e+06  5.87625783303775e-10  3.61196571524127e-10
 4.10147773149927e+06  5.79552119498979e-10  3.59068640029761e-10
 4.10561186891636e+06  5.75618438453338e-10  3.57077467345331e-10
 4.10974600633346e+06  5.63236890514496e-10  3.55233260032944e-10
 4.11388014375055e+06  5.53487751870096e-10  3.53542928339851e-10
 4.11801428116765e+06  5.61650293918858e-10  3.52010123486076e-10
 4.12214841858474e+06  5.76415194595310e-10  3.50635383555976e-10
 4.12628255600184e+06  5.76222879045615e-10  3.49416375967983e-10
 4.13041669341893e+06  5.64348203721784e-10  3.48348220713752e-10
 4.13455083083602e+06  5.58503975014699e-10  3.47423875648936e-10
