#time(au), s(t), s(t) without exp(iwt)
 0.00000000000000e+01  0.00000000000000e+00  0.00000000000000e+00
 4.13413741709430e+02  1.74613474150791e-18 -6.71538675808828e-18
 8.26827483418859e+02  2.02051382650019e-18 -4.88315865690445e-18
 1.24024122512829e+03  3.45826033139725e-19 -3.90011177589259e-18
 1.65365496683772e+03 -3.46701133021127e-18 -4.51170542529247e-18
 2.06706870854715e+03  7.32860977429321e-18 -5.72314045216002e-19
 2.48048245025658e+03 -2.58192960921553e-17 -1.16292672975621e-17
 2.89389619196601e+03  3.44735455566646e-17 -2.79037152237019e-18
 3.30730993367544e+03 -1.06596391291165e-16 -9.82424630734061e-18
 3.72072367538487e+03  9.89182391944166e-17 -7.67181449639954e-17
 4.13413741709430e+03 -3.77778598860053e-16 -2.73340779611975e-17
 4.54755115880373e+03  1.56625686657047e-16 -1.02662816327949e-16
 4.96096490051316e+03 -1.28533880824597e-15 -4.70973496165115e-16
 5.37437864222259e+03 -2.18992194135606e-16 -7.35709664306837e-16
 5.78779238393202e+03 -4.38463152428785e-15 -1.89978208067631e-15
 6.20120612564145e+03 -3.28152796140993e-15 -4.28366363120010e-15
 6.61461986735088e+03 -1.52255096066319e-14 -6.32369026614243e-15
 7.02803360906031e+03 -1.83225752027833e-14 -1.31646814953376e-14
 7.44144735076974e+03 -5.29513837102040e-14 -2.74140216711456e-14
 7.85486109247917e+03 -7.88335575770560e-14 -4.27245045585345e-14
 8.26827483418859e+03 -1.79950420945380e-13 -1.08562955482580e-13
 8.68168857589802e+03 -2.93044875650750e-13 -2.05424147188756e-13
 9.09510231760745e+03 -5.84683259186501e-13 -3.63669427280372e-13
 9.50851605931688e+03 -9.78388122433938e-13 -7.04153319675895e-13
 9.92192980102631e+03 -1.79135219664190e-12 -1.21283907729801e-12
 1.03353435427357e+04 -2.98298522302328e-12 -2.09565267535106e-12
 1.07487572844452e+04 -5.13424376255476e-12 -3.48768708631337e-12
 1.11621710261546e+04 -8.37052981620666e-12 -5.52616845239766e-12
 1.15755847678640e+04 -1.37108178749695e-11 -8.70318470221839e-12
 1.19889985095735e+04 -2.17090202048597e-11 -1.32131416144709e-11
 1.24024122512829e+04 -3.40572424116691e-11 -2.00112138017631e-11
 1.28158259929923e+04 -5.21677414684323e-11 -3.00182564549719e-11
 1.32292397347018e+04 -7.86538412587341e-11 -4.33083291707775e-11
 1.36426534764112e+04 -1.16353471827645e-10 -6.11630098540383e-11
 1.40560672181206e+04 -1.68934411756439e-10 -8.38090002351709e-11
 1.44694809598300e+04 -2.41214922036892e-10 -1.16259434292441e-10
 1.48828947015395e+04 -3.37705773881478e-10 -1.63635348805020e-10
 1.52963084432489e+04 -4.65469595842764e-10 -2.27686051562448e-10
 1.57097221849583e+04 -6.29032355296277e-10 -3.11425791094235e-10
 1.61231359266678e+04 -8.37344826239751e-10 -4.10756404228991e-10
 1.65365496683772e+04 -1.09334893632214e-09 -5.22480515478459e-10
 1.69499634100866e+04 -1.40671039591065e-09 -6.54536352720164e-10
 1.73633771517960e+04 -1.77656540407097e-09 -7.99198354713584e-10
 1.77767908935055e+04 -2.21146732306622e-09 -9.64705504549570e-10
 1.81902046352149e+04 -2.70450501556892e-09 -1.14939090517266e-09
 1.86036183769243e+04 -3.26120799822685e-09 -1.34930102145825e-09
 1.90170321186338e+04 -3.86726634801869e-09 -1.57130250179274e-09
 1.94304458603432e+04 -4.52402333352390e-09 -1.82306757777959e-09
 1.98438596020526e+04 -5.21015506193856e-09 -2.11229342049490e-09
 2.02572733437620e+04 -5.92301824031838e-09 -2.43451678870885e-09
 2.06706870854715e+04 -6.63666934033821e-09 -2.79640108630487e-09
 2.10841008271809e+04 -7.34608482133810e-09 -3.19143104218185e-09
 2.14975145688903e+04 -8.02453742829844e-09 -3.58122052225667e-09
 2.19109283105998e+04 -8.66698901480869e-09 -3.96288999070831e-09
 2.23243420523092e+04 -9.24998759129793e-09 -4.30562201663417e-09
 2.27377557940186e+04 -9.77062563889102e-09 -4.64047371980517e-09
 2.31511695357280e+04 -1.02117405456171e-08 -4.96829952538980e-09
 2.35645832774375e+04 -1.05737115985213e-08 -5.27551558211974e-09
 2.39779970191469e+04 -1.08468905931657e-08 -5.58141587187670e-09
 2.43914107608563e+04 -1.10349100075980e-08 -5.87295309158670e-09
 2.48048245025657e+04 -1.11351286381412e-08 -6.14595594121022e-09
 2.52182382442752e+04 -1.11535952628465e-08 -6.39175182555893e-09
 2.56316519859846e+04 -1.10930642394307e-08 -6.59162267960357e-09
 2.60450657276940e+04 -1.09609436035124e-08 -6.76182684844929e-09
 2.64584794694035e+04 -1.07634265900162e-08 -6.90079062555099e-09
 2.68718932111129e+04 -1.05084464040483e-08 -7.02022266519167e-09
 2.72853069528223e+04 -1.02038837127656e-08 -7.13078052594319e-09
 2.76987206945317e+04 -9.85771661112276e-09 -7.23134440166956e-09
 2.81121344362412e+04 -9.47817795966636e-09 -7.32398169916347e-09
 2.85255481779506e+04 -9.07306796561977e-09 -7.41106949118802e-09
 2.89389619196600e+04 -8.65005345194429e-09 -7.48975114329189e-09
 2.93523756613695e+04 -8.21664071411263e-09 -7.55738780446970e-09
 2.97657894030789e+04 -7.77935653812134e-09 -7.61405444317992e-09
 3.01792031447883e+04 -7.34531648036858e-09 -7.66025904470459e-09
 3.05926168864977e+04 -6.91961186356969e-09 -7.69569943066080e-09
 3.10060306282072e+04 -6.50887600648969e-09 -7.72217991250284e-09
 3.14194443699166e+04 -6.11669416005090e-09 -7.74111778945971e-09
 3.18328581116260e+04 -5.74914568355193e-09 -7.75486132595781e-09
 3.22462718533355e+04 -5.40840037266776e-09 -7.76414654289335e-09
 3.26596855950449e+04 -5.09993534665847e-09 -7.77065409253717e-09
 3.30730993367543e+04 -4.82468389848565e-09 -7.77512969325692e-09
 3.34865130784637e+04 -4.58748280368524e-09 -7.77854724413181e-09
 3.38999268201732e+04 -4.38822820449746e-09 -7.78094128067915e-09
 3.43133405618826e+04 -4.23107391870126e-09 -7.78271368818224e-09
 3.47267543035920e+04 -4.11505385019786e-09 -7.78411657401959e-09
 3.51401680453015e+04 -4.04358873775026e-09 -7.78513994094699e-09
 3.55535817870109e+04 -4.01498273792600e-09 -7.78587463698059e-09
 3.59669955287203e+04 -4.03187637162989e-09 -7.78644697344532e-09
 3.63804092704298e+04 -4.09193520537528e-09 -7.78684100737154e-09
 3.67938230121392e+04 -4.19699137642330e-09 -7.78711814841199e-09
 3.72072367538486e+04 -4.34413098286008e-09 -7.78730343827010e-09
 3.76206504955581e+04 -4.53438347486305e-09 -7.78743092169593e-09
 3.80340642372675e+04 -4.76429257791753e-09 -7.78750916771039e-09
 3.84474779789769e+04 -5.03413305883677e-09 -7.78755776236029e-09
 3.88608917206864e+04 -5.33992885459544e-09 -7.78758643503381e-09
 3.92743054623958e+04 -5.68129162734235e-09 -7.78760209920085e-09
 3.96877192041052e+04 -6.05374029973749e-09 -7.78761002946696e-09
 4.01011329458147e+04 -6.45635438097350e-09 -7.78761411509881e-09
 4.05145466875241e+04 -6.88416089981024e-09 -7.78761567845341e-09
 4.09279604292335e+04 -7.33586866113721e-09 -7.78761641583580e-09
 4.13413741709429e+04 -7.80603093542707e-09 -7.78761664589419e-09
 4.17547879126524e+04 -8.29316590650206e-09 -7.78761666992749e-09
 4.21682016543618e+04 -8.79138356044822e-09 -7.78761670602239e-09
 4.25816153960712e+04 -9.29919630228293e-09 -7.78761670275971e-09
 4.29950291377807e+04 -9.81032023653090e-09 -7.78761670677010e-09
 4.34084428794901e+04 -1.03234378558184e-08 -7.78761670192485e-09
 4.38218566211995e+04 -1.08319454998139e-08 -7.78761670671577e-09
 4.42352703629090e+04 -1.13348496388456e-08 -7.78761669990495e-09
 4.46486841046184e+04 -1.18253292583284e-08 -7.78761669595039e-09
 4.50620978463278e+04 -1.23028354612486e-08 -7.78761669359728e-09
 4.54755115880373e+04 -1.27604616031761e-08 -7.78761668999379e-09
 4.58889253297467e+04 -1.31981842415357e-08 -7.78761668807134e-09
 5.00230627468410e+04 -1.57640334191650e-08 -7.78761668807134e-09
 5.41572001639353e+04 -1.41861452855942e-08 -7.78761668807134e-09
 5.82913375810296e+04 -9.58252257773805e-09 -7.78761668807134e-09
 6.24254749981239e+04 -5.21262371665470e-09 -7.78761668807134e-09
 6.65596124152182e+04 -4.17927343464090e-09 -7.78761668807134e-09
 7.06937498323125e+04 -7.19633841796965e-09 -7.78761668807134e-09
 7.48278872494068e+04 -1.21094938736778e-08 -7.78761668807134e-09
 7.89620246665011e+04 -1.54423169256733e-08 -7.78761668807134e-09
 8.30961620835954e+04 -1.48288941823771e-08 -7.78761668807134e-09
 8.72302995006897e+04 -1.07097370815915e-08 -7.78761668807134e-09
 9.13644369177840e+04 -6.02014623293207e-09 -7.78761668807134e-09
 9.54985743348783e+04 -4.06895583143307e-09 -7.78761668807134e-09
 9.96327117519726e+04 -6.21821265653147e-09 -7.78761668807134e-09
 1.03766849169067e+05 -1.09341027013455e-08 -7.78761668807134e-09
 1.07900986586161e+05 -1.48561149070032e-08 -7.78761668807134e-09
 1.12035124003255e+05 -1.52086828602499e-08 -7.78761668807134e-09
 1.16169261420350e+05 -1.17633655095806e-08 -7.78761668807134e-09
 1.20303398837444e+05 -6.96142312201582e-09 -7.78761668807134e-09
 1.24437536254538e+05 -4.20049162843018e-09 -7.78761668807134e-09
 1.28571673671633e+05 -5.42284072377586e-09 -7.78761668807134e-09
 1.32705811088727e+05 -9.72351583783758e-09 -7.78761668807134e-09
 1.36839948505821e+05 -1.40371877096321e-08 -7.78761668807134e-09
 1.40974085922916e+05 -1.53168101677114e-08 -7.78761668807134e-09
 1.45108223340010e+05 -1.26634460452724e-08 -7.78761668807134e-09
 1.49242360757104e+05 -7.97303962834167e-09 -7.78761668807134e-09
 1.53376498174198e+05 -4.57088929728694e-09 -7.78761668807134e-09
 1.57510635591293e+05 -4.83353327012661e-09 -7.78761668807134e-09
 1.61644773008387e+05 -8.54224067713890e-09 -7.78761668807134e-09
 1.65778910425481e+05 -1.30466321142016e-08 -7.78761668807134e-09
 1.69913047842576e+05 -1.51423314963694e-08 -7.78761668807134e-09
 1.74047185259670e+05 -1.33665952441706e-08 -7.78761668807134e-09
 1.78181322676764e+05 -9.00383263931555e-09 -7.78761668807134e-09
 1.82315460093858e+05 -5.13871184859525e-09 -7.78761668807134e-09
 1.86449597510953e+05 -4.48644279819014e-09 -7.78761668807134e-09
 1.90583734928047e+05 -7.46953581645250e-09 -7.78761668807134e-09
 1.94717872345141e+05 -1.19316264243907e-08 -7.78761668807134e-09
 1.98852009762236e+05 -1.47050039757847e-08 -7.78761668807134e-09
 2.02986147179330e+05 -1.38421453227064e-08 -7.78761668807134e-09
 2.07120284596424e+05 -9.97256956959694e-09 -7.78761668807134e-09
 2.11254422013518e+05 -5.85203999745574e-09 -7.78761668807134e-09
 2.15388559430613e+05 -4.37754312877842e-09 -7.78761668807134e-09
 2.19522696847707e+05 -6.53724035987965e-09 -7.78761668807134e-09
 2.23656834264801e+05 -1.07583964674380e-08 -7.78761668807134e-09
 2.27790971681896e+05 -1.40337301432813e-08 -7.78761668807134e-09
 2.31925109098990e+05 -1.40518874411999e-08 -7.78761668807134e-09
 2.36059246516084e+05 -1.08313683383861e-08 -7.78761668807134e-09
 2.40193383933178e+05 -6.66828813933917e-09 -7.78761668807134e-09
 2.44327521350273e+05 -4.49038774039468e-09 -7.78761668807134e-09
 2.48461658767367e+05 -5.79514511712208e-09 -7.78761668807134e-09
 2.52595796184461e+05 -9.60037888008865e-09 -7.78761668807134e-09
 2.56729933601556e+05 -1.31757132805308e-08 -7.78761668807134e-09
 2.60864071018650e+05 -1.40027987628721e-08 -7.78761668807134e-09
 2.64998208435744e+05 -1.15282786326207e-08 -7.78761668807134e-09
 2.69132345852839e+05 -7.52215269216475e-09 -7.78761668807134e-09
 2.73266483269933e+05 -4.81045520027657e-09 -7.78761668807134e-09
 2.77400620687027e+05 -5.26400371566715e-09 -7.78761668807134e-09
 2.81534758104121e+05 -8.49663685071329e-09 -7.78761668807134e-09
 2.85668895521216e+05 -1.21771605455080e-08 -7.78761668807134e-09
 2.89803032938310e+05 -1.36952657694776e-08 -7.78761668807134e-09
 2.93937170355404e+05 -1.20071811065134e-08 -7.78761668807134e-09
 2.98071307772499e+05 -8.34310682654528e-09 -7.78761668807134e-09
 3.02205445189593e+05 -5.29164662552794e-09 -7.78761668807134e-09
 3.06339582606687e+05 -4.96197214984648e-09 -7.78761668807134e-09
 3.10473720023782e+05 -7.52075914386585e-09 -7.78761668807134e-09
 3.14607857440876e+05 -1.11054684500169e-08 -7.78761668807134e-09
 3.18741994857970e+05 -1.31649307036040e-08 -7.78761668807134e-09
 3.22876132275065e+05 -1.22672865550450e-08 -7.78761668807134e-09
 3.27010269692159e+05 -9.08601865848687e-09 -7.78761668807134e-09
 3.31144407109253e+05 -5.88287630721566e-09 -7.78761668807134e-09
 3.35278544526348e+05 -4.88382552943346e-09 -7.78761668807134e-09
 3.39412681943442e+05 -6.71963589962589e-09 -7.78761668807134e-09
 3.43546819360536e+05 -1.00258570201123e-08 -7.78761668807134e-09
 3.47680956777631e+05 -1.24431388274449e-08 -7.78761668807134e-09
 3.51815094194725e+05 -1.22830416970901e-08 -7.78761668807134e-09
 3.55949231611819e+05 -9.69314582624775e-09 -7.78761668807134e-09
 3.60083369028913e+05 -6.52180115809425e-09 -7.78761668807134e-09
 3.64217506446008e+05 -4.98636279639026e-09 -7.78761668807134e-09
 3.68351643863102e+05 -6.09946893017915e-09 -7.78761668807134e-09
 3.72485781280196e+05 -8.99364466206433e-09 -7.78761668807134e-09
 3.76619918697291e+05 -1.15879062659297e-08 -7.78761668807134e-09
 3.80754056114385e+05 -1.20656324467612e-08 -7.78761668807134e-09
 3.84888193531479e+05 -1.01302925510185e-08 -7.78761668807134e-09
 3.89022330948574e+05 -7.17475691860938e-09 -7.78761668807134e-09
 3.93156468365668e+05 -5.26459497588006e-09 -7.78761668807134e-09
 3.97290605782762e+05 -5.68509278797028e-09 -7.78761668807134e-09
 4.01424743199857e+05 -8.06157535645128e-09 -7.78761668807134e-09
 4.05558880616951e+05 -1.06575322412787e-08 -7.78761668807134e-09
 4.09693018034045e+05 -1.16390079110440e-08 -7.78761668807134e-09
 4.13827155451140e+05 -1.03607298969862e-08 -7.78761668807134e-09
 4.17961292868234e+05 -7.75941413878504e-09 -7.78761668807134e-09
 4.22095430285328e+05 -5.65605923876994e-09 -7.78761668807134e-09
 4.26229567702423e+05 -5.47429076480589e-09 -7.78761668807134e-09
 4.30363705119517e+05 -7.25664000520249e-09 -7.78761668807134e-09
 4.34497842536611e+05 -9.68268708997740e-09 -7.78761668807134e-09
 4.38631979953706e+05 -1.10290034836480e-08 -7.78761668807134e-09
 4.42766117370800e+05 -1.03726856286145e-08 -7.78761668807134e-09
 4.46900254787894e+05 -8.22218958118127e-09 -7.78761668807134e-09
 4.51034392204988e+05 -6.10612758894486e-09 -7.78761668807134e-09
 4.55168529622083e+05 -5.45526278134078e-09 -7.78761668807134e-09
 4.59302667039177e+05 -6.63850709236372e-09 -7.78761668807134e-09
 4.63436804456271e+05 -8.75630711035985e-09 -7.78761668807134e-09
 4.67570941873366e+05 -1.02905707119227e-08 -7.78761668807134e-09
 4.71705079290460e+05 -1.01831898689531e-08 -7.78761668807134e-09
 4.75839216707554e+05 -8.55300324570160e-09 -7.78761668807134e-09
 4.79973354124649e+05 -6.56072345084899e-09 -7.78761668807134e-09
 4.84107491541743e+05 -5.57355078245323e-09 -7.78761668807134e-09
 4.88241628958837e+05 -6.20300345028437e-09 -7.78761668807134e-09
 4.92375766375932e+05 -7.91175491178897e-09 -7.78761668807134e-09
 4.96509903793026e+05 -9.46374632617205e-09 -7.78761668807134e-09
 5.00644041210120e+05 -9.79245170926939e-09 -7.78761668807134e-09
 5.04778178627215e+05 -8.69944064353660e-09 -7.78761668807134e-09
 5.08912316044309e+05 -6.97430529622574e-09 -7.78761668807134e-09
 5.13046453461403e+05 -5.80628720563743e-09 -7.78761668807134e-09
 5.17180590878498e+05 -5.93639162227125e-09 -7.78761668807134e-09
 5.21314728295592e+05 -7.18840333224708e-09 -7.78761668807134e-09
 5.25448865712686e+05 -8.63059800919316e-09 -7.78761668807134e-09
 5.29583003129780e+05 -9.25130958931855e-09 -7.78761668807134e-09
 5.33717140546875e+05 -8.66654241859730e-09 -7.78761668807134e-09
 5.37851277963969e+05 -7.32005098008775e-09 -7.78761668807134e-09
 5.41985415381063e+05 -6.12702483106909e-09 -7.78761668807134e-09
 5.46119552798158e+05 -5.85892774422067e-09 -7.78761668807134e-09
 5.50253690215252e+05 -6.62205794635613e-09 -7.78761668807134e-09
 5.54387827632346e+05 -7.81309018144266e-09 -7.78761668807134e-09
 5.58521965049441e+05 -8.59025133100144e-09 -7.78761668807134e-09
 5.62656102466535e+05 -8.44485302567144e-09 -7.78761668807134e-09
 5.66790239883629e+05 -7.51248458149548e-09 -7.78761668807134e-09
 5.70924377300724e+05 -6.44722928417399e-09 -7.78761668807134e-09
 5.75058514717818e+05 -5.92801029074074e-09 -7.78761668807134e-09
 5.79192652134912e+05 -6.22119732330188e-09 -7.78761668807134e-09
 5.83326789552007e+05 -7.06558914465999e-09 -7.78761668807134e-09
 5.87460926969101e+05 -7.85412690689591e-09 -7.78761668807134e-09
 5.91595064386195e+05 -8.05249228741242e-09 -7.78761668807134e-09
 5.95729201803289e+05 -7.56378890932299e-09 -7.78761668807134e-09
 5.99863339220384e+05 -6.73655192206157e-09 -7.78761668807134e-09
 6.03997476637478e+05 -6.09646910391110e-09 -7.78761668807134e-09
 6.08131614054572e+05 -6.00893374090574e-09 -7.78761668807134e-09
 6.12265751471667e+05 -6.45712523808404e-09 -7.78761668807134e-09
 6.16399888888761e+05 -7.10045535406821e-09 -7.78761668807134e-09
 6.20534026305855e+05 -7.52077796227491e-09 -7.78761668807134e-09
 6.24668163722950e+05 -7.45302506381583e-09 -7.78761668807134e-09
 6.28802301140044e+05 -6.94239261364104e-09 -7.78761668807134e-09
 6.32936438557138e+05 -6.31277361929202e-09 -7.78761668807134e-09
 6.37070575974233e+05 -5.92349104681912e-09 -7.78761668807134e-09
 6.41204713391327e+05 -5.96267502562641e-09 -7.78761668807134e-09
 6.45338850808421e+05 -6.37071502701948e-09 -7.78761668807134e-09
 6.49472988225516e+05 -6.87381464199397e-09 -7.78761668807134e-09
 6.53607125642610e+05 -7.15804165182388e-09 -7.78761668807134e-09
 6.57741263059704e+05 -7.04297598922107e-09 -7.78761668807134e-09
 6.61875400476799e+05 -6.56322286433007e-09 -7.78761668807134e-09
 6.66009537893893e+05 -5.97824795163698e-09 -7.78761668807134e-09
 6.70143675310987e+05 -5.63149971307133e-09 -7.78761668807134e-09
 6.74277812728081e+05 -5.71961961168598e-09 -7.78761668807134e-09
 6.78411950145176e+05 -6.18059660158015e-09 -7.78761668807134e-09
 6.82546087562270e+05 -6.73145223372331e-09 -7.78761668807134e-09
 6.86680224979364e+05 -7.00726878404732e-09 -7.78761668807134e-09
 6.90814362396459e+05 -6.78758867471839e-09 -7.78761668807134e-09
 6.94948499813553e+05 -6.15542175771721e-09 -7.78761668807134e-09
 6.99082637230647e+05 -5.46675173402052e-09 -7.78761668807134e-09
 7.03216774647742e+05 -5.16167547055194e-09 -7.78761668807134e-09
 7.07350912064836e+05 -5.45925527090730e-09 -7.78761668807134e-09
 7.11485049481930e+05 -6.16608058329103e-09 -7.78761668807134e-09
 7.15619186899025e+05 -6.80703196036976e-09 -7.78761668807134e-09
 7.19753324316119e+05 -6.92580874158893e-09 -7.78761668807134e-09
 7.23887461733213e+05 -6.37515790333560e-09 -7.78761668807134e-09
 7.28021599150308e+05 -5.45995575181513e-09 -7.78761668807134e-09
 7.32155736567402e+05 -4.76950987227207e-09 -7.78761668807134e-09
 7.36289873984496e+05 -4.78247029756144e-09 -7.78761668807134e-09
 7.40424011401591e+05 -5.52074278755821e-09 -7.78761668807134e-09
 7.44558148818685e+05 -6.48709670712518e-09 -7.78761668807134e-09
 7.48692286235779e+05 -6.98346796674593e-09 -7.78761668807134e-09
 7.52826423652873e+05 -6.61553254714628e-09 -7.78761668807134e-09
 7.56960561069968e+05 -5.57719446210926e-09 -7.78761668807134e-09
 7.61094698487062e+05 -4.53075754332859e-09 -7.78761668807134e-09
 7.65228835904156e+05 -4.19166068606727e-09 -7.78761668807134e-09
 7.69362973321251e+05 -4.82439781999593e-09 -7.78761668807134e-09
 7.73497110738345e+05 -6.00897529618734e-09 -7.78761668807134e-09
 7.77631248155439e+05 -6.90549336516405e-09 -7.78761668807134e-09
 7.81765385572534e+05 -6.82976285885140e-09 -7.78761668807134e-09
 7.85899522989628e+05 -5.76429093468663e-09 -7.78761668807134e-09
 7.90033660406722e+05 -4.41005260695073e-09 -7.78761668807134e-09
 7.94167797823817e+05 -3.69322280051466e-09 -7.78761668807134e-09
 7.98301935240911e+05 -4.12003309461240e-09 -7.78761668807134e-09
 8.02436072658005e+05 -5.41983725767520e-09 -7.78761668807134e-09
 8.06570210075100e+05 -6.68980056259665e-09 -7.78761668807134e-09
 8.10704347492194e+05 -6.99405274727987e-09 -7.78761668807134e-09
 8.14838484909288e+05 -6.04673178160576e-09 -7.78761668807134e-09
 8.18972622326383e+05 -4.45795160118603e-09 -7.78761668807134e-09
 8.23106759743477e+05 -3.32415902220677e-09 -7.78761668807134e-09
 8.27240897160571e+05 -3.45000761205173e-09 -7.78761668807134e-09
 8.31375034577666e+05 -4.75666456434589e-09 -7.78761668807134e-09
 8.35509171994760e+05 -6.32638926180493e-09 -7.78761668807134e-09
 8.39643309411854e+05 -7.03682068768949e-09 -7.78761668807134e-09
 8.43777446828948e+05 -6.32767025222434e-09 -7.78761668807134e-09
 8.47911584246043e+05 -4.62692128821475e-09 -7.78761668807134e-09
 8.52045721663137e+05 -3.10100127551115e-09 -7.78761668807134e-09
 8.56179859080231e+05 -2.83261455110342e-09 -7.78761668807134e-09
 8.60313996497326e+05 -4.02657411818767e-09 -7.78761668807134e-09
 8.64448133914420e+05 -5.83797195142429e-09 -7.78761668807134e-09
 8.68582271331514e+05 -6.96496566931012e-09 -7.78761668807134e-09
 8.72716408748609e+05 -6.57355826573725e-09 -7.78761668807134e-09
 8.76850546165703e+05 -4.88956298801044e-09 -7.78761668807134e-09
 8.80984683582797e+05 -3.05760163031602e-09 -7.78761668807134e-09
 8.85118820999892e+05 -2.36146471539890e-09 -7.78761668807134e-09
 8.89252958416986e+05 -3.31693964533849e-09 -7.78761668807134e-09
 8.93387095834080e+05 -5.26086858852873e-09 -7.78761668807134e-09
 8.97521233251175e+05 -6.79273300823429e-09 -7.78761668807134e-09
 9.01655370668269e+05 -6.78448820115225e-09 -7.78761668807134e-09
 9.05789508085363e+05 -5.19889145712314e-09 -7.78761668807134e-09
 9.09923645502458e+05 -3.12507598853206e-09 -7.78761668807134e-09
 9.14057782919552e+05 -2.00934822292817e-09 -7.78761668807134e-09
 9.18191920336646e+05 -2.64063852980242e-09 -7.78761668807134e-09
 9.22326057753740e+05 -4.58904378806478e-09 -7.78761668807134e-09
 9.26460195170835e+05 -6.47129091248633e-09 -7.78761668807134e-09
 9.30594332587929e+05 -6.91245500163250e-09 -7.78761668807134e-09
 9.34728470005023e+05 -5.54756605072352e-09 -7.78761668807134e-09
 9.38862607422118e+05 -3.31406091764109e-09 -7.78761668807134e-09
 9.42996744839212e+05 -1.78737227614268e-09 -7.78761668807134e-09
 9.47130882256306e+05 -2.04412284838343e-09 -7.78761668807134e-09
 9.51265019673401e+05 -3.90151256500170e-09 -7.78761668807134e-09
 9.55399157090495e+05 -6.04482859220967e-09 -7.78761668807134e-09
 9.59533294507589e+05 -6.93764411324546e-09 -7.78761668807134e-09
 9.63667431924684e+05 -5.90404010061285e-09 -7.78761668807134e-09
 9.67801569341778e+05 -3.63321821280476e-09 -7.78761668807134e-09
 9.71935706758872e+05 -1.72189701882754e-09 -7.78761668807134e-09
 9.76069844175967e+05 -1.53021642117824e-09 -7.78761668807134e-09
 9.80203981593061e+05 -3.18946024924678e-09 -7.78761668807134e-09
 9.84338119010155e+05 -5.50522663151844e-09 -7.78761668807134e-09
 9.88472256427250e+05 -6.81367265041377e-09 -7.78761668807134e-09
 9.92606393844344e+05 -6.16425341420002e-09 -7.78761668807134e-09
 9.96740531261438e+05 -3.98484397132405e-09 -7.78761668807134e-09
 1.00087466867853e+06 -1.79361479527428e-09 -7.78761668807134e-09
 1.00500880609563e+06 -1.14313856544029e-09 -7.78761668807134e-09
 1.00914294351272e+06 -2.50145212351020e-09 -7.78761668807134e-09
 1.01327708092982e+06 -4.89514069265052e-09 -7.78761668807134e-09
 1.01741121834691e+06 -6.59572350450716e-09 -7.78761668807134e-09
 1.02154535576400e+06 -6.36764850610638e-09 -7.78761668807134e-09
 1.02567949318110e+06 -4.35919636559714e-09 -7.78761668807134e-09
 1.02981363059819e+06 -1.98339075058913e-09 -7.78761668807134e-09
 1.03394776801529e+06 -9.12310480869644e-10 -7.78761668807134e-09
 1.03808190543238e+06 -1.90022252991966e-09 -7.78761668807134e-09
 1.04221604284948e+06 -4.24473018983427e-09 -7.78761668807134e-09
 1.04635018026657e+06 -6.26298124802459e-09 -7.78761668807134e-09
 1.05048431768366e+06 -6.48479295022050e-09 -7.78761668807134e-09
 1.05461845510076e+06 -4.72792045166810e-09 -7.78761668807134e-09
 1.05875259251785e+06 -2.23521467043822e-09 -7.78761668807134e-09
 1.06288672993495e+06 -7.75297930287997e-10 -7.78761668807134e-09
 1.06702086735204e+06 -1.37250580042758e-09 -7.78761668807134e-09
 1.07115500476914e+06 -3.58399552867600e-09 -7.78761668807134e-09
 1.07528914218623e+06 -5.82881284722168e-09 -7.78761668807134e-09
 1.07942327960332e+06 -6.49777906111709e-09 -7.78761668807134e-09
 1.08355741702042e+06 -5.09209048182612e-09 -7.78761668807134e-09
 1.08769155443751e+06 -2.59895662826051e-09 -7.78761668807134e-09
 1.09182569185461e+06 -7.95209145565364e-10 -7.78761668807134e-09
 1.09595982927170e+06 -9.65275956080191e-10 -7.78761668807134e-09
 1.10009396668880e+06 -2.96837261732796e-09 -7.78761668807134e-09
 1.10422810410589e+06 -5.35288107510008e-09 -7.78761668807134e-09
 1.10836224152298e+06 -6.40963288983123e-09 -7.78761668807134e-09
 1.11249637894008e+06 -5.38327467732053e-09 -7.78761668807134e-09
 1.11663051635717e+06 -2.99880241062399e-09 -7.78761668807134e-09
 1.12076465377427e+06 -9.43118784192000e-10 -7.78761668807134e-09
 1.12489879119136e+06 -6.75897696788257e-10 -7.78761668807134e-09
 1.12903292860846e+06 -2.38054524449821e-09 -7.78761668807134e-09
 1.13316706602555e+06 -4.81503251655455e-09 -7.78761668807134e-09
 1.13730120344264e+06 -6.21602843480754e-09 -7.78761668807134e-09
 1.14143534085974e+06 -5.57843907910212e-09 -7.78761668807134e-09
 1.14556947827683e+06 -3.36935024158755e-09 -7.78761668807134e-09
 1.14970361569393e+06 -1.16889017893323e-09 -7.78761668807134e-09
 1.15383775311102e+06 -5.32167084953792e-10 -7.78761668807134e-09
 1.15797189052812e+06 -1.89904801994141e-09 -7.78761668807134e-09
 1.16210602794521e+06 -4.28160813552195e-09 -7.78761668807134e-09
 1.16624016536231e+06 -5.96117255278916e-09 -7.78761668807134e-09
 1.17037430277940e+06 -5.72112944225543e-09 -7.78761668807134e-09
 1.17450844019649e+06 -3.73397822447273e-09 -7.78761668807134e-09
 1.17864257761359e+06 -1.43818765401100e-09 -7.78761668807134e-09
 1.18277671503068e+06 -4.72999689210939e-10 -7.78761668807134e-09
 1.18691085244778e+06 -1.49933426568229e-09 -7.78761668807134e-09
 1.19104498986487e+06 -3.75562712039744e-09 -7.78761668807134e-09
 1.19517912728197e+06 -5.61647010652604e-09 -7.78761668807134e-09
 1.19931326469906e+06 -5.74795002646779e-09 -7.78761668807134e-09
 1.20344740211615e+06 -4.05123644298684e-09 -7.78761668807134e-09
 1.20758153953325e+06 -1.74433593398670e-09 -7.78761668807134e-09
 1.21171567695034e+06 -4.87788047808837e-10 -7.78761668807134e-09
 1.21584981436744e+06 -1.17058122740967e-09 -7.78761668807134e-09
 1.21998395178453e+06 -3.26961285812701e-09 -7.78761668807134e-09
 1.22411808920163e+06 -5.25136037139343e-09 -7.78761668807134e-09
 1.22825222661872e+06 -5.70119467104100e-09 -7.78761668807134e-09
 1.23238636403581e+06 -4.31729519030997e-09 -7.78761668807134e-09
 1.23652050145291e+06 -2.09728879856973e-09 -7.78761668807134e-09
 1.24065463887000e+06 -6.32383691048165e-10 -7.78761668807134e-09
 1.24478877628710e+06 -9.66746230720296e-10 -7.78761668807134e-09
 1.24892291370419e+06 -2.84063365025877e-09 -7.78761668807134e-09
 1.25305705112129e+06 -4.87740817128184e-09 -7.78761668807134e-09
 1.25719118853838e+06 -5.59379988030201e-09 -7.78761668807134e-09
 1.26132532595547e+06 -4.49255672672964e-09 -7.78761668807134e-09
 1.26545946337257e+06 -2.39591661057112e-09 -7.78761668807134e-09
 1.26959360078966e+06 -8.15478497376773e-10 -7.78761668807134e-09
 1.27372773820676e+06 -8.66420005030691e-10 -7.78761668807134e-09
 1.27786187562385e+06 -2.49235003405637e-09 -7.78761668807134e-09
 1.28199601304095e+06 -4.50943126161814e-09 -7.78761668807134e-09
 1.28613015045804e+06 -5.44805610257630e-09 -7.78761668807134e-09
 1.29026428787513e+06 -4.63322541945627e-09 -7.78761668807134e-09
 1.29439842529223e+06 -2.67871757112473e-09 -7.78761668807134e-09
 1.29853256270932e+06 -1.02018125962236e-09 -7.78761668807134e-09
 1.30266670012642e+06 -8.52448148116154e-10 -7.78761668807134e-09
 1.30680083754351e+06 -2.26191027868026e-09 -7.78761668807134e-09
 1.31093497496061e+06 -4.20753944430512e-09 -7.78761668807134e-09
 1.31506911237770e+06 -5.28875437654212e-09 -7.78761668807134e-09
 1.31920324979479e+06 -4.72974222044611e-09 -7.78761668807134e-09
 1.32333738721189e+06 -2.94248204828290e-09 -7.78761668807134e-09
 1.32747152462898e+06 -1.23727232566264e-09 -7.78761668807134e-09
 1.33160566204608e+06 -8.57598688963743e-10 -7.78761668807134e-09
 1.33573979946317e+06 -2.05851213737122e-09 -7.78761668807134e-09
 1.33987393688027e+06 -3.93383120469016e-09 -7.78761668807134e-09
 1.34400807429736e+06 -5.10910968124424e-09 -7.78761668807134e-09
 1.34814221171445e+06 -4.75015355699983e-09 -7.78761668807134e-09
 1.35227634913155e+06 -3.14508179965825e-09 -7.78761668807134e-09
 1.35641048654864e+06 -1.46512768858383e-09 -7.78761668807134e-09
 1.36054462396574e+06 -9.28026445048294e-10 -7.78761668807134e-09
 1.36467876138283e+06 -1.92479438067582e-09 -7.78761668807134e-09
 1.36881289879993e+06 -3.70927687915359e-09 -7.78761668807134e-09
 1.37294703621702e+06 -4.95748169308627e-09 -7.78761668807134e-09
 1.37708117363412e+06 -4.76311756543334e-09 -7.78761668807134e-09
 1.38121531105121e+06 -3.29480612208419e-09 -7.78761668807134e-09
 1.38534944846830e+06 -1.65086192857304e-09 -7.78761668807134e-09
 1.38948358588540e+06 -1.02899011226587e-09 -7.78761668807134e-09
 1.39361772330249e+06 -1.86290408716564e-09 -7.78761668807134e-09
 1.39775186071959e+06 -3.53305326142648e-09 -7.78761668807134e-09
 1.40188599813668e+06 -4.81192876263407e-09 -7.78761668807134e-09
 1.40602013555378e+06 -4.75182248914685e-09 -7.78761668807134e-09
 1.41015427297087e+06 -3.39961739181092e-09 -7.78761668807134e-09
 1.41428841038796e+06 -1.77341834507398e-09 -7.78761668807134e-09
 1.41842254780506e+06 -1.08184995354340e-09 -7.78761668807134e-09
 1.42255668522215e+06 -1.82274294974709e-09 -7.78761668807134e-09
 1.42669082263925e+06 -3.43617939271810e-09 -7.78761668807134e-09
 1.43082496005634e+06 -4.73088979264707e-09 -7.78761668807134e-09
 1.43495909747344e+06 -4.76682537018843e-09 -7.78761668807134e-09
 1.43909323489053e+06 -3.52328695707715e-09 -7.78761668807134e-09
 1.44322737230762e+06 -1.91338216876713e-09 -7.78761668807134e-09
 1.44736150972472e+06 -1.13957843657988e-09 -7.78761668807134e-09
 1.45149564714181e+06 -1.78775445756374e-09 -7.78761668807134e-09
 1.45562978455891e+06 -3.37208768659289e-09 -7.78761668807134e-09
 1.45976392197600e+06 -4.71094086379341e-09 -7.78761668807134e-09
 1.46389805939310e+06 -4.81908411090791e-09 -7.78761668807134e-09
 1.46803219681019e+06 -3.63022793362264e-09 -7.78761668807134e-09
 1.47216633422728e+06 -2.02825706172835e-09 -7.78761668807134e-09
 1.47630047164438e+06 -1.19497702981438e-09 -7.78761668807134e-09
 1.48043460906147e+06 -1.75179423245053e-09 -7.78761668807134e-09
 1.48456874647857e+06 -3.30455172952825e-09 -7.78761668807134e-09
 1.48870288389566e+06 -4.70886788635706e-09 -7.78761668807134e-09
 1.49283702131276e+06 -4.91003201486755e-09 -7.78761668807134e-09
 1.49697115872985e+06 -3.76040754170205e-09 -7.78761668807134e-09
 1.50110529614694e+06 -2.12765911760800e-09 -7.78761668807134e-09
 1.50523943356404e+06 -1.23035956970286e-09 -7.78761668807134e-09
 1.50937357098113e+06 -1.74008472936977e-09 -7.78761668807134e-09
 1.51350770839823e+06 -3.29051562056765e-09 -7.78761668807134e-09
 1.51764184581532e+06 -4.75055533220298e-09 -7.78761668807134e-09
 1.52177598323242e+06 -5.04290416427969e-09 -7.78761668807134e-09
 1.52591012064951e+06 -3.93156490748164e-09 -7.78761668807134e-09
 1.53004425806660e+06 -2.22706200432523e-09 -7.78761668807134e-09
 1.53417839548370e+06 -1.20749670096748e-09 -7.78761668807134e-09
 1.53831253290079e+06 -1.65272971480139e-09 -7.78761668807134e-09
 1.54244667031789e+06 -3.24406749329108e-09 -7.78761668807134e-09
 1.54658080773498e+06 -4.81192248112393e-09 -7.78761668807134e-09
 1.55071494515208e+06 -5.20500895869791e-09 -7.78761668807134e-09
 1.55484908256917e+06 -4.12418555298549e-09 -7.78761668807134e-09
 1.55898321998627e+06 -2.34818895075266e-09 -7.78761668807134e-09
 1.56311735740336e+06 -1.18079108138253e-09 -7.78761668807134e-09
 1.56725149482045e+06 -1.50977644122575e-09 -7.78761668807134e-09
 1.57138563223755e+06 -3.13328695162511e-09 -7.78761668807134e-09
 1.57551976965464e+06 -4.86739380380833e-09 -7.78761668807134e-09
 1.57965390707174e+06 -5.42552212278846e-09 -7.78761668807134e-09
 1.58378804448883e+06 -4.38980821814810e-09 -7.78761668807134e-09
 1.58792218190593e+06 -2.51742824344767e-09 -7.78761668807134e-09
 1.59205631932302e+06 -1.17858796926583e-09 -7.78761668807134e-09
 1.59619045674011e+06 -1.36540460589061e-09 -7.78761668807134e-09
 1.60032459415721e+06 -2.97623167168087e-09 -7.78761668807134e-09
 1.60445873157430e+06 -4.86060812512843e-09 -7.78761668807134e-09
 1.60859286899140e+06 -5.63338836083585e-09 -7.78761668807134e-09
 1.61272700640849e+06 -4.70068810929875e-09 -7.78761668807134e-09
 1.61686114382559e+06 -2.72940709961212e-09 -7.78761668807134e-09
 1.62099528124268e+06 -1.17563277575259e-09 -7.78761668807134e-09
 1.62512941865977e+06 -1.19734847064700e-09 -7.78761668807134e-09
 1.62926355607687e+06 -2.79989031439239e-09 -7.78761668807134e-09
 1.63339769349396e+06 -4.84040016522234e-09 -7.78761668807134e-09
 1.63753183091106e+06 -5.84475371669437e-09 -7.78761668807134e-09
 1.64166596832815e+06 -5.06344754923839e-09 -7.78761668807134e-09
 1.64580010574525e+06 -3.03513886681667e-09 -7.78761668807134e-09
 1.64993424316234e+06 -1.23734375341859e-09 -7.78761668807134e-09
 1.65406838057943e+06 -1.01607432436835e-09 -7.78761668807134e-09
 1.65820251799653e+06 -2.57286737107830e-09 -7.78761668807134e-09
 1.66233665541362e+06 -4.79654689691482e-09 -7.78761668807134e-09
 1.66647079283072e+06 -6.07210541563607e-09 -7.78761668807134e-09
 1.67060493024781e+06 -5.46839054486757e-09 -7.78761668807134e-09
 1.67473906766491e+06 -3.40854883972959e-09 -7.78761668807134e-09
 1.67887320508200e+06 -1.36691342526758e-09 -7.78761668807134e-09
 1.68300734249909e+06 -8.39938562824832e-10 -7.78761668807134e-09
 1.68714147991619e+06 -2.26005197486290e-09 -7.78761668807134e-09
 1.69127561733328e+06 -4.63547041264687e-09 -7.78761668807134e-09
 1.69540975475038e+06 -6.24695656049300e-09 -7.78761668807134e-09
 1.69954389216747e+06 -5.91152145637686e-09 -7.78761668807134e-09
 1.70367802958457e+06 -3.86209611709760e-09 -7.78761668807134e-09
 1.70781216700166e+06 -1.58160714146368e-09 -7.78761668807134e-09
 1.71194630441875e+06 -7.27980892389849e-10 -7.78761668807134e-09
 1.71608044183585e+06 -1.94169810570528e-09 -7.78761668807134e-09
 1.72021457925294e+06 -4.38763715370994e-09 -7.78761668807134e-09
 1.72434871667004e+06 -6.32515462739902e-09 -7.78761668807134e-09
 1.72848285408713e+06 -6.33443994307432e-09 -7.78761668807134e-09
 1.73261699150423e+06 -4.38269161889080e-09 -7.78761668807134e-09
 1.73675112892132e+06 -1.88073757965285e-09 -7.78761668807134e-09
 1.74088526633841e+06 -6.50970811210021e-10 -7.78761668807134e-09
 1.74501940375551e+06 -1.60498928447514e-09 -7.78761668807134e-09
 1.74915354117260e+06 -4.07726250196639e-09 -7.78761668807134e-09
 1.75328767858970e+06 -6.30166732344106e-09 -7.78761668807134e-09
 1.75742181600679e+06 -6.68064167933684e-09 -7.78761668807134e-09
 1.76155595342389e+06 -4.92013814981351e-09 -7.78761668807134e-09
 1.76569009084098e+06 -2.26271454668122e-09 -7.78761668807134e-09
 1.76982422825808e+06 -6.36685276583152e-10 -7.78761668807134e-09
 1.77395836567517e+06 -1.25513003194099e-09 -7.78761668807134e-09
 1.77809250309226e+06 -3.69851571255447e-09 -7.78761668807134e-09
 1.78222664050936e+06 -6.21876598446739e-09 -7.78761668807134e-09
 1.78636077792645e+06 -7.00679411176082e-09 -7.78761668807134e-09
 1.79049491534355e+06 -5.48707689375281e-09 -7.78761668807134e-09
 1.79462905276064e+06 -2.74237152154983e-09 -7.78761668807134e-09
 1.79876319017774e+06 -7.39857772494313e-10 -7.78761668807134e-09
 1.80289732759483e+06 -9.35155860568160e-10 -7.78761668807134e-09
 1.80703146501192e+06 -3.23502498449372e-09 -7.78761668807134e-09
 1.81116560242902e+06 -6.01133569122282e-09 -7.78761668807134e-09
 1.81529973984611e+06 -7.25776913738815e-09 -7.78761668807134e-09
 1.81943387726321e+06 -6.07342365539734e-09 -7.78761668807134e-09
 1.82356801468030e+06 -3.31065687463412e-09 -7.78761668807134e-09
 1.82770215209740e+06 -9.51686224165637e-10 -7.78761668807134e-09
 1.83183628951449e+06 -6.99267463629826e-10 -7.78761668807134e-09
 1.83597042693158e+06 -2.75769936442574e-09 -7.78761668807134e-09
 1.84010456434868e+06 -5.67817311534689e-09 -7.78761668807134e-09
 1.84423870176577e+06 -7.38486386620207e-09 -7.78761668807134e-09
 1.84837283918287e+06 -6.64297098207982e-09 -7.78761668807134e-09
 1.85250697659996e+06 -3.97012765123135e-09 -7.78761668807134e-09
 1.85664111401706e+06 -1.30264105578018e-09 -7.78761668807134e-09
 1.86077525143415e+06 -5.73054739871812e-10 -7.78761668807134e-09
 1.86490938885124e+06 -2.31104922297985e-09 -7.78761668807134e-09
 1.86904352626834e+06 -5.29071083697864e-09 -7.78761668807134e-09
 1.87317766368543e+06 -7.39262066974396e-09 -7.78761668807134e-09
 1.87731180110253e+06 -7.11373347597777e-09 -7.78761668807134e-09
 1.88144593851962e+06 -4.65094689163251e-09 -7.78761668807134e-09
 1.88558007593672e+06 -1.76049698028510e-09 -7.78761668807134e-09
 1.88971421335381e+06 -5.27625622151924e-10 -7.78761668807134e-09
 1.89384835077090e+06 -1.86869230909950e-09 -7.78761668807134e-09
 1.89798248818800e+06 -4.83211458643348e-09 -7.78761668807134e-09
 1.90211662560509e+06 -7.29336194608006e-09 -7.78761668807134e-09
 1.90625076302219e+06 -7.50531867333917e-09 -7.78761668807134e-09
 1.91038490043928e+06 -5.32312126829869e-09 -7.78761668807134e-09
 1.91451903785638e+06 -2.30201301987436e-09 -7.78761668807134e-09
 1.91865317527347e+06 -6.08867791809933e-10 -7.78761668807134e-09
 1.92278731269056e+06 -1.46832941895633e-09 -7.78761668807134e-09
 1.92692145010766e+06 -4.28766760963220e-09 -7.78761668807134e-09
 1.93105558752475e+06 -7.06646708231013e-09 -7.78761668807134e-09
 1.93518972494185e+06 -7.80773315917647e-09 -7.78761668807134e-09
 1.93932386235894e+06 -5.98546803142537e-09 -7.78761668807134e-09
 1.94345799977604e+06 -2.92421363537215e-09 -7.78761668807134e-09
 1.94759213719313e+06 -8.09227633675209e-10 -7.78761668807134e-09
 1.95172627461023e+06 -1.14560422589988e-09 -7.78761668807134e-09
 1.95586041202732e+06 -3.70627270320627e-09 -7.78761668807134e-09
 1.95999454944441e+06 -6.67360460175391e-09 -7.78761668807134e-09
 1.96412868686151e+06 -7.93503179077617e-09 -7.78761668807134e-09
 1.96826282427860e+06 -6.59422312587259e-09 -7.78761668807134e-09
 1.97239696169570e+06 -3.61213728577180e-09 -7.78761668807134e-09
 1.97653109911279e+06 -1.13688413429127e-09 -7.78761668807134e-09
 1.98066523652989e+06 -9.49046588558971e-10 -7.78761668807134e-09
 1.98479937394698e+06 -3.16768159633295e-09 -7.78761668807134e-09
 1.98893351136407e+06 -6.20779600323454e-09 -7.78761668807134e-09
 1.99306764878117e+06 -7.92154433456242e-09 -7.78761668807134e-09
 1.99720178619826e+06 -7.09504176567632e-09 -7.78761668807134e-09
 2.00133592361536e+06 -4.32597931185402e-09 -7.78761668807134e-09
 2.00547006103245e+06 -1.60435451411394e-09 -7.78761668807134e-09
 2.00960419844955e+06 -8.80679669470866e-10 -7.78761668807134e-09
 2.01373833586664e+06 -2.67940259011529e-09 -7.78761668807134e-09
 2.01787247328373e+06 -5.71099134822369e-09 -7.78761668807134e-09
 2.02200661070083e+06 -7.80273550863335e-09 -7.78761668807134e-09
 2.02614074811792e+06 -7.48579326656430e-09 -7.78761668807134e-09
 2.03027488553502e+06 -5.01527795131085e-09 -7.78761668807134e-09
 2.03440902295211e+06 -2.15461783155998e-09 -7.78761668807134e-09
 2.03854316036921e+06 -9.45546291029887e-10 -7.78761668807134e-09
 2.04267729778630e+06 -2.25930130440678e-09 -7.78761668807134e-09
 2.04681143520339e+06 -5.15770199862005e-09 -7.78761668807134e-09
 2.05094557262049e+06 -7.57447000541737e-09 -7.78761668807134e-09
 2.05507971003758e+06 -7.79604826486598e-09 -7.78761668807134e-09
 2.05921384745468e+06 -5.68680634074243e-09 -7.78761668807134e-09
 2.06334798487177e+06 -2.78298318531718e-09 -7.78761668807134e-09
 2.06748212228887e+06 -1.15761179625882e-09 -7.78761668807134e-09
 2.07161625970596e+06 -1.94624285093078e-09 -7.78761668807134e-09
 2.07575039712305e+06 -4.58514324971612e-09 -7.78761668807134e-09
 2.07988453454015e+06 -7.20340929841825e-09 -7.78761668807134e-09
 2.08401867195724e+06 -7.94068803938417e-09 -7.78761668807134e-09
 2.08815280937434e+06 -6.29311767364210e-09 -7.78761668807134e-09
 2.09228694679143e+06 -3.46304856258472e-09 -7.78761668807134e-09
 2.09642108420853e+06 -1.48042390048827e-09 -7.78761668807134e-09
 2.10055522162562e+06 -1.74943275245482e-09 -7.78761668807134e-09
 2.10468935904271e+06 -4.04889833339588e-09 -7.78761668807134e-09
 2.10882349645981e+06 -6.72575075344879e-09 -7.78761668807134e-09
 2.11295763387690e+06 -7.89712291978503e-09 -7.78761668807134e-09
 2.11709177129400e+06 -6.75675048095983e-09 -7.78761668807134e-09
 2.12122590871109e+06 -4.13332099644399e-09 -7.78761668807134e-09
 2.12536004612819e+06 -1.91454075816905e-09 -7.78761668807134e-09
 2.12949418354528e+06 -1.68285874627697e-09 -7.78761668807134e-09
 2.13362832096238e+06 -3.57836742309694e-09 -7.78761668807134e-09
 2.13776245837947e+06 -6.22720252843953e-09 -7.78761668807134e-09
 2.14189659579656e+06 -7.74206007591767e-09 -7.78761668807134e-09
 2.14603073321366e+06 -7.07588581431473e-09 -7.78761668807134e-09
 2.15016487063075e+06 -4.74386671673716e-09 -7.78761668807134e-09
 2.15429900804785e+06 -2.41510464212543e-09 -7.78761668807134e-09
 2.15843314546494e+06 -1.73547166341216e-09 -7.78761668807134e-09
 2.16256728288204e+06 -3.17881526188755e-09 -7.78761668807134e-09
 2.16670142029913e+06 -5.69844478277167e-09 -7.78761668807134e-09
 2.17083555771622e+06 -7.48697994974209e-09 -7.78761668807134e-09
 2.17496969513332e+06 -7.29358619394652e-09 -7.78761668807134e-09
 2.17910383255041e+06 -5.29985212545395e-09 -7.78761668807134e-09
 2.18323796996751e+06 -2.95362053099908e-09 -7.78761668807134e-09
 2.18737210738460e+06 -1.91751345682979e-09 -7.78761668807134e-09
 2.19150624480170e+06 -2.89610200393247e-09 -7.78761668807134e-09
 2.19564038221879e+06 -5.17213037713972e-09 -7.78761668807134e-09
 2.19977451963588e+06 -7.13068280940378e-09 -7.78761668807134e-09
 2.20390865705298e+06 -7.39448877279103e-09 -7.78761668807134e-09
 2.20804279447007e+06 -5.80975428762600e-09 -7.78761668807134e-09
 2.21217693188717e+06 -3.54825641356321e-09 -7.78761668807134e-09
 2.21631106930426e+06 -2.22956734215422e-09 -7.78761668807134e-09
 2.22044520672136e+06 -2.75828923941778e-09 -7.78761668807134e-09
 2.22457934413845e+06 -4.71790160173314e-09 -7.78761668807134e-09
 2.22871348155554e+06 -6.70261632307964e-09 -7.78761668807134e-09
 2.23284761897264e+06 -7.32723649910010e-09 -7.78761668807134e-09
 2.23698175638973e+06 -6.18990578259268e-09 -7.78761668807134e-09
 2.24111589380683e+06 -4.13244401589793e-09 -7.78761668807134e-09
 2.24525003122392e+06 -2.63506800986924e-09 -7.78761668807134e-09
 2.24938416864102e+06 -2.75179791675597e-09 -7.78761668807134e-09
 2.25351830605811e+06 -4.35649026131491e-09 -7.78761668807134e-09
 2.25765244347520e+06 -6.27177346954348e-09 -7.78761668807134e-09
 2.26178658089230e+06 -7.14953071230388e-09 -7.78761668807134e-09
 2.26592071830939e+06 -6.41587415799253e-09 -7.78761668807134e-09
 2.27005485572649e+06 -4.63634308527212e-09 -7.78761668807134e-09
 2.27418899314358e+06 -3.09073381938064e-09 -7.78761668807134e-09
 2.27832313056068e+06 -2.86286154202599e-09 -7.78761668807134e-09
 2.28245726797777e+06 -4.08418871484693e-09 -7.78761668807134e-09
 2.28659140539486e+06 -5.85544228643420e-09 -7.78761668807134e-09
 2.29072554281196e+06 -6.90759916165871e-09 -7.78761668807134e-09
 2.29485968022905e+06 -6.52730438126732e-09 -7.78761668807134e-09
 2.29899381764615e+06 -5.04242210686337e-09 -7.78761668807134e-09
 2.30312795506324e+06 -3.53397125415748e-09 -7.78761668807134e-09
 2.30726209248034e+06 -3.05016882173003e-09 -7.78761668807134e-09
 2.31139622989743e+06 -3.89344996779350e-09 -7.78761668807134e-09
 2.31553036731452e+06 -5.43467353258679e-09 -7.78761668807134e-09
 2.31966450473162e+06 -6.57126383879148e-09 -7.78761668807134e-09
 2.32379864214871e+06 -6.52051539643555e-09 -7.78761668807134e-09
 2.32793277956581e+06 -5.36683791627709e-09 -7.78761668807134e-09
 2.33206691698290e+06 -3.96962676044872e-09 -7.78761668807134e-09
 2.33620105440000e+06 -3.31901560375803e-09 -7.78761668807134e-09
 2.34033519181709e+06 -3.82720217983052e-09 -7.78761668807134e-09
 2.34446932923419e+06 -5.08226361992432e-09 -7.78761668807134e-09
 2.34860346665128e+06 -6.18552299718673e-09 -7.78761668807134e-09
 2.35273760406837e+06 -6.38347173434357e-09 -7.78761668807134e-09
 2.35687174148547e+06 -5.58078534172811e-09 -7.78761668807134e-09
 2.36100587890256e+06 -4.38939279121728e-09 -7.78761668807134e-09
 2.36514001631966e+06 -3.66632017476434e-09 -7.78761668807134e-09
 2.36927415373675e+06 -3.88994841724213e-09 -7.78761668807134e-09
 2.37340829115385e+06 -4.84579700343060e-09 -7.78761668807134e-09
 2.37754242857094e+06 -5.82262181542702e-09 -7.78761668807134e-09
 2.38167656598803e+06 -6.14539860337703e-09 -7.78761668807134e-09
 2.38581070340513e+06 -5.64292553932423e-09 -7.78761668807134e-09
 2.38994484082222e+06 -4.71796436363370e-09 -7.78761668807134e-09
 2.39407897823932e+06 -4.03566252688910e-09 -7.78761668807134e-09
 2.39821311565641e+06 -4.06059115175064e-09 -7.78761668807134e-09
 2.40234725307351e+06 -4.73085163256927e-09 -7.78761668807134e-09
 2.40648139049060e+06 -5.53135386178743e-09 -7.78761668807134e-09
 2.41061552790769e+06 -5.89959865981253e-09 -7.78761668807134e-09
 2.41474966532479e+06 -5.62297806906408e-09 -7.78761668807134e-09
 2.41888380274188e+06 -4.95512310229633e-09 -7.78761668807134e-09
 2.42301794015898e+06 -4.39431548819616e-09 -7.78761668807134e-09
 2.42715207757607e+06 -4.31270612296583e-09 -7.78761668807134e-09
 2.43128621499317e+06 -4.72062588340010e-09 -7.78761668807134e-09
 2.43542035241026e+06 -5.29881561727682e-09 -7.78761668807134e-09
 2.43955448982735e+06 -5.63577846612349e-09 -7.78761668807134e-09
 2.44368862724445e+06 -5.52503545622050e-09 -7.78761668807134e-09
 2.44782276466154e+06 -5.10398333703136e-09 -7.78761668807134e-09
 2.45195690207864e+06 -4.70427434200434e-09 -7.78761668807134e-09
 2.45609103949573e+06 -4.58974372166031e-09 -7.78761668807134e-09
 2.46022517691283e+06 -4.79180169200594e-09 -7.78761668807134e-09
 2.46435931432992e+06 -5.11834062915555e-09 -7.78761668807134e-09
 2.46849345174701e+06 -5.33131020318797e-09 -7.78761668807134e-09
 2.47262758916411e+06 -5.32024964871938e-09 -7.78761668807134e-09
 2.47676172658120e+06 -5.14319885123029e-09 -7.78761668807134e-09
 2.48089586399830e+06 -4.96177661983038e-09 -7.78761668807134e-09
 2.48503000141539e+06 -4.90576143372171e-09 -7.78761668807134e-09
 2.48916413883249e+06 -4.96909262626549e-09 -7.78761668807134e-09
 2.49329827624958e+06 -5.04856853520582e-09 -7.78761668807134e-09
 2.49743241366667e+06 -5.06698580504761e-09 -7.78761668807134e-09
 2.50156655108377e+06 -5.03727958231868e-09 -7.78761668807134e-09
 2.50570068850086e+06 -5.03424000845714e-09 -7.78761668807134e-09
 2.50983482591796e+06 -5.10563737105289e-09 -7.78761668807134e-09
 2.51396896333505e+06 -5.19769318864118e-09 -7.78761668807134e-09
 2.51810310075215e+06 -5.20670584043348e-09 -7.78761668807134e-09
 2.52223723816924e+06 -5.08122718890212e-09 -7.78761668807134e-09
 2.52637137558634e+06 -4.87186833213275e-09 -7.78761668807134e-09
 2.53050551300343e+06 -4.73465861667980e-09 -7.78761668807134e-09
 2.53463965042052e+06 -4.81965053127865e-09 -7.78761668807134e-09
 2.53877378783762e+06 -5.11332038792352e-09 -7.78761668807134e-09
 2.54290792525471e+06 -5.41854040845410e-09 -7.78761668807134e-09
 2.54704206267181e+06 -5.48772997684515e-09 -7.78761668807134e-09
 2.55117620008890e+06 -5.22152015851458e-09 -7.78761668807134e-09
 2.55531033750600e+06 -4.78181980841513e-09 -7.78761668807134e-09
 2.55944447492309e+06 -4.49130523169760e-09 -7.78761668807134e-09
 2.56357861234018e+06 -4.59136058456226e-09 -7.78761668807134e-09
 2.56771274975728e+06 -5.05958463473836e-09 -7.78761668807134e-09
 2.57184688717437e+06 -5.59308049311501e-09 -7.78761668807134e-09
 2.57598102459147e+06 -5.78482516087645e-09 -7.78761668807134e-09
 2.58011516200856e+06 -5.44471076622398e-09 -7.78761668807134e-09
 2.58424929942566e+06 -4.78120643577497e-09 -7.78761668807134e-09
 2.58838343684275e+06 -4.26591596510753e-09 -7.78761668807134e-09
 2.59251757425984e+06 -4.30661736665420e-09 -7.78761668807134e-09
 2.59665171167694e+06 -4.92305826407247e-09 -7.78761668807134e-09
 2.60078584909403e+06 -5.69832791654667e-09 -7.78761668807134e-09
 2.60491998651113e+06 -6.07567550020564e-09 -7.78761668807134e-09
 2.60905412392822e+06 -5.74539271308112e-09 -7.78761668807134e-09
 2.61318826134532e+06 -4.88975344009433e-09 -7.78761668807134e-09
 2.61732239876241e+06 -4.10810142609610e-09 -7.78761668807134e-09
 2.62145653617950e+06 -3.99702199764070e-09 -7.78761668807134e-09
 2.62559067359660e+06 -4.68686162802659e-09 -7.78761668807134e-09
 2.62972481101369e+06 -5.71959538342156e-09 -7.78761668807134e-09
 2.63385894843079e+06 -6.35965901884285e-09 -7.78761668807134e-09
 2.63799308584788e+06 -6.11593875450203e-09 -7.78761668807134e-09
 2.64212722326498e+06 -5.12292332514087e-09 -7.78761668807134e-09
 2.64626136068207e+06 -4.06386157354023e-09 -7.78761668807134e-09
 2.65039549809916e+06 -3.70003523334949e-09 -7.78761668807134e-09
 2.65452963551626e+06 -4.34306156468417e-09 -7.78761668807134e-09
 2.65866377293335e+06 -5.57644586066896e-09 -7.78761668807134e-09
 2.66279791035045e+06 -6.51415605892643e-09 -7.78761668807134e-09
 2.66693204776754e+06 -6.45904277715948e-09 -7.78761668807134e-09
 2.67106618518464e+06 -5.41391833280396e-09 -7.78761668807134e-09
 2.67520032260173e+06 -4.09839739941894e-09 -7.78761668807134e-09
 2.67933446001882e+06 -3.45612432781961e-09 -7.78761668807134e-09
 2.68346859743592e+06 -3.97626336309495e-09 -7.78761668807134e-09
 2.68760273485301e+06 -5.32706209511571e-09 -7.78761668807134e-09
 2.69173687227011e+06 -6.56334529505395e-09 -7.78761668807134e-09
 2.69587100968720e+06 -6.77661545958945e-09 -7.78761668807134e-09
 2.70000514710430e+06 -5.76707931873636e-09 -7.78761668807134e-09
 2.70413928452139e+06 -4.23719654250861e-09 -7.78761668807134e-09
 2.70827342193849e+06 -3.28696572357522e-09 -7.78761668807134e-09
 2.71240755935558e+06 -3.61429284446120e-09 -7.78761668807134e-09
 2.71654169677267e+06 -5.02312111538287e-09 -7.78761668807134e-09
 2.72067583418977e+06 -6.52710856574987e-09 -7.78761668807134e-09
 2.72480997160686e+06 -7.03506675058421e-09 -7.78761668807134e-09
 2.72894410902396e+06 -6.14640618156363e-09 -7.78761668807134e-09
 2.73307824644105e+06 -4.45391409306468e-09 -7.78761668807134e-09
 2.73721238385815e+06 -3.16157888307822e-09 -7.78761668807134e-09
 2.74134652127524e+06 -3.22600759570504e-09 -7.78761668807134e-09
 2.74548065869233e+06 -4.63223418926354e-09 -7.78761668807134e-09
 2.74961479610943e+06 -6.39427446831293e-09 -7.78761668807134e-09
 2.75374893352652e+06 -7.25772713258711e-09 -7.78761668807134e-09
 2.75788307094362e+06 -6.58174466317987e-09 -7.78761668807134e-09
 2.76201720836071e+06 -4.81118320091906e-09 -7.78761668807134e-09
 2.76615134577781e+06 -3.19924453020384e-09 -7.78761668807134e-09
 2.77028548319490e+06 -2.91710892992907e-09 -7.78761668807134e-09
 2.77441962061199e+06 -4.20226986304055e-09 -7.78761668807134e-09
 2.77855375802909e+06 -6.16753747083382e-09 -7.78761668807134e-09
 2.78268789544618e+06 -7.40520576269356e-09 -7.78761668807134e-09
 2.78682203286328e+06 -7.01373004768096e-09 -7.78761668807134e-09
 2.79095617028037e+06 -5.25660271483237e-09 -7.78761668807134e-09
 2.79509030769747e+06 -3.36524528640017e-09 -7.78761668807134e-09
 2.79922444511456e+06 -2.69331026376327e-09 -7.78761668807134e-09
 2.80335858253165e+06 -3.75296622484329e-09 -7.78761668807134e-09
 2.80749271994875e+06 -5.81095062781085e-09 -7.78761668807134e-09
 2.81162685736584e+06 -7.39970857499463e-09 -7.78761668807134e-09
 2.81576099478294e+06 -7.36902655989183e-09 -7.78761668807134e-09
 2.81989513220003e+06 -5.72008297880119e-09 -7.78761668807134e-09
 2.82402926961713e+06 -3.62284164604449e-09 -7.78761668807134e-09
 2.82816340703422e+06 -2.58385292154369e-09 -7.78761668807134e-09
 2.83229754445131e+06 -3.36113569337129e-09 -7.78761668807134e-09
 2.83643168186841e+06 -5.42542286642976e-09 -7.78761668807134e-09
 2.84056581928550e+06 -7.31908571207722e-09 -7.78761668807134e-09
 2.84469995670260e+06 -7.66961882780750e-09 -7.78761668807134e-09
 2.84883409411969e+06 -6.20248831785805e-09 -7.78761668807134e-09
 2.85296823153679e+06 -3.95717037818923e-09 -7.78761668807134e-09
 2.85710236895388e+06 -2.53545422389633e-09 -7.78761668807134e-09
 2.86123650637097e+06 -2.96862258754176e-09 -7.78761668807134e-09
 2.86537064378807e+06 -4.96529715257519e-09 -7.78761668807134e-09
 2.86950478120516e+06 -7.10445014783007e-09 -7.78761668807134e-09
 2.87363891862226e+06 -7.85403034949909e-09 -7.78761668807134e-09
 2.87777305603935e+06 -6.65692617552876e-09 -7.78761668807134e-09
 2.88190719345645e+06 -4.34346405381728e-09 -7.78761668807134e-09
 2.88604133087354e+06 -2.56470999837227e-09 -7.78761668807134e-09
 2.89017546829063e+06 -2.60584498330438e-09 -7.78761668807134e-09
 2.89430960570773e+06 -4.44855424237473e-09 -7.78761668807134e-09
 2.89844374312482e+06 -6.78797981663104e-09 -7.78761668807134e-09
 2.90257788054192e+06 -7.95794625369906e-09 -7.78761668807134e-09
 2.90671201795901e+06 -7.11057116849087e-09 -7.78761668807134e-09
 2.91084615537611e+06 -4.84230923568013e-09 -7.78761668807134e-09
 2.91498029279320e+06 -2.76849138829877e-09 -7.78761668807134e-09
 2.91911443021030e+06 -2.37146310874962e-09 -7.78761668807134e-09
 2.92324856762739e+06 -3.95090015063060e-09 -7.78761668807134e-09
 2.92738270504448e+06 -6.38223993737638e-09 -7.78761668807134e-09
 2.93151684246158e+06 -7.92124565869480e-09 -7.78761668807134e-09
 2.93565097987867e+06 -7.46726230137732e-09 -7.78761668807134e-09
 2.93978511729577e+06 -5.33884507980053e-09 -7.78761668807134e-09
 2.94391925471286e+06 -3.05149713426165e-09 -7.78761668807134e-09
 2.94805339212996e+06 -2.24540134657098e-09 -7.78761668807134e-09
 2.95218752954705e+06 -3.50489460985509e-09 -7.78761668807134e-09
 2.95632166696414e+06 -5.93311829870280e-09 -7.78761668807134e-09
 2.96045580438124e+06 -7.79635199242475e-09 -7.78761668807134e-09
 2.96458994179833e+06 -7.75948792622327e-09 -7.78761668807134e-09
 2.96872407921543e+06 -5.84644053865367e-09 -7.78761668807134e-09
 2.97285821663252e+06 -3.43554382475207e-09 -7.78761668807134e-09
 2.97699235404962e+06 -2.25691297796354e-09 -7.78761668807134e-09
 2.98112649146671e+06 -3.15915816410952e-09 -7.78761668807134e-09
 2.98526062888380e+06 -5.50991654032331e-09 -7.78761668807134e-09
 2.98939476630090e+06 -7.62647762494307e-09 -7.78761668807134e-09
 2.99352890371799e+06 -7.99109752796039e-09 -7.78761668807134e-09
 2.99766304113509e+06 -6.34481845212225e-09 -7.78761668807134e-09
 3.00179717855218e+06 -3.86245936265988e-09 -7.78761668807134e-09
 3.00593131596928e+06 -2.32096603488019e-09 -7.78761668807134e-09
 3.01006545338637e+06 -2.82623230770431e-09 -7.78761668807134e-09
 3.01419959080346e+06 -5.01525839620612e-09 -7.78761668807134e-09
 3.01833372822056e+06 -7.32092232615164e-09 -7.78761668807134e-09
 3.02246786563765e+06 -8.09692654985505e-09 -7.78761668807134e-09
 3.02660200305475e+06 -6.79027073892551e-09 -7.78761668807134e-09
 3.03073614047184e+06 -4.33995177077016e-09 -7.78761668807134e-09
 3.03487027788894e+06 -2.50627737678319e-09 -7.78761668807134e-09
 3.03900441530603e+06 -2.59641876054664e-09 -7.78761668807134e-09
 3.04313855272312e+06 -4.54159983279205e-09 -7.78761668807134e-09
 3.04727269014022e+06 -6.95088333415373e-09 -7.78761668807134e-09
 3.05140682755731e+06 -8.09565563575366e-09 -7.78761668807134e-09
 3.05554096497441e+06 -7.16488594511577e-09 -7.78761668807134e-09
 3.05967510239150e+06 -4.83771370368382e-09 -7.78761668807134e-09
 3.06380923980860e+06 -2.78243836289940e-09 -7.78761668807134e-09
 3.06794337722569e+06 -2.46740163480720e-09 -7.78761668807134e-09
 3.07207751464278e+06 -4.10415614423823e-09 -7.78761668807134e-09
 3.07621165205988e+06 -6.50495031048153e-09 -7.78761668807134e-09
 3.08034578947697e+06 -7.94447020038111e-09 -7.78761668807134e-09
 3.08447992689407e+06 -7.39402332580078e-09 -7.78761668807134e-09
 3.08861406431116e+06 -5.25574763324059e-09 -7.78761668807134e-09
 3.09274820172826e+06 -3.07323983014709e-09 -7.78761668807134e-09
 3.09688233914535e+06 -2.41618559879961e-09 -7.78761668807134e-09
 3.10101647656245e+06 -3.74298415346227e-09 -7.78761668807134e-09
 3.10515061397954e+06 -6.09100011971320e-09 -7.78761668807134e-09
 3.10928475139663e+06 -7.77557532858401e-09 -7.78761668807134e-09
 3.11341888881373e+06 -7.59308948273999e-09 -7.78761668807134e-09
 3.11755302623082e+06 -5.69051073352673e-09 -7.78761668807134e-09
 3.12168716364792e+06 -3.44278005989273e-09 -7.78761668807134e-09
 3.12582130106501e+06 -2.46502684516847e-09 -7.78761668807134e-09
 3.12995543848211e+06 -3.45713035652428e-09 -7.78761668807134e-09
 3.13408957589920e+06 -5.69054186536149e-09 -7.78761668807134e-09
 3.13822371331629e+06 -7.55231998492966e-09 -7.78761668807134e-09
 3.14235785073339e+06 -7.71506514274958e-09 -7.78761668807134e-09
 3.14649198815048e+06 -6.07871098683838e-09 -7.78761668807134e-09
 3.15062612556758e+06 -3.82895911349744e-09 -7.78761668807134e-09
 3.15476026298467e+06 -2.57952249160733e-09 -7.78761668807134e-09
 3.15889440040177e+06 -3.21983339604446e-09 -7.78761668807134e-09
 3.16302853781886e+06 -5.27628706504369e-09 -7.78761668807134e-09
 3.16716267523595e+06 -7.26229028490161e-09 -7.78761668807134e-09
 3.17129681265305e+06 -7.75621109910874e-09 -7.78761668807134e-09
 3.17543095007014e+06 -6.42685586114000e-09 -7.78761668807134e-09
 3.17956508748724e+06 -4.26173548161907e-09 -7.78761668807134e-09
 3.18369922490433e+06 -2.82354328443324e-09 -7.78761668807134e-09
 3.18783336232143e+06 -3.13333563817881e-09 -7.78761668807134e-09
 3.19196749973852e+06 -4.95457384141540e-09 -7.78761668807134e-09
 3.19610163715561e+06 -6.96288849224832e-09 -7.78761668807134e-09
 3.20023577457271e+06 -7.71207140759382e-09 -7.78761668807134e-09
 3.20436991198980e+06 -6.67497352394735e-09 -7.78761668807134e-09
 3.20850404940690e+06 -4.62199242207213e-09 -7.78761668807134e-09
 3.21263818682399e+06 -3.04978753710654e-09 -7.78761668807134e-09
 3.21677232424109e+06 -3.07779276811298e-09 -7.78761668807134e-09
 3.22090646165818e+06 -4.65855795130925e-09 -7.78761668807134e-09
 3.22504059907527e+06 -6.63384826749207e-09 -7.78761668807134e-09
 3.22917473649237e+06 -7.57781202455621e-09 -7.78761668807134e-09
 3.23330887390946e+06 -6.81889418165857e-09 -7.78761668807134e-09
 3.23744301132656e+06 -4.91830120904365e-09 -7.78761668807134e-09
 3.24157714874365e+06 -3.26565464935599e-09 -7.78761668807134e-09
 3.24571128616075e+06 -3.05551887485841e-09 -7.78761668807134e-09
 3.24984542357784e+06 -4.42071958974212e-09 -7.78761668807134e-09
 3.25397956099493e+06 -6.35216924176405e-09 -7.78761668807134e-09
 3.25811369841203e+06 -7.44963569990406e-09 -7.78761668807134e-09
 3.26224783582912e+06 -6.93985035978601e-09 -7.78761668807134e-09
 3.26638197324622e+06 -5.20539144072074e-09 -7.78761668807134e-09
 3.27051611066331e+06 -3.50482687918424e-09 -7.78761668807134e-09
 3.27465024808041e+06 -3.06552280513271e-09 -7.78761668807134e-09
 3.27878438549750e+06 -4.18591200113833e-09 -7.78761668807134e-09
 3.28291852291459e+06 -6.03126616110785e-09 -7.78761668807134e-09
 3.28705266033169e+06 -7.24792908522258e-09 -7.78761668807134e-09
 3.29118679774878e+06 -6.96308407846172e-09 -7.78761668807134e-09
 3.29532093516588e+06 -5.41259142838568e-09 -7.78761668807134e-09
 3.29945507258297e+06 -3.73343692386212e-09 -7.78761668807134e-09
 3.30358921000007e+06 -3.13549627034341e-09 -7.78761668807134e-09
 3.30772334741716e+06 -4.03658597409887e-09 -7.78761668807134e-09
 3.31185748483426e+06 -5.76715632523925e-09 -7.78761668807134e-09
 3.31599162225135e+06 -7.05864025531973e-09 -7.78761668807134e-09
 3.32012575966844e+06 -6.97559229122131e-09 -7.78761668807134e-09
 3.32425989708554e+06 -5.60405709299471e-09 -7.78761668807134e-09
 3.32839403450263e+06 -3.96808945528860e-09 -7.78761668807134e-09
 3.33252817191973e+06 -3.26708611033750e-09 -7.78761668807134e-09
 3.33666230933682e+06 -3.99352862690061e-09 -7.78761668807134e-09
 3.34079644675392e+06 -5.59418198680339e-09 -7.78761668807134e-09
 3.34493058417101e+06 -6.89849519621974e-09 -7.78761668807134e-09
 3.34906472158810e+06 -6.95304649881936e-09 -7.78761668807134e-09
 3.35319885900520e+06 -5.72247833564215e-09 -7.78761668807134e-09
 3.35733299642229e+06 -4.12352682380878e-09 -7.78761668807134e-09
 3.36146713383939e+06 -3.33194469355910e-09 -7.78761668807134e-09
 3.36560127125648e+06 -3.91968440868032e-09 -7.78761668807134e-09
 3.36973540867358e+06 -5.43945141777084e-09 -7.78761668807134e-09
 3.37386954609067e+06 -6.76624589486772e-09 -7.78761668807134e-09
 3.37800368350776e+06 -6.93691972427192e-09 -7.78761668807134e-09
 3.38213782092486e+06 -5.84141163278985e-09 -7.78761668807134e-09
 3.38627195834195e+06 -4.28764564672167e-09 -7.78761668807134e-09
 3.39040609575905e+06 -3.41571156404985e-09 -7.78761668807134e-09
 3.39454023317614e+06 -3.86715248053196e-09 -7.78761668807134e-09
 3.39867437059324e+06 -5.29843433076904e-09 -7.78761668807134e-09
 3.40280850801033e+06 -6.64423323854622e-09 -7.78761668807134e-09
 3.40694264542742e+06 -6.91790395306862e-09 -7.78761668807134e-09
 3.41107678284452e+06 -5.92342354446305e-09 -7.78761668807134e-09
 3.41521092026161e+06 -4.40093472894237e-09 -7.78761668807134e-09
 3.41934505767871e+06 -3.46821383422090e-09 -7.78761668807134e-09
 3.42347919509580e+06 -3.79044323759730e-09 -7.78761668807134e-09
 3.42761333251290e+06 -5.12009841697513e-09 -7.78761668807134e-09
 3.43174746992999e+06 -6.46983207562651e-09 -7.78761668807134e-09
 3.43588160734708e+06 -6.83055603103356e-09 -7.78761668807134e-09
 3.44001574476418e+06 -5.93563507946309e-09 -7.78761668807134e-09
 3.44414988218127e+06 -4.45241239042499e-09 -7.78761668807134e-09
 3.44828401959837e+06 -3.47748831516833e-09 -7.78761668807134e-09
 3.45241815701546e+06 -3.72799802211728e-09 -7.78761668807134e-09
 3.45655229443256e+06 -5.01027098569134e-09 -7.78761668807134e-09
 3.46068643184965e+06 -6.36649553696866e-09 -7.78761668807134e-09
 3.46482056926674e+06 -6.79496953303251e-09 -7.78761668807134e-09
 3.46895470668384e+06 -5.97409627348522e-09 -7.78761668807134e-09
 3.47308884410093e+06 -4.49361776144353e-09 -7.78761668807134e-09
 3.47722298151803e+06 -3.44953217897319e-09 -7.78761668807134e-09
 3.48135711893512e+06 -3.61883747600130e-09 -7.78761668807134e-09
 3.48549125635222e+06 -4.86889914204769e-09 -7.78761668807134e-09
 3.48962539376931e+06 -6.27337852825822e-09 -7.78761668807134e-09
 3.49375953118641e+06 -6.78559582713138e-09 -7.78761668807134e-09
 3.49789366860350e+06 -6.01554517904921e-09 -7.78761668807134e-09
 3.50202780602059e+06 -4.52653031052920e-09 -7.78761668807134e-09
 3.50616194343769e+06 -3.40358017107225e-09 -7.78761668807134e-09
 3.51029608085478e+06 -3.46979236990320e-09 -7.78761668807134e-09
 3.51443021827188e+06 -4.69170507315350e-09 -7.78761668807134e-09
 3.51856435568897e+06 -6.17381084000475e-09 -7.78761668807134e-09
 3.52269849310607e+06 -6.81316792936213e-09 -7.78761668807134e-09
 3.52683263052316e+06 -6.13466618593212e-09 -7.78761668807134e-09
 3.53096676794025e+06 -4.63375726836584e-09 -7.78761668807134e-09
 3.53510090535735e+06 -3.41035276719866e-09 -7.78761668807134e-09
 3.53923504277444e+06 -3.36860352578811e-09 -7.78761668807134e-09
 3.54336918019154e+06 -4.53585613558297e-09 -7.78761668807134e-09
 3.54750331760863e+06 -6.05496094254386e-09 -7.78761668807134e-09
 3.55163745502573e+06 -6.81438172696006e-09 -7.78761668807134e-09
 3.55577159244282e+06 -6.23231698252458e-09 -7.78761668807134e-09
 3.55990572985991e+06 -4.71412224782805e-09 -7.78761668807134e-09
 3.56403986727701e+06 -3.37917028655836e-09 -7.78761668807134e-09
 3.56817400469410e+06 -3.21084244062802e-09 -7.78761668807134e-09
 3.57230814211120e+06 -4.33283203239561e-09 -7.78761668807134e-09
 3.57644227952829e+06 -5.92207948282010e-09 -7.78761668807134e-09
 3.58057641694539e+06 -6.80369473918877e-09 -7.78761668807134e-09
 3.58471055436248e+06 -6.31916651423240e-09 -7.78761668807134e-09
 3.58884469177957e+06 -4.80585402981766e-09 -7.78761668807134e-09
 3.59297882919667e+06 -3.34906234323741e-09 -7.78761668807134e-09
 3.59711296661376e+06 -3.02130159625617e-09 -7.78761668807134e-09
 3.60124710403086e+06 -4.08767695161844e-09 -7.78761668807134e-09
 3.60538124144795e+06 -5.76419989402147e-09 -7.78761668807134e-09
 3.60951537886505e+06 -6.80997427619667e-09 -7.78761668807134e-09
 3.61364951628214e+06 -6.44905477748825e-09 -7.78761668807134e-09
 3.61778365369923e+06 -4.91905221667590e-09 -7.78761668807134e-09
 3.62191779111633e+06 -3.31530709505479e-09 -7.78761668807134e-09
 3.62605192853342e+06 -2.79612608840803e-09 -7.78761668807134e-09
 3.63018606595052e+06 -3.73822518305200e-09 -7.78761668807134e-09
 3.63432020336761e+06 -5.46947747142911e-09 -7.78761668807134e-09
 3.63845434078471e+06 -6.72314291273689e-09 -7.78761668807134e-09
 3.64258847820180e+06 -6.55218500270250e-09 -7.78761668807134e-09
 3.64672261561889e+06 -5.06068069351265e-09 -7.78761668807134e-09
 3.65085675303599e+06 -3.32800227596929e-09 -7.78761668807134e-09
 3.65499089045308e+06 -2.60087349095047e-09 -7.78761668807134e-09
 3.65912502787018e+06 -3.40373967804836e-09 -7.78761668807134e-09
 3.66325916528727e+06 -5.15912919751237e-09 -7.78761668807134e-09
 3.66739330270437e+06 -6.58853075401754e-09 -7.78761668807134e-09
 3.67152744012146e+06 -6.64311364651135e-09 -7.78761668807134e-09
 3.67566157753856e+06 -5.25539822288347e-09 -7.78761668807134e-09
 3.67979571495565e+06 -3.40808765961604e-09 -7.78761668807134e-09
 3.68392985237274e+06 -2.45207382793325e-09 -7.78761668807134e-09
 3.68806398978984e+06 -3.08597789397910e-09 -7.78761668807134e-09
 3.69219812720693e+06 -4.83551352029556e-09 -7.78761668807134e-09
 3.69633226462403e+06 -6.42716821701234e-09 -7.78761668807134e-09
 3.70046640204112e+06 -6.69742525620402e-09 -7.78761668807134e-09
 3.70460053945822e+06 -5.42494277820806e-09 -7.78761668807134e-09
 3.70873467687531e+06 -3.50749679477570e-09 -7.78761668807134e-09
 3.71286881429240e+06 -2.32356899000165e-09 -7.78761668807134e-09
 3.71700295170950e+06 -2.74042495942141e-09 -7.78761668807134e-09
 3.72113708912659e+06 -4.47162870678417e-09 -7.78761668807134e-09
 3.72527122654369e+06 -6.25426243778114e-09 -7.78761668807134e-09
 3.72940536396078e+06 -6.77719141116018e-09 -7.78761668807134e-09
 3.73353950137788e+06 -5.65632273239148e-09 -7.78761668807134e-09
 3.73767363879497e+06 -3.68549345663838e-09 -7.78761668807134e-09
 3.74180777621206e+06 -2.26526210699889e-09 -7.78761668807134e-09
 3.74594191362916e+06 -2.42218169934021e-09 -7.78761668807134e-09
 3.75007605104625e+06 -4.04973588614561e-09 -7.78761668807134e-09
 3.75421018846335e+06 -5.97274339688468e-09 -7.78761668807134e-09
 3.75834432588044e+06 -6.78988729624956e-09 -7.78761668807134e-09
 3.76247846329754e+06 -5.88272827510804e-09 -7.78761668807134e-09
 3.76661260071463e+06 -3.89019628093693e-09 -7.78761668807134e-09
 3.77074673813172e+06 -2.24339211539000e-09 -7.78761668807134e-09
 3.77488087554882e+06 -2.11152492697941e-09 -7.78761668807134e-09
 3.77901501296591e+06 -3.57483547912751e-09 -7.78761668807134e-09
 3.78314915038301e+06 -5.57710568593904e-09 -7.78761668807134e-09
 3.78728328780010e+06 -6.66611257500980e-09 -7.78761668807134e-09
 3.79141742521720e+06 -6.03464942265187e-09 -7.78761668807134e-09
 3.79555156263429e+06 -4.11817864185193e-09 -7.78761668807134e-09
 3.79968570005138e+06 -2.28506117958253e-09 -7.78761668807134e-09
 3.80381983746848e+06 -1.85319465046469e-09 -7.78761668807134e-09
 3.80795397488557e+06 -3.12611955156988e-09 -7.78761668807134e-09
 3.81208811230267e+06 -5.16134947376270e-09 -7.78761668807134e-09
 3.81622224971976e+06 -6.47756145509035e-09 -7.78761668807134e-09
 3.82035638713686e+06 -6.11770553502182e-09 -7.78761668807134e-09
 3.82449052455395e+06 -4.31518698518173e-09 -7.78761668807134e-09
 3.82862466197104e+06 -2.34471110492264e-09 -7.78761668807134e-09
 3.83275879938814e+06 -1.61445221047063e-09 -7.78761668807134e-09
 3.83689293680523e+06 -2.64419489581225e-09 -7.78761668807134e-09
 3.84102707422233e+06 -4.68060195026449e-09 -7.78761668807134e-09
 3.84516121163942e+06 -6.23380532371665e-09 -7.78761668807134e-09
 3.84929534905652e+06 -6.16486985277024e-09 -7.78761668807134e-09
 3.85342948647361e+06 -4.51279173153794e-09 -7.78761668807134e-09
 3.85756362389070e+06 -2.45183623467544e-09 -7.78761668807134e-09
 3.86169776130780e+06 -1.44108696041052e-09 -7.78761668807134e-09
 3.86583189872489e+06 -2.19404345063060e-09 -7.78761668807134e-09
 3.86996603614199e+06 -4.16646432488907e-09 -7.78761668807134e-09
 3.87410017355908e+06 -5.92856047003087e-09 -7.78761668807134e-09
 3.87823431097618e+06 -6.19708271907202e-09 -7.78761668807134e-09
 3.88236844839327e+06 -4.76450154779127e-09 -7.78761668807134e-09
 3.88650258581037e+06 -2.65148016173479e-09 -7.78761668807134e-09
 3.89063672322746e+06 -1.36826561822892e-09 -7.78761668807134e-09
 3.89477086064455e+06 -1.81233472726623e-09 -7.78761668807134e-09
 3.89890499806165e+06 -3.63855842916363e-09 -7.78761668807134e-09
 3.90303913547874e+06 -5.52418842648380e-09 -7.78761668807134e-09
 3.90717327289584e+06 -6.10771839838469e-09 -7.78761668807134e-09
 3.91130741031293e+06 -4.95833875041608e-09 -7.78761668807134e-09
 3.91544154773003e+06 -2.88837003821007e-09 -7.78761668807134e-09
 3.91957568514712e+06 -1.37824579736805e-09 -7.78761668807134e-09
 3.92370982256421e+06 -1.50367583670926e-09 -7.78761668807134e-09
 3.92784395998131e+06 -3.14790965839924e-09 -7.78761668807134e-09
 3.93197809739840e+06 -5.09950437617006e-09 -7.78761668807134e-09
 3.93611223481550e+06 -5.94436163241815e-09 -7.78761668807134e-09
 3.94024637223259e+06 -5.07744256438923e-09 -7.78761668807134e-09
 3.94438050964969e+06 -3.11342820426073e-09 -7.78761668807134e-09
 3.94851464706678e+06 -1.44458170675154e-09 -7.78761668807134e-09
 3.95264878448387e+06 -1.25585900383614e-09 -7.78761668807134e-09
 3.95678292190097e+06 -2.66732733719183e-09 -7.78761668807134e-09
 3.96091705931806e+06 -4.63803430625406e-09 -7.78761668807134e-09
 3.96505119673516e+06 -5.72138464949002e-09 -7.78761668807134e-09
 3.96918533415225e+06 -5.12642101261021e-09 -7.78761668807134e-09
 3.97331947156935e+06 -3.28245010197431e-09 -7.78761668807134e-09
 3.97745360898644e+06 -1.49801808630031e-09 -7.78761668807134e-09
 3.98158774640353e+06 -1.02247242687455e-09 -7.78761668807134e-09
 3.98572188382063e+06 -2.16982894334620e-09 -7.78761668807134e-09
 3.98985602123772e+06 -4.09607433659360e-09 -7.78761668807134e-09
 3.99399015865482e+06 -5.39972078719723e-09 -7.78761668807134e-09
 3.99812429607191e+06 -5.12487457486673e-09 -7.78761668807134e-09
 4.00225843348901e+06 -3.45916939805157e-09 -7.78761668807134e-09
 4.00639257090610e+06 -1.59844551128988e-09 -7.78761668807134e-09
 4.01052670832319e+06 -8.58820009491532e-10 -7.78761668807134e-09
 4.01466084574029e+06 -1.72545851912205e-09 -7.78761668807134e-09
 4.01879498315738e+06 -3.53745170407488e-09 -7.78761668807134e-09
 4.02292912057448e+06 -4.97980144236946e-09 -7.78761668807134e-09
 4.02706325799157e+06 -5.00976323435942e-09 -7.78761668807134e-09
 4.03119739540867e+06 -3.59548269892308e-09 -7.78761668807134e-09
 4.03533153282576e+06 -1.74270478480006e-09 -7.78761668807134e-09
 4.03946567024285e+06 -7.69971304308407e-10 -7.78761668807134e-09
 4.04359980765995e+06 -1.34938254445276e-09 -7.78761668807134e-09
 4.04773394507704e+06 -3.01455857716365e-09 -7.78761668807134e-09
 4.05186808249414e+06 -4.52766572069688e-09 -7.78761668807134e-09
 4.05600221991123e+06 -4.80097554253605e-09 -7.78761668807134e-09
 4.06013635732833e+06 -3.64716094709753e-09 -7.78761668807134e-09
 4.06427049474542e+06 -1.88560048828890e-09 -7.78761668807134e-09
 4.06840463216252e+06 -7.66442984394964e-10 -7.78761668807134e-09
 4.07253876957961e+06 -1.07523910115964e-09 -7.78761668807134e-09
 4.07667290699670e+06 -2.55984291422651e-09 -7.78761668807134e-09
 4.08080704441380e+06 -4.11504886932034e-09 -7.78761668807134e-09
 4.08494118183089e+06 -4.59691107184871e-09 -7.78761668807134e-09
 4.08907531924799e+06 -3.66462432439786e-09 -7.78761668807134e-09
 4.09320945666508e+06 -2.00327073586076e-09 -7.78761668807134e-09
 4.09734359408218e+06 -7.89682411850245e-10 -7.78761668807134e-09
 4.10147773149927e+06 -8.58080726660487e-10 -7.78761668807134e-09
 4.10561186891636e+06 -2.13197030693825e-09 -7.78761668807134e-09
 4.10974600633346e+06 -3.67045210613997e-09 -7.78761668807134e-09
 4.11388014375055e+06 -4.34247632135221e-09 -7.78761668807134e-09
 4.11801428116765e+06 -3.65728986190524e-09 -7.78761668807134e-09
 4.12214841858474e+06 -2.11412179057161e-09 -7.78761668807134e-09
 4.12628255600184e+06 -8.24659770997184e-10 -7.78761668807134e-09
 4.13041669341893e+06 -6.88146848201990e-10 -7.78761668807134e-09
 4.13455083083602e+06 -1.74728487432634e-09 -7.78761668807134e-09
