#time(au), tau by FD, tau without precession, tau
 0.0000000000e+01 fs: -0.0000000e+00  0.0000000e+00  0.0000000e+00 ps
 1.0000000000e+02 fs: -1.1362183e-05 -9.4827713e+00 -5.6578493e-06 ps
 2.0000000000e+02 fs:  8.0091412e-04  3.2056458e+01  3.9737144e-04 ps
 3.0000000000e+02 fs: -7.5237223e-04  2.3292197e+00 -3.7577618e-04 ps
 4.0000000000e+02 fs:  2.7907024e-05 -5.5117450e-02  1.3897836e-05 ps
 5.0000000000e+02 fs:  8.9647788e-04 -3.0726442e+00  4.4597003e-04 ps
 6.0000000000e+02 fs: -6.4705224e-04  5.0194737e-02 -3.2012232e-04 ps
 7.0000000000e+02 fs:  6.5013197e-02 -1.8068619e-01  2.4690019e-02 ps
 8.0000000000e+02 fs: -2.8488980e-03 -1.9791629e+00 -1.4305494e-03 ps
 9.0000000000e+02 fs: -2.8761833e-03  3.5899652e+00 -1.4450050e-03 ps
 1.0000000000e+03 fs: -1.8062122e-03  3.7479506e+00 -9.0595632e-04 ps
 1.1000000000e+03 fs: -2.8609689e-03  5.1930213e+00 -1.4356724e-03 ps
 2.0100000000e+03 fs: -7.8160190e-04 -3.1830953e+01 -3.9287770e-04 ps
 3.0100000000e+03 fs: -5.7585631e-04 -2.5866227e+01 -2.8929829e-04 ps
 4.0100000000e+03 fs:  1.5333974e-03 -4.6657676e+01  7.6844023e-04 ps
 5.0100000000e+03 fs:  7.7176484e-05 -7.9941066e+00  3.8701969e-05 ps
 6.0100000000e+03 fs: -3.1447516e-02 -1.8078050e+02 -1.5110042e-02 ps
 7.0100000000e+03 fs:  3.4027109e-03 -5.8504354e+01  1.6857968e-03 ps
 8.0100000000e+03 fs:  4.3624253e-04 -6.0237410e+01  2.1834952e-04 ps
 9.0100000000e+03 fs:  3.3194240e-03 -2.6668231e+02  1.6888152e-03 ps
 1.0010000000e+04 fs:  3.0061069e-04 -1.6827785e+02  1.5062689e-04 ps
 1.1010000000e+04 fs: -1.1186335e-03 -5.4352100e+02 -5.5965072e-04 ps
 1.2010000000e+04 fs: -1.3687134e-03 -1.6121173e+02 -6.9152413e-04 ps
 1.3010000000e+04 fs:  8.5128179e-04 -3.2337185e+02  4.2618771e-04 ps
 1.4010000000e+04 fs: -5.7296057e-04 -4.8133235e+02 -2.8640589e-04 ps
 1.5010000000e+04 fs:  7.0310712e-04 -6.3692182e+02  3.5143081e-04 ps
 1.6010000000e+04 fs: -1.9281046e-04 -4.5682736e+02 -9.6649646e-05 ps
 1.7010000000e+04 fs: -1.9741587e-03  5.6047890e+01 -8.7482664e-04 ps
 1.8010000000e+04 fs:  8.4099309e-04 -5.8668162e+02  4.2174983e-04 ps
 1.9010000000e+04 fs:  2.2744424e-05  2.8951033e+01  1.1387967e-05 ps
 2.0010000000e+04 fs:  1.2134940e-03 -1.6823863e+03  6.0666008e-04 ps
 2.1010000000e+04 fs:  3.3140508e-04  8.3908883e+02  1.6628048e-04 ps
 2.2010000000e+04 fs:  1.0939837e-04 -3.1545445e+02  5.4823660e-05 ps
 2.3010000000e+04 fs:  5.9948408e-04 -2.3507443e+03  3.0134638e-04 ps
 2.4010000000e+04 fs:  5.4315644e-04 -6.6559352e+02  2.7229309e-04 ps
 2.5010000000e+04 fs: -7.9998213e-03 -6.7725887e+03 -3.9811333e-03 ps
 2.6010000000e+04 fs: -4.0760832e-04  1.2476095e+03 -2.0357806e-04 ps
 2.7010000000e+04 fs:  1.0290739e-03 -8.3109470e+03  5.1797181e-04 ps
 2.8010000000e+04 fs:  4.4881077e-03 -3.9251496e+04  2.2764417e-03 ps
 2.9010000000e+04 fs: -1.4969433e-03  4.3990917e+04 -7.5801989e-04 ps
 3.0010000000e+04 fs: -3.6368264e-04  1.5223965e+04 -1.8227924e-04 ps
 3.1010000000e+04 fs:  1.1745323e-04  9.7894542e+02  5.8637901e-05 ps
 3.2010000000e+04 fs: -6.6500368e-04  2.5573863e+03 -3.3210730e-04 ps
 3.3010000000e+04 fs: -1.1223782e-03  6.0893229e+03 -5.6259066e-04 ps
 3.4010000000e+04 fs: -1.4783371e-04  4.5292393e+02 -7.4767916e-05 ps
 3.5010000000e+04 fs:  3.5431437e-04 -2.4659828e+03  1.7776789e-04 ps
 3.6010000000e+04 fs:  2.5018652e-04  1.7528297e+03  1.2546244e-04 ps
 3.7010000000e+04 fs: -1.6873951e-04 -4.5030032e+02 -8.4759480e-05 ps
 3.8010000000e+04 fs: -1.8636129e-03  2.8197002e+03 -9.3334177e-04 ps
 3.9010000000e+04 fs:  5.0111448e-04  6.0021265e+02  2.5013310e-04 ps
 4.0010000000e+04 fs: -5.0541634e-04 -1.8189487e+03 -2.5335123e-04 ps
 4.1010000000e+04 fs:  1.2197599e-03  4.2557107e+03  6.1512809e-04 ps
 4.2010000000e+04 fs:  3.8802276e-04  1.5043316e+03  1.9449067e-04 ps
 4.3010000000e+04 fs: -6.6059139e-04  2.6638650e+03 -3.3110113e-04 ps
 4.4010000000e+04 fs: -1.2038028e-03  1.3797830e+03 -6.0343565e-04 ps
 4.5010000000e+04 fs:  1.5777842e-05  6.9643526e+01  7.9046415e-06 ps
 4.6010000000e+04 fs: -8.2497535e-04  3.5739121e+03 -4.1207932e-04 ps
 4.7010000000e+04 fs:  7.3963720e-03  1.8151434e+03  3.5277523e-03 ps
 4.8010000000e+04 fs:  3.4242553e-05 -2.1533423e+02  1.7188522e-05 ps
 4.9010000000e+04 fs:  1.2057603e-04 -2.3495579e+02  6.0484625e-05 ps
 5.0010000000e+04 fs:  7.0368709e-05  3.3646951e+02  3.5256393e-05 ps
 5.1010000000e+04 fs: -9.7043480e-05  4.7317190e+02 -4.8601086e-05 ps
 5.2010000000e+04 fs: -1.9961945e-02  1.1624052e+03 -1.2163297e-02 ps
 5.3010000000e+04 fs:  1.8981497e-02 -2.3313068e+03  1.0115382e-02 ps
 5.4010000000e+04 fs: -1.6404799e-04 -3.1467357e+02 -8.2607623e-05 ps
 5.5010000000e+04 fs:  3.5267576e-04  2.2472482e+03  1.7700357e-04 ps
 5.6010000000e+04 fs: -6.8570973e-05  9.6300184e+01 -3.4381244e-05 ps
 5.7010000000e+04 fs: -2.0653042e-03  1.9187898e+03 -1.0343956e-03 ps
 5.8010000000e+04 fs: -1.1390368e-04 -5.1408055e+02 -5.7088049e-05 ps
 5.9010000000e+04 fs:  7.7192763e-04  1.2218260e+03  3.9015222e-04 ps
 6.0010000000e+04 fs:  6.9363957e-03  4.5438052e+03  3.5237284e-03 ps
 6.1010000000e+04 fs: -5.4742162e-05  1.2970726e+02 -2.7586591e-05 ps
 6.2010000000e+04 fs: -1.7353360e-04  9.3743866e+02 -8.6983799e-05 ps
 6.3010000000e+04 fs:  1.9775662e-04  6.4259820e+02  9.9100582e-05 ps
 6.4010000000e+04 fs: -5.8872146e-04  4.6771860e+02 -2.9421231e-04 ps
 6.5010000000e+04 fs: -4.6735311e-04  2.8222994e+03 -2.3429438e-04 ps
 6.6010000000e+04 fs:  1.5204295e-03 -1.5515649e+03  7.7748830e-04 ps
 6.7010000000e+04 fs:  7.7383100e-04 -2.2521405e+03  3.8804554e-04 ps
 6.8010000000e+04 fs:  2.8941793e-04  1.1730783e+03  1.4538415e-04 ps
 6.9010000000e+04 fs: -1.3488694e-04 -4.1522103e+02 -6.7534854e-05 ps
 7.0010000000e+04 fs: -1.6677977e-04  9.4985505e+02 -8.3585379e-05 ps
 7.1010000000e+04 fs: -2.6924883e-04 -1.1357696e+03 -1.3469665e-04 ps
 7.2010000000e+04 fs: -2.9938294e-04 -1.5209285e+03 -1.5030708e-04 ps
 7.3010000000e+04 fs:  1.8103256e-03  3.4183653e+03  9.1819529e-04 ps
 7.4010000000e+04 fs:  4.3124838e-04  2.1762966e+03  2.1590405e-04 ps
 7.5010000000e+04 fs: -4.6033656e-05  3.3602725e+02 -2.3073038e-05 ps
 7.6010000000e+04 fs:  3.1684246e-04  1.0984220e+03  1.5890180e-04 ps
 7.7010000000e+04 fs:  2.1489320e-04  1.1158049e+03  1.0787093e-04 ps
 7.8010000000e+04 fs: -4.8072013e-04  3.1040124e+03 -2.4053312e-04 ps
 7.9010000000e+04 fs: -2.5893455e-03  3.0027145e+03 -1.3164889e-03 ps
 8.0010000000e+04 fs:  4.1490598e-04 -3.0876620e+03  2.0834785e-04 ps
 8.1010000000e+04 fs: -2.2232633e-02  3.7059931e+02 -8.4254519e-03 ps
 8.2010000000e+04 fs:  2.7252495e-04  1.2644194e+03  1.3662550e-04 ps
 8.3010000000e+04 fs:  9.6623093e-05 -7.8991565e+02  4.8470159e-05 ps
 8.4010000000e+04 fs: -2.9605463e-04  8.1357247e+02 -1.4910273e-04 ps
 8.5010000000e+04 fs: -1.3369657e-03 -5.0004041e+03 -6.6815956e-04 ps
 8.6010000000e+04 fs: -4.9228486e-05 -1.3064880e+02 -2.4868118e-05 ps
 8.7010000000e+04 fs:  4.8483398e-04  3.5365101e+03  2.4328620e-04 ps
 8.8010000000e+04 fs:  5.7231398e-04 -1.6013624e+03  2.8795456e-04 ps
 8.9010000000e+04 fs: -4.2201343e-04  6.9382524e+02 -2.1093536e-04 ps
 9.0010000000e+04 fs: -1.2980510e-05 -1.5915480e+02 -6.5097003e-06 ps
 9.1010000000e+04 fs:  1.8438597e-03  1.6820964e+03  9.4911164e-04 ps
 9.2010000000e+04 fs: -1.1025797e-02  7.1111482e+03 -5.4760252e-03 ps
 9.3010000000e+04 fs:  2.6978146e-04 -1.0751116e+03  1.3597406e-04 ps
 9.4010000000e+04 fs:  1.3220527e-04 -7.1681044e+02  6.6225760e-05 ps
 9.5010000000e+04 fs:  5.8465168e-04  3.9906842e+03  2.9355638e-04 ps
 9.6010000000e+04 fs:  3.3121224e-05 -1.3183563e+02  1.6619468e-05 ps
 9.7010000000e+04 fs: -3.1547619e-04  4.0251014e+03 -1.5826232e-04 ps
 9.8010000000e+04 fs:  2.0633330e-03 -3.8309789e+03  1.0514274e-03 ps
 9.9010000000e+04 fs:  2.2112083e-02 -5.0794584e+03  1.1111301e-02 ps
