#time(au), tau by FD, tau without precession, tau
 0.0000000000e+01 fs: -0.0000000e+00 -0.0000000e+00 -0.0000000e+00 ps
 1.0000000000e+02 fs:  1.6028139e-02 -4.1141261e+02  8.1046481e-03 ps
 2.0000000000e+02 fs: -2.7516759e-04  1.7451011e+01 -1.3764485e-04 ps
 3.0000000000e+02 fs:  2.6929810e-04 -2.1003829e+00  1.3487025e-04 ps
 4.0000000000e+02 fs: -2.9471712e-02 -8.5015890e-01 -1.3719175e-02 ps
 5.0000000000e+02 fs: -3.2111745e-04 -4.2092725e+00 -1.6060404e-04 ps
 6.0000000000e+02 fs:  5.7391988e-04 -6.6268805e-02  2.8654734e-04 ps
 7.0000000000e+02 fs: -8.9891308e-03 -1.9944825e-01 -4.5833184e-03 ps
 8.0000000000e+02 fs: -1.0613484e-02 -1.0877597e+00 -5.3392013e-03 ps
 9.0000000000e+02 fs:  2.7817031e-02 -4.1835773e+00  1.3897171e-02 ps
 1.0000000000e+03 fs: -2.7231504e-02 -6.4625413e+00 -1.3622793e-02 ps
 1.1000000000e+03 fs: -3.4587341e-03 -8.4988608e+00 -1.7304845e-03 ps
 2.0100000000e+03 fs: -2.9365159e-03 -3.0661847e+01 -1.4736095e-03 ps
 3.0100000000e+03 fs: -8.0963490e-04 -3.9641744e+01 -4.0643167e-04 ps
 4.0100000000e+03 fs: -3.4103771e-03 -3.7080140e+01 -1.7455764e-03 ps
 5.0100000000e+03 fs: -1.3104769e-03 -4.1775979e+01 -6.5480817e-04 ps
 6.0100000000e+03 fs:  3.8116866e-04 -5.9941686e+01  1.9101419e-04 ps
 7.0100000000e+03 fs: -2.5580035e-02 -1.6114676e+02 -1.2450556e-02 ps
 8.0100000000e+03 fs: -3.4054550e-03 -3.6134980e+01 -1.7322236e-03 ps
 9.0100000000e+03 fs:  5.1961503e-04 -1.7388743e+02  2.6050472e-04 ps
 1.0010000000e+04 fs:  1.9752952e-03 -1.6156442e+02  1.0043044e-03 ps
 1.1010000000e+04 fs:  6.6188958e-04 -3.6938292e+02  3.3187155e-04 ps
 1.2010000000e+04 fs: -1.3145385e-03 -4.9275667e+02 -6.5736619e-04 ps
 1.3010000000e+04 fs:  6.1865612e-03 -1.6115213e+02  2.9955253e-03 ps
 1.4010000000e+04 fs:  5.7565298e-03 -6.2233488e+02  2.9120187e-03 ps
 1.5010000000e+04 fs: -1.2931420e-03 -3.5897134e+02 -6.4687108e-04 ps
 1.6010000000e+04 fs: -3.2150531e-03 -8.5291773e+02 -1.6181891e-03 ps
 1.7010000000e+04 fs: -2.1439146e-04 -3.4890885e+02 -1.0756003e-04 ps
 1.8010000000e+04 fs: -1.6841467e-04 -2.7935583e+01 -8.6196318e-05 ps
 1.9010000000e+04 fs: -1.1285035e-03 -4.6657831e+02 -5.6368218e-04 ps
 2.0010000000e+04 fs:  1.1994023e-03 -3.1877482e+02  5.9624913e-04 ps
 2.1010000000e+04 fs: -5.4583586e-04 -6.7065175e+02 -2.7394128e-04 ps
 2.2010000000e+04 fs: -2.2226897e-03  4.2376733e+02 -1.0901382e-03 ps
 2.3010000000e+04 fs:  1.6298036e-04 -3.7420411e+02  8.1790639e-05 ps
 2.4010000000e+04 fs:  2.6786215e-04 -8.1189735e+02  1.3460878e-04 ps
 2.5010000000e+04 fs:  9.1653502e-04 -3.3575620e+03  4.5977191e-04 ps
 2.6010000000e+04 fs: -6.0730237e-04 -1.5633244e+03 -3.0392125e-04 ps
 2.7010000000e+04 fs:  3.6358976e-04 -3.1369207e+03  1.8220149e-04 ps
 2.8010000000e+04 fs:  8.8544184e-03 -7.7748803e+03  4.6506833e-03 ps
 2.9010000000e+04 fs:  1.0077465e-03 -1.1607078e+04  5.0515547e-04 ps
 3.0010000000e+04 fs: -1.1687498e-03 -6.3178934e+04 -5.8564490e-04 ps
 3.1010000000e+04 fs:  9.9210728e-05 -8.1700818e+03  4.9846337e-05 ps
 3.2010000000e+04 fs:  2.9899509e-03  1.4765642e+04  1.4936157e-03 ps
 3.3010000000e+04 fs: -2.4209761e-04  3.8400864e+03 -1.2122242e-04 ps
 3.4010000000e+04 fs:  2.1737179e-02  3.6522397e+03  8.9144396e-03 ps
 3.5010000000e+04 fs: -1.5074508e-04  2.4495085e+03 -7.5603882e-05 ps
 3.6010000000e+04 fs: -2.5806921e-03 -5.0829320e+03 -1.2756535e-03 ps
 3.7010000000e+04 fs:  5.2344930e-04  2.0182345e+03  2.6317651e-04 ps
 3.8010000000e+04 fs: -1.6832218e-04 -2.0320956e+02 -8.4709133e-05 ps
 3.9010000000e+04 fs:  4.7602420e-04  1.8683136e+03  2.3814846e-04 ps
 4.0010000000e+04 fs:  5.0823651e-05 -1.0195335e+02  2.5414421e-05 ps
 4.1010000000e+04 fs:  4.8062188e-06  4.3253383e+01  2.4096333e-06 ps
 4.2010000000e+04 fs:  9.5384929e-04  3.5472818e+03  4.8093484e-04 ps
 4.3010000000e+04 fs:  1.7540870e-03  2.9072497e+03  8.8086900e-04 ps
 4.4010000000e+04 fs: -2.6431657e-03  3.1683451e+03 -1.3255064e-03 ps
 4.5010000000e+04 fs: -4.3888342e-04  7.0782973e+02 -2.2003927e-04 ps
 4.6010000000e+04 fs:  1.1856821e-03  2.7202265e+03  5.9575827e-04 ps
 4.7010000000e+04 fs: -9.3187110e-04  2.6364019e+03 -4.6643194e-04 ps
 4.8010000000e+04 fs: -4.4687203e-04  2.0211905e+03 -2.2453033e-04 ps
 4.9010000000e+04 fs:  7.0486192e-07 -3.8203211e+00  3.5395899e-07 ps
 5.0010000000e+04 fs:  2.9483265e-03 -1.1872857e+03  1.5060175e-03 ps
 5.1010000000e+04 fs: -7.3926511e-03  8.9463649e+02 -3.5813110e-03 ps
 5.2010000000e+04 fs: -5.8073808e-05  6.9713156e+01 -2.9260963e-05 ps
 5.3010000000e+04 fs:  1.9353095e-04 -4.1570917e+02  9.7386722e-05 ps
 5.4010000000e+04 fs: -1.4033993e-03 -1.6761040e+03 -7.0196323e-04 ps
 5.5010000000e+04 fs: -5.6774730e-05 -3.3050168e+02 -2.8489526e-05 ps
 5.6010000000e+04 fs:  5.5789642e-04  1.7017602e+03  2.8075286e-04 ps
 5.7010000000e+04 fs:  1.0729844e-03  1.5882242e+03  5.3771612e-04 ps
 5.8010000000e+04 fs:  1.4326703e-03  5.0513672e+02  7.1937908e-04 ps
 5.9010000000e+04 fs:  2.9895000e-04  1.0313028e+03  1.5016112e-04 ps
 6.0010000000e+04 fs:  8.2071372e-04  2.5857839e+03  4.1290461e-04 ps
 6.1010000000e+04 fs: -2.3431908e-03  3.1952467e+03 -1.1720427e-03 ps
 6.2010000000e+04 fs: -4.2237622e-04  2.0660042e+03 -2.1201265e-04 ps
 6.3010000000e+04 fs:  1.4621726e-04 -3.3319423e+02  7.3545674e-05 ps
 6.4010000000e+04 fs: -1.5634537e-03  1.1790355e+03 -7.8105590e-04 ps
 6.5010000000e+04 fs: -5.6977073e-04  1.1839994e+03 -2.8570230e-04 ps
 6.6010000000e+04 fs: -1.6734848e-04  7.1765902e+02 -8.4128904e-05 ps
 6.7010000000e+04 fs:  2.5839078e-04 -1.3944951e+03  1.2978916e-04 ps
 6.8010000000e+04 fs: -8.8696501e-04 -2.3794269e+03 -4.4355945e-04 ps
 6.9010000000e+04 fs:  9.8874243e-05  2.4697632e+02  4.9729527e-05 ps
 7.0010000000e+04 fs:  3.3858923e-04  3.3087367e+02  1.6987457e-04 ps
 7.1010000000e+04 fs: -1.1670176e-04 -1.0320555e+02 -5.8035274e-05 ps
 7.2010000000e+04 fs: -9.8086800e-04 -1.0912062e+03 -4.9344054e-04 ps
 7.3010000000e+04 fs:  2.7987406e-05  2.3212275e+02  1.4046364e-05 ps
 7.4010000000e+04 fs:  9.3530854e-04  3.3867261e+03  4.7100579e-04 ps
 7.5010000000e+04 fs: -1.5221883e-03  2.3533975e+03 -7.6229845e-04 ps
 7.6010000000e+04 fs: -3.1462826e-02  1.5244735e+03 -1.7858250e-02 ps
 7.7010000000e+04 fs: -6.1489359e-04  6.9450151e+02 -3.0624147e-04 ps
 7.8010000000e+04 fs:  7.8530874e-04  2.3729505e+03  3.9454694e-04 ps
 7.9010000000e+04 fs: -8.3725773e-04  3.6995507e+03 -4.1961393e-04 ps
 8.0010000000e+04 fs: -9.5046384e-07  8.0166146e+00 -4.7730665e-07 ps
 8.1010000000e+04 fs:  4.0008662e-04 -8.7086099e+02  2.0185641e-04 ps
 8.2010000000e+04 fs:  8.7034191e-04 -1.3306659e+03  4.3530584e-04 ps
 8.3010000000e+04 fs:  3.1040611e-04  4.3421738e+02  1.5545958e-04 ps
 8.4010000000e+04 fs: -1.7491706e-04  7.3834095e+02 -8.7844279e-05 ps
 8.5010000000e+04 fs:  1.2022006e-03 -3.6393343e+03  6.0563304e-04 ps
 8.6010000000e+04 fs: -2.4922425e-04 -1.5534886e+03 -1.2497595e-04 ps
 8.7010000000e+04 fs: -5.8259986e-05 -3.3609637e+02 -2.9293806e-05 ps
 8.8010000000e+04 fs:  4.3459692e-04  2.1180909e+03  2.1811936e-04 ps
 8.9010000000e+04 fs: -1.0788955e-03  1.7307928e+03 -5.4051478e-04 ps
 9.0010000000e+04 fs: -5.0560758e-04 -1.6866400e+03 -2.5323846e-04 ps
 9.1010000000e+04 fs:  3.9450945e-04  2.6639763e+03  1.9838729e-04 ps
 9.2010000000e+04 fs:  1.3049474e-03  3.5961063e+03  6.5785407e-04 ps
 9.3010000000e+04 fs: -1.1121276e-03  4.1938946e+03 -5.5807977e-04 ps
 9.4010000000e+04 fs: -1.1490569e-04  9.4260442e+02 -5.7670835e-05 ps
 9.5010000000e+04 fs: -1.2600166e-03 -1.0544359e+03 -6.2585773e-04 ps
 9.6010000000e+04 fs: -1.5973235e-03  2.2837448e+03 -7.9304841e-04 ps
 9.7010000000e+04 fs: -4.9022053e-04  2.0074141e+03 -2.4629588e-04 ps
 9.8010000000e+04 fs:  2.9788475e-05 -2.9061051e+02  1.4965149e-05 ps
 9.9010000000e+04 fs:  9.1753616e-04 -4.3876339e+03  4.6167963e-04 ps
