#time(au), tau by FD, tau without precession, tau
 0.0000000000e+01 fs: -0.0000000e+00 -0.0000000e+00 -0.0000000e+00 ps
 1.0000000000e+02 fs:  3.1926807e-04  3.1317530e-02  1.5967444e-04 ps
 2.0000000000e+02 fs:  1.0889491e-01 -1.4025771e-02  1.1181446e-02 ps
 3.0000000000e+02 fs: -3.6677978e-02 -2.2798071e-02 -9.4513755e-02 ps
 4.0000000000e+02 fs: -4.1041890e-02 -3.8344420e-02 -4.4165141e-02 ps
 5.0000000000e+02 fs: -8.6331552e-02 -8.7663412e-02 -8.5032361e-02 ps
 6.0000000000e+02 fs: -3.2352662e-01 -3.4576559e-01 -3.0384899e-01 ps
 7.0000000000e+02 fs: -2.6507680e+00 -2.7250280e+00 -2.5695745e+00 ps
 8.0000000000e+02 fs: -2.5791196e+01 -5.9534658e+01 -1.5562797e+01 ps
 9.0000000000e+02 fs: -1.6796760e+01  7.4285505e+02 -7.9121643e+00 ps
 1.0000000000e+03 fs: -1.7374665e+02  4.6332101e+02 -4.4679173e+01 ps
 1.1000000000e+03 fs:  2.4534667e+01  4.2698984e+02  1.4786394e+01 ps
 2.0100000000e+03 fs:  6.2757431e+00  3.2249276e+02  3.4612833e+00 ps
 3.0100000000e+03 fs: -6.5281044e+01  3.1968230e+02 -1.6191044e+01 ps
 4.0100000000e+03 fs: -6.7752361e+00  3.2644898e+02 -3.0958299e+00 ps
 5.0100000000e+03 fs: -1.9676601e+00  3.3133059e+02 -9.5975962e-01 ps
 6.0100000000e+03 fs:  2.8248367e+01  3.3401181e+02  2.3683351e+01 ps
 7.0100000000e+03 fs:  4.8830584e+00  3.3566467e+02  2.6337194e+00 ps
 8.0100000000e+03 fs: -8.9794162e-01  3.3633618e+02 -4.4444070e-01 ps
 9.0100000000e+03 fs: -2.4905683e+01  3.3665034e+02 -9.9664247e+00 ps
 1.0010000000e+04 fs: -9.7030550e-01  3.3682169e+02 -4.7930188e-01 ps
 1.1010000000e+04 fs:  5.3939270e-01  3.3677461e+02  2.7233251e-01 ps
 1.2010000000e+04 fs:  2.3668188e+00  3.3739608e+02  1.2382050e+00 ps
 1.3010000000e+04 fs: -1.4235592e+00  3.3685218e+02 -7.0088240e-01 ps
 1.4010000000e+04 fs:  5.1936857e-01  3.3725075e+02  2.6200594e-01 ps
 1.5010000000e+04 fs: -1.8539265e+00  3.3691553e+02 -8.9410437e-01 ps
 1.6010000000e+04 fs:  1.9535821e-01  3.3736148e+02  9.8213485e-02 ps
 1.7010000000e+04 fs: -3.7991247e-01  3.3781104e+02 -1.8879920e-01 ps
 1.8010000000e+04 fs:  2.1141566e+00  3.3687057e+02  1.0741437e+00 ps
 1.9010000000e+04 fs: -2.4472497e+00  3.3771985e+02 -1.1748122e+00 ps
 2.0010000000e+04 fs: -1.3388456e+00  3.3677830e+02 -6.5499268e-01 ps
 2.1010000000e+04 fs:  4.1079525e-01  3.3801421e+02  2.0698818e-01 ps
 2.2010000000e+04 fs: -1.2319155e-01  3.3726508e+02 -6.1637229e-02 ps
 2.3010000000e+04 fs:  1.1877038e+00  3.3653980e+02  5.9224772e-01 ps
 2.4010000000e+04 fs: -3.4841366e-01  3.3724653e+02 -1.7326307e-01 ps
 2.5010000000e+04 fs:  4.9011727e-01  3.3633649e+02  2.4692933e-01 ps
 2.6010000000e+04 fs:  4.2310418e+00  3.3790885e+02  2.2594443e+00 ps
 2.7010000000e+04 fs: -1.7150253e-01  3.3613913e+02 -8.5857056e-02 ps
 2.8010000000e+04 fs:  1.4202475e-01  3.3647485e+02  7.1247350e-02 ps
 2.9010000000e+04 fs:  6.2232063e-01  3.3708003e+02  3.1943657e-01 ps
 3.0010000000e+04 fs:  1.2303651e-01  3.3717518e+02  6.1790793e-02 ps
 3.1010000000e+04 fs: -5.4921037e-01  3.3823795e+02 -2.7160814e-01 ps
 3.2010000000e+04 fs:  5.7724046e+00  3.3636988e+02  3.0012144e+00 ps
 3.3010000000e+04 fs:  1.4393404e-01  3.3768014e+02  7.2445787e-02 ps
 3.4010000000e+04 fs:  5.2063419e-01  3.3790193e+02  2.6579732e-01 ps
 3.5010000000e+04 fs: -1.7799950e+00  3.3867637e+02 -8.7203502e-01 ps
 3.6010000000e+04 fs: -9.4758948e-02  3.3747039e+02 -4.7478340e-02 ps
 3.7010000000e+04 fs: -4.8590822e-01  3.3660129e+02 -2.4386111e-01 ps
 3.8010000000e+04 fs: -1.1160461e+00  3.3713955e+02 -5.4298991e-01 ps
 3.9010000000e+04 fs: -9.8652356e-01  3.3770850e+02 -4.9063569e-01 ps
 4.0010000000e+04 fs: -7.8675815e-02  3.3733745e+02 -3.9440558e-02 ps
 4.1010000000e+04 fs: -2.0075339e-01  3.3497470e+02 -1.0105560e-01 ps
 4.2010000000e+04 fs:  2.7708251e-01  3.3595283e+02  1.3959621e-01 ps
 4.3010000000e+04 fs:  1.1991591e-01  3.3608909e+02  6.0332299e-02 ps
 4.4010000000e+04 fs:  2.0844506e-01  3.3824627e+02  1.0479370e-01 ps
 4.5010000000e+04 fs: -1.3178180e-01  3.3597659e+02 -6.5993345e-02 ps
 4.6010000000e+04 fs:  6.8561670e-02  3.3571659e+02  3.4375788e-02 ps
 4.7010000000e+04 fs:  9.3439331e-02  3.3771756e+02  4.7135372e-02 ps
 4.8010000000e+04 fs:  6.8303363e-02  3.3876015e+02  3.4321403e-02 ps
 4.9010000000e+04 fs: -1.2779729e-01  3.4027652e+02 -6.3877943e-02 ps
 5.0010000000e+04 fs: -1.2301024e-01  3.3614564e+02 -6.1717944e-02 ps
 5.1010000000e+04 fs:  1.2172530e-01  3.3810192e+02  6.1202012e-02 ps
 5.2010000000e+04 fs: -5.0346000e-01  3.3860613e+02 -2.4586748e-01 ps
 5.3010000000e+04 fs: -1.4591855e-01  3.3992895e+02 -7.3227896e-02 ps
 5.4010000000e+04 fs: -3.1980189e-02  3.3719129e+02 -1.6042839e-02 ps
 5.5010000000e+04 fs: -1.7216882e-01  3.3352429e+02 -8.6931626e-02 ps
 5.6010000000e+04 fs:  2.8066616e-01  3.3656453e+02  1.4223863e-01 ps
 5.7010000000e+04 fs:  2.5508627e+00  3.3636818e+02  1.3304403e+00 ps
 5.8010000000e+04 fs: -1.0245045e-01  3.3766646e+02 -5.1477509e-02 ps
 5.9010000000e+04 fs: -6.8849552e-02  3.3248381e+02 -3.4573802e-02 ps
 6.0010000000e+04 fs:  3.1515144e-02  3.3348919e+02  1.5805936e-02 ps
 6.1010000000e+04 fs:  4.9372878e-02  3.3830544e+02  2.4878789e-02 ps
 6.2010000000e+04 fs:  5.8431149e-02  3.3867710e+02  2.9331585e-02 ps
 6.3010000000e+04 fs: -1.2125689e-01  3.3940656e+02 -6.0698606e-02 ps
 6.4010000000e+04 fs:  1.3525342e-01  3.3396162e+02  6.7917283e-02 ps
 6.5010000000e+04 fs:  2.7024239e-02  3.3986685e+02  1.3578949e-02 ps
 6.6010000000e+04 fs: -1.1250125e+00  3.4301049e+02 -5.1024016e-01 ps
 6.7010000000e+04 fs: -5.1979329e-02  3.4120277e+02 -2.6097790e-02 ps
 6.8010000000e+04 fs: -2.9316153e-02  3.3749888e+02 -1.4715608e-02 ps
 6.9010000000e+04 fs: -1.3411829e-01  3.3387096e+02 -6.7194275e-02 ps
 7.0010000000e+04 fs:  6.9052068e-02  3.3920175e+02  3.4714339e-02 ps
 7.1010000000e+04 fs: -2.6316985e-02  3.4110416e+02 -1.3190778e-02 ps
 7.2010000000e+04 fs: -2.4125132e-02  3.3210239e+02 -1.2132890e-02 ps
 7.3010000000e+04 fs: -1.3744792e-01  3.3158648e+02 -6.9444087e-02 ps
 7.4010000000e+04 fs:  5.9332948e-02  3.2978388e+02  2.9853396e-02 ps
 7.5010000000e+04 fs:  2.0728690e-02  3.3929154e+02  1.0400659e-02 ps
 7.6010000000e+04 fs: -2.7580418e-02  3.3878415e+02 -1.3819194e-02 ps
 7.7010000000e+04 fs:  6.2498812e-02  3.2842754e+02  3.1123007e-02 ps
 7.8010000000e+04 fs:  2.2506870e-02  3.3666131e+02  1.1310489e-02 ps
 7.9010000000e+04 fs:  1.9363816e-02  3.3707011e+02  9.7378132e-03 ps
 8.0010000000e+04 fs:  3.0153759e-02  3.4971571e+02  1.5146078e-02 ps
 8.1010000000e+04 fs: -1.5874042e-02  3.4063376e+02 -7.9585579e-03 ps
 8.2010000000e+04 fs:  5.2015471e-02  3.3305529e+02  2.5964735e-02 ps
 8.3010000000e+04 fs:  6.0230527e-02  3.4335666e+02  3.0502501e-02 ps
 8.4010000000e+04 fs: -5.2090012e-01  3.4331270e+02 -2.5272925e-01 ps
 8.5010000000e+04 fs: -1.6522381e-02  3.4729891e+02 -8.2943232e-03 ps
 8.6010000000e+04 fs: -1.0273449e-02  3.2985095e+02 -5.1594298e-03 ps
 8.7010000000e+04 fs:  7.5466826e-02  3.2727480e+02  3.7614641e-02 ps
 8.8010000000e+04 fs:  6.1979218e-02  3.3766766e+02  3.1323580e-02 ps
 8.9010000000e+04 fs: -4.2458226e-02  3.3902566e+02 -2.1322431e-02 ps
 9.0010000000e+04 fs: -1.6462570e-02  3.3141012e+02 -8.2766850e-03 ps
 9.1010000000e+04 fs:  2.1702312e-01  3.2161451e+02  1.0625189e-01 ps
 9.2010000000e+04 fs:  1.0207529e-02  3.2816426e+02  5.1263287e-03 ps
 9.3010000000e+04 fs:  1.2054205e-02  3.4522174e+02  6.0577167e-03 ps
 9.4010000000e+04 fs: -4.4024025e-02  3.4493975e+02 -2.2044945e-02 ps
 9.5010000000e+04 fs: -3.5410080e-01  3.3071552e+02 -1.8546995e-01 ps
 9.6010000000e+04 fs:  1.4215902e-02  3.3543368e+02  7.1415018e-03 ps
 9.7010000000e+04 fs:  1.1498697e-02  3.4546448e+02  5.7853581e-03 ps
 9.8010000000e+04 fs:  2.4937646e-01  3.6100789e+02  1.2789005e-01 ps
 9.9010000000e+04 fs: -7.2129297e-03  3.4467100e+02 -3.6190589e-03 ps
