#time(au), tau by FD, tau without precession, tau
 0.0000000000e+01 fs: -0.0000000e+00  0.0000000e+00  0.0000000e+00 ps
 1.0000000000e+02 fs: -1.5123244e-05  2.6605746e+01  1.8384373e-03 ps
 2.0000000000e+02 fs:  8.0085559e-04 -3.5927453e+01 -4.1776463e-02 ps
 3.0000000000e+02 fs: -7.6815970e-04  9.4411095e+00 -4.7252231e-01 ps
 4.0000000000e+02 fs: -3.5121509e-05 -8.4680132e-02  5.7120957e-03 ps
 5.0000000000e+02 fs:  3.5293396e-04 -3.3343008e-01 -3.9696730e-02 ps
 6.0000000000e+02 fs:  1.2509387e-03 -2.5903498e-01 -5.2952344e-02 ps
 7.0000000000e+02 fs:  8.1211932e-02  5.5634831e-01 -3.1146509e-01 ps
 8.0000000000e+02 fs: -3.6377244e-03  1.3442958e+00  5.2573710e+00 ps
 9.0000000000e+02 fs: -3.3895111e-03  5.4991765e+01 -7.0432991e-01 ps
 1.0000000000e+03 fs: -2.9645432e-03  2.7233890e+04 -1.8216432e-01 ps
 1.1000000000e+03 fs: -7.9067756e-03  4.9525301e+06 -2.1701866e-01 ps
 2.0100000000e+03 fs: -8.5345473e-03            inf  9.6576332e-01 ps
 3.0100000000e+03 fs: -7.6299129e-03            inf -2.1633946e-01 ps
 4.0100000000e+03 fs:  5.2921689e-02            inf -1.0304377e+00 ps
 5.0100000000e+03 fs:  1.4066738e-02            inf  2.7359508e-01 ps
 6.0100000000e+03 fs: -1.8165518e-01            inf -2.8540067e-01 ps
 7.0100000000e+03 fs:  2.6200198e-01            inf  1.1184508e+00 ps
 8.0100000000e+03 fs:  2.8864789e-02            inf  8.2084821e-01 ps
 9.0100000000e+03 fs:  1.8344650e-01            inf -4.4030899e-01 ps
 1.0010000000e+04 fs:  2.0964038e-02            inf  3.6904738e-01 ps
 1.1010000000e+04 fs: -1.9444281e-02            inf -4.2009940e-01 ps
 1.2010000000e+04 fs: -1.7097317e-01            inf -9.6961332e-01 ps
 1.3010000000e+04 fs:  4.1480866e-02            inf  2.8037372e-01 ps
 1.4010000000e+04 fs: -2.4468441e-02            inf -2.6006754e-01 ps
 1.5010000000e+04 fs:  4.6981601e-02            inf  1.2117594e+00 ps
 1.6010000000e+04 fs: -9.8544873e-03            inf  4.9164918e-01 ps
 1.7010000000e+04 fs: -3.6029329e-01            inf -2.9159864e-01 ps
 1.8010000000e+04 fs:  7.1351676e-02            inf  3.2630082e-01 ps
 1.9010000000e+04 fs: -2.1974219e-02            inf -4.0168176e-01 ps
 2.0010000000e+04 fs:  8.5548337e-02            inf -5.9191111e-01 ps
 2.1010000000e+04 fs: -3.1900585e-02            inf  1.6935375e-01 ps
 2.2010000000e+04 fs:  2.3899575e-02            inf -1.3915602e-01 ps
 2.3010000000e+04 fs:  4.6498122e-02            inf  1.2193965e+00 ps
 2.4010000000e+04 fs:  2.3903069e-02            inf  7.4855161e-02 ps
 2.5010000000e+04 fs: -8.4110863e-02            inf -1.4034612e-01 ps
 2.6010000000e+04 fs:  7.3824974e-02            inf  2.2965722e-01 ps
 2.7010000000e+04 fs: -1.1029984e-02           -inf -9.2895509e+00 ps
 2.8010000000e+04 fs:  3.8632708e-01            inf -2.3214558e-01 ps
 2.9010000000e+04 fs: -3.9866041e-01            inf  5.5427483e-02 ps
 3.0010000000e+04 fs:  6.0874066e-03           -inf  7.2196609e-02 ps
 3.1010000000e+04 fs:  5.4599496e-02            inf -1.7022559e+00 ps
 3.2010000000e+04 fs:  9.0074771e-02           -inf -8.5001011e-02 ps
 3.3010000000e+04 fs:  7.4383932e-03           -inf  2.7535955e-02 ps
 3.4010000000e+04 fs: -5.8122565e-02            inf  1.2926863e-01 ps
 3.5010000000e+04 fs:  3.5993796e-02           -inf -7.1010860e-01 ps
 3.6010000000e+04 fs:  2.3654658e-03            inf -1.1870261e-02 ps
 3.7010000000e+04 fs: -9.4593161e-03           -inf -2.8569680e-02 ps
 3.8010000000e+04 fs:  1.0276255e-01           -inf  3.8246322e-01 ps
 3.9010000000e+04 fs:  4.7043575e-02            inf -9.5435555e-02 ps
 4.0010000000e+04 fs: -3.1506207e-02           -inf -1.3633780e-01 ps
 4.1010000000e+04 fs: -5.6349254e-02           -inf  1.5186051e-01 ps
 4.2010000000e+04 fs:  4.8458789e-03            inf  5.6794627e-02 ps
 4.3010000000e+04 fs:  5.4748405e-02           -inf -4.3754618e-01 ps
 4.4010000000e+04 fs:  2.8811932e-02           -inf  6.3295147e-02 ps
 4.5010000000e+04 fs: -5.6145515e-03           -inf -3.5379951e-02 ps
 4.6010000000e+04 fs:  4.0914291e-02           -inf  9.8963638e-01 ps
 4.7010000000e+04 fs: -3.6864400e-02            inf -1.8961863e-02 ps
 4.8010000000e+04 fs:  1.5013641e-02           -inf -9.8657324e-02 ps
 4.9010000000e+04 fs:  4.7841084e-02           -inf  1.8595240e-01 ps
 5.0010000000e+04 fs:  9.8725208e-03            inf  9.6354658e-01 ps
 5.1010000000e+04 fs:  2.4772869e-02           -inf -1.9314224e-01 ps
 5.2010000000e+04 fs:  3.5357417e-02           -inf  3.6860916e-02 ps
 5.3010000000e+04 fs:  1.3990179e-01            inf  1.0499894e-01 ps
 5.4010000000e+04 fs: -4.5172343e-02           -inf -7.7729765e-01 ps
 5.5010000000e+04 fs:  1.0967015e-02            inf -1.0827372e-01 ps
 5.6010000000e+04 fs: -6.3208892e-02            inf  6.5817078e-02 ps
 5.7010000000e+04 fs:  2.2698594e-02           -inf  7.9425878e-02 ps
 5.8010000000e+04 fs:  3.0673512e-02            inf -6.2288380e-01 ps
 5.9010000000e+04 fs:  1.9136020e-02            inf  6.6014673e-02 ps
 6.0010000000e+04 fs:  1.2368706e+00            inf -9.6063006e-02 ps
 6.1010000000e+04 fs: -7.8411188e-02            inf  1.2978130e+00 ps
 6.2010000000e+04 fs: -1.0896894e-02            inf  1.9606946e-01 ps
 6.3010000000e+04 fs:  5.4131473e-02            inf -2.4019279e-01 ps
 6.4010000000e+04 fs: -5.3834252e-01            inf  4.1806182e-01 ps
 6.5010000000e+04 fs: -1.5384231e-02            inf -1.1045110e+00 ps
 6.6010000000e+04 fs: -1.4888741e-01            inf -4.8175811e-01 ps
 6.7010000000e+04 fs: -7.6685284e-02            inf  3.5387304e-01 ps
 6.8010000000e+04 fs:  3.8376199e-02            inf -5.1121004e-01 ps
 6.9010000000e+04 fs:  8.5987915e-02            inf -2.5426333e+00 ps
 7.0010000000e+04 fs: -3.4476437e-02            inf  4.7925720e-01 ps
 7.1010000000e+04 fs:  5.0699574e-02            inf -4.7079727e-01 ps
 7.2010000000e+04 fs:  5.0628959e-02            inf  1.4424136e+00 ps
 7.3010000000e+04 fs:  8.8050575e-02            inf  7.2987325e-01 ps
 7.4010000000e+04 fs:  4.9264180e-02            inf -6.1826283e-01 ps
 7.5010000000e+04 fs: -3.6071095e-02            inf  1.1652200e+00 ps
 7.6010000000e+04 fs:  5.2253774e-02            inf  2.5145495e+00 ps
 7.7010000000e+04 fs:  4.8502112e-02            inf -9.7314565e-01 ps
 7.8010000000e+04 fs: -3.8241747e-02            inf  8.9931167e-01 ps
 7.9010000000e+04 fs: -1.4898147e-01            inf -2.2786395e+00 ps
 8.0010000000e+04 fs: -2.9256454e-02            inf -8.1150619e-01 ps
 8.1010000000e+04 fs:  6.6775121e-01            inf  6.1198227e-01 ps
 8.2010000000e+04 fs:  3.2847765e-02            inf -1.8220606e+00 ps
 8.3010000000e+04 fs: -2.5355212e-02            inf -8.3744212e-01 ps
 8.4010000000e+04 fs: -7.1184247e-02            inf  4.2731319e-01 ps
 8.5010000000e+04 fs:  3.1292251e-02            inf -4.3007002e-01 ps
 8.6010000000e+04 fs:  7.8278428e-02            inf -5.5810135e+00 ps
 8.7010000000e+04 fs:  1.3384329e-02            inf  1.9225960e-01 ps
 8.8010000000e+04 fs: -2.6945326e-02            inf -1.5857180e-01 ps
 8.9010000000e+04 fs: -1.2575652e-01            inf  8.5496701e-01 ps
 9.0010000000e+04 fs:  1.8468094e-03            inf  5.0221611e-02 ps
 9.1010000000e+04 fs:  6.0638034e-01            inf -1.4246610e-01 ps
 9.2010000000e+04 fs:  2.8679550e+01            inf  2.2366785e-01 ps
 9.3010000000e+04 fs:  1.0467568e-02           -inf  5.5392035e-01 ps
 9.4010000000e+04 fs: -2.1060983e-02            inf -1.8627103e-01 ps
 9.5010000000e+04 fs:  7.4290952e-03            inf  5.5533873e-02 ps
 9.6010000000e+04 fs:  1.3200553e-02           -inf  9.2762204e-02 ps
 9.7010000000e+04 fs: -1.2718070e-02            inf -5.1853686e-01 ps
 9.8010000000e+04 fs:  5.5818142e-02           -inf -4.7259957e-02 ps
 9.9010000000e+04 fs:  1.6358767e-02           -inf  1.9924083e-02 ps
