#time(au), tau by FD, tau without precession, tau
 0.0000000000e+01 fs: -0.0000000e+00 -0.0000000e+00 -0.0000000e+00 ps
 1.0000000000e+02 fs:  6.3598692e-04 -3.6798689e-02 -2.2557691e-02 ps
 2.0000000000e+02 fs: -1.0013842e-02 -1.6402583e-02 -1.7041781e-02 ps
 3.0000000000e+02 fs: -1.8425254e-02 -2.1665018e-02 -2.2892749e-02 ps
 4.0000000000e+02 fs: -3.6934266e-02 -3.5748270e-02 -3.8521216e-02 ps
 5.0000000000e+02 fs: -9.3921449e-02 -7.8536652e-02 -9.2896813e-02 ps
 6.0000000000e+02 fs: -2.6706324e+00 -2.6846732e-01 -1.8947699e+00 ps
 7.0000000000e+02 fs:  2.0088306e-01 -1.4363531e+00  2.0142387e-01 ps
 8.0000000000e+02 fs:  1.8618161e-01 -1.5827825e+01  1.8798949e-01 ps
 9.0000000000e+02 fs: -2.6761217e-01 -4.3441202e+02 -2.5721246e-01 ps
 1.0000000000e+03 fs: -1.6344106e-01  1.4894908e+06 -1.6288835e-01 ps
 1.1000000000e+03 fs: -2.8301902e-01  1.6928770e+07 -2.8469764e-01 ps
 2.0100000000e+03 fs:  5.7690311e-01            inf  5.5018331e-01 ps
 3.0100000000e+03 fs:  4.6050876e-01            inf  4.8317545e-01 ps
 4.0100000000e+03 fs: -3.6314851e-01            inf -3.4781236e-01 ps
 5.0100000000e+03 fs:  1.9875233e-01            inf  2.1923781e-01 ps
 6.0100000000e+03 fs: -1.9845521e-01            inf -1.9878364e-01 ps
 7.0100000000e+03 fs: -3.1793062e+01            inf  1.3289921e+01 ps
 8.0100000000e+03 fs:  1.7816079e-01            inf  2.4650750e-01 ps
 9.0100000000e+03 fs: -2.9292324e-01            inf -2.8840181e-01 ps
 1.0010000000e+04 fs:  3.4366654e-01            inf  4.6868082e-01 ps
 1.1010000000e+04 fs: -3.2733897e-01            inf -1.6689054e+00 ps
 1.2010000000e+04 fs: -7.0194501e-01            inf -8.8573869e-01 ps
 1.3010000000e+04 fs:  3.7641552e-01            inf  5.0948963e-01 ps
 1.4010000000e+04 fs: -3.1977002e-01            inf -9.4043394e-01 ps
 1.5010000000e+04 fs:  4.2227961e+00            inf -3.6587130e+00 ps
 1.6010000000e+04 fs: -2.4520653e-01            inf  1.1523568e+00 ps
 1.7010000000e+04 fs:  3.0965234e-01            inf  4.5397355e+01 ps
 1.8010000000e+04 fs: -5.8653919e-01            inf -7.7983628e-01 ps
 1.9010000000e+04 fs:  3.5513584e-01            inf  4.2160126e-01 ps
 2.0010000000e+04 fs: -9.4644184e-01            inf -4.2462133e-01 ps
 2.1010000000e+04 fs: -3.9374691e-01            inf -1.6241288e+00 ps
 2.2010000000e+04 fs:  5.0266410e-02            inf  1.6934485e-01 ps
 2.3010000000e+04 fs: -1.4417610e-01            inf -1.7202006e-01 ps
 2.4010000000e+04 fs:  1.9961510e-01            inf  3.8264354e-01 ps
 2.5010000000e+04 fs: -9.6101042e-02            inf  2.4938936e+00 ps
 2.6010000000e+04 fs: -3.3142563e-01            inf -3.5234927e-01 ps
 2.7010000000e+04 fs:  5.7047750e-02            inf  1.1803509e-01 ps
 2.8010000000e+04 fs: -3.5678190e-02            inf -8.7992381e-02 ps
 2.9010000000e+04 fs:  2.8802784e+00            inf  6.5989969e-01 ps
 3.0010000000e+04 fs: -2.2222406e-02            inf  1.0399799e-01 ps
 3.1010000000e+04 fs: -4.9759610e-01            inf -2.6879900e-01 ps
 3.2010000000e+04 fs:  1.5279562e-01            inf  1.4818073e-01 ps
 3.3010000000e+04 fs: -4.4586491e-02            inf -1.1932114e-01 ps
 3.4010000000e+04 fs:  5.6291196e+00            inf  5.9851386e-01 ps
 3.5010000000e+04 fs:  3.9260857e-01            inf  1.4253652e+00 ps
 3.6010000000e+04 fs:  1.6151337e-01            inf -5.3520449e-01 ps
 3.7010000000e+04 fs:  9.7314719e-02            inf  1.4182196e-01 ps
 3.8010000000e+04 fs: -1.9709772e-01            inf -1.6386009e-01 ps
 3.9010000000e+04 fs:  2.3503320e-01            inf  2.8271347e-01 ps
 4.0010000000e+04 fs:  3.0257861e-02            inf -1.4251560e-01 ps
 4.1010000000e+04 fs:  7.5540158e-01            inf -8.8003790e-01 ps
 4.2010000000e+04 fs:  1.7996304e-01            inf  8.8875104e-02 ps
 4.3010000000e+04 fs: -7.0168318e-02            inf -1.2973163e-01 ps
 4.4010000000e+04 fs:  7.0363621e-01            inf  2.7189512e-01 ps
 4.5010000000e+04 fs:  3.6963549e-02            inf -1.0294407e-01 ps
 4.6010000000e+04 fs: -1.3349684e-01            inf -4.6901764e-01 ps
 4.7010000000e+04 fs:  2.2532180e+00            inf  1.0066273e-01 ps
 4.8010000000e+04 fs: -4.6877708e-02            inf -1.0473583e-01 ps
 4.9010000000e+04 fs:  2.1032524e-01            inf  4.6637676e-01 ps
 5.0010000000e+04 fs:  4.7388449e-02            inf  2.3418622e-01 ps
 5.1010000000e+04 fs: -1.6337017e-01            inf -3.0559811e-01 ps
 5.2010000000e+04 fs:  1.5179984e-01            inf  1.7881832e-01 ps
 5.3010000000e+04 fs: -9.1339804e-01            inf -1.5833588e-01 ps
 5.4010000000e+04 fs:  1.0377677e-01            inf  1.9968948e+00 ps
 5.5010000000e+04 fs:  1.3957665e-01            inf  3.0185256e-01 ps
 5.6010000000e+04 fs: -2.4340442e-01            inf -3.5513305e-01 ps
 5.7010000000e+04 fs:  5.2139756e-01            inf  4.8995143e-01 ps
 5.8010000000e+04 fs:  2.7447911e-01            inf -1.0716286e+00 ps
 5.9010000000e+04 fs:  2.2005469e-01            inf -5.5064204e+00 ps
 6.0010000000e+04 fs: -8.9128882e-02            inf  6.0208145e+00 ps
 6.1010000000e+04 fs: -1.4956089e-01            inf  3.8275166e+00 ps
 6.2010000000e+04 fs: -1.4064445e-01            inf -1.3537683e+00 ps
 6.3010000000e+04 fs:  4.5106604e-01            inf -2.2907919e+01 ps
 6.4010000000e+04 fs: -1.0918902e+00            inf  5.1126781e-01 ps
 6.5010000000e+04 fs: -7.2632322e-02            inf -3.4987187e-01 ps
 6.6010000000e+04 fs:  3.8328950e-01            inf  4.2391724e-01 ps
 6.7010000000e+04 fs:  1.2484513e-01            inf -5.6011645e-01 ps
 6.8010000000e+04 fs:  1.8287979e-01            inf -8.8125317e-01 ps
 6.9010000000e+04 fs:  1.2630597e-01            inf  1.8882919e-01 ps
 7.0010000000e+04 fs: -1.0226474e-01            inf -1.8666251e-01 ps
 7.1010000000e+04 fs:  1.1372989e-01            inf  4.9447848e-01 ps
 7.2010000000e+04 fs:  4.1600421e-02            inf  1.0002620e+00 ps
 7.3010000000e+04 fs: -8.5700996e-01            inf -4.2076599e-01 ps
 7.4010000000e+04 fs:  9.8013058e-01            inf  1.9683530e-01 ps
 7.5010000000e+04 fs: -4.7847283e-02            inf -1.7574071e-01 ps
 7.6010000000e+04 fs:  1.5383943e-01            inf  9.0011023e-01 ps
 7.7010000000e+04 fs: -2.5753554e-01            inf  4.4071901e-01 ps
 7.8010000000e+04 fs: -1.0239411e-01            inf -3.8486726e-01 ps
 7.9010000000e+04 fs: -1.4958900e-01            inf  2.7533359e-01 ps
 8.0010000000e+04 fs: -8.0305830e-02            inf -2.6507042e-01 ps
 8.1010000000e+04 fs:  9.9313254e-02            inf  9.7107875e-01 ps
 8.2010000000e+04 fs: -2.1448500e-01            inf  1.4139257e+00 ps
 8.3010000000e+04 fs: -2.5268592e-01            inf -6.4316863e-01 ps
 8.4010000000e+04 fs:  2.7600110e-01            inf  3.1055075e-01 ps
 8.5010000000e+04 fs:  1.1748172e-01            inf -3.1844130e-01 ps
 8.6010000000e+04 fs:  6.6231385e-02            inf  4.8918602e-01 ps
 8.7010000000e+04 fs: -2.0331032e-01            inf -7.2802901e-01 ps
 8.8010000000e+04 fs: -3.4857392e-01            inf -1.0465500e+00 ps
 8.9010000000e+04 fs:  9.8150964e-02            inf  2.1041198e-01 ps
 9.0010000000e+04 fs:  1.7266213e-01            inf -2.2930405e-01 ps
 9.1010000000e+04 fs:  4.4797753e-01            inf  3.5904531e-01 ps
 9.2010000000e+04 fs: -2.5058116e-02            inf -3.3496709e-01 ps
 9.3010000000e+04 fs: -9.1048086e-02            inf -6.8113406e-01 ps
 9.4010000000e+04 fs:  7.5372526e-02            inf  1.3672199e-01 ps
 9.5010000000e+04 fs: -1.6835878e-01            inf -1.5405068e-01 ps
 9.6010000000e+04 fs: -1.6284018e-01            inf  3.8501347e-01 ps
 9.7010000000e+04 fs: -1.5133694e-02            inf -6.1421058e-01 ps
 9.8010000000e+04 fs: -3.5212177e-01            inf -4.4560465e-01 ps
 9.9010000000e+04 fs:  1.9918685e-02            inf  1.1677278e-01 ps
