#time(au), tau by FD, tau without precession, tau
 0.0000000000e+01 fs: -0.0000000e+00 -0.0000000e+00 -0.0000000e+00 ps
 1.0000000000e+02 fs:  1.5169376e-02 -3.5058068e+02 -5.0513708e-01 ps
 2.0000000000e+02 fs: -2.7326570e-04 -1.4851672e+01 -1.4295912e-01 ps
 3.0000000000e+02 fs:  2.6044073e-04  9.6693130e-01  1.0797020e-01 ps
 4.0000000000e+02 fs: -3.0457600e-02  2.4017210e-01  1.5999600e-01 ps
 5.0000000000e+02 fs: -1.7046438e-04  1.5841983e-01 -6.9352901e-01 ps
 6.0000000000e+02 fs:  1.1025028e-04  1.7877696e-02  1.6471981e-02 ps
 7.0000000000e+02 fs: -4.0641616e-06  7.0371151e-05 -1.0569229e-04 ps
 8.0000000000e+02 fs: -8.6836601e-03  2.4794382e+00 -7.0749808e-02 ps
 9.0000000000e+02 fs:  6.9003807e-02  6.0033649e+03 -2.7237762e-01 ps
 1.0000000000e+03 fs: -5.8240389e-02  3.8570544e+04  1.2618214e+00 ps
 1.1000000000e+03 fs: -5.1157080e-03  1.0777848e+07  2.5733496e-01 ps
 2.0100000000e+03 fs: -1.0566637e-02           -inf -3.7603805e-01 ps
 3.0100000000e+03 fs: -9.9148733e-03           -inf -1.4480607e+00 ps
 4.0100000000e+03 fs: -7.4738668e-02           -inf -4.8415491e-01 ps
 5.0100000000e+03 fs: -6.8048798e-02           -inf -5.4508496e+00 ps
 6.0100000000e+03 fs:  1.5348129e-02           -inf  6.9479706e-01 ps
 7.0100000000e+03 fs: -2.7922483e-01           -inf -4.6038748e-01 ps
 8.0100000000e+03 fs: -3.4105729e+00           -inf  8.0522018e-01 ps
 9.0100000000e+03 fs:  1.8405464e-02           -inf -5.8068462e+00 ps
 1.0010000000e+04 fs:  2.0661243e-01           -inf -7.9468766e-01 ps
 1.1010000000e+04 fs:  2.3040761e-02           -inf  3.9356603e-01 ps
 1.2010000000e+04 fs: -3.3244592e-02           -inf -3.8712921e-01 ps
 1.3010000000e+04 fs:  1.2190015e+00           -inf -5.7043461e+00 ps
 1.4010000000e+04 fs:  1.2047431e-01           -inf  3.6097946e-01 ps
 1.5010000000e+04 fs: -7.7707766e-02           -inf -3.0252750e-01 ps
 1.6010000000e+04 fs: -2.3728069e-01           -inf  6.8369664e-01 ps
 1.7010000000e+04 fs: -1.4511859e-02           -inf  3.8043025e+00 ps
 1.8010000000e+04 fs: -1.8754652e-01           -inf -3.8158546e-01 ps
 1.9010000000e+04 fs: -3.0788754e-01           -inf  2.5307206e-01 ps
 2.0010000000e+04 fs:  3.1336449e-01           -inf -2.0376719e-01 ps
 2.1010000000e+04 fs: -8.4017457e-02           -inf -1.2897488e+00 ps
 2.2010000000e+04 fs:  8.3059802e-02           -inf  1.2402532e-01 ps
 2.3010000000e+04 fs:  4.0117873e-02           -inf -1.3130881e-01 ps
 2.4010000000e+04 fs:  5.0436021e-02           -inf  4.2807406e-01 ps
 2.5010000000e+04 fs:  9.1934846e-04           -inf  1.1925900e-02 ps
 2.6010000000e+04 fs: -5.2022819e-02           -inf -1.6905923e-01 ps
 2.7010000000e+04 fs:  2.0197264e-02           -inf  1.1735025e-01 ps
 2.8010000000e+04 fs:  4.3377945e-01            inf  1.0729134e-01 ps
 2.9010000000e+04 fs:  7.7697455e-02           -inf -4.6534969e-01 ps
 3.0010000000e+04 fs:  4.7679641e-03            inf -1.4677025e-02 ps
 3.1010000000e+04 fs:  6.2381009e-03            inf  3.1629509e-02 ps
 3.2010000000e+04 fs:  1.0103488e-01           -inf  2.9874822e-01 ps
 3.3010000000e+04 fs:  3.5723882e-02            inf -2.7778154e-01 ps
 3.4010000000e+04 fs: -1.9135357e-02           -inf -1.7638165e-02 ps
 3.5010000000e+04 fs: -3.5226601e-03           -inf  2.0966300e-02 ps
 3.6010000000e+04 fs: -2.7785388e-01            inf  5.3953893e-01 ps
 3.7010000000e+04 fs:  3.5535702e-02           -inf -1.1003492e-01 ps
 3.8010000000e+04 fs: -5.6578383e-02            inf -9.2587030e-02 ps
 3.9010000000e+04 fs: -9.0008710e-02            inf  1.4941783e-01 ps
 4.0010000000e+04 fs: -3.9870771e-02           -inf  1.7527618e-01 ps
 4.1010000000e+04 fs: -2.7253558e-02            inf -2.9211743e-01 ps
 4.2010000000e+04 fs: -3.7310361e-02            inf  6.0750046e-02 ps
 4.3010000000e+04 fs: -5.4316133e-03            inf -1.3249813e-02 ps
 4.4010000000e+04 fs:  1.9334727e-01            inf  1.4020001e+00 ps
 4.5010000000e+04 fs: -5.7398553e-03           -inf -1.6699184e-02 ps
 4.6010000000e+04 fs: -3.0331592e-02            inf -8.3957065e-02 ps
 4.7010000000e+04 fs:  4.9025142e-02            inf  1.9378716e-01 ps
 4.8010000000e+04 fs: -1.3837831e-02           -inf -4.9152304e+00 ps
 4.9010000000e+04 fs:  3.7143540e-02            inf -2.1892377e-01 ps
 5.0010000000e+04 fs:  3.8577086e-02            inf  5.1422151e-02 ps
 5.1010000000e+04 fs:  7.5431187e-02           -inf  6.3148877e-02 ps
 5.2010000000e+04 fs:  1.3918766e-01            inf -1.4177096e+01 ps
 5.3010000000e+04 fs: -2.2270057e-02           -inf -7.7919028e-02 ps
 5.4010000000e+04 fs:  1.0240194e-03           -inf  2.1532211e-03 ps
 5.5010000000e+04 fs: -1.5636372e-02            inf  1.2140862e-01 ps
 5.6010000000e+04 fs:  5.0181640e-02           -inf -2.4693364e+00 ps
 5.7010000000e+04 fs: -1.2247535e-02            inf -3.6635266e-02 ps
 5.8010000000e+04 fs: -8.5381704e-02           -inf -5.4721793e-02 ps
 5.9010000000e+04 fs:  4.0370147e-02           -inf  2.6716224e-01 ps
 6.0010000000e+04 fs: -1.0020175e-03            inf -3.7041320e-02 ps
 6.1010000000e+04 fs: -8.8621356e-02           -inf -2.6590325e-01 ps
 6.2010000000e+04 fs: -3.3913836e-02           -inf  1.8839954e-01 ps
 6.3010000000e+04 fs: -2.8307767e-02           -inf -1.4743955e-01 ps
 6.4010000000e+04 fs: -3.0130792e-01           -inf -4.3709143e+00 ps
 6.5010000000e+04 fs: -7.8044574e-02           -inf  2.7632173e-01 ps
 6.6010000000e+04 fs: -3.8158866e-02           -inf -2.8248654e-01 ps
 6.7010000000e+04 fs: -4.8766639e-02           -inf  7.2723443e-01 ps
 6.8010000000e+04 fs:  5.7582688e-02           -inf -1.5568351e+01 ps
 6.9010000000e+04 fs:  1.1783145e-01           -inf -9.8668620e-01 ps
 7.0010000000e+04 fs:  1.6755271e-01           -inf  5.9634875e-01 ps
 7.1010000000e+04 fs:  3.5546391e-01           -inf -7.6115349e-01 ps
 7.2010000000e+04 fs:  2.2766513e-01           -inf  2.6720189e+00 ps
 7.3010000000e+04 fs:  2.6493924e-02           -inf  1.6307800e+00 ps
 7.4010000000e+04 fs:  7.6384722e-02           -inf -2.3267126e+00 ps
 7.5010000000e+04 fs: -1.8039978e-01           -inf  1.5217743e+00 ps
 7.6010000000e+04 fs: -1.1267852e+00           -inf -1.3255467e+00 ps
 7.7010000000e+04 fs: -2.6449656e-01           -inf  1.7062760e+00 ps
 7.8010000000e+04 fs:  7.2355600e-02           -inf -1.4474905e+01 ps
 7.9010000000e+04 fs: -5.8535448e-02           -inf -1.7195607e+00 ps
 8.0010000000e+04 fs: -2.6080234e-02           -inf  8.8086579e-01 ps
 8.1010000000e+04 fs: -8.0183143e-02           -inf -5.3972901e-01 ps
 8.2010000000e+04 fs: -1.8903743e-01           -inf  1.2160717e+00 ps
 8.3010000000e+04 fs:  9.0895115e-02           -inf  7.8933948e-01 ps
 8.4010000000e+04 fs: -4.5542431e-02           -inf -4.0597158e-01 ps
 8.5010000000e+04 fs: -7.9832348e-02           -inf  3.3455283e-01 ps
 8.6010000000e+04 fs:  1.4199468e-02           -inf -3.7699927e-01 ps
 8.7010000000e+04 fs:  4.2007929e-02           -inf -1.1163952e+00 ps
 8.8010000000e+04 fs:  1.7015204e-02           -inf  1.1478834e-01 ps
 8.9010000000e+04 fs: -3.2029176e-02           -inf -9.0635403e-02 ps
 9.0010000000e+04 fs:  5.8803069e-02           -inf  5.4103918e-01 ps
 9.1010000000e+04 fs: -3.1649142e-03            inf -4.0648779e-02 ps
 9.2010000000e+04 fs:  8.5040121e-02           -inf -1.1987469e-01 ps
 9.3010000000e+04 fs: -5.6343722e-02           -inf  1.2192179e-01 ps
 9.4010000000e+04 fs:  1.1095591e-02            inf  1.8520524e-01 ps
 9.5010000000e+04 fs:  1.4383821e+00           -inf -3.0954391e-01 ps
 9.6010000000e+04 fs: -8.7637939e-02            inf -8.6400868e-03 ps
 9.7010000000e+04 fs:  8.7206354e-03            inf  3.0506701e-02 ps
 9.8010000000e+04 fs: -2.6134929e-02           -inf  4.7510698e-01 ps
 9.9010000000e+04 fs:  4.5203002e-02            inf -2.0894461e-01 ps
