#time(au), total f, f in each valley
 0.00000000000000e+01 -2.02192141949491e-21
 4.13413741709430e+03 -2.01270467440573e-21
 8.26827483418859e+03 -2.01199908168415e-21
 1.24024122512829e+04 -2.01518142931855e-21
 1.65365496683772e+04 -2.01592723220881e-21
 2.06706870854715e+04 -2.01908373044907e-21
 2.48048245025658e+04 -2.02147815025462e-21
 2.89389619196601e+04 -2.02475527900088e-21
 3.30730993367544e+04 -2.02451306060392e-21
 3.72072367538487e+04 -2.02887299174925e-21
 4.13413741709430e+04 -2.02505781265084e-21
 4.54755115880372e+04 -2.02534694291125e-21
 4.96096490051315e+04 -2.02625071432126e-21
 5.37437864222258e+04 -2.02586201602416e-21
 5.78779238393201e+04 -2.03012525128770e-21
 6.20120612564144e+04 -2.03651100902581e-21
 6.61461986735087e+04 -2.03617400951699e-21
 7.02803360906030e+04 -2.03860768210624e-21
 7.44144735076973e+04 -2.04044969078512e-21
 7.85486109247916e+04 -2.04206862876640e-21
 8.26827483418859e+04 -2.04471101127872e-21
 8.68168857589802e+04 -2.04058563945061e-21
 9.09510231760745e+04 -2.03903276103213e-21
 9.50851605931688e+04 -2.04552957542656e-21
 9.92192980102631e+04 -2.04544819770426e-21
 1.03353435427357e+05 -2.04673300833163e-21
 1.07487572844452e+05 -2.04479143161605e-21
 1.11621710261546e+05 -2.04556882821026e-21
 1.15755847678640e+05 -2.04478951684612e-21
 1.19889985095735e+05 -2.04492259335670e-21
 1.24024122512829e+05 -2.05174204648542e-21
 1.28158259929923e+05 -2.05590571371227e-21
 1.32292397347018e+05 -2.05262667019607e-21
 1.36426534764112e+05 -2.05067360486087e-21
 1.40560672181206e+05 -2.05323939657574e-21
 1.44694809598300e+05 -2.05582242122003e-21
 1.48828947015395e+05 -2.05935804390771e-21
 1.52963084432489e+05 -2.06041978383748e-21
 1.57097221849583e+05 -2.06416603121818e-21
 1.61231359266678e+05 -2.06369786996871e-21
 1.65365496683772e+05 -2.06598984958266e-21
 1.69499634100866e+05 -2.06715402970403e-21
 1.73633771517960e+05 -2.06456143121006e-21
 1.77767908935055e+05 -2.06192383562258e-21
 1.81902046352149e+05 -2.06518564620935e-21
 1.86036183769243e+05 -2.07007405385714e-21
 1.90170321186338e+05 -2.06911571150394e-21
 1.94304458603432e+05 -2.07157331871739e-21
 1.98438596020526e+05 -2.06722774834659e-21
 2.02572733437620e+05 -2.06746709458864e-21
 2.06706870854715e+05 -2.06381084139496e-21
 2.10841008271809e+05 -2.06650013577073e-21
 2.14975145688903e+05 -2.06773803453465e-21
 2.19109283105998e+05 -2.06796972169697e-21
 2.23243420523092e+05 -2.06816694300042e-21
 2.27377557940186e+05 -2.06394487529052e-21
 2.31511695357280e+05 -2.06375531306681e-21
 2.35645832774375e+05 -2.05970748942112e-21
 2.39779970191469e+05 -2.06007033832408e-21
 2.43914107608563e+05 -2.06222636927254e-21
 2.48048245025658e+05 -2.06828087181164e-21
 2.52182382442752e+05 -2.06751304906712e-21
 2.56316519859846e+05 -2.06322492179440e-21
 2.60450657276940e+05 -2.05977163421399e-21
 2.64584794694035e+05 -2.06089751893663e-21
 2.68718932111129e+05 -2.06846181757064e-21
 2.72853069528223e+05 -2.06824449118285e-21
 2.76987206945318e+05 -2.06868871780811e-21
 2.81121344362412e+05 -2.06339916585862e-21
 2.85255481779506e+05 -2.06171033877466e-21
 2.89389619196601e+05 -2.06342693002270e-21
 2.93523756613695e+05 -2.05710340230752e-21
 2.97657894030789e+05 -2.05714935678600e-21
 3.01792031447884e+05 -2.05776399793561e-21
 3.05926168864978e+05 -2.05210585277335e-21
 3.10060306282072e+05 -2.05026192932453e-21
 3.14194443699167e+05 -2.04868320151192e-21
 3.18328581116261e+05 -2.04282017596646e-21
 3.22462718533355e+05 -2.04364831396398e-21
 3.26596855950449e+05 -2.05084880631006e-21
 3.30730993367544e+05 -2.05552658926485e-21
 3.34865130784638e+05 -2.05594305172603e-21
 3.38999268201732e+05 -2.05419295200410e-21
 3.43133405618827e+05 -2.05483918685765e-21
 3.47267543035921e+05 -2.05079806490674e-21
 3.51401680453015e+05 -2.05095028911669e-21
 3.55535817870110e+05 -2.05004747509165e-21
 3.59669955287204e+05 -2.04595752650736e-21
 3.63804092704298e+05 -2.04376990185495e-21
 3.67938230121393e+05 -2.04846300296922e-21
 3.72072367538487e+05 -2.05120974044308e-21
 3.76206504955581e+05 -2.05507757571474e-21
 3.80340642372676e+05 -2.05428486096105e-21
 3.84474779789770e+05 -2.05628771031459e-21
 3.88608917206864e+05 -2.05215084986686e-21
 3.92743054623959e+05 -2.05138015496743e-21
 3.96877192041053e+05 -2.05142132252106e-21
 4.01011329458147e+05 -2.05186076222148e-21
 4.05145466875241e+05 -2.05487748225638e-21
 4.09279604292336e+05 -2.05415944353021e-21
 4.13413741709430e+05 -2.05218531572571e-21
 4.17547879126524e+05 -2.05377361738801e-21
 4.21682016543619e+05 -2.05801387541231e-21
 4.25816153960713e+05 -2.06097602450403e-21
 4.29950291377807e+05 -2.06104974314658e-21
 4.34084428794902e+05 -2.06083050198885e-21
 4.38218566211996e+05 -2.06297025739285e-21
 4.42352703629090e+05 -2.06351022251494e-21
 4.46486841046185e+05 -2.05882573786538e-21
 4.50620978463279e+05 -2.05667449384176e-21
 4.54755115880373e+05 -2.06090517801638e-21
 4.58889253297468e+05 -2.06709275706606e-21
 4.63023390714562e+05 -2.06828661612145e-21
 4.67157528131656e+05 -2.06955323643442e-21
 4.71291665548751e+05 -2.06656236579366e-21
 4.75425802965845e+05 -2.06359734454705e-21
 4.79559940382939e+05 -2.06449632903222e-21
 4.83694077800033e+05 -2.06929569987797e-21
 4.87828215217128e+05 -2.07244645380842e-21
 4.91962352634222e+05 -2.07633439416441e-21
 4.96096490051316e+05 -2.07637939125792e-21
 5.00230627468411e+05 -2.07930037279600e-21
 5.04364764885505e+05 -2.08288099257719e-21
 5.08498902302599e+05 -2.08058997034821e-21
 5.12633039719694e+05 -2.07718838155608e-21
 5.16767177136788e+05 -2.07864743624766e-21
 5.20901314553882e+05 -2.07641289973181e-21
 5.25035451970977e+05 -2.07989299409134e-21
 5.29169589388071e+05 -2.08106100375258e-21
 5.33303726805165e+05 -2.08261101001615e-21
 5.37437864222260e+05 -2.08661958087814e-21
 5.41572001639354e+05 -2.08897762005489e-21
 5.45706139056448e+05 -2.09164106503652e-21
 5.49840276473543e+05 -2.09309341803333e-21
 5.53974413890637e+05 -2.09360274683643e-21
 5.58108551307731e+05 -2.09855242712219e-21
 5.62242688724826e+05 -2.09668361166420e-21
 5.66376826141920e+05 -2.10155382899760e-21
 5.70510963559014e+05 -2.09995020917581e-21
 5.74645100976108e+05 -2.10020200142245e-21
 5.78779238393203e+05 -2.10229005803817e-21
 5.82913375810297e+05 -2.09800958984520e-21
 5.87047513227391e+05 -2.09411399040946e-21
 5.91181650644486e+05 -2.09217624323376e-21
 5.95315788061580e+05 -2.08948120454819e-21
 5.99449925478674e+05 -2.09335765628456e-21
 6.03584062895769e+05 -2.08948407670309e-21
 6.07718200312863e+05 -2.09233708390842e-21
 6.11852337729957e+05 -2.09029498177118e-21
 6.15986475147052e+05 -2.09377124659084e-21
 6.20120612564146e+05 -2.09557783202589e-21
 6.24254749981240e+05 -2.09770322665537e-21
 6.28388887398335e+05 -2.10008424307136e-21
 6.32523024815429e+05 -2.09723410802093e-21
 6.36657162232523e+05 -2.10071515976543e-21
 6.40791299649618e+05 -2.10124555103783e-21
 6.44925437066712e+05 -2.10127905951172e-21
 6.49059574483806e+05 -2.10568303036559e-21
 6.53193711900900e+05 -2.11126171257548e-21
 6.57327849317995e+05 -2.11374133964320e-21
 6.61461986735089e+05 -2.11131053920886e-21
 6.65596124152183e+05 -2.11353167233516e-21
 6.69730261569278e+05 -2.11339093674483e-21
 6.73864398986372e+05 -2.11056569370357e-21
 6.77998536403466e+05 -2.10845370246365e-21
 6.82132673820561e+05 -2.10925120414219e-21
 6.86266811237655e+05 -2.10539198533524e-21
 6.90400948654749e+05 -2.10307702848206e-21
 6.94535086071844e+05 -2.10388601878021e-21
 6.98669223488938e+05 -2.09913355979791e-21
 7.02803360906032e+05 -2.09557974679583e-21
 7.06937498323127e+05 -2.09558166156576e-21
 7.11071635740221e+05 -2.09982862128484e-21
 7.15205773157315e+05 -2.10239728515461e-21
 7.19339910574410e+05 -2.10314021588996e-21
 7.23474047991504e+05 -2.10307319894218e-21
 7.27608185408598e+05 -2.10022880820157e-21
 7.31742322825692e+05 -2.09981617528026e-21
 7.35876460242787e+05 -2.09994255009606e-21
 7.40010597659881e+05 -2.09754525813561e-21
 7.44144735076975e+05 -2.09453715456542e-21
 7.48278872494070e+05 -2.09517285818433e-21
 7.52413009911164e+05 -2.09248356380856e-21
 7.56547147328258e+05 -2.09491053470303e-21
 7.60681284745353e+05 -2.09167361612544e-21
 7.64815422162447e+05 -2.09213603306509e-21
 7.68949559579541e+05 -2.09122938950018e-21
 7.73083696996636e+05 -2.08983639437140e-21
 7.77217834413730e+05 -2.09511732985617e-21
 7.81351971830824e+05 -2.09373773811695e-21
 7.85486109247919e+05 -2.08785269271722e-21
 7.89620246665013e+05 -2.08387380078925e-21
 7.93754384082107e+05 -2.08823085977967e-21
 7.97888521499202e+05 -2.09178850232163e-21
 8.02022658916296e+05 -2.09155490038938e-21
 8.06156796333390e+05 -2.08997042826695e-21
 8.10290933750484e+05 -2.09398570082372e-21
 8.14425071167579e+05 -2.09871135302692e-21
 8.18559208584673e+05 -2.10031305807877e-21
 8.22693346001767e+05 -2.10559495094851e-21
 8.26827483418862e+05 -2.10265003478623e-21
 8.30961620835956e+05 -2.10514210785854e-21
 8.35095758253050e+05 -2.10765715817008e-21
 8.39229895670145e+05 -2.10803149569266e-21
 8.43364033087239e+05 -2.11211474258217e-21
 8.47498170504333e+05 -2.11290171302606e-21
 8.51632307921428e+05 -2.11666806549109e-21
 8.55766445338522e+05 -2.11792702672431e-21
 8.59900582755616e+05 -2.11787724270597e-21
 8.64034720172711e+05 -2.11861921605635e-21
 8.68168857589805e+05 -2.12091885475004e-21
 8.72302995006899e+05 -2.12040473902210e-21
 8.76437132423994e+05 -2.12172210073839e-21
 8.80571269841088e+05 -2.12259427844445e-21
 8.84705407258182e+05 -2.12299733751607e-21
 8.88839544675276e+05 -2.12209835303090e-21
 8.92973682092371e+05 -2.12112469251821e-21
 8.97107819509465e+05 -2.11703570131889e-21
 9.01241956926559e+05 -2.11967712644624e-21
 9.05376094343654e+05 -2.12229365956442e-21
 9.09510231760748e+05 -2.12133340244129e-21
 9.13644369177842e+05 -2.12192985327650e-21
 9.17778506594937e+05 -2.12229174479449e-21
 9.21912644012031e+05 -2.12725004154496e-21
 9.26046781429125e+05 -2.13035962792178e-21
 9.30180918846220e+05 -2.12684793985831e-21
 9.34315056263314e+05 -2.13107766664796e-21
 9.38449193680408e+05 -2.12989050928735e-21
 9.42583331097503e+05 -2.12929980276195e-21
 9.46717468514597e+05 -2.12873973255553e-21
 9.50851605931691e+05 -2.12963201534593e-21
 9.54985743348786e+05 -2.13540504670437e-21
 9.59119880765880e+05 -2.13725567184796e-21
 9.63254018182974e+05 -2.13771904617259e-21
 9.67388155600069e+05 -2.14111201850001e-21
 9.71522293017163e+05 -2.13840357642487e-21
 9.75656430434257e+05 -2.13302115813347e-21
 9.79790567851351e+05 -2.13535047576118e-21
 9.83924705268446e+05 -2.13294169518111e-21
 9.88058842685540e+05 -2.13034048022242e-21
 9.92192980102634e+05 -2.12933043908093e-21
 9.96327117519729e+05 -2.13522505833034e-21
 1.00046125493682e+06 -2.13658071544536e-21
 1.00459539235392e+06 -2.13667166701734e-21
 1.00872952977101e+06 -2.13478083170508e-21
 1.01286366718811e+06 -2.13372675085506e-21
 1.01699780460520e+06 -2.13197569374816e-21
 1.02113194202229e+06 -2.13304987968252e-21
 1.02526607943939e+06 -2.13225812231379e-21
 1.02940021685648e+06 -2.12798052627573e-21
 1.03353435427358e+06 -2.12825146622174e-21
 1.03766849169067e+06 -2.13037303131134e-21
 1.04180262910777e+06 -2.12540037378634e-21
 1.04593676652486e+06 -2.12830220762505e-21
 1.05007090394195e+06 -2.12837784103754e-21
 1.05420504135905e+06 -2.12884983182688e-21
 1.05833917877614e+06 -2.12462489196207e-21
 1.06247331619324e+06 -2.12206771671192e-21
 1.06660745361033e+06 -2.12401216558240e-21
 1.07074159102743e+06 -2.12144445909760e-21
 1.07487572844452e+06 -2.12368665469320e-21
 1.07900986586161e+06 -2.12023145234285e-21
 1.08314400327871e+06 -2.12274363049949e-21
 1.08727814069580e+06 -2.12380537042926e-21
 1.09141227811290e+06 -2.11684135217034e-21
 1.09554641552999e+06 -2.11521858464918e-21
 1.09968055294709e+06 -2.11219516291951e-21
 1.10381469036418e+06 -2.11190699004407e-21
 1.10794882778128e+06 -2.10824212038567e-21
 1.11208296519837e+06 -2.11176242491386e-21
 1.11621710261546e+06 -2.11692368727761e-21
 1.12035124003256e+06 -2.11802085045120e-21
 1.12448537744965e+06 -2.11675423013823e-21
 1.12861951486675e+06 -2.12496476362579e-21
 1.13275365228384e+06 -2.12278862759300e-21
 1.13688778970094e+06 -2.12748077132231e-21
 1.14102192711803e+06 -2.12582162317236e-21
 1.14515606453512e+06 -2.12771724540946e-21
 1.14929020195222e+06 -2.12167806102985e-21
 1.15342433936931e+06 -2.12280298836752e-21
 1.15755847678641e+06 -2.12091885475004e-21
 1.16169261420350e+06 -2.12700878053297e-21
 1.16582675162060e+06 -2.13083161871112e-21
 1.16996088903769e+06 -2.13285361576403e-21
 1.17409502645478e+06 -2.13410683268745e-21
 1.17822916387188e+06 -2.12979668556046e-21
 1.18236330128897e+06 -2.12663157085549e-21
 1.18649743870607e+06 -2.12628021057214e-21
 1.19063157612316e+06 -2.13016336400330e-21
 1.19476571354026e+06 -2.13107000756821e-21
 1.19889985095735e+06 -2.13594213967155e-21
 1.20303398837444e+06 -2.14022260786452e-21
 1.20716812579154e+06 -2.14011059382323e-21
 1.21130226320863e+06 -2.13805891783631e-21
 1.21543640062573e+06 -2.13413459685153e-21
 1.21957053804282e+06 -2.13533802975659e-21
 1.22370467545992e+06 -2.13639881230140e-21
 1.22783881287701e+06 -2.13443330096161e-21
 1.23197295029410e+06 -2.13632317888891e-21
 1.23610708771120e+06 -2.14065917541003e-21
 1.24024122512829e+06 -2.14271563832179e-21
 1.24437536254539e+06 -2.14613924696819e-21
 1.24850949996248e+06 -2.14580990653912e-21
 1.25264363737958e+06 -2.14252990563796e-21
 1.25677777479667e+06 -2.13880855026644e-21
 1.26091191221376e+06 -2.14248586592942e-21
 1.26504604963086e+06 -2.14861312972611e-21
 1.26918018704795e+06 -2.15093000134923e-21
 1.27331432446505e+06 -2.15541152038553e-21
 1.27744846188214e+06 -2.15677770873520e-21
 1.28158259929924e+06 -2.15700077943279e-21
 1.28571673671633e+06 -2.15609892279272e-21
 1.28985087413343e+06 -2.15657761527684e-21
 1.29398501155052e+06 -2.15545843224897e-21
 1.29811914896761e+06 -2.15973315613213e-21
 1.30225328638471e+06 -2.16382597687133e-21
 1.30638742380180e+06 -2.16544970177745e-21
 1.31052156121890e+06 -2.16096818274115e-21
 1.31465569863599e+06 -2.16540566206891e-21
 1.31878983605309e+06 -2.16333962530746e-21
 1.32292397347018e+06 -2.16125252607672e-21
 1.32705811088727e+06 -2.16231235123655e-21
 1.33119224830437e+06 -2.16195620402837e-21
 1.33532638572146e+06 -2.15789880653300e-21
 1.33946052313856e+06 -2.15747564237704e-21
 1.34359466055565e+06 -2.16172451686605e-21
 1.34772879797275e+06 -2.15972741182232e-21
 1.35186293538984e+06 -2.15614583465616e-21
 1.35599707280693e+06 -2.15779828111133e-21
 1.36013121022403e+06 -2.15781742881070e-21
 1.36426534764112e+06 -2.16287337882793e-21
 1.36839948505822e+06 -2.15859291063497e-21
 1.37253362247531e+06 -2.16054980551003e-21
 1.37666775989241e+06 -2.15712619686363e-21
 1.38080189730950e+06 -2.15791795423236e-21
 1.38493603472659e+06 -2.15658910389645e-21
 1.38907017214369e+06 -2.16218023211093e-21
 1.39320430956078e+06 -2.16763636904489e-21
 1.39733844697788e+06 -2.16844823149795e-21
 1.40147258439497e+06 -2.16668377100150e-21
 1.40560672181207e+06 -2.17085796946299e-21
 1.40974085922916e+06 -2.17360470693685e-21
 1.41387499664625e+06 -2.17126390068952e-21
 1.41800913406335e+06 -2.17236872294287e-21
 1.42214327148044e+06 -2.17184886290511e-21
 1.42627740889754e+06 -2.17656111171876e-21
 1.43041154631463e+06 -2.17447592725795e-21
 1.43454568373173e+06 -2.17463772531758e-21
 1.43867982114882e+06 -2.17276412293475e-21
 1.44281395856591e+06 -2.17693832139624e-21
 1.44694809598301e+06 -2.17267795828760e-21
 1.45108223340010e+06 -2.17308005997426e-21
 1.45521637081720e+06 -2.17306378442980e-21
 1.45935050823429e+06 -2.17528396017113e-21
 1.46348464565139e+06 -2.17089339270682e-21
 1.46761878306848e+06 -2.17359704785711e-21
 1.47175292048557e+06 -2.17926572425401e-21
 1.47588705790267e+06 -2.18442698661776e-21
 1.48002119531976e+06 -2.18249211159696e-21
 1.48415533273686e+06 -2.18466250331994e-21
 1.48828947015395e+06 -2.18033033633869e-21
 1.49242360757105e+06 -2.17809675720780e-21
 1.49655774498814e+06 -2.17622124005503e-21
 1.50069188240524e+06 -2.18456389266821e-21
 1.50482601982233e+06 -2.18156344817777e-21
 1.50896015723942e+06 -2.18193682831538e-21
 1.51309429465652e+06 -2.18727520689825e-21
 1.51722843207361e+06 -2.18803249840812e-21
 1.52136256949071e+06 -2.19375861790312e-21
 1.52549670690780e+06 -2.19777580522982e-21
 1.52963084432490e+06 -2.19931432287377e-21
 1.53376498174199e+06 -2.19920326621746e-21
 1.53789911915908e+06 -2.19846895194682e-21
 1.54203325657618e+06 -2.19608985030077e-21
 1.54616739399327e+06 -2.19323301355556e-21
 1.55030153141037e+06 -2.19468919609224e-21
 1.55443566882746e+06 -2.19346853025775e-21
 1.55856980624456e+06 -2.19036947511558e-21
 1.56270394366165e+06 -2.18712681222817e-21
 1.56683808107874e+06 -2.18889605964947e-21
 1.57097221849584e+06 -2.18088370485033e-21
 1.57510635591293e+06 -2.18115943172118e-21
 1.57924049333003e+06 -2.18390042488523e-21
 1.58337463074712e+06 -2.18776826015689e-21
 1.58750876816422e+06 -2.18833598944305e-21
 1.59164290558131e+06 -2.18846427902879e-21
 1.59577704299840e+06 -2.19205447265967e-21
 1.59991118041550e+06 -2.19246040388620e-21
 1.60404531783259e+06 -2.19424113992711e-21
 1.60817945524969e+06 -2.19400179368505e-21
 1.61231359266678e+06 -2.19258869347194e-21
 1.61644773008388e+06 -2.19405827939818e-21
 1.62058186750097e+06 -2.19526649922809e-21
 1.62471600491806e+06 -2.19501374959647e-21
 1.62885014233516e+06 -2.19710755052200e-21
 1.63298427975225e+06 -2.20031096062570e-21
 1.63711841716935e+06 -2.20242103709569e-21
 1.64125255458644e+06 -2.20479535181691e-21
 1.64538669200354e+06 -2.20573933339558e-21
 1.64952082942063e+06 -2.20399785013837e-21
 1.65365496683772e+06 -2.21030988923393e-21
 1.65778910425482e+06 -2.20604761135535e-21
 1.66192324167191e+06 -2.21121174587400e-21
 1.66605737908901e+06 -2.21374211434504e-21
 1.67019151650610e+06 -2.21169809743786e-21
 1.67432565392320e+06 -2.21118972601973e-21
 1.67845979134029e+06 -2.21197669646362e-21
 1.68259392875739e+06 -2.21104611827450e-21
 1.68672806617448e+06 -2.20796046652188e-21
 1.69086220359157e+06 -2.21066795121205e-21
 1.69499634100867e+06 -2.21180149501443e-21
 1.69913047842576e+06 -2.20655502538852e-21
 1.70326461584286e+06 -2.20295813006287e-21
 1.70739875325995e+06 -2.20847458224982e-21
 1.71153289067705e+06 -2.20445643753815e-21
 1.71566702809414e+06 -2.21313226012028e-21
 1.71980116551123e+06 -2.21369137294172e-21
 1.72393530292833e+06 -2.21544913174340e-21
 1.72806944034542e+06 -2.21117919478508e-21
 1.73220357776252e+06 -2.20442867337407e-21
 1.73633771517961e+06 -2.20465461622658e-21
 1.74047185259671e+06 -2.20808588395272e-21
 1.74460599001380e+06 -2.21169235312805e-21
 1.74874012743089e+06 -2.21349798117814e-21
 1.75287426484799e+06 -2.21633758499392e-21
 1.75700840226508e+06 -2.21700775447168e-21
 1.76114253968218e+06 -2.21951514570348e-21
 1.76527667709927e+06 -2.22177265945858e-21
 1.76941081451637e+06 -2.22322309768545e-21
 1.77354495193346e+06 -2.22424845698643e-21
 1.77767908935055e+06 -2.22481618627259e-21
 1.78181322676765e+06 -2.22726134748145e-21
 1.78594736418474e+06 -2.23281705245211e-21
 1.79008150160184e+06 -2.23025413289215e-21
 1.79421563901893e+06 -2.22567879012896e-21
 1.79834977643603e+06 -2.21889858978394e-21
 1.80248391385312e+06 -2.21691776028467e-21
 1.80661805127021e+06 -2.21873391956941e-21
 1.81075218868731e+06 -2.21730645858177e-21
 1.81488632610440e+06 -2.22003787789614e-21
 1.81902046352150e+06 -2.22497415479235e-21
 1.82315460093859e+06 -2.22994011062257e-21
 1.82728873835569e+06 -2.22902197843803e-21
 1.83142287577278e+06 -2.22950162830712e-21
 1.83555701318987e+06 -2.22833074649097e-21
 1.83969115060697e+06 -2.22691573150792e-21
 1.84382528802406e+06 -2.22139449239612e-21
 1.84795942544116e+06 -2.22113791322464e-21
 1.85209356285825e+06 -2.21686127457154e-21
 1.85622770027535e+06 -2.21647832058425e-21
 1.86036183769244e+06 -2.22289567202631e-21
 1.86449597510954e+06 -2.22114652968935e-21
 1.86863011252663e+06 -2.21659320678044e-21
 1.87276424994372e+06 -2.21752378496956e-21
 1.87689838736082e+06 -2.21476843103099e-21
 1.88103252477791e+06 -2.21892060963821e-21
 1.88516666219501e+06 -2.22005415344060e-21
 1.88930079961210e+06 -2.22027530936826e-21
 1.89343493702920e+06 -2.22186073887565e-21
 1.89756907444629e+06 -2.22132077375357e-21
 1.90170321186338e+06 -2.22232411320028e-21
 1.90583734928048e+06 -2.22806842300967e-21
 1.90997148669757e+06 -2.22979363072243e-21
 1.91410562411467e+06 -2.23253366650151e-21
 1.91823976153176e+06 -2.23447620060206e-21
 1.92237389894886e+06 -2.23606163010945e-21
 1.92650803636595e+06 -2.23395346840940e-21
 1.93064217378304e+06 -2.23990265860200e-21
 1.93477631120014e+06 -2.23936556563482e-21
 1.93891044861723e+06 -2.23611620105264e-21
 1.94304458603433e+06 -2.23183094593483e-21
 1.94717872345142e+06 -2.23157723891825e-21
 1.95131286086852e+06 -2.22848871501073e-21
 1.95544699828561e+06 -2.22433174947866e-21
 1.95958113570270e+06 -2.22628864435373e-21
 1.96371527311980e+06 -2.22724698670693e-21
 1.96784941053689e+06 -2.22811054794828e-21
 1.97198354795399e+06 -2.23274046165465e-21
 1.97611768537108e+06 -2.23745749739313e-21
 1.98025182278818e+06 -2.24818020903734e-21
 1.98438596020527e+06 -2.24570728366439e-21
 1.98852009762236e+06 -2.24883697512555e-21
 1.99265423503946e+06 -2.24773119548724e-21
 1.99678837245655e+06 -2.25387473482839e-21
 2.00092250987365e+06 -2.25191496779841e-21
 2.00505664729074e+06 -2.25699772459476e-21
 2.00919078470784e+06 -2.26345337143555e-21
 2.01332492212493e+06 -2.25923417588055e-21
 2.01745905954202e+06 -2.25751088293773e-21
 2.02159319695912e+06 -2.26002880540419e-21
 2.02572733437621e+06 -2.26221164313176e-21
 2.02986147179331e+06 -2.26513453943977e-21
 2.03399560921040e+06 -2.26813881347008e-21
 2.03812974662750e+06 -2.27308562160094e-21
 2.04226388404459e+06 -2.27926937111076e-21
 2.04639802146168e+06 -2.27552312373006e-21
 2.05053215887878e+06 -2.28093617834045e-21
 2.05466629629587e+06 -2.27979210330341e-21
 2.05880043371297e+06 -2.27871025828931e-21
 2.06293457113006e+06 -2.28270351099181e-21
 2.06706870854716e+06 -2.27904534302819e-21
 2.07120284596425e+06 -2.27790509753103e-21
 2.07533698338135e+06 -2.27995198659311e-21
 2.07947112079844e+06 -2.27556237651376e-21
 2.08360525821553e+06 -2.27571364333874e-21
 2.08773939563263e+06 -2.27677634065348e-21
 2.09187353304972e+06 -2.27730385977098e-21
 2.09600767046682e+06 -2.27291903661647e-21
 2.10014180788391e+06 -2.26814934470473e-21
 2.10427594530101e+06 -2.26677932681519e-21
 2.10841008271810e+06 -2.26943798487198e-21
 2.11254422013519e+06 -2.27034462843689e-21
 2.11667835755229e+06 -2.27340251602543e-21
 2.12081249496938e+06 -2.27513251066302e-21
 2.12494663238648e+06 -2.27750395322934e-21
 2.12908076980357e+06 -2.27843931834330e-21
 2.13321490722067e+06 -2.28445839763858e-21
 2.13734904463776e+06 -2.28870822951256e-21
 2.14148318205485e+06 -2.28283371534749e-21
 2.14561731947195e+06 -2.28582554337321e-21
 2.14975145688904e+06 -2.28464125816751e-21
 2.15388559430614e+06 -2.28570587025219e-21
 2.15801973172323e+06 -2.28333347030090e-21
 2.16215386914033e+06 -2.28806582419888e-21
 2.16628800655742e+06 -2.29381013400827e-21
 2.17042214397451e+06 -2.29849557604281e-21
 2.17455628139161e+06 -2.29924425108796e-21
 2.17869041880870e+06 -2.30019110482155e-21
 2.18282455622580e+06 -2.30008004816523e-21
 2.18695869364289e+06 -2.29940413437766e-21
 2.19109283105999e+06 -2.29441998823304e-21
 2.19522696847708e+06 -2.28998825321509e-21
 2.19936110589417e+06 -2.29984261669311e-21
 2.20349524331127e+06 -2.29351621682303e-21
 2.20762938072836e+06 -2.29522993591616e-21
 2.21176351814546e+06 -2.29386661972140e-21
 2.21589765556255e+06 -2.28879535154467e-21
 2.22003179297965e+06 -2.28999304013993e-21
 2.22416593039674e+06 -2.28957179075391e-21
 2.22830006781383e+06 -2.29095233987810e-21
 2.23243420523093e+06 -2.29406288363989e-21
 2.23656834264802e+06 -2.29235682362650e-21
 2.24070248006512e+06 -2.29177856310569e-21
 2.24483661748221e+06 -2.29241905364943e-21
 2.24897075489931e+06 -2.28478103637287e-21
 2.25310489231640e+06 -2.29435201390029e-21
 2.25723902973349e+06 -2.29684217220267e-21
 2.26137316715059e+06 -2.28824868472781e-21
 2.26550730456768e+06 -2.29105669483964e-21
 2.26964144198478e+06 -2.29189153453194e-21
 2.27377557940187e+06 -2.29272445945430e-21
 2.27790971681897e+06 -2.29465359016529e-21
 2.28204385423606e+06 -2.29498484536430e-21
 2.28617799165316e+06 -2.29223906527540e-21
 2.29031212907025e+06 -2.28935159221122e-21
 2.29444626648734e+06 -2.28565034192403e-21
 2.29858040390444e+06 -2.28818166778003e-21
 2.30271454132153e+06 -2.28555843296708e-21
 2.30684867873863e+06 -2.29023813069180e-21
 2.31098281615572e+06 -2.28715630847906e-21
 2.31511695357282e+06 -2.28816252008067e-21
 2.31925109098991e+06 -2.28667761599494e-21
 2.32338522840700e+06 -2.28067864178400e-21
 2.32751936582410e+06 -2.27682038036202e-21
 2.33165350324119e+06 -2.27849580405643e-21
 2.33578764065829e+06 -2.28712854431498e-21
 2.33992177807538e+06 -2.28948083918193e-21
 2.34405591549248e+06 -2.28574225088098e-21
 2.34819005290957e+06 -2.28453403105107e-21
 2.35232419032666e+06 -2.28360728240182e-21
 2.35645832774376e+06 -2.28242969889089e-21
 2.36059246516085e+06 -2.28251011922822e-21
 2.36472660257795e+06 -2.28490836857365e-21
 2.36886073999504e+06 -2.28630519324230e-21
 2.37299487741214e+06 -2.27940244762134e-21
 2.37712901482923e+06 -2.27803530188671e-21
 2.38126315224632e+06 -2.28336697877479e-21
 2.38539728966342e+06 -2.28620371043567e-21
 2.38953142708051e+06 -2.28339282816894e-21
 2.39366556449761e+06 -2.28406969934148e-21
 2.39779970191470e+06 -2.27889216143327e-21
 2.40193383933180e+06 -2.27511432034863e-21
 2.40606797674889e+06 -2.26991667735609e-21
 2.41020211416598e+06 -2.26648923916982e-21
 2.41433625158308e+06 -2.27180081097357e-21
 2.41847038900017e+06 -2.27306647390158e-21
 2.42260452641727e+06 -2.27697930626674e-21
 2.42673866383436e+06 -2.28067002531928e-21
 2.43087280125146e+06 -2.27938329992198e-21
 2.43500693866855e+06 -2.27903959871838e-21
 2.43914107608564e+06 -2.28472263588981e-21
 2.44327521350274e+06 -2.28504718939404e-21
 2.44740935091983e+06 -2.28180931343148e-21
 2.45154348833693e+06 -2.28594713126418e-21
 2.45567762575402e+06 -2.28661730074194e-21
 2.45981176317112e+06 -2.28998155152031e-21
 2.46394590058821e+06 -2.29393555143911e-21
 2.46808003800530e+06 -2.29446498532655e-21
 2.47221417542240e+06 -2.29327112627116e-21
 2.47634831283949e+06 -2.29111509532270e-21
 2.48048245025659e+06 -2.29315432530504e-21
 2.48461658767368e+06 -2.29542811460459e-21
 2.48875072509078e+06 -2.29285657857992e-21
 2.49288486250787e+06 -2.29299348463037e-21
 2.49701899992497e+06 -2.29243245703899e-21
 2.50115313734206e+06 -2.28930659511771e-21
 2.50528727475915e+06 -2.29048992293844e-21
 2.50942141217625e+06 -2.29094755295326e-21
 2.51355554959334e+06 -2.29655591409717e-21
 2.51768968701044e+06 -2.29112466917238e-21
 2.52182382442753e+06 -2.29056364158100e-21
 2.52595796184463e+06 -2.28412618505460e-21
 2.53009209926172e+06 -2.28804763388448e-21
 2.53422623667881e+06 -2.28275138024022e-21
 2.53836037409591e+06 -2.28974412004819e-21
 2.54249451151300e+06 -2.29196716794443e-21
 2.54662864893010e+06 -2.29155740717802e-21
 2.55076278634719e+06 -2.29003229292363e-21
 2.55489692376429e+06 -2.29224672435515e-21
 2.55903106118138e+06 -2.29279051901711e-21
 2.56316519859847e+06 -2.28933627405172e-21
 2.56729933601557e+06 -2.29363493255909e-21
 2.57143347343266e+06 -2.29706715767020e-21
 2.57556761084976e+06 -2.29442477515788e-21
 2.57970174826685e+06 -2.29431467588653e-21
 2.58383588568395e+06 -2.29525482792534e-21
 2.58797002310104e+06 -2.30019014743658e-21
 2.59210416051813e+06 -2.29744819688756e-21
 2.59623829793523e+06 -2.29884023463137e-21
 2.60037243535232e+06 -2.29624955090733e-21
 2.60450657276942e+06 -2.29849844819771e-21
 2.60864071018651e+06 -2.29992016487554e-21
 2.61277484760361e+06 -2.29789912520760e-21
 2.61690898502070e+06 -2.29324144733714e-21
 2.62104312243779e+06 -2.29093127740880e-21
 2.62517725985489e+06 -2.29538216012611e-21
 2.62931139727198e+06 -2.29861141962396e-21
 2.63344553468908e+06 -2.29477996498109e-21
 2.63757967210617e+06 -2.29775551746236e-21
 2.64171380952327e+06 -2.30098764911512e-21
 2.64584794694036e+06 -2.30542225628797e-21
 2.64998208435745e+06 -2.30301539047783e-21
 2.65411622177455e+06 -2.30252903891397e-21
 2.65825035919164e+06 -2.30968453416654e-21
 2.66238449660874e+06 -2.30584063351909e-21
 2.66651863402583e+06 -2.29946827917053e-21
 2.67065277144293e+06 -2.29701162934204e-21
 2.67478690886002e+06 -2.29546353784841e-21
 2.67892104627712e+06 -2.29918680798987e-21
 2.68305518369421e+06 -2.29511217756507e-21
 2.68718932111130e+06 -2.30045534307278e-21
 2.69132345852840e+06 -2.29971911403221e-21
 2.69545759594549e+06 -2.29934764866453e-21
 2.69959173336259e+06 -2.30434902773858e-21
 2.70372587077968e+06 -2.30898085621489e-21
 2.70786000819678e+06 -2.31261030262946e-21
 2.71199414561387e+06 -2.30814888867750e-21
 2.71612828303096e+06 -2.30662090226820e-21
 2.72026242044806e+06 -2.31089754092129e-21
 2.72439655786515e+06 -2.30894830512597e-21
 2.72853069528225e+06 -2.30990760486414e-21
 2.73266483269934e+06 -2.31407988855570e-21
 2.73679897011644e+06 -2.31715117953379e-21
 2.74093310753353e+06 -2.31562127835455e-21
 2.74506724495062e+06 -2.31653653838418e-21
 2.74920138236772e+06 -2.32007599061174e-21
 2.75333551978481e+06 -2.32320759684283e-21
 2.75746965720191e+06 -2.32747466164624e-21
 2.76160379461900e+06 -2.33429890169980e-21
 2.76573793203610e+06 -2.33807770016942e-21
 2.76987206945319e+06 -2.33950228900215e-21
 2.77400620687028e+06 -2.34188809234298e-21
 2.77814034428738e+06 -2.34199627684439e-21
 2.78227448170447e+06 -2.34056498631689e-21
 2.78640861912157e+06 -2.34141322939874e-21
 2.79054275653866e+06 -2.33741614715637e-21
 2.79467689395576e+06 -2.33489822468992e-21
 2.79881103137285e+06 -2.33636781061615e-21
 2.80294516878994e+06 -2.33442336174567e-21
 2.80707930620704e+06 -2.33677469922765e-21
 2.81121344362413e+06 -2.34095464199896e-21
 2.81534758104123e+06 -2.35033797207260e-21
 2.81948171845832e+06 -2.35411868531216e-21
 2.82361585587542e+06 -2.35103494832948e-21
 2.82774999329251e+06 -2.34357500465701e-21
 2.83188413070960e+06 -2.34270952864573e-21
 2.83601826812670e+06 -2.34439931311466e-21
 2.84015240554379e+06 -2.34332225502540e-21
 2.84428654296089e+06 -2.34147545942167e-21
 2.84842068037798e+06 -2.34200393592414e-21
 2.85255481779508e+06 -2.34296802258715e-21
 2.85668895521217e+06 -2.34262527876852e-21
 2.86082309262927e+06 -2.34311258771735e-21
 2.86495723004636e+06 -2.34534616684824e-21
 2.86909136746345e+06 -2.34222892139167e-21
 2.87322550488055e+06 -2.34755868350983e-21
 2.87735964229764e+06 -2.34823459729740e-21
 2.88149377971474e+06 -2.35060221032384e-21
 2.88562791713183e+06 -2.34577124577413e-21
 2.88976205454893e+06 -2.34501395426426e-21
 2.89389619196602e+06 -2.34719870676177e-21
 2.89803032938311e+06 -2.35161799577513e-21
 2.90216446680021e+06 -2.35534988238130e-21
 2.90629860421730e+06 -2.35774047264698e-21
 2.91043274163440e+06 -2.36024116218400e-21
 2.91456687905149e+06 -2.35956333362649e-21
 2.91870101646859e+06 -2.36279163573938e-21
 2.92283515388568e+06 -2.36347616599166e-21
 2.92696929130277e+06 -2.36305012968080e-21
 2.93110342871987e+06 -2.35996830746806e-21
 2.93523756613696e+06 -2.36140342753544e-21
 2.93937170355406e+06 -2.36267866431312e-21
 2.94350584097115e+06 -2.36413771900471e-21
 2.94763997838825e+06 -2.36923866611545e-21
 2.95177411580534e+06 -2.36493617806822e-21
 2.95590825322243e+06 -2.36257813889146e-21
 2.96004239063953e+06 -2.36049103966071e-21
 2.96417652805662e+06 -2.36343691320796e-21
 2.96831066547372e+06 -2.35609855742646e-21
 2.97244480289081e+06 -2.35903677189397e-21
 2.97657894030791e+06 -2.36247761346980e-21
 2.98071307772500e+06 -2.36253409918292e-21
 2.98484721514209e+06 -2.36264898537911e-21
 2.98898135255919e+06 -2.36070166435372e-21
 2.99311548997628e+06 -2.36517265215537e-21
 2.99724962739338e+06 -2.36318129142145e-21
 3.00138376481047e+06 -2.36575091267618e-21
 3.00551790222757e+06 -2.37127406655792e-21
 3.00965203964466e+06 -2.37441620402366e-21
 3.01378617706175e+06 -2.37576994636874e-21
 3.01792031447885e+06 -2.37145596970188e-21
 3.02205445189594e+06 -2.37744249790824e-21
 3.02618858931304e+06 -2.37799778118981e-21
 3.03032272673013e+06 -2.37793459378191e-21
 3.03445686414723e+06 -2.37650138848447e-21
 3.03859100156432e+06 -2.37931035598126e-21
 3.04272513898141e+06 -2.37634533473465e-21
 3.04685927639851e+06 -2.37772301170393e-21
 3.05099341381560e+06 -2.38171243486656e-21
 3.05512755123270e+06 -2.38511785319856e-21
 3.05926168864979e+06 -2.38852518630050e-21
 3.06339582606689e+06 -2.38521550646532e-21
 3.06752996348398e+06 -2.38262673751122e-21
 3.07166410090108e+06 -2.38383495734113e-21
 3.07579823831817e+06 -2.38339551764071e-21
 3.07993237573526e+06 -2.38070813803488e-21
 3.08406651315236e+06 -2.38101641599465e-21
 3.08820065056945e+06 -2.38172392348618e-21
 3.09233478798655e+06 -2.38243238836267e-21
 3.09646892540364e+06 -2.37813851678014e-21
 3.10060306282074e+06 -2.38209538885385e-21
 3.10473720023783e+06 -2.38692539601858e-21
 3.10887133765492e+06 -2.39088322547726e-21
 3.11300547507202e+06 -2.38769130399317e-21
 3.11713961248911e+06 -2.38268130845441e-21
 3.12127374990621e+06 -2.38199965035703e-21
 3.12540788732330e+06 -2.38350274475715e-21
 3.12954202474040e+06 -2.38213655640748e-21
 3.13367616215749e+06 -2.37979287800525e-21
 3.13781029957458e+06 -2.38273779416753e-21
 3.14194443699168e+06 -2.38241419804827e-21
 3.14607857440877e+06 -2.38005615887152e-21
 3.15021271182587e+06 -2.37842956181049e-21
 3.15434684924296e+06 -2.37558995799471e-21
 3.15848098666006e+06 -2.37360529895556e-21
 3.16261512407715e+06 -2.37567612264185e-21
 3.16674926149424e+06 -2.37420749410058e-21
 3.17088339891134e+06 -2.37583983547142e-21
 3.17501753632843e+06 -2.37844775212488e-21
 3.17915167374553e+06 -2.38165020484362e-21
 3.18328581116262e+06 -2.38476457814528e-21
 3.18741994857972e+06 -2.39201389712474e-21
 3.19155408599681e+06 -2.39424364671575e-21
 3.19568822341390e+06 -2.39404259587243e-21
 3.19982236083100e+06 -2.39249450437879e-21
 3.20395649824809e+06 -2.39221590535304e-21
 3.20809063566519e+06 -2.39318573632586e-21
 3.21222477308228e+06 -2.38762907397024e-21
 3.21635891049938e+06 -2.38503168855142e-21
 3.22049304791647e+06 -2.38808670398505e-21
 3.22462718533356e+06 -2.38725282167772e-21
 3.22876132275066e+06 -2.38776310786579e-21
 3.23289546016775e+06 -2.38613076649495e-21
 3.23702959758485e+06 -2.39164626129694e-21
 3.24116373500194e+06 -2.39424364671575e-21
 3.24529787241904e+06 -2.38887941873875e-21
 3.24943200983613e+06 -2.39364432372564e-21
 3.25356614725323e+06 -2.39849539335968e-21
 3.25770028467032e+06 -2.40135701702972e-21
 3.26183442208741e+06 -2.39411057020517e-21
 3.26596855950451e+06 -2.39299234456227e-21
 3.27010269692160e+06 -2.39424556148569e-21
 3.27423683433870e+06 -2.39354188353404e-21
 3.27837097175579e+06 -2.39204261867379e-21
 3.28250510917289e+06 -2.39394685737560e-21
 3.28663924658998e+06 -2.39581375806366e-21
 3.29077338400707e+06 -2.38821307880086e-21
 3.29490752142417e+06 -2.39123267099066e-21
 3.29904165884126e+06 -2.39194592279200e-21
 3.30317579625836e+06 -2.39624458129936e-21
 3.30730993367545e+06 -2.39362900556615e-21
 3.31144407109255e+06 -2.38596705366538e-21
 3.31557820850964e+06 -2.38852518630050e-21
 3.31971234592673e+06 -2.39060941337634e-21
 3.32384648334383e+06 -2.39209336007710e-21
 3.32798062076092e+06 -2.39131692086787e-21
 3.33211475817802e+06 -2.39356007384844e-21
 3.33624889559511e+06 -2.39058643613711e-21
 3.34038303301221e+06 -2.39243323174083e-21
 3.34451717042930e+06 -2.39080376252489e-21
 3.34865130784639e+06 -2.39046006132130e-21
 3.35278544526349e+06 -2.39022262984918e-21
 3.35691958268058e+06 -2.39216037702488e-21
 3.36105372009768e+06 -2.39277406078952e-21
 3.36518785751477e+06 -2.39536570189852e-21
 3.36932199493187e+06 -2.39406844526657e-21
 3.37345613234896e+06 -2.39342221041301e-21
 3.37759026976605e+06 -2.40048100978379e-21
 3.38172440718315e+06 -2.40127276715252e-21
 3.38585854460024e+06 -2.40146615891610e-21
 3.38999268201734e+06 -2.40513007118953e-21
 3.39412681943443e+06 -2.41138083764712e-21
 3.39826095685153e+06 -2.41079491804656e-21
 3.40239509426862e+06 -2.40745555927737e-21
 3.40652923168571e+06 -2.40699792926255e-21
 3.41066336910281e+06 -2.40476147797676e-21
 3.41479750651990e+06 -2.40643115736136e-21
 3.41893164393700e+06 -2.40633254670963e-21
 3.42306578135409e+06 -2.40323061941256e-21
 3.42719991877119e+06 -2.40079215989847e-21
 3.43133405618828e+06 -2.39795447085262e-21
 3.43546819360538e+06 -2.39936278414089e-21
 3.43960233102247e+06 -2.39430491935372e-21
 3.44373646843956e+06 -2.39529389802591e-21
 3.44787060585666e+06 -2.39456245591018e-21
 3.45200474327375e+06 -2.39640159243415e-21
 3.45613888069085e+06 -2.39981658461584e-21
 3.46027301810794e+06 -2.39522592369316e-21
 3.46440715552504e+06 -2.39546718470516e-21
 3.46854129294213e+06 -2.39513114258131e-21
 3.47267543035922e+06 -2.39891664274570e-21
 3.47680956777632e+06 -2.40233929400713e-21
 3.48094370519341e+06 -2.39696453479547e-21
 3.48507784261051e+06 -2.40049824271322e-21
 3.48921198002760e+06 -2.39252035377294e-21
 3.49334611744470e+06 -2.39646190768715e-21
 3.49748025486179e+06 -2.40156955649267e-21
 3.50161439227888e+06 -2.40644264598098e-21
 3.50574852969598e+06 -2.40487444940301e-21
 3.50988266711307e+06 -2.40921619023395e-21
 3.51401680453017e+06 -2.40805583965245e-21
 3.51815094194726e+06 -2.41047993839201e-21
 3.52228507936436e+06 -2.40503720484761e-21
 3.52641921678145e+06 -2.40492997773117e-21
 3.53055335419854e+06 -2.41129850253985e-21
 3.53468749161564e+06 -2.41233247830554e-21
 3.53882162903273e+06 -2.41552727194454e-21
 3.54295576644983e+06 -2.41067045800069e-21
 3.54708990386692e+06 -2.41477189520460e-21
 3.55122404128402e+06 -2.41493177849429e-21
 3.55535817870111e+06 -2.41265511703984e-21
 3.55949231611820e+06 -2.40832965175336e-21
 3.56362645353530e+06 -2.40239482233529e-21
 3.56776059095239e+06 -2.40348432642914e-21
 3.57189472836949e+06 -2.40530814479362e-21
 3.57602886578658e+06 -2.40057770566558e-21
 3.58016300320368e+06 -2.40924108224312e-21
 3.58429714062077e+06 -2.40955127497283e-21
 3.58843127803786e+06 -2.41593033101616e-21
 3.59256541545496e+06 -2.42015814303588e-21
 3.59669955287205e+06 -2.42118637449176e-21
 3.60083369028915e+06 -2.42154252169994e-21
 3.60496782770624e+06 -2.42301593716605e-21
 3.60910196512334e+06 -2.42074502002140e-21
 3.61323610254043e+06 -2.41701121864530e-21
 3.61737023995752e+06 -2.41722854503309e-21
 3.62150437737462e+06 -2.41637072810155e-21
 3.62563851479171e+06 -2.41463594653911e-21
 3.62977265220881e+06 -2.41890205395756e-21
 3.63390678962590e+06 -2.42173495607856e-21
 3.63804092704300e+06 -2.42259660254997e-21
 3.64217506446009e+06 -2.41689920460401e-21
 3.64630920187719e+06 -2.42221173379274e-21
 3.65044333929428e+06 -2.41503613345583e-21
 3.65457747671137e+06 -2.41277383277590e-21
 3.65871161412847e+06 -2.41602128258814e-21
 3.66284575154556e+06 -2.42231991829415e-21
 3.66697988896266e+06 -2.41764883703414e-21
 3.67111402637975e+06 -2.41662156296323e-21
 3.67524816379685e+06 -2.41409502403206e-21
 3.67938230121394e+06 -2.41670006853062e-21
 3.68351643863103e+06 -2.41421469715309e-21
 3.68765057604813e+06 -2.41269532720850e-21
 3.69178471346522e+06 -2.41310987489975e-21
 3.69591885088232e+06 -2.40926405948236e-21
 3.70005298829941e+06 -2.41193229138882e-21
 3.70418712571651e+06 -2.41156369817605e-21
 3.70832126313360e+06 -2.41496241481328e-21
 3.71245540055069e+06 -2.41425394993679e-21
 3.71658953796779e+06 -2.41603468597770e-21
 3.72072367538488e+06 -2.42002889606517e-21
 3.72485781280198e+06 -2.42486273276977e-21
 3.72899195021907e+06 -2.42732895644794e-21
 3.73312608763617e+06 -2.43274584059820e-21
 3.73726022505326e+06 -2.43628816498066e-21
 3.74139436247035e+06 -2.43532982262746e-21
 3.74552849988745e+06 -2.43359216891012e-21
 3.74966263730454e+06 -2.43307996795211e-21
 3.75379677472164e+06 -2.43379609190835e-21
 3.75793091213873e+06 -2.43195216845954e-21
 3.76206504955583e+06 -2.44322537646047e-21
 3.76619918697292e+06 -2.44549342145022e-21
 3.77033332439001e+06 -2.44207842926853e-21
 3.77446746180711e+06 -2.44213108544178e-21
 3.77860159922420e+06 -2.44350110333133e-21
 3.78273573664130e+06 -2.44590222483165e-21
 3.78686987405839e+06 -2.44879831436056e-21
 3.79100401147549e+06 -2.44301953869230e-21
 3.79513814889258e+06 -2.44452167570746e-21
 3.79927228630967e+06 -2.44494101032355e-21
 3.80340642372677e+06 -2.44291805588567e-21
 3.80754056114386e+06 -2.44681748486128e-21
 3.81167469856096e+06 -2.45255892251578e-21
 3.81580883597805e+06 -2.45430327792790e-21
 3.81994297339515e+06 -2.45624676941341e-21
 3.82407711081224e+06 -2.45976037224682e-21
 3.82821124822934e+06 -2.46264688792604e-21
 3.83234538564643e+06 -2.45917253787633e-21
 3.83647952306352e+06 -2.45868235677259e-21
 3.84061366048062e+06 -2.46170960804214e-21
 3.84474779789771e+06 -2.46307100946697e-21
 3.84888193531481e+06 -2.45957081002311e-21
 3.85301607273190e+06 -2.45563308564877e-21
 3.85715021014900e+06 -2.44984186397593e-21
 3.86128434756609e+06 -2.44612625291422e-21
 3.86541848498318e+06 -2.44812718749783e-21
 3.86955262240028e+06 -2.44400085828474e-21
 3.87368675981737e+06 -2.44461454204938e-21
 3.87782089723447e+06 -2.43393108318887e-21
 3.88195503465156e+06 -2.43668547974248e-21
 3.88608917206866e+06 -2.43561225119309e-21
 3.89022330948575e+06 -2.43490857324144e-21
 3.89435744690284e+06 -2.44087595374843e-21
 3.89849158431994e+06 -2.43749542742560e-21
 3.90262572173703e+06 -2.43248638927181e-21
 3.90675985915413e+06 -2.43435711949974e-21
 3.91089399657122e+06 -2.43829388648911e-21
 3.91502813398832e+06 -2.43684344826224e-21
 3.91916227140541e+06 -2.43867109616659e-21
 3.92329640882250e+06 -2.43212066821394e-21
 3.92743054623960e+06 -2.42958647020303e-21
 3.93156468365669e+06 -2.42640986687844e-21
 3.93569882107379e+06 -2.43341505269099e-21
 3.93983295849088e+06 -2.43719480854558e-21
 3.94396709590798e+06 -2.43385927931625e-21
 3.94810123332507e+06 -2.43110488276265e-21
 3.95223537074216e+06 -2.43064916751777e-21
 3.95636950815926e+06 -2.43246245464760e-21
 3.96050364557635e+06 -2.43261180670265e-21
 3.96463778299345e+06 -2.43341696746093e-21
 3.96877192041054e+06 -2.43436669334942e-21
 3.97290605782764e+06 -2.43747053541643e-21
 3.97704019524473e+06 -2.43786306325340e-21
 3.98117433266182e+06 -2.43752606374459e-21
 3.98530847007892e+06 -2.42911447941369e-21
 3.98944260749601e+06 -2.43598563133070e-21
 3.99357674491311e+06 -2.43117189971043e-21
 3.99771088233020e+06 -2.43567256644609e-21
 4.00184501974730e+06 -2.43468071561900e-21
 4.00597915716439e+06 -2.43685972380670e-21
 4.01011329458148e+06 -2.43364099554350e-21
 4.01424743199858e+06 -2.42982581644509e-21
 4.01838156941567e+06 -2.42888470702132e-21
 4.02251570683277e+06 -2.43528865507383e-21
 4.02664984424986e+06 -2.43213311421853e-21
 4.03078398166696e+06 -2.43141603287732e-21
 4.03491811908405e+06 -2.42945147892251e-21
 4.03905225650115e+06 -2.43054959948107e-21
 4.04318639391824e+06 -2.43361897568923e-21
 4.04732053133533e+06 -2.43582096111616e-21
 4.05145466875243e+06 -2.43673717853076e-21
 4.05558880616952e+06 -2.43370609772134e-21
 4.05972294358662e+06 -2.43460986913135e-21
 4.06385708100371e+06 -2.43524557275026e-21
 4.06799121842081e+06 -2.43015132733429e-21
 4.07212535583790e+06 -2.43082149681205e-21
 4.07625949325499e+06 -2.42992825663669e-21
 4.08039363067209e+06 -2.43378460328873e-21
 4.08452776808918e+06 -2.43575394416839e-21
 4.08866190550628e+06 -2.43773285889772e-21
 4.09279604292337e+06 -2.43762275962638e-21
 4.09693018034047e+06 -2.43815410828375e-21
 4.10106431775756e+06 -2.44179025639309e-21
 4.10519845517465e+06 -2.43805836978692e-21
 4.10933259259175e+06 -2.43271616166418e-21
 4.11346673000884e+06 -2.43000197527925e-21
 4.11760086742594e+06 -2.42774733367906e-21
 4.12173500484303e+06 -2.42139987133967e-21
 4.12586914226013e+06 -2.42842229008166e-21
 4.13000327967722e+06 -2.42985070845426e-21
 4.13413741709431e+06 -2.43086170698072e-21
