#E -dF/dE ImSigma
 5.2551525e-02  5.4293510e+01  2.2907265e-05
 5.2551525e-02  5.4293510e+01  2.2907265e-05
 5.2807426e-02  4.2562795e+01  4.7452871e-05
 5.2807431e-02  4.2562575e+01  4.7450234e-05
 5.3551340e-02  2.0375449e+01  4.0844495e-05
 5.3551387e-02  2.0374473e+01  4.0831697e-05
 5.4720443e-02  6.1221128e+00  9.6957080e-05
 5.4720570e-02  6.1213014e+00  9.6926748e-05
 5.8001583e-02  1.9585056e-01  8.8330279e-05
 5.8001825e-02  1.9580058e-01  8.8249916e-05
 5.6232029e-02  1.2588213e+00  6.0171105e-05
 5.6232236e-02  1.2585467e+00  6.0127088e-05
 5.6232029e-02  1.2588213e+00  6.0171105e-05
 5.6232237e-02  1.2585467e+00  6.0127088e-05
 5.8001583e-02  1.9585056e-01  8.8330279e-05
 5.8001825e-02  1.9580058e-01  8.8249916e-05
 5.4720443e-02  6.1221128e+00  9.6957080e-05
 5.4720570e-02  6.1213014e+00  9.6926748e-05
 5.3551340e-02  2.0375449e+01  4.0844495e-05
 5.3551387e-02  2.0374473e+01  4.0831697e-05
 5.2807426e-02  4.2562795e+01  4.7452871e-05
 5.2807431e-02  4.2562575e+01  4.7450234e-05
 5.2807427e-02  4.2562725e+01  4.7448881e-05
 5.2807430e-02  4.2562633e+01  4.7446093e-05
 5.2892592e-02  3.9196575e+01  5.3665360e-05
 5.2892594e-02  3.9196491e+01  5.3659177e-05
 5.3471778e-02  2.2079055e+01  4.8286823e-05
 5.3474665e-02  2.2014911e+01  4.8214461e-05
 5.4495030e-02  7.7372154e+00  8.4369865e-05
 5.4503125e-02  7.6725339e+00  8.5460975e-05
 5.8791915e-02  8.5257122e-02  6.9357510e-05
 5.8823168e-02  8.2498499e-02  7.0616688e-05
 5.5886262e-02  1.8095400e+00  9.2210722e-05
 5.5901098e-02  1.7815983e+00  9.1536930e-05
 5.6971227e-02  5.7891639e-01  9.0340879e-05
 5.6994403e-02  5.6498024e-01  9.0784036e-05
 5.7561925e-02  3.1103627e-01  7.5952105e-05
 5.7584335e-02  3.0378946e-01  7.6731567e-05
 5.5382147e-02  3.0687994e+00  1.2133967e-04
 5.5397498e-02  3.0198964e+00  1.2245778e-04
 5.4105489e-02  1.1571829e+01  9.0213800e-05
 5.4113835e-02  1.1472846e+01  9.0838958e-05
 5.3224091e-02  2.8292912e+01  4.6361335e-05
 5.3227047e-02  2.8209879e+01  4.6585628e-05
 5.3551343e-02  2.0375382e+01  4.0830998e-05
 5.3551385e-02  2.0374518e+01  4.0819914e-05
 5.3471775e-02  2.2079113e+01  4.8288680e-05
 5.3474668e-02  2.2014843e+01  4.8204630e-05
 5.3882047e-02  1.4554169e+01  4.9511794e-05
 5.3882071e-02  1.4553811e+01  4.9489899e-05
 5.4739190e-02  6.0038588e+00  9.3988730e-05
 5.4747208e-02  5.9539769e+00  9.3588588e-05
 5.5981683e-02  1.6371616e+00  8.0983966e-05
 5.6001505e-02  1.6034605e+00  7.9401282e-05
 5.8070688e-02  1.8211501e-01  1.0260695e-04
 5.8122481e-02  1.7245583e-01  1.0306303e-04
 5.7531900e-02  3.2101695e-01  7.0207911e-05
 5.7565876e-02  3.0974621e-01  7.1729048e-05
 5.6439650e-02  1.0121811e+00  1.0831794e-04
 5.6475366e-02  9.7490460e-01  1.1509446e-04
 5.5091702e-02  4.1575002e+00  7.0127439e-05
 5.5112479e-02  4.0682620e+00  7.2881395e-05
 5.4105491e-02  1.1571808e+01  9.0186501e-05
 5.4113834e-02  1.1472855e+01  9.0816235e-05
 5.4720447e-02  6.1220826e+00  9.6855747e-05
 5.4720567e-02  6.1213193e+00  9.6830490e-05
 5.8001588e-02  1.9584941e-01  8.8233088e-05
 5.8001822e-02  1.9580119e-01  8.8171128e-05
 5.4495027e-02  7.7372404e+00  8.4319837e-05
 5.4503129e-02  7.6725045e+00  8.5385866e-05
 5.8791921e-02  8.5256539e-02  6.9290830e-05
 5.8823167e-02  8.2498572e-02  7.0571731e-05
 5.4739187e-02  6.0038818e+00  9.3961393e-05
 5.4747211e-02  5.9539566e+00  9.3519964e-05
 5.5433261e-02  2.9089464e+00  1.1145437e-04
 5.5433337e-02  2.9087173e+00  1.1136291e-04
 5.6511308e-02  9.3877541e-01  1.0636954e-04
 5.6525801e-02  9.2458826e-01  1.0860000e-04
 5.8682047e-02  9.5707510e-02  6.6350572e-05
 5.8703631e-02  9.3558058e-02  6.7949201e-05
 5.7913574e-02  2.1485256e-01  9.7694114e-05
 5.7947088e-02  2.0740848e-01  9.6876497e-05
 5.7825918e-02  2.3560998e-01  1.1006497e-04
 5.7884910e-02  2.2143094e-01  1.1088879e-04
 5.7913569e-02  2.1485379e-01  9.7688960e-05
 5.7947087e-02  2.0740866e-01  9.6760977e-05
 5.6439652e-02  1.0121786e+00  1.0828978e-04
 5.6475366e-02  9.7490499e-01  1.1506987e-04
 5.7531895e-02  3.2101866e-01  7.0182639e-05
 5.7565876e-02  3.0974614e-01  7.1632965e-05
 5.5382151e-02  3.0687873e+00  1.2127182e-04
 5.5397497e-02  3.0199002e+00  1.2240290e-04
 5.7561921e-02  3.1103752e-01  7.5905826e-05
 5.7584337e-02  3.0378868e-01  7.6631853e-05
 5.6232034e-02  1.2588138e+00  6.0116399e-05
 5.6232233e-02  1.2585509e+00  6.0079316e-05
 5.6232034e-02  1.2588138e+00  6.0116399e-05
 5.6232233e-02  1.2585509e+00  6.0079316e-05
 5.5886259e-02  1.8095468e+00  9.2151353e-05
 5.5901101e-02  1.7815916e+00  9.1437163e-05
 5.6971233e-02  5.7891304e-01  9.0273480e-05
 5.6994401e-02  5.6498096e-01  9.0739164e-05
 5.5981678e-02  1.6371691e+00  8.0950173e-05
 5.6001507e-02  1.6034566e+00  7.9317124e-05
 5.8070693e-02  1.8211410e-01  1.0256311e-04
 5.8122480e-02  1.7245589e-01  1.0303790e-04
 5.6511304e-02  9.3877955e-01  1.0638472e-04
 5.6525803e-02  9.2458639e-01  1.0851437e-04
 5.8682051e-02  9.5707065e-02  6.6318095e-05
 5.8703631e-02  9.3558037e-02  6.8010719e-05
 5.7437803e-02  3.5441749e-01  7.3368073e-05
 5.7437943e-02  3.5436514e-01  7.3256808e-05
 5.7437803e-02  3.5441749e-01  7.3368073e-05
 5.7437943e-02  3.5436514e-01  7.3256808e-05
 5.8682051e-02  9.5707065e-02  6.6318095e-05
 5.8703631e-02  9.3558037e-02  6.8010719e-05
 5.6511304e-02  9.3877955e-01  1.0638472e-04
 5.6525803e-02  9.2458639e-01  1.0851437e-04
 5.8070693e-02  1.8211410e-01  1.0256311e-04
 5.8122480e-02  1.7245589e-01  1.0303790e-04
 5.5981678e-02  1.6371691e+00  8.0950173e-05
 5.6001507e-02  1.6034566e+00  7.9317124e-05
 5.6971233e-02  5.7891304e-01  9.0273480e-05
 5.6994401e-02  5.6498096e-01  9.0739164e-05
 5.5886259e-02  1.8095468e+00  9.2151353e-05
 5.5901101e-02  1.7815916e+00  9.1437163e-05
 5.8001588e-02  1.9584941e-01  8.8233088e-05
 5.8001822e-02  1.9580119e-01  8.8171128e-05
 5.4720447e-02  6.1220826e+00  9.6855747e-05
 5.4720567e-02  6.1213193e+00  9.6830490e-05
 5.7561921e-02  3.1103752e-01  7.5905826e-05
 5.7584337e-02  3.0378868e-01  7.6631852e-05
 5.5382151e-02  3.0687873e+00  1.2127182e-04
 5.5397497e-02  3.0199002e+00  1.2240290e-04
 5.7531895e-02  3.2101866e-01  7.0182639e-05
 5.7565876e-02  3.0974614e-01  7.1632965e-05
 5.6439652e-02  1.0121786e+00  1.0828978e-04
 5.6475366e-02  9.7490499e-01  1.1506987e-04
 5.7913569e-02  2.1485379e-01  9.7688960e-05
 5.7947087e-02  2.0740866e-01  9.6760977e-05
 5.7825918e-02  2.3560998e-01  1.1006497e-04
 5.7884910e-02  2.2143094e-01  1.1088879e-04
 5.7913574e-02  2.1485256e-01  9.7694114e-05
 5.7947088e-02  2.0740848e-01  9.6876497e-05
 5.8682047e-02  9.5707510e-02  6.6350572e-05
 5.8703631e-02  9.3558058e-02  6.7949201e-05
 5.6511308e-02  9.3877541e-01  1.0636954e-04
 5.6525801e-02  9.2458826e-01  1.0860000e-04
 5.5433261e-02  2.9089464e+00  1.1145437e-04
 5.5433337e-02  2.9087173e+00  1.1136291e-04
 5.4739187e-02  6.0038818e+00  9.3961393e-05
 5.4747211e-02  5.9539566e+00  9.3519964e-05
 5.8791921e-02  8.5256539e-02  6.9290830e-05
 5.8823167e-02  8.2498572e-02  7.0571731e-05
 5.4495027e-02  7.7372404e+00  8.4319837e-05
 5.4503129e-02  7.6725045e+00  8.5385866e-05
 5.3551343e-02  2.0375382e+01  4.0830998e-05
 5.3551385e-02  2.0374518e+01  4.0819914e-05
 5.4105491e-02  1.1571808e+01  9.0186501e-05
 5.4113834e-02  1.1472855e+01  9.0816235e-05
 5.5091702e-02  4.1575002e+00  7.0127439e-05
 5.5112479e-02  4.0682620e+00  7.2881395e-05
 5.6439650e-02  1.0121811e+00  1.0831794e-04
 5.6475366e-02  9.7490460e-01  1.1509446e-04
 5.7531900e-02  3.2101695e-01  7.0207911e-05
 5.7565876e-02  3.0974621e-01  7.1729048e-05
 5.8070688e-02  1.8211501e-01  1.0260695e-04
 5.8122481e-02  1.7245583e-01  1.0306303e-04
 5.5981683e-02  1.6371616e+00  8.0983966e-05
 5.6001505e-02  1.6034605e+00  7.9401282e-05
 5.4739190e-02  6.0038588e+00  9.3988730e-05
 5.4747208e-02  5.9539769e+00  9.3588588e-05
 5.3882047e-02  1.4554170e+01  4.9511794e-05
 5.3882071e-02  1.4553811e+01  4.9489899e-05
 5.3471775e-02  2.2079113e+01  4.8288680e-05
 5.3474668e-02  2.2014843e+01  4.8204630e-05
 5.2807427e-02  4.2562725e+01  4.7448881e-05
 5.2807430e-02  4.2562633e+01  4.7446093e-05
 5.3224091e-02  2.8292912e+01  4.6361335e-05
 5.3227047e-02  2.8209879e+01  4.6585628e-05
 5.4105489e-02  1.1571829e+01  9.0213800e-05
 5.4113835e-02  1.1472846e+01  9.0838958e-05
 5.5382147e-02  3.0687994e+00  1.2133967e-04
 5.5397498e-02  3.0198964e+00  1.2245778e-04
 5.7561925e-02  3.1103627e-01  7.5952105e-05
 5.7584335e-02  3.0378946e-01  7.6731567e-05
 5.6971227e-02  5.7891639e-01  9.0340879e-05
 5.6994403e-02  5.6498024e-01  9.0784036e-05
 5.5886262e-02  1.8095400e+00  9.2210722e-05
 5.5901098e-02  1.7815983e+00  9.1536930e-05
 5.8791915e-02  8.5257122e-02  6.9357510e-05
 5.8823168e-02  8.2498499e-02  7.0616688e-05
 5.4495030e-02  7.7372154e+00  8.4369865e-05
 5.4503125e-02  7.6725339e+00  8.5460975e-05
 5.3471778e-02  2.2079055e+01  4.8286823e-05
 5.3474665e-02  2.2014911e+01  4.8214461e-05
 5.2892592e-02  3.9196575e+01  5.3665360e-05
 5.2892594e-02  3.9196491e+01  5.3659177e-05
 5.2807660e-02  4.2553197e+01  4.7456086e-05
 5.2807660e-02  4.2553181e+01  4.7461740e-05
 5.2892592e-02  3.9196557e+01  5.3657983e-05
 5.2892595e-02  3.9196450e+01  5.3667000e-05
 5.3471513e-02  2.2084943e+01  4.8292408e-05
 5.3474426e-02  2.2020226e+01  4.8217346e-05
 5.4494439e-02  7.7419603e+00  8.4297977e-05
 5.4502633e-02  7.6764523e+00  8.5387698e-05
 5.8793751e-02  8.5092489e-02  6.9428429e-05
 5.8824542e-02  8.2379334e-02  7.0665416e-05
 5.5885305e-02  1.8113578e+00  9.2251923e-05
 5.5900344e-02  1.7830076e+00  9.1565545e-05
 5.6972795e-02  5.7796330e-01  9.0353057e-05
 5.6995518e-02  5.6431824e-01  9.0834684e-05
 5.7560625e-02  3.1146172e-01  7.5931654e-05
 5.7583316e-02  3.0411533e-01  7.6696874e-05
 5.5383355e-02  3.0649251e+00  1.2142803e-04
 5.5398369e-02  3.0171453e+00  1.2252151e-04
 5.4106317e-02  1.1561968e+01  9.0266762e-05
 5.4114486e-02  1.1465161e+01  9.0877953e-05
 5.3224588e-02  2.8278955e+01  4.6389639e-05
 5.3227490e-02  2.8197435e+01  4.6613898e-05
 5.2892591e-02  3.9196581e+01  5.3660922e-05
 5.2892593e-02  3.9196523e+01  5.3660632e-05
 5.2807426e-02  4.2562781e+01  4.7455303e-05
 5.2807431e-02  4.2562577e+01  4.7455220e-05
 5.3224093e-02  2.8292865e+01  4.6381169e-05
 5.3227046e-02  2.8209898e+01  4.6586632e-05
 5.4105492e-02  1.1571796e+01  9.0266061e-05
 5.4113834e-02  1.1472856e+01  9.0833240e-05
 5.5382151e-02  3.0687891e+00  1.2143163e-04
 5.5397497e-02  3.0198980e+00  1.2241226e-04
 5.7561921e-02  3.1103740e-01  7.5857495e-05
 5.7584335e-02  3.0378947e-01  7.6806229e-05
 5.6971230e-02  5.7891463e-01  9.0440882e-05
 5.6994403e-02  5.6498002e-01  9.0711419e-05
 5.5886259e-02  1.8095468e+00  9.2133557e-05
 5.5901098e-02  1.7815975e+00  9.1582033e-05
 5.8791917e-02  8.5256943e-02  6.9446855e-05
 5.8823170e-02  8.2498362e-02  7.0544019e-05
 5.4495027e-02  7.7372428e+00  8.4320551e-05
 5.4503126e-02  7.6725278e+00  8.5472739e-05
 5.3471775e-02  2.2079116e+01  4.8264814e-05
 5.3474666e-02  2.2014892e+01  4.8216977e-05
 5.3471514e-02  2.2084917e+01  4.8284811e-05
 5.3474420e-02  2.2020347e+01  4.8206253e-05
 5.3224091e-02  2.8292917e+01  4.6380247e-05
 5.3227046e-02  2.8209902e+01  4.6577990e-05
 5.3471513e-02  2.2084948e+01  4.8300140e-05
 5.3474424e-02  2.2020275e+01  4.8216591e-05
 5.4189005e-02  1.0617868e+01  8.8380602e-05
 5.4197763e-02  1.0522404e+01  8.8294247e-05
 5.5319298e-02  3.2773695e+00  1.1747846e-04
 5.5338364e-02  3.2126515e+00  1.2034421e-04
 5.8509941e-02  1.1471109e-01  5.6915267e-05
 5.8555031e-02  1.0939507e-01  5.6225844e-05
 5.6786176e-02  7.0324393e-01  1.1162801e-04
 5.6817752e-02  6.8028431e-01  1.0811121e-04
 5.6786172e-02  7.0324682e-01  1.1148912e-04
 5.6817750e-02  6.8028580e-01  1.0817969e-04
 5.8509944e-02  1.1471069e-01  5.7016981e-05
 5.8555034e-02  1.0939470e-01  5.6168321e-05
 5.5319294e-02  3.2773821e+00  1.1737265e-04
 5.5338362e-02  3.2126559e+00  1.2036528e-04
 5.4189003e-02  1.0617891e+01  8.8319275e-05
 5.4197761e-02  1.0522420e+01  8.8280442e-05
 5.4494441e-02  7.7419407e+00  8.4240862e-05
 5.4502625e-02  7.6765107e+00  8.5321584e-05
 5.8793749e-02  8.5092669e-02  6.9384643e-05
 5.8824546e-02  8.2378984e-02  7.0586871e-05
 5.4105489e-02  1.1571822e+01  9.0215449e-05
 5.4113833e-02  1.1472869e+01  9.0761726e-05
 5.4189001e-02  1.0617907e+01  8.8358582e-05
 5.4197765e-02  1.0522384e+01  8.8245276e-05
 5.4738656e-02  6.0071997e+00  9.4020488e-05
 5.4746741e-02  5.9568706e+00  9.3574742e-05
 5.5705915e-02  2.1862400e+00  9.6469929e-05
 5.5722874e-02  2.1477199e+00  9.6492459e-05
 5.7025180e-02  5.4698947e-01  9.3133782e-05
 5.7058066e-02  5.2839771e-01  9.3127235e-05
 5.8028908e-02  1.9029969e-01  1.0328769e-04
 5.8085277e-02  1.7934078e-01  1.0333826e-04
 5.9127826e-02  5.9868172e-02  7.6899744e-05
 5.9175744e-02  5.6923784e-02  7.6502002e-05
 5.8623222e-02  1.0181972e-01  5.5522909e-05
 5.8675100e-02  9.6409806e-02  5.7965881e-05
 5.6521173e-02  9.2909511e-01  1.2590822e-04
 5.6557531e-02  8.9427019e-01  1.3024101e-04
 5.8625114e-02  1.0161713e-01  5.5585960e-05
 5.8676641e-02  9.6253546e-02  5.8057122e-05
 5.5318999e-02  3.2783920e+00  1.1732537e-04
 5.5338069e-02  3.2136425e+00  1.2028524e-04
 5.8511849e-02  1.1448101e-01  5.6924614e-05
 5.8556528e-02  1.0922282e-01  5.6190824e-05
 5.5885309e-02  1.8113506e+00  9.2173747e-05
 5.5900336e-02  1.7830229e+00  9.1482075e-05
 5.6972793e-02  5.7796396e-01  9.0298345e-05
 5.6995523e-02  5.6431521e-01  9.0744365e-05
 5.5382149e-02  3.0687958e+00  1.2134289e-04
 5.5397495e-02  3.0199041e+00  1.2228346e-04
 5.7561925e-02  3.1103616e-01  7.5798015e-05
 5.7584340e-02  3.0378779e-01  7.6749928e-05
 5.5319293e-02  3.2773863e+00  1.1742313e-04
 5.5338365e-02  3.2126468e+00  1.2023176e-04
 5.8509947e-02  1.1471033e-01  5.6883467e-05
 5.8555037e-02  1.0939438e-01  5.6207100e-05
 5.5705910e-02  2.1862515e+00  9.6459178e-05
 5.5722876e-02  2.1477138e+00  9.6427647e-05
 5.6510526e-02  9.3954709e-01  1.0631836e-04
 5.6525165e-02  9.2520603e-01  1.0844117e-04
 5.8682840e-02  9.5627633e-02  6.6315672e-05
 5.8704329e-02  9.3489346e-02  6.8089645e-05
 5.7672041e-02  2.7701378e-01  9.4968039e-05
 5.7698526e-02  2.6940187e-01  9.7482640e-05
 5.7673712e-02  2.7652744e-01  9.5028363e-05
 5.7699926e-02  2.6900551e-01  9.7612430e-05
 5.9125983e-02  5.9984396e-02  7.6983451e-05
 5.9174199e-02  5.7016404e-02  7.6572494e-05
 5.8028597e-02  1.9036191e-01  1.0329955e-04
 5.8084970e-02  1.7939881e-01  1.0332475e-04
 5.7026829e-02  5.4604163e-01  9.3081890e-05
 5.7059407e-02  5.2765341e-01  9.3122014e-05
 5.6785552e-02  7.0370506e-01  1.1155423e-04
 5.6817156e-02  6.8071068e-01  1.0816898e-04
 5.6787810e-02  7.0203689e-01  1.1134620e-04
 5.6819005e-02  6.7938914e-01  1.0794446e-04
 5.7560630e-02  3.1146022e-01  7.5862640e-05
 5.7583308e-02  3.0411785e-01  7.6622073e-05
 5.5383354e-02  3.0649258e+00  1.2135571e-04
 5.5398374e-02  3.0171291e+00  1.2241588e-04
 5.6971229e-02  5.7891560e-01  9.0375215e-05
 5.6994400e-02  5.6498166e-01  9.0604470e-05
 5.5886262e-02  1.8095406e+00  9.2071988e-05
 5.5901103e-02  1.7815873e+00  9.1521931e-05
 5.6786170e-02  7.0324785e-01  1.1156348e-04
 5.6817752e-02  6.8028431e-01  1.0797981e-04
 5.6786176e-02  7.0324334e-01  1.1144564e-04
 5.6817756e-02  6.8028134e-01  1.0815291e-04
 5.7025173e-02  5.4699345e-01  9.3113066e-05
 5.7058068e-02  5.2839676e-01  9.3027287e-05
 5.8028911e-02  1.9029910e-01  1.0327287e-04
 5.8085285e-02  1.7933929e-01  1.0333705e-04
 5.9127830e-02  5.9867957e-02  7.6907858e-05
 5.9175751e-02  5.6923327e-02  7.6593015e-05
 5.7672035e-02  2.7701566e-01  9.4977867e-05
 5.7698529e-02  2.6940103e-01  9.7412178e-05
 5.7673713e-02  2.7652705e-01  9.5018589e-05
 5.7699929e-02  2.6900469e-01  9.7676867e-05
 5.8681082e-02  9.5804725e-02  6.6316034e-05
 5.8702902e-02  9.3629852e-02  6.7881678e-05
 5.6512028e-02  9.3806575e-01  1.0638490e-04
 5.6526446e-02  9.2396173e-01  1.0870759e-04
 5.5707290e-02  2.1830921e+00  9.6391068e-05
 5.5724044e-02  2.1450863e+00  9.6488604e-05
 5.8509013e-02  1.1482319e-01  5.6995880e-05
 5.8554158e-02  1.0949556e-01  5.6202311e-05
 5.5320600e-02  3.2729078e+00  1.1755254e-04
 5.5339396e-02  3.2091854e+00  1.2041057e-04
 5.4106317e-02  1.1561964e+01  9.0228680e-05
 5.4114490e-02  1.1465113e+01  9.0823414e-05
 5.8791916e-02  8.5257031e-02  6.9396487e-05
 5.8823166e-02  8.2498683e-02  7.0455320e-05
 5.4495029e-02  7.7372227e+00  8.4283324e-05
 5.4503131e-02  7.6724889e+00  8.5433149e-05
 5.8509939e-02  1.1471128e-01  5.6999475e-05
 5.8555032e-02  1.0939496e-01  5.6100030e-05
 5.5319297e-02  3.2773726e+00  1.1735515e-04
 5.5338369e-02  3.2126348e+00  1.2035488e-04
 5.8623214e-02  1.0182052e-01  5.5524969e-05
 5.8675099e-02  9.6409899e-02  5.7893207e-05
 5.6521174e-02  9.2909431e-01  1.2591887e-04
 5.6557539e-02  8.9426275e-01  1.3025942e-04
 5.8625119e-02  1.0161659e-01  5.5583427e-05
 5.8676646e-02  9.6253054e-02  5.8124637e-05
 5.9125974e-02  5.9984972e-02  7.6975284e-05
 5.9174200e-02  5.7016322e-02  7.6473871e-05
 5.8028595e-02  1.9036233e-01  1.0332954e-04
 5.8084978e-02  1.7939716e-01  1.0335269e-04
 5.7026832e-02  5.4603991e-01  9.3101691e-05
 5.7059408e-02  5.2765256e-01  9.3211639e-05
 5.5707292e-02  2.1830886e+00  9.6402032e-05
 5.5724044e-02  2.1450875e+00  9.6545662e-05
 5.4739786e-02  6.0001403e+00  9.3911528e-05
 5.4747763e-02  5.9505373e+00  9.3549067e-05
 5.4189974e-02  1.0607255e+01  8.8311595e-05
 5.4198606e-02  1.0513254e+01  8.8251347e-05
 5.3224588e-02  2.8278943e+01  4.6388854e-05
 5.3227493e-02  2.8197373e+01  4.6607069e-05
 5.3471776e-02  2.2079084e+01  4.8262425e-05
 5.3474670e-02  2.2014809e+01  4.8212742e-05
 5.4189003e-02  1.0617885e+01  8.8329963e-05
 5.4197768e-02  1.0522352e+01  8.8293578e-05
 5.5318998e-02  3.2783969e+00  1.1736663e-04
 5.5338077e-02  3.2136151e+00  1.2033099e-04
 5.8511853e-02  1.1448046e-01  5.6936862e-05
 5.8556528e-02  1.0922279e-01  5.6251172e-05
 5.6785548e-02  7.0370777e-01  1.1161694e-04
 5.6817165e-02  6.8070435e-01  1.0822298e-04
 5.6787813e-02  7.0203471e-01  1.1140260e-04
 5.6819003e-02  6.7939037e-01  1.0805968e-04
 5.8509007e-02  1.1482384e-01  5.7035354e-05
 5.8554167e-02  1.0949461e-01  5.6234513e-05
 5.5320602e-02  3.2729022e+00  1.1760020e-04
 5.5339393e-02  3.2091945e+00  1.2050739e-04
 5.4189975e-02  1.0607245e+01  8.8330032e-05
 5.4198604e-02  1.0513279e+01  8.8291419e-05
 5.3472207e-02  2.2069498e+01  4.8259302e-05
 5.3475085e-02  2.2005597e+01  4.8208407e-05
 5.3552182e-02  2.0358101e+01  4.0789269e-05
 5.3552184e-02  2.0358070e+01  4.0805747e-05
 5.3472210e-02  2.2069439e+01  4.8286143e-05
 5.3475085e-02  2.2005596e+01  4.8201190e-05
 5.3882048e-02  1.4554154e+01  4.9496510e-05
 5.3882076e-02  1.4553745e+01  4.9507978e-05
 5.4738657e-02  6.0071925e+00  9.4015081e-05
 5.4746747e-02  5.9568323e+00  9.3614335e-05
 5.5980535e-02  1.6391344e+00  8.1071550e-05
 5.6000514e-02  1.6051291e+00  7.9479604e-05
 5.8073817e-02  1.8151639e-01  1.0265945e-04
 5.8125053e-02  1.7198961e-01  1.0308205e-04
 5.7530117e-02  3.2161951e-01  7.0169519e-05
 5.7564338e-02  3.1024759e-01  7.1652954e-05
 5.6442188e-02  1.0094852e+00  1.0875276e-04
 5.6477433e-02  9.7278917e-01  1.1545135e-04
 5.5093601e-02  4.1492664e+00  7.0320093e-05
 5.5114075e-02  4.0614879e+00  7.3090501e-05
 5.4106802e-02  1.1556195e+01  9.0270820e-05
 5.4115016e-02  1.1458906e+01  9.0882922e-05
 5.3472206e-02  2.2069536e+01  4.8276885e-05
 5.3475085e-02  2.2005599e+01  4.8199835e-05
 5.3224589e-02  2.8278926e+01  4.6409035e-05
 5.3227491e-02  2.8197418e+01  4.6606740e-05
 5.3471779e-02  2.2079022e+01  4.8295508e-05
 5.3474667e-02  2.2014870e+01  4.8214819e-05
 5.4189006e-02  1.0617858e+01  8.8381945e-05
 5.4197766e-02  1.0522368e+01  8.8295715e-05
 5.5319000e-02  3.2783884e+00  1.1744257e-04
 5.5338076e-02  3.2136169e+00  1.2030892e-04
 5.8511851e-02  1.1448075e-01  5.6896330e-05
 5.8556528e-02  1.0922289e-01  5.6276935e-05
 5.6785551e-02  7.0370613e-01  1.1170885e-04
 5.6817165e-02  6.8070400e-01  1.0817737e-04
 5.6787810e-02  7.0203647e-01  1.1135529e-04
 5.6819002e-02  6.7939101e-01  1.0808224e-04
 5.8509009e-02  1.1482366e-01  5.7096931e-05
 5.8554168e-02  1.0949441e-01  5.6203041e-05
 5.5320599e-02  3.2729106e+00  1.1756987e-04
 5.5339392e-02  3.2091963e+00  1.2050598e-04
 5.4189973e-02  1.0607272e+01  8.8320540e-05
 5.4198604e-02  1.0513280e+01  8.8279084e-05
 5.3882048e-02  1.4554161e+01  4.9491611e-05
 5.3882067e-02  1.4553871e+01  4.9490875e-05
 5.3471775e-02  2.2079112e+01  4.8300547e-05
 5.3474667e-02  2.2014883e+01  4.8211096e-05
 5.3551341e-02  2.0375427e+01  4.0845282e-05
 5.3551387e-02  2.0374472e+01  4.0843139e-05
 5.4105492e-02  1.1571787e+01  9.0247361e-05
 5.4113834e-02  1.1472853e+01  9.0840953e-05
 5.5091705e-02  4.1574878e+00  7.0186116e-05
 5.5112480e-02  4.0682588e+00  7.2881387e-05
 5.6439653e-02  1.0121778e+00  1.0842555e-04
 5.6475368e-02  9.7490255e-01  1.1505620e-04
 5.7531896e-02  3.2101842e-01  7.0112667e-05
 5.7565874e-02  3.0974683e-01  7.1789395e-05
 5.8070691e-02  1.8211457e-01  1.0273531e-04
 5.8122484e-02  1.7245514e-01  1.0298182e-04
 5.5981678e-02  1.6371692e+00  8.0913894e-05
 5.6001503e-02  1.6034627e+00  7.9425833e-05
 5.4739186e-02  6.0038849e+00  9.3932066e-05
 5.4747207e-02  5.9539808e+00  9.3584166e-05
 5.4738657e-02  6.0071928e+00  9.3969470e-05
 5.4746735e-02  5.9569062e+00  9.3549142e-05
 5.4189002e-02  1.0617896e+01  8.8347525e-05
 5.4197761e-02  1.0522421e+01  8.8236420e-05
 5.4105488e-02  1.1571835e+01  9.0227571e-05
 5.4113834e-02  1.1472855e+01  9.0790200e-05
 5.4494439e-02  7.7419565e+00  8.4279659e-05
 5.4502630e-02  7.6764749e+00  8.5365120e-05
 5.8793753e-02  8.5092363e-02  6.9494058e-05
 5.8824540e-02  8.2379478e-02  7.0604485e-05
 5.5319001e-02  3.2783874e+00  1.1742343e-04
 5.5338072e-02  3.2136310e+00  1.2031521e-04
 5.8511849e-02  1.1448092e-01  5.7015459e-05
 5.8556523e-02  1.0922341e-01  5.6220007e-05
 5.6521176e-02  9.2909245e-01  1.2603984e-04
 5.6557535e-02  8.9426651e-01  1.3022516e-04
 5.8623218e-02  1.0182012e-01  5.5415126e-05
 5.8675095e-02  9.6410283e-02  5.8016208e-05
 5.8625113e-02  1.0161727e-01  5.5663754e-05
 5.8676637e-02  9.6254008e-02  5.8057864e-05
 5.8028910e-02  1.9029920e-01  1.0343121e-04
 5.8085283e-02  1.7933973e-01  1.0327611e-04
 5.7025176e-02  5.4699170e-01  9.3012318e-05
 5.7058062e-02  5.2839985e-01  9.3170209e-05
 5.9127823e-02  5.9868359e-02  7.6946721e-05
 5.9175740e-02  5.6924011e-02  7.6429305e-05
 5.5705913e-02  2.1862459e+00  9.6375239e-05
 5.5722870e-02  2.1477287e+00  9.6500328e-05
 5.5980536e-02  1.6391326e+00  8.1021046e-05
 5.6000499e-02  1.6051528e+00  7.9410334e-05
 5.8073814e-02  1.8151699e-01  1.0260654e-04
 5.8125055e-02  1.7198932e-01  1.0296718e-04
 5.5318998e-02  3.2783979e+00  1.1737825e-04
 5.5338069e-02  3.2136434e+00  1.2019651e-04
 5.8511852e-02  1.1448057e-01  5.6878900e-05
 5.8556532e-02  1.0922234e-01  5.6234730e-05
 5.5091700e-02  4.1575106e+00  7.0155386e-05
 5.5112478e-02  4.0682689e+00  7.2815900e-05
 5.5318996e-02  3.2784044e+00  1.1740721e-04
 5.5338073e-02  3.2136278e+00  1.2024208e-04
 5.8511856e-02  1.1448012e-01  5.7010258e-05
 5.8556526e-02  1.0922304e-01  5.6239588e-05
 5.5980535e-02  1.6391350e+00  8.1073066e-05
 5.6000506e-02  1.6051416e+00  7.9442564e-05
 5.8073818e-02  1.8151632e-01  1.0274504e-04
 5.8125047e-02  1.7199075e-01  1.0294185e-04
 5.7024589e-02  5.4732958e-01  9.3164720e-05
 5.7057515e-02  5.2870416e-01  9.3147323e-05
 5.9128287e-02  5.9839125e-02  7.6854148e-05
 5.9176268e-02  5.6892368e-02  7.6541584e-05
 5.8032116e-02  1.8965850e-01  1.0342072e-04
 5.8087959e-02  1.7883549e-01  1.0318545e-04
 5.8388322e-02  1.3037310e-01  7.3012901e-05
 5.8442641e-02  1.2312981e-01  6.7300976e-05
 5.8388320e-02  1.3037340e-01  7.2900565e-05
 5.8442635e-02  1.2313066e-01  6.7318551e-05
 5.8391493e-02  1.2993891e-01  7.2632671e-05
 5.8445386e-02  1.2277461e-01  6.7069778e-05
 5.8391492e-02  1.2993900e-01  7.2722797e-05
 5.8445380e-02  1.2277541e-01  6.7021496e-05
 5.7024587e-02  5.4733036e-01  9.3059271e-05
 5.7057509e-02  5.2870746e-01  9.3141801e-05
 5.8032114e-02  1.8965884e-01  1.0330332e-04
 5.8087966e-02  1.7883406e-01  1.0323855e-04
 5.9128284e-02  5.9839310e-02  7.6926947e-05
 5.9176264e-02  5.6892615e-02  7.6431477e-05
 5.7530120e-02  3.2161874e-01  7.0120841e-05
 5.7564324e-02  3.1025229e-01  7.1580561e-05
 5.6442188e-02  1.0094860e+00  1.0871220e-04
 5.6477436e-02  9.7278622e-01  1.1535419e-04
 5.6785549e-02  7.0370743e-01  1.1163463e-04
 5.6817156e-02  6.8071084e-01  1.0805724e-04
 5.6787813e-02  7.0203442e-01  1.1131167e-04
 5.6819008e-02  6.7938695e-01  1.0800312e-04
 5.6439648e-02  1.0121835e+00  1.0836709e-04
 5.6475363e-02  9.7490718e-01  1.1492498e-04
 5.7531902e-02  3.2101641e-01  7.0085706e-05
 5.7565882e-02  3.0974423e-01  7.1752322e-05
 5.6521169e-02  9.2909927e-01  1.2600123e-04
 5.6557534e-02  8.9426701e-01  1.3009558e-04
 5.8623223e-02  1.0181955e-01  5.5402788e-05
 5.8675107e-02  9.6409110e-02  5.8007524e-05
 5.8625123e-02  1.0161618e-01  5.5663221e-05
 5.8676644e-02  9.6253287e-02  5.8086757e-05
 5.7024583e-02  5.4733302e-01  9.3162677e-05
 5.7057517e-02  5.2870316e-01  9.3083648e-05
 5.9128289e-02  5.9839040e-02  7.6852568e-05
 5.9176275e-02  5.6891971e-02  7.6590939e-05
 5.8032121e-02  1.8965746e-01  1.0343595e-04
 5.8087962e-02  1.7883486e-01  1.0320584e-04
 5.7911955e-02  2.1521895e-01  9.7790306e-05
 5.7945708e-02  2.0770993e-01  9.6862237e-05
 5.7914839e-02  2.1456688e-01  9.7542023e-05
 5.7948317e-02  2.0714035e-01  9.6858508e-05
 5.7829634e-02  2.3469056e-01  1.1023653e-04
 5.7888083e-02  2.2069305e-01  1.1074721e-04
 5.9125153e-02  6.0036829e-02  7.6998376e-05
 5.9173472e-02  5.7060024e-02  7.6568837e-05
 5.7027320e-02  5.4576009e-01  9.3033713e-05
 5.7059945e-02  5.2735486e-01  9.3146622e-05
 5.8032344e-02  1.8961288e-01  1.0339307e-04
 5.8088264e-02  1.7877802e-01  1.0314158e-04
 5.8622029e-02  1.0194757e-01  5.5449119e-05
 5.8673991e-02  9.6522344e-02  5.7923279e-05
 5.6523832e-02  9.2650317e-01  1.2621447e-04
 5.6559785e-02  8.9215429e-01  1.3036868e-04
 5.8625782e-02  1.0154571e-01  5.5637389e-05
 5.8677426e-02  9.6174061e-02  5.8055909e-05
 5.5093602e-02  4.1492628e+00  7.0300679e-05
 5.5114078e-02  4.0614750e+00  7.3045194e-05
 5.8509008e-02  1.1482375e-01  5.7065435e-05
 5.8554158e-02  1.0949558e-01  5.6140882e-05
 5.5320603e-02  3.2728977e+00  1.1754085e-04
 5.5339398e-02  3.2091783e+00  1.2044178e-04
 5.8070686e-02  1.8211543e-01  1.0266649e-04
 5.8122478e-02  1.7245636e-01  1.0283794e-04
 5.5981684e-02  1.6371597e+00  8.0893237e-05
 5.6001512e-02  1.6034488e+00  7.9395606e-05
 5.8028903e-02  1.9030067e-01  1.0338517e-04
 5.8085280e-02  1.7934032e-01  1.0313413e-04
 5.7025180e-02  5.4698942e-01  9.3010093e-05
 5.7058075e-02  5.2839304e-01  9.3172559e-05
 5.9127835e-02  5.9867639e-02  7.6979202e-05
 5.9175749e-02  5.6923464e-02  7.6476386e-05
 5.8388314e-02  1.3037432e-01  7.3007982e-05
 5.8442642e-02  1.2312972e-01  6.7228650e-05
 5.8388321e-02  1.3037332e-01  7.2910807e-05
 5.8442650e-02  1.2312868e-01  6.7333891e-05
 5.8391497e-02  1.2993835e-01  7.2637823e-05
 5.8445393e-02  1.2277375e-01  6.7128519e-05
 5.8391500e-02  1.2993785e-01  7.2740573e-05
 5.8445386e-02  1.2277472e-01  6.7032928e-05
 5.9125146e-02  6.0037298e-02  7.7001650e-05
 5.9173475e-02  5.7059850e-02  7.6510517e-05
 5.7027321e-02  5.4575926e-01  9.3036830e-05
 5.7059947e-02  5.2735359e-01  9.3197553e-05
 5.8032348e-02  1.8961206e-01  1.0340562e-04
 5.8088266e-02  1.7877766e-01  1.0314483e-04
 5.5982882e-02  1.6351020e+00  8.0841294e-05
 5.6002665e-02  1.6015095e+00  7.9337317e-05
 5.8074225e-02  1.8143861e-01  1.0270158e-04
 5.8125599e-02  1.7189091e-01  1.0284588e-04
 5.5321102e-02  3.2711891e+00  1.1760413e-04
 5.5339946e-02  3.2073389e+00  1.2049994e-04
 5.8512612e-02  1.1438909e-01  5.6974289e-05
 5.8557456e-02  1.0911621e-01  5.6158061e-05
 5.4106804e-02  1.1556179e+01  9.0259968e-05
 5.4115018e-02  1.1458884e+01  9.0850924e-05
 5.4189977e-02  1.0607226e+01  8.8312365e-05
 5.4198607e-02  1.0513241e+01  8.8252192e-05
 5.4739191e-02  6.0038563e+00  9.3932330e-05
 5.4747215e-02  5.9539341e+00  9.3574812e-05
 5.5705915e-02  2.1862419e+00  9.6394460e-05
 5.5722883e-02  2.1476997e+00  9.6526860e-05
 5.7024586e-02  5.4733081e-01  9.3092399e-05
 5.7057524e-02  5.2869886e-01  9.3186279e-05
 5.8032119e-02  1.8965783e-01  1.0334216e-04
 5.8087969e-02  1.7883349e-01  1.0335621e-04
 5.9128294e-02  5.9838674e-02  7.6956241e-05
 5.9176269e-02  5.6892353e-02  7.6436799e-05
 5.8622026e-02  1.0194792e-01  5.5477215e-05
 5.8674007e-02  9.6520723e-02  5.7960926e-05
 5.6523834e-02  9.2650098e-01  1.2624437e-04
 5.6559785e-02  8.9215388e-01  1.3046997e-04
 5.8625789e-02  1.0154500e-01  5.5657730e-05
 5.8677427e-02  9.6173940e-02  5.8050022e-05
 5.5321103e-02  3.2711872e+00  1.1761553e-04
 5.5339945e-02  3.2073416e+00  1.2055338e-04
 5.8512615e-02  1.1438871e-01  5.6986784e-05
 5.8557455e-02  1.0911633e-01  5.6151228e-05
 5.4496082e-02  7.7287797e+00  8.4406454e-05
 5.4504166e-02  7.6642567e+00  8.5553519e-05
 5.8794696e-02  8.5007915e-02  6.9518238e-05
 5.8825704e-02  8.2278575e-02  7.0552814e-05
 5.4722008e-02  6.1121505e+00  9.6802189e-05
 5.4722012e-02  6.1121273e+00  9.6853294e-05
 5.8003800e-02  1.9539408e-01  8.8141350e-05
 5.8003807e-02  1.9539262e-01  8.8308449e-05
 5.4496086e-02  7.7287478e+00  8.4444724e-05
 5.4504164e-02  7.6642706e+00  8.5508385e-05
 5.8794694e-02  8.5008126e-02  6.9411559e-05
 5.8825714e-02  8.2277713e-02  7.0667481e-05
 5.4739792e-02  6.0001021e+00  9.3943590e-05
 5.4747763e-02  5.9505374e+00  9.3498072e-05
 5.5433263e-02  2.9089424e+00  1.1139282e-04
 5.5433345e-02  2.9086912e+00  1.1143203e-04
 5.6510528e-02  9.3954555e-01  1.0626810e-04
 5.6525176e-02  9.2519572e-01  1.0851600e-04
 5.8682850e-02  9.5626613e-02  6.6409502e-05
 5.8704328e-02  9.3489416e-02  6.8011935e-05
 5.7911955e-02  2.1521879e-01  9.7749355e-05
 5.7945719e-02  2.0770734e-01  9.6925596e-05
 5.7829635e-02  2.3469036e-01  1.1014445e-04
 5.7888093e-02  2.2069066e-01  1.1091016e-04
 5.7914846e-02  2.1456520e-01  9.7659799e-05
 5.7948314e-02  2.0714101e-01  9.6720513e-05
 5.6442554e-02  1.0090971e+00  1.0877007e-04
 5.6477876e-02  9.7233746e-01  1.1547665e-04
 5.7533450e-02  3.2049388e-01  7.0253457e-05
 5.7567410e-02  3.0924650e-01  7.1734437e-05
 5.5384298e-02  3.0619022e+00  1.2141046e-04
 5.5399435e-02  3.0137800e+00  1.2249947e-04
 5.7563677e-02  3.1046341e-01  7.6008467e-05
 5.7586116e-02  3.0322063e-01  7.6753653e-05
 5.4496081e-02  7.7287879e+00  8.4436933e-05
 5.4504164e-02  7.6642676e+00  8.5518435e-05
 5.8794692e-02  8.5008259e-02  6.9434082e-05
 5.8825711e-02  8.2278033e-02  7.0633360e-05
 5.4106805e-02  1.1556169e+01  9.0301021e-05
 5.4115015e-02  1.1458915e+01  9.0829756e-05
 5.4189979e-02  1.0607205e+01  8.8361230e-05
 5.4198605e-02  1.0513272e+01  8.8245806e-05
 5.4739194e-02  6.0038381e+00  9.3997765e-05
 5.4747212e-02  5.9539519e+00  9.3553254e-05
 5.5705917e-02  2.1862371e+00  9.6472771e-05
 5.5722882e-02  2.1477022e+00  9.6495842e-05
 5.7024588e-02  5.4732976e-01  9.3170139e-05
 5.7057524e-02  5.2869882e-01  9.3151236e-05
 5.8032118e-02  1.8965810e-01  1.0332195e-04
 5.8087967e-02  1.7883381e-01  1.0335755e-04
 5.9128294e-02  5.9838695e-02  7.6893279e-05
 5.9176270e-02  5.6892250e-02  7.6491440e-05
 5.8622027e-02  1.0194775e-01  5.5534986e-05
 5.8674008e-02  9.6520622e-02  5.7936861e-05
 5.6523832e-02  9.2650263e-01  1.2623561e-04
 5.6559784e-02  8.9215512e-01  1.3045418e-04
 5.8625787e-02  1.0154521e-01  5.5600032e-05
 5.8677431e-02  9.6173546e-02  5.8078786e-05
 5.5321101e-02  3.2711937e+00  1.1762527e-04
 5.5339944e-02  3.2073447e+00  1.2052430e-04
 5.8512612e-02  1.1438910e-01  5.6929501e-05
 5.8557461e-02  1.0911569e-01  5.6188006e-05
 5.4739782e-02  6.0001632e+00  9.3926021e-05
 5.4747763e-02  5.9505428e+00  9.3501030e-05
 5.4189974e-02  1.0607265e+01  8.8349272e-05
 5.4198604e-02  1.0513280e+01  8.8235424e-05
 5.4106319e-02  1.1561948e+01  9.0282383e-05
 5.4114487e-02  1.1465149e+01  9.0830702e-05
 5.4495032e-02  7.7371984e+00  8.4353600e-05
 5.4503128e-02  7.6725125e+00  8.5441506e-05
 5.8791914e-02  8.5257221e-02  6.9421063e-05
 5.8823168e-02  8.2498486e-02  7.0553582e-05
 5.5319299e-02  3.2773639e+00  1.1746416e-04
 5.5338368e-02  3.2126369e+00  1.2035704e-04
 5.8509937e-02  1.1471153e-01  5.7032386e-05
 5.8555032e-02  1.0939496e-01  5.6166876e-05
 5.6521176e-02  9.2909201e-01  1.2604262e-04
 5.6557540e-02  8.9426161e-01  1.3022893e-04
 5.8625116e-02  1.0161693e-01  5.5533216e-05
 5.8676643e-02  9.6253323e-02  5.8150211e-05
 5.8623213e-02  1.0182063e-01  5.5545782e-05
 5.8675096e-02  9.6410206e-02  5.7924389e-05
 5.8028597e-02  1.9036196e-01  1.0345384e-04
 5.8084981e-02  1.7939658e-01  1.0329317e-04
 5.7026828e-02  5.4604200e-01  9.3057563e-05
 5.7059406e-02  5.2765376e-01  9.3218899e-05
 5.9125975e-02  5.9984943e-02  7.6959376e-05
 5.9174195e-02  5.7016680e-02  7.6455979e-05
 5.5707287e-02  2.1830982e+00  9.6385630e-05
 5.5724042e-02  2.1450902e+00  9.6521652e-05
 5.5433261e-02  2.9089468e+00  1.1137874e-04
 5.5433331e-02  2.9087356e+00  1.1137624e-04
 5.4739186e-02  6.0038866e+00  9.3962953e-05
 5.4747208e-02  5.9539794e+00  9.3499380e-05
 5.4495027e-02  7.7372426e+00  8.4342030e-05
 5.4503127e-02  7.6725206e+00  8.5404625e-05
 5.8791920e-02  8.5256639e-02  6.9392568e-05
 5.8823171e-02  8.2498242e-02  7.0615525e-05
 5.4720444e-02  6.1221013e+00  9.6878928e-05
 5.4720570e-02  6.1213000e+00  9.6884091e-05
 5.8001585e-02  1.9585007e-01  8.8278523e-05
 5.8001825e-02  1.9580051e-01  8.8307783e-05
 5.5382152e-02  3.0687833e+00  1.2137998e-04
 5.5397498e-02  3.0198961e+00  1.2244386e-04
 5.7561920e-02  3.1103784e-01  7.5943065e-05
 5.7584336e-02  3.0378912e-01  7.6683025e-05
 5.6439654e-02  1.0121766e+00  1.0840235e-04
 5.6475368e-02  9.7490204e-01  1.1507371e-04
 5.7531893e-02  3.2101928e-01  7.0215266e-05
 5.7565873e-02  3.0974702e-01  7.1649304e-05
 5.7825920e-02  2.3560962e-01  1.1019547e-04
 5.7884915e-02  2.2142974e-01  1.1086082e-04
 5.7913569e-02  2.1485362e-01  9.7575352e-05
 5.7947085e-02  2.0740919e-01  9.6931130e-05
 5.7913566e-02  2.1485429e-01  9.7721328e-05
 5.7947083e-02  2.0740953e-01  9.6738405e-05
 5.6511303e-02  9.3878026e-01  1.0626331e-04
 5.6525798e-02  9.2459060e-01  1.0862726e-04
 5.8682044e-02  9.5707768e-02  6.6383842e-05
 5.8703626e-02  9.3558521e-02  6.7910923e-05
 5.6510527e-02  9.3954654e-01  1.0623556e-04
 5.6525158e-02  9.2521336e-01  1.0843316e-04
 5.8682835e-02  9.5628193e-02  6.6371287e-05
 5.8704327e-02  9.3489552e-02  6.8022605e-05
 5.5705911e-02  2.1862490e+00  9.6434677e-05
 5.5722870e-02  2.1477276e+00  9.6409649e-05
 5.5319293e-02  3.2773868e+00  1.1742623e-04
 5.5338363e-02  3.2126550e+00  1.2025345e-04
 5.8509947e-02  1.1471038e-01  5.7011064e-05
 5.8555040e-02  1.0939403e-01  5.6224390e-05
 5.5382147e-02  3.0688018e+00  1.2136984e-04
 5.5397497e-02  3.0198979e+00  1.2236008e-04
 5.7561927e-02  3.1103540e-01  7.5924555e-05
 5.7584338e-02  3.0378850e-01  7.6737320e-05
 5.5885307e-02  1.8113547e+00  9.2216747e-05
 5.5900341e-02  1.7830136e+00  9.1544228e-05
 5.6972796e-02  5.7796226e-01  9.0417207e-05
 5.6995518e-02  5.6431830e-01  9.0757526e-05
 5.6785553e-02  7.0370468e-01  1.1167467e-04
 5.6817161e-02  6.8070723e-01  1.0821486e-04
 5.6787810e-02  7.0203664e-01  1.1144957e-04
 5.6819000e-02  6.7939264e-01  1.0794483e-04
 5.8028598e-02  1.9036171e-01  1.0343593e-04
 5.8084976e-02  1.7939759e-01  1.0332058e-04
 5.9125980e-02  5.9984619e-02  7.6875238e-05
 5.9174194e-02  5.7016733e-02  7.6629304e-05
 5.7026827e-02  5.4604267e-01  9.3157372e-05
 5.7059402e-02  5.2765586e-01  9.3081020e-05
 5.7672039e-02  2.7701458e-01  9.4856439e-05
 5.7698521e-02  2.6940346e-01  9.7518505e-05
 5.7673708e-02  2.7652861e-01  9.5099809e-05
 5.7699922e-02  2.6900644e-01  9.7524073e-05
 5.7911956e-02  2.1521875e-01  9.7707239e-05
 5.7945700e-02  2.0771165e-01  9.6834749e-05
 5.7829631e-02  2.3469143e-01  1.1012195e-04
 5.7888091e-02  2.2069103e-01  1.1081319e-04
 5.7914835e-02  2.1456771e-01  9.7624334e-05
 5.7948314e-02  2.0714101e-01  9.6747088e-05
 5.7024585e-02  5.4733185e-01  9.3127179e-05
 5.7057509e-02  5.2870709e-01  9.3049715e-05
 5.8032117e-02  1.8965820e-01  1.0329131e-04
 5.8087969e-02  1.7883345e-01  1.0326051e-04
 5.9128286e-02  5.9839220e-02  7.6872499e-05
 5.9176271e-02  5.6892188e-02  7.6531715e-05
 5.6521170e-02  9.2909838e-01  1.2598574e-04
 5.6557531e-02  8.9427034e-01  1.3008257e-04
 5.8625121e-02  1.0161643e-01  5.5533096e-05
 5.8676648e-02  9.6252850e-02  5.8114030e-05
 5.8623223e-02  1.0181952e-01  5.5531838e-05
 5.8675109e-02  9.6408909e-02  5.7990885e-05
 5.6439647e-02  1.0121845e+00  1.0837649e-04
 5.6475364e-02  9.7490620e-01  1.1495998e-04
 5.7531903e-02  3.2101581e-01  7.0216836e-05
 5.7565880e-02  3.0974478e-01  7.1712869e-05
 5.6785547e-02  7.0370906e-01  1.1167396e-04
 5.6817161e-02  6.8070731e-01  1.0813804e-04
 5.6787816e-02  7.0203213e-01  1.1146565e-04
 5.6819002e-02  6.7939068e-01  1.0798214e-04
 5.7530118e-02  3.2161915e-01  7.0172294e-05
 5.7564330e-02  3.1025020e-01  7.1628023e-05
 5.6442190e-02  1.0094836e+00  1.0881450e-04
 5.6477430e-02  9.7279270e-01  1.1531940e-04
 5.8622030e-02  1.0194752e-01  5.5534487e-05
 5.8673998e-02  9.6521657e-02  5.7949860e-05
 5.8625783e-02  1.0154566e-01  5.5543486e-05
 5.8677432e-02  9.6173477e-02  5.8129839e-05
 5.6523832e-02  9.2650270e-01  1.2631462e-04
 5.6559779e-02  8.9215990e-01  1.3029676e-04
 5.9125152e-02  6.0036911e-02  7.6909324e-05
 5.9173465e-02  5.7060446e-02  7.6584946e-05
 5.8032342e-02  1.8961329e-01  1.0327373e-04
 5.8088272e-02  1.7877651e-01  1.0324574e-04
 5.7027318e-02  5.4576116e-01  9.3124427e-05
 5.7059940e-02  5.2735737e-01  9.3058794e-05
 5.6442554e-02  1.0090980e+00  1.0875786e-04
 5.6477876e-02  9.7233732e-01  1.1540352e-04
 5.7533444e-02  3.2049610e-01  7.0230584e-05
 5.7567412e-02  3.0924586e-01  7.1759206e-05
 5.8622025e-02  1.0194799e-01  5.5515332e-05
 5.8673992e-02  9.6522256e-02  5.7868838e-05
 5.6523835e-02  9.2650018e-01  1.2621615e-04
 5.6559787e-02  8.9215266e-01  1.3037048e-04
 5.8625783e-02  1.0154557e-01  5.5570927e-05
 5.8677434e-02  9.6173260e-02  5.8109782e-05
 5.8028592e-02  1.9036304e-01  1.0339415e-04
 5.8084969e-02  1.7939888e-01  1.0314727e-04
 5.7026835e-02  5.4603814e-01  9.3051991e-05
 5.7059411e-02  5.2765087e-01  9.3169894e-05
 5.9125984e-02  5.9984352e-02  7.6988237e-05
 5.9174210e-02  5.7015723e-02  7.6561766e-05
 5.7825912e-02  2.3561148e-01  1.1015429e-04
 5.7884908e-02  2.2143153e-01  1.1072123e-04
 5.7913577e-02  2.1485193e-01  9.7578841e-05
 5.7947094e-02  2.0740707e-01  9.6909197e-05
 5.7913578e-02  2.1485172e-01  9.7746545e-05
 5.7947093e-02  2.0740727e-01  9.6828271e-05
 5.8028590e-02  1.9036338e-01  1.0341737e-04
 5.8084973e-02  1.7939811e-01  1.0319442e-04
 5.9125983e-02  5.9984413e-02  7.6879081e-05
 5.9174210e-02  5.7015765e-02  7.6636609e-05
 5.7026837e-02  5.4603691e-01  9.3179567e-05
 5.7059408e-02  5.2765292e-01  9.3117559e-05
 5.8622023e-02  1.0194821e-01  5.5548147e-05
 5.8673999e-02  9.6521588e-02  5.7912788e-05
 5.8625785e-02  1.0154537e-01  5.5531152e-05
 5.8677437e-02  9.6172969e-02  5.8156909e-05
 5.6523838e-02  9.2649754e-01  1.2633294e-04
 5.6559781e-02  8.9215799e-01  1.3031251e-04
 5.7533445e-02  3.2049561e-01  7.0152753e-05
 5.7567416e-02  3.0924471e-01  7.1847997e-05
 5.6442556e-02  1.0090955e+00  1.0885049e-04
 5.6477869e-02  9.7234389e-01  1.1533373e-04
 5.6788622e-02  7.0143747e-01  1.1125615e-04
 5.6819933e-02  6.7872619e-01  1.0793787e-04
 5.6788623e-02  7.0143681e-01  1.1136878e-04
 5.6819928e-02  6.7873020e-01  1.0783461e-04
 5.5384299e-02  3.0618984e+00  1.2140582e-04
 5.5399435e-02  3.0137790e+00  1.2244843e-04
 5.7563674e-02  3.1046450e-01  7.5985753e-05
 5.7586120e-02  3.0321960e-01  7.6779234e-05
 5.5321105e-02  3.2711780e+00  1.1761891e-04
 5.5339946e-02  3.2073385e+00  1.2047203e-04
 5.8512612e-02  1.1438906e-01  5.6904177e-05
 5.8557465e-02  1.0911521e-01  5.6216823e-05
 5.5707296e-02  2.1830785e+00  9.6393205e-05
 5.5724046e-02  2.1450812e+00  9.6491313e-05
 5.6511311e-02  9.3877276e-01  1.0629007e-04
 5.6525808e-02  9.2458087e-01  1.0862783e-04
 5.8682055e-02  9.5706647e-02  6.6384948e-05
 5.8703638e-02  9.3557380e-02  6.7957015e-05
 5.7672041e-02  2.7701395e-01  9.4876268e-05
 5.7698538e-02  2.6939840e-01  9.7551737e-05
 5.7673721e-02  2.7652480e-01  9.5131452e-05
 5.7699927e-02  2.6900501e-01  9.7549002e-05
 5.9125150e-02  6.0037005e-02  7.6938170e-05
 5.9173486e-02  5.7059193e-02  7.6636278e-05
 5.8032347e-02  1.8961230e-01  1.0328940e-04
 5.8088277e-02  1.7877563e-01  1.0334120e-04
 5.7027327e-02  5.4575577e-01  9.3145597e-05
 5.7059942e-02  5.2735631e-01  9.3059829e-05
 5.6788624e-02  7.0143640e-01  1.1125653e-04
 5.6819935e-02  6.7872519e-01  1.0799011e-04
 5.6788628e-02  7.0143337e-01  1.1137675e-04
 5.6819927e-02  6.7873038e-01  1.0782341e-04
 5.5887831e-02  1.8065660e+00  9.2033998e-05
 5.5902674e-02  1.7786546e+00  9.1472044e-05
 5.6973934e-02  5.7727155e-01  9.0383631e-05
 5.6996844e-02  5.6353159e-01  9.0638918e-05
 5.6234128e-02  1.2560501e+00  6.0103116e-05
 5.6234133e-02  1.2560423e+00  6.0175990e-05
 5.6234128e-02  1.2560501e+00  6.0103116e-05
 5.6234133e-02  1.2560423e+00  6.0175989e-05
 5.5887835e-02  1.8065571e+00  9.2113922e-05
 5.5902669e-02  1.7786629e+00  9.1390389e-05
 5.6973930e-02  5.7727348e-01  9.0280985e-05
 5.6996852e-02  5.6352729e-01  9.0771281e-05
 5.5982889e-02  1.6350910e+00  8.0900619e-05
 5.6002662e-02  1.6015139e+00  7.9263128e-05
 5.8074225e-02  1.8143856e-01  1.0259735e-04
 5.8125611e-02  1.7188877e-01  1.0304253e-04
 5.6512037e-02  9.3805679e-01  1.0648916e-04
 5.6526446e-02  9.2396214e-01  1.0860419e-04
 5.8681083e-02  9.5804601e-02  6.6260869e-05
 5.8702915e-02  9.3628529e-02  6.7950145e-05
 5.7437804e-02  3.5441709e-01  7.3302574e-05
 5.7437955e-02  3.5436080e-01  7.3331970e-05
 5.7437804e-02  3.5441709e-01  7.3302574e-05
 5.7437955e-02  3.5436080e-01  7.3331970e-05
 5.8681083e-02  9.5804601e-02  6.6260869e-05
 5.8702915e-02  9.3628529e-02  6.7950145e-05
 5.6512037e-02  9.3805679e-01  1.0648916e-04
 5.6526446e-02  9.2396214e-01  1.0860419e-04
 5.8074225e-02  1.8143856e-01  1.0259735e-04
 5.8125611e-02  1.7188877e-01  1.0304253e-04
 5.5982889e-02  1.6350910e+00  8.0900619e-05
 5.6002662e-02  1.6015139e+00  7.9263127e-05
 5.6973930e-02  5.7727348e-01  9.0280985e-05
 5.6996852e-02  5.6352729e-01  9.0771281e-05
 5.5887835e-02  1.8065571e+00  9.2113922e-05
 5.5902669e-02  1.7786629e+00  9.1390389e-05
 5.5887831e-02  1.8065658e+00  9.2095996e-05
 5.5902671e-02  1.7786597e+00  9.1406495e-05
 5.6973931e-02  5.7727337e-01  9.0292745e-05
 5.6996850e-02  5.6352835e-01  9.0725583e-05
 5.5384301e-02  3.0618926e+00  1.2148328e-04
 5.5399431e-02  3.0137918e+00  1.2238209e-04
 5.7563673e-02  3.1046481e-01  7.5899428e-05
 5.7586123e-02  3.0321846e-01  7.6868233e-05
 5.5321107e-02  3.2711714e+00  1.1768830e-04
 5.5339942e-02  3.2073505e+00  1.2043488e-04
 5.8512613e-02  1.1438896e-01  5.6868958e-05
 5.8557466e-02  1.0911502e-01  5.6252412e-05
 5.5707298e-02  2.1830740e+00  9.6472242e-05
 5.5724044e-02  2.1450876e+00  9.6452510e-05
 5.6511312e-02  9.3877109e-01  1.0642949e-04
 5.6525807e-02  9.2458248e-01  1.0853871e-04
 5.8682055e-02  9.5706652e-02  6.6266821e-05
 5.8703638e-02  9.3557378e-02  6.8038385e-05
 5.7672042e-02  2.7701357e-01  9.4973193e-05
 5.7698538e-02  2.6939850e-01  9.7490431e-05
 5.7673720e-02  2.7652502e-01  9.5033000e-05
 5.7699929e-02  2.6900458e-01  9.7617574e-05
 5.9125152e-02  6.0036898e-02  7.7001283e-05
 5.9173486e-02  5.7059190e-02  7.6589556e-05
 5.8032346e-02  1.8961249e-01  1.0329855e-04
 5.8088275e-02  1.7877595e-01  1.0331724e-04
 5.7027325e-02  5.4575676e-01  9.3068786e-05
 5.7059946e-02  5.2735449e-01  9.3105024e-05
 5.6788623e-02  7.0143730e-01  1.1128835e-04
 5.6819933e-02  6.7872631e-01  1.0794382e-04
 5.6788626e-02  7.0143522e-01  1.1129230e-04
 5.6819932e-02  6.7872707e-01  1.0788274e-04
 5.5982880e-02  1.6351065e+00  8.0885297e-05
 5.6002662e-02  1.6015136e+00  7.9277510e-05
 5.8074221e-02  1.8143932e-01  1.0258711e-04
 5.8125607e-02  1.7188943e-01  1.0295231e-04
 5.5321102e-02  3.2711904e+00  1.1767905e-04
 5.5339942e-02  3.2073521e+00  1.2043620e-04
 5.8512610e-02  1.1438934e-01  5.6882996e-05
 5.8557463e-02  1.0911545e-01  5.6228935e-05
 5.5093603e-02  4.1492567e+00  7.0349971e-05
 5.5114074e-02  4.0614943e+00  7.3026629e-05
 5.5320605e-02  3.2728890e+00  1.1764641e-04
 5.5339393e-02  3.2091924e+00  1.2042425e-04
 5.8509006e-02  1.1482395e-01  5.7102540e-05
 5.8554162e-02  1.0949511e-01  5.6215197e-05
 5.5981686e-02  1.6371555e+00  8.0989932e-05
 5.6001509e-02  1.6034528e+00  7.9369216e-05
 5.8070685e-02  1.8211571e-01  1.0268908e-04
 5.8122479e-02  1.7245608e-01  1.0291810e-04
 5.7025181e-02  5.4698847e-01  9.3136660e-05
 5.7058075e-02  5.2839297e-01  9.3132967e-05
 5.9127834e-02  5.9867657e-02  7.6868096e-05
 5.9175751e-02  5.6923362e-02  7.6560380e-05
 5.8028903e-02  1.9030065e-01  1.0338537e-04
 5.8085277e-02  1.7934075e-01  1.0316384e-04
 5.8388322e-02  1.3037311e-01  7.3017570e-05
 5.8442652e-02  1.2312844e-01  6.7305959e-05
 5.8391495e-02  1.2993864e-01  7.2630751e-05
 5.8445390e-02  1.2277416e-01  6.7115721e-05
 5.8391498e-02  1.2993815e-01  7.2634341e-05
 5.8445391e-02  1.2277408e-01  6.7071749e-05
 5.8388315e-02  1.3037407e-01  7.2992854e-05
 5.8442636e-02  1.2313051e-01  6.7221905e-05
 5.7027318e-02  5.4576100e-01  9.3056614e-05
 5.7059945e-02  5.2735488e-01  9.3150441e-05
 5.8032345e-02  1.8961277e-01  1.0328807e-04
 5.8088273e-02  1.7877628e-01  1.0322662e-04
 5.9125148e-02  6.0037147e-02  7.6963890e-05
 5.9173467e-02  5.7060350e-02  7.6484737e-05
 5.6512023e-02  9.3807082e-01  1.0644029e-04
 5.6526444e-02  9.2396338e-01  1.0860942e-04
 5.8681082e-02  9.5804700e-02  6.6254897e-05
 5.8702894e-02  9.3630647e-02  6.7898293e-05
 5.5707287e-02  2.1830980e+00  9.6445578e-05
 5.5724041e-02  2.1450936e+00  9.6431001e-05
 5.5320600e-02  3.2729087e+00  1.1762462e-04
 5.5339392e-02  3.2091988e+00  1.2039445e-04
 5.8509012e-02  1.1482323e-01  5.7086146e-05
 5.8554164e-02  1.0949492e-01  5.6253184e-05
 5.5383356e-02  3.0649192e+00  1.2146112e-04
 5.5398370e-02  3.0171426e+00  1.2242607e-04
 5.7560628e-02  3.1146080e-01  7.5901984e-05
 5.7583312e-02  3.0411639e-01  7.6697810e-05
 5.5886265e-02  1.8095352e+00  9.2177837e-05
 5.5901101e-02  1.7815925e+00  9.1518940e-05
 5.6971226e-02  5.7891695e-01  9.0401682e-05
 5.6994403e-02  5.6498026e-01  9.0703967e-05
 5.6786178e-02  7.0324228e-01  1.1159935e-04
 5.6817757e-02  6.8028062e-01  1.0815423e-04
 5.6786169e-02  7.0324869e-01  1.1158167e-04
 5.6817751e-02  6.8028527e-01  1.0804044e-04
 5.8028912e-02  1.9029895e-01  1.0342003e-04
 5.8085289e-02  1.7933856e-01  1.0331088e-04
 5.9127826e-02  5.9868166e-02  7.6862492e-05
 5.9175748e-02  5.6923561e-02  7.6602901e-05
 5.7025173e-02  5.4699344e-01  9.3112072e-05
 5.7058063e-02  5.2839942e-01  9.3032533e-05
 5.7673708e-02  2.7652842e-01  9.5003305e-05
 5.7699926e-02  2.6900542e-01  9.7649780e-05
 5.7672036e-02  2.7701537e-01  9.4951840e-05
 5.7698522e-02  2.6940318e-01  9.7393650e-05
 5.7437802e-02  3.5441774e-01  7.3299720e-05
 5.7437936e-02  3.5436779e-01  7.3286632e-05
 5.7437802e-02  3.5441774e-01  7.3299720e-05
 5.7437936e-02  3.5436779e-01  7.3286632e-05
 5.6511302e-02  9.3878143e-01  1.0640137e-04
 5.6525798e-02  9.2459095e-01  1.0846274e-04
 5.8682047e-02  9.5707535e-02  6.6243666e-05
 5.8703627e-02  9.3558399e-02  6.8044735e-05
 5.5981677e-02  1.6371712e+00  8.0972044e-05
 5.6001503e-02  1.6034625e+00  7.9316133e-05
 5.8070693e-02  1.8211411e-01  1.0270490e-04
 5.8122486e-02  1.7245493e-01  1.0305274e-04
 5.5886258e-02  1.8095479e+00  9.2183067e-05
 5.5901099e-02  1.7815952e+00  9.1472038e-05
 5.6971233e-02  5.7891291e-01  9.0387821e-05
 5.6994404e-02  5.6497944e-01  9.0779709e-05
 5.6232031e-02  1.2588182e+00  6.0142326e-05
 5.6232237e-02  1.2585463e+00  6.0145455e-05
 5.6232031e-02  1.2588182e+00  6.0142326e-05
 5.6232237e-02  1.2585463e+00  6.0145455e-05
 5.6971233e-02  5.7891291e-01  9.0387821e-05
 5.6994404e-02  5.6497944e-01  9.0779709e-05
 5.5886258e-02  1.8095479e+00  9.2183067e-05
 5.5901099e-02  1.7815952e+00  9.1472038e-05
 5.8070693e-02  1.8211411e-01  1.0270490e-04
 5.8122486e-02  1.7245493e-01  1.0305274e-04
 5.5981677e-02  1.6371712e+00  8.0972044e-05
 5.6001503e-02  1.6034625e+00  7.9316133e-05
 5.8682047e-02  9.5707535e-02  6.6243666e-05
 5.8703627e-02  9.3558399e-02  6.8044735e-05
 5.6511302e-02  9.3878143e-01  1.0640137e-04
 5.6525798e-02  9.2459095e-01  1.0846274e-04
 5.8681082e-02  9.5804700e-02  6.6254897e-05
 5.8702894e-02  9.3630647e-02  6.7898293e-05
 5.6512023e-02  9.3807082e-01  1.0644029e-04
 5.6526444e-02  9.2396338e-01  1.0860942e-04
 5.7672036e-02  2.7701537e-01  9.4951840e-05
 5.7698522e-02  2.6940318e-01  9.7393650e-05
 5.7673708e-02  2.7652842e-01  9.5003305e-05
 5.7699926e-02  2.6900542e-01  9.7649780e-05
 5.7025173e-02  5.4699344e-01  9.3112072e-05
 5.7058063e-02  5.2839942e-01  9.3032533e-05
 5.9127826e-02  5.9868165e-02  7.6862492e-05
 5.9175748e-02  5.6923561e-02  7.6602901e-05
 5.8028912e-02  1.9029895e-01  1.0342003e-04
 5.8085289e-02  1.7933856e-01  1.0331088e-04
 5.6786169e-02  7.0324869e-01  1.1158167e-04
 5.6817751e-02  6.8028527e-01  1.0804044e-04
 5.6786178e-02  7.0324228e-01  1.1159935e-04
 5.6817757e-02  6.8028062e-01  1.0815423e-04
 5.6971226e-02  5.7891695e-01  9.0401682e-05
 5.6994403e-02  5.6498026e-01  9.0703967e-05
 5.5886265e-02  1.8095352e+00  9.2177837e-05
 5.5901101e-02  1.7815925e+00  9.1518940e-05
 5.7560628e-02  3.1146080e-01  7.5901984e-05
 5.7583312e-02  3.0411639e-01  7.6697810e-05
 5.5383356e-02  3.0649192e+00  1.2146112e-04
 5.5398370e-02  3.0171426e+00  1.2242607e-04
 5.8509012e-02  1.1482323e-01  5.7086146e-05
 5.8554164e-02  1.0949492e-01  5.6253184e-05
 5.5320600e-02  3.2729087e+00  1.1762462e-04
 5.5339392e-02  3.2091988e+00  1.2039445e-04
 5.5707287e-02  2.1830980e+00  9.6445578e-05
 5.5724041e-02  2.1450936e+00  9.6431001e-05
 5.8074221e-02  1.8143932e-01  1.0258711e-04
 5.8125607e-02  1.7188943e-01  1.0295231e-04
 5.5982880e-02  1.6351065e+00  8.0885297e-05
 5.6002662e-02  1.6015136e+00  7.9277510e-05
 5.9125148e-02  6.0037147e-02  7.6963890e-05
 5.9173467e-02  5.7060350e-02  7.6484737e-05
 5.8032345e-02  1.8961277e-01  1.0328807e-04
 5.8088273e-02  1.7877628e-01  1.0322662e-04
 5.7027318e-02  5.4576100e-01  9.3056614e-05
 5.7059945e-02  5.2735488e-01  9.3150441e-05
 5.8388315e-02  1.3037407e-01  7.2992854e-05
 5.8442636e-02  1.2313051e-01  6.7221905e-05
 5.8391498e-02  1.2993815e-01  7.2634341e-05
 5.8445391e-02  1.2277408e-01  6.7071749e-05
 5.8391495e-02  1.2993864e-01  7.2630751e-05
 5.8445390e-02  1.2277416e-01  6.7115721e-05
 5.8388322e-02  1.3037311e-01  7.3017570e-05
 5.8442652e-02  1.2312844e-01  6.7305959e-05
 5.8028903e-02  1.9030065e-01  1.0338537e-04
 5.8085277e-02  1.7934075e-01  1.0316384e-04
 5.9127834e-02  5.9867657e-02  7.6868096e-05
 5.9175751e-02  5.6923362e-02  7.6560380e-05
 5.7025181e-02  5.4698847e-01  9.3136660e-05
 5.7058075e-02  5.2839297e-01  9.3132967e-05
 5.8070685e-02  1.8211571e-01  1.0268908e-04
 5.8122479e-02  1.7245608e-01  1.0291810e-04
 5.5981686e-02  1.6371555e+00  8.0989932e-05
 5.6001509e-02  1.6034528e+00  7.9369216e-05
 5.8509006e-02  1.1482395e-01  5.7102540e-05
 5.8554162e-02  1.0949511e-01  5.6215197e-05
 5.5320605e-02  3.2728890e+00  1.1764641e-04
 5.5339393e-02  3.2091924e+00  1.2042425e-04
 5.5093603e-02  4.1492567e+00  7.0349971e-05
 5.5114074e-02  4.0614943e+00  7.3026629e-05
 5.8512610e-02  1.1438934e-01  5.6882996e-05
 5.8557463e-02  1.0911545e-01  5.6228935e-05
 5.5321102e-02  3.2711904e+00  1.1767905e-04
 5.5339942e-02  3.2073521e+00  1.2043620e-04
 5.6973931e-02  5.7727337e-01  9.0292745e-05
 5.6996850e-02  5.6352835e-01  9.0725583e-05
 5.5887831e-02  1.8065658e+00  9.2095996e-05
 5.5902671e-02  1.7786597e+00  9.1406495e-05
 5.6788626e-02  7.0143522e-01  1.1129230e-04
 5.6819932e-02  6.7872707e-01  1.0788274e-04
 5.6788623e-02  7.0143730e-01  1.1128835e-04
 5.6819933e-02  6.7872631e-01  1.0794382e-04
 5.7027325e-02  5.4575676e-01  9.3068786e-05
 5.7059946e-02  5.2735449e-01  9.3105024e-05
 5.8032346e-02  1.8961249e-01  1.0329855e-04
 5.8088275e-02  1.7877595e-01  1.0331724e-04
 5.9125152e-02  6.0036898e-02  7.7001283e-05
 5.9173486e-02  5.7059190e-02  7.6589556e-05
 5.7673720e-02  2.7652502e-01  9.5033000e-05
 5.7699929e-02  2.6900458e-01  9.7617574e-05
 5.7672042e-02  2.7701357e-01  9.4973193e-05
 5.7698538e-02  2.6939850e-01  9.7490431e-05
 5.8682055e-02  9.5706652e-02  6.6266821e-05
 5.8703638e-02  9.3557378e-02  6.8038385e-05
 5.6511312e-02  9.3877109e-01  1.0642949e-04
 5.6525807e-02  9.2458248e-01  1.0853871e-04
 5.5707298e-02  2.1830740e+00  9.6472242e-05
 5.5724044e-02  2.1450876e+00  9.6452510e-05
 5.8512613e-02  1.1438896e-01  5.6868958e-05
 5.8557466e-02  1.0911502e-01  5.6252413e-05
 5.5321107e-02  3.2711714e+00  1.1768830e-04
 5.5339942e-02  3.2073505e+00  1.2043488e-04
 5.7563673e-02  3.1046481e-01  7.5899428e-05
 5.7586123e-02  3.0321846e-01  7.6868233e-05
 5.5384301e-02  3.0618926e+00  1.2148328e-04
 5.5399431e-02  3.0137918e+00  1.2238209e-04
 5.8003800e-02  1.9539408e-01  8.8141350e-05
 5.8003807e-02  1.9539262e-01  8.8308450e-05
 5.4722008e-02  6.1121505e+00  9.6802189e-05
 5.4722012e-02  6.1121273e+00  9.6853293e-05
 5.7563677e-02  3.1046341e-01  7.6008467e-05
 5.7586116e-02  3.0322063e-01  7.6753653e-05
 5.5384298e-02  3.0619022e+00  1.2141046e-04
 5.5399435e-02  3.0137800e+00  1.2249947e-04
 5.7533450e-02  3.2049388e-01  7.0253457e-05
 5.7567410e-02  3.0924650e-01  7.1734437e-05
 5.6442554e-02  1.0090971e+00  1.0877007e-04
 5.6477876e-02  9.7233746e-01  1.1547665e-04
 5.7914846e-02  2.1456520e-01  9.7659799e-05
 5.7948314e-02  2.0714101e-01  9.6720513e-05
 5.7829635e-02  2.3469036e-01  1.1014445e-04
 5.7888093e-02  2.2069066e-01  1.1091016e-04
 5.7911955e-02  2.1521879e-01  9.7749355e-05
 5.7945719e-02  2.0770734e-01  9.6925596e-05
 5.8682850e-02  9.5626613e-02  6.6409502e-05
 5.8704328e-02  9.3489416e-02  6.8011935e-05
 5.6510528e-02  9.3954555e-01  1.0626810e-04
 5.6525176e-02  9.2519572e-01  1.0851600e-04
 5.5433263e-02  2.9089424e+00  1.1139282e-04
 5.5433345e-02  2.9086912e+00  1.1143203e-04
 5.4739792e-02  6.0001021e+00  9.3943590e-05
 5.4747763e-02  5.9505374e+00  9.3498071e-05
 5.8794694e-02  8.5008126e-02  6.9411559e-05
 5.8825714e-02  8.2277713e-02  7.0667481e-05
 5.4496086e-02  7.7287478e+00  8.4444724e-05
 5.4504164e-02  7.6642706e+00  8.5508385e-05
 5.7563674e-02  3.1046450e-01  7.5985753e-05
 5.7586120e-02  3.0321960e-01  7.6779234e-05
 5.5384299e-02  3.0618984e+00  1.2140582e-04
 5.5399435e-02  3.0137790e+00  1.2244843e-04
 5.6973934e-02  5.7727155e-01  9.0383631e-05
 5.6996844e-02  5.6353159e-01  9.0638918e-05
 5.5887831e-02  1.8065660e+00  9.2033998e-05
 5.5902674e-02  1.7786546e+00  9.1472044e-05
 5.6788628e-02  7.0143337e-01  1.1137675e-04
 5.6819927e-02  6.7873038e-01  1.0782341e-04
 5.6788624e-02  7.0143640e-01  1.1125653e-04
 5.6819935e-02  6.7872519e-01  1.0799011e-04
 5.7027327e-02  5.4575577e-01  9.3145597e-05
 5.7059942e-02  5.2735631e-01  9.3059829e-05
 5.8032347e-02  1.8961230e-01  1.0328940e-04
 5.8088277e-02  1.7877563e-01  1.0334120e-04
 5.9125150e-02  6.0037005e-02  7.6938170e-05
 5.9173486e-02  5.7059193e-02  7.6636278e-05
 5.7673721e-02  2.7652480e-01  9.5131452e-05
 5.7699927e-02  2.6900501e-01  9.7549002e-05
 5.7672041e-02  2.7701395e-01  9.4876268e-05
 5.7698538e-02  2.6939840e-01  9.7551737e-05
 5.8682055e-02  9.5706647e-02  6.6384948e-05
 5.8703638e-02  9.3557380e-02  6.7957015e-05
 5.6511311e-02  9.3877276e-01  1.0629007e-04
 5.6525808e-02  9.2458087e-01  1.0862783e-04
 5.5707296e-02  2.1830785e+00  9.6393205e-05
 5.5724046e-02  2.1450812e+00  9.6491313e-05
 5.8512612e-02  1.1438906e-01  5.6904177e-05
 5.8557465e-02  1.0911521e-01  5.6216824e-05
 5.5321105e-02  3.2711780e+00  1.1761891e-04
 5.5339946e-02  3.2073385e+00  1.2047203e-04
 5.7533444e-02  3.2049610e-01  7.0230584e-05
 5.7567412e-02  3.0924586e-01  7.1759206e-05
 5.6442554e-02  1.0090980e+00  1.0875786e-04
 5.6477876e-02  9.7233732e-01  1.1540352e-04
 5.6788623e-02  7.0143681e-01  1.1136878e-04
 5.6819928e-02  6.7873020e-01  1.0783461e-04
 5.6788622e-02  7.0143747e-01  1.1125615e-04
 5.6819933e-02  6.7872619e-01  1.0793787e-04
 5.6442556e-02  1.0090955e+00  1.0885049e-04
 5.6477869e-02  9.7234389e-01  1.1533373e-04
 5.7533445e-02  3.2049561e-01  7.0152753e-05
 5.7567416e-02  3.0924471e-01  7.1847997e-05
 5.6523838e-02  9.2649754e-01  1.2633294e-04
 5.6559781e-02  8.9215799e-01  1.3031251e-04
 5.8625785e-02  1.0154537e-01  5.5531152e-05
 5.8677437e-02  9.6172969e-02  5.8156909e-05
 5.8622023e-02  1.0194821e-01  5.5548147e-05
 5.8673999e-02  9.6521588e-02  5.7912788e-05
 5.7026837e-02  5.4603691e-01  9.3179567e-05
 5.7059408e-02  5.2765292e-01  9.3117559e-05
 5.9125983e-02  5.9984413e-02  7.6879081e-05
 5.9174210e-02  5.7015765e-02  7.6636609e-05
 5.8028590e-02  1.9036338e-01  1.0341737e-04
 5.8084973e-02  1.7939811e-01  1.0319442e-04
 5.7913578e-02  2.1485172e-01  9.7746545e-05
 5.7947093e-02  2.0740727e-01  9.6828272e-05
 5.7913577e-02  2.1485193e-01  9.7578841e-05
 5.7947094e-02  2.0740707e-01  9.6909197e-05
 5.7825912e-02  2.3561148e-01  1.1015429e-04
 5.7884908e-02  2.2143153e-01  1.1072123e-04
 5.9125984e-02  5.9984352e-02  7.6988237e-05
 5.9174210e-02  5.7015723e-02  7.6561766e-05
 5.7026835e-02  5.4603814e-01  9.3051991e-05
 5.7059411e-02  5.2765087e-01  9.3169894e-05
 5.8028592e-02  1.9036304e-01  1.0339415e-04
 5.8084969e-02  1.7939888e-01  1.0314727e-04
 5.8625783e-02  1.0154557e-01  5.5570927e-05
 5.8677434e-02  9.6173260e-02  5.8109783e-05
 5.6523835e-02  9.2650018e-01  1.2621615e-04
 5.6559787e-02  8.9215266e-01  1.3037048e-04
 5.8622025e-02  1.0194799e-01  5.5515332e-05
 5.8673992e-02  9.6522256e-02  5.7868838e-05
 5.7914835e-02  2.1456771e-01  9.7624334e-05
 5.7948314e-02  2.0714101e-01  9.6747088e-05
 5.7829631e-02  2.3469143e-01  1.1012195e-04
 5.7888091e-02  2.2069103e-01  1.1081319e-04
 5.7911956e-02  2.1521875e-01  9.7707239e-05
 5.7945700e-02  2.0771165e-01  9.6834749e-05
 5.7027318e-02  5.4576116e-01  9.3124428e-05
 5.7059940e-02  5.2735737e-01  9.3058794e-05
 5.8032342e-02  1.8961329e-01  1.0327373e-04
 5.8088272e-02  1.7877651e-01  1.0324574e-04
 5.9125152e-02  6.0036911e-02  7.6909324e-05
 5.9173465e-02  5.7060446e-02  7.6584946e-05
 5.6523832e-02  9.2650270e-01  1.2631462e-04
 5.6559779e-02  8.9215990e-01  1.3029676e-04
 5.8625783e-02  1.0154566e-01  5.5543486e-05
 5.8677432e-02  9.6173477e-02  5.8129839e-05
 5.8622030e-02  1.0194752e-01  5.5534487e-05
 5.8673998e-02  9.6521657e-02  5.7949860e-05
 5.6442190e-02  1.0094836e+00  1.0881450e-04
 5.6477430e-02  9.7279270e-01  1.1531940e-04
 5.7530118e-02  3.2161915e-01  7.0172294e-05
 5.7564330e-02  3.1025020e-01  7.1628023e-05
 5.6787816e-02  7.0203213e-01  1.1146565e-04
 5.6819002e-02  6.7939068e-01  1.0798214e-04
 5.6785547e-02  7.0370906e-01  1.1167396e-04
 5.6817161e-02  6.8070731e-01  1.0813804e-04
 5.7531903e-02  3.2101581e-01  7.0216836e-05
 5.7565880e-02  3.0974478e-01  7.1712869e-05
 5.6439647e-02  1.0121845e+00  1.0837649e-04
 5.6475364e-02  9.7490620e-01  1.1495998e-04
 5.8623223e-02  1.0181952e-01  5.5531838e-05
 5.8675109e-02  9.6408909e-02  5.7990885e-05
 5.8625121e-02  1.0161643e-01  5.5533096e-05
 5.8676648e-02  9.6252850e-02  5.8114030e-05
 5.6521170e-02  9.2909838e-01  1.2598574e-04
 5.6557531e-02  8.9427034e-01  1.3008257e-04
 5.9128286e-02  5.9839220e-02  7.6872499e-05
 5.9176271e-02  5.6892188e-02  7.6531715e-05
 5.8032117e-02  1.8965820e-01  1.0329131e-04
 5.8087969e-02  1.7883345e-01  1.0326051e-04
 5.7024585e-02  5.4733185e-01  9.3127179e-05
 5.7057509e-02  5.2870709e-01  9.3049715e-05
 5.8682835e-02  9.5628193e-02  6.6371287e-05
 5.8704327e-02  9.3489552e-02  6.8022605e-05
 5.6510527e-02  9.3954654e-01  1.0623556e-04
 5.6525158e-02  9.2521336e-01  1.0843316e-04
 5.7673708e-02  2.7652861e-01  9.5099809e-05
 5.7699922e-02  2.6900644e-01  9.7524073e-05
 5.7672039e-02  2.7701458e-01  9.4856439e-05
 5.7698521e-02  2.6940346e-01  9.7518505e-05
 5.7026827e-02  5.4604267e-01  9.3157372e-05
 5.7059402e-02  5.2765586e-01  9.3081020e-05
 5.9125980e-02  5.9984619e-02  7.6875238e-05
 5.9174194e-02  5.7016733e-02  7.6629304e-05
 5.8028598e-02  1.9036171e-01  1.0343593e-04
 5.8084976e-02  1.7939759e-01  1.0332058e-04
 5.6787810e-02  7.0203664e-01  1.1144957e-04
 5.6819000e-02  6.7939264e-01  1.0794483e-04
 5.6785553e-02  7.0370468e-01  1.1167467e-04
 5.6817161e-02  6.8070723e-01  1.0821486e-04
 5.6972796e-02  5.7796226e-01  9.0417207e-05
 5.6995518e-02  5.6431830e-01  9.0757526e-05
 5.5885307e-02  1.8113547e+00  9.2216747e-05
 5.5900341e-02  1.7830136e+00  9.1544228e-05
 5.7561927e-02  3.1103540e-01  7.5924555e-05
 5.7584338e-02  3.0378850e-01  7.6737320e-05
 5.5382147e-02  3.0688018e+00  1.2136984e-04
 5.5397497e-02  3.0198979e+00  1.2236008e-04
 5.8509947e-02  1.1471038e-01  5.7011064e-05
 5.8555040e-02  1.0939403e-01  5.6224390e-05
 5.5319293e-02  3.2773868e+00  1.1742623e-04
 5.5338363e-02  3.2126550e+00  1.2025345e-04
 5.5705911e-02  2.1862490e+00  9.6434677e-05
 5.5722870e-02  2.1477276e+00  9.6409649e-05
 5.5433261e-02  2.9089468e+00  1.1137874e-04
 5.5433331e-02  2.9087356e+00  1.1137624e-04
 5.8682044e-02  9.5707768e-02  6.6383842e-05
 5.8703626e-02  9.3558521e-02  6.7910923e-05
 5.6511303e-02  9.3878026e-01  1.0626331e-04
 5.6525798e-02  9.2459060e-01  1.0862726e-04
 5.7913566e-02  2.1485429e-01  9.7721328e-05
 5.7947083e-02  2.0740953e-01  9.6738405e-05
 5.7913569e-02  2.1485362e-01  9.7575352e-05
 5.7947085e-02  2.0740919e-01  9.6931130e-05
 5.7825920e-02  2.3560962e-01  1.1019547e-04
 5.7884915e-02  2.2142974e-01  1.1086082e-04
 5.7531893e-02  3.2101928e-01  7.0215266e-05
 5.7565873e-02  3.0974702e-01  7.1649304e-05
 5.6439654e-02  1.0121766e+00  1.0840235e-04
 5.6475368e-02  9.7490204e-01  1.1507371e-04
 5.7561920e-02  3.1103784e-01  7.5943065e-05
 5.7584336e-02  3.0378912e-01  7.6683025e-05
 5.5382152e-02  3.0687833e+00  1.2137998e-04
 5.5397498e-02  3.0198961e+00  1.2244386e-04
 5.8001585e-02  1.9585007e-01  8.8278523e-05
 5.8001825e-02  1.9580051e-01  8.8307783e-05
 5.4720444e-02  6.1221013e+00  9.6878928e-05
 5.4720570e-02  6.1213000e+00  9.6884091e-05
 5.8791920e-02  8.5256639e-02  6.9392568e-05
 5.8823171e-02  8.2498242e-02  7.0615525e-05
 5.4495027e-02  7.7372426e+00  8.4342030e-05
 5.4503127e-02  7.6725206e+00  8.5404625e-05
 5.4739186e-02  6.0038866e+00  9.3962953e-05
 5.4747208e-02  5.9539794e+00  9.3499380e-05
 5.4739782e-02  6.0001632e+00  9.3926021e-05
 5.4747763e-02  5.9505428e+00  9.3501030e-05
 5.5707287e-02  2.1830982e+00  9.6385630e-05
 5.5724042e-02  2.1450902e+00  9.6521652e-05
 5.9125975e-02  5.9984943e-02  7.6959376e-05
 5.9174195e-02  5.7016680e-02  7.6455979e-05
 5.7026828e-02  5.4604200e-01  9.3057563e-05
 5.7059406e-02  5.2765376e-01  9.3218899e-05
 5.8028597e-02  1.9036196e-01  1.0345384e-04
 5.8084981e-02  1.7939658e-01  1.0329317e-04
 5.8623213e-02  1.0182063e-01  5.5545782e-05
 5.8675096e-02  9.6410206e-02  5.7924389e-05
 5.8625116e-02  1.0161693e-01  5.5533216e-05
 5.8676643e-02  9.6253323e-02  5.8150211e-05
 5.6521176e-02  9.2909201e-01  1.2604262e-04
 5.6557540e-02  8.9426161e-01  1.3022893e-04
 5.8509937e-02  1.1471153e-01  5.7032386e-05
 5.8555032e-02  1.0939495e-01  5.6166876e-05
 5.5319299e-02  3.2773639e+00  1.1746416e-04
 5.5338368e-02  3.2126369e+00  1.2035704e-04
 5.8791914e-02  8.5257221e-02  6.9421063e-05
 5.8823168e-02  8.2498486e-02  7.0553582e-05
 5.4495032e-02  7.7371984e+00  8.4353600e-05
 5.4503128e-02  7.6725125e+00  8.5441506e-05
 5.4106319e-02  1.1561948e+01  9.0282383e-05
 5.4114487e-02  1.1465149e+01  9.0830702e-05
 5.4189974e-02  1.0607265e+01  8.8349272e-05
 5.4198604e-02  1.0513280e+01  8.8235424e-05
 5.8794692e-02  8.5008259e-02  6.9434082e-05
 5.8825711e-02  8.2278033e-02  7.0633360e-05
 5.4496081e-02  7.7287879e+00  8.4436933e-05
 5.4504164e-02  7.6642676e+00  8.5518435e-05
 5.8512612e-02  1.1438910e-01  5.6929501e-05
 5.8557461e-02  1.0911569e-01  5.6188006e-05
 5.5321101e-02  3.2711937e+00  1.1762527e-04
 5.5339944e-02  3.2073447e+00  1.2052430e-04
 5.8625787e-02  1.0154521e-01  5.5600033e-05
 5.8677431e-02  9.6173546e-02  5.8078786e-05
 5.6523832e-02  9.2650263e-01  1.2623561e-04
 5.6559784e-02  8.9215512e-01  1.3045418e-04
 5.8622027e-02  1.0194775e-01  5.5534986e-05
 5.8674008e-02  9.6520622e-02  5.7936861e-05
 5.9128294e-02  5.9838695e-02  7.6893279e-05
 5.9176270e-02  5.6892250e-02  7.6491440e-05
 5.8032118e-02  1.8965810e-01  1.0332195e-04
 5.8087967e-02  1.7883381e-01  1.0335755e-04
 5.7024588e-02  5.4732976e-01  9.3170139e-05
 5.7057524e-02  5.2869882e-01  9.3151236e-05
 5.5705917e-02  2.1862371e+00  9.6472770e-05
 5.5722882e-02  2.1477022e+00  9.6495842e-05
 5.4739194e-02  6.0038381e+00  9.3997765e-05
 5.4747212e-02  5.9539519e+00  9.3553254e-05
 5.4189979e-02  1.0607205e+01  8.8361230e-05
 5.4198605e-02  1.0513272e+01  8.8245806e-05
 5.4106805e-02  1.1556169e+01  9.0301021e-05
 5.4115015e-02  1.1458915e+01  9.0829756e-05
 5.3552182e-02  2.0358101e+01  4.0789269e-05
 5.3552184e-02  2.0358070e+01  4.0805747e-05
 5.4106802e-02  1.1556195e+01  9.0270820e-05
 5.4115016e-02  1.1458906e+01  9.0882922e-05
 5.5093601e-02  4.1492664e+00  7.0320093e-05
 5.5114075e-02  4.0614879e+00  7.3090501e-05
 5.6442188e-02  1.0094852e+00  1.0875276e-04
 5.6477433e-02  9.7278917e-01  1.1545135e-04
 5.7530117e-02  3.2161951e-01  7.0169519e-05
 5.7564338e-02  3.1024759e-01  7.1652954e-05
 5.8073817e-02  1.8151639e-01  1.0265945e-04
 5.8125053e-02  1.7198961e-01  1.0308205e-04
 5.5980535e-02  1.6391344e+00  8.1071550e-05
 5.6000514e-02  1.6051291e+00  7.9479604e-05
 5.4738657e-02  6.0071925e+00  9.4015081e-05
 5.4746747e-02  5.9568323e+00  9.3614335e-05
 5.3882048e-02  1.4554154e+01  4.9496510e-05
 5.3882076e-02  1.4553745e+01  4.9507978e-05
 5.3472210e-02  2.2069439e+01  4.8286143e-05
 5.3475085e-02  2.2005596e+01  4.8201190e-05
 5.4106804e-02  1.1556179e+01  9.0259968e-05
 5.4115018e-02  1.1458884e+01  9.0850924e-05
 5.8794696e-02  8.5007915e-02  6.9518238e-05
 5.8825704e-02  8.2278575e-02  7.0552814e-05
 5.4496082e-02  7.7287797e+00  8.4406454e-05
 5.4504166e-02  7.6642567e+00  8.5553519e-05
 5.8512615e-02  1.1438871e-01  5.6986784e-05
 5.8557455e-02  1.0911633e-01  5.6151228e-05
 5.5321103e-02  3.2711872e+00  1.1761553e-04
 5.5339945e-02  3.2073416e+00  1.2055338e-04
 5.8625789e-02  1.0154500e-01  5.5657730e-05
 5.8677427e-02  9.6173940e-02  5.8050022e-05
 5.6523834e-02  9.2650098e-01  1.2624437e-04
 5.6559785e-02  8.9215388e-01  1.3046997e-04
 5.8622026e-02  1.0194792e-01  5.5477215e-05
 5.8674007e-02  9.6520723e-02  5.7960926e-05
 5.9128294e-02  5.9838674e-02  7.6956241e-05
 5.9176269e-02  5.6892353e-02  7.6436799e-05
 5.8032119e-02  1.8965783e-01  1.0334216e-04
 5.8087969e-02  1.7883349e-01  1.0335621e-04
 5.7024586e-02  5.4733081e-01  9.3092399e-05
 5.7057524e-02  5.2869886e-01  9.3186278e-05
 5.5705915e-02  2.1862419e+00  9.6394460e-05
 5.5722883e-02  2.1476997e+00  9.6526860e-05
 5.4739191e-02  6.0038563e+00  9.3932330e-05
 5.4747215e-02  5.9539341e+00  9.3574812e-05
 5.4189977e-02  1.0607226e+01  8.8312365e-05
 5.4198607e-02  1.0513241e+01  8.8252192e-05
 5.5093602e-02  4.1492628e+00  7.0300679e-05
 5.5114078e-02  4.0614750e+00  7.3045194e-05
 5.8512612e-02  1.1438909e-01  5.6974289e-05
 5.8557456e-02  1.0911621e-01  5.6158061e-05
 5.5321102e-02  3.2711891e+00  1.1760413e-04
 5.5339946e-02  3.2073389e+00  1.2049994e-04
 5.8074225e-02  1.8143861e-01  1.0270158e-04
 5.8125599e-02  1.7189091e-01  1.0284588e-04
 5.5982882e-02  1.6351020e+00  8.0841294e-05
 5.6002665e-02  1.6015095e+00  7.9337317e-05
 5.8032348e-02  1.8961206e-01  1.0340562e-04
 5.8088266e-02  1.7877766e-01  1.0314483e-04
 5.7027321e-02  5.4575926e-01  9.3036830e-05
 5.7059947e-02  5.2735359e-01  9.3197553e-05
 5.9125146e-02  6.0037298e-02  7.7001650e-05
 5.9173475e-02  5.7059850e-02  7.6510517e-05
 5.8391500e-02  1.2993785e-01  7.2740573e-05
 5.8445386e-02  1.2277472e-01  6.7032928e-05
 5.8391497e-02  1.2993835e-01  7.2637823e-05
 5.8445393e-02  1.2277375e-01  6.7128519e-05
 5.8388321e-02  1.3037332e-01  7.2910807e-05
 5.8442650e-02  1.2312868e-01  6.7333891e-05
 5.8388314e-02  1.3037432e-01  7.3007982e-05
 5.8442642e-02  1.2312972e-01  6.7228650e-05
 5.9127835e-02  5.9867639e-02  7.6979202e-05
 5.9175749e-02  5.6923464e-02  7.6476386e-05
 5.7025180e-02  5.4698942e-01  9.3010092e-05
 5.7058075e-02  5.2839304e-01  9.3172559e-05
 5.8028903e-02  1.9030067e-01  1.0338517e-04
 5.8085280e-02  1.7934032e-01  1.0313413e-04
 5.5981684e-02  1.6371597e+00  8.0893237e-05
 5.6001512e-02  1.6034488e+00  7.9395606e-05
 5.8070686e-02  1.8211543e-01  1.0266649e-04
 5.8122478e-02  1.7245636e-01  1.0283794e-04
 5.5320603e-02  3.2728977e+00  1.1754085e-04
 5.5339398e-02  3.2091783e+00  1.2044178e-04
 5.8509008e-02  1.1482375e-01  5.7065435e-05
 5.8554158e-02  1.0949558e-01  5.6140882e-05
 5.6442188e-02  1.0094860e+00  1.0871220e-04
 5.6477436e-02  9.7278622e-01  1.1535419e-04
 5.7530120e-02  3.2161874e-01  7.0120841e-05
 5.7564324e-02  3.1025229e-01  7.1580561e-05
 5.8625782e-02  1.0154571e-01  5.5637389e-05
 5.8677426e-02  9.6174061e-02  5.8055909e-05
 5.6523832e-02  9.2650317e-01  1.2621447e-04
 5.6559785e-02  8.9215429e-01  1.3036868e-04
 5.8622029e-02  1.0194757e-01  5.5449119e-05
 5.8673991e-02  9.6522344e-02  5.7923278e-05
 5.8032344e-02  1.8961288e-01  1.0339307e-04
 5.8088264e-02  1.7877802e-01  1.0314158e-04
 5.7027320e-02  5.4576009e-01  9.3033713e-05
 5.7059945e-02  5.2735486e-01  9.3146621e-05
 5.9125153e-02  6.0036829e-02  7.6998376e-05
 5.9173472e-02  5.7060024e-02  7.6568837e-05
 5.7829634e-02  2.3469056e-01  1.1023653e-04
 5.7888083e-02  2.2069305e-01  1.1074721e-04
 5.7914839e-02  2.1456688e-01  9.7542023e-05
 5.7948317e-02  2.0714035e-01  9.6858507e-05
 5.7911955e-02  2.1521895e-01  9.7790306e-05
 5.7945708e-02  2.0770993e-01  9.6862237e-05
 5.8032121e-02  1.8965746e-01  1.0343595e-04
 5.8087962e-02  1.7883486e-01  1.0320584e-04
 5.9128289e-02  5.9839040e-02  7.6852568e-05
 5.9176275e-02  5.6891971e-02  7.6590939e-05
 5.7024583e-02  5.4733302e-01  9.3162677e-05
 5.7057517e-02  5.2870316e-01  9.3083648e-05
 5.8625123e-02  1.0161618e-01  5.5663221e-05
 5.8676644e-02  9.6253287e-02  5.8086757e-05
 5.8623223e-02  1.0181955e-01  5.5402788e-05
 5.8675107e-02  9.6409110e-02  5.8007524e-05
 5.6521169e-02  9.2909927e-01  1.2600123e-04
 5.6557534e-02  8.9426701e-01  1.3009558e-04
 5.7531902e-02  3.2101641e-01  7.0085706e-05
 5.7565882e-02  3.0974423e-01  7.1752322e-05
 5.6439648e-02  1.0121835e+00  1.0836709e-04
 5.6475363e-02  9.7490718e-01  1.1492498e-04
 5.6787813e-02  7.0203442e-01  1.1131167e-04
 5.6819008e-02  6.7938695e-01  1.0800312e-04
 5.6785549e-02  7.0370743e-01  1.1163463e-04
 5.6817156e-02  6.8071084e-01  1.0805724e-04
 5.8073814e-02  1.8151699e-01  1.0260654e-04
 5.8125055e-02  1.7198932e-01  1.0296718e-04
 5.5980536e-02  1.6391326e+00  8.1021046e-05
 5.6000499e-02  1.6051528e+00  7.9410334e-05
 5.9128284e-02  5.9839310e-02  7.6926947e-05
 5.9176264e-02  5.6892615e-02  7.6431477e-05
 5.8032114e-02  1.8965884e-01  1.0330332e-04
 5.8087966e-02  1.7883406e-01  1.0323855e-04
 5.7024587e-02  5.4733036e-01  9.3059271e-05
 5.7057509e-02  5.2870746e-01  9.3141801e-05
 5.8391492e-02  1.2993900e-01  7.2722798e-05
 5.8445380e-02  1.2277541e-01  6.7021496e-05
 5.8391493e-02  1.2993891e-01  7.2632671e-05
 5.8445386e-02  1.2277461e-01  6.7069778e-05
 5.8388320e-02  1.3037340e-01  7.2900565e-05
 5.8442635e-02  1.2313066e-01  6.7318551e-05
 5.8388322e-02  1.3037310e-01  7.3012901e-05
 5.8442641e-02  1.2312981e-01  6.7300976e-05
 5.8032116e-02  1.8965850e-01  1.0342072e-04
 5.8087959e-02  1.7883549e-01  1.0318545e-04
 5.9128287e-02  5.9839125e-02  7.6854148e-05
 5.9176268e-02  5.6892368e-02  7.6541584e-05
 5.7024589e-02  5.4732958e-01  9.3164720e-05
 5.7057515e-02  5.2870416e-01  9.3147323e-05
 5.8073818e-02  1.8151632e-01  1.0274504e-04
 5.8125047e-02  1.7199075e-01  1.0294185e-04
 5.5980535e-02  1.6391350e+00  8.1073066e-05
 5.6000506e-02  1.6051416e+00  7.9442564e-05
 5.8511856e-02  1.1448012e-01  5.7010258e-05
 5.8556526e-02  1.0922304e-01  5.6239588e-05
 5.5318996e-02  3.2784044e+00  1.1740721e-04
 5.5338073e-02  3.2136278e+00  1.2024208e-04
 5.5091700e-02  4.1575106e+00  7.0155386e-05
 5.5112478e-02  4.0682689e+00  7.2815900e-05
 5.8511852e-02  1.1448058e-01  5.6878900e-05
 5.8556532e-02  1.0922234e-01  5.6234730e-05
 5.5318998e-02  3.2783979e+00  1.1737825e-04
 5.5338069e-02  3.2136434e+00  1.2019651e-04
 5.4738657e-02  6.0071928e+00  9.3969470e-05
 5.4746735e-02  5.9569062e+00  9.3549142e-05
 5.5705913e-02  2.1862459e+00  9.6375239e-05
 5.5722870e-02  2.1477287e+00  9.6500328e-05
 5.9127823e-02  5.9868359e-02  7.6946721e-05
 5.9175740e-02  5.6924011e-02  7.6429305e-05
 5.7025176e-02  5.4699170e-01  9.3012318e-05
 5.7058062e-02  5.2839985e-01  9.3170209e-05
 5.8028910e-02  1.9029920e-01  1.0343121e-04
 5.8085283e-02  1.7933973e-01  1.0327611e-04
 5.8625113e-02  1.0161727e-01  5.5663754e-05
 5.8676637e-02  9.6254008e-02  5.8057864e-05
 5.8623218e-02  1.0182012e-01  5.5415126e-05
 5.8675095e-02  9.6410283e-02  5.8016208e-05
 5.6521176e-02  9.2909245e-01  1.2603984e-04
 5.6557535e-02  8.9426651e-01  1.3022516e-04
 5.8511849e-02  1.1448092e-01  5.7015460e-05
 5.8556523e-02  1.0922341e-01  5.6220007e-05
 5.5319001e-02  3.2783874e+00  1.1742343e-04
 5.5338072e-02  3.2136310e+00  1.2031521e-04
 5.8793753e-02  8.5092363e-02  6.9494058e-05
 5.8824540e-02  8.2379478e-02  7.0604485e-05
 5.4494439e-02  7.7419565e+00  8.4279659e-05
 5.4502630e-02  7.6764749e+00  8.5365120e-05
 5.4105488e-02  1.1571835e+01  9.0227571e-05
 5.4113834e-02  1.1472855e+01  9.0790200e-05
 5.4189002e-02  1.0617896e+01  8.8347525e-05
 5.4197761e-02  1.0522421e+01  8.8236420e-05
 5.3882048e-02  1.4554161e+01  4.9491611e-05
 5.3882067e-02  1.4553871e+01  4.9490875e-05
 5.4739186e-02  6.0038849e+00  9.3932066e-05
 5.4747207e-02  5.9539808e+00  9.3584166e-05
 5.5981678e-02  1.6371692e+00  8.0913894e-05
 5.6001503e-02  1.6034627e+00  7.9425833e-05
 5.8070691e-02  1.8211457e-01  1.0273531e-04
 5.8122484e-02  1.7245514e-01  1.0298182e-04
 5.7531896e-02  3.2101842e-01  7.0112667e-05
 5.7565874e-02  3.0974683e-01  7.1789395e-05
 5.6439653e-02  1.0121778e+00  1.0842555e-04
 5.6475368e-02  9.7490255e-01  1.1505620e-04
 5.5091705e-02  4.1574878e+00  7.0186116e-05
 5.5112480e-02  4.0682588e+00  7.2881387e-05
 5.4105492e-02  1.1571787e+01  9.0247361e-05
 5.4113834e-02  1.1472853e+01  9.0840953e-05
 5.3551341e-02  2.0375427e+01  4.0845282e-05
 5.3551387e-02  2.0374472e+01  4.0843139e-05
 5.3471775e-02  2.2079112e+01  4.8300547e-05
 5.3474667e-02  2.2014883e+01  4.8211096e-05
 5.3472206e-02  2.2069536e+01  4.8276885e-05
 5.3475085e-02  2.2005599e+01  4.8199835e-05
 5.4189973e-02  1.0607272e+01  8.8320540e-05
 5.4198604e-02  1.0513280e+01  8.8279084e-05
 5.5320599e-02  3.2729106e+00  1.1756987e-04
 5.5339392e-02  3.2091963e+00  1.2050598e-04
 5.8509009e-02  1.1482366e-01  5.7096931e-05
 5.8554168e-02  1.0949441e-01  5.6203041e-05
 5.6787810e-02  7.0203647e-01  1.1135529e-04
 5.6819002e-02  6.7939101e-01  1.0808224e-04
 5.6785551e-02  7.0370613e-01  1.1170885e-04
 5.6817165e-02  6.8070399e-01  1.0817737e-04
 5.8511851e-02  1.1448075e-01  5.6896330e-05
 5.8556528e-02  1.0922289e-01  5.6276935e-05
 5.5319000e-02  3.2783884e+00  1.1744257e-04
 5.5338076e-02  3.2136169e+00  1.2030892e-04
 5.4189006e-02  1.0617858e+01  8.8381945e-05
 5.4197766e-02  1.0522368e+01  8.8295715e-05
 5.3471779e-02  2.2079022e+01  4.8295508e-05
 5.3474667e-02  2.2014870e+01  4.8214819e-05
 5.3224589e-02  2.8278926e+01  4.6409035e-05
 5.3227491e-02  2.8197418e+01  4.6606740e-05
 5.2807660e-02  4.2553197e+01  4.7456086e-05
 5.2807660e-02  4.2553181e+01  4.7461740e-05
 5.3224588e-02  2.8278955e+01  4.6389639e-05
 5.3227490e-02  2.8197435e+01  4.6613898e-05
 5.4106317e-02  1.1561968e+01  9.0266762e-05
 5.4114486e-02  1.1465161e+01  9.0877953e-05
 5.5383355e-02  3.0649251e+00  1.2142803e-04
 5.5398369e-02  3.0171453e+00  1.2252151e-04
 5.7560625e-02  3.1146172e-01  7.5931654e-05
 5.7583316e-02  3.0411533e-01  7.6696874e-05
 5.6972795e-02  5.7796330e-01  9.0353057e-05
 5.6995518e-02  5.6431824e-01  9.0834684e-05
 5.5885305e-02  1.8113578e+00  9.2251923e-05
 5.5900344e-02  1.7830076e+00  9.1565545e-05
 5.8793751e-02  8.5092489e-02  6.9428429e-05
 5.8824542e-02  8.2379334e-02  7.0665416e-05
 5.4494439e-02  7.7419603e+00  8.4297977e-05
 5.4502633e-02  7.6764523e+00  8.5387698e-05
 5.3471513e-02  2.2084943e+01  4.8292408e-05
 5.3474426e-02  2.2020226e+01  4.8217346e-05
 5.2892592e-02  3.9196557e+01  5.3657983e-05
 5.2892595e-02  3.9196450e+01  5.3667000e-05
 5.3224588e-02  2.8278943e+01  4.6388854e-05
 5.3227493e-02  2.8197373e+01  4.6607069e-05
 5.3472207e-02  2.2069498e+01  4.8259302e-05
 5.3475085e-02  2.2005597e+01  4.8208407e-05
 5.4189975e-02  1.0607245e+01  8.8330032e-05
 5.4198604e-02  1.0513279e+01  8.8291419e-05
 5.5320602e-02  3.2729022e+00  1.1760020e-04
 5.5339393e-02  3.2091945e+00  1.2050739e-04
 5.8509007e-02  1.1482384e-01  5.7035354e-05
 5.8554167e-02  1.0949461e-01  5.6234513e-05
 5.6787813e-02  7.0203471e-01  1.1140260e-04
 5.6819003e-02  6.7939037e-01  1.0805968e-04
 5.6785548e-02  7.0370777e-01  1.1161694e-04
 5.6817165e-02  6.8070435e-01  1.0822298e-04
 5.8511853e-02  1.1448046e-01  5.6936862e-05
 5.8556528e-02  1.0922279e-01  5.6251172e-05
 5.5318998e-02  3.2783969e+00  1.1736663e-04
 5.5338077e-02  3.2136151e+00  1.2033099e-04
 5.4189003e-02  1.0617885e+01  8.8329963e-05
 5.4197768e-02  1.0522352e+01  8.8293578e-05
 5.3471776e-02  2.2079084e+01  4.8262425e-05
 5.3474670e-02  2.2014809e+01  4.8212742e-05
 5.4106317e-02  1.1561964e+01  9.0228680e-05
 5.4114490e-02  1.1465113e+01  9.0823414e-05
 5.4189974e-02  1.0607255e+01  8.8311595e-05
 5.4198606e-02  1.0513254e+01  8.8251347e-05
 5.4739786e-02  6.0001403e+00  9.3911528e-05
 5.4747763e-02  5.9505373e+00  9.3549067e-05
 5.5707292e-02  2.1830886e+00  9.6402032e-05
 5.5724044e-02  2.1450875e+00  9.6545661e-05
 5.7026832e-02  5.4603991e-01  9.3101691e-05
 5.7059408e-02  5.2765256e-01  9.3211639e-05
 5.8028595e-02  1.9036233e-01  1.0332954e-04
 5.8084978e-02  1.7939716e-01  1.0335269e-04
 5.9125974e-02  5.9984972e-02  7.6975284e-05
 5.9174200e-02  5.7016322e-02  7.6473871e-05
 5.8625119e-02  1.0161659e-01  5.5583427e-05
 5.8676646e-02  9.6253054e-02  5.8124637e-05
 5.6521174e-02  9.2909431e-01  1.2591887e-04
 5.6557539e-02  8.9426275e-01  1.3025942e-04
 5.8623214e-02  1.0182052e-01  5.5524969e-05
 5.8675099e-02  9.6409899e-02  5.7893207e-05
 5.5319297e-02  3.2773726e+00  1.1735515e-04
 5.5338369e-02  3.2126348e+00  1.2035488e-04
 5.8509939e-02  1.1471128e-01  5.6999475e-05
 5.8555032e-02  1.0939496e-01  5.6100030e-05
 5.4495029e-02  7.7372227e+00  8.4283324e-05
 5.4503131e-02  7.6724889e+00  8.5433149e-05
 5.8791916e-02  8.5257031e-02  6.9396487e-05
 5.8823166e-02  8.2498683e-02  7.0455320e-05
 5.5383354e-02  3.0649258e+00  1.2135571e-04
 5.5398374e-02  3.0171291e+00  1.2241588e-04
 5.7560630e-02  3.1146022e-01  7.5862640e-05
 5.7583308e-02  3.0411785e-01  7.6622073e-05
 5.5320600e-02  3.2729078e+00  1.1755254e-04
 5.5339396e-02  3.2091854e+00  1.2041057e-04
 5.8509013e-02  1.1482319e-01  5.6995880e-05
 5.8554158e-02  1.0949556e-01  5.6202311e-05
 5.5707290e-02  2.1830921e+00  9.6391068e-05
 5.5724044e-02  2.1450863e+00  9.6488604e-05
 5.6512028e-02  9.3806575e-01  1.0638490e-04
 5.6526446e-02  9.2396173e-01  1.0870759e-04
 5.8681082e-02  9.5804725e-02  6.6316035e-05
 5.8702902e-02  9.3629852e-02  6.7881678e-05
 5.7673713e-02  2.7652705e-01  9.5018589e-05
 5.7699929e-02  2.6900469e-01  9.7676867e-05
 5.7672035e-02  2.7701566e-01  9.4977867e-05
 5.7698529e-02  2.6940103e-01  9.7412178e-05
 5.9127830e-02  5.9867957e-02  7.6907858e-05
 5.9175751e-02  5.6923327e-02  7.6593015e-05
 5.8028911e-02  1.9029910e-01  1.0327287e-04
 5.8085285e-02  1.7933929e-01  1.0333705e-04
 5.7025173e-02  5.4699345e-01  9.3113066e-05
 5.7058068e-02  5.2839676e-01  9.3027287e-05
 5.6786176e-02  7.0324334e-01  1.1144564e-04
 5.6817756e-02  6.8028134e-01  1.0815291e-04
 5.6786170e-02  7.0324785e-01  1.1156348e-04
 5.6817752e-02  6.8028431e-01  1.0797981e-04
 5.5886262e-02  1.8095406e+00  9.2071988e-05
 5.5901103e-02  1.7815873e+00  9.1521931e-05
 5.6971229e-02  5.7891560e-01  9.0375215e-05
 5.6994400e-02  5.6498166e-01  9.0604470e-05
 5.6972793e-02  5.7796396e-01  9.0298345e-05
 5.6995523e-02  5.6431521e-01  9.0744365e-05
 5.5885309e-02  1.8113506e+00  9.2173747e-05
 5.5900336e-02  1.7830229e+00  9.1482075e-05
 5.6787810e-02  7.0203689e-01  1.1134620e-04
 5.6819005e-02  6.7938914e-01  1.0794446e-04
 5.6785552e-02  7.0370506e-01  1.1155423e-04
 5.6817156e-02  6.8071068e-01  1.0816898e-04
 5.7026829e-02  5.4604163e-01  9.3081890e-05
 5.7059407e-02  5.2765341e-01  9.3122014e-05
 5.8028597e-02  1.9036191e-01  1.0329955e-04
 5.8084970e-02  1.7939881e-01  1.0332475e-04
 5.9125983e-02  5.9984396e-02  7.6983451e-05
 5.9174199e-02  5.7016404e-02  7.6572494e-05
 5.7673712e-02  2.7652744e-01  9.5028363e-05
 5.7699926e-02  2.6900551e-01  9.7612430e-05
 5.7672041e-02  2.7701378e-01  9.4968039e-05
 5.7698526e-02  2.6940187e-01  9.7482640e-05
 5.8682840e-02  9.5627633e-02  6.6315672e-05
 5.8704329e-02  9.3489346e-02  6.8089645e-05
 5.6510526e-02  9.3954709e-01  1.0631836e-04
 5.6525165e-02  9.2520603e-01  1.0844117e-04
 5.5705910e-02  2.1862515e+00  9.6459178e-05
 5.5722876e-02  2.1477138e+00  9.6427647e-05
 5.8509947e-02  1.1471033e-01  5.6883467e-05
 5.8555037e-02  1.0939438e-01  5.6207100e-05
 5.5319293e-02  3.2773863e+00  1.1742314e-04
 5.5338365e-02  3.2126468e+00  1.2023176e-04
 5.7561925e-02  3.1103616e-01  7.5798015e-05
 5.7584340e-02  3.0378779e-01  7.6749928e-05
 5.5382149e-02  3.0687958e+00  1.2134289e-04
 5.5397495e-02  3.0199041e+00  1.2228346e-04
 5.8793749e-02  8.5092669e-02  6.9384643e-05
 5.8824546e-02  8.2378984e-02  7.0586871e-05
 5.4494441e-02  7.7419407e+00  8.4240862e-05
 5.4502625e-02  7.6765107e+00  8.5321584e-05
 5.8511849e-02  1.1448101e-01  5.6924614e-05
 5.8556528e-02  1.0922282e-01  5.6190824e-05
 5.5318999e-02  3.2783920e+00  1.1732537e-04
 5.5338069e-02  3.2136425e+00  1.2028524e-04
 5.8625114e-02  1.0161713e-01  5.5585960e-05
 5.8676641e-02  9.6253546e-02  5.8057122e-05
 5.6521173e-02  9.2909511e-01  1.2590822e-04
 5.6557531e-02  8.9427019e-01  1.3024101e-04
 5.8623222e-02  1.0181972e-01  5.5522909e-05
 5.8675100e-02  9.6409806e-02  5.7965881e-05
 5.9127826e-02  5.9868172e-02  7.6899744e-05
 5.9175744e-02  5.6923784e-02  7.6502002e-05
 5.8028908e-02  1.9029969e-01  1.0328769e-04
 5.8085277e-02  1.7934078e-01  1.0333826e-04
 5.7025180e-02  5.4698947e-01  9.3133782e-05
 5.7058066e-02  5.2839771e-01  9.3127235e-05
 5.5705915e-02  2.1862400e+00  9.6469929e-05
 5.5722874e-02  2.1477199e+00  9.6492459e-05
 5.4738656e-02  6.0071997e+00  9.4020488e-05
 5.4746741e-02  5.9568706e+00  9.3574742e-05
 5.4189001e-02  1.0617907e+01  8.8358582e-05
 5.4197765e-02  1.0522384e+01  8.8245276e-05
 5.4105489e-02  1.1571822e+01  9.0215449e-05
 5.4113833e-02  1.1472869e+01  9.0761726e-05
 5.3471514e-02  2.2084917e+01  4.8284811e-05
 5.3474420e-02  2.2020347e+01  4.8206253e-05
 5.4189003e-02  1.0617891e+01  8.8319275e-05
 5.4197761e-02  1.0522420e+01  8.8280442e-05
 5.5319294e-02  3.2773821e+00  1.1737265e-04
 5.5338362e-02  3.2126559e+00  1.2036528e-04
 5.8509944e-02  1.1471069e-01  5.7016981e-05
 5.8555034e-02  1.0939470e-01  5.6168321e-05
 5.6786172e-02  7.0324682e-01  1.1148912e-04
 5.6817750e-02  6.8028580e-01  1.0817969e-04
 5.6786176e-02  7.0324393e-01  1.1162801e-04
 5.6817752e-02  6.8028431e-01  1.0811121e-04
 5.8509941e-02  1.1471109e-01  5.6915267e-05
 5.8555031e-02  1.0939507e-01  5.6225844e-05
 5.5319298e-02  3.2773695e+00  1.1747846e-04
 5.5338364e-02  3.2126515e+00  1.2034421e-04
 5.4189005e-02  1.0617868e+01  8.8380602e-05
 5.4197763e-02  1.0522404e+01  8.8294247e-05
 5.3471513e-02  2.2084948e+01  4.8300140e-05
 5.3474424e-02  2.2020275e+01  4.8216591e-05
 5.3224091e-02  2.8292917e+01  4.6380247e-05
 5.3227046e-02  2.8209902e+01  4.6577990e-05
 5.2892591e-02  3.9196581e+01  5.3660922e-05
 5.2892593e-02  3.9196523e+01  5.3660633e-05
 5.3471775e-02  2.2079116e+01  4.8264814e-05
 5.3474666e-02  2.2014892e+01  4.8216977e-05
 5.4495027e-02  7.7372428e+00  8.4320551e-05
 5.4503126e-02  7.6725278e+00  8.5472739e-05
 5.8791917e-02  8.5256943e-02  6.9446855e-05
 5.8823170e-02  8.2498362e-02  7.0544019e-05
 5.5886259e-02  1.8095468e+00  9.2133557e-05
 5.5901098e-02  1.7815975e+00  9.1582033e-05
 5.6971230e-02  5.7891463e-01  9.0440882e-05
 5.6994403e-02  5.6498002e-01  9.0711419e-05
 5.7561921e-02  3.1103740e-01  7.5857495e-05
 5.7584335e-02  3.0378947e-01  7.6806229e-05
 5.5382151e-02  3.0687891e+00  1.2143163e-04
 5.5397497e-02  3.0198980e+00  1.2241226e-04
 5.4105492e-02  1.1571796e+01  9.0266061e-05
 5.4113834e-02  1.1472856e+01  9.0833240e-05
 5.3224093e-02  2.8292865e+01  4.6381169e-05
 5.3227046e-02  2.8209898e+01  4.6586632e-05
 5.2807426e-02  4.2562781e+01  4.7455303e-05
 5.2807431e-02  4.2562577e+01  4.7455220e-05
