0.000000000000000000e+00 -1.001050604941910004e-10 -1.001050604941910004e-10
1.000000020216089136e-01 -9.891006596157449770e-11 -9.984469985312192016e-11
2.000000040432176052e-01 -9.900372751912840023e-11 -9.958501637725392340e-11
3.000000060648267408e-01 -9.852016619401909488e-11 -9.932600830536566921e-11
4.000000080864356544e-01 -9.832901097248930634e-11 -9.906767388081658775e-11
5.000000101080446235e-01 -9.812517589759079626e-11 -9.881001135153488625e-11
6.000000121296534816e-01 -9.766611148214780559e-11 -9.855301897000565821e-11
7.000000141512624507e-01 -9.754716723218839729e-11 -9.829669499325912195e-11
8.000000161728713088e-01 -9.730633174377819465e-11 -9.804103768285869112e-11
9.000000181944802780e-01 -9.703210804105760274e-11 -9.778604530488927785e-11
1.000000020216089247e+00 -9.680585324088210624e-11 -9.753171612994544079e-11
1.100000022237695774e+00 -9.639154062426449690e-11 -9.727804843311972705e-11
1.200000024259304521e+00 -9.627277690226080527e-11 -9.702504049399094949e-11
1.300000026280913490e+00 -9.595933857681939761e-11 -9.677269059661255448e-11
1.400000028302522459e+00 -9.571737064570270552e-11 -9.652099702950087337e-11
1.500000030324131206e+00 -9.547148187065220067e-11 -9.626995808562363245e-11
1.600000032345740175e+00 -9.517576181328340001e-11 -9.601957206238837237e-11
1.700000034367349144e+00 -9.497545087355450478e-11 -9.576983726163080304e-11
1.800000036388957891e+00 -9.468694896773819954e-11 -9.552075198960335230e-11
1.900000038410566860e+00 -9.449640949383420394e-11 -9.527231455696368884e-11
2.000000040432175830e+00 -9.434970895313830149e-11 -9.502452327876327088e-11
2.100000042453785021e+00 -9.394667687518440102e-11 -9.477737647443585614e-11
2.200000044475393324e+00 -9.383847070889899816e-11 -9.453087246778615392e-11
2.300000046497002515e+00 -9.342979835630209749e-11 -9.428500958697843850e-11
2.400000048518611262e+00 -9.330204289804259683e-11 -9.403978616452523996e-11
2.500000050540210683e+00 -9.298868593257879370e-11 -9.379520053727602221e-11
2.600000052561836750e+00 -9.273030417715059647e-11 -9.355125104640578336e-11
2.700000054583438391e+00 -9.255924270097199584e-11 -9.330793603740413437e-11
2.800000056605039589e+00 -9.234740612279090187e-11 -9.306525386006366684e-11
2.900000058626665655e+00 -9.211946868947299692e-11 -9.282320286846896698e-11
3.000000060648267297e+00 -9.179036685203699424e-11 -9.258178142098559086e-11
3.100000062669868939e+00 -9.155609767654579567e-11 -9.234098788024863900e-11
3.200000064691495005e+00 -9.132001875875690288e-11 -9.210082061315175742e-11
3.300000066713096647e+00 -9.101980455142829996e-11 -9.186127799083629384e-11
3.400000068734698289e+00 -9.076298430877139647e-11 -9.162235838867987222e-11
3.500000070756299486e+00 -9.059820005700689415e-11 -9.138406018628558776e-11
3.600000072777925997e+00 -9.036158427652719797e-11 -9.114638176747096918e-11
3.700000074799527194e+00 -9.020541884912170352e-11 -9.090932152025718657e-11
3.800000076821128836e+00 -8.989203808009499357e-11 -9.067287783685778112e-11
3.900000078842754458e+00 -8.967096071249150104e-11 -9.043704911366793757e-11
4.000000080864356988e+00 -8.945370616524250311e-11 -9.020183375125382134e-11
4.100000082885958186e+00 -8.914653862735759878e-11 -8.996723015434130823e-11
4.200000084907560272e+00 -8.900191856652109789e-11 -8.973323673180547659e-11
4.300000086929185450e+00 -8.867141744892190413e-11 -8.949985189665966016e-11
4.400000088950786648e+00 -8.854846248981919829e-11 -8.926707406604486267e-11
4.500000090972389621e+00 -8.820407274340880211e-11 -8.903490166121879776e-11
4.600000092994014800e+00 -8.811234921575270380e-11 -8.880333310754526487e-11
4.700000095015615997e+00 -8.783951217323429658e-11 -8.857236683448366727e-11
4.800000097037218083e+00 -8.769056275275640478e-11 -8.834200127557798734e-11
4.900000099058819281e+00 -8.745846133221840179e-11 -8.811223486844648555e-11
5.000000101080445347e+00 -8.708748742643149366e-11 -8.788306605477083083e-11
5.100000103102047433e+00 -8.700291429257349709e-11 -8.765449328028594171e-11
5.200000105123648630e+00 -8.666104625112829620e-11 -8.742651499476897452e-11
5.300000107145274697e+00 -8.644538494599959561e-11 -8.719912965202899654e-11
5.400000109166876783e+00 -8.618999654653999530e-11 -8.697233570989673671e-11
5.500000111188477980e+00 -8.598946371923219716e-11 -8.674613163021370303e-11
5.600000113210079178e+00 -8.577648865917710420e-11 -8.652051587882206256e-11
5.700000115231706133e+00 -8.559444052530270493e-11 -8.629548692555401726e-11
5.800000117253307330e+00 -8.540495251121859479e-11 -8.607104324422177447e-11
5.900000119274908528e+00 -8.511525615939859653e-11 -8.584718331260674187e-11
6.000000121296534594e+00 -8.495599490194849641e-11 -8.562390561244945910e-11
6.100000123318135792e+00 -8.472863958400539426e-11 -8.540120862943941310e-11
6.200000125339737878e+00 -8.448787894442229757e-11 -8.517909085320447870e-11
6.300000127361339963e+00 -8.435047850075180358e-11 -8.495755077730086312e-11
6.400000129382966030e+00 -8.402694396801739735e-11 -8.473658689920276626e-11
6.500000131404567227e+00 -8.386921197070949672e-11 -8.451619772029246746e-11
6.600000133426169313e+00 -8.363548125888739864e-11 -8.429638174584977892e-11
6.700000135447793603e+00 -8.339854359346680175e-11 -8.407713748504209370e-11
6.800000137469396577e+00 -8.323510335276660304e-11 -8.385846345091444663e-11
6.900000139490998663e+00 -8.287860621248880421e-11 -8.364035816037907115e-11
7.000000141512622953e+00 -8.276012899547530641e-11 -8.342282013420555069e-11
7.100000143534225927e+00 -8.252944147524169812e-11 -8.320584789701090543e-11
7.200000145555826236e+00 -8.239459022824589745e-11 -8.298943997724926547e-11
7.300000147577452303e+00 -8.215811830476880602e-11 -8.277359490720209974e-11
7.400000149599054389e+00 -8.191867667031140394e-11 -8.255831122296836741e-11
7.500000151620655586e+00 -8.176180858538879894e-11 -8.234358746445430737e-11
7.600000153642281653e+00 -8.148496790068109386e-11 -8.212942217536364128e-11
7.700000155663883739e+00 -8.132941246111810260e-11 -8.191581390318793179e-11
7.800000157685484936e+00 -8.113487637208710613e-11 -8.170276119919635910e-11
7.900000159707087022e+00 -8.083579525848619759e-11 -8.149026261842610493e-11
8.000000161728713977e+00 -8.073470753357850070e-11 -8.127831671967250397e-11
8.100000163750314286e+00 -8.047844646589249451e-11 -8.106692206547942787e-11
8.200000165771916372e+00 -8.038634344405339911e-11 -8.085607722212917814e-11
8.300000167793541550e+00 -8.004575951193170120e-11 -8.064578075963306404e-11
8.400000169815143636e+00 -7.981809366810639403e-11 -8.043603125172170903e-11
8.500000171836745722e+00 -7.958043384283339907e-11 -8.022682727583515051e-11
8.600000173858370900e+00 -7.951110298362490202e-11 -8.001816741311332720e-11
8.700000175879972986e+00 -7.929023472161969795e-11 -7.981005024838657951e-11
8.800000177901573295e+00 -7.900031665933819587e-11 -7.960247437016582673e-11
8.900000179923200250e+00 -7.871499767985179799e-11 -7.939543837063305452e-11
9.000000181944802335e+00 -7.868322728057309969e-11 -7.918894084563193153e-11
9.100000183966402645e+00 -7.846012385144739655e-11 -7.898298039465807709e-11
9.200000185988029600e+00 -7.827553262683110210e-11 -7.877755562084960039e-11
9.300000188009631685e+00 -7.800459827195349508e-11 -7.857266513097782051e-11
9.400000190031231995e+00 -7.790018966102439995e-11 -7.836830753543755995e-11
9.500000192052858949e+00 -7.767920733089899717e-11 -7.816448144823777430e-11
9.600000194074459259e+00 -7.741112732720809849e-11 -7.796118548699240146e-11
9.700000196096061345e+00 -7.728239142720370311e-11 -7.775841827291059064e-11
9.800000198117663430e+00 -7.699237014179510212e-11 -7.755617843078766796e-11
9.900000200139288609e+00 -7.682597995627339809e-11 -7.735446458899559806e-11
1.000000020216089069e+01 -7.665115370068189925e-11 -7.715327537947393675e-11
1.010000020418249278e+01 -7.637676949653479665e-11 -7.695260943772022803e-11
1.020000020620411796e+01 -7.631923394831329471e-11 -7.675246540278096969e-11
1.030000020822572004e+01 -7.602092559241380136e-11 -7.655284191724241091e-11
1.040000021024732213e+01 -7.590760752976449621e-11 -7.635373762722113019e-11
1.050000021226894731e+01 -7.559020686152610497e-11 -7.615515118235505268e-11
1.060000021429054939e+01 -7.551274655682410126e-11 -7.595708123579426069e-11
1.070000021631215148e+01 -7.530073958064590093e-11 -7.575952644419175258e-11
1.080000021833377666e+01 -7.512740831148890206e-11 -7.556248546769438251e-11
1.090000022035537874e+01 -7.495707275256899415e-11 -7.536595696993394240e-11
1.100000022237698083e+01 -7.467809359430830488e-11 -7.516993961801781739e-11
1.110000022439860601e+01 -7.460222751363380032e-11 -7.497443208252005488e-11
1.120000022642020632e+01 -7.430037915594320104e-11 -7.477943303747251109e-11
1.130000022844181018e+01 -7.409332216339600221e-11 -7.458494116035560991e-11
1.140000023046343536e+01 -7.397031614192350624e-11 -7.439095513208942487e-11
1.150000023248503567e+01 -7.369495208254269439e-11 -7.419747363702500665e-11
1.160000023450663775e+01 -7.347690694852100191e-11 -7.400449536293503854e-11
1.170000023652823984e+01 -7.333042407198039696e-11 -7.381201900100522860e-11
1.180000023854986502e+01 -7.312311448487460182e-11 -7.362004324582527524e-11
1.190000024057146710e+01 -7.302330494348880266e-11 -7.342856679538022069e-11
1.200000024259306919e+01 -7.276272856948249698e-11 -7.323758835104136486e-11
1.210000024461469437e+01 -7.261212189519110359e-11 -7.304710661755756705e-11
1.220000024663629645e+01 -7.243635154436330020e-11 -7.285712030304661224e-11
1.230000024865789854e+01 -7.225863760811070603e-11 -7.266762811898616385e-11
1.240000025067952372e+01 -7.207937523773370423e-11 -7.247862878020519457e-11
1.250000025270112580e+01 -7.180488487119069441e-11 -7.229012100487533984e-11
1.260000025472272789e+01 -7.168983910760539672e-11 -7.210210351450199268e-11
1.270000025674435307e+01 -7.148324758197840562e-11 -7.191457503391577337e-11
1.280000025876595515e+01 -7.134381119824779781e-11 -7.172753429126394752e-11
1.290000026078755546e+01 -7.108289004228959857e-11 -7.154098001800161135e-11
1.300000026280918242e+01 -7.092480403907759536e-11 -7.135491094888314853e-11
1.310000026483078450e+01 -7.073686892198809389e-11 -7.116932582195388078e-11
1.320000026685238659e+01 -7.053383008708140199e-11 -7.098422337854112401e-11
1.330000026887401177e+01 -7.040801483599070292e-11 -7.079960236324586478e-11
1.340000027089561385e+01 -7.023092881253360142e-11 -7.061546152393437222e-11
1.350000027291721416e+01 -7.005388602485469714e-11 -7.043179961172937041e-11
1.360000027493883934e+01 -6.984234412652489757e-11 -7.024861538100184417e-11
1.370000027696044320e+01 -6.958172874316229715e-11 -7.006590758936254749e-11
1.380000027898204529e+01 -6.947527788627939362e-11 -6.988367499765344743e-11
1.390000028100364560e+01 -6.927829896462949769e-11 -6.970191636993945225e-11
1.400000028302527255e+01 -6.916436144642649491e-11 -6.952063047349990702e-11
1.410000028504687286e+01 -6.896146714960130112e-11 -6.933981607882047688e-11
1.420000028706847672e+01 -6.876632418572419686e-11 -6.915947195958446165e-11
1.430000028909010013e+01 -6.861871744809489884e-11 -6.897959689266470496e-11
1.440000029111170399e+01 -6.842218478583299631e-11 -6.880018965811533539e-11
1.450000029313330430e+01 -6.826544351126349583e-11 -6.862124903916332662e-11
1.460000029515493125e+01 -6.801597217174370039e-11 -6.844277382220026441e-11
1.470000029717653156e+01 -6.782933469677049990e-11 -6.826476279677435914e-11
1.480000029919813187e+01 -6.775824754341689460e-11 -6.808721475558191550e-11
1.490000030121975882e+01 -6.750313611320960632e-11 -6.791012849445925455e-11
1.500000030324136269e+01 -6.734382885662820024e-11 -6.773350281237472629e-11
1.510000030526296300e+01 -6.715878231080659977e-11 -6.755733651142026979e-11
1.520000030728458995e+01 -6.694620233720850382e-11 -6.738162839680346454e-11
1.530000030930619026e+01 -6.684038044088679957e-11 -6.720637727683947831e-11
1.540000031132779057e+01 -6.668819677671950319e-11 -6.703158196294282127e-11
1.550000031334941752e+01 -6.655368334172620420e-11 -6.685724126961930675e-11
1.560000031537101783e+01 -6.631312917175010038e-11 -6.668335401445824477e-11
1.570000031739262170e+01 -6.617915741819189505e-11 -6.650991901812410563e-11
1.580000031941422201e+01 -6.594965593258670347e-11 -6.633693510434868746e-11
1.590000032143584896e+01 -6.587332156903200494e-11 -6.616440109992309008e-11
1.600000032345744927e+01 -6.561411183971809375e-11 -6.599231583468990841e-11
1.610000032547905136e+01 -6.545432175787900472e-11 -6.582067814153503826e-11
1.620000032750067831e+01 -6.529666504944989487e-11 -6.564948685637988270e-11
1.630000032952228040e+01 -6.516921675467080600e-11 -6.547874081817362315e-11
1.640000033154388248e+01 -6.493483980689299732e-11 -6.530843886888501210e-11
1.650000033356550588e+01 -6.484033457570790106e-11 -6.513857985349474764e-11
1.660000033558710797e+01 -6.456248548990279823e-11 -6.496916261998766688e-11
1.670000033760871005e+01 -6.443747632402099509e-11 -6.480018601934478436e-11
1.680000033963033346e+01 -6.429905757987889531e-11 -6.463164890553548553e-11
1.690000034165193554e+01 -6.420066959705649787e-11 -6.446355013551005627e-11
1.700000034367354118e+01 -6.402490049114179778e-11 -6.429588856919150156e-11
1.710000034569516458e+01 -6.384866344801450183e-11 -6.412866306946808795e-11
1.720000034771676667e+01 -6.367599058043720347e-11 -6.396187250218566623e-11
1.730000034973836875e+01 -6.355486419538380193e-11 -6.379551573613972282e-11
1.740000035175999216e+01 -6.328903153508179792e-11 -6.362959164306792217e-11
1.750000035378159424e+01 -6.316405135352360120e-11 -6.346409909764246825e-11
1.760000035580319988e+01 -6.290659873252260610e-11 -6.329903697746233687e-11
1.770000035782479841e+01 -6.287006743615719410e-11 -6.313440416304570175e-11
1.780000035984642537e+01 -6.266280582671219930e-11 -6.297019953782236067e-11
1.790000036186802745e+01 -6.253962296359890271e-11 -6.280642198812630377e-11
1.800000036388962599e+01 -6.230628760555259697e-11 -6.264307040318788118e-11
1.810000036591125294e+01 -6.217364461857840613e-11 -6.248014367512643593e-11
1.820000036793285503e+01 -6.205376843506719674e-11 -6.231764069894285935e-11
1.830000036995445711e+01 -6.192472700033300432e-11 -6.215556037251191380e-11
1.840000037197608407e+01 -6.176337588701550254e-11 -6.199390159657483970e-11
1.850000037399768615e+01 -6.161125236327429899e-11 -6.183266327473202727e-11
1.860000037601928469e+01 -6.140487682791190452e-11 -6.167184431343536512e-11
1.870000037804091164e+01 -6.128376281102499418e-11 -6.151144362198087311e-11
1.880000038006251373e+01 -6.104074692049199554e-11 -6.135146011250152920e-11
1.890000038208411581e+01 -6.097629503390350246e-11 -6.119189269995957925e-11
1.900000038410574277e+01 -6.078400486528190238e-11 -6.103274030213929917e-11
1.910000038612734485e+01 -6.066020898437900261e-11 -6.087400183963980877e-11
1.920000038814894339e+01 -6.052735438413009515e-11 -6.071567623586748504e-11
1.930000039017057034e+01 -6.031755265984580069e-11 -6.055776241702878883e-11
1.940000039219217243e+01 -6.018621083760620057e-11 -6.040025931212311762e-11
1.950000039421377451e+01 -5.998718555803519697e-11 -6.024316585293525737e-11
1.960000039623537660e+01 -5.980775865710330530e-11 -6.008648097402837743e-11
1.970000039825700355e+01 -5.969224373283299796e-11 -5.993020361273658588e-11
1.980000040027860209e+01 -5.944514220165020527e-11 -5.977433270915809235e-11
1.990000040230020417e+01 -5.940617416509539497e-11 -5.961886720614751785e-11
2.000000040432183113e+01 -5.916739211091569951e-11 -5.946380604930912222e-11
2.010000040634342966e+01 -5.909740521201040033e-11 -5.930914818698954044e-11
2.020000040836503530e+01 -5.894177564752219462e-11 -5.915489257027053190e-11
2.030000041038666225e+01 -5.876615686175000112e-11 -5.900103815296198810e-11
2.040000041240826079e+01 -5.861897768777950645e-11 -5.884758389159487581e-11
2.050000041442986287e+01 -5.848614542115059560e-11 -5.869452874541403798e-11
2.060000041645148983e+01 -5.833263012097030491e-11 -5.854187167637112396e-11
2.070000041847308836e+01 -5.815622970076240274e-11 -5.838961164911779106e-11
2.080000042049469400e+01 -5.801353614643939722e-11 -5.823774763099833753e-11
2.090000042251631740e+01 -5.787554061850699887e-11 -5.808627859204292999e-11
2.100000042453791949e+01 -5.775600912309210013e-11 -5.793520350496061764e-11
2.110000042655952157e+01 -5.760507027916210181e-11 -5.778452134513221719e-11
2.120000042858114853e+01 -5.744032401276449912e-11 -5.763423109060343050e-11
2.130000043060274706e+01 -5.722205175022030218e-11 -5.748433172207807846e-11
2.140000043262434914e+01 -5.714147208958630264e-11 -5.733482222291089550e-11
2.150000043464595123e+01 -5.694028459256490203e-11 -5.718570157910084106e-11
2.160000043666757819e+01 -5.682730837773630094e-11 -5.703696877928413314e-11
2.170000043868918027e+01 -5.669897771267279784e-11 -5.688862281472750166e-11
2.180000044071078236e+01 -5.651970578399580048e-11 -5.674066267932118971e-11
2.190000044273240576e+01 -5.637252761052129809e-11 -5.659308736957216808e-11
2.200000044475400784e+01 -5.622666275172030002e-11 -5.644589588459748551e-11
2.210000044677560993e+01 -5.614021974649619735e-11 -5.629908722611730229e-11
2.220000044879723333e+01 -5.596925519627899729e-11 -5.615266039844809183e-11
2.230000045081883897e+01 -5.575724499297899686e-11 -5.600661440849614606e-11
2.240000045284044106e+01 -5.560971860306360058e-11 -5.586094826575054434e-11
2.250000045486206446e+01 -5.542293405490739753e-11 -5.571566098227656837e-11
2.260000045688366654e+01 -5.536274049955580272e-11 -5.557075157270906531e-11
2.270000045890526863e+01 -5.509907646224250318e-11 -5.542621905424563004e-11
2.280000046092689203e+01 -5.505321449109450003e-11 -5.528206244663998126e-11
2.290000046294849767e+01 -5.491057800466759776e-11 -5.513828077219543448e-11
2.300000046497009976e+01 -5.484893723467160207e-11 -5.499487305575808426e-11
2.310000046699172316e+01 -5.477791279969579866e-11 -5.485183832471027080e-11
2.320000046901332524e+01 -5.454484835129559953e-11 -5.470917560896407877e-11
2.330000047103492733e+01 -5.439891167306649788e-11 -5.456688394095458420e-11
2.340000047305655073e+01 -5.428740231286860107e-11 -5.442496235563337271e-11
2.350000047507815637e+01 -5.413583966872800306e-11 -5.428340989046209658e-11
2.360000047709975846e+01 -5.395142153901729685e-11 -5.414222558540575387e-11
2.370000047912135699e+01 -5.379293900139880061e-11 -5.400140848292631660e-11
2.380000048114298394e+01 -5.364213324982899698e-11 -5.386095762797611323e-11
2.390000048316458603e+01 -5.349932117969350292e-11 -5.372087206799159257e-11
2.400000048518618811e+01 -5.337585544285459831e-11 -5.358115085288655765e-11
2.410000048720781152e+01 -5.331069259531729864e-11 -5.344179303504588433e-11
2.420000048922934255e+01 -5.316784222743600150e-11 -5.330279766931927221e-11
2.430000049125109030e+01 -5.301449893454970134e-11 -5.316416381301403267e-11
2.440000049327259291e+01 -5.283841784279749739e-11 -5.302589052589039717e-11
2.450000049529434065e+01 -5.271503970363250160e-11 -5.288797687015267677e-11
2.460000049731584326e+01 -5.255433482102929985e-11 -5.275042191044568847e-11
2.470000049933734942e+01 -5.238581057788489785e-11 -5.261322471384590822e-11
2.480000050135909717e+01 -5.228270940637190104e-11 -5.247638434985628816e-11
2.490000050338060333e+01 -5.215130531931010122e-11 -5.233989989040087343e-11
2.500000050540234753e+01 -5.205823275352770073e-11 -5.220377040981617499e-11
2.510000050742385369e+01 -5.196974649364470185e-11 -5.206799498484753774e-11
2.520000050944560144e+01 -5.177620898735460260e-11 -5.193257269464032589e-11
2.530000051146710760e+01 -5.169318732943889861e-11 -5.179750262073617482e-11
2.540000051348861021e+01 -5.146857980612459902e-11 -5.166278384706458351e-11
2.550000051551035440e+01 -5.136066950179180207e-11 -5.152841545993760901e-11
2.560000051753186412e+01 -5.120067981882960320e-11 -5.139439654804464482e-11
2.570000051955360831e+01 -5.106144198274629976e-11 -5.126072620244407804e-11
2.580000052157511092e+01 -5.094457013800870251e-11 -5.112740351655952824e-11
2.590000052359686222e+01 -5.087461646452939710e-11 -5.099442758617126547e-11
2.600000052561836483e+01 -5.073532005807919782e-11 -5.086179750941263662e-11
2.610000052763987100e+01 -5.059540100742309907e-11 -5.072951238676161262e-11
2.620000052966161519e+01 -5.043657155835899847e-11 -5.059757132103572844e-11
2.630000053168312490e+01 -5.038706093509689826e-11 -5.046597341738694553e-11
2.640000053370486910e+01 -5.019674292445699925e-11 -5.033471778329334124e-11
2.650000053572637526e+01 -5.013378951617430104e-11 -5.020380352855557388e-11
2.660000053774811946e+01 -4.993319343504259945e-11 -5.007322976528836541e-11
2.670000053976962207e+01 -4.984781226185659678e-11 -4.994299560791694709e-11
2.680000054179137337e+01 -4.970443331065250016e-11 -4.981310017316856796e-11
2.690000054381287597e+01 -4.955991238083069917e-11 -4.968354258006903108e-11
2.700000054583438214e+01 -4.952066565057869885e-11 -4.955432194993447981e-11
2.710000054785612633e+01 -4.931667512039649741e-11 -4.942543740636643475e-11
2.720000054987763605e+01 -4.920060999114190247e-11 -4.929688807524670145e-11
2.730000055189938024e+01 -4.911542073013259710e-11 -4.916867308472936996e-11
2.740000055392088640e+01 -4.885634653654540242e-11 -4.904079156523729937e-11
2.750000055594263060e+01 -4.881245701588219783e-11 -4.891324264945378131e-11
2.760000055796413321e+01 -4.854012832349359761e-11 -4.878602547231912146e-11
2.770000055998564292e+01 -4.863533249855449860e-11 -4.865913917102259384e-11
2.780000056200738712e+01 -4.838873697559600214e-11 -4.853258288499758118e-11
2.790000056402889328e+01 -4.833716901474669681e-11 -4.840635575591656010e-11
2.800000056605064103e+01 -4.819779011481629718e-11 -4.828045692768323000e-11
2.810000056807214719e+01 -4.804626156576449877e-11 -4.815488554642906863e-11
2.820000057009389138e+01 -4.800297971101780032e-11 -4.802964076050517655e-11
2.830000057211539399e+01 -4.778851797641089756e-11 -4.790472172047887155e-11
2.840000057413690371e+01 -4.770147038631170186e-11 -4.778012757912583685e-11
2.850000057615864790e+01 -4.752346551302750161e-11 -4.765585749142530666e-11
2.860000057818015406e+01 -4.742853991430020000e-11 -4.753191061455516125e-11
2.870000058020189826e+01 -4.727860206959600209e-11 -4.740828610788420446e-11
2.880000058222340797e+01 -4.719760330399579797e-11 -4.728498313296877743e-11
2.890000058424515217e+01 -4.712553368795109974e-11 -4.716200085354473879e-11
2.900000058626665833e+01 -4.700090296073220182e-11 -4.703933843552413661e-11
2.910000058828816094e+01 -4.688233674576299721e-11 -4.691699504698748584e-11
2.920000059030990514e+01 -4.680620575055620132e-11 -4.679496985817903143e-11
2.930000059233141485e+01 -4.664496396195940098e-11 -4.667326204150199204e-11
2.940000059435315904e+01 -4.648499412156059975e-11 -4.655187077151087632e-11
2.950000059637466521e+01 -4.637742002590170292e-11 -4.643079522490825171e-11
2.960000059839640940e+01 -4.625958873154310009e-11 -4.631003458053680870e-11
2.970000060041791912e+01 -4.612699015689570314e-11 -4.618958801937612317e-11
2.980000060243942173e+01 -4.605845187611509699e-11 -4.606945472453508255e-11
2.990000060446116592e+01 -4.590302742194240105e-11 -4.594963388124719412e-11
3.000000060648267208e+01 -4.577819019224790055e-11 -4.583012467686593859e-11
3.010000060850441628e+01 -4.562682376306160051e-11 -4.571092630085722858e-11
3.020000061052592599e+01 -4.555824355879149970e-11 -4.559203794479623555e-11
3.030000061254767019e+01 -4.543322618378769912e-11 -4.547345880235959621e-11
3.040000061456917990e+01 -4.529133846298360286e-11 -4.535518806932222019e-11
3.050000061659067896e+01 -4.517380179106040210e-11 -4.523722494354987763e-11
3.060000061861243026e+01 -4.502675409846900068e-11 -4.511956862499453990e-11
3.070000062063393287e+01 -4.498982471838289694e-11 -4.500221831568992056e-11
3.080000062265567706e+01 -4.483670620124399778e-11 -4.488517321974394668e-11
3.090000062467718678e+01 -4.470896935664029688e-11 -4.476843254333572808e-11
3.100000062669893097e+01 -4.461721058708139916e-11 -4.465199549470787353e-11
3.110000062872043713e+01 -4.453369674089490322e-11 -4.453586128416336299e-11
3.120000063074218133e+01 -4.445433057560790222e-11 -4.442002912405796084e-11
3.130000063276369104e+01 -4.427511372726850131e-11 -4.430449822879710745e-11
3.140000063478519365e+01 -4.418929495785380188e-11 -4.418926781482866199e-11
3.150000063680694140e+01 -4.405152376171150244e-11 -4.407433710063839171e-11
3.160000063882844401e+01 -4.391357287610300203e-11 -4.395970530674550645e-11
3.170000064085018820e+01 -4.380482022185889761e-11 -4.384537165569545956e-11
3.180000064287169792e+01 -4.366553301316370315e-11 -4.373133537205682665e-11
3.190000064489344211e+01 -4.362893699223139996e-11 -4.361759568241395135e-11
3.200000064691494828e+01 -4.345213452296439852e-11 -4.350415181536376593e-11
3.210000064893645089e+01 -4.336324269700519952e-11 -4.339100300150874725e-11
3.220000065095820219e+01 -4.322155863624230003e-11 -4.327814847345245135e-11
3.230000065297970480e+01 -4.319089804770109842e-11 -4.316558746579517070e-11
3.240000065500144899e+01 -4.298775096431569883e-11 -4.305331921512681272e-11
3.250000065702295871e+01 -4.295837553724199963e-11 -4.294134296002388831e-11
3.260000065904470290e+01 -4.280124452372480140e-11 -4.282965794104222882e-11
3.270000066106621261e+01 -4.270414953642739886e-11 -4.271826340071391636e-11
3.280000066308770812e+01 -4.261795288855900143e-11 -4.260715858354036271e-11
3.290000066510945942e+01 -4.242464279466569849e-11 -4.249634273598785670e-11
3.300000066713096203e+01 -4.238129863593399886e-11 -4.238581510648342188e-11
3.310000066915271333e+01 -4.224815008151390062e-11 -4.227557494540768852e-11
3.320000067117421594e+01 -4.213360785429339798e-11 -4.216562150509208253e-11
3.330000067319596013e+01 -4.205433620804139931e-11 -4.205595403981150356e-11
3.340000067521746985e+01 -4.187620211810570086e-11 -4.194657180578146872e-11
3.350000067723897246e+01 -4.187171983869800101e-11 -4.183747406115121069e-11
3.360000067926072376e+01 -4.164911311528739774e-11 -4.172866006599938684e-11
3.370000068128222637e+01 -4.161743270554929811e-11 -4.162012908232992383e-11
3.380000068330397056e+01 -4.148172291205989704e-11 -4.151188037406510298e-11
3.390000068532547317e+01 -4.141041971556420031e-11 -4.140391320704271030e-11
3.400000068734722447e+01 -4.127715664977020239e-11 -4.129622684900894738e-11
3.410000068936872708e+01 -4.114443000385750287e-11 -4.118882056961556202e-11
3.420000069139022969e+01 -4.105694962027580112e-11 -4.108169364041306283e-11
3.430000069341198099e+01 -4.100866211750380321e-11 -4.097484533484656390e-11
3.440000069543348360e+01 -4.080677225994660321e-11 -4.086827492825162953e-11
3.450000069745523490e+01 -4.082381971910789704e-11 -4.076198169784756631e-11
3.460000069947673751e+01 -4.055418992676650160e-11 -4.065596492273456029e-11
3.470000070149848881e+01 -4.057733872640270255e-11 -4.055022388388673642e-11
3.480000070351998431e+01 -4.037189447051120192e-11 -4.044475786414936037e-11
3.490000070554149403e+01 -4.026272759456240169e-11 -4.033956614823212413e-11
3.500000070756323822e+01 -4.026430178212610061e-11 -4.023464802270513288e-11
3.510000070958474083e+01 -4.012124733217590307e-11 -4.013000277599478207e-11
3.520000071160649213e+01 -4.002355272612690050e-11 -4.002562969837716574e-11
3.530000071362799474e+01 -3.986539684838110167e-11 -3.992152808197529133e-11
3.540000071564974604e+01 -3.981389071603420117e-11 -3.981769722075226183e-11
3.550000071767124865e+01 -3.972921242019059894e-11 -3.971413641050850996e-11
3.560000071969275837e+01 -3.961149562517090255e-11 -3.961084494887521299e-11
3.570000072171450256e+01 -3.948596590783630046e-11 -3.950782213531037012e-11
3.580000072373600517e+01 -3.937668528417010247e-11 -3.940506727109469885e-11
3.590000072575774936e+01 -3.930206260061439904e-11 -3.930257965932524379e-11
3.600000072777925197e+01 -3.920114103839270005e-11 -3.920035860491258485e-11
3.610000072980100327e+01 -3.905991529297779715e-11 -3.909840341457412937e-11
3.620000073182250588e+01 -3.897754322345680104e-11 -3.899671339683146254e-11
3.630000073384425718e+01 -3.895552082911759732e-11 -3.889528786200358130e-11
3.640000073586575979e+01 -3.876237669929510235e-11 -3.879412612220427715e-11
3.650000073788726951e+01 -3.873495158899319910e-11 -3.869322749133568666e-11
3.660000073990901370e+01 -3.851121976452750109e-11 -3.859259128508440762e-11
3.670000074193051631e+01 -3.852006001258359710e-11 -3.849221682091760228e-11
3.680000074395226051e+01 -3.837119687297990148e-11 -3.839210341807659957e-11
3.690000074597376312e+01 -3.826959570537449937e-11 -3.829225039757430372e-11
3.700000074799551442e+01 -3.823526930858490177e-11 -3.819265708218858331e-11
3.710000075001701703e+01 -3.810571565306560085e-11 -3.809332279645967333e-11
3.720000075203852674e+01 -3.806497394174949961e-11 -3.799424686668384218e-11
3.730000075406027094e+01 -3.785106043338609712e-11 -3.789542862090961109e-11
3.740000075608177355e+01 -3.784315642462649971e-11 -3.779686738893383155e-11
3.750000075810352484e+01 -3.773612002640019925e-11 -3.769856250229554605e-11
3.760000076012502745e+01 -3.763586865336300303e-11 -3.760051329427334499e-11
3.770000076214677875e+01 -3.751336751509449875e-11 -3.750271909987889786e-11
3.780000076416828136e+01 -3.733878481782790073e-11 -3.740517925585438122e-11
3.790000076618978397e+01 -3.736245366550499681e-11 -3.730789310066632655e-11
3.800000076821152817e+01 -3.713479177432479742e-11 -3.721085997450181394e-11
3.810000077023303788e+01 -3.705755047584159935e-11 -3.711407921926471099e-11
3.820000077225478208e+01 -3.701245773631489969e-11 -3.701755017856960466e-11
3.830000077427628469e+01 -3.688920020662519819e-11 -3.692127219773917757e-11
3.840000077629803599e+01 -3.687152839970239713e-11 -3.682524462379788781e-11
3.850000077831953860e+01 -3.675991403433260278e-11 -3.672946680546947449e-11
3.860000078034104831e+01 -3.668948685827409784e-11 -3.663393809317083142e-11
3.870000078236279251e+01 -3.661344877035620295e-11 -3.653865783900836233e-11
3.880000078438429512e+01 -3.645164412866499730e-11 -3.644362539677423275e-11
3.890000078640603931e+01 -3.639697530631100072e-11 -3.634884012194041170e-11
3.900000078842754903e+01 -3.623046493471770159e-11 -3.625430137165609966e-11
3.910000079044929322e+01 -3.622770253045679888e-11 -3.616000850474158291e-11
3.920000079247079583e+01 -3.606411009608039857e-11 -3.606596088168566149e-11
3.930000079449230554e+01 -3.602260118648239971e-11 -3.597215786463974262e-11
3.940000079651404974e+01 -3.596740421853680128e-11 -3.587859881741423472e-11
3.950000079853555945e+01 -3.578455873225019810e-11 -3.578528310547482508e-11
3.960000080055730365e+01 -3.574916579520850059e-11 -3.569221009593668314e-11
3.970000080257881336e+01 -3.562745673116419704e-11 -3.559937915756188850e-11
3.980000080460055756e+01 -3.551893949882499865e-11 -3.550678966075344026e-11
3.990000080662206017e+01 -3.549217212788939785e-11 -3.541444097755269801e-11
4.000000080864356278e+01 -3.532044820033719968e-11 -3.532233248163361735e-11
4.010000081066530697e+01 -3.530853609870860010e-11 -3.523046354829913101e-11
4.020000081268681669e+01 -3.518603984104800271e-11 -3.513883355447760101e-11
4.030000081470856088e+01 -3.507572165042559780e-11 -3.504744187871704778e-11
4.040000081673007060e+01 -3.502256380637730315e-11 -3.495628790118266217e-11
4.050000081875181479e+01 -3.492048714932759823e-11 -3.486537100365092468e-11
4.060000082077332451e+01 -3.484538712705589923e-11 -3.477469056950703349e-11
4.070000082279506870e+01 -3.477935560392869879e-11 -3.468424598373913354e-11
4.080000082481657131e+01 -3.458486328702870092e-11 -3.459403663293575103e-11
4.090000082683807392e+01 -3.457210691115769835e-11 -3.450406190528019050e-11
4.100000082885981811e+01 -3.437258278060170156e-11 -3.441432119054699349e-11
4.110000083088132783e+01 -3.440565616501210232e-11 -3.432481388009849416e-11
4.120000083290307202e+01 -3.423951432009969749e-11 -3.423553936687915816e-11
4.130000083492458174e+01 -3.427660628145939844e-11 -3.414649704541315937e-11
4.140000083694632593e+01 -3.412186597847909862e-11 -3.405768631179859602e-11
4.150000083896783565e+01 -3.404583301548449780e-11 -3.396910656370508671e-11
4.160000084098933826e+01 -3.395436766802810004e-11 -3.388075720036821282e-11
4.170000084301108245e+01 -3.390305662233250086e-11 -3.379263762258605466e-11
4.180000084503258506e+01 -3.376588918010550046e-11 -3.370474723271577935e-11
4.190000084705433636e+01 -3.369967523379639991e-11 -3.361708543466808970e-11
4.200000084907583897e+01 -3.355410879483650275e-11 -3.352965163390491064e-11
4.210000085109758317e+01 -3.353571244865320102e-11 -3.344244523743363129e-11
4.220000085311909288e+01 -3.338949610081579761e-11 -3.335546565380476561e-11
4.230000085514059549e+01 -3.337499532856269677e-11 -3.326871229310650460e-11
4.240000085716233968e+01 -3.320743324754829872e-11 -3.318218456696133006e-11
4.250000085918384940e+01 -3.322410721164720253e-11 -3.309588188852262184e-11
4.260000086120559359e+01 -3.310382849731209988e-11 -3.300980367246926178e-11
4.270000086322710331e+01 -3.298640644013570213e-11 -3.292394933500328790e-11
4.280000086524884750e+01 -3.284575980820540213e-11 -3.283831829384432383e-11
4.290000086727035011e+01 -3.281804591650509903e-11 -3.275290996822722651e-11
4.300000086929185272e+01 -3.267301388897080040e-11 -3.266772377889675479e-11
4.310000087131360402e+01 -3.264641952961319787e-11 -3.258275914810422190e-11
4.320000087333510663e+01 -3.253137906449079809e-11 -3.249801549960421904e-11
4.330000087535685083e+01 -3.253091069839090305e-11 -3.241349225864926457e-11
4.340000087737836054e+01 -3.244134712569359867e-11 -3.232918885198750987e-11
4.350000087940010474e+01 -3.234109336754870232e-11 -3.224510470785729159e-11
4.360000088142161445e+01 -3.226370757606310063e-11 -3.216123925598478579e-11
4.370000088344311706e+01 -3.218805529131959834e-11 -3.207759192757883809e-11
4.380000088546486126e+01 -3.205465194574360044e-11 -3.199416215532759031e-11
4.390000088748636387e+01 -3.196666194021740113e-11 -3.191094937339531394e-11
4.400000088950810806e+01 -3.190974533173870153e-11 -3.182795301741714973e-11
4.410000089152961777e+01 -3.179500386785349711e-11 -3.174517252449687827e-11
4.420000089355136197e+01 -3.178173390823789975e-11 -3.166260733320149799e-11
4.430000089557287168e+01 -3.166798354554059799e-11 -3.158025688355904095e-11
4.440000089759437429e+01 -3.157884982409470250e-11 -3.149812061705333184e-11
4.450000089961612559e+01 -3.155494580713130072e-11 -3.141619797662084083e-11
4.460000090163762820e+01 -3.135235892216660034e-11 -3.133448840664747825e-11
4.470000090365937950e+01 -3.138403483729289695e-11 -3.125299135296345055e-11
4.480000090568088211e+01 -3.123596587772769782e-11 -3.117170626284108248e-11
4.490000090770262631e+01 -3.120399803038869677e-11 -3.109063258498947922e-11
4.500000090972412892e+01 -3.109767508289919762e-11 -3.100976976955236794e-11
4.510000091174587311e+01 -3.099559097884379982e-11 -3.092911726810280511e-11
4.520000091376738283e+01 -3.094364956556129677e-11 -3.084867453364101812e-11
4.530000091578888544e+01 -3.088509057069289958e-11 -3.076844102058931939e-11
4.540000091781063674e+01 -3.078901525923539691e-11 -3.068841618478900443e-11
4.550000091983213935e+01 -3.066461986569730002e-11 -3.060859948349724995e-11
4.560000092185389065e+01 -3.058040233048220228e-11 -3.052899037538204089e-11
4.570000092387539326e+01 -3.056411382975009890e-11 -3.044958832052010244e-11
4.580000092589713745e+01 -3.038137764676999683e-11 -3.037039278039162684e-11
4.590000092791864006e+01 -3.033229726579480048e-11 -3.029140321787821827e-11
4.600000092994014267e+01 -3.022098879422160277e-11 -3.021261909725788460e-11
4.610000093196189397e+01 -3.022139815269629960e-11 -3.013403988420195480e-11
4.620000093398339658e+01 -3.018361624069539874e-11 -3.005566504577209337e-11
4.630000093600514788e+01 -3.005363573800550220e-11 -2.997749405041527258e-11
4.640000093802665049e+01 -3.000453059596830021e-11 -2.989952636796174338e-11
4.650000094004839468e+01 -2.992793234145960315e-11 -2.982176146961990419e-11
4.660000094206990440e+01 -2.982179299857829747e-11 -2.974419882797420721e-11
4.670000094409140701e+01 -2.975211571580420063e-11 -2.966683791698032447e-11
4.680000094611315831e+01 -2.960241301808239780e-11 -2.958967821196203954e-11
4.690000094813465381e+01 -2.962307734953779780e-11 -2.951271918960839111e-11
4.700000095015640511e+01 -2.947076532652400048e-11 -2.943596032796867761e-11
4.710000095217790772e+01 -2.946457105253260220e-11 -2.935940110645049913e-11
4.720000095419965902e+01 -2.935892210458690135e-11 -2.928304100581468446e-11
4.730000095622116163e+01 -2.930191950300100291e-11 -2.920687950817330717e-11
4.740000095824266424e+01 -2.926410112197269902e-11 -2.913091609698483236e-11
4.750000096026441554e+01 -2.913533673156220258e-11 -2.905515025705118601e-11
4.760000096228591815e+01 -2.906033102081980139e-11 -2.897958147451480812e-11
4.770000096430766945e+01 -2.902742793999569848e-11 -2.890420923685389000e-11
4.780000096632917206e+01 -2.890599219821600099e-11 -2.882903303288035474e-11
4.790000096835091625e+01 -2.887626859387490134e-11 -2.875405235273494263e-11
4.800000097037241886e+01 -2.876127584059459862e-11 -2.867926668788517550e-11
4.810000097239392858e+01 -2.871013391638419903e-11 -2.860467553112068446e-11
4.820000097441567277e+01 -2.864174354917470066e-11 -2.853027837655027597e-11
4.830000097643717538e+01 -2.851136698112819845e-11 -2.845607471959908195e-11
4.840000097845892668e+01 -2.853323539033449862e-11 -2.838206405700380675e-11
4.850000098048042929e+01 -2.839389775282890067e-11 -2.830824588681084335e-11
4.860000098250218059e+01 -2.830873329871530063e-11 -2.823461970837134582e-11
4.870000098452368320e+01 -2.820853287671249894e-11 -2.816118502233934553e-11
4.880000098654518581e+01 -2.813795457548710143e-11 -2.808794133066704661e-11
4.890000098856693711e+01 -2.808932994541480155e-11 -2.801488813660201803e-11
4.900000099058843972e+01 -2.796710536275830059e-11 -2.794202494468436628e-11
4.910000099261018391e+01 -2.792076833093269993e-11 -2.786935126074209873e-11
4.920000099463168652e+01 -2.787491483122590006e-11 -2.779686659188922685e-11
4.930000099665343782e+01 -2.783642568534600018e-11 -2.772457044652096794e-11
4.940000099867494043e+01 -2.777209390189250047e-11 -2.765246233431187106e-11
4.950000100069645015e+01 -2.769289497529379936e-11 -2.758054176621121583e-11
4.960000100271819434e+01 -2.761904156407570103e-11 -2.750880825444025301e-11
4.970000100473970406e+01 -2.754530990131390030e-11 -2.743726131248939015e-11
4.980000100676144825e+01 -2.754265697277679940e-11 -2.736590045511371961e-11
4.990000100878295086e+01 -2.743626005768250021e-11 -2.729472519833105085e-11
5.000000101080469506e+01 -2.737796309513420089e-11 -2.722373505941731238e-11
5.010000101282619767e+01 -2.730445086290680053e-11 -2.715292955690459374e-11
5.020000101484794897e+01 -2.721825419617779980e-11 -2.708230821057655720e-11
5.030000101686945158e+01 -2.713694473084439856e-11 -2.701187054146653137e-11
5.040000101889096129e+01 -2.707751970063159899e-11 -2.694161607185305540e-11
5.050000102091270548e+01 -2.697377097253720043e-11 -2.687154432525718097e-11
5.060000102293421520e+01 -2.689205570266869909e-11 -2.680165482643969025e-11
5.070000102495595939e+01 -2.683335903690410051e-11 -2.673194710139677580e-11
5.080000102697746200e+01 -2.680900170079309934e-11 -2.666242067735809219e-11
5.090000102899920620e+01 -2.667946088881340085e-11 -2.659307508278226141e-11
5.100000103102070881e+01 -2.665215920457760029e-11 -2.652390984735496653e-11
5.110000103304221852e+01 -2.656558831481099958e-11 -2.645492450198463802e-11
5.120000103506396272e+01 -2.649551698840040029e-11 -2.638611857879977192e-11
5.130000103708547243e+01 -2.643869039815650010e-11 -2.631749161114619624e-11
5.140000103910721663e+01 -2.632450005991680098e-11 -2.624904313358281875e-11
5.150000104112872634e+01 -2.634260352959330089e-11 -2.618077268187973351e-11
5.160000104315047054e+01 -2.618368173016359939e-11 -2.611267979301381354e-11
5.170000104517198025e+01 -2.616477442220520140e-11 -2.604476400516681413e-11
5.180000104719347576e+01 -2.601159615689399924e-11 -2.597702485772117878e-11
5.190000104921522706e+01 -2.599308693995729926e-11 -2.590946189125730236e-11
5.200000105123672967e+01 -2.602237572079160069e-11 -2.584207464755101086e-11
5.210000105325848097e+01 -2.587388108833310036e-11 -2.577486266956922508e-11
5.220000105527997647e+01 -2.588447196526539867e-11 -2.570782550146823201e-11
5.230000105730172066e+01 -2.571546613314619934e-11 -2.564096268858924517e-11
5.240000105932323038e+01 -2.574578650704760053e-11 -2.557427377745662100e-11
5.250000106134474009e+01 -2.566060142601630038e-11 -2.550775831577369388e-11
5.260000106336648429e+01 -2.559150224733199865e-11 -2.544141585242016536e-11
5.270000106538799400e+01 -2.553034060484559897e-11 -2.537524593744949333e-11
5.280000106740973820e+01 -2.541786309323800072e-11 -2.530924812208478525e-11
5.290000106943124081e+01 -2.541984094900399841e-11 -2.524342195871696925e-11
5.300000107145298500e+01 -2.535662331488199960e-11 -2.517776700090053548e-11
5.310000107347449472e+01 -2.519837315732890141e-11 -2.511228280335174281e-11
5.320000107549599022e+01 -2.519724509594580071e-11 -2.504696892194450552e-11
5.330000107751774863e+01 -2.505960009340600093e-11 -2.498182491370785038e-11
5.340000107953924413e+01 -2.505857720587499985e-11 -2.491685033682341573e-11
5.350000108156100254e+01 -2.497672719294130103e-11 -2.485204475062127031e-11
5.360000108358249804e+01 -2.484971423103279861e-11 -2.478740771557829771e-11
5.370000108560425645e+01 -2.485076941639459857e-11 -2.472293879331384719e-11
5.380000108762575195e+01 -2.472124705611630009e-11 -2.465863754658811164e-11
5.390000108964725456e+01 -2.470140542913530090e-11 -2.459450353929798519e-11
5.400000109166900586e+01 -2.465887646358729904e-11 -2.453053633647462694e-11
5.410000109369050847e+01 -2.455600133025139967e-11 -2.446673550428096647e-11
5.420000109571225266e+01 -2.456389020430560148e-11 -2.440310061000766164e-11
5.430000109773376238e+01 -2.445551903727460039e-11 -2.433963122207140224e-11
5.440000109975550657e+01 -2.447120197103660015e-11 -2.427632691001077731e-11
5.450000110177701629e+01 -2.432238442632869979e-11 -2.421318724448453999e-11
5.460000110379852600e+01 -2.426954228185119986e-11 -2.415021179726767196e-11
5.470000110582027020e+01 -2.422929883012529982e-11 -2.408740014124890513e-11
5.480000110784177281e+01 -2.409883294202099915e-11 -2.402475185042827887e-11
5.490000110986351700e+01 -2.411070422272229988e-11 -2.396226649991321413e-11
5.500000111188501961e+01 -2.396934917329369984e-11 -2.389994366591681708e-11
5.510000111390677091e+01 -2.393853700006540117e-11 -2.383778292575380459e-11
5.520000111592826642e+01 -2.389658127181520063e-11 -2.377578385783887249e-11
5.530000111795002482e+01 -2.383184709535780103e-11 -2.371394604168256291e-11
5.540000111997152032e+01 -2.377166890099270034e-11 -2.365226905788970685e-11
5.550000112199303004e+01 -2.369929873064899843e-11 -2.359075248815543365e-11
5.560000112401477423e+01 -2.363285482323869920e-11 -2.352939591526287044e-11
5.570000112603628395e+01 -2.360497980570900040e-11 -2.346819892308068641e-11
5.580000112805802814e+01 -2.348730257892320028e-11 -2.340716109655929299e-11
5.590000113007953075e+01 -2.350280816002679928e-11 -2.334628202172916036e-11
5.600000113210128205e+01 -2.334643816390830143e-11 -2.328556128569685605e-11
5.610000113412278466e+01 -2.340499633366659992e-11 -2.322499847664343261e-11
5.620000113614429438e+01 -2.331254552222970094e-11 -2.316459318382057601e-11
5.630000113816603857e+01 -2.317515943601869931e-11 -2.310434499754829537e-11
5.640000114018754829e+01 -2.316767095488509981e-11 -2.304425350921253836e-11
5.650000114220929248e+01 -2.305003320423279983e-11 -2.298431831126145272e-11
5.660000114423078799e+01 -2.307690959570360031e-11 -2.292453899720373513e-11
5.670000114625254639e+01 -2.295035444040520087e-11 -2.286491516160472795e-11
5.680000114827404190e+01 -2.291353846672470062e-11 -2.280544640008488766e-11
5.690000115029555161e+01 -2.280466522796620069e-11 -2.274613230931590420e-11
5.700000115231729581e+01 -2.276709763264520069e-11 -2.268697248701853932e-11
5.710000115433879841e+01 -2.275498391337700035e-11 -2.262796653196021935e-11
5.720000115636054261e+01 -2.269089145085670111e-11 -2.256911404395137431e-11
5.730000115838205232e+01 -2.259060457959109848e-11 -2.251041462384384490e-11
5.740000116040379652e+01 -2.260337745136239990e-11 -2.245186787352702773e-11
5.750000116242530623e+01 -2.252589941784930072e-11 -2.239347339592634051e-11
5.760000116444681595e+01 -2.243760512751770046e-11 -2.233523079499949326e-11
5.770000116646856014e+01 -2.234919917107230054e-11 -2.227713967573427824e-11
5.780000116849006275e+01 -2.234372212416479926e-11 -2.221919964414626280e-11
5.790000117051181405e+01 -2.226278343814270050e-11 -2.216141030727517057e-11
5.800000117253331666e+01 -2.226905680503550015e-11 -2.210377127318332393e-11
5.810000117455506086e+01 -2.218488809516159978e-11 -2.204628215095186362e-11
5.820000117657655636e+01 -2.210096098441630070e-11 -2.198894255067922682e-11
5.830000117859806608e+01 -2.202490201980580047e-11 -2.193175208347749916e-11
5.840000118061981027e+01 -2.197501583672160065e-11 -2.187471036147023042e-11
5.850000118264131999e+01 -2.192843368589140008e-11 -2.181781699779020831e-11
5.860000118466306418e+01 -2.187622751681349906e-11 -2.176107160657584273e-11
5.870000118668457390e+01 -2.175147535896729969e-11 -2.170447380296968915e-11
5.880000118870631809e+01 -2.183268643910479895e-11 -2.164802320311471014e-11
5.890000119072782780e+01 -2.170959468509819958e-11 -2.159171942415277932e-11
5.900000119274933041e+01 -2.169482811231680018e-11 -2.153556208422113680e-11
5.910000119477107461e+01 -2.158502777256940054e-11 -2.147955080245017900e-11
5.920000119679258432e+01 -2.159336070478400027e-11 -2.142368519896132936e-11
5.930000119881432852e+01 -2.152024027368300018e-11 -2.136796489486346463e-11
5.940000120083583823e+01 -2.143791376695589880e-11 -2.131238951225146085e-11
5.950000120285758243e+01 -2.139278353587060088e-11 -2.125695867420253243e-11
5.960000120487909214e+01 -2.138388427146100024e-11 -2.120167200477477166e-11
5.970000120690058765e+01 -2.124971968597399987e-11 -2.114652912900363642e-11
5.980000120892233184e+01 -2.126055399150849927e-11 -2.109152967289981115e-11
5.990000121094384156e+01 -2.108074367776900023e-11 -2.103667326344709689e-11
6.000000121296558575e+01 -2.110505708863640124e-11 -2.098195952859892483e-11
6.010000121498708836e+01 -2.107529563439240076e-11 -2.092738809727689907e-11
6.020000121700883255e+01 -2.107186607489780130e-11 -2.087295859936723263e-11
6.030000121903034227e+01 -2.099928287374310129e-11 -2.081867066571926433e-11
6.040000122105208646e+01 -2.094095587745119879e-11 -2.076452392814195620e-11
6.050000122307359618e+01 -2.087952724523120039e-11 -2.071051801940236838e-11
6.060000122509510589e+01 -2.086735858337630153e-11 -2.065665257322233748e-11
6.070000122711685009e+01 -2.078200611607640019e-11 -2.060292722427631486e-11
6.080000122913835980e+01 -2.071896020506139994e-11 -2.054934160818932785e-11
6.090000123116010400e+01 -2.065209354233349897e-11 -2.049589536153355788e-11
6.100000123318160661e+01 -2.061259843869550049e-11 -2.044258812182695109e-11
6.110000123520335080e+01 -2.046978021571690072e-11 -2.038941952752970279e-11
6.120000123722486052e+01 -2.050470221655340000e-11 -2.033638921804283580e-11
6.130000123924635602e+01 -2.032146723939450034e-11 -2.028349683370486904e-11
6.140000124126811443e+01 -2.035386101107229924e-11 -2.023074201578973994e-11
6.150000124328960993e+01 -2.028039887345639864e-11 -2.017812440650480432e-11
6.160000124531135413e+01 -2.030588844544000081e-11 -2.012564364898745010e-11
6.170000124733286384e+01 -2.025461306653260042e-11 -2.007329938730372086e-11
6.180000124935460803e+01 -2.024149944698210001e-11 -2.002109126644493601e-11
6.190000125137611775e+01 -2.015123887050040063e-11 -1.996901893232620767e-11
6.200000125339762036e+01 -2.010936573536669952e-11 -1.991708203178322892e-11
6.210000125541936455e+01 -2.000242460824509980e-11 -1.986528021257021874e-11
6.220000125744087427e+01 -2.000441190430990126e-11 -1.981361312335791220e-11
6.230000125946261846e+01 -1.990402950664469993e-11 -1.976208041373032613e-11
6.240000126148412818e+01 -1.984370974779759964e-11 -1.971068173418334378e-11
6.250000126350587237e+01 -1.981269148394039839e-11 -1.965941673612138031e-11
6.260000126552738209e+01 -1.978024328129439938e-11 -1.960828507185598689e-11
6.270000126754887759e+01 -1.976687382624949908e-11 -1.955728639460266155e-11
6.280000126957063600e+01 -1.967517113167359979e-11 -1.950642035847881029e-11
6.290000127159213150e+01 -1.965715802401580036e-11 -1.945568661850184394e-11
6.300000127361388280e+01 -1.952417800237820138e-11 -1.940508483058590494e-11
6.310000127563537831e+01 -1.947956687072809982e-11 -1.935461465154057494e-11
6.320000127765712961e+01 -1.944563054099109934e-11 -1.930427573906751431e-11
6.330000127967863222e+01 -1.939127570173650100e-11 -1.925406775175917939e-11
6.340000128170014193e+01 -1.937225769282939864e-11 -1.920399034909558811e-11
6.350000128372188613e+01 -1.929380725164199975e-11 -1.915404319144243939e-11
6.360000128574339584e+01 -1.929066040731830149e-11 -1.910422594004910665e-11
6.370000128776514003e+01 -1.924348199185270056e-11 -1.905453825704555844e-11
6.380000128978664975e+01 -1.916456290772619866e-11 -1.900497980544097874e-11
6.390000129180839394e+01 -1.913013675431489967e-11 -1.895555024912056169e-11
6.400000129382989655e+01 -1.908471215958670160e-11 -1.890624925284416412e-11
6.410000129585139916e+01 -1.898214795740100090e-11 -1.885707648224319395e-11
6.420000129787315757e+01 -1.897280491124989917e-11 -1.880803160381871353e-11
6.430000129989464597e+01 -1.890675378494630095e-11 -1.875911428493955579e-11
6.440000130191640437e+01 -1.885290221789640135e-11 -1.871032419383915778e-11
6.450000130393790698e+01 -1.880818054364659924e-11 -1.866166099961436828e-11
6.460000130595965118e+01 -1.877846102893689961e-11 -1.861312437222217146e-11
6.470000130798115379e+01 -1.875946834803920076e-11 -1.856471398247842666e-11
6.480000131000289798e+01 -1.863826165701600008e-11 -1.851642950205468898e-11
6.490000131202440059e+01 -1.866401030958359980e-11 -1.846827060347692968e-11
6.500000131404591741e+01 -1.847065964283910044e-11 -1.842023696012247303e-11
6.510000131606766161e+01 -1.847654507067669898e-11 -1.837232824621817722e-11
6.520000131808916422e+01 -1.844680672212310052e-11 -1.832454413683852143e-11
6.530000132011090841e+01 -1.842558519161009981e-11 -1.827688430790260733e-11
6.540000132213242523e+01 -1.840719015088790016e-11 -1.822934843617289895e-11
6.550000132415416942e+01 -1.836085789591750116e-11 -1.818193619925211422e-11
6.560000132617567203e+01 -1.833098331877830065e-11 -1.813464727558192613e-11
6.570000132819716043e+01 -1.825708378955710020e-11 -1.808748134444001258e-11
6.580000133021891884e+01 -1.819761310739859846e-11 -1.804043808593817266e-11
6.590000133224042145e+01 -1.806600381573540079e-11 -1.799351718102058828e-11
6.600000133426217985e+01 -1.806507632975100141e-11 -1.794671831146077390e-11
6.610000133628366825e+01 -1.802272698312939955e-11 -1.790004115986039719e-11
6.620000133830542666e+01 -1.792527162616289936e-11 -1.785348540964613507e-11
6.630000134032692927e+01 -1.790229531933739970e-11 -1.780705074506853313e-11
6.640000134234843188e+01 -1.788131655492789903e-11 -1.776073685119900386e-11
6.650000134437017607e+01 -1.788721114123120043e-11 -1.771454341392804949e-11
6.660000134639167868e+01 -1.784809786630629929e-11 -1.766847011996346225e-11
6.670000134841342287e+01 -1.777988217399140148e-11 -1.762251665682743569e-11
6.680000135043493970e+01 -1.772681496612440102e-11 -1.757668271285530127e-11
6.690000135245668389e+01 -1.768595846332250048e-11 -1.753096797719257834e-11
6.700000135447818650e+01 -1.767141636535000088e-11 -1.748537213979369456e-11
6.710000135649970332e+01 -1.752677187571650150e-11 -1.743989489141913924e-11
6.720000135852144751e+01 -1.747416610111789887e-11 -1.739453592363372178e-11
6.730000136054293591e+01 -1.741202832495920149e-11 -1.734929492880475889e-11
6.740000136256469432e+01 -1.745972604865649925e-11 -1.730417160009922157e-11
6.750000136458619693e+01 -1.738095271020359891e-11 -1.725916563148260089e-11
6.760000136660794112e+01 -1.733408330773289944e-11 -1.721427671771588040e-11
6.770000136862944373e+01 -1.724756816506980130e-11 -1.716950455435436326e-11
6.780000137065094634e+01 -1.724357107438889853e-11 -1.712484883774486426e-11
6.790000137267269054e+01 -1.719791411476570114e-11 -1.708030926502395214e-11
6.800000137469420736e+01 -1.708631802715549930e-11 -1.703588553411622411e-11
6.810000137671595155e+01 -1.705043466682100123e-11 -1.699157734373153027e-11
6.820000137873745416e+01 -1.708671510538720086e-11 -1.694738439336374577e-11
6.830000138075919836e+01 -1.707550237133620043e-11 -1.690330638328789831e-11
6.840000138278071518e+01 -1.703005973374329875e-11 -1.685934301455898871e-11
6.850000138480221779e+01 -1.694814808032240150e-11 -1.681549398900923480e-11
6.860000138682396198e+01 -1.699177857088009863e-11 -1.677175900924633297e-11
6.870000138884546459e+01 -1.683377805788430096e-11 -1.672813777865177801e-11
6.880000139086720878e+01 -1.686062804011809924e-11 -1.668463000137811659e-11
6.890000139288872560e+01 -1.680077462557180148e-11 -1.664123538234777110e-11
6.900000139491046980e+01 -1.672686249781649997e-11 -1.659795362725021889e-11
6.910000139693195820e+01 -1.669370112981589974e-11 -1.655478444254080311e-11
6.920000139895371660e+01 -1.662529823174439858e-11 -1.651172753543792492e-11
6.930000140097521921e+01 -1.660380924771680024e-11 -1.646878261392189956e-11
6.940000140299672182e+01 -1.660075393022209881e-11 -1.642594938673222932e-11
6.950000140501846602e+01 -1.653515670569229923e-11 -1.638322756336594588e-11
6.960000140703996863e+01 -1.644967972896940114e-11 -1.634061685407596892e-11
6.970000140906171282e+01 -1.643564942211879929e-11 -1.629811696986837252e-11
6.980000141108322964e+01 -1.642306836100769840e-11 -1.625572762250130273e-11
6.990000141310497384e+01 -1.635173345102290032e-11 -1.621344852448217615e-11
7.000000141512647645e+01 -1.627876122904899972e-11 -1.617127938906653931e-11
7.010000141714799327e+01 -1.621238201645110047e-11 -1.612921993025541262e-11
7.020000141916973746e+01 -1.621988770231900060e-11 -1.608726986279369102e-11
7.030000142119124007e+01 -1.618810989615220027e-11 -1.604542890216845720e-11
7.040000142321298426e+01 -1.611409748960220070e-11 -1.600369676460639352e-11
7.050000142523448687e+01 -1.608396509020739866e-11 -1.596207316707262844e-11
7.060000142725623107e+01 -1.607843168665460116e-11 -1.592055782726802556e-11
7.070000142927773368e+01 -1.604503543656670061e-11 -1.587915046362809150e-11
7.080000143129923629e+01 -1.597403337109720059e-11 -1.583785079532033925e-11
7.090000143332098048e+01 -1.598152663806759992e-11 -1.579665854224266935e-11
7.100000143534249730e+01 -1.592690189694999950e-11 -1.575557342502182541e-11
7.110000143736424150e+01 -1.586307451412529960e-11 -1.571459516501075099e-11
7.120000143938574411e+01 -1.587578514247179953e-11 -1.567372348428751361e-11
7.130000144140748830e+01 -1.582545721831530054e-11 -1.563295810565262614e-11
7.140000144342900512e+01 -1.581036146068409918e-11 -1.559229875262794816e-11
7.150000144545050773e+01 -1.572980217823700000e-11 -1.555174514945414953e-11
7.160000144747225193e+01 -1.568804261238379906e-11 -1.551129702108909799e-11
7.170000144949375454e+01 -1.561603613809009962e-11 -1.547095409320631148e-11
7.180000145151549873e+01 -1.559449505675770029e-11 -1.543071609219239576e-11
7.190000145353701555e+01 -1.552246238868589936e-11 -1.539058274514599432e-11
7.200000145555875974e+01 -1.549700875665000070e-11 -1.535055377987514203e-11
7.210000145758026235e+01 -1.545015001395789893e-11 -1.531062892489619888e-11
7.220000145960176496e+01 -1.537799030979960161e-11 -1.527080790943131022e-11
7.230000146162350916e+01 -1.538231941357989913e-11 -1.523109046340690756e-11
7.240000146364501177e+01 -1.528904855944549922e-11 -1.519147631745211879e-11
7.250000146566675596e+01 -1.525836503956020086e-11 -1.515196520289630280e-11
7.260000146768827278e+01 -1.529164806391740050e-11 -1.511255685176796707e-11
7.270000146971001698e+01 -1.523284099680259849e-11 -1.507325099679220206e-11
7.280000147173151959e+01 -1.519119353139529968e-11 -1.503404737138963112e-11
7.290000147375302220e+01 -1.515931350787889893e-11 -1.499494570967393540e-11
7.300000147577476639e+01 -1.515680052139559895e-11 -1.495594574645030614e-11
7.310000147779628321e+01 -1.508276782660680028e-11 -1.491704721721399381e-11
7.320000147981802741e+01 -1.501617182165530132e-11 -1.487824985814779109e-11
7.330000148183953002e+01 -1.501032676644460065e-11 -1.483955340612103117e-11
7.340000148386127421e+01 -1.499076360769519933e-11 -1.480095759868704162e-11
7.350000148588277682e+01 -1.491800239593290057e-11 -1.476246217408211036e-11
7.360000148790427943e+01 -1.493876457263779903e-11 -1.472406687122306232e-11
7.370000148992603783e+01 -1.489893692529070003e-11 -1.468577142970575695e-11
7.380000149194752623e+01 -1.481194395901970125e-11 -1.464757558980364384e-11
7.390000149396927043e+01 -1.482188651823279944e-11 -1.460947909246527799e-11
7.400000149599078725e+01 -1.470914585461190008e-11 -1.457148167931335045e-11
7.410000149801253144e+01 -1.469278930070219964e-11 -1.453358309264222454e-11
7.420000150003403405e+01 -1.465062587750210118e-11 -1.449578307541685502e-11
7.430000150205577825e+01 -1.459933618067639981e-11 -1.445808137127036309e-11
7.440000150407729507e+01 -1.455892305314070106e-11 -1.442047772450299437e-11
7.450000150609879768e+01 -1.448229912501770007e-11 -1.438297188007979563e-11
7.460000150812054187e+01 -1.452169866868690047e-11 -1.434556358362910429e-11
7.470000151014204448e+01 -1.446289373140590003e-11 -1.430825258144112176e-11
7.480000151216378868e+01 -1.441880675793340017e-11 -1.427103862046555639e-11
7.490000151418530550e+01 -1.438999265538180072e-11 -1.423392144831062499e-11
7.500000151620704969e+01 -1.436368679697890046e-11 -1.419690081324064399e-11
7.510000151822855230e+01 -1.438120333186389994e-11 -1.415997646417499226e-11
7.520000152025005491e+01 -1.427255577327140003e-11 -1.412314815068582825e-11
7.530000152227181331e+01 -1.416050969237259952e-11 -1.408641562299663113e-11
7.540000152429330171e+01 -1.416242050308810033e-11 -1.404977863198080655e-11
7.550000152631506012e+01 -1.409253598903429943e-11 -1.401323692915930688e-11
7.560000152833656273e+01 -1.415671648443869934e-11 -1.397679026669975552e-11
7.570000153035830692e+01 -1.406255597856369997e-11 -1.394043839741396704e-11
7.580000153237980953e+01 -1.404213850946129924e-11 -1.390418107475702140e-11
7.590000153440131214e+01 -1.397906476882659957e-11 -1.386801805282497305e-11
7.600000153642305634e+01 -1.400776713886010077e-11 -1.383194908635343894e-11
7.610000153844457316e+01 -1.399049998831020059e-11 -1.379597393071619131e-11
7.620000154046631735e+01 -1.387124055052109964e-11 -1.376009234192291689e-11
7.630000154248781996e+01 -1.391421749143500058e-11 -1.372430407661821844e-11
7.640000154450956416e+01 -1.387456100755479964e-11 -1.368860889207929644e-11
7.650000154653106677e+01 -1.380166885656269976e-11 -1.365300654621498452e-11
7.660000154855256937e+01 -1.376336488132749954e-11 -1.361749679756351351e-11
7.670000155057432778e+01 -1.371111610485329970e-11 -1.358207940529111398e-11
7.680000155259581618e+01 -1.365573104946449973e-11 -1.354675412919067689e-11
7.690000155461757458e+01 -1.366224659451069933e-11 -1.351152072967945623e-11
7.700000155663907719e+01 -1.359631619487690029e-11 -1.347637896779822085e-11
7.710000155866083560e+01 -1.355255371485509929e-11 -1.344132860520886016e-11
7.720000156068232400e+01 -1.355257311125590063e-11 -1.340636940419353268e-11
7.730000156270384082e+01 -1.352801318068080023e-11 -1.337150112765236712e-11
7.740000156472558501e+01 -1.347127744954170041e-11 -1.333672353910220216e-11
7.750000156674708762e+01 -1.346241927030320011e-11 -1.330203640267517448e-11
7.760000156876883182e+01 -1.342951241529319988e-11 -1.326743948311654574e-11
7.770000157079033443e+01 -1.340827072543230021e-11 -1.323293254578377852e-11
7.780000157281207862e+01 -1.332796525273370014e-11 -1.319851535664428902e-11
7.790000157483359544e+01 -1.330834218619259931e-11 -1.316418768227449545e-11
7.800000157685509805e+01 -1.329277685369210010e-11 -1.312994928985770002e-11
7.810000157887684225e+01 -1.327233319035029927e-11 -1.309579994718271570e-11
7.820000158089834486e+01 -1.313945100184920011e-11 -1.306173942264254627e-11
7.830000158292010326e+01 -1.313946276664229979e-11 -1.302776748523226021e-11
7.840000158494159166e+01 -1.314313250767990002e-11 -1.299388390454807791e-11
7.850000158696335006e+01 -1.315287848363870063e-11 -1.296008845078511141e-11
7.860000158898485267e+01 -1.303239422458279965e-11 -1.292638089473652921e-11
7.870000159100659687e+01 -1.301135093574570060e-11 -1.289276100779128796e-11
7.880000159302809948e+01 -1.306644122621669999e-11 -1.285922856193326648e-11
7.890000159504960209e+01 -1.296305519205970019e-11 -1.282578332973914129e-11
7.900000159707134628e+01 -1.294725985663970064e-11 -1.279242508437708606e-11
7.910000159909286310e+01 -1.286105433860230025e-11 -1.275915359960547591e-11
7.920000160111460730e+01 -1.290953451095990077e-11 -1.272596864977080329e-11
7.930000160313610991e+01 -1.282253472276589926e-11 -1.269287000980676356e-11
7.940000160515785410e+01 -1.279259841635599989e-11 -1.265985745523210305e-11
7.950000160717937092e+01 -1.276311490142039970e-11 -1.262693076214973206e-11
7.960000160920087353e+01 -1.275858381402790046e-11 -1.259408970724466342e-11
7.970000161122261773e+01 -1.273673996062069986e-11 -1.256133406778271838e-11
7.980000161324412034e+01 -1.268163013118760020e-11 -1.252866362160924866e-11
7.990000161526586453e+01 -1.267212020924209953e-11 -1.249607814714709925e-11
8.000000161728736714e+01 -1.267319211897229939e-11 -1.246357742339571816e-11
8.010000161930912554e+01 -1.255702032640620010e-11 -1.243116122992902873e-11
8.020000162133061394e+01 -1.255709359863119927e-11 -1.239882934689459275e-11
8.030000162335213076e+01 -1.250141675622520054e-11 -1.236658155501150372e-11
8.040000162537387496e+01 -1.248906028216470066e-11 -1.233441763556921880e-11
8.050000162739537757e+01 -1.245865742266389925e-11 -1.230233737042624371e-11
8.060000162941712176e+01 -1.239105585918830037e-11 -1.227034054200814071e-11
8.070000163143862437e+01 -1.235728898676960029e-11 -1.223842693330665780e-11
8.080000163346036857e+01 -1.238355019463709990e-11 -1.220659632787765594e-11
8.090000163548188539e+01 -1.232229439349239938e-11 -1.217484850984023176e-11
8.100000163750338800e+01 -1.228930883128510045e-11 -1.214318326387475462e-11
8.110000163952513219e+01 -1.223494259983270055e-11 -1.211160037522159355e-11
8.120000164154664901e+01 -1.229249121164380037e-11 -1.208009962967991041e-11
8.130000164356839321e+01 -1.218107234728789980e-11 -1.204868081360568560e-11
8.140000164558988160e+01 -1.218788715016179989e-11 -1.201734371391085861e-11
8.150000164761164001e+01 -1.208319395070170017e-11 -1.198608811806126006e-11
8.160000164963314262e+01 -1.212977509843690050e-11 -1.195491381407583296e-11
8.170000165165464523e+01 -1.207351531439129976e-11 -1.192382059052460359e-11
8.180000165367638942e+01 -1.203087087272069949e-11 -1.189280823652751659e-11
8.190000165569789203e+01 -1.198803215080130072e-11 -1.186187654175320071e-11
8.200000165771963623e+01 -1.200626017420140021e-11 -1.183102529641704298e-11
8.210000165974115305e+01 -1.196774024241500036e-11 -1.180025429128033736e-11
8.220000166176289724e+01 -1.190414896169159991e-11 -1.176956331764830719e-11
8.230000166378439985e+01 -1.187582532102299965e-11 -1.173895216736924090e-11
8.240000166580591667e+01 -1.192605004657999963e-11 -1.170842063283258076e-11
8.250000166782766087e+01 -1.180984570275610012e-11 -1.167796850696775802e-11
8.260000166984916348e+01 -1.180504049462649968e-11 -1.164759558324296995e-11
8.270000167187090767e+01 -1.177511743383469944e-11 -1.161730165566328957e-11
8.280000167389241028e+01 -1.171289143037110041e-11 -1.158708651876984816e-11
8.290000167591415448e+01 -1.171100834720479965e-11 -1.155694996763786105e-11
8.300000167793567130e+01 -1.166758699790400011e-11 -1.152689179787581008e-11
8.310000167995741549e+01 -1.164312477905000038e-11 -1.149691180562350011e-11
8.320000168197890389e+01 -1.161083561171880033e-11 -1.146700978755122856e-11
8.330000168400042071e+01 -1.161263868159689920e-11 -1.143718554085789841e-11
8.340000168602216490e+01 -1.155021714579750002e-11 -1.140743886326990023e-11
8.350000168804366751e+01 -1.148864154291329963e-11 -1.137776955303990858e-11
8.360000169006541171e+01 -1.151563293605289998e-11 -1.134817740894504020e-11
8.370000169208691432e+01 -1.147917514338359957e-11 -1.131866223028604624e-11
8.380000169410867272e+01 -1.150719666928230039e-11 -1.128922381688538648e-11
8.390000169613017533e+01 -1.141808172481749958e-11 -1.125986196908645225e-11
8.400000169815167794e+01 -1.143054548722609964e-11 -1.123057648775169392e-11
8.410000170017342214e+01 -1.132204102735479971e-11 -1.120136717426149326e-11
8.420000170219493896e+01 -1.131231620185160042e-11 -1.117223383051302765e-11
8.430000170421668315e+01 -1.128598327021859981e-11 -1.114317625891844613e-11
8.440000170623818576e+01 -1.124768773733710036e-11 -1.111419426240406316e-11
8.450000170825992996e+01 -1.123540980909560003e-11 -1.108528764440848622e-11
8.460000171028143257e+01 -1.116371252701519952e-11 -1.105645620888183057e-11
8.470000171230293518e+01 -1.119810031040640011e-11 -1.102769976028390339e-11
8.480000171432467937e+01 -1.118457366006700046e-11 -1.099901810358308896e-11
8.490000171634618198e+01 -1.108395399086629927e-11 -1.097041104425522913e-11
8.500000171836792617e+01 -1.108192617085550043e-11 -1.094187838828182674e-11
8.510000172038944299e+01 -1.103243958556389932e-11 -1.091341994214926691e-11
8.520000172241118719e+01 -1.103101558475319962e-11 -1.088503551284698820e-11
8.530000172443268980e+01 -1.097751137544140035e-11 -1.085672490786667323e-11
8.540000172645420662e+01 -1.095093077829289950e-11 -1.082848793520049894e-11
8.550000172847595081e+01 -1.092306569303259971e-11 -1.080032440334003968e-11
8.560000173049745342e+01 -1.090202089926499928e-11 -1.077223412127514915e-11
8.570000173251919762e+01 -1.089417401481299986e-11 -1.074421689849221237e-11
8.580000173454070023e+01 -1.086811323832089969e-11 -1.071627254497337992e-11
8.590000173656244442e+01 -1.080879544774470049e-11 -1.068840087119475196e-11
8.600000173858396124e+01 -1.087260888120019995e-11 -1.066060168812561410e-11
8.610000174060544964e+01 -1.076498458350499942e-11 -1.063287480722672002e-11
8.620000174262720805e+01 -1.076137939098380078e-11 -1.060522004044915409e-11
8.630000174464871066e+01 -1.073720130825120080e-11 -1.057763720023332486e-11
8.640000174667045485e+01 -1.065357488182390058e-11 -1.055012609950717986e-11
8.650000174869195746e+01 -1.066369471479989983e-11 -1.052268655168548177e-11
8.660000175071370165e+01 -1.057971368652020019e-11 -1.049531837066801517e-11
8.670000175273521847e+01 -1.062121536348210048e-11 -1.046802137083884818e-11
8.680000175475672108e+01 -1.054751530120990067e-11 -1.044079536706462642e-11
8.690000175677846528e+01 -1.053283331995690070e-11 -1.041364017469349217e-11
8.700000175879996789e+01 -1.054540621697460023e-11 -1.038655560955404715e-11
8.710000176082171208e+01 -1.053273131641250053e-11 -1.035954148795363521e-11
8.720000176284322890e+01 -1.047611132435340067e-11 -1.033259762667761524e-11
8.730000176486497310e+01 -1.039576808872990079e-11 -1.030572384298762769e-11
8.740000176688647571e+01 -1.036426073059109967e-11 -1.027891995462082392e-11
8.750000176890797832e+01 -1.040332566609929971e-11 -1.025218577978821994e-11
8.760000177092972251e+01 -1.030962605680749945e-11 -1.022552113717364139e-11
8.770000177295122512e+01 -1.032200063317390013e-11 -1.019892584593267828e-11
8.780000177497298353e+01 -1.031333353549099969e-11 -1.017239972569102579e-11
8.790000177699447192e+01 -1.026283033484230060e-11 -1.014594259654377017e-11
8.800000177901621612e+01 -1.025927825508789958e-11 -1.011955427905363098e-11
8.810000178103773294e+01 -1.020126945822709990e-11 -1.009323459425030515e-11
8.820000178305947713e+01 -1.021433359919399995e-11 -1.006698336362869149e-11
8.830000178508097974e+01 -1.013680313732340015e-11 -1.004080040914823470e-11
8.840000178710249656e+01 -1.015018217260759931e-11 -1.001468555323121614e-11
8.850000178912424076e+01 -1.011515873220049975e-11 -9.988638618761811908e-12
8.860000179114574337e+01 -1.013733896447920077e-11 -9.962659429085018482e-12
8.870000179316748756e+01 -1.008501703122189997e-11 -9.936747808005048441e-12
8.880000179518899017e+01 -1.003673637579090001e-11 -9.910903579784624457e-12
8.890000179721073437e+01 -1.001028524196530010e-11 -9.885126569143287773e-12
8.900000179923225119e+01 -9.991327371760289472e-12 -9.859416601256722887e-12
8.910000180125373959e+01 -1.000606829820320036e-11 -9.833773501755112886e-12
8.920000180327549799e+01 -9.950095708242220407e-12 -9.808197096722145859e-12
8.930000180529700060e+01 -9.880486805318820421e-12 -9.782687212694056852e-12
8.940000180731875901e+01 -9.880474254956819876e-12 -9.757243676657965433e-12
8.950000180934024741e+01 -9.877050263621479554e-12 -9.731866316051243994e-12
8.960000181136200581e+01 -9.870841314275489390e-12 -9.706554958759805230e-12
8.970000181338350842e+01 -9.819460333576669872e-12 -9.681309433117483368e-12
8.980000181540501103e+01 -9.822308659371820233e-12 -9.656129567904392734e-12
8.990000181742675522e+01 -9.831376972074450318e-12 -9.631015192345977782e-12
9.000000181944825783e+01 -9.792788635093169716e-12 -9.605966136112021128e-12
9.010000182147000203e+01 -9.681514557975579554e-12 -9.580982229315073198e-12
9.020000182349151885e+01 -9.684224253571799547e-12 -9.556063302509788221e-12
9.030000182551326304e+01 -9.620719441865730333e-12 -9.531209186691276331e-12
9.040000182753476565e+01 -9.663776468156759259e-12 -9.506419713294460564e-12
9.050000182955626826e+01 -9.605585400297299373e-12 -9.481694714192480655e-12
9.060000183157802667e+01 -9.612519083722400436e-12 -9.457034021695767311e-12
9.070000183359951507e+01 -9.628056822862360377e-12 -9.432437468551072854e-12
9.080000183562127347e+01 -9.554702431102760700e-12 -9.407904887939908951e-12
9.090000183764276187e+01 -9.527845298103119912e-12 -9.383436113477897149e-12
9.100000183966452028e+01 -9.439812878788580491e-12 -9.359030979213167825e-12
9.110000184168602289e+01 -9.521371212689179743e-12 -9.334689319625717184e-12
9.120000184370752550e+01 -9.432512527710280305e-12 -9.310410969625854680e-12
9.130000184572926969e+01 -9.418906725044210166e-12 -9.286195764553253051e-12
9.140000184775078651e+01 -9.377448181175420614e-12 -9.262043540176046821e-12
9.150000184977253070e+01 -9.342274484268659429e-12 -9.237954132689263563e-12
9.160000185179403331e+01 -9.356987404526600308e-12 -9.213927378714221289e-12
9.170000185381577751e+01 -9.366855727132270368e-12 -9.189963115296899933e-12
9.180000185583728012e+01 -9.307695523856430734e-12 -9.166061179907367824e-12
9.190000185785879694e+01 -9.341881314413719631e-12 -9.142221410438221023e-12
9.200000185988054113e+01 -9.314971215345559199e-12 -9.118443645203680213e-12
9.210000186190204374e+01 -9.285776612942559908e-12 -9.094727722938664966e-12
9.220000186392378794e+01 -9.201545966120170286e-12 -9.071073482797288016e-12
9.230000186594529055e+01 -9.172922312881789672e-12 -9.047480764352246185e-12
9.240000186796704895e+01 -9.198325599399609783e-12 -9.023949407593243567e-12
9.250000186998853735e+01 -9.107850868103560075e-12 -9.000479252926392145e-12
9.260000187201029576e+01 -9.162612065706369200e-12 -8.977070141172644676e-12
9.270000187403179837e+01 -9.081160646646799246e-12 -8.953721913567198531e-12
9.280000187605330098e+01 -9.134829962387570626e-12 -8.930434411758001288e-12
9.290000187807504517e+01 -9.102014194472930112e-12 -8.907207477804858916e-12
9.300000188009654778e+01 -9.019661941393480040e-12 -8.884040954178527826e-12
9.310000188211829197e+01 -9.007673306536139684e-12 -8.860934683759249525e-12
9.320000188413980879e+01 -8.950083327513909387e-12 -8.837888509836138314e-12
9.330000188616155299e+01 -8.954446315008599257e-12 -8.814902276105680402e-12
9.340000188818305560e+01 -8.927937513921920041e-12 -8.791975826671098988e-12
9.350000189020457242e+01 -8.931417730286390351e-12 -8.769109006040924460e-12
9.360000189222631661e+01 -8.856994462552329229e-12 -8.746301659128094514e-12
9.370000189424781922e+01 -8.833770889266669914e-12 -8.723553631249089817e-12
9.380000189626956342e+01 -8.862436699587719998e-12 -8.700864768122457360e-12
9.390000189829106603e+01 -8.789670075616269438e-12 -8.678234915868256309e-12
9.400000190031281022e+01 -8.836675269271360228e-12 -8.655663921006536126e-12
9.410000190233431283e+01 -8.717333592530819615e-12 -8.633151630456748491e-12
9.420000190435581544e+01 -8.774557379511459846e-12 -8.610697891536323973e-12
9.430000190637755964e+01 -8.751575262096259774e-12 -8.588302551959802842e-12
9.440000190839907646e+01 -8.733218276754740112e-12 -8.565965459837959423e-12
9.450000191042082065e+01 -8.671146482013190490e-12 -8.543686463676407843e-12
9.460000191244232326e+01 -8.673282755958730391e-12 -8.521465412374983259e-12
9.470000191446406745e+01 -8.662267213826790040e-12 -8.499302155226302374e-12
9.480000191648557006e+01 -8.659065907577309882e-12 -8.477196541915170514e-12
9.490000191850708688e+01 -8.597912738605359301e-12 -8.455148422517172836e-12
9.500000192052883108e+01 -8.511531276262160598e-12 -8.433157647497847149e-12
9.510000192255033369e+01 -8.568846236543849524e-12 -8.411224067711795339e-12
9.520000192457207788e+01 -8.471065090708039629e-12 -8.389347534401323047e-12
9.530000192659359470e+01 -8.520084355080380419e-12 -8.367527899195840282e-12
9.540000192861533890e+01 -8.460195227461239874e-12 -8.345765014110452636e-12
9.550000193063682730e+01 -8.421812510442529463e-12 -8.324058731545355430e-12
9.560000193265834412e+01 -8.475883582070590103e-12 -8.302408904284468551e-12
9.570000193468008831e+01 -8.429580359143160439e-12 -8.280815385494622191e-12
9.580000193670159092e+01 -8.377756960897390779e-12 -8.259278028724682816e-12
9.590000193872333512e+01 -8.400134987919940093e-12 -8.237796687904212230e-12
9.600000194074483773e+01 -8.300218556711830650e-12 -8.216371217342895655e-12
9.610000194276658192e+01 -8.344707027982849834e-12 -8.195001471729126476e-12
9.620000194478809874e+01 -8.259457979407950639e-12 -8.173687306129442405e-12
9.630000194680960135e+01 -8.260030118948900347e-12 -8.152428575987191001e-12
9.640000194883134554e+01 -8.254053980693699661e-12 -8.131225137121681493e-12
9.650000195085286236e+01 -8.228454325385839986e-12 -8.110076845727372132e-12
9.660000195287460656e+01 -8.213256055371249471e-12 -8.088983558372550262e-12
9.670000195489610917e+01 -8.178441448157600250e-12 -8.067945131998739400e-12
9.680000195691785336e+01 -8.247024376843870639e-12 -8.046961423919345367e-12
9.690000195893935597e+01 -8.153300816024119866e-12 -8.026032291819084380e-12
9.700000196096085858e+01 -8.100022459034770232e-12 -8.005157593752664724e-12
9.710000196298261699e+01 -8.143850173376200007e-12 -7.984337188143974119e-12
9.720000196500410539e+01 -8.129171046749020234e-12 -7.963570933785284844e-12
9.730000196702584958e+01 -8.085977386615439741e-12 -7.942858689835914422e-12
9.740000196904736640e+01 -8.024281763955389979e-12 -7.922200315821695703e-12
9.750000197106911060e+01 -8.012434221237769755e-12 -7.901595671633627851e-12
9.760000197309061321e+01 -7.967972322277549235e-12 -7.881044617527304423e-12
9.770000197511235740e+01 -8.015597645107110507e-12 -7.860547014121577283e-12
9.780000197713387422e+01 -7.978632537443039802e-12 -7.840102722398012146e-12
9.790000197915537683e+01 -7.971838005932029377e-12 -7.819711603699597726e-12
9.800000198117712102e+01 -7.914476230837830262e-12 -7.799373519729954094e-12
9.810000198319862363e+01 -7.933495872425180334e-12 -7.779088332552529738e-12
9.820000198522036783e+01 -7.849143738383819414e-12 -7.758855904589344629e-12
9.830000198724188465e+01 -7.832098943359900043e-12 -7.738676098620424771e-12
9.840000198926362884e+01 -7.788265163617759637e-12 -7.718548777782509729e-12
9.850000199128513145e+01 -7.782721902500160336e-12 -7.698473805568483943e-12
9.860000199330663406e+01 -7.781575032415850295e-12 -7.678451045826127876e-12
9.870000199532837826e+01 -7.757948269399159962e-12 -7.658480362757339307e-12
9.880000199734988087e+01 -7.734615472770680220e-12 -7.638561620917349766e-12
9.890000199937162506e+01 -7.724032233304599948e-12 -7.618694685213477303e-12
9.900000200139312767e+01 -7.713886385902370012e-12 -7.598879420904586884e-12
9.910000200341487187e+01 -7.718771603262599408e-12 -7.579115693599804376e-12
9.920000200543638869e+01 -7.680438247980820355e-12 -7.559403369257968874e-12
9.930000200745789130e+01 -7.679314868662239797e-12 -7.539742314186414537e-12
9.940000200947963549e+01 -7.660731216631499888e-12 -7.520132395040180577e-12
9.950000201150115231e+01 -7.635275559641719418e-12 -7.500573478821266463e-12
9.960000201352289650e+01 -7.523584390475540163e-12 -7.481065432877399234e-12
9.970000201554439911e+01 -7.590350241803060190e-12 -7.461608124901498741e-12
9.980000201756614331e+01 -7.532591456743590292e-12 -7.442201422930414251e-12
9.990000201958764592e+01 -7.552195675420659306e-12 -7.422845195344399389e-12
1.000000020216091485e+02 -7.508898557454310164e-12 -7.403539310865897210e-12
