#time(au), s(t), s(t) without exp(iwt)
 0.00000000000000e+01  4.35481943569738e-17  4.35481943569738e-17
 4.13413741709430e+03  2.89046282465379e-16  2.21130245712667e-16
 8.26827483418859e+03  1.11388387170852e-15  6.95915386069070e-16
 1.24024122512829e+04  1.29060465160592e-15  1.57540329589658e-15
 1.65365496683772e+04  2.33008048653437e-15  2.86639034068948e-15
 2.06706870854715e+04  3.04808896402999e-15  4.53482591749420e-15
 2.48048245025658e+04  3.98900482107561e-15  6.53208272082810e-15
 2.89389619196601e+04  4.47871524536777e-15  8.80579157863542e-15
 3.30730993367544e+04  4.08233142733202e-15  1.13039848153243e-14
 3.72072367538487e+04  6.05742552292166e-15  1.39766294347477e-14
 4.13413741709430e+04  6.42215576699948e-15  1.67763371212262e-14
 4.54755115880372e+04  1.18126759238982e-14  1.96589419021996e-14
 4.96096490051315e+04  7.97852307380970e-15  2.25841368971233e-14
 5.37437864222258e+04  1.22247325778888e-14  2.55161529464711e-14
 5.78779238393201e+04  1.05533730544763e-14  2.84243909607941e-14
 6.20120612564144e+04  9.78231013075272e-15  3.12839117687953e-14
 6.61461986735087e+04  1.16773281920698e-14  3.40757059484290e-14
 7.02803360906030e+04  1.16833906580458e-14  3.67866949517460e-14
 7.44144735076973e+04  1.03113503664243e-14  3.94094454253659e-14
 7.85486109247916e+04  1.07564303613477e-14  4.19416073788691e-14
 8.26827483418859e+04  1.39865064894768e-14  4.43851115516146e-14
 8.68168857589802e+04  1.68834004623770e-14  4.67451809888794e-14
 9.09510231760745e+04  1.35358601642404e-14  4.90292257195230e-14
 9.50851605931688e+04  1.88516476944388e-14  5.12456973039924e-14
 9.92192980102631e+04  1.44057569393231e-14  5.34029819308143e-14
 1.03353435427357e+05  2.28577329921836e-14  5.55084067993705e-14
 1.07487572844452e+05  1.29067745942791e-14  5.75674254511604e-14
 1.11621710261546e+05  2.15104036098322e-14  5.95830342155534e-14
 1.15755847678640e+05  1.71296613113702e-14  6.15554549780181e-14
 1.19889985095735e+05  2.41516336296305e-14  6.34821003478356e-14
 1.24024122512829e+05  2.16504059909369e-14  6.53578171381214e-14
 1.28158259929923e+05  2.27571940882923e-14  6.71753843928119e-14
 1.32292397347018e+05  2.41049812808211e-14  6.89262240413103e-14
 1.36426534764112e+05  2.57669484391888e-14  7.06012670740492e-14
 1.40560672181206e+05  2.86016853123353e-14  7.21919066883768e-14
 1.44694809598300e+05  2.25190848027805e-14  7.36909630942011e-14
 1.48828947015395e+05  2.58127263883522e-14  7.50935828792469e-14
 1.52963084432489e+05  2.32168472975458e-14  7.63979993640811e-14
 1.57097221849583e+05  2.48842402912968e-14  7.76060888605669e-14
 1.61231359266678e+05  2.92820097383472e-14  7.87236708079307e-14
 1.65365496683772e+05  3.25733393849705e-14  7.97605165758072e-14
 1.69499634100866e+05  3.33316941563908e-14  8.07300512081717e-14
 1.73633771517960e+05  3.26067181216234e-14  8.16487534029627e-14
 1.77767908935055e+05  3.31695006339397e-14  8.25352801509639e-14
 1.81902046352149e+05  2.91753656409001e-14  8.34093624306985e-14
 1.86036183769243e+05  2.60074706100272e-14  8.42905358481154e-14
 1.90170321186338e+05  2.39497748668482e-14  8.51967838402169e-14
 1.94304458603432e+05  2.21268834218220e-14  8.61431803758828e-14
 1.98438596020526e+05  3.28814403870795e-14  8.71406228799029e-14
 2.02572733437620e+05  2.47772466128044e-14  8.81947444550705e-14
 2.06706870854715e+05  3.27327471476399e-14  8.93050870053209e-14
 2.10841008271809e+05  3.38717656856538e-14  9.04646041132902e-14
 2.14975145688903e+05  3.73603227298748e-14  9.16595450661300e-14
 2.19109283105998e+05  3.50733844979635e-14  9.28697501993697e-14
 2.23243420523092e+05  3.54587155081740e-14  9.40693640085697e-14
 2.27377557940186e+05  3.08453174756411e-14  9.52279475832795e-14
 2.31511695357280e+05  3.46844633082066e-14  9.63119472192218e-14
 2.35645832774375e+05  1.90938029730216e-14  9.72864533377581e-14
 2.39779970191469e+05  3.84437805581371e-14  9.81171640510280e-14
 2.43914107608563e+05  2.72974879185367e-14  9.87724524616860e-14
 2.48048245025658e+05  5.41344565913933e-14  9.92254268805682e-14
 2.52182382442752e+05  2.28335012055494e-14  9.94558692811059e-14
 2.56316519859846e+05  5.47460807898313e-14  9.94519399356872e-14
 2.60450657276940e+05  4.24562452295882e-14  9.92115451156119e-14
 2.64584794694035e+05  4.44616772178350e-14  9.87432798102815e-14
 2.68718932111129e+05  3.74873035272447e-14  9.80668776514316e-14
 2.72853069528223e+05  2.18055377565887e-14  9.72131247468721e-14
 2.76987206945318e+05  3.79300207264163e-14  9.62232215526714e-14
 2.81121344362412e+05  3.56674905270513e-14  9.51476057197910e-14
 2.85255481779506e+05  3.56222022129385e-14  9.40442775334650e-14
 2.89389619196601e+05  2.84022600469314e-14  9.29766964724344e-14
 2.93523756613695e+05  4.19644666849882e-14  9.20113410551987e-14
 2.97657894030789e+05  5.80580199056737e-14  9.12150431469745e-14
 3.01792031447884e+05  2.61033970958726e-14  9.06522212656910e-14
 3.05926168864978e+05  4.51922165485049e-14  9.03821442674855e-14
 3.10060306282072e+05  3.04169598882629e-14  9.04563567301738e-14
 3.14194443699167e+05  4.67402822704456e-14  9.09163904215594e-14
 3.18328581116261e+05  2.77566165196850e-14  9.17918726109038e-14
 3.22462718533355e+05  4.86153630964636e-14  9.30991225966239e-14
 3.26596855950449e+05  3.42630153490034e-14  9.48403035123798e-14
 3.30730993367544e+05  4.65129251300432e-14  9.70031687239114e-14
 3.34865130784638e+05  2.80475633810459e-14  9.95614122671860e-14
 3.38999268201732e+05  5.17759633786151e-14  1.02475602670223e-13
 3.43133405618827e+05  4.59035826570638e-14  1.05694650501121e-13
 3.47267543035921e+05  4.99331769744304e-14  1.09157733894411e-13
 3.51401680453015e+05  4.15003781305773e-14  1.12796584371067e-13
 3.55535817870110e+05  3.70636870541875e-14  1.16538018775787e-13
 3.59669955287204e+05  4.18277986348190e-14  1.20306592841417e-13
 3.63804092704298e+05  5.36037354281737e-14  1.24027248382645e-13
 3.67938230121393e+05  4.68610312461899e-14  1.27627829435498e-13
 3.72072367538487e+05  4.92575876761996e-14  1.31041352625201e-13
 3.76206504955581e+05  5.25840202956499e-14  1.34207933020316e-13
 3.80340642372676e+05  6.21889066189931e-14  1.37076287666779e-13
 3.84474779789770e+05  5.16558992938888e-14  1.39604763809249e-13
 3.88608917206864e+05  3.66284271559262e-14  1.41761865967567e-13
 3.92743054623959e+05  3.92755911653129e-14  1.43526283959161e-13
 3.96877192041053e+05  3.14211968137981e-14  1.44886451177451e-13
 4.01011329458147e+05  5.08099035970765e-14  1.45839687297676e-13
 4.05145466875241e+05  3.98092800657441e-14  1.46391000804588e-13
 4.09279604292336e+05  5.79847581609420e-14  1.46551643065115e-13
 4.13413741709430e+05  5.80962405893101e-14  1.46337516380800e-13
 4.17547879126524e+05  6.01196343159824e-14  1.45767542872400e-13
 4.21682016543619e+05  5.64223830387409e-14  1.44862099072537e-13
 4.25816153960713e+05  4.75377644136681e-14  1.43641613017847e-13
 4.29950291377807e+05  5.13875452704814e-14  1.42125406836906e-13
 4.34084428794902e+05  4.49935947339399e-14  1.40330849386559e-13
 4.38218566211996e+05  4.04742610448331e-14  1.38272861380554e-13
 4.42352703629090e+05  4.68056711172442e-14  1.35963791253871e-13
 4.46486841046185e+05  5.63319649064324e-14  1.33413654900124e-13
 4.50620978463279e+05  5.59767839474363e-14  1.30630708190374e-13
 4.54755115880373e+05  5.15737706128024e-14  1.27622299148127e-13
 4.58889253297468e+05  6.66335469798171e-14  1.24395928003793e-13
 4.63023390714562e+05  5.45656598450974e-14  1.20960429540155e-13
 4.67157528131656e+05  7.04922918334212e-14  1.17327183556994e-13
 4.71291665548751e+05  4.94145159172634e-14  1.13511256703937e-13
 4.75425802965845e+05  6.74621587904761e-14  1.09532382446050e-13
 4.79559940382939e+05  4.98403310176077e-14  1.05415695224149e-13
 4.83694077800033e+05  4.52812593672825e-14  1.01192149501018e-13
 4.87828215217128e+05  5.37972016199878e-14  9.68985734147745e-14
 4.91962352634222e+05  6.24420185040990e-14  9.25773290989347e-14
 4.96096490051316e+05  9.85542442963527e-14  8.82755759682140e-14
 5.00230627468411e+05  7.27963111547958e-14  8.40441581508131e-14
 5.04364764885505e+05  8.25589507337985e-14  7.99361610648284e-14
 5.08498902302599e+05  6.83003053201395e-14  7.60052036848437e-14
 5.12633039719694e+05  7.36798231550922e-14  7.23035509444976e-14
 5.16767177136788e+05  6.21068569564402e-14  6.88801438969403e-14
 5.20901314553882e+05  7.22970230977680e-14  6.57786529781394e-14
 5.25035451970977e+05  5.27635211782577e-14  6.30356614192703e-14
 5.29169589388071e+05  7.00348570037621e-14  6.06790814761772e-14
 5.33303726805165e+05  6.20118652479285e-14  5.87268958697647e-14
 5.37437864222260e+05  6.86576749563575e-14  5.71863011525480e-14
 5.41572001639354e+05  6.30952950065579e-14  5.60533096075158e-14
 5.45706139056448e+05  5.95345466003471e-14  5.53128427605356e-14
 5.49840276473543e+05  6.82049424661632e-14  5.49393239944234e-14
 5.53974413890637e+05  5.36956141532876e-14  5.48977514614594e-14
 5.58108551307731e+05  5.83530117770849e-14  5.51452070916058e-14
 5.62242688724826e+05  6.29771597665065e-14  5.56327341830228e-14
 5.66376826141920e+05  5.79948154993642e-14  5.63074963527463e-14
 5.70510963559014e+05  7.74372986136479e-14  5.71151154261575e-14
 5.74645100976108e+05  5.87780650243752e-14  5.80020760979259e-14
 5.78779238393203e+05  9.05776605222310e-14  5.89180813680792e-14
 5.82913375810297e+05  8.63153970376391e-14  5.98182450749183e-14
 5.87047513227391e+05  9.29497152251193e-14  6.06650161108842e-14
 5.91181650644486e+05  7.18716697079484e-14  6.14297427413896e-14
 5.95315788061580e+05  8.62775179280747e-14  6.20938039803213e-14
 5.99449925478674e+05  7.36882938055032e-14  6.26492571558739e-14
 6.03584062895769e+05  8.81508492174803e-14  6.30989755957740e-14
 6.07718200312863e+05  6.26827502073739e-14  6.34562761263617e-14
 6.11852337729957e+05  7.71933833699673e-14  6.37440616333332e-14
 6.15986475147052e+05  8.29942815368822e-14  6.39935278930850e-14
 6.20120612564146e+05  1.12350218098933e-13  6.42425048134734e-14
 6.24254749981240e+05  6.54921683939361e-14  6.45335192652989e-14
 6.28388887398335e+05  7.73443154711988e-14  6.49116788311784e-14
 6.32523024815429e+05  7.37971702309664e-14  6.54224825045273e-14
 6.36657162232523e+05  6.98267902847943e-14  6.61096654665169e-14
 6.40791299649618e+05  6.63456175137185e-14  6.70131804322910e-14
 6.44925437066712e+05  5.79687623241802e-14  6.81674082641217e-14
 6.49059574483806e+05  6.79609838110785e-14  6.95996759881195e-14
 6.53193711900900e+05  8.34913958366726e-14  7.13291422687667e-14
 6.57327849317995e+05  4.82250620821485e-14  7.33660894595104e-14
 6.61461986735089e+05  7.10265460762197e-14  7.57116391238915e-14
 6.65596124152183e+05  6.51729288658911e-14  7.83578854755764e-14
 6.69730261569278e+05  9.23589374889785e-14  8.12884198212117e-14
 6.73864398986372e+05  5.19920491364823e-14  8.44791999518416e-14
 6.77998536403466e+05  7.40715974896860e-14  8.78997025640669e-14
 6.82132673820561e+05  7.49354229489285e-14  9.15142849216192e-14
 6.86266811237655e+05  9.09346447562458e-14  9.52836746962158e-14
 6.90400948654749e+05  6.22567883281389e-14  9.91665045383572e-14
 6.94535086071844e+05  8.39663424780194e-14  1.03120810306025e-13
 6.98669223488938e+05  9.53038345469856e-14  1.07105418875723e-13
 7.02803360906032e+05  1.04743917854791e-13  1.11081162378603e-13
 7.06937498323127e+05  7.97342076159579e-14  1.15011869849277e-13
 7.11071635740221e+05  6.69623425201646e-14  1.18865103700803e-13
 7.15205773157315e+05  8.09846735166475e-14  1.22612626041379e-13
 7.19339910574410e+05  7.37980295725705e-14  1.26230597528618e-13
 7.23474047991504e+05  8.06980578640040e-14  1.29699528206502e-13
 7.27608185408598e+05  5.48533567147177e-14  1.33004014464343e-13
 7.31742322825692e+05  7.17077268699533e-14  1.36132308121004e-13
 7.35876460242787e+05  7.49265074663577e-14  1.39075771976846e-13
 7.40010597659881e+05  8.06310385869789e-14  1.41828280583219e-13
 7.44144735076975e+05  9.16306591923962e-14  1.44385625139028e-13
 7.48278872494070e+05  7.47771025643505e-14  1.46744977662609e-13
 7.52413009911164e+05  9.82388541284950e-14  1.48904461947626e-13
 7.56547147328258e+05  7.09370846001092e-14  1.50862868031157e-13
 7.60681284745353e+05  7.68756235459456e-14  1.52619533748743e-13
 7.64815422162447e+05  8.61354883700586e-14  1.54174402138839e-13
 7.68949559579541e+05  7.77300285140319e-14  1.55528248225005e-13
 7.73083696996636e+05  8.41676208615264e-14  1.56683053867679e-13
 7.77217834413730e+05  7.30244615864467e-14  1.57642496057854e-13
 7.81351971830824e+05  9.43894581129897e-14  1.58412503004844e-13
 7.85486109247919e+05  8.65716763918371e-14  1.59001824507291e-13
 7.89620246665013e+05  6.78017705764975e-14  1.59422558868131e-13
 7.93754384082107e+05  7.91807179144589e-14  1.59690578346657e-13
 7.97888521499202e+05  7.74170024350825e-14  1.59825798962694e-13
 8.02022658916296e+05  7.77925376882547e-14  1.59852248170112e-13
 8.06156796333390e+05  8.76399132071404e-14  1.59797895091042e-13
 8.10290933750484e+05  8.16966344389814e-14  1.59694221951672e-13
 8.14425071167579e+05  8.75104720856973e-14  1.59575531450269e-13
 8.18559208584673e+05  8.71831078777062e-14  1.59478001808723e-13
 8.22693346001767e+05  9.47348213837861e-14  1.59438518389009e-13
 8.26827483418862e+05  7.47925689481783e-14  1.59493326841856e-13
 8.30961620835956e+05  9.44061985520265e-14  1.59676566835219e-13
 8.35095758253050e+05  9.37412395771967e-14  1.60018756538901e-13
 8.39229895670145e+05  8.53115666869083e-14  1.60545305509816e-13
 8.43364033087239e+05  8.49120952975956e-14  1.61275136904121e-13
 8.47498170504333e+05  7.68258647809318e-14  1.62219498653651e-13
 8.51632307921428e+05  9.53454342361111e-14  1.63381037395239e-13
 8.55766445338522e+05  9.83413543443202e-14  1.64753198750945e-13
 8.59900582755616e+05  7.50635890523885e-14  1.66320003420438e-13
 8.64034720172711e+05  7.26602522357662e-14  1.68056231179099e-13
 8.68168857589805e+05  1.11717710683558e-13  1.69928025224258e-13
 8.72302995006899e+05  6.71526408096188e-14  1.71893908248088e-13
 8.76437132423994e+05  9.87644633544268e-14  1.73906180452615e-13
 8.80571269841088e+05  8.65759005055504e-14  1.75912649372562e-13
 8.84705407258182e+05  7.04569545631841e-14  1.77858623156795e-13
 8.88839544675276e+05  8.31768007141509e-14  1.79689083739507e-13
 8.92973682092371e+05  7.58796219751536e-14  1.81350945049188e-13
 8.97107819509465e+05  1.21002971175552e-13  1.82795294637669e-13
 9.01241956926559e+05  7.88635557981359e-14  1.83979515380646e-13
 9.05376094343654e+05  9.42944740425518e-14  1.84869187323972e-13
 9.09510231760748e+05  7.50158559210094e-14  1.85439678133670e-13
 9.13644369177842e+05  7.14663281415099e-14  1.85677343800447e-13
 9.17778506594937e+05  1.16981440856383e-13  1.85580278338716e-13
 9.21912644012031e+05  8.61910960658481e-14  1.85158571631272e-13
 9.26046781429125e+05  1.04670881007980e-13  1.84434057165360e-13
 9.30180918846220e+05  8.02420060723927e-14  1.83439555014737e-13
 9.34315056263314e+05  8.94261355065773e-14  1.82217639055978e-13
 9.38449193680408e+05  1.05476070021719e-13  1.80818979635864e-13
 9.42583331097503e+05  8.68745919845695e-14  1.79300332805842e-13
 9.46717468514597e+05  7.57707553135645e-14  1.77722263748087e-13
 9.50851605931691e+05  8.09078150127473e-14  1.76146704252789e-13
 9.54985743348786e+05  9.16593711141205e-14  1.74634451613582e-13
 9.59119880765880e+05  1.11274091272209e-13  1.73242718566621e-13
 9.63254018182974e+05  8.60168355476921e-14  1.72022840902240e-13
 9.67388155600069e+05  8.40884707469572e-14  1.71018241360213e-13
 9.71522293017163e+05  8.20459496514254e-14  1.70262735616116e-13
 9.75656430434257e+05  8.81937383679456e-14  1.69779249486487e-13
 9.79790567851351e+05  8.74518196724640e-14  1.69578996568534e-13
 9.83924705268446e+05  6.27731701342874e-14  1.69661143573876e-13
 9.88058842685540e+05  7.27860098537694e-14  1.70012967600791e-13
 9.92192980102634e+05  8.05189969237757e-14  1.70610486747153e-13
 9.96327117519729e+05  8.90670798001381e-14  1.71419523868616e-13
 1.00046125493682e+06  7.66509610066420e-14  1.72397144090615e-13
 1.00459539235392e+06  7.79320258261597e-14  1.73493390663929e-13
 1.00872952977101e+06  1.03032384766982e-13  1.74653231855898e-13
 1.01286366718811e+06  8.77987050693739e-14  1.75818624081512e-13
 1.01699780460520e+06  8.32453852945229e-14  1.76930594025157e-13
 1.02113194202229e+06  1.15696098851310e-13  1.77931244784279e-13
 1.02526607943939e+06  9.56140516765772e-14  1.78765598160829e-13
 1.02940021685648e+06  9.39679465616703e-14  1.79383196491754e-13
 1.03353435427358e+06  7.91876572391365e-14  1.79739402407951e-13
 1.03766849169067e+06  7.72836603621768e-14  1.79796352527740e-13
 1.04180262910777e+06  1.02111472685068e-13  1.79523540662963e-13
 1.04593676652486e+06  7.74487141067753e-14  1.78898026420521e-13
 1.05007090394195e+06  9.10113692782044e-14  1.77904285060376e-13
 1.05420504135905e+06  9.71985470775453e-14  1.76533733172767e-13
 1.05833917877614e+06  8.81033685707061e-14  1.74783981128632e-13
 1.06247331619324e+06  7.46543182378565e-14  1.72657876515006e-13
 1.06660745361033e+06  5.12833516018684e-14  1.70162412257276e-13
 1.07074159102743e+06  8.18572859657417e-14  1.67307578388593e-13
 1.07487572844452e+06  7.62009717083987e-14  1.64105237187811e-13
 1.07900986586161e+06  1.09294246942777e-13  1.60568097750664e-13
 1.08314400327871e+06  9.44653891177389e-14  1.56708858083605e-13
 1.08727814069580e+06  8.67353627279067e-14  1.52539571176111e-13
 1.09141227811290e+06  1.10241210881047e-13  1.48071276572911e-13
 1.09554641552999e+06  7.92636423414761e-14  1.43313921861094e-13
 1.09968055294709e+06  7.84800197927595e-14  1.38276579907992e-13
 1.10381469036418e+06  7.84736312580555e-14  1.32967948649586e-13
 1.10794882778128e+06  8.67459653714894e-14  1.27397101903951e-13
 1.11208296519837e+06  9.46156588956801e-14  1.21574442859513e-13
 1.11621710261546e+06  8.85740725404037e-14  1.15512797646207e-13
 1.12035124003256e+06  1.08349313787455e-13  1.09228575329383e-13
 1.12448537744965e+06  8.21351336334100e-14  1.02742913629792e-13
 1.12861951486675e+06  9.83764101552892e-14  9.60827267728591e-14
 1.13275365228384e+06  9.86937139172787e-14  8.92815737166181e-14
 1.13688778970094e+06  1.08830948792665e-13  8.23802710903807e-14
 1.14102192711803e+06  9.83227854013010e-14  7.54271857492603e-14
 1.14515606453512e+06  9.89136933391239e-14  6.84781560523221e-14
 1.14929020195222e+06  8.03282615030236e-14  6.15960083803272e-14
 1.15342433936931e+06  9.77217526746800e-14  5.48496550957447e-14
 1.15755847678641e+06  9.20716858190517e-14  4.83127813071637e-14
 1.16169261420350e+06  7.81760724514341e-14  4.20621491611107e-14
 1.16582675162060e+06  9.79798676261762e-14  3.61755692561171e-14
 1.16996088903769e+06  1.03890096659574e-13  3.07296077803598e-14
 1.17409502645478e+06  1.02162170663657e-13  2.57971144180527e-14
 1.17822916387188e+06  9.68813941373443e-14  2.14446689104091e-14
 1.18236330128897e+06  7.07474541425272e-14  1.77300529030053e-14
 1.18649743870607e+06  8.32654120088807e-14  1.46998576500809e-14
 1.19063157612316e+06  9.41358997341692e-14  1.23873371382881e-14
 1.19476571354026e+06  9.70651384738090e-14  1.08106101271334e-14
 1.19889985095735e+06  1.00350582915885e-13  9.97130365607891e-15
 1.20303398837444e+06  1.03547489453065e-13  9.85371508167776e-15
 1.20716812579154e+06  1.03830157066124e-13  1.04245504395286e-14
 1.21130226320863e+06  1.12288784634777e-13  1.16332744770016e-14
 1.21543640062573e+06  9.76863661993411e-14  1.34130831756656e-14
 1.21957053804282e+06  8.93263460164245e-14  1.56824839689908e-14
 1.22370467545992e+06  1.04013640659482e-13  1.83474432480757e-14
 1.22783881287701e+06  1.04389044342528e-13  2.13040363468234e-14
 1.23197295029410e+06  1.14296582056008e-13  2.44415130366895e-14
 1.23610708771120e+06  9.97689047193996e-14  2.76456726691592e-14
 1.24024122512829e+06  8.36562770118107e-14  3.08024283324853e-14
 1.24437536254539e+06  8.50650113278887e-14  3.38014295459271e-14
 1.24850949996248e+06  7.50973131289426e-14  3.65396083604765e-14
 1.25264363737958e+06  1.24908921042999e-13  3.89245148291449e-14
 1.25677777479667e+06  1.10644079327163e-13  4.08773144234525e-14
 1.26091191221376e+06  1.04078899915920e-13  4.23353320285702e-14
 1.26504604963086e+06  9.57455706393145e-14  4.32540441002414e-14
 1.26918018704795e+06  1.00117214043308e-13  4.36084417602323e-14
 1.27331432446505e+06  9.54610412728989e-14  4.33937121687681e-14
 1.27744846188214e+06  1.10782187975483e-13  4.26252123533309e-14
 1.28158259929924e+06  1.09957945365528e-13  4.13377377263262e-14
 1.28571673671633e+06  1.02344676965944e-13  3.95841155160693e-14
 1.28985087413343e+06  1.06691152326190e-13  3.74331800846121e-14
 1.29398501155052e+06  1.21038392933238e-13  3.49672114459974e-14
 1.29811914896761e+06  1.03374612118639e-13  3.22789392031483e-14
 1.30225328638471e+06  1.12384364028598e-13  2.94682305583527e-14
 1.30638742380180e+06  8.61336252719834e-14  2.66385925124238e-14
 1.31052156121890e+06  1.04643981533666e-13  2.38936241060122e-14
 1.31465569863599e+06  1.05784960206112e-13  2.13335545781336e-14
 1.31878983605309e+06  1.17501261085836e-13  1.90519974110034e-14
 1.32292397347018e+06  1.03891881370541e-13  1.71330389061014e-14
 1.32705811088727e+06  9.28415368044092e-14  1.56487635564345e-14
 1.33119224830437e+06  1.10660828123122e-13  1.46572978736288e-14
 1.33532638572146e+06  1.08380714294699e-13  1.42014305082130e-14
 1.33946052313856e+06  9.98270444350118e-14  1.43078404901664e-14
 1.34359466055565e+06  1.22108310486726e-13  1.49869385249941e-14
 1.34772879797275e+06  9.97072809470602e-14  1.62332996116153e-14
 1.35186293538984e+06  1.28202894105765e-13  1.80266403021141e-14
 1.35599707280693e+06  9.47682415264935e-14  2.03332715025597e-14
 1.36013121022403e+06  9.71847939339830e-14  2.31079392552870e-14
 1.36426534764112e+06  1.09049920148399e-13  2.62959519080820e-14
 1.36839948505822e+06  1.11690888590548e-13  2.98354833793862e-14
 1.37253362247531e+06  1.00965275464355e-13  3.36599391066091e-14
 1.37666775989241e+06  9.53651824206006e-14  3.77002737724375e-14
 1.38080189730950e+06  1.19913763553915e-13  4.18871579614653e-14
 1.38493603472659e+06  1.21135307224773e-13  4.61529039299300e-14
 1.38907017214369e+06  1.03175669095369e-13  5.04330780477841e-14
 1.39320430956078e+06  9.46416260031686e-14  5.46677481267092e-14
 1.39733844697788e+06  9.39965600378133e-14  5.88023368238299e-14
 1.40147258439497e+06  1.00084513096373e-13  6.27880762746164e-14
 1.40560672181207e+06  9.34068450474341e-14  6.65820827074332e-14
 1.40974085922916e+06  8.85919870624141e-14  7.01470920122295e-14
 1.41387499664625e+06  9.25018189732005e-14  7.34509164901345e-14
 1.41800913406335e+06  1.03382846342920e-13  7.64656986059690e-14
 1.42214327148044e+06  9.51428127126641e-14  7.91670484128787e-14
 1.42627740889754e+06  1.04674423504797e-13  8.15331568461232e-14
 1.43041154631463e+06  8.67740348579853e-14  8.35439769846255e-14
 1.43454568373173e+06  9.50350731478432e-14  8.51805596113934e-14
 1.43867982114882e+06  7.46846083741001e-14  8.64246182114566e-14
 1.44281395856591e+06  9.29810557782718e-14  8.72583825065047e-14
 1.44694809598301e+06  8.07253739921880e-14  8.76647795933547e-14
 1.45108223340010e+06  9.58227973860941e-14  8.76279588348450e-14
 1.45521637081720e+06  1.09941539231989e-13  8.71341520453275e-14
 1.45935050823429e+06  8.69508141370477e-14  8.61728356473833e-14
 1.46348464565139e+06  1.12968822650884e-13  8.47381377408047e-14
 1.46761878306848e+06  1.26280818723784e-13  8.28304118426543e-14
 1.47175292048557e+06  9.66792199327982e-14  8.04578816888484e-14
 1.47588705790267e+06  1.18097732310848e-13  7.76382490350285e-14
 1.48002119531976e+06  9.73902768808727e-14  7.44001497789135e-14
 1.48415533273686e+06  8.19385892519074e-14  7.07843434388817e-14
 1.48828947015395e+06  9.87382811953643e-14  6.68445274236283e-14
 1.49242360757105e+06  8.44447141310572e-14  6.26476803420279e-14
 1.49655774498814e+06  1.10997579166688e-13  5.82738576135193e-14
 1.50069188240524e+06  8.99732207423905e-14  5.38153867624351e-14
 1.50482601982233e+06  1.03347452397130e-13  4.93754381720114e-14
 1.50896015723942e+06  8.53092697275635e-14  4.50659781532356e-14
 1.51309429465652e+06  8.35751331347523e-14  4.10051436216731e-14
 1.51722843207361e+06  9.10972399275964e-14  3.73141095592792e-14
 1.52136256949071e+06  7.91085030123363e-14  3.41135503473677e-14
 1.52549670690780e+06  6.97524702389118e-14  3.15198221176096e-14
 1.52963084432490e+06  7.56082898094505e-14  2.96410141822750e-14
 1.53376498174199e+06  1.08986197799369e-13  2.85730320180636e-14
 1.53789911915908e+06  9.80702016813559e-14  2.83958812725012e-14
 1.54203325657618e+06  9.86129001790179e-14  2.91703212095357e-14
 1.54616739399327e+06  1.00273116854842e-13  3.09350467867063e-14
 1.55030153141037e+06  1.03418058395014e-13  3.37045412601530e-14
 1.55443566882746e+06  1.02733573443216e-13  3.74677165353591e-14
 1.55856980624456e+06  8.54463972678217e-14  4.21874274749822e-14
 1.56270394366165e+06  9.34774812015449e-14  4.78009103040837e-14
 1.56683808107874e+06  9.65727199137331e-14  5.42211558186692e-14
 1.57097221849584e+06  1.00840484768252e-13  6.13391872041353e-14
 1.57510635591293e+06  9.29855135429320e-14  6.90271717198906e-14
 1.57924049333003e+06  1.15748656272727e-13  7.71422574687535e-14
 1.58337463074712e+06  1.03555594935874e-13  8.55309927210880e-14
 1.58750876816422e+06  8.57757676059414e-14  9.40341574784219e-14
 1.59164290558131e+06  1.28513385404040e-13  1.02491816758676e-13
 1.59577704299840e+06  9.66514620139700e-14  1.10748393328992e-13
 1.59991118041550e+06  1.08973319486293e-13  1.18657555137256e-13
 1.60404531783259e+06  8.55952108176933e-14  1.26086719625527e-13
 1.60817945524969e+06  8.83667458035012e-14  1.32920993347548e-13
 1.61231359266678e+06  1.12811179236450e-13  1.39066389905195e-13
 1.61644773008388e+06  9.49256367533868e-14  1.44452201306648e-13
 1.62058186750097e+06  1.21476159937550e-13  1.49032435767290e-13
 1.62471600491806e+06  8.39925610216519e-14  1.52786276889984e-13
 1.62885014233516e+06  8.44539410798480e-14  1.55717563146076e-13
 1.63298427975225e+06  1.20027254534203e-13  1.57853330455992e-13
 1.63711841716935e+06  9.89431316698383e-14  1.59241502201594e-13
 1.64125255458644e+06  1.10749209204148e-13  1.59947848360395e-13
 1.64538669200354e+06  6.21089805400491e-14  1.60052366578346e-13
 1.64952082942063e+06  1.19746167826568e-13  1.59645261577751e-13
 1.65365496683772e+06  9.45073685779404e-14  1.58822714056706e-13
 1.65778910425482e+06  1.16616645044223e-13  1.57682635584269e-13
 1.66192324167191e+06  8.65664075142486e-14  1.56320601650826e-13
 1.66605737908901e+06  1.15224740032203e-13  1.54826141391025e-13
 1.67019151650610e+06  1.01171504356743e-13  1.53279540189161e-13
 1.67432565392320e+06  9.98305967994176e-14  1.51749281706341e-13
 1.67845979134029e+06  9.80197750562001e-14  1.50290220478211e-13
 1.68259392875739e+06  7.86503094020399e-14  1.48942536772680e-13
 1.68672806617448e+06  8.63820428559442e-14  1.47731484243999e-13
 1.69086220359157e+06  1.03821897548647e-13  1.46667899950777e-13
 1.69499634100867e+06  1.12065841664737e-13  1.45749407918246e-13
 1.69913047842576e+06  1.04554151551409e-13  1.44962213343462e-13
 1.70326461584286e+06  1.05512574100902e-13  1.44283356711510e-13
 1.70739875325995e+06  1.06183085243298e-13  1.43683276895312e-13
 1.71153289067705e+06  1.04528273003191e-13  1.43128520540984e-13
 1.71566702809414e+06  1.00395538924085e-13  1.42584432573692e-13
 1.71980116551123e+06  9.65573249797555e-14  1.42017669142672e-13
 1.72393530292833e+06  1.19849501760742e-13  1.41398389651694e-13
 1.72806944034542e+06  1.00265230112832e-13  1.40702007453566e-13
 1.73220357776252e+06  1.07873305597785e-13  1.39910408257581e-13
 1.73633771517961e+06  1.06650672096417e-13  1.39012579371199e-13
 1.74047185259671e+06  1.07866522874405e-13  1.38004629845408e-13
 1.74460599001380e+06  1.04146627000283e-13  1.36889219175949e-13
 1.74874012743089e+06  1.05760161822182e-13  1.35674448417726e-13
 1.75287426484799e+06  9.21843986421743e-14  1.34372300299637e-13
 1.75700840226508e+06  9.34715877703216e-14  1.32996742435883e-13
 1.76114253968218e+06  8.44380088932668e-14  1.31561628352955e-13
 1.76527667709927e+06  1.06261109635468e-13  1.30078543797330e-13
 1.76941081451637e+06  7.83139035852648e-14  1.28554749803211e-13
 1.77354495193346e+06  9.21361384636900e-14  1.26991369103792e-13
 1.77767908935055e+06  8.47115235319329e-14  1.25381949068514e-13
 1.78181322676765e+06  9.98017361317478e-14  1.23711512839949e-13
 1.78594736418474e+06  9.94014843254133e-14  1.21956182424622e-13
 1.79008150160184e+06  9.57700960133948e-14  1.20083424202594e-13
 1.79421563901893e+06  1.17280635448049e-13  1.18052930927405e-13
 1.79834977643603e+06  8.67543313691764e-14  1.15818116600975e-13
 1.80248391385312e+06  1.01681024295270e-13  1.13328163774268e-13
 1.80661805127021e+06  7.89252230174318e-14  1.10530529040670e-13
 1.81075218868731e+06  1.18411226972693e-13  1.07373783441133e-13
 1.81488632610440e+06  1.14015329705713e-13  1.03810642072539e-13
 1.81902046352150e+06  9.34864849128342e-14  9.98010225277166e-14
 1.82315460093859e+06  9.44716319003737e-14  9.53149657861694e-14
 1.82728873835569e+06  9.30607921762330e-14  9.03352562799450e-14
 1.83142287577278e+06  1.05899602163693e-13  8.48595898752221e-14
 1.83555701318987e+06  9.15425357829405e-14  7.89021589222300e-14
 1.83969115060697e+06  1.03899270322697e-13  7.24945512531758e-14
 1.84382528802406e+06  8.49915220139499e-14  6.56858935121053e-14
 1.84795942544116e+06  1.07036208108158e-13  5.85422068825001e-14
 1.85209356285825e+06  1.12166417919016e-13  5.11449829093200e-14
 1.85622770027535e+06  8.01796232750534e-14  4.35890267441263e-14
 1.86036183769244e+06  9.94197960882560e-14  3.59796525779046e-14
 1.86449597510954e+06  9.02518710853509e-14  2.84293492888484e-14
 1.86863011252663e+06  9.93280903189566e-14  2.10540616168834e-14
 1.87276424994372e+06  1.08848365953443e-13  1.39692520927530e-14
 1.87689838736082e+06  1.06534218494324e-13  7.28592039763877e-15
 1.88103252477791e+06  9.13493226088861e-14  1.10675924808421e-15
 1.88516666219501e+06  7.21241705669328e-14 -4.47738081945926e-15
 1.88930079961210e+06  1.13541058355941e-13 -9.39056083659256e-15
 1.89343493702920e+06  1.11987078653608e-13 -1.35742233327524e-14
 1.89756907444629e+06  1.04370314885216e-13 -1.69889591439365e-14
 1.90170321186338e+06  1.14897781535663e-13 -1.96155022048927e-14
 1.90583734928048e+06  8.68279495951933e-14 -2.14549214403965e-14
 1.90997148669757e+06  1.19298003169463e-13 -2.25280177779441e-14
 1.91410562411467e+06  1.11089299382230e-13 -2.28739722143524e-14
 1.91823976153176e+06  9.74847108079251e-14 -2.25483257657129e-14
 1.92237389894886e+06  9.68189888787493e-14 -2.16204021372421e-14
 1.92650803636595e+06  1.13156262571947e-13 -2.01703076177380e-14
 1.93064217378304e+06  1.04839221641365e-13 -1.82856588465959e-14
 1.93477631120014e+06  1.01302720536725e-13 -1.60581970295547e-14
 1.93891044861723e+06  1.06250230700026e-13 -1.35804465566458e-14
 1.94304458603433e+06  8.04437137477973e-14 -1.09425671531710e-14
 1.94717872345142e+06  1.04056211349257e-13 -8.22953219988165e-15
 1.95131286086852e+06  9.02634666906309e-14 -5.51874288579967e-15
 1.95544699828561e+06  1.15359720886018e-13 -2.87815981814025e-15
 1.95958113570270e+06  7.06473212342861e-14 -3.65002238315123e-16
 1.96371527311980e+06  9.11026328705222e-14  1.97496790788687e-15
 1.96784941053689e+06  1.06122607302499e-13  4.10759239551166e-15
 1.97198354795399e+06  1.01044262186428e-13  6.00993929895700e-15
 1.97611768537108e+06  9.61316597326748e-14  7.66947369521484e-15
 1.98025182278818e+06  8.81632441970658e-14  9.08286951927564e-15
 1.98438596020527e+06  8.84427073343124e-14  1.02545700748011e-14
 1.98852009762236e+06  1.00710485081248e-13  1.11952120999923e-14
 1.99265423503946e+06  1.15106378096855e-13  1.19200282461968e-14
 1.99678837245655e+06  1.08103641143372e-13  1.24473355823508e-14
 2.00092250987365e+06  8.37946272951394e-14  1.27972039484210e-14
 2.00505664729074e+06  1.20526540662350e-13  1.29903785644396e-14
 2.00919078470784e+06  9.12420340886668e-14  1.30475077733085e-14
 2.01332492212493e+06  1.14103183778084e-13  1.29887005168566e-14
 2.01745905954202e+06  8.29245797899704e-14  1.28334111245371e-14
 2.02159319695912e+06  1.06073929880840e-13  1.26006227198814e-14
 2.02572733437621e+06  1.07607229726357e-13  1.23092769632812e-14
 2.02986147179331e+06  1.03898238722858e-13  1.19788783564550e-14
 2.03399560921040e+06  9.12830988772052e-14  1.16301872155807e-14
 2.03812974662750e+06  9.99835000947977e-14  1.12859076439913e-14
 2.04226388404459e+06  1.02947301505827e-13  1.09712758595630e-14
 2.04639802146168e+06  1.10317077711490e-13  1.07144602752154e-14
 2.05053215887878e+06  1.18111204587096e-13  1.05466971893302e-14
 2.05466629629587e+06  1.05330444146196e-13  1.05021044383371e-14
 2.05880043371297e+06  8.36507727002295e-14  1.06171382638481e-14
 2.06293457113006e+06  1.16349366093580e-13  1.09296850016763e-14
 2.06706870854716e+06  8.60475847009309e-14  1.14778069306145e-14
 2.07120284596425e+06  1.07442086634811e-13  1.22981891558193e-14
 2.07533698338135e+06  7.17647271745860e-14  1.34243598560473e-14
 2.07947112079844e+06  1.09998741396242e-13  1.48847779698093e-14
 2.08360525821553e+06  8.93865089083615e-14  1.67008987867284e-14
 2.08773939563263e+06  1.10041459282604e-13  1.88853378767284e-14
 2.09187353304972e+06  9.75306622909389e-14  2.14402565142328e-14
 2.09600767046682e+06  9.93913863413616e-14  2.43560866687878e-14
 2.10014180788391e+06  1.12182301338188e-13  2.76107010495599e-14
 2.10427594530101e+06  1.03762569490651e-13  3.11691139293890e-14
 2.10841008271810e+06  9.19392977786929e-14  3.49837726484971e-14
 2.11254422013519e+06  9.56504029467722e-14  3.89954691107543e-14
 2.11667835755229e+06  8.68412136597955e-14  4.31348668928438e-14
 2.12081249496938e+06  1.04120166642342e-13  4.73246048055520e-14
 2.12494663238648e+06  1.12085339273383e-13  5.14819037215756e-14
 2.12908076980357e+06  1.07762867671971e-13  5.55215723713124e-14
 2.13321490722067e+06  9.45797174084452e-14  5.93592814233793e-14
 2.13734904463776e+06  1.06183846241350e-13  6.29149552098428e-14
 2.14148318205485e+06  9.52675443235491e-14  6.61161181641968e-14
 2.14561731947195e+06  9.34542944885298e-14  6.89010294406154e-14
 2.14975145688904e+06  1.02025278483271e-13  7.12214445914140e-14
 2.15388559430614e+06  1.00661391099903e-13  7.30448575428283e-14
 2.15801973172323e+06  7.58909034896809e-14  7.43560989143162e-14
 2.16215386914033e+06  7.32895666111720e-14  7.51581967122077e-14
 2.16628800655742e+06  9.28516568317239e-14  7.54724412963033e-14
 2.17042214397451e+06  1.20631503840675e-13  7.53376361933085e-14
 2.17455628139161e+06  9.70484357861285e-14  7.48085578230624e-14
 2.17869041880870e+06  9.80930667150806e-14  7.39536882630461e-14
 2.18282455622580e+06  9.12952828656467e-14  7.28523234021324e-14
 2.18695869364289e+06  1.05038104916704e-13  7.15911922268711e-14
 2.19109283105999e+06  7.82518180987064e-14  7.02607496117854e-14
 2.19522696847708e+06  7.88383121173313e-14  6.89513231894083e-14
 2.19936110589417e+06  8.05998525156198e-14  6.77493037009100e-14
 2.20349524331127e+06  9.26955029927238e-14  6.67335670029862e-14
 2.20762938072836e+06  9.38812741406633e-14  6.59723045333198e-14
 2.21176351814546e+06  8.53976960195679e-14  6.55204182046699e-14
 2.21589765556255e+06  8.41201700026298e-14  6.54176062685857e-14
 2.22003179297965e+06  1.07787977250610e-13  6.56872303304871e-14
 2.22416593039674e+06  6.99867914225476e-14  6.63360123291891e-14
 2.22830006781383e+06  9.26301213052622e-14  6.73545661056117e-14
 2.23243420523093e+06  9.07431770988581e-14  6.87187236597103e-14
 2.23656834264802e+06  1.05710574581530e-13  7.03915737537522e-14
 2.24070248006512e+06  7.89627313331930e-14  7.23260924655354e-14
 2.24483661748221e+06  7.82374586877981e-14  7.44682139615349e-14
 2.24897075489931e+06  1.04440734303989e-13  7.67601665486871e-14
 2.25310489231640e+06  1.12478011087749e-13  7.91438857757925e-14
 2.25723902973349e+06  8.21639471073604e-14  8.15643133110131e-14
 2.26137316715059e+06  9.33827772187729e-14  8.39723980754001e-14
 2.26550730456768e+06  7.15182715599630e-14  8.63276341485753e-14
 2.26964144198478e+06  8.95999360455524e-14  8.85999971839900e-14
 2.27377557940187e+06  8.03396512594631e-14  9.07711763053810e-14
 2.27790971681897e+06  7.23728067518934e-14  9.28350393510622e-14
 2.28204385423606e+06  6.86932549069259e-14  9.47973139742397e-14
 2.28617799165316e+06  8.22052623397623e-14  9.66745126858166e-14
 2.29031212907025e+06  9.91057635312846e-14  9.84921740960240e-14
 2.29444626648734e+06  8.33660323414539e-14  1.00282532658316e-13
 2.29858040390444e+06  9.66458880362831e-14  1.02081762960684e-13
 2.30271454132153e+06  1.05800145829648e-13  1.03926970095229e-13
 2.30684867873863e+06  7.94802413192656e-14  1.05853113205565e-13
 2.31098281615572e+06  8.80184829643572e-14  1.07890054233506e-13
 2.31511695357282e+06  7.14773435931736e-14  1.10059917557378e-13
 2.31925109098991e+06  7.16517606643465e-14  1.12374929138563e-13
 2.32338522840700e+06  8.34398151991081e-14  1.14835876624262e-13
 2.32751936582410e+06  8.65437160688481e-14  1.17431296315233e-13
 2.33165350324119e+06  9.25535454232379e-14  1.20137450668514e-13
 2.33578764065829e+06  8.98578109597749e-14  1.22919113664005e-13
 2.33992177807538e+06  8.73575536418155e-14  1.25731133441527e-13
 2.34405591549248e+06  1.13641142192422e-13  1.28520694709478e-13
 2.34819005290957e+06  9.54231916338874e-14  1.31230160494290e-13
 2.35232419032666e+06  1.12941375085057e-13  1.33800336071882e-13
 2.35645832774376e+06  6.23905248293929e-14  1.36173969766339e-13
 2.36059246516085e+06  9.48830706978042e-14  1.38299287333005e-13
 2.36472660257795e+06  8.81748547543248e-14  1.40133350037805e-13
 2.36886073999504e+06  9.21227319375496e-14  1.41645031842174e-13
 2.37299487741214e+06  9.40795724545401e-14  1.42817428201547e-13
 2.37712901482923e+06  9.93263252564328e-14  1.43649537056058e-13
 2.38126315224632e+06  1.00437997651698e-13  1.44157090163277e-13
 2.38539728966342e+06  1.00790875591142e-13  1.44372458183865e-13
 2.38953142708051e+06  9.39344729798524e-14  1.44343603298204e-13
 2.39366556449761e+06  7.67054826842960e-14  1.44132105937880e-13
 2.39779970191470e+06  7.49605624432917e-14  1.43810344608643e-13
 2.40193383933180e+06  8.70715230426902e-14  1.43457956688410e-13
 2.40606797674889e+06  9.59151729916991e-14  1.43157751035475e-13
 2.41020211416598e+06  8.67360255462108e-14  1.42991277355386e-13
 2.41433625158308e+06  9.19913087860072e-14  1.43034281025339e-13
 2.41847038900017e+06  9.25229462356312e-14  1.43352283602579e-13
 2.42260452641727e+06  1.19633309319199e-13  1.43996528014770e-13
 2.42673866383436e+06  1.02950872112047e-13  1.45000513214454e-13
 2.43087280125146e+06  8.59471643478335e-14  1.46377316477619e-13
 2.43500693866855e+06  1.02668753249443e-13  1.48117863925584e-13
 2.43914107608564e+06  7.69677762320929e-14  1.50190262953564e-13
 2.44327521350274e+06  1.05837222656091e-13  1.52540256736027e-13
 2.44740935091983e+06  7.86241855895189e-14  1.55092803395029e-13
 2.45154348833693e+06  1.13972551637697e-13  1.57754724000789e-13
 2.45567762575402e+06  8.36883101321982e-14  1.60418307330161e-13
 2.45981176317112e+06  1.02889935703701e-13  1.62965708382190e-13
 2.46394590058821e+06  9.74101714940306e-14  1.65273934651938e-13
 2.46808003800530e+06  9.32438546252302e-14  1.67220181645026e-13
 2.47221417542240e+06  9.86414779086845e-14  1.68687258715354e-13
 2.47634831283949e+06  8.73455205200055e-14  1.69568839317770e-13
 2.48048245025659e+06  8.72978926063607e-14  1.69774276610928e-13
 2.48461658767368e+06  8.13992653500375e-14  1.69232745744855e-13
 2.48875072509078e+06  9.40335416641998e-14  1.67896507076283e-13
 2.49288486250787e+06  8.13449054522099e-14  1.65743128368035e-13
 2.49701899992497e+06  9.97467520183196e-14  1.62776556436246e-13
 2.50115313734206e+06  9.34510746505240e-14  1.59026986901392e-13
 2.50528727475915e+06  1.05525100142879e-13  1.54549541709398e-13
 2.50942141217625e+06  9.83110478569787e-14  1.49421824651767e-13
 2.51355554959334e+06  9.03775596076514e-14  1.43740481980002e-13
 2.51768968701044e+06  8.47820010187441e-14  1.37616945432920e-13
 2.52182382442753e+06  6.89429444077963e-14  1.31172575813794e-13
 2.52595796184463e+06  9.66202166230359e-14  1.24533454607957e-13
 2.53009209926172e+06  6.46014571098232e-14  1.17825087360655e-13
 2.53422623667881e+06  1.00744946673831e-13  1.11167284842797e-13
 2.53836037409591e+06  7.91638070198625e-14  1.04669476283951e-13
 2.54249451151300e+06  1.04767035968674e-13  9.84266838672954e-14
 2.54662864893010e+06  9.52655519219777e-14  9.25163504497326e-14
 2.55076278634719e+06  9.43836998054751e-14  8.69961653943573e-14
 2.55489692376429e+06  1.00483153687248e-13  8.19029786917365e-14
 2.55903106118138e+06  8.55694790703955e-14  7.72528345243100e-14
 2.56316519859847e+06  8.54966183618793e-14  7.30420949266371e-14
 2.56729933601557e+06  8.29114422928405e-14  6.92495657942182e-14
 2.57143347343266e+06  9.21418562859227e-14  6.58394841415584e-14
 2.57556761084976e+06  1.03570644858040e-13  6.27651801794106e-14
 2.57970174826685e+06  8.73868680352453e-14  5.99731928758989e-14
 2.58383588568395e+06  7.32570548478467e-14  5.74075950792192e-14
 2.58797002310104e+06  9.24708588252474e-14  5.50142752039791e-14
 2.59210416051813e+06  9.67148027186352e-14  5.27449273438489e-14
 2.59623829793523e+06  8.08578655881180e-14  5.05605202771209e-14
 2.60037243535232e+06  7.60886289639191e-14  4.84340470275165e-14
 2.60450657276942e+06  8.76282485210018e-14  4.63523987636340e-14
 2.60864071018651e+06  9.76043329631869e-14  4.43172575207160e-14
 2.61277484760361e+06  8.49790044743626e-14  4.23449587704542e-14
 2.61690898502070e+06  8.41720073677690e-14  4.04653340383929e-14
 2.62104312243779e+06  8.54962105848354e-14  3.87196024357400e-14
 2.62517725985489e+06  1.11403610335435e-13  3.71574348295517e-14
 2.62931139727198e+06  7.73154644061722e-14  3.58333624140165e-14
 2.63344553468908e+06  1.05452975321754e-13  3.48027400541212e-14
 2.63757967210617e+06  7.49106942329514e-14  3.41175017975908e-14
 2.64171380952327e+06  9.59068929593267e-14  3.38219597695370e-14
 2.64584794694036e+06  7.11307882835823e-14  3.39488977561775e-14
 2.64998208435745e+06  9.24540191521891e-14  3.45161967128285e-14
 2.65411622177455e+06  8.36383428071172e-14  3.55242023319812e-14
 2.65825035919164e+06  8.19531327589144e-14  3.69540057553302e-14
 2.66238449660874e+06  9.39551567963761e-14  3.87667597966089e-14
 2.66651863402583e+06  8.17172801141527e-14  4.09040972859809e-14
 2.67065277144293e+06  9.10704723421255e-14  4.32896581047628e-14
 2.67478690886002e+06  7.14592040506130e-14  4.58316707432113e-14
 2.67892104627712e+06  9.49546713188993e-14  4.84264757526150e-14
 2.68305518369421e+06  7.83262623200173e-14  5.09628256019069e-14
 2.68718932111130e+06  1.09531488763135e-13  5.33267510344116e-14
 2.69132345852840e+06  8.13728490995728e-14  5.54067504498769e-14
 2.69545759594549e+06  8.65482183631546e-14  5.70990379545099e-14
 2.69959173336259e+06  9.49985838635734e-14  5.83125787713717e-14
 2.70372587077968e+06  8.29536042925771e-14  5.89736479950751e-14
 2.70786000819678e+06  9.12398116220055e-14  5.90296700240110e-14
 2.71199414561387e+06  7.16894109754041e-14  5.84521302356374e-14
 2.71612828303096e+06  6.12238774806004e-14  5.72383958539080e-14
 2.72026242044806e+06  9.73932826133810e-14  5.54123371785025e-14
 2.72439655786515e+06  8.04796031130615e-14  5.30237005380451e-14
 2.72853069528225e+06  8.93177180999545e-14  5.01462473896787e-14
 2.73266483269934e+06  6.94903242740390e-14  4.68747366344015e-14
 2.73679897011644e+06  9.31210548506469e-14  4.33208861015179e-14
 2.74093310753353e+06  8.35513937680850e-14  3.96085013873895e-14
 2.74506724495062e+06  8.63300658224336e-14  3.58680028947492e-14
 2.74920138236772e+06  7.67115850290638e-14  3.22306129578469e-14
 2.75333551978481e+06  8.63052109458329e-14  2.88224826747254e-14
 2.75746965720191e+06  7.12758594532673e-14  2.57590415995188e-14
 2.76160379461900e+06  8.44761660790664e-14  2.31398427025215e-14
 2.76573793203610e+06  8.29719970304173e-14  2.10441504372599e-14
 2.76987206945319e+06  7.40322773264347e-14  1.95274827716487e-14
 2.77400620687028e+06  6.05819838549519e-14  1.86192705169073e-14
 2.77814034428738e+06  7.87982893827628e-14  1.83217417868741e-14
 2.78227448170447e+06  7.34137766951758e-14  1.86100786504470e-14
 2.78640861912157e+06  9.48409431978313e-14  1.94338303998527e-14
 2.79054275653866e+06  6.56257505029467e-14  2.07195062517746e-14
 2.79467689395576e+06  8.89481512899146e-14  2.23742131596307e-14
 2.79881103137285e+06  6.51431963732346e-14  2.42901543505615e-14
 2.80294516878994e+06  9.15146825982503e-14  2.63497639772367e-14
 2.80707930620704e+06  8.44771156975730e-14  2.84312245807661e-14
 2.81121344362413e+06  9.80454430214859e-14  3.04140985237874e-14
 2.81534758104123e+06  9.85787940866919e-14  3.21848025287754e-14
 2.81948171845832e+06  8.15861361677141e-14  3.36416662420632e-14
 2.82361585587542e+06  8.67928489304326e-14  3.46993402123228e-14
 2.82774999329251e+06  7.56137676845885e-14  3.52923547298493e-14
 2.83188413070960e+06  8.85753152918137e-14  3.53776764195403e-14
 2.83601826812670e+06  7.19872440896182e-14  3.49361619467714e-14
 2.84015240554379e+06  7.76519759062527e-14  3.39728648663538e-14
 2.84428654296089e+06  9.72979103438188e-14  3.25162095707578e-14
 2.84842068037798e+06  7.08954173233114e-14  3.06161024586230e-14
 2.85255481779508e+06  1.05479159430862e-13  2.83411019323204e-14
 2.85668895521217e+06  6.30397863369271e-14  2.57748132069023e-14
 2.86082309262927e+06  8.08380887784675e-14  2.30117088502544e-14
 2.86495723004636e+06  7.37266290493090e-14  2.01525998128771e-14
 2.86909136746345e+06  8.89986396578336e-14  1.72999936752236e-14
 2.87322550488055e+06  8.39803258288803e-14  1.45535760689183e-14
 2.87735964229764e+06  6.64162476891843e-14  1.20060384331135e-14
 2.88149377971474e+06  9.16611906402070e-14  9.73945108734121e-15
 2.88562791713183e+06  7.81915471589718e-14  7.82234654972786e-15
 2.88976205454893e+06  8.32846959223644e-14  6.30763615584806e-15
 2.89389619196602e+06  8.38778184790947e-14  5.23143557445232e-15
 2.89803032938311e+06  7.17101654080462e-14  4.61282457316189e-15
 2.90216446680021e+06  9.29651576298142e-14  4.45451574590328e-15
 2.90629860421730e+06  5.54515943364185e-14  4.74435898314358e-15
 2.91043274163440e+06  9.68377468202862e-14  5.45756534792294e-15
 2.91456687905149e+06  6.93115696202478e-14  6.55949819291329e-15
 2.91870101646859e+06  8.21351613136652e-14  8.00885246928028e-15
 2.92283515388568e+06  8.03136948130909e-14  9.76102651513982e-15
 2.92696929130277e+06  6.95176528073761e-14  1.17714849240437e-14
 2.93110342871987e+06  8.68231264495504e-14  1.39989164411747e-14
 2.93523756613696e+06  9.18144969641850e-14  1.64080067646664e-14
 2.93937170355406e+06  9.15884581438213e-14  1.89716716002104e-14
 2.94350584097115e+06  8.34122687509836e-14  2.16726287797304e-14
 2.94763997838825e+06  7.64394854329293e-14  2.45042277723904e-14
 2.95177411580534e+06  7.24960523544734e-14  2.74704982753329e-14
 2.95590825322243e+06  7.80470957362592e-14  3.05854244312898e-14
 2.96004239063953e+06  8.44309683098746e-14  3.38714949010073e-14
 2.96417652805662e+06  8.75982465750972e-14  3.73576195673896e-14
 2.96831066547372e+06  8.70937004700155e-14  4.10765385247049e-14
 2.97244480289081e+06  7.50092414100565e-14  4.50618767144087e-14
 2.97657894030791e+06  8.74379889971334e-14  4.93450164929059e-14
 2.98071307772500e+06  6.81869598832159e-14  5.39519698500827e-14
 2.98484721514209e+06  8.89502086111285e-14  5.89004313974395e-14
 2.98898135255919e+06  6.07161622656371e-14  6.41971828507688e-14
 2.99311548997628e+06  9.11005087874464e-14  6.98360002708377e-14
 2.99724962739338e+06  8.73692382004583e-14  7.57961877788718e-14
 3.00138376481047e+06  8.48152597224309e-14  8.20418277069476e-14
 3.00551790222757e+06  8.35609198956646e-14  8.85217986518549e-14
 3.00965203964466e+06  8.35944500914393e-14  9.51705721626980e-14
 3.01378617706175e+06  8.27094565388826e-14  1.01909757784480e-13
 3.01792031447885e+06  8.66853770627344e-14  1.08650327050954e-13
 3.02205445189594e+06  8.53089387542897e-14  1.15295411997990e-13
 3.02618858931304e+06  8.19535142410795e-14  1.21743544448617e-13
 3.03032272673013e+06  6.20660270281423e-14  1.27892180271571e-13
 3.03445686414723e+06  7.02364141215233e-14  1.33641339081049e-13
 3.03859100156432e+06  3.70625063665844e-14  1.38897185017918e-13
 3.04272513898141e+06  8.34143109631734e-14  1.43575378462370e-13
 3.04685927639851e+06  7.24568760484153e-14  1.47604041396088e-13
 3.05099341381560e+06  6.87873643797834e-14  1.50926199921727e-13
 3.05512755123270e+06  7.96743222598064e-14  1.53501594857366e-13
 3.05926168864979e+06  6.05207125202435e-14  1.55307783950765e-13
 3.06339582606689e+06  8.06589906625117e-14  1.56340495154277e-13
 3.06752996348398e+06  7.24043832097917e-14  1.56613227853467e-13
 3.07166410090108e+06  6.13732815972051e-14  1.56156135786259e-13
 3.07579823831817e+06  8.08854146330640e-14  1.55014259910267e-13
 3.07993237573526e+06  5.20983654772071e-14  1.53245209784113e-13
 3.08406651315236e+06  1.10157963321433e-13  1.50916416763615e-13
 3.08820065056945e+06  6.27124308874563e-14  1.48102100247472e-13
 3.09233478798655e+06  1.00524024462704e-13  1.44880098580326e-13
 3.09646892540364e+06  6.69220228655488e-14  1.41328718638041e-13
 3.10060306282074e+06  9.47357775048355e-14  1.37523752729089e-13
 3.10473720023783e+06  6.12714939149744e-14  1.33535798509172e-13
 3.10887133765492e+06  6.61734539237672e-14  1.29427998271660e-13
 3.11300547507202e+06  6.83513541052219e-14  1.25254289045610e-13
 3.11713961248911e+06  7.14361332334342e-14  1.21058226164221e-13
 3.12127374990621e+06  7.68283906704114e-14  1.16872411720393e-13
 3.12540788732330e+06  8.61865114119411e-14  1.12718527408600e-13
 3.12954202474040e+06  7.44849769029481e-14  1.08607940322388e-13
 3.13367616215749e+06  7.48715718086787e-14  1.04542821866926e-13
 3.13781029957458e+06  8.00107047379315e-14  1.00517695549282e-13
 3.14194443699168e+06  7.84921917633500e-14  9.65213101820201e-14
 3.14607857440877e+06  7.90775112215590e-14  9.25387217163831e-14
 3.15021271182587e+06  8.64986104988125e-14  8.85534603218949e-14
 3.15434684924296e+06  5.33241542091579e-14  8.45496592452931e-14
 3.15848098666006e+06  8.03283679859035e-14  8.05140285856149e-14
 3.16261512407715e+06  4.20632963186141e-14  7.64375696047699e-14
 3.16674926149424e+06  8.40197988107164e-14  7.23169429110650e-14
 3.17088339891134e+06  6.70685435444252e-14  6.81554255946127e-14
 3.17501753632843e+06  7.94814292409102e-14  6.39634169611751e-14
 3.17915167374553e+06  7.56298432555087e-14  5.97584784688088e-14
 3.18328581116262e+06  7.00038935411167e-14  5.55649194798493e-14
 3.18741994857972e+06  9.00694563325792e-14  5.14129649010991e-14
 3.19155408599681e+06  5.98571794302845e-14  4.73375627838288e-14
 3.19568822341390e+06  6.86172467859692e-14  4.33769079693081e-14
 3.19982236083100e+06  7.26403941109499e-14  3.95707713424422e-14
 3.20395649824809e+06  7.83388838827689e-14  3.59587325368539e-14
 3.20809063566519e+06  8.68139622902920e-14  3.25784165249526e-14
 3.21222477308228e+06  8.23166572652413e-14  2.94638317392456e-14
 3.21635891049938e+06  9.66183732210433e-14  2.66438992780707e-14
 3.22049304791647e+06  7.80976767777548e-14  2.41412499856712e-14
 3.22462718533356e+06  6.55102579961915e-14  2.19713496306426e-14
 3.22876132275066e+06  6.93706729083558e-14  2.01419929456376e-14
 3.23289546016775e+06  5.82316039314438e-14  1.86531861410951e-14
 3.23702959758485e+06  6.11859913363854e-14  1.74974157893620e-14
 3.24116373500194e+06  5.72742017981863e-14  1.66602808798585e-14
 3.24529787241904e+06  8.79009386955208e-14  1.61214455668047e-14
 3.24943200983613e+06  8.29667847475186e-14  1.58558535959059e-14
 3.25356614725323e+06  7.65202682278879e-14  1.58351324008457e-14
 3.25770028467032e+06  9.59511444961936e-14  1.60291061498568e-14
 3.26183442208741e+06  6.20457792271956e-14  1.64073328095052e-14
 3.26596855950451e+06  7.54827308818682e-14  1.69405808136934e-14
 3.27010269692160e+06  6.73083188032541e-14  1.76021659781100e-14
 3.27423683433870e+06  8.13652020681666e-14  1.83690785524025e-14
 3.27837097175579e+06  4.97022603633381e-14  1.92228430661165e-14
 3.28250510917289e+06  7.57645233522943e-14  2.01500693708812e-14
 3.28663924658998e+06  4.76921831838036e-14  2.11426707085739e-14
 3.29077338400707e+06  8.27497322732998e-14  2.21977432203267e-14
 3.29490752142417e+06  6.83710038837251e-14  2.33171197086079e-14
 3.29904165884126e+06  8.55680471257027e-14  2.45066278315862e-14
 3.30317579625836e+06  8.30189408873628e-14  2.57750983502134e-14
 3.30730993367545e+06  4.99076176631977e-14  2.71331817596354e-14
 3.31144407109255e+06  6.28169846266480e-14  2.85920410065633e-14
 3.31557820850964e+06  8.17884964252260e-14  3.01619936171538e-14
 3.31971234592673e+06  5.39852596229939e-14  3.18511782147130e-14
 3.32384648334383e+06  7.82698215489466e-14  3.36643180991958e-14
 3.32798062076092e+06  7.24414915062380e-14  3.56016484721309e-14
 3.33211475817802e+06  8.64477298020907e-14  3.76580645132421e-14
 3.33624889559511e+06  9.98074876038317e-14  3.98225352292141e-14
 3.34038303301221e+06  8.96021626785931e-14  4.20778137860152e-14
 3.34451717042930e+06  6.19871029302111e-14  4.44004593743680e-14
 3.34865130784639e+06  8.02151227806267e-14  4.67611696424203e-14
 3.35278544526349e+06  5.59935671096227e-14  4.91254070297390e-14
 3.35691958268058e+06  7.60990948468531e-14  5.14542878883144e-14
 3.36105372009768e+06  5.93171327971792e-14  5.37056906439438e-14
 3.36518785751477e+06  8.04252131484263e-14  5.58355291703340e-14
 3.36932199493187e+06  6.62682717094793e-14  5.77991304180923e-14
 3.37345613234896e+06  7.36944634374402e-14  5.95526514251799e-14
 3.37759026976605e+06  6.81319578554489e-14  6.10544702751634e-14
 3.38172440718315e+06  7.63427054201481e-14  6.22664883344488e-14
 3.38585854460024e+06  7.54287144389697e-14  6.31552868996361e-14
 3.38999268201734e+06  7.03007332030779e-14  6.36930898414372e-14
 3.39412681943443e+06  6.45249816774131e-14  6.38584945325550e-14
 3.39826095685153e+06  7.70981349149208e-14  6.36369455363431e-14
 3.40239509426862e+06  7.91395748351467e-14  6.30209386834336e-14
 3.40652923168571e+06  8.59194265926107e-14  6.20099564595727e-14
 3.41066336910281e+06  6.87031030425535e-14  6.06101485359605e-14
 3.41479750651990e+06  6.85136507799715e-14  5.88337829718527e-14
 3.41893164393700e+06  7.77280349041959e-14  5.66985036879111e-14
 3.42306578135409e+06  9.22307197309083e-14  5.42264377885637e-14
 3.42719991877119e+06  7.76909522205599e-14  5.14432017338775e-14
 3.43133405618828e+06  7.93829659095160e-14  4.83768582046020e-14
 3.43546819360538e+06  5.04120276385837e-14  4.50568755848032e-14
 3.43960233102247e+06  6.48792972492991e-14  4.15131394884743e-14
 3.44373646843956e+06  6.69443635357068e-14  3.77750607673153e-14
 3.44787060585666e+06  7.69067926206736e-14  3.38708175109600e-14
 3.45200474327375e+06  7.77826232826532e-14  2.98267598386847e-14
 3.45613888069085e+06  9.38886803595569e-14  2.56669965617397e-14
 3.46027301810794e+06  7.11296553987801e-14  2.14131723778972e-14
 3.46440715552504e+06  7.55237524909104e-14  1.70844338974005e-14
 3.46854129294213e+06  8.77404406391688e-14  1.26975728681521e-14
 3.47267543035922e+06  5.67402445483792e-14  8.26732604739755e-15
 3.47680956777632e+06  6.55289829615609e-14  3.80680372576206e-15
 3.48094370519341e+06  5.84535512722826e-14 -6.71986861553738e-16
 3.48507784261051e+06  4.30461781065591e-14 -5.15756071648749e-15
 3.48921198002760e+06  7.81128061691422e-14 -9.63835591522744e-15
 3.49334611744470e+06  4.82110884244197e-14 -1.41021546840918e-14
 3.49748025486179e+06  5.36524666340165e-14 -1.85355607206427e-14
 3.50161439227888e+06  5.06646075528353e-14 -2.29235643674532e-14
 3.50574852969598e+06  5.92493962300485e-14 -2.72492214145029e-14
 3.50988266711307e+06  7.13233295321268e-14 -3.14934641465288e-14
 3.51401680453017e+06  6.30610487345336e-14 -3.56350554956028e-14
 3.51815094194726e+06  7.01340841074774e-14 -3.96506889754780e-14
 3.52228507936436e+06  8.10678145399545e-14 -4.35152290829660e-14
 3.52641921678145e+06  7.40006154876270e-14 -4.72020794141540e-14
 3.53055335419854e+06  6.61218999894134e-14 -5.06836591610576e-14
 3.53468749161564e+06  6.05072562794890e-14 -5.39319634621373e-14
 3.53882162903273e+06  7.00016231797008e-14 -5.69191792172234e-14
 3.54295576644983e+06  7.77072455916072e-14 -5.96183259325695e-14
 3.54708990386692e+06  6.09505808284821e-14 -6.20038906714053e-14
 3.55122404128402e+06  8.87193841959458e-14 -6.40524275580011e-14
 3.55535817870111e+06  5.50704902266263e-14 -6.57430950439479e-14
 3.55949231611820e+06  6.15762196756180e-14 -6.70581084079976e-14
 3.56362645353530e+06  3.71738225891311e-14 -6.79830902764775e-14
 3.56776059095239e+06  5.96143982849265e-14 -6.85073080168673e-14
 3.57189472836949e+06  7.75940260757059e-14 -6.86237933691814e-14
 3.57602886578658e+06  6.11287283795977e-14 -6.83293462426704e-14
 3.58016300320368e+06  6.34836428392632e-14 -6.76244307926711e-14
 3.58429714062077e+06  5.29157078087254e-14 -6.65129774996644e-14
 3.58843127803786e+06  6.62618914564857e-14 -6.50021094967365e-14
 3.59256541545496e+06  4.94073297107994e-14 -6.31018147930135e-14
 3.59669955287205e+06  7.22408130008136e-14 -6.08245880300791e-14
 3.60083369028915e+06  6.38033403420283e-14 -5.81850658700569e-14
 3.60496782770624e+06  7.29445637556458e-14 -5.51996791874059e-14
 3.60910196512334e+06  5.45946769572022e-14 -5.18863427432156e-14
 3.61323610254043e+06  4.28588172177551e-14 -4.82641994580139e-14
 3.61737023995752e+06  3.83046320508722e-14 -4.43534315756676e-14
 3.62150437737462e+06  5.87670347862453e-14 -4.01751456083600e-14
 3.62563851479171e+06  5.04756839544310e-14 -3.57513320201910e-14
 3.62977265220881e+06  4.78608805669524e-14 -3.11048945952430e-14
 3.63390678962590e+06  7.77162671222557e-14 -2.62597387232849e-14
 3.63804092704300e+06  6.29847140975056e-14 -2.12409027180999e-14
 3.64217506446009e+06  5.92983685237062e-14 -1.60747121244765e-14
 3.64630920187719e+06  5.69629637519377e-14 -1.07889339473829e-14
 3.65044333929428e+06  5.37089145700201e-14 -5.41290620769097e-15
 3.65457747671137e+06  7.68686192577056e-14  2.23818484123795e-17
 3.65871161412847e+06  6.04069686477563e-14  5.48428203285999e-15
 3.66284575154556e+06  5.24999827343273e-14  1.09385720233399e-14
 3.66697988896266e+06  5.71923195569055e-14  1.63496483142718e-14
 3.67111402637975e+06  7.93392752576757e-14  2.16808371900836e-14
 3.67524816379685e+06  7.85651141316832e-14  2.68948269753815e-14
 3.67938230121394e+06  6.20942464811950e-14  3.19542176695742e-14
 3.68351643863103e+06  3.27971234113653e-14  3.68221765770527e-14
 3.68765057604813e+06  7.14517588715648e-14  4.14631813612453e-14
 3.69178471346522e+06  6.05897545703874e-14  4.58438252929351e-14
 3.69591885088232e+06  6.12588636376773e-14  4.99336538117352e-14
 3.70005298829941e+06  5.09139085458191e-14  5.37059971502014e-14
 3.70418712571651e+06  6.76041811656064e-14  5.71387611254420e-14
 3.70832126313360e+06  7.14162242274051e-14  6.02151372329624e-14
 3.71245540055069e+06  6.39579352124324e-14  6.29241943192417e-14
 3.71658953796779e+06  6.14035941224109e-14  6.52613171258856e-14
 3.72072367538488e+06  6.62089629947557e-14  6.72284620039139e-14
 3.72485781280198e+06  6.96401151321109e-14  6.88342068154742e-14
 3.72899195021907e+06  7.93913321121063e-14  7.00935802236122e-14
 3.73312608763617e+06  3.49874471671117e-14  7.10276649345783e-14
 3.73726022505326e+06  6.03355189530237e-14  7.16629794684302e-14
 3.74139436247035e+06  6.08851495753729e-14  7.20306532950952e-14
 3.74552849988745e+06  4.61363524032845e-14  7.21654202106585e-14
 3.74966263730454e+06  7.35501123518318e-14  7.21044640070635e-14
 3.75379677472164e+06  4.59352410170972e-14  7.18861585462849e-14
 3.75793091213873e+06  6.53740539926298e-14  7.15487505785165e-14
 3.76206504955583e+06  6.50083449592943e-14  7.11290379506072e-14
 3.76619918697292e+06  6.71618369640628e-14  7.06610977344100e-14
 3.77033332439001e+06  7.18125209229067e-14  7.01751182873396e-14
 3.77446746180711e+06  4.12994481077151e-14  6.96963860876473e-14
 3.77860159922420e+06  6.76399250511397e-14  6.92444726491734e-14
 3.78273573664130e+06  6.28480118730241e-14  6.88326589325720e-14
 3.78686987405839e+06  1.01101441316197e-13  6.84676248786132e-14
 3.79100401147549e+06  5.51507260990044e-14  6.81494203074065e-14
 3.79513814889258e+06  5.15876628757938e-14  6.78717210627956e-14
 3.79927228630967e+06  7.25634518797727e-14  6.76223613954423e-14
 3.80340642372677e+06  5.94327703673202e-14  6.73841209439933e-14
 3.80754056114386e+06  7.86230578467263e-14  6.71357326822310e-14
 3.81167469856096e+06  5.62596479580039e-14  6.68530676585666e-14
 3.81580883597805e+06  4.93911156372538e-14  6.65104436904390e-14
 3.81994297339515e+06  4.85048416951812e-14  6.60819988794004e-14
 3.82407711081224e+06  6.83874049743038e-14  6.55430672294740e-14
 3.82821124822934e+06  6.52414771750994e-14  6.48714930304926e-14
 3.83234538564643e+06  5.56425459687445e-14  6.40488230370479e-14
 3.83647952306352e+06  4.94897284104593e-14  6.30613209204158e-14
 3.84061366048062e+06  6.50191884221048e-14  6.19007564929977e-14
 3.84474779789771e+06  8.23009368222599e-14  6.05649328739677e-14
 3.84888193531481e+06  6.17327501463505e-14  5.90579270892516e-14
 3.85301607273190e+06  6.99269199829094e-14  5.73900334884794e-14
 3.85715021014900e+06  6.51954396771881e-14  5.55774137918576e-14
 3.86128434756609e+06  6.06794444289667e-14  5.36414719770285e-14
 3.86541848498318e+06  7.11640946058755e-14  5.16079858970480e-14
 3.86955262240028e+06  5.96157080144726e-14  4.95060396882019e-14
 3.87368675981737e+06  5.03175548944927e-14  4.73668111176290e-14
 3.87782089723447e+06  5.94966452893483e-14  4.52222754550979e-14
 3.88195503465156e+06  5.47062370320370e-14  4.31038918237427e-14
 3.88608917206866e+06  6.51186262033304e-14  4.10413390399552e-14
 3.89022330948575e+06  5.53498158349018e-14  3.90613656025308e-14
 3.89435744690284e+06  5.46315339008364e-14  3.71868126888750e-14
 3.89849158431994e+06  6.10318249067954e-14  3.54358602558016e-14
 3.90262572173703e+06  4.82476605862149e-14  3.38215347168779e-14
 3.90675985915413e+06  5.95208531911351e-14  3.23515030573226e-14
 3.91089399657122e+06  6.74559563082673e-14  3.10281630246006e-14
 3.91502813398832e+06  6.36026590213749e-14  2.98490232665062e-14
 3.91916227140541e+06  5.78028093383913e-14  2.88073515003410e-14
 3.92329640882250e+06  5.02429267797299e-14  2.78930540467713e-14
 3.92743054623960e+06  7.66327503142137e-14  2.70937370265124e-14
 3.93156468365669e+06  4.81825458909836e-14  2.63958889056322e-14
 3.93569882107379e+06  6.09331574229877e-14  2.57861165358953e-14
 3.93983295849088e+06  6.30309932693534e-14  2.52523628081050e-14
 3.94396709590798e+06  5.58361603003951e-14  2.47850337652987e-14
 3.94810123332507e+06  5.00285223641006e-14  2.43779666253454e-14
 3.95223537074216e+06  4.83627840395297e-14  2.40291774913254e-14
 3.95636950815926e+06  5.19292151509533e-14  2.37413383515327e-14
 3.96050364557635e+06  8.05190608959296e-14  2.35219466579627e-14
 3.96463778299345e+06  4.84160729715802e-14  2.33831667379518e-14
 3.96877192041054e+06  7.80572484937373e-14  2.33413398102590e-14
 3.97290605782764e+06  6.15341717136678e-14  2.34161773837991e-14
 3.97704019524473e+06  7.24519994668188e-14  2.36296705127543e-14
 3.98117433266182e+06  7.23615170979498e-14  2.40047638701772e-14
 3.98530847007892e+06  5.81042184027871e-14  2.45638577608172e-14
 3.98944260749601e+06  6.65577842070378e-14  2.53272125970252e-14
 3.99357674491311e+06  3.20225779843029e-14  2.63113379525575e-14
 3.99771088233020e+06  6.18716181020217e-14  2.75274519791579e-14
 4.00184501974730e+06  2.60313613127413e-14  2.89800962005341e-14
 4.00597915716439e+06  4.01738223327653e-14  3.06659855130120e-14
 4.01011329458148e+06  7.23241729647362e-14  3.25731638407685e-14
 4.01424743199858e+06  4.78594060931661e-14  3.46805226572795e-14
 4.01838156941567e+06  6.94536199394237e-14  3.69577230998595e-14
 4.02251570683277e+06  3.42297256818270e-14  3.93655434896488e-14
 4.02664984424986e+06  6.65288979204911e-14  4.18566536199025e-14
 4.03078398166696e+06  4.16165599889420e-14  4.43767961596206e-14
 4.03491811908405e+06  2.93886182910304e-14  4.68663351198179e-14
 4.03905225650115e+06  6.17099122963426e-14  4.92621124376003e-14
 4.04318639391824e+06  4.11715326458939e-14  5.14995374499149e-14
 4.04732053133533e+06  7.12775198290149e-14  5.35148211407967e-14
 4.05145466875243e+06  5.95015643620014e-14  5.52472583089912e-14
 4.05558880616952e+06  5.47566365061613e-14  5.66414566683027e-14
 4.05972294358662e+06  6.34033578204927e-14  5.76494126593064e-14
 4.06385708100371e+06  5.78627957002356e-14  5.82323394280133e-14
 4.06799121842081e+06  6.69920615835098e-14  5.83621627922699e-14
 4.07212535583790e+06  4.71316535502197e-14  5.80226155915362e-14
 4.07625949325499e+06  4.32432426952362e-14  5.72098789112421e-14
 4.08039363067209e+06  5.55687264628712e-14  5.59327394544955e-14
 4.08452776808918e+06  5.12438703703554e-14  5.42122546646320e-14
 4.08866190550628e+06  6.44128878642347e-14  5.20809401682195e-14
 4.09279604292337e+06  3.93367356764354e-14  4.95815163585372e-14
 4.09693018034047e+06  6.72930504388577e-14  4.67652714955888e-14
 4.10106431775756e+06  6.95193306415035e-14  4.36901164447901e-14
 4.10519845517465e+06  5.88979310234592e-14  4.04184203218278e-14
 4.10933259259175e+06  5.18111906802219e-14  3.70147259232078e-14
 4.11346673000884e+06  3.39486085359964e-14  3.35434486712874e-14
 4.11760086742594e+06  4.06729836545785e-14  3.00666625094015e-14
 4.12173500484303e+06  5.79364739322202e-14  2.66420706534376e-14
 4.12586914226013e+06  6.55693853980391e-14  2.33212489094086e-14
 4.13000327967722e+06  4.23303921577257e-14  2.01482346623571e-14
 4.13413741709431e+06  4.30696513071015e-14  1.71585165374321e-14
