#time(au), s(t), s(t) without exp(iwt)
 0.00000000000000e+01 -4.35375627548172e-17 -4.35375627548172e-17
 4.13413741709430e+03 -2.52442011258338e-16 -1.86253816634296e-16
 8.26827483418859e+03 -1.03420379670590e-15 -6.27190853902824e-16
 1.24024122512829e+04 -1.16826533124946e-15 -1.46664981659681e-15
 1.65365496683772e+04 -2.13742796976032e-15 -2.70506588468675e-15
 2.06706870854715e+04 -2.82310104225701e-15 -4.30488896773384e-15
 2.48048245025658e+04 -3.73681494838176e-15 -6.21642330975003e-15
 2.89389619196601e+04 -4.14282216581609e-15 -8.38783039895783e-15
 3.30730993367544e+04 -3.74554702236656e-15 -1.07686024860047e-14
 3.72072367538487e+04 -5.61169399242200e-15 -1.33106608825075e-14
 4.13413741709430e+04 -5.98846743315291e-15 -1.59688085475121e-14
 4.54755115880372e+04 -1.12586283296203e-14 -1.87011590302198e-14
 4.96096490051315e+04 -7.47894968964315e-15 -2.14696834697563e-14
 5.37437864222258e+04 -1.16347083565936e-14 -2.42408289411495e-14
 5.78779238393201e+04 -9.85980428882840e-15 -2.69861048558677e-14
 6.20120612564144e+04 -9.10301233267093e-15 -2.96825345441179e-14
 6.61461986735087e+04 -1.09589298767766e-14 -3.23128923898558e-14
 7.02803360906030e+04 -1.09838414856331e-14 -3.48656776796251e-14
 7.44144735076973e+04 -9.52180991812120e-15 -3.73348077005608e-14
 7.85486109247916e+04 -9.85303324985559e-15 -3.97190414550834e-14
 8.26827483418859e+04 -1.31563610805715e-14 -4.20211698630211e-14
 8.68168857589802e+04 -1.58998035207863e-14 -4.42470276937056e-14
 9.09510231760745e+04 -1.25491018824173e-14 -4.64043960254726e-14
 9.50851605931688e+04 -1.77530243284834e-14 -4.85018716456762e-14
 9.92192980102631e+04 -1.32597712374570e-14 -5.05477813521087e-14
 1.03353435427357e+05 -2.16656452172847e-14 -5.25492149707008e-14
 1.07487572844452e+05 -1.18728161755376e-14 -5.45112416555581e-14
 1.11621710261546e+05 -2.03202148671895e-14 -5.64363602854794e-14
 1.15755847678640e+05 -1.60079564235398e-14 -5.83242177853489e-14
 1.19889985095735e+05 -2.28244225404912e-14 -6.01716099632523e-14
 1.24024122512829e+05 -2.04955868493054e-14 -6.19727593568435e-14
 1.28158259929923e+05 -2.13546513202952e-14 -6.37198448876563e-14
 1.32292397347018e+05 -2.28003966936966e-14 -6.54037402156812e-14
 1.36426534764112e+05 -2.43013041667035e-14 -6.70149025703385e-14
 1.40560672181206e+05 -2.68460435945020e-14 -6.85443427395596e-14
 1.44694809598300e+05 -2.11310630267948e-14 -6.99846003074110e-14
 1.48828947015395e+05 -2.40757258021653e-14 -7.13306468304942e-14
 1.52963084432489e+05 -2.17136587335158e-14 -7.25806434392656e-14
 1.57097221849583e+05 -2.31896673354275e-14 -7.37364881370656e-14
 1.61231359266678e+05 -2.77233855567651e-14 -7.48041014850155e-14
 1.65365496683772e+05 -3.09599585875057e-14 -7.57934163565223e-14
 1.69499634100866e+05 -3.14983757462213e-14 -7.67180572249086e-14
 1.73633771517960e+05 -3.07489836389261e-14 -7.75947155498226e-14
 1.77767908935055e+05 -3.09995803271490e-14 -7.84422491684843e-14
 1.81902046352149e+05 -2.74433605445910e-14 -7.92805534927971e-14
 1.86036183769243e+05 -2.40345383080992e-14 -8.01292698091074e-14
 1.90170321186338e+05 -2.18000140668132e-14 -8.10064096411205e-14
 1.94304458603432e+05 -2.00834583136024e-14 -8.19269831762162e-14
 1.98438596020526e+05 -3.08561901381349e-14 -8.29017234383452e-14
 2.02572733437620e+05 -2.29848058237413e-14 -8.39359958336908e-14
 2.06706870854715e+05 -3.05969903349328e-14 -8.50289750032506e-14
 2.10841008271809e+05 -3.16517327726944e-14 -8.61731577992268e-14
 2.14975145688903e+05 -3.50625111797872e-14 -8.73542633919784e-14
 2.19109283105998e+05 -3.29104275942878e-14 -8.85515500033653e-14
 2.23243420523092e+05 -3.31625243302682e-14 -8.97385537483859e-14
 2.27377557940186e+05 -2.83852226425810e-14 -9.08842298573296e-14
 2.31511695357280e+05 -3.22811545182967e-14 -9.19544517892757e-14
 2.35645832774375e+05 -1.71282387706277e-14 -9.29138007854032e-14
 2.39779970191469e+05 -3.62347853462572e-14 -9.37275586280803e-14
 2.43914107608563e+05 -2.51427498676470e-14 -9.43638011453401e-14
 2.48048245025658e+05 -5.15512101070374e-14 -9.47954802167099e-14
 2.52182382442752e+05 -2.06174836982804e-14 -9.50023783300186e-14
 2.56316519859846e+05 -5.20665992303596e-14 -9.49728226025390e-14
 2.60450657276940e+05 -3.94646339344045e-14 -9.47050545020670e-14
 2.64584794694035e+05 -4.13744299284898e-14 -9.42081668032950e-14
 2.68718932111129e+05 -3.43999103548122e-14 -9.35025399758716e-14
 2.72853069528223e+05 -1.88480424398079e-14 -9.26197351229074e-14
 2.76987206945318e+05 -3.49259665175731e-14 -9.16018282586518e-14
 2.81121344362412e+05 -3.31276809795467e-14 -9.05001999948625e-14
 2.85255481779506e+05 -3.27345364091390e-14 -8.93738235686015e-14
 2.89389619196601e+05 -2.54105332293020e-14 -8.82871213036062e-14
 2.93523756613695e+05 -3.85866290955101e-14 -8.73074834017448e-14
 2.97657894030789e+05 -5.47009750496726e-14 -8.65025620469312e-14
 3.01792031447884e+05 -2.28236552371971e-14 -8.59374671102639e-14
 3.05926168864978e+05 -4.24688778471714e-14 -8.56719965573175e-14
 3.10060306282072e+05 -2.70696659795185e-14 -8.57580343619679e-14
 3.14194443699167e+05 -4.33485087585387e-14 -8.62372415675764e-14
 3.18328581116261e+05 -2.49849500174314e-14 -8.71391522426459e-14
 3.22462718533355e+05 -4.60401576858816e-14 -8.84797662461249e-14
 3.26596855950449e+05 -3.13707996269355e-14 -9.02607061327471e-14
 3.30730993367544e+05 -4.31915648401984e-14 -9.24689772668048e-14
 3.34865130784638e+05 -2.50203161129921e-14 -9.50773400895990e-14
 3.38999268201732e+05 -4.85277395922583e-14 -9.80452729212690e-14
 3.43133405618827e+05 -4.21315329708509e-14 -1.01320474392171e-13
 3.47267543035921e+05 -4.63359886234837e-14 -1.04840828280422e-13
 3.51401680453015e+05 -3.76932101134438e-14 -1.08536731381848e-13
 3.55535817870110e+05 -3.42182194205533e-14 -1.12333668450750e-13
 3.59669955287204e+05 -3.80751454644683e-14 -1.16154907931034e-13
 3.63804092704298e+05 -5.07845179917558e-14 -1.19924188708629e-13
 3.67938230121393e+05 -4.34751181287319e-14 -1.23568271665137e-13
 3.72072367538487e+05 -4.64431768388845e-14 -1.27019239909100e-13
 3.76206504955581e+05 -4.85796068527366e-14 -1.30216447856862e-13
 3.80340642372676e+05 -5.79631305434528e-14 -1.33108040625456e-13
 3.84474779789770e+05 -4.76009775571214e-14 -1.35651990324279e-13
 3.88608917206864e+05 -3.26403280895319e-14 -1.37816623376958e-13
 3.92743054623959e+05 -3.53120631512436e-14 -1.39580641327975e-13
 3.96877192041053e+05 -2.73928023932488e-14 -1.40932665107666e-13
 4.01011329458147e+05 -4.69937939278867e-14 -1.41870357918746e-13
 4.05145466875241e+05 -3.67957941738090e-14 -1.42399203308465e-13
 4.09279604292336e+05 -5.46730196262634e-14 -1.42531031615274e-13
 4.13413741709430e+05 -5.42528979111968e-14 -1.42282398667800e-13
 4.17547879126524e+05 -5.53877183883255e-14 -1.41672925111484e-13
 4.21682016543619e+05 -5.26202568929093e-14 -1.40723702724064e-13
 4.25816153960713e+05 -4.35455213508233e-14 -1.39455865808952e-13
 4.29950291377807e+05 -4.78825410614099e-14 -1.37889411804542e-13
 4.34084428794902e+05 -4.03874696164334e-14 -1.36042336543585e-13
 4.38218566211996e+05 -3.70014924491174e-14 -1.33930127192856e-13
 4.42352703629090e+05 -4.32477574751761e-14 -1.31565631378293e-13
 4.46486841046185e+05 -5.24395055414749e-14 -1.28959295594255e-13
 4.50620978463279e+05 -5.26419502927328e-14 -1.26119741457765e-13
 4.54755115880373e+05 -4.85892073422586e-14 -1.23054625985455e-13
 4.58889253297468e+05 -6.28434021336187e-14 -1.19771713323598e-13
 4.63023390714562e+05 -5.06209614417028e-14 -1.16280071201398e-13
 4.67157528131656e+05 -6.58786073960653e-14 -1.12591296779058e-13
 4.71291665548751e+05 -4.54571726229262e-14 -1.08720673929373e-13
 4.75425802965845e+05 -6.30145818811605e-14 -1.04688167474336e-13
 4.79559940382939e+05 -4.64955225384810e-14 -1.00519169348155e-13
 4.83694077800033e+05 -4.15963066433848e-14 -9.62449264293571e-14
 4.87828215217128e+05 -5.03324463134654e-14 -9.19025990162977e-14
 4.91962352634222e+05 -5.92775486984532e-14 -8.75349215041349e-14
 4.96096490051316e+05 -9.44761256177022e-14 -8.31894614289745e-14
 5.00230627468411e+05 -6.88149126340203e-14 -7.89174980713644e-14
 5.04364764885505e+05 -7.83353446292867e-14 -7.47725660892475e-14
 5.08498902302599e+05 -6.40852863278835e-14 -7.08087313254560e-14
 5.12633039719694e+05 -6.82845413578849e-14 -6.70786841650732e-14
 5.16767177136788e+05 -5.79947928941682e-14 -6.36317491296789e-14
 5.20901314553882e+05 -6.88982305690620e-14 -6.05119172209658e-14
 5.25035451970977e+05 -4.87402857407291e-14 -5.77560093615053e-14
 5.29169589388071e+05 -6.54699965272130e-14 -5.53920748080523e-14
 5.33303726805165e+05 -5.77077018686745e-14 -5.34381180745836e-14
 5.37437864222260e+05 -6.40033847479950e-14 -5.19012320962470e-14
 5.41572001639354e+05 -5.83182736897071e-14 -5.07771950298128e-14
 5.45706139056448e+05 -5.49264239375642e-14 -5.00505643006172e-14
 5.49840276473543e+05 -6.29261035104923e-14 -4.96952756225787e-14
 5.53974413890637e+05 -5.02910992892258e-14 -4.96757281709709e-14
 5.58108551307731e+05 -5.42292204649523e-14 -4.99483112818123e-14
 5.62242688724826e+05 -5.92591731718370e-14 -5.04633045478753e-14
 5.66376826141920e+05 -5.49022692566139e-14 -5.11670631778148e-14
 5.70510963559014e+05 -7.31018327806165e-14 -5.20043850366215e-14
 5.74645100976108e+05 -5.60947698196396e-14 -5.29209459477071e-14
 5.78779238393203e+05 -8.65176045784999e-14 -5.38656858483484e-14
 5.82913375810297e+05 -8.28407290717669e-14 -5.47930307301485e-14
 5.87047513227391e+05 -8.80427879554827e-14 -5.56648435836699e-14
 5.91181650644486e+05 -6.73197640999202e-14 -5.64520115534106e-14
 5.95315788061580e+05 -8.12254475795875e-14 -5.71355951446986e-14
 5.99449925478674e+05 -6.75465740564006e-14 -5.77074878527210e-14
 6.03584062895769e+05 -8.49025237881220e-14 -5.81705595242392e-14
 6.07718200312863e+05 -5.80355100747292e-14 -5.85382829362993e-14
 6.11852337729957e+05 -7.28341675877693e-14 -5.88338688814528e-14
 6.15986475147052e+05 -7.81124509256962e-14 -5.90889593405272e-14
 6.20120612564146e+05 -1.07849365468929e-13 -5.93419495174188e-14
 6.24254749981240e+05 -6.08629836743134e-14 -5.96360268420521e-14
 6.28388887398335e+05 -7.21046284333271e-14 -6.00170273488842e-14
 6.32523024815429e+05 -6.81591303079433e-14 -6.05312167597264e-14
 6.36657162232523e+05 -6.45352561633154e-14 -6.12231046900368e-14
 6.40791299649618e+05 -6.08257839836663e-14 -6.21333958520939e-14
 6.44925437066712e+05 -5.32588733778465e-14 -6.32971722341969e-14
 6.49059574483806e+05 -6.20397576740774e-14 -6.47423856074063e-14
 6.53193711900900e+05 -7.91714769811482e-14 -6.64887214003459e-14
 6.57327849317995e+05 -4.31112209711450e-14 -6.85468738710039e-14
 6.61461986735089e+05 -6.68177364873423e-14 -7.09182500266934e-14
 6.65596124152183e+05 -5.99440208778536e-14 -7.35950969993388e-14
 6.69730261569278e+05 -8.75658300740363e-14 -7.65610259710220e-14
 6.73864398986372e+05 -4.65057130355736e-14 -7.97918863424498e-14
 6.77998536403466e+05 -7.00380461910691e-14 -8.32569276871989e-14
 6.82132673820561e+05 -6.92011453516249e-14 -8.69201750066497e-14
 6.86266811237655e+05 -8.59564244611810e-14 -9.07419353332601e-14
 6.90400948654749e+05 -5.62362362961451e-14 -9.46803512394404e-14
 6.94535086071844e+05 -7.94715781625302e-14 -9.86929191477234e-14
 6.98669223488938e+05 -8.93579217739639e-14 -1.02737897305333e-13
 7.02803360906032e+05 -9.98878105494511e-14 -1.06775539301338e-13
 7.06937498323127e+05 -7.45499955458968e-14 -1.10769103262520e-13
 7.11071635740221e+05 -6.12574480638902e-14 -1.14685603400373e-13
 7.15205773157315e+05 -7.31005685879070e-14 -1.18496288421068e-13
 7.19339910574410e+05 -6.68566061128565e-14 -1.22176849188975e-13
 7.23474047991504e+05 -7.35482340057619e-14 -1.25707374976024e-13
 7.27608185408598e+05 -5.01846675042174e-14 -1.29072092570953e-13
 7.31742322825692e+05 -6.54937640265487e-14 -1.32258934547745e-13
 7.35876460242787e+05 -6.93987296397117e-14 -1.35258991535607e-13
 7.40010597659881e+05 -7.42103901369841e-14 -1.38065907815314e-13
 7.44144735076975e+05 -8.61773522541952e-14 -1.40675279897370e-13
 7.48278872494070e+05 -6.93042972198451e-14 -1.43084113908653e-13
 7.52413009911164e+05 -9.11395928176773e-14 -1.45290390039166e-13
 7.56547147328258e+05 -6.51799416559740e-14 -1.47292771443983e-13
 7.60681284745353e+05 -6.98556113805984e-14 -1.49090481678665e-13
 7.64815422162447e+05 -8.09865324927558e-14 -1.50683359904716e-13
 7.68949559579541e+05 -7.12751555907334e-14 -1.52072087583563e-13
 7.73083696996636e+05 -7.59547428283446e-14 -1.53258565444946e-13
 7.77217834413730e+05 -6.74338710191834e-14 -1.54246405957956e-13
 7.81351971830824e+05 -8.77338999772650e-14 -1.55041495371348e-13
 7.85486109247919e+05 -8.13518638980781e-14 -1.55652571343353e-13
 7.89620246665013e+05 -6.08160283817324e-14 -1.56091757816688e-13
 7.93754384082107e+05 -7.31205631064478e-14 -1.56374998474633e-13
 7.97888521499202e+05 -7.00823566435417e-14 -1.56522333869693e-13
 8.02022658916296e+05 -7.16331243097916e-14 -1.56557974996875e-13
 8.06156796333390e+05 -8.11243804811597e-14 -1.56510137340248e-13
 8.10290933750484e+05 -7.39878308914626e-14 -1.56410613468224e-13
 8.14425071167579e+05 -8.14690083812217e-14 -1.56294078458169e-13
 8.18559208584673e+05 -8.20422448297101e-14 -1.56197139647804e-13
 8.22693346001767e+05 -8.93774749830053e-14 -1.56157159501427e-13
 8.26827483418862e+05 -6.93996338650162e-14 -1.56210896731004e-13
 8.30961620835956e+05 -8.96066010377479e-14 -1.56393025043947e-13
 8.35095758253050e+05 -8.82594329090917e-14 -1.56734600222362e-13
 8.39229895670145e+05 -7.90827213504455e-14 -1.57261553936866e-13
 8.43364033087239e+05 -7.75680949218310e-14 -1.57993296042458e-13
 8.47498170504333e+05 -6.91853538097209e-14 -1.58941505946037e-13
 8.51632307921428e+05 -8.91673745868724e-14 -1.60109187852771e-13
 8.55766445338522e+05 -9.34176761830410e-14 -1.61490054446277e-13
 8.59900582755616e+05 -6.94523193385621e-14 -1.63068289407869e-13
 8.64034720172711e+05 -6.74472896674268e-14 -1.64818721675428e-13
 8.68168857589805e+05 -1.05743737016878e-13 -1.66707424534589e-13
 8.72302995006899e+05 -5.93601067609206e-14 -1.68692731358533e-13
 8.76437132423994e+05 -9.33373401428455e-14 -1.70726638422851e-13
 8.80571269841088e+05 -8.05791775950720e-14 -1.72756544644136e-13
 8.84705407258182e+05 -6.32689367147408e-14 -1.74727259595708e-13
 8.88839544675276e+05 -7.66888487432251e-14 -1.76583195695819e-13
 8.92973682092371e+05 -6.84395467923229e-14 -1.78270648947010e-13
 8.97107819509465e+05 -1.14651426644720e-13 -1.79740065697419e-13
 9.01241956926559e+05 -7.44724022094013e-14 -1.80948190943472e-13
 9.05376094343654e+05 -8.92771031464302e-14 -1.81859997081577e-13
 9.09510231760748e+05 -6.98380525197851e-14 -1.82450300335719e-13
 9.13644369177842e+05 -6.51354962589372e-14 -1.82704985322365e-13
 9.17778506594937e+05 -1.12008393164393e-13 -1.82621775367375e-13
 9.21912644012031e+05 -8.19219646388032e-14 -1.82210506766194e-13
 9.26046781429125e+05 -9.84214511157805e-14 -1.81492887909551e-13
 9.30180918846220e+05 -7.39074281804536e-14 -1.80501748152057e-13
 9.34315056263314e+05 -8.32155244009415e-14 -1.79279805025925e-13
 9.38449193680408e+05 -1.01656564392458e-13 -1.77878001054338e-13
 9.42583331097503e+05 -8.22604223463417e-14 -1.76353481526994e-13
 9.46717468514597e+05 -7.11104747329492e-14 -1.74767301355870e-13
 9.50851605931691e+05 -7.72633691520419e-14 -1.73181961670856e-13
 9.54985743348786e+05 -8.57229548988862e-14 -1.71658884447245e-13
 9.59119880765880e+05 -1.06638937031103e-13 -1.70255935942501e-13
 9.63254018182974e+05 -7.89493756928412e-14 -1.69025106778296e-13
 9.67388155600069e+05 -7.87986997194183e-14 -1.68010448527940e-13
 9.71522293017163e+05 -7.36031912413805e-14 -1.67246353880859e-13
 9.75656430434257e+05 -8.27152779840536e-14 -1.66756250639896e-13
 9.79790567851351e+05 -8.18081837794351e-14 -1.66551759815763e-13
 9.83924705268446e+05 -5.86916147701713e-14 -1.66632345897310e-13
 9.88058842685540e+05 -6.71201522478273e-14 -1.66985464151721e-13
 9.92192980102634e+05 -7.65058774466048e-14 -1.67587186695117e-13
 9.96327117519729e+05 -8.23517196942615e-14 -1.68403267264244e-13
 1.00046125493682e+06 -7.17328823484170e-14 -1.69390585048267e-13
 1.00459539235392e+06 -7.40774121822179e-14 -1.70498891798419e-13
 1.00872952977101e+06 -9.82563814040985e-14 -1.71672774165303e-13
 1.01286366718811e+06 -8.19916282570145e-14 -1.72853735661758e-13
 1.01699780460520e+06 -7.85748046728864e-14 -1.73982299951005e-13
 1.02113194202229e+06 -1.10209071243560e-13 -1.75000039373336e-13
 1.02526607943939e+06 -9.06268531367831e-14 -1.75851439717904e-13
 1.02940021685648e+06 -8.64518268239305e-14 -1.76485523502446e-13
 1.03353435427358e+06 -7.50588509911526e-14 -1.76857169084568e-13
 1.03766849169067e+06 -7.13441104791016e-14 -1.76928080714291e-13
 1.04180262910777e+06 -9.70856090561012e-14 -1.76667384410874e-13
 1.04593676652486e+06 -6.89670084154372e-14 -1.76051844965066e-13
 1.05007090394195e+06 -8.56997213083925e-14 -1.75065719711379e-13
 1.05420504135905e+06 -8.91997653970378e-14 -1.73700283578296e-13
 1.05833917877614e+06 -8.22550920183132e-14 -1.71953076606211e-13
 1.06247331619324e+06 -6.80878013873438e-14 -1.69826938601279e-13
 1.06660745361033e+06 -4.63396726917124e-14 -1.67328905294513e-13
 1.07074159102743e+06 -7.58513726808844e-14 -1.64469045803199e-13
 1.07487572844452e+06 -7.09225280747660e-14 -1.61259322096149e-13
 1.07900986586161e+06 -1.04286995599556e-13 -1.57712547520166e-13
 1.08314400327871e+06 -8.78308793741772e-14 -1.53841513576857e-13
 1.08727814069580e+06 -8.01103048887061e-14 -1.49658342353255e-13
 1.09141227811290e+06 -1.04922722947926e-13 -1.45174107087266e-13
 1.09554641552999e+06 -7.12686784436945e-14 -1.40398746024266e-13
 1.09968055294709e+06 -7.35665777050596e-14 -1.35341275933720e-13
 1.10381469036418e+06 -7.44362825802238e-14 -1.30010292490698e-13
 1.10794882778128e+06 -7.92646139842644e-14 -1.24414726048734e-13
 1.11208296519837e+06 -8.77452922809750e-14 -1.18564804333090e-13
 1.11621710261546e+06 -8.29188261164476e-14 -1.12473159045561e-13
 1.12035124003256e+06 -1.03243417497497e-13 -1.06156002097196e-13
 1.12448537744965e+06 -7.58133196572823e-14 -9.96342899207963e-14
 1.12861951486675e+06 -9.06876401179626e-14 -9.29347913220297e-14
 1.13275365228384e+06 -9.21221129474274e-14 -8.60909759450204e-14
 1.13688778970094e+06 -1.01701049156789e-13 -7.91436465744225e-14
 1.14102192711803e+06 -9.20746362999451e-14 -7.21412489950693e-14
 1.14515606453512e+06 -8.77017430445315e-14 -6.51398074234278e-14
 1.14929020195222e+06 -7.08585325925836e-14 -5.82024510333919e-14
 1.15342433936931e+06 -8.98348786344236e-14 -5.13985170075726e-14
 1.15755847678641e+06 -8.48271464158955e-14 -4.48022368375901e-14
 1.16169261420350e+06 -7.09116959379028e-14 -3.84910342920431e-14
 1.16582675162060e+06 -9.01506664922481e-14 -3.25434845713934e-14
 1.16996088903769e+06 -9.56685351902166e-14 -2.70370034715642e-14
 1.17409502645478e+06 -9.56749344733227e-14 -2.20453521013463e-14
 1.17822916387188e+06 -9.03089981313552e-14 -1.76360558469348e-14
 1.18236330128897e+06 -6.13173768354485e-14 -1.38678451614736e-14
 1.18649743870607e+06 -7.66332378413840e-14 -1.07882300204823e-14
 1.19063157612316e+06 -8.64022534184862e-14 -8.43131890798305e-15
 1.19476571354026e+06 -9.19283452385060e-14 -6.81598729367228e-15
 1.19889985095735e+06 -9.34003933951542e-14 -5.94448959658865e-15
 1.20303398837444e+06 -9.71047755915381e-14 -5.80159312236087e-15
 1.20716812579154e+06 -9.70942407305273e-14 -6.35429308205244e-15
 1.21130226320863e+06 -1.04649630326193e-13 -7.55214515713770e-15
 1.21543640062573e+06 -9.19065911002785e-14 -9.32822738942860e-15
 1.21957053804282e+06 -8.06603205923929e-14 -1.16007172016747e-14
 1.22370467545992e+06 -9.65903946971632e-14 -1.42750435417762e-14
 1.22783881287701e+06 -9.43036324861852e-14 -1.72465493342864e-14
 1.23197295029410e+06 -1.06050930619651e-13 -2.04035769993671e-14
 1.23610708771120e+06 -9.24106799063862e-14 -2.36308705337352e-14
 1.24024122512829e+06 -7.69682465350886e-14 -2.68131726410117e-14
 1.24437536254539e+06 -7.65936857876790e-14 -2.98388852031149e-14
 1.24850949996248e+06 -6.75575579460245e-14 -3.26036566248601e-14
 1.25264363737958e+06 -1.18483519461913e-13 -3.50137604190210e-14
 1.25677777479667e+06 -1.04826244632725e-13 -3.69891359943663e-14
 1.26091191221376e+06 -9.77412250302491e-14 -3.84659745844709e-14
 1.26504604963086e+06 -8.57846523625498e-14 -3.93987502801033e-14
 1.26918018704795e+06 -9.06908764786002e-14 -3.97616174478159e-14
 1.27331432446505e+06 -8.73423614404287e-14 -3.95491205122715e-14
 1.27744846188214e+06 -1.05716728863724e-13 -3.87761892184158e-14
 1.28158259929924e+06 -1.03596546185774e-13 -3.74774207553132e-14
 1.28571673671633e+06 -9.63343349829384e-14 -3.57056784958721e-14
 1.28985087413343e+06 -1.02870682289215e-13 -3.35300641565628e-14
 1.29398501155052e+06 -1.13949389039228e-13 -3.10333448783264e-14
 1.29811914896761e+06 -9.47396808972805e-14 -2.83089379632035e-14
 1.30225328638471e+06 -1.04460113851386e-13 -2.54575727600068e-14
 1.30638742380180e+06 -8.08327523388591e-14 -2.25837609138662e-14
 1.31052156121890e+06 -9.59481605242475e-14 -1.97922121863961e-14
 1.31465569863599e+06 -9.92357538143785e-14 -1.71843331775053e-14
 1.31878983605309e+06 -1.11198449692382e-13 -1.48549405760983e-14
 1.32292397347018e+06 -9.86500402374671e-14 -1.28893091800054e-14
 1.32705811088727e+06 -8.86159465854681e-14 -1.13606585280341e-14
 1.33119224830437e+06 -1.05219769225500e-13 -1.03281613170045e-14
 1.33532638572146e+06 -1.00583549978622e-13 -9.83553272407118e-15
 1.33946052313856e+06 -9.56395234505981e-14 -9.91023353031392e-15
 1.34359466055565e+06 -1.13853271420075e-13 -1.05632927978675e-14
 1.34772879797275e+06 -9.37646090940821e-14 -1.17897288505468e-14
 1.35186293538984e+06 -1.19900398952679e-13 -1.35695220404619e-14
 1.35599707280693e+06 -8.73899253430619e-14 -1.58690700704454e-14
 1.36013121022403e+06 -9.26122757475272e-14 -1.86430378029587e-14
 1.36426534764112e+06 -1.03296967449982e-13 -2.18364992409689e-14
 1.36839948505822e+06 -1.07049348904846e-13 -2.53872604103737e-14
 1.37253362247531e+06 -9.62039093348542e-14 -2.92282484906198e-14
 1.37666775989241e+06 -9.16135081677588e-14 -3.32898550503225e-14
 1.38080189730950e+06 -1.14317401295833e-13 -3.75021291033336e-14
 1.38493603472659e+06 -1.11670956434951e-13 -4.17967288663434e-14
 1.38907017214369e+06 -9.70506715257633e-14 -4.61085584343339e-14
 1.39320430956078e+06 -8.68919490977345e-14 -5.03770365216173e-14
 1.39733844697788e+06 -8.80244393334280e-14 -5.45469674696077e-14
 1.40147258439497e+06 -9.33766824472493e-14 -5.85690089929588e-14
 1.40560672181207e+06 -8.91302081660072e-14 -6.23997550502081e-14
 1.40974085922916e+06 -8.52941966436801e-14 -6.60014746461574e-14
 1.41387499664625e+06 -8.84680462964117e-14 -6.93415670412126e-14
 1.41800913406335e+06 -9.52294340533539e-14 -7.23918096683401e-14
 1.42214327148044e+06 -8.85229095157698e-14 -7.51274861554313e-14
 1.42627740889754e+06 -9.67826262222498e-14 -7.75264876248623e-14
 1.43041154631463e+06 -8.03757557567096e-14 -7.95684805156283e-14
 1.43454568373173e+06 -9.07472263026780e-14 -8.12342284856959e-14
 1.43867982114882e+06 -7.13641736532255e-14 -8.25051447558393e-14
 1.44281395856591e+06 -8.79958639623063e-14 -8.33631352430529e-14
 1.44694809598301e+06 -7.55430381771532e-14 -8.37907726016099e-14
 1.45108223340010e+06 -9.43146816687617e-14 -8.37718182557931e-14
 1.45521637081720e+06 -1.03757067643278e-13 -8.32920845854238e-14
 1.45935050823429e+06 -8.26821145612037e-14 -8.23406043261764e-14
 1.46348464565139e+06 -1.06215904101900e-13 -8.09110501452615e-14
 1.46761878306848e+06 -1.16583637109679e-13 -7.90033258711649e-14
 1.47175292048557e+06 -9.05656471277311e-14 -7.66252331134835e-14
 1.47588705790267e+06 -1.12367447560418e-13 -7.37941042686537e-14
 1.48002119531976e+06 -9.11493533426523e-14 -7.05382860280621e-14
 1.48415533273686e+06 -7.22359111899041e-14 -6.68983569620939e-14
 1.48828947015395e+06 -9.22645882856388e-14 -6.29279690302573e-14
 1.49242360757105e+06 -7.77768329593602e-14 -5.86942156609505e-14
 1.49655774498814e+06 -1.03378617016630e-13 -5.42774479631942e-14
 1.50069188240524e+06 -8.20071148406212e-14 -4.97704849851410e-14
 1.50482601982233e+06 -9.45427313317945e-14 -4.52771924424747e-14
 1.50896015723942e+06 -7.63119801289663e-14 -4.09104357353776e-14
 1.51309429465652e+06 -7.39310661381311e-14 -3.67894458230619e-14
 1.51722843207361e+06 -8.33694081676635e-14 -3.30366688304487e-14
 1.52136256949071e+06 -7.31206529766872e-14 -2.97742006038152e-14
 1.52549670690780e+06 -6.21789688615029e-14 -2.71199338978648e-14
 1.52963084432490e+06 -7.16351156179966e-14 -2.51835672877585e-14
 1.53376498174199e+06 -1.03242016673303e-13 -2.40626396642233e-14
 1.53789911915908e+06 -9.23434186825512e-14 -2.38387615435962e-14
 1.54203325657618e+06 -9.14118798659105e-14 -2.45742136823824e-14
 1.54616739399327e+06 -9.10825798206901e-14 -2.63090743861357e-14
 1.55030153141037e+06 -9.62163684964237e-14 -2.90590197513630e-14
 1.55443566882746e+06 -9.34874142149258e-14 -3.28139164069195e-14
 1.55856980624456e+06 -7.85823187618035e-14 -3.75372951267856e-14
 1.56270394366165e+06 -8.81725920562595e-14 -4.31667574145719e-14
 1.56683808107874e+06 -8.75730867381270e-14 -4.96153274306948e-14
 1.57097221849584e+06 -9.66551273825849e-14 -5.67737202280601e-14
 1.57510635591293e+06 -8.65661179308666e-14 -6.45134563067014e-14
 1.57924049333003e+06 -1.08799276501439e-13 -7.26907139088734e-14
 1.58337463074712e+06 -9.27122010275641e-14 -8.11507761201038e-14
 1.58750876816422e+06 -7.98798167319142e-14 -8.97329015942823e-14
 1.59164290558131e+06 -1.19177270083699e-13 -9.82754269178794e-14
 1.59577704299840e+06 -8.59744209931442e-14 -1.06620896478673e-13
 1.59991118041550e+06 -1.01265890764109e-13 -1.14621012789174e-13
 1.60404531783259e+06 -7.71596115549249e-14 -1.22141206940340e-13
 1.60817945524969e+06 -7.90164310768103e-14 -1.29064644827710e-13
 1.61231359266678e+06 -1.04366685767083e-13 -1.35295509459090e-13
 1.61644773008388e+06 -8.51384051469734e-14 -1.40761431739698e-13
 1.62058186750097e+06 -1.15009806435628e-13 -1.45414980308394e-13
 1.62471600491806e+06 -7.75083758218668e-14 -1.49234163193766e-13
 1.62885014233516e+06 -7.57565324771682e-14 -1.52221938562833e-13
 1.63298427975225e+06 -1.11311960463552e-13 -1.54404776097904e-13
 1.63711841716935e+06 -8.93637320741851e-14 -1.55830352758382e-13
 1.64125255458644e+06 -1.02662907453009e-13 -1.56564504546714e-13
 1.64538669200354e+06 -5.44381054276869e-14 -1.56687587712865e-13
 1.64952082942063e+06 -1.13219116248333e-13 -1.56290426881836e-13
 1.65365496683772e+06 -8.66147856064439e-14 -1.55470042971442e-13
 1.65778910425482e+06 -1.07178306874957e-13 -1.54325359453180e-13
 1.66192324167191e+06 -8.26758574117417e-14 -1.52953081559791e-13
 1.66605737908901e+06 -1.05153368269619e-13 -1.51443929602020e-13
 1.67019151650610e+06 -9.25751852935549e-14 -1.49879385258034e-13
 1.67432565392320e+06 -9.17620423482705e-14 -1.48329080121998e-13
 1.67845979134029e+06 -9.00075559914277e-14 -1.46848920040116e-13
 1.68259392875739e+06 -7.35906684883316e-14 -1.45479999161827e-13
 1.68672806617448e+06 -7.80866616521257e-14 -1.44248315927456e-13
 1.69086220359157e+06 -9.85600800770209e-14 -1.43165261874310e-13
 1.69499634100867e+06 -1.03167056226796e-13 -1.42228815082732e-13
 1.69913047842576e+06 -9.97897910146604e-14 -1.41425335493736e-13
 1.70326461584286e+06 -1.02317850877345e-13 -1.40731830907944e-13
 1.70739875325995e+06 -1.00550299515891e-13 -1.40118541629002e-13
 1.71153289067705e+06 -1.00171924437961e-13 -1.39551679626469e-13
 1.71566702809414e+06 -9.38129778803975e-14 -1.38996155001818e-13
 1.71980116551123e+06 -9.14876218031840e-14 -1.38418128935919e-13
 1.72393530292833e+06 -1.13632104748284e-13 -1.37787247242650e-13
 1.72806944034542e+06 -9.22216060049032e-14 -1.37078431706712e-13
 1.73220357776252e+06 -1.02130051553727e-13 -1.36273135827478e-13
 1.73633771517961e+06 -9.99633638378375e-14 -1.35360005922575e-13
 1.74047185259671e+06 -1.02898442910575e-13 -1.34334925845717e-13
 1.74460599001380e+06 -9.63606378381030e-14 -1.33200461534089e-13
 1.74874012743089e+06 -9.96832747192186e-14 -1.31964758366596e-13
 1.75287426484799e+06 -8.60960920705336e-14 -1.30639977600062e-13
 1.75700840226508e+06 -8.50725363354906e-14 -1.29240386174628e-13
 1.76114253968218e+06 -7.59479908962008e-14 -1.27780235486707e-13
 1.76527667709927e+06 -9.73989618253917e-14 -1.26271577861068e-13
 1.76941081451637e+06 -6.98944562050717e-14 -1.24722173996847e-13
 1.77354495193346e+06 -9.08081844480436e-14 -1.23133640161900e-13
 1.77767908935055e+06 -8.12825523867739e-14 -1.21499970559915e-13
 1.78181322676765e+06 -9.53868413632504e-14 -1.19806549166349e-13
 1.78594736418474e+06 -9.51396364099472e-14 -1.18029737097131e-13
 1.79008150160184e+06 -9.24072634616112e-14 -1.16137088333337e-13
 1.79421563901893e+06 -1.11594244923608e-13 -1.14088209818843e-13
 1.79834977643603e+06 -8.27396631933323e-14 -1.11836243867008e-13
 1.80248391385312e+06 -9.51969923842985e-14 -1.09329913545691e-13
 1.80661805127021e+06 -7.31889571456766e-14 -1.06516037256486e-13
 1.81075218868731e+06 -1.11646047044477e-13 -1.03342389167062e-13
 1.81488632610440e+06 -1.10378317192091e-13 -9.97607590880422e-14
 1.81902046352150e+06 -8.66817639474574e-14 -9.57300501278123e-14
 1.82315460093859e+06 -9.11885123844039e-14 -9.12192459923675e-14
 1.82728873835569e+06 -8.50579266721180e-14 -8.62100824132961e-14
 1.83142287577278e+06 -1.02822211623280e-13 -8.06992689507710e-14
 1.83555701318987e+06 -8.82278261091891e-14 -7.47001276190085e-14
 1.83969115060697e+06 -9.78231824849545e-14 -6.82435424438279e-14
 1.84382528802406e+06 -7.64767424641303e-14 -6.13781477252736e-14
 1.84795942544116e+06 -9.67535021547220e-14 -5.41697206584468e-14
 1.85209356285825e+06 -1.05352613838162e-13 -4.66997839561422e-14
 1.85622770027535e+06 -7.69392008288200e-14 -3.90634642755209e-14
 1.86036183769244e+06 -9.50036306828002e-14 -3.13666902090585e-14
 1.86449597510954e+06 -8.52380359291596e-14 -2.37228474676125e-14
 1.86863011252663e+06 -9.18983426932147e-14 -1.62490368635213e-14
 1.87276424994372e+06 -1.06410895299276e-13 -9.06210119201474e-15
 1.87689838736082e+06 -1.01580375196229e-13 -2.27459918273327e-15
 1.88103252477791e+06 -8.35153440660026e-14  4.00909242224038e-15
 1.88516666219501e+06 -6.50127904456281e-14  9.69637383882436e-15
 1.88930079961210e+06 -1.04962610122188e-13  1.47095546448452e-14
 1.89343493702920e+06 -1.07611871374376e-13  1.89883871698692e-14
 1.89756907444629e+06 -9.93059890285165e-14  2.24918942668250e-14
 1.90170321186338e+06 -1.12421275205594e-13  2.51994199013725e-14
 1.90583734928048e+06 -8.26185424761436e-14  2.71108691937679e-14
 1.90997148669757e+06 -1.16069447846629e-13  2.82461438186053e-14
 1.91410562411467e+06 -1.01077177955144e-13  2.86438171762854e-14
 1.91823976153176e+06 -9.12881576194091e-14  2.83591291034297e-14
 1.92237389894886e+06 -8.77858681170622e-14  2.74614105655929e-14
 1.92650803636595e+06 -1.03525609625974e-13  2.60310730499930e-14
 1.93064217378304e+06 -9.46275952724221e-14  2.41563141293944e-14
 1.93477631120014e+06 -9.19854298395366e-14  2.19296991041373e-14
 1.93891044861723e+06 -9.78155050137564e-14  1.94447785428695e-14
 1.94304458603433e+06 -7.03212879512091e-14  1.67928930071829e-14
 1.94717872345142e+06 -9.66592254706158e-14  1.40603000659110e-14
 1.95131286086852e+06 -8.33696267802466e-14  1.13257357590176e-14
 1.95544699828561e+06 -1.08387572678289e-13  8.65849469593732e-15
 1.95958113570270e+06 -6.76901388364279e-14  6.11708127059841e-15
 1.96371527311980e+06 -8.45150384904629e-14  3.74845131829872e-15
 1.96784941053689e+06 -9.66943470856316e-14  1.58783056590701e-15
 1.97198354795399e+06 -9.25316833804465e-14 -3.40934524768424e-16
 1.97611768537108e+06 -9.04480360388446e-14 -2.02456480542572e-15
 1.98025182278818e+06 -8.12518434501887e-14 -3.45916819316627e-15
 1.98438596020527e+06 -7.85010323578490e-14 -4.64879896992031e-15
 1.98852009762236e+06 -9.64648562185564e-14 -5.60387235867934e-15
 1.99265423503946e+06 -1.06816136727573e-13 -6.33955048156528e-15
 1.99678837245655e+06 -9.77945844965129e-14 -6.87420890193635e-15
 2.00092250987365e+06 -7.52335061961428e-14 -7.22807937803366e-15
 2.00505664729074e+06 -1.09235920491286e-13 -7.42214516408657e-15
 2.00919078470784e+06 -8.14788771483076e-14 -7.47734165901911e-15
 2.01332492212493e+06 -1.03870940113164e-13 -7.41408879755826e-15
 2.01745905954202e+06 -7.32225853966125e-14 -7.25215429488831e-15
 2.02159319695912e+06 -9.87518658899986e-14 -7.01082030943507e-15
 2.02572733437621e+06 -9.75255664002403e-14 -6.70930206940396e-15
 2.02986147179331e+06 -9.67901506863203e-14 -6.36734708212687e-15
 2.03399560921040e+06 -8.22081569410342e-14 -6.00592895276021e-15
 2.03812974662750e+06 -9.22466120195802e-14 -5.64794166249489e-15
 2.04226388404459e+06 -9.27014522783890e-14 -5.31879875409561e-15
 2.04639802146168e+06 -1.05671047405431e-13 -5.04684754150286e-15
 2.05053215887878e+06 -1.09767008697754e-13 -4.86352075472742e-15
 2.05466629629587e+06 -9.93094340690281e-14 -4.80316627187281e-15
 2.05880043371297e+06 -7.67463693346823e-14 -4.90251858545644e-15
 2.06293457113006e+06 -1.06769462328368e-13 -5.19980196820185e-15
 2.06706870854716e+06 -7.46452788774402e-14 -5.73348328722470e-15
 2.07120284596425e+06 -1.02869431583559e-13 -6.54072025371940e-15
 2.07533698338135e+06 -6.64247368069883e-14 -7.65557671425879e-15
 2.07947112079844e+06 -1.02041082355216e-13 -9.10709873161169e-15
 2.08360525821553e+06 -8.30813544563411e-14 -1.09173621296426e-14
 2.08773939563263e+06 -1.01489884622593e-13 -1.30996125650804e-14
 2.09187353304972e+06 -9.07145103036421e-14 -1.56566223631027e-14
 2.09600767046682e+06 -9.16031446568567e-14 -1.85793836700511e-14
 2.10014180788391e+06 -1.01902916171677e-13 -2.18462451879178e-14
 2.10427594530101e+06 -9.47792752152603e-14 -2.54225801874149e-14
 2.10841008271810e+06 -8.39329718675430e-14 -2.92610477963797e-14
 2.11254422013519e+06 -9.20815782696434e-14 -3.33024788832095e-14
 2.11667835755229e+06 -7.56622897326378e-14 -3.74773840431929e-14
 2.12081249496938e+06 -9.80260613787977e-14 -4.17080460829761e-14
 2.12494663238648e+06 -9.76357389645564e-14 -4.59111250316837e-14
 2.12908076980357e+06 -1.03782682200092e-13 -5.00006720820032e-14
 2.13321490722067e+06 -8.83569645948604e-14 -5.38914219525913e-14
 2.13734904463776e+06 -1.00037860916708e-13 -5.75022126409426e-14
 2.14148318205485e+06 -8.46480993812820e-14 -6.07593686768000e-14
 2.14561731947195e+06 -8.50479897338005e-14 -6.35998798684111e-14
 2.14975145688904e+06 -9.61748235200419e-14 -6.59742124538940e-14
 2.15388559430614e+06 -9.93986864242145e-14 -6.78486036090728e-14
 2.15801973172323e+06 -7.09549482566661e-14 -6.92067127893803e-14
 2.16215386914033e+06 -7.11198980252448e-14 -7.00505332731288e-14
 2.16628800655742e+06 -8.60344797775287e-14 -7.04005031539452e-14
 2.17042214397451e+06 -1.22002257954034e-13 -7.02947949238666e-14
 2.17455628139161e+06 -9.45988897382176e-14 -6.97878045911955e-14
 2.17869041880870e+06 -9.25666019599767e-14 -6.89479027494424e-14
 2.18282455622580e+06 -8.17553987856952e-14 -6.78545488119271e-14
 2.18695869364289e+06 -9.63422700965305e-14 -6.65949036759414e-14
 2.19109283105999e+06 -7.26813719183949e-14 -6.52601032963251e-14
 2.19522696847708e+06 -7.36614513126439e-14 -6.39413745708211e-14
 2.19936110589417e+06 -7.42994843350931e-14 -6.27261843932970e-14
 2.20349524331127e+06 -8.84970361488936e-14 -6.16946120379181e-14
 2.20762938072836e+06 -9.03512709926363e-14 -6.09161241640779e-14
 2.21176351814546e+06 -8.46519038447464e-14 -6.04469112188709e-14
 2.21589765556255e+06 -7.83216409484055e-14 -6.03279147476328e-14
 2.22003179297965e+06 -1.01694656483464e-13 -6.05836388450333e-14
 2.22416593039674e+06 -6.33779283478783e-14 -6.12217974077819e-14
 2.22830006781383e+06 -8.69925973752386e-14 -6.22338044048289e-14
 2.23243420523093e+06 -8.75193537935458e-14 -6.35960693920671e-14
 2.23656834264802e+06 -1.00180966622171e-13 -6.52720175014439e-14
 2.24070248006512e+06 -7.37493213756647e-14 -6.72147144540943e-14
 2.24483661748221e+06 -7.73416005018434e-14 -6.93699450029957e-14
 2.24897075489931e+06 -9.80721544252304e-14 -7.16795694304485e-14
 2.25310489231640e+06 -1.07476724057100e-13 -7.40849685676941e-14
 2.25723902973349e+06 -7.64759748169622e-14 -7.65303842370065e-14
 2.26137316715059e+06 -8.69596955779538e-14 -7.89659692114940e-14
 2.26550730456768e+06 -6.25137443640854e-14 -8.13503783184180e-14
 2.26964144198478e+06 -7.89214929302211e-14 -8.36527594422792e-14
 2.27377557940187e+06 -7.50779649280359e-14 -8.58540381756976e-14
 2.27790971681897e+06 -6.36585477420063e-14 -8.79474309638117e-14
 2.28204385423606e+06 -6.85456724719125e-14 -8.99381664499999e-14
 2.28617799165316e+06 -8.41277570236815e-14 -9.18424407507014e-14
 2.29031212907025e+06 -9.47749589916647e-14 -9.36856771135258e-14
 2.29444626648734e+06 -8.30670173510300e-14 -9.55002011257569e-14
 2.29858040390444e+06 -8.88341088703311e-14 -9.73224771996460e-14
 2.30271454132153e+06 -1.02746120391979e-13 -9.91900781731739e-14
 2.30684867873863e+06 -7.19058724980751e-14 -1.01138576366527e-13
 2.31098281615572e+06 -8.21983853460193e-14 -1.03198549899873e-13
 2.31511695357282e+06 -6.34675589295659e-14 -1.05392892472057e-13
 2.31925109098991e+06 -6.47354719847824e-14 -1.07734598101500e-13
 2.32338522840700e+06 -8.21473163439349e-14 -1.10225165566131e-13
 2.32751936582410e+06 -8.36964690664756e-14 -1.12853731715334e-13
 2.33165350324119e+06 -9.00432363061070e-14 -1.15597000723544e-13
 2.33578764065829e+06 -8.51723936177172e-14 -1.18419989572347e-13
 2.33992177807538e+06 -7.74164376548725e-14 -1.21277561800590e-13
 2.34405591549248e+06 -1.09100074397567e-13 -1.24116674028598e-13
 2.34819005290957e+06 -8.77753676249587e-14 -1.26879216127385e-13
 2.35232419032666e+06 -1.06395040670719e-13 -1.29505288355699e-13
 2.35645832774376e+06 -5.64036907180240e-14 -1.31936729838407e-13
 2.36059246516085e+06 -8.83676877634168e-14 -1.34120693854367e-13
 2.36472660257795e+06 -8.05513875047995e-14 -1.36013058109315e-13
 2.36886073999504e+06 -8.58236270124385e-14 -1.37581462729116e-13
 2.37299487741214e+06 -8.61339492669544e-14 -1.38807785265543e-13
 2.37712901482923e+06 -9.28588556680944e-14 -1.39689889635540e-13
 2.38126315224632e+06 -8.85124234149916e-14 -1.40242523403482e-13
 2.38539728966342e+06 -9.46652471288288e-14 -1.40497283015630e-13
 2.38953142708051e+06 -8.31593923885079e-14 -1.40501617190458e-13
 2.39366556449761e+06 -6.87410871976014e-14 -1.40316891968342e-13
 2.39779970191470e+06 -6.15654480649534e-14 -1.40015593846561e-13
 2.40193383933180e+06 -8.17475579102060e-14 -1.39677797198060e-13
 2.40606797674889e+06 -9.42910826675526e-14 -1.39387065872113e-13
 2.41020211416598e+06 -8.74675497458771e-14 -1.39225994046688e-13
 2.41433625158308e+06 -8.60021178343318e-14 -1.39271616022942e-13
 2.41847038900017e+06 -8.81839963650071e-14 -1.39590927148704e-13
 2.42260452641727e+06 -1.09503890107795e-13 -1.40236757620623e-13
 2.42673866383436e+06 -9.48667736359158e-14 -1.41244227421565e-13
 2.43087280125146e+06 -7.55957614697200e-14 -1.42627984536035e-13
 2.43500693866855e+06 -9.76115006737810e-14 -1.44380391330464e-13
 2.43914107608564e+06 -6.59006996295842e-14 -1.46470777183551e-13
 2.44327521350274e+06 -9.97959942771131e-14 -1.48845821743414e-13
 2.44740935091983e+06 -7.20421817639154e-14 -1.51431075306132e-13
 2.45154348833693e+06 -1.07945736296273e-13 -1.54133563744134e-13
 2.45567762575402e+06 -7.71484631563449e-14 -1.56845368480467e-13
 2.45981176317112e+06 -9.43680906175181e-14 -1.59448020061543e-13
 2.46394590058821e+06 -8.47124515087775e-14 -1.61817500000921e-13
 2.46808003800530e+06 -8.42010356189444e-14 -1.63829611897386e-13
 2.47221417542240e+06 -8.81628024965259e-14 -1.65365461434076e-13
 2.47634831283949e+06 -8.19478639722737e-14 -1.66316776905008e-13
 2.48048245025659e+06 -7.35316608137521e-14 -1.66590807884625e-13
 2.48461658767368e+06 -7.81305046783539e-14 -1.66114559370984e-13
 2.48875072509078e+06 -8.80065694934106e-14 -1.64838151153962e-13
 2.49288486250787e+06 -8.02117561395283e-14 -1.62737135736144e-13
 2.49701899992497e+06 -9.17866815456505e-14 -1.59813660500098e-13
 2.50115313734206e+06 -8.45419301341646e-14 -1.56096418259341e-13
 2.50528727475915e+06 -9.96154708872263e-14 -1.51639391845422e-13
 2.50942141217625e+06 -8.91835332386566e-14 -1.46519459571205e-13
 2.51355554959334e+06 -8.23206799079907e-14 -1.40832986230729e-13
 2.51768968701044e+06 -7.62542778239412e-14 -1.34691575413815e-13
 2.52182382442753e+06 -6.03842093074723e-14 -1.28217200933110e-13
 2.52595796184463e+06 -9.38022402428034e-14 -1.21536965523596e-13
 2.53009209926172e+06 -5.97658305802583e-14 -1.14777752313088e-13
 2.53422623667881e+06 -9.67125112875026e-14 -1.08061037857993e-13
 2.53836037409591e+06 -7.23951615236907e-14 -1.01498124603199e-13
 2.54249451151300e+06 -1.01603501080312e-13 -9.51860261828131e-14
 2.54662864893010e+06 -8.83463841040047e-14 -8.92042022033396e-14
 2.55076278634719e+06 -8.55054995516749e-14 -8.36122921956732e-14
 2.55489692376429e+06 -9.51398369953369e-14 -7.84489436878353e-14
 2.55903106118138e+06 -8.18211620195382e-14 -7.37317699202143e-14
 2.56316519859847e+06 -7.45840540269939e-14 -6.94584117303146e-14
 2.56729933601557e+06 -7.82914976622224e-14 -6.56086189302544e-14
 2.57143347343266e+06 -8.52184626452374e-14 -6.21472121600571e-14
 2.57556761084976e+06 -9.95600295488066e-14 -5.90277399210587e-14
 2.57970174826685e+06 -8.10279308685835e-14 -5.61966093867260e-14
 2.58383588568395e+06 -6.77579399155068e-14 -5.35974459500869e-14
 2.58797002310104e+06 -8.50308540992613e-14 -5.11754263216189e-14
 2.59210416051813e+06 -8.78044067408929e-14 -4.88813339674893e-14
 2.59623829793523e+06 -7.30707286467258e-14 -4.66751034853784e-14
 2.60037243535232e+06 -7.21066886308317e-14 -4.45286511990355e-14
 2.60450657276942e+06 -8.16713185855141e-14 -4.24278310491805e-14
 2.60864071018651e+06 -9.58793742860664e-14 -4.03734055397831e-14
 2.61277484760361e+06 -7.77932115324240e-14 -3.83809782482471e-14
 2.61690898502070e+06 -8.05955032602253e-14 -3.64798940014077e-14
 2.62104312243779e+06 -8.26946759166471e-14 -3.47111722589420e-14
 2.62517725985489e+06 -1.06485773472124e-13 -3.31245948936820e-14
 2.62931139727198e+06 -7.13329388202330e-14 -3.17751186605485e-14
 2.63344553468908e+06 -9.65356830993326e-14 -3.07188223674847e-14
 2.63757967210617e+06 -6.89487085306749e-14 -3.00086268319496e-14
 2.64171380952327e+06 -9.10647064055656e-14 -2.96900407572342e-14
 2.64584794694036e+06 -6.76305054871905e-14 -2.97971865785718e-14
 2.64998208435745e+06 -8.51586311633904e-14 -3.03493472846596e-14
 2.65411622177455e+06 -7.78223313780491e-14 -3.13482486070207e-14
 2.65825035919164e+06 -8.25230154256502e-14 -3.27762524696299e-14
 2.66238449660874e+06 -9.09735323530236e-14 -3.45955889515146e-14
 2.66651863402583e+06 -8.04454654639303e-14 -3.67486981799924e-14
 2.67065277144293e+06 -8.70353765442002e-14 -3.91596931951415e-14
 2.67478690886002e+06 -6.86072941997709e-14 -4.17368934174068e-14
 2.67892104627712e+06 -9.11119368166436e-14 -4.43763191132614e-14
 2.68305518369421e+06 -7.54024004824612e-14 -4.69659833875726e-14
 2.68718932111130e+06 -1.06044536630234e-13 -4.93907727028216e-14
 2.69132345852840e+06 -7.81255232924217e-14 -5.15376721662923e-14
 2.69545759594549e+06 -8.09531143478015e-14 -5.33010698279492e-14
 2.69959173336259e+06 -8.72271755306302e-14 -5.45878661139659e-14
 2.70372587077968e+06 -7.64582564530408e-14 -5.53221209087882e-14
 2.70786000819678e+06 -8.84194446240490e-14 -5.54489913026245e-14
 2.71199414561387e+06 -6.20356442211529e-14 -5.49377466674786e-14
 2.71612828303096e+06 -5.72509037148955e-14 -5.37836928242364e-14
 2.72026242044806e+06 -8.71741332131578e-14 -5.20088912107492e-14
 2.72439655786515e+06 -7.54670503450523e-14 -4.96616193608431e-14
 2.72853069528225e+06 -8.51313624884385e-14 -4.68145825619897e-14
 2.73266483269934e+06 -6.50123583140022e-14 -4.35619499197989e-14
 2.73679897011644e+06 -8.34204665715923e-14 -4.00153478999573e-14
 2.74093310753353e+06 -8.07389903098456e-14 -3.62989976867766e-14
 2.74506724495062e+06 -8.33937457562484e-14 -3.25442265728107e-14
 2.74920138236772e+06 -7.43193372638682e-14 -2.88836158552392e-14
 2.75333551978481e+06 -8.24451878270087e-14 -2.54450666000807e-14
 2.75746965720191e+06 -6.70024037677749e-14 -2.23460693633001e-14
 2.76160379461900e+06 -7.63703707830262e-14 -1.96884540677124e-14
 2.76573793203610e+06 -7.68633344776189e-14 -1.75538725262311e-14
 2.76987206945319e+06 -6.81978779224347e-14 -1.60002295712566e-14
 2.77400620687028e+06 -5.66697489750671e-14 -1.50592315807713e-14
 2.77814034428738e+06 -7.23296686644585e-14 -1.47351656110194e-14
 2.78227448170447e+06 -6.98805148121793e-14 -1.50049613623846e-14
 2.78640861912157e+06 -8.75059818467692e-14 -1.58195249426350e-14
 2.79054275653866e+06 -6.21069843115194e-14 -1.71062711230343e-14
 2.79467689395576e+06 -8.52480721726774e-14 -1.87727225648639e-14
 2.79881103137285e+06 -5.75187375985248e-14 -2.07109934432564e-14
 2.80294516878994e+06 -8.21490757090600e-14 -2.28029333630949e-14
 2.80707930620704e+06 -7.98407155633876e-14 -2.49256776899672e-14
 2.81121344362413e+06 -9.39555980904234e-14 -2.69573335660316e-14
 2.81534758104123e+06 -9.18451560151632e-14 -2.87825279493727e-14
 2.81948171845832e+06 -7.09834079667509e-14 -3.02975547298569e-14
 2.82361585587542e+06 -8.13672239652083e-14 -3.14148818560723e-14
 2.82774999329251e+06 -6.92624729336056e-14 -3.20668148909795e-14
 2.83188413070960e+06 -8.37494569309647e-14 -3.22081587044794e-14
 2.83601826812670e+06 -6.54856317281388e-14 -3.18177714785757e-14
 2.84015240554379e+06 -7.13580062677897e-14 -3.08989622104061e-14
 2.84428654296089e+06 -8.92881596493290e-14 -2.94787413748331e-14
 2.84842068037798e+06 -6.09733431812285e-14 -2.76059912909581e-14
 2.85255481779508e+06 -9.52758142490536e-14 -2.53486752397670e-14
 2.85668895521217e+06 -5.76992913827025e-14 -2.27902497727037e-14
 2.86082309262927e+06 -7.25452320955502e-14 -2.00254806580359e-14
 2.86495723004636e+06 -6.82051086349869e-14 -1.71558880199953e-14
 2.86909136746345e+06 -8.07746338543678e-14 -1.42850590924108e-14
 2.87322550488055e+06 -7.94032410398353e-14 -1.15140673609194e-14
 2.87735964229764e+06 -6.21116044111772e-14 -8.93722480090334e-15
 2.88149377971474e+06 -8.37793127198641e-14 -6.63837037112894e-15
 2.88562791713183e+06 -6.66704925630457e-14 -4.68786424696740e-15
 2.88976205454893e+06 -7.16681521085613e-14 -3.14041556901653e-15
 2.89389619196602e+06 -7.45135875517211e-14 -2.03382392996038e-15
 2.89803032938311e+06 -6.43057403129793e-14 -1.38866413156024e-15
 2.90216446680021e+06 -8.35138350130482e-14 -1.20889272479749e-15
 2.90629860421730e+06 -5.31007462718257e-14 -1.48330596207273e-15
 2.91043274163440e+06 -8.92980599917615e-14 -2.18773493754360e-15
 2.91456687905149e+06 -6.81903696665783e-14 -3.28782677324608e-15
 2.91870101646859e+06 -7.53352493073635e-14 -4.74223287928911e-15
 2.92283515388568e+06 -7.69920838514544e-14 -6.50600754389982e-15
 2.92696929130277e+06 -6.32630375103916e-14 -8.53401358409463e-15
 2.93110342871987e+06 -8.36174986568561e-14 -1.07841362081336e-14
 2.93523756613696e+06 -8.46184432136927e-14 -1.32201215639717e-14
 2.93937170355406e+06 -8.48754799574142e-14 -1.58138814201741e-14
 2.94350584097115e+06 -8.07109943660329e-14 -1.85471386199621e-14
 2.94763997838825e+06 -7.05180011342778e-14 -2.14123274344798e-14
 2.95177411580534e+06 -6.43545525637340e-14 -2.44127065541175e-14
 2.95590825322243e+06 -7.75947248801873e-14 -2.75616875789080e-14
 2.96004239063953e+06 -7.92530700219217e-14 -3.08814263176033e-14
 2.96417652805662e+06 -8.17829585820778e-14 -3.44007653870993e-14
 2.96831066547372e+06 -7.92834275809584e-14 -3.81526523760055e-14
 2.97244480289081e+06 -6.30137665539140e-14 -4.21711864729714e-14
 2.97657894030791e+06 -8.15079986668847e-14 -4.64884663503481e-14
 2.98071307772500e+06 -5.87861001496448e-14 -5.11314223920473e-14
 2.98484721514209e+06 -8.26127864257331e-14 -5.61188166132171e-14
 2.98898135255919e+06 -5.84461361592928e-14 -6.14585839103014e-14
 2.99311548997628e+06 -8.39269364476650e-14 -6.71456693576956e-14
 2.99724962739338e+06 -8.67261276388240e-14 -7.31604891015407e-14
 3.00138376481047e+06 -7.85535174414615e-14 -7.94681086929518e-14
 3.00551790222757e+06 -8.11263768832595e-14 -8.60181942749588e-14
 3.00965203964466e+06 -7.65277675101688e-14 -9.27457509196242e-14
 3.01378617706175e+06 -7.93031624897460e-14 -9.95726209829882e-14
 3.01792031447885e+06 -8.02535718083470e-14 -1.06409675620758e-13
 3.02205445189594e+06 -7.79357922290661e-14 -1.13159596771341e-13
 3.02618858931304e+06 -8.32968216616437e-14 -1.19720116805570e-13
 3.03032272673013e+06 -5.74902938107092e-14 -1.25987560101074e-13
 3.03445686414723e+06 -6.34691100981637e-14 -1.31860516189110e-13
 3.03859100156432e+06 -3.24844720315478e-14 -1.37243468475871e-13
 3.04272513898141e+06 -7.65359294128537e-14 -1.42050206011565e-13
 3.04685927639851e+06 -7.12841445670938e-14 -1.46206858051317e-13
 3.05099341381560e+06 -6.47244507500185e-14 -1.49654411527321e-13
 3.05512755123270e+06 -7.79922693883149e-14 -1.52350598674991e-13
 3.05926168864979e+06 -5.37315739168145e-14 -1.54271074607609e-13
 3.06339582606689e+06 -7.55563795146130e-14 -1.55409840714453e-13
 3.06752996348398e+06 -7.36914831154923e-14 -1.55778907438484e-13
 3.07166410090108e+06 -5.89862909203326e-14 -1.55407227380708e-13
 3.07579823831817e+06 -7.98618882712999e-14 -1.54338964764256e-13
 3.07993237573526e+06 -4.95775439038758e-14 -1.52631198320469e-13
 3.08406651315236e+06 -1.08492827262160e-13 -1.50351180224888e-13
 3.08820065056945e+06 -6.21454795855622e-14 -1.47573292351482e-13
 3.09233478798655e+06 -9.52418332702720e-14 -1.44375852356746e-13
 3.09646892540364e+06 -6.07803100220817e-14 -1.40837925230346e-13
 3.10060306282074e+06 -8.48913647016974e-14 -1.37036291118127e-13
 3.10473720023783e+06 -6.06513079168080e-14 -1.33042707926081e-13
 3.10887133765492e+06 -6.64250546098600e-14 -1.28921588048095e-13
 3.11300547507202e+06 -6.31730631050171e-14 -1.24728183999731e-13
 3.11713961248911e+06 -6.95829274715344e-14 -1.20507348859662e-13
 3.12127374990621e+06 -7.20614287012307e-14 -1.16292906048095e-13
 3.12540788732330e+06 -8.81094534252090e-14 -1.12107630787525e-13
 3.12954202474040e+06 -7.04086001021255e-14 -1.07963814126802e-13
 3.13367616215749e+06 -7.06870335700213e-14 -1.03864351494491e-13
 3.13781029957458e+06 -7.25760566187239e-14 -9.98042727245095e-14
 3.14194443699168e+06 -7.44399168872146e-14 -9.57726104657178e-14
 3.14607857440877e+06 -6.97752044969194e-14 -9.17544900514488e-14
 3.15021271182587e+06 -8.24415796765928e-14 -8.77333164780089e-14
 3.15434684924296e+06 -4.57201011319088e-14 -8.36929335228757e-14
 3.15848098666006e+06 -7.87546816399377e-14 -7.96196361517095e-14
 3.16261512407715e+06 -3.53838772118350e-14 -7.55039294175931e-14
 3.16674926149424e+06 -8.43480162225479e-14 -7.13419445329224e-14
 3.17088339891134e+06 -6.51204325954349e-14 -6.71364444229484e-14
 3.17501753632843e+06 -7.71560366856055e-14 -6.28973757205321e-14
 3.17915167374553e+06 -7.33393459187170e-14 -5.86419502568793e-14
 3.18328581116262e+06 -6.08355316878127e-14 -5.43942654339340e-14
 3.18741994857972e+06 -8.52835627282229e-14 -5.01844978353803e-14
 3.19155408599681e+06 -5.45339535894250e-14 -4.60477268050584e-14
 3.19568822341390e+06 -6.65720979169422e-14 -4.20224634372853e-14
 3.19982236083100e+06 -7.39719416119666e-14 -3.81489744320672e-14
 3.20395649824809e+06 -7.13890608744138e-14 -3.44674991149909e-14
 3.20809063566519e+06 -8.47063353301559e-14 -3.10164611343813e-14
 3.21222477308228e+06 -7.49529705330089e-14 -2.78307739723223e-14
 3.21635891049938e+06 -9.05339651891706e-14 -2.49403317244061e-14
 3.22049304791647e+06 -6.68672493337541e-14 -2.23687641349287e-14
 3.22462718533356e+06 -5.62659003308731e-14 -2.01325184181429e-14
 3.22876132275066e+06 -6.33142425732735e-14 -1.82403110348458e-14
 3.23289546016775e+06 -4.55138620006817e-14 -1.66929712592023e-14
 3.23702959758485e+06 -5.53580166333655e-14 -1.54836764703201e-14
 3.24116373500194e+06 -5.31602076201543e-14 -1.45985577142540e-14
 3.24529787241904e+06 -7.77530571933276e-14 -1.40176343324788e-14
 3.24943200983613e+06 -8.21505822166415e-14 -1.37160194593397e-14
 3.25356614725323e+06 -7.16944765757494e-14 -1.36653247362846e-14
 3.25770028467032e+06 -9.54279383823052e-14 -1.38351832719226e-14
 3.26183442208741e+06 -5.36625977270310e-14 -1.41948052707696e-14
 3.26596855950451e+06 -6.92688763766769e-14 -1.47144807310870e-14
 3.27010269692160e+06 -5.92476514361880e-14 -1.53669483449256e-14
 3.27423683433870e+06 -6.90262979234109e-14 -1.61285586669150e-14
 3.27837097175579e+06 -5.02189403520375e-14 -1.69801722310396e-14
 3.28250510917289e+06 -6.84302719688913e-14 -1.79077488485126e-14
 3.28663924658998e+06 -4.68119154788740e-14 -1.89026019576967e-14
 3.29077338400707e+06 -7.64309682210069e-14 -1.99613104657060e-14
 3.29490752142417e+06 -6.18028710860130e-14 -2.10852992413506e-14
 3.29904165884126e+06 -7.95058228311583e-14 -2.22801170707850e-14
 3.30317579625836e+06 -7.32147514197873e-14 -2.35544567610354e-14
 3.30730993367545e+06 -4.16684418938251e-14 -2.49189751942585e-14
 3.31144407109255e+06 -5.39123263191100e-14 -2.63849809380165e-14
 3.31557820850964e+06 -7.02530603389980e-14 -2.79630631593224e-14
 3.31971234592673e+06 -4.62375438237011e-14 -2.96617375904351e-14
 3.32384648334383e+06 -7.61292936845936e-14 -3.14861834015457e-14
 3.32798062076092e+06 -6.93672775663971e-14 -3.34371390802873e-14
 3.33211475817802e+06 -8.07207926400862e-14 -3.55100161567655e-14
 3.33624889559511e+06 -8.98695150239462e-14 -3.76942776255434e-14
 3.34038303301221e+06 -8.02440472465314e-14 -3.99731135663223e-14
 3.34451717042930e+06 -5.33241573999896e-14 -4.23234308575824e-14
 3.34865130784639e+06 -6.54004767888287e-14 -4.47161576470556e-14
 3.35278544526349e+06 -4.83544393621697e-14 -4.71168473510464e-14
 3.35691958268058e+06 -6.32647631125817e-14 -4.94865521379085e-14
 3.36105372009768e+06 -5.57535839975226e-14 -5.17829229101103e-14
 3.36518785751477e+06 -7.57848809802180e-14 -5.39614823295624e-14
 3.36932199493187e+06 -6.61933394835973e-14 -5.59770098542602e-14
 3.37345613234896e+06 -6.78054986691113e-14 -5.77849735165263e-14
 3.37759026976605e+06 -6.22552902184711e-14 -5.93429421753177e-14
 3.38172440718315e+06 -7.13770688748086e-14 -6.06119145326803e-14
 3.38585854460024e+06 -7.12966249799152e-14 -6.15575066098938e-14
 3.38999268201734e+06 -6.91134343657756e-14 -6.21509478182667e-14
 3.39412681943443e+06 -5.45847232728495e-14 -6.23698462412382e-14
 3.39826095685153e+06 -6.92449004242896e-14 -6.21986959885300e-14
 3.40239509426862e+06 -7.77894662468105e-14 -6.16291126665416e-14
 3.40652923168571e+06 -8.74100820637503e-14 -6.06597965172271e-14
 3.41066336910281e+06 -6.64010898837623e-14 -5.92962357987760e-14
 3.41479750651990e+06 -6.17637615368117e-14 -5.75501750507178e-14
 3.41893164393700e+06 -6.95973297559508e-14 -5.54388832298816e-14
 3.42306578135409e+06 -8.82979335313274e-14 -5.29842649682013e-14
 3.42719991877119e+06 -7.44651662732175e-14 -5.02118640595816e-14
 3.43133405618828e+06 -7.23205214945733e-14 -4.71498113601874e-14
 3.43546819360538e+06 -3.81423243148025e-14 -4.38277697262328e-14
 3.43960233102247e+06 -6.35252097811156e-14 -4.02759263432516e-14
 3.44373646843956e+06 -6.33457847445600e-14 -3.65240780304880e-14
 3.44787060585666e+06 -7.71181089985538e-14 -3.26008482845727e-14
 3.45200474327375e+06 -7.32403547861253e-14 -2.85330662309124e-14
 3.45613888069085e+06 -9.35635106419662e-14 -2.43453278767152e-14
 3.46027301810794e+06 -6.98638406933089e-14 -2.00597496372542e-14
 3.46440715552504e+06 -6.82514822233075e-14 -1.56959135335127e-14
 3.46854129294213e+06 -7.57464842658476e-14 -1.12709934204707e-14
 3.47267543035922e+06 -4.39569619817824e-14 -6.80004241515016e-15
 3.47680956777632e+06 -5.96473806051792e-14 -2.29641398469540e-15
 3.48094370519341e+06 -5.52397635016465e-14  2.22771686853230e-15
 3.48507784261051e+06 -3.74174675879827e-14  6.76076987799055e-15
 3.48921198002760e+06 -7.48621440222935e-14  1.12911526755795e-14
 3.49334611744470e+06 -4.54804839250682e-14  1.58066700019393e-14
 3.49748025486179e+06 -6.03834217358534e-14  2.02939857391993e-14
 3.50161439227888e+06 -4.60427668917249e-14  2.47381703906441e-14
 3.50574852969598e+06 -6.21603571027214e-14  2.91223607466125e-14
 3.50988266711307e+06 -6.94348130392447e-14  3.34275515047977e-14
 3.51401680453017e+06 -6.56664994754394e-14  3.76325307597189e-14
 3.51815094194726e+06 -6.61867420216616e-14  4.17139630770712e-14
 3.52228507936436e+06 -8.08162998048851e-14  4.56466157255421e-14
 3.52641921678145e+06 -7.38687723744009e-14  4.94037160206884e-14
 3.53055335419854e+06 -6.51987299792530e-14  5.29574210610123e-14
 3.53468749161564e+06 -6.13808613706509e-14  5.62793755690395e-14
 3.53882162903273e+06 -7.63111864406111e-14  5.93413296227717e-14
 3.54295576644983e+06 -7.17626541024411e-14  6.21157856394663e-14
 3.54708990386692e+06 -5.92187201186404e-14  6.45766434193095e-14
 3.55122404128402e+06 -8.34798252580288e-14  6.66998130865810e-14
 3.55535817870111e+06 -5.64204407186683e-14  6.84637684879171e-14
 3.55949231611820e+06 -5.63251971217671e-14  6.98500176946645e-14
 3.56362645353530e+06 -3.51153458057910e-14  7.08434724941044e-14
 3.56776059095239e+06 -5.23915556579707e-14  7.14327048289889e-14
 3.57189472836949e+06 -7.67610708984177e-14  7.16100846483298e-14
 3.57602886578658e+06 -5.67375121652759e-14  7.13718002730302e-14
 3.58016300320368e+06 -6.94422231047954e-14  7.07177686899268e-14
 3.58429714062077e+06 -4.51425537277533e-14  6.96514489035839e-14
 3.58843127803786e+06 -6.36966183917798e-14  6.81795762219572e-14
 3.59256541545496e+06 -3.96117224015321e-14  6.63118388856135e-14
 3.59669955287205e+06 -7.07883365840654e-14  6.40605206664517e-14
 3.60083369028915e+06 -5.44496764635427e-14  6.14401337176900e-14
 3.60496782770624e+06 -6.65889858860297e-14  5.84670651425426e-14
 3.60910196512334e+06 -4.96948265985035e-14  5.51592585454985e-14
 3.61323610254043e+06 -4.11950342332371e-14  5.15359481836541e-14
 3.61737023995752e+06 -3.37800477818018e-14  4.76174588231260e-14
 3.62150437737462e+06 -6.09468298643407e-14  4.34250788597474e-14
 3.62563851479171e+06 -4.86795958634552e-14  3.89810084529347e-14
 3.62977265220881e+06 -4.75547535825673e-14  3.43083782924905e-14
 3.63390678962590e+06 -7.35248409660045e-14  2.94313288922182e-14
 3.63804092704300e+06 -6.18289641674935e-14  2.43751350041292e-14
 3.64217506446009e+06 -5.46538422739581e-14  1.91663554854708e-14
 3.64630920187719e+06 -5.15520222862616e-14  1.38329857717162e-14
 3.65044333929428e+06 -4.99992022184542e-14  8.40458835211989e-15
 3.65457747671137e+06 -6.97254238134840e-14  2.91237644809709e-15
 3.65871161412847e+06 -6.02770214763622e-14 -2.61077256364691e-15
 3.66284575154556e+06 -4.86683568966779e-14 -8.13039451712388e-15
 3.66697988896266e+06 -5.12535200747210e-14 -1.36106228038297e-14
 3.67111402637975e+06 -7.49556540240840e-14 -1.90144902487142e-14
 3.67524816379685e+06 -6.70329787140387e-14 -2.43043525656673e-14
 3.67938230121394e+06 -5.94062681293076e-14 -2.94424301898376e-14
 3.68351643863103e+06 -2.14123787950088e-14 -3.43914578552819e-14
 3.68765057604813e+06 -7.03022294384513e-14 -3.91154239711402e-14
 3.69178471346522e+06 -5.19899385746975e-14 -4.35803751032543e-14
 3.69591885088232e+06 -5.81846579398683e-14 -4.77552550445864e-14
 3.70005298829941e+06 -5.07578999438448e-14 -5.16127434693054e-14
 3.70418712571651e+06 -6.44732146338926e-14 -5.51300562224926e-14
 3.70832126313360e+06 -6.95195569081230e-14 -5.82896682645144e-14
 3.71245540055069e+06 -5.86823751252087e-14 -6.10799211097842e-14
 3.71658953796779e+06 -4.95805150108657e-14 -6.34954795067284e-14
 3.72072367538488e+06 -5.75564120390744e-14 -6.55376069218529e-14
 3.72485781280198e+06 -6.66986523931790e-14 -6.72142359769040e-14
 3.72899195021907e+06 -7.27109410570281e-14 -6.85398181201287e-14
 3.73312608763617e+06 -2.27263028918497e-14 -6.95349460701187e-14
 3.73726022505326e+06 -5.16959113825984e-14 -7.02257526447431e-14
 3.74139436247035e+06 -5.11711645463604e-14 -7.06430998938666e-14
 3.74552849988745e+06 -4.08292626596595e-14 -7.08215825732398e-14
 3.74966263730454e+06 -6.73690809825832e-14 -7.07983793780923e-14
 3.75379677472164e+06 -3.97942652661482e-14 -7.06119935484367e-14
 3.75793091213873e+06 -5.73710829102267e-14 -7.03009309447141e-14
 3.76206504955583e+06 -6.30871666471450e-14 -6.99023682484571e-14
 3.76619918697292e+06 -5.84054259143968e-14 -6.94508660670218e-14
 3.77033332439001e+06 -6.42854158192555e-14 -6.89771814061209e-14
 3.77446746180711e+06 -3.28792343786912e-14 -6.85072311420863e-14
 3.77860159922420e+06 -6.92720608356998e-14 -6.80612526875586e-14
 3.78273573664130e+06 -5.83376891531807e-14 -6.76532003778522e-14
 3.78686987405839e+06 -9.58982582659138e-14 -6.72904064125290e-14
 3.79100401147549e+06 -4.93434020955413e-14 -6.69735238680296e-14
 3.79513814889258e+06 -5.04899263579992e-14 -6.66967569330846e-14
 3.79927228630967e+06 -6.44560289301370e-14 -6.64483705872103e-14
 3.80340642372677e+06 -4.74336754434323e-14 -6.62114591452892e-14
 3.80754056114386e+06 -7.18398256537187e-14 -6.59649409624494e-14
 3.81167469856096e+06 -5.29116865913636e-14 -6.56847358178249e-14
 3.81580883597805e+06 -4.11851327845230e-14 -6.53450725523104e-14
 3.81994297339515e+06 -4.62923360992143e-14 -6.49198679779265e-14
 3.82407711081224e+06 -6.08052249742762e-14 -6.43841141279512e-14
 3.82821124822934e+06 -5.86248593067813e-14 -6.37152100701299e-14
 3.83234538564643e+06 -5.49666278523800e-14 -6.28941765722627e-14
 3.83647952306352e+06 -4.83472443828029e-14 -6.19066970217056e-14
 3.84061366048062e+06 -6.04982634147674e-14 -6.07439359706213e-14
 3.84474779789771e+06 -7.35554627168641e-14 -5.94030970068520e-14
 3.84888193531481e+06 -5.43673374526319e-14 -5.78876940772420e-14
 3.85301607273190e+06 -6.33975637081798e-14 -5.62075241191806e-14
 3.85715021014900e+06 -5.71366939776112e-14 -5.43783434026420e-14
 3.86128434756609e+06 -5.73533347765459e-14 -5.24212645146560e-14
 3.86541848498318e+06 -5.61723787691104e-14 -5.03619047707705e-14
 3.86955262240028e+06 -6.00591562562834e-14 -4.82293292854029e-14
 3.87368675981737e+06 -4.72306938810423e-14 -4.60548422620862e-14
 3.87782089723447e+06 -6.68022885594499e-14 -4.38706879027655e-14
 3.88195503465156e+06 -5.29522661622658e-14 -4.17087269994926e-14
 3.88608917206866e+06 -6.24106261785828e-14 -3.95991567100224e-14
 3.89022330948575e+06 -5.42014579630177e-14 -3.75693389152836e-14
 3.89435744690284e+06 -5.32838172851446e-14 -3.56427971719861e-14
 3.89849158431994e+06 -6.01355326937885e-14 -3.38384335953008e-14
 3.90262572173703e+06 -4.04234488400398e-14 -3.21700057074444e-14
 3.90675985915413e+06 -5.08451133499662e-14 -3.06458896458146e-14
 3.91089399657122e+06 -7.26541421990520e-14 -2.92691410050242e-14
 3.91502813398832e+06 -5.65836316768487e-14 -2.80378487251119e-14
 3.91916227140541e+06 -5.33907163111010e-14 -2.69457614594304e-14
 3.92329640882250e+06 -4.43654564175639e-14 -2.59831510133525e-14
 3.92743054623960e+06 -7.42112652237031e-14 -2.51378639303883e-14
 3.93156468365669e+06 -4.33874286490621e-14 -2.43965015401281e-14
 3.93569882107379e+06 -5.82338616640118e-14 -2.37456607554879e-14
 3.93983295849088e+06 -5.87491461839931e-14 -2.31731635179510e-14
 3.94396709590798e+06 -5.22711929733297e-14 -2.26692021499337e-14
 3.94810123332507e+06 -4.41064622634707e-14 -2.22273310847083e-14
 3.95223537074216e+06 -5.38070912237815e-14 -2.18452425288887e-14
 3.95636950815926e+06 -4.64849719440657e-14 -2.15252740759500e-14
 3.96050364557635e+06 -8.88379125067114e-14 -2.12746098826622e-14
 3.96463778299345e+06 -4.53989018485358e-14 -2.11051528781198e-14
 3.96877192041054e+06 -8.50544001727489e-14 -2.10330629501572e-14
 3.97290605782764e+06 -5.75146704283863e-14 -2.10779742341361e-14
 3.97704019524473e+06 -6.59615089435261e-14 -2.12619224543802e-14
 3.98117433266182e+06 -6.70093612349128e-14 -2.16080300351915e-14
 3.98530847007892e+06 -5.28202474428803e-14 -2.21390112681160e-14
 3.98944260749601e+06 -6.05506080409694e-14 -2.28755715155992e-14
 3.99357674491311e+06 -3.29528437899017e-14 -2.38347825696339e-14
 3.99771088233020e+06 -5.59245263987743e-14 -2.50285203569150e-14
 4.00184501974730e+06 -2.78135553750466e-14 -2.64620508138897e-14
 4.00597915716439e+06 -3.82624024421225e-14 -2.81328450480342e-14
 4.01011329458148e+06 -7.68580438128558e-14 -3.00296958331172e-14
 4.01424743199858e+06 -3.74664362039693e-14 -3.21321945181584e-14
 4.01838156941567e+06 -5.84865872250736e-14 -3.44106111687605e-14
 4.02251570683277e+06 -3.56681728190959e-14 -3.68262018914995e-14
 4.02664984424986e+06 -6.52237160011025e-14 -3.93319468305972e-14
 4.03078398166696e+06 -3.91961682115814e-14 -4.18737012015356e-14
 4.03491811908405e+06 -3.34824266672557e-14 -4.43917210450729e-14
 4.03905225650115e+06 -5.87595739003307e-14 -4.68225061821690e-14
 4.04318639391824e+06 -4.72658036452861e-14 -4.91008861657968e-14
 4.04732053133533e+06 -7.00204851897604e-14 -5.11622616133118e-14
 4.05145466875243e+06 -5.72341772680733e-14 -5.29449041402378e-14
 4.05558880616952e+06 -4.39555706531423e-14 -5.43922133541610e-14
 4.05972294358662e+06 -6.32978728355130e-14 -5.54548297254515e-14
 4.06385708100371e+06 -5.11827073766046e-14 -5.60925072791833e-14
 4.06799121842081e+06 -6.55498535062087e-14 -5.62756600763741e-14
 4.07212535583790e+06 -3.93607382261678e-14 -5.59865106664653e-14
 4.07625949325499e+06 -3.89373149559926e-14 -5.52197866394866e-14
 4.08039363067209e+06 -5.71716066182899e-14 -5.39829319833344e-14
 4.08452776808918e+06 -4.96489174817823e-14 -5.22958224492638e-14
 4.08866190550628e+06 -5.99799245221957e-14 -5.01899971245477e-14
 4.09279604292337e+06 -3.65272193944330e-14 -4.77074410013060e-14
 4.09693018034047e+06 -5.23133176631248e-14 -4.48989742029567e-14
 4.10106431775756e+06 -5.93513224795164e-14 -4.18223218111055e-14
 4.10519845517465e+06 -4.88820265952086e-14 -3.85399527851784e-14
 4.10933259259175e+06 -4.66125515023651e-14 -3.51167867549944e-14
 4.11346673000884e+06 -2.72348683570557e-14 -3.16178728576400e-14
 4.11760086742594e+06 -3.45296549485697e-14 -2.81061449469321e-14
 4.12173500484303e+06 -5.87668561211109e-14 -2.46403526460852e-14
 4.12586914226013e+06 -6.46243910405391e-14 -2.12732578338386e-14
 4.13000327967722e+06 -3.86435869802188e-14 -1.80501719136737e-14
 4.13413741709431e+06 -4.06518629470273e-14 -1.50078913645858e-14
