#time(au), s(t), s(t) without exp(iwt)
 0.00000000000000e+01 -6.32160169333924e-17 -6.32160169333924e-17
 4.13413741709430e+03 -2.28737182334361e-17 -6.32160169333924e-17
 8.26827483418859e+03 -3.24285057174090e-16 -6.32160169333924e-17
 1.24024122512829e+04  1.39952916392761e-16 -6.32160169333924e-17
 1.65365496683772e+04 -1.74504457930283e-16 -6.32160169333924e-17
 2.06706870854715e+04 -1.81992766306947e-16 -6.32160169333924e-17
 2.48048245025658e+04 -4.11239069021762e-16 -6.32160169333924e-17
 2.89389619196601e+04 -1.35123992871048e-16 -6.32160169333924e-17
 3.30730993367544e+04  9.37907133262285e-16 -6.32160169333924e-17
 3.72072367538487e+04 -2.60443497699352e-16 -6.32160169333924e-17
 4.13413741709430e+04  2.22635528488748e-17 -6.32160169333924e-17
 4.54755115880372e+04 -4.59649526758228e-15 -6.32160169333924e-17
 4.96096490051315e+04 -1.73003898058303e-16 -6.32160169333924e-17
 5.37437864222258e+04 -3.69197515617475e-15 -6.32160169333924e-17
 5.78779238393201e+04 -1.28675676878450e-15 -6.32160169333924e-17
 6.20120612564144e+04  9.43783599791502e-17 -6.32160169333924e-17
 6.61461986735087e+04 -1.14272872745696e-15 -6.32160169333924e-17
 7.02803360906030e+04 -5.53988209709498e-16 -6.32160169333924e-17
 7.44144735076973e+04  1.51685280169852e-15 -6.32160169333924e-17
 7.85486109247916e+04  1.78986067146427e-15 -6.32160169333924e-17
 8.26827483418859e+04 -9.13593088013678e-16 -6.32160169333924e-17
 8.68168857589802e+04 -3.06133345493564e-15 -6.32160169333924e-17
 9.09510231760745e+04  8.81053850015892e-16 -6.32160169333924e-17
 9.50851605931688e+04 -3.73506782836586e-15 -6.32160169333924e-17
 9.92192980102631e+04  1.34221307417399e-15 -6.32160169333924e-17
 1.03353435427357e+05 -6.48331000689741e-15 -6.32160169333924e-17
 1.07487572844452e+05  3.88627614025050e-15 -6.32160169333924e-17
 1.11621710261546e+05 -3.98788666764019e-15 -6.32160169333924e-17
 1.15755847678640e+05  8.94150363246531e-16 -6.32160169333924e-17
 1.19889985095735e+05 -5.35593766713187e-15 -6.32160169333924e-17
 1.24024122512829e+05 -2.46407350694266e-15 -6.32160169333924e-17
 1.28158259929923e+05 -2.76341319126444e-15 -6.32160169333924e-17
 1.32292397347018e+05 -3.65269568299687e-15 -6.32160169333924e-17
 1.36426534764112e+05 -4.60036393672903e-15 -6.32160169333924e-17
 1.40560672181206e+05 -6.59505257944387e-15 -6.32160169333924e-17
 1.44694809598300e+05 -3.33177029229396e-16 -6.32160169333924e-17
 1.48828947015395e+05 -2.73407024524575e-15 -6.32160169333924e-17
 1.52963084432489e+05  1.68669382076801e-16 -6.32160169333924e-17
 1.57097221849583e+05 -7.69736966032175e-16 -6.32160169333924e-17
 1.61231359266678e+05 -4.76889805923786e-15 -6.32160169333924e-17
 1.65365496683772e+05 -7.47393525722295e-15 -6.32160169333924e-17
 1.69499634100866e+05 -7.48381524290401e-15 -6.32160169333924e-17
 1.73633771517960e+05 -6.20886306792130e-15 -6.32160169333924e-17
 1.77767908935055e+05 -5.93685620106199e-15 -6.32160169333924e-17
 1.81902046352149e+05 -1.86096965291424e-15 -6.32160169333924e-17
 1.86036183769243e+05  2.06460149822871e-15 -6.32160169333924e-17
 1.90170321186338e+05  4.81297502658373e-15 -6.32160169333924e-17
 1.94304458603432e+05  7.04049801023739e-15 -6.32160169333924e-17
 1.98438596020526e+05 -3.22413165653765e-15 -6.32160169333924e-17
 2.02572733437620e+05  5.15250618503482e-15 -6.32160169333924e-17
 2.06706870854715e+05 -1.95725748428653e-15 -6.32160169333924e-17
 2.10841008271809e+05 -2.51239627188593e-15 -6.32160169333924e-17
 2.14975145688903e+05 -5.42637314382639e-15 -6.32160169333924e-17
 2.19109283105998e+05 -2.78027545057937e-15 -6.32160169333924e-17
 2.23243420523092e+05 -2.54113116722390e-15 -6.32160169333924e-17
 2.27377557940186e+05  2.72465246418704e-15 -6.32160169333924e-17
 2.31511695357280e+05 -6.85542838324631e-16 -6.32160169333924e-17
 2.35645832774375e+05  1.49503775413516e-14 -6.32160169333924e-17
 2.39779970191469e+05 -3.67588317160276e-15 -6.32160169333924e-17
 2.43914107608563e+05  7.89373232603493e-15 -6.32160169333924e-17
 2.48048245025658e+05 -1.80398410323537e-14 -6.32160169333924e-17
 2.52182382442752e+05  1.33660916201424e-14 -6.32160169333924e-17
 2.56316519859846e+05 -1.76134860031946e-14 -6.32160169333924e-17
 2.60450657276940e+05 -4.54463901227040e-15 -6.32160169333924e-17
 2.64584794694035e+05 -5.99019756774658e-15 -6.32160169333924e-17
 2.68718932111129e+05  1.44592698179776e-15 -6.32160169333924e-17
 2.72853069528223e+05  1.74567790636473e-14 -6.32160169333924e-17
 2.76987206945318e+05  1.83522985270485e-15 -6.32160169333924e-17
 2.81121344362412e+05  4.08729233655091e-15 -6.32160169333924e-17
 2.85255481779506e+05  4.93162719154130e-15 -6.32160169333924e-17
 2.89389619196601e+05  1.27042451381183e-14 -6.32160169333924e-17
 2.93523756613695e+05 -2.58004446744202e-17 -6.32160169333924e-17
 2.97657894030789e+05 -1.56966496635528e-14 -6.32160169333924e-17
 3.01792031447884e+05  1.66216241684809e-14 -6.32160169333924e-17
 3.05926168864978e+05 -2.58517639221030e-15 -6.32160169333924e-17
 3.10060306282072e+05  1.32499362113664e-14 -6.32160169333924e-17
 3.14194443699167e+05 -2.59551657379107e-15 -6.32160169333924e-17
 3.18328581116261e+05  1.61989319171187e-14 -6.32160169333924e-17
 3.22462718533355e+05 -4.42787582834259e-15 -6.32160169333924e-17
 3.26596855950449e+05  1.06674026766467e-14 -6.32160169333924e-17
 3.30730993367544e+05 -7.29911286822359e-16 -6.32160169333924e-17
 3.34865130784638e+05  1.78623297050306e-14 -6.32160169333924e-17
 3.38999268201732e+05 -5.22655034202116e-15 -6.32160169333924e-17
 3.43133405618827e+05  1.58576096821854e-15 -6.32160169333924e-17
 3.47267543035921e+05 -2.20501870678048e-15 -6.32160169333924e-17
 3.51401680453015e+05  6.84901704335688e-15 -6.32160169333924e-17
 3.55535817870110e+05  1.07328561579643e-14 -6.32160169333924e-17
 3.59669955287204e+05  7.28237958904944e-15 -6.32160169333924e-17
 3.63804092704298e+05 -5.02293259493487e-15 -6.32160169333924e-17
 3.67938230121393e+05  2.68814824900117e-15 -6.32160169333924e-17
 3.72072367538487e+05  1.19400876595584e-16 -6.32160169333924e-17
 3.76206504955581e+05 -1.62007777348617e-15 -6.32160169333924e-17
 3.80340642372676e+05 -1.06090004474727e-14 -6.32160169333924e-17
 3.84474779789770e+05  1.45412793325397e-16 -6.32160169333924e-17
 3.88608917206864e+05  1.54959912930224e-14 -6.32160169333924e-17
 3.92743054623959e+05  1.32118635359394e-14 -6.32160169333924e-17
 3.96877192041053e+05  2.15164193220592e-14 -6.32160169333924e-17
 4.01011329458147e+05  2.29841995625531e-15 -6.32160169333924e-17
 4.05145466875241e+05  1.28771183932134e-14 -6.32160169333924e-17
 4.09279604292336e+05 -4.62169252860619e-15 -6.32160169333924e-17
 4.13413741709430e+05 -3.82543113958342e-15 -6.32160169333924e-17
 4.17547879126524e+05 -4.58637754300077e-15 -6.32160169333924e-17
 4.21682016543619e+05 -1.44729835440484e-15 -6.32160169333924e-17
 4.25816153960713e+05  7.99680768490052e-15 -6.32160169333924e-17
 4.29950291377807e+05  4.02692041937101e-15 -6.32160169333924e-17
 4.34084428794902e+05  1.18868953697395e-14 -6.32160169333924e-17
 4.38218566211996e+05  1.56355561764444e-14 -6.32160169333924e-17
 4.42352703629090e+05  9.74976396382850e-15 -6.32160169333924e-17
 4.46486841046185e+05  9.16286888379208e-16 -6.32160169333924e-17
 4.50620978463279e+05  1.06992027667947e-15 -6.32160169333924e-17
 4.54755115880373e+05  5.47655744995509e-15 -6.32160169333924e-17
 4.58889253297468e+05 -8.42591813250492e-15 -6.32160169333924e-17
 4.63023390714562e+05  4.14607562453648e-15 -6.32160169333924e-17
 4.67157528131656e+05 -1.07641745746319e-14 -6.32160169333924e-17
 4.71291665548751e+05  1.00025074481138e-14 -6.32160169333924e-17
 4.75425802965845e+05 -7.21179429563948e-15 -6.32160169333924e-17
 4.79559940382939e+05  9.64824156234362e-15 -6.32160169333924e-17
 4.83694077800033e+05  1.48863116784491e-14 -6.32160169333924e-17
 4.87828215217128e+05  6.48691261121197e-15 -6.32160169333924e-17
 4.91962352634222e+05 -2.12355415014228e-15 -6.32160169333924e-17
 4.96096490051316e+05 -3.69895918112730e-14 -6.32160169333924e-17
 5.00230627468411e+05 -1.09979273596527e-14 -6.32160169333924e-17
 5.04364764885505e+05 -2.01899871271821e-14 -6.32160169333924e-17
 5.08498902302599e+05 -5.61362732340002e-15 -6.32160169333924e-17
 5.12633039719694e+05 -9.48864309207901e-15 -6.32160169333924e-17
 5.16767177136788e+05  1.12329085137220e-15 -6.32160169333924e-17
 5.20901314553882e+05 -9.46000670154504e-15 -6.32160169333924e-17
 5.25035451970977e+05  1.10160412843881e-14 -6.32160169333924e-17
 5.29169589388071e+05 -5.39759494552074e-15 -6.32160169333924e-17
 5.33303726805165e+05  2.67875400353519e-15 -6.32160169333924e-17
 5.37437864222260e+05 -3.30488654785710e-15 -6.32160169333924e-17
 5.41572001639354e+05  2.69026315095641e-15 -6.32160169333924e-17
 5.45706139056448e+05  6.39015610131566e-15 -6.32160169333924e-17
 5.49840276473543e+05 -1.30346750383083e-15 -6.32160169333924e-17
 5.53974413890637e+05  1.16356136426481e-14 -6.32160169333924e-17
 5.58108551307731e+05  7.99959850910923e-15 -6.32160169333924e-17
 5.62242688724826e+05  3.26978908629416e-15 -6.32160169333924e-17
 5.66376826141920e+05  7.92488162759652e-15 -6.32160169333924e-17
 5.70510963559014e+05 -9.97843986124833e-15 -6.32160169333924e-17
 5.74645100976108e+05  7.32292658504560e-15 -6.32160169333924e-17
 5.78779238393203e+05 -2.28075352276881e-14 -6.32160169333924e-17
 5.82913375810297e+05 -1.88402093262662e-14 -6.32160169333924e-17
 5.87047513227391e+05 -2.37537324145626e-14 -6.32160169333924e-17
 5.91181650644486e+05 -2.74407943610386e-15 -6.32160169333924e-17
 5.95315788061580e+05 -1.63650325675572e-14 -6.32160169333924e-17
 5.99449925478674e+05 -2.40331959834326e-15 -6.32160169333924e-17
 6.03584062895769e+05 -1.94783129458184e-14 -6.32160169333924e-17
 6.07718200312863e+05  7.66778190693364e-15 -6.32160169333924e-17
 6.11852337729957e+05 -6.85366192890827e-15 -6.32160169333924e-17
 6.15986475147052e+05 -1.18565912911311e-14 -6.32160169333924e-17
 6.20120612564146e+05 -4.13200038292196e-14 -6.32160169333924e-17
 6.24254749981240e+05  5.93803570506987e-15 -6.32160169333924e-17
 6.28388887398335e+05 -5.03378790610022e-15 -6.32160169333924e-17
 6.32523024815429e+05 -8.20297575725206e-16 -6.32160169333924e-17
 6.36657162232523e+05  3.06974745426824e-15 -6.32160169333924e-17
 6.40791299649618e+05  7.04357679229463e-15 -6.32160169333924e-17
 6.44925437066712e+05  1.48730383987906e-14 -6.32160169333924e-17
 6.49059574483806e+05  6.35290648391852e-15 -6.32160169333924e-17
 6.53193711900900e+05 -1.05198515474029e-14 -6.32160169333924e-17
 6.57327849317995e+05  2.57975821190696e-14 -6.32160169333924e-17
 6.61461986735089e+05  2.34646810162891e-15 -6.32160169333924e-17
 6.65596124152183e+05  9.47381648616217e-15 -6.32160169333924e-17
 6.69730261569278e+05 -1.78961212542362e-14 -6.32160169333924e-17
 6.73864398986372e+05  2.34141133015210e-14 -6.32160169333924e-17
 6.77998536403466e+05  1.30151078784375e-16 -6.32160169333924e-17
 6.82132673820561e+05  1.21368359595794e-15 -6.32160169333924e-17
 6.86266811237655e+05 -1.52966957900175e-14 -6.32160169333924e-17
 6.90400948654749e+05  1.46666674195077e-14 -6.32160169333924e-17
 6.94535086071844e+05 -8.32721683055888e-15 -6.32160169333924e-17
 6.98669223488938e+05 -1.79738130299954e-14 -6.32160169333924e-17
 7.02803360906032e+05 -2.82656574019674e-14 -6.32160169333924e-17
 7.06937498323127e+05 -2.69149382950254e-15 -6.32160169333924e-17
 7.11071635740221e+05  1.08357135329327e-14 -6.32160169333924e-17
 7.15205773157315e+05 -7.74428677652869e-16 -6.32160169333924e-17
 7.19339910574410e+05  5.70083763967711e-15 -6.32160169333924e-17
 7.23474047991504e+05 -7.61153813893459e-16 -6.32160169333924e-17
 7.27608185408598e+05  2.28303887695306e-14 -6.32160169333924e-17
 7.31742322825692e+05  7.74761499227287e-15 -6.32160169333924e-17
 7.35876460242787e+05  4.06732578239913e-15 -6.32160169333924e-17
 7.40010597659881e+05 -5.21297684671810e-16 -6.32160169333924e-17
 7.44144735076975e+05 -1.22668551997306e-14 -6.32160169333924e-17
 7.48278872494070e+05  4.82597892766757e-15 -6.32160169333924e-17
 7.52413009911164e+05 -1.67911561918926e-14 -6.32160169333924e-17
 7.56547147328258e+05  9.38504370590732e-15 -6.32160169333924e-17
 7.60681284745353e+05  4.92431781746497e-15 -6.32160169333924e-17
 7.64815422162447e+05 -5.99325753595840e-15 -6.32160169333924e-17
 7.68949559579541e+05  3.92987384551648e-15 -6.32160169333924e-17
 7.73083696996636e+05 -5.39543420550182e-16 -6.32160169333924e-17
 7.77217834413730e+05  8.18992059837220e-15 -6.32160169333924e-17
 7.81351971830824e+05 -1.19030871890724e-14 -6.32160169333924e-17
 7.85486109247919e+05 -5.31559427649574e-15 -6.32160169333924e-17
 7.89620246665013e+05  1.54241404115364e-14 -6.32160169333924e-17
 7.93754384082107e+05  3.32195384739686e-15 -6.32160169333924e-17
 7.97888521499202e+05  6.56096408751998e-15 -6.32160169333924e-17
 8.02022658916296e+05  5.20946241750879e-15 -6.32160169333924e-17
 8.06156796333390e+05 -4.08405895617513e-15 -6.32160169333924e-17
 8.10290933750484e+05  3.24870078768674e-15 -6.32160169333924e-17
 8.14425071167579e+05 -4.03778466084223e-15 -6.32160169333924e-17
 8.18559208584673e+05 -4.41784066868236e-15 -6.32160169333924e-17
 8.22693346001767e+05 -1.15613954980055e-14 -6.32160169333924e-17
 8.26827483418862e+05  8.60662228736759e-15 -6.32160169333924e-17
 8.30961620835956e+05 -1.14116604319242e-14 -6.32160169333924e-17
 8.35095758253050e+05 -9.87729364762597e-15 -6.32160169333924e-17
 8.39229895670145e+05 -5.14862839761973e-16 -6.32160169333924e-17
 8.43364033087239e+05  1.18400980097587e-15 -6.32160169333924e-17
 8.47498170504333e+05  9.74953043389614e-15 -6.32160169333924e-17
 8.51632307921428e+05 -1.00511711878141e-14 -6.32160169333924e-17
 8.55766445338522e+05 -1.41216076938822e-14 -6.32160169333924e-17
 8.59900582755616e+05  1.00221664544109e-14 -6.32160169333924e-17
 8.64034720172711e+05  1.22041718955393e-14 -6.32160169333924e-17
 8.68168857589805e+05 -2.59167349816359e-14 -6.32160169333924e-17
 8.72302995006899e+05  2.06410066594641e-14 -6.32160169333924e-17
 8.76437132423994e+05 -1.31635382376291e-14 -6.32160169333924e-17
 8.80571269841088e+05 -2.34103940693832e-16 -6.32160169333924e-17
 8.84705407258182e+05  1.72459980978347e-14 -6.32160169333924e-17
 8.88839544675276e+05  3.99454275888861e-15 -6.32160169333924e-17
 8.92973682092371e+05  1.24109030261475e-14 -6.32160169333924e-17
 8.97107819509465e+05 -3.36353108044005e-14 -6.32160169333924e-17
 9.01241956926559e+05  6.70799341146940e-15 -6.32160169333924e-17
 9.05376094343654e+05 -7.93380794948163e-15 -6.32160169333924e-17
 9.09510231760748e+05  1.16667680570681e-14 -6.32160169333924e-17
 9.13644369177842e+05  1.65294814902903e-14 -6.32160169333924e-17
 9.17778506594937e+05 -3.01846204816655e-14 -6.32160169333924e-17
 9.21912644012031e+05  5.92466874477865e-17 -6.32160169333924e-17
 9.26046781429125e+05 -1.62841515168774e-14 -6.32160169333924e-17
 9.30180918846220e+05  8.38461522649232e-15 -6.32160169333924e-17
 9.34315056263314e+05 -7.70075769599154e-16 -6.32160169333924e-17
 9.38449193680408e+05 -1.90590432615137e-14 -6.32160169333924e-17
 9.42583331097503e+05  4.87844398670501e-16 -6.32160169333924e-17
 9.46717468514597e+05  1.17872165581423e-14 -6.32160169333924e-17
 9.50851605931691e+05  5.78243141602623e-15 -6.32160169333924e-17
 9.54985743348786e+05 -2.53035455127765e-15 -6.32160169333924e-17
 9.59119880765880e+05 -2.33008406455572e-14 -6.32160169333924e-17
 9.63254018182974e+05  4.53291872117573e-15 -6.32160169333924e-17
 9.67388155600069e+05  4.82650042668412e-15 -6.32160169333924e-17
 9.71522293017163e+05  1.01636280334888e-14 -6.32160169333924e-17
 9.75656430434257e+05  1.19187948765226e-15 -6.32160169333924e-17
 9.79790567851351e+05  2.23803660733922e-15 -6.32160169333924e-17
 9.83924705268446e+05  2.54923988788757e-14 -6.32160169333924e-17
 9.88058842685540e+05  1.72003906206461e-14 -6.32160169333924e-17
 9.92192980102634e+05  7.94993618421995e-15 -6.32160169333924e-17
 9.96327117519729e+05  2.23811181370406e-15 -6.32160169333924e-17
 1.00046125493682e+06  1.29897196987896e-14 -6.32160169333924e-17
 1.00459539235392e+06  1.07767185939582e-14 -6.32160169333924e-17
 1.00872952977101e+06 -1.32719582002437e-14 -6.32160169333924e-17
 1.01286366718811e+06  3.12185655831435e-15 -6.32160169333924e-17
 1.01699780460520e+06  6.66651640810984e-15 -6.32160169333924e-17
 1.02113194202229e+06 -2.48411337966316e-14 -6.32160169333924e-17
 1.02526607943939e+06 -5.13351379667944e-15 -6.32160169333924e-17
 1.02940021685648e+06 -8.34294656012782e-16 -6.32160169333924e-17
 1.03353435427358e+06  1.06816703306257e-14 -6.32160169333924e-17
 1.03766849169067e+06  1.45182016873153e-14 -6.32160169333924e-17
 1.04180262910777e+06 -1.11026990034943e-14 -6.32160169333924e-17
 1.04593676652486e+06  1.71353118926151e-14 -6.32160169333924e-17
 1.05007090394195e+06  5.20826935379662e-16 -6.32160169333924e-17
 1.05420504135905e+06 -2.86216624762533e-15 -6.32160169333924e-17
 1.05833917877614e+06  4.19838627683417e-15 -6.32160169333924e-17
 1.06247331619324e+06  1.84803895458056e-14 -6.32160169333924e-17
 1.06660745361033e+06  4.03420696030344e-14 -6.32160169333924e-17
 1.07074159102743e+06  1.09427649118389e-14 -6.32160169333924e-17
 1.07487572844452e+06  1.59828539464627e-14 -6.32160169333924e-17
 1.07900986586161e+06 -1.72715148440144e-14 -6.32160169333924e-17
 1.08314400327871e+06 -7.06440422468801e-16 -6.32160169333924e-17
 1.08727814069580e+06  7.12195685801700e-15 -6.32160169333924e-17
 1.09141227811290e+06 -1.75837686910558e-14 -6.32160169333924e-17
 1.09554641552999e+06  1.61758431388892e-14 -6.32160169333924e-17
 1.09968055294709e+06  1.39823910980419e-14 -6.32160169333924e-17
 1.10381469036418e+06  1.32160184008859e-14 -6.32160169333924e-17
 1.10794882778128e+06  8.48990917619079e-15 -6.32160169333924e-17
 1.11208296519837e+06  1.10348082135328e-16 -6.32160169333924e-17
 1.11621710261546e+06  5.03683148057424e-15 -6.32160169333924e-17
 1.12035124003256e+06 -1.51888376469831e-14 -6.32160169333924e-17
 1.12448537744965e+06  1.23390924351349e-14 -6.32160169333924e-17
 1.12861951486675e+06 -2.43848084677685e-15 -6.32160169333924e-17
 1.13275365228384e+06 -3.77728662588949e-15 -6.32160169333924e-17
 1.13688778970094e+06 -1.32616309988156e-14 -6.32160169333924e-17
 1.14102192711803e+06 -3.54169662415352e-15 -6.32160169333924e-17
 1.14515606453512e+06  9.23652710440465e-16 -6.32160169333924e-17
 1.14929020195222e+06  1.78582586624961e-14 -6.32160169333924e-17
 1.15342433936931e+06 -1.02774761794493e-15 -6.32160169333924e-17
 1.15755847678641e+06  4.06927345036316e-15 -6.32160169333924e-17
 1.16169261420350e+06  1.80729666712206e-14 -6.32160169333924e-17
 1.16582675162060e+06 -1.07880245659183e-15 -6.32160169333924e-17
 1.16996088903769e+06 -6.51050627304526e-15 -6.32160169333924e-17
 1.17409502645478e+06 -6.43177246976984e-15 -6.32160169333924e-17
 1.17822916387188e+06 -9.81730096036339e-16 -6.32160169333924e-17
 1.18236330128897e+06  2.80929748917565e-14 -6.32160169333924e-17
 1.18649743870607e+06  1.28591799399620e-14 -6.32160169333924e-17
 1.19063157612316e+06  3.17121746312612e-15 -6.32160169333924e-17
 1.19476571354026e+06 -2.27482954500863e-15 -6.32160169333924e-17
 1.19889985095735e+06 -3.66783652816737e-15 -6.32160169333924e-17
 1.20303398837444e+06 -7.29417655999624e-15 -6.32160169333924e-17
 1.20716812579154e+06 -7.20659392695580e-15 -6.32160169333924e-17
 1.21130226320863e+06 -1.46859255482440e-14 -6.32160169333924e-17
 1.21543640062573e+06 -1.86781356330098e-15 -6.32160169333924e-17
 1.21957053804282e+06  9.45254905015604e-15 -6.32160169333924e-17
 1.22370467545992e+06 -6.40440905438885e-15 -6.32160169333924e-17
 1.22783881287701e+06 -4.04550242084758e-15 -6.32160169333924e-17
 1.23197295029410e+06 -1.57216231965269e-14 -6.32160169333924e-17
 1.23610708771120e+06 -2.01115769465725e-15 -6.32160169333924e-17
 1.24024122512829e+06  1.35005323762829e-14 -6.32160169333924e-17
 1.24437536254539e+06  1.39433961952971e-14 -6.32160169333924e-17
 1.24850949996248e+06  2.30468779273681e-14 -6.32160169333924e-17
 1.25264363737958e+06 -2.78126744521008e-14 -6.32160169333924e-17
 1.25677777479667e+06 -1.40899308274088e-14 -6.32160169333924e-17
 1.26091191221376e+06 -6.94037837244217e-15 -6.32160169333924e-17
 1.26504604963086e+06  5.07979558351873e-15 -6.32160169333924e-17
 1.26918018704795e+06  2.36245556359478e-16 -6.32160169333924e-17
 1.27331432446505e+06  3.64651182766394e-15 -6.32160169333924e-17
 1.27744846188214e+06 -1.46670228845584e-14 -6.32160169333924e-17
 1.28158259929924e+06 -1.24869217035736e-14 -6.32160169333924e-17
 1.28571673671633e+06 -5.16570190717417e-15 -6.32160169333924e-17
 1.28985087413343e+06 -1.16439462458881e-14 -6.32160169333924e-17
 1.29398501155052e+06 -2.26654513893204e-14 -6.32160169333924e-17
 1.29811914896761e+06 -3.39943874926756e-15 -6.32160169333924e-17
 1.30225328638471e+06 -1.30644600786140e-14 -6.32160169333924e-17
 1.30638742380180e+06  1.06174244025797e-14 -6.32160169333924e-17
 1.31052156121890e+06 -4.44434526583793e-15 -6.32160169333924e-17
 1.31465569863599e+06 -7.67918030361749e-15 -6.32160169333924e-17
 1.31878983605309e+06 -1.95899940236969e-14 -6.32160169333924e-17
 1.32292397347018e+06 -6.99057434718023e-15 -6.32160169333924e-17
 1.32705811088727e+06  3.09366172916862e-15 -6.32160169333924e-17
 1.33119224830437e+06 -1.34608821590294e-14 -6.32160169333924e-17
 1.33532638572146e+06 -8.77624372025935e-15 -6.32160169333924e-17
 1.33946052313856e+06 -3.78465346948344e-15 -6.32160169333924e-17
 1.34359466055565e+06 -2.19516891042428e-14 -6.32160169333924e-17
 1.34772879797275e+06 -1.81716177053515e-15 -6.32160169333924e-17
 1.35186293538984e+06 -2.79079299007563e-14 -6.32160169333924e-17
 1.35599707280693e+06  4.64672619190425e-15 -6.32160169333924e-17
 1.36013121022403e+06 -5.32276955311746e-16 -6.32160169333924e-17
 1.36426534764112e+06 -1.11744526261386e-14 -6.32160169333924e-17
 1.36839948505822e+06 -1.48851452843718e-14 -6.32160169333924e-17
 1.37253362247531e+06 -3.99884018425689e-15 -6.32160169333924e-17
 1.37666775989241e+06  6.31607206506951e-16 -6.32160169333924e-17
 1.38080189730950e+06 -2.20330550623546e-14 -6.32160169333924e-17
 1.38493603472659e+06 -1.93481907760345e-14 -6.32160169333924e-17
 1.38907017214369e+06 -4.69029396615870e-15 -6.32160169333924e-17
 1.39320430956078e+06  5.50523673714996e-15 -6.32160169333924e-17
 1.39733844697788e+06  4.40875503474324e-15 -6.32160169333924e-17
 1.40147258439497e+06 -9.08275418926331e-16 -6.32160169333924e-17
 1.40560672181207e+06  3.37261950563868e-15 -6.32160169333924e-17
 1.40974085922916e+06  7.24226349432109e-15 -6.32160169333924e-17
 1.41387499664625e+06  4.10126195385429e-15 -6.32160169333924e-17
 1.41800913406335e+06 -2.62805823442991e-15 -6.32160169333924e-17
 1.42214327148044e+06  4.10975712616892e-15 -6.32160169333924e-17
 1.42627740889754e+06 -4.11944172024459e-15 -6.32160169333924e-17
 1.43041154631463e+06  1.23171774076700e-14 -6.32160169333924e-17
 1.43454568373173e+06  1.97469008186722e-15 -6.32160169333924e-17
 1.43867982114882e+06  2.13859642461074e-14 -6.32160169333924e-17
 1.44281395856591e+06  4.78173747436969e-15 -6.32160169333924e-17
 1.44694809598301e+06  1.72612725288806e-14 -6.32160169333924e-17
 1.45108223340010e+06 -1.48441226421678e-15 -6.32160169333924e-17
 1.45521637081720e+06 -1.09015864286743e-14 -6.32160169333924e-17
 1.45935050823429e+06  1.01978352455596e-14 -6.32160169333924e-17
 1.46348464565139e+06 -1.33122252672026e-14 -6.32160169333924e-17
 1.46761878306848e+06 -2.36569651706548e-14 -6.32160169333924e-17
 1.47175292048557e+06  2.38328562065405e-15 -6.32160169333924e-17
 1.47588705790267e+06 -1.93969826875131e-14 -6.32160169333924e-17
 1.48002119531976e+06  1.84191857165368e-15 -6.32160169333924e-17
 1.48415533273686e+06  2.07754462702025e-14 -6.32160169333924e-17
 1.48828947015395e+06  7.66136793929999e-16 -6.32160169333924e-17
 1.49242360757105e+06  1.52725453742487e-14 -6.32160169333924e-17
 1.49655774498814e+06 -1.03112962486214e-14 -6.32160169333924e-17
 1.50069188240524e+06  1.10774410718115e-14 -6.32160169333924e-17
 1.50482601982233e+06 -1.44164404572905e-15 -6.32160169333924e-17
 1.50896015723942e+06  1.68049382647470e-14 -6.32160169333924e-17
 1.51309429465652e+06  1.92009865916336e-14 -6.32160169333924e-17
 1.51722843207361e+06  9.77708560053518e-15 -6.32160169333924e-17
 1.52136256949071e+06  2.00395919983098e-14 -6.32160169333924e-17
 1.52549670690780e+06  3.09943409390928e-14 -6.32160169333924e-17
 1.52963084432490e+06  2.15505760665681e-14 -6.32160169333924e-17
 1.53376498174199e+06 -1.00446226200749e-14 -6.32160169333924e-17
 1.53789911915908e+06  8.65001633596146e-16 -6.32160169333924e-17
 1.54203325657618e+06  1.80689400753269e-15 -6.32160169333924e-17
 1.54616739399327e+06  2.14587829343853e-15 -6.32160169333924e-17
 1.55030153141037e+06 -2.97889208695247e-15 -6.32160169333924e-17
 1.55443566882746e+06 -2.41582095794842e-16 -6.32160169333924e-17
 1.55856980624456e+06  1.46712098298684e-14 -6.32160169333924e-17
 1.56270394366165e+06  5.08797710287358e-15 -6.32160169333924e-17
 1.56683808107874e+06  5.69387040557880e-15 -6.32160169333924e-17
 1.57097221849584e+06 -3.38243152495292e-15 -6.32160169333924e-17
 1.57510635591293e+06  6.71167066401675e-15 -6.32160169333924e-17
 1.57924049333003e+06 -1.55170378630544e-14 -6.32160169333924e-17
 1.58337463074712e+06  5.73848231558187e-16 -6.32160169333924e-17
 1.58750876816422e+06  1.34094069855759e-14 -6.32160169333924e-17
 1.59164290558131e+06 -2.58855048259558e-14 -6.32160169333924e-17
 1.59577704299840e+06  7.31925612148304e-15 -6.32160169333924e-17
 1.59991118041550e+06 -7.97092825559564e-15 -6.32160169333924e-17
 1.60404531783259e+06  1.61360130931594e-14 -6.32160169333924e-17
 1.60817945524969e+06  1.42792356510635e-14 -6.32160169333924e-17
 1.61231359266678e+06 -1.10715938335942e-14 -6.32160169333924e-17
 1.61644773008388e+06  8.15549828681463e-15 -6.32160169333924e-17
 1.62058186750097e+06 -2.17177020425609e-14 -6.32160169333924e-17
 1.62471600491806e+06  1.57813221339720e-14 -6.32160169333924e-17
 1.62885014233516e+06  1.75301547799604e-14 -6.32160169333924e-17
 1.63298427975225e+06 -1.80288850437984e-14 -6.32160169333924e-17
 1.63711841716935e+06  3.91513348228964e-15 -6.32160169333924e-17
 1.64125255458644e+06 -9.38884668991441e-15 -6.32160169333924e-17
 1.64538669200354e+06  3.88305587017012e-14 -6.32160169333924e-17
 1.64952082942063e+06 -1.99564375206062e-14 -6.32160169333924e-17
 1.65365496683772e+06  6.64132201598981e-15 -6.32160169333924e-17
 1.65778910425482e+06 -1.39293530077863e-14 -6.32160169333924e-17
 1.66192324167191e+06  1.05653630841934e-14 -6.32160169333924e-17
 1.66605737908901e+06 -1.19204577284485e-14 -6.32160169333924e-17
 1.67019151650610e+06  6.48841723457397e-16 -6.32160169333924e-17
 1.67432565392320e+06  1.45253058047898e-15 -6.32160169333924e-17
 1.67845979134029e+06  3.19699527455706e-15 -6.32160169333924e-17
 1.68259392875739e+06  1.96032965232618e-14 -6.32160169333924e-17
 1.68672806617448e+06  1.50961554828736e-14 -6.32160169333924e-17
 1.69086220359157e+06 -5.38896948299511e-15 -6.32160169333924e-17
 1.69499634100867e+06 -1.00082078918801e-14 -6.32160169333924e-17
 1.69913047842576e+06 -6.64375772410957e-15 -6.32160169333924e-17
 1.70326461584286e+06 -9.18518248921071e-15 -6.32160169333924e-17
 1.70739875325995e+06 -7.43154298017258e-15 -6.32160169333924e-17
 1.71153289067705e+06 -7.06762379997666e-15 -6.32160169333924e-17
 1.71566702809414e+06 -7.23674300198010e-16 -6.32160169333924e-17
 1.71980116551123e+06  1.58614643947207e-15 -6.32160169333924e-17
 1.72393530292833e+06 -2.05744072550700e-14 -6.32160169333924e-17
 1.72806944034542e+06  8.19488180585811e-16 -6.32160169333924e-17
 1.73220357776252e+06 -9.10609038723322e-15 -6.32160169333924e-17
 1.73633771517961e+06 -6.95706257071409e-15 -6.32160169333924e-17
 1.74047185259671e+06 -9.91032559978833e-15 -6.32160169333924e-17
 1.74460599001380e+06 -3.39122572905260e-15 -6.32160169333924e-17
 1.74874012743089e+06 -6.73308625821096e-15 -6.32160169333924e-17
 1.75287426484799e+06  6.83435708918982e-15 -6.32160169333924e-17
 1.75700840226508e+06  7.83766064404783e-15 -6.32160169333924e-17
 1.76114253968218e+06  1.69414437933186e-14 -6.32160169333924e-17
 1.76527667709927e+06 -4.53079677658559e-15 -6.32160169333924e-17
 1.76941081451637e+06  2.29519345936175e-14 -6.32160169333924e-17
 1.77354495193346e+06  2.01593023184586e-15 -6.32160169333924e-17
 1.77767908935055e+06  1.15187870265481e-14 -6.32160169333924e-17
 1.78181322676765e+06 -2.60877364866195e-15 -6.32160169333924e-17
 1.78594736418474e+06 -2.38533412405684e-15 -6.32160169333924e-17
 1.79008150160184e+06  3.22782356970425e-16 -6.32160169333924e-17
 1.79421563901893e+06 -1.88889439267383e-14 -6.32160169333924e-17
 1.79834977643603e+06  9.94040729777440e-15 -6.32160169333924e-17
 1.80248391385312e+06 -2.54263542274763e-15 -6.32160169333924e-17
 1.80661805127021e+06  1.94392059139110e-14 -6.32160169333924e-17
 1.81075218868731e+06 -1.90445556200636e-14 -6.32160169333924e-17
 1.81488632610440e+06 -1.78039725056501e-14 -6.32160169333924e-17
 1.81902046352150e+06  5.86496151671756e-15 -6.32160169333924e-17
 1.82315460093859e+06  1.33012398387842e-15 -6.32160169333924e-17
 1.82728873835569e+06  7.43215332474907e-15 -6.32160169333924e-17
 1.83142287577278e+06 -1.03611526867743e-14 -6.32160169333924e-17
 1.83555701318987e+06  4.20374965679680e-15 -6.32160169333924e-17
 1.83969115060697e+06 -5.42154943074248e-15 -6.32160169333924e-17
 1.84382528802406e+06  1.58944908929116e-14 -6.32160169333924e-17
 1.84795942544116e+06 -4.41312293083332e-15 -6.32160169333924e-17
 1.85209356285825e+06 -1.30435406459068e-14 -6.32160169333924e-17
 1.85622770027535e+06  1.53381169598008e-14 -6.32160169333924e-17
 1.86036183769244e+06 -2.75851515066806e-15 -6.32160169333924e-17
 1.86449597510954e+06  6.97443300069058e-15 -6.32160169333924e-17
 1.86863011252663e+06  2.81037785312511e-16 -6.32160169333924e-17
 1.87276424994372e+06 -1.42650426357543e-14 -6.32160169333924e-17
 1.87689838736082e+06 -9.46848722943957e-15 -6.32160169333924e-17
 1.88103252477791e+06  8.56214479016442e-15 -6.32160169333924e-17
 1.88516666219501e+06  2.70298673421762e-14 -6.32160169333924e-17
 1.88930079961210e+06 -1.29552129091744e-14 -6.32160169333924e-17
 1.89343493702920e+06 -1.56401618058970e-14 -6.32160169333924e-17
 1.89756907444629e+06 -7.37039174676731e-15 -6.32160169333924e-17
 1.90170321186338e+06 -2.05222124290872e-14 -6.32160169333924e-17
 1.90583734928048e+06  9.24356598258707e-15 -6.32160169333924e-17
 1.90997148669757e+06 -2.42447111168065e-14 -6.32160169333924e-17
 1.91410562411467e+06 -9.29022797480119e-15 -6.32160169333924e-17
 1.91823976153176e+06  4.60592971607053e-16 -6.32160169333924e-17
 1.92237389894886e+06  3.92427281570513e-15 -6.32160169333924e-17
 1.92650803636595e+06 -1.18544862568514e-14 -6.32160169333924e-17
 1.93064217378304e+06 -2.99589502031165e-15 -6.32160169333924e-17
 1.93477631120014e+06 -3.93555914966151e-16 -6.32160169333924e-17
 1.93891044861723e+06 -6.26385829447773e-15 -6.32160169333924e-17
 1.94304458603433e+06  2.11897330131468e-14 -6.32160169333924e-17
 1.94717872345142e+06 -5.18922650056196e-15 -6.32160169333924e-17
 1.95131286086852e+06  8.05895626577546e-15 -6.32160169333924e-17
 1.95544699828561e+06 -1.70007971895482e-14 -6.32160169333924e-17
 1.95958113570270e+06  2.36544397484452e-14 -6.32160169333924e-17
 1.96371527311980e+06  6.78695612195338e-15 -6.32160169333924e-17
 1.96784941053689e+06 -5.43532124493544e-15 -6.32160169333924e-17
 1.97198354795399e+06 -1.31600885028289e-15 -6.32160169333924e-17
 1.97611768537108e+06  7.23906892435548e-16 -6.32160169333924e-17
 1.98025182278818e+06  9.87598983630455e-15 -6.32160169333924e-17
 1.98438596020527e+06  1.25823154712633e-14 -6.32160169333924e-17
 1.98852009762236e+06 -5.42636743580086e-15 -6.32160169333924e-17
 1.99265423503946e+06 -1.58228783657948e-14 -6.32160169333924e-17
 1.99678837245655e+06 -6.84692572471699e-15 -6.32160169333924e-17
 2.00092250987365e+06  1.56681860170182e-14 -6.32160169333924e-17
 2.00505664729074e+06 -1.83805596205911e-14 -6.32160169333924e-17
 2.00919078470784e+06  9.32978977536430e-15 -6.32160169333924e-17
 2.01332492212493e+06 -1.31093275686026e-14 -6.32160169333924e-17
 2.01745905954202e+06  1.74916144997952e-14 -6.32160169333924e-17
 2.02159319695912e+06 -8.08543475819110e-15 -6.32160169333924e-17
 2.02572733437621e+06 -6.90725800702506e-15 -6.32160169333924e-17
 2.02986147179331e+06 -6.22031686767327e-15 -6.32160169333924e-17
 2.03399560921040e+06  8.31285259348144e-15 -6.32160169333924e-17
 2.03812974662750e+06 -1.77477436066650e-15 -6.32160169333924e-17
 2.04226388404459e+06 -2.27913197721398e-15 -6.32160169333924e-17
 2.04639802146168e+06 -1.52985878414009e-14 -6.32160169333924e-17
 2.05053215887878e+06 -1.94447511569139e-14 -6.32160169333924e-17
 2.05466629629587e+06 -9.03771775441474e-15 -6.32160169333924e-17
 2.05880043371297e+06  1.34744686268041e-14 -6.32160169333924e-17
 2.06293457113006e+06 -1.65998377778077e-14 -6.32160169333924e-17
 2.06706870854716e+06  1.54727992633470e-14 -6.32160169333924e-17
 2.07120284596425e+06 -1.28032308022135e-14 -6.32160169333924e-17
 2.07533698338135e+06  2.35892577088959e-14 -6.32160169333924e-17
 2.07947112079844e+06 -1.20796209787090e-14 -6.32160169333924e-17
 2.08360525821553e+06  6.82724893453684e-15 -6.32160169333924e-17
 2.08773939563263e+06 -1.16344620466683e-14 -6.32160169333924e-17
 2.09187353304972e+06 -9.12589361716885e-16 -6.32160169333924e-17
 2.09600767046682e+06 -1.85504416805359e-15 -6.32160169333924e-17
 2.10014180788391e+06 -1.22089529593183e-14 -6.32160169333924e-17
 2.10427594530101e+06 -5.13976411961834e-15 -6.32160169333924e-17
 2.10841008271810e+06  5.65177424614914e-15 -6.32160169333924e-17
 2.11254422013519e+06 -2.55190803389306e-15 -6.32160169333924e-17
 2.11667835755229e+06  1.38119956917214e-14 -6.32160169333924e-17
 2.12081249496938e+06 -8.60746774819855e-15 -6.32160169333924e-17
 2.12494663238648e+06 -8.27314216692826e-15 -6.32160169333924e-17
 2.12908076980357e+06 -1.44763853361993e-14 -6.32160169333924e-17
 2.13321490722067e+06  8.92731162117798e-16 -6.32160169333924e-17
 2.13734904463776e+06 -1.08450655175287e-14 -6.32160169333924e-17
 2.14148318205485e+06  4.48749832110641e-15 -6.32160169333924e-17
 2.14561731947195e+06  4.03011483837464e-15 -6.32160169333924e-17
 2.14975145688904e+06 -7.15450561243909e-15 -6.32160169333924e-17
 2.15388559430614e+06 -1.04364468296281e-14 -6.32160169333924e-17
 2.15801973172323e+06  1.79489232578415e-14 -6.32160169333924e-17
 2.16215386914033e+06  1.77253175177267e-14 -6.32160169333924e-17
 2.16628800655742e+06  2.75179376856216e-15 -6.32160169333924e-17
 2.17042214397451e+06 -3.32752105724786e-14 -6.32160169333924e-17
 2.17455628139161e+06 -5.93135083933022e-15 -6.32160169333924e-17
 2.17869041880870e+06 -3.95885201633106e-15 -6.32160169333924e-17
 2.18282455622580e+06  6.79228356480391e-15 -6.32160169333924e-17
 2.18695869364289e+06 -7.85493215018055e-15 -6.32160169333924e-17
 2.19109283105999e+06  1.57453466347531e-14 -6.32160169333924e-17
 2.19522696847708e+06  1.47043746706219e-14 -6.32160169333924e-17
 2.19936110589417e+06  1.40051777055291e-14 -6.32160169333924e-17
 2.20349524331127e+06 -2.53807623992829e-16 -6.32160169333924e-17
 2.20762938072836e+06 -2.16974376781680e-15 -6.32160169333924e-17
 2.21176351814546e+06  3.46765608113566e-15 -6.32160169333924e-17
 2.21589765556255e+06  9.73568745373371e-15 -6.32160169333924e-17
 2.22003179297965e+06 -1.36998220625191e-14 -6.32160169333924e-17
 2.22416593039674e+06  2.45541513956870e-14 -6.32160169333924e-17
 2.22830006781383e+06  8.76468750095612e-16 -6.32160169333924e-17
 2.23243420523093e+06  2.86441517898484e-16 -6.32160169333924e-17
 2.23656834264802e+06 -1.24386975823628e-14 -6.32160169333924e-17
 2.24070248006512e+06  1.39291676681360e-14 -6.32160169333924e-17
 2.24483661748221e+06  1.02728565443814e-14 -6.32160169333924e-17
 2.24897075489931e+06 -1.05219796599861e-14 -6.32160169333924e-17
 2.25310489231640e+06 -1.99910801443915e-14 -6.32160169333924e-17
 2.25723902973349e+06  1.09448913715040e-14 -6.32160169333924e-17
 2.26137316715059e+06  3.96147712838285e-16 -6.32160169333924e-17
 2.26550730456768e+06  2.47768325436249e-14 -6.32160169333924e-17
 2.26964144198478e+06  8.30357579013145e-15 -6.32160169333924e-17
 2.27377557940187e+06  1.20813554771321e-14 -6.32160169333924e-17
 2.27790971681897e+06  2.34347858857614e-14 -6.32160169333924e-17
 2.28204385423606e+06  1.84814375774948e-14 -6.32160169333924e-17
 2.28617799165316e+06  2.83289429982102e-15 -6.32160169333924e-17
 2.29031212907025e+06 -7.88099989107882e-15 -6.32160169333924e-17
 2.29444626648734e+06  3.76001766511146e-15 -6.32160169333924e-17
 2.29858040390444e+06 -2.07422816388400e-15 -6.32160169333924e-17
 2.30271454132153e+06 -1.60536225973804e-14 -6.32160169333924e-17
 2.30684867873863e+06  1.47190154031407e-14 -6.32160169333924e-17
 2.31098281615572e+06  4.35866729295543e-15 -6.32160169333924e-17
 2.31511695357282e+06  2.30214346844482e-14 -6.32160169333924e-17
 2.31925109098991e+06  2.16852404373370e-14 -6.32160169333924e-17
 2.32338522840700e+06  4.20489431755918e-15 -6.32160169333924e-17
 2.32751936582410e+06  2.58702084576675e-15 -6.32160169333924e-17
 2.33165350324119e+06 -3.82868454907771e-15 -6.32160169333924e-17
 2.33578764065829e+06  9.73004147214065e-16 -6.32160169333924e-17
 2.33992177807538e+06  8.65959184845361e-15 -6.32160169333924e-17
 2.34405591549248e+06 -2.30936258677518e-14 -6.32160169333924e-17
 2.34819005290957e+06 -1.83871122635957e-15 -6.32160169333924e-17
 2.35232419032666e+06 -2.05283860199533e-14 -6.32160169333924e-17
 2.35645832774376e+06  2.93927541106405e-14 -6.32160169333924e-17
 2.36059246516085e+06 -2.64165929714495e-15 -6.32160169333924e-17
 2.36472660257795e+06  5.10401958476244e-15 -6.32160169333924e-17
 2.36886073999504e+06 -2.39044797681619e-16 -6.32160169333924e-17
 2.37299487741214e+06 -6.20393909270695e-16 -6.32160169333924e-17
 2.37712901482923e+06 -7.41652764304781e-15 -6.32160169333924e-17
 2.38126315224632e+06 -3.14152170009330e-15 -6.32160169333924e-17
 2.38539728966342e+06 -9.36596920606973e-15 -6.32160169333924e-17
 2.38953142708051e+06  2.06806574725264e-15 -6.32160169333924e-17
 2.39366556449761e+06  1.64143566388629e-14 -6.32160169333924e-17
 2.39779970191470e+06  2.35177884344946e-14 -6.32160169333924e-17
 2.40193383933180e+06  3.26327968147952e-15 -6.32160169333924e-17
 2.40606797674889e+06 -9.35283409123560e-15 -6.32160169333924e-17
 2.41020211416598e+06 -2.60207883596555e-15 -6.32160169333924e-17
 2.41433625158308e+06 -1.20961179241769e-15 -6.32160169333924e-17
 2.41847038900017e+06 -3.46464094876076e-15 -6.32160169333924e-17
 2.42260452641727e+06 -2.48578696395377e-14 -6.32160169333924e-17
 2.42673866383436e+06 -1.02942710032401e-14 -6.32160169333924e-17
 2.43087280125146e+06  8.90304186369297e-15 -6.32160169333924e-17
 2.43500693866855e+06 -1.31865766856571e-14 -6.32160169333924e-17
 2.43914107608564e+06  1.84501663819533e-14 -6.32160169333924e-17
 2.44327521350274e+06 -1.55193634680240e-14 -6.32160169333924e-17
 2.44740935091983e+06  1.21600380187397e-14 -6.32160169333924e-17
 2.45154348833693e+06 -2.38181019727539e-14 -6.32160169333924e-17
 2.45567762575402e+06  6.90441266774514e-15 -6.32160169333924e-17
 2.45981176317112e+06 -1.03901449505247e-14 -6.32160169333924e-17
 2.46394590058821e+06 -8.09606280693974e-16 -6.32160169333924e-17
 2.46808003800530e+06 -3.73459740610393e-16 -6.32160169333924e-17
 2.47221417542240e+06 -4.41066351361636e-15 -6.32160169333924e-17
 2.47634831283949e+06  1.72867192878666e-15 -6.32160169333924e-17
 2.48048245025659e+06  1.00691071700377e-14 -6.32160169333924e-17
 2.48461658767368e+06  5.39433190107016e-15 -6.32160169333924e-17
 2.48875072509078e+06 -4.55782646218772e-15 -6.32160169333924e-17
 2.49288486250787e+06  3.16073253411459e-15 -6.32160169333924e-17
 2.49701899992497e+06 -8.49060670806261e-15 -6.32160169333924e-17
 2.50115313734206e+06 -1.32242728895329e-15 -6.32160169333924e-17
 2.50528727475915e+06 -1.64726968703134e-14 -6.32160169333924e-17
 2.50942141217625e+06 -6.11764357677618e-15 -6.32160169333924e-17
 2.51355554959334e+06  6.68171182374911e-16 -6.32160169333924e-17
 2.51768968701044e+06  6.65738177846951e-15 -6.32160169333924e-17
 2.52182382442753e+06  2.24501071857100e-14 -6.32160169333924e-17
 2.52595796184463e+06 -1.10454171902263e-14 -6.32160169333924e-17
 2.53009209926172e+06  2.29133499833673e-14 -6.32160169333924e-17
 2.53422623667881e+06 -1.41111209813858e-14 -6.32160169333924e-17
 2.53836037409591e+06  1.01282920297661e-14 -6.32160169333924e-17
 2.54249451151300e+06 -1.91581295065956e-14 -6.32160169333924e-17
 2.54662864893010e+06 -5.97923847658676e-15 -6.32160169333924e-17
 2.55076278634719e+06 -3.21672258159013e-15 -6.32160169333924e-17
 2.55489692376429e+06 -1.29295701408375e-14 -6.32160169333924e-17
 2.55903106118138e+06  3.10454506943307e-16 -6.32160169333924e-17
 2.56316519859847e+06  7.46877319566967e-15 -6.32160169333924e-17
 2.56729933601557e+06  3.68240252018295e-15 -6.32160169333924e-17
 2.57143347343266e+06 -3.32362601303224e-15 -6.32160169333924e-17
 2.57556761084976e+06 -1.77443917540730e-14 -6.32160169333924e-17
 2.57970174826685e+06  7.08374019653305e-16 -6.32160169333924e-17
 2.58383588568395e+06  1.38988992103405e-14 -6.32160169333924e-17
 2.58797002310104e+06 -3.45361238410125e-15 -6.32160169333924e-17
 2.59210416051813e+06 -6.30689288254608e-15 -6.32160169333924e-17
 2.59623829793523e+06  8.34692810510423e-15 -6.32160169333924e-17
 2.60037243535232e+06  9.23098295738039e-15 -6.32160169333924e-17
 2.60450657276942e+06 -4.13759029986920e-16 -6.32160169333924e-17
 2.60864071018651e+06 -1.47020524551205e-14 -6.32160169333924e-17
 2.61277484760361e+06  3.30374806117803e-15 -6.32160169333924e-17
 2.61690898502070e+06  4.20970752295734e-16 -6.32160169333924e-17
 2.62104312243779e+06 -1.75880966473793e-15 -6.32160169333924e-17
 2.62517725985489e+06 -2.56306359981010e-14 -6.32160169333924e-17
 2.62931139727198e+06  9.44135001181745e-15 -6.32160169333924e-17
 2.63344553468908e+06 -1.58423616214818e-14 -6.32160169333924e-17
 2.63757967210617e+06  1.16635280242311e-14 -6.32160169333924e-17
 2.64171380952327e+06 -1.05336712013603e-14 -6.32160169333924e-17
 2.64584794694036e+06  1.28192130713854e-14 -6.32160169333924e-17
 2.64998208435745e+06 -4.79034341350975e-15 -6.32160169333924e-17
 2.65411622177455e+06  2.46441252080252e-15 -6.32160169333924e-17
 2.65825035919164e+06 -2.31792729629393e-15 -6.32160169333924e-17
 2.66238449660874e+06 -1.08502107990131e-14 -6.32160169333924e-17
 2.66651863402583e+06 -4.04020182684444e-16 -6.32160169333924e-17
 2.67065277144293e+06 -7.07591612779806e-15 -6.32160169333924e-17
 2.67478690886002e+06  1.12700738595229e-14 -6.32160169333924e-17
 2.67892104627712e+06 -1.13167675119631e-14 -6.32160169333924e-17
 2.68305518369421e+06  4.31046475820117e-15 -6.32160169333924e-17
 2.68718932111130e+06 -2.64140796774316e-14 -6.32160169333924e-17
 2.69132345852840e+06  1.42242222878446e-15 -6.32160169333924e-17
 2.69545759594549e+06 -1.48778232512669e-15 -6.32160169333924e-17
 2.69959173336259e+06 -7.84455800379309e-15 -6.32160169333924e-17
 2.70372587077968e+06  2.84154664416302e-15 -6.32160169333924e-17
 2.70786000819678e+06 -9.20255482908146e-15 -6.32160169333924e-17
 2.71199414561387e+06  1.70982344558704e-14 -6.32160169333924e-17
 2.71612828303096e+06  2.17998670781254e-14 -6.32160169333924e-17
 2.72026242044806e+06 -8.20656602405233e-15 -6.32160169333924e-17
 2.72439655786515e+06  3.41721856360437e-15 -6.32160169333924e-17
 2.72853069528225e+06 -6.33048550058016e-15 -6.32160169333924e-17
 2.73266483269934e+06  1.37050341435148e-14 -6.32160169333924e-17
 2.73679897011644e+06 -4.78665022658367e-15 -6.32160169333924e-17
 2.74093310753353e+06 -2.18884063541231e-15 -6.32160169333924e-17
 2.74506724495062e+06 -4.92735229472294e-15 -6.32160169333924e-17
 2.74920138236772e+06  4.06321145908441e-15 -6.32160169333924e-17
 2.75333551978481e+06 -4.14657136158785e-15 -6.32160169333924e-17
 2.75746965720191e+06  1.12121939265750e-14 -6.32160169333924e-17
 2.76160379461900e+06  1.76012262283632e-15 -6.32160169333924e-17
 2.76573793203610e+06  1.18297012067458e-15 -6.32160169333924e-17
 2.76987206945319e+06  9.76415434087161e-15 -6.32160169333924e-17
 2.77400620687028e+06  2.12079284096516e-14 -6.32160169333924e-17
 2.77814034428738e+06  5.46357227870851e-15 -6.32160169333924e-17
 2.78227448170447e+06  7.82820910602021e-15 -6.32160169333924e-17
 2.78640861912157e+06 -9.88185456541181e-15 -6.32160169333924e-17
 2.79054275653866e+06  1.54324676895223e-14 -6.32160169333924e-17
 2.79467689395576e+06 -7.79337313397682e-15 -6.32160169333924e-17
 2.79881103137285e+06  1.98511317564935e-14 -6.32160169333924e-17
 2.80294516878994e+06 -4.86411180702810e-15 -6.32160169333924e-17
 2.80707930620704e+06 -2.64073192969612e-15 -6.32160169333924e-17
 2.81121344362413e+06 -1.68406685955270e-14 -6.32160169333924e-17
 2.81534758104123e+06 -1.48153535882388e-14 -6.32160169333924e-17
 2.81948171845832e+06  5.96119539941259e-15 -6.32160169333924e-17
 2.82361585587542e+06 -4.50789071852714e-15 -6.32160169333924e-17
 2.82774999329251e+06  7.51152006278054e-15 -6.32160169333924e-17
 2.83188413070960e+06 -7.06087339118959e-15 -6.32160169333924e-17
 2.83601826812670e+06  1.11174740695020e-14 -6.32160169333924e-17
 2.84015240554379e+06  5.15955441511587e-15 -6.32160169333924e-17
 2.84428654296089e+06 -1.28562105412630e-14 -6.32160169333924e-17
 2.84842068037798e+06  1.53729288016742e-14 -6.32160169333924e-17
 2.85255481779508e+06 -1.90152840422012e-14 -6.32160169333924e-17
 2.85668895521217e+06  1.84754332976421e-14 -6.32160169333924e-17
 2.86082309262927e+06  3.54362420166901e-15 -6.32160169333924e-17
 2.86495723004636e+06  7.79781731381100e-15 -6.32160169333924e-17
 2.86909136746345e+06 -4.85769933245739e-15 -6.32160169333924e-17
 2.87322550488055e+06 -3.57235814175970e-15 -6.32160169333924e-17
 2.87735964229764e+06  1.36331675414018e-14 -6.32160169333924e-17
 2.88149377971474e+06 -8.12071015852915e-15 -6.32160169333924e-17
 2.88562791713183e+06  8.90188303055830e-15 -6.32160169333924e-17
 2.88976205454893e+06  3.81793980499846e-15 -6.32160169333924e-17
 2.89389619196602e+06  8.86164836365185e-16 -6.32160169333924e-17
 2.89803032938311e+06  1.10076175572019e-14 -6.32160169333924e-17
 2.90216446680021e+06 -8.28692579830222e-15 -6.32160169333924e-17
 2.90629860421730e+06  2.20396609971904e-14 -6.32160169333924e-17
 2.91043274163440e+06 -1.42442071103099e-14 -6.32160169333924e-17
 2.91456687905149e+06  6.77687722352883e-15 -6.32160169333924e-17
 2.91870101646859e+06 -4.54659170965987e-16 -6.32160169333924e-17
 2.92283515388568e+06 -2.19820040129239e-15 -6.32160169333924e-17
 2.92696929130277e+06  1.14440901519322e-14 -6.32160169333924e-17
 2.93110342871987e+06 -8.99717505728342e-15 -6.32160169333924e-17
 2.93523756613696e+06 -1.00849711313143e-14 -6.32160169333924e-17
 2.93937170355406e+06 -1.04289060297532e-14 -6.32160169333924e-17
 2.94350584097115e+06 -6.35136441339798e-15 -6.32160169333924e-17
 2.94763997838825e+06  3.75463982934809e-15 -6.32160169333924e-17
 2.95177411580534e+06  9.83105520423854e-15 -6.32160169333924e-17
 2.95590825322243e+06 -3.49619371035909e-15 -6.32160169333924e-17
 2.96004239063953e+06 -5.24165805734639e-15 -6.32160169333924e-17
 2.96417652805662e+06 -7.85870763410375e-15 -6.32160169333924e-17
 2.96831066547372e+06 -5.44637866922626e-15 -6.32160169333924e-17
 2.97244480289081e+06  1.07360400880958e-14 -6.32160169333924e-17
 2.97657894030791e+06 -7.84547374535079e-15 -6.32160169333924e-17
 2.98071307772500e+06  1.47891043793966e-14 -6.32160169333924e-17
 2.98484721514209e+06 -9.12494018268193e-15 -6.32160169333924e-17
 2.98898135255919e+06  1.49543146752701e-14 -6.32160169333924e-17
 2.99311548997628e+06 -1.06139173767032e-14 -6.32160169333924e-17
 2.99724962739338e+06 -1.35005759207074e-14 -6.32160169333924e-17
 3.00138376481047e+06 -5.41546790599965e-15 -6.32160169333924e-17
 3.00551790222757e+06 -8.07586360081733e-15 -6.32160169333924e-17
 3.00965203964466e+06 -3.56482379803946e-15 -6.32160169333924e-17
 3.01378617706175e+06 -6.42782091805826e-15 -6.32160169333924e-17
 3.01792031447885e+06 -7.46586419977438e-15 -6.32160169333924e-17
 3.02205445189594e+06 -5.23574966268836e-15 -6.32160169333924e-17
 3.02618858931304e+06 -1.06844744775213e-14 -6.32160169333924e-17
 3.03032272673013e+06  1.50343283872120e-14 -6.32160169333924e-17
 3.03445686414723e+06  8.96775824058274e-15 -6.32160169333924e-17
 3.03859100156432e+06  3.98646143018741e-14 -6.32160169333924e-17
 3.04272513898141e+06 -4.27465250324401e-15 -6.32160169333924e-17
 3.04685927639851e+06  8.89296219753613e-16 -6.32160169333924e-17
 3.05099341381560e+06  7.36112793305820e-15 -6.32160169333924e-17
 3.05512755123270e+06 -5.99457807534663e-15 -6.32160169333924e-17
 3.05926168864979e+06  1.81782054692201e-14 -6.32160169333924e-17
 3.06339582606689e+06 -3.73453590483498e-15 -6.32160169333924e-17
 3.06752996348398e+06 -1.95759842745231e-15 -6.32160169333924e-17
 3.07166410090108e+06  1.26596124002245e-14 -6.32160169333924e-17
 3.07579823831817e+06 -8.30398806360426e-15 -6.32160169333924e-17
 3.07993237573526e+06  2.18923321342009e-14 -6.32160169333924e-17
 3.08406651315236e+06 -3.71109957583354e-14 -6.32160169333924e-17
 3.08820065056945e+06  9.14828770651732e-15 -6.32160169333924e-17
 3.09233478798655e+06 -2.40361491864170e-14 -6.32160169333924e-17
 3.09646892540364e+06  1.03372725385002e-14 -6.32160169333924e-17
 3.10060306282074e+06 -1.38619013068311e-14 -6.32160169333924e-17
 3.10473720023783e+06  1.02900193482803e-14 -6.32160169333924e-17
 3.10887133765492e+06  4.42812022988484e-15 -6.32160169333924e-17
 3.11300547507202e+06  7.59194367815508e-15 -6.32160169333924e-17
 3.11713961248911e+06  1.09389628933208e-15 -6.32160169333924e-17
 3.12127374990621e+06 -1.47280227094784e-15 -6.32160169333924e-17
 3.12540788732330e+06 -1.76090379767177e-14 -6.32160169333924e-17
 3.12954202474040e+06  3.59136789423098e-18 -6.32160169333924e-17
 3.13367616215749e+06 -3.63078428842400e-16 -6.32160169333924e-17
 3.13781029957458e+06 -2.34034950570947e-15 -6.32160169333924e-17
 3.14194443699168e+06 -4.29246885924340e-15 -6.32160169333924e-17
 3.14607857440877e+06  2.83974024791326e-16 -6.32160169333924e-17
 3.15021271182587e+06 -1.24706804407529e-14 -6.32160169333924e-17
 3.15434684924296e+06  2.41625096710101e-14 -6.32160169333924e-17
 3.15848098666006e+06 -8.96036778623829e-15 -6.32160169333924e-17
 3.16261512407715e+06  3.43221318029498e-14 -6.32160169333924e-17
 3.16674926149424e+06 -1.47303193104291e-14 -6.32160169333924e-17
 3.17088339891134e+06  4.40894556816182e-15 -6.32160169333924e-17
 3.17501753632843e+06 -7.71498329703892e-15 -6.32160169333924e-17
 3.17915167374553e+06 -3.98662271482190e-15 -6.32160169333924e-17
 3.18328581116262e+06  8.42885653096801e-15 -6.32160169333924e-17
 3.18741994857972e+06 -1.61075136846013e-14 -6.32160169333924e-17
 3.19155408599681e+06  1.45537526916137e-14 -6.32160169333924e-17
 3.19568822341390e+06  2.42726261823240e-15 -6.32160169333924e-17
 3.19982236083100e+06 -5.06092920648204e-15 -6.32160169333924e-17
 3.20395649824809e+06 -2.56639838621828e-15 -6.32160169333924e-17
 3.20809063566519e+06 -1.59720239538261e-14 -6.32160169333924e-17
 3.21222477308228e+06 -6.30701087276539e-15 -6.32160169333924e-17
 3.21635891049938e+06 -2.19763572640109e-14 -6.32160169333924e-17
 3.22049304791647e+06  1.60200742428283e-15 -6.32160169333924e-17
 3.22462718533356e+06  1.21150064064069e-14 -6.32160169333924e-17
 3.22876132275066e+06  4.97831586772095e-15 -6.32160169333924e-17
 3.23289546016775e+06  2.26903504457862e-14 -6.32160169333924e-17
 3.23702959758485e+06  1.27578526907953e-14 -6.32160169333924e-17
 3.24116373500194e+06  1.48673220239419e-14 -6.32160169333924e-17
 3.24529787241904e+06 -9.81386321986573e-15 -6.32160169333924e-17
 3.24943200983613e+06 -1.42997193435213e-14 -6.32160169333924e-17
 3.25356614725323e+06 -3.93193967004111e-15 -6.32160169333924e-17
 3.25770028467032e+06 -2.77537217564958e-14 -6.32160169333924e-17
 3.26183442208741e+06  1.39233048623081e-14 -6.32160169333924e-17
 3.26596855950451e+06 -1.77128102668985e-15 -6.32160169333924e-17
 3.27010269692160e+06  8.16164401874681e-15 -6.32160169333924e-17
 3.27423683433870e+06 -1.70529447556337e-15 -6.32160169333924e-17
 3.27837097175579e+06  1.70137795238749e-14 -6.32160169333924e-17
 3.28250510917289e+06 -1.28582669119201e-15 -6.32160169333924e-17
 3.28663924658998e+06  2.02442647123142e-14 -6.32160169333924e-17
 3.29077338400707e+06 -9.46304307313275e-15 -6.32160169333924e-17
 3.29490752142417e+06  5.07680959683459e-15 -6.32160169333924e-17
 3.29904165884126e+06 -1.27143755057456e-14 -6.32160169333924e-17
 3.30317579625836e+06 -6.51152582110513e-15 -6.32160169333924e-17
 3.30730993367545e+06  2.49465741350159e-14 -6.32160169333924e-17
 3.31144407109255e+06  1.26144928147206e-14 -6.32160169333924e-17
 3.31557820850964e+06 -3.81442490563518e-15 -6.32160169333924e-17
 3.31971234592673e+06  2.01129216192176e-14 -6.32160169333924e-17
 3.32384648334383e+06 -9.86698401175874e-15 -6.32160169333924e-17
 3.32798062076092e+06 -3.19310893030042e-15 -6.32160169333924e-17
 3.33211475817802e+06 -1.46347498030248e-14 -6.32160169333924e-17
 3.33624889559511e+06 -2.38715822437315e-14 -6.32160169333924e-17
 3.34038303301221e+06 -1.43342082796610e-14 -6.32160169333924e-17
 3.34451717042930e+06  1.24976044974115e-14 -6.32160169333924e-17
 3.34865130784639e+06  3.33225278643944e-16 -6.32160169333924e-17
 3.35278544526349e+06  1.72912206070876e-14 -6.32160169333924e-17
 3.35691958268058e+06  2.29287298251780e-15 -6.32160169333924e-17
 3.36105372009768e+06  9.71604693454663e-15 -6.32160169333924e-17
 3.36518785751477e+06 -1.04032360128599e-14 -6.32160169333924e-17
 3.36932199493187e+06 -8.99660802429199e-16 -6.32160169333924e-17
 3.37345613234896e+06 -2.59976611098765e-15 -6.32160169333924e-17
 3.37759026976605e+06  2.86251685249996e-15 -6.32160169333924e-17
 3.38172440718315e+06 -6.34716617665460e-15 -6.32160169333924e-17
 3.38585854460024e+06 -6.35460506825159e-15 -6.32160169333924e-17
 3.38999268201734e+06 -4.25927518476550e-15 -6.32160169333924e-17
 3.39412681943443e+06  1.01815977012733e-14 -6.32160169333924e-17
 3.39826095685153e+06 -4.56639466727933e-15 -6.32160169333924e-17
 3.40239509426862e+06 -1.31987522573365e-14 -6.32160169333924e-17
 3.40652923168571e+06 -2.29071359300263e-14 -6.32160169333924e-17
 3.41066336910281e+06 -1.98588723803325e-15 -6.32160169333924e-17
 3.41479750651990e+06  2.56372244344449e-15 -6.32160169333924e-17
 3.41893164393700e+06 -5.35753916458364e-15 -6.32160169333924e-17
 3.42306578135409e+06 -2.41458106045801e-14 -6.32160169333924e-17
 3.42719991877119e+06 -1.04006848386981e-14 -6.32160169333924e-17
 3.43133405618828e+06 -8.34365493324262e-15 -6.32160169333924e-17
 3.43546819360538e+06  2.57469544319583e-14 -6.32160169333924e-17
 3.43960233102247e+06  2.76508650949678e-16 -6.32160169333924e-17
 3.44373646843956e+06  3.68401309884459e-16 -6.32160169333924e-17
 3.44787060585666e+06 -1.34914269496590e-14 -6.32160169333924e-17
 3.45200474327375e+06 -9.70114793722478e-15 -6.32160169333924e-17
 3.45613888069085e+06 -3.01117497590968e-14 -6.32160169333924e-17
 3.46027301810794e+06 -6.49949611220792e-15 -6.32160169333924e-17
 3.46440715552504e+06 -4.97452385454299e-15 -6.32160169333924e-17
 3.46854129294213e+06 -1.25568815976621e-14 -6.32160169333924e-17
 3.47267543035922e+06  1.91453159185525e-14 -6.32160169333924e-17
 3.47680956777632e+06  3.36760387736070e-15 -6.32160169333924e-17
 3.48094370519341e+06  7.68795933040902e-15 -6.32160169333924e-17
 3.48507784261051e+06  2.54230257740901e-14 -6.32160169333924e-17
 3.48921198002760e+06 -1.21088475372184e-14 -6.32160169333924e-17
 3.49334611744470e+06  1.71856486812277e-14 -6.32160169333924e-17
 3.49748025486179e+06  2.19558039966548e-15 -6.32160169333924e-17
 3.50161439227888e+06  1.64491385854133e-14 -6.32160169333924e-17
 3.50574852969598e+06  2.44485929533250e-16 -6.32160169333924e-17
 3.50988266711307e+06 -7.11699783977244e-15 -6.32160169333924e-17
 3.51401680453017e+06 -3.43567709677120e-15 -6.32160169333924e-17
 3.51815094194726e+06 -4.04287705538579e-15 -6.32160169333924e-17
 3.52228507936436e+06 -1.87593564531438e-14 -6.32160169333924e-17
 3.52641921678145e+06 -1.18987144459915e-14 -6.32160169333924e-17
 3.53055335419854e+06 -3.31552089697824e-15 -6.32160169333924e-17
 3.53468749161564e+06  4.15535831118247e-16 -6.32160169333924e-17
 3.53882162903273e+06 -1.46015637725731e-14 -6.32160169333924e-17
 3.54295576644983e+06 -1.01397682383720e-14 -6.32160169333924e-17
 3.54708990386692e+06  2.31746705184325e-15 -6.32160169333924e-17
 3.55122404128402e+06 -2.20302982928009e-14 -6.32160169333924e-17
 3.55535817870111e+06  4.94246490369352e-15 -6.32160169333924e-17
 3.55949231611820e+06  4.95112639198042e-15 -6.32160169333924e-17
 3.56362645353530e+06  2.60744352054849e-14 -6.32160169333924e-17
 3.56776059095239e+06  8.71172282608222e-15 -6.32160169333924e-17
 3.57189472836949e+06 -1.57442545996694e-14 -6.32160169333924e-17
 3.57602886578658e+06  4.19288265301654e-15 -6.32160169333924e-17
 3.58016300320368e+06 -8.59820870013389e-15 -6.32160169333924e-17
 3.58429714062077e+06  1.56151216922051e-14 -6.32160169333924e-17
 3.58843127803786e+06 -3.02524017151585e-15 -6.32160169333924e-17
 3.59256541545496e+06  2.09734007606792e-14 -6.32160169333924e-17
 3.59669955287205e+06 -1.02894259839028e-14 -6.32160169333924e-17
 3.60083369028915e+06  5.96306441913594e-15 -6.32160169333924e-17
 3.60496782770624e+06 -6.26237152188657e-15 -6.32160169333924e-17
 3.60910196512334e+06  1.05457047895455e-14 -6.32160169333924e-17
 3.61323610254043e+06  1.89594580695423e-14 -6.32160169333924e-17
 3.61737023995752e+06  2.62884496671464e-14 -6.32160169333924e-17
 3.62150437737462e+06 -9.64282694468245e-16 -6.32160169333924e-17
 3.62563851479171e+06  1.12170459388833e-14 -6.32160169333924e-17
 3.62977265220881e+06  1.22560281034058e-14 -6.32160169333924e-17
 3.63390678962590e+06 -1.37998738121236e-14 -6.32160169333924e-17
 3.63804092704300e+06 -2.18976562762737e-15 -6.32160169333924e-17
 3.64217506446009e+06  4.89963390276633e-15 -6.32160169333924e-17
 3.64630920187719e+06  7.91577810529534e-15 -6.32160169333924e-17
 3.65044333929428e+06  9.38296929286448e-15 -6.32160169333924e-17
 3.65457747671137e+06 -1.04288339516036e-14 -6.32160169333924e-17
 3.65871161412847e+06 -1.06596570867737e-15 -6.32160169333924e-17
 3.66284575154556e+06  1.04572126509652e-14 -6.32160169333924e-17
 3.66697988896266e+06  7.78661144892642e-15 -6.32160169333924e-17
 3.67111402637975e+06 -1.60009120130005e-14 -6.32160169333924e-17
 3.67524816379685e+06 -8.16357738945956e-15 -6.32160169333924e-17
 3.67938230121394e+06 -6.22158352148220e-16 -6.32160169333924e-17
 3.68351643863103e+06  3.72864888869517e-14 -6.32160169333924e-17
 3.68765057604813e+06 -1.16885540911304e-14 -6.32160169333924e-17
 3.69178471346522e+06  6.53859450674421e-15 -6.32160169333924e-17
 3.69591885088232e+06  2.58783249244085e-16 -6.32160169333924e-17
 3.70005298829941e+06  7.60050003258295e-15 -6.32160169333924e-17
 3.70418712571651e+06 -6.19980489045003e-15 -6.32160169333924e-17
 3.70832126313360e+06 -1.13310861183064e-14 -6.32160169333924e-17
 3.71245540055069e+06 -5.78791711599743e-16 -6.32160169333924e-17
 3.71658953796779e+06  8.43823290088755e-15 -6.32160169333924e-17
 3.72072367538488e+06  3.77552539492623e-16 -6.32160169333924e-17
 3.72485781280198e+06 -8.84941868812331e-15 -6.32160169333924e-17
 3.72899195021907e+06 -1.49463854739421e-14 -6.32160169333924e-17
 3.73312608763617e+06  3.49536276099387e-14 -6.32160169333924e-17
 3.73726022505326e+06  5.89944736559160e-15 -6.32160169333924e-17
 3.74139436247035e+06  6.33967606036580e-15 -6.32160169333924e-17
 3.74552849988745e+06  1.65971137008491e-14 -6.32160169333924e-17
 3.74966263730454e+06 -1.00271146925709e-14 -6.32160169333924e-17
 3.75379677472164e+06  1.74633454127992e-14 -6.32160169333924e-17
 3.75793091213873e+06 -1.97773106851408e-16 -6.32160169333924e-17
 3.76206504955583e+06 -5.99810270986927e-15 -6.32160169333924e-17
 3.76619918697292e+06 -1.40055255564711e-15 -6.32160169333924e-17
 3.77033332439001e+06 -7.36467748189301e-15 -6.32160169333924e-17
 3.77446746180711e+06  2.39574247651366e-14 -6.32160169333924e-17
 3.77860159922420e+06 -1.25194247878045e-14 -6.32160169333924e-17
 3.78273573664130e+06 -1.66901983595800e-15 -6.32160169333924e-17
 3.78686987405839e+06 -3.93134990476670e-14 -6.32160169333924e-17
 3.79100401147549e+06  7.15750391813437e-15 -6.32160169333924e-17
 3.79513814889258e+06  5.92718360809305e-15 -6.32160169333924e-17
 3.79927228630967e+06 -8.12265759537783e-15 -6.32160169333924e-17
 3.80340642372677e+06  8.81601493572741e-15 -6.32160169333924e-17
 3.80754056114386e+06 -1.56737582972502e-14 -6.32160169333924e-17
 3.81167469856096e+06  3.17081593093875e-15 -6.32160169333924e-17
 3.81580883597805e+06  1.48138633415180e-14 -6.32160169333924e-17
 3.81994297339515e+06  9.62321232447168e-15 -6.32160169333924e-17
 3.82407711081224e+06 -4.97306530859821e-15 -6.32160169333924e-17
 3.82821124822934e+06 -2.87602920883504e-15 -6.32160169333924e-17
 3.83234538564643e+06  6.98932116268113e-16 -6.32160169333924e-17
 3.83647952306352e+06  7.23510513934355e-15 -6.32160169333924e-17
 3.84061366048062e+06 -4.99906441041884e-15 -6.32160169333924e-17
 3.84474779789771e+06 -1.81393540612141e-14 -6.32160169333924e-17
 3.84888193531481e+06  9.65741263315363e-16 -6.32160169333924e-17
 3.85301607273190e+06 -8.14745428455106e-15 -6.32160169333924e-17
 3.85715021014900e+06 -1.96949296052931e-15 -6.32160169333924e-17
 3.86128434756609e+06 -2.26898104468685e-15 -6.32160169333924e-17
 3.86541848498318e+06 -1.17081097156732e-15 -6.32160169333924e-17
 3.86955262240028e+06 -5.14031280660130e-15 -6.32160169333924e-17
 3.87368675981737e+06  7.60548703777385e-15 -6.32160169333924e-17
 3.87782089723447e+06 -1.20487081245814e-14 -6.32160169333924e-17
 3.88195503465156e+06  1.71877606058144e-15 -6.32160169333924e-17
 3.88608917206866e+06 -7.82205966883271e-15 -6.32160169333924e-17
 3.89022330948575e+06  3.04695554523025e-16 -6.32160169333924e-17
 3.89435744690284e+06  1.13998618750610e-15 -6.32160169333924e-17
 3.89849158431994e+06 -5.79401609951378e-15 -6.32160169333924e-17
 3.90262572173703e+06  1.38358442612672e-14 -6.32160169333924e-17
 3.90675985915413e+06  3.33201986358092e-15 -6.32160169333924e-17
 3.91089399657122e+06 -1.85591050559258e-14 -6.32160169333924e-17
 3.91502813398832e+06 -2.57062656566327e-15 -6.32160169333924e-17
 3.91916227140541e+06  5.40321013557982e-16 -6.32160169333924e-17
 3.92329640882250e+06  9.48367758299550e-15 -6.32160169333924e-17
 3.92743054623960e+06 -2.04439698763865e-14 -6.32160169333924e-17
 3.93156468365669e+06  1.02980929235307e-14 -6.32160169333924e-17
 3.93569882107379e+06 -4.63004877946997e-15 -6.32160169333924e-17
 3.93983295849088e+06 -5.22697669535073e-15 -6.32160169333924e-17
 3.94396709590798e+06  1.16939861894028e-15 -6.32160169333924e-17
 3.94810123332507e+06  9.25261713211098e-15 -6.32160169333924e-17
 3.95223537074216e+06 -5.29458123522606e-16 -6.32160169333924e-17
 3.95636950815926e+06  6.71128096051554e-15 -6.32160169333924e-17
 3.96050364557635e+06 -3.57229734986956e-14 -6.32160169333924e-17
 3.96463778299345e+06  7.63478976205821e-15 -6.32160169333924e-17
 3.96877192041054e+06 -3.21018892682731e-14 -6.32160169333924e-17
 3.97290605782764e+06 -4.64327334297527e-15 -6.32160169333924e-17
 3.97704019524473e+06 -1.31711585982446e-14 -6.32160169333924e-17
 3.98117433266182e+06 -1.42999903614760e-14 -6.32160169333924e-17
 3.98530847007892e+06 -1.91788580943629e-16 -6.32160169333924e-17
 3.98944260749601e+06 -8.00299354001593e-15 -6.32160169333924e-17
 3.99357674491311e+06  1.95139941845503e-14 -6.32160169333924e-17
 3.99771088233020e+06 -3.53839692988440e-15 -6.32160169333924e-17
 4.00184501974730e+06  2.44919337933793e-14 -6.32160169333924e-17
 4.00597915716439e+06  1.39625148127670e-14 -6.32160169333924e-17
 4.01011329458148e+06 -2.47136299019815e-14 -6.32160169333924e-17
 4.01424743199858e+06  1.45975431115851e-14 -6.32160169333924e-17
 4.01838156941567e+06 -6.50297357659305e-15 -6.32160169333924e-17
 4.02251570683277e+06  1.62351442676150e-14 -6.32160169333924e-17
 4.02664984424986e+06 -1.34006261952725e-14 -6.32160169333924e-17
 4.03078398166696e+06  1.25467637678546e-14 -6.32160169333924e-17
 4.03491811908405e+06  1.81804171145922e-14 -6.32160169333924e-17
 4.03905225650115e+06 -7.17674851769478e-15 -6.32160169333924e-17
 4.04318639391824e+06  4.23707331141084e-15 -6.32160169333924e-17
 4.04732053133533e+06 -1.85974865197208e-14 -6.32160169333924e-17
 4.05145466875243e+06 -5.89098657562401e-15 -6.32160169333924e-17
 4.05558880616952e+06  7.30788253413759e-15 -6.32160169333924e-17
 4.05972294358662e+06 -1.21140865144898e-14 -6.32160169333924e-17
 4.06385708100371e+06 -7.85171183881302e-17 -6.32160169333924e-17
 4.06799121842081e+06 -1.45251883429298e-14 -6.32160169333924e-17
 4.07212535583790e+06  1.15844729667212e-14 -6.32160169333924e-17
 4.07625949325499e+06  1.19285135539463e-14 -6.32160169333924e-17
 4.08039363067209e+06 -6.38508934563364e-15 -6.32160169333924e-17
 4.08452776808918e+06  1.05836015689419e-15 -6.32160169333924e-17
 4.08866190550628e+06 -9.35181476045746e-15 -6.32160169333924e-17
 4.09279604292337e+06  1.40217944040306e-14 -6.32160169333924e-17
 4.09693018034047e+06 -1.84332776211510e-15 -6.32160169333924e-17
 4.10106431775756e+06 -8.96028425624664e-15 -6.32160169333924e-17
 4.10519845517465e+06  1.43013232349016e-15 -6.32160169333924e-17
 4.10933259259175e+06  3.62080063029128e-15 -6.32160169333924e-17
 4.11346673000884e+06  2.29197496587724e-14 -6.32160169333924e-17
 4.11760086742594e+06  1.55463017660274e-14 -6.32160169333924e-17
 4.12173500484303e+06 -8.76948774804906e-15 -6.32160169333924e-17
 4.12586914226013e+06 -1.47055379016593e-14 -6.32160169333924e-17
 4.13000327967722e+06  1.11968241748410e-14 -6.32160169333924e-17
 4.13413741709431e+06  9.11017961537420e-15 -6.32160169333924e-17
