#time(au), s(t), s(t) without exp(iwt)
 0.00000000000000e+01 -1.00105060494191e-10 -1.00105060494191e-10
 4.13413741709430e+03 -9.89100659615745e-11 -1.00040904401893e-10
 8.26827483418859e+03 -9.90037275191284e-11 -9.98661501383264e-11
 1.24024122512829e+04 -9.85201661940191e-11 -9.95411351103149e-11
 1.65365496683772e+04 -9.83290109724893e-11 -9.90614536476278e-11
 2.06706870854715e+04 -9.81251758975908e-11 -9.84361435773729e-11
 2.48048245025658e+04 -9.76661114821478e-11 -9.76788327497867e-11
 2.89389619196601e+04 -9.75471672321884e-11 -9.68043612688511e-11
 3.30730993367544e+04 -9.73063317437782e-11 -9.58276312017918e-11
 3.72072367538487e+04 -9.70321080410576e-11 -9.47632834168820e-11
 4.13413741709430e+04 -9.68058532408821e-11 -9.36256200781282e-11
 4.54755115880372e+04 -9.63915406242645e-11 -9.24285512624921e-11
 4.96096490051315e+04 -9.62727769022608e-11 -9.11854985295768e-11
 5.37437864222258e+04 -9.59593385768194e-11 -8.99092509748495e-11
 5.78779238393201e+04 -9.57173706457027e-11 -8.86117917053838e-11
 6.20120612564144e+04 -9.54714818706522e-11 -8.73041178479818e-11
 6.61461986735087e+04 -9.51757618132834e-11 -8.59960753589258e-11
 7.02803360906030e+04 -9.49754508735545e-11 -8.46962255056801e-11
 7.44144735076973e+04 -9.46869489677382e-11 -8.34117548285892e-11
 7.85486109247916e+04 -9.44964094938342e-11 -8.21484354514364e-11
 8.26827483418859e+04 -9.43497089531383e-11 -8.09106381154932e-11
 8.68168857589802e+04 -9.39466768751844e-11 -7.97013963964824e-11
 9.09510231760745e+04 -9.38384707088990e-11 -7.85225172896900e-11
 9.50851605931688e+04 -9.34297983563021e-11 -7.73747307476546e-11
 9.92192980102631e+04 -9.33020428980426e-11 -7.62578688444787e-11
 1.03353435427357e+05 -9.29886859325788e-11 -7.51710640241546e-11
 1.07487572844452e+05 -9.27303041771506e-11 -7.41129553543413e-11
 1.11621710261546e+05 -9.25592427009720e-11 -7.30818918206871e-11
 1.15755847678640e+05 -9.23474061227909e-11 -7.20761224080942e-11
 1.19889985095735e+05 -9.21194686894730e-11 -7.10939639524244e-11
 1.24024122512829e+05 -9.17903668520370e-11 -7.01339394179748e-11
 1.28158259929923e+05 -9.15560976765458e-11 -6.91948812554436e-11
 1.32292397347018e+05 -9.13200187587569e-11 -6.82759967039328e-11
 1.36426534764112e+05 -9.10198045514283e-11 -6.73768941937174e-11
 1.40560672181206e+05 -9.07629843087714e-11 -6.64975722589292e-11
 1.44694809598300e+05 -9.05982000570069e-11 -6.56383744614957e-11
 1.48828947015395e+05 -9.03615842765272e-11 -6.47999156516081e-11
 1.52963084432489e+05 -9.02054188491217e-11 -6.39829863543681e-11
 1.57097221849583e+05 -8.98920380800950e-11 -6.31884431072402e-11
 1.61231359266678e+05 -8.96709607124915e-11 -6.24170931328866e-11
 1.65365496683772e+05 -8.94537061652425e-11 -6.16695817977704e-11
 1.69499634100866e+05 -8.91465386273576e-11 -6.09462908865042e-11
 1.73633771517960e+05 -8.90019185665211e-11 -6.02472548492311e-11
 1.77767908935055e+05 -8.86714174489219e-11 -5.95721009119483e-11
 1.81902046352149e+05 -8.85484624898192e-11 -5.89200173559308e-11
 1.86036183769243e+05 -8.82040727434088e-11 -5.82897524658689e-11
 1.90170321186338e+05 -8.81123492157527e-11 -5.76796447215558e-11
 1.94304458603432e+05 -8.78395121732343e-11 -5.70876828738789e-11
 1.98438596020526e+05 -8.76905627527564e-11 -5.65115927103876e-11
 2.02572733437620e+05 -8.74584613322184e-11 -5.59489456796909e-11
 2.06706870854715e+05 -8.70874874264315e-11 -5.53972831957641e-11
 2.10841008271809e+05 -8.70029142925735e-11 -5.48542494547380e-11
 2.14975145688903e+05 -8.66610462511283e-11 -5.43177250186807e-11
 2.19109283105998e+05 -8.64453849459996e-11 -5.37859532817457e-11
 2.23243420523092e+05 -8.61899965465400e-11 -5.32576522374455e-11
 2.27377557940186e+05 -8.59894637192322e-11 -5.27321046919885e-11
 2.31511695357280e+05 -8.57764886591771e-11 -5.22092211748002e-11
 2.35645832774375e+05 -8.55944405253027e-11 -5.16895712208115e-11
 2.39779970191469e+05 -8.54049525112186e-11 -5.11743803610408e-11
 2.43914107608563e+05 -8.51152561593986e-11 -5.06654919673022e-11
 2.48048245025658e+05 -8.49559949019485e-11 -5.01652949558486e-11
 2.52182382442752e+05 -8.47286395840054e-11 -4.96766201639326e-11
 2.56316519859846e+05 -8.44878789444223e-11 -4.92026098771811e-11
 2.60450657276940e+05 -8.43504785007518e-11 -4.87465664172580e-11
 2.64584794694035e+05 -8.40269439680174e-11 -4.83117868251541e-11
 2.68718932111129e+05 -8.38692119707095e-11 -4.79013914388914e-11
 2.72853069528223e+05 -8.36354812588874e-11 -4.75181545287132e-11
 2.76987206945318e+05 -8.33985435934668e-11 -4.71643451023521e-11
 2.81121344362412e+05 -8.32351033527666e-11 -4.68415855342542e-11
 2.85255481779506e+05 -8.28786062124888e-11 -4.65507348332845e-11
 2.89389619196601e+05 -8.27601289954753e-11 -4.62918021903108e-11
 2.93523756613695e+05 -8.25294414752417e-11 -4.60638950041375e-11
 2.97657894030789e+05 -8.23945902282459e-11 -4.58652039477116e-11
 3.01792031447884e+05 -8.21581183047688e-11 -4.56930258921491e-11
 3.05926168864978e+05 -8.19186766703114e-11 -4.55438237431630e-11
 3.10060306282072e+05 -8.17618085853888e-11 -4.54133205518200e-11
 3.14194443699167e+05 -8.14849679006811e-11 -4.52966237228991e-11
 3.18328581116261e+05 -8.13294124611181e-11 -4.51883738333807e-11
 3.22462718533355e+05 -8.11348763720871e-11 -4.50829115515497e-11
 3.26596855950449e+05 -8.08357952584862e-11 -4.49744554586896e-11
 3.30730993367544e+05 -8.07347075335785e-11 -4.48572832468222e-11
 3.34865130784638e+05 -8.04784464658925e-11 -4.47259088049250e-11
 3.38999268201732e+05 -8.03863434440534e-11 -4.45752481010260e-11
 3.43133405618827e+05 -8.00457595119317e-11 -4.44007674889408e-11
 3.47267543035921e+05 -7.98180936681064e-11 -4.41986090706261e-11
 3.51401680453015e+05 -7.95804338428334e-11 -4.39656889695101e-11
 3.55535817870110e+05 -7.95111029836249e-11 -4.36997657479711e-11
 3.59669955287204e+05 -7.92902347216197e-11 -4.33994776591917e-11
 3.63804092704298e+05 -7.90003166593382e-11 -4.30643488832647e-11
 3.67938230121393e+05 -7.87149976798518e-11 -4.26947662859785e-11
 3.72072367538487e+05 -7.86832272805731e-11 -4.22919294879026e-11
 3.76206504955581e+05 -7.84601238514474e-11 -4.18577780829574e-11
 3.80340642372676e+05 -7.82755326268311e-11 -4.13949006535563e-11
 3.84474779789770e+05 -7.80045982719535e-11 -4.09064307619753e-11
 3.88608917206864e+05 -7.79001896610244e-11 -4.03959353390394e-11
 3.92743054623959e+05 -7.76792073308990e-11 -3.98673008416872e-11
 3.96877192041053e+05 -7.74111273272081e-11 -3.93246222263673e-11
 4.01011329458147e+05 -7.72823914272037e-11 -3.87720992154973e-11
 4.05145466875241e+05 -7.69923701417951e-11 -3.82139435616549e-11
 4.09279604292336e+05 -7.68259799562734e-11 -3.76543000905730e-11
 4.13413741709430e+05 -7.66511537006819e-11 -3.70971832872235e-11
 4.17547879126524e+05 -7.63767694965348e-11 -3.65464301406657e-11
 4.21682016543619e+05 -7.63192339483133e-11 -3.60056689431393e-11
 4.25816153960713e+05 -7.60209255924138e-11 -3.54783028041256e-11
 4.29950291377807e+05 -7.59076075297645e-11 -3.49675058404330e-11
 4.34084428794902e+05 -7.55902068615261e-11 -3.44762293792728e-11
 4.38218566211996e+05 -7.55127465568241e-11 -3.40072150919496e-11
 4.42352703629090e+05 -7.53007395806459e-11 -3.35630117772075e-11
 4.46486841046185e+05 -7.51274083114889e-11 -3.31459925387393e-11
 4.50620978463279e+05 -7.49570727525690e-11 -3.27583693407825e-11
 4.54755115880373e+05 -7.46780935943083e-11 -3.24022023568549e-11
 4.58889253297468e+05 -7.46022275136338e-11 -3.20794021170578e-11
 4.63023390714562e+05 -7.43003791559432e-11 -3.17917231676253e-11
 4.67157528131656e+05 -7.40933221633960e-11 -3.15407487358353e-11
 4.71291665548751e+05 -7.39703161419235e-11 -3.13278666938979e-11
 4.75425802965845e+05 -7.36949520825427e-11 -3.11542378870729e-11
 4.79559940382939e+05 -7.34769069485210e-11 -3.10207585865262e-11
 4.83694077800033e+05 -7.33304240719804e-11 -3.09280194048321e-11
 4.87828215217128e+05 -7.31231144848746e-11 -3.08762634369960e-11
 4.91962352634222e+05 -7.30233049434888e-11 -3.08653466379788e-11
 4.96096490051316e+05 -7.27627285694825e-11 -3.08947035049739e-11
 5.00230627468411e+05 -7.26121218951911e-11 -3.09633209964201e-11
 5.04364764885505e+05 -7.24363515443633e-11 -3.10697232985425e-11
 5.08498902302599e+05 -7.22586376081107e-11 -3.12119695635170e-11
 5.12633039719694e+05 -7.20793752377337e-11 -3.13876661192625e-11
 5.16767177136788e+05 -7.18048848711907e-11 -3.15939939258377e-11
 5.20901314553882e+05 -7.16898391076054e-11 -3.18277512686566e-11
 5.25035451970977e+05 -7.14832475819784e-11 -3.20854108786284e-11
 5.29169589388071e+05 -7.13438111982478e-11 -3.23631898989274e-11
 5.33303726805165e+05 -7.10828900422896e-11 -3.26571304198375e-11
 5.37437864222260e+05 -7.09248040390776e-11 -3.29631877157420e-11
 5.41572001639354e+05 -7.07368689219881e-11 -3.32773228732562e-11
 5.45706139056448e+05 -7.05338300870814e-11 -3.35955962208133e-11
 5.49840276473543e+05 -7.04080148359907e-11 -3.39142578718280e-11
 5.53974413890637e+05 -7.02309288125336e-11 -3.42298317804557e-11
 5.58108551307731e+05 -7.00538860248547e-11 -3.45391899752369e-11
 5.62242688724826e+05 -6.98423441265249e-11 -3.48396140663748e-11
 5.66376826141920e+05 -6.95817287431623e-11 -3.51288416932947e-11
 5.70510963559014e+05 -6.94752778862794e-11 -3.54050962597286e-11
 5.74645100976108e+05 -6.92782989646295e-11 -3.56670990572704e-11
 5.78779238393203e+05 -6.91643614464265e-11 -3.59140636663147e-11
 5.82913375810297e+05 -6.89614671496013e-11 -3.61456733043365e-11
 5.87047513227391e+05 -6.87663241857242e-11 -3.63620425268344e-11
 5.91181650644486e+05 -6.86187174480949e-11 -3.65636653393017e-11
 5.95315788061580e+05 -6.84221847858330e-11 -3.67513523187212e-11
 5.99449925478674e+05 -6.82654435112635e-11 -3.69261597455388e-11
 6.03584062895769e+05 -6.80159721717437e-11 -3.70893139955463e-11
 6.07718200312863e+05 -6.78293346967705e-11 -3.72421345274461e-11
 6.11852337729957e+05 -6.77582475434169e-11 -3.73859587264993e-11
 6.15986475147052e+05 -6.75031361132096e-11 -3.75220716369223e-11
 6.20120612564146e+05 -6.73438288566282e-11 -3.76516432519912e-11
 6.24254749981240e+05 -6.71587823108066e-11 -3.77756755547614e-11
 6.28388887398335e+05 -6.69462023372085e-11 -3.78949609421057e-11
 6.32523024815429e+05 -6.68403804408868e-11 -3.80100530523819e-11
 6.36657162232523e+05 -6.66881967767195e-11 -3.81212503860340e-11
 6.40791299649618e+05 -6.65536833417262e-11 -3.82285924917245e-11
 6.44925437066712e+05 -6.63131291717501e-11 -3.83318679197081e-11
 6.49059574483806e+05 -6.61791574181919e-11 -3.84306326460614e-11
 6.53193711900900e+05 -6.59496559325867e-11 -3.85242372689590e-11
 6.57327849317995e+05 -6.58733215690320e-11 -3.86118609871665e-11
 6.61461986735089e+05 -6.56141118397181e-11 -3.86925502013178e-11
 6.65596124152183e+05 -6.54543217578790e-11 -3.87652595322129e-11
 6.69730261569278e+05 -6.52966650494499e-11 -3.88288931233964e-11
 6.73864398986372e+05 -6.51692167546708e-11 -3.88823442761883e-11
 6.77998536403466e+05 -6.49348398068930e-11 -3.89245317381252e-11
 6.82132673820561e+05 -6.48403345757079e-11 -3.89544313093648e-11
 6.86266811237655e+05 -6.45624854899028e-11 -3.89711018221614e-11
 6.90400948654749e+05 -6.44374763240210e-11 -3.89737049607650e-11
 6.94535086071844e+05 -6.42990575798789e-11 -3.89615187974195e-11
 6.98669223488938e+05 -6.42006695970565e-11 -3.89339453007083e-11
 7.02803360906032e+05 -6.40249004911418e-11 -3.88905124041909e-11
 7.06937498323127e+05 -6.38486634480145e-11 -3.88308714888029e-11
 7.11071635740221e+05 -6.36759905804372e-11 -3.87547913195298e-11
 7.15205773157315e+05 -6.35548641953838e-11 -3.86621495784359e-11
 7.19339910574410e+05 -6.32890315350818e-11 -3.85529231507796e-11
 7.23474047991504e+05 -6.31640513535236e-11 -3.84271782527326e-11
 7.27608185408598e+05 -6.29065987325226e-11 -3.82850613473582e-11
 7.31742322825692e+05 -6.28700674361572e-11 -3.81267915933119e-11
 7.35876460242787e+05 -6.26628058267122e-11 -3.79526553251411e-11
 7.40010597659881e+05 -6.25396229635989e-11 -3.77630027938779e-11
 7.44144735076975e+05 -6.23062876055526e-11 -3.75582471221028e-11
 7.48278872494070e+05 -6.21736446185784e-11 -3.73388651681828e-11
 7.52413009911164e+05 -6.20537684350672e-11 -3.71053997682728e-11
 7.56547147328258e+05 -6.19247270003330e-11 -3.68584626473786e-11
 7.60681284745353e+05 -6.17633758870155e-11 -3.65987371742485e-11
 7.64815422162447e+05 -6.16112523632743e-11 -3.63269800867366e-11
 7.68949559579541e+05 -6.14048768279119e-11 -3.60440213378317e-11
 7.73083696996636e+05 -6.12837628110250e-11 -3.57507613056575e-11
 7.77217834413730e+05 -6.10407469204920e-11 -3.54481647675602e-11
 7.81351971830824e+05 -6.09762950339035e-11 -3.51372512480368e-11
 7.85486109247919e+05 -6.07840048652819e-11 -3.48190815988913e-11
 7.89620246665013e+05 -6.06602089843790e-11 -3.44947409412884e-11
 7.93754384082107e+05 -6.05273543841301e-11 -3.41653183749255e-11
 7.97888521499202e+05 -6.03175526598458e-11 -3.38318841212892e-11
 8.02022658916296e+05 -6.01862108376062e-11 -3.34954649980766e-11
 8.06156796333390e+05 -5.99871855580352e-11 -3.31570193045228e-11
 8.10290933750484e+05 -5.98077586571033e-11 -3.28174123197536e-11
 8.14425071167579e+05 -5.96922437328330e-11 -3.24773936687595e-11
 8.18559208584673e+05 -5.94451422016502e-11 -3.21375777883436e-11
 8.22693346001767e+05 -5.94061741650954e-11 -3.17984286274345e-11
 8.26827483418862e+05 -5.91673921109157e-11 -3.14602495467895e-11
 8.30961620835956e+05 -5.90974052120104e-11 -3.11231791503048e-11
 8.35095758253050e+05 -5.89417756475222e-11 -3.07871934964600e-11
 8.39229895670145e+05 -5.87661568617500e-11 -3.04521148191292e-11
 8.43364033087239e+05 -5.86189776877795e-11 -3.01176265496851e-11
 8.47498170504333e+05 -5.84861454211506e-11 -2.97832940964163e-11
 8.51632307921428e+05 -5.83326301209703e-11 -2.94485905217074e-11
 8.55766445338522e+05 -5.81562297007624e-11 -2.91129259805919e-11
 8.59900582755616e+05 -5.80135361464394e-11 -2.87756795626089e-11
 8.64034720172711e+05 -5.78755406185070e-11 -2.84362320258050e-11
 8.68168857589805e+05 -5.77560091230921e-11 -2.80939978369225e-11
 8.72302995006899e+05 -5.76050702791621e-11 -2.77484549407530e-11
 8.76437132423994e+05 -5.74403240127645e-11 -2.73991707753582e-11
 8.80571269841088e+05 -5.72220517502203e-11 -2.70458232241902e-11
 8.84705407258182e+05 -5.71414720895863e-11 -2.66882154433055e-11
 8.88839544675276e+05 -5.69402845925649e-11 -2.63262838087514e-11
 8.92973682092371e+05 -5.68273083777363e-11 -2.59600985808285e-11
 8.97107819509465e+05 -5.66989777126728e-11 -2.55898572592373e-11
 9.01241956926559e+05 -5.65197057839958e-11 -2.52158709867198e-11
 9.05376094343654e+05 -5.63725276105213e-11 -2.48385447279949e-11
 9.09510231760748e+05 -5.62266627517203e-11 -2.44583522860147e-11
 9.13644369177842e+05 -5.61402197464962e-11 -2.40758075005730e-11
 9.17778506594937e+05 -5.59692551962790e-11 -2.36914331897846e-11
 9.21912644012031e+05 -5.57572449929790e-11 -2.33057295310213e-11
 9.26046781429125e+05 -5.56097186030636e-11 -2.29191436266406e-11
 9.30180918846220e+05 -5.54229340549074e-11 -2.25320419582777e-11
 9.34315056263314e+05 -5.53627404995558e-11 -2.21446873029367e-11
 9.38449193680408e+05 -5.50990764622425e-11 -2.17572214709830e-11
 9.42583331097503e+05 -5.50532144910945e-11 -2.13696549409437e-11
 9.46717468514597e+05 -5.49105780046676e-11 -2.09818641229174e-11
 9.50851605931691e+05 -5.48489372346716e-11 -2.05935965991521e-11
 9.54985743348786e+05 -5.47779127996958e-11 -2.02044842860965e-11
 9.59119880765880e+05 -5.45448483512956e-11 -1.98140640577657e-11
 9.63254018182974e+05 -5.43989116730665e-11 -1.94218049862988e-11
 9.67388155600069e+05 -5.42874023128686e-11 -1.90271410115111e-11
 9.71522293017163e+05 -5.41358396687280e-11 -1.86295075648881e-11
 9.75656430434257e+05 -5.39514215390173e-11 -1.82283804591770e-11
 9.79790567851351e+05 -5.37929390013988e-11 -1.78233152236211e-11
 9.83924705268446e+05 -5.36421332498290e-11 -1.74139850233858e-11
 9.88058842685540e+05 -5.34993211796935e-11 -1.70002153522632e-11
 9.92192980102634e+05 -5.33758554428546e-11 -1.65820138272084e-11
 9.96327117519729e+05 -5.33106925953173e-11 -1.61595936352389e-11
 1.00046125493682e+06 -5.31678422274360e-11 -1.57333894758411e-11
 1.00459539235392e+06 -5.30144989345497e-11 -1.53040651909845e-11
 1.00872952977101e+06 -5.28384178427975e-11 -1.48725126624304e-11
 1.01286366718811e+06 -5.27150397036325e-11 -1.44398419628637e-11
 1.01699780460520e+06 -5.25543348210293e-11 -1.40073631532714e-11
 1.02113194202229e+06 -5.23858105778849e-11 -1.35765605038100e-11
 1.02526607943939e+06 -5.22827094063719e-11 -1.31490602601973e-11
 1.02940021685648e+06 -5.21513053193101e-11 -1.27265933657834e-11
 1.03353435427358e+06 -5.20582327535277e-11 -1.23109547667877e-11
 1.03766849169067e+06 -5.19697464936447e-11 -1.19039610648463e-11
 1.04180262910777e+06 -5.17762089873546e-11 -1.15074083305328e-11
 1.04593676652486e+06 -5.16931873294389e-11 -1.11230318526037e-11
 1.05007090394195e+06 -5.14685798061246e-11 -1.07524694725941e-11
 1.05420504135905e+06 -5.13606695017918e-11 -1.03972299506596e-11
 1.05833917877614e+06 -5.12006798188296e-11 -1.00586675364869e-11
 1.06247331619324e+06 -5.10614419827463e-11 -9.73796359348796e-12
 1.06660745361033e+06 -5.09445701380087e-11 -9.43611576159603e-12
 1.07074159102743e+06 -5.08746164645294e-11 -9.15393476272133e-12
 1.07487572844452e+06 -5.07353200580792e-11 -8.89204857233099e-12
 1.07900986586161e+06 -5.05954010074231e-11 -8.65091331985633e-12
 1.08314400327871e+06 -5.04365715583590e-11 -8.43082995768873e-12
 1.08727814069580e+06 -5.03870609350969e-11 -8.23196546924766e-12
 1.09141227811290e+06 -5.01967429244570e-11 -8.05437718429249e-12
 1.09554641552999e+06 -5.01337895161743e-11 -7.89803864365729e-12
 1.09968055294709e+06 -4.99331934350426e-11 -7.76286541215366e-12
 1.10381469036418e+06 -4.98478122618566e-11 -7.64873927868977e-12
 1.10794882778128e+06 -4.97044333106525e-11 -7.55552940449696e-12
 1.11208296519837e+06 -4.95599123808307e-11 -7.48310917678539e-12
 1.11621710261546e+06 -4.95206656505787e-11 -7.43136778598870e-12
 1.12035124003256e+06 -4.93166751203965e-11 -7.40021585648522e-12
 1.12448537744965e+06 -4.92006099911419e-11 -7.38958480701214e-12
 1.12861951486675e+06 -4.91154207301326e-11 -7.39941998060855e-12
 1.13275365228384e+06 -4.88563465365454e-11 -7.42966794583286e-12
 1.13688778970094e+06 -4.88124570158822e-11 -7.48025871310573e-12
 1.14102192711803e+06 -4.85401283234936e-11 -7.55108391471174e-12
 1.14515606453512e+06 -4.86353324985545e-11 -7.64197224867285e-12
 1.14929020195222e+06 -4.83887369755960e-11 -7.75266367251370e-12
 1.15342433936931e+06 -4.83371690147467e-11 -7.88278394303766e-12
 1.15755847678641e+06 -4.81977901148163e-11 -8.03182112668839e-12
 1.16169261420350e+06 -4.80462615657645e-11 -8.19910564987909e-12
 1.16582675162060e+06 -4.80029797110178e-11 -8.38379532180541e-12
 1.16996088903769e+06 -4.77885179764109e-11 -8.58486655010301e-12
 1.17409502645478e+06 -4.77014703863117e-11 -8.80111269165446e-12
 1.17822916387188e+06 -4.75234655130275e-11 -9.03115015030678e-12
 1.18236330128897e+06 -4.74285399143002e-11 -9.27343246567661e-12
 1.18649743870607e+06 -4.72786020695960e-11 -9.52627225015839e-12
 1.19063157612316e+06 -4.71976033039958e-11 -9.78787044322775e-12
 1.19476571354026e+06 -4.71255336879511e-11 -1.00563519819833e-11
 1.19889985095735e+06 -4.70009029607322e-11 -1.03298066522981e-11
 1.20303398837444e+06 -4.68823367457630e-11 -1.06063336026425e-11
 1.20716812579154e+06 -4.68062057505562e-11 -1.08840877862124e-11
 1.21130226320863e+06 -4.66449639619594e-11 -1.11613264578576e-11
 1.21543640062573e+06 -4.64849941215606e-11 -1.14364537973211e-11
 1.21957053804282e+06 -4.63774200259017e-11 -1.17080617633641e-11
 1.22370467545992e+06 -4.62595887315431e-11 -1.19749654036219e-11
 1.22783881287701e+06 -4.61269901568957e-11 -1.22362310477908e-11
 1.23197295029410e+06 -4.60584518761151e-11 -1.24911960885469e-11
 1.23610708771120e+06 -4.59030274219424e-11 -1.27394793931296e-11
 1.24024122512829e+06 -4.57781901922479e-11 -1.29809817741188e-11
 1.24437536254539e+06 -4.56268237630616e-11 -1.32158763629873e-11
 1.24850949996248e+06 -4.55582435587915e-11 -1.34445891562554e-11
 1.25264363737958e+06 -4.54332261837877e-11 -1.36677704217742e-11
 1.25677777479667e+06 -4.52913384629836e-11 -1.38862580433694e-11
 1.26091191221376e+06 -4.51738017910604e-11 -1.41010342276113e-11
 1.26504604963086e+06 -4.50267540984690e-11 -1.43131772813585e-11
 1.26918018704795e+06 -4.49898247183829e-11 -1.45238103798427e-11
 1.27331432446505e+06 -4.48367062012440e-11 -1.47340493728019e-11
 1.27744846188214e+06 -4.47089693566403e-11 -1.49449517147427e-11
 1.28158259929924e+06 -4.46172105870814e-11 -1.51574685529457e-11
 1.28571673671633e+06 -4.45336967408949e-11 -1.53724018659724e-11
 1.28985087413343e+06 -4.44543305756079e-11 -1.55903683223443e-11
 1.29398501155052e+06 -4.42751137272685e-11 -1.58117712342595e-11
 1.29811914896761e+06 -4.41892949578538e-11 -1.60367816280785e-11
 1.30225328638471e+06 -4.40515237617115e-11 -1.62653290580865e-11
 1.30638742380180e+06 -4.39135728761030e-11 -1.64971023706489e-11
 1.31052156121890e+06 -4.38048202218589e-11 -1.67315602017257e-11
 1.31465569863599e+06 -4.36655330131637e-11 -1.69679505808471e-11
 1.31878983605309e+06 -4.36289369922314e-11 -1.72053386377493e-11
 1.32292397347018e+06 -4.34521345229644e-11 -1.74426410808527e-11
 1.32705811088727e+06 -4.33632426970052e-11 -1.76786658540776e-11
 1.33119224830437e+06 -4.32215586362423e-11 -1.79121551917309e-11
 1.33532638572146e+06 -4.31908980477011e-11 -1.81418301879358e-11
 1.33946052313856e+06 -4.29877509643157e-11 -1.83664349813467e-11
 1.34359466055565e+06 -4.29583755372420e-11 -1.85847787270756e-11
 1.34772879797275e+06 -4.28012445237248e-11 -1.87957736816936e-11
 1.35186293538984e+06 -4.27041495364274e-11 -1.89984679550236e-11
 1.35599707280693e+06 -4.26179528885590e-11 -1.91920717726382e-11
 1.36013121022403e+06 -4.24246427946657e-11 -1.93759764304790e-11
 1.36426534764112e+06 -4.23812986359340e-11 -1.95497654909412e-11
 1.36839948505822e+06 -4.22481500815139e-11 -1.97132181495524e-11
 1.37253362247531e+06 -4.21336078542934e-11 -1.98663050744395e-11
 1.37666775989241e+06 -4.20543362080414e-11 -2.00091773685549e-11
 1.38080189730950e+06 -4.18762021181057e-11 -2.01421496103789e-11
 1.38493603472659e+06 -4.18717198386980e-11 -2.02656781776033e-11
 1.38907017214369e+06 -4.16491131152874e-11 -2.03803362385669e-11
 1.39320430956078e+06 -4.16174327055493e-11 -2.04867868995728e-11
 1.39733844697788e+06 -4.14817229120599e-11 -2.05857560185231e-11
 1.40147258439497e+06 -4.14104197155642e-11 -2.06780061364514e-11
 1.40560672181207e+06 -4.12771566497702e-11 -2.07643128425807e-11
 1.40974085922916e+06 -4.11444300038575e-11 -2.08454446835813e-11
 1.41387499664625e+06 -4.10569496202758e-11 -2.09221474654598e-11
 1.41800913406335e+06 -4.10086621175038e-11 -2.09951334915321e-11
 1.42214327148044e+06 -4.08067722599466e-11 -2.10650759490062e-11
 1.42627740889754e+06 -4.08238197191079e-11 -2.11326083183738e-11
 1.43041154631463e+06 -4.05541899267665e-11 -2.11983283523579e-11
 1.43454568373173e+06 -4.05773387264027e-11 -2.12628058730188e-11
 1.43867982114882e+06 -4.03718944705112e-11 -2.13265933833427e-11
 1.44281395856591e+06 -4.02627275945624e-11 -2.13902382974372e-11
 1.44694809598301e+06 -4.02643017821261e-11 -2.14542954727215e-11
 1.45108223340010e+06 -4.01212473321759e-11 -2.15193386853804e-11
 1.45521637081720e+06 -4.00235527261269e-11 -2.15859697302559e-11
 1.45935050823429e+06 -3.98653968483811e-11 -2.16548239472129e-11
 1.46348464565139e+06 -3.98138907160342e-11 -2.17265711721089e-11
 1.46761878306848e+06 -3.97292124201906e-11 -2.18019113724579e-11
 1.47175292048557e+06 -3.96114956251709e-11 -2.18815645421955e-11
 1.47588705790267e+06 -3.94859659078363e-11 -2.19662547803604e-11
 1.48002119531976e+06 -3.93766852841701e-11 -2.20566888465011e-11
 1.48415533273686e+06 -3.93020626006144e-11 -2.21535298512346e-11
 1.48828947015395e+06 -3.92011410383927e-11 -2.22573670836887e-11
 1.49242360757105e+06 -3.90599152929778e-11 -2.23686832791991e-11
 1.49655774498814e+06 -3.89775432234568e-11 -2.24878208730630e-11
 1.50069188240524e+06 -3.89555208291176e-11 -2.26149489547774e-11
 1.50482601982233e+06 -3.87623766992951e-11 -2.27500327208028e-11
 1.50896015723942e+06 -3.87349515889932e-11 -2.28928072154076e-11
 1.51309429465652e+06 -3.85112197645275e-11 -2.30427570465240e-11
 1.51722843207361e+06 -3.85200600125836e-11 -2.31991035689314e-11
 1.52136256949071e+06 -3.83711968729799e-11 -2.33608007481876e-11
 1.52549670690780e+06 -3.82695957053745e-11 -2.35265405669027e-11
 1.52963084432490e+06 -3.82352693085849e-11 -2.36947684263855e-11
 1.53376498174199e+06 -3.81057156530656e-11 -2.38637085500667e-11
 1.53789911915908e+06 -3.80649739417495e-11 -2.40313989318847e-11
 1.54203325657618e+06 -3.78510604333861e-11 -2.41957349155254e-11
 1.54616739399327e+06 -3.78431564246265e-11 -2.43545200618459e-11
 1.55030153141037e+06 -3.77361200264002e-11 -2.45055225835290e-11
 1.55443566882746e+06 -3.76358686533630e-11 -2.46465353179182e-11
 1.55856980624456e+06 -3.75133675150945e-11 -2.47754369872770e-11
 1.56270394366165e+06 -3.73387848178279e-11 -2.48902523730065e-11
 1.56683808107874e+06 -3.73624536655050e-11 -2.49892090146362e-11
 1.57097221849584e+06 -3.71347917743248e-11 -2.50707881379173e-11
 1.57510635591293e+06 -3.70575504758416e-11 -2.51337677169907e-11
 1.57924049333003e+06 -3.70124577363149e-11 -2.51772558750473e-11
 1.58337463074712e+06 -3.68892002066252e-11 -2.52007132135255e-11
 1.58750876816422e+06 -3.68715283997024e-11 -2.52039631145434e-11
 1.59164290558131e+06 -3.67599140343326e-11 -2.51871895641476e-11
 1.59577704299840e+06 -3.66894868582741e-11 -2.51509225719700e-11
 1.59991118041550e+06 -3.66134487703562e-11 -2.50960117913596e-11
 1.60404531783259e+06 -3.64516441286650e-11 -2.50235894480717e-11
 1.60817945524969e+06 -3.63969753063110e-11 -2.49350241415792e-11
 1.61231359266678e+06 -3.62304649347177e-11 -2.48318674691402e-11
 1.61644773008388e+06 -3.62277025304568e-11 -2.47157957208422e-11
 1.62058186750097e+06 -3.60641100960804e-11 -2.45885490896895e-11
 1.62471600491806e+06 -3.60226011864824e-11 -2.44518709252261e-11
 1.62885014233516e+06 -3.59674042185368e-11 -2.43074495284408e-11
 1.63298427975225e+06 -3.57845587322502e-11 -2.41568648413397e-11
 1.63711841716935e+06 -3.57491657952085e-11 -2.40015421340412e-11
 1.64125255458644e+06 -3.56274567311642e-11 -2.38427144477875e-11
 1.64538669200354e+06 -3.55189394988250e-11 -2.36813951307093e-11
 1.64952082942063e+06 -3.54921721278894e-11 -2.35183613252712e-11
 1.65365496683772e+06 -3.53204482003372e-11 -2.33541487550922e-11
 1.65778910425482e+06 -3.53085360987086e-11 -2.31890576390730e-11
 1.66192324167191e+06 -3.51860398410480e-11 -2.30231690574287e-11
 1.66605737908901e+06 -3.50757216504256e-11 -2.28563706312751e-11
 1.67019151650610e+06 -3.50225638063773e-11 -2.26883899767088e-11
 1.67432565392320e+06 -3.49204871493276e-11 -2.25188340742918e-11
 1.67845979134029e+06 -3.48453871270559e-11 -2.23472324700725e-11
 1.68259392875739e+06 -3.47793556039287e-11 -2.21730821041405e-11
 1.68672806617448e+06 -3.45848632870287e-11 -2.19958915515814e-11
 1.69086220359157e+06 -3.45721069111577e-11 -2.18152225572513e-11
 1.69499634100867e+06 -3.43725827806017e-11 -2.16307269436244e-11
 1.69913047842576e+06 -3.44056561650121e-11 -2.14421772583391e-11
 1.70326461584286e+06 -3.42395143200997e-11 -2.12494898892119e-11
 1.70739875325995e+06 -3.42766062814594e-11 -2.10527397899956e-11
 1.71153289067705e+06 -3.41218659784791e-11 -2.08521664081159e-11
 1.71566702809414e+06 -3.40458330154845e-11 -2.06481708628440e-11
 1.71980116551123e+06 -3.39543676680281e-11 -2.04413048655825e-11
 1.72393530292833e+06 -3.39030566223325e-11 -2.02322522807126e-11
 1.72806944034542e+06 -3.37658891801055e-11 -2.00218045760123e-11
 1.73220357776252e+06 -3.36996752337964e-11 -1.98108316886759e-11
 1.73633771517961e+06 -3.35541087948365e-11 -1.96002500241295e-11
 1.74047185259671e+06 -3.35357124486532e-11 -1.93909894014923e-11
 1.74460599001380e+06 -3.33894961008158e-11 -1.91839607587732e-11
 1.74874012743089e+06 -3.33749953285627e-11 -1.89800263345978e-11
 1.75287426484799e+06 -3.32074332475483e-11 -1.87799738582054e-11
 1.75700840226508e+06 -3.32241072116472e-11 -1.85844960172006e-11
 1.76114253968218e+06 -3.31038284973121e-11 -1.83941761482491e-11
 1.76527667709927e+06 -3.29864064401357e-11 -1.82094807278708e-11
 1.76941081451637e+06 -3.28457598082054e-11 -1.80307588490882e-11
 1.77354495193346e+06 -3.28180459165051e-11 -1.78582484760283e-11
 1.77767908935055e+06 -3.26730138889708e-11 -1.76920888937601e-11
 1.78181322676765e+06 -3.26464195296132e-11 -1.75323384343739e-11
 1.78594736418474e+06 -3.25313790644908e-11 -1.73789962798363e-11
 1.79008150160184e+06 -3.25309106983909e-11 -1.72320269317763e-11
 1.79421563901893e+06 -3.24413471256936e-11 -1.70913858081033e-11
 1.79834977643603e+06 -3.23410933675487e-11 -1.69570443822073e-11
 1.80248391385312e+06 -3.22637075760631e-11 -1.68290133234199e-11
 1.80661805127021e+06 -3.21880552913196e-11 -1.67073622240100e-11
 1.81075218868731e+06 -3.20546519457436e-11 -1.65922347002688e-11
 1.81488632610440e+06 -3.19666619402174e-11 -1.64838579213895e-11
 1.81902046352150e+06 -3.19097453317387e-11 -1.63825459347830e-11
 1.82315460093859e+06 -3.17950038678535e-11 -1.62886965027290e-11
 1.82728873835569e+06 -3.17817339082379e-11 -1.62027815240049e-11
 1.83142287577278e+06 -3.16679835455406e-11 -1.61253314660495e-11
 1.83555701318987e+06 -3.15788498240947e-11 -1.60569145597055e-11
 1.83969115060697e+06 -3.15549458071313e-11 -1.59981117927010e-11
 1.84382528802406e+06 -3.13523589221666e-11 -1.59494889651775e-11
 1.84795942544116e+06 -3.13840348372929e-11 -1.59115672296304e-11
 1.85209356285825e+06 -3.12359658777277e-11 -1.58847936210424e-11
 1.85622770027535e+06 -3.12039980303887e-11 -1.58695130875491e-11
 1.86036183769244e+06 -3.10976750828992e-11 -1.58659434583748e-11
 1.86449597510954e+06 -3.09955909788438e-11 -1.58741546393113e-11
 1.86863011252663e+06 -3.09436495655613e-11 -1.58940531151690e-11
 1.87276424994372e+06 -3.08850905706929e-11 -1.59253725756262e-11
 1.87689838736082e+06 -3.07890152592354e-11 -1.59676711801698e-11
 1.88103252477791e+06 -3.06646198656973e-11 -1.60203356555602e-11
 1.88516666219501e+06 -3.05804023304822e-11 -1.60825920925895e-11
 1.88930079961210e+06 -3.05641138297501e-11 -1.61535229945731e-11
 1.89343493702920e+06 -3.03813776467700e-11 -1.62320898439820e-11
 1.89756907444629e+06 -3.03322972657948e-11 -1.63171602097479e-11
 1.90170321186338e+06 -3.02209887942216e-11 -1.64075382275736e-11
 1.90583734928048e+06 -3.02213981526963e-11 -1.65019971571151e-11
 1.90997148669757e+06 -3.01836162406954e-11 -1.65993126582455e-11
 1.91410562411467e+06 -3.00536357380055e-11 -1.66982954344355e-11
 1.91823976153176e+06 -3.00045305959683e-11 -1.67978219625536e-11
 1.92237389894886e+06 -2.99279323414596e-11 -1.68968621586995e-11
 1.92650803636595e+06 -2.98217929985783e-11 -1.69945030105085e-11
 1.93064217378304e+06 -2.97521157158042e-11 -1.70899674262934e-11
 1.93477631120014e+06 -2.96024130180824e-11 -1.71826277972884e-11
 1.93891044861723e+06 -2.96230773495378e-11 -1.72720140276206e-11
 1.94304458603433e+06 -2.94707653265240e-11 -1.73578160428994e-11
 1.94717872345142e+06 -2.94645710525326e-11 -1.74398810296484e-11
 1.95131286086852e+06 -2.93589221045869e-11 -1.75182058718324e-11
 1.95544699828561e+06 -2.93019195030010e-11 -1.75929254277653e-11
 1.95958113570270e+06 -2.92641011219727e-11 -1.76642974231834e-11
 1.96371527311980e+06 -2.91353367315622e-11 -1.77326848197428e-11
 1.96784941053689e+06 -2.90603310208198e-11 -1.77985365510648e-11
 1.97198354795399e+06 -2.90274279399957e-11 -1.78623675021835e-11
 1.97611768537108e+06 -2.89059921982160e-11 -1.79247385471450e-11
 1.98025182278818e+06 -2.88762685938749e-11 -1.79862373601491e-11
 1.98438596020527e+06 -2.87612758405946e-11 -1.80474605868337e-11
 1.98852009762236e+06 -2.87101339163842e-11 -1.81089978139393e-11
 1.99265423503946e+06 -2.86417435491747e-11 -1.81714176183767e-11
 1.99678837245655e+06 -2.85113669811282e-11 -1.82352558213631e-11
 2.00092250987365e+06 -2.85332353903345e-11 -1.83010059298274e-11
 2.00505664729074e+06 -2.83938977528289e-11 -1.83691116243545e-11
 2.00919078470784e+06 -2.83087332987153e-11 -1.84399610575275e-11
 2.01332492212493e+06 -2.82085328767125e-11 -1.85138826634301e-11
 2.01745905954202e+06 -2.81379545754871e-11 -1.85911421503773e-11
 2.02159319695912e+06 -2.80893299454148e-11 -1.86719403547089e-11
 2.02572733437621e+06 -2.79671053627583e-11 -1.87564116707279e-11
 2.02986147179331e+06 -2.79207683309327e-11 -1.88446228358880e-11
 2.03399560921040e+06 -2.78749148312259e-11 -1.89365719343520e-11
 2.03812974662750e+06 -2.78364256853460e-11 -1.90321875778112e-11
 2.04226388404459e+06 -2.77720939018925e-11 -1.91313283214465e-11
 2.04639802146168e+06 -2.76928949752938e-11 -1.92337824656745e-11
 2.05053215887878e+06 -2.76190415640757e-11 -1.93392684725799e-11
 2.05466629629587e+06 -2.75453099013139e-11 -1.94474362822174e-11
 2.05880043371297e+06 -2.75426569727768e-11 -1.95578698421701e-11
 2.06293457113006e+06 -2.74362600576825e-11 -1.96700911601537e-11
 2.06706870854716e+06 -2.73779630951342e-11 -1.97835661525566e-11
 2.07120284596425e+06 -2.73044508629068e-11 -1.98977124922193e-11
 2.07533698338135e+06 -2.72182541961778e-11 -2.00119095601083e-11
 2.07947112079844e+06 -2.71369447308444e-11 -2.01255104831861e-11
 2.08360525821553e+06 -2.70775197006316e-11 -2.02378561022491e-11
 2.08773939563263e+06 -2.69737709725372e-11 -2.03482905679855e-11
 2.09187353304972e+06 -2.68920557026687e-11 -2.04561781204577e-11
 2.09600767046682e+06 -2.68333590369041e-11 -2.05609204773132e-11
 2.10014180788391e+06 -2.68090017007931e-11 -2.06619741487225e-11
 2.10427594530101e+06 -2.66794608888134e-11 -2.07588669212517e-11
 2.10841008271810e+06 -2.66521592045776e-11 -2.08512127158282e-11
 2.11254422013519e+06 -2.65655883148110e-11 -2.09387240314974e-11
 2.11667835755229e+06 -2.64955169884004e-11 -2.10212212396500e-11
 2.12081249496938e+06 -2.64386903981565e-11 -2.10986380921132e-11
 2.12494663238648e+06 -2.63245000599168e-11 -2.11710229483800e-11
 2.12908076980357e+06 -2.63426035295933e-11 -2.12385354060263e-11
 2.13321490722067e+06 -2.61836817301636e-11 -2.13014382260413e-11
 2.13734904463776e+06 -2.61647744222052e-11 -2.13600846707380e-11
 2.14148318205485e+06 -2.60115961568940e-11 -2.14149016045177e-11
 2.14561731947195e+06 -2.59930869399573e-11 -2.14663689338900e-11
 2.14975145688904e+06 -2.60223757207916e-11 -2.15149961703643e-11
 2.15388559430614e+06 -2.58738810883331e-11 -2.15612970755382e-11
 2.15801973172323e+06 -2.58844719652654e-11 -2.16057634810980e-11
 2.16215386914033e+06 -2.57154661331462e-11 -2.16488394587572e-11
 2.16628800655742e+06 -2.57457865070476e-11 -2.16908970398434e-11
 2.17042214397451e+06 -2.56606014260163e-11 -2.17322146482228e-11
 2.17455628139161e+06 -2.55915022473320e-11 -2.17729593133998e-11
 2.17869041880870e+06 -2.55303406048456e-11 -2.18131735763210e-11
 2.18282455622580e+06 -2.54178630932380e-11 -2.18527677952532e-11
 2.18695869364289e+06 -2.54198409490040e-11 -2.18915183126824e-11
 2.19109283105999e+06 -2.53566233148820e-11 -2.19290716684527e-11
 2.19522696847708e+06 -2.51983731573289e-11 -2.19649547533999e-11
 2.19936110589417e+06 -2.51972450959458e-11 -2.19985905063742e-11
 2.20349524331127e+06 -2.50596000934060e-11 -2.20293184814212e-11
 2.20762938072836e+06 -2.50585772058750e-11 -2.20564193655193e-11
 2.21176351814546e+06 -2.49767271929413e-11 -2.20791423244788e-11
 2.21589765556255e+06 -2.48497142310328e-11 -2.20967339064301e-11
 2.22003179297965e+06 -2.48507694163946e-11 -2.21084671476670e-11
 2.22416593039674e+06 -2.47212470561163e-11 -2.21136695094458e-11
 2.22830006781383e+06 -2.47014054291353e-11 -2.21117483285223e-11
 2.23243420523093e+06 -2.46588764635873e-11 -2.21022125866078e-11
 2.23656834264802e+06 -2.45560013302514e-11 -2.20846899885812e-11
 2.24070248006512e+06 -2.45638902043056e-11 -2.20589385770723e-11
 2.24483661748221e+06 -2.44555190372746e-11 -2.20248523896775e-11
 2.24897075489931e+06 -2.44712019710366e-11 -2.19824609700158e-11
 2.25310489231640e+06 -2.43223844263287e-11 -2.19319228589420e-11
 2.25723902973349e+06 -2.42695422818512e-11 -2.18735135008092e-11
 2.26137316715059e+06 -2.42292988301253e-11 -2.18076082850487e-11
 2.26550730456768e+06 -2.40988329420210e-11 -2.17346616901361e-11
 2.26964144198478e+06 -2.41107042227223e-11 -2.16551836917856e-11
 2.27377557940187e+06 -2.39693491732937e-11 -2.15697147292844e-11
 2.27790971681897e+06 -2.39385370000654e-11 -2.14788005859197e-11
 2.28204385423606e+06 -2.38965812718152e-11 -2.13829685278503e-11
 2.28617799165316e+06 -2.38318470953578e-11 -2.12827059611283e-11
 2.29031212907025e+06 -2.37716689009927e-11 -2.11784427132148e-11
 2.29444626648734e+06 -2.36992987306490e-11 -2.10705378315716e-11
 2.29858040390444e+06 -2.36328548232387e-11 -2.09592715294576e-11
 2.30271454132153e+06 -2.36049798057090e-11 -2.08448426120943e-11
 2.30684867873863e+06 -2.34873025789232e-11 -2.07273714014496e-11
 2.31098281615572e+06 -2.35028081600268e-11 -2.06069078622517e-11
 2.31511695357282e+06 -2.33464381639083e-11 -2.04834443331570e-11
 2.31925109098991e+06 -2.34049963336666e-11 -2.03569320018839e-11
 2.32338522840700e+06 -2.33125455222297e-11 -2.02273000465607e-11
 2.32751936582410e+06 -2.31751594360187e-11 -2.00944762097983e-11
 2.33165350324119e+06 -2.31676709548851e-11 -1.99584074861416e-11
 2.33578764065829e+06 -2.30500332042328e-11 -1.98190795927789e-11
 2.33992177807538e+06 -2.30769095957036e-11 -1.96765339586007e-11
 2.34405591549248e+06 -2.29503544404052e-11 -1.95308811050168e-11
 2.34819005290957e+06 -2.29135384667247e-11 -1.93823094957553e-11
 2.35232419032666e+06 -2.28046652279662e-11 -1.92310891915274e-11
 2.35645832774376e+06 -2.27670976326452e-11 -1.90775699447207e-11
 2.36059246516085e+06 -2.27549839133770e-11 -1.89221736927286e-11
 2.36472660257795e+06 -2.26908914508567e-11 -1.87653817383793e-11
 2.36886073999504e+06 -2.25906045795911e-11 -1.86077172235110e-11
 2.37299487741214e+06 -2.26033774513624e-11 -1.84497237895157e-11
 2.37712901482923e+06 -2.25258994178493e-11 -1.82919415598764e-11
 2.38126315224632e+06 -2.24376051275177e-11 -1.81348817607287e-11
 2.38539728966342e+06 -2.23491991710723e-11 -1.79790014052813e-11
 2.38953142708051e+06 -2.23437221241648e-11 -1.78246794997249e-11
 2.39366556449761e+06 -2.22627834381427e-11 -1.76721961793698e-11
 2.39779970191470e+06 -2.22690568050355e-11 -1.75217160557129e-11
 2.40193383933180e+06 -2.21848880951616e-11 -1.73732768542697e-11
 2.40606797674889e+06 -2.21009609844163e-11 -1.72267841591768e-11
 2.41020211416598e+06 -2.20249020198058e-11 -1.70820127675849e-11
 2.41433625158308e+06 -2.19750158367216e-11 -1.69386148110828e-11
 2.41847038900017e+06 -2.19284336858914e-11 -1.67961344412709e-11
 2.42260452641727e+06 -2.18762275168135e-11 -1.66540285214001e-11
 2.42673866383436e+06 -2.17514753589673e-11 -1.65116924349366e-11
 2.43087280125146e+06 -2.18326864391048e-11 -1.63684898332658e-11
 2.43500693866855e+06 -2.17095946850982e-11 -1.62237849141810e-11
 2.43914107608564e+06 -2.16948281123168e-11 -1.60769756634743e-11
 2.44327521350274e+06 -2.15850277725694e-11 -1.59275264132082e-11
 2.44740935091983e+06 -2.15933607047840e-11 -1.57749980765805e-11
 2.45154348833693e+06 -2.15202402736830e-11 -1.56190745118583e-11
 2.45567762575402e+06 -2.14379137669559e-11 -1.54595836418474e-11
 2.45981176317112e+06 -2.13927835358706e-11 -1.52965122027620e-11
 2.46394590058821e+06 -2.13838842714610e-11 -1.51300133043066e-11
 2.46808003800530e+06 -2.12497196859740e-11 -1.49604063357906e-11
 2.47221417542240e+06 -2.12605539915085e-11 -1.47881691327614e-11
 2.47634831283949e+06 -2.10807436777690e-11 -1.46139227052625e-11
 2.48048245025659e+06 -2.11050570886364e-11 -1.44384092022014e-11
 2.48461658767368e+06 -2.10752956343924e-11 -1.42624641269022e-11
 2.48875072509078e+06 -2.10718660748978e-11 -1.40869841088010e-11
 2.49288486250787e+06 -2.09992828737431e-11 -1.39128917601729e-11
 2.49701899992497e+06 -2.09409558774512e-11 -1.37410992929331e-11
 2.50115313734206e+06 -2.08795272452312e-11 -1.35724726312245e-11
 2.50528727475915e+06 -2.08673585833763e-11 -1.34077977275277e-11
 2.50942141217625e+06 -2.07820061160764e-11 -1.32477506746704e-11
 2.51355554959334e+06 -2.07189602050614e-11 -1.30928730097784e-11
 2.51768968701044e+06 -2.06520935423335e-11 -1.29435533389074e-11
 2.52182382442753e+06 -2.06125984386955e-11 -1.28000160871725e-11
 2.52595796184463e+06 -2.04697802157169e-11 -1.26623178155053e-11
 2.53009209926172e+06 -2.05047022165534e-11 -1.25303511610937e-11
 2.53422623667881e+06 -2.03214672393945e-11 -1.24038560740543e-11
 2.53836037409591e+06 -2.03538610110723e-11 -1.22824376582804e-11
 2.54249451151300e+06 -2.02803988734564e-11 -1.21655895986099e-11
 2.54662864893010e+06 -2.03058884454400e-11 -1.20527218866459e-11
 2.55076278634719e+06 -2.02546130665326e-11 -1.19431913573004e-11
 2.55489692376429e+06 -2.02414994469821e-11 -1.18363334279768e-11
 2.55903106118138e+06 -2.01512388705004e-11 -1.17314933978423e-11
 2.56316519859847e+06 -2.01093657353667e-11 -1.16280557173114e-11
 2.56729933601557e+06 -2.00024246082451e-11 -1.15254697742013e-11
 2.57143347343266e+06 -2.00044119043099e-11 -1.14232709553308e-11
 2.57556761084976e+06 -1.99040295066447e-11 -1.13210960186170e-11
 2.57970174826685e+06 -1.98437097477976e-11 -1.12186921358016e-11
 2.58383588568395e+06 -1.98126914839404e-11 -1.11159193221212e-11
 2.58797002310104e+06 -1.97802432812944e-11 -1.10127463369291e-11
 2.59210416051813e+06 -1.97668738262495e-11 -1.09092404987615e-11
 2.59623829793523e+06 -1.96751711316736e-11 -1.08055521900657e-11
 2.60037243535232e+06 -1.96571580240158e-11 -1.07018951130115e-11
 2.60450657276942e+06 -1.95241780023782e-11 -1.05985235830899e-11
 2.60864071018651e+06 -1.94795668707281e-11 -1.04957082997028e-11
 2.61277484760361e+06 -1.94456305409911e-11 -1.03937121045239e-11
 2.61690898502070e+06 -1.93912757017365e-11 -1.02927672254749e-11
 2.62104312243779e+06 -1.93722576928294e-11 -1.01930554078496e-11
 2.62517725985489e+06 -1.92938072516420e-11 -1.00946921595487e-11
 2.62931139727198e+06 -1.92906604073183e-11 -9.99771609474316e-12
 2.63344553468908e+06 -1.92434819918527e-11 -9.90208406247033e-12
 2.63757967210617e+06 -1.91645629077262e-11 -9.80767241032017e-12
 2.64171380952327e+06 -1.91301367543149e-11 -9.71428437690506e-12
 2.64584794694036e+06 -1.90847121595867e-11 -9.62166324943447e-12
 2.64998208435745e+06 -1.89821479574010e-11 -9.52951058440420e-12
 2.65411622177455e+06 -1.89728049112499e-11 -9.43750848818628e-12
 2.65825035919164e+06 -1.89067537849463e-11 -9.34534470716948e-12
 2.66238449660874e+06 -1.88529022178964e-11 -9.25273909719393e-12
 2.66651863402583e+06 -1.88081805436466e-11 -9.15946993969795e-12
 2.67065277144293e+06 -1.87784610289369e-11 -9.06539855295350e-12
 2.67478690886002e+06 -1.87594683480392e-11 -8.97049071242076e-12
 2.67892104627712e+06 -1.86382616570160e-11 -8.87483354141139e-12
 2.68305518369421e+06 -1.86640103095836e-11 -8.77864675456798e-12
 2.68718932111130e+06 -1.84706596428391e-11 -8.68228742056989e-12
 2.69132345852840e+06 -1.84765450706767e-11 -8.58624774212751e-12
 2.69545759594549e+06 -1.84468067221231e-11 -8.49114571351807e-12
 2.69959173336259e+06 -1.84255851916101e-11 -8.39770888952797e-12
 2.70372587077968e+06 -1.84071901508879e-11 -8.30675186502970e-12
 2.70786000819678e+06 -1.83608578959175e-11 -8.21914840245415e-12
 2.71199414561387e+06 -1.83309833187783e-11 -8.13579943710451e-12
 2.71612828303096e+06 -1.82570837895571e-11 -8.05759842227813e-12
 2.72026242044806e+06 -1.81976131073986e-11 -7.98539563507332e-12
 2.72439655786515e+06 -1.80660038157354e-11 -7.91996314115899e-12
 2.72853069528225e+06 -1.80650763297510e-11 -7.86196210827011e-12
 2.73266483269934e+06 -1.80227269831294e-11 -7.81191406398343e-12
 2.73679897011644e+06 -1.79252716261629e-11 -7.77017751808758e-12
 2.74093310753353e+06 -1.79022953193374e-11 -7.73693112218047e-12
 2.74506724495062e+06 -1.78813165549279e-11 -7.71216423172764e-12
 2.74920138236772e+06 -1.78872111412312e-11 -7.69567538404613e-12
 2.75333551978481e+06 -1.78480978663063e-11 -7.68707882746189e-12
 2.75746965720191e+06 -1.77798821739914e-11 -7.68581885125411e-12
 2.76160379461900e+06 -1.77268149661244e-11 -7.69119129232221e-12
 2.76573793203610e+06 -1.76859584633225e-11 -7.70237125168303e-12
 2.76987206945319e+06 -1.76714163653500e-11 -7.71844575879949e-12
 2.77400620687028e+06 -1.75267718757165e-11 -7.73844988914800e-12
 2.77814034428738e+06 -1.74741661011179e-11 -7.76140468155280e-12
 2.78227448170447e+06 -1.74120283249592e-11 -7.78635512424307e-12
 2.78640861912157e+06 -1.74597260486565e-11 -7.81240648569062e-12
 2.79054275653866e+06 -1.73809527102036e-11 -7.83875735714301e-12
 2.79467689395576e+06 -1.73340833077329e-11 -7.86472794320403e-12
 2.79881103137285e+06 -1.72475681650698e-11 -7.88978237579134e-12
 2.80294516878994e+06 -1.72435710743889e-11 -7.91354412279018e-12
 2.80707930620704e+06 -1.71979141147657e-11 -7.93580390050692e-12
 2.81121344362413e+06 -1.70863180271555e-11 -7.95651986139355e-12
 2.81534758104123e+06 -1.70504346668210e-11 -7.97581019721470e-12
 2.81948171845832e+06 -1.70867151053872e-11 -7.99393865449775e-12
 2.82361585587542e+06 -1.70755023713362e-11 -8.01129378624268e-12
 2.82774999329251e+06 -1.70300597337433e-11 -8.02836304565410e-12
 2.83188413070960e+06 -1.69481480803224e-11 -8.04570305070622e-12
 2.83601826812670e+06 -1.69917785708801e-11 -8.06390750257775e-12
 2.84015240554379e+06 -1.68337780578843e-11 -8.08357431982587e-12
 2.84428654296089e+06 -1.68606280401181e-11 -8.10527355084598e-12
 2.84842068037798e+06 -1.68007746255718e-11 -8.12951755120525e-12
 2.85255481779508e+06 -1.67268624978165e-11 -8.15673476490230e-12
 2.85668895521217e+06 -1.66937011298159e-11 -8.18724823825633e-12
 2.86082309262927e+06 -1.66252982317444e-11 -8.22125973373379e-12
 2.86495723004636e+06 -1.66038092477168e-11 -8.25884001284509e-12
 2.86909136746345e+06 -1.66007539302221e-11 -8.29992553774524e-12
 2.87322550488055e+06 -1.65351567056923e-11 -8.34432151740858e-12
 2.87735964229764e+06 -1.64496797289694e-11 -8.39171091215032e-12
 2.88149377971474e+06 -1.64356494221188e-11 -8.44166872590967e-12
 2.88562791713183e+06 -1.64230683610077e-11 -8.49368067256144e-12
 2.88976205454893e+06 -1.63517334510229e-11 -8.54716511231028e-12
 2.89389619196602e+06 -1.62787612290490e-11 -8.60149702541555e-12
 2.89803032938311e+06 -1.62123820164511e-11 -8.65603272817324e-12
 2.90216446680021e+06 -1.62198877023190e-11 -8.71013404223925e-12
 2.90629860421730e+06 -1.61881098961522e-11 -8.76319070075515e-12
 2.91043274163440e+06 -1.61140974896022e-11 -8.81463990845480e-12
 2.91456687905149e+06 -1.60839650902074e-11 -8.86398215928961e-12
 2.91870101646859e+06 -1.60784316866546e-11 -8.91079264361353e-12
 2.92283515388568e+06 -1.60450354365667e-11 -8.95472783443224e-12
 2.92696929130277e+06 -1.59740333710972e-11 -8.99552711471395e-12
 2.93110342871987e+06 -1.59815266380676e-11 -9.03300958071878e-12
 2.93523756613696e+06 -1.59269018969500e-11 -9.06706641527293e-12
 2.93937170355406e+06 -1.58630745141253e-11 -9.09764945671991e-12
 2.94350584097115e+06 -1.58757851424718e-11 -9.12475678219069e-12
 2.94763997838825e+06 -1.58254572183153e-11 -9.14841626854670e-12
 2.95177411580534e+06 -1.58103614606841e-11 -9.16866818424360e-12
 2.95590825322243e+06 -1.57298021782370e-11 -9.18554789654955e-12
 2.96004239063953e+06 -1.56880426123838e-11 -9.19906975093821e-12
 2.96417652805662e+06 -1.56160361380901e-11 -9.20921309513989e-12
 2.96831066547372e+06 -1.55944950567577e-11 -9.21591128515754e-12
 2.97244480289081e+06 -1.55224623886859e-11 -9.21904433239696e-12
 2.97657894030791e+06 -1.54970087566500e-11 -9.21843564018749e-12
 2.98071307772500e+06 -1.54501500139579e-11 -9.21385304597150e-12
 2.98484721514209e+06 -1.53779903097996e-11 -9.20501414504282e-12
 2.98898135255919e+06 -1.53823194135799e-11 -9.19159563559799e-12
 2.99311548997628e+06 -1.52890485594455e-11 -9.17324620549298e-12
 2.99724962739338e+06 -1.52583650395602e-11 -9.14960228968665e-12
 3.00138376481047e+06 -1.52916480639174e-11 -9.12030587350111e-12
 3.00551790222757e+06 -1.52328409968026e-11 -9.08502340808067e-12
 3.00965203964466e+06 -1.51911935313953e-11 -9.04346484583545e-12
 3.01378617706175e+06 -1.51593135078789e-11 -8.99540179728826e-12
 3.01792031447885e+06 -1.51568005213956e-11 -8.94068385665875e-12
 3.02205445189594e+06 -1.50827678266068e-11 -8.87925223794777e-12
 3.02618858931304e+06 -1.50161718216553e-11 -8.81115000124602e-12
 3.03032272673013e+06 -1.50103267664446e-11 -8.73652832228284e-12
 3.03445686414723e+06 -1.49907636076952e-11 -8.65564845764018e-12
 3.03859100156432e+06 -1.49180023959329e-11 -8.56887927295408e-12
 3.04272513898141e+06 -1.49387645726378e-11 -8.47669042048582e-12
 3.04685927639851e+06 -1.48989369252907e-11 -8.37964146445885e-12
 3.05099341381560e+06 -1.48119439590197e-11 -8.27836744700316e-12
 3.05512755123270e+06 -1.48218865182328e-11 -8.17356155452665e-12
 3.05926168864979e+06 -1.47091458546119e-11 -8.06595567626166e-12
 3.06339582606689e+06 -1.46927893007022e-11 -7.95629973709952e-12
 3.06752996348398e+06 -1.46506258775021e-11 -7.84534073232555e-12
 3.07166410090108e+06 -1.45993361806764e-11 -7.73380239055274e-12
 3.07579823831817e+06 -1.45589230531407e-11 -7.62236634436716e-12
 3.07993237573526e+06 -1.44822991250177e-11 -7.51165559900922e-12
 3.08406651315236e+06 -1.45216986686869e-11 -7.40222096317271e-12
 3.08820065056945e+06 -1.44628937314059e-11 -7.29453094993872e-12
 3.09233478798655e+06 -1.44188067579334e-11 -7.18896547822481e-12
 3.09646892540364e+06 -1.43899926553818e-11 -7.08581351562133e-12
 3.10060306282074e+06 -1.43636867969789e-11 -6.98527461142108e-12
 3.10473720023783e+06 -1.43812033318639e-11 -6.88746408427159e-12
 3.10887133765492e+06 -1.42725557732714e-11 -6.79242146060752e-12
 3.11300547507202e+06 -1.41605096923726e-11 -6.70012161648156e-12
 3.11713961248911e+06 -1.41624205030881e-11 -6.61048796270882e-12
 3.12127374990621e+06 -1.40925359890343e-11 -6.52340693653428e-12
 3.12540788732330e+06 -1.41567164844387e-11 -6.43874302508162e-12
 3.12954202474040e+06 -1.40625559785637e-11 -6.35635354755232e-12
 3.13367616215749e+06 -1.40421385094613e-11 -6.27610246339058e-12
 3.13781029957458e+06 -1.39790647688266e-11 -6.19787254927480e-12
 3.14194443699168e+06 -1.40077671388601e-11 -6.12157539406815e-12
 3.14607857440877e+06 -1.39904999883102e-11 -6.04715879157670e-12
 3.15021271182587e+06 -1.38712405505211e-11 -5.97461125865936e-12
 3.15434684924296e+06 -1.39142174914350e-11 -5.90396356323679e-12
 3.15848098666006e+06 -1.38745610075548e-11 -5.83528730454522e-12
 3.16261512407715e+06 -1.38016688565627e-11 -5.76869073864046e-12
 3.16674926149424e+06 -1.37633648813275e-11 -5.70431217843512e-12
 3.17088339891134e+06 -1.37111161048533e-11 -5.64231141253058e-12
 3.17501753632843e+06 -1.36557310494645e-11 -5.58285967598531e-12
 3.17915167374553e+06 -1.36622465945107e-11 -5.52612876488014e-12
 3.18328581116262e+06 -1.35963161948769e-11 -5.47227991312455e-12
 3.18741994857972e+06 -1.35525537148551e-11 -5.42145304399177e-12
 3.19155408599681e+06 -1.35525731112559e-11 -5.37375697155498e-12
 3.19568822341390e+06 -1.35280131806808e-11 -5.32926106146906e-12
 3.19982236083100e+06 -1.34712774495417e-11 -5.28798877049264e-12
 3.20395649824809e+06 -1.34624192703032e-11 -5.24991337516557e-12
 3.20809063566519e+06 -1.34295124152932e-11 -5.21495607832463e-12
 3.21222477308228e+06 -1.34082707254323e-11 -5.18298655408616e-12
 3.21635891049938e+06 -1.33279652527337e-11 -5.15382586457581e-12
 3.22049304791647e+06 -1.33083421861926e-11 -5.12725156129005e-12
 3.22462718533356e+06 -1.32927768536921e-11 -5.10300467666530e-12
 3.22876132275066e+06 -1.32723331903503e-11 -5.08079822227314e-12
 3.23289546016775e+06 -1.31394510018492e-11 -5.06032674311439e-12
 3.23702959758485e+06 -1.31394627666423e-11 -5.04127643550278e-12
 3.24116373500194e+06 -1.31431325076799e-11 -5.02333532057766e-12
 3.24529787241904e+06 -1.31528784836387e-11 -5.00620297638597e-12
 3.24943200983613e+06 -1.30323942245828e-11 -4.98959936760335e-12
 3.25356614725323e+06 -1.30113509357457e-11 -4.97327237071854e-12
 3.25770028467032e+06 -1.30664412262167e-11 -4.95700367010996e-12
 3.26183442208741e+06 -1.29630551920597e-11 -4.94061279258864e-12
 3.26596855950451e+06 -1.29472598566397e-11 -4.92395914939616e-12
 3.27010269692160e+06 -1.28610543386023e-11 -4.90694205998625e-12
 3.27423683433870e+06 -1.29095345109599e-11 -4.88949883565345e-12
 3.27837097175579e+06 -1.28225347227659e-11 -4.87160109795426e-12
 3.28250510917289e+06 -1.27925984163560e-11 -4.85324959222757e-12
 3.28663924658998e+06 -1.27631149014204e-11 -4.83446782623930e-12
 3.29077338400707e+06 -1.27585838140279e-11 -4.81529491500947e-12
 3.29490752142417e+06 -1.27367399606207e-11 -4.79577804318897e-12
 3.29904165884126e+06 -1.26816301311876e-11 -4.77596496485880e-12
 3.30317579625836e+06 -1.26721202092421e-11 -4.75589694767672e-12
 3.30730993367545e+06 -1.26731921189723e-11 -4.73560253498997e-12
 3.31144407109255e+06 -1.25570203264062e-11 -4.71509244816191e-12
 3.31557820850964e+06 -1.25570935986312e-11 -4.69435588509561e-12
 3.31971234592673e+06 -1.25014167562252e-11 -4.67335839338635e-12
 3.32384648334383e+06 -1.24890602821647e-11 -4.65204141202976e-12
 3.32798062076092e+06 -1.24586574226639e-11 -4.63032348844315e-12
 3.33211475817802e+06 -1.23910558591883e-11 -4.60810309231618e-12
 3.33624889559511e+06 -1.23572889867696e-11 -4.58526286856000e-12
 3.34038303301221e+06 -1.23835501946371e-11 -4.56167510212535e-12
 3.34451717042930e+06 -1.23222943934924e-11 -4.53720811112695e-12
 3.34865130784639e+06 -1.22893088312851e-11 -4.51173324348456e-12
 3.35278544526349e+06 -1.22349425998327e-11 -4.48513212834447e-12
 3.35691958268058e+06 -1.22924912116438e-11 -4.45730382703975e-12
 3.36105372009768e+06 -1.21810723472879e-11 -4.42817153942361e-12
 3.36518785751477e+06 -1.21878871501618e-11 -4.39768854884306e-12
 3.36932199493187e+06 -1.20831939507017e-11 -4.36584313101106e-12
 3.37345613234896e+06 -1.21297750984369e-11 -4.33266220611441e-12
 3.37759026976605e+06 -1.20735153143913e-11 -4.29821357658789e-12
 3.38172440718315e+06 -1.20308708727207e-11 -4.26260666181468e-12
 3.38585854460024e+06 -1.19880321508013e-11 -4.22599171203109e-12
 3.38999268201734e+06 -1.20062601742014e-11 -4.18855755341566e-12
 3.39412681943443e+06 -1.19677402424150e-11 -4.15052798140080e-12
 3.39826095685153e+06 -1.19041489616916e-11 -4.11215697673214e-12
 3.40239509426862e+06 -1.18758253210230e-11 -4.07372296620249e-12
 3.40652923168571e+06 -1.19260500465800e-11 -4.03552238531219e-12
 3.41066336910281e+06 -1.18098457027561e-11 -3.99786282233664e-12
 3.41479750651990e+06 -1.18050404946265e-11 -3.96105603150059e-12
 3.41893164393700e+06 -1.17751174338347e-11 -3.92541109765998e-12
 3.42306578135409e+06 -1.17128914303711e-11 -3.89122801657061e-12
 3.42719991877119e+06 -1.17110083472048e-11 -3.85879192509486e-12
 3.43133405618828e+06 -1.16675869979040e-11 -3.82836817626240e-12
 3.43546819360538e+06 -1.16431247790500e-11 -3.80019840740686e-12
 3.43960233102247e+06 -1.16108356117188e-11 -3.77449769796010e-12
 3.44373646843956e+06 -1.16126386815969e-11 -3.75145285989680e-12
 3.44787060585666e+06 -1.15502171457975e-11 -3.73122185051402e-12
 3.45200474327375e+06 -1.14886415429133e-11 -3.71393424713350e-12
 3.45613888069085e+06 -1.15156329360529e-11 -3.69969267832553e-12
 3.46027301810794e+06 -1.14791751433836e-11 -3.68857506854658e-12
 3.46440715552504e+06 -1.15071966692823e-11 -3.68063752387770e-12
 3.46854129294213e+06 -1.14180817248175e-11 -3.67591766702308e-12
 3.47267543035922e+06 -1.14305454872261e-11 -3.67443822017662e-12
 3.47680956777632e+06 -1.13220410273548e-11 -3.67621063485948e-12
 3.48094370519341e+06 -1.13123162018516e-11 -3.68123857765470e-12
 3.48507784261051e+06 -1.12859832702186e-11 -3.68952109930236e-12
 3.48921198002760e+06 -1.12476877373371e-11 -3.70105533998333e-12
 3.49334611744470e+06 -1.12354098090956e-11 -3.71583865482655e-12
 3.49748025486179e+06 -1.11637125270152e-11 -3.73387007838006e-12
 3.50161439227888e+06 -1.11981003104064e-11 -3.75515108349910e-12
 3.50574852969598e+06 -1.11845736600670e-11 -3.77968562672526e-12
 3.50988266711307e+06 -1.10839539908663e-11 -3.80747950713613e-12
 3.51401680453017e+06 -1.10819261708555e-11 -3.83853909713518e-12
 3.51815094194726e+06 -1.10324395855639e-11 -3.87286953067685e-12
 3.52228507936436e+06 -1.10310155847532e-11 -3.91047245561567e-12
 3.52641921678145e+06 -1.09775113754414e-11 -3.95134347193253e-12
 3.53055335419854e+06 -1.09509307782929e-11 -3.99546938606911e-12
 3.53468749161564e+06 -1.09230656930326e-11 -4.04282541354835e-12
 3.53882162903273e+06 -1.09020208992650e-11 -4.09337245796865e-12
 3.54295576644983e+06 -1.08941740148130e-11 -4.14705458481839e-12
 3.54708990386692e+06 -1.08681132383209e-11 -4.20379679459116e-12
 3.55122404128402e+06 -1.08087954477447e-11 -4.26350318205129e-12
 3.55535817870111e+06 -1.08726088812002e-11 -4.32605554873102e-12
 3.55949231611820e+06 -1.07649845835050e-11 -4.39131251483368e-12
 3.56362645353530e+06 -1.07613793909838e-11 -4.45910915584469e-12
 3.56776059095239e+06 -1.07372013082512e-11 -4.52925716946365e-12
 3.57189472836949e+06 -1.06535748818239e-11 -4.60154556064239e-12
 3.57602886578658e+06 -1.06636947147999e-11 -4.67574181747880e-12
 3.58016300320368e+06 -1.05797136865202e-11 -4.75159353870462e-12
 3.58429714062077e+06 -1.06212153634821e-11 -4.82883046489332e-12
 3.58843127803786e+06 -1.05475153012099e-11 -4.90716686019412e-12
 3.59256541545496e+06 -1.05328333199569e-11 -4.98630418908170e-12
 3.59669955287205e+06 -1.05454062169746e-11 -5.06593403310628e-12
 3.60083369028915e+06 -1.05327313164125e-11 -5.14574119500162e-12
 3.60496782770624e+06 -1.04761113243534e-11 -5.22540694139583e-12
 3.60910196512334e+06 -1.03957680887299e-11 -5.30461233992498e-12
 3.61323610254043e+06 -1.03642607305911e-11 -5.38304165105687e-12
 3.61737023995752e+06 -1.04033256660993e-11 -5.46038573876462e-12
 3.62150437737462e+06 -1.03096260568075e-11 -5.53634546694378e-12
 3.62563851479171e+06 -1.03220006331739e-11 -5.61063504948432e-12
 3.62977265220881e+06 -1.03133335354910e-11 -5.68298532136057e-12
 3.63390678962590e+06 -1.02628303348423e-11 -5.75314689566668e-12
 3.63804092704300e+06 -1.02592782550879e-11 -5.82089316755196e-12
 3.64217506446009e+06 -1.02012694582271e-11 -5.88602312099555e-12
 3.64630920187719e+06 -1.02143335991940e-11 -5.94836388848001e-12
 3.65044333929428e+06 -1.01368031373234e-11 -6.00777300801963e-12
 3.65457747671137e+06 -1.01501821726076e-11 -6.06414031705466e-12
 3.65871161412847e+06 -1.01151587322005e-11 -6.11738941937279e-12
 3.66284575154556e+06 -1.01373389644792e-11 -6.16747866025354e-12
 3.66697988896266e+06 -1.00850170312219e-11 -6.21440154692048e-12
 3.67111402637975e+06 -1.00367363757909e-11 -6.25818655698078e-12
 3.67524816379685e+06 -1.00102852419653e-11 -6.29889628673506e-12
 3.67938230121394e+06 -9.99132737176029e-12 -6.33662590464770e-12
 3.68351643863103e+06 -1.00060682982032e-11 -6.37150089234311e-12
 3.68765057604813e+06 -9.95009570824222e-12 -6.40367407611036e-12
 3.69178471346522e+06 -9.88048680531882e-12 -6.43332197532609e-12
 3.69591885088232e+06 -9.88047425495682e-12 -6.46064051948484e-12
 3.70005298829941e+06 -9.87705026362148e-12 -6.48584021181478e-12
 3.70418712571651e+06 -9.87084131427549e-12 -6.50914084323780e-12
 3.70832126313360e+06 -9.81946033357667e-12 -6.53076588465956e-12
 3.71245540055069e+06 -9.82230865937182e-12 -6.55093670669155e-12
 3.71658953796779e+06 -9.83137697207445e-12 -6.56986679278465e-12
 3.72072367538488e+06 -9.79278863509317e-12 -6.58775612316180e-12
 3.72485781280198e+06 -9.68151455797558e-12 -6.60478591183358e-12
 3.72899195021907e+06 -9.68422425357180e-12 -6.62111387685103e-12
 3.73312608763617e+06 -9.62071944186573e-12 -6.63687021410173e-12
 3.73726022505326e+06 -9.66377646815676e-12 -6.65215442768728e-12
 3.74139436247035e+06 -9.60558540029730e-12 -6.66703314515936e-12
 3.74552849988745e+06 -9.61251908372240e-12 -6.68153901470114e-12
 3.74966263730454e+06 -9.62805682286236e-12 -6.69567074449550e-12
 3.75379677472164e+06 -9.55470243110276e-12 -6.70939430352408e-12
 3.75793091213873e+06 -9.52784529810312e-12 -6.72264525953632e-12
 3.76206504955583e+06 -9.43981287878858e-12 -6.73533218564455e-12
 3.76619918697292e+06 -9.52137121268918e-12 -6.74734102408813e-12
 3.77033332439001e+06 -9.43251252771028e-12 -6.75854025585583e-12
 3.77446746180711e+06 -9.41890672504421e-12 -6.76878669036862e-12
 3.77860159922420e+06 -9.37744818117542e-12 -6.77793166150381e-12
 3.78273573664130e+06 -9.34227448426866e-12 -6.78582739696769e-12
 3.78686987405839e+06 -9.35698740452660e-12 -6.79233331792341e-12
 3.79100401147549e+06 -9.36685572713227e-12 -6.79732202608965e-12
 3.79513814889258e+06 -9.30769552385643e-12 -6.80068474608865e-12
 3.79927228630967e+06 -9.34188131441372e-12 -6.80233601171420e-12
 3.80340642372677e+06 -9.31497121534556e-12 -6.80221741509192e-12
 3.80754056114386e+06 -9.28577661294256e-12 -6.80030027633698e-12
 3.81167469856096e+06 -9.20154596612017e-12 -6.79658713665122e-12
 3.81580883597805e+06 -9.17292231288179e-12 -6.79111202783982e-12
 3.81994297339515e+06 -9.19832559939961e-12 -6.78393952378929e-12
 3.82407711081224e+06 -9.10785086810356e-12 -6.77516263206544e-12
 3.82821124822934e+06 -9.16261206570637e-12 -6.76489963410912e-12
 3.83234538564643e+06 -9.08116064664680e-12 -6.75329002803795e-12
 3.83647952306352e+06 -9.13482996238757e-12 -6.74048976666570e-12
 3.84061366048062e+06 -9.10201419447293e-12 -6.72666601313416e-12
 3.84474779789771e+06 -9.01966194139348e-12 -6.71199165592732e-12
 3.84888193531481e+06 -9.00767330653614e-12 -6.69663983312197e-12
 3.85301607273190e+06 -8.95008332751391e-12 -6.68077871187985e-12
 3.85715021014900e+06 -8.95444631500860e-12 -6.66456675353896e-12
 3.86128434756609e+06 -8.92793751392192e-12 -6.64814866803810e-12
 3.86541848498318e+06 -8.93141773028639e-12 -6.63165222467189e-12
 3.86955262240028e+06 -8.85699446255233e-12 -6.61518604152246e-12
 3.87368675981737e+06 -8.83377088926667e-12 -6.59883842500666e-12
 3.87782089723447e+06 -8.86243669958772e-12 -6.58267727673401e-12
 3.88195503465156e+06 -8.78967007561627e-12 -6.56675102967540e-12
 3.88608917206866e+06 -8.83667526927136e-12 -6.55109052241353e-12
 3.89022330948575e+06 -8.71733359253082e-12 -6.53571167166445e-12
 3.89435744690284e+06 -8.77455737951146e-12 -6.52061876174373e-12
 3.89849158431994e+06 -8.75157526209626e-12 -6.50580813758195e-12
 3.90262572173703e+06 -8.73321827675474e-12 -6.49127206674117e-12
 3.90675985915413e+06 -8.67114648201319e-12 -6.47700252707134e-12
 3.91089399657122e+06 -8.67328275595873e-12 -6.46299468069103e-12
 3.91502813398832e+06 -8.66226721382679e-12 -6.44924981171413e-12
 3.91916227140541e+06 -8.65906590757731e-12 -6.43577753411152e-12
 3.92329640882250e+06 -8.59791273860536e-12 -6.42259711566997e-12
 3.92743054623960e+06 -8.51153127626216e-12 -6.40973781259544e-12
 3.93156468365669e+06 -8.56884623654385e-12 -6.39723816419237e-12
 3.93569882107379e+06 -8.47106509070804e-12 -6.38514425578979e-12
 3.93983295849088e+06 -8.52008435508038e-12 -6.37350701750614e-12
 3.94396709590798e+06 -8.46019522746124e-12 -6.36237868350233e-12
 3.94810123332507e+06 -8.42181251044253e-12 -6.35180858818120e-12
 3.95223537074216e+06 -8.47588358207059e-12 -6.34183851941280e-12
 3.95636950815926e+06 -8.42958035914316e-12 -6.33249788201369e-12
 3.96050364557635e+06 -8.37775696089739e-12 -6.32379894546019e-12
 3.96463778299345e+06 -8.40013498791994e-12 -6.31573245671794e-12
 3.96877192041054e+06 -8.30021855671183e-12 -6.30826389180267e-12
 3.97290605782764e+06 -8.34470702798285e-12 -6.30133059782919e-12
 3.97704019524473e+06 -8.25945797940795e-12 -6.29484004226893e-12
 3.98117433266182e+06 -8.26003011894890e-12 -6.28866933882759e-12
 3.98530847007892e+06 -8.25405398069370e-12 -6.28266616238628e-12
 3.98944260749601e+06 -8.22845432538584e-12 -6.27665110106441e-12
 3.99357674491311e+06 -8.21325605537125e-12 -6.27042142506528e-12
 3.99771088233020e+06 -8.17844144815760e-12 -6.26375618260744e-12
 4.00184501974730e+06 -8.24702437684387e-12 -6.25642246647142e-12
 4.00597915716439e+06 -8.15330081602412e-12 -6.24818263375021e-12
 4.01011329458148e+06 -8.10002245903477e-12 -6.23880220941865e-12
 4.01424743199858e+06 -8.14385017337620e-12 -6.22805816398506e-12
 4.01838156941567e+06 -8.12917104674902e-12 -6.21574722885918e-12
 4.02251570683277e+06 -8.08597738661544e-12 -6.20169390171989e-12
 4.02664984424986e+06 -8.02428176395539e-12 -6.18575779884925e-12
 4.03078398166696e+06 -8.01243422123777e-12 -6.16784003194595e-12
 4.03491811908405e+06 -7.96797232227755e-12 -6.14788832286143e-12
 4.03905225650115e+06 -8.01559764510711e-12 -6.12590061907225e-12
 4.04318639391824e+06 -7.97863253744304e-12 -6.10192703365265e-12
 4.04732053133533e+06 -7.97183800593203e-12 -6.07607000298527e-12
 4.05145466875243e+06 -7.91447623083783e-12 -6.04848263040729e-12
 4.05558880616952e+06 -7.93349587242518e-12 -6.01936526076625e-12
 4.05972294358662e+06 -7.84914373838382e-12 -5.98896040606998e-12
 4.06385708100371e+06 -7.83209894335990e-12 -5.95754621223312e-12
 4.06799121842081e+06 -7.78826516361776e-12 -5.92542871830395e-12
 4.07212535583790e+06 -7.78272190250016e-12 -5.89293320959408e-12
 4.07625949325499e+06 -7.78157503241585e-12 -5.86039500233154e-12
 4.08039363067209e+06 -7.75794826939916e-12 -5.82815001839105e-12
 4.08452776808918e+06 -7.73461547277068e-12 -5.79652551326079e-12
 4.08866190550628e+06 -7.72403223330460e-12 -5.76583130868777e-12
 4.09279604292337e+06 -7.71388638590237e-12 -5.73635185398407e-12
 4.09693018034047e+06 -7.71877160326260e-12 -5.70833939828719e-12
 4.10106431775756e+06 -7.68043824798082e-12 -5.68200850232081e-12
 4.10519845517465e+06 -7.67931486866224e-12 -5.65753205492698e-12
 4.10933259259175e+06 -7.66073121663150e-12 -5.63503889029717e-12
 4.11346673000884e+06 -7.63527555964172e-12 -5.61461302943417e-12
 4.11760086742594e+06 -7.52358439047554e-12 -5.59629449785046e-12
 4.12173500484303e+06 -7.59035024180306e-12 -5.58008160396621e-12
 4.12586914226013e+06 -7.53259145674359e-12 -5.56593450261246e-12
 4.13000327967722e+06 -7.55219567542066e-12 -5.55377981791754e-12
 4.13413741709431e+06 -7.50889855745431e-12 -5.54351606231276e-12
