#time(au), tau by FD, tau without precession, tau
 0.0000000000e+01 fs:  2.8652907e+01  2.5354077e+02  2.5354077e+02 ps
 1.0000000000e+03 fs: -1.8651842e+00  2.6848194e+02 -9.3726452e-01 ps
 2.0000000000e+03 fs: -7.6167336e-01  2.7347802e+02 -3.9261070e-01 ps
 3.0000000000e+03 fs: -2.5743363e-01  2.7457420e+02 -1.3513484e-01 ps
 4.0000000000e+03 fs: -7.4516764e-01  2.7520126e+02 -3.9566442e-01 ps
 5.0000000000e+03 fs:  5.3180051e+00  2.7519160e+02  3.3442865e+00 ps
 6.0000000000e+03 fs: -3.0265466e-01  2.7558845e+02 -1.6127394e-01 ps
 7.0000000000e+03 fs:  4.2536371e-01  2.7553045e+02  2.2712721e-01 ps
 8.0000000000e+03 fs:  8.7908927e-01  2.7583077e+02  4.7798315e-01 ps
 9.0000000000e+03 fs:  2.8315864e+01  2.7585275e+02 -6.9429421e+01 ps
 1.0000000000e+04 fs: -7.6989555e-01  2.7575095e+02 -3.9709588e-01 ps
 1.1000000000e+04 fs: -4.1457712e+00  2.7567058e+02 -2.0601017e+00 ps
 1.2000000000e+04 fs: -1.5142091e+00  2.7561518e+02 -9.0254120e-01 ps
 1.3000000000e+04 fs:  7.9106508e-01  2.7566929e+02  4.2162238e-01 ps
 1.4000000000e+04 fs: -1.8772407e+00  2.7584702e+02 -1.0469669e+00 ps
 1.5000000000e+04 fs: -5.6232967e+00  2.7560002e+02 -3.3401348e+00 ps
 1.6000000000e+04 fs:  1.1479503e+00  2.7553333e+02  6.5957927e-01 ps
 1.7000000000e+04 fs:  2.0438905e+00  2.7588062e+02  1.0175209e+00 ps
 1.8000000000e+04 fs:  1.7850867e+00  2.7548600e+02  8.9393671e-01 ps
 1.9000000000e+04 fs: -1.1202047e+00  2.7577337e+02 -5.6762881e-01 ps
 2.0000000000e+04 fs: -6.3507974e-01  2.7544875e+02 -3.4223510e-01 ps
 2.1000000000e+04 fs: -1.2612930e+00  2.7589950e+02 -6.6912562e-01 ps
 2.2000000000e+04 fs:  9.6409149e-01  2.7560772e+02  5.0771558e-01 ps
 2.3000000000e+04 fs:  4.4345327e-01  2.7587519e+02  2.3065186e-01 ps
 2.4000000000e+04 fs:  3.2128086e-01  2.7547653e+02  1.7159291e-01 ps
 2.5000000000e+04 fs:  2.7474364e-01  2.7569222e+02  1.4304213e-01 ps
 2.6000000000e+04 fs:  2.3826548e-01  2.7570258e+02  1.2539572e-01 ps
 2.7000000000e+04 fs:  1.1336015e+01  2.7612913e+02  5.3164591e+00 ps
 2.8000000000e+04 fs:  3.0907964e-01  2.7577075e+02  1.6283779e-01 ps
 2.9000000000e+04 fs: -1.0373534e+00  2.7594504e+02 -5.7718063e-01 ps
 3.0000000000e+04 fs:  5.0743190e+01  2.7578480e+02 -8.5204338e+00 ps
 3.1000000000e+04 fs:  5.2760256e-01  2.7580964e+02  2.8121872e-01 ps
 3.2000000000e+04 fs: -4.2513881e-01  2.7562172e+02 -2.1964040e-01 ps
 3.3000000000e+04 fs:  1.5658112e+00  2.7584930e+02  7.9550060e-01 ps
 3.4000000000e+04 fs: -4.6478133e+00  2.7567838e+02 -4.1597978e+00 ps
 3.5000000000e+04 fs: -2.7233081e-01  2.7593602e+02 -1.4301580e-01 ps
 3.6000000000e+04 fs: -2.2373846e-01  2.7566538e+02 -1.1824491e-01 ps
 3.7000000000e+04 fs:  1.9973361e+00  2.7589444e+02  9.2138872e-01 ps
 3.8000000000e+04 fs: -3.8849022e-01  2.7495086e+02 -1.9437211e-01 ps
 3.9000000000e+04 fs:  3.9641951e+00  2.7526010e+02  2.3611967e+00 ps
 4.0000000000e+04 fs:  1.0289167e+00  2.7535365e+02  6.1668782e-01 ps
 4.1000000000e+04 fs:  6.0272644e-01  2.7496162e+02  3.4443061e-01 ps
 4.2000000000e+04 fs:  2.1822300e-01  2.7542343e+02  1.1822291e-01 ps
 4.3000000000e+04 fs: -4.4433705e-01  2.7519443e+02 -2.3616285e-01 ps
 4.4000000000e+04 fs:  4.7069996e-01  2.7578398e+02  2.5486403e-01 ps
 4.5000000000e+04 fs: -1.0188886e+00  2.7578387e+02 -5.8504329e-01 ps
 4.6000000000e+04 fs:  4.9296472e+00  2.7500771e+02  2.9473797e+00 ps
 4.7000000000e+04 fs:  4.1382801e-01  2.7518380e+02  2.3494848e-01 ps
 4.8000000000e+04 fs: -4.1544696e-01  2.7557184e+02 -2.0704196e-01 ps
 4.9000000000e+04 fs:  1.8326580e-01  2.7495995e+02  9.8969647e-02 ps
 5.0000000000e+04 fs:  1.2300480e+00  2.7619658e+02  7.7017567e-01 ps
 5.1000000000e+04 fs:  3.7782991e-01  2.7589561e+02  1.9964143e-01 ps
 5.2000000000e+04 fs:  3.5978559e-01  2.7641051e+02  1.9044748e-01 ps
 5.3000000000e+04 fs:  3.6869649e-01  2.7637213e+02  2.0017415e-01 ps
 5.4000000000e+04 fs: -1.7184368e-01  2.7578544e+02 -8.9672185e-02 ps
 5.5000000000e+04 fs:  1.8562271e-01  2.7507398e+02  1.0037200e-01 ps
 5.6000000000e+04 fs: -1.3684151e+00  2.7492175e+02 -7.6069170e-01 ps
 5.7000000000e+04 fs: -9.3833647e-01  2.7510048e+02 -5.6300036e-01 ps
 5.8000000000e+04 fs:  1.2329852e-01  2.7610909e+02  6.4442645e-02 ps
 5.9000000000e+04 fs:  8.4095433e-01  2.7601348e+02  4.6801439e-01 ps
 6.0000000000e+04 fs:  2.9145544e-01  2.7552169e+02  1.5116869e-01 ps
 6.1000000000e+04 fs:  8.7389661e-01  2.7611958e+02  5.9715494e-01 ps
 6.2000000000e+04 fs: -2.4950098e-01  2.7641271e+02 -1.3304235e-01 ps
 6.3000000000e+04 fs: -1.4461230e-01  2.7537695e+02 -7.6137041e-02 ps
 6.4000000000e+04 fs: -1.3839661e-01  2.7620759e+02 -7.1191381e-02 ps
 6.5000000000e+04 fs: -1.7703771e-01  2.7430112e+02 -9.3206438e-02 ps
 6.6000000000e+04 fs: -8.4215270e-02  2.7528348e+02 -4.4507636e-02 ps
 6.7000000000e+04 fs: -1.9971861e-01  2.7631653e+02 -1.0544387e-01 ps
 6.8000000000e+04 fs: -2.2957917e-01  2.7414426e+02 -1.2391387e-01 ps
 6.9000000000e+04 fs: -2.4272298e-01  2.7538502e+02 -1.2940512e-01 ps
 7.0000000000e+04 fs:  5.5450079e-01  2.7500610e+02  2.9544640e-01 ps
 7.1000000000e+04 fs:  3.9287164e-01  2.7608794e+02  2.1234265e-01 ps
 7.2000000000e+04 fs: -2.2984239e-01  2.7565073e+02 -1.2303961e-01 ps
 7.3000000000e+04 fs: -1.1026884e-01  2.7663934e+02 -5.7740252e-02 ps
 7.4000000000e+04 fs:  3.0960360e-01  2.7547932e+02  1.7223484e-01 ps
 7.5000000000e+04 fs: -2.7735364e-01  2.7603402e+02 -1.4077714e-01 ps
 7.6000000000e+04 fs:  4.3934597e-01  2.7622356e+02  2.3558943e-01 ps
 7.7000000000e+04 fs: -2.5107230e-01  2.7511115e+02 -1.3576875e-01 ps
 7.8000000000e+04 fs: -4.8642256e-01  2.7599281e+02 -2.4372604e-01 ps
 7.9000000000e+04 fs: -2.1036470e-01  2.7583859e+02 -1.1578432e-01 ps
 8.0000000000e+04 fs:  1.6022468e-01  2.7705009e+02  8.5809363e-02 ps
 8.1000000000e+04 fs:  2.4124470e-01  2.7567339e+02  1.2733763e-01 ps
 8.2000000000e+04 fs:  3.3882624e-01  2.7635685e+02  1.8687804e-01 ps
 8.3000000000e+04 fs:  7.8204315e-01  2.7557425e+02  4.9063163e-01 ps
 8.4000000000e+04 fs:  9.2696532e-02  2.7702543e+02  4.8224569e-02 ps
 8.5000000000e+04 fs:  2.8829382e-01  2.7558973e+02  1.4825443e-01 ps
 8.6000000000e+04 fs: -1.2820898e-01  2.7744483e+02 -6.7573913e-02 ps
 8.7000000000e+04 fs: -3.6697361e-01  2.7612216e+02 -2.1078821e-01 ps
 8.8000000000e+04 fs: -1.2155720e-01  2.7564482e+02 -6.4443070e-02 ps
 8.9000000000e+04 fs:  2.3535687e+00  2.7545540e+02  1.8835118e+00 ps
 9.0000000000e+04 fs: -1.7883877e-01  2.7703176e+02 -9.4673595e-02 ps
 9.1000000000e+04 fs: -1.0280915e+00  2.7401960e+02 -4.7518211e-01 ps
 9.2000000000e+04 fs: -1.2390050e-01  2.7745645e+02 -6.5581688e-02 ps
 9.3000000000e+04 fs:  1.2382133e-01  2.7567579e+02  6.1924033e-02 ps
 9.4000000000e+04 fs: -7.5453345e-02  2.7713560e+02 -4.0175704e-02 ps
 9.5000000000e+04 fs: -1.9676081e-01  2.7390892e+02 -1.0438934e-01 ps
 9.6000000000e+04 fs: -7.1985060e-02  2.7408360e+02 -3.8232950e-02 ps
 9.7000000000e+04 fs:  9.8356714e-02  2.7445730e+02  5.2173258e-02 ps
 9.8000000000e+04 fs:  2.1407747e-01  2.7517297e+02  1.1236207e-01 ps
 9.9000000000e+04 fs:  1.5756256e-01  2.7520218e+02  8.4400012e-02 ps
