E(eV) ImSigma(eV) N_States
 1.4301223e+00  8.0444053e-05 2
 1.4310852e+00  1.0274912e-04 28
 1.4323691e+00  1.1903384e-04 24
 1.4333320e+00  1.2198345e-04 48
 1.4336529e+00  1.1970757e-04 16
 1.4349368e+00  1.2108363e-04 12
 1.4358997e+00  1.1992250e-04 48
 1.4362206e+00  1.2024323e-04 48
 1.4375045e+00  1.1250297e-04 48
 1.4381464e+00  1.0852562e-04 64
 1.4397513e+00  1.1225431e-04 24
 1.4407142e+00  1.1022662e-04 96
 1.4410351e+00  1.0749915e-04 60
 1.4423190e+00  1.0138433e-04 48
 1.4429609e+00  9.8292741e-05 30
 1.4432819e+00  9.6297732e-05 48
 1.4436029e+00  9.5008419e-05 18
 1.4445658e+00  9.4765632e-05 16
 1.4455287e+00  9.5060804e-05 96
 1.4458496e+00  9.9472456e-05 48
 1.4471335e+00  9.1709254e-05 96
 1.4477754e+00  7.4032176e-05 96
 1.4480964e+00  7.3492422e-05 48
