E(Har) ImSigma_kn(Har) b^2
 5.2551525e-02  2.9562646e-06  8.7707619e-14  8.9261931e-14  7.9658502e-14
 5.2551525e-02  2.9562646e-06  8.7652108e-14  8.9317442e-14  8.8207219e-14
 5.2585602e-02  3.6967409e-06  1.0598748e-05  1.0591440e-05  1.0598925e-05
 5.2585603e-02  3.6967867e-06  1.0599357e-05  1.0591440e-05  1.0598809e-05
 5.2687395e-02  4.3989903e-06  4.1826229e-05  4.1796288e-05  4.1825421e-05
 5.2687397e-02  4.3989789e-06  4.1825941e-05  4.1796291e-05  4.1825299e-05
 5.2855602e-02  3.9086760e-06  9.2033579e-05  9.1970272e-05  9.2031235e-05
 5.2855610e-02  3.9084628e-06  9.2036290e-05  9.1970277e-05  9.2035488e-05
 5.3088137e-02  3.4825354e-06  2.1307545e-01  4.9871744e-01  9.0669480e-02
 5.3088156e-02  3.4821666e-06  2.1307546e-01  4.9871744e-01  9.0669495e-02
 5.3088137e-02  3.4825354e-06  2.1307556e-01  4.9871729e-01  9.0669398e-02
 5.3088156e-02  3.4821666e-06  2.1307558e-01  4.9871730e-01  9.0669413e-02
 5.2855602e-02  3.9086760e-06  9.2033580e-05  9.1970273e-05  9.2031235e-05
 5.2855610e-02  3.9084628e-06  9.2036290e-05  9.1970278e-05  9.2035487e-05
 5.2687395e-02  4.3989903e-06  4.1826229e-05  4.1796289e-05  4.1825421e-05
 5.2687397e-02  4.3989789e-06  4.1825941e-05  4.1796292e-05  4.1825299e-05
 5.2585602e-02  3.6967409e-06  1.0598749e-05  1.0591440e-05  1.0598925e-05
 5.2585603e-02  3.6967867e-06  1.0599357e-05  1.0591440e-05  1.0598809e-05
 5.2585602e-02  3.6967278e-06  1.0598282e-05  1.0598303e-05  1.0591332e-05
 5.2585604e-02  3.6967827e-06  1.0599361e-05  1.0599453e-05  1.0591333e-05
 5.2596968e-02  3.8811940e-06  2.1272957e-05  1.0537667e-05  1.0538608e-05
 5.2596969e-02  3.8812425e-06  2.1272984e-05  1.0540367e-05  1.0538987e-05
 5.2676116e-02  4.4821289e-06  4.9705259e-01  1.4687189e-01  1.4607490e-01
 5.2676261e-02  4.4833693e-06  4.9705259e-01  1.4687166e-01  1.4607468e-01
 5.2822032e-02  4.1350649e-06  4.9415737e-01  1.4430708e-01  1.4873588e-01
 5.2822465e-02  4.1339276e-06  4.9415738e-01  1.4430641e-01  1.4873522e-01
 5.3032896e-02  3.6127310e-06  4.9199207e-01  1.4313270e-01  1.5003770e-01
 5.3033749e-02  3.6099197e-06  4.9199209e-01  1.4313140e-01  1.5003641e-01
 5.3208046e-02  2.7215756e-06  4.9761721e-01  1.4965392e-01  1.4348017e-01
 5.3209477e-02  2.7017017e-06  4.9761722e-01  1.4965179e-01  1.4347808e-01
 5.2955322e-02  3.9704746e-06  4.9985880e-01  1.4897234e-01  1.4406771e-01
 5.2956194e-02  3.9706759e-06  4.9985880e-01  1.4897103e-01  1.4406642e-01
 5.2765923e-02  4.4061909e-06  4.9709586e-01  1.4843875e-01  1.4454729e-01
 5.2766364e-02  4.4073853e-06  4.9709586e-01  1.4843808e-01  1.4454663e-01
 5.2642164e-02  4.3724947e-06  4.9131345e-01  1.4899916e-01  1.4404809e-01
 5.2642311e-02  4.3752063e-06  4.9131346e-01  1.4899894e-01  1.4404786e-01
 5.2687395e-02  4.3988670e-06  4.1824839e-05  4.1824912e-05  4.1795855e-05
 5.2687396e-02  4.3989761e-06  4.1825520e-05  4.1825884e-05  4.1795884e-05
 5.2676115e-02  4.4821266e-06  4.9753914e-01  1.4367787e-01  1.4928700e-01
 5.2676263e-02  4.4833150e-06  4.9753914e-01  1.4367766e-01  1.4928677e-01
 5.2732665e-02  4.4497381e-06  8.3670958e-05  4.1446351e-05  4.1453371e-05
 5.2732667e-02  4.4497669e-06  8.3671010e-05  4.1458440e-05  4.1449674e-05
 5.2855892e-02  4.0158112e-06  4.9467500e-01  1.4538534e-01  1.4764973e-01
 5.2856325e-02  4.0137388e-06  4.9467501e-01  1.4538466e-01  1.4764909e-01
 5.3044399e-02  3.4972505e-06  4.9389509e-01  1.4461780e-01  1.4849542e-01
 5.3045541e-02  3.4916106e-06  4.9389511e-01  1.4461604e-01  1.4849373e-01
 5.3120381e-02  3.6849426e-06  4.9964154e-01  1.4748998e-01  1.4558774e-01
 5.3122530e-02  3.6849147e-06  4.9964155e-01  1.4748677e-01  1.4558454e-01
 5.2910851e-02  4.1242257e-06  4.9854476e-01  1.4713208e-01  1.4588202e-01
 5.2912013e-02  4.1254116e-06  4.9854477e-01  1.4713033e-01  1.4588028e-01
 5.2765924e-02  4.4060981e-06  4.9701527e-01  1.4701943e-01  1.4595737e-01
 5.2766364e-02  4.4073145e-06  4.9701527e-01  1.4701876e-01  1.4595670e-01
 5.2855604e-02  3.9085008e-06  9.2031815e-05  9.2032676e-05  9.1969345e-05
 5.2855608e-02  3.9082992e-06  9.2034113e-05  9.2034195e-05  9.1969384e-05
 5.2822031e-02  4.1350615e-06  4.9442378e-01  1.4710156e-01  1.4592420e-01
 5.2822467e-02  4.1338044e-06  4.9442379e-01  1.4710091e-01  1.4592353e-01
 5.2855890e-02  4.0159035e-06  4.9494322e-01  1.4685051e-01  1.4617732e-01
 5.2856327e-02  4.0136491e-06  4.9494322e-01  1.4684987e-01  1.4617664e-01
 5.2956756e-02  3.8697940e-06  1.8312694e-04  9.0724616e-05  9.0742509e-05
 5.2956759e-02  3.8694606e-06  1.8312696e-04  9.0728080e-05  9.0706312e-05
 5.3122517e-02  3.3025413e-06  4.9422737e-01  1.4418812e-01  1.4894769e-01
 5.3123369e-02  3.3004603e-06  4.9422738e-01  1.4418679e-01  1.4894646e-01
 5.3120382e-02  3.6848434e-06  4.9961799e-01  1.4642340e-01  1.4665182e-01
 5.3122530e-02  3.6848498e-06  4.9961799e-01  1.4642020e-01  1.4664861e-01
 5.2955323e-02  3.9702661e-06  4.9995173e-01  1.4571006e-01  1.4731478e-01
 5.2956193e-02  3.9705267e-06  4.9995173e-01  1.4570876e-01  1.4731347e-01
 5.3088139e-02  3.4823283e-06  1.4318818e-01  1.5031745e-01  4.8301165e-01
 5.3088154e-02  3.4819921e-06  1.4318819e-01  1.5031746e-01  4.8301165e-01
 5.3032895e-02  3.6127448e-06  4.9219932e-01  1.4880604e-01  1.4434011e-01
 5.3033752e-02  3.6097479e-06  4.9219934e-01  1.4880475e-01  1.4433880e-01
 5.3044397e-02  3.4973908e-06  4.9403312e-01  1.4790090e-01  1.4520448e-01
 5.3045543e-02  3.4914920e-06  4.9403314e-01  1.4789920e-01  1.4520272e-01
 5.3122514e-02  3.3027595e-06  4.9439586e-01  1.4855453e-01  1.4457376e-01
 5.3123371e-02  3.3003418e-06  4.9439587e-01  1.4855329e-01  1.4457242e-01
 5.3208047e-02  2.7213914e-06  4.9771575e-01  1.4470432e-01  1.4841187e-01
 5.3209476e-02  2.7016236e-06  4.9771575e-01  1.4470222e-01  1.4840975e-01
 5.3088139e-02  3.4823283e-06  1.4318904e-01  1.5031668e-01  4.8300933e-01
 5.3088154e-02  3.4819921e-06  1.4318905e-01  1.5031669e-01  4.8300933e-01
 5.3208047e-02  2.7213914e-06  4.9771573e-01  1.4470432e-01  1.4841187e-01
 5.3209476e-02  2.7016236e-06  4.9771573e-01  1.4470222e-01  1.4840975e-01
 5.3122514e-02  3.3027595e-06  4.9439584e-01  1.4855456e-01  1.4457373e-01
 5.3123371e-02  3.3003418e-06  4.9439586e-01  1.4855332e-01  1.4457239e-01
 5.3044397e-02  3.4973908e-06  4.9403310e-01  1.4790091e-01  1.4520446e-01
 5.3045543e-02  3.4914920e-06  4.9403312e-01  1.4789921e-01  1.4520271e-01
 5.3032895e-02  3.6127448e-06  4.9219930e-01  1.4880605e-01  1.4434010e-01
 5.3033752e-02  3.6097479e-06  4.9219932e-01  1.4880477e-01  1.4433879e-01
 5.2855604e-02  3.9085008e-06  9.2031816e-05  9.2032675e-05  9.1969345e-05
 5.2855608e-02  3.9082992e-06  9.2034114e-05  9.2034194e-05  9.1969384e-05
 5.2955323e-02  3.9702661e-06  4.9995171e-01  1.4571007e-01  1.4731477e-01
 5.2956193e-02  3.9705267e-06  4.9995171e-01  1.4570877e-01  1.4731346e-01
 5.3120382e-02  3.6848434e-06  4.9961799e-01  1.4642340e-01  1.4665181e-01
 5.3122530e-02  3.6848498e-06  4.9961800e-01  1.4642020e-01  1.4664861e-01
 5.3122517e-02  3.3025413e-06  4.9422737e-01  1.4418810e-01  1.4894771e-01
 5.3123369e-02  3.3004603e-06  4.9422739e-01  1.4418676e-01  1.4894648e-01
 5.2956756e-02  3.8697941e-06  1.8312694e-04  9.0724617e-05  9.0742509e-05
 5.2956759e-02  3.8694606e-06  1.8312696e-04  9.0728081e-05  9.0706312e-05
 5.2855890e-02  4.0159035e-06  4.9494320e-01  1.4685052e-01  1.4617732e-01
 5.2856327e-02  4.0136491e-06  4.9494320e-01  1.4684988e-01  1.4617663e-01
 5.2822031e-02  4.1350615e-06  4.9442376e-01  1.4710156e-01  1.4592421e-01
 5.2822467e-02  4.1338044e-06  4.9442376e-01  1.4710090e-01  1.4592354e-01
 5.2687395e-02  4.3988670e-06  4.1824840e-05  4.1824912e-05  4.1795856e-05
 5.2687396e-02  4.3989761e-06  4.1825521e-05  4.1825883e-05  4.1795884e-05
 5.2765924e-02  4.4060981e-06  4.9701529e-01  1.4701946e-01  1.4595734e-01
 5.2766364e-02  4.4073145e-06  4.9701529e-01  1.4701879e-01  1.4595667e-01
 5.2910851e-02  4.1242257e-06  4.9854477e-01  1.4713209e-01  1.4588201e-01
 5.2912013e-02  4.1254116e-06  4.9854478e-01  1.4713034e-01  1.4588027e-01
 5.3120381e-02  3.6849426e-06  4.9964155e-01  1.4748998e-01  1.4558773e-01
 5.3122530e-02  3.6849147e-06  4.9964155e-01  1.4748677e-01  1.4558454e-01
 5.3044399e-02  3.4972505e-06  4.9389509e-01  1.4461779e-01  1.4849543e-01
 5.3045541e-02  3.4916106e-06  4.9389511e-01  1.4461603e-01  1.4849374e-01
 5.2855892e-02  4.0158112e-06  4.9467501e-01  1.4538534e-01  1.4764974e-01
 5.2856325e-02  4.0137388e-06  4.9467501e-01  1.4538466e-01  1.4764910e-01
 5.2732665e-02  4.4497381e-06  8.3670959e-05  4.1446351e-05  4.1453371e-05
 5.2732667e-02  4.4497669e-06  8.3671012e-05  4.1458441e-05  4.1449674e-05
 5.2676115e-02  4.4821266e-06  4.9753911e-01  1.4367780e-01  1.4928707e-01
 5.2676263e-02  4.4833150e-06  4.9753911e-01  1.4367759e-01  1.4928684e-01
 5.2585602e-02  3.6967278e-06  1.0598282e-05  1.0598302e-05  1.0591333e-05
 5.2585604e-02  3.6967827e-06  1.0599362e-05  1.0599452e-05  1.0591333e-05
 5.2642164e-02  4.3724947e-06  4.9131347e-01  1.4899927e-01  1.4404798e-01
 5.2642311e-02  4.3752063e-06  4.9131348e-01  1.4899904e-01  1.4404776e-01
 5.2765923e-02  4.4061909e-06  4.9709587e-01  1.4843878e-01  1.4454726e-01
 5.2766364e-02  4.4073853e-06  4.9709587e-01  1.4843811e-01  1.4454659e-01
 5.2955322e-02  3.9704746e-06  4.9985879e-01  1.4897235e-01  1.4406770e-01
 5.2956194e-02  3.9706759e-06  4.9985880e-01  1.4897104e-01  1.4406641e-01
 5.3208046e-02  2.7215756e-06  4.9761720e-01  1.4965392e-01  1.4348017e-01
 5.3209477e-02  2.7017017e-06  4.9761721e-01  1.4965179e-01  1.4347807e-01
 5.3032896e-02  3.6127310e-06  4.9199208e-01  1.4313270e-01  1.5003770e-01
 5.3033749e-02  3.6099197e-06  4.9199210e-01  1.4313139e-01  1.5003641e-01
 5.2822032e-02  4.1350649e-06  4.9415737e-01  1.4430709e-01  1.4873587e-01
 5.2822465e-02  4.1339276e-06  4.9415738e-01  1.4430642e-01  1.4873521e-01
 5.2676116e-02  4.4821289e-06  4.9705260e-01  1.4687196e-01  1.4607483e-01
 5.2676261e-02  4.4833693e-06  4.9705260e-01  1.4687174e-01  1.4607461e-01
 5.2596968e-02  3.8811940e-06  2.1272958e-05  1.0537668e-05  1.0538608e-05
 5.2596969e-02  3.8812425e-06  2.1272985e-05  1.0540368e-05  1.0538987e-05
 5.2585634e-02  3.6976720e-06  1.0608796e-05  1.0608752e-05  1.0608683e-05
 5.2585635e-02  3.6976824e-06  1.0608484e-05  1.0608541e-05  1.0608661e-05
 5.2596968e-02  3.8812023e-06  1.0537631e-05  2.1272981e-05  1.0538907e-05
 5.2596969e-02  3.8812442e-06  1.0540339e-05  2.1272943e-05  1.0538793e-05
 5.2676084e-02  4.4820089e-06  1.5061188e-01  4.9981820e-01  1.4237019e-01
 5.2676230e-02  4.4831815e-06  1.5061166e-01  4.9981820e-01  1.4236996e-01
 5.2821965e-02  4.1353524e-06  1.4850511e-01  4.9994285e-01  1.4448701e-01
 5.2822403e-02  4.1340382e-06  1.4850445e-01  4.9994284e-01  1.4448634e-01
 5.3032789e-02  3.6132994e-06  1.4782681e-01  4.9997847e-01  1.4522378e-01
 5.3033658e-02  3.6101635e-06  1.4782552e-01  4.9997847e-01  1.4522249e-01
 5.3208235e-02  2.7194458e-06  1.4574801e-01  4.9995050e-01  1.4735303e-01
 5.3209617e-02  2.7002702e-06  1.4574588e-01  4.9995050e-01  1.4735090e-01
 5.2955463e-02  3.9705987e-06  1.4549010e-01  4.9994412e-01  1.4753598e-01
 5.2956311e-02  3.9710435e-06  1.4548878e-01  4.9994412e-01  1.4753467e-01
 5.2766024e-02  4.4064378e-06  1.4510364e-01  4.9992210e-01  1.4786523e-01
 5.2766456e-02  4.4077451e-06  1.4510297e-01  4.9992210e-01  1.4786457e-01
 5.2642228e-02  4.3733613e-06  1.4438494e-01  4.9981828e-01  1.4855060e-01
 5.2642374e-02  4.3760882e-06  1.4438472e-01  4.9981828e-01  1.4855038e-01
 5.2596968e-02  3.8811821e-06  1.0537798e-05  1.0537783e-05  2.1272844e-05
 5.2596970e-02  3.8812291e-06  1.0539721e-05  1.0539746e-05  2.1272843e-05
 5.2585602e-02  3.6968696e-06  1.0591400e-05  1.0598652e-05  1.0598844e-05
 5.2585603e-02  3.6968957e-06  1.0591442e-05  1.0599351e-05  1.0598842e-05
 5.2642164e-02  4.3728054e-06  1.4610815e-01  1.4681593e-01  4.9938015e-01
 5.2642311e-02  4.3754382e-06  1.4610793e-01  1.4681570e-01  4.9938016e-01
 5.2765924e-02  4.4066488e-06  1.4593225e-01  1.4703368e-01  4.9891231e-01
 5.2766363e-02  4.4076351e-06  1.4593159e-01  1.4703301e-01  4.9891231e-01
 5.2955323e-02  3.9710535e-06  1.4509717e-01  1.4794226e-01  4.9724904e-01
 5.2956193e-02  3.9708319e-06  1.4509588e-01  1.4794096e-01  4.9724904e-01
 5.3208048e-02  2.7221025e-06  1.4429061e-01  1.4884917e-01  4.9571361e-01
 5.3209476e-02  2.7017193e-06  1.4428852e-01  1.4884705e-01  4.9571362e-01
 5.3032894e-02  3.6122208e-06  1.4868057e-01  1.4452133e-01  4.8992191e-01
 5.3033751e-02  3.6098604e-06  1.4867928e-01  1.4452002e-01  4.8992193e-01
 5.2822031e-02  4.1346858e-06  1.4668135e-01  1.4640602e-01  4.9132309e-01
 5.2822466e-02  4.1337875e-06  1.4668070e-01  1.4640534e-01  4.9132310e-01
 5.2676115e-02  4.4819266e-06  1.4198771e-01  1.5108157e-01  4.9263461e-01
 5.2676262e-02  4.4832654e-06  1.4198750e-01  1.5108134e-01  4.9263461e-01
 5.2676084e-02  4.4819656e-06  1.4643055e-01  1.4650468e-01  4.9906749e-01
 5.2676228e-02  4.4831136e-06  1.4643032e-01  1.4650445e-01  4.9906749e-01
 5.2642164e-02  4.3727882e-06  1.4842419e-01  4.9082274e-01  1.4462831e-01
 5.2642311e-02  4.3753892e-06  1.4842397e-01  4.9082274e-01  1.4462808e-01
 5.2676084e-02  4.4822420e-06  4.9958344e-01  1.5051316e-01  1.4246686e-01
 5.2676229e-02  4.4833653e-06  4.9958345e-01  1.5051293e-01  1.4246664e-01
 5.2777248e-02  4.4188725e-06  2.7447047e-01  5.3811604e-02  4.9953067e-01
 5.2777709e-02  4.4191889e-06  2.7447003e-01  5.3810712e-02  4.9953066e-01
 5.2944385e-02  4.0513452e-06  2.5930048e-01  7.1998003e-02  4.0625345e-01
 5.2945458e-02  4.0504750e-06  2.5929940e-01  7.1996033e-02  4.0625303e-01
 5.3175465e-02  3.3799450e-06  2.6043128e-01  8.0598278e-02  3.7127689e-01
 5.3177383e-02  3.3628791e-06  2.6042939e-01  8.0594863e-02  3.7127584e-01
 5.3175463e-02  3.3790776e-06  3.7006494e-01  8.1306358e-02  2.5984770e-01
 5.3177384e-02  3.3626522e-06  3.7006388e-01  8.1302937e-02  2.5984582e-01
 5.2944384e-02  4.0505695e-06  4.0431953e-01  7.2852410e-02  2.5854490e-01
 5.2945459e-02  4.0501260e-06  4.0431910e-01  7.2850436e-02  2.5854383e-01
 5.2777247e-02  4.4183189e-06  4.9668335e-01  5.4446097e-02  2.7324332e-01
 5.2777709e-02  4.4188320e-06  4.9668336e-01  5.4445202e-02  2.7324288e-01
 5.2821966e-02  4.1352050e-06  1.4643448e-01  1.4654649e-01  4.9956872e-01
 5.2822401e-02  4.1338756e-06  1.4643381e-01  1.4654582e-01  4.9956872e-01
 5.2765924e-02  4.4066266e-06  1.4666159e-01  4.9675743e-01  1.4631676e-01
 5.2766363e-02  4.4075381e-06  1.4666093e-01  4.9675743e-01  1.4631609e-01
 5.2777247e-02  4.4189368e-06  2.7564731e-01  4.9659079e-01  5.3231467e-02
 5.2777710e-02  4.4191459e-06  2.7564686e-01  4.9659080e-01  5.3230574e-02
 5.2855827e-02  4.0165720e-06  4.9988089e-01  1.4845226e-01  1.4454970e-01
 5.2856262e-02  4.0141795e-06  4.9988090e-01  1.4845159e-01  1.4454903e-01
 5.3000367e-02  3.7282424e-06  3.3960174e-01  2.6535082e-02  4.9859125e-01
 5.3001333e-02  3.7241947e-06  3.3960110e-01  2.6533110e-02  4.9859122e-01
 5.3209110e-02  2.7329507e-06  3.2170383e-01  4.9594705e-02  3.7671491e-01
 5.3211116e-02  2.7020761e-06  3.2170237e-01  4.9590861e-02  3.7671389e-01
 5.3131638e-02  3.6571240e-06  4.9948342e-01  8.4850847e-02  2.2157574e-01
 5.3133826e-02  3.6535695e-06  4.9948343e-01  8.4846992e-02  2.2157319e-01
 5.2944352e-02  4.0507454e-06  4.0608740e-01  7.1405914e-02  2.6042129e-01
 5.2945424e-02  4.0501629e-06  4.0608696e-01  7.1403948e-02  2.6042020e-01
 5.3032791e-02  3.6130970e-06  1.4645602e-01  1.4658988e-01  4.9975422e-01
 5.3033655e-02  3.6099518e-06  1.4645473e-01  1.4658859e-01  4.9975422e-01
 5.2955323e-02  3.9709927e-06  1.4546246e-01  4.9983540e-01  1.4756371e-01
 5.2956193e-02  3.9706485e-06  1.4546116e-01  4.9983540e-01  1.4756240e-01
 5.2944384e-02  4.0514411e-06  2.6001064e-01  4.0423732e-01  7.2045558e-02
 5.2945460e-02  4.0503819e-06  2.6000957e-01  4.0423689e-01  7.2043587e-02
 5.3000366e-02  3.7283932e-06  3.4019709e-01  4.9905166e-01  2.6332659e-02
 5.3001335e-02  3.7241268e-06  3.4019645e-01  4.9905169e-01  2.6330685e-02
 5.3122417e-02  3.3033959e-06  4.9996823e-01  1.4779905e-01  1.4527780e-01
 5.3123276e-02  3.3007595e-06  4.9996823e-01  1.4779773e-01  1.4527648e-01
 5.3175396e-02  3.3796216e-06  3.6887310e-01  7.9605325e-02  2.6349471e-01
 5.3177314e-02  3.3630069e-06  3.6887203e-01  7.9601925e-02  2.6349280e-01
 5.3208047e-02  2.7220478e-06  1.4452409e-01  4.9791956e-01  1.4859283e-01
 5.3209476e-02  2.7015305e-06  1.4452199e-01  4.9791957e-01  1.4859070e-01
 5.3175463e-02  3.3800353e-06  2.6091352e-01  3.6991971e-01  8.0741856e-02
 5.3177384e-02  3.3627140e-06  2.6091163e-01  3.6991866e-01  8.0738438e-02
 5.3209108e-02  2.7331318e-06  3.2212534e-01  3.7555584e-01  4.9746819e-02
 5.3211118e-02  2.7019635e-06  3.2212388e-01  3.7555481e-01  4.9742973e-02
 5.3208235e-02  2.7194082e-06  1.4658130e-01  1.4651800e-01  4.9975527e-01
 5.3209620e-02  2.7000867e-06  1.4657917e-01  1.4651587e-01  4.9975527e-01
 5.3209344e-02  2.7302653e-06  3.2921482e-01  4.7846199e-02  3.7255216e-01
 5.3211324e-02  2.6998316e-06  3.2921331e-01  4.7842435e-02  3.7255105e-01
 5.3175675e-02  3.3780066e-06  2.6718115e-01  7.8338789e-02  3.6636715e-01
 5.3177560e-02  3.3614947e-06  2.6717921e-01  7.8335405e-02  3.6636606e-01
 5.2955463e-02  3.9705651e-06  1.4653613e-01  1.4648714e-01  4.9966553e-01
 5.2956313e-02  3.9708938e-06  1.4653482e-01  1.4648583e-01  4.9966553e-01
 5.3032895e-02  3.6120745e-06  1.4923430e-01  4.9217774e-01  1.4391821e-01
 5.3033752e-02  3.6097150e-06  1.4923301e-01  4.9217776e-01  1.4391690e-01
 5.3175464e-02  3.3789580e-06  3.7018005e-01  2.6097706e-01  8.0624950e-02
 5.3177385e-02  3.3625806e-06  3.7017900e-01  2.6097517e-01  8.0621535e-02
 5.3122640e-02  3.3019341e-06  4.9991385e-01  1.4576534e-01  1.4730869e-01
 5.3123488e-02  3.3001975e-06  4.9991385e-01  1.4576412e-01  1.4730747e-01
 5.3000560e-02  3.7272442e-06  3.4544738e-01  2.4594749e-02  4.9862204e-01
 5.3001517e-02  3.7235822e-06  3.4544672e-01  2.4592840e-02  4.9862200e-01
 5.2944552e-02  4.0509802e-06  2.6470163e-01  6.9664714e-02  4.0327083e-01
 5.2945610e-02  4.0504021e-06  2.6470053e-01  6.9662771e-02  4.0327038e-01
 5.2766023e-02  4.4064427e-06  1.4650162e-01  1.4646218e-01  4.9951510e-01
 5.2766457e-02  4.4076784e-06  1.4650096e-01  1.4646151e-01  4.9951510e-01
 5.2822031e-02  4.1346031e-06  1.4773757e-01  4.9433295e-01  1.4529289e-01
 5.2822468e-02  4.1336914e-06  1.4773691e-01  4.9433295e-01  1.4529222e-01
 5.2944384e-02  4.0505171e-06  4.0456659e-01  2.6010712e-01  7.1917934e-02
 5.2945460e-02  4.0500927e-06  4.0456616e-01  2.6010604e-01  7.1915963e-02
 5.3131638e-02  3.6571656e-06  4.9959606e-01  2.2248946e-01  8.4239383e-02
 5.3133827e-02  3.6536207e-06  4.9959607e-01  2.2248690e-01  8.4235533e-02
 5.3209345e-02  2.7301165e-06  3.2894463e-01  3.7263475e-01  4.7925068e-02
 5.3211322e-02  2.6999489e-06  3.2894312e-01  3.7263364e-01  4.7921302e-02
 5.3000561e-02  3.7271102e-06  3.4509529e-01  4.9945729e-01  2.4707668e-02
 5.3001516e-02  3.7236464e-06  3.4509463e-01  4.9945725e-01  2.4705758e-02
 5.2855985e-02  4.0152841e-06  4.9992081e-01  1.4542027e-01  1.4757421e-01
 5.2856418e-02  4.0134176e-06  4.9992082e-01  1.4541964e-01  1.4757358e-01
 5.2777376e-02  4.4184482e-06  2.7880789e-01  5.1645598e-02  4.9954550e-01
 5.2777835e-02  4.4189524e-06  2.7880745e-01  5.1644725e-02  4.9954549e-01
 5.2642227e-02  4.3733714e-06  1.4649168e-01  1.4643254e-01  4.9916537e-01
 5.2642375e-02  4.3760739e-06  1.4649145e-01  1.4643231e-01  4.9916537e-01
 5.2676115e-02  4.4819344e-06  1.4491250e-01  4.9722472e-01  1.4803936e-01
 5.2676263e-02  4.4832619e-06  1.4491228e-01  4.9722472e-01  1.4803913e-01
 5.2777247e-02  4.4183599e-06  4.9701882e-01  2.7578978e-01  5.3156888e-02
 5.2777711e-02  4.4188735e-06  4.9701883e-01  2.7578934e-01  5.3155994e-02
 5.2944351e-02  4.0508828e-06  4.0612990e-01  2.6182027e-01  7.0617596e-02
 5.2945426e-02  4.0502901e-06  4.0612946e-01  2.6181918e-01  7.0615633e-02
 5.3175395e-02  3.3798132e-06  3.6897766e-01  2.6441901e-01  7.9054111e-02
 5.3177317e-02  3.3631469e-06  3.6897660e-01  2.6441709e-01  7.9050717e-02
 5.3175676e-02  3.3779280e-06  2.6676294e-01  3.6617457e-01  7.8631085e-02
 5.3177557e-02  3.3616554e-06  2.6676100e-01  3.6617349e-01  7.8627697e-02
 5.2944553e-02  4.0508929e-06  2.6410063e-01  4.0323706e-01  7.0001473e-02
 5.2945608e-02  4.0504871e-06  2.6409953e-01  4.0323661e-01  6.9999528e-02
 5.2777377e-02  4.4183866e-06  2.7793336e-01  4.9966902e-01  5.2077992e-02
 5.2777833e-02  4.4189851e-06  2.7793292e-01  4.9966903e-01  5.2077118e-02
 5.2676178e-02  4.4823246e-06  4.9998558e-01  1.4486907e-01  1.4807220e-01
 5.2676325e-02  4.4836457e-06  4.9998558e-01  1.4486886e-01  1.4807198e-01
 5.2687521e-02  4.3993660e-06  4.1864237e-05  4.1864090e-05  4.1864091e-05
 5.2687521e-02  4.3994174e-06  4.1863576e-05  4.1863775e-05  4.1863966e-05
 5.2676178e-02  4.4825274e-06  1.4442742e-01  4.9972616e-01  1.4851854e-01
 5.2676325e-02  4.4837094e-06  1.4442720e-01  4.9972615e-01  1.4851833e-01
 5.2732666e-02  4.4497059e-06  4.1447182e-05  8.3670972e-05  4.1455633e-05
 5.2732667e-02  4.4498146e-06  4.1457323e-05  8.3670895e-05  4.1447775e-05
 5.2855827e-02  4.0162662e-06  1.4845256e-01  4.9989133e-01  1.4454940e-01
 5.2856263e-02  4.0140660e-06  1.4845189e-01  4.9989133e-01  1.4454873e-01
 5.3044264e-02  3.4981212e-06  1.4747632e-01  4.9995801e-01  1.4557586e-01
 5.3045415e-02  3.4922454e-06  1.4747459e-01  4.9995801e-01  1.4557412e-01
 5.3120721e-02  3.6848594e-06  1.4615428e-01  4.9996359e-01  1.4692133e-01
 5.3122827e-02  3.6850168e-06  1.4615107e-01  4.9996359e-01  1.4691813e-01
 5.2911112e-02  4.1243400e-06  1.4602177e-01  4.9995049e-01  1.4698905e-01
 5.2912254e-02  4.1256556e-06  1.4602003e-01  4.9995049e-01  1.4698731e-01
 5.2766114e-02  4.4061058e-06  1.4584314e-01  4.9989766e-01  1.4712153e-01
 5.2766548e-02  4.4073713e-06  1.4584248e-01  4.9989766e-01  1.4712087e-01
 5.2676177e-02  4.4824815e-06  1.4638395e-01  1.4655012e-01  4.9983412e-01
 5.2676325e-02  4.4837009e-06  1.4638374e-01  1.4654991e-01  4.9983412e-01
 5.2642228e-02  4.3736601e-06  4.9934417e-01  1.4424011e-01  1.4869778e-01
 5.2642374e-02  4.3762801e-06  4.9934417e-01  1.4423988e-01  1.4869756e-01
 5.2676116e-02  4.4823731e-06  1.4620414e-01  4.9764314e-01  1.4673797e-01
 5.2676262e-02  4.4835647e-06  1.4620391e-01  4.9764314e-01  1.4673775e-01
 5.2777248e-02  4.4188779e-06  5.3615741e-02  2.7485910e-01  4.9926307e-01
 5.2777710e-02  4.4191938e-06  5.3614849e-02  2.7485866e-01  4.9926306e-01
 5.2944352e-02  4.0514658e-06  7.1360419e-02  2.6138861e-01  4.0385875e-01
 5.2945425e-02  4.0505409e-06  7.1358457e-02  2.6138752e-01  4.0385831e-01
 5.3175396e-02  3.3803954e-06  7.9691526e-02  2.6415056e-01  3.6742351e-01
 5.3177316e-02  3.3632840e-06  7.9688133e-02  2.6414865e-01  3.6742244e-01
 5.3175675e-02  3.3776458e-06  7.7924709e-02  3.6639687e-01  2.6791558e-01
 5.3177558e-02  3.3615590e-06  7.7921316e-02  3.6639578e-01  2.6791364e-01
 5.2944552e-02  4.0507016e-06  6.9116977e-02  4.0350365e-01  2.6561018e-01
 5.2945609e-02  4.0503846e-06  6.9115030e-02  4.0350319e-01  2.6560909e-01
 5.2777376e-02  4.4183567e-06  5.1051449e-02  4.9947786e-01  2.8001648e-01
 5.2777834e-02  4.4189407e-06  5.1050573e-02  4.9947787e-01  2.8001603e-01
 5.2732665e-02  4.4496893e-06  4.1446854e-05  4.1446867e-05  8.3670492e-05
 5.2732667e-02  4.4497350e-06  4.1455902e-05  4.1455915e-05  8.3670479e-05
 5.2676115e-02  4.4823679e-06  1.5142902e-01  1.4162698e-01  4.9382170e-01
 5.2676262e-02  4.4835230e-06  1.5142879e-01  1.4162676e-01  4.9382170e-01
 5.2687395e-02  4.3994052e-06  4.1796151e-05  4.1826028e-05  4.1825282e-05
 5.2687397e-02  4.3993759e-06  4.1796280e-05  4.1825740e-05  4.1825247e-05
 5.2765925e-02  4.4067836e-06  1.4667913e-01  1.4628568e-01  4.9903902e-01
 5.2766363e-02  4.4078513e-06  1.4667847e-01  1.4628502e-01  4.9903902e-01
 5.2910852e-02  4.1250682e-06  1.4641629e-01  1.4659407e-01  4.9951090e-01
 5.2912012e-02  4.1259171e-06  1.4641454e-01  1.4659233e-01  4.9951089e-01
 5.3120383e-02  3.6859066e-06  1.4600910e-01  1.4706783e-01  4.9909416e-01
 5.3122529e-02  3.6852973e-06  1.4600591e-01  1.4706462e-01  4.9909415e-01
 5.3044397e-02  3.4966795e-06  1.4747396e-01  1.4565175e-01  4.9279247e-01
 5.3045542e-02  3.4914551e-06  1.4747226e-01  1.4565000e-01  4.9279249e-01
 5.2855890e-02  4.0154496e-06  1.4558214e-01  1.4747896e-01  4.9310742e-01
 5.2856326e-02  4.0135995e-06  1.4558150e-01  1.4747828e-01  4.9310743e-01
 5.2855828e-02  4.0162186e-06  1.4645351e-01  1.4653792e-01  4.9957558e-01
 5.2856260e-02  4.0139579e-06  1.4645283e-01  1.4653725e-01  4.9957558e-01
 5.2777248e-02  4.4189147e-06  5.4182467e-02  4.9648440e-01  2.7376508e-01
 5.2777709e-02  4.4191338e-06  5.4181572e-02  4.9648441e-01  2.7376464e-01
 5.2765924e-02  4.4068725e-06  1.4822107e-01  4.9672809e-01  1.4476591e-01
 5.2766364e-02  4.4078286e-06  1.4822040e-01  4.9672809e-01  1.4476525e-01
 5.2821965e-02  4.1357115e-06  4.9981329e-01  1.4852578e-01  1.4446661e-01
 5.2822402e-02  4.1343676e-06  4.9981329e-01  1.4852512e-01  1.4446595e-01
 5.2944352e-02  4.0515759e-06  2.6115846e-01  7.1460917e-02  4.0398229e-01
 5.2945425e-02  4.0507236e-06  2.6115738e-01  7.1458954e-02  4.0398185e-01
 5.3131639e-02  3.6581749e-06  2.2201186e-01  8.4559029e-02  4.9925837e-01
 5.3133825e-02  3.6540804e-06  2.2200932e-01  8.4555180e-02  4.9925836e-01
 5.3209109e-02  2.7321653e-06  3.7548504e-01  5.0129095e-02  3.2121002e-01
 5.3211116e-02  2.7017973e-06  3.7548401e-01  5.0125245e-02  3.2120856e-01
 5.3000367e-02  3.7275312e-06  4.9906614e-01  2.6786004e-02  3.3885952e-01
 5.3001333e-02  3.7238884e-06  4.9906617e-01  2.6784029e-02  3.3885888e-01
 5.3044265e-02  3.4980352e-06  1.4647582e-01  1.4657386e-01  4.9981202e-01
 5.3045411e-02  3.4920875e-06  1.4647408e-01  1.4657212e-01  4.9981202e-01
 5.2944352e-02  4.0514732e-06  7.1222013e-02  4.0620601e-01  2.6070405e-01
 5.2945424e-02  4.0504093e-06  7.1220047e-02  4.0620556e-01  2.6070297e-01
 5.2910851e-02  4.1251946e-06  1.4698854e-01  4.9832980e-01  1.4602606e-01
 5.2912012e-02  4.1258691e-06  1.4698679e-01  4.9832981e-01  1.4602432e-01
 5.2944351e-02  4.0517242e-06  2.6170926e-01  4.0638330e-01  7.0623867e-02
 5.2945425e-02  4.0506955e-06  2.6170817e-01  4.0638286e-01  7.0621904e-02
 5.3044264e-02  3.4986175e-06  4.9996933e-01  1.4752923e-01  1.4552324e-01
 5.3045413e-02  3.4925527e-06  4.9996933e-01  1.4752750e-01  1.4552150e-01
 5.3209043e-02  2.7341842e-06  3.2406509e-01  4.9474193e-02  3.7379710e-01
 5.3211049e-02  2.7033337e-06  3.2406362e-01  4.9470362e-02  3.7379601e-01
 5.3209043e-02  2.7333956e-06  3.7511447e-01  4.9303216e-02  3.2356367e-01
 5.3211047e-02  2.7029193e-06  3.7511338e-01  4.9299379e-02  3.2356220e-01
 5.3175396e-02  3.3803590e-06  7.9471708e-02  3.6899266e-01  2.6366606e-01
 5.3177314e-02  3.3630899e-06  7.9468309e-02  3.6899159e-01  2.6366415e-01
 5.3120382e-02  3.6860215e-06  1.4632267e-01  4.9944218e-01  1.4675288e-01
 5.3122529e-02  3.6851691e-06  1.4631947e-01  4.9944218e-01  1.4674967e-01
 5.3131638e-02  3.6583739e-06  2.2240896e-01  4.9936683e-01  8.4293409e-02
 5.3133826e-02  3.6539938e-06  2.2240641e-01  4.9936685e-01  8.4289558e-02
 5.3209042e-02  2.7343471e-06  3.2430314e-01  3.7539452e-01  4.8936969e-02
 5.3211050e-02  2.7032769e-06  3.2430167e-01  3.7539344e-01  4.8933136e-02
 5.3120721e-02  3.6849779e-06  1.4654812e-01  1.4652713e-01  4.9980153e-01
 5.3122829e-02  3.6849285e-06  1.4654491e-01  1.4652392e-01  4.9980153e-01
 5.3175675e-02  3.3776605e-06  7.8452539e-02  2.6720715e-01  3.6596358e-01
 5.3177560e-02  3.3614274e-06  7.8449151e-02  2.6720522e-01  3.6596249e-01
 5.3209485e-02  2.7282668e-06  3.2695812e-01  4.8057925e-02  3.7486595e-01
 5.3211467e-02  2.6979880e-06  3.2695663e-01  4.8054175e-02  3.7486495e-01
 5.3132031e-02  3.6567820e-06  2.2448800e-01  8.2912446e-02  4.9966223e-01
 5.3134184e-02  3.6531441e-06  2.2448543e-01  8.2908634e-02  4.9966220e-01
 5.2911112e-02  4.1244672e-06  1.4651740e-01  1.4649287e-01  4.9972350e-01
 5.2912256e-02  4.1256404e-06  1.4651566e-01  1.4649113e-01  4.9972350e-01
 5.2944552e-02  4.0507749e-06  6.9776039e-02  2.6473651e-01  4.0269250e-01
 5.2945611e-02  4.0503376e-06  6.9774095e-02  2.6473542e-01  4.0269204e-01
 5.3044397e-02  3.4967062e-06  1.4829820e-01  4.9395637e-01  1.4481193e-01
 5.3045544e-02  3.4914247e-06  1.4829650e-01  4.9395639e-01  1.4481018e-01
 5.3209109e-02  2.7321761e-06  3.7588607e-01  3.2215519e-01  4.9643890e-02
 5.3211119e-02  2.7017925e-06  3.7588504e-01  3.2215373e-01  4.9640044e-02
 5.3209486e-02  2.7281413e-06  3.2685955e-01  3.7446509e-01  4.8206867e-02
 5.3211466e-02  2.6980415e-06  3.2685806e-01  3.7446409e-01  4.8203115e-02
 5.3044639e-02  3.4964010e-06  4.9996142e-01  1.4620981e-01  1.4684018e-01
 5.3045778e-02  3.4911663e-06  4.9996142e-01  1.4620813e-01  1.4683850e-01
 5.2944669e-02  4.0505306e-06  2.6312827e-01  7.0248282e-02  4.0452452e-01
 5.2945729e-02  4.0500353e-06  2.6312719e-01  7.0246347e-02  4.0452410e-01
 5.2766114e-02  4.4061965e-06  1.4651060e-01  1.4645320e-01  4.9953424e-01
 5.2766549e-02  4.4073822e-06  1.4650994e-01  1.4645254e-01  4.9953424e-01
 5.2777376e-02  4.4184520e-06  5.1651603e-02  2.7879946e-01  4.9863497e-01
 5.2777835e-02  4.4189566e-06  5.1650730e-02  2.7879902e-01  4.9863496e-01
 5.2855891e-02  4.0155201e-06  1.4761510e-01  4.9474686e-01  1.4541868e-01
 5.2856328e-02  4.0136142e-06  1.4761446e-01  4.9474686e-01  1.4541800e-01
 5.3000366e-02  3.7276040e-06  4.9947827e-01  3.4025437e-01  2.6312676e-02
 5.3001336e-02  3.7239625e-06  4.9947830e-01  3.4025373e-01  2.6310703e-02
 5.3209042e-02  2.7334992e-06  3.7514811e-01  3.2438325e-01  4.8973913e-02
 5.3211051e-02  2.7029942e-06  3.7514702e-01  3.2438177e-01  4.8970081e-02
 5.3132031e-02  3.6566173e-06  2.2420581e-01  4.9968361e-01  8.3098972e-02
 5.3134182e-02  3.6532200e-06  2.2420324e-01  4.9968358e-01  8.3095158e-02
 5.2944669e-02  4.0504038e-06  2.6281209e-01  4.0420926e-01  7.0492898e-02
 5.2945728e-02  4.0500496e-06  2.6281100e-01  4.0420885e-01  7.0490961e-02
 5.2822215e-02  4.1341500e-06  4.9995807e-01  1.4609845e-01  1.4688276e-01
 5.2822649e-02  4.1332174e-06  4.9995806e-01  1.4609780e-01  1.4688211e-01
 5.2855879e-02  3.9080716e-06  9.2118626e-05  9.2118315e-05  9.2118588e-05
 5.2855880e-02  3.9082348e-06  9.2117621e-05  9.2118068e-05  9.2118180e-05
 5.2822216e-02  4.1346131e-06  1.4578013e-01  4.9991918e-01  1.4720209e-01
 5.2822649e-02  4.1333420e-06  1.4577948e-01  4.9991917e-01  1.4720144e-01
 5.2855986e-02  4.0156786e-06  1.4518499e-01  4.9990814e-01  1.4781109e-01
 5.2856418e-02  4.0134673e-06  1.4518436e-01  4.9990814e-01  1.4781045e-01
 5.2956757e-02  3.8695369e-06  9.0728125e-05  1.8312680e-04  9.0742892e-05
 5.2956761e-02  3.8697417e-06  9.0723839e-05  1.8312676e-04  9.0706532e-05
 5.3122417e-02  3.3029490e-06  1.4774547e-01  4.9993630e-01  1.4533101e-01
 5.3123278e-02  3.3007365e-06  1.4774415e-01  4.9993630e-01  1.4532969e-01
 5.3120858e-02  3.6847596e-06  1.4631468e-01  4.9997029e-01  1.4676070e-01
 5.3122970e-02  3.6848664e-06  1.4631148e-01  4.9997029e-01  1.4675751e-01
 5.2955694e-02  3.9698349e-06  1.4625582e-01  4.9994746e-01  1.4676756e-01
 5.2956551e-02  3.9701734e-06  1.4625452e-01  4.9994746e-01  1.4676627e-01
 5.2822214e-02  4.1344815e-06  1.4641459e-01  1.4656622e-01  4.9989811e-01
 5.2822649e-02  4.1332905e-06  1.4641394e-01  1.4656557e-01  4.9989811e-01
 5.2766114e-02  4.4066396e-06  4.9965669e-01  1.4568139e-01  1.4728410e-01
 5.2766548e-02  4.4076047e-06  4.9965669e-01  1.4568072e-01  1.4728344e-01
 5.2777377e-02  4.4189769e-06  4.9996344e-01  2.7766159e-01  5.2212711e-02
 5.2777834e-02  4.4192703e-06  4.9996342e-01  2.7766114e-01  5.2211837e-02
 5.2855893e-02  4.0161331e-06  1.4481498e-01  4.9490401e-01  1.4822130e-01
 5.2856326e-02  4.0138677e-06  1.4481430e-01  4.9490401e-01  1.4822066e-01
 5.3000368e-02  3.7282517e-06  2.6460907e-02  3.3982365e-01  4.9830337e-01
 5.3001335e-02  3.7242032e-06  2.6458935e-02  3.3982301e-01  4.9830335e-01
 5.3209043e-02  2.7340355e-06  4.9445637e-02  3.2420313e-01  3.7370671e-01
 5.3211050e-02  2.7031667e-06  4.9441806e-02  3.2420166e-01  3.7370562e-01
 5.3132030e-02  3.6565849e-06  8.2657823e-02  4.9975585e-01  2.2487376e-01
 5.3134182e-02  3.6531715e-06  8.2654004e-02  4.9975582e-01  2.2487119e-01
 5.2944668e-02  4.0505307e-06  7.0054443e-02  4.0421875e-01  2.6360396e-01
 5.2945729e-02  4.0500564e-06  7.0052504e-02  4.0421834e-01  2.6360287e-01
 5.2855983e-02  4.0155576e-06  1.4644082e-01  1.4655043e-01  4.9981453e-01
 5.2856418e-02  4.0134308e-06  1.4644018e-01  1.4654980e-01  4.9981453e-01
 5.2777376e-02  4.4189558e-06  4.9929318e-01  5.1133402e-02  2.7984982e-01
 5.2777834e-02  4.4192471e-06  4.9929319e-01  5.1132527e-02  2.7984937e-01
 5.2766024e-02  4.4071300e-06  4.9962275e-01  1.4506417e-01  1.4790521e-01
 5.2766456e-02  4.4081942e-06  4.9962275e-01  1.4506351e-01  1.4790454e-01
 5.2822032e-02  4.1354366e-06  1.4406314e-01  4.9444509e-01  1.4897839e-01
 5.2822466e-02  4.1342649e-06  1.4406247e-01  4.9444510e-01  1.4897774e-01
 5.2944385e-02  4.0514696e-06  7.1859137e-02  2.5950770e-01  4.0635578e-01
 5.2945459e-02  4.0506711e-06  7.1857168e-02  2.5950662e-01  4.0635535e-01
 5.3131640e-02  3.6581845e-06  8.4471570e-02  2.2214279e-01  4.9919456e-01
 5.3133826e-02  3.6540907e-06  8.4467722e-02  2.2214024e-01  4.9919455e-01
 5.3209343e-02  2.7298805e-06  4.7526870e-02  3.7291427e-01  3.2979169e-01
 5.3211322e-02  2.6998236e-06  4.7523100e-02  3.7291316e-01  3.2979018e-01
 5.3000559e-02  3.7270594e-06  2.4352475e-02  4.9960893e-01  3.4618894e-01
 5.3001516e-02  3.7235617e-06  2.4350562e-02  4.9960889e-01  3.4618828e-01
 5.2956757e-02  3.8695322e-06  9.0712419e-05  9.0712475e-05  1.8312595e-04
 5.2956758e-02  3.8696031e-06  9.0735808e-05  9.0735755e-05  1.8312576e-04
 5.2855890e-02  4.0161808e-06  1.4759278e-01  1.4545659e-01  4.9377595e-01
 5.2856326e-02  4.0138141e-06  1.4759210e-01  1.4545595e-01  4.9377596e-01
 5.2822031e-02  4.1355538e-06  1.4663926e-01  1.4643557e-01  4.9184871e-01
 5.2822467e-02  4.1342684e-06  1.4663859e-01  1.4643491e-01  4.9184871e-01
 5.2855603e-02  3.9091375e-06  9.1970065e-05  9.2033361e-05  9.2030856e-05
 5.2855609e-02  3.9090210e-06  9.1970155e-05  9.2035618e-05  9.2035444e-05
 5.2955323e-02  3.9712375e-06  1.4770304e-01  1.4533371e-01  4.9737145e-01
 5.2956193e-02  3.9712553e-06  1.4770173e-01  1.4533242e-01  4.9737145e-01
 5.3120383e-02  3.6859956e-06  1.4694813e-01  1.4612842e-01  4.9911776e-01
 5.3122529e-02  3.6855327e-06  1.4694492e-01  1.4612523e-01  4.9911776e-01
 5.3122514e-02  3.3020411e-06  1.4756220e-01  1.4557514e-01  4.9338543e-01
 5.3123369e-02  3.3003786e-06  1.4756097e-01  1.4557380e-01  4.9338544e-01
 5.3122418e-02  3.3029529e-06  1.4648855e-01  1.4658392e-01  4.9973043e-01
 5.3123274e-02  3.3005944e-06  1.4648722e-01  1.4658259e-01  4.9973043e-01
 5.3000367e-02  3.7283540e-06  2.6655019e-02  4.9893148e-01  3.3924552e-01
 5.3001333e-02  3.7241160e-06  2.6653043e-02  4.9893151e-01  3.3924488e-01
 5.2944384e-02  4.0516632e-06  7.2754082e-02  4.0410242e-01  2.5880514e-01
 5.2945459e-02  4.0506553e-06  7.2752108e-02  4.0410199e-01  2.5880406e-01
 5.2955322e-02  3.9714316e-06  1.4883624e-01  4.9981826e-01  1.4420201e-01
 5.2956194e-02  3.9712305e-06  1.4883493e-01  4.9981825e-01  1.4420071e-01
 5.3032789e-02  3.6138010e-06  4.9990562e-01  1.4788360e-01  1.4516744e-01
 5.3033657e-02  3.6106902e-06  4.9990563e-01  1.4788231e-01  1.4516615e-01
 5.3175396e-02  3.3806184e-06  2.6399492e-01  7.9757847e-02  3.6749026e-01
 5.3177315e-02  3.3637071e-06  2.6399301e-01  7.9754453e-02  3.6748919e-01
 5.3209043e-02  2.7341025e-06  4.9193921e-02  3.7522189e-01  3.2376700e-01
 5.3211047e-02  2.7030798e-06  4.9190083e-02  3.7522081e-01  3.2376553e-01
 5.3131638e-02  3.6583612e-06  8.4756733e-02  4.9933359e-01  2.2171644e-01
 5.3133825e-02  3.6539913e-06  8.4752878e-02  4.9933361e-01  2.2171389e-01
 5.3120381e-02  3.6862384e-06  1.4739969e-01  4.9944202e-01  1.4567782e-01
 5.3122529e-02  3.6854753e-06  1.4739648e-01  4.9944203e-01  1.4567463e-01
 5.3175395e-02  3.3808034e-06  2.6431830e-01  3.6919335e-01  7.9043405e-02
 5.3177316e-02  3.3636383e-06  2.6431639e-01  3.6919228e-01  7.9040011e-02
 5.3120859e-02  3.6849741e-06  1.4655087e-01  1.4652444e-01  4.9976878e-01
 5.3122972e-02  3.6848446e-06  1.4654768e-01  1.4652125e-01  4.9976878e-01
 5.3132031e-02  3.6567874e-06  8.2926945e-02  2.2446690e-01  4.9923798e-01
 5.3134184e-02  3.6531485e-06  8.2923132e-02  2.2446434e-01  4.9923795e-01
 5.3209345e-02  2.7299993e-06  4.7961734e-02  3.2924489e-01  3.7210281e-01
 5.3211325e-02  2.6997825e-06  4.7957970e-02  3.2924339e-01  3.7210170e-01
 5.3175952e-02  3.3759120e-06  2.6475461e-01  7.9121413e-02  3.6816166e-01
 5.3177845e-02  3.3594619e-06  2.6475270e-01  7.9118052e-02  3.6816063e-01
 5.2955695e-02  3.9700004e-06  1.4654657e-01  1.4647684e-01  4.9960285e-01
 5.2956551e-02  3.9701816e-06  1.4654528e-01  1.4647555e-01  4.9960285e-01
 5.2944669e-02  4.0507432e-06  7.0167555e-02  2.6304279e-01  4.0510177e-01
 5.2945729e-02  4.0501093e-06  7.0165620e-02  2.6304171e-01  4.0510136e-01
 5.3000561e-02  3.7272481e-06  2.4596331e-02  3.4545003e-01  4.9794512e-01
 5.3001518e-02  3.7235887e-06  2.4594422e-02  3.4544937e-01  4.9794508e-01
 5.3122515e-02  3.3022007e-06  1.4920804e-01  4.9427139e-01  1.4393073e-01
 5.3123373e-02  3.3004300e-06  1.4920681e-01  4.9427140e-01  1.4392939e-01
 5.3175952e-02  3.3757787e-06  2.6462027e-01  3.6809939e-01  7.9216045e-02
 5.3177844e-02  3.3595209e-06  2.6461836e-01  3.6809835e-01  7.9212681e-02
 5.3033249e-02  3.6114179e-06  4.9996563e-01  1.4642989e-01  1.4661610e-01
 5.3034103e-02  3.6090164e-06  4.9996563e-01  1.4642861e-01  1.4661482e-01
 5.3088614e-02  3.4825469e-06  1.5882741e-04  1.5882692e-04  1.5882765e-04
 5.3088615e-02  3.4828901e-06  1.5882611e-04  1.5882688e-04  1.5882672e-04
 5.3033250e-02  3.6120890e-06  1.4612515e-01  4.9999553e-01  1.4692125e-01
 5.3034103e-02  3.6090674e-06  1.4612388e-01  4.9999552e-01  1.4691998e-01
 5.3044640e-02  3.4970943e-06  1.4602693e-01  4.9999310e-01  1.4702348e-01
 5.3045778e-02  3.4912528e-06  1.4602525e-01  4.9999310e-01  1.4702180e-01
 5.3122642e-02  3.3025227e-06  1.4561363e-01  4.9997911e-01  1.4746112e-01
 5.3123489e-02  3.3001409e-06  1.4561241e-01  4.9997911e-01  1.4745990e-01
 5.3208645e-02  2.7150268e-06  1.4646052e-01  4.9998421e-01  1.4663887e-01
 5.3210048e-02  2.6955358e-06  1.4645841e-01  4.9998421e-01  1.4663676e-01
 5.3033248e-02  3.6118861e-06  1.4644301e-01  1.4660302e-01  4.9980433e-01
 5.3034103e-02  3.6090163e-06  1.4644174e-01  1.4660174e-01  4.9980432e-01
 5.2955695e-02  3.9705655e-06  4.9975314e-01  1.4607057e-01  1.4695326e-01
 5.2956551e-02  3.9703095e-06  4.9975314e-01  1.4606927e-01  1.4695196e-01
 5.2944670e-02  4.0513417e-06  4.0436052e-01  2.6262058e-01  7.0564993e-02
 5.2945729e-02  4.0503582e-06  4.0436011e-01  2.6261949e-01  7.0563058e-02
 5.3000563e-02  3.7279158e-06  4.9910318e-01  3.4489552e-01  2.4773355e-02
 5.3001516e-02  3.7238280e-06  4.9910314e-01  3.4489487e-01  2.4771446e-02
 5.3122518e-02  3.3030215e-06  1.4363677e-01  4.9432416e-01  1.4950581e-01
 5.3123370e-02  3.3005249e-06  1.4363544e-01  4.9432417e-01  1.4950458e-01
 5.3175952e-02  3.3760125e-06  7.9022662e-02  3.6812362e-01  2.6495272e-01
 5.3177844e-02  3.3595320e-06  7.9019293e-02  3.6812259e-01  2.6495081e-01
 5.3044637e-02  3.4968888e-06  1.4647183e-01  1.4657789e-01  4.9999908e-01
 5.3045778e-02  3.4911957e-06  1.4647014e-01  1.4657621e-01  4.9999908e-01
 5.2944668e-02  4.0512621e-06  4.0407707e-01  7.0069012e-02  2.6363490e-01
 5.2945729e-02  4.0503120e-06  4.0407666e-01  7.0067074e-02  2.6363382e-01
 5.2911112e-02  4.1253223e-06  4.9978787e-01  1.4596548e-01  1.4704557e-01
 5.2912255e-02  4.1261270e-06  4.9978787e-01  1.4596373e-01  1.4704383e-01
 5.2944553e-02  4.0517556e-06  4.0298694e-01  2.6400403e-01  7.0110848e-02
 5.2945609e-02  4.0509088e-06  4.0298648e-01  2.6400293e-01  7.0108903e-02
 5.3044400e-02  3.4977691e-06  1.4436931e-01  4.9398832e-01  1.4874522e-01
 5.3045542e-02  3.4919382e-06  1.4436756e-01  4.9398834e-01  1.4874353e-01
 5.3209111e-02  2.7331042e-06  4.9502640e-02  3.2181558e-01  3.7688985e-01
 5.3211117e-02  2.7022313e-06  4.9498796e-02  3.2181412e-01  3.7688882e-01
 5.3209484e-02  2.7283150e-06  4.8014942e-02  3.7452977e-01  3.2731419e-01
 5.3211466e-02  2.6980172e-06  4.8011186e-02  3.7452877e-01  3.2731270e-01
 5.3122638e-02  3.3023152e-06  1.4649262e-01  1.4657975e-01  4.9983799e-01
 5.3123489e-02  3.3001140e-06  1.4649140e-01  1.4657853e-01  4.9983799e-01
 5.3000559e-02  3.7278847e-06  4.9971803e-01  2.4419221e-02  3.4598244e-01
 5.3001517e-02  3.7237924e-06  4.9971799e-01  2.4417310e-02  3.4598179e-01
 5.2944552e-02  4.0518042e-06  4.0365044e-01  6.9138603e-02  2.6551006e-01
 5.2945609e-02  4.0509185e-06  4.0364999e-01  6.9136656e-02  2.6550896e-01
 5.2955464e-02  3.9715726e-06  4.9973099e-01  1.4546892e-01  1.4755737e-01
 5.2956312e-02  3.9716029e-06  4.9973099e-01  1.4546761e-01  1.4755606e-01
 5.3032897e-02  3.6132486e-06  1.4300063e-01  4.9218963e-01  1.5016796e-01
 5.3033750e-02  3.6104583e-06  1.4299933e-01  4.9218965e-01  1.5016666e-01
 5.3175465e-02  3.3801816e-06  8.0502449e-02  2.6057343e-01  3.7132467e-01
 5.3177384e-02  3.3633099e-06  8.0499035e-02  2.6057155e-01  3.7132362e-01
 5.3122515e-02  3.3030938e-06  1.4563019e-01  1.4749827e-01  4.9385935e-01
 5.3123370e-02  3.3004229e-06  1.4562885e-01  1.4749704e-01  4.9385936e-01
 5.3044397e-02  3.4979366e-06  1.4573895e-01  1.4738035e-01  4.9309136e-01
 5.3045542e-02  3.4919211e-06  1.4573719e-01  1.4737865e-01  4.9309138e-01
 5.3032895e-02  3.6134604e-06  1.4469844e-01  1.4849230e-01  4.9024634e-01
 5.3033751e-02  3.6104595e-06  1.4469713e-01  1.4849100e-01  4.9024636e-01
 5.3088138e-02  3.4831344e-06  4.9070614e-01  2.1778074e-01  8.7514771e-02
 5.3088156e-02  3.4829893e-06  4.9070614e-01  2.1778075e-01  8.7514786e-02
 5.3208048e-02  2.7224294e-06  1.4866704e-01  1.4446924e-01  4.9581916e-01
 5.3209476e-02  2.7024053e-06  1.4866492e-01  1.4446715e-01  4.9581917e-01
 5.3209109e-02  2.7333246e-06  5.0083805e-02  3.7534675e-01  3.2142046e-01
 5.3211116e-02  2.7021978e-06  5.0079954e-02  3.7534572e-01  3.2141900e-01
 5.3175463e-02  3.3804659e-06  8.1264382e-02  3.6987002e-01  2.6002649e-01
 5.3177384e-02  3.3632687e-06  8.1260960e-02  3.6986897e-01  2.6002461e-01
 5.3208046e-02  2.7226269e-06  1.4954608e-01  4.9791929e-01  1.4358428e-01
 5.3209477e-02  2.7023088e-06  1.4954395e-01  4.9791930e-01  1.4358219e-01
 5.3208646e-02  2.7151454e-06  1.4659216e-01  1.4650742e-01  4.9961014e-01
 5.3210048e-02  2.6954571e-06  1.4659006e-01  1.4650532e-01  4.9961014e-01
 5.3175953e-02  3.3762554e-06  7.9029221e-02  2.6464580e-01  3.6865111e-01
 5.3177845e-02  3.3595359e-06  7.9025860e-02  2.6464390e-01  3.6865008e-01
 5.3209487e-02  2.7285115e-06  4.7962763e-02  3.2689860e-01  3.7529271e-01
 5.3211468e-02  2.6980302e-06  4.7959014e-02  3.2689712e-01  3.7529172e-01
 5.3208646e-02  2.7156717e-06  4.9979966e-01  1.4624857e-01  1.4685110e-01
 5.3210048e-02  2.6954525e-06  4.9979966e-01  1.4624647e-01  1.4684899e-01
 5.3175954e-02  3.3768552e-06  3.6816938e-01  2.6445938e-01  7.9284146e-02
 5.3177844e-02  3.3596706e-06  3.6816835e-01  2.6445747e-01  7.9280784e-02
 5.3209488e-02  2.7290775e-06  3.7458703e-01  3.2671009e-01  4.8230301e-02
 5.3211466e-02  2.6982095e-06  3.7458603e-01  3.2670860e-01  4.8226551e-02
 5.3175952e-02  3.3767478e-06  3.6797039e-01  7.9005678e-02  2.6506919e-01
 5.3177844e-02  3.3596237e-06  3.6796935e-01  7.9002312e-02  2.6506728e-01
 5.3120859e-02  3.6859515e-06  4.9984082e-01  1.4624217e-01  1.4683335e-01
 5.3122971e-02  3.6852065e-06  4.9984082e-01  1.4623897e-01  1.4683016e-01
 5.3132032e-02  3.6578502e-06  4.9952278e-01  2.2411559e-01  8.3158828e-02
 5.3134183e-02  3.6536187e-06  4.9952276e-01  2.2411301e-01  8.3155014e-02
 5.3209347e-02  2.7309608e-06  3.7236807e-01  3.2887350e-01  4.8027207e-02
 5.3211323e-02  2.7002207e-06  3.7236696e-01  3.2887200e-01  4.8023443e-02
 5.3209485e-02  2.7290199e-06  3.7442630e-01  4.8054616e-02  3.2728556e-01
 5.3211467e-02  2.6981794e-06  3.7442530e-01  4.8050863e-02  3.2728407e-01
 5.3132031e-02  3.6578318e-06  4.9985753e-01  8.2658603e-02  2.2487251e-01
 5.3134183e-02  3.6536045e-06  4.9985750e-01  8.2654786e-02  2.2486994e-01
 5.3120722e-02  3.6861770e-06  4.9983887e-01  1.4612622e-01  1.4694949e-01
 5.3122827e-02  3.6855947e-06  4.9983887e-01  1.4612301e-01  1.4694628e-01
 5.3175677e-02  3.3789374e-06  3.6599792e-01  2.6671907e-01  7.8711518e-02
 5.3177558e-02  3.3621545e-06  3.6599684e-01  2.6671714e-01  7.8708129e-02
 5.3209343e-02  2.7310414e-06  3.7299894e-01  4.7547278e-02  3.2967427e-01
 5.3211323e-02  2.7002212e-06  3.7299783e-01  4.7543510e-02  3.2967276e-01
 5.3175675e-02  3.3790451e-06  3.6650867e-01  7.7926542e-02  2.6784791e-01
 5.3177558e-02  3.3621748e-06  3.6650759e-01  7.7923151e-02  2.6784598e-01
 5.3208236e-02  2.7205110e-06  4.9979299e-01  1.4572828e-01  1.4737292e-01
 5.3209618e-02  2.7008693e-06  4.9979299e-01  1.4572614e-01  1.4737078e-01
 5.3208236e-02  2.7205110e-06  4.9979296e-01  1.4572830e-01  1.4737290e-01
 5.3209618e-02  2.7008693e-06  4.9979297e-01  1.4572616e-01  1.4737076e-01
 5.3175675e-02  3.3790451e-06  3.6650870e-01  7.7926556e-02  2.6784788e-01
 5.3177558e-02  3.3621748e-06  3.6650761e-01  7.7923165e-02  2.6784594e-01
 5.3209343e-02  2.7310414e-06  3.7299896e-01  4.7547292e-02  3.2967422e-01
 5.3211323e-02  2.7002212e-06  3.7299785e-01  4.7543524e-02  3.2967271e-01
 5.3175677e-02  3.3789374e-06  3.6599792e-01  2.6671907e-01  7.8711520e-02
 5.3177558e-02  3.3621545e-06  3.6599683e-01  2.6671713e-01  7.8708131e-02
 5.3120722e-02  3.6861770e-06  4.9983886e-01  1.4612623e-01  1.4694948e-01
 5.3122827e-02  3.6855947e-06  4.9983886e-01  1.4612302e-01  1.4694627e-01
 5.3132031e-02  3.6578318e-06  4.9985754e-01  8.2658618e-02  2.2487248e-01
 5.3134183e-02  3.6536045e-06  4.9985751e-01  8.2654801e-02  2.2486991e-01
 5.3209485e-02  2.7290199e-06  3.7442630e-01  4.8054630e-02  3.2728552e-01
 5.3211467e-02  2.6981794e-06  3.7442530e-01  4.8050876e-02  3.2728403e-01
 5.3209347e-02  2.7309608e-06  3.7236807e-01  3.2887349e-01  4.8027213e-02
 5.3211323e-02  2.7002207e-06  3.7236696e-01  3.2887198e-01  4.8023448e-02
 5.3132032e-02  3.6578502e-06  4.9952278e-01  2.2411558e-01  8.3158829e-02
 5.3134183e-02  3.6536187e-06  4.9952275e-01  2.2411301e-01  8.3155015e-02
 5.3120859e-02  3.6859515e-06  4.9984082e-01  1.4624218e-01  1.4683334e-01
 5.3122971e-02  3.6852065e-06  4.9984081e-01  1.4623898e-01  1.4683015e-01
 5.3175952e-02  3.3767478e-06  3.6797039e-01  7.9005688e-02  2.6506917e-01
 5.3177844e-02  3.3596237e-06  3.6796936e-01  7.9002322e-02  2.6506726e-01
 5.3209488e-02  2.7290775e-06  3.7458703e-01  3.2671008e-01  4.8230305e-02
 5.3211466e-02  2.6982095e-06  3.7458604e-01  3.2670859e-01  4.8226555e-02
 5.3175954e-02  3.3768552e-06  3.6816938e-01  2.6445938e-01  7.9284148e-02
 5.3177844e-02  3.3596706e-06  3.6816835e-01  2.6445746e-01  7.9280786e-02
 5.3208646e-02  2.7156717e-06  4.9979967e-01  1.4624858e-01  1.4685109e-01
 5.3210048e-02  2.6954525e-06  4.9979966e-01  1.4624647e-01  1.4684899e-01
 5.3088614e-02  3.4825469e-06  1.5882741e-04  1.5882692e-04  1.5882765e-04
 5.3088615e-02  3.4828901e-06  1.5882610e-04  1.5882688e-04  1.5882672e-04
 5.3208645e-02  2.7150268e-06  1.4646052e-01  4.9998421e-01  1.4663886e-01
 5.3210048e-02  2.6955358e-06  1.4645841e-01  4.9998421e-01  1.4663676e-01
 5.3122642e-02  3.3025227e-06  1.4561363e-01  4.9997908e-01  1.4746112e-01
 5.3123489e-02  3.3001409e-06  1.4561241e-01  4.9997908e-01  1.4745990e-01
 5.3044640e-02  3.4970943e-06  1.4602693e-01  4.9999309e-01  1.4702348e-01
 5.3045778e-02  3.4912528e-06  1.4602525e-01  4.9999309e-01  1.4702180e-01
 5.3033250e-02  3.6120890e-06  1.4612515e-01  4.9999551e-01  1.4692125e-01
 5.3034103e-02  3.6090674e-06  1.4612388e-01  4.9999551e-01  1.4691998e-01
 5.3208646e-02  2.7151454e-06  1.4659215e-01  1.4650743e-01  4.9961014e-01
 5.3210048e-02  2.6954571e-06  1.4659005e-01  1.4650533e-01  4.9961014e-01
 5.3209487e-02  2.7285115e-06  4.7962759e-02  3.2689861e-01  3.7529272e-01
 5.3211468e-02  2.6980302e-06  4.7959010e-02  3.2689712e-01  3.7529172e-01
 5.3175953e-02  3.3762554e-06  7.9029216e-02  2.6464581e-01  3.6865111e-01
 5.3177845e-02  3.3595359e-06  7.9025855e-02  2.6464390e-01  3.6865008e-01
 5.3208046e-02  2.7226269e-06  1.4954606e-01  4.9791929e-01  1.4358429e-01
 5.3209477e-02  2.7023088e-06  1.4954394e-01  4.9791929e-01  1.4358220e-01
 5.3175463e-02  3.3804659e-06  8.1264364e-02  3.6987002e-01  2.6002653e-01
 5.3177384e-02  3.3632687e-06  8.1260942e-02  3.6986896e-01  2.6002464e-01
 5.3209109e-02  2.7333246e-06  5.0083786e-02  3.7534675e-01  3.2142051e-01
 5.3211116e-02  2.7021978e-06  5.0079935e-02  3.7534573e-01  3.2141905e-01
 5.3208048e-02  2.7224294e-06  1.4866702e-01  1.4446926e-01  4.9581919e-01
 5.3209476e-02  2.7024053e-06  1.4866490e-01  1.4446717e-01  4.9581920e-01
 5.3088138e-02  3.4831344e-06  4.9070449e-01  2.1777959e-01  8.7515591e-02
 5.3088156e-02  3.4829893e-06  4.9070449e-01  2.1777961e-01  8.7515606e-02
 5.3032895e-02  3.6134604e-06  1.4469846e-01  1.4849228e-01  4.9024644e-01
 5.3033751e-02  3.6104595e-06  1.4469715e-01  1.4849098e-01  4.9024646e-01
 5.3044397e-02  3.4979366e-06  1.4573895e-01  1.4738034e-01  4.9309145e-01
 5.3045542e-02  3.4919211e-06  1.4573720e-01  1.4737864e-01  4.9309147e-01
 5.3122515e-02  3.3030938e-06  1.4563019e-01  1.4749827e-01  4.9385947e-01
 5.3123370e-02  3.3004229e-06  1.4562885e-01  1.4749704e-01  4.9385949e-01
 5.3122638e-02  3.3023152e-06  1.4649262e-01  1.4657975e-01  4.9983789e-01
 5.3123489e-02  3.3001140e-06  1.4649140e-01  1.4657853e-01  4.9983789e-01
 5.3175465e-02  3.3801816e-06  8.0502442e-02  2.6057345e-01  3.7132466e-01
 5.3177384e-02  3.3633099e-06  8.0499027e-02  2.6057157e-01  3.7132361e-01
 5.3032897e-02  3.6132486e-06  1.4300065e-01  4.9218966e-01  1.5016794e-01
 5.3033750e-02  3.6104583e-06  1.4299935e-01  4.9218968e-01  1.5016665e-01
 5.2955464e-02  3.9715726e-06  4.9973097e-01  1.4546895e-01  1.4755735e-01
 5.2956312e-02  3.9716029e-06  4.9973097e-01  1.4546764e-01  1.4755604e-01
 5.2944552e-02  4.0518042e-06  4.0365047e-01  6.9138627e-02  2.6551001e-01
 5.2945609e-02  4.0509185e-06  4.0365001e-01  6.9136681e-02  2.6550891e-01
 5.3000559e-02  3.7278847e-06  4.9971804e-01  2.4419247e-02  3.4598237e-01
 5.3001517e-02  3.7237924e-06  4.9971800e-01  2.4417335e-02  3.4598171e-01
 5.3044637e-02  3.4968888e-06  1.4647183e-01  1.4657788e-01  4.9999903e-01
 5.3045778e-02  3.4911957e-06  1.4647015e-01  1.4657620e-01  4.9999903e-01
 5.3209484e-02  2.7283150e-06  4.8014933e-02  3.7452976e-01  3.2731421e-01
 5.3211466e-02  2.6980172e-06  4.8011178e-02  3.7452876e-01  3.2731272e-01
 5.3209111e-02  2.7331042e-06  4.9502633e-02  3.2181560e-01  3.7688984e-01
 5.3211117e-02  2.7022314e-06  4.9498789e-02  3.2181414e-01  3.7688882e-01
 5.3044400e-02  3.4977691e-06  1.4436932e-01  4.9398835e-01  1.4874522e-01
 5.3045542e-02  3.4919382e-06  1.4436756e-01  4.9398837e-01  1.4874352e-01
 5.2944553e-02  4.0517556e-06  4.0298694e-01  2.6400403e-01  7.0110849e-02
 5.2945609e-02  4.0509088e-06  4.0298648e-01  2.6400293e-01  7.0108904e-02
 5.2911112e-02  4.1253223e-06  4.9978786e-01  1.4596549e-01  1.4704556e-01
 5.2912255e-02  4.1261270e-06  4.9978786e-01  1.4596375e-01  1.4704381e-01
 5.2944668e-02  4.0512621e-06  4.0407708e-01  7.0069033e-02  2.6363486e-01
 5.2945729e-02  4.0503120e-06  4.0407666e-01  7.0067095e-02  2.6363378e-01
 5.3033248e-02  3.6118861e-06  1.4644303e-01  1.4660301e-01  4.9980437e-01
 5.3034103e-02  3.6090163e-06  1.4644175e-01  1.4660173e-01  4.9980437e-01
 5.3175952e-02  3.3760125e-06  7.9022657e-02  3.6812361e-01  2.6495273e-01
 5.3177844e-02  3.3595320e-06  7.9019288e-02  3.6812258e-01  2.6495082e-01
 5.3122518e-02  3.3030215e-06  1.4363678e-01  4.9432420e-01  1.4950580e-01
 5.3123370e-02  3.3005250e-06  1.4363544e-01  4.9432421e-01  1.4950457e-01
 5.3000563e-02  3.7279158e-06  4.9910317e-01  3.4489551e-01  2.4773362e-02
 5.3001516e-02  3.7238280e-06  4.9910313e-01  3.4489485e-01  2.4771452e-02
 5.2944670e-02  4.0513417e-06  4.0436053e-01  2.6262058e-01  7.0564994e-02
 5.2945729e-02  4.0503582e-06  4.0436012e-01  2.6261949e-01  7.0563058e-02
 5.2955695e-02  3.9705655e-06  4.9975315e-01  1.4607058e-01  1.4695324e-01
 5.2956551e-02  3.9703095e-06  4.9975315e-01  1.4606928e-01  1.4695195e-01
 5.2855879e-02  3.9080716e-06  9.2118624e-05  9.2118316e-05  9.2118590e-05
 5.2855880e-02  3.9082348e-06  9.2117619e-05  9.2118069e-05  9.2118182e-05
 5.2955694e-02  3.9698349e-06  1.4625581e-01  4.9994746e-01  1.4676756e-01
 5.2956551e-02  3.9701734e-06  1.4625452e-01  4.9994746e-01  1.4676627e-01
 5.3120858e-02  3.6847596e-06  1.4631468e-01  4.9997029e-01  1.4676070e-01
 5.3122970e-02  3.6848664e-06  1.4631148e-01  4.9997029e-01  1.4675751e-01
 5.3122417e-02  3.3029490e-06  1.4774547e-01  4.9993628e-01  1.4533101e-01
 5.3123278e-02  3.3007365e-06  1.4774415e-01  4.9993627e-01  1.4532969e-01
 5.2956757e-02  3.8695369e-06  9.0728124e-05  1.8312680e-04  9.0742894e-05
 5.2956761e-02  3.8697417e-06  9.0723837e-05  1.8312676e-04  9.0706534e-05
 5.2855986e-02  4.0156786e-06  1.4518502e-01  4.9990811e-01  1.4781106e-01
 5.2856418e-02  4.0134673e-06  1.4518438e-01  4.9990811e-01  1.4781043e-01
 5.2822216e-02  4.1346131e-06  1.4578015e-01  4.9991916e-01  1.4720207e-01
 5.2822649e-02  4.1333420e-06  1.4577950e-01  4.9991916e-01  1.4720142e-01
 5.2955695e-02  3.9700004e-06  1.4654656e-01  1.4647685e-01  4.9960286e-01
 5.2956551e-02  3.9701816e-06  1.4654527e-01  1.4647556e-01  4.9960285e-01
 5.3033249e-02  3.6114179e-06  4.9996566e-01  1.4642988e-01  1.4661610e-01
 5.3034103e-02  3.6090164e-06  4.9996566e-01  1.4642861e-01  1.4661483e-01
 5.3175952e-02  3.3757787e-06  2.6462029e-01  3.6809938e-01  7.9216039e-02
 5.3177844e-02  3.3595209e-06  2.6461838e-01  3.6809835e-01  7.9212675e-02
 5.3122515e-02  3.3022007e-06  1.4920803e-01  4.9427138e-01  1.4393074e-01
 5.3123373e-02  3.3004300e-06  1.4920680e-01  4.9427139e-01  1.4392940e-01
 5.3000561e-02  3.7272481e-06  2.4596328e-02  3.4545004e-01  4.9794513e-01
 5.3001518e-02  3.7235887e-06  2.4594419e-02  3.4544938e-01  4.9794509e-01
 5.2944669e-02  4.0507432e-06  7.0167552e-02  2.6304280e-01  4.0510177e-01
 5.2945729e-02  4.0501093e-06  7.0165617e-02  2.6304172e-01  4.0510135e-01
 5.3120859e-02  3.6849741e-06  1.4655087e-01  1.4652444e-01  4.9976878e-01
 5.3122972e-02  3.6848446e-06  1.4654768e-01  1.4652125e-01  4.9976878e-01
 5.3175952e-02  3.3759120e-06  2.6475460e-01  7.9121420e-02  3.6816165e-01
 5.3177845e-02  3.3594619e-06  2.6475269e-01  7.9118059e-02  3.6816062e-01
 5.3209345e-02  2.7299993e-06  4.7961733e-02  3.2924489e-01  3.7210281e-01
 5.3211325e-02  2.6997825e-06  4.7957968e-02  3.2924339e-01  3.7210170e-01
 5.3132031e-02  3.6567874e-06  8.2926943e-02  2.2446690e-01  4.9923798e-01
 5.3134184e-02  3.6531485e-06  8.2923130e-02  2.2446434e-01  4.9923795e-01
 5.3175395e-02  3.3808034e-06  2.6431830e-01  3.6919333e-01  7.9043410e-02
 5.3177316e-02  3.3636383e-06  2.6431639e-01  3.6919227e-01  7.9040016e-02
 5.3120381e-02  3.6862384e-06  1.4739967e-01  4.9944203e-01  1.4567784e-01
 5.3122529e-02  3.6854753e-06  1.4739646e-01  4.9944204e-01  1.4567464e-01
 5.3131638e-02  3.6583612e-06  8.4756715e-02  4.9933361e-01  2.2171647e-01
 5.3133825e-02  3.6539913e-06  8.4752860e-02  4.9933362e-01  2.2171392e-01
 5.3209043e-02  2.7341025e-06  4.9193909e-02  3.7522187e-01  3.2376705e-01
 5.3211047e-02  2.7030798e-06  4.9190071e-02  3.7522078e-01  3.2376558e-01
 5.3122418e-02  3.3029529e-06  1.4648856e-01  1.4658390e-01  4.9973031e-01
 5.3123274e-02  3.3005944e-06  1.4648724e-01  1.4658258e-01  4.9973031e-01
 5.3175396e-02  3.3806184e-06  2.6399490e-01  7.9757850e-02  3.6749027e-01
 5.3177315e-02  3.3637071e-06  2.6399300e-01  7.9754456e-02  3.6748920e-01
 5.3032789e-02  3.6138010e-06  4.9990560e-01  1.4788357e-01  1.4516746e-01
 5.3033657e-02  3.6106902e-06  4.9990560e-01  1.4788228e-01  1.4516617e-01
 5.2955322e-02  3.9714316e-06  1.4883622e-01  4.9981826e-01  1.4420203e-01
 5.2956194e-02  3.9712305e-06  1.4883490e-01  4.9981826e-01  1.4420074e-01
 5.2944384e-02  4.0516632e-06  7.2754053e-02  4.0410242e-01  2.5880519e-01
 5.2945459e-02  4.0506553e-06  7.2752078e-02  4.0410199e-01  2.5880411e-01
 5.3000367e-02  3.7283540e-06  2.6654991e-02  4.9893150e-01  3.3924561e-01
 5.3001333e-02  3.7241160e-06  2.6653015e-02  4.9893152e-01  3.3924497e-01
 5.2956757e-02  3.8695322e-06  9.0712420e-05  9.0712476e-05  1.8312596e-04
 5.2956758e-02  3.8696031e-06  9.0735807e-05  9.0735753e-05  1.8312576e-04
 5.3122514e-02  3.3020411e-06  1.4756222e-01  1.4557513e-01  4.9338533e-01
 5.3123369e-02  3.3003786e-06  1.4756098e-01  1.4557379e-01  4.9338535e-01
 5.3120383e-02  3.6859956e-06  1.4694812e-01  1.4612843e-01  4.9911777e-01
 5.3122529e-02  3.6855327e-06  1.4694492e-01  1.4612524e-01  4.9911776e-01
 5.2955323e-02  3.9712375e-06  1.4770302e-01  1.4533373e-01  4.9737149e-01
 5.2956193e-02  3.9712553e-06  1.4770171e-01  1.4533244e-01  4.9737149e-01
 5.2855603e-02  3.9091375e-06  9.1970065e-05  9.2033362e-05  9.2030858e-05
 5.2855609e-02  3.9090210e-06  9.1970155e-05  9.2035620e-05  9.2035447e-05
 5.2822031e-02  4.1355538e-06  1.4663927e-01  1.4643555e-01  4.9184886e-01
 5.2822467e-02  4.1342684e-06  1.4663860e-01  1.4643490e-01  4.9184887e-01
 5.2855890e-02  4.0161808e-06  1.4759279e-01  1.4545658e-01  4.9377612e-01
 5.2856326e-02  4.0138141e-06  1.4759210e-01  1.4545594e-01  4.9377613e-01
 5.2855983e-02  4.0155576e-06  1.4644082e-01  1.4655043e-01  4.9981438e-01
 5.2856418e-02  4.0134308e-06  1.4644019e-01  1.4654979e-01  4.9981438e-01
 5.3000559e-02  3.7270594e-06  2.4352457e-02  4.9960892e-01  3.4618900e-01
 5.3001516e-02  3.7235617e-06  2.4350544e-02  4.9960888e-01  3.4618834e-01
 5.3209343e-02  2.7298805e-06  4.7526864e-02  3.7291426e-01  3.2979171e-01
 5.3211322e-02  2.6998236e-06  4.7523094e-02  3.7291315e-01  3.2979020e-01
 5.3131640e-02  3.6581845e-06  8.4471563e-02  2.2214280e-01  4.9919457e-01
 5.3133826e-02  3.6540907e-06  8.4467714e-02  2.2214025e-01  4.9919455e-01
 5.2944385e-02  4.0514696e-06  7.1859129e-02  2.5950772e-01  4.0635575e-01
 5.2945459e-02  4.0506711e-06  7.1857160e-02  2.5950665e-01  4.0635533e-01
 5.2822032e-02  4.1354365e-06  1.4406318e-01  4.9444513e-01  1.4897836e-01
 5.2822466e-02  4.1342649e-06  1.4406251e-01  4.9444514e-01  1.4897770e-01
 5.2766024e-02  4.4071300e-06  4.9962272e-01  1.4506422e-01  1.4790516e-01
 5.2766456e-02  4.4081942e-06  4.9962273e-01  1.4506355e-01  1.4790449e-01
 5.2777376e-02  4.4189558e-06  4.9929317e-01  5.1133451e-02  2.7984972e-01
 5.2777834e-02  4.4192471e-06  4.9929318e-01  5.1132577e-02  2.7984927e-01
 5.2822214e-02  4.1344815e-06  1.4641460e-01  1.4656621e-01  4.9989821e-01
 5.2822649e-02  4.1332905e-06  1.4641395e-01  1.4656556e-01  4.9989821e-01
 5.2944668e-02  4.0505307e-06  7.0054430e-02  4.0421875e-01  2.6360398e-01
 5.2945729e-02  4.0500564e-06  7.0052491e-02  4.0421833e-01  2.6360289e-01
 5.3132030e-02  3.6565849e-06  8.2657819e-02  4.9975585e-01  2.2487377e-01
 5.3134182e-02  3.6531715e-06  8.2653999e-02  4.9975581e-01  2.2487120e-01
 5.3209043e-02  2.7340355e-06  4.9445632e-02  3.2420315e-01  3.7370671e-01
 5.3211050e-02  2.7031667e-06  4.9441801e-02  3.2420167e-01  3.7370562e-01
 5.3000368e-02  3.7282517e-06  2.6460898e-02  3.3982367e-01  4.9830339e-01
 5.3001335e-02  3.7242032e-06  2.6458926e-02  3.3982303e-01  4.9830336e-01
 5.2855893e-02  4.0161331e-06  1.4481500e-01  4.9490405e-01  1.4822127e-01
 5.2856326e-02  4.0138677e-06  1.4481432e-01  4.9490406e-01  1.4822064e-01
 5.2777377e-02  4.4189769e-06  4.9996343e-01  2.7766160e-01  5.2212708e-02
 5.2777834e-02  4.4192703e-06  4.9996342e-01  2.7766115e-01  5.2211834e-02
 5.2766114e-02  4.4066396e-06  4.9965669e-01  1.4568142e-01  1.4728406e-01
 5.2766548e-02  4.4076047e-06  4.9965669e-01  1.4568076e-01  1.4728340e-01
 5.2687521e-02  4.3993660e-06  4.1864236e-05  4.1864090e-05  4.1864093e-05
 5.2687521e-02  4.3994174e-06  4.1863574e-05  4.1863776e-05  4.1863968e-05
 5.2766114e-02  4.4061058e-06  1.4584312e-01  4.9989767e-01  1.4712155e-01
 5.2766548e-02  4.4073713e-06  1.4584246e-01  4.9989767e-01  1.4712089e-01
 5.2911112e-02  4.1243400e-06  1.4602177e-01  4.9995049e-01  1.4698906e-01
 5.2912254e-02  4.1256556e-06  1.4602002e-01  4.9995049e-01  1.4698731e-01
 5.3120721e-02  3.6848594e-06  1.4615428e-01  4.9996360e-01  1.4692133e-01
 5.3122827e-02  3.6850168e-06  1.4615107e-01  4.9996360e-01  1.4691812e-01
 5.3044264e-02  3.4981212e-06  1.4747632e-01  4.9995800e-01  1.4557586e-01
 5.3045415e-02  3.4922454e-06  1.4747458e-01  4.9995800e-01  1.4557412e-01
 5.2855827e-02  4.0162662e-06  1.4845254e-01  4.9989130e-01  1.4454943e-01
 5.2856263e-02  4.0140660e-06  1.4845186e-01  4.9989130e-01  1.4454875e-01
 5.2732666e-02  4.4497059e-06  4.1447181e-05  8.3670974e-05  4.1455634e-05
 5.2732667e-02  4.4498146e-06  4.1457323e-05  8.3670897e-05  4.1447777e-05
 5.2676178e-02  4.4825274e-06  1.4442751e-01  4.9972612e-01  1.4851845e-01
 5.2676325e-02  4.4837094e-06  1.4442730e-01  4.9972612e-01  1.4851823e-01
 5.2766114e-02  4.4061965e-06  1.4651059e-01  1.4645321e-01  4.9953428e-01
 5.2766549e-02  4.4073822e-06  1.4650994e-01  1.4645255e-01  4.9953428e-01
 5.2822215e-02  4.1341500e-06  4.9995810e-01  1.4609843e-01  1.4688279e-01
 5.2822649e-02  4.1332174e-06  4.9995810e-01  1.4609778e-01  1.4688214e-01
 5.2944669e-02  4.0504038e-06  2.6281210e-01  4.0420925e-01  7.0492894e-02
 5.2945728e-02  4.0500496e-06  2.6281101e-01  4.0420883e-01  7.0490957e-02
 5.3132031e-02  3.6566173e-06  2.2420582e-01  4.9968362e-01  8.3098966e-02
 5.3134182e-02  3.6532200e-06  2.2420325e-01  4.9968359e-01  8.3095152e-02
 5.3209042e-02  2.7334992e-06  3.7514811e-01  3.2438324e-01  4.8973914e-02
 5.3211051e-02  2.7029942e-06  3.7514703e-01  3.2438177e-01  4.8970081e-02
 5.3000366e-02  3.7276040e-06  4.9947826e-01  3.4025437e-01  2.6312679e-02
 5.3001336e-02  3.7239625e-06  4.9947829e-01  3.4025372e-01  2.6310706e-02
 5.2855891e-02  4.0155201e-06  1.4761507e-01  4.9474685e-01  1.4541872e-01
 5.2856328e-02  4.0136142e-06  1.4761443e-01  4.9474686e-01  1.4541804e-01
 5.2777376e-02  4.4184520e-06  5.1651600e-02  2.7879947e-01  4.9863502e-01
 5.2777835e-02  4.4189566e-06  5.1650727e-02  2.7879902e-01  4.9863501e-01
 5.2911112e-02  4.1244672e-06  1.4651739e-01  1.4649287e-01  4.9972350e-01
 5.2912256e-02  4.1256404e-06  1.4651565e-01  1.4649113e-01  4.9972350e-01
 5.2944669e-02  4.0505306e-06  2.6312827e-01  7.0248286e-02  4.0452452e-01
 5.2945729e-02  4.0500353e-06  2.6312718e-01  7.0246351e-02  4.0452411e-01
 5.3044639e-02  3.4964010e-06  4.9996139e-01  1.4620981e-01  1.4684018e-01
 5.3045778e-02  3.4911663e-06  4.9996140e-01  1.4620813e-01  1.4683850e-01
 5.3209486e-02  2.7281413e-06  3.2685957e-01  3.7446508e-01  4.8206862e-02
 5.3211466e-02  2.6980415e-06  3.2685807e-01  3.7446408e-01  4.8203111e-02
 5.3209109e-02  2.7321761e-06  3.7588606e-01  3.2215519e-01  4.9643891e-02
 5.3211119e-02  2.7017925e-06  3.7588503e-01  3.2215373e-01  4.9640046e-02
 5.3044397e-02  3.4967062e-06  1.4829818e-01  4.9395638e-01  1.4481195e-01
 5.3045544e-02  3.4914247e-06  1.4829648e-01  4.9395640e-01  1.4481019e-01
 5.2944552e-02  4.0507749e-06  6.9776037e-02  2.6473651e-01  4.0269251e-01
 5.2945611e-02  4.0503376e-06  6.9774093e-02  2.6473541e-01  4.0269206e-01
 5.3120721e-02  3.6849779e-06  1.4654812e-01  1.4652713e-01  4.9980153e-01
 5.3122829e-02  3.6849285e-06  1.4654491e-01  1.4652392e-01  4.9980153e-01
 5.3132031e-02  3.6567820e-06  2.2448800e-01  8.2912448e-02  4.9966224e-01
 5.3134184e-02  3.6531441e-06  2.2448543e-01  8.2908636e-02  4.9966221e-01
 5.3209485e-02  2.7282668e-06  3.2695811e-01  4.8057930e-02  3.7486594e-01
 5.3211467e-02  2.6979880e-06  3.2695662e-01  4.8054181e-02  3.7486494e-01
 5.3175675e-02  3.3776605e-06  7.8452539e-02  2.6720715e-01  3.6596358e-01
 5.3177560e-02  3.3614274e-06  7.8449152e-02  2.6720522e-01  3.6596250e-01
 5.3209042e-02  2.7343471e-06  3.2430314e-01  3.7539450e-01  4.8936973e-02
 5.3211050e-02  2.7032769e-06  3.2430167e-01  3.7539342e-01  4.8933140e-02
 5.3131638e-02  3.6583739e-06  2.2240895e-01  4.9936685e-01  8.4293414e-02
 5.3133826e-02  3.6539938e-06  2.2240640e-01  4.9936687e-01  8.4289563e-02
 5.3120382e-02  3.6860215e-06  1.4632265e-01  4.9944220e-01  1.4675289e-01
 5.3122529e-02  3.6851691e-06  1.4631945e-01  4.9944220e-01  1.4674969e-01
 5.3175396e-02  3.3803590e-06  7.9471697e-02  3.6899263e-01  2.6366610e-01
 5.3177314e-02  3.3630899e-06  7.9468298e-02  3.6899156e-01  2.6366419e-01
 5.3044265e-02  3.4980352e-06  1.4647583e-01  1.4657385e-01  4.9981195e-01
 5.3045411e-02  3.4920875e-06  1.4647409e-01  1.4657211e-01  4.9981195e-01
 5.3209043e-02  2.7333956e-06  3.7511447e-01  4.9303227e-02  3.2356364e-01
 5.3211047e-02  2.7029193e-06  3.7511338e-01  4.9299390e-02  3.2356217e-01
 5.3209043e-02  2.7341842e-06  3.2406509e-01  4.9474195e-02  3.7379710e-01
 5.3211049e-02  2.7033337e-06  3.2406361e-01  4.9470363e-02  3.7379602e-01
 5.3044264e-02  3.4986175e-06  4.9996931e-01  1.4752922e-01  1.4552326e-01
 5.3045413e-02  3.4925527e-06  4.9996932e-01  1.4752748e-01  1.4552152e-01
 5.2944351e-02  4.0517242e-06  2.6170925e-01  4.0638328e-01  7.0623877e-02
 5.2945425e-02  4.0506955e-06  2.6170816e-01  4.0638284e-01  7.0621914e-02
 5.2910851e-02  4.1251946e-06  1.4698852e-01  4.9832982e-01  1.4602608e-01
 5.2912012e-02  4.1258691e-06  1.4698677e-01  4.9832983e-01  1.4602434e-01
 5.2944352e-02  4.0514732e-06  7.1221991e-02  4.0620598e-01  2.6070410e-01
 5.2945424e-02  4.0504093e-06  7.1220024e-02  4.0620553e-01  2.6070302e-01
 5.2855828e-02  4.0162186e-06  1.4645353e-01  1.4653791e-01  4.9957543e-01
 5.2856260e-02  4.0139579e-06  1.4645285e-01  1.4653723e-01  4.9957543e-01
 5.3000367e-02  3.7275312e-06  4.9906615e-01  2.6786024e-02  3.3885946e-01
 5.3001333e-02  3.7238884e-06  4.9906617e-01  2.6784049e-02  3.3885882e-01
 5.3209109e-02  2.7321653e-06  3.7548505e-01  5.0129101e-02  3.2120999e-01
 5.3211116e-02  2.7017973e-06  3.7548402e-01  5.0125252e-02  3.2120853e-01
 5.3131639e-02  3.6581749e-06  2.2201186e-01  8.4559033e-02  4.9925837e-01
 5.3133825e-02  3.6540804e-06  2.2200931e-01  8.4555183e-02  4.9925836e-01
 5.2944352e-02  4.0515759e-06  2.6115845e-01  7.1460918e-02  4.0398231e-01
 5.2945425e-02  4.0507236e-06  2.6115737e-01  7.1458956e-02  4.0398186e-01
 5.2821965e-02  4.1357115e-06  4.9981326e-01  1.4852574e-01  1.4446666e-01
 5.2822402e-02  4.1343676e-06  4.9981327e-01  1.4852507e-01  1.4446600e-01
 5.2765924e-02  4.4068725e-06  1.4822102e-01  4.9672811e-01  1.4476596e-01
 5.2766364e-02  4.4078286e-06  1.4822035e-01  4.9672811e-01  1.4476530e-01
 5.2777248e-02  4.4189147e-06  5.4182414e-02  4.9648443e-01  2.7376518e-01
 5.2777709e-02  4.4191338e-06  5.4181519e-02  4.9648443e-01  2.7376474e-01
 5.2732665e-02  4.4496893e-06  4.1446854e-05  4.1446867e-05  8.3670493e-05
 5.2732667e-02  4.4497350e-06  4.1455902e-05  4.1455915e-05  8.3670481e-05
 5.2855890e-02  4.0154496e-06  1.4558215e-01  1.4747894e-01  4.9310729e-01
 5.2856326e-02  4.0135995e-06  1.4558151e-01  1.4747826e-01  4.9310730e-01
 5.3044397e-02  3.4966795e-06  1.4747397e-01  1.4565174e-01  4.9279242e-01
 5.3045542e-02  3.4914551e-06  1.4747227e-01  1.4564999e-01  4.9279244e-01
 5.3120383e-02  3.6859066e-06  1.4600910e-01  1.4706783e-01  4.9909416e-01
 5.3122529e-02  3.6852973e-06  1.4600591e-01  1.4706463e-01  4.9909415e-01
 5.2910852e-02  4.1250682e-06  1.4641628e-01  1.4659408e-01  4.9951091e-01
 5.2912012e-02  4.1259171e-06  1.4641454e-01  1.4659234e-01  4.9951090e-01
 5.2765925e-02  4.4067836e-06  1.4667911e-01  1.4628570e-01  4.9903910e-01
 5.2766363e-02  4.4078513e-06  1.4667845e-01  1.4628504e-01  4.9903909e-01
 5.2687395e-02  4.3994052e-06  4.1796151e-05  4.1826029e-05  4.1825283e-05
 5.2687397e-02  4.3993759e-06  4.1796280e-05  4.1825741e-05  4.1825249e-05
 5.2676115e-02  4.4823679e-06  1.5142904e-01  1.4162696e-01  4.9382206e-01
 5.2676262e-02  4.4835230e-06  1.5142881e-01  1.4162674e-01  4.9382207e-01
 5.2676177e-02  4.4824815e-06  1.4638396e-01  1.4655011e-01  4.9983383e-01
 5.2676325e-02  4.4837009e-06  1.4638375e-01  1.4654990e-01  4.9983383e-01
 5.2777376e-02  4.4183567e-06  5.1051416e-02  4.9947786e-01  2.8001655e-01
 5.2777834e-02  4.4189407e-06  5.1050540e-02  4.9947788e-01  2.8001610e-01
 5.2944552e-02  4.0507016e-06  6.9116967e-02  4.0350364e-01  2.6561021e-01
 5.2945609e-02  4.0503846e-06  6.9115020e-02  4.0350318e-01  2.6560911e-01
 5.3175675e-02  3.3776458e-06  7.7924708e-02  3.6639686e-01  2.6791558e-01
 5.3177558e-02  3.3615590e-06  7.7921315e-02  3.6639577e-01  2.6791365e-01
 5.3175396e-02  3.3803954e-06  7.9691523e-02  2.6415057e-01  3.6742351e-01
 5.3177316e-02  3.3632840e-06  7.9688130e-02  2.6414866e-01  3.6742244e-01
 5.2944352e-02  4.0514658e-06  7.1360410e-02  2.6138862e-01  4.0385876e-01
 5.2945425e-02  4.0505409e-06  7.1358448e-02  2.6138754e-01  4.0385832e-01
 5.2777248e-02  4.4188779e-06  5.3615729e-02  2.7485912e-01  4.9926313e-01
 5.2777710e-02  4.4191938e-06  5.3614836e-02  2.7485869e-01  4.9926312e-01
 5.2676116e-02  4.4823731e-06  1.4620426e-01  4.9764320e-01  1.4673785e-01
 5.2676262e-02  4.4835647e-06  1.4620403e-01  4.9764320e-01  1.4673764e-01
 5.2642228e-02  4.3736601e-06  4.9934415e-01  1.4424024e-01  1.4869764e-01
 5.2642374e-02  4.3762801e-06  4.9934415e-01  1.4424002e-01  1.4869742e-01
 5.2585634e-02  3.6976720e-06  1.0608796e-05  1.0608752e-05  1.0608684e-05
 5.2585635e-02  3.6976824e-06  1.0608484e-05  1.0608541e-05  1.0608661e-05
 5.2642228e-02  4.3733613e-06  1.4438484e-01  4.9981830e-01  1.4855070e-01
 5.2642374e-02  4.3760882e-06  1.4438462e-01  4.9981830e-01  1.4855048e-01
 5.2766024e-02  4.4064378e-06  1.4510361e-01  4.9992211e-01  1.4786526e-01
 5.2766456e-02  4.4077451e-06  1.4510295e-01  4.9992211e-01  1.4786459e-01
 5.2955463e-02  3.9705987e-06  1.4549009e-01  4.9994412e-01  1.4753598e-01
 5.2956311e-02  3.9710435e-06  1.4548878e-01  4.9994413e-01  1.4753467e-01
 5.3208235e-02  2.7194458e-06  1.4574802e-01  4.9995051e-01  1.4735303e-01
 5.3209617e-02  2.7002702e-06  1.4574588e-01  4.9995051e-01  1.4735089e-01
 5.3032789e-02  3.6132994e-06  1.4782681e-01  4.9997846e-01  1.4522379e-01
 5.3033658e-02  3.6101635e-06  1.4782552e-01  4.9997846e-01  1.4522250e-01
 5.2821965e-02  4.1353524e-06  1.4850509e-01  4.9994284e-01  1.4448703e-01
 5.2822403e-02  4.1340382e-06  1.4850442e-01  4.9994284e-01  1.4448637e-01
 5.2676084e-02  4.4820089e-06  1.5061178e-01  4.9981818e-01  1.4237029e-01
 5.2676230e-02  4.4831815e-06  1.5061156e-01  4.9981818e-01  1.4237006e-01
 5.2596968e-02  3.8812023e-06  1.0537631e-05  2.1272981e-05  1.0538908e-05
 5.2596969e-02  3.8812442e-06  1.0540338e-05  2.1272944e-05  1.0538794e-05
 5.2642227e-02  4.3733714e-06  1.4649167e-01  1.4643254e-01  4.9916558e-01
 5.2642375e-02  4.3760739e-06  1.4649145e-01  1.4643232e-01  4.9916558e-01
 5.2676178e-02  4.4823246e-06  4.9998562e-01  1.4486896e-01  1.4807231e-01
 5.2676325e-02  4.4836457e-06  4.9998562e-01  1.4486875e-01  1.4807209e-01
 5.2777377e-02  4.4183866e-06  2.7793337e-01  4.9966900e-01  5.2077990e-02
 5.2777833e-02  4.4189851e-06  2.7793292e-01  4.9966901e-01  5.2077116e-02
 5.2944553e-02  4.0508929e-06  2.6410063e-01  4.0323707e-01  7.0001467e-02
 5.2945608e-02  4.0504871e-06  2.6409953e-01  4.0323661e-01  6.9999522e-02
 5.3175676e-02  3.3779280e-06  2.6676295e-01  3.6617458e-01  7.8631078e-02
 5.3177557e-02  3.3616554e-06  2.6676101e-01  3.6617350e-01  7.8627690e-02
 5.3175395e-02  3.3798132e-06  3.6897766e-01  2.6441900e-01  7.9054112e-02
 5.3177317e-02  3.3631469e-06  3.6897660e-01  2.6441709e-01  7.9050717e-02
 5.2944351e-02  4.0508828e-06  4.0612991e-01  2.6182026e-01  7.0617600e-02
 5.2945426e-02  4.0502901e-06  4.0612947e-01  2.6181918e-01  7.0615637e-02
 5.2777247e-02  4.4183599e-06  4.9701881e-01  2.7578976e-01  5.3156897e-02
 5.2777711e-02  4.4188735e-06  4.9701882e-01  2.7578932e-01  5.3156004e-02
 5.2676115e-02  4.4819344e-06  1.4491238e-01  4.9722474e-01  1.4803949e-01
 5.2676263e-02  4.4832619e-06  1.4491216e-01  4.9722474e-01  1.4803926e-01
 5.2766023e-02  4.4064427e-06  1.4650163e-01  1.4646217e-01  4.9951516e-01
 5.2766457e-02  4.4076784e-06  1.4650096e-01  1.4646151e-01  4.9951515e-01
 5.2777376e-02  4.4184482e-06  2.7880788e-01  5.1645601e-02  4.9954547e-01
 5.2777835e-02  4.4189524e-06  2.7880744e-01  5.1644728e-02  4.9954546e-01
 5.2855985e-02  4.0152842e-06  4.9992079e-01  1.4542025e-01  1.4757423e-01
 5.2856418e-02  4.0134176e-06  4.9992079e-01  1.4541962e-01  1.4757360e-01
 5.3000561e-02  3.7271102e-06  3.4509530e-01  4.9945731e-01  2.4707663e-02
 5.3001516e-02  3.7236464e-06  3.4509464e-01  4.9945727e-01  2.4705753e-02
 5.3209345e-02  2.7301165e-06  3.2894464e-01  3.7263476e-01  4.7925060e-02
 5.3211322e-02  2.6999489e-06  3.2894313e-01  3.7263366e-01  4.7921295e-02
 5.3131638e-02  3.6571656e-06  4.9959605e-01  2.2248945e-01  8.4239383e-02
 5.3133827e-02  3.6536207e-06  4.9959607e-01  2.2248690e-01  8.4235534e-02
 5.2944384e-02  4.0505171e-06  4.0456657e-01  2.6010712e-01  7.1917938e-02
 5.2945460e-02  4.0500927e-06  4.0456614e-01  2.6010604e-01  7.1915967e-02
 5.2822031e-02  4.1346031e-06  1.4773753e-01  4.9433298e-01  1.4529293e-01
 5.2822468e-02  4.1336914e-06  1.4773687e-01  4.9433298e-01  1.4529226e-01
 5.2955463e-02  3.9705651e-06  1.4653613e-01  1.4648713e-01  4.9966554e-01
 5.2956313e-02  3.9708938e-06  1.4653482e-01  1.4648583e-01  4.9966554e-01
 5.2944552e-02  4.0509802e-06  2.6470162e-01  6.9664715e-02  4.0327083e-01
 5.2945610e-02  4.0504021e-06  2.6470053e-01  6.9662772e-02  4.0327038e-01
 5.3000560e-02  3.7272442e-06  3.4544737e-01  2.4594751e-02  4.9862205e-01
 5.3001517e-02  3.7235822e-06  3.4544671e-01  2.4592843e-02  4.9862201e-01
 5.3122640e-02  3.3019341e-06  4.9991383e-01  1.4576533e-01  1.4730869e-01
 5.3123488e-02  3.3001975e-06  4.9991383e-01  1.4576411e-01  1.4730747e-01
 5.3175464e-02  3.3789580e-06  3.7018003e-01  2.6097707e-01  8.0624951e-02
 5.3177385e-02  3.3625806e-06  3.7017898e-01  2.6097518e-01  8.0621536e-02
 5.3032895e-02  3.6120745e-06  1.4923427e-01  4.9217777e-01  1.4391823e-01
 5.3033752e-02  3.6097150e-06  1.4923298e-01  4.9217779e-01  1.4391693e-01
 5.3208235e-02  2.7194082e-06  1.4658131e-01  1.4651799e-01  4.9975528e-01
 5.3209620e-02  2.7000867e-06  1.4657918e-01  1.4651586e-01  4.9975528e-01
 5.3175675e-02  3.3780066e-06  2.6718114e-01  7.8338788e-02  3.6636716e-01
 5.3177560e-02  3.3614947e-06  2.6717921e-01  7.8335403e-02  3.6636607e-01
 5.3209344e-02  2.7302653e-06  3.2921481e-01  4.7846196e-02  3.7255218e-01
 5.3211324e-02  2.6998316e-06  3.2921330e-01  4.7842433e-02  3.7255107e-01
 5.3209108e-02  2.7331318e-06  3.2212533e-01  3.7555586e-01  4.9746816e-02
 5.3211118e-02  2.7019635e-06  3.2212387e-01  3.7555484e-01  4.9742970e-02
 5.3175463e-02  3.3800353e-06  2.6091351e-01  3.6991973e-01  8.0741857e-02
 5.3177384e-02  3.3627140e-06  2.6091162e-01  3.6991868e-01  8.0738439e-02
 5.3208047e-02  2.7220478e-06  1.4452407e-01  4.9791952e-01  1.4859285e-01
 5.3209476e-02  2.7015305e-06  1.4452197e-01  4.9791953e-01  1.4859073e-01
 5.3032791e-02  3.6130970e-06  1.4645604e-01  1.4658986e-01  4.9975415e-01
 5.3033655e-02  3.6099518e-06  1.4645475e-01  1.4658857e-01  4.9975415e-01
 5.3175396e-02  3.3796216e-06  3.6887310e-01  7.9605333e-02  2.6349470e-01
 5.3177314e-02  3.3630069e-06  3.6887203e-01  7.9601934e-02  2.6349279e-01
 5.3122417e-02  3.3033959e-06  4.9996823e-01  1.4779903e-01  1.4527782e-01
 5.3123276e-02  3.3007595e-06  4.9996823e-01  1.4779771e-01  1.4527650e-01
 5.3000366e-02  3.7283932e-06  3.4019709e-01  4.9905169e-01  2.6332660e-02
 5.3001335e-02  3.7241268e-06  3.4019645e-01  4.9905172e-01  2.6330687e-02
 5.2944384e-02  4.0514411e-06  2.6001062e-01  4.0423734e-01  7.2045563e-02
 5.2945460e-02  4.0503819e-06  2.6000955e-01  4.0423692e-01  7.2043592e-02
 5.2955323e-02  3.9709927e-06  1.4546243e-01  4.9983544e-01  1.4756374e-01
 5.2956193e-02  3.9706485e-06  1.4546113e-01  4.9983544e-01  1.4756244e-01
 5.2821966e-02  4.1352050e-06  1.4643450e-01  1.4654647e-01  4.9956860e-01
 5.2822401e-02  4.1338756e-06  1.4643383e-01  1.4654580e-01  4.9956860e-01
 5.2944352e-02  4.0507454e-06  4.0608740e-01  7.1405931e-02  2.6042126e-01
 5.2945424e-02  4.0501629e-06  4.0608696e-01  7.1403965e-02  2.6042017e-01
 5.3131638e-02  3.6571240e-06  4.9948342e-01  8.4850855e-02  2.2157573e-01
 5.3133826e-02  3.6535695e-06  4.9948344e-01  8.4847000e-02  2.2157318e-01
 5.3209110e-02  2.7329507e-06  3.2170383e-01  4.9594702e-02  3.7671492e-01
 5.3211116e-02  2.7020761e-06  3.2170237e-01  4.9590858e-02  3.7671390e-01
 5.3000367e-02  3.7282424e-06  3.3960174e-01  2.6535082e-02  4.9859125e-01
 5.3001333e-02  3.7241947e-06  3.3960110e-01  2.6533110e-02  4.9859122e-01
 5.2855827e-02  4.0165720e-06  4.9988089e-01  1.4845222e-01  1.4454974e-01
 5.2856262e-02  4.0141795e-06  4.9988089e-01  1.4845155e-01  1.4454907e-01
 5.2777247e-02  4.4189368e-06  2.7564728e-01  4.9659082e-01  5.3231481e-02
 5.2777710e-02  4.4191459e-06  2.7564684e-01  4.9659083e-01  5.3230588e-02
 5.2765924e-02  4.4066266e-06  1.4666154e-01  4.9675747e-01  1.4631681e-01
 5.2766363e-02  4.4075381e-06  1.4666088e-01  4.9675747e-01  1.4631614e-01
 5.2676084e-02  4.4819656e-06  1.4643057e-01  1.4650466e-01  4.9906715e-01
 5.2676228e-02  4.4831136e-06  1.4643034e-01  1.4650443e-01  4.9906715e-01
 5.2777247e-02  4.4183189e-06  4.9668337e-01  5.4446135e-02  2.7324325e-01
 5.2777709e-02  4.4188320e-06  4.9668337e-01  5.4445240e-02  2.7324281e-01
 5.2944384e-02  4.0505695e-06  4.0431954e-01  7.2852423e-02  2.5854487e-01
 5.2945459e-02  4.0501260e-06  4.0431912e-01  7.2850449e-02  2.5854380e-01
 5.3175463e-02  3.3790776e-06  3.7006495e-01  8.1306362e-02  2.5984769e-01
 5.3177384e-02  3.3626522e-06  3.7006390e-01  8.1302941e-02  2.5984581e-01
 5.3175465e-02  3.3799450e-06  2.6043127e-01  8.0598277e-02  3.7127690e-01
 5.3177383e-02  3.3628791e-06  2.6042939e-01  8.0594862e-02  3.7127585e-01
 5.2944385e-02  4.0513452e-06  2.5930048e-01  7.1998005e-02  4.0625345e-01
 5.2945458e-02  4.0504750e-06  2.5929940e-01  7.1996035e-02  4.0625302e-01
 5.2777248e-02  4.4188725e-06  2.7447046e-01  5.3811607e-02  4.9953071e-01
 5.2777709e-02  4.4191889e-06  2.7447003e-01  5.3810714e-02  4.9953070e-01
 5.2676084e-02  4.4822420e-06  4.9958342e-01  1.5051303e-01  1.4246699e-01
 5.2676229e-02  4.4833653e-06  4.9958342e-01  1.5051280e-01  1.4246677e-01
 5.2642164e-02  4.3727882e-06  1.4842405e-01  4.9082278e-01  1.4462845e-01
 5.2642311e-02  4.3753892e-06  1.4842382e-01  4.9082278e-01  1.4462822e-01
 5.2596968e-02  3.8811821e-06  1.0537798e-05  1.0537783e-05  2.1272845e-05
 5.2596970e-02  3.8812291e-06  1.0539721e-05  1.0539746e-05  2.1272844e-05
 5.2676115e-02  4.4819266e-06  1.4198774e-01  1.5108155e-01  4.9263433e-01
 5.2676262e-02  4.4832654e-06  1.4198752e-01  1.5108132e-01  4.9263433e-01
 5.2822031e-02  4.1346858e-06  1.4668137e-01  1.4640600e-01  4.9132301e-01
 5.2822466e-02  4.1337875e-06  1.4668071e-01  1.4640533e-01  4.9132302e-01
 5.3032894e-02  3.6122208e-06  1.4868059e-01  1.4452132e-01  4.8992187e-01
 5.3033751e-02  3.6098604e-06  1.4867929e-01  1.4452001e-01  4.8992189e-01
 5.3208048e-02  2.7221025e-06  1.4429061e-01  1.4884917e-01  4.9571361e-01
 5.3209476e-02  2.7017193e-06  1.4428852e-01  1.4884705e-01  4.9571361e-01
 5.2955323e-02  3.9710535e-06  1.4509717e-01  1.4794227e-01  4.9724905e-01
 5.2956193e-02  3.9708319e-06  1.4509588e-01  1.4794096e-01  4.9724905e-01
 5.2765924e-02  4.4066488e-06  1.4593224e-01  1.4703369e-01  4.9891236e-01
 5.2766363e-02  4.4076351e-06  1.4593158e-01  1.4703302e-01  4.9891236e-01
 5.2642164e-02  4.3728054e-06  1.4610814e-01  1.4681595e-01  4.9937994e-01
 5.2642311e-02  4.3754382e-06  1.4610791e-01  1.4681572e-01  4.9937995e-01
 5.2585602e-02  3.6968696e-06  1.0591400e-05  1.0598652e-05  1.0598844e-05
 5.2585603e-02  3.6968957e-06  1.0591442e-05  1.0599352e-05  1.0598843e-05
