E(Har) ImSigma_kn(Har) ImSigma_Flip
 5.2551525e-02  2.9562646e-06  1.5397561e-06
 5.2551525e-02  2.9562646e-06  1.5397561e-06
 5.2585602e-02  3.6967409e-06  1.7958965e-06
 5.2585603e-02  3.6967867e-06  1.7957227e-06
 5.2687395e-02  4.3989903e-06  3.4030281e-06
 5.2687397e-02  4.3989789e-06  3.4027397e-06
 5.2855602e-02  3.9086760e-06  3.6527447e-06
 5.2855610e-02  3.9084628e-06  3.6539548e-06
 5.3088137e-02  3.4825354e-06  2.4715410e-06
 5.3088156e-02  3.4821666e-06  2.4738417e-06
 5.3088137e-02  3.4825354e-06  2.4719284e-06
 5.3088156e-02  3.4821666e-06  2.4742286e-06
 5.2855602e-02  3.9086760e-06  3.6523328e-06
 5.2855610e-02  3.9084628e-06  3.6535424e-06
 5.2687395e-02  4.3989903e-06  3.4030282e-06
 5.2687397e-02  4.3989789e-06  3.4027397e-06
 5.2585602e-02  3.6967409e-06  1.7958965e-06
 5.2585603e-02  3.6967867e-06  1.7957226e-06
 5.2585602e-02  3.6967278e-06  1.7927858e-06
 5.2585604e-02  3.6967827e-06  1.7931241e-06
 5.2596968e-02  3.8811940e-06  1.4903489e-06
 5.2596969e-02  3.8812425e-06  1.4903851e-06
 5.2676116e-02  4.4821289e-06  3.0088536e-06
 5.2676261e-02  4.4833693e-06  3.0105187e-06
 5.2822032e-02  4.1350649e-06  2.8307362e-06
 5.2822465e-02  4.1339276e-06  2.8319126e-06
 5.3032896e-02  3.6127310e-06  2.3658978e-06
 5.3033749e-02  3.6099197e-06  2.3685158e-06
 5.3208046e-02  2.7215756e-06  1.7083974e-06
 5.3209477e-02  2.7017017e-06  1.6966285e-06
 5.2955322e-02  3.9704746e-06  2.5220626e-06
 5.2956194e-02  3.9706759e-06  2.5264077e-06
 5.2765923e-02  4.4061909e-06  2.9237990e-06
 5.2766364e-02  4.4073853e-06  2.9262374e-06
 5.2642164e-02  4.3724947e-06  2.9540516e-06
 5.2642311e-02  4.3752063e-06  2.9564812e-06
 5.2687395e-02  4.3988670e-06  3.3482695e-06
 5.2687396e-02  4.3989761e-06  3.3496850e-06
 5.2676115e-02  4.4821266e-06  2.9849732e-06
 5.2676263e-02  4.4833150e-06  2.9867698e-06
 5.2732665e-02  4.4497381e-06  3.5752316e-06
 5.2732667e-02  4.4497669e-06  3.5754748e-06
 5.2855892e-02  4.0158112e-06  2.7527206e-06
 5.2856325e-02  4.0137388e-06  2.7528750e-06
 5.3044399e-02  3.4972505e-06  2.3362234e-06
 5.3045541e-02  3.4916106e-06  2.3360768e-06
 5.3120381e-02  3.6849426e-06  2.0588925e-06
 5.3122530e-02  3.6849147e-06  2.0574317e-06
 5.2910851e-02  4.1242257e-06  2.4838395e-06
 5.2912013e-02  4.1254116e-06  2.4839602e-06
 5.2765924e-02  4.4060981e-06  2.8755110e-06
 5.2766364e-02  4.4073145e-06  2.8780142e-06
 5.2855604e-02  3.9085008e-06  3.5894921e-06
 5.2855608e-02  3.9082992e-06  3.5862245e-06
 5.2822031e-02  4.1350615e-06  2.7696399e-06
 5.2822467e-02  4.1338044e-06  2.7714009e-06
 5.2855890e-02  4.0159035e-06  2.7341990e-06
 5.2856327e-02  4.0136491e-06  2.7346663e-06
 5.2956756e-02  3.8697940e-06  3.4175770e-06
 5.2956759e-02  3.8694606e-06  3.4181484e-06
 5.3122517e-02  3.3025413e-06  2.2761527e-06
 5.3123369e-02  3.3004603e-06  2.2773317e-06
 5.3120382e-02  3.6848434e-06  2.0778036e-06
 5.3122530e-02  3.6848498e-06  2.0759215e-06
 5.2955323e-02  3.9702661e-06  2.4949839e-06
 5.2956193e-02  3.9705267e-06  2.4990718e-06
 5.3088139e-02  3.4823283e-06  1.6888628e-06
 5.3088154e-02  3.4819921e-06  1.6829610e-06
 5.3032895e-02  3.6127448e-06  2.3453808e-06
 5.3033752e-02  3.6097479e-06  2.3485716e-06
 5.3044397e-02  3.4973908e-06  2.2815048e-06
 5.3045543e-02  3.4914920e-06  2.2826391e-06
 5.3122514e-02  3.3027595e-06  2.2772247e-06
 5.3123371e-02  3.3003418e-06  2.2788308e-06
 5.3208047e-02  2.7213914e-06  1.6897121e-06
 5.3209476e-02  2.7016236e-06  1.6780802e-06
 5.3088139e-02  3.4823283e-06  1.7352497e-06
 5.3088154e-02  3.4819921e-06  1.7291033e-06
 5.3208047e-02  2.7213914e-06  1.6893695e-06
 5.3209476e-02  2.7016236e-06  1.6777462e-06
 5.3122514e-02  3.3027595e-06  2.2821070e-06
 5.3123371e-02  3.3003418e-06  2.2835411e-06
 5.3044397e-02  3.4973908e-06  2.3274053e-06
 5.3045543e-02  3.4914920e-06  2.3276135e-06
 5.3032895e-02  3.6127448e-06  2.3618261e-06
 5.3033752e-02  3.6097479e-06  2.3648018e-06
 5.2855604e-02  3.9085008e-06  3.6239062e-06
 5.2855608e-02  3.9082992e-06  3.6209293e-06
 5.2955323e-02  3.9702661e-06  2.4941093e-06
 5.2956193e-02  3.9705267e-06  2.4981877e-06
 5.3120382e-02  3.6848434e-06  2.0430086e-06
 5.3122530e-02  3.6848498e-06  2.0415788e-06
 5.3122517e-02  3.3025413e-06  2.2758388e-06
 5.3123369e-02  3.3004603e-06  2.2768826e-06
 5.2956756e-02  3.8697941e-06  3.4616992e-06
 5.2956759e-02  3.8694606e-06  3.4605959e-06
 5.2855890e-02  4.0159035e-06  2.7184587e-06
 5.2856327e-02  4.0136491e-06  2.7183816e-06
 5.2822031e-02  4.1350615e-06  2.8053538e-06
 5.2822467e-02  4.1338044e-06  2.8067386e-06
 5.2687395e-02  4.3988670e-06  3.3599851e-06
 5.2687396e-02  4.3989761e-06  3.3613342e-06
 5.2765924e-02  4.4060981e-06  2.8743885e-06
 5.2766364e-02  4.4073145e-06  2.8768112e-06
 5.2910851e-02  4.1242257e-06  2.4425865e-06
 5.2912013e-02  4.1254116e-06  2.4430171e-06
 5.3120381e-02  3.6849426e-06  2.0486858e-06
 5.3122530e-02  3.6849147e-06  2.0473897e-06
 5.3044399e-02  3.4972505e-06  2.2801781e-06
 5.3045541e-02  3.4916106e-06  2.2808696e-06
 5.2855892e-02  4.0158112e-06  2.7217995e-06
 5.2856325e-02  4.0137388e-06  2.7214557e-06
 5.2732665e-02  4.4497381e-06  3.6406801e-06
 5.2732667e-02  4.4497669e-06  3.6403126e-06
 5.2676115e-02  4.4821266e-06  2.9371802e-06
 5.2676263e-02  4.4833150e-06  2.9387529e-06
 5.2585602e-02  3.6967278e-06  1.7512237e-06
 5.2585604e-02  3.6967827e-06  1.7515720e-06
 5.2642164e-02  4.3724947e-06  2.8985573e-06
 5.2642311e-02  4.3752063e-06  2.9009610e-06
 5.2765923e-02  4.4061909e-06  2.8702831e-06
 5.2766364e-02  4.4073853e-06  2.8729696e-06
 5.2955322e-02  3.9704746e-06  2.5055626e-06
 5.2956194e-02  3.9706759e-06  2.5100006e-06
 5.3208046e-02  2.7215756e-06  1.7066626e-06
 5.3209477e-02  2.7017017e-06  1.6949471e-06
 5.3032896e-02  3.6127310e-06  2.3390783e-06
 5.3033749e-02  3.6099197e-06  2.3419105e-06
 5.2822032e-02  4.1350649e-06  2.7607065e-06
 5.2822465e-02  4.1339276e-06  2.7621713e-06
 5.2676116e-02  4.4821289e-06  2.9440784e-06
 5.2676261e-02  4.4833693e-06  2.9455147e-06
 5.2596968e-02  3.8811940e-06  1.3364018e-06
 5.2596969e-02  3.8812425e-06  1.3364321e-06
 5.2585634e-02  3.6976720e-06  1.6218920e-06
 5.2585635e-02  3.6976824e-06  1.6216942e-06
 5.2596968e-02  3.8812023e-06  1.3793819e-06
 5.2596969e-02  3.8812442e-06  1.3794047e-06
 5.2676084e-02  4.4820089e-06  2.5184350e-06
 5.2676230e-02  4.4831815e-06  2.5200535e-06
 5.2821965e-02  4.1353524e-06  2.4755052e-06
 5.2822403e-02  4.1340382e-06  2.4765168e-06
 5.3032789e-02  3.6132994e-06  2.0450540e-06
 5.3033658e-02  3.6101635e-06  2.0463176e-06
 5.3208235e-02  2.7194458e-06  1.5379930e-06
 5.3209617e-02  2.7002702e-06  1.5279556e-06
 5.2955463e-02  3.9705987e-06  2.2090217e-06
 5.2956311e-02  3.9710435e-06  2.2108967e-06
 5.2766024e-02  4.4064378e-06  2.5390441e-06
 5.2766456e-02  4.4077451e-06  2.5405194e-06
 5.2642228e-02  4.3733613e-06  2.5121503e-06
 5.2642374e-02  4.3760882e-06  2.5142296e-06
 5.2596968e-02  3.8811821e-06  1.4989408e-06
 5.2596970e-02  3.8812291e-06  1.4989728e-06
 5.2585602e-02  3.6968696e-06  1.5436156e-06
 5.2585603e-02  3.6968957e-06  1.5434716e-06
 5.2642164e-02  4.3728054e-06  2.4942960e-06
 5.2642311e-02  4.3754382e-06  2.4959880e-06
 5.2765924e-02  4.4066488e-06  2.2747868e-06
 5.2766363e-02  4.4076351e-06  2.2748230e-06
 5.2955323e-02  3.9710535e-06  1.8600081e-06
 5.2956193e-02  3.9708319e-06  1.8601516e-06
 5.3208048e-02  2.7221025e-06  1.2749594e-06
 5.3209476e-02  2.7017193e-06  1.2643046e-06
 5.3032894e-02  3.6122208e-06  1.5523219e-06
 5.3033751e-02  3.6098604e-06  1.5501462e-06
 5.2822031e-02  4.1346858e-06  1.9346652e-06
 5.2822466e-02  4.1337875e-06  1.9332109e-06
 5.2676115e-02  4.4819266e-06  2.4563168e-06
 5.2676262e-02  4.4832654e-06  2.4569463e-06
 5.2676084e-02  4.4819656e-06  2.4869068e-06
 5.2676228e-02  4.4831136e-06  2.4873950e-06
 5.2642164e-02  4.3727882e-06  2.1925816e-06
 5.2642311e-02  4.3753892e-06  2.1943030e-06
 5.2676084e-02  4.4822420e-06  2.2584561e-06
 5.2676229e-02  4.4833653e-06  2.2603647e-06
 5.2777248e-02  4.4188725e-06  2.3988966e-06
 5.2777709e-02  4.4191889e-06  2.3989095e-06
 5.2944385e-02  4.0513452e-06  2.1018895e-06
 5.2945458e-02  4.0504750e-06  2.1018482e-06
 5.3175465e-02  3.3799450e-06  1.6886072e-06
 5.3177383e-02  3.3628791e-06  1.6808306e-06
 5.3175463e-02  3.3790776e-06  1.6023129e-06
 5.3177384e-02  3.3626522e-06  1.5954129e-06
 5.2944384e-02  4.0505695e-06  1.9854481e-06
 5.2945459e-02  4.0501260e-06  1.9862540e-06
 5.2777247e-02  4.4183189e-06  2.1471562e-06
 5.2777709e-02  4.4188320e-06  2.1478860e-06
 5.2821966e-02  4.1352050e-06  1.9736401e-06
 5.2822401e-02  4.1338756e-06  1.9719496e-06
 5.2765924e-02  4.4066266e-06  2.2644693e-06
 5.2766363e-02  4.4075381e-06  2.2660993e-06
 5.2777247e-02  4.4189368e-06  2.6538415e-06
 5.2777710e-02  4.4191459e-06  2.6563835e-06
 5.2855827e-02  4.0165720e-06  2.1896816e-06
 5.2856262e-02  4.0141795e-06  2.1916495e-06
 5.3000367e-02  3.7282424e-06  2.0086437e-06
 5.3001333e-02  3.7241947e-06  2.0060198e-06
 5.3209110e-02  2.7329507e-06  1.5216580e-06
 5.3211116e-02  2.7020761e-06  1.5035335e-06
 5.3131638e-02  3.6571240e-06  1.6571040e-06
 5.3133826e-02  3.6535695e-06  1.6541560e-06
 5.2944352e-02  4.0507454e-06  2.0044427e-06
 5.2945424e-02  4.0501629e-06  2.0051385e-06
 5.3032791e-02  3.6130970e-06  1.5410958e-06
 5.3033655e-02  3.6099518e-06  1.5379921e-06
 5.2955323e-02  3.9709927e-06  2.0308255e-06
 5.2956193e-02  3.9706485e-06  2.0322710e-06
 5.2944384e-02  4.0514411e-06  2.4442448e-06
 5.2945460e-02  4.0503819e-06  2.4464236e-06
 5.3000366e-02  3.7283932e-06  2.7110514e-06
 5.3001335e-02  3.7241268e-06  2.7086811e-06
 5.3122417e-02  3.3033959e-06  1.8815361e-06
 5.3123276e-02  3.3007595e-06  1.8868663e-06
 5.3175396e-02  3.3796216e-06  1.6040969e-06
 5.3177314e-02  3.3630069e-06  1.5978827e-06
 5.3208047e-02  2.7220478e-06  1.4709362e-06
 5.3209476e-02  2.7015305e-06  1.4599551e-06
 5.3175463e-02  3.3800353e-06  2.0841044e-06
 5.3177384e-02  3.3627140e-06  2.0751902e-06
 5.3209108e-02  2.7331318e-06  1.9972914e-06
 5.3211118e-02  2.7019635e-06  1.9724756e-06
 5.3208235e-02  2.7194082e-06  1.2433638e-06
 5.3209620e-02  2.7000867e-06  1.2337357e-06
 5.3209344e-02  2.7302653e-06  1.5077766e-06
 5.3211324e-02  2.6998316e-06  1.4902579e-06
 5.3175675e-02  3.3780066e-06  1.6544879e-06
 5.3177560e-02  3.3614947e-06  1.6479174e-06
 5.2955463e-02  3.9705651e-06  1.8871591e-06
 5.2956313e-02  3.9708938e-06  1.8879059e-06
 5.3032895e-02  3.6120745e-06  1.9765257e-06
 5.3033752e-02  3.6097150e-06  1.9792967e-06
 5.3175464e-02  3.3789580e-06  2.1179847e-06
 5.3177385e-02  3.3625806e-06  2.1078704e-06
 5.3122640e-02  3.3019341e-06  1.9053638e-06
 5.3123488e-02  3.3001975e-06  1.9096701e-06
 5.3000560e-02  3.7272442e-06  1.9864433e-06
 5.3001517e-02  3.7235822e-06  1.9837053e-06
 5.2944552e-02  4.0509802e-06  2.0832997e-06
 5.2945610e-02  4.0504021e-06  2.0832579e-06
 5.2766023e-02  4.4064427e-06  2.2816378e-06
 5.2766457e-02  4.4076784e-06  2.2820414e-06
 5.2822031e-02  4.1346031e-06  2.2876308e-06
 5.2822468e-02  4.1336914e-06  2.2895155e-06
 5.2944384e-02  4.0505171e-06  2.5725895e-06
 5.2945460e-02  4.0500927e-06  2.5754593e-06
 5.3131638e-02  3.6571656e-06  2.2169376e-06
 5.3133827e-02  3.6536207e-06  2.2144875e-06
 5.3209345e-02  2.7301165e-06  2.0001205e-06
 5.3211322e-02  2.6999489e-06  1.9761005e-06
 5.3000561e-02  3.7271102e-06  2.7057479e-06
 5.3001516e-02  3.7236464e-06  2.7021146e-06
 5.2855985e-02  4.0152841e-06  2.2172304e-06
 5.2856418e-02  4.0134176e-06  2.2178773e-06
 5.2777376e-02  4.4184482e-06  2.3404639e-06
 5.2777835e-02  4.4189524e-06  2.3400770e-06
 5.2642227e-02  4.3733714e-06  2.4166784e-06
 5.2642375e-02  4.3760739e-06  2.4183379e-06
 5.2676115e-02  4.4819344e-06  2.1490075e-06
 5.2676263e-02  4.4832619e-06  2.1507173e-06
 5.2777247e-02  4.4183599e-06  2.8272700e-06
 5.2777711e-02  4.4188735e-06  2.8307348e-06
 5.2944351e-02  4.0508828e-06  2.5700041e-06
 5.2945426e-02  4.0502901e-06  2.5728699e-06
 5.3175395e-02  3.3798132e-06  2.0956568e-06
 5.3177317e-02  3.3631469e-06  2.0860880e-06
 5.3175676e-02  3.3779280e-06  2.0588450e-06
 5.3177557e-02  3.3616554e-06  2.0513171e-06
 5.2944553e-02  4.0508929e-06  2.4409822e-06
 5.2945608e-02  4.0504871e-06  2.4430095e-06
 5.2777377e-02  4.4183866e-06  2.6250163e-06
 5.2777833e-02  4.4189851e-06  2.6266816e-06
 5.2676178e-02  4.4823246e-06  2.0853267e-06
 5.2676325e-02  4.4836457e-06  2.0864779e-06
 5.2687521e-02  4.3993660e-06  2.5852856e-06
 5.2687521e-02  4.3994174e-06  2.5847357e-06
 5.2676178e-02  4.4825274e-06  2.0942986e-06
 5.2676325e-02  4.4837094e-06  2.0965199e-06
 5.2732666e-02  4.4497059e-06  2.6427750e-06
 5.2732667e-02  4.4498146e-06  2.6425881e-06
 5.2855827e-02  4.0162662e-06  2.0852722e-06
 5.2856263e-02  4.0140660e-06  2.0854282e-06
 5.3044264e-02  3.4981212e-06  1.8449234e-06
 5.3045415e-02  3.4922454e-06  1.8443583e-06
 5.3120721e-02  3.6848594e-06  1.6546811e-06
 5.3122827e-02  3.6850168e-06  1.6569893e-06
 5.2911112e-02  4.1243400e-06  2.0094106e-06
 5.2912254e-02  4.1256556e-06  2.0106481e-06
 5.2766114e-02  4.4061058e-06  2.2299203e-06
 5.2766548e-02  4.4073713e-06  2.2323290e-06
 5.2676177e-02  4.4824815e-06  2.1139166e-06
 5.2676325e-02  4.4837009e-06  2.1142723e-06
 5.2642228e-02  4.3736601e-06  1.6882593e-06
 5.2642374e-02  4.3762801e-06  1.6898110e-06
 5.2676116e-02  4.4823731e-06  1.9363639e-06
 5.2676262e-02  4.4835647e-06  1.9387998e-06
 5.2777248e-02  4.4188779e-06  1.9601884e-06
 5.2777710e-02  4.4191938e-06  1.9608738e-06
 5.2944352e-02  4.0514658e-06  1.7315326e-06
 5.2945425e-02  4.0505409e-06  1.7317938e-06
 5.3175396e-02  3.3803954e-06  1.3039181e-06
 5.3177316e-02  3.3632840e-06  1.2986726e-06
 5.3175675e-02  3.3776458e-06  1.2056595e-06
 5.3177558e-02  3.3615590e-06  1.2009759e-06
 5.2944552e-02  4.0507016e-06  1.5673145e-06
 5.2945609e-02  4.0503846e-06  1.5674458e-06
 5.2777376e-02  4.4183567e-06  1.6980902e-06
 5.2777834e-02  4.4189407e-06  1.6990054e-06
 5.2732665e-02  4.4496893e-06  2.5185421e-06
 5.2732667e-02  4.4497350e-06  2.5193815e-06
 5.2676115e-02  4.4823679e-06  1.9788576e-06
 5.2676262e-02  4.4835230e-06  1.9789660e-06
 5.2687395e-02  4.3994052e-06  2.0866880e-06
 5.2687397e-02  4.3993759e-06  2.0865575e-06
 5.2765925e-02  4.4067836e-06  1.9351063e-06
 5.2766363e-02  4.4078513e-06  1.9364983e-06
 5.2910852e-02  4.1250682e-06  1.7964162e-06
 5.2912012e-02  4.1259171e-06  1.7983689e-06
 5.3120383e-02  3.6859066e-06  1.3669553e-06
 5.3122529e-02  3.6852973e-06  1.3713946e-06
 5.3044397e-02  3.4966795e-06  1.3564223e-06
 5.3045542e-02  3.4914551e-06  1.3519809e-06
 5.2855890e-02  4.0154496e-06  1.5674630e-06
 5.2856326e-02  4.0135995e-06  1.5677395e-06
 5.2855828e-02  4.0162186e-06  1.5999488e-06
 5.2856260e-02  4.0139579e-06  1.6000155e-06
 5.2777248e-02  4.4189147e-06  1.6151630e-06
 5.2777709e-02  4.4191338e-06  1.6157656e-06
 5.2765924e-02  4.4068725e-06  1.9575391e-06
 5.2766364e-02  4.4078286e-06  1.9595243e-06
 5.2821965e-02  4.1357115e-06  1.9645440e-06
 5.2822402e-02  4.1343676e-06  1.9677208e-06
 5.2944352e-02  4.0515759e-06  1.8673424e-06
 5.2945425e-02  4.0507236e-06  1.8668798e-06
 5.3131639e-02  3.6581749e-06  1.4498548e-06
 5.3133825e-02  3.6540804e-06  1.4511492e-06
 5.3209109e-02  2.7321653e-06  1.0580319e-06
 5.3211116e-02  2.7017973e-06  1.0468137e-06
 5.3000367e-02  3.7275312e-06  1.3934073e-06
 5.3001333e-02  3.7238884e-06  1.3921138e-06
 5.3044265e-02  3.4980352e-06  1.3807339e-06
 5.3045411e-02  3.4920875e-06  1.3758045e-06
 5.2944352e-02  4.0514732e-06  1.5002233e-06
 5.2945424e-02  4.0504093e-06  1.5003201e-06
 5.2910851e-02  4.1251946e-06  1.7874510e-06
 5.2912012e-02  4.1258691e-06  1.7893719e-06
 5.2944351e-02  4.0517242e-06  2.0679278e-06
 5.2945425e-02  4.0506955e-06  2.0707884e-06
 5.3044264e-02  3.4986175e-06  1.7399914e-06
 5.3045413e-02  3.4925527e-06  1.7420099e-06
 5.3209043e-02  2.7341842e-06  1.2786037e-06
 5.3211049e-02  2.7033337e-06  1.2638971e-06
 5.3209043e-02  2.7333956e-06  1.0843090e-06
 5.3211047e-02  2.7029193e-06  1.0731435e-06
 5.3175396e-02  3.3803590e-06  1.1729797e-06
 5.3177314e-02  3.3630899e-06  1.1678827e-06
 5.3120382e-02  3.6860215e-06  1.5437790e-06
 5.3122529e-02  3.6851691e-06  1.5462266e-06
 5.3131638e-02  3.6583739e-06  1.8237582e-06
 5.3133826e-02  3.6539938e-06  1.8247240e-06
 5.3209042e-02  2.7343471e-06  1.6766383e-06
 5.3211050e-02  2.7032769e-06  1.6553834e-06
 5.3120721e-02  3.6849779e-06  1.3626386e-06
 5.3122829e-02  3.6849285e-06  1.3670722e-06
 5.3175675e-02  3.3776605e-06  1.2609630e-06
 5.3177560e-02  3.3614274e-06  1.2567081e-06
 5.3209485e-02  2.7282668e-06  1.2814326e-06
 5.3211467e-02  2.6979880e-06  1.2669089e-06
 5.3132031e-02  3.6567820e-06  1.4354680e-06
 5.3134184e-02  3.6531441e-06  1.4367142e-06
 5.2911112e-02  4.1244672e-06  1.7849725e-06
 5.2912256e-02  4.1256404e-06  1.7870315e-06
 5.2944552e-02  4.0507749e-06  1.7036387e-06
 5.2945611e-02  4.0503376e-06  1.7044328e-06
 5.3044397e-02  3.4967062e-06  1.7395561e-06
 5.3045544e-02  3.4914247e-06  1.7403059e-06
 5.3209109e-02  2.7321761e-06  1.8388667e-06
 5.3211119e-02  2.7017925e-06  1.8172030e-06
 5.3209486e-02  2.7281413e-06  1.6810426e-06
 5.3211466e-02  2.6980415e-06  1.6598617e-06
 5.3044639e-02  3.4964010e-06  1.7575615e-06
 5.3045778e-02  3.4911663e-06  1.7573347e-06
 5.2944669e-02  4.0505306e-06  1.8120687e-06
 5.2945729e-02  4.0500353e-06  1.8114195e-06
 5.2766114e-02  4.4061965e-06  1.8169877e-06
 5.2766549e-02  4.4073822e-06  1.8182261e-06
 5.2777376e-02  4.4184520e-06  1.8169939e-06
 5.2777835e-02  4.4189566e-06  1.8184092e-06
 5.2855891e-02  4.0155201e-06  1.8342954e-06
 5.2856328e-02  4.0136142e-06  1.8350466e-06
 5.3000366e-02  3.7276040e-06  2.5634140e-06
 5.3001336e-02  3.7239625e-06  2.5647791e-06
 5.3209042e-02  2.7334992e-06  1.8351036e-06
 5.3211051e-02  2.7029942e-06  1.8135014e-06
 5.3132031e-02  3.6566173e-06  1.7927832e-06
 5.3134182e-02  3.6532200e-06  1.7939276e-06
 5.2944669e-02  4.0504038e-06  2.0489628e-06
 5.2945728e-02  4.0500496e-06  2.0505659e-06
 5.2822215e-02  4.1341500e-06  1.8475687e-06
 5.2822649e-02  4.1332174e-06  1.8488602e-06
 5.2855879e-02  3.9080716e-06  2.6407468e-06
 5.2855880e-02  3.9082348e-06  2.6392795e-06
 5.2822216e-02  4.1346131e-06  1.8870198e-06
 5.2822649e-02  4.1333420e-06  1.8904580e-06
 5.2855986e-02  4.0156786e-06  1.8812075e-06
 5.2856418e-02  4.0134673e-06  1.8836804e-06
 5.2956757e-02  3.8695369e-06  2.4896552e-06
 5.2956761e-02  3.8697417e-06  2.4887094e-06
 5.3122417e-02  3.3029490e-06  1.6470066e-06
 5.3123278e-02  3.3007365e-06  1.6463072e-06
 5.3120858e-02  3.6847596e-06  1.6531980e-06
 5.3122970e-02  3.6848664e-06  1.6529476e-06
 5.2955694e-02  3.9698349e-06  1.9373717e-06
 5.2956551e-02  3.9701734e-06  1.9406859e-06
 5.2822214e-02  4.1344815e-06  1.4394669e-06
 5.2822649e-02  4.1332905e-06  1.4385592e-06
 5.2766114e-02  4.4066396e-06  1.4894162e-06
 5.2766548e-02  4.4076047e-06  1.4910222e-06
 5.2777377e-02  4.4189769e-06  1.7794991e-06
 5.2777834e-02  4.4192703e-06  1.7819605e-06
 5.2855893e-02  4.0161331e-06  1.6936609e-06
 5.2856326e-02  4.0138677e-06  1.6969876e-06
 5.3000368e-02  3.7282517e-06  1.5306689e-06
 5.3001335e-02  3.7242032e-06  1.5297578e-06
 5.3209043e-02  2.7340355e-06  1.0643802e-06
 5.3211050e-02  2.7031667e-06  1.0516908e-06
 5.3132030e-02  3.6565849e-06  1.2833084e-06
 5.3134182e-02  3.6531715e-06  1.2817712e-06
 5.2944668e-02  4.0505307e-06  1.5398603e-06
 5.2945729e-02  4.0500564e-06  1.5409494e-06
 5.2855983e-02  4.0155576e-06  1.3613981e-06
 5.2856418e-02  4.0134308e-06  1.3616495e-06
 5.2777376e-02  4.4189558e-06  1.2761438e-06
 5.2777834e-02  4.4192471e-06  1.2765038e-06
 5.2766024e-02  4.4071300e-06  1.5084871e-06
 5.2766456e-02  4.4081942e-06  1.5103340e-06
 5.2822032e-02  4.1354366e-06  1.7195281e-06
 5.2822466e-02  4.1342649e-06  1.7238159e-06
 5.2944385e-02  4.0514696e-06  1.7042071e-06
 5.2945459e-02  4.0506711e-06  1.7050513e-06
 5.3131640e-02  3.6581845e-06  1.3040289e-06
 5.3133826e-02  3.6540907e-06  1.3047495e-06
 5.3209343e-02  2.7298805e-06  8.3698998e-07
 5.3211322e-02  2.6998236e-06  8.2809926e-07
 5.3000559e-02  3.7270594e-06  1.1629717e-06
 5.3001516e-02  3.7235617e-06  1.1623351e-06
 5.2956757e-02  3.8695322e-06  2.5092847e-06
 5.2956758e-02  3.8696031e-06  2.5112168e-06
 5.2855890e-02  4.0161808e-06  1.2715458e-06
 5.2856326e-02  4.0138141e-06  1.2711116e-06
 5.2822031e-02  4.1355538e-06  1.4277628e-06
 5.2822467e-02  4.1342684e-06  1.4273450e-06
 5.2855603e-02  3.9091375e-06  2.0996547e-06
 5.2855609e-02  3.9090210e-06  2.0980712e-06
 5.2955323e-02  3.9712375e-06  1.6172836e-06
 5.2956193e-02  3.9712553e-06  1.6188609e-06
 5.3120383e-02  3.6859956e-06  1.3912596e-06
 5.3122529e-02  3.6855327e-06  1.3935599e-06
 5.3122514e-02  3.3020411e-06  1.0334805e-06
 5.3123369e-02  3.3003786e-06  1.0336834e-06
 5.3122418e-02  3.3029529e-06  1.0621782e-06
 5.3123274e-02  3.3005944e-06  1.0620907e-06
 5.3000367e-02  3.7283540e-06  1.1443287e-06
 5.3001333e-02  3.7241160e-06  1.1434680e-06
 5.2944384e-02  4.0516632e-06  1.4428932e-06
 5.2945459e-02  4.0506553e-06  1.4436362e-06
 5.2955322e-02  3.9714316e-06  1.7070961e-06
 5.2956194e-02  3.9712305e-06  1.7102085e-06
 5.3032789e-02  3.6138010e-06  1.5720010e-06
 5.3033657e-02  3.6106902e-06  1.5766683e-06
 5.3175396e-02  3.3806184e-06  1.3817920e-06
 5.3177315e-02  3.3637071e-06  1.3754924e-06
 5.3209043e-02  2.7341025e-06  8.3299010e-07
 5.3211047e-02  2.7030798e-06  8.2425220e-07
 5.3131638e-02  3.6583612e-06  1.2057861e-06
 5.3133825e-02  3.6539913e-06  1.2042553e-06
 5.3120381e-02  3.6862384e-06  1.4748247e-06
 5.3122529e-02  3.6854753e-06  1.4753167e-06
 5.3175395e-02  3.3808034e-06  1.5982551e-06
 5.3177316e-02  3.3636383e-06  1.5930092e-06
 5.3120859e-02  3.6849741e-06  1.3932843e-06
 5.3122972e-02  3.6848446e-06  1.3955713e-06
 5.3132031e-02  3.6567874e-06  1.3185128e-06
 5.3134184e-02  3.6531485e-06  1.3195306e-06
 5.3209345e-02  2.7299993e-06  1.0393208e-06
 5.3211325e-02  2.6997825e-06  1.0275457e-06
 5.3175952e-02  3.3759120e-06  1.4075810e-06
 5.3177845e-02  3.3594619e-06  1.4004149e-06
 5.2955695e-02  3.9700004e-06  1.5056500e-06
 5.2956551e-02  3.9701816e-06  1.5071270e-06
 5.2944669e-02  4.0507432e-06  1.5733661e-06
 5.2945729e-02  4.0501093e-06  1.5758990e-06
 5.3000561e-02  3.7272481e-06  1.4827874e-06
 5.3001518e-02  3.7235887e-06  1.4824350e-06
 5.3122515e-02  3.3022007e-06  1.4935293e-06
 5.3123373e-02  3.3004300e-06  1.4935687e-06
 5.3175952e-02  3.3757787e-06  1.6012372e-06
 5.3177844e-02  3.3595209e-06  1.5958655e-06
 5.3033249e-02  3.6114179e-06  1.5574600e-06
 5.3034103e-02  3.6090164e-06  1.5594010e-06
 5.3088614e-02  3.4825469e-06  2.3997105e-06
 5.3088615e-02  3.4828901e-06  2.3968963e-06
 5.3033250e-02  3.6120890e-06  1.5964167e-06
 5.3034103e-02  3.6090674e-06  1.6017511e-06
 5.3044640e-02  3.4970943e-06  1.5288470e-06
 5.3045778e-02  3.4912528e-06  1.5327777e-06
 5.3122642e-02  3.3025227e-06  1.5460019e-06
 5.3123489e-02  3.3001409e-06  1.5499175e-06
 5.3208645e-02  2.7150268e-06  1.3112540e-06
 5.3210048e-02  2.6955358e-06  1.3052264e-06
 5.3033248e-02  3.6118861e-06  1.1642904e-06
 5.3034103e-02  3.6090163e-06  1.1624507e-06
 5.2955695e-02  3.9705655e-06  1.2792455e-06
 5.2956551e-02  3.9703095e-06  1.2812457e-06
 5.2944670e-02  4.0513417e-06  1.4999473e-06
 5.2945729e-02  4.0503582e-06  1.5026155e-06
 5.3000563e-02  3.7279158e-06  1.7431432e-06
 5.3001516e-02  3.7238280e-06  1.7435028e-06
 5.3122518e-02  3.3030215e-06  1.4539289e-06
 5.3123370e-02  3.3005249e-06  1.4604843e-06
 5.3175952e-02  3.3760125e-06  1.2308102e-06
 5.3177844e-02  3.3595320e-06  1.2270143e-06
 5.3044637e-02  3.4968888e-06  1.0299594e-06
 5.3045778e-02  3.4911957e-06  1.0275529e-06
 5.2944668e-02  4.0512621e-06  1.0474734e-06
 5.2945729e-02  4.0503120e-06  1.0477299e-06
 5.2911112e-02  4.1253223e-06  1.1908028e-06
 5.2912255e-02  4.1261270e-06  1.1924370e-06
 5.2944553e-02  4.0517556e-06  1.4731341e-06
 5.2945609e-02  4.0509088e-06  1.4759057e-06
 5.3044400e-02  3.4977691e-06  1.4040925e-06
 5.3045542e-02  3.4919382e-06  1.4093752e-06
 5.3209111e-02  2.7331042e-06  1.1540652e-06
 5.3211117e-02  2.7022313e-06  1.1400373e-06
 5.3209484e-02  2.7283150e-06  8.8947103e-07
 5.3211466e-02  2.6980172e-06  8.8236016e-07
 5.3122638e-02  3.3023152e-06  9.6653755e-07
 5.3123489e-02  3.3001140e-06  9.6674061e-07
 5.3000559e-02  3.7278847e-06  8.7884833e-07
 5.3001517e-02  3.7237924e-06  8.7797470e-07
 5.2944552e-02  4.0518042e-06  1.0365838e-06
 5.2945609e-02  4.0509185e-06  1.0368920e-06
 5.2955464e-02  3.9715726e-06  1.2921611e-06
 5.2956312e-02  3.9716029e-06  1.2952810e-06
 5.3032897e-02  3.6132486e-06  1.4664076e-06
 5.3033750e-02  3.6104583e-06  1.4746521e-06
 5.3175465e-02  3.3801816e-06  1.3679181e-06
 5.3177384e-02  3.3633099e-06  1.3607225e-06
 5.3122515e-02  3.3030938e-06  9.7644776e-07
 5.3123370e-02  3.3004229e-06  9.7622176e-07
 5.3044397e-02  3.4979366e-06  9.9071669e-07
 5.3045542e-02  3.4919211e-06  9.8867669e-07
 5.3032895e-02  3.6134604e-06  1.1028874e-06
 5.3033751e-02  3.6104595e-06  1.1022184e-06
 5.3088138e-02  3.4831344e-06  1.3267532e-06
 5.3088156e-02  3.4829893e-06  1.3295289e-06
 5.3208048e-02  2.7224294e-06  1.0644325e-06
 5.3209476e-02  2.7024053e-06  1.0566728e-06
 5.3209109e-02  2.7333246e-06  8.9152295e-07
 5.3211116e-02  2.7021978e-06  8.8438186e-07
 5.3175463e-02  3.3804659e-06  1.2064963e-06
 5.3177384e-02  3.3632687e-06  1.2028571e-06
 5.3208046e-02  2.7226269e-06  1.1396035e-06
 5.3209477e-02  2.7023088e-06  1.1340330e-06
 5.3208646e-02  2.7151454e-06  9.6885538e-07
 5.3210048e-02  2.6954571e-06  9.6127798e-07
 5.3175953e-02  3.3762554e-06  1.2655038e-06
 5.3177845e-02  3.3595359e-06  1.2604286e-06
 5.3209487e-02  2.7285115e-06  1.1196187e-06
 5.3211468e-02  2.6980302e-06  1.1067526e-06
 5.3208646e-02  2.7156717e-06  8.7600095e-07
 5.3210048e-02  2.6954525e-06  8.6981865e-07
 5.3175954e-02  3.3768552e-06  1.2232909e-06
 5.3177844e-02  3.3596706e-06  1.2190957e-06
 5.3209488e-02  2.7290775e-06  1.1782162e-06
 5.3211466e-02  2.6982095e-06  1.1630311e-06
 5.3175952e-02  3.3767478e-06  8.4539216e-07
 5.3177844e-02  3.3596237e-06  8.4134915e-07
 5.3120859e-02  3.6859515e-06  9.7162389e-07
 5.3122971e-02  3.6852065e-06  9.7302410e-07
 5.3132032e-02  3.6578502e-06  1.1402640e-06
 5.3134183e-02  3.6536187e-06  1.1412459e-06
 5.3209347e-02  2.7309608e-06  1.1503267e-06
 5.3211323e-02  2.7002207e-06  1.1362185e-06
 5.3209485e-02  2.7290199e-06  6.3264249e-07
 5.3211467e-02  2.6981794e-06  6.2570027e-07
 5.3132031e-02  3.6578318e-06  7.9985910e-07
 5.3134183e-02  3.6536045e-06  7.9958846e-07
 5.3120722e-02  3.6861770e-06  9.5511974e-07
 5.3122827e-02  3.6855947e-06  9.5678307e-07
 5.3175677e-02  3.3789374e-06  1.1725890e-06
 5.3177558e-02  3.3621545e-06  1.1694308e-06
 5.3209343e-02  2.7310414e-06  6.1335874e-07
 5.3211323e-02  2.7002212e-06  6.0687389e-07
 5.3175675e-02  3.3790451e-06  7.8317551e-07
 5.3177558e-02  3.3621748e-06  7.8044603e-07
 5.3208236e-02  2.7205110e-06  7.9338019e-07
 5.3209618e-02  2.7008693e-06  7.8830096e-07
 5.3208236e-02  2.7205110e-06  1.4657143e-06
 5.3209618e-02  2.7008693e-06  1.4570341e-06
 5.3175675e-02  3.3790451e-06  1.4600881e-06
 5.3177558e-02  3.3621748e-06  1.4542740e-06
 5.3209343e-02  2.7310414e-06  1.0670434e-06
 5.3211323e-02  2.7002212e-06  1.0567761e-06
 5.3175677e-02  3.3789374e-06  1.8689728e-06
 5.3177558e-02  3.3621545e-06  1.8603088e-06
 5.3120722e-02  3.6861770e-06  1.7166497e-06
 5.3122827e-02  3.6855947e-06  1.7145121e-06
 5.3132031e-02  3.6578318e-06  1.4441231e-06
 5.3134183e-02  3.6536045e-06  1.4405214e-06
 5.3209485e-02  2.7290199e-06  1.0540195e-06
 5.3211467e-02  2.6981794e-06  1.0438035e-06
 5.3209347e-02  2.7309608e-06  1.8215234e-06
 5.3211323e-02  2.7002207e-06  1.7978864e-06
 5.3132032e-02  3.6578502e-06  1.9535629e-06
 5.3134183e-02  3.6536187e-06  1.9487615e-06
 5.3120859e-02  3.6859515e-06  1.7457410e-06
 5.3122971e-02  3.6852065e-06  1.7432343e-06
 5.3175952e-02  3.3767478e-06  1.4942629e-06
 5.3177844e-02  3.3596237e-06  1.4867525e-06
 5.3209488e-02  2.7290775e-06  1.7873057e-06
 5.3211466e-02  2.6982095e-06  1.7646905e-06
 5.3175954e-02  3.3768552e-06  1.8457505e-06
 5.3177844e-02  3.3596706e-06  1.8367209e-06
 5.3208646e-02  2.7156717e-06  1.4272922e-06
 5.3210048e-02  2.6954525e-06  1.4179113e-06
 5.3088614e-02  3.4825469e-06  2.7065880e-06
 5.3088615e-02  3.4828901e-06  2.7083808e-06
 5.3208645e-02  2.7150268e-06  1.1717637e-06
 5.3210048e-02  2.6955358e-06  1.1621553e-06
 5.3122642e-02  3.3025227e-06  1.6394081e-06
 5.3123489e-02  3.3001409e-06  1.6344866e-06
 5.3044640e-02  3.4970943e-06  1.8213426e-06
 5.3045778e-02  3.4912528e-06  1.8139985e-06
 5.3033250e-02  3.6120890e-06  1.8761672e-06
 5.3034103e-02  3.6090674e-06  1.8728556e-06
 5.3208646e-02  2.7151454e-06  8.5976738e-07
 5.3210048e-02  2.6954571e-06  8.5233996e-07
 5.3209487e-02  2.7285115e-06  9.5621617e-07
 5.3211468e-02  2.6980302e-06  9.4567591e-07
 5.3175953e-02  3.3762554e-06  1.0916294e-06
 5.3177845e-02  3.3595359e-06  1.0860239e-06
 5.3208046e-02  2.7226269e-06  1.1854850e-06
 5.3209477e-02  2.7023088e-06  1.1748034e-06
 5.3175463e-02  3.3804659e-06  1.1442601e-06
 5.3177384e-02  3.3632687e-06  1.1360484e-06
 5.3209109e-02  2.7333246e-06  7.9467117e-07
 5.3211116e-02  2.7021978e-06  7.8433054e-07
 5.3208048e-02  2.7224294e-06  8.7563954e-07
 5.3209476e-02  2.7024053e-06  8.6745662e-07
 5.3088138e-02  3.4831344e-06  1.8756182e-06
 5.3088156e-02  3.4829893e-06  1.8762669e-06
 5.3032895e-02  3.6134604e-06  1.4829484e-06
 5.3033751e-02  3.6104595e-06  1.4802697e-06
 5.3044397e-02  3.4979366e-06  1.3821551e-06
 5.3045542e-02  3.4919211e-06  1.3749775e-06
 5.3122515e-02  3.3030938e-06  9.7779252e-07
 5.3123370e-02  3.3004229e-06  9.7668808e-07
 5.3122638e-02  3.3023152e-06  9.7849005e-07
 5.3123489e-02  3.3001140e-06  9.7756901e-07
 5.3175465e-02  3.3801816e-06  1.0860502e-06
 5.3177384e-02  3.3633099e-06  1.0802985e-06
 5.3032897e-02  3.6132486e-06  1.6910316e-06
 5.3033750e-02  3.6104583e-06  1.6866774e-06
 5.2955464e-02  3.9715726e-06  1.9893459e-06
 5.2956312e-02  3.9716029e-06  1.9903160e-06
 5.2944552e-02  4.0518042e-06  1.7870436e-06
 5.2945609e-02  4.0509185e-06  1.7845498e-06
 5.3000559e-02  3.7278847e-06  1.2580983e-06
 5.3001517e-02  3.7237924e-06  1.2549225e-06
 5.3044637e-02  3.4968888e-06  1.3155993e-06
 5.3045778e-02  3.4911957e-06  1.3086252e-06
 5.3209484e-02  2.7283150e-06  7.7790051e-07
 5.3211466e-02  2.6980172e-06  7.6849429e-07
 5.3209111e-02  2.7331042e-06  9.4528347e-07
 5.3211117e-02  2.7022314e-06  9.3469680e-07
 5.3044400e-02  3.4977691e-06  1.6026313e-06
 5.3045542e-02  3.4919382e-06  1.5960217e-06
 5.2944553e-02  4.0517556e-06  2.2489359e-06
 5.2945609e-02  4.0509088e-06  2.2468618e-06
 5.2911112e-02  4.1253223e-06  2.0481947e-06
 5.2912255e-02  4.1261270e-06  2.0455376e-06
 5.2944668e-02  4.0512621e-06  1.7412774e-06
 5.2945729e-02  4.0503120e-06  1.7382523e-06
 5.3033248e-02  3.6118861e-06  1.3400657e-06
 5.3034103e-02  3.6090163e-06  1.3373102e-06
 5.3175952e-02  3.3760125e-06  1.0294721e-06
 5.3177844e-02  3.3595320e-06  1.0236943e-06
 5.3122518e-02  3.3030215e-06  1.4648274e-06
 5.3123370e-02  3.3005250e-06  1.4622593e-06
 5.3000563e-02  3.7279158e-06  2.4154028e-06
 5.3001516e-02  3.7238280e-06  2.4091370e-06
 5.2944670e-02  4.0513417e-06  2.2035356e-06
 5.2945729e-02  4.0503582e-06  2.2010749e-06
 5.2955695e-02  3.9705655e-06  1.8641982e-06
 5.2956551e-02  3.9703095e-06  1.8633884e-06
 5.2855879e-02  3.9080716e-06  2.8904168e-06
 5.2855880e-02  3.9082348e-06  2.8902189e-06
 5.2955694e-02  3.9698349e-06  1.6423475e-06
 5.2956551e-02  3.9701734e-06  1.6460703e-06
 5.3120858e-02  3.6847596e-06  1.2551436e-06
 5.3122970e-02  3.6848664e-06  1.2544130e-06
 5.3122417e-02  3.3029490e-06  1.4663654e-06
 5.3123278e-02  3.3007365e-06  1.4681592e-06
 5.2956757e-02  3.8695369e-06  2.5773261e-06
 5.2956761e-02  3.8697417e-06  2.5793133e-06
 5.2855986e-02  4.0156786e-06  2.0520197e-06
 5.2856418e-02  4.0134673e-06  2.0476824e-06
 5.2822216e-02  4.1346131e-06  2.1765479e-06
 5.2822649e-02  4.1333420e-06  2.1747071e-06
 5.2955695e-02  3.9700004e-06  1.2959619e-06
 5.2956551e-02  3.9701816e-06  1.2961229e-06
 5.3033249e-02  3.6114179e-06  1.3779009e-06
 5.3034103e-02  3.6090164e-06  1.3796713e-06
 5.3175952e-02  3.3757787e-06  1.3992895e-06
 5.3177844e-02  3.3595209e-06  1.3935677e-06
 5.3122515e-02  3.3022007e-06  1.4522329e-06
 5.3123373e-02  3.3004300e-06  1.4543252e-06
 5.3000561e-02  3.7272481e-06  1.3227250e-06
 5.3001518e-02  3.7235887e-06  1.3204239e-06
 5.2944669e-02  4.0507432e-06  1.3506833e-06
 5.2945729e-02  4.0501093e-06  1.3489931e-06
 5.3120859e-02  3.6849741e-06  9.6185938e-07
 5.3122972e-02  3.6848446e-06  9.6335929e-07
 5.3175952e-02  3.3759120e-06  9.6908699e-07
 5.3177845e-02  3.3594619e-06  9.6439725e-07
 5.3209345e-02  2.7299993e-06  9.9792795e-07
 5.3211325e-02  2.6997825e-06  9.8710013e-07
 5.3132031e-02  3.6567874e-06  9.7599298e-07
 5.3134184e-02  3.6531485e-06  9.7625227e-07
 5.3175395e-02  3.3808034e-06  1.4048913e-06
 5.3177316e-02  3.3636383e-06  1.3980478e-06
 5.3120381e-02  3.6862384e-06  1.2258353e-06
 5.3122529e-02  3.6854753e-06  1.2244226e-06
 5.3131638e-02  3.6583612e-06  1.0086650e-06
 5.3133825e-02  3.6539913e-06  1.0066534e-06
 5.3209043e-02  2.7341025e-06  7.9410834e-07
 5.3211047e-02  2.7030798e-06  7.8678947e-07
 5.3122418e-02  3.3029529e-06  8.6488695e-07
 5.3123274e-02  3.3005944e-06  8.6413835e-07
 5.3175396e-02  3.3806184e-06  9.4668401e-07
 5.3177315e-02  3.3637071e-06  9.4263156e-07
 5.3032789e-02  3.6138010e-06  1.4130079e-06
 5.3033657e-02  3.6106902e-06  1.4114563e-06
 5.2955322e-02  3.9714316e-06  1.5895343e-06
 5.2956194e-02  3.9712305e-06  1.5914070e-06
 5.2944384e-02  4.0516632e-06  1.3727833e-06
 5.2945459e-02  4.0506553e-06  1.3711456e-06
 5.3000367e-02  3.7283540e-06  9.9347816e-07
 5.3001333e-02  3.7241160e-06  9.9105615e-07
 5.2956757e-02  3.8695322e-06  2.6277774e-06
 5.2956758e-02  3.8696031e-06  2.6256856e-06
 5.3122514e-02  3.3020411e-06  8.6199619e-07
 5.3123369e-02  3.3003786e-06  8.6189180e-07
 5.3120383e-02  3.6859956e-06  9.2594461e-07
 5.3122529e-02  3.6855327e-06  9.2748048e-07
 5.2955323e-02  3.9712375e-06  1.2937399e-06
 5.2956193e-02  3.9712553e-06  1.2922851e-06
 5.2855603e-02  3.9091375e-06  2.6608073e-06
 5.2855609e-02  3.9090210e-06  2.6638830e-06
 5.2822031e-02  4.1355538e-06  1.7770793e-06
 5.2822467e-02  4.1342684e-06  1.7749492e-06
 5.2855890e-02  4.0161808e-06  1.4761797e-06
 5.2856326e-02  4.0138141e-06  1.4739470e-06
 5.2855983e-02  4.0155576e-06  1.4432667e-06
 5.2856418e-02  4.0134308e-06  1.4411176e-06
 5.3000559e-02  3.7270594e-06  9.7434164e-07
 5.3001516e-02  3.7235617e-06  9.7235813e-07
 5.3209343e-02  2.7298805e-06  7.9154096e-07
 5.3211322e-02  2.6998236e-06  7.8460931e-07
 5.3131640e-02  3.6581845e-06  9.6984634e-07
 5.3133826e-02  3.6540907e-06  9.7005754e-07
 5.2944385e-02  4.0514696e-06  1.3247752e-06
 5.2945459e-02  4.0506711e-06  1.3229145e-06
 5.2822032e-02  4.1354365e-06  1.9312623e-06
 5.2822466e-02  4.1342649e-06  1.9287632e-06
 5.2766024e-02  4.4071300e-06  2.1584288e-06
 5.2766456e-02  4.4081942e-06  2.1585812e-06
 5.2777376e-02  4.4189558e-06  1.8148368e-06
 5.2777834e-02  4.4192471e-06  1.8127221e-06
 5.2822214e-02  4.1344815e-06  1.6374901e-06
 5.2822649e-02  4.1332905e-06  1.6351847e-06
 5.2944668e-02  4.0505307e-06  1.1976509e-06
 5.2945729e-02  4.0500564e-06  1.1970577e-06
 5.3132030e-02  3.6565849e-06  9.2285024e-07
 5.3134182e-02  3.6531715e-06  9.2144509e-07
 5.3209043e-02  2.7340355e-06  9.7903416e-07
 5.3211050e-02  2.7031667e-06  9.6839848e-07
 5.3000368e-02  3.7282517e-06  1.2874926e-06
 5.3001335e-02  3.7242032e-06  1.2853443e-06
 5.2855893e-02  4.0161331e-06  1.7581963e-06
 5.2856326e-02  4.0138677e-06  1.7551601e-06
 5.2777377e-02  4.4189769e-06  2.3995988e-06
 5.2777834e-02  4.4192703e-06  2.3990694e-06
 5.2766114e-02  4.4066396e-06  2.0465678e-06
 5.2766548e-02  4.4076047e-06  2.0459697e-06
 5.2687521e-02  4.3993660e-06  2.5217751e-06
 5.2687521e-02  4.3994174e-06  2.5210562e-06
 5.2766114e-02  4.4061058e-06  1.7846954e-06
 5.2766548e-02  4.4073713e-06  1.7867952e-06
 5.2911112e-02  4.1243400e-06  1.3964189e-06
 5.2912254e-02  4.1256556e-06  1.3957790e-06
 5.3120721e-02  3.6848594e-06  1.0734623e-06
 5.3122827e-02  3.6850168e-06  1.0729401e-06
 5.3044264e-02  3.4981212e-06  1.2161288e-06
 5.3045415e-02  3.4922454e-06  1.2157537e-06
 5.2855827e-02  4.0162662e-06  1.6725865e-06
 5.2856263e-02  4.0140660e-06  1.6723194e-06
 5.2732666e-02  4.4497059e-06  2.6185356e-06
 5.2732667e-02  4.4498146e-06  2.6192231e-06
 5.2676178e-02  4.4825274e-06  2.0403415e-06
 5.2676325e-02  4.4837094e-06  2.0400277e-06
 5.2766114e-02  4.4061965e-06  1.5120919e-06
 5.2766549e-02  4.4073822e-06  1.5117409e-06
 5.2822215e-02  4.1341500e-06  1.4766423e-06
 5.2822649e-02  4.1332174e-06  1.4775457e-06
 5.2944669e-02  4.0504038e-06  1.5834842e-06
 5.2945728e-02  4.0500496e-06  1.5854672e-06
 5.3132031e-02  3.6566173e-06  1.2117085e-06
 5.3134182e-02  3.6532200e-06  1.2097945e-06
 5.3209042e-02  2.7334992e-06  1.1215444e-06
 5.3211051e-02  2.7029942e-06  1.1061033e-06
 5.3000366e-02  3.7276040e-06  1.6834305e-06
 5.3001336e-02  3.7239625e-06  1.6791482e-06
 5.2855891e-02  4.0155201e-06  1.5636585e-06
 5.2856328e-02  4.0136142e-06  1.5632263e-06
 5.2777376e-02  4.4184520e-06  1.4901472e-06
 5.2777835e-02  4.4189566e-06  1.4890124e-06
 5.2911112e-02  4.1244672e-06  1.1361992e-06
 5.2912256e-02  4.1256404e-06  1.1365697e-06
 5.2944669e-02  4.0505306e-06  1.1178919e-06
 5.2945729e-02  4.0500353e-06  1.1185535e-06
 5.3044639e-02  3.4964010e-06  1.1033509e-06
 5.3045778e-02  3.4911663e-06  1.1027671e-06
 5.3209486e-02  2.7281413e-06  1.1986683e-06
 5.3211466e-02  2.6980415e-06  1.1862639e-06
 5.3209109e-02  2.7321761e-06  1.1154453e-06
 5.3211119e-02  2.7017925e-06  1.1002758e-06
 5.3044397e-02  3.4967062e-06  1.1813598e-06
 5.3045544e-02  3.4914247e-06  1.1807976e-06
 5.2944552e-02  4.0507749e-06  1.1982746e-06
 5.2945611e-02  4.0503376e-06  1.1976267e-06
 5.3120721e-02  3.6849779e-06  8.4210560e-07
 5.3122829e-02  3.6849285e-06  8.4344493e-07
 5.3132031e-02  3.6567820e-06  8.1134447e-07
 5.3134184e-02  3.6531441e-06  8.1209519e-07
 5.3209485e-02  2.7282668e-06  7.2918548e-07
 5.3211467e-02  2.6979880e-06  7.2131282e-07
 5.3175675e-02  3.3776605e-06  9.5115306e-07
 5.3177560e-02  3.3614274e-06  9.4773164e-07
 5.3209042e-02  2.7343471e-06  1.2059773e-06
 5.3211050e-02  2.7032769e-06  1.1922230e-06
 5.3131638e-02  3.6583739e-06  1.2041772e-06
 5.3133826e-02  3.6539938e-06  1.2012810e-06
 5.3120382e-02  3.6860215e-06  1.0559379e-06
 5.3122529e-02  3.6851691e-06  1.0548028e-06
 5.3175396e-02  3.3803590e-06  9.5242397e-07
 5.3177314e-02  3.3630899e-06  9.4998484e-07
 5.3044265e-02  3.4980352e-06  8.8400048e-07
 5.3045411e-02  3.4920875e-06  8.7996791e-07
 5.3209043e-02  2.7333956e-06  5.8450615e-07
 5.3211047e-02  2.7029193e-06  5.7925593e-07
 5.3209043e-02  2.7341842e-06  7.3043764e-07
 5.3211049e-02  2.7033337e-06  7.2261360e-07
 5.3044264e-02  3.4986175e-06  1.1307347e-06
 5.3045413e-02  3.4925527e-06  1.1278805e-06
 5.2944351e-02  4.0517242e-06  1.5513302e-06
 5.2945425e-02  4.0506955e-06  1.5514442e-06
 5.2910851e-02  4.1251946e-06  1.3317074e-06
 5.2912012e-02  4.1258691e-06  1.3304402e-06
 5.2944352e-02  4.0514732e-06  1.1321053e-06
 5.2945424e-02  4.0504093e-06  1.1312989e-06
 5.2855828e-02  4.0162186e-06  1.1668145e-06
 5.2856260e-02  4.0139579e-06  1.1651307e-06
 5.3000367e-02  3.7275312e-06  7.9901620e-07
 5.3001333e-02  3.7238884e-06  7.9764180e-07
 5.3209109e-02  2.7321653e-06  6.1238152e-07
 5.3211116e-02  2.7017973e-06  6.0702460e-07
 5.3131639e-02  3.6581749e-06  7.9893234e-07
 5.3133825e-02  3.6540804e-06  7.9946747e-07
 5.2944352e-02  4.0515759e-06  1.0964553e-06
 5.2945425e-02  4.0507236e-06  1.0963548e-06
 5.2821965e-02  4.1357115e-06  1.5521798e-06
 5.2822402e-02  4.1343676e-06  1.5514897e-06
 5.2765924e-02  4.4068725e-06  1.6827577e-06
 5.2766364e-02  4.4078286e-06  1.6837110e-06
 5.2777248e-02  4.4189147e-06  1.3830658e-06
 5.2777709e-02  4.4191338e-06  1.3817865e-06
 5.2732665e-02  4.4496893e-06  2.5886624e-06
 5.2732667e-02  4.4497350e-06  2.5877540e-06
 5.2855890e-02  4.0154496e-06  1.0864152e-06
 5.2856326e-02  4.0135995e-06  1.0854781e-06
 5.3044397e-02  3.4966795e-06  8.7006571e-07
 5.3045542e-02  3.4914551e-06  8.6649799e-07
 5.3120383e-02  3.6859066e-06  8.4527811e-07
 5.3122529e-02  3.6852973e-06  8.4629000e-07
 5.2910852e-02  4.1250682e-06  1.1012517e-06
 5.2912012e-02  4.1259171e-06  1.1014203e-06
 5.2765925e-02  4.4067836e-06  1.4866653e-06
 5.2766363e-02  4.4078513e-06  1.4854722e-06
 5.2687395e-02  4.3994052e-06  2.2099649e-06
 5.2687397e-02  4.3993759e-06  2.2096533e-06
 5.2676115e-02  4.4823679e-06  2.0816482e-06
 5.2676262e-02  4.4835230e-06  2.0811098e-06
 5.2676177e-02  4.4824815e-06  2.0077888e-06
 5.2676325e-02  4.4837009e-06  2.0071669e-06
 5.2777376e-02  4.4183567e-06  1.2682446e-06
 5.2777834e-02  4.4189407e-06  1.2675540e-06
 5.2944552e-02  4.0507016e-06  1.0856291e-06
 5.2945609e-02  4.0503846e-06  1.0852506e-06
 5.3175675e-02  3.3776458e-06  9.0534058e-07
 5.3177558e-02  3.3615590e-06  9.0346108e-07
 5.3175396e-02  3.3803954e-06  9.4949903e-07
 5.3177316e-02  3.3632840e-06  9.4560276e-07
 5.2944352e-02  4.0514658e-06  1.1794323e-06
 5.2945425e-02  4.0505409e-06  1.1788031e-06
 5.2777248e-02  4.4188779e-06  1.4387402e-06
 5.2777710e-02  4.4191938e-06  1.4376965e-06
 5.2676116e-02  4.4823731e-06  1.7565873e-06
 5.2676262e-02  4.4835647e-06  1.7564679e-06
 5.2642228e-02  4.3736601e-06  1.8058281e-06
 5.2642374e-02  4.3762801e-06  1.8065498e-06
 5.2585634e-02  3.6976720e-06  1.0483508e-06
 5.2585635e-02  3.6976824e-06  1.0481639e-06
 5.2642228e-02  4.3733613e-06  1.5348230e-06
 5.2642374e-02  4.3760882e-06  1.5360591e-06
 5.2766024e-02  4.4064378e-06  1.3569539e-06
 5.2766456e-02  4.4077451e-06  1.3575284e-06
 5.2955463e-02  3.9705987e-06  1.1104889e-06
 5.2956311e-02  3.9710435e-06  1.1119461e-06
 5.3208235e-02  2.7194458e-06  7.3897552e-07
 5.3209617e-02  2.7002702e-06  7.3485999e-07
 5.3032789e-02  3.6132994e-06  9.9547829e-07
 5.3033658e-02  3.6101635e-06  9.9667232e-07
 5.2821965e-02  4.1353524e-06  1.2779812e-06
 5.2822403e-02  4.1340382e-06  1.2785910e-06
 5.2676084e-02  4.4820089e-06  1.5446711e-06
 5.2676230e-02  4.4831815e-06  1.5455883e-06
 5.2596968e-02  3.8812023e-06  6.8200463e-07
 5.2596969e-02  3.8812442e-06  6.8211949e-07
 5.2642227e-02  4.3733714e-06  1.5678199e-06
 5.2642375e-02  4.3760739e-06  1.5683398e-06
 5.2676178e-02  4.4823246e-06  1.3308113e-06
 5.2676325e-02  4.4836457e-06  1.3316870e-06
 5.2777377e-02  4.4183866e-06  1.5757197e-06
 5.2777833e-02  4.4189851e-06  1.5772457e-06
 5.2944553e-02  4.0508929e-06  1.2650927e-06
 5.2945608e-02  4.0504871e-06  1.2649841e-06
 5.3175676e-02  3.3779280e-06  9.5432665e-07
 5.3177557e-02  3.3616554e-06  9.5025011e-07
 5.3175395e-02  3.3798132e-06  9.5127980e-07
 5.3177317e-02  3.3631469e-06  9.4855778e-07
 5.2944351e-02  4.0508828e-06  1.1836288e-06
 5.2945426e-02  4.0502901e-06  1.1840347e-06
 5.2777247e-02  4.4183599e-06  1.4584284e-06
 5.2777711e-02  4.4188735e-06  1.4588230e-06
 5.2676115e-02  4.4819344e-06  1.2222439e-06
 5.2676263e-02  4.4832619e-06  1.2227764e-06
 5.2766023e-02  4.4064427e-06  1.1277803e-06
 5.2766457e-02  4.4076784e-06  1.1277998e-06
 5.2777376e-02  4.4184482e-06  1.1123929e-06
 5.2777835e-02  4.4189524e-06  1.1123160e-06
 5.2855985e-02  4.0152842e-06  1.1443834e-06
 5.2856418e-02  4.0134176e-06  1.1442850e-06
 5.3000561e-02  3.7271102e-06  1.4746470e-06
 5.3001516e-02  3.7236464e-06  1.4741116e-06
 5.3209345e-02  2.7301165e-06  9.7770794e-07
 5.3211322e-02  2.6999489e-06  9.6444649e-07
 5.3131638e-02  3.6571656e-06  9.2921042e-07
 5.3133827e-02  3.6536207e-06  9.2771275e-07
 5.2944384e-02  4.0505171e-06  1.1640351e-06
 5.2945460e-02  4.0500927e-06  1.1646707e-06
 5.2822031e-02  4.1346031e-06  1.0738231e-06
 5.2822468e-02  4.1336914e-06  1.0742231e-06
 5.2955463e-02  3.9705651e-06  8.9300378e-07
 5.2956313e-02  3.9708938e-06  8.9344446e-07
 5.2944552e-02  4.0509802e-06  8.8868544e-07
 5.2945610e-02  4.0504021e-06  8.8853875e-07
 5.3000560e-02  3.7272442e-06  8.3401692e-07
 5.3001517e-02  3.7235822e-06  8.3333890e-07
 5.3122640e-02  3.3019341e-06  9.5509199e-07
 5.3123488e-02  3.3001975e-06  9.5446099e-07
 5.3175464e-02  3.3789580e-06  9.6228090e-07
 5.3177385e-02  3.3625806e-06  9.5872387e-07
 5.3032895e-02  3.6120745e-06  8.9555170e-07
 5.3033752e-02  3.6097150e-06  8.9651504e-07
 5.3208235e-02  2.7194082e-06  5.3969894e-07
 5.3209620e-02  2.7000867e-06  5.3620878e-07
 5.3175675e-02  3.3780066e-06  6.4483307e-07
 5.3177560e-02  3.3614947e-06  6.4278662e-07
 5.3209344e-02  2.7302653e-06  5.8405949e-07
 5.3211324e-02  2.6998316e-06  5.7794274e-07
 5.3209108e-02  2.7331318e-06  9.7757688e-07
 5.3211118e-02  2.7019635e-06  9.6384100e-07
 5.3175463e-02  3.3800353e-06  9.7991603e-07
 5.3177384e-02  3.3627140e-06  9.7500760e-07
 5.3208047e-02  2.7220478e-06  7.1019477e-07
 5.3209476e-02  2.7015305e-06  7.0586292e-07
 5.3032791e-02  3.6130970e-06  7.6887446e-07
 5.3033655e-02  3.6099518e-06  7.6682520e-07
 5.3175396e-02  3.3796216e-06  6.2234203e-07
 5.3177314e-02  3.3630069e-06  6.2003946e-07
 5.3122417e-02  3.3033959e-06  9.8530512e-07
 5.3123276e-02  3.3007595e-06  9.8346224e-07
 5.3000366e-02  3.7283932e-06  1.4375722e-06
 5.3001335e-02  3.7241268e-06  1.4353520e-06
 5.2944384e-02  4.0514411e-06  1.2164068e-06
 5.2945460e-02  4.0503819e-06  1.2157398e-06
 5.2955323e-02  3.9709927e-06  9.9165174e-07
 5.2956193e-02  3.9706485e-06  9.9253211e-07
 5.2821966e-02  4.1352050e-06  1.0336612e-06
 5.2822401e-02  4.1338756e-06  1.0325991e-06
 5.2944352e-02  4.0507454e-06  7.9495820e-07
 5.2945424e-02  4.0501629e-06  7.9439914e-07
 5.3131638e-02  3.6571240e-06  6.3326983e-07
 5.3133826e-02  3.6535695e-06  6.3193475e-07
 5.3209110e-02  2.7329507e-06  5.8554449e-07
 5.3211116e-02  2.7020761e-06  5.7904999e-07
 5.3000367e-02  3.7282424e-06  8.1337311e-07
 5.3001333e-02  3.7241947e-06  8.1217488e-07
 5.2855827e-02  4.0165720e-06  1.2090066e-06
 5.2856262e-02  4.0141795e-06  1.2075102e-06
 5.2777247e-02  4.4189368e-06  1.4835458e-06
 5.2777710e-02  4.4191459e-06  1.4836962e-06
 5.2765924e-02  4.4066266e-06  1.1805369e-06
 5.2766363e-02  4.4075381e-06  1.1806933e-06
 5.2676084e-02  4.4819656e-06  1.5802810e-06
 5.2676228e-02  4.4831136e-06  1.5797081e-06
 5.2777247e-02  4.4183189e-06  9.4110327e-07
 5.2777709e-02  4.4188320e-06  9.4055890e-07
 5.2944384e-02  4.0505695e-06  7.9269588e-07
 5.2945459e-02  4.0501260e-06  7.9232355e-07
 5.3175463e-02  3.3790776e-06  6.4812843e-07
 5.3177384e-02  3.3626522e-06  6.4513345e-07
 5.3175465e-02  3.3799450e-06  6.8006058e-07
 5.3177383e-02  3.3628791e-06  6.7686453e-07
 5.2944385e-02  4.0513452e-06  8.6338585e-07
 5.2945458e-02  4.0504750e-06  8.6306370e-07
 5.2777248e-02  4.4188725e-06  1.0653122e-06
 5.2777709e-02  4.4191889e-06  1.0646647e-06
 5.2676084e-02  4.4822420e-06  1.3358934e-06
 5.2676229e-02  4.4833653e-06  1.3361832e-06
 5.2642164e-02  4.3727882e-06  1.2699199e-06
 5.2642311e-02  4.3753892e-06  1.2706582e-06
 5.2596968e-02  3.8811821e-06  6.6167259e-07
 5.2596970e-02  3.8812291e-06  6.6170211e-07
 5.2676115e-02  4.4819266e-06  1.2907958e-06
 5.2676262e-02  4.4832654e-06  1.2907206e-06
 5.2822031e-02  4.1346858e-06  9.0301636e-07
 5.2822466e-02  4.1337875e-06  9.0246176e-07
 5.3032894e-02  3.6122208e-06  7.0770126e-07
 5.3033751e-02  3.6098604e-06  7.0692708e-07
 5.3208048e-02  2.7221025e-06  5.3433749e-07
 5.3209476e-02  2.7017193e-06  5.3016673e-07
 5.2955323e-02  3.9710535e-06  8.1538450e-07
 5.2956193e-02  3.9708319e-06  8.1536252e-07
 5.2765924e-02  4.4066488e-06  1.0191528e-06
 5.2766363e-02  4.4076351e-06  1.0189287e-06
 5.2642164e-02  4.3728054e-06  1.3971523e-06
 5.2642311e-02  4.3754382e-06  1.3974211e-06
 5.2585602e-02  3.6968696e-06  5.7706937e-07
 5.2585603e-02  3.6968957e-06  5.7702485e-07
