E(eV) ImSigma(eV) N_States
 1.4295540e+00  7.0656026e-04 2
 1.4360330e+00  1.3343799e-03 16
 1.4403523e+00  1.4883872e-03 12
 1.4489908e+00  1.2115942e-03 24
 1.4554698e+00  1.2062933e-03 48
 1.4576294e+00  1.0096538e-03 16
 1.4662680e+00  1.0618735e-03 12
 1.4727469e+00  1.9389325e-03 48
 1.4749065e+00  1.8782258e-03 48
 1.4835451e+00  1.7393642e-03 48
 1.4900240e+00  1.9057034e-03 64
 1.4986626e+00  1.5382942e-03 24
 1.5051415e+00  2.5513548e-03 96
 1.5073012e+00  2.6103762e-03 48
 1.5094608e+00  2.3877320e-03 12
 1.5159397e+00  2.0959510e-03 48
 1.5202590e+00  1.9954499e-03 48
 1.5224187e+00  1.7568829e-03 24
 1.5245783e+00  1.7230080e-03 24
 1.5310572e+00  1.3289879e-03 16
 1.5353765e+00  2.4047274e-03 24
 1.5375362e+00  2.5309015e-03 96
 1.5396958e+00  2.8875148e-03 24
 1.5461747e+00  2.4468664e-03 96
 1.5504940e+00  2.0277481e-03 48
 1.5526536e+00  2.0837048e-03 96
 1.5634519e+00  1.6525697e-03 12
 1.5656115e+00  1.6360490e-03 72
 1.5677711e+00  1.7292049e-03 24
 1.5699308e+00  2.1681693e-03 48
 1.5742501e+00  2.4863783e-03 24
 1.5764097e+00  2.1913928e-03 48
 1.5785693e+00  2.2441269e-03 64
 1.5807290e+00  2.3225159e-03 96
 1.5893676e+00  1.5795642e-03 48
 1.5915272e+00  1.2876013e-03 48
 1.5936868e+00  1.2706693e-03 48
 1.5958465e+00  1.3272711e-03 120
 1.5980061e+00  1.5372678e-03 24
 1.6001658e+00  1.5831427e-03 48
 1.6088043e+00  1.7403556e-03 48
 1.6109640e+00  1.7316582e-03 48
