--------------------------------------------------------------------------
By default, for Open MPI 4.0 and later, infiniband ports on a device
are not used by default.  The intent is to use UCX for these devices.
You can override this policy by setting the btl_openib_allow_ib MCA parameter
to true.

  Local host:              krnode11
  Local adapter:           mlx4_0
  Local port:              1

--------------------------------------------------------------------------
--------------------------------------------------------------------------
WARNING: There was an error initializing an OpenFabrics device.

  Local host:   krnode11
  Local device: mlx4_0
--------------------------------------------------------------------------
[krnode09.krhpc:11448] mca_base_component_repository_open: unable to open mca_fs_lustre: liblustreapi.so: cannot open shared object file: No such file or directory (ignored)
[krnode09.krhpc:11450] mca_base_component_repository_open: unable to open mca_fs_lustre: liblustreapi.so: cannot open shared object file: No such file or directory (ignored)
[krnode09.krhpc:11451] mca_base_component_repository_open: unable to open mca_fs_lustre: liblustreapi.so: cannot open shared object file: No such file or directory (ignored)
[krnode09.krhpc:11438] mca_base_component_repository_open: unable to open mca_fs_lustre: liblustreapi.so: cannot open shared object file: No such file or directory (ignored)
[krnode09.krhpc:11439] mca_base_component_repository_open: unable to open mca_fs_lustre: liblustreapi.so: cannot open shared object file: No such file or directory (ignored)
[krnode09.krhpc:11441] mca_base_component_repository_open: unable to open mca_fs_lustre: liblustreapi.so: cannot open shared object file: No such file or directory (ignored)
[krnode09.krhpc:11442] mca_base_component_repository_open: unable to open mca_fs_lustre: liblustreapi.so: cannot open shared object file: No such file or directory (ignored)
[krnode09.krhpc:11443] mca_base_component_repository_open: unable to open mca_fs_lustre: liblustreapi.so: cannot open shared object file: No such file or directory (ignored)
[krnode09.krhpc:11444] mca_base_component_repository_open: unable to open mca_fs_lustre: liblustreapi.so: cannot open shared object file: No such file or directory (ignored)
[krnode09.krhpc:11446] mca_base_component_repository_open: unable to open mca_fs_lustre: liblustreapi.so: cannot open shared object file: No such file or directory (ignored)
[krnode09.krhpc:11447] mca_base_component_repository_open: unable to open mca_fs_lustre: liblustreapi.so: cannot open shared object file: No such file or directory (ignored)
[krnode09.krhpc:11449] mca_base_component_repository_open: unable to open mca_fs_lustre: liblustreapi.so: cannot open shared object file: No such file or directory (ignored)
[krnode09.krhpc:11436] mca_base_component_repository_open: unable to open mca_fs_lustre: liblustreapi.so: cannot open shared object file: No such file or directory (ignored)
[krnode09.krhpc:11437] mca_base_component_repository_open: unable to open mca_fs_lustre: liblustreapi.so: cannot open shared object file: No such file or directory (ignored)
[krnode09.krhpc:11440] mca_base_component_repository_open: unable to open mca_fs_lustre: liblustreapi.so: cannot open shared object file: No such file or directory (ignored)
[krnode09.krhpc:11445] mca_base_component_repository_open: unable to open mca_fs_lustre: liblustreapi.so: cannot open shared object file: No such file or directory (ignored)
[krnode10.krhpc:15171] mca_base_component_repository_open: unable to open mca_fs_lustre: liblustreapi.so: cannot open shared object file: No such file or directory (ignored)
[krnode13.krhpc:26456] mca_base_component_repository_open: unable to open mca_fs_lustre: liblustreapi.so: cannot open shared object file: No such file or directory (ignored)
[krnode13.krhpc:26458] mca_base_component_repository_open: unable to open mca_fs_lustre: liblustreapi.so: cannot open shared object file: No such file or directory (ignored)
[krnode13.krhpc:26460] mca_base_component_repository_open: unable to open mca_fs_lustre: liblustreapi.so: cannot open shared object file: No such file or directory (ignored)
[krnode13.krhpc:26462] mca_base_component_repository_open: unable to open mca_fs_lustre: liblustreapi.so: cannot open shared object file: No such file or directory (ignored)
[krnode13.krhpc:26461] mca_base_component_repository_open: unable to open mca_fs_lustre: liblustreapi.so: cannot open shared object file: No such file or directory (ignored)
[krnode13.krhpc:26449] mca_base_component_repository_open: unable to open mca_fs_lustre: liblustreapi.so: cannot open shared object file: No such file or directory (ignored)
[krnode13.krhpc:26463] mca_base_component_repository_open: unable to open mca_fs_lustre: liblustreapi.so: cannot open shared object file: No such file or directory (ignored)
[krnode13.krhpc:26459] mca_base_component_repository_open: unable to open mca_fs_lustre: liblustreapi.so: cannot open shared object file: No such file or directory (ignored)
[krnode10.krhpc:15177] mca_base_component_repository_open: unable to open mca_fs_lustre: liblustreapi.so: cannot open shared object file: No such file or directory (ignored)
[krnode10.krhpc:15167] mca_base_component_repository_open: unable to open mca_fs_lustre: liblustreapi.so: cannot open shared object file: No such file or directory (ignored)
[krnode10.krhpc:15173] mca_base_component_repository_open: unable to open mca_fs_lustre: liblustreapi.so: cannot open shared object file: No such file or directory (ignored)
[krnode10.krhpc:15179] mca_base_component_repository_open: unable to open mca_fs_lustre: liblustreapi.so: cannot open shared object file: No such file or directory (ignored)
[krnode10.krhpc:15165] mca_base_component_repository_open: unable to open mca_fs_lustre: liblustreapi.so: cannot open shared object file: No such file or directory (ignored)
[krnode10.krhpc:15175] mca_base_component_repository_open: unable to open mca_fs_lustre: liblustreapi.so: cannot open shared object file: No such file or directory (ignored)
[krnode10.krhpc:15169] mca_base_component_repository_open: unable to open mca_fs_lustre: liblustreapi.so: cannot open shared object file: No such file or directory (ignored)
[krnode10.krhpc:15166] mca_base_component_repository_open: unable to open mca_fs_lustre: liblustreapi.so: cannot open shared object file: No such file or directory (ignored)
[krnode10.krhpc:15174] mca_base_component_repository_open: unable to open mca_fs_lustre: liblustreapi.so: cannot open shared object file: No such file or directory (ignored)
[krnode10.krhpc:15176] mca_base_component_repository_open: unable to open mca_fs_lustre: liblustreapi.so: cannot open shared object file: No such file or directory (ignored)
[krnode10.krhpc:15170] mca_base_component_repository_open: unable to open mca_fs_lustre: liblustreapi.so: cannot open shared object file: No such file or directory (ignored)
[krnode10.krhpc:15164] mca_base_component_repository_open: unable to open mca_fs_lustre: liblustreapi.so: cannot open shared object file: No such file or directory (ignored)
[krnode10.krhpc:15168] mca_base_component_repository_open: unable to open mca_fs_lustre: liblustreapi.so: cannot open shared object file: No such file or directory (ignored)
[krnode13.krhpc:26455] mca_base_component_repository_open: unable to open mca_fs_lustre: liblustreapi.so: cannot open shared object file: No such file or directory (ignored)
[krnode13.krhpc:26453] mca_base_component_repository_open: unable to open mca_fs_lustre: liblustreapi.so: cannot open shared object file: No such file or directory (ignored)
[krnode10.krhpc:15172] mca_base_component_repository_open: unable to open mca_fs_lustre: liblustreapi.so: cannot open shared object file: No such file or directory (ignored)
[krnode10.krhpc:15178] mca_base_component_repository_open: unable to open mca_fs_lustre: liblustreapi.so: cannot open shared object file: No such file or directory (ignored)
[krnode13.krhpc:26452] mca_base_component_repository_open: unable to open mca_fs_lustre: liblustreapi.so: cannot open shared object file: No such file or directory (ignored)
[krnode13.krhpc:26464] mca_base_component_repository_open: unable to open mca_fs_lustre: liblustreapi.so: cannot open shared object file: No such file or directory (ignored)
[krnode13.krhpc:26454] mca_base_component_repository_open: unable to open mca_fs_lustre: liblustreapi.so: cannot open shared object file: No such file or directory (ignored)
[krnode13.krhpc:26451] mca_base_component_repository_open: unable to open mca_fs_lustre: liblustreapi.so: cannot open shared object file: No such file or directory (ignored)
[krnode13.krhpc:26450] mca_base_component_repository_open: unable to open mca_fs_lustre: liblustreapi.so: cannot open shared object file: No such file or directory (ignored)
[krnode13.krhpc:26457] mca_base_component_repository_open: unable to open mca_fs_lustre: liblustreapi.so: cannot open shared object file: No such file or directory (ignored)
[krnode11.krhpc:03193] mca_base_component_repository_open: unable to open mca_fs_lustre: liblustreapi.so: cannot open shared object file: No such file or directory (ignored)
[krnode11.krhpc:03200] mca_base_component_repository_open: unable to open mca_fs_lustre: liblustreapi.so: cannot open shared object file: No such file or directory (ignored)
[krnode11.krhpc:03205] mca_base_component_repository_open: unable to open mca_fs_lustre: liblustreapi.so: cannot open shared object file: No such file or directory (ignored)
[krnode11.krhpc:03204] mca_base_component_repository_open: unable to open mca_fs_lustre: liblustreapi.so: cannot open shared object file: No such file or directory (ignored)
[krnode11.krhpc:03206] mca_base_component_repository_open: unable to open mca_fs_lustre: liblustreapi.so: cannot open shared object file: No such file or directory (ignored)
[krnode11.krhpc:03199] mca_base_component_repository_open: unable to open mca_fs_lustre: liblustreapi.so: cannot open shared object file: No such file or directory (ignored)
[krnode11.krhpc:03196] mca_base_component_repository_open: unable to open mca_fs_lustre: liblustreapi.so: cannot open shared object file: No such file or directory (ignored)
[krnode11.krhpc:03197] mca_base_component_repository_open: unable to open mca_fs_lustre: liblustreapi.so: cannot open shared object file: No such file or directory (ignored)
[krnode11.krhpc:03198] mca_base_component_repository_open: unable to open mca_fs_lustre: liblustreapi.so: cannot open shared object file: No such file or directory (ignored)
[krnode11.krhpc:03208] mca_base_component_repository_open: unable to open mca_fs_lustre: liblustreapi.so: cannot open shared object file: No such file or directory (ignored)
[krnode11.krhpc:03203] mca_base_component_repository_open: unable to open mca_fs_lustre: liblustreapi.so: cannot open shared object file: No such file or directory (ignored)
[krnode11.krhpc:03201] mca_base_component_repository_open: unable to open mca_fs_lustre: liblustreapi.so: cannot open shared object file: No such file or directory (ignored)
[krnode11.krhpc:03207] mca_base_component_repository_open: unable to open mca_fs_lustre: liblustreapi.so: cannot open shared object file: No such file or directory (ignored)
[krnode11.krhpc:03195] mca_base_component_repository_open: unable to open mca_fs_lustre: liblustreapi.so: cannot open shared object file: No such file or directory (ignored)
[krnode11.krhpc:03194] mca_base_component_repository_open: unable to open mca_fs_lustre: liblustreapi.so: cannot open shared object file: No such file or directory (ignored)
[krnode11.krhpc:03202] mca_base_component_repository_open: unable to open mca_fs_lustre: liblustreapi.so: cannot open shared object file: No such file or directory (ignored)
[krnode16.krhpc:27179] mca_base_component_repository_open: unable to open mca_fs_lustre: liblustreapi.so: cannot open shared object file: No such file or directory (ignored)
[krnode16.krhpc:27190] mca_base_component_repository_open: unable to open mca_fs_lustre: liblustreapi.so: cannot open shared object file: No such file or directory (ignored)
[krnode16.krhpc:27191] mca_base_component_repository_open: unable to open mca_fs_lustre: liblustreapi.so: cannot open shared object file: No such file or directory (ignored)
[krnode16.krhpc:27186] mca_base_component_repository_open: unable to open mca_fs_lustre: liblustreapi.so: cannot open shared object file: No such file or directory (ignored)
[krnode16.krhpc:27193] mca_base_component_repository_open: unable to open mca_fs_lustre: liblustreapi.so: cannot open shared object file: No such file or directory (ignored)
[krnode16.krhpc:27185] mca_base_component_repository_open: unable to open mca_fs_lustre: liblustreapi.so: cannot open shared object file: No such file or directory (ignored)
[krnode16.krhpc:27178] mca_base_component_repository_open: unable to open mca_fs_lustre: liblustreapi.so: cannot open shared object file: No such file or directory (ignored)
[krnode16.krhpc:27188] mca_base_component_repository_open: unable to open mca_fs_lustre: liblustreapi.so: cannot open shared object file: No such file or directory (ignored)
[krnode16.krhpc:27192] mca_base_component_repository_open: unable to open mca_fs_lustre: liblustreapi.so: cannot open shared object file: No such file or directory (ignored)
[krnode16.krhpc:27182] mca_base_component_repository_open: unable to open mca_fs_lustre: liblustreapi.so: cannot open shared object file: No such file or directory (ignored)
[krnode16.krhpc:27183] mca_base_component_repository_open: unable to open mca_fs_lustre: liblustreapi.so: cannot open shared object file: No such file or directory (ignored)
[krnode16.krhpc:27187] mca_base_component_repository_open: unable to open mca_fs_lustre: liblustreapi.so: cannot open shared object file: No such file or directory (ignored)
[krnode16.krhpc:27180] mca_base_component_repository_open: unable to open mca_fs_lustre: liblustreapi.so: cannot open shared object file: No such file or directory (ignored)
[krnode16.krhpc:27181] mca_base_component_repository_open: unable to open mca_fs_lustre: liblustreapi.so: cannot open shared object file: No such file or directory (ignored)
[krnode16.krhpc:27189] mca_base_component_repository_open: unable to open mca_fs_lustre: liblustreapi.so: cannot open shared object file: No such file or directory (ignored)
[krnode16.krhpc:27184] mca_base_component_repository_open: unable to open mca_fs_lustre: liblustreapi.so: cannot open shared object file: No such file or directory (ignored)
[krnode12.krhpc:11201] mca_base_component_repository_open: unable to open mca_fs_lustre: liblustreapi.so: cannot open shared object file: No such file or directory (ignored)
[krnode12.krhpc:11207] mca_base_component_repository_open: unable to open mca_fs_lustre: liblustreapi.so: cannot open shared object file: No such file or directory (ignored)
[krnode12.krhpc:11203] mca_base_component_repository_open: unable to open mca_fs_lustre: liblustreapi.so: cannot open shared object file: No such file or directory (ignored)
[krnode12.krhpc:11197] mca_base_component_repository_open: unable to open mca_fs_lustre: liblustreapi.so: cannot open shared object file: No such file or directory (ignored)
[krnode12.krhpc:11199] mca_base_component_repository_open: unable to open mca_fs_lustre: liblustreapi.so: cannot open shared object file: No such file or directory (ignored)
[krnode12.krhpc:11195] mca_base_component_repository_open: unable to open mca_fs_lustre: liblustreapi.so: cannot open shared object file: No such file or directory (ignored)
[krnode12.krhpc:11193] mca_base_component_repository_open: unable to open mca_fs_lustre: liblustreapi.so: cannot open shared object file: No such file or directory (ignored)
[krnode12.krhpc:11205] mca_base_component_repository_open: unable to open mca_fs_lustre: liblustreapi.so: cannot open shared object file: No such file or directory (ignored)
[krnode12.krhpc:11200] mca_base_component_repository_open: unable to open mca_fs_lustre: liblustreapi.so: cannot open shared object file: No such file or directory (ignored)
[krnode12.krhpc:11204] mca_base_component_repository_open: unable to open mca_fs_lustre: liblustreapi.so: cannot open shared object file: No such file or directory (ignored)
[krnode12.krhpc:11206] mca_base_component_repository_open: unable to open mca_fs_lustre: liblustreapi.so: cannot open shared object file: No such file or directory (ignored)
[krnode12.krhpc:11194] mca_base_component_repository_open: unable to open mca_fs_lustre: liblustreapi.so: cannot open shared object file: No such file or directory (ignored)
[krnode12.krhpc:11202] mca_base_component_repository_open: unable to open mca_fs_lustre: liblustreapi.so: cannot open shared object file: No such file or directory (ignored)
[krnode12.krhpc:11198] mca_base_component_repository_open: unable to open mca_fs_lustre: liblustreapi.so: cannot open shared object file: No such file or directory (ignored)
[krnode12.krhpc:11208] mca_base_component_repository_open: unable to open mca_fs_lustre: liblustreapi.so: cannot open shared object file: No such file or directory (ignored)
[krnode12.krhpc:11196] mca_base_component_repository_open: unable to open mca_fs_lustre: liblustreapi.so: cannot open shared object file: No such file or directory (ignored)
[krnode14.krhpc:00688] mca_base_component_repository_open: unable to open mca_fs_lustre: liblustreapi.so: cannot open shared object file: No such file or directory (ignored)
[krnode14.krhpc:00678] mca_base_component_repository_open: unable to open mca_fs_lustre: liblustreapi.so: cannot open shared object file: No such file or directory (ignored)
[krnode14.krhpc:00682] mca_base_component_repository_open: unable to open mca_fs_lustre: liblustreapi.so: cannot open shared object file: No such file or directory (ignored)
[krnode14.krhpc:00687] mca_base_component_repository_open: unable to open mca_fs_lustre: liblustreapi.so: cannot open shared object file: No such file or directory (ignored)
[krnode14.krhpc:00679] mca_base_component_repository_open: unable to open mca_fs_lustre: liblustreapi.so: cannot open shared object file: No such file or directory (ignored)
[krnode14.krhpc:00683] mca_base_component_repository_open: unable to open mca_fs_lustre: liblustreapi.so: cannot open shared object file: No such file or directory (ignored)
[krnode14.krhpc:00684] mca_base_component_repository_open: unable to open mca_fs_lustre: liblustreapi.so: cannot open shared object file: No such file or directory (ignored)
[krnode14.krhpc:00676] mca_base_component_repository_open: unable to open mca_fs_lustre: liblustreapi.so: cannot open shared object file: No such file or directory (ignored)
[krnode14.krhpc:00686] mca_base_component_repository_open: unable to open mca_fs_lustre: liblustreapi.so: cannot open shared object file: No such file or directory (ignored)
[krnode14.krhpc:00675] mca_base_component_repository_open: unable to open mca_fs_lustre: liblustreapi.so: cannot open shared object file: No such file or directory (ignored)
[krnode15.krhpc:10897] mca_base_component_repository_open: unable to open mca_fs_lustre: liblustreapi.so: cannot open shared object file: No such file or directory (ignored)
[krnode15.krhpc:10901] mca_base_component_repository_open: unable to open mca_fs_lustre: liblustreapi.so: cannot open shared object file: No such file or directory (ignored)
[krnode15.krhpc:10903] mca_base_component_repository_open: unable to open mca_fs_lustre: liblustreapi.so: cannot open shared object file: No such file or directory (ignored)
[krnode15.krhpc:10905] mca_base_component_repository_open: unable to open mca_fs_lustre: liblustreapi.so: cannot open shared object file: No such file or directory (ignored)
[krnode15.krhpc:10909] mca_base_component_repository_open: unable to open mca_fs_lustre: liblustreapi.so: cannot open shared object file: No such file or directory (ignored)
[krnode15.krhpc:10896] mca_base_component_repository_open: unable to open mca_fs_lustre: liblustreapi.so: cannot open shared object file: No such file or directory (ignored)
[krnode15.krhpc:10900] mca_base_component_repository_open: unable to open mca_fs_lustre: liblustreapi.so: cannot open shared object file: No such file or directory (ignored)
[krnode15.krhpc:10902] mca_base_component_repository_open: unable to open mca_fs_lustre: liblustreapi.so: cannot open shared object file: No such file or directory (ignored)
[krnode15.krhpc:10906] mca_base_component_repository_open: unable to open mca_fs_lustre: liblustreapi.so: cannot open shared object file: No such file or directory (ignored)
[krnode15.krhpc:10907] mca_base_component_repository_open: unable to open mca_fs_lustre: liblustreapi.so: cannot open shared object file: No such file or directory (ignored)
[krnode15.krhpc:10908] mca_base_component_repository_open: unable to open mca_fs_lustre: liblustreapi.so: cannot open shared object file: No such file or directory (ignored)
[krnode15.krhpc:10894] mca_base_component_repository_open: unable to open mca_fs_lustre: liblustreapi.so: cannot open shared object file: No such file or directory (ignored)
[krnode15.krhpc:10895] mca_base_component_repository_open: unable to open mca_fs_lustre: liblustreapi.so: cannot open shared object file: No such file or directory (ignored)
[krnode15.krhpc:10899] mca_base_component_repository_open: unable to open mca_fs_lustre: liblustreapi.so: cannot open shared object file: No such file or directory (ignored)
[krnode15.krhpc:10904] mca_base_component_repository_open: unable to open mca_fs_lustre: liblustreapi.so: cannot open shared object file: No such file or directory (ignored)
[krnode15.krhpc:10898] mca_base_component_repository_open: unable to open mca_fs_lustre: liblustreapi.so: cannot open shared object file: No such file or directory (ignored)
[krnode14.krhpc:00689] mca_base_component_repository_open: unable to open mca_fs_lustre: liblustreapi.so: cannot open shared object file: No such file or directory (ignored)
[krnode14.krhpc:00677] mca_base_component_repository_open: unable to open mca_fs_lustre: liblustreapi.so: cannot open shared object file: No such file or directory (ignored)
[krnode14.krhpc:00680] mca_base_component_repository_open: unable to open mca_fs_lustre: liblustreapi.so: cannot open shared object file: No such file or directory (ignored)
[krnode14.krhpc:00690] mca_base_component_repository_open: unable to open mca_fs_lustre: liblustreapi.so: cannot open shared object file: No such file or directory (ignored)
[krnode14.krhpc:00685] mca_base_component_repository_open: unable to open mca_fs_lustre: liblustreapi.so: cannot open shared object file: No such file or directory (ignored)
[krnode14.krhpc:00681] mca_base_component_repository_open: unable to open mca_fs_lustre: liblustreapi.so: cannot open shared object file: No such file or directory (ignored)
[krnode09.krhpc:11413] 127 more processes have sent help message help-mpi-btl-openib.txt / ib port not selected
[krnode09.krhpc:11413] Set MCA parameter "orte_base_help_aggregate" to 0 to see all help / error messages
[krnode09.krhpc:11413] 127 more processes have sent help message help-mpi-btl-openib.txt / error in device init
