
***************  JDFTx-1.6  ***************

Start date and time: Sun Oct 24 19:59:27 2021
Executable /data/groups/ping/jxu153/codes/jdftx/jdftx-202103/build/phonon with command-line: -ni phonon.in
Running on hosts (process indices):  gpu024 (0-7)  gpu025 (8-15)  gpu026 (16-23)  gpu027 (24-31)  gpu028 (32-39)  node001 (40-47)  node002 (48-55)  node003 (56-63)
Divided in process groups (process indices):  0 (0)  1 (1)  2 (2)  3 (3)  4 (4)  5 (5)  6 (6)  7 (7)  8 (8)  9 (9)  10 (10)  11 (11)  12 (12)  13 (13)  14 (14)  15 (15)  16 (16)  17 (17)  18 (18)  19 (19)  20 (20)  21 (21)  22 (22)  23 (23)  24 (24)  25 (25)  26 (26)  27 (27)  28 (28)  29 (29)  30 (30)  31 (31)  32 (32)  33 (33)  34 (34)  35 (35)  36 (36)  37 (37)  38 (38)  39 (39)  40 (40)  41 (41)  42 (42)  43 (43)  44 (44)  45 (45)  46 (46)  47 (47)  48 (48)  49 (49)  50 (50)  51 (51)  52 (52)  53 (53)  54 (54)  55 (55)  56 (56)  57 (57)  58 (58)  59 (59)  60 (60)  61 (61)  62 (62)  63 (63)
Resource initialization completed at t[s]:      0.01
Run totals: 64 processes, 320 threads, 0 GPUs


Input parsed successfully to the following command list (including defaults):

basis kpoint-dependent
converge-empty-states yes
coords-type Lattice
core-overlap-check vector
coulomb-interaction Periodic
davidson-band-ratio 1.1
dump End State ElecDensity
dump-name totalE.$VAR
dump-only 
elec-cutoff 17
elec-eigen-algo Davidson
elec-ex-corr mgga-x-scan mgga-c-scan
elec-n-bands 34
electronic-minimize  \
	dirUpdateScheme      FletcherReeves \
	linminMethod         DirUpdateRecommended \
	nIterations          100 \
	history              15 \
	knormThreshold       0 \
	energyDiffThreshold  1e-09 \
	nEnergyDiff          2 \
	alphaTstart          1 \
	alphaTmin            1e-10 \
	updateTestStepSize   yes \
	alphaTreduceFactor   0.1 \
	alphaTincreaseFactor 3 \
	nAlphaAdjustMax      3 \
	wolfeEnergy          0.0001 \
	wolfeGradient        0.9 \
	fdTest               no
exchange-regularization WignerSeitzTruncated
fluid None
fluid-ex-corr (null) lda-PZ
fluid-gummel-loop 10 1.000000e-05
fluid-minimize  \
	dirUpdateScheme      PolakRibiere \
	linminMethod         DirUpdateRecommended \
	nIterations          100 \
	history              15 \
	knormThreshold       0 \
	energyDiffThreshold  0 \
	nEnergyDiff          2 \
	alphaTstart          1 \
	alphaTmin            1e-10 \
	updateTestStepSize   yes \
	alphaTreduceFactor   0.1 \
	alphaTincreaseFactor 3 \
	nAlphaAdjustMax      3 \
	wolfeEnergy          0.0001 \
	wolfeGradient        0.9 \
	fdTest               no
fluid-solvent H2O 55.338 ScalarEOS \
	epsBulk 78.4 \
	pMol 0.92466 \
	epsInf 1.77 \
	Pvap 1.06736e-10 \
	sigmaBulk 4.62e-05 \
	Rvdw 2.61727 \
	Res 1.42 \
	tauNuc 343133 \
	poleEl 15 7 1
forces-output-coords Positions
initial-state totalE.$VAR
ion Ga   0.000000000000000   0.000000000000000   0.000000000000000 0
ion As   0.250000000000000   0.250000000000000   0.250000000000000 0
ion-species Ga_nv3_nocorecorr.upf
ion-species As_nv5_nocorecorr.upf
ion-width 0
ionic-minimize  \
	dirUpdateScheme      L-BFGS \
	linminMethod         DirUpdateRecommended \
	nIterations          0 \
	history              15 \
	knormThreshold       0.0001 \
	energyDiffThreshold  1e-06 \
	nEnergyDiff          2 \
	alphaTstart          1 \
	alphaTmin            1e-10 \
	updateTestStepSize   yes \
	alphaTreduceFactor   0.1 \
	alphaTincreaseFactor 3 \
	nAlphaAdjustMax      3 \
	wolfeEnergy          0.0001 \
	wolfeGradient        0.9 \
	fdTest               no
kpoint   0.000000000000   0.000000000000   0.000000000000  1.00000000000000
kpoint-folding 16 16 16 
latt-move-scale 1 1 1
latt-scale 1 1 1 
lattice Face-Centered Cubic 10.6829
lattice-minimize  \
	dirUpdateScheme      L-BFGS \
	linminMethod         DirUpdateRecommended \
	nIterations          0 \
	history              15 \
	knormThreshold       0 \
	energyDiffThreshold  1e-06 \
	nEnergyDiff          2 \
	alphaTstart          1 \
	alphaTmin            1e-10 \
	updateTestStepSize   yes \
	alphaTreduceFactor   0.1 \
	alphaTincreaseFactor 3 \
	nAlphaAdjustMax      3 \
	wolfeEnergy          0.0001 \
	wolfeGradient        0.9 \
	fdTest               no
lcao-params -1 1e-06 0.001
pcm-variant GLSSA13
phonon  \
	supercell 4 4 4 \
	dr 0.1 \
	saveHsub yes \
	T 298 \
	Fcut 1e-08 \
	rSmooth 1
spintype spin-orbit
subspace-rotation-factor 1 yes
symmetries automatic
symmetry-threshold 0.0001


########### Unit cell calculation #############

---------- Setting up symmetries ----------

Found 48 point-group symmetries of the bravais lattice
Found 24 space-group symmetries with basis
Applied RMS atom displacement 0 bohrs to make symmetries exact.

---------- Initializing the Grid ----------
R = 
[            0      5.34145      5.34145  ]
[      5.34145            0      5.34145  ]
[      5.34145      5.34145            0  ]
unit cell volume = 304.795
G =
[  -0.588154   0.588154   0.588154  ]
[   0.588154  -0.588154   0.588154  ]
[   0.588154   0.588154  -0.588154  ]
Minimum fftbox size, Smin = [  32  32  32  ]
Chosen fftbox size, S = [  32  32  32  ]

---------- Exchange Correlation functional ----------
Initialized LibXC exchange functional 'SCAN exchange of Sun, Ruzsinszky, and Perdew'
Initialized LibXC correlation functional 'SCAN correlation of Sun, Ruzsinszky, and Perdew'

---------- Setting up pseudopotentials ----------
Width of ionic core gaussian charges (only for fluid interactions / plotting) set to 0

Reading pseudopotential file 'Ga_nv3_nocorecorr.upf':
  'Ga' pseudopotential, 'PBE' functional
  Generated using ONCVPSP code by D. R. Hamann
  Author: anonymous  Date: 200814.
  3 valence electrons, 3 orbitals, 8 projectors, 1926 radial grid points, with lMax = 2
  Transforming local potential to a uniform radial grid of dG=0.02 with 1566 points.
  Transforming nonlocal projectors to a uniform radial grid of dG=0.02 with 399 points.
    4S    l: 0   occupation:  2.0   eigenvalue: -0.328808
    4P    l: 1   occupation:  0.7   eigenvalue: -0.093403
    4P    l: 1   occupation:  0.3   eigenvalue: -0.097652
  Transforming atomic orbitals to a uniform radial grid of dG=0.02 with 399 points.
  Core radius for overlap checks: 2.08 bohrs.

Reading pseudopotential file 'As_nv5_nocorecorr.upf':
  'As' pseudopotential, 'PBE' functional
  Generated using ONCVPSP code by D. R. Hamann
  Author: anonymous  Date: 200814.
  5 valence electrons, 3 orbitals, 8 projectors, 1358 radial grid points, with lMax = 2
  Transforming local potential to a uniform radial grid of dG=0.02 with 1566 points.
  Transforming nonlocal projectors to a uniform radial grid of dG=0.02 with 399 points.
    4S    l: 0   occupation:  2.0   eigenvalue: -0.532523
    4P    l: 1   occupation:  2.0   eigenvalue: -0.187649
    4P    l: 1   occupation:  1.0   eigenvalue: -0.197670
  Transforming atomic orbitals to a uniform radial grid of dG=0.02 with 399 points.
  Core radius for overlap checks: 2.07 bohrs.

Initialized 2 species with 2 total atoms.

Folded 1 k-points by 16x16x16 to 4096 k-points.

---------- Setting up k-points, bands, fillings ----------
Adding inversion symmetry to k-mesh for non-inversion-symmetric unit cell.
Reduced to 145 k-points under symmetry. 
Computing the number of bands and number of electrons
Calculating initial fillings.
Turning on subspace rotations due to non-scalar fillings.
nElectrons:   8.000000   nBands: 34   nStates: 145

----- Setting up reduced wavefunction bases (one per k-point) -----
average nbasis = 1020.294 , ideal nbasis = 1020.410

---------- Setting up ewald sum ----------
Optimum gaussian width for ewald sums = 2.425994 bohr.
Real space sum over 1331 unit cells with max indices [  5  5  5  ]
Reciprocal space sum over 2197 terms with max indices [  6  6  6  ]

---------- Allocating electronic variables ----------
Initializing wave functions:  reading from 'totalE.wfns'


----- Initializing Supercell corresponding to k-point mesh -----
Lattice vector linear combinations in supercell:
[  16   0   0  ]
[   0  16   0  ]
[   0   0  16  ]
Supercell lattice vectors:
[  0  85.4632  85.4632  ]
[  85.4632  0  85.4632  ]
[  85.4632  85.4632  0  ]

----------- Energy evaluation at fixed state -------------
# Energy components:
   Eewald =       -8.4220291129144371
       EH =        0.8013208209321716
     Eloc =       -3.3543589957224449
      Enl =        1.6753301263718308
      Exc =       -2.4132670650041086
       KE =        3.1532407025079756
-------------------------------------
     Etot =       -8.5597635238290124

Fcut=1e-08 reduced nBands from 34 to 8 per unit cell.
Dumping 'totalE.phononKpts' ... done.

------- Configuring supercell and perturbation modes -------

---------- Setting up symmetries ----------

Found 48 point-group symmetries of the bravais lattice
Found 24 space-group symmetries with basis (with translations restricted to unit cells)
Applied RMS atom displacement 0 bohrs to make symmetries exact.

Finding maximally-symmetric orthogonal basis for displacements:
 [ +0.577350 +0.577350 +0.577350 ] |Stabilizer|: 6
 [ -0.816497 +0.408248 +0.408248 ] |Stabilizer|: 2
 [ +0.000000 -0.707107 +0.707107 ] |Stabilizer|: 2

12 signed perturbations of the unit cell reduced to 4 under symmetries:
Ga 0  [ +0.577350 +0.577350 +0.577350 ] 1.500000
Ga 0  [ -0.577350 -0.577350 -0.577350 ] 1.500000
As 0  [ +0.577350 +0.577350 +0.577350 ] 1.500000
As 0  [ -0.577350 -0.577350 -0.577350 ] 1.500000

Calculating unitary rotations of unit cell states under symmetries:
	Matrix elements valid for E < +0.952056 (Emax = +1.184637) due to incomplete degenerate subspaces.
	RMS unitarity error in valid subspaces: 3.688791e-07

---- Citations for features of the code used in this run ----

   Software package:
      R. Sundararaman, K. Letchworth-Weaver, K.A. Schwarz, D. Gunceler, Y. Ozhabes and T.A. Arias, 'JDFTx: software for joint density-functional theory', SoftwareX 6, 278 (2017)

   LibXC library of exchange-correlation functions:
      M. A. L. Marques, M. J. T. Oliveira and T. Burnus, Comput. Phys. Commun. 183, 2272 (2012)

   SCAN exchange of Sun, Ruzsinszky, and Perdew exchange functional:
   SCAN correlation of Sun, Ruzsinszky, and Perdew correlation functional:
      J. Sun, A. Ruzsinszky, and J. P. Perdew, Phys. Rev. Lett. 115, 036402 (2015)

   Total energy minimization:
      T.A. Arias, M.C. Payne and J.D. Joannopoulos, Phys. Rev. Lett. 69, 1077 (1992)

This list may not be complete. Please suggest additional citations or
report any other bugs at https://github.com/shankar1729/jdftx/issues

########### Perturbed supercell calculation 1 of 4 #############

---------- Setting up symmetries ----------

Found 48 point-group symmetries of the bravais lattice
Found 6 space-group symmetries with basis
Applied RMS atom displacement 0 bohrs to make symmetries exact.

---------- Initializing the Grid ----------
R = 
[            0      21.3658      21.3658  ]
[      21.3658            0      21.3658  ]
[      21.3658      21.3658            0  ]
unit cell volume = 19506.9
G =
[  -0.147038   0.147038   0.147038  ]
[   0.147038  -0.147038   0.147038  ]
[   0.147038   0.147038  -0.147038  ]
Minimum fftbox size, Smin = [  116  116  116  ]
Chosen fftbox size, S = [  128  128  128  ]

---------- Exchange Correlation functional ----------
Initialized LibXC exchange functional 'SCAN exchange of Sun, Ruzsinszky, and Perdew'
Initialized LibXC correlation functional 'SCAN correlation of Sun, Ruzsinszky, and Perdew'

---------- Setting up pseudopotentials ----------
Width of ionic core gaussian charges (only for fluid interactions / plotting) set to 0

Reading pseudopotential file 'Ga_nv3_nocorecorr.upf':
  'Ga' pseudopotential, 'PBE' functional
  Generated using ONCVPSP code by D. R. Hamann
  Author: anonymous  Date: 200814.
  3 valence electrons, 3 orbitals, 8 projectors, 1926 radial grid points, with lMax = 2
  Transforming local potential to a uniform radial grid of dG=0.02 with 1566 points.
  Transforming nonlocal projectors to a uniform radial grid of dG=0.02 with 399 points.
    4S    l: 0   occupation:  2.0   eigenvalue: -0.328808
    4P    l: 1   occupation:  0.7   eigenvalue: -0.093403
    4P    l: 1   occupation:  0.3   eigenvalue: -0.097652
  Transforming atomic orbitals to a uniform radial grid of dG=0.02 with 399 points.
  Core radius for overlap checks: 2.08 bohrs.

Reading pseudopotential file 'As_nv5_nocorecorr.upf':
  'As' pseudopotential, 'PBE' functional
  Generated using ONCVPSP code by D. R. Hamann
  Author: anonymous  Date: 200814.
  5 valence electrons, 3 orbitals, 8 projectors, 1358 radial grid points, with lMax = 2
  Transforming local potential to a uniform radial grid of dG=0.02 with 1566 points.
  Transforming nonlocal projectors to a uniform radial grid of dG=0.02 with 399 points.
    4S    l: 0   occupation:  2.0   eigenvalue: -0.532523
    4P    l: 1   occupation:  2.0   eigenvalue: -0.187649
    4P    l: 1   occupation:  1.0   eigenvalue: -0.197670
  Transforming atomic orbitals to a uniform radial grid of dG=0.02 with 399 points.
  Core radius for overlap checks: 2.07 bohrs.

Initialized 2 species with 128 total atoms.

Folded 1 k-points by 4x4x4 to 64 k-points.

---------- Setting up k-points, bands, fillings ----------
Adding inversion symmetry to k-mesh for non-inversion-symmetric unit cell.
Reduced to 13 k-points under symmetry. 
Computing the number of bands and number of electrons
Calculating initial fillings.
nElectrons: 512.000000   nBands: 512   nStates: 13

----- Setting up reduced wavefunction bases (one per k-point) -----
average nbasis = 65298.797 , ideal nbasis = 65306.266

---------- Setting up ewald sum ----------
Optimum gaussian width for ewald sums = 4.851988 bohr.
Real space sum over 343 unit cells with max indices [  3  3  3  ]
Reciprocal space sum over 12167 terms with max indices [  11  11  11  ]

---------- Allocating electronic variables ----------
Skipped wave function initialization.

Dry run: supercell setup successful.

########### Perturbed supercell calculation 2 of 4 #############

---------- Setting up symmetries ----------

Found 48 point-group symmetries of the bravais lattice
Found 6 space-group symmetries with basis
Applied RMS atom displacement 0 bohrs to make symmetries exact.

---------- Initializing the Grid ----------
R = 
[            0      21.3658      21.3658  ]
[      21.3658            0      21.3658  ]
[      21.3658      21.3658            0  ]
unit cell volume = 19506.9
G =
[  -0.147038   0.147038   0.147038  ]
[   0.147038  -0.147038   0.147038  ]
[   0.147038   0.147038  -0.147038  ]
Minimum fftbox size, Smin = [  116  116  116  ]
Chosen fftbox size, S = [  128  128  128  ]

---------- Exchange Correlation functional ----------
Initialized LibXC exchange functional 'SCAN exchange of Sun, Ruzsinszky, and Perdew'
Initialized LibXC correlation functional 'SCAN correlation of Sun, Ruzsinszky, and Perdew'

---------- Setting up pseudopotentials ----------
Width of ionic core gaussian charges (only for fluid interactions / plotting) set to 0

Reading pseudopotential file 'Ga_nv3_nocorecorr.upf':
  'Ga' pseudopotential, 'PBE' functional
  Generated using ONCVPSP code by D. R. Hamann
  Author: anonymous  Date: 200814.
  3 valence electrons, 3 orbitals, 8 projectors, 1926 radial grid points, with lMax = 2
  Transforming local potential to a uniform radial grid of dG=0.02 with 1566 points.
  Transforming nonlocal projectors to a uniform radial grid of dG=0.02 with 399 points.
    4S    l: 0   occupation:  2.0   eigenvalue: -0.328808
    4P    l: 1   occupation:  0.7   eigenvalue: -0.093403
    4P    l: 1   occupation:  0.3   eigenvalue: -0.097652
  Transforming atomic orbitals to a uniform radial grid of dG=0.02 with 399 points.
  Core radius for overlap checks: 2.08 bohrs.

Reading pseudopotential file 'As_nv5_nocorecorr.upf':
  'As' pseudopotential, 'PBE' functional
  Generated using ONCVPSP code by D. R. Hamann
  Author: anonymous  Date: 200814.
  5 valence electrons, 3 orbitals, 8 projectors, 1358 radial grid points, with lMax = 2
  Transforming local potential to a uniform radial grid of dG=0.02 with 1566 points.
  Transforming nonlocal projectors to a uniform radial grid of dG=0.02 with 399 points.
    4S    l: 0   occupation:  2.0   eigenvalue: -0.532523
    4P    l: 1   occupation:  2.0   eigenvalue: -0.187649
    4P    l: 1   occupation:  1.0   eigenvalue: -0.197670
  Transforming atomic orbitals to a uniform radial grid of dG=0.02 with 399 points.
  Core radius for overlap checks: 2.07 bohrs.

Initialized 2 species with 128 total atoms.

Folded 1 k-points by 4x4x4 to 64 k-points.

---------- Setting up k-points, bands, fillings ----------
Adding inversion symmetry to k-mesh for non-inversion-symmetric unit cell.
Reduced to 13 k-points under symmetry. 
Computing the number of bands and number of electrons
Calculating initial fillings.
nElectrons: 512.000000   nBands: 512   nStates: 13

----- Setting up reduced wavefunction bases (one per k-point) -----
average nbasis = 65298.797 , ideal nbasis = 65306.266

---------- Setting up ewald sum ----------
Optimum gaussian width for ewald sums = 4.851988 bohr.
Real space sum over 343 unit cells with max indices [  3  3  3  ]
Reciprocal space sum over 12167 terms with max indices [  11  11  11  ]

---------- Allocating electronic variables ----------
Skipped wave function initialization.

Dry run: supercell setup successful.

########### Perturbed supercell calculation 3 of 4 #############

---------- Setting up symmetries ----------

Found 48 point-group symmetries of the bravais lattice
Found 6 space-group symmetries with basis
Applied RMS atom displacement 0 bohrs to make symmetries exact.

---------- Initializing the Grid ----------
R = 
[            0      21.3658      21.3658  ]
[      21.3658            0      21.3658  ]
[      21.3658      21.3658            0  ]
unit cell volume = 19506.9
G =
[  -0.147038   0.147038   0.147038  ]
[   0.147038  -0.147038   0.147038  ]
[   0.147038   0.147038  -0.147038  ]
Minimum fftbox size, Smin = [  116  116  116  ]
Chosen fftbox size, S = [  128  128  128  ]

---------- Exchange Correlation functional ----------
Initialized LibXC exchange functional 'SCAN exchange of Sun, Ruzsinszky, and Perdew'
Initialized LibXC correlation functional 'SCAN correlation of Sun, Ruzsinszky, and Perdew'

---------- Setting up pseudopotentials ----------
Width of ionic core gaussian charges (only for fluid interactions / plotting) set to 0

Reading pseudopotential file 'Ga_nv3_nocorecorr.upf':
  'Ga' pseudopotential, 'PBE' functional
  Generated using ONCVPSP code by D. R. Hamann
  Author: anonymous  Date: 200814.
  3 valence electrons, 3 orbitals, 8 projectors, 1926 radial grid points, with lMax = 2
  Transforming local potential to a uniform radial grid of dG=0.02 with 1566 points.
  Transforming nonlocal projectors to a uniform radial grid of dG=0.02 with 399 points.
    4S    l: 0   occupation:  2.0   eigenvalue: -0.328808
    4P    l: 1   occupation:  0.7   eigenvalue: -0.093403
    4P    l: 1   occupation:  0.3   eigenvalue: -0.097652
  Transforming atomic orbitals to a uniform radial grid of dG=0.02 with 399 points.
  Core radius for overlap checks: 2.08 bohrs.

Reading pseudopotential file 'As_nv5_nocorecorr.upf':
  'As' pseudopotential, 'PBE' functional
  Generated using ONCVPSP code by D. R. Hamann
  Author: anonymous  Date: 200814.
  5 valence electrons, 3 orbitals, 8 projectors, 1358 radial grid points, with lMax = 2
  Transforming local potential to a uniform radial grid of dG=0.02 with 1566 points.
  Transforming nonlocal projectors to a uniform radial grid of dG=0.02 with 399 points.
    4S    l: 0   occupation:  2.0   eigenvalue: -0.532523
    4P    l: 1   occupation:  2.0   eigenvalue: -0.187649
    4P    l: 1   occupation:  1.0   eigenvalue: -0.197670
  Transforming atomic orbitals to a uniform radial grid of dG=0.02 with 399 points.
  Core radius for overlap checks: 2.07 bohrs.

Initialized 2 species with 128 total atoms.

Folded 1 k-points by 4x4x4 to 64 k-points.

---------- Setting up k-points, bands, fillings ----------
Adding inversion symmetry to k-mesh for non-inversion-symmetric unit cell.
Reduced to 13 k-points under symmetry. 
Computing the number of bands and number of electrons
Calculating initial fillings.
nElectrons: 512.000000   nBands: 512   nStates: 13

----- Setting up reduced wavefunction bases (one per k-point) -----
average nbasis = 65298.797 , ideal nbasis = 65306.266

---------- Setting up ewald sum ----------
Optimum gaussian width for ewald sums = 4.851988 bohr.
Real space sum over 343 unit cells with max indices [  3  3  3  ]
Reciprocal space sum over 12167 terms with max indices [  11  11  11  ]

---------- Allocating electronic variables ----------
Skipped wave function initialization.

Dry run: supercell setup successful.

########### Perturbed supercell calculation 4 of 4 #############

---------- Setting up symmetries ----------

Found 48 point-group symmetries of the bravais lattice
Found 6 space-group symmetries with basis
Applied RMS atom displacement 0 bohrs to make symmetries exact.

---------- Initializing the Grid ----------
R = 
[            0      21.3658      21.3658  ]
[      21.3658            0      21.3658  ]
[      21.3658      21.3658            0  ]
unit cell volume = 19506.9
G =
[  -0.147038   0.147038   0.147038  ]
[   0.147038  -0.147038   0.147038  ]
[   0.147038   0.147038  -0.147038  ]
Minimum fftbox size, Smin = [  116  116  116  ]
Chosen fftbox size, S = [  128  128  128  ]

---------- Exchange Correlation functional ----------
Initialized LibXC exchange functional 'SCAN exchange of Sun, Ruzsinszky, and Perdew'
Initialized LibXC correlation functional 'SCAN correlation of Sun, Ruzsinszky, and Perdew'

---------- Setting up pseudopotentials ----------
Width of ionic core gaussian charges (only for fluid interactions / plotting) set to 0

Reading pseudopotential file 'Ga_nv3_nocorecorr.upf':
  'Ga' pseudopotential, 'PBE' functional
  Generated using ONCVPSP code by D. R. Hamann
  Author: anonymous  Date: 200814.
  3 valence electrons, 3 orbitals, 8 projectors, 1926 radial grid points, with lMax = 2
  Transforming local potential to a uniform radial grid of dG=0.02 with 1566 points.
  Transforming nonlocal projectors to a uniform radial grid of dG=0.02 with 399 points.
    4S    l: 0   occupation:  2.0   eigenvalue: -0.328808
    4P    l: 1   occupation:  0.7   eigenvalue: -0.093403
    4P    l: 1   occupation:  0.3   eigenvalue: -0.097652
  Transforming atomic orbitals to a uniform radial grid of dG=0.02 with 399 points.
  Core radius for overlap checks: 2.08 bohrs.

Reading pseudopotential file 'As_nv5_nocorecorr.upf':
  'As' pseudopotential, 'PBE' functional
  Generated using ONCVPSP code by D. R. Hamann
  Author: anonymous  Date: 200814.
  5 valence electrons, 3 orbitals, 8 projectors, 1358 radial grid points, with lMax = 2
  Transforming local potential to a uniform radial grid of dG=0.02 with 1566 points.
  Transforming nonlocal projectors to a uniform radial grid of dG=0.02 with 399 points.
    4S    l: 0   occupation:  2.0   eigenvalue: -0.532523
    4P    l: 1   occupation:  2.0   eigenvalue: -0.187649
    4P    l: 1   occupation:  1.0   eigenvalue: -0.197670
  Transforming atomic orbitals to a uniform radial grid of dG=0.02 with 399 points.
  Core radius for overlap checks: 2.07 bohrs.

Initialized 2 species with 128 total atoms.

Folded 1 k-points by 4x4x4 to 64 k-points.

---------- Setting up k-points, bands, fillings ----------
Adding inversion symmetry to k-mesh for non-inversion-symmetric unit cell.
Reduced to 13 k-points under symmetry. 
Computing the number of bands and number of electrons
Calculating initial fillings.
nElectrons: 512.000000   nBands: 512   nStates: 13

----- Setting up reduced wavefunction bases (one per k-point) -----
average nbasis = 65298.797 , ideal nbasis = 65306.266

---------- Setting up ewald sum ----------
Optimum gaussian width for ewald sums = 4.851988 bohr.
Real space sum over 343 unit cells with max indices [  3  3  3  ]
Reciprocal space sum over 12167 terms with max indices [  11  11  11  ]

---------- Allocating electronic variables ----------
Skipped wave function initialization.

Dry run: supercell setup successful.


Parameter summary for supercell calculations:
	Perturbation: 1  nStates: 13
	Perturbation: 2  nStates: 13
	Perturbation: 3  nStates: 13
	Perturbation: 4  nStates: 13
Use option iPerturbation of command phonon to run each supercell calculation separately.
Dry run successful: commands are valid and initialization succeeded.
End date and time: Sun Oct 24 20:01:53 2021  (Duration: 0-0:02:25.62)
Done!

PROFILER:                     diagouterI     0.010213 +/-     0.011729 s,    8 calls,      0.081704 s total
PROFILER:              EdensityAndVscloc     0.195660 +/-     0.000000 s,    1 calls,      0.195660 s total
PROFILER:                     EnlAndGrad     0.000076 +/-     0.000031 s,    8 calls,      0.000608 s total
PROFILER:            ExCorrCommunication     0.016572 +/-     0.012364 s,    3 calls,      0.049715 s total
PROFILER:               ExCorrFunctional     0.002406 +/-     0.002406 s,    2 calls,      0.004811 s total
PROFILER:                    ExCorrTotal     0.105578 +/-     0.000000 s,    1 calls,      0.105578 s total
PROFILER:                   Idag_DiagV_I     0.015354 +/-     0.007316 s,    8 calls,      0.122832 s total
PROFILER:            matrix::diagonalize     0.000318 +/-     0.000081 s,   27 calls,      0.008576 s total
PROFILER:                    matrix::set     0.000000 +/-     0.000001 s,  401 calls,      0.000161 s total
PROFILER:     RadialFunctionR::transform     0.024530 +/-     0.176793 s,  150 calls,      3.679440 s total
PROFILER:                    reduceKmesh     0.018837 +/-     0.009193 s,    5 calls,      0.094187 s total
PROFILER:                            Y*M     0.000377 +/-     0.000420 s,    6 calls,      0.002261 s total
PROFILER:                          Y1^Y2     0.000424 +/-     0.000939 s,   44 calls,      0.018677 s total

MEMUSAGE:                   ColumnBundle     0.218890 GB
MEMUSAGE:             complexScalarField     0.000977 GB
MEMUSAGE:        complexScalarFieldTilde     0.002441 GB
MEMUSAGE:                    IndexArrays     0.024330 GB
MEMUSAGE:                         matrix     0.026913 GB
MEMUSAGE:                           misc     0.032578 GB
MEMUSAGE:                    ScalarField     0.002441 GB
MEMUSAGE:               ScalarFieldTilde     0.048126 GB
MEMUSAGE:                          Total     0.282822 GB
