#time(au), total f, f in each valley
 0.00000000000000e+01 -2.02192141949491e-21
 4.13413741709430e+03 -2.02515546591760e-21
 8.26827483418859e+03 -2.02445274535092e-21
 1.24024122512829e+04 -2.02587254725881e-21
 1.65365496683772e+04 -2.02802283389746e-21
 2.06706870854715e+04 -2.02954603338192e-21
 2.48048245025658e+04 -2.02686727024080e-21
 2.89389619196601e+04 -2.02416074293561e-21
 3.30730993367544e+04 -2.02274860010746e-21
 3.72072367538487e+04 -2.02486633565719e-21
 4.13413741709430e+04 -2.02497452015860e-21
 4.54755115880372e+04 -2.02375576909404e-21
 4.96096490051315e+04 -2.02339292019108e-21
 5.37437864222258e+04 -2.02323207951642e-21
 5.78779238393201e+04 -2.02873417092885e-21
 6.20120612564144e+04 -2.03406297566204e-21
 6.61461986735087e+04 -2.04090444864503e-21
 7.02803360906030e+04 -2.04256359679498e-21
 7.44144735076973e+04 -2.04196331641989e-21
 7.85486109247916e+04 -2.04146547623641e-21
 8.26827483418859e+04 -2.04151717502470e-21
 8.68168857589802e+04 -2.03876660801096e-21
 9.09510231760745e+04 -2.04270816192518e-21
 9.50851605931688e+04 -2.04290251107373e-21
 9.92192980102631e+04 -2.04297527233131e-21
 1.03353435427357e+05 -2.04526150763545e-21
 1.07487572844452e+05 -2.04491684904689e-21
 1.11621710261546e+05 -2.04640079574765e-21
 1.15755847678640e+05 -2.05030022472326e-21
 1.19889985095735e+05 -2.05360224547870e-21
 1.24024122512829e+05 -2.05358501254927e-21
 1.28158259929923e+05 -2.05313599899917e-21
 1.32292397347018e+05 -2.05004651770668e-21
 1.36426534764112e+05 -2.05585880184882e-21
 1.40560672181206e+05 -2.05757060617202e-21
 1.44694809598300e+05 -2.05793632722989e-21
 1.48828947015395e+05 -2.05801004587244e-21
 1.52963084432489e+05 -2.05547393309159e-21
 1.57097221849583e+05 -2.05668502507641e-21
 1.61231359266678e+05 -2.05231169054152e-21
 1.65365496683772e+05 -2.05219297480546e-21
 1.69499634100866e+05 -2.05617090934847e-21
 1.73633771517960e+05 -2.05645716745397e-21
 1.77767908935055e+05 -2.05989896641476e-21
 1.81902046352149e+05 -2.05839778678458e-21
 1.86036183769243e+05 -2.05825226426940e-21
 1.90170321186338e+05 -2.05760315726094e-21
 1.94304458603432e+05 -2.05993247488865e-21
 1.98438596020526e+05 -2.05986833009578e-21
 2.02572733437620e+05 -2.06269931744684e-21
 2.06706870854715e+05 -2.05862277225211e-21
 2.10841008271809e+05 -2.05266496559480e-21
 2.14975145688903e+05 -2.05642270159511e-21
 2.19109283105998e+05 -2.06701616626861e-21
 2.23243420523092e+05 -2.06345277941684e-21
 2.27377557940186e+05 -2.06449154210738e-21
 2.31511695357280e+05 -2.06401284962326e-21
 2.35645832774375e+05 -2.06545850092529e-21
 2.39779970191469e+05 -2.06875286260098e-21
 2.43914107608563e+05 -2.06789408828447e-21
 2.48048245025658e+05 -2.06085730876796e-21
 2.52182382442752e+05 -2.05862277225211e-21
 2.56316519859846e+05 -2.05894158144653e-21
 2.60450657276940e+05 -2.05659120134952e-21
 2.64584794694035e+05 -2.05627047738516e-21
 2.68718932111129e+05 -2.05624558537599e-21
 2.72853069528223e+05 -2.05601868513852e-21
 2.76987206945318e+05 -2.05423029001786e-21
 2.81121344362412e+05 -2.05176023679982e-21
 2.85255481779506e+05 -2.05542127691834e-21
 2.89389619196601e+05 -2.05983960854673e-21
 2.93523756613695e+05 -2.05736093886398e-21
 2.97657894030789e+05 -2.05751029091902e-21
 3.01792031447884e+05 -2.06325938765326e-21
 3.05926168864978e+05 -2.06222924142744e-21
 3.10060306282072e+05 -2.06297791647260e-21
 3.14194443699167e+05 -2.06466865832650e-21
 3.18328581116261e+05 -2.06634408202091e-21
 3.22462718533355e+05 -2.06245805643485e-21
 3.26596855950449e+05 -2.06303823172560e-21
 3.30730993367544e+05 -2.06690510961229e-21
 3.34865130784638e+05 -2.07149672791993e-21
 3.38999268201732e+05 -2.07299120585535e-21
 3.43133405618827e+05 -2.07667618059807e-21
 3.47267543035921e+05 -2.07602898835955e-21
 3.51401680453015e+05 -2.07282557825584e-21
 3.55535817870110e+05 -2.07687723144140e-21
 3.59669955287204e+05 -2.07970726140750e-21
 3.63804092704298e+05 -2.08898240697974e-21
 3.67938230121393e+05 -2.09092398369531e-21
 3.72072367538487e+05 -2.09077558902524e-21
 3.76206504955581e+05 -2.08675457215866e-21
 3.80340642372676e+05 -2.09004031736963e-21
 3.84474779789770e+05 -2.09529253130536e-21
 3.88608917206864e+05 -2.09344573570164e-21
 3.92743054623959e+05 -2.09209486551146e-21
 3.96877192041053e+05 -2.09590525768503e-21
 4.01011329458147e+05 -2.09556921556118e-21
 4.05145466875241e+05 -2.09569367560705e-21
 4.09279604292336e+05 -2.09844807216065e-21
 4.13413741709430e+05 -2.10196358976400e-21
 4.17547879126524e+05 -2.10398558681691e-21
 4.21682016543619e+05 -2.10331828949405e-21
 4.25816153960713e+05 -2.10179700477953e-21
 4.29950291377807e+05 -2.09609769206364e-21
 4.34084428794902e+05 -2.10110481544750e-21
 4.38218566211996e+05 -2.10383336260696e-21
 4.42352703629090e+05 -2.10564282019692e-21
 4.46486841046185e+05 -2.11172700167004e-21
 4.50620978463279e+05 -2.11577482531573e-21
 4.54755115880373e+05 -2.11422098951229e-21
 4.58889253297468e+05 -2.12159572592258e-21
 4.63023390714562e+05 -2.12909300760881e-21
 4.67157528131656e+05 -2.12784362022527e-21
 4.71291665548751e+05 -2.13255778380885e-21
 4.75425802965845e+05 -2.13045345164867e-21
 4.79559940382939e+05 -2.12947691898107e-21
 4.83694077800033e+05 -2.12885461875172e-21
 4.87828215217128e+05 -2.13126052717689e-21
 4.91962352634222e+05 -2.13447351113028e-21
 4.96096490051316e+05 -2.13760415997640e-21
 5.00230627468411e+05 -2.14293487947952e-21
 5.04364764885505e+05 -2.14487166927025e-21
 5.08498902302599e+05 -2.14563279032000e-21
 5.12633039719694e+05 -2.14807316460402e-21
 5.16767177136788e+05 -2.15440243662901e-21
 5.20901314553882e+05 -2.15452785405985e-21
 5.25035451970977e+05 -2.15637752181847e-21
 5.29169589388071e+05 -2.15070022895686e-21
 5.33303726805165e+05 -2.15167005992967e-21
 5.37437864222260e+05 -2.15224640568055e-21
 5.41572001639354e+05 -2.15609605063781e-21
 5.45706139056448e+05 -2.15985953094794e-21
 5.49840276473543e+05 -2.15954933821823e-21
 5.53974413890637e+05 -2.16266945582970e-21
 5.58108551307731e+05 -2.16453444174782e-21
 5.62242688724826e+05 -2.16801549349231e-21
 5.66376826141920e+05 -2.16714235840128e-21
 5.70510963559014e+05 -2.16537119621005e-21
 5.74645100976108e+05 -2.16846354965744e-21
 5.78779238393203e+05 -2.16785656758758e-21
 5.82913375810297e+05 -2.16783741988822e-21
 5.87047513227391e+05 -2.15928127042712e-21
 5.91181650644486e+05 -2.16151293478808e-21
 5.95315788061580e+05 -2.15911660021259e-21
 5.99449925478674e+05 -2.16337887809116e-21
 6.03584062895769e+05 -2.16783837727319e-21
 6.07718200312863e+05 -2.16849035643655e-21
 6.11852337729957e+05 -2.16750807945915e-21
 6.15986475147052e+05 -2.16900351477953e-21
 6.20120612564146e+05 -2.16888192688856e-21
 6.24254749981240e+05 -2.17114231279856e-21
 6.28388887398335e+05 -2.17196949341111e-21
 6.32523024815429e+05 -2.17703023035319e-21
 6.36657162232523e+05 -2.18052085594737e-21
 6.40791299649618e+05 -2.17910296880941e-21
 6.44925437066712e+05 -2.17803739933977e-21
 6.49059574483806e+05 -2.17833897560476e-21
 6.53193711900900e+05 -2.17780666956243e-21
 6.57327849317995e+05 -2.17517769043966e-21
 6.61461986735089e+05 -2.17656589864360e-21
 6.65596124152183e+05 -2.17975016104794e-21
 6.69730261569278e+05 -2.18048064577870e-21
 6.73864398986372e+05 -2.18750402190566e-21
 6.77998536403466e+05 -2.19234456030504e-21
 6.82132673820561e+05 -2.18860501461912e-21
 6.86266811237655e+05 -2.18852459428179e-21
 6.90400948654749e+05 -2.19154705862650e-21
 6.94535086071844e+05 -2.19271985521259e-21
 6.98669223488938e+05 -2.19707978635792e-21
 7.02803360906032e+05 -2.19897157905515e-21
 7.06937498323127e+05 -2.20249475573824e-21
 7.11071635740221e+05 -2.20655694015845e-21
 7.15205773157315e+05 -2.21022946889659e-21
 7.19339910574410e+05 -2.21201690663228e-21
 7.23474047991504e+05 -2.21093123207831e-21
 7.27608185408598e+05 -2.20974120256280e-21
 7.31742322825692e+05 -2.21312077150066e-21
 7.35876460242787e+05 -2.21573347507896e-21
 7.40010597659881e+05 -2.21860850213857e-21
 7.44144735076975e+05 -2.21822171861140e-21
 7.48278872494070e+05 -2.21944525660080e-21
 7.52413009911164e+05 -2.22121067448222e-21
 7.56547147328258e+05 -2.21948163722960e-21
 7.60681284745353e+05 -2.21878466097272e-21
 7.64815422162447e+05 -2.22048401929133e-21
 7.68949559579541e+05 -2.22174010836966e-21
 7.73083696996636e+05 -2.22832691695110e-21
 7.77217834413730e+05 -2.22902485059294e-21
 7.81351971830824e+05 -2.22845329176690e-21
 7.85486109247919e+05 -2.23187307087343e-21
 7.89620246665013e+05 -2.23675190467154e-21
 7.93754384082107e+05 -2.24210655879887e-21
 7.97888521499202e+05 -2.23774184072870e-21
 8.02022658916296e+05 -2.23917983295098e-21
 8.06156796333390e+05 -2.23909749784371e-21
 8.10290933750484e+05 -2.23525263981129e-21
 8.14425071167579e+05 -2.23357530134695e-21
 8.18559208584673e+05 -2.23363370183001e-21
 8.22693346001767e+05 -2.23340680159254e-21
 8.26827483418862e+05 -2.23125842972383e-21
 8.30961620835956e+05 -2.23551687806252e-21
 8.35095758253050e+05 -2.24142202854658e-21
 8.39229895670145e+05 -2.24528316212347e-21
 8.43364033087239e+05 -2.24798968942866e-21
 8.47498170504333e+05 -2.24433535100492e-21
 8.51632307921428e+05 -2.24835541048652e-21
 8.55766445338522e+05 -2.25206910677830e-21
 8.59900582755616e+05 -2.25224813776736e-21
 8.64034720172711e+05 -2.25314042055775e-21
 8.68168857589805e+05 -2.25448171689825e-21
 8.72302995006899e+05 -2.25723036914204e-21
 8.76437132423994e+05 -2.25455160600093e-21
 8.80571269841088e+05 -2.25605182824615e-21
 8.84705407258182e+05 -2.26139690852379e-21
 8.88839544675276e+05 -2.26675634957596e-21
 8.92973682092371e+05 -2.26765437667616e-21
 8.97107819509465e+05 -2.26603352392494e-21
 9.01241956926559e+05 -2.26787457521885e-21
 9.05376094343654e+05 -2.26567067502198e-21
 9.09510231760748e+05 -2.27185633930173e-21
 9.13644369177842e+05 -2.26670273601773e-21
 9.17778506594937e+05 -2.26744470936812e-21
 9.21912644012031e+05 -2.26781425996585e-21
 9.26046781429125e+05 -2.26483487794471e-21
 9.30180918846220e+05 -2.26832358876895e-21
 9.34315056263314e+05 -2.27429096927595e-21
 9.38449193680408e+05 -2.27814827331296e-21
 9.42583331097503e+05 -2.28137178850100e-21
 9.46717468514597e+05 -2.28335931969505e-21
 9.50851605931691e+05 -2.28552492449319e-21
 9.54985743348786e+05 -2.28735831670736e-21
 9.59119880765880e+05 -2.28859142854644e-21
 9.63254018182974e+05 -2.29078479750866e-21
 9.67388155600069e+05 -2.29478762406084e-21
 9.71522293017163e+05 -2.29157368272248e-21
 9.75656430434257e+05 -2.29529599547897e-21
 9.79790567851351e+05 -2.29207056552100e-21
 9.83924705268446e+05 -2.28803997480474e-21
 9.88058842685540e+05 -2.29334484491371e-21
 9.92192980102634e+05 -2.29330271997511e-21
 9.96327117519729e+05 -2.29427063617799e-21
 1.00046125493682e+06 -2.29196142363462e-21
 1.00459539235392e+06 -2.29065363576801e-21
 1.00872952977101e+06 -2.29150092146490e-21
 1.01286366718811e+06 -2.29344728510531e-21
 1.01699780460520e+06 -2.29273499068895e-21
 1.02113194202229e+06 -2.29070437717133e-21
 1.02526607943939e+06 -2.29727395282334e-21
 1.02940021685648e+06 -2.30092350432224e-21
 1.03353435427358e+06 -2.30121742150749e-21
 1.03766849169067e+06 -2.30098956388505e-21
 1.04180262910777e+06 -2.30252616675907e-21
 1.04593676652486e+06 -2.30305751541643e-21
 1.05007090394195e+06 -2.31086211767747e-21
 1.05420504135905e+06 -2.30884682231934e-21
 1.05833917877614e+06 -2.30999568428122e-21
 1.06247331619324e+06 -2.30799187754271e-21
 1.06660745361033e+06 -2.31075680533096e-21
 1.07074159102743e+06 -2.30942891238002e-21
 1.07487572844452e+06 -2.30958017920500e-21
 1.07900986586161e+06 -2.31382426676918e-21
 1.08314400327871e+06 -2.31462081106275e-21
 1.08727814069580e+06 -2.31092626247034e-21
 1.09141227811290e+06 -2.31580988319329e-21
 1.09554641552999e+06 -2.31800038000061e-21
 1.09968055294709e+06 -2.31754849429560e-21
 1.10381469036418e+06 -2.31709277905073e-21
 1.10794882778128e+06 -2.31861023422537e-21
 1.11208296519837e+06 -2.32068105791166e-21
 1.11621710261546e+06 -2.32252210920557e-21
 1.12035124003256e+06 -2.32109943514278e-21
 1.12448537744965e+06 -2.32370830918121e-21
 1.12861951486675e+06 -2.32050968600235e-21
 1.13275365228384e+06 -2.31880362598896e-21
 1.13688778970094e+06 -2.31612964977268e-21
 1.14102192711803e+06 -2.31609805606873e-21
 1.14515606453512e+06 -2.31372852827236e-21
 1.14929020195222e+06 -2.31177450555219e-21
 1.15342433936931e+06 -2.31612582023281e-21
 1.15755847678641e+06 -2.31756764199497e-21
 1.16169261420350e+06 -2.32446560069109e-21
 1.16582675162060e+06 -2.32807111248145e-21
 1.16996088903769e+06 -2.32808738802591e-21
 1.17409502645478e+06 -2.33064264850612e-21
 1.17822916387188e+06 -2.33284176177815e-21
 1.18236330128897e+06 -2.33339704505973e-21
 1.18649743870607e+06 -2.33885892630350e-21
 1.19063157612316e+06 -2.34108867589451e-21
 1.19476571354026e+06 -2.34146397080206e-21
 1.19889985095735e+06 -2.33897955680949e-21
 1.20303398837444e+06 -2.34230934172901e-21
 1.20716812579154e+06 -2.34525042835142e-21
 1.21130226320863e+06 -2.35206126501542e-21
 1.21543640062573e+06 -2.35135280013893e-21
 1.21957053804282e+06 -2.35358254972995e-21
 1.22370467545992e+06 -2.35299950228429e-21
 1.22783881287701e+06 -2.35498990563325e-21
 1.23197295029410e+06 -2.35863562759228e-21
 1.23610708771120e+06 -2.36008893797405e-21
 1.24024122512829e+06 -2.36082803916953e-21
 1.24437536254539e+06 -2.36258196843133e-21
 1.24850949996248e+06 -2.36104919509719e-21
 1.25264363737958e+06 -2.35944366050547e-21
 1.25677777479667e+06 -2.36307980861481e-21
 1.26091191221376e+06 -2.36578729330498e-21
 1.26504604963086e+06 -2.36661638868746e-21
 1.26918018704795e+06 -2.36753739302690e-21
 1.27331432446505e+06 -2.36415016500930e-21
 1.27744846188214e+06 -2.36678393105691e-21
 1.28158259929924e+06 -2.36317458972667e-21
 1.28571673671633e+06 -2.36686435139424e-21
 1.28985087413343e+06 -2.36194243527255e-21
 1.29398501155052e+06 -2.35998171085761e-21
 1.29811914896761e+06 -2.36532296159538e-21
 1.30225328638471e+06 -2.36496011269242e-21
 1.30638742380180e+06 -2.36222007691334e-21
 1.31052156121890e+06 -2.36685094800468e-21
 1.31465569863599e+06 -2.36681073783602e-21
 1.31878983605309e+06 -2.36273036310141e-21
 1.32292397347018e+06 -2.36366094129053e-21
 1.32705811088727e+06 -2.36707784824215e-21
 1.33119224830437e+06 -2.36697636543552e-21
 1.33532638572146e+06 -2.36420665072242e-21
 1.33946052313856e+06 -2.36579208022982e-21
 1.34359466055565e+06 -2.36826309083282e-21
 1.34772879797275e+06 -2.37097631983280e-21
 1.35186293538984e+06 -2.37265557306708e-21
 1.35599707280693e+06 -2.37210316194041e-21
 1.36013121022403e+06 -2.38023901940045e-21
 1.36426534764112e+06 -2.38469085950273e-21
 1.36839948505822e+06 -2.38623607884146e-21
 1.37253362247531e+06 -2.38796320132415e-21
 1.37666775989241e+06 -2.39077599836082e-21
 1.38080189730950e+06 -2.38594407642615e-21
 1.38493603472659e+06 -2.39076068020132e-21
 1.38907017214369e+06 -2.39243610389573e-21
 1.39320430956078e+06 -2.39545952562541e-21
 1.39733844697788e+06 -2.39265343028352e-21
 1.40147258439497e+06 -2.39119437559193e-21
 1.40560672181207e+06 -2.39579652513423e-21
 1.40974085922916e+06 -2.39793819530816e-21
 1.41387499664625e+06 -2.39488317987453e-21
 1.41800913406335e+06 -2.40058057782049e-21
 1.42214327148044e+06 -2.40053079380214e-21
 1.42627740889754e+06 -2.39909663111973e-21
 1.43041154631463e+06 -2.39540495468222e-21
 1.43454568373173e+06 -2.39659402681277e-21
 1.43867982114882e+06 -2.39420152177715e-21
 1.44281395856591e+06 -2.39985583739954e-21
 1.44694809598301e+06 -2.40339433224212e-21
 1.45108223340010e+06 -2.40616596172516e-21
 1.45521637081720e+06 -2.40565088861225e-21
 1.45935050823429e+06 -2.40846464303388e-21
 1.46348464565139e+06 -2.40812477137016e-21
 1.46761878306848e+06 -2.40933107643013e-21
 1.47175292048557e+06 -2.40509273317577e-21
 1.47588705790267e+06 -2.40233450708229e-21
 1.48002119531976e+06 -2.40273373661404e-21
 1.48415533273686e+06 -2.40395440244854e-21
 1.48828947015395e+06 -2.40880642946754e-21
 1.49242360757105e+06 -2.40994763234968e-21
 1.49655774498814e+06 -2.41469147486727e-21
 1.50069188240524e+06 -2.41360771508323e-21
 1.50482601982233e+06 -2.41159241972510e-21
 1.50896015723942e+06 -2.41375706713827e-21
 1.51309429465652e+06 -2.41659284141418e-21
 1.51722843207361e+06 -2.41671251453521e-21
 1.52136256949071e+06 -2.41382791362592e-21
 1.52549670690780e+06 -2.41221280518451e-21
 1.52963084432490e+06 -2.41819454646603e-21
 1.53376498174199e+06 -2.41960285975430e-21
 1.53789911915908e+06 -2.41504379253558e-21
 1.54203325657618e+06 -2.41414097851053e-21
 1.54616739399327e+06 -2.41182027734754e-21
 1.55030153141037e+06 -2.40998305559350e-21
 1.55443566882746e+06 -2.41589586515731e-21
 1.55856980624456e+06 -2.41568045353945e-21
 1.56270394366165e+06 -2.42230842967453e-21
 1.56683808107874e+06 -2.42187090474405e-21
 1.57097221849584e+06 -2.42312603643740e-21
 1.57510635591293e+06 -2.42446637539292e-21
 1.57924049333003e+06 -2.43044045759470e-21
 1.58337463074712e+06 -2.43273818151845e-21
 1.58750876816422e+06 -2.43690089136033e-21
 1.59164290558131e+06 -2.43685302211192e-21
 1.59577704299840e+06 -2.43899852182573e-21
 1.59991118041550e+06 -2.43720055285539e-21
 1.60404531783259e+06 -2.43265297425628e-21
 1.60817945524969e+06 -2.43367833355726e-21
 1.61231359266678e+06 -2.43851408503180e-21
 1.61644773008388e+06 -2.43822399738643e-21
 1.62058186750097e+06 -2.44406596046258e-21
 1.62471600491806e+06 -2.44240776969760e-21
 1.62885014233516e+06 -2.44682035701619e-21
 1.63298427975225e+06 -2.44829090032739e-21
 1.63711841716935e+06 -2.45034544846922e-21
 1.64125255458644e+06 -2.45815962457994e-21
 1.64538669200354e+06 -2.45669865511841e-21
 1.64952082942063e+06 -2.46095997561202e-21
 1.65365496683772e+06 -2.46188097995146e-21
 1.65778910425482e+06 -2.46741945199268e-21
 1.66192324167191e+06 -2.47211446787690e-21
 1.66605737908901e+06 -2.47035670907522e-21
 1.67019151650610e+06 -2.46789814447680e-21
 1.67432565392320e+06 -2.46242190245851e-21
 1.67845979134029e+06 -2.46092455236819e-21
 1.68259392875739e+06 -2.46040756448535e-21
 1.68672806617448e+06 -2.46681917161760e-21
 1.69086220359157e+06 -2.46947878705935e-21
 1.69499634100867e+06 -2.46828014107912e-21
 1.69913047842576e+06 -2.47142993762461e-21
 1.70326461584286e+06 -2.46990290860028e-21
 1.70739875325995e+06 -2.47502779033523e-21
 1.71153289067705e+06 -2.47814120625192e-21
 1.71566702809414e+06 -2.47493013706847e-21
 1.71980116551123e+06 -2.47782526921240e-21
 1.72393530292833e+06 -2.47351990901026e-21
 1.72806944034542e+06 -2.47090529066202e-21
 1.73220357776252e+06 -2.47022076040973e-21
 1.73633771517961e+06 -2.46881148973649e-21
 1.74047185259671e+06 -2.47016906162145e-21
 1.74460599001380e+06 -2.47028681997254e-21
 1.74874012743089e+06 -2.47264868868917e-21
 1.75287426484799e+06 -2.47250412355897e-21
 1.75700840226508e+06 -2.47156492890513e-21
 1.76114253968218e+06 -2.47405125766763e-21
 1.76527667709927e+06 -2.47209723494747e-21
 1.76941081451637e+06 -2.47084306063908e-21
 1.77354495193346e+06 -2.47117240106815e-21
 1.77767908935055e+06 -2.47326524460871e-21
 1.78181322676765e+06 -2.46951038076330e-21
 1.78594736418474e+06 -2.46779378951526e-21
 1.79008150160184e+06 -2.46848023453748e-21
 1.79421563901893e+06 -2.47134568774740e-21
 1.79834977643603e+06 -2.47556201114750e-21
 1.80248391385312e+06 -2.47673289296365e-21
 1.80661805127021e+06 -2.47413455015987e-21
 1.81075218868731e+06 -2.47672523388390e-21
 1.81488632610440e+06 -2.47536861938392e-21
 1.81902046352150e+06 -2.47754188326181e-21
 1.82315460093859e+06 -2.47822449874416e-21
 1.82728873835569e+06 -2.48037287061287e-21
 1.83142287577278e+06 -2.47710340094636e-21
 1.83555701318987e+06 -2.47613165520360e-21
 1.83969115060697e+06 -2.47697511136061e-21
 1.84382528802406e+06 -2.47936761639623e-21
 1.84795942544116e+06 -2.48263421390784e-21
 1.85209356285825e+06 -2.48430580806237e-21
 1.85622770027535e+06 -2.48496161676561e-21
 1.86036183769244e+06 -2.48493863952637e-21
 1.86449597510954e+06 -2.48273856886937e-21
 1.86863011252663e+06 -2.48426942743358e-21
 1.87276424994372e+06 -2.48316556256521e-21
 1.87689838736082e+06 -2.48749868693143e-21
 1.88103252477791e+06 -2.49183851299243e-21
 1.88516666219501e+06 -2.49179926020873e-21
 1.88930079961210e+06 -2.49407592166319e-21
 1.89343493702920e+06 -2.49572836811835e-21
 1.89756907444629e+06 -2.49567571194510e-21
 1.90170321186338e+06 -2.49466184126374e-21
 1.90583734928048e+06 -2.49315874686362e-21
 1.90997148669757e+06 -2.49630854340910e-21
 1.91410562411467e+06 -2.50293747692915e-21
 1.91823976153176e+06 -2.50319022656076e-21
 1.92237389894886e+06 -2.50865210780453e-21
 1.92650803636595e+06 -2.50862625841038e-21
 1.93064217378304e+06 -2.51127247046258e-21
 1.93477631120014e+06 -2.50891634605576e-21
 1.93891044861723e+06 -2.50940269761962e-21
 1.94304458603433e+06 -2.51284353919545e-21
 1.94717872345142e+06 -2.51112024625263e-21
 1.95131286086852e+06 -2.51081388306280e-21
 1.95544699828561e+06 -2.51320255855854e-21
 1.95958113570270e+06 -2.51449885780552e-21
 1.96371527311980e+06 -2.51993488965515e-21
 1.96784941053689e+06 -2.52621533504676e-21
 1.97198354795399e+06 -2.52746376504533e-21
 1.97611768537108e+06 -2.52806691757532e-21
 1.98025182278818e+06 -2.53165998336109e-21
 1.98438596020527e+06 -2.53283182256221e-21
 1.98852009762236e+06 -2.53607927237446e-21
 1.99265423503946e+06 -2.53483467191575e-21
 1.99678837245655e+06 -2.53583322443762e-21
 2.00092250987365e+06 -2.54077428825867e-21
 2.00505664729074e+06 -2.54335731290296e-21
 2.00919078470784e+06 -2.54608490267746e-21
 2.01332492212493e+06 -2.54534484409701e-21
 2.01745905954202e+06 -2.54227642527383e-21
 2.02159319695912e+06 -2.54304520540332e-21
 2.02572733437621e+06 -2.54521655451127e-21
 2.02986147179331e+06 -2.54815093943890e-21
 2.03399560921040e+06 -2.54997188564848e-21
 2.03812974662750e+06 -2.55344719308317e-21
 2.04226388404459e+06 -2.55784924916710e-21
 2.04639802146168e+06 -2.55954765010074e-21
 2.05053215887878e+06 -2.55662379640776e-21
 2.05466629629587e+06 -2.55522601435414e-21
 2.05880043371297e+06 -2.56250405488265e-21
 2.06293457113006e+06 -2.56700759377321e-21
 2.06706870854716e+06 -2.57063608280282e-21
 2.07120284596425e+06 -2.56815741312006e-21
 2.07533698338135e+06 -2.56822251529790e-21
 2.07947112079844e+06 -2.56407320884558e-21
 2.08360525821553e+06 -2.56970263245879e-21
 2.08773939563263e+06 -2.57050587844714e-21
 2.09187353304972e+06 -2.57721906184438e-21
 2.09600767046682e+06 -2.58254978134750e-21
 2.10014180788391e+06 -2.58645782678783e-21
 2.10427594530101e+06 -2.58873736039719e-21
 2.10841008271810e+06 -2.58404617405285e-21
 2.11254422013519e+06 -2.58821558558950e-21
 2.11667835755229e+06 -2.58519407862976e-21
 2.12081249496938e+06 -2.58640708538451e-21
 2.12494663238648e+06 -2.58998196085589e-21
 2.12908076980357e+06 -2.59221266783187e-21
 2.13321490722067e+06 -2.59291634578353e-21
 2.13734904463776e+06 -2.59348407506969e-21
 2.14148318205485e+06 -2.59407095205521e-21
 2.14561731947195e+06 -2.59264540583752e-21
 2.14975145688904e+06 -2.58712608149565e-21
 2.15388559430614e+06 -2.58633623889686e-21
 2.15801973172323e+06 -2.58694705050660e-21
 2.16215386914033e+06 -2.58676610474760e-21
 2.16628800655742e+06 -2.59299293658098e-21
 2.17042214397451e+06 -2.59234861649736e-21
 2.17455628139161e+06 -2.59508290796664e-21
 2.17869041880870e+06 -2.59776933018750e-21
 2.18282455622580e+06 -2.59840024688156e-21
 2.18695869364289e+06 -2.60001631270794e-21
 2.19109283105999e+06 -2.59729255247332e-21
 2.19522696847708e+06 -2.59997514515431e-21
 2.19936110589417e+06 -2.60171375625662e-21
 2.20349524331127e+06 -2.59765923091615e-21
 2.20762938072836e+06 -2.60117474851950e-21
 2.21176351814546e+06 -2.60142271122627e-21
 2.21589765556255e+06 -2.60121974561301e-21
 2.22003179297965e+06 -2.60548106610661e-21
 2.22416593039674e+06 -2.60993769313373e-21
 2.22830006781383e+06 -2.60803249704695e-21
 2.23243420523093e+06 -2.61143025629921e-21
 2.23656834264802e+06 -2.61454750175577e-21
 2.24070248006512e+06 -2.61396541169509e-21
 2.24483661748221e+06 -2.61889115735665e-21
 2.24897075489931e+06 -2.62087198685592e-21
 2.25310489231640e+06 -2.62125877038309e-21
 2.25723902973349e+06 -2.62099261736192e-21
 2.26137316715059e+06 -2.62497246667486e-21
 2.26550730456768e+06 -2.62374701391552e-21
 2.26964144198478e+06 -2.62361968171475e-21
 2.27377557940187e+06 -2.62161587497624e-21
 2.27790971681897e+06 -2.62227838537425e-21
 2.28204385423606e+06 -2.61715733317918e-21
 2.28617799165316e+06 -2.61379499717074e-21
 2.29031212907025e+06 -2.61908071958036e-21
 2.29444626648734e+06 -2.61861351571586e-21
 2.29858040390444e+06 -2.62141961105775e-21
 2.30271454132153e+06 -2.62486906909829e-21
 2.30684867873863e+06 -2.62758229809826e-21
 2.31098281615572e+06 -2.63112845202060e-21
 2.31511695357282e+06 -2.62895518814271e-21
 2.31925109098991e+06 -2.63181585442779e-21
 2.32338522840700e+06 -2.63103462829371e-21
 2.32751936582410e+06 -2.63110738955130e-21
 2.33165350324119e+06 -2.62893412567341e-21
 2.33578764065829e+06 -2.62749230391125e-21
 2.33992177807538e+06 -2.62739465064449e-21
 2.34405591549248e+06 -2.62769239736961e-21
 2.34819005290957e+06 -2.63250995852976e-21
 2.35232419032666e+06 -2.63255399823830e-21
 2.35645832774376e+06 -2.63559082335753e-21
 2.36059246516085e+06 -2.63511308825838e-21
 2.36472660257795e+06 -2.63549987178555e-21
 2.36886073999504e+06 -2.63982916661190e-21
 2.37299487741214e+06 -2.63808289642984e-21
 2.37712901482923e+06 -2.63578708727602e-21
 2.38126315224632e+06 -2.63317629846765e-21
 2.38539728966342e+06 -2.62640471458734e-21
 2.38953142708051e+06 -2.62951142880925e-21
 2.39366556449761e+06 -2.63312747183427e-21
 2.39779970191470e+06 -2.63774206738115e-21
 2.40193383933180e+06 -2.64150267553637e-21
 2.40606797674889e+06 -2.64068219661859e-21
 2.41020211416598e+06 -2.64480756844671e-21
 2.41433625158308e+06 -2.64775631414886e-21
 2.41847038900017e+06 -2.64713880084435e-21
 2.42260452641727e+06 -2.64689849721733e-21
 2.42673866383436e+06 -2.65618608879415e-21
 2.43087280125146e+06 -2.65844743208912e-21
 2.43500693866855e+06 -2.65951874586857e-21
 2.43914107608564e+06 -2.65723729748927e-21
 2.44327521350274e+06 -2.65676434931496e-21
 2.44740935091983e+06 -2.65882176961169e-21
 2.45154348833693e+06 -2.65788927665264e-21
 2.45567762575402e+06 -2.66392941841722e-21
 2.45981176317112e+06 -2.66312138550403e-21
 2.46394590058821e+06 -2.66062261073694e-21
 2.46808003800530e+06 -2.66232962813530e-21
 2.47221417542240e+06 -2.65945077153582e-21
 2.47634831283949e+06 -2.66173987899487e-21
 2.48048245025659e+06 -2.66355795304954e-21
 2.48461658767368e+06 -2.66317308429231e-21
 2.48875072509078e+06 -2.66802415392635e-21
 2.49288486250787e+06 -2.66855263042881e-21
 2.49701899992497e+06 -2.66613044645918e-21
 2.50115313734206e+06 -2.66536645325453e-21
 2.50528727475915e+06 -2.66849805948562e-21
 2.50942141217625e+06 -2.66789682172557e-21
 2.51355554959334e+06 -2.66900355874885e-21
 2.51768968701044e+06 -2.67703697601729e-21
 2.52182382442753e+06 -2.67780479876181e-21
 2.52595796184463e+06 -2.68705983924972e-21
 2.53009209926172e+06 -2.68818476658739e-21
 2.53422623667881e+06 -2.68838677481569e-21
 2.53836037409591e+06 -2.69182378685164e-21
 2.54249451151300e+06 -2.69353176163497e-21
 2.54662864893010e+06 -2.69136902899173e-21
 2.55076278634719e+06 -2.68718142714068e-21
 2.55489692376429e+06 -2.68448064414530e-21
 2.55903106118138e+06 -2.68332029356380e-21
 2.56316519859847e+06 -2.68066355027696e-21
 2.56729933601557e+06 -2.68868356415584e-21
 2.57143347343266e+06 -2.68758640098225e-21
 2.57556761084976e+06 -2.68317860058850e-21
 2.57970174826685e+06 -2.68733077919573e-21
 2.58383588568395e+06 -2.69134700913746e-21
 2.58797002310104e+06 -2.68771756272289e-21
 2.59210416051813e+06 -2.69110957766534e-21
 2.59623829793523e+06 -2.69343219359827e-21
 2.60037243535232e+06 -2.69489699259967e-21
 2.60450657276942e+06 -2.69232066965016e-21
 2.60864071018651e+06 -2.69088076265793e-21
 2.61277484760361e+06 -2.68929341838060e-21
 2.61690898502070e+06 -2.69043557864771e-21
 2.62104312243779e+06 -2.69793956202871e-21
 2.62517725985489e+06 -2.70151252273016e-21
 2.62931139727198e+06 -2.70251681956183e-21
 2.63344553468908e+06 -2.69888928791720e-21
 2.63757967210617e+06 -2.70371642292703e-21
 2.64171380952327e+06 -2.70531525582398e-21
 2.64584794694036e+06 -2.70609265241818e-21
 2.64998208435745e+06 -2.70105585010031e-21
 2.65411622177455e+06 -2.70110563411866e-21
 2.65825035919164e+06 -2.69868057799413e-21
 2.66238449660874e+06 -2.70076193291506e-21
 2.66651863402583e+06 -2.70305295514404e-21
 2.67065277144293e+06 -2.70026505011655e-21
 2.67478690886002e+06 -2.70199504475415e-21
 2.67892104627712e+06 -2.71101839807974e-21
 2.68305518369421e+06 -2.71450519413404e-21
 2.68718932111130e+06 -2.71566267256064e-21
 2.69132345852840e+06 -2.71822750689053e-21
 2.69545759594549e+06 -2.71214715495729e-21
 2.69959173336259e+06 -2.71220459805538e-21
 2.70372587077968e+06 -2.71725959068765e-21
 2.70786000819678e+06 -2.71568564979987e-21
 2.71199414561387e+06 -2.72228107484603e-21
 2.71612828303096e+06 -2.72349025206091e-21
 2.72026242044806e+06 -2.72765200451781e-21
 2.72439655786515e+06 -2.72567213240351e-21
 2.72853069528225e+06 -2.72680184666602e-21
 2.73266483269934e+06 -2.72305368451539e-21
 2.73679897011644e+06 -2.72156303611985e-21
 2.74093310753353e+06 -2.72543087139151e-21
 2.74506724495062e+06 -2.73109093132371e-21
 2.74920138236772e+06 -2.73624932153254e-21
 2.75333551978481e+06 -2.73352939083779e-21
 2.75746965720191e+06 -2.73383000971782e-21
 2.76160379461900e+06 -2.73208661169067e-21
 2.76573793203610e+06 -2.72932072651744e-21
 2.76987206945319e+06 -2.72997557783571e-21
 2.77400620687028e+06 -2.72585212077754e-21
 2.77814034428738e+06 -2.72980133377150e-21
 2.78227448170447e+06 -2.73062277007424e-21
 2.78640861912157e+06 -2.72765008974788e-21
 2.79054275653866e+06 -2.73204161459716e-21
 2.79467689395576e+06 -2.73236712548636e-21
 2.79881103137285e+06 -2.73654898302760e-21
 2.80294516878994e+06 -2.73452698597469e-21
 2.80707930620704e+06 -2.73223979328559e-21
 2.81121344362413e+06 -2.73237765672101e-21
 2.81534758104123e+06 -2.72973431682372e-21
 2.81948171845832e+06 -2.72838536140348e-21
 2.82361585587542e+06 -2.72538012998820e-21
 2.82774999329251e+06 -2.72646388977224e-21
 2.83188413070960e+06 -2.72546533725037e-21
 2.83601826812670e+06 -2.72630496386751e-21
 2.84015240554379e+06 -2.72561564669038e-21
 2.84428654296089e+06 -2.72888320158696e-21
 2.84842068037798e+06 -2.73129964124678e-21
 2.85255481779508e+06 -2.73386734773158e-21
 2.85668895521217e+06 -2.73289847414373e-21
 2.86082309262927e+06 -2.73134080880041e-21
 2.86495723004636e+06 -2.73209905769526e-21
 2.86909136746345e+06 -2.73493291720122e-21
 2.87322550488055e+06 -2.73285347705022e-21
 2.87735964229764e+06 -2.73511003342035e-21
 2.88149377971474e+06 -2.73378501262431e-21
 2.88562791713183e+06 -2.73675482079577e-21
 2.88976205454893e+06 -2.73253179570090e-21
 2.89389619196602e+06 -2.73505737724709e-21
 2.89803032938311e+06 -2.73526321501526e-21
 2.90216446680021e+06 -2.74078541151203e-21
 2.90629860421730e+06 -2.74625495183554e-21
 2.91043274163440e+06 -2.74835449707088e-21
 2.91456687905149e+06 -2.75113474301863e-21
 2.91870101646859e+06 -2.75399923884358e-21
 2.92283515388568e+06 -2.75498630274583e-21
 2.92696929130277e+06 -2.75783165087141e-21
 2.93110342871987e+06 -2.75597815357291e-21
 2.93523756613696e+06 -2.75621558504504e-21
 2.93937170355406e+06 -2.76067891376694e-21
 2.94350584097115e+06 -2.76247209581244e-21
 2.94763997838825e+06 -2.76438878051884e-21
 2.95177411580534e+06 -2.77248634258015e-21
 2.95590825322243e+06 -2.77504734737017e-21
 2.96004239063953e+06 -2.77602196526783e-21
 2.96417652805662e+06 -2.77335660551627e-21
 2.96831066547372e+06 -2.77835606982038e-21
 2.97244480289081e+06 -2.78166766442550e-21
 2.97657894030791e+06 -2.78456566872434e-21
 2.98071307772500e+06 -2.78712954566927e-21
 2.98484721514209e+06 -2.79037508071158e-21
 2.98898135255919e+06 -2.79546453920270e-21
 2.99311548997628e+06 -2.79308830971155e-21
 2.99724962739338e+06 -2.79464597505486e-21
 3.00138376481047e+06 -2.79411749855240e-21
 3.00551790222757e+06 -2.80395654387093e-21
 3.00965203964466e+06 -2.80635287844641e-21
 3.01378617706175e+06 -2.80220069983919e-21
 3.01792031447885e+06 -2.79974117785580e-21
 3.02205445189594e+06 -2.79576803023763e-21
 3.02618858931304e+06 -2.79399303850653e-21
 3.03032272673013e+06 -2.79739175514375e-21
 3.03445686414723e+06 -2.79694848590346e-21
 3.03859100156432e+06 -2.80010402675876e-21
 3.04272513898141e+06 -2.79999679964232e-21
 3.04685927639851e+06 -2.80498669009674e-21
 3.05099341381560e+06 -2.80932938831265e-21
 3.05512755123270e+06 -2.81238057420641e-21
 3.05926168864979e+06 -2.81668019009874e-21
 3.06339582606689e+06 -2.82095970090674e-21
 3.06752996348398e+06 -2.82377824225322e-21
 3.07166410090108e+06 -2.82524495602455e-21
 3.07579823831817e+06 -2.82627701702030e-21
 3.07993237573526e+06 -2.82492423206019e-21
 3.08406651315236e+06 -2.82602713954359e-21
 3.08820065056945e+06 -2.82908981405697e-21
 3.09233478798655e+06 -2.83274319509575e-21
 3.09646892540364e+06 -2.83405002557738e-21
 3.10060306282074e+06 -2.83618307928661e-21
 3.10473720023783e+06 -2.84025388017153e-21
 3.10887133765492e+06 -2.84346494935498e-21
 3.11300547507202e+06 -2.83627403085859e-21
 3.11713961248911e+06 -2.83594564781448e-21
 3.12127374990621e+06 -2.82737513757887e-21
 3.12540788732330e+06 -2.82245130668725e-21
 3.12954202474040e+06 -2.82225217061385e-21
 3.13367616215749e+06 -2.82374281900939e-21
 3.13781029957458e+06 -2.82604054293315e-21
 3.14194443699168e+06 -2.82502092794198e-21
 3.14607857440877e+06 -2.82503433133154e-21
 3.15021271182587e+06 -2.82373133038977e-21
 3.15434684924296e+06 -2.82762118551570e-21
 3.15848098666006e+06 -2.83035451960001e-21
 3.16261512407715e+06 -2.83391503429686e-21
 3.16674926149424e+06 -2.83414863622911e-21
 3.17088339891134e+06 -2.83963157994218e-21
 3.17501753632843e+06 -2.84531270234367e-21
 3.17915167374553e+06 -2.84918245238527e-21
 3.18328581116262e+06 -2.84965157101970e-21
 3.18741994857972e+06 -2.85233990801050e-21
 3.19155408599681e+06 -2.85055247027481e-21
 3.19568822341390e+06 -2.85198663295722e-21
 3.19982236083100e+06 -2.84966305963932e-21
 3.20395649824809e+06 -2.85075543588808e-21
 3.20809063566519e+06 -2.85129635839513e-21
 3.21222477308228e+06 -2.85166782376280e-21
 3.21635891049938e+06 -2.84912117974730e-21
 3.22049304791647e+06 -2.85054959811991e-21
 3.22462718533356e+06 -2.85314123922891e-21
 3.22876132275066e+06 -2.85272094722786e-21
 3.23289546016775e+06 -2.85524174184921e-21
 3.23702959758485e+06 -2.86024120615333e-21
 3.24116373500194e+06 -2.86649771692073e-21
 3.24529787241904e+06 -2.86548959054918e-21
 3.24943200983613e+06 -2.86932774688682e-21
 3.25356614725323e+06 -2.87058958027495e-21
 3.25770028467032e+06 -2.87199693617825e-21
 3.26183442208741e+06 -2.87227936474388e-21
 3.26596855950451e+06 -2.87240095263485e-21
 3.27010269692160e+06 -2.87582073174138e-21
 3.27423683433870e+06 -2.87772401305822e-21
 3.27837097175579e+06 -2.87804760917748e-21
 3.28250510917289e+06 -2.88112272969545e-21
 3.28663924658998e+06 -2.88034341833131e-21
 3.29077338400707e+06 -2.88021608613053e-21
 3.29490752142417e+06 -2.87852438689166e-21
 3.29904165884126e+06 -2.87923189438319e-21
 3.30317579625836e+06 -2.87964261253456e-21
 3.30730993367545e+06 -2.87941475491212e-21
 3.31144407109255e+06 -2.88156216939587e-21
 3.31557820850964e+06 -2.88060574181260e-21
 3.31971234592673e+06 -2.88374213496853e-21
 3.32384648334383e+06 -2.88861905399671e-21
 3.32798062076092e+06 -2.88593741870069e-21
 3.33211475817802e+06 -2.88575647294169e-21
 3.33624889559511e+06 -2.88367320325082e-21
 3.34038303301221e+06 -2.88467462792759e-21
 3.34451717042930e+06 -2.88684884919045e-21
 3.34865130784639e+06 -2.88496758772787e-21
 3.35278544526349e+06 -2.88723754748755e-21
 3.35691958268058e+06 -2.88612219399956e-21
 3.36105372009768e+06 -2.88257125315238e-21
 3.36518785751477e+06 -2.88636824193640e-21
 3.36932199493187e+06 -2.88642855718939e-21
 3.37345613234896e+06 -2.88577179110119e-21
 3.37759026976605e+06 -2.88496854511284e-21
 3.38172440718315e+06 -2.88710925790181e-21
 3.38585854460024e+06 -2.88518395673069e-21
 3.38999268201734e+06 -2.88430316255992e-21
 3.39412681943443e+06 -2.88791058912022e-21
 3.39826095685153e+06 -2.88710925790181e-21
 3.40239509426862e+06 -2.88596231070986e-21
 3.40652923168571e+06 -2.88522416689936e-21
 3.41066336910281e+06 -2.88749795619891e-21
 3.41479750651990e+06 -2.88927677746989e-21
 3.41893164393700e+06 -2.88568179691417e-21
 3.42306578135409e+06 -2.89013267963149e-21
 3.42719991877119e+06 -2.88948165785309e-21
 3.43133405618828e+06 -2.88501832913119e-21
 3.43546819360538e+06 -2.88306622118096e-21
 3.43960233102247e+06 -2.88407243278257e-21
 3.44373646843956e+06 -2.88452719064248e-21
 3.44787060585666e+06 -2.88969898424088e-21
 3.45200474327375e+06 -2.88924135422606e-21
 3.45613888069085e+06 -2.89018725057467e-21
 3.46027301810794e+06 -2.89196894400056e-21
 3.46440715552504e+06 -2.89832502280465e-21
 3.46854129294213e+06 -2.89833172449943e-21
 3.47267543035922e+06 -2.89997842664479e-21
 3.47680956777632e+06 -2.90109760967265e-21
 3.48094370519341e+06 -2.89899902182229e-21
 3.48507784261051e+06 -2.89912635402306e-21
 3.48921198002760e+06 -2.90116558400540e-21
 3.49334611744470e+06 -2.90060359902905e-21
 3.49748025486179e+06 -2.90743454077739e-21
 3.50161439227888e+06 -2.90445037183141e-21
 3.50574852969598e+06 -2.91375328156772e-21
 3.50988266711307e+06 -2.91651246504617e-21
 3.51401680453017e+06 -2.91637172945584e-21
 3.51815094194726e+06 -2.91829894539689e-21
 3.52228507936436e+06 -2.92274887072924e-21
 3.52641921678145e+06 -2.92279386782274e-21
 3.53055335419854e+06 -2.92370625569747e-21
 3.53468749161564e+06 -2.92505138157784e-21
 3.53882162903273e+06 -2.92748888370696e-21
 3.54295576644983e+06 -2.93056208945498e-21
 3.54708990386692e+06 -2.93179903083394e-21
 3.55122404128402e+06 -2.93242516060316e-21
 3.55535817870111e+06 -2.93692678472379e-21
 3.55949231611820e+06 -2.93589663849798e-21
 3.56362645353530e+06 -2.93658882783001e-21
 3.56776059095239e+06 -2.93726378423261e-21
 3.57189472836949e+06 -2.93885974497466e-21
 3.57602886578658e+06 -2.94056197544817e-21
 3.58016300320368e+06 -2.93477649808514e-21
 3.58429714062077e+06 -2.94449778505258e-21
 3.58843127803786e+06 -2.94726079807090e-21
 3.59256541545496e+06 -2.94655712011925e-21
 3.59669955287205e+06 -2.94853507746361e-21
 3.60083369028915e+06 -2.95187635100275e-21
 3.60496782770624e+06 -2.95511422696531e-21
 3.60910196512334e+06 -2.95749524338130e-21
 3.61323610254043e+06 -2.95962925447550e-21
 3.61737023995752e+06 -2.96330657013848e-21
 3.62150437737462e+06 -2.96453585243769e-21
 3.62563851479171e+06 -2.96277139194123e-21
 3.62977265220881e+06 -2.96636062818714e-21
 3.63390678962590e+06 -2.96656455118537e-21
 3.63804092704300e+06 -2.96507773232971e-21
 3.64217506446009e+06 -2.97176315156288e-21
 3.64630920187719e+06 -2.97340602416836e-21
 3.65044333929428e+06 -2.97195079901665e-21
 3.65457747671137e+06 -2.97596990111329e-21
 3.65871161412847e+06 -2.97434330405226e-21
 3.66284575154556e+06 -2.98189419929671e-21
 3.66697988896266e+06 -2.98057970973533e-21
 3.67111402637975e+06 -2.97761851802859e-21
 3.67524816379685e+06 -2.97624084105930e-21
 3.67938230121394e+06 -2.98016611942905e-21
 3.68351643863103e+06 -2.98314454406523e-21
 3.68765057604813e+06 -2.98004931846293e-21
 3.69178471346522e+06 -2.98021877560231e-21
 3.69591885088232e+06 -2.98128721722685e-21
 3.70005298829941e+06 -2.98153326516369e-21
 3.70418712571651e+06 -2.98033366179850e-21
 3.70832126313360e+06 -2.97990283856279e-21
 3.71245540055069e+06 -2.97896172913902e-21
 3.71658953796779e+06 -2.97972572234367e-21
 3.72072367538488e+06 -2.97695792240051e-21
 3.72485781280198e+06 -2.97206472782787e-21
 3.72899195021907e+06 -2.97344336218212e-21
 3.73312608763617e+06 -2.97332751860097e-21
 3.73726022505326e+06 -2.97729109236945e-21
 3.74139436247035e+06 -2.97446967886807e-21
 3.74552849988745e+06 -2.97540600136700e-21
 3.74966263730454e+06 -2.97240172733669e-21
 3.75379677472164e+06 -2.97284499657698e-21
 3.75793091213873e+06 -2.97594405171915e-21
 3.76206504955583e+06 -2.97846676111044e-21
 3.76619918697292e+06 -2.97816805700035e-21
 3.77033332439001e+06 -2.98132742739552e-21
 3.77446746180711e+06 -2.97491390549333e-21
 3.77860159922420e+06 -2.97877216691531e-21
 3.78273573664130e+06 -2.97689186283770e-21
 3.78686987405839e+06 -2.98318092469402e-21
 3.79100401147549e+06 -2.98564236144735e-21
 3.79513814889258e+06 -2.98467731739937e-21
 3.79927228630967e+06 -2.98750160305565e-21
 3.80340642372677e+06 -2.99074330855809e-21
 3.80754056114386e+06 -2.99090797877262e-21
 3.81167469856096e+06 -2.99003867322147e-21
 3.81580883597805e+06 -2.99317410899243e-21
 3.81994297339515e+06 -2.99461497336962e-21
 3.82407711081224e+06 -2.99952444348672e-21
 3.82821124822934e+06 -2.99674706969388e-21
 3.83234538564643e+06 -2.99910415148566e-21
 3.83647952306352e+06 -3.00132145507209e-21
 3.84061366048062e+06 -3.00481782497608e-21
 3.84474779789771e+06 -2.99996388318714e-21
 3.84888193531481e+06 -3.00266562356749e-21
 3.85301607273190e+06 -3.00411701917933e-21
 3.85715021014900e+06 -3.00571393730634e-21
 3.86128434756609e+06 -3.00516727048948e-21
 3.86541848498318e+06 -3.00312516835224e-21
 3.86955262240028e+06 -3.00380012475485e-21
 3.87368675981737e+06 -3.00168047443518e-21
 3.87782089723447e+06 -3.00013429771148e-21
 3.88195503465156e+06 -2.99898830790451e-21
 3.88608917206866e+06 -2.99814293697756e-21
 3.89022330948575e+06 -3.00103041004175e-21
 3.89435744690284e+06 -3.00070106961268e-21
 3.89849158431994e+06 -2.99986048561057e-21
 3.90262572173703e+06 -2.99992463040344e-21
 3.90675985915413e+06 -2.99886097570373e-21
 3.91089399657122e+06 -2.99443307022566e-21
 3.91502813398832e+06 -2.99348142956723e-21
 3.91916227140541e+06 -2.99495101549347e-21
 3.92329640882250e+06 -2.99928605462963e-21
 3.92743054623960e+06 -2.99907734470655e-21
 3.93156468365669e+06 -3.00012089432193e-21
 3.93569882107379e+06 -2.99877002413175e-21
 3.93983295849088e+06 -2.99878438490627e-21
 3.94396709590798e+06 -2.99315208913816e-21
 3.94810123332507e+06 -2.99439286005699e-21
 3.95223537074216e+06 -2.99860152437734e-21
 3.95636950815926e+06 -3.00262349862889e-21
 3.96050364557635e+06 -3.00719692662214e-21
 3.96463778299345e+06 -3.01048458660305e-21
 3.96877192041054e+06 -3.01056404955541e-21
 3.97290605782764e+06 -3.01263678801163e-21
 3.97704019524473e+06 -3.01417339088565e-21
 3.98117433266182e+06 -3.00981728928019e-21
 3.98530847007892e+06 -3.01049703260763e-21
 3.98944260749601e+06 -3.01318824175334e-21
 3.99357674491311e+06 -3.01107720789838e-21
 3.99771088233020e+06 -3.00867991593793e-21
 4.00184501974730e+06 -3.01311548049575e-21
 4.00597915716439e+06 -3.01286847517395e-21
 4.01011329458148e+06 -3.01366310469758e-21
 4.01424743199858e+06 -3.01605752450313e-21
 4.01838156941567e+06 -3.01293932166160e-21
 4.02251570683277e+06 -3.01224808971453e-21
 4.02664984424986e+06 -3.01154824130275e-21
 4.03078398166696e+06 -3.00765264186701e-21
 4.03491811908405e+06 -3.00904755176573e-21
 4.03905225650115e+06 -3.01301016814924e-21
 4.04318639391824e+06 -3.01699863392690e-21
 4.04732053133533e+06 -3.01495461701972e-21
 4.05145466875243e+06 -3.01965250505884e-21
 4.05558880616952e+06 -3.02173673213468e-21
 4.05972294358662e+06 -3.01907615930797e-21
 4.06385708100371e+06 -3.01564297681188e-21
 4.06799121842081e+06 -3.01315377589448e-21
 4.07212535583790e+06 -3.00813229173610e-21
 4.07625949325499e+06 -3.01278614006668e-21
 4.08039363067209e+06 -3.01176843984545e-21
 4.08452776808918e+06 -3.01238978268983e-21
 4.08866190550628e+06 -3.01070669991568e-21
 4.09279604292337e+06 -3.01261668292730e-21
 4.09693018034047e+06 -3.01525619328472e-21
 4.10106431775756e+06 -3.01647877388915e-21
 4.10519845517465e+06 -3.01320164514289e-21
 4.10933259259175e+06 -3.00483027098066e-21
 4.11346673000884e+06 -3.00657654116272e-21
 4.11760086742594e+06 -3.00923519921950e-21
 4.12173500484303e+06 -3.00995802487052e-21
 4.12586914226013e+06 -3.00869236194252e-21
 4.13000327967722e+06 -3.00796283459672e-21
 4.13413741709431e+06 -3.01465112598480e-21
