#E -dF/dE ImSigma
 5.2551525e-02  5.4293510e+01  1.9089388e-05
 5.2551525e-02  5.4293510e+01  1.9089388e-05
 5.2807426e-02  4.2562795e+01  3.9544060e-05
 5.2807431e-02  4.2562575e+01  3.9541862e-05
 5.3551340e-02  2.0375449e+01  3.4037079e-05
 5.3551387e-02  2.0374473e+01  3.4026414e-05
 5.4720443e-02  6.1221128e+00  8.0797567e-05
 5.4720570e-02  6.1213014e+00  8.0772290e-05
 5.8001583e-02  1.9585056e-01  7.3608566e-05
 5.8001825e-02  1.9580058e-01  7.3541596e-05
 5.6232029e-02  1.2588213e+00  5.0142588e-05
 5.6232236e-02  1.2585467e+00  5.0105906e-05
 5.6232029e-02  1.2588213e+00  5.0142588e-05
 5.6232237e-02  1.2585467e+00  5.0105906e-05
 5.8001583e-02  1.9585056e-01  7.3608566e-05
 5.8001825e-02  1.9580058e-01  7.3541596e-05
 5.4720443e-02  6.1221128e+00  8.0797567e-05
 5.4720570e-02  6.1213014e+00  8.0772290e-05
 5.3551340e-02  2.0375449e+01  3.4037079e-05
 5.3551387e-02  2.0374473e+01  3.4026414e-05
 5.2807426e-02  4.2562795e+01  3.9544060e-05
 5.2807431e-02  4.2562575e+01  3.9541862e-05
 5.2807427e-02  4.2562725e+01  3.9540734e-05
 5.2807430e-02  4.2562633e+01  3.9538411e-05
 5.2892592e-02  3.9196575e+01  4.4721133e-05
 5.2892594e-02  3.9196491e+01  4.4715981e-05
 5.3471778e-02  2.2079055e+01  4.0239019e-05
 5.3474665e-02  2.2014911e+01  4.0178718e-05
 5.4495030e-02  7.7372154e+00  7.0308221e-05
 5.4503125e-02  7.6725339e+00  7.1217479e-05
 5.8791915e-02  8.5257122e-02  5.7797925e-05
 5.8823168e-02  8.2498499e-02  5.8847240e-05
 5.5886262e-02  1.8095400e+00  7.6842268e-05
 5.5901098e-02  1.7815983e+00  7.6280775e-05
 5.6971227e-02  5.7891639e-01  7.5284066e-05
 5.6994403e-02  5.6498024e-01  7.5653363e-05
 5.7561925e-02  3.1103627e-01  6.3293421e-05
 5.7584335e-02  3.0378946e-01  6.3942973e-05
 5.5382147e-02  3.0687994e+00  1.0111640e-04
 5.5397498e-02  3.0198964e+00  1.0204815e-04
 5.4105489e-02  1.1571829e+01  7.5178167e-05
 5.4113835e-02  1.1472846e+01  7.5699132e-05
 5.3224091e-02  2.8292912e+01  3.8634446e-05
 5.3227047e-02  2.8209879e+01  3.8821357e-05
 5.3551343e-02  2.0375382e+01  3.4025831e-05
 5.3551385e-02  2.0374518e+01  3.4016595e-05
 5.3471775e-02  2.2079113e+01  4.0240567e-05
 5.3474668e-02  2.2014843e+01  4.0170525e-05
 5.3882047e-02  1.4554169e+01  4.1259828e-05
 5.3882071e-02  1.4553811e+01  4.1241582e-05
 5.4739190e-02  6.0038588e+00  7.8323942e-05
 5.4747208e-02  5.9539769e+00  7.7990490e-05
 5.5981683e-02  1.6371616e+00  6.7486638e-05
 5.6001505e-02  1.6034605e+00  6.6167735e-05
 5.8070688e-02  1.8211501e-01  8.5505790e-05
 5.8122481e-02  1.7245583e-01  8.5885857e-05
 5.7531900e-02  3.2101695e-01  5.8506593e-05
 5.7565876e-02  3.0974621e-01  5.9774207e-05
 5.6439650e-02  1.0121811e+00  9.0264951e-05
 5.6475366e-02  9.7490460e-01  9.5912053e-05
 5.5091702e-02  4.1575002e+00  5.8439533e-05
 5.5112479e-02  4.0682620e+00  6.0734496e-05
 5.4105491e-02  1.1571808e+01  7.5155418e-05
 5.4113834e-02  1.1472855e+01  7.5680196e-05
 5.4720447e-02  6.1220826e+00  8.0713123e-05
 5.4720567e-02  6.1213193e+00  8.0692075e-05
 5.8001588e-02  1.9584941e-01  7.3527573e-05
 5.8001822e-02  1.9580119e-01  7.3475940e-05
 5.4495027e-02  7.7372404e+00  7.0266531e-05
 5.4503129e-02  7.6725045e+00  7.1154888e-05
 5.8791921e-02  8.5256539e-02  5.7742358e-05
 5.8823167e-02  8.2498572e-02  5.8809776e-05
 5.4739187e-02  6.0038818e+00  7.8301161e-05
 5.4747211e-02  5.9539566e+00  7.7933303e-05
 5.5433261e-02  2.9089464e+00  9.2878643e-05
 5.5433337e-02  2.9087173e+00  9.2802428e-05
 5.6511308e-02  9.3877541e-01  8.8641285e-05
 5.6525801e-02  9.2458826e-01  9.0500000e-05
 5.8682047e-02  9.5707510e-02  5.5292143e-05
 5.8703631e-02  9.3558058e-02  5.6624335e-05
 5.7913574e-02  2.1485256e-01  8.1411761e-05
 5.7947088e-02  2.0740848e-01  8.0730414e-05
 5.7825918e-02  2.3560998e-01  9.1720806e-05
 5.7884910e-02  2.2143094e-01  9.2407325e-05
 5.7913569e-02  2.1485379e-01  8.1407466e-05
 5.7947087e-02  2.0740866e-01  8.0634148e-05
 5.6439652e-02  1.0121786e+00  9.0241483e-05
 5.6475366e-02  9.7490499e-01  9.5891555e-05
 5.7531895e-02  3.2101866e-01  5.8485532e-05
 5.7565876e-02  3.0974614e-01  5.9694137e-05
 5.5382151e-02  3.0687873e+00  1.0105985e-04
 5.5397497e-02  3.0199002e+00  1.0200242e-04
 5.7561921e-02  3.1103752e-01  6.3254855e-05
 5.7584337e-02  3.0378868e-01  6.3859877e-05
 5.6232034e-02  1.2588138e+00  5.0096999e-05
 5.6232233e-02  1.2585509e+00  5.0066097e-05
 5.6232034e-02  1.2588138e+00  5.0096999e-05
 5.6232233e-02  1.2585509e+00  5.0066097e-05
 5.5886259e-02  1.8095468e+00  7.6792794e-05
 5.5901101e-02  1.7815916e+00  7.6197636e-05
 5.6971233e-02  5.7891304e-01  7.5227900e-05
 5.6994401e-02  5.6498096e-01  7.5615970e-05
 5.5981678e-02  1.6371691e+00  6.7458477e-05
 5.6001507e-02  1.6034566e+00  6.6097604e-05
 5.8070693e-02  1.8211410e-01  8.5469256e-05
 5.8122480e-02  1.7245589e-01  8.5864916e-05
 5.6511304e-02  9.3877955e-01  8.8653936e-05
 5.6525803e-02  9.2458639e-01  9.0428639e-05
 5.8682051e-02  9.5707065e-02  5.5265079e-05
 5.8703631e-02  9.3558037e-02  5.6675599e-05
 5.7437803e-02  3.5441749e-01  6.1140061e-05
 5.7437943e-02  3.5436514e-01  6.1047340e-05
 5.7437803e-02  3.5441749e-01  6.1140061e-05
 5.7437943e-02  3.5436514e-01  6.1047340e-05
 5.8682051e-02  9.5707065e-02  5.5265079e-05
 5.8703631e-02  9.3558037e-02  5.6675599e-05
 5.6511304e-02  9.3877955e-01  8.8653936e-05
 5.6525803e-02  9.2458639e-01  9.0428639e-05
 5.8070693e-02  1.8211410e-01  8.5469256e-05
 5.8122480e-02  1.7245589e-01  8.5864916e-05
 5.5981678e-02  1.6371691e+00  6.7458477e-05
 5.6001507e-02  1.6034566e+00  6.6097604e-05
 5.6971233e-02  5.7891304e-01  7.5227900e-05
 5.6994401e-02  5.6498096e-01  7.5615970e-05
 5.5886259e-02  1.8095468e+00  7.6792794e-05
 5.5901101e-02  1.7815916e+00  7.6197636e-05
 5.8001588e-02  1.9584941e-01  7.3527573e-05
 5.8001822e-02  1.9580119e-01  7.3475940e-05
 5.4720447e-02  6.1220826e+00  8.0713123e-05
 5.4720567e-02  6.1213193e+00  8.0692075e-05
 5.7561921e-02  3.1103752e-01  6.3254855e-05
 5.7584337e-02  3.0378868e-01  6.3859877e-05
 5.5382151e-02  3.0687873e+00  1.0105985e-04
 5.5397497e-02  3.0199002e+00  1.0200242e-04
 5.7531895e-02  3.2101866e-01  5.8485532e-05
 5.7565876e-02  3.0974614e-01  5.9694137e-05
 5.6439652e-02  1.0121786e+00  9.0241483e-05
 5.6475366e-02  9.7490499e-01  9.5891555e-05
 5.7913569e-02  2.1485379e-01  8.1407466e-05
 5.7947087e-02  2.0740866e-01  8.0634148e-05
 5.7825918e-02  2.3560998e-01  9.1720806e-05
 5.7884910e-02  2.2143094e-01  9.2407325e-05
 5.7913574e-02  2.1485256e-01  8.1411761e-05
 5.7947088e-02  2.0740848e-01  8.0730414e-05
 5.8682047e-02  9.5707510e-02  5.5292143e-05
 5.8703631e-02  9.3558058e-02  5.6624334e-05
 5.6511308e-02  9.3877541e-01  8.8641285e-05
 5.6525801e-02  9.2458826e-01  9.0500000e-05
 5.5433261e-02  2.9089464e+00  9.2878643e-05
 5.5433337e-02  2.9087173e+00  9.2802428e-05
 5.4739187e-02  6.0038818e+00  7.8301161e-05
 5.4747211e-02  5.9539566e+00  7.7933303e-05
 5.8791921e-02  8.5256539e-02  5.7742358e-05
 5.8823167e-02  8.2498572e-02  5.8809776e-05
 5.4495027e-02  7.7372404e+00  7.0266531e-05
 5.4503129e-02  7.6725045e+00  7.1154888e-05
 5.3551343e-02  2.0375382e+01  3.4025831e-05
 5.3551385e-02  2.0374518e+01  3.4016595e-05
 5.4105491e-02  1.1571808e+01  7.5155418e-05
 5.4113834e-02  1.1472855e+01  7.5680196e-05
 5.5091702e-02  4.1575002e+00  5.8439533e-05
 5.5112479e-02  4.0682620e+00  6.0734496e-05
 5.6439650e-02  1.0121811e+00  9.0264951e-05
 5.6475366e-02  9.7490460e-01  9.5912053e-05
 5.7531900e-02  3.2101695e-01  5.8506593e-05
 5.7565876e-02  3.0974621e-01  5.9774207e-05
 5.8070688e-02  1.8211501e-01  8.5505790e-05
 5.8122481e-02  1.7245583e-01  8.5885857e-05
 5.5981683e-02  1.6371616e+00  6.7486638e-05
 5.6001505e-02  1.6034605e+00  6.6167735e-05
 5.4739190e-02  6.0038588e+00  7.8323942e-05
 5.4747208e-02  5.9539769e+00  7.7990490e-05
 5.3882047e-02  1.4554170e+01  4.1259828e-05
 5.3882071e-02  1.4553811e+01  4.1241582e-05
 5.3471775e-02  2.2079113e+01  4.0240567e-05
 5.3474668e-02  2.2014843e+01  4.0170525e-05
 5.2807427e-02  4.2562725e+01  3.9540734e-05
 5.2807430e-02  4.2562633e+01  3.9538411e-05
 5.3224091e-02  2.8292912e+01  3.8634446e-05
 5.3227047e-02  2.8209879e+01  3.8821357e-05
 5.4105489e-02  1.1571829e+01  7.5178167e-05
 5.4113835e-02  1.1472846e+01  7.5699132e-05
 5.5382147e-02  3.0687994e+00  1.0111640e-04
 5.5397498e-02  3.0198964e+00  1.0204815e-04
 5.7561925e-02  3.1103627e-01  6.3293421e-05
 5.7584335e-02  3.0378946e-01  6.3942973e-05
 5.6971227e-02  5.7891639e-01  7.5284066e-05
 5.6994403e-02  5.6498024e-01  7.5653364e-05
 5.5886262e-02  1.8095400e+00  7.6842268e-05
 5.5901098e-02  1.7815983e+00  7.6280775e-05
 5.8791915e-02  8.5257122e-02  5.7797925e-05
 5.8823168e-02  8.2498499e-02  5.8847240e-05
 5.4495030e-02  7.7372154e+00  7.0308221e-05
 5.4503125e-02  7.6725339e+00  7.1217479e-05
 5.3471778e-02  2.2079055e+01  4.0239019e-05
 5.3474665e-02  2.2014911e+01  4.0178718e-05
 5.2892592e-02  3.9196575e+01  4.4721134e-05
 5.2892594e-02  3.9196491e+01  4.4715981e-05
 5.2807660e-02  4.2553197e+01  3.9546739e-05
 5.2807660e-02  4.2553181e+01  3.9551450e-05
 5.2892592e-02  3.9196557e+01  4.4714986e-05
 5.2892595e-02  3.9196450e+01  4.4722500e-05
 5.3471513e-02  2.2084943e+01  4.0243673e-05
 5.3474426e-02  2.2020226e+01  4.0181121e-05
 5.4494439e-02  7.7419603e+00  7.0248314e-05
 5.4502633e-02  7.6764523e+00  7.1156415e-05
 5.8793751e-02  8.5092489e-02  5.7857024e-05
 5.8824542e-02  8.2379334e-02  5.8887847e-05
 5.5885305e-02  1.8113578e+00  7.6876603e-05
 5.5900344e-02  1.7830076e+00  7.6304621e-05
 5.6972795e-02  5.7796330e-01  7.5294214e-05
 5.6995518e-02  5.6431824e-01  7.5695570e-05
 5.7560625e-02  3.1146172e-01  6.3276378e-05
 5.7583316e-02  3.0411533e-01  6.3914062e-05
 5.5383355e-02  3.0649251e+00  1.0119002e-04
 5.5398369e-02  3.0171453e+00  1.0210126e-04
 5.4106317e-02  1.1561968e+01  7.5222302e-05
 5.4114486e-02  1.1465161e+01  7.5731628e-05
 5.3224588e-02  2.8278955e+01  3.8658033e-05
 5.3227490e-02  2.8197435e+01  3.8844915e-05
 5.2892591e-02  3.9196581e+01  4.4717435e-05
 5.2892593e-02  3.9196523e+01  4.4717194e-05
 5.2807426e-02  4.2562781e+01  3.9546086e-05
 5.2807431e-02  4.2562577e+01  3.9546017e-05
 5.3224093e-02  2.8292865e+01  3.8650975e-05
 5.3227046e-02  2.8209898e+01  3.8822193e-05
 5.4105492e-02  1.1571796e+01  7.5221718e-05
 5.4113834e-02  1.1472856e+01  7.5694367e-05
 5.5382151e-02  3.0687891e+00  1.0119302e-04
 5.5397497e-02  3.0198980e+00  1.0201022e-04
 5.7561921e-02  3.1103740e-01  6.3214579e-05
 5.7584335e-02  3.0378947e-01  6.4005190e-05
 5.6971230e-02  5.7891463e-01  7.5367401e-05
 5.6994403e-02  5.6498002e-01  7.5592849e-05
 5.5886259e-02  1.8095468e+00  7.6777964e-05
 5.5901098e-02  1.7815975e+00  7.6318361e-05
 5.8791917e-02  8.5256943e-02  5.7872379e-05
 5.8823170e-02  8.2498362e-02  5.8786683e-05
 5.4495027e-02  7.7372428e+00  7.0267126e-05
 5.4503126e-02  7.6725278e+00  7.1227283e-05
 5.3471775e-02  2.2079116e+01  4.0220678e-05
 5.3474666e-02  2.2014892e+01  4.0180814e-05
 5.3471514e-02  2.2084917e+01  4.0237342e-05
 5.3474420e-02  2.2020347e+01  4.0171878e-05
 5.3224091e-02  2.8292917e+01  3.8650206e-05
 5.3227046e-02  2.8209902e+01  3.8814992e-05
 5.3471513e-02  2.2084948e+01  4.0250117e-05
 5.3474424e-02  2.2020275e+01  4.0180493e-05
 5.4189005e-02  1.0617868e+01  7.3650502e-05
 5.4197763e-02  1.0522404e+01  7.3578539e-05
 5.5319298e-02  3.2773695e+00  9.7898718e-05
 5.5338364e-02  3.2126515e+00  1.0028684e-04
 5.8509941e-02  1.1471109e-01  4.7429389e-05
 5.8555031e-02  1.0939507e-01  4.6854870e-05
 5.6786176e-02  7.0324393e-01  9.3023340e-05
 5.6817752e-02  6.8028431e-01  9.0092672e-05
 5.6786172e-02  7.0324682e-01  9.2907599e-05
 5.6817750e-02  6.8028580e-01  9.0149740e-05
 5.8509944e-02  1.1471069e-01  4.7514151e-05
 5.8555034e-02  1.0939470e-01  4.6806934e-05
 5.5319294e-02  3.2773821e+00  9.7810540e-05
 5.5338362e-02  3.2126559e+00  1.0030440e-04
 5.4189003e-02  1.0617891e+01  7.3599395e-05
 5.4197761e-02  1.0522420e+01  7.3567035e-05
 5.4494441e-02  7.7419407e+00  7.0200718e-05
 5.4502625e-02  7.6765107e+00  7.1101320e-05
 5.8793749e-02  8.5092669e-02  5.7820536e-05
 5.8824546e-02  8.2378984e-02  5.8822392e-05
 5.4105489e-02  1.1571822e+01  7.5179540e-05
 5.4113833e-02  1.1472869e+01  7.5634771e-05
 5.4189001e-02  1.0617907e+01  7.3632152e-05
 5.4197765e-02  1.0522384e+01  7.3537730e-05
 5.4738656e-02  6.0071997e+00  7.8350407e-05
 5.4746741e-02  5.9568706e+00  7.7978952e-05
 5.5705915e-02  2.1862400e+00  8.0391608e-05
 5.5722874e-02  2.1477199e+00  8.0410383e-05
 5.7025180e-02  5.4698947e-01  7.7611485e-05
 5.7058066e-02  5.2839771e-01  7.7606029e-05
 5.8028908e-02  1.9029969e-01  8.6073073e-05
 5.8085277e-02  1.7934078e-01  8.6115215e-05
 5.9127826e-02  5.9868172e-02  6.4083120e-05
 5.9175744e-02  5.6923784e-02  6.3751668e-05
 5.8623222e-02  1.0181972e-01  4.6269091e-05
 5.8675100e-02  9.6409806e-02  4.8304900e-05
 5.6521173e-02  9.2909511e-01  1.0492352e-04
 5.6557531e-02  8.9427019e-01  1.0853417e-04
 5.8625114e-02  1.0161713e-01  4.6321633e-05
 5.8676641e-02  9.6253546e-02  4.8380935e-05
 5.5318999e-02  3.2783920e+00  9.7771139e-05
 5.5338069e-02  3.2136425e+00  1.0023770e-04
 5.8511849e-02  1.1448101e-01  4.7437179e-05
 5.8556528e-02  1.0922282e-01  4.6825687e-05
 5.5885309e-02  1.8113506e+00  7.6811456e-05
 5.5900336e-02  1.7830229e+00  7.6235062e-05
 5.6972793e-02  5.7796396e-01  7.5248621e-05
 5.6995523e-02  5.6431521e-01  7.5620304e-05
 5.5382149e-02  3.0687958e+00  1.0111908e-04
 5.5397495e-02  3.0199041e+00  1.0190288e-04
 5.7561925e-02  3.1103616e-01  6.3165012e-05
 5.7584340e-02  3.0378779e-01  6.3958273e-05
 5.5319293e-02  3.2773863e+00  9.7852612e-05
 5.5338365e-02  3.2126468e+00  1.0019314e-04
 5.8509947e-02  1.1471033e-01  4.7402890e-05
 5.8555037e-02  1.0939438e-01  4.6839250e-05
 5.5705910e-02  2.1862515e+00  8.0382648e-05
 5.5722876e-02  2.1477138e+00  8.0356373e-05
 5.6510526e-02  9.3954709e-01  8.8598632e-05
 5.6525165e-02  9.2520603e-01  9.0367641e-05
 5.8682840e-02  9.5627633e-02  5.5263060e-05
 5.8704329e-02  9.3489346e-02  5.6741371e-05
 5.7672041e-02  2.7701378e-01  7.9140033e-05
 5.7698526e-02  2.6940187e-01  8.1235534e-05
 5.7673712e-02  2.7652744e-01  7.9190302e-05
 5.7699926e-02  2.6900551e-01  8.1343692e-05
 5.9125983e-02  5.9984396e-02  6.4152876e-05
 5.9174199e-02  5.7016404e-02  6.3810412e-05
 5.8028597e-02  1.9036191e-01  8.6082960e-05
 5.8084970e-02  1.7939881e-01  8.6103955e-05
 5.7026829e-02  5.4604163e-01  7.7568242e-05
 5.7059407e-02  5.2765341e-01  7.7601679e-05
 5.6785552e-02  7.0370506e-01  9.2961860e-05
 5.6817156e-02  6.8071068e-01  9.0140820e-05
 5.6787810e-02  7.0203689e-01  9.2788498e-05
 5.6819005e-02  6.7938914e-01  8.9953716e-05
 5.7560630e-02  3.1146022e-01  6.3218867e-05
 5.7583308e-02  3.0411785e-01  6.3851728e-05
 5.5383354e-02  3.0649258e+00  1.0112976e-04
 5.5398374e-02  3.0171291e+00  1.0201324e-04
 5.6971229e-02  5.7891560e-01  7.5312679e-05
 5.6994400e-02  5.6498166e-01  7.5503725e-05
 5.5886262e-02  1.8095406e+00  7.6726656e-05
 5.5901103e-02  1.7815873e+00  7.6268276e-05
 5.6786170e-02  7.0324785e-01  9.2969569e-05
 5.6817752e-02  6.8028431e-01  8.9983175e-05
 5.6786176e-02  7.0324334e-01  9.2871370e-05
 5.6817756e-02  6.8028134e-01  9.0127422e-05
 5.7025173e-02  5.4699345e-01  7.7594221e-05
 5.7058068e-02  5.2839676e-01  7.7522739e-05
 5.8028911e-02  1.9029910e-01  8.6060724e-05
 5.8085285e-02  1.7933929e-01  8.6114212e-05
 5.9127830e-02  5.9867957e-02  6.4089882e-05
 5.9175751e-02  5.6923327e-02  6.3827513e-05
 5.7672035e-02  2.7701566e-01  7.9148223e-05
 5.7698529e-02  2.6940103e-01  8.1176815e-05
 5.7673713e-02  2.7652705e-01  7.9182157e-05
 5.7699929e-02  2.6900469e-01  8.1397389e-05
 5.8681082e-02  9.5804725e-02  5.5263362e-05
 5.8702902e-02  9.3629852e-02  5.6568065e-05
 5.6512028e-02  9.3806575e-01  8.8654083e-05
 5.6526446e-02  9.2396173e-01  9.0589657e-05
 5.5707290e-02  2.1830921e+00  8.0325890e-05
 5.5724044e-02  2.1450863e+00  8.0407170e-05
 5.8509013e-02  1.1482319e-01  4.7496567e-05
 5.8554158e-02  1.0949556e-01  4.6835259e-05
 5.5320600e-02  3.2729078e+00  9.7960451e-05
 5.5339396e-02  3.2091854e+00  1.0034214e-04
 5.4106317e-02  1.1561964e+01  7.5190567e-05
 5.4114490e-02  1.1465113e+01  7.5686178e-05
 5.8791916e-02  8.5257031e-02  5.7830406e-05
 5.8823166e-02  8.2498683e-02  5.8712766e-05
 5.4495029e-02  7.7372227e+00  7.0236104e-05
 5.4503131e-02  7.6724889e+00  7.1194291e-05
 5.8509939e-02  1.1471128e-01  4.7499563e-05
 5.8555032e-02  1.0939496e-01  4.6750025e-05
 5.5319297e-02  3.2773726e+00  9.7795955e-05
 5.5338369e-02  3.2126348e+00  1.0029573e-04
 5.8623214e-02  1.0182052e-01  4.6270808e-05
 5.8675099e-02  9.6409899e-02  4.8244339e-05
 5.6521174e-02  9.2909431e-01  1.0493239e-04
 5.6557539e-02  8.9426275e-01  1.0854952e-04
 5.8625119e-02  1.0161659e-01  4.6319523e-05
 5.8676646e-02  9.6253054e-02  4.8437198e-05
 5.9125974e-02  5.9984972e-02  6.4146070e-05
 5.9174200e-02  5.7016322e-02  6.3728226e-05
 5.8028595e-02  1.9036233e-01  8.6107954e-05
 5.8084978e-02  1.7939716e-01  8.6127245e-05
 5.7026832e-02  5.4603991e-01  7.7584743e-05
 5.7059408e-02  5.2765256e-01  7.7676366e-05
 5.5707292e-02  2.1830886e+00  8.0335027e-05
 5.5724044e-02  2.1450875e+00  8.0454718e-05
 5.4739786e-02  6.0001403e+00  7.8259606e-05
 5.4747763e-02  5.9505373e+00  7.7957556e-05
 5.4189974e-02  1.0607255e+01  7.3592996e-05
 5.4198606e-02  1.0513254e+01  7.3542789e-05
 5.3224588e-02  2.8278943e+01  3.8657378e-05
 5.3227493e-02  2.8197373e+01  3.8839224e-05
 5.3471776e-02  2.2079084e+01  4.0218688e-05
 5.3474670e-02  2.2014809e+01  4.0177285e-05
 5.4189003e-02  1.0617885e+01  7.3608303e-05
 5.4197768e-02  1.0522352e+01  7.3577982e-05
 5.5318998e-02  3.2783969e+00  9.7805523e-05
 5.5338077e-02  3.2136151e+00  1.0027583e-04
 5.8511853e-02  1.1448046e-01  4.7447385e-05
 5.8556528e-02  1.0922279e-01  4.6875977e-05
 5.6785548e-02  7.0370777e-01  9.3014115e-05
 5.6817165e-02  6.8070435e-01  9.0185818e-05
 5.6787813e-02  7.0203471e-01  9.2835499e-05
 5.6819003e-02  6.7939037e-01  9.0049737e-05
 5.8509007e-02  1.1482384e-01  4.7529462e-05
 5.8554167e-02  1.0949461e-01  4.6862094e-05
 5.5320602e-02  3.2729022e+00  9.8000170e-05
 5.5339393e-02  3.2091945e+00  1.0042283e-04
 5.4189975e-02  1.0607245e+01  7.3608360e-05
 5.4198604e-02  1.0513279e+01  7.3576183e-05
 5.3472207e-02  2.2069498e+01  4.0216085e-05
 5.3475085e-02  2.2005597e+01  4.0173672e-05
 5.3552182e-02  2.0358101e+01  3.3991057e-05
 5.3552184e-02  2.0358070e+01  3.4004789e-05
 5.3472210e-02  2.2069439e+01  4.0238453e-05
 5.3475085e-02  2.2005596e+01  4.0167659e-05
 5.3882048e-02  1.4554154e+01  4.1247092e-05
 5.3882076e-02  1.4553745e+01  4.1256649e-05
 5.4738657e-02  6.0071925e+00  7.8345901e-05
 5.4746747e-02  5.9568323e+00  7.8011946e-05
 5.5980535e-02  1.6391344e+00  6.7559625e-05
 5.6000514e-02  1.6051291e+00  6.6233003e-05
 5.8073817e-02  1.8151639e-01  8.5549538e-05
 5.8125053e-02  1.7198961e-01  8.5901710e-05
 5.7530117e-02  3.2161951e-01  5.8474600e-05
 5.7564338e-02  3.1024759e-01  5.9710795e-05
 5.6442188e-02  1.0094852e+00  9.0627300e-05
 5.6477433e-02  9.7278917e-01  9.6209457e-05
 5.5093601e-02  4.1492664e+00  5.8600078e-05
 5.5114075e-02  4.0614879e+00  6.0908751e-05
 5.4106802e-02  1.1556195e+01  7.5225683e-05
 5.4115016e-02  1.1458906e+01  7.5735769e-05
 5.3472206e-02  2.2069536e+01  4.0230737e-05
 5.3475085e-02  2.2005599e+01  4.0166529e-05
 5.3224589e-02  2.8278926e+01  3.8674196e-05
 5.3227491e-02  2.8197418e+01  3.8838950e-05
 5.3471779e-02  2.2079022e+01  4.0246257e-05
 5.3474667e-02  2.2014870e+01  4.0179016e-05
 5.4189006e-02  1.0617858e+01  7.3651621e-05
 5.4197766e-02  1.0522368e+01  7.3579762e-05
 5.5319000e-02  3.2783884e+00  9.7868810e-05
 5.5338076e-02  3.2136169e+00  1.0025743e-04
 5.8511851e-02  1.1448075e-01  4.7413608e-05
 5.8556528e-02  1.0922289e-01  4.6897446e-05
 5.6785551e-02  7.0370613e-01  9.3090712e-05
 5.6817165e-02  6.8070400e-01  9.0147811e-05
 5.6787810e-02  7.0203647e-01  9.2796078e-05
 5.6819002e-02  6.7939101e-01  9.0068533e-05
 5.8509009e-02  1.1482366e-01  4.7580776e-05
 5.8554168e-02  1.0949441e-01  4.6835867e-05
 5.5320599e-02  3.2729106e+00  9.7974889e-05
 5.5339392e-02  3.2091963e+00  1.0042165e-04
 5.4189973e-02  1.0607272e+01  7.3600450e-05
 5.4198604e-02  1.0513280e+01  7.3565903e-05
 5.3882048e-02  1.4554161e+01  4.1243009e-05
 5.3882067e-02  1.4553871e+01  4.1242396e-05
 5.3471775e-02  2.2079112e+01  4.0250456e-05
 5.3474667e-02  2.2014883e+01  4.0175913e-05
 5.3551341e-02  2.0375427e+01  3.4037735e-05
 5.3551387e-02  2.0374472e+01  3.4035949e-05
 5.4105492e-02  1.1571787e+01  7.5206134e-05
 5.4113834e-02  1.1472853e+01  7.5700794e-05
 5.5091705e-02  4.1574878e+00  5.8488430e-05
 5.5112480e-02  4.0682588e+00  6.0734489e-05
 5.6439653e-02  1.0121778e+00  9.0354623e-05
 5.6475368e-02  9.7490255e-01  9.5880164e-05
 5.7531896e-02  3.2101842e-01  5.8427223e-05
 5.7565874e-02  3.0974683e-01  5.9824495e-05
 5.8070691e-02  1.8211457e-01  8.5612755e-05
 5.8122484e-02  1.7245514e-01  8.5818186e-05
 5.5981678e-02  1.6371692e+00  6.7428245e-05
 5.6001503e-02  1.6034627e+00  6.6188194e-05
 5.4739186e-02  6.0038849e+00  7.8276721e-05
 5.4747207e-02  5.9539808e+00  7.7986805e-05
 5.4738657e-02  6.0071928e+00  7.8307892e-05
 5.4746735e-02  5.9569062e+00  7.7957618e-05
 5.4189002e-02  1.0617896e+01  7.3622937e-05
 5.4197761e-02  1.0522421e+01  7.3530350e-05
 5.4105488e-02  1.1571835e+01  7.5189643e-05
 5.4113834e-02  1.1472855e+01  7.5658500e-05
 5.4494439e-02  7.7419565e+00  7.0233049e-05
 5.4502630e-02  7.6764749e+00  7.1137600e-05
 5.8793753e-02  8.5092363e-02  5.7911715e-05
 5.8824540e-02  8.2379478e-02  5.8837071e-05
 5.5319001e-02  3.2783874e+00  9.7852862e-05
 5.5338072e-02  3.2136310e+00  1.0026268e-04
 5.8511849e-02  1.1448092e-01  4.7512883e-05
 5.8556523e-02  1.0922341e-01  4.6850006e-05
 5.6521176e-02  9.2909245e-01  1.0503320e-04
 5.6557535e-02  8.9426651e-01  1.0852097e-04
 5.8623218e-02  1.0182012e-01  4.6179272e-05
 5.8675095e-02  9.6410283e-02  4.8346840e-05
 5.8625113e-02  1.0161727e-01  4.6386462e-05
 5.8676637e-02  9.6254008e-02  4.8381553e-05
 5.8028910e-02  1.9029920e-01  8.6192679e-05
 5.8085283e-02  1.7933973e-01  8.6063425e-05
 5.7025176e-02  5.4699170e-01  7.7510265e-05
 5.7058062e-02  5.2839985e-01  7.7641841e-05
 5.9127823e-02  5.9868359e-02  6.4122267e-05
 5.9175740e-02  5.6924011e-02  6.3691087e-05
 5.5705913e-02  2.1862459e+00  8.0312699e-05
 5.5722870e-02  2.1477287e+00  8.0416940e-05
 5.5980536e-02  1.6391326e+00  6.7517538e-05
 5.6000499e-02  1.6051528e+00  6.6175278e-05
 5.8073814e-02  1.8151699e-01  8.5505453e-05
 5.8125055e-02  1.7198932e-01  8.5805981e-05
 5.5318998e-02  3.2783979e+00  9.7815212e-05
 5.5338069e-02  3.2136434e+00  1.0016376e-04
 5.8511852e-02  1.1448057e-01  4.7399083e-05
 5.8556532e-02  1.0922234e-01  4.6862275e-05
 5.5091700e-02  4.1575106e+00  5.8462822e-05
 5.5112478e-02  4.0682689e+00  6.0679917e-05
 5.5318996e-02  3.2784044e+00  9.7839345e-05
 5.5338073e-02  3.2136278e+00  1.0020173e-04
 5.8511856e-02  1.1448012e-01  4.7508548e-05
 5.8556526e-02  1.0922304e-01  4.6866324e-05
 5.5980535e-02  1.6391350e+00  6.7560888e-05
 5.6000506e-02  1.6051416e+00  6.6202137e-05
 5.8073818e-02  1.8151632e-01  8.5620865e-05
 5.8125047e-02  1.7199075e-01  8.5784875e-05
 5.7024589e-02  5.4732958e-01  7.7637266e-05
 5.7057515e-02  5.2870416e-01  7.7622769e-05
 5.9128287e-02  5.9839125e-02  6.4045123e-05
 5.9176268e-02  5.6892368e-02  6.3784653e-05
 5.8032116e-02  1.8965850e-01  8.6183936e-05
 5.8087959e-02  1.7883549e-01  8.5987879e-05
 5.8388322e-02  1.3037310e-01  6.0844084e-05
 5.8442641e-02  1.2312981e-01  5.6084146e-05
 5.8388320e-02  1.3037340e-01  6.0750471e-05
 5.8442635e-02  1.2313066e-01  5.6098793e-05
 5.8391493e-02  1.2993891e-01  6.0527226e-05
 5.8445386e-02  1.2277461e-01  5.5891482e-05
 5.8391492e-02  1.2993900e-01  6.0602331e-05
 5.8445380e-02  1.2277541e-01  5.5851247e-05
 5.7024587e-02  5.4733036e-01  7.7549392e-05
 5.7057509e-02  5.2870746e-01  7.7618168e-05
 5.8032114e-02  1.8965884e-01  8.6086098e-05
 5.8087966e-02  1.7883406e-01  8.6032127e-05
 5.9128284e-02  5.9839310e-02  6.4105789e-05
 5.9176264e-02  5.6892615e-02  6.3692897e-05
 5.7530120e-02  3.2161874e-01  5.8434035e-05
 5.7564324e-02  3.1025229e-01  5.9650468e-05
 5.6442188e-02  1.0094860e+00  9.0593496e-05
 5.6477436e-02  9.7278622e-01  9.6128489e-05
 5.6785549e-02  7.0370743e-01  9.3028862e-05
 5.6817156e-02  6.8071084e-01  9.0047698e-05
 5.6787813e-02  7.0203442e-01  9.2759725e-05
 5.6819008e-02  6.7938695e-01  9.0002604e-05
 5.6439648e-02  1.0121835e+00  9.0305911e-05
 5.6475363e-02  9.7490718e-01  9.5770817e-05
 5.7531902e-02  3.2101641e-01  5.8404755e-05
 5.7565882e-02  3.0974423e-01  5.9793602e-05
 5.6521169e-02  9.2909927e-01  1.0500103e-04
 5.6557534e-02  8.9426701e-01  1.0841299e-04
 5.8623223e-02  1.0181955e-01  4.6168990e-05
 5.8675107e-02  9.6409110e-02  4.8339603e-05
 5.8625123e-02  1.0161618e-01  4.6386018e-05
 5.8676644e-02  9.6253287e-02  4.8405631e-05
 5.7024583e-02  5.4733302e-01  7.7635564e-05
 5.7057517e-02  5.2870316e-01  7.7569707e-05
 5.9128289e-02  5.9839040e-02  6.4043807e-05
 5.9176275e-02  5.6891971e-02  6.3825782e-05
 5.8032121e-02  1.8965746e-01  8.6196622e-05
 5.8087962e-02  1.7883486e-01  8.6004863e-05
 5.7911955e-02  2.1521895e-01  8.1491922e-05
 5.7945708e-02  2.0770993e-01  8.0718531e-05
 5.7914839e-02  2.1456688e-01  8.1285019e-05
 5.7948317e-02  2.0714035e-01  8.0715423e-05
 5.7829634e-02  2.3469056e-01  9.1863775e-05
 5.7888083e-02  2.2069305e-01  9.2289343e-05
 5.9125153e-02  6.0036829e-02  6.4165313e-05
 5.9173472e-02  5.7060024e-02  6.3807364e-05
 5.7027320e-02  5.4576009e-01  7.7528094e-05
 5.7059945e-02  5.2735486e-01  7.7622185e-05
 5.8032344e-02  1.8961288e-01  8.6160895e-05
 5.8088264e-02  1.7877802e-01  8.5951321e-05
 5.8622029e-02  1.0194757e-01  4.6207599e-05
 5.8673991e-02  9.6522344e-02  4.8269399e-05
 5.6523832e-02  9.2650317e-01  1.0517872e-04
 5.6559785e-02  8.9215429e-01  1.0864057e-04
 5.8625782e-02  1.0154571e-01  4.6364491e-05
 5.8677426e-02  9.6174061e-02  4.8379924e-05
 5.5093602e-02  4.1492628e+00  5.8583899e-05
 5.5114078e-02  4.0614750e+00  6.0870995e-05
 5.8509008e-02  1.1482375e-01  4.7554529e-05
 5.8554158e-02  1.0949558e-01  4.6784068e-05
 5.5320603e-02  3.2728977e+00  9.7950710e-05
 5.5339398e-02  3.2091783e+00  1.0036815e-04
 5.8070686e-02  1.8211543e-01  8.5555405e-05
 5.8122478e-02  1.7245636e-01  8.5698284e-05
 5.5981684e-02  1.6371597e+00  6.7411031e-05
 5.6001512e-02  1.6034488e+00  6.6163005e-05
 5.8028903e-02  1.9030067e-01  8.6154305e-05
 5.8085280e-02  1.7934032e-01  8.5945105e-05
 5.7025180e-02  5.4698942e-01  7.7508410e-05
 5.7058075e-02  5.2839304e-01  7.7643799e-05
 5.9127835e-02  5.9867639e-02  6.4149335e-05
 5.9175749e-02  5.6923464e-02  6.3730322e-05
 5.8388314e-02  1.3037432e-01  6.0839985e-05
 5.8442642e-02  1.2312972e-01  5.6023875e-05
 5.8388321e-02  1.3037332e-01  6.0759006e-05
 5.8442650e-02  1.2312868e-01  5.6111576e-05
 5.8391497e-02  1.2993835e-01  6.0531519e-05
 5.8445393e-02  1.2277375e-01  5.5940433e-05
 5.8391500e-02  1.2993785e-01  6.0617144e-05
 5.8445386e-02  1.2277472e-01  5.5860773e-05
 5.9125146e-02  6.0037298e-02  6.4168042e-05
 5.9173475e-02  5.7059850e-02  6.3758764e-05
 5.7027321e-02  5.4575926e-01  7.7530692e-05
 5.7059947e-02  5.2735359e-01  7.7664627e-05
 5.8032348e-02  1.8961206e-01  8.6171347e-05
 5.8088266e-02  1.7877766e-01  8.5954024e-05
 5.5982882e-02  1.6351020e+00  6.7367745e-05
 5.6002665e-02  1.6015095e+00  6.6114431e-05
 5.8074225e-02  1.8143861e-01  8.5584649e-05
 5.8125599e-02  1.7189091e-01  8.5704902e-05
 5.5321102e-02  3.2711891e+00  9.8003438e-05
 5.5339946e-02  3.2073389e+00  1.0041662e-04
 5.8512612e-02  1.1438909e-01  4.7478574e-05
 5.8557456e-02  1.0911621e-01  4.6798384e-05
 5.4106804e-02  1.1556179e+01  7.5216640e-05
 5.4115018e-02  1.1458884e+01  7.5709103e-05
 5.4189977e-02  1.0607226e+01  7.3593637e-05
 5.4198607e-02  1.0513241e+01  7.3543493e-05
 5.4739191e-02  6.0038563e+00  7.8276942e-05
 5.4747215e-02  5.9539341e+00  7.7979010e-05
 5.5705915e-02  2.1862419e+00  8.0328717e-05
 5.5722883e-02  2.1476997e+00  8.0439050e-05
 5.7024586e-02  5.4733081e-01  7.7576999e-05
 5.7057524e-02  5.2869886e-01  7.7655232e-05
 5.8032119e-02  1.8965783e-01  8.6118468e-05
 5.8087969e-02  1.7883349e-01  8.6130179e-05
 5.9128294e-02  5.9838674e-02  6.4130201e-05
 5.9176269e-02  5.6892353e-02  6.3697332e-05
 5.8622026e-02  1.0194792e-01  4.6231012e-05
 5.8674007e-02  9.6520723e-02  4.8300771e-05
 5.6523834e-02  9.2650098e-01  1.0520364e-04
 5.6559785e-02  8.9215388e-01  1.0872498e-04
 5.8625789e-02  1.0154500e-01  4.6381442e-05
 5.8677427e-02  9.6173940e-02  4.8375019e-05
 5.5321103e-02  3.2711872e+00  9.8012944e-05
 5.5339945e-02  3.2073416e+00  1.0046115e-04
 5.8512615e-02  1.1438871e-01  4.7488987e-05
 5.8557455e-02  1.0911633e-01  4.6792690e-05
 5.4496082e-02  7.7287797e+00  7.0338712e-05
 5.4504166e-02  7.6642567e+00  7.1294599e-05
 5.8794696e-02  8.5007915e-02  5.7931865e-05
 5.8825704e-02  8.2278575e-02  5.8794012e-05
 5.4722008e-02  6.1121505e+00  8.0668491e-05
 5.4722012e-02  6.1121273e+00  8.0711078e-05
 5.8003800e-02  1.9539408e-01  7.3451125e-05
 5.8003807e-02  1.9539262e-01  7.3590374e-05
 5.4496086e-02  7.7287478e+00  7.0370603e-05
 5.4504164e-02  7.6642706e+00  7.1256988e-05
 5.8794694e-02  8.5008126e-02  5.7842966e-05
 5.8825714e-02  8.2277713e-02  5.8889568e-05
 5.4739792e-02  6.0001021e+00  7.8286325e-05
 5.4747763e-02  5.9505374e+00  7.7915060e-05
 5.5433263e-02  2.9089424e+00  9.2827348e-05
 5.5433345e-02  2.9086912e+00  9.2860024e-05
 5.6510528e-02  9.3954555e-01  8.8556746e-05
 5.6525176e-02  9.2519572e-01  9.0430003e-05
 5.8682850e-02  9.5626613e-02  5.5341251e-05
 5.8704328e-02  9.3489416e-02  5.6676613e-05
 5.7911955e-02  2.1521879e-01  8.1457796e-05
 5.7945719e-02  2.0770734e-01  8.0771330e-05
 5.7829635e-02  2.3469036e-01  9.1787042e-05
 5.7888093e-02  2.2069066e-01  9.2425134e-05
 5.7914846e-02  2.1456520e-01  8.1383166e-05
 5.7948314e-02  2.0714101e-01  8.0600428e-05
 5.6442554e-02  1.0090971e+00  9.0641727e-05
 5.6477876e-02  9.7233746e-01  9.6230545e-05
 5.7533450e-02  3.2049388e-01  5.8544547e-05
 5.7567410e-02  3.0924650e-01  5.9778698e-05
 5.5384298e-02  3.0619022e+00  1.0117539e-04
 5.5399435e-02  3.0137800e+00  1.0208289e-04
 5.7563677e-02  3.1046341e-01  6.3340389e-05
 5.7586116e-02  3.0322063e-01  6.3961377e-05
 5.4496081e-02  7.7287879e+00  7.0364111e-05
 5.4504164e-02  7.6642676e+00  7.1265363e-05
 5.8794692e-02  8.5008259e-02  5.7861735e-05
 5.8825711e-02  8.2278033e-02  5.8861133e-05
 5.4106805e-02  1.1556169e+01  7.5250851e-05
 5.4115015e-02  1.1458915e+01  7.5691463e-05
 5.4189979e-02  1.0607205e+01  7.3634358e-05
 5.4198605e-02  1.0513272e+01  7.3538171e-05
 5.4739194e-02  6.0038381e+00  7.8331471e-05
 5.4747212e-02  5.9539519e+00  7.7961045e-05
 5.5705917e-02  2.1862371e+00  8.0393975e-05
 5.5722882e-02  2.1477022e+00  8.0413202e-05
 5.7024588e-02  5.4732976e-01  7.7641782e-05
 5.7057524e-02  5.2869882e-01  7.7626030e-05
 5.8032118e-02  1.8965810e-01  8.6101621e-05
 5.8087967e-02  1.7883381e-01  8.6131288e-05
 5.9128294e-02  5.9838695e-02  6.4077732e-05
 5.9176270e-02  5.6892250e-02  6.3742867e-05
 5.8622027e-02  1.0194775e-01  4.6279155e-05
 5.8674008e-02  9.6520622e-02  4.8280717e-05
 5.6523832e-02  9.2650263e-01  1.0519635e-04
 5.6559784e-02  8.9215512e-01  1.0871182e-04
 5.8625787e-02  1.0154521e-01  4.6333360e-05
 5.8677431e-02  9.6173546e-02  4.8398988e-05
 5.5321101e-02  3.2711937e+00  9.8021057e-05
 5.5339944e-02  3.2073447e+00  1.0043692e-04
 5.8512612e-02  1.1438910e-01  4.7441250e-05
 5.8557461e-02  1.0911569e-01  4.6823338e-05
 5.4739782e-02  6.0001632e+00  7.8271684e-05
 5.4747763e-02  5.9505428e+00  7.7917525e-05
 5.4189974e-02  1.0607265e+01  7.3624393e-05
 5.4198604e-02  1.0513280e+01  7.3529520e-05
 5.4106319e-02  1.1561948e+01  7.5235319e-05
 5.4114487e-02  1.1465149e+01  7.5692252e-05
 5.4495032e-02  7.7371984e+00  7.0294667e-05
 5.4503128e-02  7.6725125e+00  7.1201255e-05
 5.8791914e-02  8.5257221e-02  5.7850886e-05
 5.8823168e-02  8.2498486e-02  5.8794652e-05
 5.5319299e-02  3.2773639e+00  9.7886800e-05
 5.5338368e-02  3.2126369e+00  1.0029753e-04
 5.8509937e-02  1.1471153e-01  4.7526988e-05
 5.8555032e-02  1.0939496e-01  4.6805730e-05
 5.6521176e-02  9.2909201e-01  1.0503552e-04
 5.6557540e-02  8.9426161e-01  1.0852411e-04
 5.8625116e-02  1.0161693e-01  4.6277680e-05
 5.8676643e-02  9.6253323e-02  4.8458509e-05
 5.8623213e-02  1.0182063e-01  4.6288152e-05
 5.8675096e-02  9.6410206e-02  4.8270324e-05
 5.8028597e-02  1.9036196e-01  8.6211536e-05
 5.8084981e-02  1.7939658e-01  8.6077642e-05
 5.7026828e-02  5.4604200e-01  7.7547969e-05
 5.7059406e-02  5.2765376e-01  7.7682416e-05
 5.9125975e-02  5.9984943e-02  6.4132814e-05
 5.9174195e-02  5.7016680e-02  6.3713316e-05
 5.5707287e-02  2.1830982e+00  8.0321359e-05
 5.5724042e-02  2.1450902e+00  8.0434710e-05
 5.5433261e-02  2.9089468e+00  9.2815613e-05
 5.5433331e-02  2.9087356e+00  9.2813535e-05
 5.4739186e-02  6.0038866e+00  7.8302461e-05
 5.4747208e-02  5.9539794e+00  7.7916150e-05
 5.4495027e-02  7.7372426e+00  7.0285025e-05
 5.4503127e-02  7.6725206e+00  7.1170521e-05
 5.8791920e-02  8.5256639e-02  5.7827140e-05
 5.8823171e-02  8.2498242e-02  5.8846271e-05
 5.4720444e-02  6.1221013e+00  8.0732440e-05
 5.4720570e-02  6.1213000e+00  8.0736743e-05
 5.8001585e-02  1.9585007e-01  7.3565436e-05
 5.8001825e-02  1.9580051e-01  7.3589819e-05
 5.5382152e-02  3.0687833e+00  1.0114998e-04
 5.5397498e-02  3.0198961e+00  1.0203655e-04
 5.7561920e-02  3.1103784e-01  6.3285887e-05
 5.7584336e-02  3.0378912e-01  6.3902521e-05
 5.6439654e-02  1.0121766e+00  9.0335292e-05
 5.6475368e-02  9.7490204e-01  9.5894757e-05
 5.7531893e-02  3.2101928e-01  5.8512722e-05
 5.7565873e-02  3.0974702e-01  5.9707753e-05
 5.7825920e-02  2.3560962e-01  9.1829559e-05
 5.7884915e-02  2.2142974e-01  9.2384019e-05
 5.7913569e-02  2.1485362e-01  8.1312794e-05
 5.7947085e-02  2.0740919e-01  8.0775942e-05
 5.7913566e-02  2.1485429e-01  8.1434440e-05
 5.7947083e-02  2.0740953e-01  8.0615338e-05
 5.6511303e-02  9.3878026e-01  8.8552760e-05
 5.6525798e-02  9.2459060e-01  9.0522719e-05
 5.8682044e-02  9.5707768e-02  5.5319868e-05
 5.8703626e-02  9.3558521e-02  5.6592436e-05
 5.6510527e-02  9.3954654e-01  8.8529632e-05
 5.6525158e-02  9.2521336e-01  9.0360970e-05
 5.8682835e-02  9.5628193e-02  5.5309406e-05
 5.8704327e-02  9.3489552e-02  5.6685504e-05
 5.5705911e-02  2.1862490e+00  8.0362231e-05
 5.5722870e-02  2.1477276e+00  8.0341374e-05
 5.5319293e-02  3.2773868e+00  9.7855189e-05
 5.5338363e-02  3.2126550e+00  1.0021121e-04
 5.8509947e-02  1.1471038e-01  4.7509220e-05
 5.8555040e-02  1.0939403e-01  4.6853659e-05
 5.5382147e-02  3.0688018e+00  1.0114154e-04
 5.5397497e-02  3.0198979e+00  1.0196673e-04
 5.7561927e-02  3.1103540e-01  6.3270462e-05
 5.7584338e-02  3.0378850e-01  6.3947767e-05
 5.5885307e-02  1.8113547e+00  7.6847289e-05
 5.5900341e-02  1.7830136e+00  7.6286856e-05
 5.6972796e-02  5.7796226e-01  7.5347673e-05
 5.6995518e-02  5.6431830e-01  7.5631272e-05
 5.6785553e-02  7.0370468e-01  9.3062228e-05
 5.6817161e-02  6.8070723e-01  9.0179047e-05
 5.6787810e-02  7.0203664e-01  9.2874644e-05
 5.6819000e-02  6.7939264e-01  8.9954023e-05
 5.8028598e-02  1.9036171e-01  8.6196612e-05
 5.8084976e-02  1.7939759e-01  8.6100487e-05
 5.9125980e-02  5.9984619e-02  6.4062699e-05
 5.9174194e-02  5.7016733e-02  6.3857753e-05
 5.7026827e-02  5.4604267e-01  7.7631143e-05
 5.7059402e-02  5.2765586e-01  7.7567517e-05
 5.7672039e-02  2.7701458e-01  7.9047032e-05
 5.7698521e-02  2.6940346e-01  8.1265421e-05
 5.7673708e-02  2.7652861e-01  7.9249841e-05
 5.7699922e-02  2.6900644e-01  8.1270061e-05
 5.7911956e-02  2.1521875e-01  8.1422699e-05
 5.7945700e-02  2.0771165e-01  8.0695624e-05
 5.7829631e-02  2.3469143e-01  9.1768289e-05
 5.7888091e-02  2.2069103e-01  9.2344322e-05
 5.7914835e-02  2.1456771e-01  8.1353612e-05
 5.7948314e-02  2.0714101e-01  8.0622573e-05
 5.7024585e-02  5.4733185e-01  7.7605983e-05
 5.7057509e-02  5.2870709e-01  7.7541429e-05
 5.8032117e-02  1.8965820e-01  8.6076093e-05
 5.8087969e-02  1.7883345e-01  8.6050422e-05
 5.9128286e-02  5.9839220e-02  6.4060415e-05
 5.9176271e-02  5.6892188e-02  6.3776430e-05
 5.6521170e-02  9.2909838e-01  1.0498812e-04
 5.6557531e-02  8.9427034e-01  1.0840214e-04
 5.8625121e-02  1.0161643e-01  4.6277580e-05
 5.8676648e-02  9.6252850e-02  4.8428358e-05
 5.8623223e-02  1.0181952e-01  4.6276532e-05
 5.8675109e-02  9.6408909e-02  4.8325738e-05
 5.6439647e-02  1.0121845e+00  9.0313744e-05
 5.6475364e-02  9.7490620e-01  9.5799984e-05
 5.7531903e-02  3.2101581e-01  5.8514030e-05
 5.7565880e-02  3.0974478e-01  5.9760724e-05
 5.6785547e-02  7.0370906e-01  9.3061630e-05
 5.6817161e-02  6.8070731e-01  9.0115037e-05
 5.6787816e-02  7.0203213e-01  9.2888044e-05
 5.6819002e-02  6.7939068e-01  8.9985113e-05
 5.7530118e-02  3.2161915e-01  5.8476911e-05
 5.7564330e-02  3.1025020e-01  5.9690019e-05
 5.6442190e-02  1.0094836e+00  9.0678754e-05
 5.6477430e-02  9.7279270e-01  9.6099502e-05
 5.8622030e-02  1.0194752e-01  4.6278739e-05
 5.8673998e-02  9.6521657e-02  4.8291550e-05
 5.8625783e-02  1.0154566e-01  4.6286238e-05
 5.8677432e-02  9.6173477e-02  4.8441532e-05
 5.6523832e-02  9.2650270e-01  1.0526219e-04
 5.6559779e-02  8.9215990e-01  1.0858064e-04
 5.9125152e-02  6.0036911e-02  6.4091104e-05
 5.9173465e-02  5.7060446e-02  6.3820789e-05
 5.8032342e-02  1.8961329e-01  8.6061439e-05
 5.8088272e-02  1.7877651e-01  8.6038113e-05
 5.7027318e-02  5.4576116e-01  7.7603689e-05
 5.7059940e-02  5.2735737e-01  7.7548995e-05
 5.6442554e-02  1.0090980e+00  9.0631548e-05
 5.6477876e-02  9.7233732e-01  9.6169600e-05
 5.7533444e-02  3.2049610e-01  5.8525487e-05
 5.7567412e-02  3.0924586e-01  5.9799338e-05
 5.8622025e-02  1.0194799e-01  4.6262777e-05
 5.8673992e-02  9.6522256e-02  4.8224032e-05
 5.6523835e-02  9.2650018e-01  1.0518012e-04
 5.6559787e-02  8.9215266e-01  1.0864207e-04
 5.8625783e-02  1.0154557e-01  4.6309106e-05
 5.8677434e-02  9.6173260e-02  4.8424819e-05
 5.8028592e-02  1.9036304e-01  8.6161790e-05
 5.8084969e-02  1.7939888e-01  8.5956057e-05
 5.7026835e-02  5.4603814e-01  7.7543326e-05
 5.7059411e-02  5.2765087e-01  7.7641579e-05
 5.9125984e-02  5.9984352e-02  6.4156864e-05
 5.9174210e-02  5.7015723e-02  6.3801472e-05
 5.7825912e-02  2.3561148e-01  9.1795243e-05
 5.7884908e-02  2.2143153e-01  9.2267692e-05
 5.7913577e-02  2.1485193e-01  8.1315701e-05
 5.7947094e-02  2.0740707e-01  8.0757664e-05
 5.7913578e-02  2.1485172e-01  8.1455454e-05
 5.7947093e-02  2.0740727e-01  8.0690226e-05
 5.8028590e-02  1.9036338e-01  8.6181145e-05
 5.8084973e-02  1.7939811e-01  8.5995351e-05
 5.9125983e-02  5.9984413e-02  6.4065901e-05
 5.9174210e-02  5.7015765e-02  6.3863841e-05
 5.7026837e-02  5.4603691e-01  7.7649639e-05
 5.7059408e-02  5.2765292e-01  7.7597966e-05
 5.8622023e-02  1.0194821e-01  4.6290123e-05
 5.8673999e-02  9.6521588e-02  4.8260657e-05
 5.8625785e-02  1.0154537e-01  4.6275960e-05
 5.8677437e-02  9.6172969e-02  4.8464091e-05
 5.6523838e-02  9.2649754e-01  1.0527745e-04
 5.6559781e-02  8.9215799e-01  1.0859375e-04
 5.7533445e-02  3.2049561e-01  5.8460628e-05
 5.7567416e-02  3.0924471e-01  5.9873331e-05
 5.6442556e-02  1.0090955e+00  9.0708742e-05
 5.6477869e-02  9.7234389e-01  9.6111442e-05
 5.6788622e-02  7.0143747e-01  9.2713461e-05
 5.6819933e-02  6.7872619e-01  8.9948225e-05
 5.6788623e-02  7.0143681e-01  9.2807314e-05
 5.6819928e-02  6.7873020e-01  8.9862177e-05
 5.5384299e-02  3.0618984e+00  1.0117152e-04
 5.5399435e-02  3.0137790e+00  1.0204036e-04
 5.7563674e-02  3.1046450e-01  6.3321461e-05
 5.7586120e-02  3.0321960e-01  6.3982695e-05
 5.5321105e-02  3.2711780e+00  9.8015755e-05
 5.5339946e-02  3.2073385e+00  1.0039336e-04
 5.8512612e-02  1.1438906e-01  4.7420148e-05
 5.8557465e-02  1.0911521e-01  4.6847353e-05
 5.5707296e-02  2.1830785e+00  8.0327671e-05
 5.5724046e-02  2.1450812e+00  8.0409428e-05
 5.6511311e-02  9.3877276e-01  8.8575057e-05
 5.6525808e-02  9.2458087e-01  9.0523190e-05
 5.8682055e-02  9.5706647e-02  5.5320790e-05
 5.8703638e-02  9.3557380e-02  5.6630845e-05
 5.7672041e-02  2.7701395e-01  7.9063557e-05
 5.7698538e-02  2.6939840e-01  8.1293114e-05
 5.7673721e-02  2.7652480e-01  7.9276210e-05
 5.7699927e-02  2.6900501e-01  8.1290835e-05
 5.9125150e-02  6.0037005e-02  6.4115142e-05
 5.9173486e-02  5.7059193e-02  6.3863565e-05
 5.8032347e-02  1.8961230e-01  8.6074502e-05
 5.8088277e-02  1.7877563e-01  8.6117668e-05
 5.7027327e-02  5.4575577e-01  7.7621331e-05
 5.7059942e-02  5.2735631e-01  7.7549858e-05
 5.6788624e-02  7.0143640e-01  9.2713773e-05
 5.6819935e-02  6.7872519e-01  8.9991759e-05
 5.6788628e-02  7.0143337e-01  9.2813959e-05
 5.6819927e-02  6.7873038e-01  8.9852841e-05
 5.5887831e-02  1.8065660e+00  7.6694998e-05
 5.5902674e-02  1.7786546e+00  7.6226704e-05
 5.6973934e-02  5.7727155e-01  7.5319692e-05
 5.6996844e-02  5.6353159e-01  7.5532431e-05
 5.6234128e-02  1.2560501e+00  5.0085930e-05
 5.6234133e-02  1.2560423e+00  5.0146658e-05
 5.6234128e-02  1.2560501e+00  5.0085930e-05
 5.6234133e-02  1.2560423e+00  5.0146658e-05
 5.5887835e-02  1.8065571e+00  7.6761601e-05
 5.5902669e-02  1.7786629e+00  7.6158658e-05
 5.6973930e-02  5.7727348e-01  7.5234155e-05
 5.6996852e-02  5.6352729e-01  7.5642734e-05
 5.5982889e-02  1.6350910e+00  6.7417182e-05
 5.6002662e-02  1.6015139e+00  6.6052606e-05
 5.8074225e-02  1.8143856e-01  8.5497791e-05
 5.8125611e-02  1.7188877e-01  8.5868771e-05
 5.6512037e-02  9.3805679e-01  8.8740964e-05
 5.6526446e-02  9.2396214e-01  9.0503495e-05
 5.8681083e-02  9.5804601e-02  5.5217391e-05
 5.8702915e-02  9.3628529e-02  5.6625121e-05
 5.7437804e-02  3.5441709e-01  6.1085479e-05
 5.7437955e-02  3.5436080e-01  6.1109975e-05
 5.7437804e-02  3.5441709e-01  6.1085479e-05
 5.7437955e-02  3.5436080e-01  6.1109975e-05
 5.8681083e-02  9.5804601e-02  5.5217391e-05
 5.8702915e-02  9.3628529e-02  5.6625121e-05
 5.6512037e-02  9.3805679e-01  8.8740964e-05
 5.6526446e-02  9.2396214e-01  9.0503495e-05
 5.8074225e-02  1.8143856e-01  8.5497792e-05
 5.8125611e-02  1.7188877e-01  8.5868771e-05
 5.5982889e-02  1.6350910e+00  6.7417182e-05
 5.6002662e-02  1.6015139e+00  6.6052606e-05
 5.6973930e-02  5.7727348e-01  7.5234155e-05
 5.6996852e-02  5.6352729e-01  7.5642734e-05
 5.5887835e-02  1.8065571e+00  7.6761601e-05
 5.5902669e-02  1.7786629e+00  7.6158658e-05
 5.5887831e-02  1.8065658e+00  7.6746663e-05
 5.5902671e-02  1.7786597e+00  7.6172079e-05
 5.6973931e-02  5.7727337e-01  7.5243954e-05
 5.6996850e-02  5.6352835e-01  7.5604653e-05
 5.5384301e-02  3.0618926e+00  1.0123607e-04
 5.5399431e-02  3.0137918e+00  1.0198508e-04
 5.7563673e-02  3.1046481e-01  6.3249523e-05
 5.7586123e-02  3.0321846e-01  6.4056861e-05
 5.5321107e-02  3.2711714e+00  9.8073582e-05
 5.5339942e-02  3.2073505e+00  1.0036240e-04
 5.8512613e-02  1.1438896e-01  4.7390798e-05
 5.8557466e-02  1.0911502e-01  4.6877010e-05
 5.5707298e-02  2.1830740e+00  8.0393535e-05
 5.5724044e-02  2.1450876e+00  8.0377091e-05
 5.6511312e-02  9.3877109e-01  8.8691241e-05
 5.6525807e-02  9.2458248e-01  9.0448925e-05
 5.8682055e-02  9.5706652e-02  5.5222351e-05
 5.8703638e-02  9.3557378e-02  5.6698654e-05
 5.7672042e-02  2.7701357e-01  7.9144328e-05
 5.7698538e-02  2.6939850e-01  8.1242026e-05
 5.7673720e-02  2.7652502e-01  7.9194167e-05
 5.7699929e-02  2.6900458e-01  8.1347978e-05
 5.9125152e-02  6.0036898e-02  6.4167736e-05
 5.9173486e-02  5.7059190e-02  6.3824630e-05
 5.8032346e-02  1.8961249e-01  8.6082121e-05
 5.8088275e-02  1.7877595e-01  8.6097696e-05
 5.7027325e-02  5.4575676e-01  7.7557322e-05
 5.7059946e-02  5.2735449e-01  7.7587520e-05
 5.6788623e-02  7.0143730e-01  9.2740291e-05
 5.6819933e-02  6.7872631e-01  8.9953181e-05
 5.6788626e-02  7.0143522e-01  9.2743579e-05
 5.6819932e-02  6.7872707e-01  8.9902283e-05
 5.5982880e-02  1.6351065e+00  6.7404414e-05
 5.6002662e-02  1.6015136e+00  6.6064592e-05
 5.8074221e-02  1.8143932e-01  8.5489255e-05
 5.8125607e-02  1.7188943e-01  8.5793591e-05
 5.5321102e-02  3.2711904e+00  9.8065872e-05
 5.5339942e-02  3.2073521e+00  1.0036350e-04
 5.8512610e-02  1.1438934e-01  4.7402497e-05
 5.8557463e-02  1.0911545e-01  4.6857446e-05
 5.5093603e-02  4.1492567e+00  5.8624976e-05
 5.5114074e-02  4.0614943e+00  6.0855525e-05
 5.5320605e-02  3.2728890e+00  9.8038676e-05
 5.5339393e-02  3.2091924e+00  1.0035354e-04
 5.8509006e-02  1.1482395e-01  4.7585450e-05
 5.8554162e-02  1.0949511e-01  4.6845997e-05
 5.5981686e-02  1.6371555e+00  6.7491610e-05
 5.6001509e-02  1.6034528e+00  6.6141013e-05
 5.8070685e-02  1.8211571e-01  8.5574235e-05
 5.8122479e-02  1.7245608e-01  8.5765083e-05
 5.7025181e-02  5.4698847e-01  7.7613883e-05
 5.7058075e-02  5.2839297e-01  7.7610806e-05
 5.9127834e-02  5.9867657e-02  6.4056747e-05
 5.9175751e-02  5.6923362e-02  6.3800317e-05
 5.8028903e-02  1.9030065e-01  8.6154474e-05
 5.8085277e-02  1.7934075e-01  8.5969869e-05
 5.8388322e-02  1.3037311e-01  6.0847975e-05
 5.8442652e-02  1.2312844e-01  5.6088299e-05
 5.8391495e-02  1.2993864e-01  6.0525626e-05
 5.8445390e-02  1.2277416e-01  5.5929767e-05
 5.8391498e-02  1.2993815e-01  6.0528617e-05
 5.8445391e-02  1.2277408e-01  5.5893124e-05
 5.8388315e-02  1.3037407e-01  6.0827378e-05
 5.8442636e-02  1.2313051e-01  5.6018254e-05
 5.7027318e-02  5.4576100e-01  7.7547179e-05
 5.7059945e-02  5.2735488e-01  7.7625367e-05
 5.8032345e-02  1.8961277e-01  8.6073391e-05
 5.8088273e-02  1.7877628e-01  8.6022183e-05
 5.9125148e-02  6.0037147e-02  6.4136575e-05
 5.9173467e-02  5.7060350e-02  6.3737281e-05
 5.6512023e-02  9.3807082e-01  8.8700242e-05
 5.6526444e-02  9.2396338e-01  9.0507852e-05
 5.8681082e-02  9.5804700e-02  5.5212414e-05
 5.8702894e-02  9.3630647e-02  5.6581911e-05
 5.5707287e-02  2.1830980e+00  8.0371315e-05
 5.5724041e-02  2.1450936e+00  8.0359167e-05
 5.5320600e-02  3.2729087e+00  9.8020515e-05
 5.5339392e-02  3.2091988e+00  1.0032871e-04
 5.8509012e-02  1.1482323e-01  4.7571788e-05
 5.8554164e-02  1.0949492e-01  4.6877654e-05
 5.5383356e-02  3.0649192e+00  1.0121760e-04
 5.5398370e-02  3.0171426e+00  1.0202173e-04
 5.7560628e-02  3.1146080e-01  6.3251653e-05
 5.7583312e-02  3.0411639e-01  6.3914842e-05
 5.5886265e-02  1.8095352e+00  7.6814864e-05
 5.5901101e-02  1.7815925e+00  7.6265784e-05
 5.6971226e-02  5.7891695e-01  7.5334735e-05
 5.6994403e-02  5.6498026e-01  7.5586639e-05
 5.6786178e-02  7.0324228e-01  9.2999454e-05
 5.6817757e-02  6.8028062e-01  9.0128524e-05
 5.6786169e-02  7.0324869e-01  9.2984725e-05
 5.6817751e-02  6.8028527e-01  9.0033704e-05
 5.8028912e-02  1.9029895e-01  8.6183360e-05
 5.8085289e-02  1.7933856e-01  8.6092400e-05
 5.9127826e-02  5.9868166e-02  6.4052077e-05
 5.9175748e-02  5.6923561e-02  6.3835751e-05
 5.7025173e-02  5.4699344e-01  7.7593393e-05
 5.7058063e-02  5.2839942e-01  7.7527111e-05
 5.7673708e-02  2.7652842e-01  7.9169421e-05
 5.7699926e-02  2.6900542e-01  8.1374816e-05
 5.7672036e-02  2.7701537e-01  7.9126534e-05
 5.7698522e-02  2.6940318e-01  8.1161375e-05
 5.7437802e-02  3.5441774e-01  6.1083100e-05
 5.7437936e-02  3.5436779e-01  6.1072193e-05
 5.7437802e-02  3.5441774e-01  6.1083100e-05
 5.7437936e-02  3.5436779e-01  6.1072193e-05
 5.6511302e-02  9.3878143e-01  8.8667810e-05
 5.6525798e-02  9.2459095e-01  9.0385614e-05
 5.8682047e-02  9.5707535e-02  5.5203055e-05
 5.8703627e-02  9.3558399e-02  5.6703946e-05
 5.5981677e-02  1.6371712e+00  6.7476703e-05
 5.6001503e-02  1.6034625e+00  6.6096777e-05
 5.8070693e-02  1.8211411e-01  8.5587414e-05
 5.8122486e-02  1.7245493e-01  8.5877284e-05
 5.5886258e-02  1.8095479e+00  7.6819222e-05
 5.5901099e-02  1.7815952e+00  7.6226699e-05
 5.6971233e-02  5.7891291e-01  7.5323184e-05
 5.6994404e-02  5.6497944e-01  7.5649758e-05
 5.6232031e-02  1.2588182e+00  5.0118605e-05
 5.6232237e-02  1.2585463e+00  5.0121213e-05
 5.6232031e-02  1.2588182e+00  5.0118605e-05
 5.6232237e-02  1.2585463e+00  5.0121213e-05
 5.6971233e-02  5.7891291e-01  7.5323184e-05
 5.6994404e-02  5.6497944e-01  7.5649758e-05
 5.5886258e-02  1.8095479e+00  7.6819222e-05
 5.5901099e-02  1.7815952e+00  7.6226699e-05
 5.8070693e-02  1.8211411e-01  8.5587414e-05
 5.8122486e-02  1.7245493e-01  8.5877284e-05
 5.5981677e-02  1.6371712e+00  6.7476703e-05
 5.6001503e-02  1.6034625e+00  6.6096777e-05
 5.8682047e-02  9.5707535e-02  5.5203055e-05
 5.8703627e-02  9.3558399e-02  5.6703946e-05
 5.6511302e-02  9.3878143e-01  8.8667810e-05
 5.6525798e-02  9.2459095e-01  9.0385614e-05
 5.8681082e-02  9.5804700e-02  5.5212414e-05
 5.8702894e-02  9.3630647e-02  5.6581911e-05
 5.6512023e-02  9.3807082e-01  8.8700242e-05
 5.6526444e-02  9.2396338e-01  9.0507852e-05
 5.7672036e-02  2.7701537e-01  7.9126534e-05
 5.7698522e-02  2.6940318e-01  8.1161375e-05
 5.7673708e-02  2.7652842e-01  7.9169421e-05
 5.7699926e-02  2.6900542e-01  8.1374816e-05
 5.7025173e-02  5.4699344e-01  7.7593393e-05
 5.7058063e-02  5.2839942e-01  7.7527111e-05
 5.9127826e-02  5.9868165e-02  6.4052077e-05
 5.9175748e-02  5.6923561e-02  6.3835751e-05
 5.8028912e-02  1.9029895e-01  8.6183360e-05
 5.8085289e-02  1.7933856e-01  8.6092400e-05
 5.6786169e-02  7.0324869e-01  9.2984725e-05
 5.6817751e-02  6.8028527e-01  9.0033704e-05
 5.6786178e-02  7.0324228e-01  9.2999454e-05
 5.6817757e-02  6.8028062e-01  9.0128524e-05
 5.6971226e-02  5.7891695e-01  7.5334735e-05
 5.6994403e-02  5.6498026e-01  7.5586639e-05
 5.5886265e-02  1.8095352e+00  7.6814864e-05
 5.5901101e-02  1.7815925e+00  7.6265784e-05
 5.7560628e-02  3.1146080e-01  6.3251653e-05
 5.7583312e-02  3.0411639e-01  6.3914842e-05
 5.5383356e-02  3.0649192e+00  1.0121760e-04
 5.5398370e-02  3.0171426e+00  1.0202173e-04
 5.8509012e-02  1.1482323e-01  4.7571788e-05
 5.8554164e-02  1.0949492e-01  4.6877653e-05
 5.5320600e-02  3.2729087e+00  9.8020515e-05
 5.5339392e-02  3.2091988e+00  1.0032871e-04
 5.5707287e-02  2.1830980e+00  8.0371315e-05
 5.5724041e-02  2.1450936e+00  8.0359167e-05
 5.8074221e-02  1.8143932e-01  8.5489255e-05
 5.8125607e-02  1.7188943e-01  8.5793591e-05
 5.5982880e-02  1.6351065e+00  6.7404414e-05
 5.6002662e-02  1.6015136e+00  6.6064592e-05
 5.9125148e-02  6.0037147e-02  6.4136575e-05
 5.9173467e-02  5.7060350e-02  6.3737281e-05
 5.8032345e-02  1.8961277e-01  8.6073391e-05
 5.8088273e-02  1.7877628e-01  8.6022183e-05
 5.7027318e-02  5.4576100e-01  7.7547179e-05
 5.7059945e-02  5.2735488e-01  7.7625367e-05
 5.8388315e-02  1.3037407e-01  6.0827378e-05
 5.8442636e-02  1.2313051e-01  5.6018254e-05
 5.8391498e-02  1.2993815e-01  6.0528617e-05
 5.8445391e-02  1.2277408e-01  5.5893124e-05
 5.8391495e-02  1.2993864e-01  6.0525625e-05
 5.8445390e-02  1.2277416e-01  5.5929767e-05
 5.8388322e-02  1.3037311e-01  6.0847975e-05
 5.8442652e-02  1.2312844e-01  5.6088299e-05
 5.8028903e-02  1.9030065e-01  8.6154474e-05
 5.8085277e-02  1.7934075e-01  8.5969869e-05
 5.9127834e-02  5.9867657e-02  6.4056747e-05
 5.9175751e-02  5.6923362e-02  6.3800317e-05
 5.7025181e-02  5.4698847e-01  7.7613883e-05
 5.7058075e-02  5.2839297e-01  7.7610806e-05
 5.8070685e-02  1.8211571e-01  8.5574235e-05
 5.8122479e-02  1.7245608e-01  8.5765083e-05
 5.5981686e-02  1.6371555e+00  6.7491610e-05
 5.6001509e-02  1.6034528e+00  6.6141013e-05
 5.8509006e-02  1.1482395e-01  4.7585450e-05
 5.8554162e-02  1.0949511e-01  4.6845997e-05
 5.5320605e-02  3.2728890e+00  9.8038676e-05
 5.5339393e-02  3.2091924e+00  1.0035354e-04
 5.5093603e-02  4.1492567e+00  5.8624976e-05
 5.5114074e-02  4.0614943e+00  6.0855525e-05
 5.8512610e-02  1.1438934e-01  4.7402497e-05
 5.8557463e-02  1.0911545e-01  4.6857446e-05
 5.5321102e-02  3.2711904e+00  9.8065872e-05
 5.5339942e-02  3.2073521e+00  1.0036350e-04
 5.6973931e-02  5.7727337e-01  7.5243955e-05
 5.6996850e-02  5.6352835e-01  7.5604653e-05
 5.5887831e-02  1.8065658e+00  7.6746663e-05
 5.5902671e-02  1.7786597e+00  7.6172079e-05
 5.6788626e-02  7.0143522e-01  9.2743580e-05
 5.6819932e-02  6.7872707e-01  8.9902283e-05
 5.6788623e-02  7.0143730e-01  9.2740291e-05
 5.6819933e-02  6.7872631e-01  8.9953181e-05
 5.7027325e-02  5.4575676e-01  7.7557322e-05
 5.7059946e-02  5.2735449e-01  7.7587520e-05
 5.8032346e-02  1.8961249e-01  8.6082121e-05
 5.8088275e-02  1.7877595e-01  8.6097696e-05
 5.9125152e-02  6.0036898e-02  6.4167736e-05
 5.9173486e-02  5.7059190e-02  6.3824630e-05
 5.7673720e-02  2.7652502e-01  7.9194167e-05
 5.7699929e-02  2.6900458e-01  8.1347978e-05
 5.7672042e-02  2.7701357e-01  7.9144328e-05
 5.7698538e-02  2.6939850e-01  8.1242026e-05
 5.8682055e-02  9.5706652e-02  5.5222351e-05
 5.8703638e-02  9.3557378e-02  5.6698654e-05
 5.6511312e-02  9.3877109e-01  8.8691241e-05
 5.6525807e-02  9.2458248e-01  9.0448925e-05
 5.5707298e-02  2.1830740e+00  8.0393535e-05
 5.5724044e-02  2.1450876e+00  8.0377091e-05
 5.8512613e-02  1.1438896e-01  4.7390798e-05
 5.8557466e-02  1.0911502e-01  4.6877010e-05
 5.5321107e-02  3.2711714e+00  9.8073582e-05
 5.5339942e-02  3.2073505e+00  1.0036240e-04
 5.7563673e-02  3.1046481e-01  6.3249523e-05
 5.7586123e-02  3.0321846e-01  6.4056861e-05
 5.5384301e-02  3.0618926e+00  1.0123607e-04
 5.5399431e-02  3.0137918e+00  1.0198508e-04
 5.8003800e-02  1.9539408e-01  7.3451125e-05
 5.8003807e-02  1.9539262e-01  7.3590375e-05
 5.4722008e-02  6.1121505e+00  8.0668491e-05
 5.4722012e-02  6.1121273e+00  8.0711078e-05
 5.7563677e-02  3.1046341e-01  6.3340389e-05
 5.7586116e-02  3.0322063e-01  6.3961377e-05
 5.5384298e-02  3.0619022e+00  1.0117539e-04
 5.5399435e-02  3.0137800e+00  1.0208289e-04
 5.7533450e-02  3.2049388e-01  5.8544547e-05
 5.7567410e-02  3.0924650e-01  5.9778698e-05
 5.6442554e-02  1.0090971e+00  9.0641727e-05
 5.6477876e-02  9.7233746e-01  9.6230545e-05
 5.7914846e-02  2.1456520e-01  8.1383166e-05
 5.7948314e-02  2.0714101e-01  8.0600428e-05
 5.7829635e-02  2.3469036e-01  9.1787042e-05
 5.7888093e-02  2.2069066e-01  9.2425134e-05
 5.7911955e-02  2.1521879e-01  8.1457796e-05
 5.7945719e-02  2.0770734e-01  8.0771330e-05
 5.8682850e-02  9.5626613e-02  5.5341251e-05
 5.8704328e-02  9.3489416e-02  5.6676613e-05
 5.6510528e-02  9.3954555e-01  8.8556746e-05
 5.6525176e-02  9.2519572e-01  9.0430003e-05
 5.5433263e-02  2.9089424e+00  9.2827348e-05
 5.5433345e-02  2.9086912e+00  9.2860024e-05
 5.4739792e-02  6.0001021e+00  7.8286325e-05
 5.4747763e-02  5.9505374e+00  7.7915060e-05
 5.8794694e-02  8.5008126e-02  5.7842966e-05
 5.8825714e-02  8.2277713e-02  5.8889568e-05
 5.4496086e-02  7.7287478e+00  7.0370603e-05
 5.4504164e-02  7.6642706e+00  7.1256987e-05
 5.7563674e-02  3.1046450e-01  6.3321461e-05
 5.7586120e-02  3.0321960e-01  6.3982695e-05
 5.5384299e-02  3.0618984e+00  1.0117152e-04
 5.5399435e-02  3.0137790e+00  1.0204036e-04
 5.6973934e-02  5.7727155e-01  7.5319692e-05
 5.6996844e-02  5.6353159e-01  7.5532432e-05
 5.5887831e-02  1.8065660e+00  7.6694998e-05
 5.5902674e-02  1.7786546e+00  7.6226704e-05
 5.6788628e-02  7.0143337e-01  9.2813959e-05
 5.6819927e-02  6.7873038e-01  8.9852842e-05
 5.6788624e-02  7.0143640e-01  9.2713773e-05
 5.6819935e-02  6.7872519e-01  8.9991759e-05
 5.7027327e-02  5.4575577e-01  7.7621331e-05
 5.7059942e-02  5.2735631e-01  7.7549858e-05
 5.8032347e-02  1.8961230e-01  8.6074502e-05
 5.8088277e-02  1.7877563e-01  8.6117668e-05
 5.9125150e-02  6.0037005e-02  6.4115142e-05
 5.9173486e-02  5.7059193e-02  6.3863565e-05
 5.7673721e-02  2.7652480e-01  7.9276210e-05
 5.7699927e-02  2.6900501e-01  8.1290835e-05
 5.7672041e-02  2.7701395e-01  7.9063556e-05
 5.7698538e-02  2.6939840e-01  8.1293114e-05
 5.8682055e-02  9.5706647e-02  5.5320790e-05
 5.8703638e-02  9.3557380e-02  5.6630846e-05
 5.6511311e-02  9.3877276e-01  8.8575057e-05
 5.6525808e-02  9.2458087e-01  9.0523190e-05
 5.5707296e-02  2.1830785e+00  8.0327671e-05
 5.5724046e-02  2.1450812e+00  8.0409428e-05
 5.8512612e-02  1.1438906e-01  4.7420148e-05
 5.8557465e-02  1.0911521e-01  4.6847353e-05
 5.5321105e-02  3.2711780e+00  9.8015755e-05
 5.5339946e-02  3.2073385e+00  1.0039336e-04
 5.7533444e-02  3.2049610e-01  5.8525487e-05
 5.7567412e-02  3.0924586e-01  5.9799338e-05
 5.6442554e-02  1.0090980e+00  9.0631548e-05
 5.6477876e-02  9.7233732e-01  9.6169600e-05
 5.6788623e-02  7.0143681e-01  9.2807315e-05
 5.6819928e-02  6.7873020e-01  8.9862177e-05
 5.6788622e-02  7.0143747e-01  9.2713461e-05
 5.6819933e-02  6.7872619e-01  8.9948225e-05
 5.6442556e-02  1.0090955e+00  9.0708742e-05
 5.6477869e-02  9.7234389e-01  9.6111442e-05
 5.7533445e-02  3.2049561e-01  5.8460628e-05
 5.7567416e-02  3.0924471e-01  5.9873331e-05
 5.6523838e-02  9.2649754e-01  1.0527745e-04
 5.6559781e-02  8.9215799e-01  1.0859375e-04
 5.8625785e-02  1.0154537e-01  4.6275960e-05
 5.8677437e-02  9.6172969e-02  4.8464091e-05
 5.8622023e-02  1.0194821e-01  4.6290123e-05
 5.8673999e-02  9.6521588e-02  4.8260657e-05
 5.7026837e-02  5.4603691e-01  7.7649639e-05
 5.7059408e-02  5.2765292e-01  7.7597966e-05
 5.9125983e-02  5.9984413e-02  6.4065901e-05
 5.9174210e-02  5.7015765e-02  6.3863841e-05
 5.8028590e-02  1.9036338e-01  8.6181145e-05
 5.8084973e-02  1.7939811e-01  8.5995351e-05
 5.7913578e-02  2.1485172e-01  8.1455454e-05
 5.7947093e-02  2.0740727e-01  8.0690226e-05
 5.7913577e-02  2.1485193e-01  8.1315701e-05
 5.7947094e-02  2.0740707e-01  8.0757664e-05
 5.7825912e-02  2.3561148e-01  9.1795243e-05
 5.7884908e-02  2.2143153e-01  9.2267692e-05
 5.9125984e-02  5.9984352e-02  6.4156864e-05
 5.9174210e-02  5.7015723e-02  6.3801472e-05
 5.7026835e-02  5.4603814e-01  7.7543326e-05
 5.7059411e-02  5.2765087e-01  7.7641579e-05
 5.8028592e-02  1.9036304e-01  8.6161790e-05
 5.8084969e-02  1.7939888e-01  8.5956057e-05
 5.8625783e-02  1.0154557e-01  4.6309106e-05
 5.8677434e-02  9.6173260e-02  4.8424819e-05
 5.6523835e-02  9.2650018e-01  1.0518012e-04
 5.6559787e-02  8.9215266e-01  1.0864207e-04
 5.8622025e-02  1.0194799e-01  4.6262777e-05
 5.8673992e-02  9.6522256e-02  4.8224031e-05
 5.7914835e-02  2.1456771e-01  8.1353612e-05
 5.7948314e-02  2.0714101e-01  8.0622573e-05
 5.7829631e-02  2.3469143e-01  9.1768289e-05
 5.7888091e-02  2.2069103e-01  9.2344322e-05
 5.7911956e-02  2.1521875e-01  8.1422699e-05
 5.7945700e-02  2.0771165e-01  8.0695624e-05
 5.7027318e-02  5.4576116e-01  7.7603690e-05
 5.7059940e-02  5.2735737e-01  7.7548995e-05
 5.8032342e-02  1.8961329e-01  8.6061439e-05
 5.8088272e-02  1.7877651e-01  8.6038113e-05
 5.9125152e-02  6.0036911e-02  6.4091104e-05
 5.9173465e-02  5.7060446e-02  6.3820789e-05
 5.6523832e-02  9.2650270e-01  1.0526219e-04
 5.6559779e-02  8.9215990e-01  1.0858064e-04
 5.8625783e-02  1.0154566e-01  4.6286238e-05
 5.8677432e-02  9.6173477e-02  4.8441532e-05
 5.8622030e-02  1.0194752e-01  4.6278739e-05
 5.8673998e-02  9.6521657e-02  4.8291550e-05
 5.6442190e-02  1.0094836e+00  9.0678754e-05
 5.6477430e-02  9.7279270e-01  9.6099502e-05
 5.7530118e-02  3.2161915e-01  5.8476911e-05
 5.7564330e-02  3.1025020e-01  5.9690019e-05
 5.6787816e-02  7.0203213e-01  9.2888044e-05
 5.6819002e-02  6.7939068e-01  8.9985113e-05
 5.6785547e-02  7.0370906e-01  9.3061630e-05
 5.6817161e-02  6.8070731e-01  9.0115037e-05
 5.7531903e-02  3.2101581e-01  5.8514030e-05
 5.7565880e-02  3.0974478e-01  5.9760724e-05
 5.6439647e-02  1.0121845e+00  9.0313744e-05
 5.6475364e-02  9.7490620e-01  9.5799984e-05
 5.8623223e-02  1.0181952e-01  4.6276532e-05
 5.8675109e-02  9.6408909e-02  4.8325738e-05
 5.8625121e-02  1.0161643e-01  4.6277580e-05
 5.8676648e-02  9.6252850e-02  4.8428358e-05
 5.6521170e-02  9.2909838e-01  1.0498812e-04
 5.6557531e-02  8.9427034e-01  1.0840214e-04
 5.9128286e-02  5.9839220e-02  6.4060416e-05
 5.9176271e-02  5.6892188e-02  6.3776430e-05
 5.8032117e-02  1.8965820e-01  8.6076093e-05
 5.8087969e-02  1.7883345e-01  8.6050422e-05
 5.7024585e-02  5.4733185e-01  7.7605983e-05
 5.7057509e-02  5.2870709e-01  7.7541429e-05
 5.8682835e-02  9.5628193e-02  5.5309406e-05
 5.8704327e-02  9.3489552e-02  5.6685504e-05
 5.6510527e-02  9.3954654e-01  8.8529632e-05
 5.6525158e-02  9.2521336e-01  9.0360970e-05
 5.7673708e-02  2.7652861e-01  7.9249841e-05
 5.7699922e-02  2.6900644e-01  8.1270061e-05
 5.7672039e-02  2.7701458e-01  7.9047032e-05
 5.7698521e-02  2.6940346e-01  8.1265421e-05
 5.7026827e-02  5.4604267e-01  7.7631143e-05
 5.7059402e-02  5.2765586e-01  7.7567517e-05
 5.9125980e-02  5.9984619e-02  6.4062699e-05
 5.9174194e-02  5.7016733e-02  6.3857753e-05
 5.8028598e-02  1.9036171e-01  8.6196612e-05
 5.8084976e-02  1.7939759e-01  8.6100487e-05
 5.6787810e-02  7.0203664e-01  9.2874644e-05
 5.6819000e-02  6.7939264e-01  8.9954023e-05
 5.6785553e-02  7.0370468e-01  9.3062228e-05
 5.6817161e-02  6.8070723e-01  9.0179047e-05
 5.6972796e-02  5.7796226e-01  7.5347673e-05
 5.6995518e-02  5.6431830e-01  7.5631272e-05
 5.5885307e-02  1.8113547e+00  7.6847289e-05
 5.5900341e-02  1.7830136e+00  7.6286856e-05
 5.7561927e-02  3.1103540e-01  6.3270462e-05
 5.7584338e-02  3.0378850e-01  6.3947767e-05
 5.5382147e-02  3.0688018e+00  1.0114154e-04
 5.5397497e-02  3.0198979e+00  1.0196673e-04
 5.8509947e-02  1.1471038e-01  4.7509220e-05
 5.8555040e-02  1.0939403e-01  4.6853659e-05
 5.5319293e-02  3.2773868e+00  9.7855189e-05
 5.5338363e-02  3.2126550e+00  1.0021121e-04
 5.5705911e-02  2.1862490e+00  8.0362231e-05
 5.5722870e-02  2.1477276e+00  8.0341374e-05
 5.5433261e-02  2.9089468e+00  9.2815613e-05
 5.5433331e-02  2.9087356e+00  9.2813535e-05
 5.8682044e-02  9.5707768e-02  5.5319868e-05
 5.8703626e-02  9.3558521e-02  5.6592436e-05
 5.6511303e-02  9.3878026e-01  8.8552760e-05
 5.6525798e-02  9.2459060e-01  9.0522719e-05
 5.7913566e-02  2.1485429e-01  8.1434440e-05
 5.7947083e-02  2.0740953e-01  8.0615338e-05
 5.7913569e-02  2.1485362e-01  8.1312794e-05
 5.7947085e-02  2.0740919e-01  8.0775942e-05
 5.7825920e-02  2.3560962e-01  9.1829559e-05
 5.7884915e-02  2.2142974e-01  9.2384019e-05
 5.7531893e-02  3.2101928e-01  5.8512722e-05
 5.7565873e-02  3.0974702e-01  5.9707753e-05
 5.6439654e-02  1.0121766e+00  9.0335292e-05
 5.6475368e-02  9.7490204e-01  9.5894757e-05
 5.7561920e-02  3.1103784e-01  6.3285887e-05
 5.7584336e-02  3.0378912e-01  6.3902521e-05
 5.5382152e-02  3.0687833e+00  1.0114998e-04
 5.5397498e-02  3.0198961e+00  1.0203655e-04
 5.8001585e-02  1.9585007e-01  7.3565436e-05
 5.8001825e-02  1.9580051e-01  7.3589819e-05
 5.4720444e-02  6.1221013e+00  8.0732440e-05
 5.4720570e-02  6.1213000e+00  8.0736743e-05
 5.8791920e-02  8.5256639e-02  5.7827140e-05
 5.8823171e-02  8.2498242e-02  5.8846271e-05
 5.4495027e-02  7.7372426e+00  7.0285025e-05
 5.4503127e-02  7.6725206e+00  7.1170521e-05
 5.4739186e-02  6.0038866e+00  7.8302461e-05
 5.4747208e-02  5.9539794e+00  7.7916150e-05
 5.4739782e-02  6.0001632e+00  7.8271684e-05
 5.4747763e-02  5.9505428e+00  7.7917525e-05
 5.5707287e-02  2.1830982e+00  8.0321359e-05
 5.5724042e-02  2.1450902e+00  8.0434710e-05
 5.9125975e-02  5.9984943e-02  6.4132814e-05
 5.9174195e-02  5.7016680e-02  6.3713316e-05
 5.7026828e-02  5.4604200e-01  7.7547969e-05
 5.7059406e-02  5.2765376e-01  7.7682416e-05
 5.8028597e-02  1.9036196e-01  8.6211536e-05
 5.8084981e-02  1.7939658e-01  8.6077642e-05
 5.8623213e-02  1.0182063e-01  4.6288152e-05
 5.8675096e-02  9.6410206e-02  4.8270324e-05
 5.8625116e-02  1.0161693e-01  4.6277680e-05
 5.8676643e-02  9.6253323e-02  4.8458509e-05
 5.6521176e-02  9.2909201e-01  1.0503552e-04
 5.6557540e-02  8.9426161e-01  1.0852411e-04
 5.8509937e-02  1.1471153e-01  4.7526988e-05
 5.8555032e-02  1.0939495e-01  4.6805730e-05
 5.5319299e-02  3.2773639e+00  9.7886800e-05
 5.5338368e-02  3.2126369e+00  1.0029753e-04
 5.8791914e-02  8.5257221e-02  5.7850886e-05
 5.8823168e-02  8.2498486e-02  5.8794652e-05
 5.4495032e-02  7.7371984e+00  7.0294667e-05
 5.4503128e-02  7.6725125e+00  7.1201255e-05
 5.4106319e-02  1.1561948e+01  7.5235319e-05
 5.4114487e-02  1.1465149e+01  7.5692252e-05
 5.4189974e-02  1.0607265e+01  7.3624393e-05
 5.4198604e-02  1.0513280e+01  7.3529520e-05
 5.8794692e-02  8.5008259e-02  5.7861735e-05
 5.8825711e-02  8.2278033e-02  5.8861133e-05
 5.4496081e-02  7.7287879e+00  7.0364111e-05
 5.4504164e-02  7.6642676e+00  7.1265363e-05
 5.8512612e-02  1.1438910e-01  4.7441251e-05
 5.8557461e-02  1.0911569e-01  4.6823339e-05
 5.5321101e-02  3.2711937e+00  9.8021057e-05
 5.5339944e-02  3.2073447e+00  1.0043692e-04
 5.8625787e-02  1.0154521e-01  4.6333360e-05
 5.8677431e-02  9.6173546e-02  4.8398988e-05
 5.6523832e-02  9.2650263e-01  1.0519635e-04
 5.6559784e-02  8.9215512e-01  1.0871182e-04
 5.8622027e-02  1.0194775e-01  4.6279155e-05
 5.8674008e-02  9.6520622e-02  4.8280717e-05
 5.9128294e-02  5.9838695e-02  6.4077732e-05
 5.9176270e-02  5.6892250e-02  6.3742867e-05
 5.8032118e-02  1.8965810e-01  8.6101621e-05
 5.8087967e-02  1.7883381e-01  8.6131288e-05
 5.7024588e-02  5.4732976e-01  7.7641782e-05
 5.7057524e-02  5.2869882e-01  7.7626030e-05
 5.5705917e-02  2.1862371e+00  8.0393975e-05
 5.5722882e-02  2.1477022e+00  8.0413202e-05
 5.4739194e-02  6.0038381e+00  7.8331471e-05
 5.4747212e-02  5.9539519e+00  7.7961045e-05
 5.4189979e-02  1.0607205e+01  7.3634358e-05
 5.4198605e-02  1.0513272e+01  7.3538171e-05
 5.4106805e-02  1.1556169e+01  7.5250851e-05
 5.4115015e-02  1.1458915e+01  7.5691463e-05
 5.3552182e-02  2.0358101e+01  3.3991057e-05
 5.3552184e-02  2.0358070e+01  3.4004789e-05
 5.4106802e-02  1.1556195e+01  7.5225683e-05
 5.4115016e-02  1.1458906e+01  7.5735769e-05
 5.5093601e-02  4.1492664e+00  5.8600078e-05
 5.5114075e-02  4.0614879e+00  6.0908751e-05
 5.6442188e-02  1.0094852e+00  9.0627300e-05
 5.6477433e-02  9.7278917e-01  9.6209457e-05
 5.7530117e-02  3.2161951e-01  5.8474599e-05
 5.7564338e-02  3.1024759e-01  5.9710795e-05
 5.8073817e-02  1.8151639e-01  8.5549538e-05
 5.8125053e-02  1.7198961e-01  8.5901710e-05
 5.5980535e-02  1.6391344e+00  6.7559625e-05
 5.6000514e-02  1.6051291e+00  6.6233003e-05
 5.4738657e-02  6.0071925e+00  7.8345901e-05
 5.4746747e-02  5.9568323e+00  7.8011946e-05
 5.3882048e-02  1.4554154e+01  4.1247092e-05
 5.3882076e-02  1.4553745e+01  4.1256649e-05
 5.3472210e-02  2.2069439e+01  4.0238453e-05
 5.3475085e-02  2.2005596e+01  4.0167659e-05
 5.4106804e-02  1.1556179e+01  7.5216640e-05
 5.4115018e-02  1.1458884e+01  7.5709103e-05
 5.8794696e-02  8.5007915e-02  5.7931865e-05
 5.8825704e-02  8.2278575e-02  5.8794012e-05
 5.4496082e-02  7.7287797e+00  7.0338712e-05
 5.4504166e-02  7.6642567e+00  7.1294599e-05
 5.8512615e-02  1.1438871e-01  4.7488987e-05
 5.8557455e-02  1.0911633e-01  4.6792690e-05
 5.5321103e-02  3.2711872e+00  9.8012944e-05
 5.5339945e-02  3.2073416e+00  1.0046115e-04
 5.8625789e-02  1.0154500e-01  4.6381442e-05
 5.8677427e-02  9.6173940e-02  4.8375019e-05
 5.6523834e-02  9.2650098e-01  1.0520364e-04
 5.6559785e-02  8.9215388e-01  1.0872498e-04
 5.8622026e-02  1.0194792e-01  4.6231012e-05
 5.8674007e-02  9.6520723e-02  4.8300771e-05
 5.9128294e-02  5.9838674e-02  6.4130201e-05
 5.9176269e-02  5.6892353e-02  6.3697333e-05
 5.8032119e-02  1.8965783e-01  8.6118468e-05
 5.8087969e-02  1.7883349e-01  8.6130179e-05
 5.7024586e-02  5.4733081e-01  7.7576999e-05
 5.7057524e-02  5.2869886e-01  7.7655232e-05
 5.5705915e-02  2.1862419e+00  8.0328717e-05
 5.5722883e-02  2.1476997e+00  8.0439050e-05
 5.4739191e-02  6.0038563e+00  7.8276942e-05
 5.4747215e-02  5.9539341e+00  7.7979010e-05
 5.4189977e-02  1.0607226e+01  7.3593637e-05
 5.4198607e-02  1.0513241e+01  7.3543493e-05
 5.5093602e-02  4.1492628e+00  5.8583899e-05
 5.5114078e-02  4.0614750e+00  6.0870995e-05
 5.8512612e-02  1.1438909e-01  4.7478574e-05
 5.8557456e-02  1.0911621e-01  4.6798384e-05
 5.5321102e-02  3.2711891e+00  9.8003438e-05
 5.5339946e-02  3.2073389e+00  1.0041662e-04
 5.8074225e-02  1.8143861e-01  8.5584649e-05
 5.8125599e-02  1.7189091e-01  8.5704902e-05
 5.5982882e-02  1.6351020e+00  6.7367745e-05
 5.6002665e-02  1.6015095e+00  6.6114431e-05
 5.8032348e-02  1.8961206e-01  8.6171347e-05
 5.8088266e-02  1.7877766e-01  8.5954024e-05
 5.7027321e-02  5.4575926e-01  7.7530692e-05
 5.7059947e-02  5.2735359e-01  7.7664627e-05
 5.9125146e-02  6.0037298e-02  6.4168042e-05
 5.9173475e-02  5.7059850e-02  6.3758764e-05
 5.8391500e-02  1.2993785e-01  6.0617144e-05
 5.8445386e-02  1.2277472e-01  5.5860773e-05
 5.8391497e-02  1.2993835e-01  6.0531519e-05
 5.8445393e-02  1.2277375e-01  5.5940433e-05
 5.8388321e-02  1.3037332e-01  6.0759006e-05
 5.8442650e-02  1.2312868e-01  5.6111576e-05
 5.8388314e-02  1.3037432e-01  6.0839985e-05
 5.8442642e-02  1.2312972e-01  5.6023875e-05
 5.9127835e-02  5.9867639e-02  6.4149335e-05
 5.9175749e-02  5.6923464e-02  6.3730322e-05
 5.7025180e-02  5.4698942e-01  7.7508410e-05
 5.7058075e-02  5.2839304e-01  7.7643799e-05
 5.8028903e-02  1.9030067e-01  8.6154305e-05
 5.8085280e-02  1.7934032e-01  8.5945105e-05
 5.5981684e-02  1.6371597e+00  6.7411031e-05
 5.6001512e-02  1.6034488e+00  6.6163005e-05
 5.8070686e-02  1.8211543e-01  8.5555405e-05
 5.8122478e-02  1.7245636e-01  8.5698284e-05
 5.5320603e-02  3.2728977e+00  9.7950710e-05
 5.5339398e-02  3.2091783e+00  1.0036815e-04
 5.8509008e-02  1.1482375e-01  4.7554529e-05
 5.8554158e-02  1.0949558e-01  4.6784068e-05
 5.6442188e-02  1.0094860e+00  9.0593496e-05
 5.6477436e-02  9.7278622e-01  9.6128489e-05
 5.7530120e-02  3.2161874e-01  5.8434035e-05
 5.7564324e-02  3.1025229e-01  5.9650468e-05
 5.8625782e-02  1.0154571e-01  4.6364491e-05
 5.8677426e-02  9.6174061e-02  4.8379924e-05
 5.6523832e-02  9.2650317e-01  1.0517872e-04
 5.6559785e-02  8.9215429e-01  1.0864057e-04
 5.8622029e-02  1.0194757e-01  4.6207599e-05
 5.8673991e-02  9.6522344e-02  4.8269399e-05
 5.8032344e-02  1.8961288e-01  8.6160895e-05
 5.8088264e-02  1.7877802e-01  8.5951321e-05
 5.7027320e-02  5.4576009e-01  7.7528094e-05
 5.7059945e-02  5.2735486e-01  7.7622185e-05
 5.9125153e-02  6.0036829e-02  6.4165313e-05
 5.9173472e-02  5.7060024e-02  6.3807364e-05
 5.7829634e-02  2.3469056e-01  9.1863775e-05
 5.7888083e-02  2.2069305e-01  9.2289343e-05
 5.7914839e-02  2.1456688e-01  8.1285019e-05
 5.7948317e-02  2.0714035e-01  8.0715423e-05
 5.7911955e-02  2.1521895e-01  8.1491922e-05
 5.7945708e-02  2.0770993e-01  8.0718531e-05
 5.8032121e-02  1.8965746e-01  8.6196622e-05
 5.8087962e-02  1.7883486e-01  8.6004863e-05
 5.9128289e-02  5.9839040e-02  6.4043807e-05
 5.9176275e-02  5.6891971e-02  6.3825782e-05
 5.7024583e-02  5.4733302e-01  7.7635564e-05
 5.7057517e-02  5.2870316e-01  7.7569707e-05
 5.8625123e-02  1.0161618e-01  4.6386018e-05
 5.8676644e-02  9.6253287e-02  4.8405631e-05
 5.8623223e-02  1.0181955e-01  4.6168990e-05
 5.8675107e-02  9.6409110e-02  4.8339603e-05
 5.6521169e-02  9.2909927e-01  1.0500103e-04
 5.6557534e-02  8.9426701e-01  1.0841299e-04
 5.7531902e-02  3.2101641e-01  5.8404755e-05
 5.7565882e-02  3.0974423e-01  5.9793602e-05
 5.6439648e-02  1.0121835e+00  9.0305911e-05
 5.6475363e-02  9.7490718e-01  9.5770817e-05
 5.6787813e-02  7.0203442e-01  9.2759725e-05
 5.6819008e-02  6.7938695e-01  9.0002604e-05
 5.6785549e-02  7.0370743e-01  9.3028862e-05
 5.6817156e-02  6.8071084e-01  9.0047698e-05
 5.8073814e-02  1.8151699e-01  8.5505453e-05
 5.8125055e-02  1.7198932e-01  8.5805981e-05
 5.5980536e-02  1.6391326e+00  6.7517538e-05
 5.6000499e-02  1.6051528e+00  6.6175278e-05
 5.9128284e-02  5.9839310e-02  6.4105789e-05
 5.9176264e-02  5.6892615e-02  6.3692897e-05
 5.8032114e-02  1.8965884e-01  8.6086098e-05
 5.8087966e-02  1.7883406e-01  8.6032127e-05
 5.7024587e-02  5.4733036e-01  7.7549392e-05
 5.7057509e-02  5.2870746e-01  7.7618168e-05
 5.8391492e-02  1.2993900e-01  6.0602331e-05
 5.8445380e-02  1.2277541e-01  5.5851247e-05
 5.8391493e-02  1.2993891e-01  6.0527226e-05
 5.8445386e-02  1.2277461e-01  5.5891482e-05
 5.8388320e-02  1.3037340e-01  6.0750471e-05
 5.8442635e-02  1.2313066e-01  5.6098792e-05
 5.8388322e-02  1.3037310e-01  6.0844084e-05
 5.8442641e-02  1.2312981e-01  5.6084147e-05
 5.8032116e-02  1.8965850e-01  8.6183936e-05
 5.8087959e-02  1.7883549e-01  8.5987879e-05
 5.9128287e-02  5.9839125e-02  6.4045123e-05
 5.9176268e-02  5.6892368e-02  6.3784653e-05
 5.7024589e-02  5.4732958e-01  7.7637266e-05
 5.7057515e-02  5.2870416e-01  7.7622769e-05
 5.8073818e-02  1.8151632e-01  8.5620866e-05
 5.8125047e-02  1.7199075e-01  8.5784875e-05
 5.5980535e-02  1.6391350e+00  6.7560888e-05
 5.6000506e-02  1.6051416e+00  6.6202137e-05
 5.8511856e-02  1.1448012e-01  4.7508548e-05
 5.8556526e-02  1.0922304e-01  4.6866324e-05
 5.5318996e-02  3.2784044e+00  9.7839345e-05
 5.5338073e-02  3.2136278e+00  1.0020173e-04
 5.5091700e-02  4.1575106e+00  5.8462822e-05
 5.5112478e-02  4.0682689e+00  6.0679917e-05
 5.8511852e-02  1.1448058e-01  4.7399083e-05
 5.8556532e-02  1.0922234e-01  4.6862275e-05
 5.5318998e-02  3.2783979e+00  9.7815212e-05
 5.5338069e-02  3.2136434e+00  1.0016376e-04
 5.4738657e-02  6.0071928e+00  7.8307892e-05
 5.4746735e-02  5.9569062e+00  7.7957618e-05
 5.5705913e-02  2.1862459e+00  8.0312699e-05
 5.5722870e-02  2.1477287e+00  8.0416940e-05
 5.9127823e-02  5.9868359e-02  6.4122267e-05
 5.9175740e-02  5.6924011e-02  6.3691087e-05
 5.7025176e-02  5.4699170e-01  7.7510265e-05
 5.7058062e-02  5.2839985e-01  7.7641841e-05
 5.8028910e-02  1.9029920e-01  8.6192679e-05
 5.8085283e-02  1.7933973e-01  8.6063425e-05
 5.8625113e-02  1.0161727e-01  4.6386462e-05
 5.8676637e-02  9.6254008e-02  4.8381553e-05
 5.8623218e-02  1.0182012e-01  4.6179272e-05
 5.8675095e-02  9.6410283e-02  4.8346840e-05
 5.6521176e-02  9.2909245e-01  1.0503320e-04
 5.6557535e-02  8.9426651e-01  1.0852097e-04
 5.8511849e-02  1.1448092e-01  4.7512883e-05
 5.8556523e-02  1.0922341e-01  4.6850006e-05
 5.5319001e-02  3.2783874e+00  9.7852862e-05
 5.5338072e-02  3.2136310e+00  1.0026268e-04
 5.8793753e-02  8.5092363e-02  5.7911715e-05
 5.8824540e-02  8.2379478e-02  5.8837071e-05
 5.4494439e-02  7.7419565e+00  7.0233049e-05
 5.4502630e-02  7.6764749e+00  7.1137600e-05
 5.4105488e-02  1.1571835e+01  7.5189643e-05
 5.4113834e-02  1.1472855e+01  7.5658500e-05
 5.4189002e-02  1.0617896e+01  7.3622937e-05
 5.4197761e-02  1.0522421e+01  7.3530350e-05
 5.3882048e-02  1.4554161e+01  4.1243009e-05
 5.3882067e-02  1.4553871e+01  4.1242396e-05
 5.4739186e-02  6.0038849e+00  7.8276721e-05
 5.4747207e-02  5.9539808e+00  7.7986805e-05
 5.5981678e-02  1.6371692e+00  6.7428245e-05
 5.6001503e-02  1.6034627e+00  6.6188194e-05
 5.8070691e-02  1.8211457e-01  8.5612755e-05
 5.8122484e-02  1.7245514e-01  8.5818186e-05
 5.7531896e-02  3.2101842e-01  5.8427223e-05
 5.7565874e-02  3.0974683e-01  5.9824495e-05
 5.6439653e-02  1.0121778e+00  9.0354622e-05
 5.6475368e-02  9.7490255e-01  9.5880164e-05
 5.5091705e-02  4.1574878e+00  5.8488430e-05
 5.5112480e-02  4.0682588e+00  6.0734489e-05
 5.4105492e-02  1.1571787e+01  7.5206134e-05
 5.4113834e-02  1.1472853e+01  7.5700794e-05
 5.3551341e-02  2.0375427e+01  3.4037735e-05
 5.3551387e-02  2.0374472e+01  3.4035949e-05
 5.3471775e-02  2.2079112e+01  4.0250456e-05
 5.3474667e-02  2.2014883e+01  4.0175913e-05
 5.3472206e-02  2.2069536e+01  4.0230737e-05
 5.3475085e-02  2.2005599e+01  4.0166529e-05
 5.4189973e-02  1.0607272e+01  7.3600450e-05
 5.4198604e-02  1.0513280e+01  7.3565903e-05
 5.5320599e-02  3.2729106e+00  9.7974889e-05
 5.5339392e-02  3.2091963e+00  1.0042165e-04
 5.8509009e-02  1.1482366e-01  4.7580776e-05
 5.8554168e-02  1.0949441e-01  4.6835867e-05
 5.6787810e-02  7.0203647e-01  9.2796078e-05
 5.6819002e-02  6.7939101e-01  9.0068533e-05
 5.6785551e-02  7.0370613e-01  9.3090712e-05
 5.6817165e-02  6.8070399e-01  9.0147811e-05
 5.8511851e-02  1.1448075e-01  4.7413608e-05
 5.8556528e-02  1.0922289e-01  4.6897446e-05
 5.5319000e-02  3.2783884e+00  9.7868810e-05
 5.5338076e-02  3.2136169e+00  1.0025743e-04
 5.4189006e-02  1.0617858e+01  7.3651621e-05
 5.4197766e-02  1.0522368e+01  7.3579762e-05
 5.3471779e-02  2.2079022e+01  4.0246257e-05
 5.3474667e-02  2.2014870e+01  4.0179016e-05
 5.3224589e-02  2.8278926e+01  3.8674196e-05
 5.3227491e-02  2.8197418e+01  3.8838950e-05
 5.2807660e-02  4.2553197e+01  3.9546739e-05
 5.2807660e-02  4.2553181e+01  3.9551450e-05
 5.3224588e-02  2.8278955e+01  3.8658033e-05
 5.3227490e-02  2.8197435e+01  3.8844915e-05
 5.4106317e-02  1.1561968e+01  7.5222302e-05
 5.4114486e-02  1.1465161e+01  7.5731628e-05
 5.5383355e-02  3.0649251e+00  1.0119002e-04
 5.5398369e-02  3.0171453e+00  1.0210126e-04
 5.7560625e-02  3.1146172e-01  6.3276378e-05
 5.7583316e-02  3.0411533e-01  6.3914062e-05
 5.6972795e-02  5.7796330e-01  7.5294214e-05
 5.6995518e-02  5.6431824e-01  7.5695570e-05
 5.5885305e-02  1.8113578e+00  7.6876603e-05
 5.5900344e-02  1.7830076e+00  7.6304621e-05
 5.8793751e-02  8.5092489e-02  5.7857024e-05
 5.8824542e-02  8.2379334e-02  5.8887847e-05
 5.4494439e-02  7.7419603e+00  7.0248314e-05
 5.4502633e-02  7.6764523e+00  7.1156415e-05
 5.3471513e-02  2.2084943e+01  4.0243673e-05
 5.3474426e-02  2.2020226e+01  4.0181121e-05
 5.2892592e-02  3.9196557e+01  4.4714986e-05
 5.2892595e-02  3.9196450e+01  4.4722500e-05
 5.3224588e-02  2.8278943e+01  3.8657378e-05
 5.3227493e-02  2.8197373e+01  3.8839224e-05
 5.3472207e-02  2.2069498e+01  4.0216085e-05
 5.3475085e-02  2.2005597e+01  4.0173672e-05
 5.4189975e-02  1.0607245e+01  7.3608360e-05
 5.4198604e-02  1.0513279e+01  7.3576183e-05
 5.5320602e-02  3.2729022e+00  9.8000170e-05
 5.5339393e-02  3.2091945e+00  1.0042283e-04
 5.8509007e-02  1.1482384e-01  4.7529462e-05
 5.8554167e-02  1.0949461e-01  4.6862094e-05
 5.6787813e-02  7.0203471e-01  9.2835499e-05
 5.6819003e-02  6.7939037e-01  9.0049737e-05
 5.6785548e-02  7.0370777e-01  9.3014115e-05
 5.6817165e-02  6.8070435e-01  9.0185818e-05
 5.8511853e-02  1.1448046e-01  4.7447385e-05
 5.8556528e-02  1.0922279e-01  4.6875977e-05
 5.5318998e-02  3.2783969e+00  9.7805523e-05
 5.5338077e-02  3.2136151e+00  1.0027583e-04
 5.4189003e-02  1.0617885e+01  7.3608303e-05
 5.4197768e-02  1.0522352e+01  7.3577982e-05
 5.3471776e-02  2.2079084e+01  4.0218688e-05
 5.3474670e-02  2.2014809e+01  4.0177285e-05
 5.4106317e-02  1.1561964e+01  7.5190567e-05
 5.4114490e-02  1.1465113e+01  7.5686178e-05
 5.4189974e-02  1.0607255e+01  7.3592996e-05
 5.4198606e-02  1.0513254e+01  7.3542789e-05
 5.4739786e-02  6.0001403e+00  7.8259606e-05
 5.4747763e-02  5.9505373e+00  7.7957556e-05
 5.5707292e-02  2.1830886e+00  8.0335027e-05
 5.5724044e-02  2.1450875e+00  8.0454718e-05
 5.7026832e-02  5.4603991e-01  7.7584742e-05
 5.7059408e-02  5.2765256e-01  7.7676366e-05
 5.8028595e-02  1.9036233e-01  8.6107954e-05
 5.8084978e-02  1.7939716e-01  8.6127245e-05
 5.9125974e-02  5.9984972e-02  6.4146070e-05
 5.9174200e-02  5.7016322e-02  6.3728226e-05
 5.8625119e-02  1.0161659e-01  4.6319523e-05
 5.8676646e-02  9.6253054e-02  4.8437198e-05
 5.6521174e-02  9.2909431e-01  1.0493239e-04
 5.6557539e-02  8.9426275e-01  1.0854952e-04
 5.8623214e-02  1.0182052e-01  4.6270808e-05
 5.8675099e-02  9.6409899e-02  4.8244339e-05
 5.5319297e-02  3.2773726e+00  9.7795955e-05
 5.5338369e-02  3.2126348e+00  1.0029573e-04
 5.8509939e-02  1.1471128e-01  4.7499563e-05
 5.8555032e-02  1.0939496e-01  4.6750025e-05
 5.4495029e-02  7.7372227e+00  7.0236104e-05
 5.4503131e-02  7.6724889e+00  7.1194291e-05
 5.8791916e-02  8.5257031e-02  5.7830406e-05
 5.8823166e-02  8.2498683e-02  5.8712766e-05
 5.5383354e-02  3.0649258e+00  1.0112976e-04
 5.5398374e-02  3.0171291e+00  1.0201324e-04
 5.7560630e-02  3.1146022e-01  6.3218867e-05
 5.7583308e-02  3.0411785e-01  6.3851728e-05
 5.5320600e-02  3.2729078e+00  9.7960451e-05
 5.5339396e-02  3.2091854e+00  1.0034214e-04
 5.8509013e-02  1.1482319e-01  4.7496567e-05
 5.8554158e-02  1.0949556e-01  4.6835259e-05
 5.5707290e-02  2.1830921e+00  8.0325890e-05
 5.5724044e-02  2.1450863e+00  8.0407170e-05
 5.6512028e-02  9.3806575e-01  8.8654083e-05
 5.6526446e-02  9.2396173e-01  9.0589657e-05
 5.8681082e-02  9.5804725e-02  5.5263362e-05
 5.8702902e-02  9.3629852e-02  5.6568065e-05
 5.7673713e-02  2.7652705e-01  7.9182157e-05
 5.7699929e-02  2.6900469e-01  8.1397389e-05
 5.7672035e-02  2.7701566e-01  7.9148223e-05
 5.7698529e-02  2.6940103e-01  8.1176815e-05
 5.9127830e-02  5.9867957e-02  6.4089881e-05
 5.9175751e-02  5.6923327e-02  6.3827513e-05
 5.8028911e-02  1.9029910e-01  8.6060724e-05
 5.8085285e-02  1.7933929e-01  8.6114212e-05
 5.7025173e-02  5.4699345e-01  7.7594222e-05
 5.7058068e-02  5.2839676e-01  7.7522739e-05
 5.6786176e-02  7.0324334e-01  9.2871370e-05
 5.6817756e-02  6.8028134e-01  9.0127422e-05
 5.6786170e-02  7.0324785e-01  9.2969569e-05
 5.6817752e-02  6.8028431e-01  8.9983175e-05
 5.5886262e-02  1.8095406e+00  7.6726656e-05
 5.5901103e-02  1.7815873e+00  7.6268276e-05
 5.6971229e-02  5.7891560e-01  7.5312679e-05
 5.6994400e-02  5.6498166e-01  7.5503725e-05
 5.6972793e-02  5.7796396e-01  7.5248621e-05
 5.6995523e-02  5.6431521e-01  7.5620304e-05
 5.5885309e-02  1.8113506e+00  7.6811456e-05
 5.5900336e-02  1.7830229e+00  7.6235062e-05
 5.6787810e-02  7.0203689e-01  9.2788498e-05
 5.6819005e-02  6.7938914e-01  8.9953716e-05
 5.6785552e-02  7.0370506e-01  9.2961860e-05
 5.6817156e-02  6.8071068e-01  9.0140820e-05
 5.7026829e-02  5.4604163e-01  7.7568242e-05
 5.7059407e-02  5.2765341e-01  7.7601679e-05
 5.8028597e-02  1.9036191e-01  8.6082960e-05
 5.8084970e-02  1.7939881e-01  8.6103955e-05
 5.9125983e-02  5.9984396e-02  6.4152876e-05
 5.9174199e-02  5.7016404e-02  6.3810412e-05
 5.7673712e-02  2.7652744e-01  7.9190302e-05
 5.7699926e-02  2.6900551e-01  8.1343692e-05
 5.7672041e-02  2.7701378e-01  7.9140033e-05
 5.7698526e-02  2.6940187e-01  8.1235534e-05
 5.8682840e-02  9.5627633e-02  5.5263060e-05
 5.8704329e-02  9.3489346e-02  5.6741371e-05
 5.6510526e-02  9.3954709e-01  8.8598632e-05
 5.6525165e-02  9.2520603e-01  9.0367641e-05
 5.5705910e-02  2.1862515e+00  8.0382648e-05
 5.5722876e-02  2.1477138e+00  8.0356373e-05
 5.8509947e-02  1.1471033e-01  4.7402890e-05
 5.8555037e-02  1.0939438e-01  4.6839250e-05
 5.5319293e-02  3.2773863e+00  9.7852613e-05
 5.5338365e-02  3.2126468e+00  1.0019314e-04
 5.7561925e-02  3.1103616e-01  6.3165012e-05
 5.7584340e-02  3.0378779e-01  6.3958273e-05
 5.5382149e-02  3.0687958e+00  1.0111908e-04
 5.5397495e-02  3.0199041e+00  1.0190288e-04
 5.8793749e-02  8.5092669e-02  5.7820536e-05
 5.8824546e-02  8.2378984e-02  5.8822392e-05
 5.4494441e-02  7.7419407e+00  7.0200718e-05
 5.4502625e-02  7.6765107e+00  7.1101320e-05
 5.8511849e-02  1.1448101e-01  4.7437179e-05
 5.8556528e-02  1.0922282e-01  4.6825687e-05
 5.5318999e-02  3.2783920e+00  9.7771139e-05
 5.5338069e-02  3.2136425e+00  1.0023770e-04
 5.8625114e-02  1.0161713e-01  4.6321633e-05
 5.8676641e-02  9.6253546e-02  4.8380935e-05
 5.6521173e-02  9.2909511e-01  1.0492352e-04
 5.6557531e-02  8.9427019e-01  1.0853417e-04
 5.8623222e-02  1.0181972e-01  4.6269091e-05
 5.8675100e-02  9.6409806e-02  4.8304901e-05
 5.9127826e-02  5.9868172e-02  6.4083120e-05
 5.9175744e-02  5.6923784e-02  6.3751668e-05
 5.8028908e-02  1.9029969e-01  8.6073073e-05
 5.8085277e-02  1.7934078e-01  8.6115215e-05
 5.7025180e-02  5.4698947e-01  7.7611485e-05
 5.7058066e-02  5.2839771e-01  7.7606029e-05
 5.5705915e-02  2.1862400e+00  8.0391608e-05
 5.5722874e-02  2.1477199e+00  8.0410383e-05
 5.4738656e-02  6.0071997e+00  7.8350407e-05
 5.4746741e-02  5.9568706e+00  7.7978952e-05
 5.4189001e-02  1.0617907e+01  7.3632152e-05
 5.4197765e-02  1.0522384e+01  7.3537730e-05
 5.4105489e-02  1.1571822e+01  7.5179540e-05
 5.4113833e-02  1.1472869e+01  7.5634771e-05
 5.3471514e-02  2.2084917e+01  4.0237342e-05
 5.3474420e-02  2.2020347e+01  4.0171878e-05
 5.4189003e-02  1.0617891e+01  7.3599395e-05
 5.4197761e-02  1.0522420e+01  7.3567035e-05
 5.5319294e-02  3.2773821e+00  9.7810540e-05
 5.5338362e-02  3.2126559e+00  1.0030440e-04
 5.8509944e-02  1.1471069e-01  4.7514151e-05
 5.8555034e-02  1.0939470e-01  4.6806934e-05
 5.6786172e-02  7.0324682e-01  9.2907599e-05
 5.6817750e-02  6.8028580e-01  9.0149740e-05
 5.6786176e-02  7.0324393e-01  9.3023340e-05
 5.6817752e-02  6.8028431e-01  9.0092672e-05
 5.8509941e-02  1.1471109e-01  4.7429389e-05
 5.8555031e-02  1.0939507e-01  4.6854870e-05
 5.5319298e-02  3.2773695e+00  9.7898718e-05
 5.5338364e-02  3.2126515e+00  1.0028684e-04
 5.4189005e-02  1.0617868e+01  7.3650502e-05
 5.4197763e-02  1.0522404e+01  7.3578539e-05
 5.3471513e-02  2.2084948e+01  4.0250117e-05
 5.3474424e-02  2.2020275e+01  4.0180493e-05
 5.3224091e-02  2.8292917e+01  3.8650206e-05
 5.3227046e-02  2.8209902e+01  3.8814992e-05
 5.2892591e-02  3.9196581e+01  4.4717435e-05
 5.2892593e-02  3.9196523e+01  4.4717194e-05
 5.3471775e-02  2.2079116e+01  4.0220678e-05
 5.3474666e-02  2.2014892e+01  4.0180814e-05
 5.4495027e-02  7.7372428e+00  7.0267126e-05
 5.4503126e-02  7.6725278e+00  7.1227283e-05
 5.8791917e-02  8.5256943e-02  5.7872379e-05
 5.8823170e-02  8.2498362e-02  5.8786683e-05
 5.5886259e-02  1.8095468e+00  7.6777964e-05
 5.5901098e-02  1.7815975e+00  7.6318361e-05
 5.6971230e-02  5.7891463e-01  7.5367401e-05
 5.6994403e-02  5.6498002e-01  7.5592849e-05
 5.7561921e-02  3.1103740e-01  6.3214579e-05
 5.7584335e-02  3.0378947e-01  6.4005190e-05
 5.5382151e-02  3.0687891e+00  1.0119302e-04
 5.5397497e-02  3.0198980e+00  1.0201022e-04
 5.4105492e-02  1.1571796e+01  7.5221718e-05
 5.4113834e-02  1.1472856e+01  7.5694367e-05
 5.3224093e-02  2.8292865e+01  3.8650975e-05
 5.3227046e-02  2.8209898e+01  3.8822193e-05
 5.2807426e-02  4.2562781e+01  3.9546086e-05
 5.2807431e-02  4.2562577e+01  3.9546017e-05
