0.000000000000000000e+00 -1.001050604941910004e-10 -1.001050604941910004e-10
1.000000020216089136e-01 -9.891463061720550063e-11 -9.981583822328409288e-11
2.000000040432176052e-01 -9.900467618719229607e-11 -9.952745156969337552e-11
3.000000060648267408e-01 -9.850808363683159618e-11 -9.923989811916391420e-11
4.000000080864356544e-01 -9.829612284935689477e-11 -9.895317546441600116e-11
5.000000101080446235e-01 -9.806594362535329391e-11 -9.866728120512499246e-11
6.000000121296534816e-01 -9.757698646942889354e-11 -9.838221294790123597e-11
7.000000141512624507e-01 -9.742612256539320347e-11 -9.809796830627005097e-11
8.000000161728713088e-01 -9.715240900192550506e-11 -9.781454490065170781e-11
9.000000181944802780e-01 -9.684505299548000172e-11 -9.753194035834153681e-11
1.000000020216089247e+00 -9.658584838555470621e-11 -9.725015231349005006e-11
1.100000022237695774e+00 -9.613901978696390488e-11 -9.696917840708317958e-11
1.200000024259304521e+00 -9.598830239412060561e-11 -9.668901628692241204e-11
1.300000026280913490e+00 -9.564352318960149657e-11 -9.640966360760524662e-11
1.400000028302522459e+00 -9.537083050282789841e-11 -9.613111803050545900e-11
1.500000030324131206e+00 -9.509480980204600123e-11 -9.585337722375355924e-11
1.600000032345740175e+00 -9.476951394923320196e-11 -9.557643886221728838e-11
1.700000034367349144e+00 -9.454014144977409560e-11 -9.530030062748208923e-11
1.800000036388957891e+00 -9.422304999669160235e-11 -9.502496020783175810e-11
1.900000038410566860e+00 -9.400435312400849801e-11 -9.475041529822908364e-11
2.000000040432175830e+00 -9.382989113720799839e-11 -9.447666360029652435e-11
2.100000042453785021e+00 -9.339946150452250458e-11 -9.420370282229697669e-11
2.200000044475393324e+00 -9.326419372465349492e-11 -9.393153067911460771e-11
2.300000046497002515e+00 -9.282877157400099541e-11 -9.366014489223570069e-11
2.400000048518611262e+00 -9.267455742427780488e-11 -9.338954318972961702e-11
2.500000050540210683e+00 -9.233501513746250193e-11 -9.311972330622974524e-11
2.600000052561836750e+00 -9.205070623458579980e-11 -9.285068298291443707e-11
2.700000054583438391e+00 -9.185396273373339600e-11 -9.258241996748842174e-11
2.800000056605039589e+00 -9.161667800000449557e-11 -9.231493201416356105e-11
2.900000058626665655e+00 -9.136351652619370084e-11 -9.204821688364019912e-11
3.000000060648267297e+00 -9.100940625796609413e-11 -9.178227234308860244e-11
3.100000062669868939e+00 -9.075033679611730204e-11 -9.151709616612997355e-11
3.200000064691495005e+00 -9.048965913912559395e-11 -9.125268613281786530e-11
3.300000066713096647e+00 -9.016504186918649585e-11 -9.098904002961993117e-11
3.400000068734698289e+00 -8.988400898098950074e-11 -9.072615564939888721e-11
3.500000070756299486e+00 -8.969519775762530596e-11 -9.046403079139439162e-11
3.600000072777925997e+00 -8.943473637516829872e-11 -9.020266326120442023e-11
3.700000074799527194e+00 -8.925490278619540418e-11 -8.994205087076718487e-11
3.800000076821128836e+00 -8.891802768939780355e-11 -8.968219143834241842e-11
3.900000078842754458e+00 -8.867362650034360194e-11 -8.942308278849334483e-11
4.000000080864356988e+00 -8.843321555349060055e-11 -8.916472275206857164e-11
4.100000082885958186e+00 -8.810305616621370271e-11 -8.890710916618363351e-11
4.200000084907560272e+00 -8.793560612205029791e-11 -8.865023987420311734e-11
4.300000086929185450e+00 -8.758243436916709405e-11 -8.839411272572242557e-11
4.400000088950786648e+00 -8.743696575281880408e-11 -8.813872557655010807e-11
4.500000090972389621e+00 -8.707021708977700616e-11 -8.788407628868948325e-11
4.600000092994014800e+00 -8.695628726807659449e-11 -8.763016273032098291e-11
4.700000095015615997e+00 -8.666139454411629657e-11 -8.737698277578436789e-11
4.800000097037218083e+00 -8.649053814306890388e-11 -8.712453430556072389e-11
4.900000099058819281e+00 -8.623667662084530535e-11 -8.687281520625483228e-11
5.000000101080445347e+00 -8.584408775262529710e-11 -8.662182337057742442e-11
5.100000103102047433e+00 -8.573804313179310430e-11 -8.637155669732778504e-11
5.200000105123648630e+00 -8.537484548518140233e-11 -8.612201309137578692e-11
5.300000107145274697e+00 -8.513799492811640419e-11 -8.587319046364446840e-11
5.400000109166876783e+00 -8.486155616193979632e-11 -8.562508673109284351e-11
5.500000111188477980e+00 -8.464011044167819667e-11 -8.537769981669800128e-11
5.600000113210079178e+00 -8.440635860388760087e-11 -8.513102764943803221e-11
5.700000115231706133e+00 -8.420366849860339475e-11 -8.488506816427451533e-11
5.800000117253307330e+00 -8.399367205721290252e-11 -8.463981930213550925e-11
5.900000119274908528e+00 -8.368359960391340355e-11 -8.439527900989789706e-11
6.000000121296534594e+00 -8.350409339398679783e-11 -8.415144524037048084e-11
6.100000123318135792e+00 -8.325662313489780421e-11 -8.390831595227690808e-11
6.200000125339737878e+00 -8.299587646484940452e-11 -8.366588911023828802e-11
6.300000127361339963e+00 -8.283861783579319585e-11 -8.342416268475641535e-11
6.400000129382966030e+00 -8.249535193034149676e-11 -8.318313465219658039e-11
6.500000131404567227e+00 -8.231801437204730271e-11 -8.294280299477096086e-11
6.600000133426169313e+00 -8.206480293988159791e-11 -8.270316570052125104e-11
6.700000135447793603e+00 -8.180850845200819728e-11 -8.246422076330214408e-11
6.800000137469396577e+00 -8.162583437089459625e-11 -8.222596618276459444e-11
6.900000139490998663e+00 -8.125022548193500373e-11 -8.198839996433878320e-11
7.000000141512622953e+00 -8.111275774193520442e-11 -8.175152011921756149e-11
7.100000143534225927e+00 -8.086320008143310545e-11 -8.151532466433999736e-11
7.200000145555826236e+00 -8.070959825582929438e-11 -8.127981162237445736e-11
7.300000147577452303e+00 -8.045449451518230298e-11 -8.104497902170211461e-11
7.400000149599054389e+00 -8.019653904457140322e-11 -8.081082489640072832e-11
7.500000151620655586e+00 -8.002127434292299736e-11 -8.057734728622784167e-11
7.600000153642281653e+00 -7.972615351723409957e-11 -8.034454423660444501e-11
7.700000155663883739e+00 -7.955243368577699635e-11 -8.011241379859888458e-11
7.800000157685484936e+00 -7.933984824347259706e-11 -7.988095402891013801e-11
7.900000159707087022e+00 -7.902283212014819923e-11 -7.965016298985181349e-11
8.000000161728713977e+00 -7.890392304865449525e-11 -7.942003874933580003e-11
8.100000163750314286e+00 -7.862995363103720262e-11 -7.919057938085633135e-11
8.200000165771916372e+00 -7.852025460269640423e-11 -7.896178296347349395e-11
8.300000167793541550e+00 -7.816218636688989891e-11 -7.873364758179732969e-11
8.400000169815143636e+00 -7.791714729359090637e-11 -7.850617132597195141e-11
8.500000171836745722e+00 -7.766222469587119394e-11 -7.827935229165929653e-11
8.600000173858370900e+00 -7.757574091494140108e-11 -7.805318858002321677e-11
8.700000175879972986e+00 -7.733782898599060589e-11 -7.782767829771387802e-11
8.800000177901573295e+00 -7.703097592545179397e-11 -7.760281955685150113e-11
8.900000179923200250e+00 -7.672883003970359617e-11 -7.737861047501074878e-11
9.000000181944802335e+00 -7.668034025841670625e-11 -7.715504917520512547e-11
9.100000183966402645e+00 -7.644062441232609780e-11 -7.693213378587092497e-11
9.200000185988029600e+00 -7.623952718470700565e-11 -7.670986244085177244e-11
9.300000188009631685e+00 -7.595219269747120149e-11 -7.648823327938308889e-11
9.400000190031231995e+00 -7.583148928890270164e-11 -7.626724444607628432e-11
9.500000192052858949e+00 -7.559431696699859390e-11 -7.604689409090327392e-11
9.600000194074459259e+00 -7.531015125527239557e-11 -7.582718036918123982e-11
9.700000196096061345e+00 -7.516543341529869683e-11 -7.560810144155686302e-11
9.800000198117663430e+00 -7.485953344846630473e-11 -7.538965547399107219e-11
9.900000200139288609e+00 -7.467736733642700152e-11 -7.517184063774365040e-11
1.000000020216089069e+01 -7.448686741122400138e-11 -7.495465510935808735e-11
1.010000020418249278e+01 -7.419691130174749365e-11 -7.473809707064604388e-11
1.020000020620411796e+01 -7.412390512502200083e-11 -7.452216470867228178e-11
1.030000020822572004e+01 -7.381022693493390527e-11 -7.430685621573959363e-11
1.040000021024732213e+01 -7.368163935463579388e-11 -7.409216978937340940e-11
1.050000021226894731e+01 -7.334906901206220257e-11 -7.387810363230686852e-11
1.060000021429054939e+01 -7.325653840748159607e-11 -7.366465595246584010e-11
1.070000021631215148e+01 -7.302956004122149577e-11 -7.345182496295373640e-11
1.080000021833377666e+01 -7.284135583114999793e-11 -7.323960888203663658e-11
1.090000022035537874e+01 -7.265624532373430466e-11 -7.302800593312853951e-11
1.100000022237698083e+01 -7.236258875639100363e-11 -7.281701434477613857e-11
1.110000022439860601e+01 -7.227214235663280307e-11 -7.260663235064425548e-11
1.120000022642020632e+01 -7.195581032391619985e-11 -7.239685818950109320e-11
1.130000022844181018e+01 -7.173436585781229987e-11 -7.218769010520321748e-11
1.140000023046343536e+01 -7.159706812490099370e-11 -7.197912634668106824e-11
1.150000023248503567e+01 -7.130750767997420581e-11 -7.177116516792439343e-11
1.160000023450663775e+01 -7.107536105309679375e-11 -7.156380482796730812e-11
1.170000023652823984e+01 -7.091487114612069719e-11 -7.135704359087396097e-11
1.180000023854986502e+01 -7.069364856356669722e-11 -7.115087972572394226e-11
1.190000024057146710e+01 -7.058001963704320464e-11 -7.094531150659787287e-11
1.200000024259306919e+01 -7.030571706620520022e-11 -7.074033721256279935e-11
1.210000024461469437e+01 -7.014147696397039956e-11 -7.053595512765783459e-11
1.220000024663629645e+01 -6.995216553720520204e-11 -7.033216354087994066e-11
1.230000024865789854e+01 -6.976100246258909632e-11 -7.012896074616938850e-11
1.240000025067952372e+01 -6.956838247937500621e-11 -6.992634504239556665e-11
1.250000025270112580e+01 -6.928062561581850251e-11 -6.972431473334285450e-11
1.260000025472272789e+01 -6.915240406360529706e-11 -6.952286812769622421e-11
1.270000025674435307e+01 -6.893272705252160553e-11 -6.932200353902717866e-11
1.280000025876595515e+01 -6.878029508345270387e-11 -6.912171928577968933e-11
1.290000026078755546e+01 -6.850646784134849796e-11 -6.892201369125600500e-11
1.300000026280918242e+01 -6.833556485232490466e-11 -6.872288508360262848e-11
1.310000026483078450e+01 -6.813490145294030278e-11 -6.852433179579648716e-11
1.320000026685238659e+01 -6.791922264441620631e-11 -6.832635216563075462e-11
1.330000026887401177e+01 -6.778085533550809473e-11 -6.812894453570100828e-11
1.340000027089561385e+01 -6.759130477907059831e-11 -6.793210725339150336e-11
1.350000027291721416e+01 -6.740188459416410204e-11 -6.773583867086108501e-11
1.360000027493883934e+01 -6.717805204711810201e-11 -6.754013714502952683e-11
1.370000027696044320e+01 -6.690523237814029730e-11 -6.734500103756389536e-11
1.380000027898204529e+01 -6.678666321510480500e-11 -6.715042871486456558e-11
1.390000028100364560e+01 -6.657765158490319699e-11 -6.695641854805176624e-11
1.400000028302527255e+01 -6.645176657560360610e-11 -6.676296891295175047e-11
1.410000028504687286e+01 -6.623700962671189924e-11 -6.657007819008354797e-11
1.420000028706847672e+01 -6.603008847305089483e-11 -6.637774476464495463e-11
1.430000028909010013e+01 -6.587078763284270549e-11 -6.618596702649927178e-11
1.440000029111170399e+01 -6.566264458176890459e-11 -6.599474337016189037e-11
1.450000029313330430e+01 -6.549437626033069999e-11 -6.580407219478666833e-11
1.460000029515493125e+01 -6.523346084566729569e-11 -6.561395190415254060e-11
1.470000029717653156e+01 -6.503546189863659625e-11 -6.542438090665042638e-11
1.480000029919813187e+01 -6.495309550924699976e-11 -6.523535761526950314e-11
1.490000030121975882e+01 -6.468678671349689419e-11 -6.504688044758413972e-11
1.500000030324136269e+01 -6.451636359787490355e-11 -6.485894782574079070e-11
1.510000030526296300e+01 -6.432028233704130491e-11 -6.467155817644447717e-11
1.520000030728458995e+01 -6.409674843148770335e-11 -6.448470993094575864e-11
1.530000030930619026e+01 -6.398005302678720361e-11 -6.429840152502773076e-11
1.540000031132779057e+01 -6.381707591980230420e-11 -6.411263139899270002e-11
1.550000031334941752e+01 -6.367184875100860543e-11 -6.392739799764916852e-11
1.560000031537101783e+01 -6.342066020114959910e-11 -6.374269977029909024e-11
1.570000031739262170e+01 -6.327613306797449481e-11 -6.355853517072451985e-11
1.580000031941422201e+01 -6.303615485078010051e-11 -6.337490265717483014e-11
1.590000032143584896e+01 -6.294942205285229379e-11 -6.319180069235377445e-11
1.600000032345744927e+01 -6.267989183696470394e-11 -6.300922774340682042e-11
1.610000032547905136e+01 -6.250985886833829703e-11 -6.282718228190794098e-11
1.620000032750067831e+01 -6.234203652627819438e-11 -6.264566278384706445e-11
1.630000032952228040e+01 -6.220449950577249794e-11 -6.246466772961738250e-11
1.640000033154388248e+01 -6.196011039628290645e-11 -6.228419560400238669e-11
1.650000033356550588e+01 -6.185566922487420096e-11 -6.210424489616331855e-11
1.660000033558710797e+01 -6.156796007915270493e-11 -6.192481409962663267e-11
1.670000033760871005e+01 -6.143316639382810211e-11 -6.174590171227113658e-11
1.680000033963033346e+01 -6.128503833221320254e-11 -6.156750623631558309e-11
1.690000034165193554e+01 -6.117701589671239835e-11 -6.138962617830617207e-11
1.700000034367354118e+01 -6.099168686705519478e-11 -6.121226004910388426e-11
1.710000034569516458e+01 -6.080596409457650093e-11 -6.103540636387209943e-11
1.720000034771676667e+01 -6.062387935879060185e-11 -6.085906364206425323e-11
1.730000034973836875e+01 -6.049341463472750048e-11 -6.068323040741130033e-11
1.740000035175999216e+01 -6.021831683396280568e-11 -6.050790518790933248e-11
1.750000035378159424e+01 -6.008414438111500355e-11 -6.033308651580750688e-11
1.760000035580319988e+01 -5.981757202990820208e-11 -6.015877292759548336e-11
1.770000035782479841e+01 -5.977199321760030103e-11 -5.998496296399128809e-11
1.780000035984642537e+01 -5.955575598091630186e-11 -5.981165516992904808e-11
1.790000036186802745e+01 -5.942366905497030538e-11 -5.963884809454697114e-11
1.800000036388962599e+01 -5.918150087545810045e-11 -5.946654029117497700e-11
1.810000036591125294e+01 -5.904009598658699590e-11 -5.929473031732262564e-11
1.820000036793285503e+01 -5.891152850019200308e-11 -5.912341673466730409e-11
1.830000036995445711e+01 -5.877386604227209905e-11 -5.895259810904179289e-11
1.840000037197608407e+01 -5.860396386737759977e-11 -5.878227301042251754e-11
1.850000037399768615e+01 -5.844335892681130589e-11 -5.861244001291755437e-11
1.860000037601928469e+01 -5.822857130373289939e-11 -5.844309769475459765e-11
1.870000037804091164e+01 -5.809911421381470223e-11 -5.827424463826905597e-11
1.880000038006251373e+01 -5.784782395172390098e-11 -5.810587942989238121e-11
1.890000038208411581e+01 -5.777516608302930189e-11 -5.793800066013995807e-11
1.900000038410574277e+01 -5.757473801094919868e-11 -5.777060692359947194e-11
1.910000038612734485e+01 -5.744287199562470036e-11 -5.760369681891917317e-11
1.920000038814894339e+01 -5.730201472156169858e-11 -5.743726894879599932e-11
1.930000039017057034e+01 -5.708427747683389793e-11 -5.727132191996393648e-11
1.940000039219217243e+01 -5.694506698145969987e-11 -5.710585434318250982e-11
1.950000039421377451e+01 -5.673823957118330316e-11 -5.694086483322489284e-11
1.960000039623537660e+01 -5.655107677826210302e-11 -5.677635200886649491e-11
1.970000039825700355e+01 -5.642789189817699781e-11 -5.661231449287329023e-11
1.980000040027860209e+01 -5.617318604597079740e-11 -5.644875091199045057e-11
1.990000040230020417e+01 -5.612667902296360003e-11 -5.628565989693060320e-11
2.000000040432183113e+01 -5.588042301782679922e-11 -5.612304008236257345e-11
2.010000040634342966e+01 -5.580302690553470081e-11 -5.596089010689993992e-11
2.020000040836503530e+01 -5.564005256846320204e-11 -5.579920861308945393e-11
2.030000041038666225e+01 -5.545715315527190117e-11 -5.563799424739986611e-11
2.040000041240826079e+01 -5.530275720454199797e-11 -5.547724566021059149e-11
2.050000041442986287e+01 -5.516277171844550142e-11 -5.531696150580027109e-11
2.060000041645148983e+01 -5.500216646385049883e-11 -5.515714044233555976e-11
2.070000041847308836e+01 -5.481873906316389947e-11 -5.499778113186006911e-11
2.080000042049469400e+01 -5.466908121229230116e-11 -5.483888224028284516e-11
2.090000042251631740e+01 -5.452418378286470258e-11 -5.468044243736744693e-11
2.100000042453791949e+01 -5.439781249323109850e-11 -5.452246039672079890e-11
2.110000042655952157e+01 -5.424009567570160043e-11 -5.436493479578190779e-11
2.120000042858114853e+01 -5.406863297074969772e-11 -5.420786431581094759e-11
2.130000043060274706e+01 -5.384370552023749877e-11 -5.405124764187825424e-11
2.140000043262434914e+01 -5.375653163884759868e-11 -5.389508346285313926e-11
2.150000043464595123e+01 -5.354881060600819755e-11 -5.373937047139305241e-11
2.160000043666757819e+01 -5.342936125910539856e-11 -5.358410736393258277e-11
2.170000043868918027e+01 -5.329461758560190118e-11 -5.342929284067263432e-11
2.180000044071078236e+01 -5.310899249308789916e-11 -5.327492560556942054e-11
2.190000044273240576e+01 -5.295552072242089824e-11 -5.312100436632362060e-11
2.200000044475400784e+01 -5.280342155619160246e-11 -5.296752783436972293e-11
2.210000044677560993e+01 -5.271080325748349794e-11 -5.281449472486503926e-11
2.220000044879723333e+01 -5.253372215297440261e-11 -5.266190375667902234e-11
2.230000045081883897e+01 -5.231565386087709885e-11 -5.250975365238262890e-11
2.240000045284044106e+01 -5.216212757502389960e-11 -5.235804313823749525e-11
2.250000045486206446e+01 -5.196940105220009775e-11 -5.220677094418528728e-11
2.260000045688366654e+01 -5.190332317290959790e-11 -5.205593580383721859e-11
2.270000045890526863e+01 -5.163383219289790075e-11 -5.190553645446323894e-11
2.280000046092689203e+01 -5.158220039183589689e-11 -5.175557163698155233e-11
2.290000046294849767e+01 -5.143385092086289769e-11 -5.160604009594820617e-11
2.300000046497009976e+01 -5.136655374530489903e-11 -5.145694057954634437e-11
2.310000046699172316e+01 -5.128992921839600173e-11 -5.130827183957586760e-11
2.320000046901332524e+01 -5.105132072736700300e-11 -5.116003263144301598e-11
2.330000047103492733e+01 -5.089989579250669809e-11 -5.101222171414982252e-11
2.340000047305655073e+01 -5.078295369938919854e-11 -5.086483785028380570e-11
2.350000047507815637e+01 -5.062601358476630250e-11 -5.071787980600766845e-11
2.360000047709975846e+01 -5.043627298675269889e-11 -5.057134635104883563e-11
2.370000047912135699e+01 -5.027252272375359987e-11 -5.042523625868924352e-11
2.380000048114298394e+01 -5.011650373148149737e-11 -5.027954830575498712e-11
2.390000048316458603e+01 -4.996853264806819809e-11 -5.013428127260628415e-11
2.400000048518618811e+01 -4.983996186912720252e-11 -4.998943394312698016e-11
2.410000048720781152e+01 -4.976974769540599997e-11 -4.984500510471451900e-11
2.420000048922934255e+01 -4.962189946299299936e-11 -4.970099354827000373e-11
2.430000049125109030e+01 -4.946361151394330251e-11 -4.955739806818721057e-11
2.440000049327259291e+01 -4.928263872209540111e-11 -4.941421746234425255e-11
2.450000049529434065e+01 -4.915442158758770194e-11 -4.927145053209104896e-11
2.460000049731584326e+01 -4.898893016404930226e-11 -4.912909608224202291e-11
2.470000049933734942e+01 -4.881567158500439957e-11 -4.898715292106367426e-11
2.480000050135909717e+01 -4.870788803422989821e-11 -4.884561986026565506e-11
2.490000050338060333e+01 -4.857185327710099791e-11 -4.870449571499183219e-11
2.500000050540234753e+01 -4.847420150397760182e-11 -4.856377930380797007e-11
2.510000050742385369e+01 -4.838118725396029903e-11 -4.842346944869460271e-11
2.520000050944560144e+01 -4.818317273018740201e-11 -4.828356497503440629e-11
2.530000051146710760e+01 -4.809572478382699830e-11 -4.814406471160509704e-11
2.540000051348861021e+01 -4.786674145845069978e-11 -4.800496749056726905e-11
2.550000051551035440e+01 -4.775450559672230301e-11 -4.786627214745563141e-11
2.560000051753186412e+01 -4.759024036025729686e-11 -4.772797752117022580e-11
2.570000051955360831e+01 -4.744677673473359707e-11 -4.759008245396444535e-11
2.580000052157511092e+01 -4.732572862571419790e-11 -4.745258579143790665e-11
2.590000052359686222e+01 -4.725164797514779770e-11 -4.731548638252420357e-11
2.600000052561836483e+01 -4.710827364176419850e-11 -4.717878307948391506e-11
2.610000052763987100e+01 -4.696432547821860044e-11 -4.704247473789261745e-11
2.620000052966161519e+01 -4.680151549511060175e-11 -4.690656021663240585e-11
2.630000053168312490e+01 -4.674807268238360143e-11 -4.677103837788320231e-11
2.640000053370486910e+01 -4.655387059349730235e-11 -4.663590808711105250e-11
2.650000053572637526e+01 -4.648708098574320048e-11 -4.650116821306113343e-11
2.660000053774811946e+01 -4.628269635237289824e-11 -4.636681762774576583e-11
2.670000053976962207e+01 -4.619357404355529787e-11 -4.623285520643753819e-11
2.680000054179137337e+01 -4.604650114359679810e-11 -4.609927982765724799e-11
2.690000054381287597e+01 -4.589833322306680239e-11 -4.596609037316720030e-11
2.700000054583438214e+01 -4.585548623222259696e-11 -4.583328572795950444e-11
2.710000054785612633e+01 -4.564794194451969719e-11 -4.570086478024774401e-11
2.720000054987763605e+01 -4.552836933466880252e-11 -4.556882642145860813e-11
2.730000055189938024e+01 -4.543971864471959987e-11 -4.543716954622042083e-11
2.740000055392088640e+01 -4.517722884946840144e-11 -4.530589305235636198e-11
2.750000055594263060e+01 -4.512996933091720200e-11 -4.517499584087277047e-11
2.760000055796413321e+01 -4.485431602179170082e-11 -4.504447681595242338e-11
2.770000055998564292e+01 -4.494624073952000309e-11 -4.491433488494318808e-11
2.780000056200738712e+01 -4.469641069774920014e-11 -4.478456895834982150e-11
2.790000056402889328e+01 -4.464165293659730220e-11 -4.465517794982573065e-11
2.800000056605064103e+01 -4.449912873573310315e-11 -4.452616077616178630e-11
2.810000056807214719e+01 -4.434449916682270153e-11 -4.439751635727966674e-11
2.820000057009389138e+01 -4.429816035586969719e-11 -4.426924361622036775e-11
2.830000057211539399e+01 -4.408068551213920132e-11 -4.414134147913765623e-11
2.840000057413690371e+01 -4.399066844427800186e-11 -4.401380887528690323e-11
2.850000057615864790e+01 -4.380973750972429858e-11 -4.388664473701710302e-11
2.860000057818015406e+01 -4.371192905219680165e-11 -4.375984799976276278e-11
2.870000058020189826e+01 -4.355915133797659922e-11 -4.363341760203292309e-11
2.880000058222340797e+01 -4.347535547981189992e-11 -4.350735248540468266e-11
2.890000058424515217e+01 -4.340053133664740319e-11 -4.338165159451192801e-11
2.900000058626665833e+01 -4.327318843709180133e-11 -4.325631387703886461e-11
2.910000058828816094e+01 -4.315195219472520189e-11 -4.313133828370917957e-11
2.920000059030990514e+01 -4.307319310805220051e-11 -4.300672376827806064e-11
2.930000059233141485e+01 -4.290936495574020095e-11 -4.288246928752444780e-11
2.940000059435315904e+01 -4.274685027201500195e-11 -4.275857380124011196e-11
2.950000059637466521e+01 -4.263677264687920002e-11 -4.263503627222337998e-11
2.960000059839640940e+01 -4.251647893116409942e-11 -4.251185566626806466e-11
2.970000060041791912e+01 -4.238145883837450032e-11 -4.238903095215716397e-11
2.980000060243942173e+01 -4.231053973856200198e-11 -4.226656110165221110e-11
2.990000060446116592e+01 -4.215277496117849816e-11 -4.214444508948545502e-11
3.000000060648267208e+01 -4.202563770160119682e-11 -4.202268189335226073e-11
3.010000060850441628e+01 -4.187201133418239968e-11 -4.190127049390042057e-11
3.020000061052592599e+01 -4.180121108243949681e-11 -4.178020987472401498e-11
3.030000061254767019e+01 -4.167401335063360255e-11 -4.165949902235254281e-11
3.040000061456917990e+01 -4.152998476440360253e-11 -4.153913692624475626e-11
3.050000061659067896e+01 -4.141034651992299922e-11 -4.141912257877822418e-11
3.060000061861243026e+01 -4.126123634992619948e-11 -4.129945497524164834e-11
3.070000062063393287e+01 -4.122228339065530252e-11 -4.118013311382748990e-11
3.080000062265567706e+01 -4.106717999640230142e-11 -4.106115599562138406e-11
3.090000062467718678e+01 -4.093749678137960114e-11 -4.094252262459620763e-11
3.100000062669893097e+01 -4.084382995350460313e-11 -4.082423200760140972e-11
3.110000062872043713e+01 -4.075844616728839758e-11 -4.070628315435695002e-11
3.120000063074218133e+01 -4.067724798720550292e-11 -4.058867507744277811e-11
3.130000063276369104e+01 -4.049623685702269849e-11 -4.047140679229279117e-11
3.140000063478519365e+01 -4.040866134720159990e-11 -4.035447731718467519e-11
3.150000063680694140e+01 -4.026917076133810143e-11 -4.023788567323246027e-11
3.160000063882844401e+01 -4.012953764670069736e-11 -4.012163088437922473e-11
3.170000064085018820e+01 -4.001913973488309711e-11 -4.000571197738692328e-11
3.180000064287169792e+01 -3.987824405158820116e-11 -3.989012798183049988e-11
3.190000064489344211e+01 -3.984007615130619757e-11 -3.977487793008752858e-11
3.200000064691494828e+01 -3.966173821095820154e-11 -3.965996085733234570e-11
3.210000064893645089e+01 -3.957134713595390065e-11 -3.954537580152599441e-11
3.220000065095820219e+01 -3.942819986269159962e-11 -3.943112180340903863e-11
3.230000065297970480e+01 -3.939611191345119968e-11 -3.931719790649437041e-11
3.240000065500144899e+01 -3.919157313715369867e-11 -3.920360315705721911e-11
3.250000065702295871e+01 -3.916084150168039947e-11 -3.909033660412941938e-11
3.260000065904470290e+01 -3.900238958174439929e-11 -3.897739729948923935e-11
3.270000066106621261e+01 -3.890400880819249701e-11 -3.886478429765560977e-11
3.280000066308770812e+01 -3.881656131315169705e-11 -3.875249665587834650e-11
3.290000066510945942e+01 -3.862203513081409995e-11 -3.864053343413101606e-11
3.300000066713096203e+01 -3.857750946273180178e-11 -3.852889369510392395e-11
3.310000066915271333e+01 -3.844321379914020301e-11 -3.841757650419436305e-11
3.320000067117421594e+01 -3.832755868473380136e-11 -3.830658092950095251e-11
3.330000067319596013e+01 -3.824720819580319690e-11 -3.819590604181365349e-11
3.340000067521746985e+01 -3.806802913092200210e-11 -3.808555091460817272e-11
3.350000067723897246e+01 -3.806253556824529781e-11 -3.797551462403630779e-11
3.360000067926072376e+01 -3.783895107789100094e-11 -3.786579624891904531e-11
3.370000068128222637e+01 -3.780632624288960107e-11 -3.775639487073962041e-11
3.380000068330397056e+01 -3.766970519186780191e-11 -3.764730957363397182e-11
3.390000068532547317e+01 -3.759752373233370178e-11 -3.753853944438518423e-11
3.400000068734722447e+01 -3.746341522544269874e-11 -3.743008357241376249e-11
3.410000068936872708e+01 -3.732987578851930306e-11 -3.732194104977210629e-11
3.420000069139022969e+01 -3.724161509285609725e-11 -3.721411097113502989e-11
3.430000069341198099e+01 -3.719257958646139840e-11 -3.710659243379302836e-11
3.440000069543348360e+01 -3.698997386395219994e-11 -3.699938453764545333e-11
3.450000069745523490e+01 -3.700633742773459907e-11 -3.689248638519119430e-11
3.460000069947673751e+01 -3.673605554116969826e-11 -3.678589708152322439e-11
3.470000070149848881e+01 -3.675858388000529744e-11 -3.667961573431901671e-11
3.480000070351998431e+01 -3.655255062966999733e-11 -3.657364145383519997e-11
3.490000070554149403e+01 -3.644282605924899750e-11 -3.646797335289821395e-11
3.500000070756323822e+01 -3.644387368660180262e-11 -3.636261054689776958e-11
3.510000070958474083e+01 -3.630032364565759688e-11 -3.625755215378010227e-11
3.520000071160649213e+01 -3.620216425345949766e-11 -3.615279729403886643e-11
3.530000071362799474e+01 -3.604357423069470239e-11 -3.604834509070979759e-11
3.540000071564974604e+01 -3.599166443140980022e-11 -3.594419466936130971e-11
3.550000071767124865e+01 -3.590661278432780133e-11 -3.584034515808924122e-11
3.560000071969275837e+01 -3.578855279203430059e-11 -3.573679568750777551e-11
3.570000072171450256e+01 -3.566270987032209728e-11 -3.563354539074289447e-11
3.580000072373600517e+01 -3.555314587475130002e-11 -3.553059340342590332e-11
3.590000072575774936e+01 -3.547826949199310105e-11 -3.542793886368443494e-11
3.600000072777925197e+01 -3.537712374415319699e-11 -3.532558091213722833e-11
3.610000072980100327e+01 -3.523570316822790263e-11 -3.522351869188490684e-11
3.620000073182250588e+01 -3.515316546547079731e-11 -3.512175134850491813e-11
3.630000073384425718e+01 -3.513100647798210178e-11 -3.502027803004218319e-11
3.640000073586575979e+01 -3.493775463854270084e-11 -3.491909788700419782e-11
3.650000073788726951e+01 -3.491025054624919770e-11 -3.481821007235194663e-11
3.660000073990901370e+01 -3.468646831213239896e-11 -3.471761374149375085e-11
3.670000074193051631e+01 -3.469528656823380246e-11 -3.461730805227881244e-11
3.680000074395226051e+01 -3.454642970035419817e-11 -3.451729216498848994e-11
3.690000074597376312e+01 -3.444486291475830321e-11 -3.441756524233122552e-11
3.700000074799551442e+01 -3.441059885750240108e-11 -3.431812644943358169e-11
3.710000075001701703e+01 -3.428113534689979938e-11 -3.421897495383520067e-11
3.720000075203852674e+01 -3.424051143436070205e-11 -3.412010992548011903e-11
3.730000075406027094e+01 -3.402674322773979739e-11 -3.402153053671058963e-11
3.740000075608177355e+01 -3.401901187339730034e-11 -3.392323596226080672e-11
3.750000075810352484e+01 -3.391217533258990267e-11 -3.382522537924838206e-11
3.760000076012502745e+01 -3.381215087091909715e-11 -3.372749796716933667e-11
3.770000076214677875e+01 -3.368990354950679971e-11 -3.363005290788930550e-11
3.780000076416828136e+01 -3.351560142675280289e-11 -3.353288938563867132e-11
3.790000076618978397e+01 -3.353957745935940130e-11 -3.343600658700395686e-11
3.800000076821152817e+01 -3.331224921689129821e-11 -3.333940370092182777e-11
3.810000077023303788e+01 -3.323536788486369781e-11 -3.324307991867294690e-11
3.820000077225478208e+01 -3.319066128410730236e-11 -3.314703443387361203e-11
3.830000077427628469e+01 -3.306781592066490193e-11 -3.305126644247080573e-11
3.840000077629803599e+01 -3.305058216322020083e-11 -3.295577514273367794e-11
3.850000077831953860e+01 -3.293943158690410203e-11 -3.286055973524863463e-11
3.860000078034104831e+01 -3.286949379641950075e-11 -3.276561942291105306e-11
3.870000078236279251e+01 -3.279397054812030009e-11 -3.267095341091929117e-11
3.880000078438429512e+01 -3.263270605820349702e-11 -3.257656090676872928e-11
3.890000078640603931e+01 -3.257860255847460270e-11 -3.248244112024353065e-11
3.900000078842754903e+01 -3.241268253963419932e-11 -3.238859326341182697e-11
3.910000079044929322e+01 -3.241053537810920138e-11 -3.229501655061736257e-11
3.920000079247079583e+01 -3.224758293688489699e-11 -3.220171019847467999e-11
3.930000079449230554e+01 -3.220673863186509963e-11 -3.210867342586097092e-11
3.940000079651404974e+01 -3.215223074150310082e-11 -3.201590545391026657e-11
3.950000079853555945e+01 -3.197009866795779796e-11 -3.192340550600754401e-11
3.960000080055730365e+01 -3.193544334153810046e-11 -3.183117280778068053e-11
3.970000080257881336e+01 -3.181449594928179748e-11 -3.173920658709574261e-11
3.980000080460055756e+01 -3.170676431374809978e-11 -3.164750607404877226e-11
3.990000080662206017e+01 -3.168080632905259701e-11 -3.155607050096105012e-11
4.000000080864356278e+01 -3.150991544215329776e-11 -3.146489910237119848e-11
4.010000081066530697e+01 -3.149885990112139729e-11 -3.137399111502939101e-11
4.020000081268681669e+01 -3.137724359009250011e-11 -3.128334577789161417e-11
4.030000081470856088e+01 -3.126782859877880279e-11 -3.119296233211181550e-11
4.040000081673007060e+01 -3.121559707391770073e-11 -3.110284002103722486e-11
4.050000081875181479e+01 -3.111446972368110317e-11 -3.101297809020034111e-11
4.060000082077332451e+01 -3.104034186414229931e-11 -3.092337578731431153e-11
4.070000082279506870e+01 -3.097530522851490296e-11 -3.083403236226492499e-11
4.080000082481657131e+01 -3.078183039326130139e-11 -3.074494706710604305e-11
4.090000082683807392e+01 -3.077011396311470011e-11 -3.065611915605187101e-11
4.100000082885981811e+01 -3.057165211283550181e-11 -3.056754788547126456e-11
4.110000083088132783e+01 -3.060580998308039824e-11 -3.047923251388227556e-11
4.120000083290307202e+01 -3.044077470110449780e-11 -3.039117230194435200e-11
4.130000083492458174e+01 -3.047899517457979884e-11 -3.030336651245389191e-11
4.140000083694632593e+01 -3.032540520550900085e-11 -3.021581441033637218e-11
4.150000083896783565e+01 -3.025054427136250285e-11 -3.012851526264185081e-11
4.160000084098933826e+01 -3.016027252135459942e-11 -3.004146833853743825e-11
4.170000084301108245e+01 -3.011017651591529915e-11 -2.995467290930171393e-11
4.180000084503258506e+01 -2.997424543146740050e-11 -2.986812824831930438e-11
4.190000084705433636e+01 -2.990928903570499901e-11 -2.978183363107334808e-11
4.200000084907583897e+01 -2.976500121582759775e-11 -2.969578833514106232e-11
4.210000085109758317e+01 -2.974790443354919782e-11 -2.960999164018605948e-11
4.220000085311909288e+01 -2.960300847124070224e-11 -2.952444282795395261e-11
4.230000085514059549e+01 -2.958984878345580098e-11 -2.943914118226494312e-11
4.240000085716233968e+01 -2.942364836367979786e-11 -2.935408598900835364e-11
4.250000085918384940e+01 -2.944170444412930269e-11 -2.926927653613736765e-11
4.260000086120559359e+01 -2.932282818010629934e-11 -2.918471211366157197e-11
4.270000086322710331e+01 -2.920682878656510049e-11 -2.910039201364266572e-11
4.280000086524884750e+01 -2.906762491145980069e-11 -2.901631553018689938e-11
4.290000086727035011e+01 -2.904137375013990058e-11 -2.893248195944079029e-11
4.300000086929185272e+01 -2.889782430741529878e-11 -2.884889059958381366e-11
4.310000087131360402e+01 -2.887273226866289905e-11 -2.876554075082314554e-11
4.320000087333510663e+01 -2.875921374181460147e-11 -2.868243171538838946e-11
4.330000087535685083e+01 -2.876028681401929956e-11 -2.859956279752434836e-11
4.340000087737836054e+01 -2.867228406252499899e-11 -2.851693330348676584e-11
4.350000087940010474e+01 -2.857361039182999978e-11 -2.843454254153497529e-11
4.360000088142161445e+01 -2.849782383788789887e-11 -2.835238982192764766e-11
4.370000088344311706e+01 -2.842378982511459995e-11 -2.827047445691567960e-11
4.380000088546486126e+01 -2.829202367075709917e-11 -2.818879576073696548e-11
4.390000088748636387e+01 -2.820568966100440066e-11 -2.810735304961133086e-11
4.400000088950810806e+01 -2.815044773864669990e-11 -2.802614564173334639e-11
4.410000089152961777e+01 -2.803739953750460059e-11 -2.794517285726825004e-11
4.420000089355136197e+01 -2.802584130400700102e-11 -2.786443401834466084e-11
4.430000089557287168e+01 -2.791382101803179991e-11 -2.778392844905048173e-11
4.440000089759437429e+01 -2.782643561162099884e-11 -2.770365547542585880e-11
4.450000089961612559e+01 -2.780429803619259930e-11 -2.762361442545814072e-11
4.460000090163762820e+01 -2.760349560791980074e-11 -2.754380462907684131e-11
4.470000090365937950e+01 -2.763697388401929925e-11 -2.746422541814661817e-11
4.480000090568088211e+01 -2.749072507931239901e-11 -2.738487612646332422e-11
4.490000090770262631e+01 -2.746059507078130125e-11 -2.730575608974679574e-11
4.500000090972412892e+01 -2.735612753658219855e-11 -2.722686464563687150e-11
4.510000091174587311e+01 -2.725591631129679869e-11 -2.714820113368630360e-11
4.520000091376738283e+01 -2.720586513372370108e-11 -2.706976489535677023e-11
4.530000091578888544e+01 -2.714921362342719893e-11 -2.699155527401202873e-11
4.540000091781063674e+01 -2.705506293778260023e-11 -2.691357161491296230e-11
4.550000091983213935e+01 -2.693260920413960097e-11 -2.683581326521270731e-11
4.560000092185389065e+01 -2.685035025619389928e-11 -2.675827957394981294e-11
4.570000092387539326e+01 -2.683603716385560120e-11 -2.668096989204437023e-11
4.580000092589713745e+01 -2.665529310459780122e-11 -2.660388357229098751e-11
4.590000092791864006e+01 -2.660822145732539995e-11 -2.652701996935495496e-11
4.600000092994014267e+01 -2.649893822453520120e-11 -2.645037843976548183e-11
4.610000093196189397e+01 -2.650138922242499845e-11 -2.637395834191087870e-11
4.620000093398339658e+01 -2.646566524646590026e-11 -2.629775903603376568e-11
4.630000093600514788e+01 -2.633775887288410027e-11 -2.622177988422438387e-11
4.640000093802665049e+01 -2.629074394990600047e-11 -2.614602025041677609e-11
4.650000094004839468e+01 -2.621625190172770139e-11 -2.607047950038193683e-11
4.660000094206990440e+01 -2.611223465021659849e-11 -2.599515700172400915e-11
4.670000094409140701e+01 -2.604469524204950100e-11 -2.592005212387371566e-11
4.680000094611315831e+01 -2.589714610081099843e-11 -2.584516423808358615e-11
4.690000094813465381e+01 -2.591997956969559905e-11 -2.577049271742328847e-11
4.700000095015640511e+01 -2.576985216456389977e-11 -2.569603693677305958e-11
4.710000095217790772e+01 -2.576585788884309961e-11 -2.562179627281995743e-11
4.720000095419965902e+01 -2.566242421992150003e-11 -2.554777010405120142e-11
4.730000095622116163e+01 -2.560765207890569990e-11 -2.547395781075038879e-11
4.740000095824266424e+01 -2.557207924121670080e-11 -2.540035877499103220e-11
4.750000096026441554e+01 -2.544557537855969994e-11 -2.532697238063198121e-11
4.760000096228591815e+01 -2.537284508205130159e-11 -2.525379801331274671e-11
4.770000096430766945e+01 -2.534223220443590064e-11 -2.518083506044715496e-11
4.780000096632917206e+01 -2.522310135775070153e-11 -2.510808291121959615e-11
4.790000096835091625e+01 -2.519569724371149853e-11 -2.503554095657852330e-11
4.800000097037241886e+01 -2.508303847969400042e-11 -2.496320858923274286e-11
4.810000097239392858e+01 -2.503424494786939862e-11 -2.489108520364513007e-11
4.820000097441567277e+01 -2.496821728074380127e-11 -2.481917019602807627e-11
4.830000097643717538e+01 -2.484021762546460125e-11 -2.474746296433892968e-11
4.840000097845892668e+01 -2.486447706552609912e-11 -2.467596290827376892e-11
4.850000098048042929e+01 -2.472754448276689963e-11 -2.460466942926376152e-11
4.860000098250218059e+01 -2.464479901351039869e-11 -2.453358193046874675e-11
4.870000098452368320e+01 -2.454703141309649928e-11 -2.446269981677365232e-11
4.880000098654518581e+01 -2.447889967721960149e-11 -2.439202249478228074e-11
4.890000098856693711e+01 -2.443273526368800104e-11 -2.432154937281286009e-11
4.900000099058843972e+01 -2.431298445659559914e-11 -2.425127986089362692e-11
4.910000099261018391e+01 -2.426913466759710135e-11 -2.418121337075666448e-11
4.920000099463168652e+01 -2.422578178660170126e-11 -2.411134931583435480e-11
4.930000099665343782e+01 -2.418980654434840067e-11 -2.404168711125309739e-11
4.940000099867494043e+01 -2.412800185886700139e-11 -2.397222617382979363e-11
4.950000100069645015e+01 -2.405134313440039973e-11 -2.390296592206575283e-11
4.960000100271819434e+01 -2.398004293968819984e-11 -2.383390577614235274e-11
4.970000100473970406e+01 -2.390887741841159884e-11 -2.376504515791665486e-11
4.980000100676144825e+01 -2.390880346732809980e-11 -2.369638349091545585e-11
4.990000100878295086e+01 -2.380499827703790026e-11 -2.362792020033171707e-11
5.000000101080469506e+01 -2.374930569841369887e-11 -2.355965471301848672e-11
5.010000101282619767e+01 -2.367841042138689944e-11 -2.349158645748538763e-11
5.020000101484794897e+01 -2.359484319367529978e-11 -2.342371486389253609e-11
5.030000101686945158e+01 -2.351617556408869925e-11 -2.335603936404707810e-11
5.040000101889096129e+01 -2.345940467966239893e-11 -2.328855939139728602e-11
5.050000102091270548e+01 -2.335832232107200109e-11 -2.322127438102829658e-11
5.060000102293421520e+01 -2.327928555848409964e-11 -2.315418376965789106e-11
5.070000102495595939e+01 -2.322327945221559970e-11 -2.308728699563063061e-11
5.080000102697746200e+01 -2.320162464263100063e-11 -2.302058349891443454e-11
5.090000102899920620e+01 -2.307479823939670129e-11 -2.295407272109462841e-11
5.100000103102070881e+01 -2.305022276167809860e-11 -2.288775410537054488e-11
5.110000103304221852e+01 -2.296638979213680104e-11 -2.282162709654972698e-11
5.120000103506396272e+01 -2.289906801596209917e-11 -2.275569114104379542e-11
5.130000103708547243e+01 -2.284500252263100030e-11 -2.268994568686423516e-11
5.140000103910721663e+01 -2.273358474501619972e-11 -2.262439018361673437e-11
5.150000104112872634e+01 -2.275447215643769842e-11 -2.255902408249777234e-11
5.160000104315047054e+01 -2.259834559763010131e-11 -2.249384683628881625e-11
5.170000104517198025e+01 -2.258224474730710022e-11 -2.242885789935295111e-11
5.180000104719347576e+01 -2.243188407513640065e-11 -2.236405672762929299e-11
5.190000104921522706e+01 -2.241620350569659996e-11 -2.229944277862877241e-11
5.200000105123672967e+01 -2.244833190759499852e-11 -2.223501551143022135e-11
5.210000105325848097e+01 -2.230268778933339988e-11 -2.217077438667460558e-11
5.220000105527997647e+01 -2.231613999352429850e-11 -2.210671886656187755e-11
5.230000105730172066e+01 -2.215000622200009894e-11 -2.204284841484512794e-11
5.240000105932323038e+01 -2.218320931046799887e-11 -2.197916249682740940e-11
5.250000106134474009e+01 -2.210091751895810043e-11 -2.191566057935614017e-11
5.260000106336648429e+01 -2.203472212608999954e-11 -2.185234213081913945e-11
5.270000106538799400e+01 -2.197647468739599884e-11 -2.178920662114057547e-11
5.280000106740973820e+01 -2.186692171959499879e-11 -2.172625352177553068e-11
5.290000106943124081e+01 -2.187183438156080021e-11 -2.166348230570673501e-11
5.300000107145298500e+01 -2.181156173875559939e-11 -2.160089244743897921e-11
5.310000107347449472e+01 -2.165626668070700043e-11 -2.153848342299589656e-11
5.320000107549599022e+01 -2.165810375043169954e-11 -2.147625470991456035e-11
5.330000107751774863e+01 -2.152343383435740100e-11 -2.141420578724149988e-11
5.340000107953924413e+01 -2.152539591274620095e-11 -2.135233613552887148e-11
5.350000108156100254e+01 -2.144654066961829993e-11 -2.129064523682897198e-11
5.360000108358249804e+01 -2.132253220617450107e-11 -2.122913257469118527e-11
5.370000108560425645e+01 -2.132660154377330111e-11 -2.116779763415636651e-11
5.380000108762575195e+01 -2.120010291494240037e-11 -2.110663990175385005e-11
5.390000108964725456e+01 -2.118329452440159873e-11 -2.104565886549597261e-11
5.400000109166900586e+01 -2.114380822639750017e-11 -2.098485401487433156e-11
5.410000109369050847e+01 -2.104398511815110113e-11 -2.092422484085592369e-11
5.420000109571225266e+01 -2.105493530161450152e-11 -2.086377083587783959e-11
5.430000109773376238e+01 -2.094963465541469857e-11 -2.080349149384419085e-11
5.440000109975550657e+01 -2.096839724885979961e-11 -2.074338631012074302e-11
5.450000110177701629e+01 -2.082266843043950141e-11 -2.068345478153178790e-11
5.460000110379852600e+01 -2.077292400693839844e-11 -2.062369640635497682e-11
5.470000110582027020e+01 -2.073578719928300126e-11 -2.056411068431752730e-11
5.480000110784177281e+01 -2.060843680706759872e-11 -2.050469711659246519e-11
5.490000110986351700e+01 -2.062343236452830104e-11 -2.044545520579344504e-11
5.500000111188501961e+01 -2.048521030210309972e-11 -2.038638445597174194e-11
5.510000111390677091e+01 -2.045753975580500122e-11 -2.032748437261093946e-11
5.520000111592826642e+01 -2.041873422442259985e-11 -2.026875446262396339e-11
5.530000111795002482e+01 -2.035715874509379888e-11 -2.021019423434775359e-11
5.540000111997152032e+01 -2.030014767875420037e-11 -2.015180319754037850e-11
5.550000112199303004e+01 -2.023095299829030013e-11 -2.009358086337582007e-11
5.560000112401477423e+01 -2.016769287387909930e-11 -2.003552674444042267e-11
5.570000112603628395e+01 -2.014300986404650113e-11 -1.997764035472914493e-11
5.580000112805802814e+01 -2.002853280154370046e-11 -1.991992120964057728e-11
5.590000113007953075e+01 -2.004724663571690102e-11 -1.986236882597394665e-11
5.600000113210128205e+01 -1.989409291395919887e-11 -1.980498272192398859e-11
5.610000113412278466e+01 -1.995587531218669858e-11 -1.974776241707802629e-11
5.620000113614429438e+01 -1.986665661644550142e-11 -1.969070743241095904e-11
5.630000113816603857e+01 -1.973251046658059885e-11 -1.963381729028169500e-11
5.640000114018754829e+01 -1.972826967617269949e-11 -1.957709151442952581e-11
5.650000114220929248e+01 -1.961388730465570106e-11 -1.952052962996923140e-11
5.660000114423078799e+01 -1.964402669800519980e-11 -1.946413116338814605e-11
5.670000114625254639e+01 -1.952074210196149997e-11 -1.940789564254112101e-11
5.680000114827404190e+01 -1.948720417984009992e-11 -1.935182259664770690e-11
5.690000115029555161e+01 -1.938161642017890091e-11 -1.929591155628717447e-11
5.700000115231729581e+01 -1.934734166701589843e-11 -1.924016205339506372e-11
5.710000115433879841e+01 -1.933852808879239872e-11 -1.918457362125963607e-11
5.720000115636054261e+01 -1.927774300231580150e-11 -1.912914579451704051e-11
5.730000115838205232e+01 -1.918077067850509874e-11 -1.907387810914847663e-11
5.740000116040379652e+01 -1.919686520584469869e-11 -1.901877010247525741e-11
5.750000116242530623e+01 -1.912271587300330148e-11 -1.896382131315597868e-11
5.760000116444681595e+01 -1.903775726573399861e-11 -1.890903128118174991e-11
5.770000116646856014e+01 -1.895269391231080054e-11 -1.885439954787274335e-11
5.780000116849006275e+01 -1.895056632624530062e-11 -1.879992565587471725e-11
5.790000117051181405e+01 -1.887298389703129932e-11 -1.874560914915429511e-11
5.800000117253331666e+01 -1.888262025512970151e-11 -1.869144957299619661e-11
5.810000117455506086e+01 -1.880182120957799887e-11 -1.863744647399837465e-11
5.820000117657655636e+01 -1.872127037527229921e-11 -1.858359940006924947e-11
5.830000117859806608e+01 -1.864859423849770082e-11 -1.852990790042305255e-11
5.840000118061981027e+01 -1.860209737420730144e-11 -1.847637152557639830e-11
5.850000118264131999e+01 -1.855891097297680093e-11 -1.842298982734495277e-11
5.860000118466306418e+01 -1.851010692442139889e-11 -1.836976235883873869e-11
5.870000118668457390e+01 -1.838876319842429921e-11 -1.831668867445945042e-11
5.880000118870631809e+01 -1.847338896241880030e-11 -1.826376832989568469e-11
5.890000119072782780e+01 -1.835371808521930107e-11 -1.821100088212023940e-11
5.900000119274933041e+01 -1.834237852343389870e-11 -1.815838588938553497e-11
5.910000119477107461e+01 -1.823601127037020094e-11 -1.810592291122027013e-11
5.920000119679258432e+01 -1.824778330673160058e-11 -1.805361150842612934e-11
5.930000119881432852e+01 -1.817810793928209843e-11 -1.800145124307322683e-11
5.940000120083583823e+01 -1.809923239803049951e-11 -1.794944167849743117e-11
5.950000120285758243e+01 -1.805755897683310076e-11 -1.789758237929572534e-11
5.960000120487909214e+01 -1.805212230957650153e-11 -1.784587291132353453e-11
5.970000120690058765e+01 -1.792142605162650088e-11 -1.779431284169026712e-11
5.980000120892233184e+01 -1.793573435847519849e-11 -1.774290173875598657e-11
5.990000121094384156e+01 -1.775940366347999873e-11 -1.769163917212826424e-11
6.000000121296558575e+01 -1.778720225443930030e-11 -1.764052471265762671e-11
6.010000121498708836e+01 -1.776093148581839875e-11 -1.758955793243501927e-11
6.020000121700883255e+01 -1.776099806192099866e-11 -1.753873840478716273e-11
6.030000121903034227e+01 -1.769191639104179911e-11 -1.748806570427404602e-11
6.040000122105208646e+01 -1.763709626466760125e-11 -1.743753940668432182e-11
6.050000122307359618e+01 -1.757917978723809970e-11 -1.738715908903277646e-11
6.060000122509510589e+01 -1.757052851052420136e-11 -1.733692432955588713e-11
6.070000122711685009e+01 -1.748869860445759957e-11 -1.728683470770871671e-11
6.080000122913835980e+01 -1.742918037676389891e-11 -1.723688980416169547e-11
6.090000123116010400e+01 -1.736584646570119860e-11 -1.718708920079631721e-11
6.100000123318160661e+01 -1.732988912857740073e-11 -1.713743248070255752e-11
6.110000123520335080e+01 -1.719061363371990100e-11 -1.708791922817446000e-11
6.120000123722486052e+01 -1.722908327129679944e-11 -1.703854902870758363e-11
6.130000123924635602e+01 -1.704940078676400038e-11 -1.698932146899473761e-11
6.140000124126811443e+01 -1.708535185446239985e-11 -1.694023613692281162e-11
6.150000124328960993e+01 -1.701545176402889874e-11 -1.689129262156977400e-11
6.160000124531135413e+01 -1.704450808236830088e-11 -1.684249051320029679e-11
6.170000124733286384e+01 -1.699680409724589849e-11 -1.679382940326336787e-11
6.180000124935460803e+01 -1.698726646741720035e-11 -1.674530888438786424e-11
6.190000125137611775e+01 -1.690058642534749940e-11 -1.669692855038010927e-11
6.200000125339762036e+01 -1.686229831830850143e-11 -1.664868799621964634e-11
6.210000125541936455e+01 -1.675894666220630028e-11 -1.660058681805620148e-11
6.220000125744087427e+01 -1.676452782169739842e-11 -1.655262461320662998e-11
6.230000125946261846e+01 -1.666774362958620061e-11 -1.650480098015078367e-11
6.240000126148412818e+01 -1.661102636838809988e-11 -1.645711551852900353e-11
6.250000126350587237e+01 -1.658361484447869889e-11 -1.640956782913792889e-11
6.260000126552738209e+01 -1.655477757452219948e-11 -1.636215751392799001e-11
6.270000126754887759e+01 -1.654502319558900117e-11 -1.631488417599934004e-11
6.280000126957063600e+01 -1.645693967147169883e-11 -1.626774741959883387e-11
6.290000127159213150e+01 -1.644254977976919981e-11 -1.622074685011709101e-11
6.300000127361388280e+01 -1.631319697097260085e-11 -1.617388207408435966e-11
6.310000127563537831e+01 -1.627221700067779958e-11 -1.612715269916815473e-11
6.320000127765712961e+01 -1.624191573266450074e-11 -1.608055833416906377e-11
6.330000127967863222e+01 -1.619119980759780155e-11 -1.603409858901837534e-11
6.340000128170014193e+01 -1.617582451765869958e-11 -1.598777307477401086e-11
6.350000128372188613e+01 -1.610102055277419969e-11 -1.594158140361763282e-11
6.360000128574339584e+01 -1.610152389487340161e-11 -1.589552318885171079e-11
6.370000128776514003e+01 -1.605799932895629991e-11 -1.584959804489551804e-11
6.380000128978664975e+01 -1.598273771074599997e-11 -1.580380558728276630e-11
6.390000129180839394e+01 -1.595197259308529860e-11 -1.575814543265755065e-11
6.400000129382989655e+01 -1.591021255763769926e-11 -1.571261719877196813e-11
6.410000129585139916e+01 -1.581131639217360041e-11 -1.566722050448218220e-11
6.420000129787315757e+01 -1.580564481432889880e-11 -1.562195496974555340e-11
6.430000129989464597e+01 -1.574326854228829874e-11 -1.557682021561779275e-11
6.440000130191640437e+01 -1.569309517004270042e-11 -1.553181586424898413e-11
6.450000130393790698e+01 -1.565205498594640111e-11 -1.548694153888136448e-11
6.460000130595965118e+01 -1.562602021177369969e-11 -1.544219686384524284e-11
6.470000130798115379e+01 -1.561071547704889907e-11 -1.539758146455673849e-11
6.480000131000289798e+01 -1.549319989330000042e-11 -1.535309496751378726e-11
6.490000131202440059e+01 -1.552264276993369946e-11 -1.530873700029386999e-11
6.500000131404591741e+01 -1.533298939995530048e-11 -1.526450719155014158e-11
6.510000131606766161e+01 -1.534257515338149886e-11 -1.522040517100866191e-11
6.520000131808916422e+01 -1.531654011557729863e-11 -1.517643056946558142e-11
6.530000132011090841e+01 -1.529902483752749844e-11 -1.513258301878334133e-11
6.540000132213242523e+01 -1.528433894774950013e-11 -1.508886215188840529e-11
6.550000132415416942e+01 -1.524171869918500158e-11 -1.504526760276738847e-11
6.560000132617567203e+01 -1.521555894110989943e-11 -1.500179900646477957e-11
6.570000132819716043e+01 -1.514537700101380124e-11 -1.495845599907920234e-11
6.580000133021891884e+01 -1.508962663565490041e-11 -1.491523821776062065e-11
6.590000133224042145e+01 -1.496174034629760160e-11 -1.487214530070769856e-11
6.600000133426217985e+01 -1.496453850614969881e-11 -1.482917688716396822e-11
6.610000133628366825e+01 -1.492591740714260038e-11 -1.478633261741569079e-11
6.620000133830542666e+01 -1.483219285801939937e-11 -1.474361213278795639e-11
6.630000134032692927e+01 -1.481294987792480011e-11 -1.470101507564259360e-11
6.640000134234843188e+01 -1.479570691799470030e-11 -1.465854108937437600e-11
6.650000134437017607e+01 -1.480533974558919980e-11 -1.461618981840837586e-11
6.660000134639167868e+01 -1.476996710804299846e-11 -1.457396090819731781e-11
6.670000134841342287e+01 -1.470549440866769959e-11 -1.453185400521784198e-11
6.680000135043493970e+01 -1.465617250898129926e-11 -1.448986875696841507e-11
6.690000135245668389e+01 -1.461906358947749941e-11 -1.444800481196553044e-11
6.700000135447818650e+01 -1.460827131000150123e-11 -1.440626181974158689e-11
6.710000135649970332e+01 -1.446737883434360059e-11 -1.436463943084124388e-11
6.720000135852144751e+01 -1.441852722967670063e-11 -1.432313729681882689e-11
6.730000136054293591e+01 -1.436014574008850009e-11 -1.428175507023565688e-11
6.740000136256469432e+01 -1.441160182786609999e-11 -1.424049240465647009e-11
6.750000136458619693e+01 -1.433658889207659946e-11 -1.419934895464734532e-11
6.760000136660794112e+01 -1.429348189212459927e-11 -1.415832437577197024e-11
6.770000136862944373e+01 -1.421073111329879980e-11 -1.411741832458956381e-11
6.780000137065094634e+01 -1.421050030943099944e-11 -1.407663045865132352e-11
6.790000137267269054e+01 -1.416861152145019986e-11 -1.403596043649784540e-11
6.800000137469420736e+01 -1.406078545236030061e-11 -1.399540791765655028e-11
6.810000137671595155e+01 -1.402867391966269958e-11 -1.395497256263817322e-11
6.820000137873745416e+01 -1.406872795740980032e-11 -1.391465403293467448e-11
6.830000138075919836e+01 -1.406129055670389948e-11 -1.387445199101564004e-11
6.840000138278071518e+01 -1.401962494943449969e-11 -1.383436610032623139e-11
6.850000138480221779e+01 -1.394149198631169985e-11 -1.379439602528370235e-11
6.860000138682396198e+01 -1.398890279033179981e-11 -1.375454143127485610e-11
6.870000138884546459e+01 -1.383468417734240037e-11 -1.371480198465353946e-11
6.880000139086720878e+01 -1.386531760968540080e-11 -1.367517735273719839e-11
6.890000139288872560e+01 -1.380924915910140029e-11 -1.363566720380482301e-11
6.900000139491046980e+01 -1.373912347309969927e-11 -1.359627120709345308e-11
6.910000139693195820e+01 -1.370974998876040052e-11 -1.355698903279612781e-11
6.920000139895371660e+01 -1.364513638056769988e-11 -1.351782035205836388e-11
6.930000140097521921e+01 -1.362743805711829956e-11 -1.347876483697622481e-11
6.940000140299672182e+01 -1.362817473557180078e-11 -1.343982216059281516e-11
6.950000140501846602e+01 -1.356637080721490047e-11 -1.340099199689592173e-11
6.960000140703996863e+01 -1.348468839192030037e-11 -1.336227402081549813e-11
6.970000140906171282e+01 -1.347445387696570064e-11 -1.332366790822032212e-11
6.980000141108322964e+01 -1.346566980361189970e-11 -1.328517333591600359e-11
6.990000141310497384e+01 -1.339813304282169931e-11 -1.324678998164158210e-11
7.000000141512647645e+01 -1.332896009722609974e-11 -1.320851752406751717e-11
7.010000141714799327e+01 -1.326638125411849973e-11 -1.317035564279236976e-11
7.020000141916973746e+01 -1.327768836869439978e-11 -1.313230401834040968e-11
7.030000142119124007e+01 -1.324971301673450054e-11 -1.309436233215921315e-11
7.040000142321298426e+01 -1.317950405634559939e-11 -1.305653026661633634e-11
7.050000142523448687e+01 -1.315317606169379986e-11 -1.301880750499739926e-11
7.060000142725623107e+01 -1.315144798827660033e-11 -1.298119373150271082e-11
7.070000142927773368e+01 -1.312185796068860050e-11 -1.294368863124534950e-11
7.080000143129923629e+01 -1.305466297723500055e-11 -1.290629189024788694e-11
7.090000143332098048e+01 -1.306596415306340016e-11 -1.286900319544003078e-11
7.100000143534249730e+01 -1.301514811514050032e-11 -1.283182223465627081e-11
7.110000143736424150e+01 -1.295513019750669958e-11 -1.279474869663267196e-11
7.120000143938574411e+01 -1.297165102087350021e-11 -1.275778227100492917e-11
7.130000144140748830e+01 -1.292513398957619926e-11 -1.272092264830508289e-11
7.140000144342900512e+01 -1.291384979081209926e-11 -1.268416951995964339e-11
7.150000144545050773e+01 -1.283710270157760048e-11 -1.264752257828640320e-11
7.160000144747225193e+01 -1.279915593179009970e-11 -1.261098151649207190e-11
7.170000144949375454e+01 -1.273096282509189957e-11 -1.257454602867002559e-11
7.180000145151549873e+01 -1.271323565171859936e-11 -1.253821580979711290e-11
7.190000145353701555e+01 -1.264501740097599950e-11 -1.250199055573178573e-11
7.200000145555875974e+01 -1.262337866480460022e-11 -1.246586996321088909e-11
7.210000145758026235e+01 -1.258033526584920036e-11 -1.242985372984778863e-11
7.220000145960176496e+01 -1.251199132279130078e-11 -1.239394155412923319e-11
7.230000146162350916e+01 -1.252013657468929962e-11 -1.235813313541312365e-11
7.240000146364501177e+01 -1.243068222551680024e-11 -1.232242817392621070e-11
7.250000146566675596e+01 -1.240381553741619929e-11 -1.228682637076100591e-11
7.260000146768827278e+01 -1.244091569051829986e-11 -1.225132742787396087e-11
7.270000146971001698e+01 -1.238592601941689926e-11 -1.221593104808230881e-11
7.280000147173151959e+01 -1.234809618774510040e-11 -1.218063693506222274e-11
7.290000147375302220e+01 -1.232003400630570065e-11 -1.214544479334574590e-11
7.300000147577476639e+01 -1.232133904101550017e-11 -1.211035432831861071e-11
7.310000147779628321e+01 -1.225112451747139969e-11 -1.207536524621797530e-11
7.320000147981802741e+01 -1.218834680490889934e-11 -1.204047725412941530e-11
7.330000148183953002e+01 -1.218632013447309996e-11 -1.200569005998510795e-11
7.340000148386127421e+01 -1.217057542428809982e-11 -1.197100337256075435e-11
7.350000148588277682e+01 -1.210163269643710000e-11 -1.193641690147377652e-11
7.360000148790427943e+01 -1.212621336410739995e-11 -1.190193035718032046e-11
7.370000148992603783e+01 -1.209020418664789968e-11 -1.186754345097307188e-11
7.380000149194752623e+01 -1.200702964119400017e-11 -1.183325589497911391e-11
7.390000149396927043e+01 -1.202079054433449946e-11 -1.179906740215689792e-11
7.400000149599078725e+01 -1.191186812006139968e-11 -1.176497768629452935e-11
7.410000149801253144e+01 -1.189932967339500038e-11 -1.173098646200670940e-11
7.420000150003403405e+01 -1.186098419795619929e-11 -1.169709344473298699e-11
7.430000150205577825e+01 -1.181351226218080068e-11 -1.166329835073474888e-11
7.440000150407729507e+01 -1.177691668190289973e-11 -1.162960089709346359e-11
7.450000150609879768e+01 -1.170411006031330073e-11 -1.159600080170777165e-11
7.460000150812054187e+01 -1.174732664301030067e-11 -1.156249778329136118e-11
7.470000151014204448e+01 -1.169233845061269986e-11 -1.152909156137084333e-11
7.480000151216378868e+01 -1.165206790139540002e-11 -1.149578185628284426e-11
7.490000151418530550e+01 -1.162706987612009987e-11 -1.146256838917230876e-11
7.500000151620704969e+01 -1.160457972182359945e-11 -1.142945088198955181e-11
7.510000151822855230e+01 -1.162591156158880015e-11 -1.139642905748851859e-11
7.520000152025005491e+01 -1.152107888274119983e-11 -1.136350263922394103e-11
7.530000152227181331e+01 -1.141284723068509986e-11 -1.133067135154924244e-11
7.540000152429330171e+01 -1.141857199372000019e-11 -1.129793491961450019e-11
7.550000152631506012e+01 -1.135250092998760028e-11 -1.126529306936354416e-11
7.560000152833656273e+01 -1.142049434837219946e-11 -1.123274552753234278e-11
7.570000153035830692e+01 -1.133014621294079960e-11 -1.120029202164604322e-11
7.580000153237980953e+01 -1.131354053669370063e-11 -1.116793228001733807e-11
7.590000153440131214e+01 -1.125427798640659934e-11 -1.113566603174365424e-11
7.600000153642305634e+01 -1.128679091951180077e-11 -1.110349300670509463e-11
7.610000153844457316e+01 -1.127333368011530075e-11 -1.107141293556241712e-11
7.620000154046631735e+01 -1.115788347706220054e-11 -1.103942554975426859e-11
7.630000154248781996e+01 -1.120466895193940043e-11 -1.100753058149550157e-11
7.640000154450956416e+01 -1.116882027702250044e-11 -1.097572776377434852e-11
7.650000154653106677e+01 -1.109973518590859999e-11 -1.094401683035079817e-11
7.660000154855256937e+01 -1.106523749751930068e-11 -1.091239751575383289e-11
7.670000155057432778e+01 -1.101679421104029921e-11 -1.088086955527941564e-11
7.680000155259581618e+01 -1.096521382511910035e-11 -1.084943268498854000e-11
7.690000155461757458e+01 -1.097553319555920052e-11 -1.081808664170443514e-11
7.700000155663907719e+01 -1.091340575383699926e-11 -1.078683116301103268e-11
7.710000155866083560e+01 -1.087344534096780044e-11 -1.075566598725010064e-11
7.720000156068232400e+01 -1.087726589061649929e-11 -1.072459085351971988e-11
7.730000156270384082e+01 -1.085650617637110070e-11 -1.069360550167149891e-11
7.740000156472558501e+01 -1.080356970176050046e-11 -1.066270967230870944e-11
7.750000156674708762e+01 -1.079850979650700053e-11 -1.063190310678426532e-11
7.760000156876883182e+01 -1.076940021031249932e-11 -1.060118554719806486e-11
7.770000157079033443e+01 -1.075195476161429996e-11 -1.057055673639542699e-11
7.780000157281207862e+01 -1.067544448006559930e-11 -1.054001641796435119e-11
7.790000157483359544e+01 -1.065961553243189995e-11 -1.050956433623394068e-11
7.800000157685509805e+01 -1.064784322449570078e-11 -1.047920023627176740e-11
7.810000157887684225e+01 -1.063119146940180005e-11 -1.044892386388195595e-11
7.820000158089834486e+01 -1.050210005098159993e-11 -1.041873496560325613e-11
7.830000158292010326e+01 -1.050590142597140035e-11 -1.038863328870642900e-11
7.840000158494159166e+01 -1.051335959573349945e-11 -1.035861858119271848e-11
7.850000158696335006e+01 -1.052689279747459920e-11 -1.032869059179113072e-11
7.860000158898485267e+01 -1.041019453991330013e-11 -1.029884906995694936e-11
7.870000159100659687e+01 -1.039293600707150006e-11 -1.026909376586902784e-11
7.880000159302809948e+01 -1.045180978694659996e-11 -1.023942443042829172e-11
7.890000159504960209e+01 -1.035220595463079987e-11 -1.020984081525513759e-11
7.900000159707134628e+01 -1.034019151264509937e-11 -1.018034267268759615e-11
7.910000159909286310e+01 -1.025776555891279969e-11 -1.015092975577943228e-11
7.920000160111460730e+01 -1.031002394584380070e-11 -1.012160181829761505e-11
7.930000160313610991e+01 -1.022680100201480010e-11 -1.009235861472080226e-11
7.940000160515785410e+01 -1.020064014940159998e-11 -1.006319990023673614e-11
7.950000160717937092e+01 -1.017493067745839949e-11 -1.003412543074073277e-11
7.960000160920087353e+01 -1.017417220213820060e-11 -1.000513496283317631e-11
7.970000161122261773e+01 -1.015609950988409991e-11 -9.976228253817675606e-12
7.980000161324412034e+01 -1.010475937080469936e-11 -9.947405061699241807e-12
7.990000161526586453e+01 -1.009901764866219952e-11 -9.918665145181771291e-12
8.000000161728736714e+01 -1.010385624799839980e-11 -9.890008263666590012e-12
8.010000161930912554e+01 -9.991449615318340440e-12 -9.861434177249891183e-12
8.020000162133061394e+01 -9.995286498301130069e-12 -9.832942646721269934e-12
8.030000162335213076e+01 -9.943371698236410182e-12 -9.804533433561215927e-12
8.040000162537387496e+01 -9.934775678928739283e-12 -9.776206299939379825e-12
8.050000162739537757e+01 -9.908131667534269534e-12 -9.747961008712725066e-12
8.060000162941712176e+01 -9.844287326577839669e-12 -9.719797323423115785e-12
