#time(au), s(t), s(t) without exp(iwt)
 0.00000000000000e+01  4.35481943569738e-17  4.35481943569738e-17
 4.13413741709430e+03  2.75966303247156e-16  1.93584088275486e-16
 8.26827483418859e+03  1.11046630254595e-15  6.11041747423703e-16
 1.24024122512829e+04  1.32324127340710e-15  1.41114104490133e-15
 1.65365496683772e+04  2.42045427379179e-15  2.61629319583275e-15
 2.06706870854715e+04  3.21122145471960e-15  4.20358239197492e-15
 2.48048245025658e+04  4.23388755185845e-15  6.12973739629030e-15
 2.89389619196601e+04  4.80971493464504e-15  8.34378565987906e-15
 3.30730993367544e+04  4.50060353781896e-15  1.07932078211697e-14
 3.72072367538487e+04  6.56207032035647e-15  1.34268479264737e-14
 4.13413741709430e+04  7.01107091205092e-15  1.61963298941592e-14
 4.54755115880372e+04  1.24831436233268e-14  1.90568632763224e-14
 4.96096490051315e+04  8.72759206137334e-15  2.19678358206593e-14
 5.37437864222258e+04  1.30494523516294e-14  2.48933309395663e-14
 5.78779238393201e+04  1.14509268753074e-14  2.78025801913082e-14
 6.20120612564144e+04  1.07500814687414e-14  3.06703076727827e-14
 6.61461986735087e+04  1.27129252421354e-14  3.34769112252119e-14
 7.02803360906030e+04  1.27846457399597e-14  3.62084351690233e-14
 7.44144735076973e+04  1.14763053824232e-14  3.88563093124778e-14
 7.85486109247916e+04  1.19833154941275e-14  4.14168525400385e-14
 8.26827483418859e+04  1.52737166022211e-14  4.38905622348432e-14
 8.68168857589802e+04  1.82294718072649e-14  4.62812306684119e-14
 9.09510231760745e+04  1.49394488480240e-14  4.85949448412530e-14
 9.50851605931688e+04  2.03115105795481e-14  5.08390360823811e-14
 9.92192980102631e+04  1.59207351627008e-14  5.30210499008532e-14
 1.03353435427357e+05  2.44267380438569e-14  5.51478050757115e-14
 1.07487572844452e+05  1.45287767464306e-14  5.72246042230725e-14
 1.11621710261546e+05  2.31844223852334e-14  5.92546468132084e-14
 1.15755847678640e+05  1.88547577272723e-14  6.12386808572165e-14
 1.19889985095735e+05  2.59269038948514e-14  6.31749121184511e-14
 1.24024122512829e+05  2.34749764241631e-14  6.50591712796882e-14
 1.28158259929923e+05  2.46302170170275e-14  6.68853210165303e-14
 1.32292397347018e+05  2.60256317282196e-14  6.86458677282927e-14
 1.36426534764112e+05  2.77344214422835e-14  7.03327279679687e-14
 1.40560672181206e+05  3.06151937526408e-14  7.19380882187988e-14
 1.44694809598300e+05  2.45778576281811e-14  7.34552894568147e-14
 1.48828947015395e+05  2.79160071528133e-14  7.48796653747494e-14
 1.52963084432489e+05  2.53638929575225e-14  7.62092654236771e-14
 1.57097221849583e+05  2.70743201943056e-14  7.74454007776937e-14
 1.61231359266678e+05  3.15144047706106e-14  7.85929626808494e-14
 1.65365496683772e+05  3.48473412501590e-14  7.96604775541466e-14
 1.69499634100866e+05  3.56466047598103e-14  8.06598808632584e-14
 1.73633771517960e+05  3.49618490331822e-14  8.16060110008815e-14
 1.77767908935055e+05  3.55641726153081e-14  8.25158440479522e-14
 1.81902046352149e+05  3.16089082367339e-14  8.34075090360786e-14
 1.86036183769243e+05  2.84792217801509e-14  8.42991399660056e-14
 1.90170321186338e+05  2.64590806560228e-14  8.52076342709051e-14
 1.94304458603432e+05  2.46730976637627e-14  8.61473968158533e-14
 1.98438596020526e+05  3.54639244338429e-14  8.71291529616914e-14
 2.02572733437620e+05  2.73953690902599e-14  8.81589136506893e-14
 2.06706870854715e+05  3.53858837268270e-14  8.92371694826720e-14
 2.10841008271809e+05  3.65592988756785e-14  9.03583798320196e-14
 2.14975145688903e+05  4.00816416809649e-14  9.15108076033498e-14
 2.19109283105998e+05  3.78278848162747e-14  9.26767311526716e-14
 2.23243420523092e+05  3.82457990935066e-14  9.38330432885452e-14
 2.27377557940186e+05  3.36643923501727e-14  9.49522242741247e-14
 2.31511695357280e+05  3.75349434720965e-14  9.60036528439607e-14
 2.35645832774375e+05  2.19751082608500e-14  9.69551976950859e-14
 2.39779970191469e+05  4.13553365050950e-14  9.77750130720479e-14
 2.43914107608563e+05  3.02387256228707e-14  9.84334470732167e-14
 2.48048245025658e+05  5.71048125989370e-14  9.89049612489533e-14
 2.52182382442752e+05  2.58324173938137e-14  9.91699553334740e-14
 2.56316519859846e+05  5.77730042500704e-14  9.92163923803808e-14
 2.60450657276940e+05  4.55106281669550e-14  9.90411267894798e-14
 2.64584794694035e+05  4.75429768445953e-14  9.86508506330955e-14
 2.68718932111129e+05  4.05949819683786e-14  9.80625917228218e-14
 2.72853069528223e+05  2.49390619590543e-14  9.73037188589633e-14
 2.76987206945318e+05  4.10888623675988e-14  9.64114347817185e-14
 2.81121344362412e+05  3.88511259256047e-14  9.54317639180543e-14
 2.85255481779506e+05  3.88301122515243e-14  9.44180687529906e-14
 2.89389619196601e+05  3.16339300978548e-14  9.34291540023089e-14
 2.93523756613695e+05  4.52193865297229e-14  9.25270403833781e-14
 2.97657894030789e+05  6.13356836631164e-14  9.17745083217503e-14
 3.01792031447884e+05  2.94033031608915e-14  9.12325253603787e-14
 3.05926168864978e+05  4.85138675136203e-14  9.09576785700278e-14
 3.10060306282072e+05  3.37598624914969e-14  9.09997345395025e-14
 3.14194443699167e+05  5.01039473290355e-14  9.13994441798344e-14
 3.18328581116261e+05  3.11405588707068e-14  9.21866982307305e-14
 3.22462718533355e+05  5.20191015451777e-14  9.33791223024291e-14
 3.26596855950449e+05  3.76860726182814e-14  9.49811785486579e-14
 3.30730993367544e+05  4.99548278003734e-14  9.69838158783647e-14
 3.34865130784638e+05  3.15078418439256e-14  9.93646832275890e-14
 3.38999268201732e+05  5.52541517886491e-14  1.02088892364503e-13
 3.43133405618827e+05  4.93992188887987e-14  1.05110289533017e-13
 3.47267543035921e+05  5.34458025738907e-14  1.08373170373092e-13
 3.51401680453015e+05  4.50295382765178e-14  1.11814351366088e-13
 3.55535817870110e+05  4.06089305130526e-14  1.15365494605027e-13
 3.59669955287204e+05  4.53886777270564e-14  1.18955571947087e-13
 3.63804092704298e+05  5.71798059857134e-14  1.22513349936750e-13
 3.67938230121393e+05  5.04518525741714e-14  1.25969778695204e-13
 3.72072367538487e+05  5.28627225247958e-14  1.29260175867430e-13
 3.76206504955581e+05  5.62030348195620e-14  1.32326110355798e-13
 3.80340642372676e+05  6.58213703420984e-14  1.35116909070050e-13
 3.84474779789770e+05  5.53013850833499e-14  1.37590732140330e-13
 3.88608917206864e+05  4.02865111882800e-14  1.39715186775666e-13
 3.92743054623959e+05  4.29458528980447e-14  1.41467475734851e-13
 3.96877192041053e+05  3.51032189525641e-14  1.42834101728761e-13
 4.01011329458147e+05  5.45032720685380e-14  1.43810172642073e-13
 4.05145466875241e+05  4.35135839921588e-14  1.44398372845962e-13
 4.09279604292336e+05  6.16995898306048e-14  1.44607682014387e-13
 4.13413741709430e+05  6.18211954341435e-14  1.44451933971211e-13
 4.17547879126524e+05  6.38543108816298e-14  1.43948313437668e-13
 4.21682016543619e+05  6.01663829636606e-14  1.43115888114818e-13
 4.25816153960713e+05  5.12906924034965e-14  1.41974267285336e-13
 4.29950291377807e+05  5.51490090752254e-14  1.40542466624869e-13
 4.34084428794902e+05  4.87632051236570e-14  1.38838042833311e-13
 4.38218566211996e+05  4.42516317886408e-14  1.36876542079522e-13
 4.42352703629090e+05  5.05904189606936e-14  1.34671284402757e-13
 4.46486841046185e+05  6.01237095497945e-14  1.32233483257812e-13
 4.50620978463279e+05  5.97751480288303e-14  1.29572676936142e-13
 4.54755115880373e+05  5.53783796815772e-14  1.26697427848499e-13
 4.58889253297468e+05  7.04440294803500e-14  1.23616227856931e-13
 4.63023390714562e+05  5.83816470974355e-14  1.20338534135339e-13
 4.67157528131656e+05  7.43134180078995e-14  1.16875851113737e-13
 4.71291665548751e+05  5.32404180232530e-14  1.13242770512334e-13
 4.75425802965845e+05  7.12924766551440e-14  1.09457883421854e-13
 4.79559940382939e+05  5.36747072687290e-14  1.05544485842134e-13
 4.83694077800033e+05  4.91193394098894e-14  1.01531011389231e-13
 4.87828215217128e+05  5.76386336255586e-14  9.74511415129671e-14
 4.91962352634222e+05  6.62864533890265e-14  9.33435633218079e-14
 4.96096490051316e+05  1.02401335706005e-13  8.92513670090849e-14
 5.00230627468411e+05  7.66457154474310e-14  8.52210974823233e-14
 5.04364764885505e+05  8.64103269623588e-14  8.13014968062756e-14
 5.08498902302599e+05  7.21533152139247e-14  7.75419942115868e-14
 5.12633039719694e+05  7.75341311061561e-14  7.39910174874467e-14
 5.16767177136788e+05  6.59621300059454e-14  7.06942124660518e-14
 5.20901314553882e+05  7.61529309145224e-14  6.76926653927531e-14
 5.25035451970977e+05  5.66197360453346e-14  6.50212256496923e-14
 5.29169589388071e+05  7.38910538044202e-14  6.27070233419992e-14
 5.33303726805165e+05  6.58677214493871e-14  6.07682679802017e-14
 5.37437864222260e+05  7.25128705934332e-14  5.92134010835646e-14
 5.41572001639354e+05  6.69495126680882e-14  5.80406579754323e-14
 5.45706139056448e+05  6.33874714147684e-14  5.72380730984857e-14
 5.49840276473543e+05  7.20562620839205e-14  5.67839401711185e-14
 5.53974413890637e+05  5.75450187361539e-14  5.66477146022411e-14
 5.58108551307731e+05  6.22001939819040e-14  5.67913221617919e-14
 5.62242688724826e+05  6.68218147336850e-14  5.71708162794933e-14
 5.66376826141920e+05  6.18366408313121e-14  5.77383076397768e-14
 5.70510963559014e+05  8.12759943649591e-14  5.84440751167232e-14
 5.74645100976108e+05  6.26133336873732e-14  5.92387571547060e-14
 5.78779238393203e+05  9.44092070184962e-14  6.00755182302949e-14
 5.82913375810297e+05  9.01429286955796e-14  6.09120860155650e-14
 5.87047513227391e+05  9.67729417704299e-14  6.17125614488002e-14
 5.91181650644486e+05  7.56903032532961e-14  6.24489155045951e-14
 5.95315788061580e+05  9.00912729526415e-14  6.31021026261055e-14
 5.99449925478674e+05  7.74968871447430e-14  6.36627404165084e-14
 6.03584062895769e+05  9.19540000551875e-14  6.41313273580969e-14
 6.07718200312863e+05  6.64801800547296e-14  6.45179937054556e-14
 6.11852337729957e+05  8.09848160555670e-14  6.48418041326611e-14
 6.15986475147052e+05  8.67794431933924e-14  6.51296528261203e-14
 6.20120612564146e+05  1.16128837151850e-13  6.54148114108263e-14
 6.24254749981240e+05  6.92639755472093e-14  6.57352063319799e-14
 6.28388887398335e+05  8.11090436922031e-14  6.61315142980595e-14
 6.32523024815429e+05  7.75545547426885e-14  6.66451714676859e-14
 6.36657162232523e+05  7.35765685499667e-14  6.73163940440030e-14
 6.40791299649618e+05  7.00875292257557e-14  6.81823047764073e-14
 6.44925437066712e+05  6.17025493881434e-14  6.92752518035715e-14
 6.49059574483806e+05  7.16863903369996e-14  7.06213938768424e-14
 6.53193711900900e+05  8.72081681277768e-14  7.22396101072825e-14
 6.57327849317995e+05  5.19329486182329e-14  7.41407738069789e-14
 6.61461986735089e+05  7.47252975047801e-14  7.63274099781874e-14
 6.65596124152183e+05  6.88622979896500e-14  7.87937355431777e-14
 6.69730261569278e+05  9.60386792513188e-14  8.15260617625360e-14
 6.73864398986372e+05  5.56619206123999e-14  8.45035204438171e-14
 6.77998536403466e+05  7.77313578759331e-14  8.76990604829465e-14
 6.82132673820561e+05  7.85848335442174e-14  9.10806497378836e-14
 6.86266811237655e+05  9.45734689578921e-14  9.46126098254594e-14
 6.90400948654749e+05  6.58847916147821e-14  9.82570082728190e-14
 6.94535086071844e+05  8.75832924022780e-14  1.01975033851433e-13
 6.98669223488938e+05  9.89095007229943e-14  1.05728286353852e-13
 7.02803360906032e+05  1.08338071943717e-13  1.09479921340181e-13
 7.06937498323127e+05  8.33166233144806e-14  1.13195602619326e-13
 7.11071635740221e+05  7.05327955541546e-14  1.16844229741964e-13
 7.15205773157315e+05  8.45429416227893e-14  1.20398423531301e-13
 7.19339910574410e+05  7.73438924937269e-14  1.23834768763959e-13
 7.23474047991504e+05  8.42312973341764e-14  1.27133828399370e-13
 7.27608185408598e+05  5.83737564469517e-14  1.30279957533589e-13
 7.31742322825692e+05  7.52150725498816e-14  1.33260956471466e-13
 7.35876460242787e+05  7.84205867392457e-14  1.36067610498425e-13
 7.40010597659881e+05  8.41116410437761e-14  1.38693168667761e-13
 7.44144735076975e+05  9.50975763610804e-14  1.41132814782831e-13
 7.48278872494070e+05  7.82301278994919e-14  1.43383181052775e-13
 7.52413009911164e+05  1.01677782995361e-13  1.45441948668498e-13
 7.56547147328258e+05  7.43617142724401e-14  1.47307570356384e-13
 7.60681284745353e+05  8.02857531910541e-14  1.48979138431734e-13
 7.64815422162447e+05  8.95309190367644e-14  1.50456408827032e-13
 7.68949559579541e+05  8.11105631230957e-14  1.51739977822276e-13
 7.73083696996636e+05  8.75330641963913e-14  1.52831594726882e-13
 7.77217834413730e+05  7.63746202797347e-14  1.53734581472385e-13
 7.81351971830824e+05  9.77241406389519e-14  1.54454319727916e-13
 7.85486109247919e+05  8.98906930561831e-14  1.54998758488162e-13
 7.89620246665013e+05  7.11049335017102e-14  1.55378890676184e-13
 7.93754384082107e+05  8.24678410339799e-14  1.55609146413602e-13
 7.97888521499202e+05  8.06879014785969e-14  1.55707653342036e-13
 8.02022658916296e+05  8.10470301790054e-14  1.55696320774423e-13
 8.06156796333390e+05  9.08778184428009e-14  1.55600713913829e-13
 8.10290933750484e+05  8.49177734868911e-14  1.55449696624965e-13
 8.14425071167579e+05  9.07146677714099e-14  1.55274835374041e-13
 8.18559208584673e+05  9.03701847761910e-14  1.55109572252691e-13
 8.22693346001767e+05  9.79046058071934e-14  1.54988190473613e-13
 8.26827483418862e+05  7.79448889365734e-14  1.54944610468648e-13
 8.30961620835956e+05  9.75408838644530e-14  1.55011067809606e-13
 8.35095758253050e+05  9.68581216803754e-14  1.55216734733541e-13
 8.39229895670145e+05  8.84104787472070e-14  1.55586354463706e-13
 8.43364033087239e+05  8.79928721705620e-14  1.56138961183718e-13
 8.47498170504333e+05  7.98883429982351e-14  1.56886758154259e-13
 8.51632307921428e+05  9.83894520035896e-14  1.57834221960778e-13
 8.55766445338522e+05  1.01366751527384e-13  1.58977492373091e-13
 8.59900582755616e+05  7.80702071665631e-14  1.60304095253742e-13
 8.64034720172711e+05  7.56479344348580e-14  1.61793030734548e-13
 8.68168857589805e+05  1.14686301750286e-13  1.63415241547465e-13
 8.72302995006899e+05  7.01019871531600e-14  1.65134457553825e-13
 8.76437132423994e+05  1.01694412996261e-13  1.66908393374098e-13
 8.80571269841088e+05  8.94863030706089e-14  1.68690257505991e-13
 8.84705407258182e+05  7.33476612658332e-14  1.70430514397682e-13
 8.88839544675276e+05  8.60476643563502e-14  1.72078826672802e-13
 8.92973682092371e+05  7.87304969323847e-14  1.73586093713091e-13
 8.97107819509465e+05  1.23833713389682e-13  1.74906495915800e-13
 9.01241956926559e+05  8.16740227691298e-14  1.75999451381135e-13
 9.05376094343654e+05  9.70845248176164e-14  1.76831393918693e-13
 9.09510231760748e+05  7.77853510876996e-14  1.77377287904951e-13
 9.13644369177842e+05  7.42151298144489e-14  1.77621806482180e-13
 9.17778506594937e+05  1.19709412672357e-13  1.77560114303907e-13
 9.21912644012031e+05  8.88981031741388e-14  1.77198213756849e-13
 9.26046781429125e+05  1.07356790058529e-13  1.76552833573989e-13
 9.30180918846220e+05  8.29066852115962e-14  1.75650859832461e-13
 9.34315056263314e+05  9.20694543623441e-14  1.74528330589991e-13
 9.38449193680408e+05  1.08097899700091e-13  1.73229035762845e-13
 9.42583331097503e+05  8.94748050609273e-14  1.71802782165690e-13
 9.46717468514597e+05  7.83492258195618e-14  1.70303399208778e-13
 9.50851605931691e+05  8.34644184307676e-14  1.68786572600249e-13
 9.54985743348786e+05  9.41939843745909e-14  1.67307601079712e-13
 9.59119880765880e+05  1.13786592731438e-13  1.65919174294753e-13
 9.63254018182974e+05  8.85071049896752e-14  1.64669268388107e-13
 9.67388155600069e+05  8.65563893692415e-14  1.63599249544059e-13
 9.71522293017163e+05  8.44914000621829e-14  1.62742265380002e-13
 9.75656430434257e+05  9.06166045749128e-14  1.62121989803671e-13
 9.79790567851351e+05  8.98519870728298e-14  1.61751769842042e-13
 9.83924705268446e+05  6.51505255089876e-14  1.61634203692989e-13
 9.88058842685540e+05  7.51404413584799e-14  1.61761158843011e-13
 9.92192980102634e+05  8.28503940791609e-14  1.62114218678166e-13
 9.96327117519729e+05  9.13753334840883e-14  1.62665526409715e-13
 1.00046125493682e+06  7.89359634464835e-14  1.63378977522216e-13
 1.00459539235392e+06  8.01936705940948e-14  1.64211696966452e-13
 1.00872952977101e+06  1.05270566766934e-13  1.65115725846397e-13
 1.01286366718811e+06  9.00133205309194e-14  1.66039834785066e-13
 1.01699780460520e+06  8.54363317651943e-14  1.66931377875754e-13
 1.02113194202229e+06  1.17863275190129e-13  1.67738102173775e-13
 1.02526607943939e+06  9.77573580390364e-14  1.68409833001010e-13
 1.02940021685648e+06  9.60872844001328e-14  1.68899964471947e-13
 1.03353435427358e+06  8.12829292945723e-14  1.69166697153422e-13
 1.03766849169067e+06  7.93547706481524e-14  1.69173979891385e-13
 1.04180262910777e+06  1.04158326488627e-13  1.68892129799681e-13
 1.04593676652486e+06  7.94712179775411e-14  1.68298122156926e-13
 1.05007090394195e+06  9.30094310196856e-14  1.67375559804367e-13
 1.05420504135905e+06  9.91720757386597e-14  1.66114348375241e-13
 1.05833917877614e+06  9.00522744431366e-14  1.64510118672989e-13
 1.06247331619324e+06  7.65785128446419e-14  1.62563449829696e-13
 1.06660745361033e+06  5.31827476901933e-14  1.60278956050986e-13
 1.07074159102743e+06  8.37317974994835e-14  1.57664305193607e-13
 1.07487572844452e+06  7.80505138582168e-14  1.54729239021031e-13
 1.07900986586161e+06  1.11118736081024e-13  1.51484662615053e-13
 1.08314400327871e+06  9.62647428161162e-14  1.47941864258017e-13
 1.08727814069580e+06  8.85094997433098e-14  1.44111917568607e-13
 1.09141227811290e+06  1.11990051147762e-13  1.40005305229500e-13
 1.09554641552999e+06  8.09871069672049e-14  1.35631788984154e-13
 1.09968055294709e+06  8.01780310495095e-14  1.31000534590829e-13
 1.10381469036418e+06  8.01461125791746e-14  1.26120483812509e-13
 1.10794882778128e+06  8.83928413384992e-14  1.21000949306025e-13
 1.11208296519837e+06  9.62368552344294e-14  1.15652393319792e-13
 1.11621710261546e+06  9.01695161099763e-14  1.10087338113792e-13
 1.12035124003256e+06  1.09918932580652e-13  1.04321345827587e-13
 1.12448537744965e+06  8.36788567617121e-14  9.83739986178357e-14
 1.12861951486675e+06  9.98941678482698e-14  9.22698067068417e-14
 1.13275365228384e+06  1.00185437511722e-13  8.60389727270919e-14
 1.13688778970094e+06  1.10296570724918e-13  7.97179454182793e-14
 1.14102192711803e+06  9.97622392031630e-14  7.33497042247774e-14
 1.14515606453512e+06  1.00326913630252e-13  6.69837281399205e-14
 1.14929020195222e+06  8.17151839798738e-14  6.06756168909217e-14
 1.15342433936931e+06  9.90823141133804e-14  5.44863494074464e-14
 1.15755847678641e+06  9.34058240587633e-14  4.84811827195121e-14
 1.16169261420350e+06  7.94837263908837e-14  4.27282131902124e-14
 1.16582675162060e+06  9.92609772178030e-14  3.72966402148482e-14
 1.16996088903769e+06  1.05144602906129e-13  3.22547894987195e-14
 1.17409502645478e+06  1.03390015604114e-13  2.76679677602123e-14
 1.17822916387188e+06  9.80825208442404e-14  2.35962325701033e-14
 1.18236330128897e+06  7.19218067160861e-14  2.00921692349797e-14
 1.18649743870607e+06  8.44129355690128e-14  1.71987708943815e-14
 1.19063157612316e+06  9.52565404134021e-14  1.49475178644507e-14
 1.19476571354026e+06  9.81588434148186e-14  1.33567477472982e-14
 1.19889985095735e+06  1.01417300261008e-13  1.24303989991900e-14
 1.20303398837444e+06  1.04587168335793e-13  1.21571978303426e-14
 1.20716812579154e+06  1.04842747607853e-13  1.25103420507417e-14
 1.21130226320863e+06  1.13274237939039e-13  1.34477162894513e-14
 1.21543640062573e+06  9.86446343461236e-14  1.49126519515237e-14
 1.21957053804282e+06  9.02573820546132e-14  1.68352229923568e-14
 1.22370467545992e+06  1.04917398599079e-13  1.91340462111276e-14
 1.22783881287701e+06  1.05265479149506e-13  2.17185332097752e-14
 1.23197295029410e+06  1.15145649648707e-13  2.44915214195127e-14
 1.23610708771120e+06  1.00590561955332e-13  2.73521945367604e-14
 1.24024122512829e+06  8.44504816897208e-14  3.01991891512946e-14
 1.24437536254539e+06  8.58317221783643e-14  3.29337748630636e-14
 1.24850949996248e+06  7.58364898060043e-14  3.54629903249307e-14
 1.25264363737958e+06  1.25620524119262e-13  3.77026176160487e-14
 1.25677777479667e+06  1.11328070288785e-13  3.95798821969498e-14
 1.26091191221376e+06  1.04735241158619e-13  4.10357753450170e-14
 1.26504604963086e+06  9.63742254574109e-14  4.20269099130008e-14
 1.26918018704795e+06  1.00718146626750e-13  4.25268381047795e-14
 1.27331432446505e+06  9.60342167008285e-14  4.25267807834235e-14
 1.27744846188214e+06  1.11327572210782e-13  4.20357409148373e-14
 1.28158259929924e+06  1.10475505247242e-13  4.10799980284506e-14
 1.28571673671633e+06  1.02834380205865e-13  3.97020050609267e-14
 1.28985087413343e+06  1.07152967502174e-13  3.79587324731191e-14
 1.29398501155052e+06  1.21472289485288e-13  3.59195262662374e-14
 1.29811914896761e+06  1.03780560337379e-13  3.36635653568212e-14
 1.30225328638471e+06  1.12762335055175e-13  3.12770189480027e-14
 1.30638742380180e+06  8.64835910897407e-14  2.88500154144495e-14
 1.31052156121890e+06  1.04965914966759e-13  2.64735403144561e-14
 1.31465569863599e+06  1.06078834905749e-13  2.42363821965813e-14
 1.31878983605309e+06  1.17767051525491e-13  2.22222408630957e-14
 1.32292397347018e+06  1.04129562851070e-13  2.05071038853214e-14
 1.32705811088727e+06  9.30510854379405e-14  1.91569838258842e-14
 1.33119224830437e+06  1.10842220833543e-13  1.82260915850001e-14
 1.33532638572146e+06  1.08533928806132e-13  1.77555010523108e-14
 1.33946052313856e+06  9.99520592748823e-14  1.77723381371783e-14
 1.34359466055565e+06  1.22205104970531e-13  1.82895039288686e-14
 1.34772879797275e+06  9.97758351806463e-14  1.93059186155731e-14
 1.35186293538984e+06  1.28243188975495e-13  2.08072506588835e-14
 1.35599707280693e+06  9.47802586970839e-14  2.27670758147988e-14
 1.36013121022403e+06  9.71685158415040e-14  2.51483937361490e-14
 1.36426534764112e+06  1.09005329993408e-13  2.79054168264566e-14
 1.36839948505822e+06  1.11617970333285e-13  3.09855373965641e-14
 1.37253362247531e+06  1.00864013820051e-13  3.43313753428260e-14
 1.37666775989241e+06  9.52355628593614e-14  3.78828095857364e-14
 1.38080189730950e+06  1.19755772285155e-13  4.15789023462735e-14
 1.38493603472659e+06  1.20948931202406e-13  4.53596356637737e-14
 1.38907017214369e+06  1.02960896007499e-13  4.91673935971804e-14
 1.39320430956078e+06  9.43984442610818e-14  5.29481408397138e-14
 1.39733844697788e+06  9.37249587859782e-14  5.66522678246951e-14
 1.40147258439497e+06  9.97844821934794e-14  6.02350928280145e-14
 1.40560672181207e+06  9.30783750693742e-14  6.36570321506176e-14
 1.40974085922916e+06  8.82350692934971e-14  6.68834687816834e-14
 1.41387499664625e+06  9.21164454007009e-14  6.98843672237023e-14
 1.41800913406335e+06  1.02969009652365e-13  7.26336963220087e-14
 1.42214327148044e+06  9.47005062878651e-14  7.51087322408479e-14
 1.42627740889754e+06  1.04203641417304e-13  7.72893195491335e-14
 1.43041154631463e+06  8.62747718610404e-14  7.91571694548107e-14
 1.43454568373173e+06  9.45073246762495e-14  8.06952703855497e-14
 1.43867982114882e+06  7.41283705373631e-14  8.18874775546619e-14
 1.44281395856591e+06  9.23963253565004e-14  8.27183353743161e-14
 1.44694809598301e+06  8.01121484306622e-14  8.31731701293172e-14
 1.45108223340010e+06  9.51810747894150e-14  8.32384712435726e-14
 1.45521637081720e+06  1.09271318360614e-13  8.29025586836743e-14
 1.45935050823429e+06  8.62520944039007e-14  8.21565127623370e-14
 1.46348464565139e+06  1.12241604116505e-13  8.09953220471496e-14
 1.46761878306848e+06  1.25525102086975e-13  7.94191864506325e-14
 1.47175292048557e+06  9.58950065294821e-14  7.74348969783410e-14
 1.47588705790267e+06  1.17285024109205e-13  7.50572020045008e-14
 1.48002119531976e+06  9.65490764772599e-14  7.23100632291472e-14
 1.48415533273686e+06  8.10688998661327e-14  6.92277030409110e-14
 1.48828947015395e+06  9.78401066646517e-14  6.58553492906184e-14
 1.49242360757105e+06  8.35180589062491e-14  6.22495932699030e-14
 1.49655774498814e+06  1.10042448307328e-13  5.84782918841420e-14
 1.50069188240524e+06  8.89896199186565e-14  5.46199647316584e-14
 1.50482601982233e+06  1.02335387874390e-13  5.07626603642721e-14
 1.50896015723942e+06  8.42687483697441e-14  4.70022921988222e-14
 1.51309429465652e+06  8.25061623930120e-14  4.34404720287858e-14
 1.51722843207361e+06  8.99998278440471e-14  4.01818965924134e-14
 1.52136256949071e+06  7.79826582120258e-14  3.73313685726381e-14
 1.52549670690780e+06  6.85982019231082e-14  3.49905564966539e-14
 1.52963084432490e+06  7.44256077554134e-14  3.32546168247892e-14
 1.53376498174199e+06  1.07775112354715e-13  3.22088150359461e-14
 1.53789911915908e+06  9.68307237559463e-14  3.19252898768999e-14
 1.54203325657618e+06  9.73450412455846e-14  3.24601054860750e-14
 1.54616739399327e+06  9.89768889432049e-14  3.38507296562877e-14
 1.55030153141037e+06  1.02093474088966e-13  3.61140631637445e-14
 1.55443566882746e+06  1.01380645872099e-13  3.92451252508611e-14
 1.55856980624456e+06  8.40651401072987e-14  4.32164749644286e-14
 1.56270394366165e+06  9.20679086672229e-14  4.79784179934388e-14
 1.56683808107874e+06  9.51348467590472e-14  5.34600155199286e-14
 1.57097221849584e+06  9.93743262775048e-14  5.95708767787117e-14
 1.57510635591293e+06  9.14910855263880e-14  6.62036822016183e-14
 1.57924049333003e+06  1.14225975065433e-13  7.32373509620366e-14
 1.58337463074712e+06  1.02004677393724e-13  8.05407369947845e-14
 1.58750876816422e+06  8.41966310994171e-14  8.79767126405743e-14
 1.59164290558131e+06  1.26906047815980e-13  9.54064803508063e-14
 1.59577704299840e+06  9.50159417369099e-14  1.02693941176450e-13
 1.59991118041550e+06  1.07309635410634e-13  1.09709944895898e-13
 1.60404531783259e+06  8.39033823393415e-14  1.16336250810641e-13
 1.60817945524969e+06  8.66467928123809e-14  1.22469040270569e-13
 1.61231359266678e+06  1.11063122113542e-13  1.28021841530340e-13
 1.61644773008388e+06  9.31494963686936e-14  1.32927753475031e-13
 1.62058186750097e+06  1.19671957645333e-13  1.37140886094443e-13
 1.62471600491806e+06  8.21603186535580e-14  1.40636970646856e-13
 1.62885014233516e+06  8.25936809466824e-14  1.43413129678387e-13
 1.63298427975225e+06  1.18138999421621e-13  1.45486834554956e-13
 1.63711841716935e+06  9.70269048306205e-14  1.46894114152947e-13
 1.64125255458644e+06  1.08805034356580e-13  1.47687111104432e-13
 1.64538669200354e+06  6.01368818633653e-14  1.47931109769733e-13
 1.64952082942063e+06  1.17746169956376e-13  1.47701181790708e-13
 1.65365496683772e+06  9.24794966064968e-14  1.47078609421854e-13
 1.65778910425482e+06  1.14560924511438e-13  1.46147253266405e-13
 1.66192324167191e+06  8.44828644094810e-14  1.44990029347788e-13
 1.66605737908901e+06  1.13113400788695e-13  1.43685650626065e-13
 1.67019151650610e+06  9.90323958448138e-14  1.42305770874847e-13
 1.67432565392320e+06  9.76637463225209e-14  1.40912645029407e-13
 1.67845979134029e+06  9.58252103510409e-14  1.39557391189722e-13
 1.68259392875739e+06  7.64280586389965e-14  1.38278906671415e-13
 1.68672806617448e+06  8.41321346265324e-14  1.37103455898443e-13
 1.69086220359157e+06  1.01544360866027e-13  1.36044913087941e-13
 1.69499634100867e+06  1.09760705962892e-13  1.35105609505948e-13
 1.69913047842576e+06  1.02221446673944e-13  1.34277705289946e-13
 1.70326461584286e+06  1.03152330306914e-13  1.33544980988490e-13
 1.70739875325995e+06  1.03795333195716e-13  1.32884925221123e-13
 1.71153289067705e+06  1.02113043773655e-13  1.32270983268876e-13
 1.71566702809414e+06  9.79528639818160e-14  1.31674827351054e-13
 1.71980116551123e+06  9.40872361914856e-14  1.31068513116034e-13
 1.72393530292833e+06  1.17352031387625e-13  1.30426397990156e-13
 1.72806944034542e+06  9.77404108080858e-14  1.29726714944710e-13
 1.73220357776252e+06  1.05321170398738e-13  1.28952718820223e-13
 1.73633771517961e+06  1.04071254426987e-13  1.28093350243088e-13
 1.74047185259671e+06  1.05259856540521e-13  1.27143392738604e-13
 1.74460599001380e+06  1.01512746182362e-13  1.26103130286731e-13
 1.74874012743089e+06  1.03099101073975e-13  1.24977543344259e-13
 1.75287426484799e+06  8.94961928883097e-14  1.23775109602050e-13
 1.75700840226508e+06  9.07562723053919e-14  1.22506299948407e-13
 1.76114253968218e+06  8.16956193739973e-14  1.21181878769566e-13
 1.76527667709927e+06  1.03491682083609e-13  1.19811129972257e-13
 1.76941081451637e+06  7.55174743739952e-14  1.18400135057939e-13
 1.77354495193346e+06  8.93127443258510e-14  1.16950227212018e-13
 1.77767908935055e+06  8.18612015478351e-14  1.15456735549720e-13
 1.78181322676765e+06  9.69245237362566e-14  1.13908117164245e-13
 1.78594736418474e+06  9.64974192971104e-14  1.12285552208623e-13
 1.79008150160184e+06  9.28392164707222e-14  1.10563050306530e-13
 1.79421563901893e+06  1.14322979848777e-13  1.08708086495938e-13
 1.79834977643603e+06  8.37699385075721e-14  1.06682753473961e-13
 1.80248391385312e+06  9.86699332995824e-14  1.04445385806703e-13
 1.80661805127021e+06  7.58874733453436e-14  1.01952582858321e-13
 1.81075218868731e+06  1.15346858409227e-13  9.91615319400243e-14
 1.81488632610440e+06  1.10924382359052e-13  9.60325132046430e-14
 1.81902046352150e+06  9.03689992116940e-14  9.25314541635259e-14
 1.82315460093859e+06  9.13276485926769e-14  8.86323951733210e-14
 1.82728873835569e+06  8.98903523258853e-14  8.43197283013076e-14
 1.83142287577278e+06  1.02702747144720e-13  7.95900805974400e-14
 1.83555701318987e+06  8.83193072803610e-14  7.44537285335486e-14
 1.83969115060697e+06  1.00649710324924e-13  6.89354524460906e-14
 1.84382528802406e+06  8.17156728156841e-14  6.30747670565015e-14
 1.84795942544116e+06  1.03734112302388e-13  5.69254950869008e-14
 1.85209356285825e+06  1.08838118399493e-13  5.05546840477074e-14
 1.85622770027535e+06  7.68251632278057e-14  4.40408995336348e-14
 1.86036183769244e+06  9.60392189935215e-14  3.74719602977417e-14
 1.86449597510954e+06  8.68452207110671e-14  3.09422089607222e-14
 1.86863011252663e+06  9.58954107203045e-14  2.45494362281960e-14
 1.87276424994372e+06  1.05389701468031e-13  1.83915944010255e-14
 1.87689838736082e+06  1.03049613741346e-13  1.25634470512653e-14
 1.88103252477791e+06  8.78388224861677e-14  7.15330522547615e-15
 1.88516666219501e+06  6.85878202466185e-14  2.23999641181378e-15
 1.88930079961210e+06  1.09978903285658e-13 -2.10979903450302e-15
 1.89343493702920e+06  1.08399164547364e-13 -5.84372765488617e-15
 1.89756907444629e+06  1.00756687726289e-13 -8.92536655639808e-15
 1.90170321186338e+06  1.11258487572517e-13 -1.13351872301281e-14
 1.90583734928048e+06  8.31630353358305e-14 -1.30708471814696e-14
 1.90997148669757e+06  1.15607515383054e-13 -1.41468096584321e-14
 1.91410562411467e+06  1.07373285094536e-13 -1.45933238780215e-14
 1.91823976153176e+06  9.37432172978012e-14 -1.44548280217861e-14
 1.92237389894886e+06  9.30520636762053e-14 -1.37878633825894e-14
 1.92650803636595e+06  1.09363953458643e-13 -1.26586090590381e-14
 1.93064217378304e+06  1.01021576642281e-13 -1.11401614894573e-14
 1.93477631120014e+06  9.74597879227210e-14 -9.30969115416634e-15
 1.93891044861723e+06  1.02382058983576e-13 -7.24560979511629e-15
 1.94304458603433e+06  7.65503516774457e-14 -5.02487541933349e-15
 1.94717872345142e+06  1.00137707912515e-13 -2.72054981963159e-15
 1.95131286086852e+06  8.63198711081166e-14 -3.99705132507435e-16
 1.95544699828561e+06  1.11391082610113e-13  1.87824680798741e-15
 1.95958113570270e+06  6.66536899447726e-14  4.06275445357637e-15
 1.96371527311980e+06  8.70840584719792e-14  6.11283547178786e-15
 1.96784941053689e+06  1.02079139928157e-13  7.99730173978871e-15
 1.97198354795399e+06  9.69759521859498e-14  9.69453345513997e-15
 1.97611768537108e+06  9.20385576790823e-14  1.11918583513940e-14
 1.98025182278818e+06  8.40454008746165e-14  1.24846106113041e-14
 1.98438596020527e+06  8.43001737466209e-14  1.35749575800073e-14
 1.98852009762236e+06  9.65433124414206e-14  1.44705897873201e-14
 1.99265423503946e+06  1.10914617828303e-13  1.51833712521056e-14
 1.99678837245655e+06  1.03887344876857e-13  1.57280421887639e-14
 2.00092250987365e+06  7.95538468628065e-14  1.61210559128709e-14
 2.00505664729074e+06  1.16261328103647e-13  1.63796164447834e-14
 2.00919078470784e+06  8.69524416397707e-14  1.65209642618123e-14
 2.01332492212493e+06  1.09789263876807e-13  1.65619361257765e-14
 2.01745905954202e+06  7.85863850667175e-14  1.65188022462164e-14
 2.02159319695912e+06  1.01711513160044e-13  1.64073618629724e-14
 2.02572733437621e+06  1.03220644024169e-13  1.62432579123612e-14
 2.02986147179331e+06  9.94875372437465e-14  1.60424542881675e-14
 2.03399560921040e+06  8.68483350141958e-14  1.58218062599974e-14
 2.03812974662750e+06  9.55247274225132e-14  1.55996467981388e-14
 2.04226388404459e+06  9.84645737836092e-14  1.53963094064589e-14
 2.04639802146168e+06  1.05810448876334e-13  1.52345116727774e-14
 2.05053215887878e+06  1.13580728757296e-13  1.51395329394422e-14
 2.05466629629587e+06  1.00776175611175e-13  1.51391337487046e-14
 2.05880043371297e+06  7.90727659239192e-14  1.52631830429551e-14
 2.06293457113006e+06  1.11747675713584e-13  1.55429804443083e-14
 2.06706870854716e+06  8.14222655262367e-14  1.60102839076904e-14
 2.07120284596425e+06  1.02793193637782e-13  1.66960761225467e-14
 2.07533698338135e+06  6.70923154954159e-14  1.76291248009644e-14
 2.07947112079844e+06  1.05302866336022e-13  1.88344108956899e-14
 2.08360525821553e+06  8.46672259296989e-14  2.03315136862978e-14
 2.08773939563263e+06  1.05298824005270e-13  2.21330512690736e-14
 2.09187353304972e+06  9.27647304924910e-14  2.42432788535554e-14
 2.09600767046682e+06  9.46022139557371e-14  2.66569445855134e-14
 2.10014180788391e+06  1.07369944450903e-13  2.93584937438387e-14
 2.10427594530101e+06  9.89270843402781e-14  3.23216971572208e-14
 2.10841008271810e+06  8.70807407516490e-14  3.55097594070887e-14
 2.11254422013519e+06  9.07688305725485e-14  3.88759379307170e-14
 2.11667835755229e+06  8.19366826138124e-14  4.23646766770741e-14
 2.12081249496938e+06  9.91927337454170e-14  4.59132292381379e-14
 2.12494663238648e+06  1.07135061489049e-13  4.94537178840372e-14
 2.12908076980357e+06  1.02789802097139e-13  5.29155484144817e-14
 2.13321490722067e+06  8.95839212811391e-14  5.62280778124107e-14
 2.13734904463776e+06  1.01165376931698e-13  5.93234136321098e-14
 2.14148318205485e+06  9.02264593345645e-14  6.21392123197531e-14
 2.14561731947195e+06  8.83906514592726e-14  6.46213387276454e-14
 2.14975145688904e+06  9.69391351788431e-14  6.67262516801223e-14
 2.15388559430614e+06  9.55528054143233e-14  6.84229905085191e-14
 2.15801973172323e+06  7.07599334411569e-14  6.96946545192973e-14
 2.16215386914033e+06  6.81362703415094e-14  7.05392907710582e-14
 2.16628800655742e+06  8.76760926062418e-14  7.09701339987812e-14
 2.17042214397451e+06  1.15433730041604e-13  7.10151746015693e-14
 2.17455628139161e+06  9.18285109156111e-14  7.07160646413636e-14
 2.17869041880870e+06  9.28510493927967e-14  7.01264058854636e-14
 2.18282455622580e+06  8.60312318250932e-14  6.93094962188135e-14
 2.18695869364289e+06  9.97520790050677e-14  6.83356394443812e-14
 2.19109283105999e+06  7.29438762738224e-14  6.72791469908149e-14
 2.19522696847708e+06  7.35085134453047e-14  6.62151769355197e-14
 2.19936110589417e+06  7.52482561718886e-14  6.52165650941435e-14
 2.20349524331127e+06  8.73221682569916e-14  6.43508040926008e-14
 2.20762938072836e+06  8.84862603971240e-14  6.36773191638761e-14
 2.21176351814546e+06  7.99810627578422e-14  6.32451742669955e-14
 2.21589765556255e+06  7.86819768093000e-14  6.30913196901219e-14
 2.22003179297965e+06  1.02328283811616e-13  6.32394638653585e-14
 2.22416593039674e+06  6.45056575220515e-14  6.36996190311291e-14
 2.22830006781383e+06  8.71276068233383e-14  6.44683346107977e-14
 2.23243420523093e+06  8.52193420113880e-14  6.55295955521829e-14
 2.23656834264802e+06  1.00165478953017e-13  6.68563274406680e-14
 2.24070248006512e+06  7.33964353205170e-14  6.84124179265240e-14
 2.24483661748221e+06  7.26500225350710e-14  7.01551367294462e-14
 2.24897075489931e+06  9.88322183449736e-14  7.20378156059268e-14
 2.25310489231640e+06  1.06848475742183e-13  7.40126365684256e-14
 2.25723902973349e+06  7.65134528765956e-14  7.60333718732494e-14
 2.26137316715059e+06  8.77113846884420e-14  7.80579233047778e-14
 2.26550730456768e+06  6.58260413959715e-14  8.00505208025500e-14
 2.26964144198478e+06  8.38869289934106e-14  8.19834607970747e-14
 2.27377557940187e+06  7.46059281453032e-14  8.38382917727242e-14
 2.27790971681897e+06  6.66184284766019e-14  8.56063867934194e-14
 2.28204385423606e+06  6.29182824426377e-14  8.72888785456116e-14
 2.28617799165316e+06  7.64097567333877e-14  8.88959695045051e-14
 2.29031212907025e+06  9.32897859033493e-14  9.04456663007851e-14
 2.29444626648734e+06  7.75296438807401e-14  9.19620210251860e-14
 2.29858040390444e+06  9.07891500010894e-14  9.34729911678723e-14
 2.30271454132153e+06  9.99231195465407e-14  9.50080525015343e-14
 2.30684867873863e+06  7.35829881793449e-14  9.65957140748798e-14
 2.31098281615572e+06  8.21010644227089e-14  9.82610908466796e-14
 2.31511695357282e+06  6.55398211663616e-14  1.00023686700766e-13
 2.31925109098991e+06  6.56941959306857e-14  1.01895529030075e-13
 2.32338522840700e+06  7.74622697970836e-14  1.03879776043698e-13
 2.32751936582410e+06  8.05462516956213e-14  1.05969890843913e-13
 2.33165350324119e+06  8.65362238306568e-14  1.08149443296427e-13
 2.33578764065829e+06  8.38206939577856e-14  1.10392563905891e-13
 2.33992177807538e+06  8.13007030920853e-14  1.12665035214776e-13
 2.34405591549248e+06  1.07564620012181e-13  1.14925967897173e-13
 2.34819005290957e+06  8.93270597915479e-14  1.17129972942883e-13
 2.35232419032666e+06  1.06825695594421e-13  1.19229710190328e-13
 2.35645832774376e+06  5.62553597549380e-14  1.21178668797794e-13
 2.36059246516085e+06  8.87284821527866e-14  1.22934018471521e-13
 2.36472660257795e+06  8.20009048992660e-14  1.24459362597226e-13
 2.36886073999504e+06  8.59294829726623e-14  1.25727226209132e-13
 2.37299487741214e+06  8.78670866265116e-14  1.26721123212761e-13
 2.37712901482923e+06  9.30946648528826e-14  1.27437067717901e-13
 2.38126315224632e+06  9.41872249966690e-14  1.27884422930699e-13
 2.38539728966342e+06  9.45210530503831e-14  1.28086016153983e-13
 2.38953142708051e+06  8.76456629571632e-14  1.28077488206205e-13
 2.39366556449761e+06  7.03977476223311e-14  1.27905887926842e-13
 2.39779970191470e+06  6.86339648149071e-14  1.27627564932628e-13
 2.40193383933180e+06  8.07261253575698e-14  1.27305454164281e-13
 2.40606797674889e+06  8.95510377921784e-14  1.27005881721096e-13
 2.41020211416598e+06  8.03532154070083e-14  1.26795050925962e-13
 2.41433625158308e+06  8.55898863092917e-14  1.26735388896210e-13
 2.41847038900017e+06  8.61029740523441e-14  1.26881945684830e-13
 2.42260452641727e+06  1.13194850089248e-13  1.27279039637384e-13
 2.42673866383436e+06  9.64939885209866e-14  1.27957333732887e-13
 2.43087280125146e+06  7.94719191070937e-14  1.28931508651825e-13
 2.43500693866855e+06  9.61752090919194e-14  1.30198670110844e-13
 2.43914107608564e+06  7.04559959131990e-14  1.31737591940630e-13
 2.44327521350274e+06  9.93072689564384e-14  1.33508854462619e-13
 2.44740935091983e+06  7.20761213091001e-14  1.35455891945308e-13
 2.45154348833693e+06  1.07406439592432e-13  1.37506915932600e-13
 2.45567762575402e+06  7.71042131576434e-14  1.39577635280862e-13
 2.45981176317112e+06  9.62879166522002e-14  1.41574651550929e-13
 2.46394590058821e+06  9.07902932327109e-14  1.43399372065722e-13
 2.46808003800530e+06  8.66061800387751e-14  1.44952254569559e-13
 2.47221417542240e+06  9.19860698923365e-14  1.46137178469978e-13
 2.47634831283949e+06  8.06724419797968e-14  1.46865729352168e-13
 2.48048245025659e+06  8.06072064610921e-14  1.47061186110472e-13
 2.48461658767368e+06  7.46910345293993e-14  1.46662013802743e-13
 2.48875072509078e+06  8.73078291023345e-14  1.45624689323144e-13
 2.49288486250787e+06  7.46017740940842e-14  1.43925720144768e-13
 2.49701899992497e+06  9.29862648160237e-14  1.41562756843555e-13
 2.50115313734206e+06  8.66732945592192e-14  1.38554745906257e-13
 2.50528727475915e+06  9.87300901254308e-14  1.34941117907013e-13
 2.50942141217625e+06  9.14988708741345e-14  1.30780054993172e-13
 2.51355554959334e+06  8.35482786276955e-14  1.26145928279072e-13
 2.51768968701044e+06  7.79356790072548e-14  1.21126037427986e-13
 2.52182382442753e+06  6.20796443322390e-14  1.15816819639228e-13
 2.52595796184463e+06  8.97400014492361e-14  1.10319721128074e-13
 2.53009209926172e+06  5.77043898039731e-14  1.04736940032743e-13
 2.53422623667881e+06  9.38310901958652e-14  9.91672543650801e-14
 2.53836037409591e+06  7.22332243283923e-14  9.37021421360321e-14
 2.54249451151300e+06  9.78197900150685e-14  8.84223833360580e-14
 2.54662864893010e+06  8.83017056540473e-14  8.33953061176238e-14
 2.55076278634719e+06  8.74033161598038e-14  7.86728037194411e-14
 2.55489692376429e+06  9.34862955935678e-14  7.42902063782079e-14
 2.55903106118138e+06  7.85562094491856e-14  7.02660459672313e-14
 2.56316519859847e+06  7.84670001258316e-14  6.66027029079619e-14
 2.56729933601557e+06  7.58655383416893e-14  6.32878775984172e-14
 2.57143347343266e+06  8.50797295093353e-14  6.02967848222106e-14
 2.57556761084976e+06  9.64923581296068e-14  5.75949315428340e-14
 2.57970174826685e+06  8.02924842159122e-14  5.51413084092124e-14
 2.58383588568395e+06  6.61466367835114e-14  5.28918045653165e-14
 2.58797002310104e+06  8.53444693461998e-14  5.08026453147632e-14
 2.59210416051813e+06  8.95725046383781e-14  4.88336531070571e-14
 2.59623829793523e+06  7.36997217006101e-14  4.69511443170604e-14
 2.60037243535232e+06  6.89147020486542e-14  4.51302965748923e-14
 2.60450657276942e+06  8.04386013353660e-14  4.33568527086841e-14
 2.60864071018651e+06  9.03990282445942e-14  4.16280661018737e-14
 2.61277484760361e+06  7.77581049375987e-14  3.99528360868159e-14
 2.61690898502070e+06  7.69355757071894e-14  3.83510286829504e-14
 2.62104312243779e+06  7.82443094684664e-14  3.68520248258570e-14
 2.62517725985489e+06  1.04136302410187e-13  3.54925827894879e-14
 2.62931139727198e+06  7.00328122905068e-14  3.43141410966772e-14
 2.63344553468908e+06  9.81550416126897e-14  3.33597210204748e-14
 2.63757967210617e+06  6.75975414982758e-14  3.26706115819064e-14
 2.64171380952327e+06  8.85785837417987e-14  3.22830337647915e-14
 2.64584794694036e+06  6.37873850926320e-14  3.22249835175249e-14
 2.64998208435745e+06  8.50955844728135e-14  3.25134449170305e-14
 2.65411622177455e+06  7.62649390939834e-14  3.31521459435107e-14
 2.65825035919164e+06  7.45648224315229e-14  3.41300008626339e-14
 2.66238449660874e+06  8.65520022462039e-14  3.54203464518901e-14
 2.66651863402583e+06  7.42993436986656e-14  3.69810365345930e-14
 2.67065277144293e+06  8.36378163858296e-14  3.87554125504011e-14
 2.67478690886002e+06  6.40118908440697e-14  4.06741198715290e-14
 2.67892104627712e+06  8.74927631168000e-14  4.26576927761000e-14
 2.68305518369421e+06  7.08498213425726e-14  4.46197879938738e-14
 2.68718932111130e+06  1.02040577193136e-13  4.64709098311675e-14
 2.69132345852840e+06  7.38675290812596e-14  4.81224411563142e-14
 2.69545759594549e+06  7.90285520060751e-14  4.94907754290728e-14
 2.69959173336259e+06  8.74646332355180e-14  5.05013366428197e-14
 2.70372587077968e+06  7.54054314233164e-14  5.10922770406321e-14
 2.70786000819678e+06  8.36774784968450e-14  5.12176564497272e-14
 2.71199414561387e+06  6.41129795416823e-14  5.08499316681309e-14
 2.71612828303096e+06  5.36334096452801e-14  4.99816178970410e-14
 2.72026242044806e+06  8.97888402388717e-14  4.86260253800088e-14
 2.72439655786515e+06  7.28612480155021e-14  4.68170207217087e-14
 2.72853069528225e+06  8.16855120579510e-14  4.46078116141229e-14
 2.73266483269934e+06  6.18443290171277e-14  4.20688031894334e-14
 2.73679897011644e+06  8.54613320636573e-14  3.92846215216102e-14
 2.74093310753353e+06  7.58780050865918e-14  3.63504422201987e-14
 2.74506724495062e+06  7.86430728369799e-14  3.33677976724750e-14
 2.74920138236772e+06  6.90110492846506e-14  3.04400631940678e-14
 2.75333551978481e+06  7.85911939359151e-14  2.76678389786924e-14
 2.75746965720191e+06  6.35484226254416e-14  2.51444503006949e-14
 2.76160379461900e+06  7.67353708282113e-14  2.29517827205570e-14
 2.76573793203610e+06  7.52179047032819e-14  2.11566524588024e-14
 2.76987206945319e+06  6.62649492152614e-14  1.98078853241063e-14
 2.77400620687028e+06  5.28014812032285e-14  1.89342423139657e-14
 2.77814034428738e+06  7.10046733805932e-14  1.85432877976084e-14
 2.78227448170447e+06  6.56071084778787e-14  1.86212494520236e-14
 2.78640861912157e+06  8.70212838487187e-14  1.91338702015544e-14
 2.79054275653866e+06  5.77931610512288e-14  2.00282037129314e-14
 2.79467689395576e+06  8.11026927084066e-14  2.12352592700718e-14
 2.79881103137285e+06  5.72849295810563e-14  2.26733610578770e-14
 2.80294516878994e+06  8.36436684533171e-14  2.42520533787151e-14
 2.80707930620704e+06  7.65934150061696e-14  2.58763585529669e-14
 2.81121344362413e+06  9.01491165293697e-14  2.74511794202869e-14
 2.81534758104123e+06  9.06699024826881e-14  2.88856342141929e-14
 2.81948171845832e+06  7.36647400818821e-14  3.00971180625508e-14
 2.82361585587542e+06  7.88590089323681e-14  3.10149021204248e-14
 2.82774999329251e+06  6.76675442850926e-14  3.15831073582188e-14
 2.83188413070960e+06  8.06167689383191e-14  3.17629237994876e-14
 2.83601826812670e+06  6.40164351714665e-14  3.15339858027410e-14
 2.84015240554379e+06  6.96689647464168e-14  3.08948574828047e-14
 2.84428654296089e+06  8.93027572095859e-14  2.98626276045969e-14
 2.84842068037798e+06  6.28881824142558e-14  2.84716574633635e-14
 2.85255481779508e+06  9.74599028822404e-14  2.67715666187873e-14
 2.85668895521217e+06  5.50085682232869e-14  2.48245773462554e-14
 2.86082309262927e+06  7.27949691038464e-14  2.27023678903366e-14
 2.86495723004636e+06  6.56716677590502e-14  2.04826054185294e-14
 2.86909136746345e+06  8.09318966297173e-14  1.82453411961806e-14
 2.87322550488055e+06  7.59018608716694e-14  1.60694524543238e-14
 2.87735964229764e+06  5.83261205458538e-14  1.40293077310265e-14
 2.88149377971474e+06  8.35594609878938e-14  1.21918158264316e-14
 2.88562791713183e+06  7.00782746083659e-14  1.06139938816529e-14
 2.88976205454893e+06  7.51599400089667e-14  9.34115894160048e-15
 2.89389619196602e+06  7.57416386760002e-14  8.40581149774933e-15
 2.89803032938311e+06  6.35626211159801e-14  7.82724081283034e-15
 2.90216446680021e+06  8.48063081783486e-14  7.61184257196187e-15
 2.90629860421730e+06  4.72814989868255e-14  7.75410150182254e-15
 2.91043274163440e+06  8.86564647606975e-14  8.23815711745018e-15
 2.91456687905149e+06  6.11191599672651e-14  9.03984153334834e-15
 2.91870101646859e+06  7.39316831099299e-14  1.01290555952558e-14
 2.92283515388568e+06  7.20992070342440e-14  1.14723347327454e-14
 2.92696929130277e+06  6.12922143536981e-14  1.30354493536166e-14
 2.93110342871987e+06  7.85867961454997e-14  1.47858867286854e-14
 2.93523756613696e+06  8.35673335603755e-14  1.66950715960680e-14
 2.93937170355406e+06  8.33305203201201e-14  1.87402007032290e-14
 2.94350584097115e+06  7.51436151093932e-14  2.09055909257587e-14
 2.94763997838825e+06  6.81601744976045e-14  2.31834701378152e-14
 2.95177411580534e+06  6.42061425772710e-14  2.55741728379907e-14
 2.95590825322243e+06  6.97466454911835e-14  2.80857370349236e-14
 2.96004239063953e+06  7.61200358944994e-14  3.07329329347116e-14
 2.96417652805662e+06  7.92768902088049e-14  3.35357859474723e-14
 2.96831066547372e+06  7.87619782954611e-14  3.65176845551805e-14
 2.97244480289081e+06  6.66672114908123e-14  3.97031863412966e-14
 2.97657894030791e+06  7.90857093193789e-14  4.31156517272598e-14
 2.98071307772500e+06  5.98244883524420e-14  4.67748439706543e-14
 2.98484721514209e+06  8.05776030545507e-14  5.06946353645701e-14
 2.98898135255919e+06  5.23334804312097e-14  5.48809532655837e-14
 2.99311548997628e+06  8.27078083372733e-14  5.93300862250300e-14
 2.99724962739338e+06  7.89665767228278e-14  6.40274506428131e-14
 3.00138376481047e+06  7.64026947230164e-14  6.89468933733132e-14
 3.00551790222757e+06  7.51385087950738e-14  7.40505769002967e-14
 3.00965203964466e+06  7.51622502305026e-14  7.92894625929394e-14
 3.01378617706175e+06  7.42675251769968e-14  8.46043759551615e-14
 3.01792031447885e+06  7.82337713744457e-14  8.99276072576654e-14
 3.02205445189594e+06  7.68477158313733e-14  9.51849732138023e-14
 3.02618858931304e+06  7.34827310932086e-14  1.00298241691052e-13
 3.03032272673013e+06  5.35857405811536e-14  1.05187803200853e-13
 3.03445686414723e+06  6.17466812148568e-14  1.09775460847892e-13
 3.03859100156432e+06  2.85633837551148e-14  1.13987205148051e-13
 3.04272513898141e+06  7.49058553171913e-14  1.17755841773124e-13
 3.04685927639851e+06  6.39391439540582e-14  1.21023348700055e-13
 3.05099341381560e+06  6.02604123367007e-14  1.23742853895882e-13
 3.05512755123270e+06  7.11382066814761e-14  1.25880144626871e-13
 3.05926168864979e+06  5.19754897312471e-14  1.27414643723022e-13
 3.06339582606689e+06  7.21047169038371e-14  1.28339815215639e-13
 3.06752996348398e+06  6.38411146314482e-14  1.28662990330554e-13
 3.07166410090108e+06  5.28010742648686e-14  1.28404633351157e-13
 3.07579823831817e+06  7.23043245239495e-14  1.27597093789430e-13
 3.07993237573526e+06  4.35084484801170e-14  1.26282915442780e-13
 3.08406651315236e+06  1.01559275235132e-13  1.24512792885698e-13
 3.08820065056945e+06  5.41050274220323e-14  1.22343280967744e-13
 3.09233478798655e+06  9.19079612389362e-14  1.19834372183599e-13
 3.09646892540364e+06  5.82973554147897e-14  1.17047060047027e-13
 3.10060306282074e+06  8.61025612670095e-14  1.14041003834316e-13
 3.10473720023783e+06  5.26297842422039e-14  1.10872401433870e-13
 3.10887133765492e+06  5.75233060778031e-14  1.07592163321069e-13
 3.11300547507202e+06  5.96928232551536e-14  1.04244462499885e-13
 3.11713961248911e+06  6.27692744590737e-14  1.00865713843305e-13
 3.12127374990621e+06  6.81532589563241e-14  9.74840126735935e-14
 3.12540788732330e+06  7.75031616536201e-14  9.41190380986363e-14
 3.12954202474040e+06  6.57934639048759e-14  9.07824026274521e-14
 3.13367616215749e+06  6.61719502795302e-14  8.74784074005215e-14
 3.13781029957458e+06  7.13030292990350e-14  8.42051429279154e-14
 3.14194443699168e+06  6.97765169351793e-14  8.09558595116926e-14
 3.14607857440877e+06  7.03538914368482e-14  7.77205203586792e-14
 3.15021271182587e+06  7.77671000940607e-14  7.44874439982721e-14
 3.15434684924296e+06  4.45848074287223e-14  7.12449415136080e-14
 3.15848098666006e+06  7.15812389793686e-14  6.79828578410644e-14
 3.16261512407715e+06  3.33084391401078e-14  6.46939349488574e-14
 3.16674926149424e+06  7.52572674218180e-14  6.13749272897647e-14
 3.17088339891134e+06  5.82983918105325e-14  5.80274158026413e-14
 3.17501753632843e+06  7.07037109313527e-14  5.46582850432373e-14
 3.17915167374553e+06  6.68446120464745e-14  5.12798475548936e-14
 3.18328581116262e+06  6.12112030107703e-14  4.79096194652988e-14
 3.18741994857972e+06  8.12693599646783e-14  4.45697702307481e-14
 3.19155408599681e+06  5.10497306133519e-14  4.12862866808728e-14
 3.19568822341390e+06  5.98024988074683e-14  3.80879059509404e-14
 3.19982236083100e+06  6.38184001661124e-14  3.50048830155166e-14
 3.20395649824809e+06  6.95096970678986e-14  3.20676657214508e-14
 3.20809063566519e+06  7.79776356042295e-14  2.93055532823606e-14
 3.21222477308228e+06  7.34732436109046e-14  2.67454129892457e-14
 3.21635891049938e+06  8.77679254015529e-14  2.44105247194344e-14
 3.22049304791647e+06  6.92402475004604e-14  2.23196139632060e-14
 3.22462718533356e+06  5.66458998677887e-14  2.04861221462191e-14
 3.22876132275066e+06  6.04994384388484e-14  1.89177488302468e-14
 3.23289546016775e+06  4.93535455334943e-14  1.76162845528615e-14
 3.23702959758485e+06  5.23011613230102e-14  1.65777367453420e-14
 3.24116373500194e+06  4.83826523796729e-14  1.57927350319116e-14
 3.24529787241904e+06  7.90027219870639e-14  1.52471873135292e-14
 3.24943200983613e+06  7.40619527635870e-14  1.49231449698513e-14
 3.25356614725323e+06  6.76088728840540e-14  1.47998251333362e-14
 3.25770028467032e+06  8.70332376076823e-14  1.48547305820106e-14
 3.26183442208741e+06  5.31214125090690e-14  1.50648038507409e-14
 3.26596855950451e+06  6.65519559483077e-14  1.54075517276069e-14
 3.27010269692160e+06  5.83711871704854e-14  1.58620793435403e-14
 3.27423683433870e+06  7.24217651461045e-14  1.64099792945952e-14
 3.27837097175579e+06  4.07525694671161e-14  1.70360303302957e-14
 3.28250510917289e+06  6.68086296952793e-14  1.77286714300758e-14
 3.28663924658998e+06  3.87301378759169e-14  1.84802300232516e-14
 3.29077338400707e+06  7.37815863237844e-14  1.92868968948850e-14
 3.29490752142417e+06  5.93968081995687e-14  2.01484542019400e-14
 3.29904165884126e+06  7.65878525137455e-14  2.10677763068134e-14
 3.30317579625836e+06  7.40327980516757e-14  2.20501350710326e-14
 3.30730993367545e+06  4.09155772051352e-14  2.31023512812114e-14
 3.31144407109255e+06  5.38190970459524e-14  2.42318414809712e-14
 3.31557820850964e+06  7.27848121203756e-14  2.54456143220735e-14
 3.31971234592673e+06  4.49758288891746e-14  2.67492724541383e-14
 3.32384648334383e+06  6.92546945774462e-14  2.81460748822817e-14
 3.32798062076092e+06  6.34207183870374e-14  2.96361107541268e-14
 3.33211475817802e+06  7.74213605206311e-14  3.12156290235764e-14
 3.33624889559511e+06  9.07755720440881e-14  3.28765596948854e-14
 3.34038303301221e+06  8.05647506205296e-14  3.46062519717629e-14
 3.34451717042930e+06  5.29442440501712e-14  3.63874431277983e-14
 3.34865130784639e+06  7.11668666501310e-14  3.81984599550227e-14
 3.35278544526349e+06  4.69399631968048e-14  4.00136428010203e-14
 3.35691958268058e+06  6.70401925176119e-14  4.18039712109397e-14
 3.36105372009768e+06  5.02529813131433e-14  4.35378603941946e-14
 3.36518785751477e+06  7.13558616648106e-14  4.51820898177769e-14
 3.36932199493187e+06  5.71937692788778e-14  4.67028194193931e-14
 3.37345613234896e+06  6.46148590066079e-14  4.80666454725542e-14
 3.37759026976605e+06  5.90473002676224e-14  4.92416472554871e-14
 3.38172440718315e+06  6.72530434133525e-14  5.01983771637174e-14
 3.38585854460024e+06  6.63340966469287e-14  5.09107508587755e-14
 3.38999268201734e+06  6.12012081539958e-14  5.13567998834197e-14
 3.39412681943443e+06  5.54205977948532e-14  5.15192569068097e-14
 3.39826095685153e+06  6.79889405186507e-14  5.13859526021793e-14
 3.40239509426862e+06  7.00256181350971e-14  5.09500128595531e-14
 3.40652923168571e+06  7.68007556969469e-14  5.02098549715534e-14
 3.41066336910281e+06  5.95797659563113e-14  4.91689910806519e-14
 3.41479750651990e+06  5.93856953982328e-14  4.78356561401798e-14
 3.41893164393700e+06  6.85955090176433e-14  4.62222854085802e-14
 3.42306578135409e+06  8.30936710244564e-14  4.43448727103900e-14
 3.42719991877119e+06  6.85494282727018e-14  4.22222451860774e-14
 3.43133405618828e+06  7.02370141925604e-14  3.98752927335685e-14
 3.43546819360538e+06  4.12616955205787e-14  3.73261908084604e-14
 3.43960233102247e+06  5.57246319869688e-14  3.45976537852817e-14
 3.44373646843956e+06  5.77854122847811e-14  3.17122527548974e-14
 3.44787060585666e+06  6.77436024280178e-14  2.86918266870991e-14
 3.45200474327375e+06  6.86152410907815e-14  2.55570097770512e-14
 3.45613888069085e+06  8.47171530026030e-14  2.23268906098844e-14
 3.46027301810794e+06  6.19540296056935e-14  1.90188111914927e-14
 3.46440715552504e+06  6.63440748847733e-14  1.56483061483286e-14
 3.46854129294213e+06  7.85567577314059e-14  1.22291749765721e-14
 3.47267543035922e+06  4.75526027465162e-14  8.77367343722497e-15
 3.47680956777632e+06  5.63374285668282e-14  5.29280443763893e-15
 3.48094370519341e+06  4.92581304775685e-14  1.79668424302944e-15
 3.48507784261051e+06  3.38469369988242e-14 -1.70504319560685e-15
 3.48921198002760e+06  6.89097907278394e-14 -5.20277251814080e-15
 3.49334611744470e+06  3.90043445188188e-14 -8.68651245134033e-15
 3.49748025486179e+06  4.44420400278532e-14 -1.21454975430571e-14
 3.50161439227888e+06  4.14505439053080e-14 -1.55678601599296e-14
 3.50574852969598e+06  5.00317410897925e-14 -1.89403826374442e-14
 3.50988266711307e+06  6.21021283428292e-14 -2.22483443218654e-14
 3.51401680453017e+06  5.38363468321849e-14 -2.54754726569191e-14
 3.51815094194726e+06  6.09059267178235e-14 -2.86040013736473e-14
 3.52228507936436e+06  7.18362467806754e-14 -3.16148329543905e-14
 3.52641921678145e+06  6.47656823723241e-14 -3.44877969513614e-14
 3.53055335419854e+06  5.68836464197775e-14 -3.72019907452907e-14
 3.53468749161564e+06  5.12657270516980e-14 -3.97361852619002e-14
 3.53882162903273e+06  6.07568629805405e-14 -4.20692752115086e-14
 3.54295576644983e+06  6.84592990033092e-14 -4.41807515567391e-14
 3.54708990386692e+06  5.16994923220399e-14 -4.60511734260074e-14
 3.55122404128402e+06  7.94651981361952e-14 -4.76626173943890e-14
 3.55535817870111e+06  4.58132508708732e-14 -4.89990839513970e-14
 3.55949231611820e+06  5.23159711704752e-14 -5.00468439159777e-14
 3.56362645353530e+06  2.79106089733131e-14 -5.07947113282200e-14
 3.56776059095239e+06  5.03482634911752e-14 -5.12342337812257e-14
 3.57189472836949e+06  6.83250139271446e-14 -5.13597958801738e-14
 3.57602886578658e+06  5.18568825919790e-14 -5.11686363648587e-14
 3.58016300320368e+06  5.42090070193201e-14 -5.06607840861823e-14
 3.58429714062077e+06  4.36383254543679e-14 -4.98389222372045e-14
 3.58843127803786e+06  5.69818059596517e-14 -4.87081937289452e-14
 3.59256541545496e+06  4.01245843515176e-14 -4.72759633079214e-14
 3.59669955287205e+06  6.29554509551348e-14 -4.55515536028339e-14
 3.60083369028915e+06  5.45154046744876e-14 -4.35459729580513e-14
 3.60496782770624e+06  6.36540974245090e-14 -4.12716522861782e-14
 3.60910196512334e+06  4.53017228112684e-14 -3.87422066584315e-14
 3.61323610254043e+06  3.35634179973347e-14 -3.59722348027462e-14
 3.61737023995752e+06  2.90068303896843e-14 -3.29771663079867e-14
 3.62150437737462e+06  4.94668732070164e-14 -2.97731624360404e-14
 3.62563851479171e+06  4.11732048724311e-14 -2.63770720979121e-14
 3.62977265220881e+06  3.85561262898281e-14 -2.28064401571874e-14
 3.63390678962590e+06  6.84092798494498e-14 -1.90795609279042e-14
 3.63804092704300e+06  5.36755359173539e-14 -1.52155658743033e-14
 3.64217506446009e+06  4.99870414183306e-14 -1.12345313045108e-14
 3.64630920187719e+06  4.76495295957040e-14 -7.15758945761915e-15
 3.65044333929428e+06  4.43934151256934e-14 -3.00702502015481e-15
 3.65457747671137e+06  6.75510961828308e-14  1.19366117845636e-15
 3.65871161412847e+06  5.10874634883705e-14  5.41973860202467e-15
 3.66284575154556e+06  4.31785369279957e-14  9.64529889789976e-15
 3.66697988896266e+06  4.78689744373353e-14  1.38433854522570e-14
 3.67111402637975e+06  7.00140720458615e-14  1.79862087769689e-14
 3.67524816379685e+06  6.92380939442657e-14  2.20454512027023e-14
 3.67938230121394e+06  5.27654503222138e-14  2.59926590674724e-14
 3.68351643863103e+06  2.34665921782655e-14  2.97997151949305e-14
 3.68765057604813e+06  6.21195333534409e-14  3.34393790271187e-14
 3.69178471346522e+06  5.12558754512868e-14  3.68858768405786e-14
 3.69591885088232e+06  5.19233714856925e-14  4.01155200920687e-14
 3.70005298829941e+06  4.15768438262418e-14  4.31073265697061e-14
 3.70418712571651e+06  5.82655842322650e-14  4.58436167018871e-14
 3.70832126313360e+06  6.20761353291691e-14  4.83105564973265e-14
 3.71245540055069e+06  5.46163944873101e-14  5.04986189833273e-14
 3.71658953796779e+06  5.20606416019049e-14  5.24029380112901e-14
 3.72072367538488e+06  5.68646386028123e-14  5.40235315892235e-14
 3.72485781280198e+06  6.02944586829133e-14  5.53653766152221e-14
 3.72899195021907e+06  7.00443833113671e-14  5.64383226556526e-14
 3.73312608763617e+06  2.56392456136514e-14  5.72568391196099e-14
 3.73726022505326e+06  5.09861041357115e-14  5.78395974396188e-14
 3.74139436247035e+06  5.15345608771806e-14  5.82088974176041e-14
 3.74552849988745e+06  3.67846290973563e-14  5.83899542937634e-14
 3.74966263730454e+06  6.41972936051310e-14  5.84100700437174e-14
 3.75379677472164e+06  3.65813658887320e-14  5.82977185239729e-14
 3.75793091213873e+06  5.60191614330740e-14  5.80815789985911e-14
 3.76206504955583e+06  5.56524738087678e-14  5.77895561058956e-14
 3.76619918697292e+06  5.78050259587249e-14  5.74478261377426e-14
 3.77033332439001e+06  6.24548086904479e-14  5.70799495464290e-14
 3.77446746180711e+06  3.19408731668959e-14  5.67060877692308e-14
 3.77860159922420e+06  5.82805258125218e-14  5.63423588095172e-14
 3.78273573664130e+06  5.34878266396581e-14  5.60003606271104e-14
 3.78686987405839e+06  9.17405082816692e-14  5.56868845754124e-14
 3.79100401147549e+06  4.57890833559461e-14  5.54038330435761e-14
 3.79513814889258e+06  4.22253484039696e-14  5.51483465227009e-14
 3.79927228630967e+06  6.32005035512410e-14  5.49131360399998e-14
 3.80340642372677e+06  5.00692259496940e-14  5.46870074909558e-14
 3.80754056114386e+06  6.92589549985723e-14  5.44555555108418e-14
 3.81167469856096e+06  4.68950242302776e-14  5.42019965466322e-14
 3.81580883597805e+06  4.00260084737125e-14  5.39081040341096e-14
 3.81994297339515e+06  3.91392884326687e-14  5.35552035439834e-14
 3.82407711081224e+06  5.90214428436724e-14  5.31251826079413e-14
 3.82821124822934e+06  5.58751432980808e-14  5.26014689044866e-14
 3.83234538564643e+06  4.62758773633983e-14  5.19699316540871e-14
 3.83647952306352e+06  4.01227619823347e-14  5.12196644426122e-14
 3.84061366048062e+06  5.56519609750458e-14  5.03436130977988e-14
 3.84474779789771e+06  7.29334850493463e-14  4.93390194738437e-14
 3.84888193531481e+06  5.23651106355072e-14  4.82076607480717e-14
 3.85301607273190e+06  6.05591292160429e-14  4.69558736171440e-14
 3.85715021014900e+06  5.58275340313116e-14  4.55943632598074e-14
 3.86128434756609e+06  5.13114601712864e-14  4.41378074008386e-14
 3.86541848498318e+06  6.17960678975758e-14  4.26042759889612e-14
 3.86955262240028e+06  5.02476749106992e-14  4.10144960999561e-14
 3.87368675981737e+06  4.09495513460936e-14  3.93909995040937e-14
 3.87782089723447e+06  5.01287071382451e-14  3.77571962195686e-14
 3.88195503465156e+06  4.53384000122182e-14  3.61364212074435e-14
 3.88608917206866e+06  5.57509259466698e-14  3.45510027305112e-14
 3.89022330948575e+06  4.59822878652462e-14  3.30213998833622e-14
 3.89435744690284e+06  4.52642136380264e-14  3.15654532639137e-14
 3.89849158431994e+06  5.16647476619663e-14  3.01977869435877e-14
 3.90262572173703e+06  3.88808615680409e-14  2.89293920381427e-14
 3.90675985915413e+06  5.01543674991509e-14  2.77674126519531e-14
 3.91089399657122e+06  5.80898189388729e-14  2.67151442757551e-14
 3.91502813398832e+06  5.42369048621018e-14  2.57722433540235e-14
 3.91916227140541e+06  4.84374731715621e-14  2.49351353331280e-14
 3.92329640882250e+06  4.08780432837263e-14  2.41975975742111e-14
 3.92743054623960e+06  6.72683540637369e-14  2.35514837842656e-14
 3.93156468365669e+06  3.88186713540855e-14  2.29875484537622e-14
 3.93569882107379e+06  5.15698389613133e-14  2.24963237576819e-14
 3.93983295849088e+06  5.36682651401784e-14  2.20689977964579e-14
 3.94396709590798e+06  4.64740566576500e-14  2.16982421424629e-14
 3.94810123332507e+06  4.06670772542849e-14  2.13789385372507e-14
 3.95223537074216e+06  3.90020314051409e-14  2.11087591951131e-14
 3.95636950815926e+06  4.25691888313429e-14  2.08885623091511e-14
 3.96050364557635e+06  7.11597946237112e-14  2.07225737231053e-14
 3.96463778299345e+06  3.90576003750884e-14  2.06183368309030e-14
 3.96877192041054e+06  6.86996030984940e-14  2.05864251150064e-14
 3.97290605782764e+06  5.21773869395562e-14  2.06399246251400e-14
 3.97704019524473e+06  6.30961086297463e-14  2.07937065285189e-14
 3.98117433266182e+06  6.30065534084108e-14  2.10635219580838e-14
 3.98530847007892e+06  4.87502149678718e-14  2.14649619964844e-14
 3.98944260749601e+06  5.72047740315352e-14  2.20123343722019e-14
 3.99357674491311e+06  2.26705939648570e-14  2.27175145395114e-14
 3.99771088233020e+06  5.25206930351213e-14  2.35888322327584e-14
 4.00184501974730e+06  1.66815278898168e-14  2.46300547183322e-14
 4.00597915716439e+06  3.08251131428831e-14  2.58395250970725e-14
 4.01011329458148e+06  6.29766204934072e-14  2.72095079341800e-14
 4.01424743199858e+06  3.85130427222163e-14  2.87257856715691e-14
 4.01838156941567e+06  6.01084779444716e-14  3.03675379594318e-14
 4.02251570683277e+06  2.48858372405317e-14  3.21075228769801e-14
 4.02664984424986e+06  5.71862951056721e-14  3.39125645176219e-14
 4.03078398166696e+06  3.22752747691935e-14  3.57443364547536e-14
 4.03491811908405e+06  2.00486825305320e-14  3.75604157708618e-14
 4.03905225650115e+06  5.23713577592687e-14  3.93155685069904e-14
 4.04318639391824e+06  3.18343909936900e-14  4.09632152062439e-14
 4.04732053133533e+06  6.19418226190380e-14  4.24570154094736e-14
 4.05145466875243e+06  5.01673430496456e-14  4.37525029433494e-14
 4.05558880616952e+06  4.54239224446188e-14  4.48087000743449e-14
 4.05972294358662e+06  5.40721822605381e-14  4.55896383317084e-14
 4.06385708100371e+06  4.85331897910883e-14  4.60657170468656e-14
 4.06799121842081e+06  5.76640563714366e-14  4.62148372882329e-14
 4.07212535583790e+06  3.78052799806752e-14  4.60232586603539e-14
 4.07625949325499e+06  3.39185316141995e-14  4.54861388071445e-14
 4.08039363067209e+06  4.62457086120493e-14  4.46077299632943e-14
 4.08452776808918e+06  4.19225763884906e-14  4.34012226813582e-14
 4.08866190550628e+06  5.50933482898922e-14  4.18882432347352e-14
 4.09279604292337e+06  3.00189809464831e-14  4.00980273201230e-14
 4.09693018034047e+06  5.79771108874025e-14  3.80663077448923e-14
 4.10106431775756e+06  6.02052365066219e-14  3.58339670046866e-14
 4.10519845517465e+06  4.95857124419033e-14  3.34455164230823e-14
 4.10933259259175e+06  4.25008776842183e-14  3.09474712334210e-14
 4.11346673000884e+06  2.46402310591858e-14  2.83866952589151e-14
 4.11760086742594e+06  3.13665715273053e-14  2.58087895255269e-14
 4.12173500484303e+06  4.86320568864735e-14  2.32565960906414e-14
 4.12586914226013e+06  5.62669930631434e-14  2.07688818326372e-14
 4.13000327967722e+06  3.30300540666030e-14  1.83792572819351e-14
 4.13413741709431e+06  3.37713968896770e-14  1.61153731184418e-14
