#time(au), s(t), s(t) without exp(iwt)
 0.00000000000000e+01  6.32898249479517e-17  6.32898249479517e-17
 4.13413741709430e+03  2.26979011333120e-17  6.32898249479517e-17
 8.26827483418859e+03  3.27057594096909e-16  6.32898249479517e-17
 1.24024122512829e+04 -1.38626022072581e-16  6.32898249479517e-17
 1.65365496683772e+04  1.98994067980773e-16  6.32898249479517e-17
 2.06706870854715e+04  1.89786114082506e-16  6.32898249479517e-17
 2.48048245025658e+04  3.96277351585404e-16  6.32898249479517e-17
 2.89389619196601e+04  1.53652641636601e-16  6.32898249479517e-17
 3.30730993367544e+04 -9.68531587588211e-16  6.32898249479517e-17
 3.72072367538487e+04  2.89135155937343e-16  6.32898249479517e-17
 4.13413741709430e+04 -5.47077299529458e-17  6.32898249479517e-17
 4.54755115880372e+04  4.63590561230008e-15  6.32898249479517e-17
 4.96096490051315e+04  1.10028137361730e-16  6.32898249479517e-17
 5.37437864222258e+04  3.67211171303088e-15  6.32898249479517e-17
 5.78779238393201e+04  1.32364148121999e-15  6.32898249479517e-17
 6.20120612564144e+04 -1.18054341812430e-16  6.32898249479517e-17
 6.61461986735087e+04  1.11233481277037e-15  6.32898249479517e-17
 7.02803360906030e+04  4.59364927420368e-16  6.32898249479517e-17
 7.44144735076973e+04 -1.56645650846724e-15  6.32898249479517e-17
 7.85486109247916e+04 -1.77019694319505e-15  6.32898249479517e-17
 8.26827483418859e+04  8.15775856180732e-16  6.32898249479517e-17
 8.68168857589802e+04  3.07307921818204e-15  6.32898249479517e-17
 9.09510231760745e+04 -9.09710958201414e-16  6.32898249479517e-17
 9.50851605931688e+04  3.77502199581717e-15  6.32898249479517e-17
 9.92192980102631e+04 -1.29785180737806e-15  6.32898249479517e-17
 1.03353435427357e+05  6.53110658915214e-15  6.32898249479517e-17
 1.07487572844452e+05 -4.03899583027417e-15  6.32898249479517e-17
 1.11621710261546e+05  3.94928278719006e-15  6.32898249479517e-17
 1.15755847678640e+05 -1.04308665859284e-15  6.32898249479517e-17
 1.19889985095735e+05  5.37091932867458e-15  6.32898249479517e-17
 1.24024122512829e+05  2.26533033562102e-15  6.32898249479517e-17
 1.28158259929923e+05  2.77131171337708e-15  6.32898249479517e-17
 1.32292397347018e+05  3.52180110620851e-15  6.32898249479517e-17
 1.36426534764112e+05  4.58993758407601e-15  6.32898249479517e-17
 1.40560672181206e+05  6.83427244116490e-15  6.32898249479517e-17
 1.44694809598300e+05  1.64662992772506e-16  6.32898249479517e-17
 1.48828947015395e+05  2.87465561585161e-15  6.32898249479517e-17
 1.52963084432489e+05 -3.01543399058525e-16  6.32898249479517e-17
 1.57097221849583e+05  7.88829665321228e-16  6.32898249479517e-17
 1.61231359266678e+05  4.61285180505029e-15  6.32898249479517e-17
 1.65365496683772e+05  7.33368087273720e-15  6.32898249479517e-17
 1.69499634100866e+05  7.52475722005461e-15  6.32898249479517e-17
 1.73633771517960e+05  6.23570151849823e-15  6.32898249479517e-17
 1.77767908935055e+05  6.23758078085002e-15  6.32898249479517e-17
 1.81902046352149e+05  1.68569757247641e-15  6.32898249479517e-17
 1.86036183769243e+05 -2.03681116650324e-15  6.32898249479517e-17
 1.90170321186338e+05 -4.64600584949809e-15  6.32898249479517e-17
 1.94304458603432e+05 -7.01730049918384e-15  6.32898249479517e-17
 1.98438596020526e+05  3.19193061319851e-15  6.32898249479517e-17
 2.02572733437620e+05 -5.45452945370231e-15  6.32898249479517e-17
 2.06706870854715e+05  1.96174709951832e-15  6.32898249479517e-17
 2.10841008271809e+05  2.56456721729770e-15  6.32898249479517e-17
 2.14975145688903e+05  5.51993510675206e-15  6.32898249479517e-17
 2.19109283105998e+05  2.70280110977259e-15  6.32898249479517e-17
 2.23243420523092e+05  2.56091426325430e-15  6.32898249479517e-17
 2.27377557940186e+05 -2.57673885077830e-15  6.32898249479517e-17
 2.31511695357280e+05  7.41099880780358e-16  6.32898249479517e-17
 2.35645832774375e+05 -1.53679340650136e-14  6.32898249479517e-17
 2.39779970191469e+05  3.46658919188929e-15  6.32898249479517e-17
 2.43914107608563e+05 -8.19225243669199e-15  6.32898249479517e-17
 2.48048245025658e+05  1.81350588868153e-14  6.32898249479517e-17
 2.52182382442752e+05 -1.36726756773139e-14  6.32898249479517e-17
 2.56316519859846e+05  1.77359896383775e-14  6.32898249479517e-17
 2.60450657276940e+05  4.94509165847258e-15  6.32898249479517e-17
 2.64584794694035e+05  6.45230019984915e-15  6.32898249479517e-17
 2.68718932111129e+05 -1.01747067010635e-15  6.32898249479517e-17
 2.72853069528223e+05 -1.71918198937179e-14  6.32898249479517e-17
 2.76987206945318e+05 -1.55711904142499e-15  6.32898249479517e-17
 2.81121344362412e+05 -4.30664227324092e-15  6.32898249479517e-17
 2.85255481779506e+05 -4.83614665080875e-15  6.32898249479517e-17
 2.89389619196601e+05 -1.25375398988283e-14  6.32898249479517e-17
 2.93523756613695e+05  5.45968766563041e-16  6.32898249479517e-17
 2.97657894030789e+05  1.61635653640933e-14  6.32898249479517e-17
 3.01792031447884e+05 -1.62642843707577e-14  6.32898249479517e-17
 3.05926168864978e+05  2.35402629965021e-15  6.32898249479517e-17
 3.10060306282072e+05 -1.28890324563724e-14  6.32898249479517e-17
 3.14194443699167e+05  2.96918314642812e-15  6.32898249479517e-17
 3.18328581116261e+05 -1.64769053502214e-14  6.32898249479517e-17
 3.22462718533355e+05  3.92209131368920e-15  6.32898249479517e-17
 3.26596855950449e+05 -1.08873446324120e-14  6.32898249479517e-17
 3.30730993367544e+05  9.08127613981778e-16  6.32898249479517e-17
 3.34865130784638e+05 -1.80090319819261e-14  6.32898249479517e-17
 3.38999268201732e+05  5.27019894865434e-15  6.32898249479517e-17
 3.43133405618827e+05 -1.04873290005598e-15  6.32898249479517e-17
 3.47267543035921e+05  2.53691745094886e-15  6.32898249479517e-17
 3.51401680453015e+05 -6.33722891521508e-15  6.32898249479517e-17
 3.55535817870110e+05 -1.12126817289463e-14  6.32898249479517e-17
 3.59669955287204e+05 -6.88475669961495e-15  6.32898249479517e-17
 3.63804092704298e+05  4.45755818278380e-15  6.32898249479517e-17
 3.67938230121393e+05 -2.71621376408394e-15  6.32898249479517e-17
 3.72072367538487e+05 -7.48181390081612e-16  6.32898249479517e-17
 3.76206504955581e+05  2.15226049266823e-15  6.32898249479517e-17
 3.80340642372676e+05  1.13336790568926e-14  6.32898249479517e-17
 3.84474779789770e+05  3.79716660665072e-16  6.32898249479517e-17
 3.88608917206864e+05 -1.50662081042665e-14  6.32898249479517e-17
 3.92743054623959e+05 -1.28350044767206e-14  6.32898249479517e-17
 3.96877192041053e+05 -2.11028771189325e-14  6.32898249479517e-17
 4.01011329458147e+05 -2.12517664305908e-15  6.32898249479517e-17
 4.05145466875241e+05 -1.35343445672556e-14  6.32898249479517e-17
 4.09279604292336e+05  4.23504102626157e-15  6.32898249479517e-17
 4.13413741709430e+05  3.94287286467745e-15  6.32898249479517e-17
 4.17547879126524e+05  5.56504797080864e-15  6.32898249479517e-17
 4.21682016543619e+05  1.46900014227657e-15  6.32898249479517e-17
 4.25816153960713e+05 -7.81200282541010e-15  6.32898249479517e-17
 4.29950291377807e+05 -4.35620392155426e-15  6.32898249479517e-17
 4.34084428794902e+05 -1.11417438071792e-14  6.32898249479517e-17
 4.38218566211996e+05 -1.60502839829646e-14  6.32898249479517e-17
 4.42352703629090e+05 -1.01057072415499e-14  6.32898249479517e-17
 4.46486841046185e+05 -9.63883297859642e-16  6.32898249479517e-17
 4.50620978463279e+05 -1.70118024329238e-15  6.32898249479517e-17
 4.54755115880373e+05 -6.48396530446476e-15  6.32898249479517e-17
 4.58889253297468e+05  8.19837403785421e-15  6.32898249479517e-17
 4.63023390714562e+05 -4.24462494036451e-15  6.32898249479517e-17
 4.67157528131656e+05  1.13092108969210e-14  6.32898249479517e-17
 4.71291665548751e+05 -1.01390549284799e-14  6.32898249479517e-17
 4.75425802965845e+05  7.54039486169992e-15  6.32898249479517e-17
 4.79559940382939e+05 -1.04473385494600e-14  6.32898249479517e-17
 4.83694077800033e+05 -1.53700377410005e-14  6.32898249479517e-17
 4.87828215217128e+05 -7.21545424244669e-15  6.32898249479517e-17
 4.91962352634222e+05  1.07026339349495e-15  6.32898249479517e-17
 4.96096490051316e+05  3.68256402005919e-14  6.32898249479517e-17
 5.00230627468411e+05  1.07130991272448e-14  6.32898249479517e-17
 5.04364764885505e+05  2.01233626494005e-14  6.32898249479517e-17
 5.08498902302599e+05  5.51456391069407e-15  6.32898249479517e-17
 5.12633039719694e+05  1.05461420413371e-14  6.32898249479517e-17
 5.16767177136788e+05 -1.37255931799077e-15  6.32898249479517e-17
 5.20901314553882e+05  8.47406716131453e-15  6.32898249479517e-17
 5.25035451970977e+05 -1.14007879364673e-14  6.32898249479517e-17
 5.29169589388071e+05  5.53137221779039e-15  6.32898249479517e-17
 5.33303726805165e+05 -2.82862665064062e-15  6.32898249479517e-17
 5.37437864222260e+05  3.48233558775949e-15  6.32898249479517e-17
 5.41572001639354e+05 -2.41274107337530e-15  6.32898249479517e-17
 5.45706139056448e+05 -6.30404428240351e-15  6.32898249479517e-17
 5.49840276473543e+05  2.03792986731753e-15  6.32898249479517e-17
 5.53974413890637e+05 -1.27976958623342e-14  6.32898249479517e-17
 5.58108551307731e+05 -8.46448011281393e-15  6.32898249479517e-17
 5.62242688724826e+05 -4.16240717991882e-15  6.32898249479517e-17
 5.66376826141920e+05 -9.46472838087282e-15  6.32898249479517e-17
 5.70510963559014e+05  9.65986725812862e-15  6.32898249479517e-17
 5.74645100976108e+05 -9.31517298087979e-15  6.32898249479517e-17
 5.78779238393203e+05  2.21706880932381e-14  6.32898249479517e-17
 5.82913375810297e+05  1.75967538382889e-14  6.32898249479517e-17
 5.87047513227391e+05  2.39214563670953e-14  6.32898249479517e-17
 5.91181650644486e+05  2.53584179664322e-15  6.32898249479517e-17
 5.95315788061580e+05  1.66361590850349e-14  6.32898249479517e-17
 5.99449925478674e+05  3.74343370452579e-15  6.32898249479517e-17
 6.03584062895769e+05  1.79045091155463e-14  6.32898249479517e-17
 6.07718200312863e+05 -7.86305703135278e-15  6.32898249479517e-17
 6.11852337729957e+05  6.35011350039401e-15  6.32898249479517e-17
 6.15986475147052e+05  1.18555452126668e-14  6.32898249479517e-17
 6.20120612564146e+05  4.09180031959567e-14  6.32898249479517e-17
 6.24254749981240e+05 -6.23154548062822e-15  6.32898249479517e-17
 6.28388887398335e+05  5.33107398900909e-15  6.32898249479517e-17
 6.32523024815429e+05  1.49636429367560e-15  6.32898249479517e-17
 6.36657162232523e+05 -2.75962513815043e-15  6.32898249479517e-17
 6.40791299649618e+05 -6.52446057410901e-15  6.32898249479517e-17
 6.44925437066712e+05 -1.51830397367059e-14  6.32898249479517e-17
 6.49059574483806e+05 -5.47061162442899e-15  6.32898249479517e-17
 6.53193711900900e+05  9.78192955924849e-15  6.32898249479517e-17
 6.57327849317995e+05 -2.57603605434499e-14  6.32898249479517e-17
 6.61461986735089e+05 -3.23292641226248e-15  6.32898249479517e-17
 6.65596124152183e+05 -9.35869497958819e-15  6.32898249479517e-17
 6.69730261569278e+05  1.75570528396799e-14  6.32898249479517e-17
 6.73864398986372e+05 -2.30782136858519e-14  6.32898249479517e-17
 6.77998536403466e+05 -1.26516876984453e-15  6.32898249479517e-17
 6.82132673820561e+05 -6.65979880738391e-16  6.32898249479517e-17
 6.86266811237655e+05  1.50704643860381e-14  6.32898249479517e-17
 6.90400948654749e+05 -1.38683183649801e-14  6.32898249479517e-17
 6.94535086071844e+05  7.58215289750589e-15  6.32898249479517e-17
 6.98669223488938e+05  1.86623977608099e-14  6.32898249479517e-17
 7.02803360906032e+05  2.78470618154474e-14  6.32898249479517e-17
 7.06937498323127e+05  2.58375257535170e-15  6.32898249479517e-17
 7.11071635740221e+05 -1.04398989401528e-14  6.32898249479517e-17
 7.15205773157315e+05  3.33245057162831e-15  6.32898249479517e-17
 7.19339910574410e+05 -4.10237754003864e-15  6.32898249479517e-17
 7.23474047991504e+05  2.55125631134336e-15  6.32898249479517e-17
 7.27608185408598e+05 -2.35380571138944e-14  6.32898249479517e-17
 7.31742322825692e+05 -6.92652460800218e-15  6.32898249479517e-17
 7.35876460242787e+05 -3.94881453938025e-15  6.32898249479517e-17
 7.40010597659881e+05  1.51640569008377e-15  6.32898249479517e-17
 7.44144735076975e+05  1.22784675861887e-14  6.32898249479517e-17
 7.48278872494070e+05 -4.81090299705469e-15  6.32898249479517e-17
 7.52413009911164e+05  1.84167719605006e-14  6.32898249479517e-17
 7.56547147328258e+05 -9.11734419874040e-15  6.32898249479517e-17
 7.60681284745353e+05 -3.40942925704825e-15  6.32898249479517e-17
 7.64815422162447e+05  5.62152686696299e-15  6.32898249479517e-17
 7.68949559579541e+05 -3.01113368318282e-15  6.32898249479517e-17
 7.73083696996636e+05  3.20095870741284e-15  6.32898249479517e-17
 7.77217834413730e+05 -8.16600703200216e-15  6.32898249479517e-17
 7.81351971830824e+05  1.29768693040854e-14  6.32898249479517e-17
 7.85486109247919e+05  4.93864647533104e-15  6.32898249479517e-17
 7.89620246665013e+05 -1.40500285307686e-14  6.32898249479517e-17
 7.93754384082107e+05 -2.88818560904118e-15  6.32898249479517e-17
 7.97888521499202e+05 -4.86734784599962e-15  6.32898249479517e-17
 8.02022658916296e+05 -4.70560877746576e-15  6.32898249479517e-17
 8.06156796333390e+05  4.92961406287268e-15  6.32898249479517e-17
 8.10290933750484e+05 -1.22418091548933e-15  6.32898249479517e-17
 8.14425071167579e+05  4.38076997658747e-15  6.32898249479517e-17
 8.18559208584673e+05  3.84614148209087e-15  6.32898249479517e-17
 8.22693346001767e+05  1.11922062054922e-14  6.32898249479517e-17
 8.26827483418862e+05 -8.95408644562429e-15  6.32898249479517e-17
 8.30961620835956e+05  1.04571045980990e-14  6.32898249479517e-17
 8.35095758253050e+05  9.59130182882572e-15  6.32898249479517e-17
 8.39229895670145e+05  9.62373047462811e-16  6.32898249479517e-17
 8.43364033087239e+05  3.65226833880144e-16  6.32898249479517e-17
 8.47498170504333e+05 -7.91710425550945e-15  6.32898249479517e-17
 8.51632307921428e+05  1.04079320901701e-14  6.32898249479517e-17
 8.55766445338522e+05  1.32108797897331e-14  6.32898249479517e-17
 8.59900582755616e+05 -1.02583039518089e-14  6.32898249479517e-17
 8.64034720172711e+05 -1.28515119742382e-14  6.32898249479517e-17
 8.68168857589805e+05  2.60176158181707e-14  6.32898249479517e-17
 8.72302995006899e+05 -1.87342508251754e-14  6.32898249479517e-17
 8.76437132423994e+05  1.26923021932668e-14  6.32898249479517e-17
 8.80571269841088e+05  3.19990441243515e-16  6.32898249479517e-17
 8.84705407258182e+05 -1.59811903780769e-14  6.32898249479517e-17
 8.88839544675276e+05 -3.44207164755250e-15  6.32898249479517e-17
 8.92973682092371e+05 -1.09184768976214e-14  6.32898249479517e-17
 8.97107819509465e+05  3.40271401759736e-14  6.32898249479517e-17
 9.01241956926559e+05 -8.28851944170500e-15  6.32898249479517e-17
 9.05376094343654e+05  6.96763597004716e-15  6.32898249479517e-17
 9.09510231760748e+05 -1.24842700278440e-14  6.32898249479517e-17
 9.13644369177842e+05 -1.62056171573579e-14  6.32898249479517e-17
 9.17778506594937e+05  2.91391383266254e-14  6.32898249479517e-17
 9.21912644012031e+05 -1.82010795706581e-15  6.32898249479517e-17
 9.26046781429125e+05  1.64922248672834e-14  6.32898249479517e-17
 9.30180918846220e+05 -8.10265914627847e-15  6.32898249479517e-17
 9.34315056263314e+05  9.16897935116849e-16  6.32898249479517e-17
 9.38449193680408e+05  1.68036905306310e-14  6.32898249479517e-17
 9.42583331097503e+05 -1.95950525940781e-15  6.32898249479517e-17
 9.46717468514597e+05 -1.32236417628102e-14  6.32898249479517e-17
 9.50851605931691e+05 -8.24547019713556e-15  6.32898249479517e-17
 9.54985743348786e+05  2.34860327120621e-15  6.32898249479517e-17
 9.59119880765880e+05  2.18072401159429e-14  6.32898249479517e-17
 9.63254018182974e+05 -3.60470575659393e-15  6.32898249479517e-17
 9.67388155600069e+05 -5.68637367314007e-15  6.32898249479517e-17
 9.71522293017163e+05 -7.88081696003124e-15  6.32898249479517e-17
 9.75656430434257e+05 -1.88357559969224e-15  6.32898249479517e-17
 9.79790567851351e+05 -2.77467288225178e-15  6.32898249479517e-17
 9.83924705268446e+05 -2.76011382826492e-14  6.32898249479517e-17
 9.88058842685540e+05 -1.77347577207296e-14  6.32898249479517e-17
 9.92192980102634e+05 -1.01468791050358e-14  6.32898249479517e-17
 9.96327117519729e+05 -1.74255995750989e-15  6.32898249479517e-17
 1.00046125493682e+06 -1.43011037105121e-14  6.32898249479517e-17
 1.00459539235392e+06 -1.31611310127221e-14  6.32898249479517e-17
 1.00872952977101e+06  1.17994627292097e-14  6.32898249479517e-17
 1.01286366718811e+06 -3.57266113503784e-15  6.32898249479517e-17
 1.01699780460520e+06 -8.26310991499695e-15  6.32898249479517e-17
 1.02113194202229e+06  2.40517839529191e-14  6.32898249479517e-17
 1.02526607943939e+06  3.83522057488054e-15  6.32898249479517e-17
 1.02940021685648e+06  2.05589693959277e-15  6.32898249479517e-17
 1.03353435427358e+06 -1.28563190037309e-14  6.32898249479517e-17
 1.03766849169067e+06 -1.48909563674126e-14  6.32898249479517e-17
 1.04180262910777e+06  9.80749586291951e-15  6.32898249479517e-17
 1.04593676652486e+06 -1.49833481345667e-14  6.32898249479517e-17
 1.05007090394195e+06 -1.54750940989297e-15  6.32898249479517e-17
 1.05420504135905e+06  4.51411523511640e-15  6.32898249479517e-17
 1.05833917877614e+06 -4.70535878977762e-15  6.32898249479517e-17
 1.06247331619324e+06 -1.82774526422054e-14  6.32898249479517e-17
 1.06660745361033e+06 -4.17702164162633e-14  6.32898249479517e-17
 1.07074159102743e+06 -1.13168384057823e-14  6.32898249479517e-17
 1.07487572844452e+06 -1.70924738079223e-14  6.32898249479517e-17
 1.07900986586161e+06  1.58827099330830e-14  6.32898249479517e-17
 1.08314400327871e+06  9.36984735930908e-16  6.32898249479517e-17
 1.08727814069580e+06 -6.90869041958402e-15  6.32898249479517e-17
 1.09141227811290e+06  1.64827220762322e-14  6.32898249479517e-17
 1.09554641552999e+06 -1.46080744841083e-14  6.32898249479517e-17
 1.09968055294709e+06 -1.55037228698878e-14  6.32898249479517e-17
 1.10381469036418e+06 -1.56209404915147e-14  6.32898249479517e-17
 1.10794882778128e+06 -7.45824413037849e-15  6.32898249479517e-17
 1.11208296519837e+06  3.02997583879577e-16  6.32898249479517e-17
 1.11621710261546e+06 -5.84586001482004e-15  6.32898249479517e-17
 1.12035124003256e+06  1.38232852045054e-14  6.32898249479517e-17
 1.12448537744965e+06 -1.24958211002097e-14  6.32898249479517e-17
 1.12861951486675e+06  3.64169383643353e-15  6.32898249479517e-17
 1.13275365228384e+06  3.85639528139580e-15  6.32898249479517e-17
 1.13688778970094e+06  1.38921818321792e-14  6.32898249479517e-17
 1.14102192711803e+06  3.28371885360451e-15  6.32898249479517e-17
 1.14515606453512e+06  3.77547070526776e-15  6.32898249479517e-17
 1.14929020195222e+06 -1.49079789361445e-14  6.32898249479517e-17
 1.15342433936931e+06  2.38862751598451e-15  6.32898249479517e-17
 1.15755847678641e+06 -3.35719615413851e-15  6.32898249479517e-17
 1.16169261420350e+06 -1.73474435914642e-14  6.32898249479517e-17
 1.16582675162060e+06  2.36283511835920e-15  6.32898249479517e-17
 1.16996088903769e+06  8.18066017192292e-15  6.32898249479517e-17
 1.17409502645478e+06  6.36143757610207e-15  6.32898249479517e-17
 1.17822916387188e+06  9.90466745829659e-16  6.32898249479517e-17
 1.18236330128897e+06 -2.52325703211848e-14  6.32898249479517e-17
 1.18649743870607e+06 -1.28026173414906e-14  6.32898249479517e-17
 1.19063157612316e+06 -2.01904734682853e-15  6.32898249479517e-17
 1.19476571354026e+06  8.24355811628723e-16  6.32898249479517e-17
 1.19889985095735e+06  4.02504182985194e-15  6.32898249479517e-17
 1.20303398837444e+06  7.13826212928790e-15  6.32898249479517e-17
 1.20716812579154e+06  7.33831073677691e-15  6.32898249479517e-17
 1.21130226320863e+06  1.57153815964952e-14  6.32898249479517e-17
 1.21543640062573e+06  1.03246383250691e-15  6.32898249479517e-17
 1.21957053804282e+06 -7.40700319641746e-15  6.32898249479517e-17
 1.22370467545992e+06  7.20189220200286e-15  6.32898249479517e-17
 1.22783881287701e+06  7.49993938032919e-15  6.32898249479517e-17
 1.23197295029410e+06  1.73311584859408e-14  6.32898249479517e-17
 1.23610708771120e+06  2.72819560891180e-15  6.32898249479517e-17
 1.24024122512829e+06 -1.34586893768185e-14  6.32898249479517e-17
 1.24437536254539e+06 -1.21231888675178e-14  6.32898249479517e-17
 1.24850949996248e+06 -2.21631021742984e-14  6.32898249479517e-17
 1.25264363737958e+06  2.75773045754302e-14  6.32898249479517e-17
 1.25677777479667e+06  1.32422709030988e-14  6.32898249479517e-17
 1.26091191221376e+06  6.60790402322016e-15  6.32898249479517e-17
 1.26504604963086e+06 -1.79361293612431e-15  6.32898249479517e-17
 1.26918018704795e+06  2.51083788782950e-15  6.32898249479517e-17
 1.27331432446505e+06 -2.21153702725066e-15  6.32898249479517e-17
 1.27744846188214e+06  1.30443933157659e-14  6.32898249479517e-17
 1.28158259929924e+06  1.21559155011474e-14  6.32898249479517e-17
 1.28571673671633e+06  4.47938843760563e-15  6.32898249479517e-17
 1.28985087413343e+06  8.76357707653028e-15  6.32898249479517e-17
 1.29398501155052e+06  2.30494983265554e-14  6.32898249479517e-17
 1.29811914896761e+06  5.32536095331320e-15  6.32898249479517e-17
 1.30225328638471e+06  1.42757145588478e-14  6.32898249479517e-17
 1.30638742380180e+06 -1.20334687785648e-14  6.32898249479517e-17
 1.31052156121890e+06  6.41939211705861e-15  6.32898249479517e-17
 1.31465569863599e+06  7.50382014068849e-15  6.32898249479517e-17
 1.31878983605309e+06  1.91645106092547e-14  6.32898249479517e-17
 1.32292397347018e+06  5.50045626120047e-15  6.32898249479517e-17
 1.32705811088727e+06 -5.60363160452262e-15  6.32898249479517e-17
 1.33119224830437e+06  1.21628433203740e-14  6.32898249479517e-17
 1.33532638572146e+06  9.83083559120640e-15  6.32898249479517e-17
 1.33946052313856e+06  1.22618993218761e-15  6.32898249479517e-17
 1.34359466055565e+06  2.34573939043323e-14  6.32898249479517e-17
 1.34772879797275e+06  1.00721164560915e-15  6.32898249479517e-17
 1.35186293538984e+06  2.94545770969143e-14  6.32898249479517e-17
 1.35599707280693e+06 -4.02742250466378e-15  6.32898249479517e-17
 1.36013121022403e+06 -1.65732074692844e-15  6.32898249479517e-17
 1.36426534764112e+06  1.01622468907558e-14  6.32898249479517e-17
 1.36839948505822e+06  1.27585445498884e-14  6.32898249479517e-17
 1.37253362247531e+06  1.98914416999915e-15  6.32898249479517e-17
 1.37666775989241e+06 -3.65385684551243e-15  6.32898249479517e-17
 1.38080189730950e+06  2.08526913638711e-14  6.32898249479517e-17
 1.38493603472659e+06  2.20330729450743e-14  6.32898249479517e-17
 1.38907017214369e+06  4.03313935872444e-15  6.32898249479517e-17
 1.39320430956078e+06 -4.54033674501597e-15  6.32898249479517e-17
 1.39733844697788e+06 -5.22397744149131e-15  6.32898249479517e-17
 1.40147258439497e+06  8.26255009445944e-16  6.32898249479517e-17
 1.40560672181207e+06 -5.88828365689011e-15  6.32898249479517e-17
 1.40974085922916e+06 -1.07391663918864e-14  6.32898249479517e-17
 1.41387499664625e+06 -6.86451747202791e-15  6.32898249479517e-17
 1.41800913406335e+06  3.98216457558726e-15  6.32898249479517e-17
 1.42214327148044e+06 -4.29138078084486e-15  6.32898249479517e-17
 1.42627740889754e+06  5.20754781952440e-15  6.32898249479517e-17
 1.43041154631463e+06 -1.27246975304755e-14  6.32898249479517e-17
 1.43454568373173e+06 -4.49469448357236e-15  6.32898249479517e-17
 1.43867982114882e+06 -2.48753770517332e-14  6.32898249479517e-17
 1.44281395856591e+06 -6.60833399310190e-15  6.32898249479517e-17
 1.44694809598301e+06 -1.88926106602051e-14  6.32898249479517e-17
 1.45108223340010e+06 -3.82297665140009e-15  6.32898249479517e-17
 1.45521637081720e+06  1.02687773528896e-14  6.32898249479517e-17
 1.45935050823429e+06 -1.27481379786514e-14  6.32898249479517e-17
 1.46348464565139e+06  1.32444739807394e-14  6.32898249479517e-17
 1.46761878306848e+06  2.65318632729466e-14  6.32898249479517e-17
 1.47175292048557e+06 -3.09355641948023e-15  6.32898249479517e-17
 1.47588705790267e+06  1.83019170575511e-14  6.32898249479517e-17
 1.48002119531976e+06 -2.42779913850367e-15  6.32898249479517e-17
 1.48415533273686e+06 -1.79009732445201e-14  6.32898249479517e-17
 1.48828947015395e+06 -1.12199732651271e-15  6.32898249479517e-17
 1.49242360757105e+06 -1.54355137832153e-14  6.32898249479517e-17
 1.49655774498814e+06  1.10981646860898e-14  6.32898249479517e-17
 1.50069188240524e+06 -9.94462126681085e-15  6.32898249479517e-17
 1.50482601982233e+06  3.41193811751655e-15  6.32898249479517e-17
 1.50896015723942e+06 -1.46431653244821e-14  6.32898249479517e-17
 1.51309429465652e+06 -1.63934749421143e-14  6.32898249479517e-17
 1.51722843207361e+06 -8.88679715809750e-15  6.32898249479517e-17
 1.52136256949071e+06 -2.08902227852706e-14  6.32898249479517e-17
 1.52549670690780e+06 -3.02602076792823e-14  6.32898249479517e-17
 1.52963084432490e+06 -2.44176073283890e-14  6.32898249479517e-17
 1.53376498174199e+06  8.94781066712094e-15  6.32898249479517e-17
 1.53789911915908e+06 -1.97994988585499e-15  6.32898249479517e-17
 1.54203325657618e+06 -1.44829391161339e-15  6.32898249479517e-17
 1.54616739399327e+06  2.01598519327459e-16  6.32898249479517e-17
 1.55030153141037e+06  3.33693047094157e-15  6.32898249479517e-17
 1.55443566882746e+06  2.64354697955637e-15  6.32898249479517e-17
 1.55856980624456e+06 -1.46518202782765e-14  6.32898249479517e-17
 1.56270394366165e+06 -6.62822355117084e-15  6.32898249479517e-17
 1.56683808107874e+06 -3.53977173262550e-15  6.32898249479517e-17
 1.57097221849584e+06  7.21902987961814e-16  6.32898249479517e-17
 1.57510635591293e+06 -7.13846515150631e-15  6.32898249479517e-17
 1.57924049333003e+06  1.56199703622187e-14  6.32898249479517e-17
 1.58337463074712e+06  3.42288799387206e-15  6.32898249479517e-17
 1.58750876816422e+06 -1.43602776804000e-14  6.32898249479517e-17
 1.59164290558131e+06  2.83746809777170e-14  6.32898249479517e-17
 1.59577704299840e+06 -3.48922581754032e-15  6.32898249479517e-17
 1.59991118041550e+06  8.83132052231379e-15  6.32898249479517e-17
 1.60404531783259e+06 -1.45474304469605e-14  6.32898249479517e-17
 1.60817945524969e+06 -1.17758723608605e-14  6.32898249479517e-17
 1.61231359266678e+06  1.26692461535004e-14  6.32898249479517e-17
 1.61644773008388e+06 -5.21495267013447e-15  6.32898249479517e-17
 1.62058186750097e+06  2.13375693602756e-14  6.32898249479517e-17
 1.62471600491806e+06 -1.61433789023934e-14  6.32898249479517e-17
 1.62885014233516e+06 -1.56786997466475e-14  6.32898249479517e-17
 1.63298427975225e+06  1.98985578957741e-14  6.32898249479517e-17
 1.63711841716935e+06 -1.18097902805578e-15  6.32898249479517e-17
 1.64125255458644e+06  1.06303228719377e-14  6.32898249479517e-17
 1.64538669200354e+06 -3.80040463150514e-14  6.32898249479517e-17
 1.64952082942063e+06  1.96396322592898e-14  6.32898249479517e-17
 1.65365496683772e+06 -5.59204717801615e-15  6.32898249479517e-17
 1.65778910425482e+06  1.65249743463177e-14  6.32898249479517e-17
 1.66192324167191e+06 -1.35168961395250e-14  6.32898249479517e-17
 1.66605737908901e+06  1.51504221605451e-14  6.32898249479517e-17
 1.67019151650610e+06  1.10678776327962e-15  6.32898249479517e-17
 1.67432565392320e+06 -2.23906242434427e-16  6.32898249479517e-17
 1.67845979134029e+06 -2.02390537351727e-15  6.32898249479517e-17
 1.68259392875739e+06 -2.13819425520504e-14  6.32898249479517e-17
 1.68672806617448e+06 -1.36381779491407e-14  6.32898249479517e-17
 1.69086220359157e+06  3.81430739264895e-15  6.32898249479517e-17
 1.69499634100867e+06  1.20714784961893e-14  6.32898249479517e-17
 1.69913047842576e+06  4.57360855477070e-15  6.32898249479517e-17
 1.70326461584286e+06  5.54644132603931e-15  6.32898249479517e-17
 1.70739875325995e+06  6.23194961211390e-15  6.32898249479517e-17
 1.71153289067705e+06  4.59271832615915e-15  6.32898249479517e-17
 1.71566702809414e+06  4.76145908389885e-16  6.32898249479517e-17
 1.71980116551123e+06 -3.34532875594796e-15  6.32898249479517e-17
 1.72393530292833e+06  1.99641618457455e-14  6.32898249479517e-17
 1.72806944034542e+06  3.97775494893886e-16  6.32898249479517e-17
 1.73220357776252e+06  8.02430469921399e-15  6.32898249479517e-17
 1.73633771517961e+06  6.82069029828250e-15  6.32898249479517e-17
 1.74047185259671e+06  8.05612252849573e-15  6.32898249479517e-17
 1.74460599001380e+06  4.35636744076574e-15  6.32898249479517e-17
 1.74874012743089e+06  5.99059937617176e-15  6.32898249479517e-17
 1.75287426484799e+06 -7.56391335630561e-15  6.32898249479517e-17
 1.75700840226508e+06 -6.25492343012870e-15  6.32898249479517e-17
 1.76114253968218e+06 -1.52661541288155e-14  6.32898249479517e-17
 1.76527667709927e+06  6.57983921461356e-15  6.32898249479517e-17
 1.76941081451637e+06 -2.13439327636572e-14  6.32898249479517e-17
 1.77354495193346e+06 -7.49772527355913e-15  6.32898249479517e-17
 1.77767908935055e+06 -1.48978319820502e-14  6.32898249479517e-17
 1.78181322676765e+06  2.17421543054205e-16  6.32898249479517e-17
 1.78594736418474e+06 -1.57259538454958e-16  6.32898249479517e-17
 1.79008150160184e+06 -3.76255021777192e-15  6.32898249479517e-17
 1.79421563901893e+06  1.77746108805100e-14  6.32898249479517e-17
 1.79834977643603e+06 -1.27245503739178e-14  6.32898249479517e-17
 1.80248391385312e+06  2.22980368395651e-15  6.32898249479517e-17
 1.80661805127021e+06 -2.04978209998001e-14  6.32898249479517e-17
 1.81075218868731e+06  1.90168721768038e-14  6.32898249479517e-17
 1.81488632610440e+06  1.46501739364252e-14  6.32898249479517e-17
 1.81902046352150e+06 -5.84896483641458e-15  6.32898249479517e-17
 1.82315460093859e+06 -4.83360763518441e-15  6.32898249479517e-17
 1.82728873835569e+06 -6.21373574079411e-15  6.32898249479517e-17
 1.83142287577278e+06  6.65628449024104e-15  6.32898249479517e-17
 1.83555701318987e+06 -7.66907578702626e-15  6.32898249479517e-17
 1.83969115060697e+06  4.71985795653231e-15  6.32898249479517e-17
 1.84382528802406e+06 -1.41552007922327e-14  6.32898249479517e-17
 1.84795942544116e+06  7.92266248451806e-15  6.32898249479517e-17
 1.85209356285825e+06  1.30865343769402e-14  6.32898249479517e-17
 1.85622770027535e+06 -1.88661160007321e-14  6.32898249479517e-17
 1.86036183769244e+06  4.08680562531361e-16  6.32898249479517e-17
 1.86449597510954e+06 -8.72414389852342e-15  6.32898249479517e-17
 1.86863011252663e+06  3.87649986767170e-16  6.32898249479517e-17
 1.87276424994372e+06  9.94397171289083e-15  6.32898249479517e-17
 1.87689838736082e+06  7.66633912695462e-15  6.32898249479517e-17
 1.88103252477791e+06 -7.48157575350930e-15  6.32898249479517e-17
 1.88516666219501e+06 -2.66692832982263e-14  6.32898249479517e-17
 1.88930079961210e+06  1.47855098547714e-14  6.32898249479517e-17
 1.89343493702920e+06  1.32698937622753e-14  6.32898249479517e-17
 1.89756907444629e+06  5.69194924414817e-15  6.32898249479517e-17
 1.90170321186338e+06  1.62586881886428e-14  6.32898249479517e-17
 1.90583734928048e+06 -1.17714210016104e-14  6.32898249479517e-17
 1.90997148669757e+06  2.07388032038521e-14  6.32898249479517e-17
 1.91410562411467e+06  1.25707153622176e-14  6.32898249479517e-17
 1.91823976153176e+06 -9.92814507809764e-16  6.32898249479517e-17
 1.92237389894886e+06 -1.61703751968852e-15  6.32898249479517e-17
 1.92650803636595e+06  1.47621727692278e-14  6.32898249479517e-17
 1.93064217378304e+06  6.48750358652585e-15  6.32898249479517e-17
 1.93477631120014e+06  2.99380686835529e-15  6.32898249479517e-17
 1.93891044861723e+06  7.98455155143332e-15  6.32898249479517e-17
 1.94304458603433e+06 -1.77783032434427e-14  6.32898249479517e-17
 1.94717872345142e+06  5.87828166926769e-15  6.32898249479517e-17
 1.95131286086852e+06 -7.86995300139158e-15  6.32898249479517e-17
 1.95544699828561e+06  1.72712313952692e-14  6.32898249479517e-17
 1.95958113570270e+06 -2.73958202981923e-14  6.32898249479517e-17
 1.96371527311980e+06 -6.89474539331380e-15  6.32898249479517e-17
 1.96784941053689e+06  8.17140518573231e-15  6.32898249479517e-17
 1.97198354795399e+06  3.13964666690194e-15  6.32898249479517e-17
 1.97611768537108e+06 -1.72596115538756e-15  6.32898249479517e-17
 1.98025182278818e+06 -9.64697643321389e-15  6.32898249479517e-17
 1.98438596020527e+06 -9.31970980683112e-15  6.32898249479517e-17
 1.98852009762236e+06  2.99627227408911e-15  6.32898249479517e-17
 1.99265423503946e+06  1.74407680902127e-14  6.32898249479517e-17
 1.99678837245655e+06  1.04870300368005e-14  6.32898249479517e-17
 2.00092250987365e+06 -1.37725911727930e-14  6.32898249479517e-17
 2.00505664729074e+06  2.30091062256576e-14  6.32898249479517e-17
 2.00919078470784e+06 -6.22522726618270e-15  6.32898249479517e-17
 2.01332492212493e+06  1.66864822284342e-14  6.32898249479517e-17
 2.01745905954202e+06 -1.44411775519744e-14  6.32898249479517e-17
 2.02159319695912e+06  8.75949883664770e-15  6.32898249479517e-17
 2.02572733437621e+06  1.03445047683949e-14  6.32898249479517e-17
 2.02986147179331e+06  6.68759734818754e-15  6.32898249479517e-17
 2.03399560921040e+06 -5.87508369922882e-15  6.32898249479517e-17
 2.03812974662750e+06  2.87814925391435e-15  6.32898249479517e-17
 2.04226388404459e+06  5.89515307634724e-15  6.32898249479517e-17
 2.04639802146168e+06  1.33185001098391e-14  6.32898249479517e-17
 2.05053215887878e+06  2.11665639887941e-14  6.32898249479517e-17
 2.05466629629587e+06  8.44010448616444e-15  6.32898249479517e-17
 2.05880043371297e+06 -1.31849043154477e-14  6.32898249479517e-17
 2.06293457113006e+06  1.95687112107039e-14  6.32898249479517e-17
 2.06706870854716e+06 -1.06776907699924e-14  6.32898249479517e-17
 2.07120284596425e+06  1.07725456509385e-14  6.32898249479517e-17
 2.07533698338135e+06 -2.48487264376852e-14  6.32898249479517e-17
 2.07947112079844e+06  1.34417258589560e-14  6.32898249479517e-17
 2.08360525821553e+06 -7.11372002866944e-15  6.32898249479517e-17
 2.08773939563263e+06  1.35983633072932e-14  6.32898249479517e-17
 2.09187353304972e+06  1.14504348115671e-15  6.32898249479517e-17
 2.09600767046682e+06  3.06358675447828e-15  6.32898249479517e-17
 2.10014180788391e+06  1.59126608925745e-14  6.32898249479517e-17
 2.10427594530101e+06  7.55142597413085e-15  6.32898249479517e-17
 2.10841008271810e+06 -4.21301314126205e-15  6.32898249479517e-17
 2.11254422013519e+06 -4.42741825628206e-16  6.32898249479517e-17
 2.11667835755229e+06 -9.19243351716970e-15  6.32898249479517e-17
 2.12081249496938e+06  8.14634641443497e-15  6.32898249479517e-17
 2.12494663238648e+06  1.61716732613106e-14  6.32898249479517e-17
 2.12908076980357e+06  1.19096810625561e-14  6.32898249479517e-17
 2.13321490722067e+06 -1.21266668089781e-15  6.32898249479517e-17
 2.13734904463776e+06  1.04525857270199e-14  6.32898249479517e-17
 2.14148318205485e+06 -4.02273613763406e-16  6.32898249479517e-17
 2.14561731947195e+06 -2.15376391242604e-15  6.32898249479517e-17
 2.14975145688904e+06  6.47929454034487e-15  6.32898249479517e-17
 2.15388559430614e+06  5.17779450954342e-15  6.32898249479517e-17
 2.15801973172323e+06 -1.95299948749697e-14  6.32898249479517e-17
 2.16215386914033e+06 -2.20683246642536e-14  6.32898249479517e-17
 2.16628800655742e+06 -2.44292049275002e-15  6.32898249479517e-17
 2.17042214397451e+06  2.54005453302472e-14  6.32898249479517e-17
 2.17455628139161e+06  1.88139896820179e-15  6.32898249479517e-17
 2.17869041880870e+06  2.99025249171556e-15  6.32898249479517e-17
 2.18282455622580e+06 -3.74300983288780e-15  6.32898249479517e-17
 2.18695869364289e+06  1.00646307128966e-14  6.32898249479517e-17
 2.19109283105999e+06 -1.66565425947293e-14  6.32898249479517e-17
 2.19522696847708e+06 -1.60046419975397e-14  6.32898249479517e-17
 2.19936110589417e+06 -1.41774038873848e-14  6.32898249479517e-17
 2.20349524331127e+06 -2.01576649678746e-15  6.32898249479517e-17
 2.20762938072836e+06 -7.63721155062880e-16  6.32898249479517e-17
 2.21176351814546e+06 -9.18073971519591e-15  6.32898249479517e-17
 2.21589765556255e+06 -1.03914227105915e-14  6.32898249479517e-17
 2.22003179297965e+06  1.33435091222135e-14  6.32898249479517e-17
 2.22416593039674e+06 -2.43902724477387e-14  6.32898249479517e-17
 2.22830006781383e+06 -1.67926051521394e-15  6.32898249479517e-17
 2.23243420523093e+06 -3.49824675209071e-15  6.32898249479517e-17
 2.23656834264802e+06  1.15373827479347e-14  6.32898249479517e-17
 2.24070248006512e+06 -1.51419562896904e-14  6.32898249479517e-17
 2.24483661748221e+06 -1.57984543851427e-14  6.32898249479517e-17
 2.24897075489931e+06  1.04738642805507e-14  6.32898249479517e-17
 2.25310489231640e+06  1.85804507777631e-14  6.32898249479517e-17
 2.25723902973349e+06 -1.16640386565223e-14  6.32898249479517e-17
 2.26137316715059e+06 -3.75370983013605e-16  6.32898249479517e-17
 2.26550730456768e+06 -2.21697778797242e-14  6.32898249479517e-17
 2.26964144198478e+06 -4.01775523392812e-15  6.32898249479517e-17
 2.27377557940187e+06 -1.32074242601671e-14  6.32898249479517e-17
 2.27790971681897e+06 -2.11033971972932e-14  6.32898249479517e-17
 2.28204385423606e+06 -2.47118234465967e-14  6.32898249479517e-17
 2.28617799165316e+06 -1.11284381666592e-14  6.32898249479517e-17
 2.29031212907025e+06  5.84369135780578e-15  6.32898249479517e-17
 2.29444626648734e+06 -9.82416277565091e-15  6.32898249479517e-17
 2.29858040390444e+06  3.52781694876089e-15  6.32898249479517e-17
 2.30271454132153e+06  1.27544439979294e-14  6.32898249479517e-17
 2.30684867873863e+06 -1.34928477665770e-14  6.32898249479517e-17
 2.31098281615572e+06 -4.88175161815387e-15  6.32898249479517e-17
 2.31511695357282e+06 -2.13497964508185e-14  6.32898249479517e-17
 2.31925109098991e+06 -2.11020465251076e-14  6.32898249479517e-17
 2.32338522840700e+06 -9.24042252520175e-15  6.32898249479517e-17
 2.32751936582410e+06 -6.06271728098125e-15  6.32898249479517e-17
 2.33165350324119e+06  2.11496592769549e-17  6.32898249479517e-17
 2.33578764065829e+06 -2.60031569102482e-15  6.32898249479517e-17
 2.33992177807538e+06 -5.02607404989571e-15  6.32898249479517e-17
 2.34405591549248e+06  2.13322416341382e-14  6.32898249479517e-17
 2.34819005290957e+06  3.18924471591638e-15  6.32898249479517e-17
 2.35232419032666e+06  2.07826066536464e-14  6.32898249479517e-17
 2.35645832774376e+06 -2.96928419198201e-14  6.32898249479517e-17
 2.36059246516085e+06  2.87532718394389e-15  6.32898249479517e-17
 2.36472660257795e+06 -3.75704560975266e-15  6.32898249479517e-17
 2.36886073999504e+06  2.66893004586018e-16  6.32898249479517e-17
 2.37299487741214e+06  2.30001161290525e-15  6.32898249479517e-17
 2.37712901482923e+06  7.62325754777302e-15  6.32898249479517e-17
 2.38126315224632e+06  8.81163650580389e-15  6.32898249479517e-17
 2.38539728966342e+06  9.24143283558635e-15  6.32898249479517e-17
 2.38953142708051e+06  2.46215884577445e-15  6.32898249479517e-17
 2.39366556449761e+06 -1.46894941841950e-14  6.32898249479517e-17
 2.39779970191470e+06 -1.63568701036201e-14  6.32898249479517e-17
 2.40193383933180e+06 -4.16815969826519e-15  6.32898249479517e-17
 2.40606797674889e+06  4.75344396953609e-15  6.32898249479517e-17
 2.41020211416598e+06 -4.34754740546591e-15  6.32898249479517e-17
 2.41433625158308e+06  9.86092699675426e-16  6.32898249479517e-17
 2.41847038900017e+06  1.59628625915571e-15  6.32898249479517e-17
 2.42260452641727e+06  2.87854031554009e-14  6.32898249479517e-17
 2.42673866383436e+06  1.21819159264100e-14  6.32898249479517e-17
 2.43087280125146e+06 -4.74264722036364e-15  6.32898249479517e-17
 2.43500693866855e+06  1.20582794117752e-14  6.32898249479517e-17
 2.43914107608564e+06 -1.35631682780683e-14  6.32898249479517e-17
 2.44327521350274e+06  1.53859975604512e-14  6.32898249479517e-17
 2.44740935091983e+06 -1.17471315055486e-14  6.32898249479517e-17
 2.45154348833693e+06  2.36813296296635e-14  6.32898249479517e-17
 2.45567762575402e+06 -6.52263119101507e-15  6.32898249479517e-17
 2.45981176317112e+06  1.27594591774916e-14  6.32898249479517e-17
 2.46394590058821e+06  7.36034240026448e-15  6.32898249479517e-17
 2.46808003800530e+06  3.27485412945580e-15  6.32898249479517e-17
 2.47221417542240e+06  8.75348571071350e-15  6.32898249479517e-17
 2.47634831283949e+06 -2.46128514130811e-15  6.32898249479517e-17
 2.48048245025659e+06 -2.42754972878401e-15  6.32898249479517e-17
 2.48461658767368e+06 -8.24463831536121e-15  6.32898249479517e-17
 2.48875072509078e+06  4.47135057002098e-15  6.32898249479517e-17
 2.49288486250787e+06 -8.13540060159817e-15  6.32898249479517e-17
 2.49701899992497e+06  1.03485020482522e-14  6.32898249479517e-17
 2.50115313734206e+06  4.13505038554164e-15  6.32898249479517e-17
 2.50528727475915e+06  1.62914697898055e-14  6.32898249479517e-17
 2.50942141217625e+06  9.15997821299458e-15  6.32898249479517e-17
 2.51355554959334e+06  1.30921606892667e-15  6.32898249479517e-17
 2.51768968701044e+06 -4.20345241641275e-15  6.32898249479517e-17
 2.52182382442753e+06 -1.99594563158570e-14  6.32898249479517e-17
 2.52595796184463e+06  7.80102983483771e-15  6.32898249479517e-17
 2.53009209926172e+06 -2.41343558955811e-14  6.32898249479517e-17
 2.53422623667881e+06  1.20926659240584e-14  6.32898249479517e-17
 2.53836037409591e+06 -9.40478436471391e-15  6.32898249479517e-17
 2.54249451151300e+06  1.62822896961592e-14  6.32898249479517e-17
 2.54662864893010e+06  6.86480515629365e-15  6.32898249479517e-17
 2.55076278634719e+06  6.06710558880857e-15  6.32898249479517e-17
 2.55489692376429e+06  1.22508637219424e-14  6.32898249479517e-17
 2.55903106118138e+06 -2.57835627755715e-15  6.32898249479517e-17
 2.56316519859847e+06 -2.56661333321415e-15  6.32898249479517e-17
 2.56729933601557e+06 -5.06703803902605e-15  6.32898249479517e-17
 2.57143347343266e+06  4.24827370913530e-15  6.32898249479517e-17
 2.57556761084976e+06  1.57621051141412e-14  6.32898249479517e-17
 2.57970174826685e+06 -3.36485105490257e-16  6.32898249479517e-17
 2.58383588568395e+06 -1.43809692193594e-14  6.32898249479517e-17
 2.58797002310104e+06  4.91830500525072e-15  6.32898249479517e-17
 2.59210416051813e+06  9.24785902789280e-15  6.32898249479517e-17
 2.59623829793523e+06 -6.52332937536931e-15  6.32898249479517e-17
 2.60037243535232e+06 -1.12066799511926e-14  6.32898249479517e-17
 2.60450657276942e+06  4.18961701348239e-16  6.32898249479517e-17
 2.60864071018651e+06  1.04812030189612e-14  6.32898249479517e-17
 2.61277484760361e+06 -2.05783507744235e-15  6.32898249479517e-17
 2.61690898502070e+06 -2.77840953119271e-15  6.32898249479517e-17
 2.62104312243779e+06 -1.36765264970845e-15  6.32898249479517e-17
 2.62517725985489e+06  2.46264305306491e-14  6.32898249479517e-17
 2.62931139727198e+06 -9.37490344505106e-15  6.32898249479517e-17
 2.63344553468908e+06  1.88495467178924e-14  6.32898249479517e-17
 2.63757967210617e+06 -1.16056690616876e-14  6.32898249479517e-17
 2.64171380952327e+06  9.47771981549537e-15  6.32898249479517e-17
 2.64584794694036e+06 -1.52110710879841e-14  6.32898249479517e-17
 2.64998208435745e+06  6.19959596351437e-15  6.32898249479517e-17
 2.65411622177455e+06 -2.52852299364827e-15  6.32898249479517e-17
 2.65825035919164e+06 -4.12605565458637e-15  6.32898249479517e-17
 2.66238449660874e+06  7.96376457766247e-15  6.32898249479517e-17
 2.66651863402583e+06 -4.18619829556799e-15  6.32898249479517e-17
 2.67065277144293e+06  5.25502417115290e-15  6.32898249479517e-17
 2.67478690886002e+06 -1.42680986313750e-14  6.32898249479517e-17
 2.67892104627712e+06  9.31562820136928e-15  6.32898249479517e-17
 2.68305518369421e+06 -7.22440832790413e-15  6.32898249479517e-17
 2.68718932111130e+06  2.40693023267098e-14  6.32898249479517e-17
 2.69132345852840e+06 -4.00074254240468e-15  6.32898249479517e-17
 2.69545759594549e+06  1.26333094564738e-15  6.32898249479517e-17
 2.69959173336259e+06  9.80250895103345e-15  6.32898249479517e-17
 2.70372587077968e+06 -2.15355097891631e-15  6.32898249479517e-17
 2.70786000819678e+06  6.22168198963128e-15  6.32898249479517e-17
 2.71199414561387e+06 -1.32395881518499e-14  6.32898249479517e-17
 2.71612828303096e+06 -2.36158874020479e-14  6.32898249479517e-17
 2.72026242044806e+06  1.26428545906206e-14  6.32898249479517e-17
 2.72439655786515e+06 -4.18138655363551e-15  6.32898249479517e-17
 2.72853069528225e+06  4.74626717619717e-15  6.32898249479517e-17
 2.73266483269934e+06 -1.49914886294071e-14  6.32898249479517e-17
 2.73679897011644e+06  8.72897814272330e-15  6.32898249479517e-17
 2.74093310753353e+06 -7.50849668611605e-16  6.32898249479517e-17
 2.74506724495062e+06  2.11775164189210e-15  6.32898249479517e-17
 2.74920138236772e+06 -7.41070499653899e-15  6.32898249479517e-17
 2.75333551978481e+06  2.27303888945638e-15  6.32898249479517e-17
 2.75746965720191e+06 -1.26661018972551e-14  6.32898249479517e-17
 2.76160379461900e+06  6.24507098220532e-16  6.32898249479517e-17
 2.76573793203610e+06 -7.89268984018479e-16  6.32898249479517e-17
 2.76987206945319e+06 -9.63850618934120e-15  6.32898249479517e-17
 2.77400620687028e+06 -2.29982286850002e-14  6.32898249479517e-17
 2.77814034428738e+06 -4.69126475991695e-15  6.32898249479517e-17
 2.78227448170447e+06 -9.98503267597881e-15  6.32898249479517e-17
 2.78640861912157e+06  1.15329639270865e-14  6.32898249479517e-17
 2.79054275653866e+06 -1.75913143744027e-14  6.32898249479517e-17
 2.79467689395576e+06  5.82208406311489e-15  6.32898249479517e-17
 2.79881103137285e+06 -1.78917909737523e-14  6.32898249479517e-17
 2.80294516878994e+06  8.57085633307401e-15  6.32898249479517e-17
 2.80707930620704e+06  1.62453069962961e-15  6.32898249479517e-17
 2.81121344362413e+06  1.52841784579818e-14  6.32898249479517e-17
 2.81534758104123e+06  1.59089281166456e-14  6.32898249479517e-17
 2.81948171845832e+06 -9.92254055927753e-16  6.32898249479517e-17
 2.82361585587542e+06  4.30601060458254e-15  6.32898249479517e-17
 2.82774999329251e+06 -6.78144358814883e-15  6.32898249479517e-17
 2.83188413070960e+06  6.27180523670975e-15  6.32898249479517e-17
 2.83601826812670e+06 -1.02244915721909e-14  6.32898249479517e-17
 2.84015240554379e+06 -4.46791317019362e-15  6.32898249479517e-17
 2.84428654296089e+06  1.52699390704115e-14  6.32898249479517e-17
 2.84842068037798e+06 -1.10405659052525e-14  6.32898249479517e-17
 2.85255481779508e+06  2.36352335184913e-14  6.32898249479517e-17
 2.85668895521217e+06 -1.87120139474570e-14  6.32898249479517e-17
 2.86082309262927e+06 -8.21518532504888e-16  6.32898249479517e-17
 2.86495723004636e+06 -7.84071889383583e-15  6.32898249479517e-17
 2.86909136746345e+06  7.52361652593676e-15  6.32898249479517e-17
 2.87322550488055e+06  2.59769200306754e-15  6.32898249479517e-17
 2.87735964229764e+06 -1.48739332772112e-14  6.32898249479517e-17
 2.88149377971474e+06  1.04635251499783e-14  6.32898249479517e-17
 2.88562791713183e+06 -2.91354117055578e-15  6.32898249479517e-17
 2.88976205454893e+06  2.27224550486204e-15  6.32898249479517e-17
 2.89389619196602e+06  2.95806580478286e-15  6.32898249479517e-17
 2.89803032938311e+06 -9.11683061473661e-15  6.32898249479517e-17
 2.90216446680021e+06  1.22309762524778e-14  6.32898249479517e-17
 2.90629860421730e+06 -2.51897153133732e-14  6.32898249479517e-17
 2.91043274163440e+06  1.62893650718650e-14  6.32898249479517e-17
 2.91456687905149e+06 -1.11438289556566e-14  6.32898249479517e-17
 2.91870101646859e+06  1.77280028290404e-15  6.32898249479517e-17
 2.92283515388568e+06  4.44248073580050e-17  6.32898249479517e-17
 2.92696929130277e+06 -1.06584735836506e-14  6.32898249479517e-17
 2.93110342871987e+06  6.74019537529357e-15  6.32898249479517e-17
 2.93523756613696e+06  1.18248120272047e-14  6.32898249479517e-17
 2.93937170355406e+06  1.16920692882185e-14  6.32898249479517e-17
 2.94350584097115e+06  3.60922504744783e-15  6.32898249479517e-17
 2.94763997838825e+06 -3.27016492081261e-15  6.32898249479517e-17
 2.95177411580534e+06 -7.12015731134653e-15  6.32898249479517e-17
 2.95590825322243e+06 -1.47562676702975e-15  6.32898249479517e-17
 2.96004239063953e+06  5.00177858757674e-15  6.32898249479517e-17
 2.96417652805662e+06  8.26263439820190e-15  6.32898249479517e-17
 2.96831066547372e+06  7.85170975672736e-15  6.32898249479517e-17
 2.97244480289081e+06 -4.13908476735488e-15  6.32898249479517e-17
 2.97657894030791e+06  8.38336958674349e-15  6.32898249479517e-17
 2.98071307772500e+06 -1.07739113639041e-14  6.32898249479517e-17
 2.98484721514209e+06  1.00831260894074e-14  6.32898249479517e-17
 2.98898135255919e+06 -1.80570917941173e-14  6.32898249479517e-17
 2.99311548997628e+06  1.24211220965430e-14  6.32898249479517e-17
 2.99724962739338e+06  8.78375696896864e-15  6.32898249479517e-17
 3.00138376481047e+06  6.32372122432285e-15  6.32898249479517e-17
 3.00551790222757e+06  5.16336058990101e-15  6.32898249479517e-17
 3.00965203964466e+06  5.29090563159950e-15  6.32898249479517e-17
 3.01378617706175e+06  4.49996177182699e-15  6.32898249479517e-17
 3.01792031447885e+06  8.56996603411507e-15  6.32898249479517e-17
 3.02205445189594e+06  7.28764471384881e-15  6.32898249479517e-17
 3.02618858931304e+06  4.02636964613119e-15  6.32898249479517e-17
 3.03032272673013e+06 -1.57669364541437e-14  6.32898249479517e-17
 3.03445686414723e+06 -7.50233736686777e-15  6.32898249479517e-17
 3.03859100156432e+06 -4.05820030267292e-14  6.32898249479517e-17
 3.04272513898141e+06  5.86407298778246e-15  6.32898249479517e-17
 3.04685927639851e+06 -4.99906195890047e-15  6.32898249479517e-17
 3.05099341381560e+06 -8.57424588171018e-15  6.32898249479517e-17
 3.05512755123270e+06  2.40706675706961e-15  6.32898249479517e-17
 3.05926168864979e+06 -1.66521619746232e-14  6.32898249479517e-17
 3.06339582606689e+06  3.58052266720200e-15  6.32898249479517e-17
 3.06752996348398e+06 -4.57965355078994e-15  6.32898249479517e-17
 3.07166410090108e+06 -1.55162999433452e-14  6.32898249479517e-17
 3.07579823831817e+06  4.09031155044661e-15  6.32898249479517e-17
 3.07993237573526e+06 -2.46022366543689e-14  6.32898249479517e-17
 3.08406651315236e+06  3.35518838928122e-14  6.32898249479517e-17
 3.08820065056945e+06 -1.37991048215816e-14  6.32898249479517e-17
 3.09233478798655e+06  2.41070527553268e-14  6.32898249479517e-17
 3.09646892540364e+06 -9.40036528490360e-15  6.32898249479517e-17
 3.10060306282074e+06  1.85079917365322e-14  6.32898249479517e-17
 3.10473720023783e+06 -1.48616713653878e-14  6.32898249479517e-17
 3.10887133765492e+06 -9.86507348144114e-15  6.32898249479517e-17
 3.11300547507202e+06 -7.59251875184004e-15  6.32898249479517e-17
 3.11713961248911e+06 -4.41306911412071e-15  6.32898249479517e-17
 3.12127374990621e+06  1.07387408400151e-15  6.32898249479517e-17
 3.12540788732330e+06  1.05266951350382e-14  6.32898249479517e-17
 3.12954202474040e+06 -1.08012521636397e-15  6.32898249479517e-17
 3.13367616215749e+06 -5.98803003892192e-16  6.32898249479517e-17
 3.13781029957458e+06  4.63506969048945e-15  6.32898249479517e-17
 3.14194443699168e+06  3.21130824500514e-15  6.32898249479517e-17
 3.14607857440877e+06  3.89139031156922e-15  6.32898249479517e-17
 3.15021271182587e+06  1.14072625925984e-14  6.32898249479517e-17
 3.15434684924296e+06 -2.16724109771988e-14  6.32898249479517e-17
 3.15848098666006e+06  5.42659455805011e-15  6.32898249479517e-17
 3.16261512407715e+06 -3.27436769849998e-14  6.32898249479517e-17
 3.16674926149424e+06  9.30763332769466e-15  6.32898249479517e-17
 3.17088339891134e+06 -7.54880708785937e-15  6.32898249479517e-17
 3.17501753632843e+06  4.95889982476433e-15  6.32898249479517e-17
 3.17915167374553e+06  1.20214076547800e-15  6.32898249479517e-17
 3.18328581116262e+06 -4.32897697373085e-15  6.32898249479517e-17
 3.18741994857972e+06  1.58314221911855e-14  6.32898249479517e-17
 3.19155408599681e+06 -1.42860145877466e-14  6.32898249479517e-17
 3.19568822341390e+06 -5.43110400904697e-15  6.32898249479517e-17
 3.19982236083100e+06 -1.31311100041964e-15  6.32898249479517e-17
 3.20395649824809e+06  4.48022627534407e-15  6.32898249479517e-17
 3.20809063566519e+06  1.30501533685018e-14  6.32898249479517e-17
 3.21222477308228e+06  8.64769757907558e-15  6.32898249479517e-17
 3.21635891049938e+06  2.30442626906809e-14  6.32898249479517e-17
 3.22049304791647e+06  4.61841469725157e-15  6.32898249479517e-17
 3.22462718533356e+06 -7.87415696547074e-15  6.32898249479517e-17
 3.22876132275066e+06 -3.91889688596211e-15  6.32898249479517e-17
 3.23289546016775e+06 -1.49631232618515e-14  6.32898249479517e-17
 3.23702959758485e+06 -1.19138964370909e-14  6.32898249479517e-17
 3.24116373500194e+06 -1.57308503491068e-14  6.32898249479517e-17
 3.24529787241904e+06  1.49907177750869e-14  6.32898249479517e-17
 3.24943200983613e+06  1.01513900496488e-14  6.32898249479517e-17
 3.25356614725323e+06  3.79969414827049e-15  6.32898249479517e-17
 3.25770028467032e+06  2.33253848317897e-14  6.32898249479517e-17
 3.26183442208741e+06 -1.04851728209910e-14  6.32898249479517e-17
 3.26596855950451e+06  3.04657905909551e-15  6.32898249479517e-17
 3.27010269692160e+06 -5.03304077204701e-15  6.32898249479517e-17
 3.27423683433870e+06  9.11862617213112e-15  6.32898249479517e-17
 3.27837097175579e+06 -2.24495409989553e-14  6.32898249479517e-17
 3.28250510917289e+06  3.70748679705742e-15  6.32898249479517e-17
 3.28663924658998e+06 -2.42700988687902e-14  6.32898249479517e-17
 3.29077338400707e+06  1.08821938460624e-14  6.32898249479517e-17
 3.29490752142417e+06 -3.40180236658243e-15  6.32898249479517e-17
 3.29904165884126e+06  1.38899610367637e-14  6.32898249479517e-17
 3.30317579625836e+06  1.14355623794505e-14  6.32898249479517e-17
 3.30730993367545e+06 -2.15810664052995e-14  6.32898249479517e-17
 3.31144407109255e+06 -8.57701870246173e-15  6.32898249479517e-17
 3.31557820850964e+06  1.04891595796471e-14  6.32898249479517e-17
 3.31971234592673e+06 -1.72194255474063e-14  6.32898249479517e-17
 3.32384648334383e+06  7.15977269485414e-15  6.32898249479517e-17
 3.32798062076092e+06  1.42606306582710e-15  6.32898249479517e-17
 3.33211475817802e+06  1.55269053258662e-14  6.32898249479517e-17
 3.33624889559511e+06  2.89812501019644e-14  6.32898249479517e-17
 3.34038303301221e+06  1.88704946227751e-14  6.32898249479517e-17
 3.34451717042930e+06 -8.65001374164690e-15  6.32898249479517e-17
 3.34865130784639e+06  9.67253889563133e-15  6.32898249479517e-17
 3.35278544526349e+06 -1.44545031139203e-14  6.32898249479517e-17
 3.35691958268058e+06  5.74551863419564e-15  6.32898249479517e-17
 3.36105372009768e+06 -1.09419695805557e-14  6.32898249479517e-17
 3.36518785751477e+06  1.02605639084983e-14  6.32898249479517e-17
 3.36932199493187e+06 -3.80194560690000e-15  6.32898249479517e-17
 3.37345613234896e+06  3.71865631456429e-15  6.32898249479517e-17
 3.37759026976605e+06 -1.74946131810510e-15  6.32898249479517e-17
 3.38172440718315e+06  6.55565144485168e-15  6.32898249479517e-17
 3.38585854460024e+06  5.73600240217250e-15  6.32898249479517e-17
 3.38999268201734e+06  7.02339340757517e-16  6.32898249479517e-17
 3.39412681943443e+06 -4.97911827639940e-15  6.32898249479517e-17
 3.39826095685153e+06  7.68830410656264e-15  6.32898249479517e-17
 3.40239509426862e+06  9.82398790995621e-15  6.32898249479517e-17
 3.40652923168571e+06  1.66980577972236e-14  6.32898249479517e-17
 3.41066336910281e+06 -4.24073865383532e-16  6.32898249479517e-17
 3.41479750651990e+06 -5.19360973701614e-16  6.32898249479517e-17
 3.41893164393700e+06  8.78916108739791e-15  6.32898249479517e-17
 3.42306578135409e+06  2.33859561499857e-14  6.32898249479517e-17
 3.42719991877119e+06  8.94027069556827e-15  6.32898249479517e-17
 3.43133405618828e+06  1.07263377816584e-14  6.32898249479517e-17
 3.43546819360538e+06 -1.81505762227459e-14  6.32898249479517e-17
 3.43960233102247e+06 -3.58931195054828e-15  6.32898249479517e-17
 3.44373646843956e+06 -1.43028107571018e-15  6.32898249479517e-17
 3.44787060585666e+06  8.62608205645220e-15  6.32898249479517e-17
 3.45200474327375e+06  9.59581576242021e-15  6.32898249479517e-17
 3.45613888069085e+06  2.57957444163181e-14  6.32898249479517e-17
 3.46027301810794e+06  3.13055910719122e-15  6.32898249479517e-17
 3.46440715552504e+06  7.61846347144649e-15  6.32898249479517e-17
 3.46854129294213e+06  1.99289260549618e-14  6.32898249479517e-17
 3.47267543035922e+06 -1.09775288873716e-14  6.32898249479517e-17
 3.47680956777632e+06 -2.09508306078565e-15  6.32898249479517e-17
 3.48094370519341e+06 -9.07684151913179e-15  6.32898249479517e-17
 3.48507784261051e+06 -2.43905760791152e-14  6.32898249479517e-17
 3.48921198002760e+06  1.07696555218705e-14  6.32898249479517e-17
 3.49334611744470e+06 -1.90384941925562e-14  6.32898249479517e-17
 3.49748025486179e+06 -1.35035838937163e-14  6.32898249479517e-17
 3.50161439227888e+06 -1.63979472615260e-14  6.32898249479517e-17
 3.50574852969598e+06 -7.71969967708852e-15  6.32898249479517e-17
 3.50988266711307e+06  4.44765529592713e-15  6.32898249479517e-17
 3.51401680453017e+06 -3.72124149312397e-15  6.32898249479517e-17
 3.51815094194726e+06  3.44513980276329e-15  6.32898249479517e-17
 3.52228507936436e+06  1.44721776488552e-14  6.32898249479517e-17
 3.52641921678145e+06  7.49824708460339e-15  6.32898249479517e-17
 3.53055335419854e+06 -2.87239270156309e-16  6.32898249479517e-17
 3.53468749161564e+06 -5.80869359443068e-15  6.32898249479517e-17
 3.53882162903273e+06  3.77882251968936e-15  6.32898249479517e-17
 3.54295576644983e+06  1.15775535679925e-14  6.32898249479517e-17
 3.54708990386692e+06 -5.08604354671238e-15  6.32898249479517e-17
 3.55122404128402e+06  2.27757860775495e-14  6.32898249479517e-17
 3.55535817870111e+06 -1.07801234280215e-14  6.32898249479517e-17
 3.55949231611820e+06 -4.18145170908978e-15  6.32898249479517e-17
 3.56362645353530e+06 -2.84909491182008e-14  6.32898249479517e-17
 3.56776059095239e+06 -5.95751673304571e-15  6.32898249479517e-17
 3.57189472836949e+06  1.21149243656546e-14  6.32898249479517e-17
 3.57602886578658e+06 -4.25760379294519e-15  6.32898249479517e-17
 3.58016300320368e+06 -1.80996395638661e-15  6.32898249479517e-17
 3.58429714062077e+06 -1.22852181565531e-14  6.32898249479517e-17
 3.58843127803786e+06  1.15360139124722e-15  6.32898249479517e-17
 3.59256541545496e+06 -1.56083697668834e-14  6.32898249479517e-17
 3.59669955287205e+06  7.31765842043264e-15  6.32898249479517e-17
 3.60083369028915e+06 -1.02731541109710e-15  6.32898249479517e-17
 3.60496782770624e+06  8.20636038856167e-15  6.32898249479517e-17
 3.60910196512334e+06 -1.00511208409480e-14  6.32898249479517e-17
 3.61323610254043e+06 -2.16946221981213e-14  6.32898249479517e-17
 3.61737023995752e+06 -2.61564965367869e-14  6.32898249479517e-17
 3.62150437737462e+06 -5.60183089488456e-15  6.32898249479517e-17
 3.62563851479171e+06 -1.38009671057452e-14  6.32898249479517e-17
 3.62977265220881e+06 -1.63236045188948e-14  6.32898249479517e-17
 3.63390678962590e+06  1.36238990059528e-14  6.32898249479517e-17
 3.63804092704300e+06 -1.01558641411897e-15  6.32898249479517e-17
 3.64217506446009e+06 -4.60991410147506e-15  6.32898249479517e-17
 3.64630920187719e+06 -6.85335105836221e-15  6.32898249479517e-17
 3.65044333929428e+06 -1.00154828483747e-14  6.32898249479517e-17
 3.65457747671137e+06  1.32360884613147e-14  6.32898249479517e-17
 3.65871161412847e+06 -3.13374664698744e-15  6.32898249479517e-17
 3.66284575154556e+06 -1.09489685217450e-14  6.32898249479517e-17
 3.66697988896266e+06 -6.16491946347697e-15  6.32898249479517e-17
 3.67111402637975e+06  1.60736963264848e-14  6.32898249479517e-17
 3.67524816379685e+06  1.53911428077753e-14  6.32898249479517e-17
 3.67938230121394e+06 -9.88170055011531e-16  6.32898249479517e-17
 3.68351643863103e+06 -3.01937914912863e-14  6.32898249479517e-17
 3.68765057604813e+06  8.55229211644053e-15  6.32898249479517e-17
 3.69178471346522e+06 -2.21831785078893e-15  6.32898249479517e-17
 3.69591885088232e+06 -1.45786859512960e-15  6.32898249479517e-17
 3.70005298829941e+06 -1.17115379670391e-14  6.32898249479517e-17
 3.70418712571651e+06  5.06996557926970e-15  6.32898249479517e-17
 3.70832126313360e+06  8.97318445329677e-15  6.32898249479517e-17
 3.71245540055069e+06  1.60601581573963e-15  6.32898249479517e-17
 3.71658953796779e+06 -8.57260648827302e-16  6.32898249479517e-17
 3.72072367538488e+06  4.03911678269423e-15  6.32898249479517e-17
 3.72485781280198e+06  7.56122109699996e-15  6.32898249479517e-17
 3.72899195021907e+06  1.74033335601588e-14  6.32898249479517e-17
 3.73312608763617e+06 -2.69097129047151e-14  6.32898249479517e-17
 3.73726022505326e+06 -1.47085995045538e-15  6.32898249479517e-17
 3.74139436247035e+06 -8.30505775302378e-16  6.32898249479517e-17
 3.74552849988745e+06 -1.54886373171885e-14  6.32898249479517e-17
 3.74966263730454e+06  1.20157300399352e-14  6.32898249479517e-17
 3.75379677472164e+06 -1.55085924084925e-14  6.32898249479517e-17
 3.75793091213873e+06  4.02071063349245e-15  6.32898249479517e-17
 3.76206504955583e+06  3.74543254803304e-15  6.32898249479517e-17
 3.76619918697292e+06  5.98929609058738e-15  6.32898249479517e-17
 3.77033332439001e+06  1.07302918837692e-14  6.32898249479517e-17
 3.77446746180711e+06 -1.96925290906286e-14  6.32898249479517e-17
 3.77860159922420e+06  6.73813940963828e-15  6.32898249479517e-17
 3.78273573664130e+06  2.03635721843333e-15  6.32898249479517e-17
 3.78686987405839e+06  4.03798567942562e-14  6.32898249479517e-17
 3.79100401147549e+06 -5.48084942532109e-15  6.32898249479517e-17
 3.79513814889258e+06 -8.95396507161842e-15  6.32898249479517e-17
 3.79927228630967e+06  1.21117098115033e-14  6.32898249479517e-17
 3.80340642372677e+06 -9.29147795300132e-16  6.32898249479517e-17
 3.80754056114386e+06  1.83509013401672e-14  6.32898249479517e-17
 3.81167469856096e+06 -3.92280941700766e-15  6.32898249479517e-17
 3.81580883597805e+06 -1.07017054033479e-14  6.32898249479517e-17
 3.81994297339515e+06 -1.14984060776075e-14  6.32898249479517e-17
 3.82407711081224e+06  8.47366713629092e-15  6.32898249479517e-17
 3.82821124822934e+06  5.41718566947177e-15  6.32898249479517e-17
 3.83234538564643e+06 -4.09236306809682e-15  6.32898249479517e-17
 3.83647952306352e+06 -1.01558622893947e-14  6.32898249479517e-17
 3.84061366048062e+06  5.46285167140221e-15  6.32898249479517e-17
 3.84474779789771e+06  2.28337893709219e-14  6.32898249479517e-17
 3.84888193531481e+06  2.35472708582121e-15  6.32898249479517e-17
 3.85301607273190e+06  1.06379561513269e-14  6.32898249479517e-17
 3.85715021014900e+06  5.99546965853587e-15  6.32898249479517e-17
 3.86128434756609e+06  1.56840255417945e-15  6.32898249479517e-17
 3.86541848498318e+06  1.21419149536467e-14  6.32898249479517e-17
 3.86955262240028e+06  6.82324415284747e-16  6.32898249479517e-17
 3.87368675981737e+06 -8.52709906709590e-15  6.32898249479517e-17
 3.87782089723447e+06  7.40654304073591e-16  6.32898249479517e-17
 3.88195503465156e+06 -3.96115788457102e-15  6.32898249479517e-17
 3.88608917206866e+06  6.53976020948172e-15  6.32898249479517e-17
 3.89022330948575e+06 -3.14058862523584e-15  6.32898249479517e-17
 3.89435744690284e+06 -3.77047665114844e-15  6.32898249479517e-17
 3.89849158431994e+06  2.71814039839972e-15  6.32898249479517e-17
 3.90262572173703e+06 -9.97776597581130e-15  6.32898249479517e-17
 3.90675985915413e+06  1.38361624015101e-15  6.32898249479517e-17
 3.91089399657122e+06  9.40684040323249e-15  6.32898249479517e-17
 3.91502813398832e+06  5.64159536686631e-15  6.32898249479517e-17
 3.91916227140541e+06 -7.02710913118488e-17  6.32898249479517e-17
 3.92329640882250e+06 -7.54223967692539e-15  6.32898249479517e-17
 3.92743054623960e+06  1.89354283544494e-14  6.32898249479517e-17
 3.93156468365669e+06 -9.42700127383718e-15  6.32898249479517e-17
 3.93569882107379e+06  3.41131512817277e-15  6.32898249479517e-17
 3.93983295849088e+06  5.59678570032505e-15  6.32898249479517e-17
 3.94396709590798e+06 -1.51048290465879e-15  6.32898249479517e-17
 3.94810123332507e+06 -7.23062705894209e-15  6.32898249479517e-17
 3.95223537074216e+06 -8.80894239927437e-15  6.32898249479517e-17
 3.95636950815926e+06 -5.15515931327881e-15  6.32898249479517e-17
 3.96050364557635e+06  2.35219671808338e-14  6.32898249479517e-17
 3.96463778299345e+06 -8.49381143008684e-15  6.32898249479517e-17
 3.96877192041054e+06  2.12345017619272e-14  6.32898249479517e-17
 3.97290605782764e+06  4.79849079654788e-15  6.32898249479517e-17
 3.97704019524473e+06  1.58033123051450e-14  6.32898249479517e-17
 3.98117433266182e+06  1.57997514246840e-14  6.32898249479517e-17
 3.98530847007892e+06  1.62930175127050e-15  6.32898249479517e-17
 3.98944260749601e+06  1.01696439069590e-14  6.32898249479517e-17
 3.99357674491311e+06 -2.42788588371356e-14  6.32898249479517e-17
 3.99771088233020e+06  5.65681168938339e-15  6.32898249479517e-17
 4.00184501974730e+06 -3.00968879585017e-14  6.32898249479517e-17
 4.00597915716439e+06 -1.58679432601867e-14  6.32898249479517e-17
 4.01011329458148e+06  1.63688173927344e-14  6.32898249479517e-17
 4.01424743199858e+06 -8.00961330884077e-15  6.32898249479517e-17
 4.01838156941567e+06  1.36708626638620e-14  6.32898249479517e-17
 4.02251570683277e+06 -2.14668436985850e-14  6.32898249479517e-17
 4.02664984424986e+06  1.09184420137911e-14  6.32898249479517e-17
 4.03078398166696e+06 -1.39078570529704e-14  6.32898249479517e-17
 4.03491811908405e+06 -2.60498346801284e-14  6.32898249479517e-17
 4.03905225650115e+06  6.35734841808702e-15  6.32898249479517e-17
 4.04318639391824e+06 -1.40952173003914e-14  6.32898249479517e-17
 4.04732053133533e+06  1.60965084724486e-14  6.32898249479517e-17
 4.05145466875243e+06  4.40621607339993e-15  6.32898249479517e-17
 4.05558880616952e+06 -2.53124415376718e-16  6.32898249479517e-17
 4.05972294358662e+06  8.47910838818829e-15  6.32898249479517e-17
 4.06385708100371e+06  3.02398170344585e-15  6.32898249479517e-17
 4.06799121842081e+06  1.22386067949040e-14  6.32898249479517e-17
 4.07212535583790e+06 -7.53651843132984e-15  6.32898249479517e-17
 4.07625949325499e+06 -1.13397230492100e-14  6.32898249479517e-17
 4.08039363067209e+06  1.07089021363257e-15  6.32898249479517e-17
 4.08452776808918e+06 -3.16891329523824e-15  6.32898249479517e-17
 4.08866190550628e+06  1.00850797037416e-14  6.32898249479517e-17
 4.09279604292337e+06 -1.49061742228393e-14  6.32898249479517e-17
 4.09693018034047e+06  1.31349613899224e-14  6.32898249479517e-17
 4.10106431775756e+06  1.54459848735632e-14  6.32898249479517e-17
 4.10519845517465e+06  4.90925080541810e-15  6.32898249479517e-17
 4.10933259259175e+06 -2.09290188431911e-15  6.32898249479517e-17
 4.11346673000884e+06 -1.98709744274299e-14  6.32898249479517e-17
 4.11760086742594e+06 -1.30621679193401e-14  6.32898249479517e-17
 4.12173500484303e+06  4.28567537963571e-15  6.32898249479517e-17
 4.12586914226013e+06  1.20028613435345e-14  6.32898249479517e-17
 4.13000327967722e+06 -1.11519360754849e-14  6.32898249479517e-17
 4.13413741709431e+06 -1.03285599348349e-14  6.32898249479517e-17
