#time(au), s(t), s(t) without exp(iwt)
 0.00000000000000e+01 -4.35375627548172e-17 -4.35375627548172e-17
 4.13413741709430e+03 -2.45387345132495e-16 -1.64575842113330e-16
 8.26827483418859e+03 -1.04290415820342e-15 -5.54812727833109e-16
 1.24024122512829e+04 -1.21887500694966e-15 -1.32393744182329e-15
 1.65365496683772e+04 -2.25106360690512e-15 -2.48841668126324e-15
 2.06706870854715e+04 -3.01409971173150e-15 -4.02129415360625e-15
 2.48048245025658e+04 -4.01353637321380e-15 -5.87735216876424e-15
 2.89389619196601e+04 -4.50913994389996e-15 -8.00530873425532e-15
 3.30730993367544e+04 -4.20228387354396e-15 -1.03534404163573e-14
 3.72072367538487e+04 -6.15776335952088e-15 -1.28720667770789e-14
 4.13413741709430e+04 -6.62169652384248e-15 -1.55146716685296e-14
 4.54755115880372e+04 -1.19763130565563e-14 -1.82385180671297e-14
 4.96096490051315e+04 -8.27820792443193e-15 -2.10051195501263e-14
 5.37437864222258e+04 -1.25126911760685e-14 -2.37806785864099e-14
 5.78779238393201e+04 -1.08138119323215e-14 -2.65364832361669e-14
 6.20120612564144e+04 -1.01305488095320e-14 -2.92492084260899e-14
 6.61461986735087e+04 -1.20577197916885e-14 -3.19010615014107e-14
 7.02803360906030e+04 -1.21518248765572e-14 -3.44797248113750e-14
 7.44144735076973e+04 -1.07571253875280e-14 -3.69780698505490e-14
 7.85486109247916e+04 -1.11539958514149e-14 -3.93936417628396e-14
 8.26827483418859e+04 -1.45214388743047e-14 -4.17279361231072e-14
 8.68168857589802e+04 -1.73275950329233e-14 -4.39855096715594e-14
 9.09510231760745e+04 -1.40383156472517e-14 -4.61729816815763e-14
 9.50851605931688e+04 -1.93024609708239e-14 -4.82979921698334e-14
 9.92192980102631e+04 -1.48683081960447e-14 -5.03681870459067e-14
 1.03353435427357e+05 -2.33322239682432e-14 -5.23902984293829e-14
 1.07487572844452e+05 -1.35964316809078e-14 -5.43693814281440e-14
 1.11621710261546e+05 -2.20999069697516e-14 -5.63082572146502e-14
 1.15755847678640e+05 -1.78428028654544e-14 -5.82071972418105e-14
 1.19889985095735e+05 -2.47135333348436e-14 -6.00638661306586e-14
 1.24024122512829e+05 -2.24380997445773e-14 -6.18735222036427e-14
 1.28158259929923e+05 -2.33497281613204e-14 -6.36294562421337e-14
 1.32292397347018e+05 -2.48472204745541e-14 -6.53236319371244e-14
 1.36426534764112e+05 -2.63990766599927e-14 -6.69474769426592e-14
 1.40560672181206e+05 -2.89939834094470e-14 -6.84927622227745e-14
 1.44694809598300e+05 -2.33284040277776e-14 -6.99525004817948e-14
 1.48828947015395e+05 -2.63217158001966e-14 -7.13217921034054e-14
 1.52963084432489e+05 -2.40075583897919e-14 -7.25985496403689e-14
 1.57097221849583e+05 -2.55307492490195e-14 -7.37840391564710e-14
 1.61231359266678e+05 -3.01109334853906e-14 -7.48831883329364e-14
 1.65365496683772e+05 -3.33932667804778e-14 -7.59046264496799e-14
 1.69499634100866e+05 -3.39767483619217e-14 -7.68604392375637e-14
 1.73633771517960e+05 -3.32717342446957e-14 -7.77656410062486e-14
 1.77767908935055e+05 -3.35660314546192e-14 -7.86373862248269e-14
 1.81902046352149e+05 -3.00528432944607e-14 -7.94939615116575e-14
 1.86036183769243e+05 -2.66863919941157e-14 -8.03536156738746e-14
 1.90170321186338e+05 -2.44935858989873e-14 -8.12332988030197e-14
 1.94304458603432e+05 -2.28181031145153e-14 -8.21473906368439e-14
 1.98438596020526e+05 -3.36312700744094e-14 -8.31065027349602e-14
 2.02572733437620e+05 -2.57996901666141e-14 -8.41164381241863e-14
 2.06706870854715e+05 -3.34510552383937e-14 -8.51773858438860e-14
 2.10841008271809e+05 -3.45443610661146e-14 -8.62834165692306e-14
 2.14975145688903e+05 -3.79930921727702e-14 -8.74223297153107e-14
 2.19109283105998e+05 -3.58783569042279e-14 -8.85758830751486e-14
 2.23243420523092e+05 -3.61672037109830e-14 -8.97204140728287e-14
 2.27377557940186e+05 -3.14260598207140e-14 -9.08278385149926e-14
 2.31511695357280e+05 -3.53575630533278e-14 -9.18669896016154e-14
 2.35645832774375e+05 -2.02396379061195e-14 -9.28052382127998e-14
 2.39779970191469e+05 -3.93805998809321e-14 -9.36103166309064e-14
 2.43914107608563e+05 -2.83224100276072e-14 -9.42522528079935e-14
 2.48048245025658e+05 -5.47641514254217e-14 -9.47053123162612e-14
 2.52182382442752e+05 -2.38631468955516e-14 -9.49498405661950e-14
 2.56316519859846e+05 -5.53444301132276e-14 -9.49738994730565e-14
 2.60450657276940e+05 -4.27740832890636e-14 -9.47746002360986e-14
 2.64584794694035e+05 -4.47149534184391e-14 -9.43590471969009e-14
 2.68718932111129e+05 -3.77709684304177e-14 -9.37448260031675e-14
 2.72853069528223e+05 -2.22491002415327e-14 -9.29599917828128e-14
 2.76987206945318e+05 -3.83564937949856e-14 -9.20425383711651e-14
 2.81121344362412e+05 -3.65871520104874e-14 -9.10393565874820e-14
 2.85255481779506e+05 -3.62224299149358e-14 -9.00047165528519e-14
 2.89389619196601e+05 -2.89263323014285e-14 -8.89983346767960e-14
 2.93523756613695e+05 -4.21298211229144e-14 -8.80831086789127e-14
 2.97657894030789e+05 -5.82710516488257e-14 -8.73226226839340e-14
 3.01792031447884e+05 -2.64201121863097e-14 -8.67785378596869e-14
 3.05926168864978e+05 -4.60912150224519e-14 -8.65079916006212e-14
 3.10060306282072e+05 -3.07173872939170e-14 -8.65611292612914e-14
 3.14194443699167e+05 -4.70211221047010e-14 -8.69788870562445e-14
 3.18328581116261e+05 -2.86819672084899e-14 -8.77911330056413e-14
 3.22462718533355e+05 -4.97610944063608e-14 -8.90152554412015e-14
 3.26596855950449e+05 -3.51151753751993e-14 -9.06552665418530e-14
 3.30730993367544e+05 -4.69589028816015e-14 -9.27014627572061e-14
 3.34865130784638e+05 -2.88101434352338e-14 -9.51306562161747e-14
 3.38999268201732e+05 -5.23395868512399e-14 -9.79069628415419e-14
 3.43133405618827e+05 -4.59649344537682e-14 -1.00983105404292e-13
 3.47267543035921e+05 -5.01904822043924e-14 -1.04302164581025e-13
 3.51401680453015e+05 -4.15683372143815e-14 -1.07799689726250e-13
 3.55535817870110e+05 -3.81135249717117e-14 -1.11406064493668e-13
 3.59669955287204e+05 -4.19901778584940e-14 -1.15049011615383e-13
 3.63804092704298e+05 -5.47188290581563e-14 -1.18656116584551e-13
 3.67938230121393e+05 -4.74282630907704e-14 -1.22157251808130e-13
 3.72072367538487e+05 -5.04147142807074e-14 -1.25486790984854e-13
 3.76206504955581e+05 -5.25690986927170e-14 -1.28585517293961e-13
 3.80340642372676e+05 -6.19701419976035e-14 -1.31402147770389e-13
 3.84474779789770e+05 -5.16250771058966e-14 -1.33894418835097e-13
 3.88608917206864e+05 -3.66810874492310e-14 -1.36029703018390e-13
 3.92743054623959e+05 -3.93690572474248e-14 -1.37785153038186e-13
 3.96877192041053e+05 -3.14656093344669e-14 -1.39147395103988e-13
 4.01011329458147e+05 -5.10819949729022e-14 -1.40111817160141e-13
 4.05145466875241e+05 -4.08989737072348e-14 -1.40681518420213e-13
 4.09279604292336e+05 -5.87907651345798e-14 -1.40866002916701e-13
 4.13413741709430e+05 -5.83847999554923e-14 -1.40679710939383e-13
 4.17547879126524e+05 -5.95333705840025e-14 -1.40140487700273e-13
 4.21682016543619e+05 -5.67792558806900e-14 -1.39268088042197e-13
 4.25816153960713e+05 -4.77174667733943e-14 -1.38082809716732e-13
 4.29950291377807e+05 -5.20670355495752e-14 -1.36604336018775e-13
 4.34084428794902e+05 -4.45841187545213e-14 -1.34850852292119e-13
 4.38218566211996e+05 -4.12099047635136e-14 -1.32838481010411e-13
 4.42352703629090e+05 -4.74675444089074e-14 -1.30581057837457e-13
 4.46486841046185e+05 -5.66702814354051e-14 -1.28090247974352e-13
 4.50620978463279e+05 -5.68833323641282e-14 -1.25375979251012e-13
 4.54755115880373e+05 -5.28408156658745e-14 -1.22447147413968e-13
 4.58889253297468e+05 -6.71048596231189e-14 -1.19312531062665e-13
 4.63023390714562e+05 -5.48918938275723e-14 -1.15981839741089e-13
 4.67157528131656e+05 -7.01586432107333e-14 -1.12466809670472e-13
 4.71291665548751e+05 -4.97459431796304e-14 -1.08782257973511e-13
 4.75425802965845e+05 -6.73117212577692e-14 -1.04947008230860e-13
 4.79559940382939e+05 -5.08006675590086e-14 -1.00984607676608e-13
 4.83694077800033e+05 -4.59090968626577e-14 -9.69237688487966e-14
 4.87828215217128e+05 -5.46525239944323e-14 -9.27984852411158e-14
 4.91962352634222e+05 -6.36045588038008e-14 -8.86477905826484e-14
 4.96096490051316e+05 -9.88097157846921e-14 -8.45151534524213e-14
 5.00230627468411e+05 -7.31547331646891e-14 -8.04475218598038e-14
 5.04364764885505e+05 -8.26810484718879e-14 -7.64940546967162e-14
 5.08498902302599e+05 -6.84365290601147e-14 -7.27045973613128e-14
 5.12633039719694e+05 -7.26409811746046e-14 -6.91279761492342e-14
 5.16767177136788e+05 -6.23560905853073e-14 -6.58101990818764e-14
 5.20901314553882e+05 -7.32640495073198e-14 -6.27926590598809e-14
 5.25035451970977e+05 -5.31102918687876e-14 -6.01104379498572e-14
 5.29169589388071e+05 -6.98438583433480e-14 -5.77908072904111e-14
 5.33303726805165e+05 -6.20850904072491e-14 -5.58520129142663e-14
 5.37437864222260e+05 -6.83839735703895e-14 -5.43024173138388e-14
 5.41572001639354e+05 -6.27017388636151e-14 -5.31400557548029e-14
 5.45706139056448e+05 -5.93124440270715e-14 -5.23526410692547e-14
 5.49840276473543e+05 -6.73143595612419e-14 -5.19180286887248e-14
 5.53974413890637e+05 -5.46812748137998e-14 -5.18051293843288e-14
 5.58108551307731e+05 -5.86210014259454e-14 -5.19752334024024e-14
 5.62242688724826e+05 -6.36522479714036e-14 -5.23836878241800e-14
 5.66376826141920e+05 -5.92963287247918e-14 -5.29818500399579e-14
 5.70510963559014e+05 -7.74965701558303e-14 -5.37192253023376e-14
 5.74645100976108e+05 -6.04898807430895e-14 -5.45456863949255e-14
 5.78779238393203e+05 -9.09127870732052e-14 -5.54136686708063e-14
 5.82913375810297e+05 -8.72356835299281e-14 -5.62802348850592e-14
 5.87047513227391e+05 -9.24372171298322e-14 -5.71089106539219e-14
 5.91181650644486e+05 -7.17133730881907e-14 -5.78712032335785e-14
 5.95315788061580e+05 -8.56179438118224e-14 -5.85477325139707e-14
 5.99449925478674e+05 -7.19376672787642e-14 -5.91289230334146e-14
 6.03584062895769e+05 -8.92919260569488e-14 -5.96152282044914e-14
 6.07718200312863e+05 -6.24229357360847e-14 -6.00168816138107e-14
 6.11852337729957e+05 -7.72193332728864e-14 -6.03531939776429e-14
 6.15986475147052e+05 -8.24950755308186e-14 -6.06514367147638e-14
 6.20120612564146e+05 -1.12229170147871e-13 -6.09453730972377e-14
 6.24254749981240e+05 -6.52396918191788e-14 -6.12735143853128e-14
 6.28388887398335e+05 -7.64779656758062e-14 -6.16771905618844e-14
 6.32523024815429e+05 -7.25288244932291e-14 -6.21985324434237e-14
 6.36657162232523e+05 -6.89010373425873e-14 -6.28784641429336e-14
 6.40791299649618e+05 -6.51873844052773e-14 -6.37548015554260e-14
 6.44925437066712e+05 -5.76160274694342e-14 -6.48605445497738e-14
 6.49059574483806e+05 -6.63922020378288e-14 -6.62224380470736e-14
 6.53193711900900e+05 -8.35189503753575e-14 -6.78598610566814e-14
 6.57327849317995e+05 -4.74534643002932e-14 -6.97840840637693e-14
 6.61461986735089e+05 -7.11544927922809e-14 -7.19979148357979e-14
 6.65596124152183e+05 -6.42750353206414e-14 -7.44957320513915e-14
 6.69730261569278e+05 -9.18908499299785e-14 -7.72638862597709e-14
 6.73864398986372e+05 -5.08244876784661e-14 -8.02814295523760e-14
 6.77998536403466e+05 -7.43503270855744e-14 -8.35211200655620e-14
 6.82132673820561e+05 -7.35066860361360e-14 -8.69506356787731e-14
 6.86266811237655e+05 -9.02549805414367e-14 -9.05339237035502e-14
 6.90400948654749e+05 -6.05275654306770e-14 -9.42326101059436e-14
 6.94535086071844e+05 -8.37554400529749e-14 -9.80073931247312e-14
 6.98669223488938e+05 -9.36340781514068e-14 -1.01819351581972e-13
 7.02803360906032e+05 -1.04156025168745e-13 -1.05631107510702e-13
 7.06937498323127e+05 -7.88100341698338e-14 -1.09407795033502e-13
 7.11071635740221e+05 -6.55090784555566e-14 -1.13117802102193e-13
 7.15205773157315e+05 -7.73435604963647e-14 -1.16733267613595e-13
 7.19339910574410e+05 -7.10907312609926e-14 -1.20230332686000e-13
 7.23474047991504e+05 -7.77732660851700e-14 -1.23589160407760e-13
 7.27608185408598e+05 -5.44003821613613e-14 -1.26793752265950e-13
 7.31742322825692e+05 -6.96999388485275e-14 -1.29831600936843e-13
 7.35876460242787e+05 -7.35951441485422e-14 -1.32693227467122e-13
 7.40010597659881e+05 -7.83968257762925e-14 -1.35371655636172e-13
 7.44144735076975e+05 -9.03535923789213e-14 -1.37861877382028e-13
 7.48278872494070e+05 -7.34701270855956e-14 -1.40160360389394e-13
 7.52413009911164e+05 -9.52947995738071e-14 -1.42264642776318e-13
 7.56547147328258e+05 -6.93243143280686e-14 -1.44173050521244e-13
 7.60681284745353e+05 -7.39889408677011e-14 -1.45884561713569e-13
 7.64815422162447e+05 -8.51086115492619e-14 -1.47398828458314e-13
 7.68949559579541e+05 -7.53857788202474e-14 -1.48716353432594e-13
 7.73083696996636e+05 -8.00537066732296e-14 -1.49838804408179e-13
 7.77217834413730e+05 -7.15209737524314e-14 -1.50769437611542e-13
 7.81351971830824e+05 -9.18089416904054e-14 -1.51513590261778e-13
 7.85486109247919e+05 -8.54146464881152e-14 -1.52079194847400e-13
 7.89620246665013e+05 -6.48663555453559e-14 -1.52477263136501e-13
 7.93754384082107e+05 -7.71582403253871e-14 -1.52722286931517e-13
 7.97888521499202e+05 -7.41071911800042e-14 -1.52832505348301e-13
 8.02022658916296e+05 -7.56449251931908e-14 -1.52829994641016e-13
 8.06156796333390e+05 -8.51229584980310e-14 -1.52740546251151e-13
 8.10290933750484e+05 -7.79729985778803e-14 -1.52593310966205e-13
 8.14425071167579e+05 -8.54405800121001e-14 -1.52420201412144e-13
 8.18559208584673e+05 -8.60000364073236e-14 -1.52255060513016e-13
 8.22693346001767e+05 -9.33213042283526e-14 -1.52132619207357e-13
 8.26827483418862e+05 -7.33293202101444e-14 -1.52087281675624e-13
 8.30961620835956e+05 -9.35219656134091e-14 -1.52151789566042e-13
 8.35095758253050e+05 -9.21602985329801e-14 -1.52355827489757e-13
 8.39229895670145e+05 -8.29689125252836e-14 -1.52724639642903e-13
 8.43364033087239e+05 -8.14394378176085e-14 -1.53277731145044e-13
 8.47498170504333e+05 -7.30416762620155e-14 -1.54027727505058e-13
 8.51632307921428e+05 -9.30085060786619e-14 -1.54979461068993e-13
 8.55766445338522e+05 -9.72434478421041e-14 -1.56129344924443e-13
 8.59900582755616e+05 -7.32625639243808e-14 -1.57465082490656e-13
 8.64034720172711e+05 -7.12418415680284e-14 -1.58965745857480e-13
 8.68168857589805e+05 -1.09522432232485e-13 -1.60602238335333e-13
 8.72302995006899e+05 -6.31227828949983e-14 -1.62338137739751e-13
 8.76437132423994e+05 -9.70838363986649e-14 -1.64130897559733e-13
 8.80571269841088e+05 -8.43093347622170e-14 -1.65933364366057e-13
 8.84705407258182e+05 -6.69825971623199e-14 -1.67695552754512e-13
 8.88839544675276e+05 -8.03858564063522e-14 -1.69366604510447e-13
 8.92973682092371e+05 -7.21197471703413e-14 -1.70896847594975e-13
 8.97107819509465e+05 -1.18314666787304e-13 -1.72239863375140e-13
 9.01241956926559e+05 -7.81185307113576e-14 -1.73354467891002e-13
 9.05376094343654e+05 -9.29059701288402e-14 -1.74206514944536e-13
 9.09510231760748e+05 -7.34495096352395e-14 -1.74770435444525e-13
 9.13644369177842e+05 -6.87293966745435e-14 -1.75030438333851e-13
 9.17778506594937e+05 -1.15584591553444e-13 -1.74981313292655e-13
 9.21912644012031e+05 -8.54803171699849e-14 -1.74628793211081e-13
 9.26046781429125e+05 -1.01961815455164e-13 -1.73989454566170e-13
 9.30180918846220e+05 -7.74296634712241e-14 -1.73090155145494e-13
 9.34315056263314e+05 -8.67194912577818e-14 -1.71967030063517e-13
 9.38449193680408e+05 -1.05142124898694e-13 -1.70664087570278e-13
 9.42583331097503e+05 -8.57274400375673e-14 -1.69231464770382e-13
 9.46717468514597e+05 -7.45588145944947e-14 -1.67723419185479e-13
 9.50851605931691e+05 -8.06928976048661e-14 -1.66196144124820e-13
 9.54985743348786e+05 -8.91335397985249e-14 -1.64705503774050e-13
 9.59119880765880e+05 -1.10030447652591e-13 -1.63304787111972e-13
 9.63254018182974e+05 -8.23216827276626e-14 -1.62042578291564e-13
 9.67388155600069e+05 -8.21516752638967e-14 -1.60960834928460e-13
 9.71522293017163e+05 -7.69367087883108e-14 -1.60093255297486e-13
 9.75656430434257e+05 -8.60292124149764e-14 -1.59464001160043e-13
 9.79790567851351e+05 -8.51024113583769e-14 -1.59086825691373e-13
 9.83924705268446e+05 -6.19660131333256e-14 -1.58964636542623e-13
 9.88058842685540e+05 -7.03746003963382e-14 -1.59089503529666e-13
 9.92192980102634e+05 -7.97402557428425e-14 -1.59443099709598e-13
 9.96327117519729e+05 -8.55659098445588e-14 -1.59997544833372e-13
 1.00046125493682e+06 -7.49267674023805e-14 -1.60716602258778e-13
 1.00459539235392e+06 -7.72508765225280e-14 -1.61557165197095e-13
 1.00872952977101e+06 -1.01409310735436e-13 -1.62470956486406e-13
 1.01286366718811e+06 -8.51239096081551e-14 -1.63406358327501e-13
 1.01699780460520e+06 -8.16863263770728e-14 -1.64310284964151e-13
 1.02113194202229e+06 -1.13299722935669e-13 -1.65130012323542e-13
 1.02526607943939e+06 -9.36965257487783e-14 -1.65814883813067e-13
 1.02940021685648e+06 -8.95004125744452e-14 -1.66317820653030e-13
 1.03353435427358e+06 -7.80862433729869e-14 -1.66596577713901e-13
 1.03766849169067e+06 -7.43502042612725e-14 -1.66614701033431e-13
 1.04180262910777e+06 -1.00070300269218e-13 -1.66342160267560e-13
 1.04593676652486e+06 -7.19301943463714e-14 -1.65755647353701e-13
 1.05007090394195e+06 -8.86413004913326e-14 -1.64838550649097e-13
 1.05420504135905e+06 -9.21196376086768e-14 -1.63580630798119e-13
 1.05833917877614e+06 -8.51531582689834e-14 -1.61977439786471e-13
 1.06247331619324e+06 -7.09639639128175e-14 -1.60029537198364e-13
 1.06660745361033e+06 -4.91938349486778e-14 -1.57741567009783e-13
 1.07074159102743e+06 -7.86834393349276e-14 -1.55121263894907e-13
 1.07487572844452e+06 -7.37324049966821e-14 -1.52178459742800e-13
 1.07900986586161e+06 -1.07074589857071e-13 -1.48924158743987e-13
 1.08314400327871e+06 -9.05960992244808e-14 -1.45369743331763e-13
 1.08727814069580e+06 -8.28530597721466e-14 -1.41526363662595e-13
 1.09141227811290e+06 -1.07642923480279e-13 -1.37404550793664e-13
 1.09554641552999e+06 -7.39662364086217e-14 -1.33014078985692e-13
 1.09968055294709e+06 -7.62414060487887e-14 -1.28364086326406e-13
 1.10381469036418e+06 -7.70882954013626e-14 -1.23463446143015e-13
 1.10794882778128e+06 -8.18937265260870e-14 -1.18321365204611e-13
 1.11208296519837e+06 -9.03514209346991e-14 -1.12948169536749e-13
 1.11621710261546e+06 -8.55018884010935e-14 -1.07356225437628e-13
 1.12035124003256e+06 -1.05803332056660e-13 -1.01560932961889e-13
 1.12448537744965e+06 -7.83500062555155e-14 -9.55817219434201e-14
 1.12861951486675e+06 -9.32010196343170e-14 -8.94429773624800e-14
 1.13275365228384e+06 -9.46121073641424e-14 -8.31748214851341e-14
 1.13688778970094e+06 -1.04167581556356e-13 -7.68136848125304e-14
 1.14102192711803e+06 -9.45176308570255e-14 -7.04026063253066e-14
 1.14515606453512e+06 -9.01211250168434e-14 -6.39912154284667e-14
 1.14929020195222e+06 -7.32542283181645e-14 -5.76353627607196e-14
 1.15342433936931e+06 -9.22068155246817e-14 -5.13963840593090e-14
 1.15755847678641e+06 -8.71752529453059e-14 -4.53399996958413e-14
 1.16169261420350e+06 -7.32359016403279e-14 -3.95348713965120e-14
 1.16582675162060e+06 -9.24509019522888e-14 -3.40508561994158e-14
 1.16996088903769e+06 -9.79447320394344e-14 -2.89570148929395e-14
 1.17409502645478e+06 -9.79270253840057e-14 -2.43194471858344e-14
 1.17822916387188e+06 -9.25369168054303e-14 -2.01990379487059e-14
 1.18236330128897e+06 -6.35210580047295e-14 -1.66492072888819e-14
 1.18649743870607e+06 -7.88126172543466e-14 -1.37137616608995e-14
 1.19063157612316e+06 -8.85572678373392e-14 -1.14249432223855e-14
 1.19476571354026e+06 -9.40589324334052e-14 -9.80177019512514e-15
 1.19889985095735e+06 -9.55064921349494e-14 -8.84875222442095e-15
 1.20303398837444e+06 -9.91863256430499e-14 -8.55505188266593e-15
 1.20716812579154e+06 -9.91511828457752e-14 -8.89414706302185e-15
 1.21130226320863e+06 -1.06681906241421e-13 -9.82402978971530e-15
 1.21543640062573e+06 -9.39141435275035e-14 -1.12879556253425e-14
 1.21957053804282e+06 -8.26430932125195e-14 -1.32157353711116e-14
 1.22370467545992e+06 -9.85483321499802e-14 -1.55255381492087e-14
 1.22783881287701e+06 -9.62366803748616e-14 -1.81261530830140e-14
 1.23197295029410e+06 -1.07959035497153e-13 -2.09196367445890e-14
 1.23610708771120e+06 -9.42937892693188e-14 -2.38042562691457e-14
 1.24024122512829e+06 -7.88263088191151e-14 -2.66776241186870e-14
 1.24437536254539e+06 -7.84266503631988e-14 -2.94399108090035e-14
 1.24850949996248e+06 -6.93653751092079e-14 -3.19970168462608e-14
 1.25264363737958e+06 -1.20266140431869e-13 -3.42635849190191e-14
 1.25677777479667e+06 -1.06583621545849e-13 -3.61657381795201e-14
 1.26091191221376e+06 -9.94733109282507e-14 -3.76434400060244e-14
 1.26504604963086e+06 -8.74914011915721e-14 -3.86523846988439e-14
 1.26918018704795e+06 -9.23722430824381e-14 -3.91653463979178e-14
 1.27331432446505e+06 -8.89983015588305e-14 -3.91729345504444e-14
 1.27744846188214e+06 -1.07347199118122e-13 -3.86837275342034e-14
 1.28158259929924e+06 -1.05201504080782e-13 -3.77237805527925e-14
 1.28571673671633e+06 -9.79137388982057e-14 -3.63355286369236e-14
 1.28985087413343e+06 -1.04424491471721e-13 -3.45761294949593e-14
 1.29398501155052e+06 -1.15477563600490e-13 -3.25153129245839e-14
 1.29811914896761e+06 -9.62421818075445e-14 -3.02328226354660e-14
 1.30225328638471e+06 -1.05936902929436e-13 -2.78155518033437e-14
 1.30638742380180e+06 -8.22837922528255e-14 -2.53544848286873e-14
 1.31052156121890e+06 -9.73734147824208e-14 -2.29415640151205e-14
 1.31465569863599e+06 -1.00635186761454e-13 -2.06666011477338e-14
 1.31878983605309e+06 -1.12572026505730e-13 -1.86143500183462e-14
 1.32292397347018e+06 -9.99977269144702e-14 -1.68618471158449e-14
 1.32705811088727e+06 -8.99377099474030e-14 -1.54761143901023e-14
 1.33119224830437e+06 -1.06515576907638e-13 -1.45123007413046e-14
 1.33532638572146e+06 -1.01853370419723e-13 -1.40123186787600e-14
 1.33946052313856e+06 -9.68833258951731e-14 -1.40040101550008e-14
 1.34359466055565e+06 -1.15071025909002e-13 -1.45008521112897e-14
 1.34772879797275e+06 -9.49562864649548e-14 -1.55021888206034e-14
 1.35186293538984e+06 -1.21065970827604e-13 -1.69939557492833e-14
 1.35599707280693e+06 -8.85293641270911e-14 -1.89498394702231e-14
 1.36013121022403e+06 -9.37255546189589e-14 -2.13328009590699e-14
 1.36426534764112e+06 -1.04384060363920e-13 -2.40968763822203e-14
 1.36839948505822e+06 -1.08110230577436e-13 -2.71891605706575e-14
 1.37253362247531e+06 -9.72385552486148e-14 -3.05518744151756e-14
 1.37666775989241e+06 -9.26218945586360e-14 -3.41244182718041e-14
 1.38080189730950e+06 -1.15299505150957e-13 -3.78453193022833e-14
 1.38493603472659e+06 -1.12626755486150e-13 -4.16539909109073e-14
 1.38907017214369e+06 -9.79801442483437e-14 -4.54922366166083e-14
 1.39320430956078e+06 -8.77950747013329e-14 -4.93054480668831e-14
 1.39733844697788e+06 -8.89011977590666e-14 -5.30434663807483e-14
 1.40147258439497e+06 -9.42270543625765e-14 -5.66610967301362e-14
 1.40560672181207e+06 -8.99541749570977e-14 -6.01182867799134e-14
 1.40974085922916e+06 -8.60917404130735e-14 -6.33799992725757e-14
 1.41387499664625e+06 -8.92391498611134e-14 -6.64158265401469e-14
 1.41800913406335e+06 -9.59740809350725e-14 -6.91994091550145e-14
 1.42214327148044e+06 -8.92410839376201e-14 -7.17077314705723e-14
 1.42627740889754e+06 -9.74743131025490e-14 -7.39203728045491e-14
 1.43041154631463e+06 -8.10409407086869e-14 -7.58187942731205e-14
 1.43454568373173e+06 -9.13858956232451e-14 -7.73857375000362e-14
 1.43867982114882e+06 -7.19763143263658e-14 -7.86048029575089e-14
 1.44281395856591e+06 -8.85814636440732e-14 -7.94602628148335e-14
 1.44694809598301e+06 -7.61020851996646e-14 -7.99371467331542e-14
 1.45108223340010e+06 -9.48471650319194e-14 -8.00216197040126e-14
 1.45521637081720e+06 -1.04262977008746e-13 -7.97016501164244e-14
 1.45935050823429e+06 -8.31614402506447e-14 -7.89679446881553e-14
 1.46348464565139e+06 -1.06668637091540e-13 -7.78151060474698e-14
 1.46761878306848e+06 -1.17009769025814e-13 -7.62429498640125e-14
 1.47175292048557e+06 -9.09651702415982e-14 -7.42579024979841e-14
 1.47588705790267e+06 -1.12740354784654e-13 -7.18743882954805e-14
 1.48002119531976e+06 -9.14956382238833e-14 -6.91161086811119e-14
 1.48415533273686e+06 -7.25555679089397e-14 -6.60171135659670e-14
 1.48828947015395e+06 -9.25576116502717e-14 -6.26225697058434e-14
 1.49242360757105e+06 -7.80432183998163e-14 -5.89891404644793e-14
 1.49655774498814e+06 -1.03618360578981e-13 -5.51849064738647e-14
 1.50069188240524e+06 -8.22202131869004e-14 -5.12887766365092e-14
 1.50482601982233e+06 -9.47291817320249e-14 -4.73893625338613e-14
 1.50896015723942e+06 -7.64717804608421e-14 -4.35833157532820e-14
 1.51309429465652e+06 -7.40642148758129e-14 -3.99731554119697e-14
 1.51722843207361e+06 -8.34759043841931e-14 -3.66646409989452e-14
 1.52136256949071e+06 -7.32004963387168e-14 -3.37637719402636e-14
 1.52549670690780e+06 -6.22321596244079e-14 -3.13735187334536e-14
 1.52963084432490e+06 -7.16616546178179e-14 -2.95904097470995e-14
 1.53376498174199e+06 -1.03241905326906e-13 -2.85011116358613e-14
 1.53789911915908e+06 -9.23166589837422e-14 -2.81791489622349e-14
 1.54203325657618e+06 -9.13584743781195e-14 -2.86819094715197e-14
 1.54616739399327e+06 -9.10025316724941e-14 -3.00480751706133e-14
 1.55030153141037e+06 -9.61096813806632e-14 -3.22956061089629e-14
 1.55443566882746e+06 -9.33540923825300e-14 -3.54203839844433e-14
 1.55856980624456e+06 -7.84223670161268e-14 -3.93955971444382e-14
 1.56270394366165e+06 -8.79860157559491e-14 -4.41719183923855e-14
 1.56683808107874e+06 -8.73598917853171e-14 -4.96784935473273e-14
 1.57097221849584e+06 -9.64153202211607e-14 -5.58247235929371e-14
 1.57510635591293e+06 -8.62997055444203e-14 -6.25027879788959e-14
 1.57924049333003e+06 -1.08506266410117e-13 -6.95908231788710e-14
 1.58337463074712e+06 -9.23926012774735e-14 -7.69566403356080e-14
 1.58750876816422e+06 -7.95336358966989e-14 -8.44618405213467e-14
 1.59164290558131e+06 -1.18804517260153e-13 -9.19661668345860e-14
 1.59577704299840e+06 -8.55751057968445e-14 -9.93319205846279e-14
 1.59991118041550e+06 -1.00840023324554e-13 -1.06428264509583e-13
 1.60404531783259e+06 -7.67072025133831e-14 -1.13135239921151e-13
 1.60817945524969e+06 -7.85374915818023e-14 -1.19347336541042e-13
 1.61231359266678e+06 -1.03861227468493e-13 -1.24976473254942e-13
 1.61644773008388e+06 -8.46064401973620e-14 -1.29954274025779e-13
 1.62058186750097e+06 -1.14451347478645e-13 -1.34233554674602e-13
 1.62471600491806e+06 -7.69234359950953e-14 -1.37788971585610e-13
 1.62885014233516e+06 -7.51451254066878e-14 -1.40616820947636e-13
 1.63298427975225e+06 -1.10674100257773e-13 -1.42734015063597e-13
 1.63711841716935e+06 -8.86994333224190e-14 -1.44176298747166e-13
 1.64125255458644e+06 -1.01972185224416e-13 -1.44995802009932e-13
 1.64538669200354e+06 -5.37209752611810e-14 -1.45258053635767e-13
 1.64952082942063e+06 -1.12475594155780e-13 -1.45038602333058e-13
 1.65365496683772e+06 -8.58448880615333e-14 -1.44419406971013e-13
 1.65778910425482e+06 -1.06382050813560e-13 -1.43485164269735e-13
 1.66192324167191e+06 -8.18532602341932e-14 -1.42319740817551e-13
 1.66605737908901e+06 -1.04304447823736e-13 -1.41002866782863e-13
 1.67019151650610e+06 -9.16999598818667e-14 -1.39607231515456e-13
 1.67432565392320e+06 -9.08605307215965e-14 -1.38196097433980e-13
 1.67845979134029e+06 -8.90797773455882e-14 -1.36821519500837e-13
 1.68259392875739e+06 -7.26366424578545e-14 -1.35523224638481e-13
 1.68672806617448e+06 -7.71064083088313e-14 -1.34328170418906e-13
 1.69086220359157e+06 -9.75536199276756e-14 -1.33250767148758e-13
 1.69499634100867e+06 -1.02134410209476e-13 -1.32293713839806e-13
 1.69913047842576e+06 -9.87309804956301e-14 -1.31449368281671e-13
 1.70326461584286e+06 -1.01232897642842e-13 -1.30701546069214e-13
 1.70739875325995e+06 -9.94392257763216e-14 -1.30027624231153e-13
 1.71153289067705e+06 -9.90347528158539e-14 -1.29400813062078e-13
 1.71566702809414e+06 -9.26497314170399e-14 -1.28792455376918e-13
 1.71980116551123e+06 -9.02983239480456e-14 -1.28174215840160e-13
 1.72393530292833e+06 -1.12416779355589e-13 -1.27520034023338e-13
 1.72806944034542e+06 -9.09802773335426e-14 -1.26807732665316e-13
 1.73220357776252e+06 -1.00862744262453e-13 -1.26020196233621e-13
 1.73633771517961e+06 -9.86701029833950e-14 -1.25146062920416e-13
 1.74047185259671e+06 -1.01579253942616e-13 -1.24179904108153e-13
 1.74460599001380e+06 -9.50155465969829e-14 -1.23121897234637e-13
 1.74874012743089e+06 -9.83123074338964e-14 -1.21977029230672e-13
 1.75287426484799e+06 -8.46992753501682e-14 -1.20753896422042e-13
 1.75700840226508e+06 -8.36498971736241e-14 -1.19463191441974e-13
 1.76114253968218e+06 -7.44995566639561e-14 -1.18115986869815e-13
 1.76527667709927e+06 -9.59247602646807e-14 -1.16721937958632e-13
 1.76941081451637e+06 -6.83945154338911e-14 -1.15287532243730e-13
 1.77354495193346e+06 -8.92825329490669e-14 -1.13814511666781e-13
 1.77767908935055e+06 -7.97312190105448e-14 -1.12298583325402e-13
 1.78181322676765e+06 -9.38098553184816e-14 -1.10728518542807e-13
 1.78594736418474e+06 -9.35370272649731e-14 -1.09085717551481e-13
 1.79008150160184e+06 -9.07790611447622e-14 -1.07344289999971e-13
 1.79421563901893e+06 -1.09940479711614e-13 -1.05471671202790e-13
 1.79834977643603e+06 -8.10603657150174e-14 -1.03429762310749e-13
 1.80248391385312e+06 -9.34921936145292e-14 -1.01176551038559e-13
 1.80661805127021e+06 -7.14586884043701e-14 -9.86681402206498e-14
 1.81075218868731e+06 -1.09890339991306e-13 -9.58610857225422e-14
 1.81488632610440e+06 -1.08597203825480e-13 -9.27149247821414e-14
 1.81902046352150e+06 -8.48752765996657e-14 -8.91947616504848e-14
 1.82315460093859e+06 -8.93566837191609e-14 -8.52737705162537e-14
 1.82728873835569e+06 -8.32007896810831e-14 -8.09354763245900e-14
 1.83142287577278e+06 -1.00939799628065e-13 -7.61756824789810e-14
 1.83555701318987e+06 -8.63201727542354e-14 -7.10039299392803e-14
 1.83969115060697e+06 -9.58903217331245e-14 -6.54443942849621e-14
 1.84382528802406e+06 -7.45187085971935e-14 -5.95361545812822e-14
 1.84795942544116e+06 -9.47703297695794e-14 -5.33327990278430e-14
 1.85209356285825e+06 -1.03344337841813e-13 -4.69013656701946e-14
 1.85622770027535e+06 -7.49058564401759e-14 -4.03206501970778e-14
 1.86036183769244e+06 -9.29452534233158e-14 -3.36789450947030e-14
 1.86449597510954e+06 -8.31546616262942e-14 -2.70713036689120e-14
 1.86863011252663e+06 -8.97900074763006e-14 -2.05964468582064e-14
 1.87276424994372e+06 -1.04277635595959e-13 -1.43534493260307e-14
 1.87689838736082e+06 -9.94222277283047e-14 -8.43835281341959e-15
 1.88103252477791e+06 -8.13323458457278e-14 -2.94085869486477e-15
 1.88516666219501e+06 -6.28049787791272e-14  2.05875204313287e-15
 1.88930079961210e+06 -1.02730022597629e-13  6.49233454188634e-15
 1.89343493702920e+06 -1.05354545867164e-13  1.03061127723026e-14
 1.89756907444629e+06 -9.70239636997675e-14  1.34623345499379e-14
 1.90170321186338e+06 -1.10114588490559e-13  1.59402827860420e-14
 1.90583734928048e+06 -8.02872330900733e-14  1.77366085297861e-14
 1.90997148669757e+06 -1.13713554777387e-13  1.88649842992857e-14
 1.91410562411467e+06 -9.86967404625147e-14  1.93551086984566e-14
 1.91823976153176e+06 -8.88832152315329e-14  1.92511236503232e-14
 1.92237389894886e+06 -8.53564606289596e-14  1.86095321885495e-14
 1.92650803636595e+06 -1.01071777094252e-13  1.74967262957822e-14
 1.93064217378304e+06 -9.21493780195485e-14  1.59862496398683e-14
 1.93477631120014e+06 -8.94828684428953e-14  1.41559286406394e-14
 1.93891044861723e+06 -9.52886403112664e-14  1.20850065939167e-14
 1.94304458603433e+06 -6.77701610291910e-14  9.85140997352261e-15
 1.94717872345142e+06 -9.40838776704207e-14  7.52926359023935e-15
 1.95131286086852e+06 -8.07700996891922e-14  5.18675325043408e-15
 1.95544699828561e+06 -1.05763908130615e-13  2.88441178631936e-15
 1.95958113570270e+06 -6.50423789112315e-14  6.73878321777808e-16
 1.96371527311980e+06 -8.18432255089198e-14 -1.40284705569509e-15
 1.96784941053689e+06 -9.39985236062898e-14 -3.31365885305731e-15
 1.97198354795399e+06 -8.98118921997156e-14 -5.03614391154963e-15
 1.97611768537108e+06 -8.77043201864324e-14 -6.55697659302320e-15
 1.98025182278818e+06 -7.84842461878633e-14 -7.87098582700500e-15
 1.98438596020527e+06 -7.57095971777915e-14 -8.97998223401566e-15
 1.98852009762236e+06 -9.36496268375979e-14 -9.89144152006369e-15
 1.99265423503946e+06 -1.03977157090964e-13 -1.06171420491457e-14
 1.99678837245655e+06 -9.49318987710086e-14 -1.11718499918895e-14
 2.00092250987365e+06 -7.23471587663151e-14 -1.15721353428033e-14
 2.00505664729074e+06 -1.06325955961894e-13 -1.18353868734327e-14
 2.00919078470784e+06 -7.85453403403807e-14 -1.19790751110320e-14
 2.01332492212493e+06 -1.00913876061056e-13 -1.20202907562514e-14
 2.01745905954202e+06 -7.02420393431355e-14 -1.19755631649216e-14
 2.02159319695912e+06 -9.57478832878256e-14 -1.18609410561128e-14
 2.02572733437621e+06 -9.44981929108563e-14 -1.16922968831162e-14
 2.02986147179331e+06 -9.37394321727027e-14 -1.14857987777163e-14
 2.03399560921040e+06 -7.91341394685817e-14 -1.12584806550965e-14
 2.03812974662750e+06 -8.91493418560725e-14 -1.10288329000763e-14
 2.04226388404459e+06 -8.95809758879758e-14 -1.08173335190348e-14
 2.04639802146168e+06 -1.02527411448375e-13 -1.06468430129112e-14
 2.05053215887878e+06 -1.06600260026590e-13 -1.05427951480204e-14
 2.05466629629587e+06 -9.61196197304391e-14 -1.05331299387948e-14
 2.05880043371297e+06 -7.35335365628605e-14 -1.06479334238903e-14
 2.06293457113006e+06 -1.03533658543583e-13 -1.09187702332243e-14
 2.06706870854716e+06 -7.13865516838546e-14 -1.13777180118001e-14
 2.07120284596425e+06 -9.95878287719356e-14 -1.20561361219396e-14
 2.07533698338135e+06 -6.31203063461516e-14 -1.29832230527550e-14
 2.07947112079844e+06 -9.87138723954185e-14 -1.41844362984409e-14
 2.08360525821553e+06 -7.97314133227605e-14 -1.56798636446293e-14
 2.08773939563263e+06 -9.81172608159619e-14 -1.74826449076703e-14
 2.09187353304972e+06 -8.73192524962019e-14 -1.95975472885464e-14
 2.09600767046682e+06 -8.81853016914461e-14 -2.20197952638232e-14
 2.10014180788391e+06 -9.84625370589283e-14 -2.47342472624712e-14
 2.10427594530101e+06 -9.13164091323287e-14 -2.77149965740310e-14
 2.10841008271810e+06 -8.04476681599417e-14 -3.09254538086956e-14
 2.11254422013519e+06 -8.85738864420722e-14 -3.43189436594092e-14
 2.11667835755229e+06 -7.21322594517751e-14 -3.78398212670734e-14
 2.12081249496938e+06 -9.44737424692440e-14 -4.14250844291468e-14
 2.12494663238648e+06 -9.40611814082995e-14 -4.50064291918317e-14
 2.12908076980357e+06 -1.00185936134748e-13 -4.85126694055219e-14
 2.13321490722067e+06 -8.47380803103781e-14 -5.18724174509616e-14
 2.13734904463776e+06 -9.63968888514093e-14 -5.50169049263324e-14
 2.14148318205485e+06 -8.09850901246859e-14 -5.78828097464832e-14
 2.14561731947195e+06 -8.13629940247198e-14 -6.04149508153841e-14
 2.14975145688904e+06 -9.24678922377822e-14 -6.25687136119237e-14
 2.15388559430614e+06 -9.56698705939319e-14 -6.43120797534025e-14
 2.15801973172323e+06 -6.72042990467876e-14 -6.56271504371015e-14
 2.16215386914033e+06 -6.73474667421809e-14 -6.65110769366626e-14
 2.16628800655742e+06 -8.22403178671890e-14 -6.69763398072491e-14
 2.17042214397451e+06 -1.18186416997232e-13 -6.70503506463610e-14
 2.17455628139161e+06 -9.07614214511375e-14 -6.67743845389239e-14
 2.17869041880870e+06 -8.87075581905485e-14 -6.62018857160398e-14
 2.18282455622580e+06 -7.78748315110513e-14 -6.53962217006543e-14
 2.18695869364289e+06 -9.24402314249939e-14 -6.44279904291159e-14
 2.19109283105999e+06 -6.87579140852066e-14 -6.33720088174094e-14
 2.19522696847708e+06 -6.97166266765043e-14 -6.23041287315436e-14
 2.19936110589417e+06 -7.03333453812959e-14 -6.12980361862803e-14
 2.20349524331127e+06 -8.45096354840235e-14 -6.04221911988324e-14
 2.20762938072836e+06 -8.63426613434176e-14 -5.97370590062392e-14
 2.21176351814546e+06 -8.06221380534517e-14 -5.92927684847502e-14
 2.21589765556255e+06 -7.42707719778504e-14 -5.91273113673268e-14
 2.22003179297965e+06 -9.76227374095109e-14 -5.92653674359084e-14
 2.22416593039674e+06 -5.92850123610020e-14 -5.97178077760360e-14
 2.22830006781383e+06 -8.28787377757053e-14 -6.04818921101504e-14
 2.23243420523093e+06 -8.33846039932205e-14 -6.15421393239795e-14
 2.23656834264802e+06 -9.60253801421359e-14 -6.28718144057035e-14
 2.24070248006512e+06 -6.95729518413189e-14 -6.44349422458364e-14
 2.24483661748221e+06 -7.31445016471541e-14 -6.61887308623470e-14
 2.24897075489931e+06 -9.38543800844101e-14 -6.80862651813215e-14
 2.25310489231640e+06 -1.03238328166303e-13 -7.00793188061484e-14
 2.25723902973349e+06 -7.22170114159237e-14 -7.21211258867719e-14
 2.26137316715059e+06 -8.26802188031401e-14 -7.41689587764957e-14
 2.26550730456768e+06 -5.82138084470561e-14 -7.61863692802450e-14
 2.26964144198478e+06 -7.46011522021180e-14 -7.81449714418567e-14
 2.27377557940187e+06 -7.07372738121510e-14 -8.00256707537279e-14
 2.27790971681897e+06 -5.92975607538202e-14 -8.18192770775708e-14
 2.28204385423606e+06 -6.41644442184032e-14 -8.35264744369385e-14
 2.28617799165316e+06 -7.97263422017826e-14 -8.51571582761721e-14
 2.29031212907025e+06 -9.03534123809122e-14 -8.67291876794414e-14
 2.29444626648734e+06 -7.86253938228882e-14 -8.82666342234736e-14
 2.29858040390444e+06 -8.43724633785643e-14 -8.97976386824266e-14
 2.30271454132153e+06 -9.82645079754445e-14 -9.13520100465199e-14
 2.30684867873863e+06 -6.74043482772096e-14 -9.29587168274666e-14
 2.31098281615572e+06 -7.76770045198992e-14 -9.46434274883006e-14
 2.31511695357282e+06 -5.89263767767352e-14 -9.64262546675399e-14
 2.31925109098991e+06 -6.01745438623286e-14 -9.83198466072397e-14
 2.32338522840700e+06 -7.75666976821144e-14 -1.00327949569378e-13
 2.32751936582410e+06 -7.90962153736244e-14 -1.02444537913834e-13
 2.33165350324119e+06 -8.54234031607436e-14 -1.04653575619111e-13
 2.33578764065829e+06 -8.05330366725468e-14 -1.06929435941187e-13
 2.33992177807538e+06 -7.27576126306143e-14 -1.09237966943173e-13
 2.34405591549248e+06 -1.04421837085203e-13 -1.11538151823259e-13
 2.34819005290957e+06 -8.30777738795607e-14 -1.13784276644384e-13
 2.35232419032666e+06 -1.01678146418768e-13 -1.15928486299505e-13
 2.35645832774376e+06 -5.16675519484741e-14 -1.17923584169829e-13
 2.36059246516085e+06 -8.36123605273280e-14 -1.19725913541857e-13
 2.36472660257795e+06 -7.57769279125545e-14 -1.21298150463343e-13
 2.36886073999504e+06 -8.10300912395438e-14 -1.22611838991168e-13
 2.37299487741214e+06 -8.13213935456698e-14 -1.23649510696571e-13
 2.37712901482923e+06 -8.80273362884615e-14 -1.24406250496155e-13
 2.38126315224632e+06 -8.36619967263635e-14 -1.24890599200267e-13
 2.38539728966342e+06 -8.97959695338141e-14 -1.25124718257228e-13
 2.38953142708051e+06 -7.82713203442947e-14 -1.25143782113692e-13
 2.39366556449761e+06 -6.38342772109105e-14 -1.24994606222716e-13
 2.39779970191470e+06 -5.66399566953648e-14 -1.24733561732550e-13
 2.40193383933180e+06 -7.68034417681818e-14 -1.24423868816173e-13
 2.40606797674889e+06 -8.93283984132092e-14 -1.24132397269200e-13
 2.41020211416598e+06 -8.24863540833229e-14 -1.23926133181329e-13
 2.41433625158308e+06 -8.10024675162136e-14 -1.23868492599263e-13
 2.41847038900017e+06 -8.31659481882405e-14 -1.24015675598293e-13
 2.42260452641727e+06 -1.04467500915643e-13 -1.24413256507063e-13
 2.42673866383436e+06 -8.98121003091724e-14 -1.25093197683513e-13
 2.43087280125146e+06 -7.05228609319382e-14 -1.26071455707708e-13
 2.43500693866855e+06 -9.25204298909924e-14 -1.27346320908272e-13
 2.43914107608564e+06 -6.07915156023245e-14 -1.28897595240075e-13
 2.44327521350274e+06 -9.46687540460333e-14 -1.30686671511706e-13
 2.44740935091983e+06 -6.68969424062937e-14 -1.32657530941257e-13
 2.45154348833693e+06 -1.02782554927004e-13 -1.34738628576823e-13
 2.45567762575402e+06 -7.19673969200809e-14 -1.36845589644285e-13
 2.45981176317112e+06 -8.91691966922178e-14 -1.38884596930173e-13
 2.46394590058821e+06 -7.94957871030734e-14 -1.40756312207798e-13
 2.46808003800530e+06 -7.89666579726676e-14 -1.42360145493730e-13
 2.47221417542240e+06 -8.29107688792819e-14 -1.43598666144140e-13
 2.47634831283949e+06 -7.66782316821845e-14 -1.44381940676161e-13
 2.48048245025659e+06 -6.82444871780673e-14 -1.44631584193610e-13
 2.48461658767368e+06 -7.28258470472260e-14 -1.44284325417516e-13
 2.48875072509078e+06 -8.26844852419392e-14 -1.43294908931034e-13
 2.49288486250787e+06 -7.48723026656034e-14 -1.41638191085578e-13
 2.49701899992497e+06 -8.64299162705191e-14 -1.39310326512930e-13
 2.50115313734206e+06 -7.91679105012053e-14 -1.36328988013574e-13
 2.50528727475915e+06 -9.42242543577869e-14 -1.32732611592269e-13
 2.50942141217625e+06 -8.37751772972057e-14 -1.28578707763941e-13
 2.51355554959334e+06 -7.68952420537096e-14 -1.23941327500547e-13
 2.51768968701044e+06 -7.08118155747889e-14 -1.18907813778593e-13
 2.52182382442753e+06 -5.49247801942281e-14 -1.13575005333835e-13
 2.52595796184463e+06 -8.83259018153771e-14 -1.08045086115421e-13
 2.53009209926172e+06 -5.42726404014552e-14 -1.02421290504122e-13
 2.53422623667881e+06 -9.12025269332464e-14 -9.68036799947572e-14
 2.53836037409591e+06 -6.68684405793195e-14 -9.12852011164430e-14
 2.54249451151300e+06 -9.60601011425161e-14 -8.59482175763123e-14
 2.54662864893010e+06 -8.27863627797958e-14 -8.08616825813536e-14
 2.55076278634719e+06 -7.99289144578642e-14 -7.60790817333980e-14
 2.55489692376429e+06 -8.95467457572003e-14 -7.16372345512665e-14
 2.55903106118138e+06 -7.62116222648566e-14 -6.75559959477780e-14
 2.56316519859847e+06 -6.89581233951890e-14 -6.38388504365095e-14
 2.56729933601557e+06 -7.26492337901749e-14 -6.04743438878262e-14
 2.57143347343266e+06 -7.95599231769249e-14 -5.74382532244505e-14
 2.57556761084976e+06 -9.38852721322330e-14 -5.46963555374806e-14
 2.57970174826685e+06 -7.53370131538679e-14 -5.22076271465663e-14
 2.58383588568395e+06 -6.20509195537645e-14 -4.99276815570037e-14
 2.58797002310104e+06 -7.93077887403384e-14 -4.78122443112467e-14
 2.59210416051813e+06 -8.20653540329582e-14 -4.58204629610383e-14
 2.59623829793523e+06 -6.73157462362792e-14 -4.39178617083737e-14
 2.60037243535232e+06 -6.63358341614201e-14 -4.20787720721170e-14
 2.60450657276942e+06 -7.58846496957635e-14 -4.02881019957086e-14
 2.60864071018651e+06 -9.00769486120441e-14 -3.85423444035570e-14
 2.61277484760361e+06 -7.19750867008509e-14 -3.68497702087013e-14
 2.61690898502070e+06 -7.47617368937775e-14 -3.52297977228713e-14
 2.62104312243779e+06 -7.68453256308821e-14 -3.37115778092553e-14
 2.62517725985489e+06 -1.00620896873177e-13 -3.23318792751309e-14
 2.62931139727198e+06 -6.54525935069616e-14 -3.11323994463143e-14
 2.63344553468908e+06 -9.06399266580566e-14 -3.01566584500099e-14
 2.63757967210617e+06 -6.30375985382525e-14 -2.94466604863459e-14
 2.64171380952327e+06 -8.51383004247620e-14 -2.90395200242199e-14
 2.64584794694036e+06 -6.16888610709345e-14 -2.89642545353557e-14
 2.64998208435745e+06 -7.92018058480635e-14 -2.92389378535856e-14
 2.65411622177455e+06 -7.18503826872992e-14 -2.98683899544754e-14
 2.65825035919164e+06 -7.65360008652928e-14 -3.08425507729041e-14
 2.66238449660874e+06 -8.49715094148561e-14 -3.21356491796662e-14
 2.66651863402583e+06 -7.44284916220802e-14 -3.37062354003717e-14
 2.67065277144293e+06 -8.10035092551000e-14 -3.54980982077998e-14
 2.67478690886002e+06 -6.25605909006489e-14 -3.74420397369931e-14
 2.67892104627712e+06 -8.50504549248580e-14 -3.94584334000047e-14
 2.68305518369421e+06 -6.93261973967410e-14 -4.14604466041542e-14
 2.68718932111130e+06 -9.99536697270053e-14 -4.33577722428668e-14
 2.69132345852840e+06 -7.20200499279391e-14 -4.50606832605289e-14
 2.69545759594549e+06 -7.48330918512456e-14 -4.64842045780016e-14
 2.69959173336259e+06 -8.10926612085381e-14 -4.75521875309876e-14
 2.70372587077968e+06 -7.03093075911403e-14 -4.82010740469727e-14
 2.70786000819678e+06 -8.22561184828073e-14 -4.83831512409320e-14
 2.71199414561387e+06 -5.58579980308187e-14 -4.80691210843797e-14
 2.71612828303096e+06 -5.10589946827643e-14 -4.72498431644520e-14
 2.72026242044806e+06 -8.09680185204600e-14 -4.59371495034389e-14
 2.72439655786515e+06 -6.92467871402961e-14 -4.41636769281531e-14
 2.72853069528225e+06 -7.88970078923942e-14 -4.19817120335935e-14
 2.73266483269934e+06 -5.87639694207065e-14 -3.94610937889097e-14
 2.73679897011644e+06 -7.71581004431321e-14 -3.66862668155564e-14
 2.74093310753353e+06 -7.44627039753437e-14 -3.37526216630243e-14
 2.74506724495062e+06 -7.71035962167796e-14 -3.07622948623086e-14
 2.74920138236772e+06 -6.80153814834845e-14 -2.78196292384682e-14
 2.75333551978481e+06 -7.61274827398703e-14 -2.50265125243980e-14
 2.75746965720191e+06 -6.06710062712271e-14 -2.24778187484508e-14
 2.76160379461900e+06 -7.00253377445611e-14 -2.02571720114048e-14
 2.76573793203610e+06 -7.05047227267843e-14 -1.84332362168950e-14
 2.76987206945319e+06 -6.18257442496422e-14 -1.70567081313482e-14
 2.77400620687028e+06 -5.02841501365505e-14 -1.61581560460361e-14
 2.77814034428738e+06 -6.59306613797364e-14 -1.57468042052613e-14
 2.78227448170447e+06 -6.34681557603752e-14 -1.58103162640410e-14
 2.78640861912157e+06 -8.10803276691875e-14 -1.63155816971811e-14
 2.79054275653866e+06 -5.56680916105913e-14 -1.72104599155781e-14
 2.79467689395576e+06 -7.87959975103392e-14 -1.84263902840815e-14
 2.79881103137285e+06 -5.10535374962102e-14 -1.98817347275253e-14
 2.80294516878994e+06 -7.56708066501062e-14 -2.14856850935509e-14
 2.80707930620704e+06 -7.33494339827922e-14 -2.31425417691706e-14
 2.81121344362413e+06 -8.74513603834976e-14 -2.47561543284410e-14
 2.81534758104123e+06 -8.53280185332324e-14 -2.62343098913091e-14
 2.81948171845832e+06 -6.44534270168464e-14 -2.74928607028627e-14
 2.82361585587542e+06 -7.48244558106347e-14 -2.84593985584348e-14
 2.82774999329251e+06 -6.27069737926082e-14 -2.90763092689403e-14
 2.83188413070960e+06 -7.71812829751544e-14 -2.93030739750314e-14
 2.83601826812670e+06 -5.89048390823503e-14 -2.91177238201074e-14
 2.84015240554379e+06 -6.47646510132519e-14 -2.85173982732472e-14
 2.84428654296089e+06 -8.26822978156699e-14 -2.75180028997658e-14
 2.84842068037798e+06 -5.43550307496550e-14 -2.61530072557383e-14
 2.85255481779508e+06 -8.86451071531044e-14 -2.44714654698121e-14
 2.85668895521217e+06 -5.10562455058438e-14 -2.25353790328873e-14
 2.86082309262927e+06 -6.58899032737623e-14 -2.04165512695796e-14
 2.86495723004636e+06 -6.15375526518910e-14 -1.81931047369597e-14
 2.86909136746345e+06 -7.40949064403385e-14 -1.59458452480937e-14
 2.87322550488055e+06 -7.27113978727851e-14 -1.37546589134298e-14
 2.87735964229764e+06 -5.54077011223648e-14 -1.16951216103880e-14
 2.88149377971474e+06 -7.70634048848249e-14 -9.83548412603252e-15
 2.88562791713183e+06 -5.99426357033637e-14 -8.23417197438118e-15
 2.88976205454893e+06 -6.49284016929473e-14 -6.93790786561758e-15
 2.89389619196602e+06 -6.77619989906358e-14 -5.98052890680395e-15
 2.89803032938311e+06 -5.75423689650907e-14 -5.38253173538377e-15
 2.90216446680021e+06 -7.67387361795296e-14 -5.15133909875834e-15
 2.90629860421730e+06 -4.63139752013917e-14 -5.28224294399802e-15
 2.91043274163440e+06 -8.24996718713614e-14 -5.75994397297118e-15
 2.91456687905149e+06 -6.13804196316337e-14 -6.56057761285426e-15
 2.91870101646859e+06 -6.85137924285432e-14 -7.65409288359182e-15
 2.92283515388568e+06 -7.01591751485500e-14 -9.00683503289883e-15
 2.92696929130277e+06 -5.64187319403336e-14 -1.05841754463879e-14
 2.93110342871987e+06 -7.67618511172953e-14 -1.23530338266563e-14
 2.93523756613696e+06 -7.77515085433695e-14 -1.42841473487442e-14
 2.93937170355406e+06 -7.79973129356023e-14 -1.63539591056594e-14
 2.94350584097115e+06 -7.38216497064507e-14 -1.85460223194806e-14
 2.94763997838825e+06 -6.36175334959055e-14 -2.08518462522687e-14
 2.95177411580534e+06 -5.74430165406521e-14 -2.32711427019048e-14
 2.95590825322243e+06 -7.06721750022488e-14 -2.58114667351944e-14
 2.96004239063953e+06 -7.23195607612275e-14 -2.84872797758975e-14
 2.96417652805662e+06 -7.48385443452677e-14 -3.13184956607445e-14
 2.96831066547372e+06 -7.23281627107710e-14 -3.43285989960958e-14
 2.97244480289081e+06 -5.60477053289191e-14 -3.75424485534215e-14
 2.97657894030791e+06 -7.45311953025931e-14 -4.09838954608559e-14
 2.98071307772500e+06 -5.17986087966049e-14 -4.46733556263070e-14
 2.98484721514209e+06 -7.56146611653092e-14 -4.86254778728523e-14
 2.98898135255919e+06 -5.14374310101255e-14 -5.28470435555757e-14
 2.99311548997628e+06 -7.69077053615837e-14 -5.73352204330593e-14
 2.99724962739338e+06 -7.96964244975432e-14 -6.20762741182066e-14
 3.00138376481047e+06 -7.15133960650316e-14 -6.70448155348729e-14
 3.00551790222757e+06 -7.40758910190540e-14 -7.22036339464118e-14
 3.00965203964466e+06 -6.94669708405038e-14 -7.75041339499464e-14
 3.01378617706175e+06 -7.22321086298985e-14 -8.28873627935841e-14
 3.01792031447885e+06 -7.31723143032942e-14 -8.82855835115222e-14
 3.02205445189594e+06 -7.08443845536571e-14 -9.36243209871817e-14
 3.02618858931304e+06 -7.61953172196106e-14 -9.88247838378583e-14
 3.03032272673013e+06 -5.03787459355166e-14 -1.03806546066866e-13
 3.03445686414723e+06 -5.63475720542577e-14 -1.08490359691249e-13
 3.03859100156432e+06 -2.53529970141571e-14 -1.12800963646704e-13
 3.04272513898141e+06 -6.93945705432166e-14 -1.16669755351200e-13
 3.04685927639851e+06 -6.41329548954058e-14 -1.20037199242990e-13
 3.05099341381560e+06 -5.75634832543673e-14 -1.22854860887648e-13
 3.05512755123270e+06 -7.08215769725442e-14 -1.25086974981105e-13
 3.05926168864979e+06 -4.65512094160173e-14 -1.26711479734623e-13
 3.06339582606689e+06 -6.83663956857172e-14 -1.27720477256680e-13
 3.06752996348398e+06 -6.64919326455005e-14 -1.28120108383561e-13
 3.07166410090108e+06 -5.17772264222119e-14 -1.27929859146351e-13
 3.07579823831817e+06 -7.26433622775380e-14 -1.27181343577616e-13
 3.07993237573526e+06 -4.23496088788906e-14 -1.25916632125967e-13
 3.08406651315236e+06 -1.01255535592756e-13 -1.24186215534766e-13
 3.08820065056945e+06 -5.48988835823143e-14 -1.22046709684962e-13
 3.09233478798655e+06 -8.79859851709295e-14 -1.19558416785220e-13
 3.09646892540364e+06 -5.35152619860242e-14 -1.16782862133970e-13
 3.10060306282074e+06 -7.76171688148916e-14 -1.13780423387412e-13
 3.10473720023783e+06 -5.33680161831688e-14 -1.10608161093141e-13
 3.10887133765492e+06 -5.91327189568786e-14 -1.07317945762099e-13
 3.11300547507202e+06 -5.58717353849761e-14 -1.03954958807609e-13
 3.11713961248911e+06 -6.22726594576974e-14 -1.00556623261618e-13
 3.12127374990621e+06 -6.47422720894610e-14 -9.71519965499368e-14
 3.12540788732330e+06 -8.07814598320660e-14 -9.37616330227742e-14
 3.12954202474040e+06 -6.30718210662990e-14 -9.03978996640078e-14
 3.13367616215749e+06 -6.33415205528013e-14 -8.70657057693020e-14
 3.13781029957458e+06 -6.52218609943675e-14 -8.37635874951053e-14
 3.14194443699168e+06 -6.70770899545106e-14 -8.04850719526559e-14
 3.14607857440877e+06 -6.24037974784127e-14 -7.72202337442978e-14
 3.15021271182587e+06 -7.50616437100148e-14 -7.39573500797596e-14
 3.15434684924296e+06 -3.83316872751568e-14 -7.06845588736544e-14
 3.15848098666006e+06 -7.13578408699129e-14 -6.73914276957706e-14
 3.16261512407715e+06 -2.79786604259196e-14 -6.40703496047150e-14
 3.16674926149424e+06 -7.69344742318506e-14 -6.07176942873171e-14
 3.17088339891134e+06 -5.76986161330437e-14 -5.73346587356496e-14
 3.17501753632843e+06 -6.97259964024330e-14 -5.39277799191069e-14
 3.17915167374553e+06 -6.59011323805572e-14 -5.05090916504482e-14
 3.18328581116262e+06 -5.33891953789778e-14 -4.70959278643102e-14
 3.18741994857972e+06 -7.78291540488491e-14 -4.37103938335316e-14
 3.19155408599681e+06 -4.70715228590892e-14 -4.03785443718099e-14
 3.19568822341390e+06 -5.91016953717030e-14 -3.71293230130294e-14
 3.19982236083100e+06 -6.64936174015006e-14 -3.39933276638881e-14
 3.20395649824809e+06 -6.39028650656594e-14 -3.10014759129694e-14
 3.20809063566519e+06 -7.72123179027524e-14 -2.81836465961606e-14
 3.21222477308228e+06 -6.74511813849299e-14 -2.55673734798293e-14
 3.21635891049938e+06 -8.30244541336050e-14 -2.31766619476386e-14
 3.22049304791647e+06 -5.93500660949936e-14 -2.10309910450962e-14
 3.22462718533356e+06 -4.87410945542056e-14 -1.91445513999850e-14
 3.22876132275066e+06 -5.57818638153950e-14 -1.75257553245196e-14
 3.23289546016775e+06 -3.79739597321428e-14 -1.61770396622306e-14
 3.23702959758485e+06 -4.78106402362549e-14 -1.50949653162591e-14
 3.24116373500194e+06 -4.56054063939577e-14 -1.42706011892999e-14
 3.24529787241904e+06 -7.01908803465781e-14 -1.36901649101936e-14
 3.24943200983613e+06 -7.45810788754775e-14 -1.33358794918205e-14
 3.25356614725323e+06 -6.41176957753379e-14 -1.31869941151822e-14
 3.25770028467032e+06 -8.78439290752680e-14 -1.32209095944693e-14
 3.26183442208741e+06 -4.60714087750973e-14 -1.34143446546397e-14
 3.26596855950451e+06 -6.16705565524976e-14 -1.37444784483391e-14
 3.27010269692160e+06 -5.16422494264141e-14 -1.41900074022892e-14
 3.27423683433870e+06 -6.14138623294975e-14 -1.47320605611847e-14
 3.27837097175579e+06 -4.25995196815947e-14 -1.53549264562513e-14
 3.28250510917289e+06 -6.08039146424161e-14 -1.60465558038531e-14
 3.28663924658998e+06 -3.91786698278208e-14 -1.67988172184050e-14
 3.29077338400707e+06 -6.87908824906439e-14 -1.76074970298594e-14
 3.29490752142417e+06 -5.41559934297603e-14 -1.84720483377023e-14
 3.29904165884126e+06 -7.18522013115615e-14 -1.93951079352139e-14
 3.30317579625836e+06 -6.55544340137381e-14 -2.03818119702466e-14
 3.30730993367545e+06 -3.40014764850608e-14 -2.14389515261392e-14
 3.31144407109255e+06 -4.62387607051927e-14 -2.25740172811718e-14
 3.31557820850964e+06 -6.25729422232314e-14 -2.37941875528726e-14
 3.31971234592673e+06 -3.85509208203514e-14 -2.51053162898932e-14
 3.32384648334383e+06 -6.84362133192323e-14 -2.65109767219896e-14
 3.32798062076092e+06 -6.16677872706188e-14 -2.80116127118800e-14
 3.33211475817802e+06 -7.30149397571576e-14 -2.96038434732220e-14
 3.33624889559511e+06 -8.21573468047520e-14 -3.12799587127962e-14
 3.34038303301221e+06 -7.25256108501321e-14 -3.30276309054611e-14
 3.34451717042930e+06 -4.55994998932304e-14 -3.48298598738144e-14
 3.34865130784639e+06 -5.76696451479835e-14 -3.66651527702934e-14
 3.35278544526349e+06 -4.06174804725749e-14 -3.85079305954099e-14
 3.35691958268058e+06 -5.55217237673360e-14 -4.03291411036603e-14
 3.36105372009768e+06 -4.80045108974372e-14 -4.20970479562473e-14
 3.36518785751477e+06 -6.80298207317325e-14 -4.37781577551719e-14
 3.36932199493187e+06 -5.84323386042560e-14 -4.53382404620571e-14
 3.37345613234896e+06 -6.00386035810689e-14 -4.67433950096526e-14
 3.37759026976605e+06 -5.44825472539724e-14 -4.79611106974222e-14
 3.38172440718315e+06 -6.35985242705102e-14 -4.89612762916741e-14
 3.38585854460024e+06 -6.35123248821497e-14 -4.97170923920036e-14
 3.38999268201734e+06 -6.13234248234775e-14 -5.02058484423127e-14
 3.39412681943443e+06 -4.67890502445306e-14 -5.04095333545345e-14
 3.39826095685153e+06 -6.14436097730809e-14 -5.03152574971812e-14
 3.40239509426862e+06 -6.99826037455823e-14 -4.99154736295387e-14
 3.40652923168571e+06 -7.95976933867148e-14 -4.92079943084800e-14
 3.41066336910281e+06 -5.85832206144432e-14 -4.81958131674639e-14
 3.41479750651990e+06 -5.39404571659298e-14 -4.68867465554131e-14
 3.41893164393700e+06 -6.17686356766476e-14 -4.52929200574582e-14
 3.42306578135409e+06 -8.04638950441545e-14 -4.34301308855643e-14
 3.42719991877119e+06 -6.66258285838331e-14 -4.13171218211613e-14
 3.43133405618828e+06 -6.44759297139804e-14 -3.89748051482448e-14
 3.43546819360538e+06 -3.02925234595469e-14 -3.64254757030803e-14
 3.43960233102247e+06 -5.56702447753480e-14 -3.36920508965121e-14
 3.44373646843956e+06 -5.54857004140479e-14 -3.07973723519599e-14
 3.44787060585666e+06 -6.92529500775716e-14 -2.77635990854042e-14
 3.45200474327375e+06 -6.53701659088215e-14 -2.46117159281096e-14
 3.45613888069085e+06 -8.56883363513860e-14 -2.13611739017767e-14
 3.46027301810794e+06 -6.19837254333877e-14 -1.80296714837569e-14
 3.46440715552504e+06 -6.03664703462062e-14 -1.46330779702587e-14
 3.46854129294213e+06 -6.78566200274209e-14 -1.11854925156620e-14
 3.47267543035922e+06 -3.60622895420800e-14 -7.69942554785196e-15
 3.47680956777632e+06 -5.17479440290828e-14 -4.18608327337949e-15
 3.48094370519341e+06 -4.73356067561133e-14 -6.55731299409278e-16
 3.48507784261051e+06 -2.95086345448561e-14  2.88188985773422e-15
 3.48921198002760e+06 -6.69486784558969e-14  6.41712631311906e-15
 3.49334611744470e+06 -3.75624295168329e-14  9.93997840650624e-15
 3.49748025486179e+06 -5.24608220697108e-14  1.34397019224336e-14
 3.50161439227888e+06 -3.81156654550397e-14  1.69044676399835e-14
 3.50574852969598e+06 -5.42287972854102e-14  2.03210998229097e-14
 3.50988266711307e+06 -6.14988381365012e-14  2.36749092298654e-14
 3.51401680453017e+06 -5.77261526838544e-14  2.69496305441925e-14
 3.51815094194726e+06 -5.82420664394478e-14  3.01274680776688e-14
 3.52228507936436e+06 -7.28673384397482e-14  3.31892475720877e-14
 3.52641921678145e+06 -6.59155681329062e-14  3.61146662429802e-14
 3.53055335419854e+06 -5.72413256742084e-14  3.88826280657654e-14
 3.53468749161564e+06 -5.34192997135158e-14  4.14716471292859e-14
 3.53882162903273e+06 -6.83455100506737e-14  4.38602986700688e-14
 3.54295576644983e+06 -6.37929054996751e-14  4.60276954803654e-14
 3.54708990386692e+06 -5.12449417232889e-14  4.79539666554863e-14
 3.55122404128402e+06 -7.55020593955630e-14  4.96207162395976e-14
 3.55535817870111e+06 -4.84387296173156e-14  5.10114411243022e-14
 3.55949231611820e+06 -4.83395829134580e-14  5.21118903513773e-14
 3.56362645353530e+06 -2.71258705228291e-14  5.29103517432680e-14
 3.56776059095239e+06 -4.43982612360184e-14  5.33978561280894e-14
 3.57189472836949e+06 -6.87639991737711e-14  5.35682942252536e-14
 3.57602886578658e+06 -4.87367048808895e-14  5.34184460902951e-14
 3.58016300320368e+06 -6.14377219027095e-14  5.29479278109546e-14
 3.58429714062077e+06 -3.71344001529556e-14  5.21590643609155e-14
 3.58843127803786e+06 -5.56848538935469e-14  5.10567012551524e-14
 3.59256541545496e+06 -3.15963883287647e-14  4.96479703655495e-14
 3.59669955287205e+06 -6.27694741886607e-14  4.79420270834975e-14
 3.60083369028915e+06 -4.64273269011191e-14  4.59497767537241e-14
 3.60496782770624e+06 -5.85631902114362e-14  4.36836078576292e-14
 3.60910196512334e+06 -4.16656257708635e-14  4.11571480159432e-14
 3.61323610254043e+06 -3.31624691114562e-14  3.83850563702055e-14
 3.61737023995752e+06 -2.57441591291187e-14  3.53828626977841e-14
 3.62150437737462e+06 -5.29076583439891e-14  3.21668596591794e-14
 3.62563851479171e+06 -4.06371820426062e-14  2.87540503019235e-14
 3.62977265220881e+06 -3.95091379265702e-14  2.51621484903974e-14
 3.63390678962590e+06 -6.54760638472524e-14  2.14096255976157e-14
 3.63804092704300e+06 -5.37770658586903e-14  1.75157928761174e-14
 3.64217506446009e+06 -4.65988629474233e-14  1.35009055529278e-14
 3.64630920187719e+06 -4.34940020158412e-14  9.38627223804648e-15
 3.65044333929428e+06 -4.19381809838396e-14  5.19435170984622e-15
 3.65457747671137e+06 -6.16614414924680e-14  9.48818786275132e-16
 3.65871161412847e+06 -5.22101178492087e-14 -3.32541831035155e-15
 3.66284575154556e+06 -4.05985716471197e-14 -7.60226467831807e-15
 3.66697988896266e+06 -4.31808927832007e-14 -1.18545621974355e-14
 3.67111402637975e+06 -6.68802241753254e-14 -1.60542984080048e-14
 3.67524816379685e+06 -5.89547856962627e-14 -2.01729047641455e-14
 3.67938230121394e+06 -5.13253512324703e-14 -2.41816430400452e-14
 3.68351643863103e+06 -1.33287772075906e-14 -2.80520731819461e-14
 3.68765057604813e+06 -6.22159822528903e-14 -3.17565904809128e-14
 3.69178471346522e+06 -4.39010847834569e-14 -3.52690148635262e-14
 3.69591885088232e+06 -5.00932364391525e-14 -3.85652106745940e-14
 3.70005298829941e+06 -4.26639495275609e-14 -4.16237117703323e-14
 3.70418712571651e+06 -5.63767740020722e-14 -4.44263243618238e-14
 3.70832126313360e+06 -6.14206646586348e-14 -4.69586789070758e-14
 3.71245540055069e+06 -5.05810697616588e-14 -4.92107027512673e-14
 3.71658953796779e+06 -4.14768349366823e-14 -5.11769869031735e-14
 3.72072367538488e+06 -4.94503955554110e-14 -5.28570236745134e-14
 3.72485781280198e+06 -5.85903377091526e-14 -5.42552964205851e-14
 3.72899195021907e+06 -6.46003662794276e-14 -5.53812083242903e-14
 3.73312608763617e+06 -1.46135060297608e-14 -5.62488439042181e-14
 3.73726022505326e+06 -4.35809303457177e-14 -5.68765641015806e-14
 3.74139436247035e+06 -4.30540371468328e-14 -5.72864434389985e-14
 3.74552849988745e+06 -3.27100266117657e-14 -5.75035651882042e-14
 3.74966263730454e+06 -5.92477739047403e-14 -5.75551975502184e-14
 3.75379677472164e+06 -3.16709246696074e-14 -5.74698800698426e-14
 3.75793091213873e+06 -4.92457462154871e-14 -5.72764546490596e-14
 3.76206504955583e+06 -5.49598711745262e-14 -5.70030790962242e-14
 3.76619918697292e+06 -5.02762088837630e-14 -5.66762633054756e-14
 3.77033332439001e+06 -5.61543143563119e-14 -5.63199682399883e-14
 3.77446746180711e+06 -2.47462855094838e-14 -5.59548063256046e-14
 3.77860159922420e+06 -6.11373014868854e-14 -5.55973783286144e-14
 3.78273573664130e+06 -5.02011561548101e-14 -5.52597765573138e-14
 3.78686987405839e+06 -8.77599883456376e-14 -5.49492774566679e-14
 3.79100401147549e+06 -4.12034318864500e-14 -5.46682387028390e-14
 3.79513814889258e+06 -4.23482923925071e-14 -5.44142069312438e-14
 3.79927228630967e+06 -5.63127676464323e-14 -5.41802329362037e-14
 3.80340642372677e+06 -3.92888231779906e-14 -5.39553816702776e-14
 3.80754056114386e+06 -6.36934186456689e-14 -5.37254154285856e-14
 3.81167469856096e+06 -4.47637609816923e-14 -5.34736203663708e-14
 3.81580883597805e+06 -3.30357246197245e-14 -5.31817396450246e-14
 3.81994297339515e+06 -3.81414813236213e-14 -5.28309712122433e-14
 3.82407711081224e+06 -5.26529594342627e-14 -5.24029848487691e-14
 3.82821124822934e+06 -5.04712187542881e-14 -5.18809118816694e-14
 3.83234538564643e+06 -4.68116479392241e-14 -5.12502619148683e-14
 3.83647952306352e+06 -4.01909606629425e-14 -5.04997241129224e-14
 3.84061366048062e+06 -5.23407113430928e-14 -4.96218158085000e-14
 3.84474779789771e+06 -6.53966776520664e-14 -4.86133483288536e-14
 3.84888193531481e+06 -4.62073546533453e-14 -4.74756885948907e-14
 3.85301607273190e+06 -5.52364183388821e-14 -4.62148048466331e-14
 3.85715021014900e+06 -4.89744211009427e-14 -4.48410952592342e-14
 3.86128434756609e+06 -4.91899693596535e-14 -4.33690089049941e-14
 3.86541848498318e+06 -4.80079556851300e-14 -4.18164786603637e-14
 3.86955262240028e+06 -5.18937102768811e-14 -4.02041950789379e-14
 3.87368675981737e+06 -3.90642596810332e-14 -3.85547581656443e-14
 3.87782089723447e+06 -5.86349007136424e-14 -3.68917501777014e-14
 3.88195503465156e+06 -4.47839591518459e-14 -3.52387766161435e-14
 3.88608917206866e+06 -5.42414343856564e-14 -3.36185242122578e-14
 3.89022330948575e+06 -4.60314156732709e-14 -3.20518839252419e-14
 3.89435744690284e+06 -4.51129586852301e-14 -3.05571836486965e-14
 3.89849158431994e+06 -5.19638918748670e-14 -2.91495696769132e-14
 3.90262572173703e+06 -3.22510597962646e-14 -2.78405682904088e-14
 3.90675985915413e+06 -4.26720099747887e-14 -2.66378493581985e-14
 3.91089399657122e+06 -6.44803582963119e-14 -2.55452031975192e-14
 3.91502813398832e+06 -4.84092009460112e-14 -2.45627305104827e-14
 3.91916227140541e+06 -4.52156723613261e-14 -2.36872337622709e-14
 3.92329640882250e+06 -3.61898327564318e-14 -2.29127872730401e-14
 3.92743054623960e+06 -6.60350952626637e-14 -2.22314533558610e-14
 3.93156468365669e+06 -3.52107457028725e-14 -2.16341034579744e-14
 3.93569882107379e+06 -5.00566989529132e-14 -2.11112969602464e-14
 3.93983295849088e+06 -5.05715368301643e-14 -2.06541664095813e-14
 3.94396709590798e+06 -4.40931699997432e-14 -2.02552568289504e-14
 3.94810123332507e+06 -3.59280585994613e-14 -1.99092683010928e-14
 3.95223537074216e+06 -4.56283397010379e-14 -1.96136554391816e-14
 3.95636950815926e+06 -3.83059053015223e-14 -1.93690442948961e-14
 3.96050364557635e+06 -8.06585633849435e-14 -1.91794364575607e-14
 3.96463778299345e+06 -3.72193027889311e-14 -1.90521811656265e-14
 3.96877192041054e+06 -7.68745836248976e-14 -1.89977085262798e-14
 3.97290605782764e+06 -4.93346687417975e-14 -1.90290299210325e-14
 3.97704019524473e+06 -5.77813543738194e-14 -1.91610246322121e-14
 3.98117433266182e+06 -5.88290859421610e-14 -1.94095439408044e-14
 3.98530847007892e+06 -4.46398834920470e-14 -1.97903748954134e-14
 3.98944260749601e+06 -5.23701873978527e-14 -2.03181148377133e-14
 3.99357674491311e+06 -2.47723983266553e-14 -2.10050143290726e-14
 3.99771088233020e+06 -4.77440878932801e-14 -2.18598497025470e-14
 4.00184501974730e+06 -1.96331555073932e-14 -2.28868870277856e-14
 4.00597915716439e+06 -3.00820727988813e-14 -2.40849966623109e-14
 4.01011329458148e+06 -6.86778158846833e-14 -2.54469717426824e-14
 4.01424743199858e+06 -2.92863413858612e-14 -2.69590953672075e-14
 4.01838156941567e+06 -5.03066568167398e-14 -2.86009900706817e-14
 4.02251570683277e+06 -2.74884380254448e-14 -3.03457700601303e-14
 4.02664984424986e+06 -5.70442079295448e-14 -3.21605022432356e-14
 4.03078398166696e+06 -3.10169178777408e-14 -3.40069670063386e-14
 4.03491811908405e+06 -2.53034649915969e-14 -3.58426947059847e-14
 4.03905225650115e+06 -5.05809317091158e-14 -3.76222398277233e-14
 4.04318639391824e+06 -3.90875116659091e-14 -3.92986422892072e-14
 4.04732053133533e+06 -6.18425740570237e-14 -4.08250151843443e-14
 4.05145466875243e+06 -4.90566775217794e-14 -4.21561909290528e-14
 4.05558880616952e+06 -3.57785127418517e-14 -4.32503536155794e-14
 4.05972294358662e+06 -5.51212871123785e-14 -4.40705847508089e-14
 4.06385708100371e+06 -4.30066240984829e-14 -4.45862524428223e-14
 4.06799121842081e+06 -5.73743028342967e-14 -4.47741804613488e-14
 4.07212535583790e+06 -3.11857502325625e-14 -4.46195431013058e-14
 4.07625949325499e+06 -3.07629196149307e-14 -4.41164440376215e-14
 4.08039363067209e+06 -4.89978338114853e-14 -4.32681517315253e-14
 4.08452776808918e+06 -4.14757969949011e-14 -4.20869797349697e-14
 4.08866190550628e+06 -5.18074860508845e-14 -4.05938167344713e-14
 4.09279604292337e+06 -2.83554925374961e-14 -3.88173274132380e-14
 4.09693018034047e+06 -4.41423319290696e-14 -3.67928605703280e-14
 4.10106431775756e+06 -5.11811072818029e-14 -3.45611144279196e-14
 4.10519845517465e+06 -4.07126112504171e-14 -3.21666202139901e-14
 4.10933259259175e+06 -3.84439652377481e-14 -2.96561131882568e-14
 4.11346673000884e+06 -1.90671403043568e-14 -2.70768649844515e-14
 4.11760086742594e+06 -2.63628141496580e-14 -2.44750521814159e-14
 4.12173500484303e+06 -5.06009315247857e-14 -2.18942333601459e-14
 4.12586914226013e+06 -5.64594115001023e-14 -1.93740007156640e-14
 4.13000327967722e+06 -3.04795812552823e-14 -1.69488627940443e-14
 4.13413741709431e+06 -3.24888597078621e-14 -1.46474027769443e-14
