#time(au), s(t), s(t) without exp(iwt)
 0.00000000000000e+01 -1.00105060494191e-10 -1.00105060494191e-10
 4.13413741709430e+03 -9.89146306172055e-11 -1.00050809925962e-10
 8.26827483418859e+03 -9.90046761871923e-11 -9.98967516529229e-11
 1.24024122512829e+04 -9.85080836368316e-11 -9.96000597357735e-11
 1.65365496683772e+04 -9.82961228493569e-11 -9.91505874424195e-11
 2.06706870854715e+04 -9.80659436253533e-11 -9.85533580646435e-11
 2.48048245025658e+04 -9.75769864694289e-11 -9.78200452284764e-11
 2.89389619196601e+04 -9.74261225653932e-11 -9.69649405972891e-11
 3.30730993367544e+04 -9.71524090019255e-11 -9.60031240464865e-11
 3.72072367538487e+04 -9.68450529954800e-11 -9.49496733195104e-11
 4.13413741709430e+04 -9.65858483855547e-11 -9.38193299202486e-11
 4.54755115880372e+04 -9.61390197869639e-11 -9.26263386251977e-11
 4.96096490051315e+04 -9.59883023941206e-11 -9.13843330896591e-11
 5.37437864222258e+04 -9.56435231896015e-11 -9.01062186755780e-11
 5.78779238393201e+04 -9.53708305028279e-11 -8.88040420440724e-11
 6.20120612564144e+04 -9.50948098020460e-11 -8.74888543356984e-11
 6.61461986735087e+04 -9.47695139492332e-11 -8.61705810233820e-11
 7.02803360906030e+04 -9.45401414497741e-11 -8.48579121389326e-11
 7.44144735076973e+04 -9.42230499966916e-11 -8.35582244107429e-11
 7.85486109247916e+04 -9.40043531240085e-11 -8.22775434527296e-11
 8.26827483418859e+04 -9.38298911372080e-11 -8.10205503609343e-11
 8.68168857589802e+04 -9.33994615045225e-11 -7.97906333823046e-11
 9.09510231760745e+04 -9.32641937246535e-11 -7.85899819966235e-11
 9.50851605931688e+04 -9.28287715740010e-11 -7.74197179596589e-11
 9.92192980102631e+04 -9.26745574242778e-11 -7.62800556853728e-11
 1.03353435427357e+05 -9.23350151374625e-11 -7.51704828423183e-11
 1.07487572844452e+05 -9.20507062345858e-11 -7.40899512124165e-11
 1.11621710261546e+05 -9.18539627337334e-11 -7.30370676883960e-11
 1.15755847678640e+05 -9.16166780000045e-11 -7.20102757224063e-11
 1.19889985095735e+05 -9.13635165261937e-11 -7.10080185138650e-11
 1.24024122512829e+05 -9.10094062579661e-11 -7.00288766513275e-11
 1.28158259929923e+05 -9.07503367961173e-11 -6.90716746979886e-11
 1.32292397347018e+05 -9.04896591391256e-11 -6.81355532193594e-11
 1.36426534764112e+05 -9.01650418691865e-11 -6.72200048748105e-11
 1.40560672181206e+05 -8.98840089809895e-11 -6.63248753118339e-11
 1.44694809598300e+05 -8.96951977576253e-11 -6.54503315977621e-11
 1.48828947015395e+05 -8.94347363751683e-11 -6.45968026932106e-11
 1.52963084432489e+05 -8.92549027861954e-11 -6.37648979251163e-11
 1.57097221849583e+05 -8.89180276893978e-11 -6.29553104843551e-11
 1.61231359266678e+05 -8.86736265003436e-11 -6.21687136056450e-11
 1.65365496683772e+05 -8.84332155534906e-11 -6.14056572624025e-11
 1.69499634100866e+05 -8.81030561662137e-11 -6.06664729280856e-11
 1.73633771517960e+05 -8.79356061220503e-11 -5.99511932446331e-11
 1.77767908935055e+05 -8.75824343691671e-11 -5.92594923470795e-11
 1.81902046352149e+05 -8.74369657528188e-11 -5.85906511898799e-11
 1.86036183769243e+05 -8.70702170897770e-11 -5.79435505892685e-11
 1.90170321186338e+05 -8.69562872680766e-11 -5.73166929325527e-11
 1.94304458603432e+05 -8.66613945441163e-11 -5.67082517099361e-11
 1.98438596020526e+05 -8.64905381430689e-11 -5.61161462985448e-11
 2.02572733437620e+05 -8.62366766208453e-11 -5.55381378667774e-11
 2.06706870854715e+05 -8.58440877526253e-11 -5.49719409552476e-11
 2.10841008271809e+05 -8.57380431317931e-11 -5.44153442981850e-11
 2.14975145688903e+05 -8.53748454851814e-11 -5.38663338283768e-11
 2.19109283105998e+05 -8.51379949281164e-11 -5.33232105899230e-11
 2.23243420523092e+05 -8.48615561619398e-11 -5.27846964751853e-11
 2.27377557940186e+05 -8.46401104416782e-11 -5.22500212913385e-11
 2.31511695357280e+05 -8.44063586038876e-11 -5.17189856127490e-11
 2.35645832774375e+05 -8.42036684986034e-11 -5.11919951338438e-11
 2.39779970191469e+05 -8.39936720572129e-11 -5.06700637327965e-11
 2.43914107608563e+05 -8.36835996039134e-11 -5.01547841072500e-11
 2.48048245025658e+05 -8.35040933939868e-11 -4.96482665597259e-11
 2.52182382442752e+05 -8.32566231348978e-11 -4.91530482001743e-11
 2.56316519859846e+05 -8.29958764648494e-11 -4.86719764068584e-11
 2.60450657276940e+05 -8.28386178357932e-11 -4.82080717617005e-11
 2.64584794694035e+05 -8.24953519303415e-11 -4.77643767815000e-11
 2.68718932111129e+05 -8.23180143720473e-11 -4.73437975461222e-11
 2.72853069528223e+05 -8.20648029398816e-11 -4.69489457405523e-11
 2.76987206945318e+05 -8.18085084520082e-11 -4.65819886612648e-11
 2.81121344362412e+05 -8.16258343708946e-11 -4.62445143901211e-11
 2.85255481779506e+05 -8.12502254819350e-11 -4.59374186327269e-11
 2.89389619196601e+05 -8.11127577419352e-11 -4.56608186924919e-11
 2.93523756613695e+05 -8.08632000814331e-11 -4.54139987627106e-11
 2.97657894030789e+05 -8.07095982558293e-11 -4.51953892352509e-11
 3.01792031447884e+05 -8.04544945151823e-11 -4.50025811236955e-11
 3.05926168864978e+05 -8.01965390445714e-11 -4.48323750633109e-11
 3.10060306282072e+05 -8.00212743429230e-11 -4.46808627627194e-11
 3.14194443699167e+05 -7.97261535172341e-11 -4.45435373212607e-11
 3.18328581116261e+05 -7.95524336857770e-11 -4.44154275624977e-11
 3.22462718533355e+05 -7.93398482434726e-11 -4.42912505270381e-11
 3.26596855950449e+05 -7.90228321201482e-11 -4.41655755616133e-11
 3.30730993367544e+05 -7.89039230486545e-11 -4.40329930643827e-11
 3.34865130784638e+05 -7.86299536310372e-11 -4.38882809092259e-11
 3.38999268201732e+05 -7.85202546026964e-11 -4.37265618676746e-11
 3.43133405618827e+05 -7.81621863668899e-11 -4.35434459518293e-11
 3.47267543035921e+05 -7.79171472935909e-11 -4.33351524762594e-11
 3.51401680453015e+05 -7.76622246958712e-11 -4.30986077294029e-11
 3.55535817870110e+05 -7.75757409149414e-11 -4.28315153936796e-11
 3.59669955287204e+05 -7.73378289859906e-11 -4.25323981905974e-11
 3.63804092704298e+05 -7.70309759254518e-11 -4.22006105819644e-11
 3.67938230121393e+05 -7.67288300397036e-11 -4.18363236620071e-11
 3.72072367538487e+05 -7.66803402584167e-11 -4.14404845633939e-11
 3.76206504955581e+05 -7.64406244123261e-11 -4.10147537168610e-11
 3.80340642372676e+05 -7.62395271847070e-11 -4.05614241043136e-11
 3.84474779789770e+05 -7.59521926974712e-11 -4.00833271967461e-11
 3.88608917206864e+05 -7.58314892889027e-11 -3.95837305532634e-11
 3.92743054623959e+05 -7.55943169669986e-11 -3.90662320730648e-11
 3.96877192041053e+05 -7.53101512552724e-11 -3.85346556498588e-11
 4.01011329458147e+05 -7.51654334152987e-11 -3.79929525029638e-11
 4.05145466875241e+05 -7.48595334484663e-11 -3.74451117878998e-11
 4.09279604292336e+05 -7.46773673364270e-11 -3.68950832676138e-11
 4.13413741709430e+05 -7.44868674112240e-11 -3.63467139059727e-11
 4.17547879126524e+05 -7.41969113017475e-11 -3.58036992836936e-11
 4.21682016543619e+05 -7.41239051250220e-11 -3.52695497895691e-11
 4.25816153960713e+05 -7.38102269349339e-11 -3.47475706595940e-11
 4.29950291377807e+05 -7.36816393546358e-11 -3.42408541711563e-11
 4.34084428794902e+05 -7.33490690120622e-11 -3.37522816875818e-11
 4.38218566211996e+05 -7.32565384074816e-11 -3.32845328193423e-11
 4.42352703629090e+05 -7.30295600412215e-11 -3.28400987393824e-11
 4.46486841046185e+05 -7.28413558311500e-11 -3.24212966668694e-11
 4.50620978463279e+05 -7.26562453237343e-11 -3.20302827093864e-11
 4.54755115880373e+05 -7.23625887563910e-11 -3.16690606100884e-11
 4.58889253297468e+05 -7.22721423566328e-11 -3.13394844556548e-11
 4.63023390714562e+05 -7.19558103239162e-11 -3.10432540266492e-11
 4.67157528131656e+05 -7.17343658578123e-11 -3.07819021720679e-11
 4.71291665548751e+05 -7.15970681249010e-11 -3.05567743190656e-11
 4.75425802965845e+05 -7.13075076799742e-11 -3.03690009410770e-11
 4.79559940382939e+05 -7.10753610530968e-11 -3.02194644586494e-11
 4.83694077800033e+05 -7.09148711461207e-11 -3.01087625980377e-11
 4.87828215217128e+05 -7.06936485635667e-11 -3.00371706499109e-11
 4.91962352634222e+05 -7.05800196370432e-11 -3.00046053300751e-11
 4.96096490051316e+05 -7.03057170662052e-11 -3.00105930312162e-11
 5.00230627468411e+05 -7.01414769639704e-11 -3.00542451647086e-11
 5.04364764885505e+05 -6.99521655372052e-11 -3.01342430304948e-11
 5.08498902302599e+05 -6.97610024625891e-11 -3.02488342366275e-11
 5.12633039719694e+05 -6.95683824793750e-11 -3.03958421428296e-11
 5.16767177136788e+05 -6.92806256158185e-11 -3.05726891560610e-11
 5.20901314553882e+05 -6.91524040636053e-11 -3.07764339976394e-11
 5.25035451970977e+05 -6.89327270525216e-11 -3.10038223314253e-11
 5.29169589388071e+05 -6.87802950834527e-11 -3.12513494316145e-11
 5.33303726805165e+05 -6.85064678413485e-11 -3.15153329167611e-11
 5.37437864222260e+05 -6.83355648523249e-11 -3.17919930195206e-11
 5.41572001639354e+05 -6.81349014529403e-11 -3.20775374297329e-11
 5.45706139056448e+05 -6.79192226444162e-11 -3.23682474647904e-11
 5.49840276473543e+05 -6.77808553355081e-11 -3.26605622009106e-11
 5.53974413890637e+05 -6.75913047790706e-11 -3.29511572472605e-11
 5.58108551307731e+05 -6.74018845941641e-11 -3.32370150588544e-11
 5.62242688724826e+05 -6.71780520471181e-11 -3.35154840511104e-11
 5.66376826141920e+05 -6.69052323781403e-11 -3.37843242787424e-11
 5.70510963559014e+05 -6.67866632151048e-11 -3.40417380471257e-11
 5.74645100976108e+05 -6.65776515849032e-11 -3.42863845031160e-11
 5.78779238393203e+05 -6.64517665756036e-11 -3.45173779687517e-11
 5.82913375810297e+05 -6.62370096267119e-11 -3.47342704986931e-11
 5.87047513227391e+05 -6.60300884730509e-11 -3.49370198238254e-11
 5.91181650644486e+05 -6.58707876328427e-11 -3.51259444560965e-11
 5.95315788061580e+05 -6.56626445817689e-11 -3.53016682435927e-11
 5.99449925478674e+05 -6.54943762603307e-11 -3.54650570568952e-11
 6.03584062895769e+05 -6.52334608456673e-11 -3.56171505413284e-11
 6.07718200312863e+05 -6.50354618986366e-11 -3.57590919759670e-11
 6.11852337729957e+05 -6.49530955092470e-11 -3.58920592383754e-11
 6.15986475147052e+05 -6.46867867134969e-11 -3.60171996908349e-11
 6.20120612564146e+05 -6.45163635978749e-11 -3.61355714934943e-11
 6.24254749981240e+05 -6.43202823370413e-11 -3.62480934324947e-11
 6.28388887398335e+05 -6.40967484314877e-11 -3.63555048521992e-11
 6.32523024815429e+05 -6.39800530267872e-11 -3.64583367285833e-11
 6.36657162232523e+05 -6.38170759198023e-11 -3.65568943462439e-11
 6.40791299649618e+05 -6.36718487510086e-11 -3.66512514746762e-11
 6.44925437066712e+05 -6.34206602011496e-11 -3.67412554093970e-11
 6.49059574483806e+05 -6.32761330679745e-11 -3.68265417758695e-11
 6.53193711900900e+05 -6.30361548507801e-11 -3.69065576103705e-11
 6.57327849317995e+05 -6.29494220528523e-11 -3.69805909477931e-11
 6.61461986735089e+05 -6.26798918369647e-11 -3.70478049716358e-11
 6.65596124152183e+05 -6.25098588683383e-11 -3.71072747195606e-11
 6.69730261569278e+05 -6.23420365262782e-11 -3.71580243857497e-11
 6.73864398986372e+05 -6.22044995057725e-11 -3.71990634100120e-11
 6.77998536403466e+05 -6.19601103962829e-11 -3.72294197788469e-11
 6.82132673820561e+05 -6.18556692248742e-11 -3.72481692672846e-11
 6.86266811237655e+05 -6.15679600791527e-11 -3.72544597005456e-11
 6.90400948654749e+05 -6.14331663938281e-11 -3.72475296888250e-11
 6.94535086071844e+05 -6.12850383322132e-11 -3.72267216629373e-11
 6.98669223488938e+05 -6.11770158967124e-11 -3.71914893914766e-11
 7.02803360906032e+05 -6.09916868670552e-11 -3.71414004713313e-11
 7.06937498323127e+05 -6.08059640945765e-11 -3.70761345366740e-11
 7.11071635740221e+05 -6.06238793587906e-11 -3.69954781145950e-11
 7.15205773157315e+05 -6.04934146347275e-11 -3.68993171613285e-11
 7.19339910574410e+05 -6.02183168339628e-11 -3.67876283390416e-11
 7.23474047991504e+05 -6.00841443811150e-11 -3.66604700425250e-11
 7.27608185408598e+05 -5.98175720299082e-11 -3.65179740653418e-11
 7.31742322825692e+05 -5.97719932176003e-11 -3.63603386175205e-11
 7.35876460242787e+05 -5.95557559809163e-11 -3.61878231870022e-11
 7.40010597659881e+05 -5.94236690549703e-11 -3.60007454913974e-11
 7.44144735076975e+05 -5.91815008754581e-11 -3.57994805137864e-11
 7.48278872494070e+05 -5.90400959865870e-11 -3.55844613742109e-11
 7.52413009911164e+05 -5.89115285001920e-11 -3.53561815741810e-11
 7.56547147328258e+05 -5.87738660422721e-11 -3.51151979796475e-11
 7.60681284745353e+05 -5.86039638673776e-11 -3.48621337900716e-11
 7.64815422162447e+05 -5.84433589268113e-11 -3.45976806853043e-11
 7.68949559579541e+05 -5.82285713037329e-11 -3.43225993515753e-11
 7.73083696996636e+05 -5.80991142138147e-11 -3.40377176621987e-11
 7.77217834413730e+05 -5.78478239517239e-11 -3.37439259226998e-11
 7.81351971830824e+05 -5.77751660830293e-11 -3.34421687749942e-11
 7.85486109247919e+05 -5.75747380109492e-11 -3.31334335788034e-11
 7.89620246665013e+05 -5.74428719956247e-11 -3.28187353358607e-11
 7.93754384082107e+05 -5.73020147215617e-11 -3.24990984775124e-11
 7.97888521499202e+05 -5.70842774768339e-11 -3.21755360820004e-11
 8.02022658916296e+05 -5.69450669814597e-11 -3.18490273076174e-11
 8.06156796333390e+05 -5.67382395711833e-11 -3.15204940073547e-11
 8.10290933750484e+05 -5.65510767782621e-11 -3.11907776168426e-11
 8.14425071167579e+05 -5.64278918981770e-11 -3.08606174711750e-11
 8.18559208584673e+05 -5.61731860459708e-11 -3.05306317019403e-11
 8.22693346001767e+05 -5.61266790229636e-11 -3.02013017919760e-11
 8.26827483418862e+05 -5.58804230178268e-11 -2.98729617246888e-11
 8.30961620835956e+05 -5.58030269055347e-11 -2.95457924640495e-11
 8.35095758253050e+05 -5.56400525684632e-11 -2.92198222508509e-11
 8.39229895670145e+05 -5.54571531552719e-11 -2.88949329142248e-11
 8.43364033087239e+05 -5.53027572045420e-11 -2.85708720903612e-11
 8.47498170504333e+05 -5.51627717184455e-11 -2.82472709300695e-11
 8.51632307921428e+05 -5.50021664638505e-11 -2.79236665810330e-11
 8.55766445338522e+05 -5.48187390631639e-11 -2.75995284661150e-11
 8.59900582755616e+05 -5.46690812122923e-11 -2.72742871614745e-11
 8.64034720172711e+05 -5.45241837828647e-11 -2.69473645204691e-11
 8.68168857589805e+05 -5.43978124932311e-11 -2.66182036009717e-11
 8.72302995006899e+05 -5.42400956757016e-11 -2.62862969410850e-11
 8.76437132423994e+05 -5.40686329707497e-11 -2.59512117927571e-11
 8.80571269841088e+05 -5.38437055202375e-11 -2.56126110624300e-11
 8.84705407258182e+05 -5.37565316388476e-11 -2.52702689157155e-11
 8.88839544675276e+05 -5.35488106060082e-11 -2.49240802690610e-11
 8.92973682092371e+05 -5.34293612591054e-11 -2.45740637016729e-11
 8.97107819509465e+05 -5.32946175856019e-11 -2.42203576595881e-11
 9.01241956926559e+05 -5.31089924930879e-11 -2.38632101728338e-11
 9.05376094343654e+05 -5.29555207224209e-11 -2.35029626477528e-11
 9.09510231760748e+05 -5.28034215561916e-11 -2.31400286116280e-11
 9.13644369177842e+05 -5.27108032574835e-11 -2.27748685587319e-11
 9.17778506594937e+05 -5.25337221529744e-11 -2.24079622614746e-11
 9.21912644012031e+05 -5.23156538608771e-11 -2.20397800554398e-11
 9.26046781429125e+05 -5.21621275750239e-11 -2.16707546750070e-11
 9.30180918846220e+05 -5.19694010522001e-11 -2.13012552027446e-11
 9.34315056263314e+05 -5.19033231729096e-11 -2.09315646012635e-11
 9.38449193680408e+05 -5.16338321928979e-11 -2.05618621250197e-11
 9.42583331097503e+05 -5.15822003918359e-11 -2.01922116703816e-11
 9.46717468514597e+05 -5.14338509208629e-11 -1.98225568269951e-11
 9.50851605931691e+05 -5.13665537453049e-11 -1.94527230571868e-11
 9.54985743348786e+05 -5.12899292183960e-11 -1.90824270699451e-11
 9.59119880765880e+05 -5.10513207273670e-11 -1.87112930901584e-11
 9.63254018182974e+05 -5.08998957925067e-11 -1.83388753710711e-11
 9.67388155600069e+05 -5.07829536993892e-11 -1.79646859761550e-11
 9.71522293017163e+05 -5.06260135847663e-11 -1.75882265821729e-11
 9.75656430434257e+05 -5.04362729867527e-11 -1.72090228420483e-11
 9.79790567851351e+05 -5.02725227237536e-11 -1.68266597049312e-11
 9.83924705268446e+05 -5.01165037314815e-11 -1.64408160286813e-11
 9.88058842685540e+05 -4.99685326480682e-11 -1.60512968398644e-11
 9.92192980102634e+05 -4.98399618691272e-11 -1.56580616970726e-11
 9.96327117519729e+05 -4.97697476954060e-11 -1.52612477898088e-11
 1.00046125493682e+06 -4.96218994629930e-11 -1.48611866482152e-11
 1.00459539235392e+06 -4.94636115139433e-11 -1.44584136361992e-11
 1.00872952977101e+06 -4.92826387220954e-11 -1.40536697371619e-11
 1.01286366718811e+06 -4.91544215875877e-11 -1.36478955004731e-11
 1.01699780460520e+06 -4.89889301640493e-11 -1.32422173803173e-11
 1.02113194202229e+06 -4.88156715850044e-11 -1.28379270485620e-11
 1.02526607943939e+06 -4.87078880342299e-11 -1.24364545824250e-11
 1.02940021685648e+06 -4.85718532771010e-11 -1.20393367007979e-11
 1.03353435427358e+06 -4.84742015039776e-11 -1.16481814367363e-11
 1.03766849169067e+06 -4.83811872539603e-11 -1.12646307778359e-11
 1.04180262910777e+06 -4.81831727301874e-11 -1.08903228747628e-11
 1.04593676652486e+06 -4.80957247838270e-11 -1.05268554081634e-11
 1.05007090394195e+06 -4.78667414584507e-11 -1.01757516170601e-11
 1.05420504135905e+06 -4.77545055967223e-11 -9.83843033276143e-12
 1.05833917877614e+06 -4.75902403602573e-11 -9.51618113995146e-12
 1.06247331619324e+06 -4.74467767347336e-11 -9.21014551286274e-12
 1.06660745361033e+06 -4.73257286257142e-11 -8.92130446331809e-12
 1.07074159102743e+06 -4.72516479751478e-11 -8.65047290530717e-12
 1.07487572844452e+06 -4.71082736417642e-11 -8.39830060402359e-12
 1.07900986586161e+06 -4.69643254782186e-11 -8.16527925344041e-12
 1.08314400327871e+06 -4.68015154951106e-11 -7.95175493115592e-12
 1.08727814069580e+06 -4.67480726823836e-11 -7.75794492750425e-12
 1.09141227811290e+06 -4.65538705934973e-11 -7.58395774959450e-12
 1.09554641552999e+06 -4.64870809857432e-11 -7.42981496982107e-12
 1.09968055294709e+06 -4.62826963523729e-11 -7.29547352817509e-12
 1.10381469036418e+06 -4.61935740435553e-11 -7.18084711111825e-12
 1.10794882778128e+06 -4.60465011435968e-11 -7.08582531529722e-12
 1.11208296519837e+06 -4.58983332230668e-11 -7.01028945744363e-12
 1.11621710261546e+06 -4.58554862322226e-11 -6.95412410372749e-12
 1.12035124003256e+06 -4.56479419445197e-11 -6.91722365192923e-12
 1.12448537744965e+06 -4.55283693346688e-11 -6.89949359415045e-12
 1.12861951486675e+06 -4.54397186447196e-11 -6.90084640143631e-12
 1.13275365228384e+06 -4.51772288494684e-11 -6.92119228851989e-12
 1.13688778970094e+06 -4.51299693309172e-11 -6.96042542047729e-12
 1.14102192711803e+06 -4.48543160217917e-11 -7.01840639823170e-12
 1.14515606453512e+06 -4.49462407395200e-11 -7.09494209210940e-12
 1.14929020195222e+06 -4.46964106977492e-11 -7.18976407025276e-12
 1.15342433936931e+06 -4.46416529365973e-11 -7.30250698244049e-12
 1.15755847678641e+06 -4.44991287357331e-11 -7.43268830337351e-12
 1.16169261420350e+06 -4.43444991668227e-11 -7.57969081048450e-12
 1.16582675162060e+06 -4.42981603558697e-11 -7.74274907043873e-12
 1.16996088903769e+06 -4.40806855121392e-11 -7.92094104028065e-12
 1.17409502645478e+06 -4.39906684442780e-11 -8.11318566145830e-12
 1.17822916387188e+06 -4.38097375097243e-11 -8.31824704832181e-12
 1.18236330128897e+06 -4.37119290521968e-11 -8.53474556031420e-12
 1.18649743870607e+06 -4.35591513379766e-11 -8.76117571389050e-12
 1.19063157612316e+06 -4.34753554798119e-11 -8.99593055213587e-12
 1.19476571354026e+06 -4.34005313366474e-11 -9.23733176344147e-12
 1.19889985095735e+06 -4.32731884370918e-11 -9.48366454142465e-12
 1.20303398837444e+06 -4.31519521947252e-11 -9.73321592086693e-12
 1.20716812579154e+06 -4.30731931080522e-11 -9.98431512192770e-12
 1.21130226320863e+06 -4.29093649557402e-11 -1.02353742971341e-11
 1.21543640062573e+06 -4.27468502720150e-11 -1.04849280100379e-11
 1.21957053804282e+06 -4.26367726468792e-11 -1.07316697848246e-11
 1.22370467545992e+06 -4.25164789311641e-11 -1.09744841527597e-11
 1.22783881287701e+06 -4.23814588383745e-11 -1.12124727810456e-11
 1.23197295029410e+06 -4.23105397385620e-11 -1.14449734956439e-11
 1.23610708771120e+06 -4.21527749611785e-11 -1.16715712922152e-11
 1.24024122512829e+06 -4.20256377016012e-11 -1.18921007559416e-11
 1.24437536254539e+06 -4.18720113341824e-11 -1.21066396672186e-11
 1.24850949996248e+06 -4.18012110824395e-11 -1.23154939398720e-11
 1.25264363737958e+06 -4.16740133506336e-11 -1.25191744051891e-11
 1.25677777479667e+06 -4.15299847644036e-11 -1.27183663018344e-11
 1.26091191221376e+06 -4.14103465199230e-11 -1.29138926431335e-11
 1.26504604963086e+06 -4.12612363499262e-11 -1.31066728949686e-11
 1.26918018704795e+06 -4.12222833906553e-11 -1.32976785977156e-11
 1.27331432446505e+06 -4.10671799964023e-11 -1.34878876952593e-11
 1.27744846188214e+06 -4.09374967813796e-11 -1.36782393871627e-11
 1.28158259929924e+06 -4.08438299535046e-11 -1.38695912941438e-11
 1.28571673671633e+06 -4.07584461672884e-11 -1.40626806234114e-11
 1.28985087413343e+06 -4.06772479872055e-11 -1.42580908438496e-11
 1.29398501155052e+06 -4.04962368570227e-11 -1.44562251396160e-11
 1.29811914896761e+06 -4.04086613472016e-11 -1.46572876155109e-11
 1.30225328638471e+06 -4.02691707613381e-11 -1.48612728920823e-11
 1.30638742380180e+06 -4.01295376467007e-11 -1.50679643679249e-11
 1.31052156121890e+06 -4.00191397348831e-11 -1.52769410577869e-11
 1.31465569863599e+06 -3.98782440515882e-11 -1.54875925543464e-11
 1.31878983605309e+06 -3.98400761513062e-11 -1.56991413253607e-11
 1.32292397347018e+06 -3.96617382109582e-11 -1.59106712612914e-11
 1.32705811088727e+06 -3.95713471359539e-11 -1.61211611447210e-11
 1.33119224830437e+06 -3.94281998626916e-11 -1.63295215324106e-11
 1.33532638572146e+06 -3.93961119134512e-11 -1.65346334313569e-11
 1.33946052313856e+06 -3.91915731371537e-11 -1.67353871158700e-11
 1.34359466055565e+06 -3.91608415016804e-11 -1.69307194740588e-11
 1.34772879797275e+06 -3.90023895817444e-11 -1.71196483863282e-11
 1.35186293538984e+06 -3.89040088081925e-11 -1.73013028188960e-11
 1.35599707280693e+06 -3.88165613131517e-11 -1.74749475527307e-11
 1.36013121022403e+06 -3.86220351308141e-11 -1.76400017499819e-11
 1.36426534764112e+06 -3.85775094627318e-11 -1.77960508722489e-11
 1.36839948505822e+06 -3.84432137991402e-11 -1.79428517917619e-11
 1.37253362247531e+06 -3.83275586847338e-11 -1.80803312619062e-11
 1.37666775989241e+06 -3.82472081958032e-11 -1.82085782212524e-11
 1.38080189730950e+06 -3.80680291309220e-11 -1.83278306806591e-11
 1.38493603472659e+06 -3.80625355682453e-11 -1.84384581725603e-11
 1.38907017214369e+06 -3.78389510778910e-11 -1.85409409145560e-11
 1.39320430956078e+06 -3.78063262428896e-11 -1.86358469480144e-11
 1.39733844697788e+06 -3.76697051918678e-11 -1.87238085518395e-11
 1.40147258439497e+06 -3.75975237323337e-11 -1.88054992010411e-11
 1.40560672181207e+06 -3.74634152254427e-11 -1.88816122415619e-11
 1.40974085922916e+06 -3.73298757885193e-11 -1.89528422934503e-11
 1.41387499664625e+06 -3.72416150928561e-11 -1.90198701826763e-11
 1.41800913406335e+06 -3.71925795864614e-11 -1.90833519500195e-11
 1.42214327148044e+06 -3.69899738639522e-11 -1.91439122072049e-11
 1.42627740889754e+06 -3.70063374277346e-11 -1.92021418215559e-11
 1.43041154631463e+06 -3.67360555411697e-11 -1.92585996264373e-11
 1.43454568373173e+06 -3.67585838800053e-11 -1.93138175918519e-11
 1.43867982114882e+06 -3.65525506296700e-11 -1.93683086619961e-11
 1.44281395856591e+06 -3.64428260592490e-11 -1.94225762874793e-11
 1.44694809598301e+06 -3.64438736866018e-11 -1.94771245593529e-11
 1.45108223340010e+06 -3.63003236456576e-11 -1.95324677974349e-11
 1.45521637081720e+06 -3.62021642534595e-11 -1.95891384602811e-11
 1.45935050823429e+06 -3.60435742306947e-11 -1.96476923285766e-11
 1.46348464565139e+06 -3.59916644314098e-11 -1.97087100639816e-11
 1.46761878306848e+06 -3.59066127843278e-11 -1.97727944541215e-11
 1.47175292048557e+06 -3.57885527920343e-11 -1.98405629109687e-11
 1.47588705790267e+06 -3.56627098703221e-11 -1.99126350809538e-11
 1.48002119531976e+06 -3.55531458747513e-11 -1.99896157352035e-11
 1.48415533273686e+06 -3.54782694919931e-11 -2.00720734209345e-11
 1.48828947015395e+06 -3.53771237441532e-11 -2.01605156527505e-11
 1.49242360757105e+06 -3.52357031682279e-11 -2.02553616889918e-11
 1.49655774498814e+06 -3.51531654654708e-11 -2.03569141578768e-11
 1.50069188240524e+06 -3.51310064779821e-11 -2.04653309577929e-11
 1.50482601982233e+06 -3.49377546385427e-11 -2.05805989455120e-11
 1.50896015723942e+06 -3.49102505462492e-11 -2.07025109383729e-11
 1.51309429465652e+06 -3.46864683121324e-11 -2.08306474886932e-11
 1.51722843207361e+06 -3.46952865682338e-11 -2.09643647420095e-11
 1.52136256949071e+06 -3.45464297003542e-11 -2.11027894703046e-11
 1.52549670690780e+06 -3.44448629147583e-11 -2.12448220864235e-11
 1.52963084432490e+06 -3.44105988575024e-11 -2.13891481090255e-11
 1.53376498174199e+06 -3.42811353468998e-11 -2.15342581740949e-11
 1.53789911915908e+06 -3.42405114343607e-11 -2.16784762971709e-11
 1.54203325657618e+06 -3.40267432277398e-11 -2.18199956988434e-11
 1.54616739399327e+06 -3.40190118733973e-11 -2.19569211342122e-11
 1.55030153141037e+06 -3.39121753325899e-11 -2.20873163336803e-11
 1.55443566882746e+06 -3.38121508709191e-11 -2.22092548846866e-11
 1.55856980624456e+06 -3.36899035495068e-11 -2.23208726766850e-11
 1.56270394366165e+06 -3.35156014267528e-11 -2.24204199062104e-11
 1.56683808107874e+06 -3.35395774593594e-11 -2.25063106028592e-11
 1.57097221849584e+06 -3.33122492168913e-11 -2.25771676939311e-11
 1.57510635591293e+06 -3.32353678848637e-11 -2.26318617739950e-11
 1.57924049333003e+06 -3.31906612841073e-11 -2.26695419803116e-11
 1.58337463074712e+06 -3.30678159206649e-11 -2.26896576856898e-11
 1.58750876816422e+06 -3.30505821632202e-11 -2.26919700936459e-11
 1.59164290558131e+06 -3.29394315869041e-11 -2.26765532393220e-11
 1.59577704299840e+06 -3.28694937964195e-11 -2.26437843446077e-11
 1.59991118041550e+06 -3.27939705481203e-11 -2.25943239264422e-11
 1.60404531783259e+06 -3.26327060582035e-11 -2.25290864923444e-11
 1.60817945524969e+06 -3.25786025584746e-11 -2.24492030563008e-11
 1.61231359266678e+06 -3.24126825396342e-11 -2.23559770523983e-11
 1.61644773008388e+06 -3.24105353781092e-11 -2.22508354968564e-11
 1.62058186750097e+06 -3.22475829368849e-11 -2.21352774384140e-11
 1.62471600491806e+06 -3.22067386318651e-11 -2.20108218335294e-11
 1.62885014233516e+06 -3.21522307415031e-11 -2.18789569822838e-11
 1.63298427975225e+06 -3.19700986679578e-11 -2.17410935633912e-11
 1.63711841716935e+06 -3.19354433415381e-11 -2.15985231174331e-11
 1.64125255458644e+06 -3.18144959492818e-11 -2.14523835557759e-11
 1.64538669200354e+06 -3.17067643137481e-11 -2.13036329318888e-11
 1.64952082942063e+06 -3.16808063290526e-11 -2.11530323187272e-11
 1.65365496683772e+06 -3.15099154421533e-11 -2.10011382095681e-11
 1.65778910425482e+06 -3.14988599011214e-11 -2.08483044208229e-11
 1.66192324167191e+06 -3.13772435900925e-11 -2.06946930449963e-11
 1.66605737908901e+06 -3.12678285987788e-11 -2.05402936005778e-11
 1.67019151650610e+06 -3.12155970739177e-11 -2.03849491723049e-11
 1.67432565392320e+06 -3.11144697236811e-11 -2.02283880460164e-11
 1.67845979134029e+06 -3.10403418641423e-11 -2.00702591306296e-11
 1.68259392875739e+06 -3.09753052285149e-11 -1.99101693343592e-11
 1.68672806617448e+06 -3.07818303932613e-11 -1.97477210280274e-11
 1.69086220359157e+06 -3.07701139631147e-11 -1.95825477853149e-11
 1.69499634100867e+06 -3.05716521128355e-11 -1.94143467334600e-11
 1.69913047842576e+06 -3.06058099830804e-11 -1.92429060697265e-11
 1.70326461584286e+06 -3.04407747011045e-11 -1.90681265862693e-11
 1.70739875325995e+06 -3.04789951745798e-11 -1.88900363832116e-11
 1.71153289067705e+06 -3.03254052055090e-11 -1.87087983189983e-11
 1.71566702809414e+06 -3.02505442713625e-11 -1.85247101289758e-11
 1.71980116551123e+06 -3.01602725213546e-11 -1.83381975182683e-11
 1.72393530292833e+06 -3.01101765159153e-11 -1.81498008842116e-11
 1.72806944034542e+06 -2.99742454314674e-11 -1.79601566296665e-11
 1.73220357776252e+06 -2.99092890357050e-11 -1.77699742767428e-11
 1.73633771517961e+06 -2.97650012158276e-11 -1.75800107689586e-11
 1.74047185259671e+06 -2.97479044335492e-11 -1.73910434511458e-11
 1.74460599001380e+06 -2.96030084712407e-11 -1.72038432366623e-11
 1.74874012743089e+06 -2.95898487834558e-11 -1.70191494113596e-11
 1.75287426484799e+06 -2.94236483636798e-11 -1.68376473880866e-11
 1.75700840226508e+06 -2.94417044441293e-11 -1.66599505229459e-11
 1.76114253968218e+06 -2.93228281801063e-11 -1.64865868472332e-11
 1.76527667709927e+06 -2.92068287865651e-11 -1.63179912714679e-11
 1.76941081451637e+06 -2.90676249114598e-11 -1.61545034970678e-11
 1.77354495193346e+06 -2.90413737501399e-11 -1.59963715443754e-11
 1.77767908935055e+06 -2.88978243074153e-11 -1.58437604906552e-11
 1.78181322676765e+06 -2.88727322686629e-11 -1.56967657249421e-11
 1.78594736418474e+06 -2.87592137418146e-11 -1.55554297833209e-11
 1.79008150160184e+06 -2.87602868140193e-11 -1.54197616404965e-11
 1.79421563901893e+06 -2.86722840625250e-11 -1.52897572108824e-11
 1.79834977643603e+06 -2.85736103918300e-11 -1.51654197601965e-11
 1.80248391385312e+06 -2.84978238378879e-11 -1.50467789488306e-11
 1.80661805127021e+06 -2.84237898251146e-11 -1.49339073184587e-11
 1.81075218868731e+06 -2.82920236707571e-11 -1.48269331881112e-11
 1.81488632610440e+06 -2.82056896610044e-11 -1.47260491356327e-11
 1.81902046352150e+06 -2.81504477386467e-11 -1.46315154933050e-11
 1.82315460093859e+06 -2.80373995375046e-11 -1.45436585681306e-11
 1.82728873835569e+06 -2.80258413040070e-11 -1.44628635924664e-11
 1.83142287577278e+06 -2.79138210180318e-11 -1.43895627032792e-11
 1.83555701318987e+06 -2.78264356116210e-11 -1.43242185226782e-11
 1.83969115060697e+06 -2.78042980361926e-11 -1.42673041542105e-11
 1.84382528802406e+06 -2.76034956079198e-11 -1.42192806060937e-11
 1.84795942544116e+06 -2.76369738840193e-11 -1.41805727943985e-11
 1.85209356285825e+06 -2.74907250793124e-11 -1.41515453592468e-11
 1.85622770027535e+06 -2.74605950707813e-11 -1.41324795420412e-11
 1.86036183769244e+06 -2.73561275365822e-11 -1.41235523217280e-11
 1.86449597510954e+06 -2.72559163112968e-11 -1.41248188965850e-11
 1.86863011252663e+06 -2.72058651337237e-11 -1.41361994319023e-11
 1.87276424994372e+06 -2.71492136234272e-11 -1.41574707826190e-11
 1.87689838736082e+06 -2.70550629377826e-11 -1.41882636553440e-11
 1.88103252477791e+06 -2.69326092041396e-11 -1.42280654093862e-11
 1.88516666219501e+06 -2.68503502561939e-11 -1.42762284256217e-11
 1.88930079961210e+06 -2.68360371638556e-11 -1.43319837093161e-11
 1.89343493702920e+06 -2.66552931045978e-11 -1.43944591516498e-11
 1.89756907444629e+06 -2.66082214573254e-11 -1.44627016666810e-11
 1.90170321186338e+06 -2.64989382245352e-11 -1.45357022557011e-11
 1.90583734928048e+06 -2.65013892224250e-11 -1.46124229364582e-11
 1.90997148669757e+06 -2.64656652464659e-11 -1.46918244153783e-11
 1.91410562411467e+06 -2.63377588728841e-11 -1.47728933776802e-11
 1.91823976153176e+06 -2.62907439499060e-11 -1.48546683219130e-11
 1.92237389894886e+06 -2.62162519017277e-11 -1.49362629670419e-11
 1.92650803636595e+06 -2.61122346502166e-11 -1.50168864051184e-11
 1.93064217378304e+06 -2.60446952420495e-11 -1.50958593513468e-11
 1.93477631120014e+06 -2.58971461008110e-11 -1.51726260455504e-11
 1.93891044861723e+06 -2.59199795696956e-11 -1.52467615730989e-11
 1.94304458603433e+06 -2.57698521645639e-11 -1.53179745874857e-11
 1.94717872345142e+06 -2.57658578888431e-11 -1.53861056197830e-11
 1.95131286086852e+06 -2.56624242199215e-11 -1.54511213419172e-11
 1.95544699828561e+06 -2.56076520789057e-11 -1.55131053024741e-11
 1.95958113570270e+06 -2.55720792412167e-11 -1.55722457691224e-11
 1.96371527311980e+06 -2.54455753785597e-11 -1.56288213865305e-11
 1.96784941053689e+06 -2.53728450820513e-11 -1.56831853911999e-11
 1.97198354795399e+06 -2.53422322044359e-11 -1.57357491157871e-11
 1.97611768537108e+06 -2.52231013577507e-11 -1.57869654685008e-11
 1.98025182278818e+06 -2.51956972437115e-11 -1.58373129934027e-11
 1.98438596020527e+06 -2.50830384796940e-11 -1.58872810119365e-11
 1.98852009762236e+06 -2.50342449478694e-11 -1.59373562229068e-11
 1.99265423503946e+06 -2.49682172807438e-11 -1.59880110066420e-11
 1.99678837245655e+06 -2.48402176254646e-11 -1.60396935478074e-11
 2.00092250987365e+06 -2.48644770655261e-11 -1.60928197692114e-11
 2.00505664729074e+06 -2.47275444827669e-11 -1.61477669631517e-11
 2.00919078470784e+06 -2.46447990135104e-11 -1.62048689238065e-11
 2.01332492212493e+06 -2.45470314130965e-11 -1.62644123278061e-11
 2.01745905954202e+06 -2.44788996772196e-11 -1.63266340829705e-11
 2.02159319695912e+06 -2.44327352636880e-11 -1.63917193672358e-11
 2.02572733437621e+06 -2.43129844565956e-11 -1.64598001090953e-11
 2.02986147179331e+06 -2.42691346675971e-11 -1.65309537136069e-11
 2.03399560921040e+06 -2.42257817866017e-11 -1.66052019086438e-11
 2.03812974662750e+06 -2.41898065443484e-11 -1.66825096679996e-11
 2.04226388404459e+06 -2.41280018588670e-11 -1.67627842535767e-11
 2.04639802146168e+06 -2.40513431344004e-11 -1.68458745007526e-11
 2.05053215887878e+06 -2.39800429396882e-11 -1.69315705416018e-11
 2.05466629629587e+06 -2.39088774184116e-11 -1.70196042134194e-11
 2.05880043371297e+06 -2.39088034673281e-11 -1.71096504297697e-11
 2.06293457113006e+06 -2.38049982770379e-11 -1.72013297942632e-11
 2.06706870854716e+06 -2.37493056984137e-11 -1.72942127118479e-11
 2.07120284596425e+06 -2.36784104213869e-11 -1.73878251988130e-11
 2.07533698338135e+06 -2.35948431936753e-11 -1.74816565133654e-11
 2.07947112079844e+06 -2.35161755640887e-11 -1.75751686278954e-11
 2.08360525821553e+06 -2.34594046796624e-11 -1.76678074478671e-11
 2.08773939563263e+06 -2.33583223210720e-11 -1.77590155580592e-11
 2.09187353304972e+06 -2.32792855584841e-11 -1.78482461529159e-11
 2.09600767046682e+06 -2.32232794522156e-11 -1.79349776925220e-11
 2.10014180788391e+06 -2.32016246426310e-11 -1.80187287277708e-11
 2.10427594530101e+06 -2.30747982393967e-11 -1.80990722652144e-11
 2.10841008271810e+06 -2.30502227616781e-11 -1.81756490003808e-11
 2.11254422013519e+06 -2.29663897921368e-11 -1.82481787426645e-11
 2.11667835755229e+06 -2.28990680159621e-11 -1.83164693880053e-11
 2.12081249496938e+06 -2.28450025226310e-11 -1.83804228678382e-11
 2.12494663238648e+06 -2.27335847450162e-11 -1.84400376122572e-11
 2.12908076980357e+06 -2.27544721564377e-11 -1.84954072075781e-11
 2.13321490722067e+06 -2.25983455976301e-11 -1.85467150971859e-11
 2.13734904463776e+06 -2.25822447473071e-11 -1.85942253613622e-11
 2.14148318205485e+06 -2.24318840751364e-11 -1.86382698068417e-11
 2.14561731947195e+06 -2.24162035056966e-11 -1.86792317899102e-11
 2.14975145688904e+06 -2.24483319075950e-11 -1.87175273768162e-11
 2.15388559430614e+06 -2.23026877893334e-11 -1.87535846018301e-11
 2.15801973172323e+06 -2.23161399935243e-11 -1.87878217068488e-11
 2.16215386914033e+06 -2.21500062220001e-11 -1.88206253291791e-11
 2.16628800655742e+06 -2.21832093104680e-11 -1.88523296400551e-11
 2.17042214397451e+06 -2.21009175189581e-11 -1.88831974220414e-11
 2.17455628139161e+06 -2.20347221260900e-11 -1.89134040081552e-11
 2.17869041880870e+06 -2.19764746873960e-11 -1.89430248910442e-11
 2.18282455622580e+06 -2.18669217195950e-11 -1.89720276519526e-11
 2.18695869364289e+06 -2.18718343815608e-11 -1.90002686634713e-11
 2.19109283105999e+06 -2.18115617387556e-11 -1.90274947970186e-11
 2.19522696847708e+06 -2.16562666807070e-11 -1.90533501265613e-11
 2.19936110589417e+06 -2.16581037504317e-11 -1.90773873766462e-11
 2.20349524331127e+06 -2.15234338343574e-11 -1.90990836282589e-11
 2.20762938072836e+06 -2.15253959127462e-11 -1.91178595825931e-11
 2.21176351814546e+06 -2.14465406696183e-11 -1.91331015023108e-11
 2.21589765556255e+06 -2.13225322061745e-11 -1.91441848121213e-11
 2.22003179297965e+06 -2.13266015437733e-11 -1.91504982534169e-11
 2.22416593039674e+06 -2.12001029149424e-11 -1.91514674563368e-11
 2.22830006781383e+06 -2.11832945244016e-11 -1.91465768194098e-11
 2.23243420523093e+06 -2.11438082263975e-11 -1.91353886707409e-11
 2.23656834264802e+06 -2.10439851181511e-11 -1.91175588219294e-11
 2.24070248006512e+06 -2.10549353016145e-11 -1.90928478093182e-11
 2.24483661748221e+06 -2.09496346554147e-11 -1.90611273376415e-11
 2.24897075489931e+06 -2.09683972488598e-11 -1.90223816870205e-11
 2.25310489231640e+06 -2.08226684304395e-11 -1.89767041025358e-11
 2.25723902973349e+06 -2.07729240069384e-11 -1.89242884427240e-11
 2.26137316715059e+06 -2.07357871992830e-11 -1.88654166052993e-11
 2.26550730456768e+06 -2.06084368070676e-11 -1.88004424624280e-11
 2.26964144198478e+06 -2.06234323645283e-11 -1.87297732121701e-11
 2.27377557940187e+06 -2.04852103021031e-11 -1.86538491778622e-11
 2.27790971681897e+06 -2.04575397558050e-11 -1.85731231564843e-11
 2.28204385423606e+06 -2.04187342244226e-11 -1.84880404264340e-11
 2.28617799165316e+06 -2.03571587450938e-11 -1.83990204740968e-11
 2.29031212907025e+06 -2.03001476787542e-11 -1.83064413900502e-11
 2.29444626648734e+06 -2.02309529982903e-11 -1.82106277252689e-11
 2.29858040390444e+06 -2.01676928738791e-11 -1.81118423943424e-11
 2.30271454132153e+06 -2.01430098640465e-11 -1.80102829775406e-11
 2.30684867873863e+06 -2.00285328015437e-11 -1.79060825194819e-11
 2.31098281615572e+06 -2.00472466357169e-11 -1.77993146633526e-11
 2.31511695357282e+06 -1.98940929139592e-11 -1.76900027103479e-11
 2.31925109098991e+06 -1.99558753121867e-11 -1.75781319682965e-11
 2.32338522840700e+06 -1.98666566164455e-11 -1.74636645637900e-11
 2.32751936582410e+06 -1.97325104665806e-11 -1.73465557494842e-11
 2.33165350324119e+06 -1.97282696761727e-11 -1.72267706505291e-11
 2.33578764065829e+06 -1.96138873046557e-11 -1.71043003666703e-11
 2.33992177807538e+06 -1.96440266980052e-11 -1.69791763810499e-11
 2.34405591549248e+06 -1.95207421019615e-11 -1.68514823217761e-11
 2.34819005290957e+06 -1.94872041798401e-11 -1.67213622726622e-11
 2.35232419032666e+06 -1.93816164201789e-11 -1.65890250273205e-11
 2.35645832774376e+06 -1.93473416670159e-11 -1.64547439150362e-11
 2.36059246516085e+06 -1.93385280887924e-11 -1.63188520848790e-11
 2.36472660257795e+06 -1.92777430023158e-11 -1.61817334018109e-11
 2.36886073999504e+06 -1.91807706785051e-11 -1.60438093704253e-11
 2.37299487741214e+06 -1.91968652058447e-11 -1.59055227435202e-11
 2.37712901482923e+06 -1.91227158730033e-11 -1.57673186803472e-11
 2.38126315224632e+06 -1.90377572657340e-11 -1.56296244811510e-11
 2.38539728966342e+06 -1.89526939123108e-11 -1.54928290308889e-11
 2.38953142708051e+06 -1.89505663262453e-11 -1.53572631295143e-11
 2.39366556449761e+06 -1.88729838970313e-11 -1.52231818654975e-11
 2.39779970191470e+06 -1.88826202551297e-11 -1.50907501038694e-11
 2.40193383933180e+06 -1.88018212095780e-11 -1.49600320139711e-11
 2.40606797674889e+06 -1.87212703752723e-11 -1.48309853624467e-11
 2.41020211416598e+06 -1.86485942384977e-11 -1.47034610542756e-11
 2.41433625158308e+06 -1.86020973742073e-11 -1.45772081314178e-11
 2.41847038900017e+06 -1.85589109729768e-11 -1.44518841495130e-11
 2.42260452641727e+06 -1.85101069244214e-11 -1.43270705634826e-11
 2.42673866383436e+06 -1.83887631984243e-11 -1.42022924785333e-11
 2.43087280125146e+06 -1.84733889624188e-11 -1.40770418788002e-11
 2.43500693866855e+06 -1.83537180852193e-11 -1.39508032452499e-11
 2.43914107608564e+06 -1.83423785234339e-11 -1.38230803285967e-11
 2.44327521350274e+06 -1.82360112703702e-11 -1.36934227602001e-11
 2.44740935091983e+06 -1.82477833067316e-11 -1.35614511693114e-11
 2.45154348833693e+06 -1.81781079392821e-11 -1.34268795298453e-11
 2.45567762575402e+06 -1.80992323980305e-11 -1.32895335818860e-11
 2.45981176317112e+06 -1.80575589768331e-11 -1.31493643564216e-11
 2.46394590058821e+06 -1.80521223095765e-11 -1.30064560671053e-11
 2.46808003800530e+06 -1.79214260516265e-11 -1.28610279082202e-11
 2.47221417542240e+06 -1.79357343584752e-11 -1.27134295991519e-11
 2.47634831283949e+06 -1.77594036634800e-11 -1.25641308269736e-11
 2.48048245025659e+06 -1.77872022544393e-11 -1.24137050440873e-11
 2.48461658767368e+06 -1.77609314858184e-11 -1.22628083610420e-11
 2.48875072509078e+06 -1.77609980619210e-11 -1.21121545210615e-11
 2.49288486250787e+06 -1.76919163910418e-11 -1.19624871394410e-11
 2.49701899992497e+06 -1.76370962646676e-11 -1.18145505274389e-11
 2.50115313734206e+06 -1.75791797872381e-11 -1.16690604895557e-11
 2.50528727475915e+06 -1.75705285105242e-11 -1.15266764814500e-11
 2.50942141217625e+06 -1.74886986044576e-11 -1.13879764433922e-11
 2.51355554959334e+06 -1.74291803767639e-11 -1.12534354848170e-11
 2.51768968701044e+06 -1.73658464657012e-11 -1.11234093968222e-11
 2.52182382442753e+06 -1.73298891285774e-11 -1.09981237215923e-11
 2.52595796184463e+06 -1.71906136337199e-11 -1.08776688240195e-11
 2.53009209926172e+06 -1.72290832712968e-11 -1.07620011060666e-11
 2.53422623667881e+06 -1.70494007867640e-11 -1.06509501946905e-11
 2.53836037409591e+06 -1.70853518544624e-11 -1.05442316357355e-11
 2.54249451151300e+06 -1.70154517640289e-11 -1.04414643545653e-11
 2.54662864893010e+06 -1.70445080823683e-11 -1.03421919135539e-11
 2.55076278634719e+06 -1.69968040972459e-11 -1.02459064186876e-11
 2.55489692376429e+06 -1.69872664674172e-11 -1.01520738115620e-11
 2.55903106118138e+06 -1.69005864253475e-11 -1.00601592345279e-11
 2.56316519859847e+06 -1.68622983183085e-11 -9.96965117795418e-12
 2.56729933601557e+06 -1.67589466622063e-11 -9.88008320766525e-12
 2.57143347343266e+06 -1.67645278216974e-11 -9.79105222245352e-12
 2.57556761084976e+06 -1.66677436295862e-11 -9.70223239758765e-12
 2.57970174826685e+06 -1.66110263683881e-11 -9.61338421886573e-12
 2.58383588568395e+06 -1.65836148444787e-11 -9.52435828948584e-12
 2.58797002310104e+06 -1.65547775745222e-11 -9.43509388362869e-12
 2.59210416051813e+06 -1.65450231955890e-11 -9.34561251024160e-12
 2.59623829793523e+06 -1.64569396714717e-11 -9.25600702261517e-12
 2.60037243535232e+06 -1.64425497797692e-11 -9.16642704914156e-12
 2.60450657276942e+06 -1.63131969709726e-11 -9.07706171555192e-12
 2.60864071018651e+06 -1.62722170006778e-11 -8.98812076831704e-12
 2.61277484760361e+06 -1.62419157326645e-11 -8.89981528576977e-12
 2.61690898502070e+06 -1.61911998075978e-11 -8.81233917378275e-12
 2.62104312243779e+06 -1.61758245176587e-11 -8.72585258630266e-12
 2.62517725985489e+06 -1.61010205527742e-11 -8.64046829107411e-12
 2.62931139727198e+06 -1.61015238948734e-11 -8.55624182421370e-12
 2.63344553468908e+06 -1.60579993289563e-11 -8.47316605374838e-12
 2.63757967210617e+06 -1.59827377107460e-11 -8.39117051419537e-12
 2.64171380952327e+06 -1.59519725930853e-11 -8.31012559581702e-12
 2.64584794694036e+06 -1.59102125576377e-11 -8.22985138868260e-12
 2.64998208435745e+06 -1.58113163921736e-11 -8.15013070861679e-12
 2.65411622177455e+06 -1.58056448143289e-11 -8.07072558436393e-12
 2.65825035919164e+06 -1.57432685422883e-11 -7.99139627648079e-12
 2.66238449660874e+06 -1.56930951700427e-11 -7.91192174004659e-12
 2.66651863402583e+06 -1.56520549859464e-11 -7.83212034395395e-12
 2.67065277144293e+06 -1.56260202117737e-11 -7.75186962484824e-12
 2.67478690886002e+06 -1.56107154770489e-11 -7.67112388591339e-12
 2.67892104627712e+06 -1.54931998933000e-11 -7.58992854808569e-12
 2.68305518369421e+06 -1.55226427699337e-11 -7.50843031899243e-12
 2.68718932111130e+06 -1.53329893999553e-11 -7.42688245475366e-12
 2.69132345852840e+06 -1.53425751533815e-11 -7.34564464073151e-12
 2.69545759594549e+06 -1.53165401155773e-11 -7.26517729632761e-12
 2.69959173336259e+06 -1.52990248375275e-11 -7.18603040117842e-12
 2.70372587077968e+06 -1.52843389477495e-11 -7.10882723028224e-12
 2.70786000819678e+06 -1.52417186991850e-11 -7.03424365848468e-12
 2.71199414561387e+06 -1.52155589411099e-11 -6.96298393582077e-12
 2.71612828303096e+06 -1.51453770010138e-11 -6.89575403186226e-12
 2.72026242044806e+06 -1.50896266356549e-11 -6.83323378898769e-12
 2.72439655786515e+06 -1.49617403462976e-11 -6.77604920382096e-12
 2.72853069528225e+06 -1.49645385061497e-11 -6.72474616867839e-12
 2.73266483269934e+06 -1.49259174071426e-11 -6.67976695002173e-12
 2.73679897011644e+06 -1.48321928580194e-11 -6.64143056099100e-12
 2.74093310753353e+06 -1.48129498779248e-11 -6.60991800652531e-12
 2.74506724495062e+06 -1.47957069179947e-11 -6.58526315103051e-12
 2.74920138236772e+06 -1.48053397455892e-11 -6.56734969184668e-12
 2.75333551978481e+06 -1.47699671080430e-11 -6.55591443032168e-12
 2.75746965720191e+06 -1.47054944086677e-11 -6.55055673082799e-12
 2.76160379461900e+06 -1.46561725089813e-11 -6.55075376189766e-12
 2.76573793203610e+06 -1.46190635894775e-11 -6.55588083746907e-12
 2.76987206945319e+06 -1.46082713100015e-11 -6.56523593403270e-12
 2.77400620687028e+06 -1.44673788343436e-11 -6.57806726298995e-12
 2.77814034428738e+06 -1.44185272296767e-11 -6.59360263664134e-12
 2.78227448170447e+06 -1.43601457400885e-11 -6.61107928739821e-12
 2.78640861912157e+06 -1.44116018278661e-11 -6.62977278665381e-12
 2.79054275653866e+06 -1.43365888920766e-11 -6.64902376261090e-12
 2.79467689395576e+06 -1.42934818921246e-11 -6.66826123171425e-12
 2.79881103137285e+06 -1.42107311132988e-11 -6.68702153031378e-12
 2.80294516878994e+06 -1.42105003094310e-11 -6.70496205242310e-12
 2.80707930620704e+06 -1.41686115214502e-11 -6.72186925466339e-12
 2.81121344362413e+06 -1.40607854523603e-11 -6.73766066765929e-12
 2.81534758104123e+06 -1.40286739196627e-11 -6.75238094020934e-12
 2.81948171845832e+06 -1.40687279574098e-11 -6.76619222410802e-12
 2.82361585587542e+06 -1.40612905567039e-11 -6.77935946970749e-12
 2.82774999329251e+06 -1.40196249494345e-11 -6.79223143245335e-12
 2.83188413070960e+06 -1.39414919863117e-11 -6.80521837773506e-12
 2.83601826812670e+06 -1.39889027903318e-11 -6.81876760695475e-12
 2.84015240554379e+06 -1.38346841773424e-11 -6.83333800572568e-12
 2.84428654296089e+06 -1.38653176096854e-11 -6.84937483279537e-12
 2.84842068037798e+06 -1.38092491591014e-11 -6.86728592589398e-12
 2.85255481779508e+06 -1.37391234730997e-11 -6.88742040132305e-12
 2.85668895521217e+06 -1.37097499887604e-11 -6.91005077399948e-12
 2.86082309262927e+06 -1.36451363805677e-11 -6.93535923230435e-12
 2.86495723004636e+06 -1.36274380571183e-11 -6.96342857796629e-12
 2.86909136746345e+06 -1.36281747355718e-11 -6.99423809737256e-12
 2.87322550488055e+06 -1.35663708072149e-11 -7.02766437980573e-12
 2.87735964229764e+06 -1.34846883919203e-11 -7.06348685299936e-12
 2.88149377971474e+06 -1.34744538769657e-11 -7.10139757951806e-12
 2.88562791713183e+06 -1.34656698036119e-11 -7.14101465967101e-12
 2.88976205454893e+06 -1.33981330428217e-11 -7.18189842759954e-12
 2.89389619196602e+06 -1.33289600972261e-11 -7.22356951401143e-12
 2.89803032938311e+06 -1.32663812541185e-11 -7.26552778637079e-12
 2.90216446680021e+06 -1.32776883686944e-11 -7.30727116737528e-12
 2.90629860421730e+06 -1.32497130167345e-11 -7.34831337441263e-12
 2.91043274163440e+06 -1.31795040563456e-11 -7.38819971309368e-12
 2.91456687905149e+06 -1.31531760616938e-11 -7.42652019087810e-12
 2.91870101646859e+06 -1.31514479882766e-11 -7.46291938460657e-12
 2.92283515388568e+06 -1.31218579606886e-11 -7.49710268855257e-12
 2.92696929130277e+06 -1.30546629772350e-11 -7.52883877704064e-12
 2.93110342871987e+06 -1.30659641530634e-11 -7.55795832624742e-12
 2.93523756613696e+06 -1.30151481151405e-11 -7.58434924265680e-12
 2.93937170355406e+06 -1.29551301975067e-11 -7.60794883011936e-12
 2.94350584097115e+06 -1.29716510208735e-11 -7.62873348426627e-12
 2.94763997838825e+06 -1.29251339895762e-11 -7.64670662447874e-12
 2.95177411580534e+06 -1.29138497908121e-11 -7.66188565414972e-12
 2.95590825322243e+06 -1.28371027015776e-11 -7.67428877598176e-12
 2.96004239063953e+06 -1.27991559317901e-11 -7.68392247973527e-12
 2.96417652805662e+06 -1.27309628250919e-11 -7.69077046639531e-12
 2.96831066547372e+06 -1.27132356517186e-11 -7.69478467897680e-12
 2.97244480289081e+06 -1.26450174009760e-11 -7.69587898181067e-12
 2.97657894030791e+06 -1.26233786648046e-11 -7.69392587450345e-12
 2.98071307772500e+06 -1.25803352658492e-11 -7.68875645273396e-12
 2.98484721514209e+06 -1.25119913227913e-11 -7.68016364495373e-12
 2.98898135255919e+06 -1.25201365746893e-11 -7.66790857198175e-12
 2.99311548997628e+06 -1.24306822255168e-11 -7.65172970472834e-12
 2.99724962739338e+06 -1.24038155374162e-11 -7.63135434295503e-12
 3.00138376481047e+06 -1.24409156905183e-11 -7.60651181276497e-12
 3.00551790222757e+06 -1.23859260194169e-11 -7.57694768837787e-12
 3.00965203964466e+06 -1.23480961877451e-11 -7.54243828924972e-12
 3.01378617706175e+06 -1.23200340063057e-11 -7.50280468888702e-12
 3.01792031447885e+06 -1.23213390410155e-11 -7.45792549698193e-12
 3.02205445189594e+06 -1.22511245174714e-11 -7.40774773981427e-12
 3.02618858931304e+06 -1.21883468049089e-11 -7.35229526148136e-12
 3.03032272673013e+06 -1.21863201344731e-11 -7.29167419475514e-12
 3.03445686414723e+06 -1.21705754242881e-11 -7.22607519837056e-12
 3.03859100156432e+06 -1.21016326964371e-11 -7.15577231929859e-12
 3.04272513898141e+06 -1.21262133641074e-11 -7.08111850571575e-12
 3.04685927639851e+06 -1.20902041866479e-11 -7.00253796006751e-12
 3.05099341381560e+06 -1.20070296411940e-11 -6.92051567382187e-12
 3.05512755123270e+06 -1.20207905443345e-11 -6.83558461852973e-12
 3.05926168864979e+06 -1.19118681200614e-11 -6.74831117514188e-12
 3.06339582606689e+06 -1.18993296733950e-11 -6.65927946058095e-12
 3.06752996348398e+06 -1.18609841979562e-11 -6.56907525343958e-12
 3.07166410090108e+06 -1.18135122621808e-11 -6.47827022839993e-12
 3.07579823831817e+06 -1.17769166819029e-11 -6.38740718146633e-12
 3.07993237573526e+06 -1.17041100603133e-11 -6.29698686765342e-12
 3.08406651315236e+06 -1.17473266430103e-11 -6.20745698299341e-12
 3.08820065056945e+06 -1.16923384506127e-11 -6.11920370884388e-12
 3.09233478798655e+06 -1.16520679013954e-11 -6.03254610461781e-12
 3.09646892540364e+06 -1.16270698761201e-11 -5.94773349232412e-12
 3.10060306282074e+06 -1.16045797218236e-11 -5.86494583005259e-12
 3.10473720023783e+06 -1.16259115615888e-11 -5.78429692912799e-12
 3.10887133765492e+06 -1.15210788827412e-11 -5.70584023826511e-12
 3.11300547507202e+06 -1.14128472306851e-11 -5.62957680379206e-12
 3.11713961248911e+06 -1.14185719937200e-11 -5.55546492331396e-12
 3.12127374990621e+06 -1.13525009299876e-11 -5.48343094498130e-12
 3.12540788732330e+06 -1.14204943483722e-11 -5.41338062839223e-12
 3.12954202474040e+06 -1.13301462129408e-11 -5.34521047718795e-12
 3.13367616215749e+06 -1.13135405366937e-11 -5.27881847683738e-12
 3.13781029957458e+06 -1.12542779864066e-11 -5.21411372226981e-12
 3.14194443699168e+06 -1.12867909195118e-11 -5.15102449530785e-12
 3.14607857440877e+06 -1.12733336801153e-11 -5.08950444675077e-12
 3.15021271182587e+06 -1.11578834770622e-11 -5.02953664737246e-12
 3.15434684924296e+06 -1.12046689519394e-11 -4.97113538970336e-12
 3.15848098666006e+06 -1.11688202770225e-11 -4.91434574236455e-12
 3.16261512407715e+06 -1.10997351859086e-11 -4.85924097460791e-12
 3.16674926149424e+06 -1.10652374975193e-11 -4.80591807486619e-12
 3.17088339891134e+06 -1.10167942110403e-11 -4.75449167839752e-12
 3.17501753632843e+06 -1.09652138251191e-11 -4.70508679146432e-12
 3.17915167374553e+06 -1.09755331955592e-11 -4.65783074950867e-12
 3.18328581116262e+06 -1.09134057538370e-11 -4.61284487297809e-12
 3.18741994857972e+06 -1.08734453409678e-11 -4.57023628586836e-12
 3.19155408599681e+06 -1.08772658906165e-11 -4.53009033958135e-12
 3.19568822341390e+06 -1.08565061763711e-11 -4.49246404012706e-12
 3.19982236083100e+06 -1.08035697017605e-11 -4.45738081299336e-12
 3.20395649824809e+06 -1.07985097965070e-11 -4.42482686100163e-12
 3.20809063566519e+06 -1.07694002103125e-11 -4.39474928074185e-12
 3.21222477308228e+06 -1.07519547616143e-11 -4.36705600758174e-12
 3.21635891049938e+06 -1.06754444800656e-11 -4.34161756278345e-12
 3.22049304791647e+06 -1.06596155324319e-11 -4.31827048421896e-12
 3.22462718533356e+06 -1.06478432244957e-11 -4.29682223870502e-12
 3.22876132275066e+06 -1.06311914694018e-11 -4.27705734348157e-12
 3.23289546016775e+06 -1.05021000509816e-11 -4.25874436986490e-12
 3.23702959758485e+06 -1.05059014259714e-11 -4.24164346599409e-12
 3.24116373500194e+06 -1.05133595957335e-11 -4.22551401915980e-12
 3.24529787241904e+06 -1.05268927974746e-11 -4.21012208174413e-12
 3.24943200983613e+06 -1.04101945399133e-11 -4.19524720749336e-12
 3.25356614725323e+06 -1.03929360070715e-11 -4.18068838503088e-12
 3.25770028467032e+06 -1.04518097869466e-11 -4.16626881046451e-12
 3.26183442208741e+06 -1.03522059546308e-11 -4.15183930774062e-12
 3.26596855950451e+06 -1.03401915126451e-11 -4.13728027984239e-12
 3.27010269692160e+06 -1.02577655589128e-11 -4.12250215234412e-12
 3.27423683433870e+06 -1.03100239458438e-11 -4.10744434897260e-12
 3.27837097175579e+06 -1.02268010020148e-11 -4.09207291264008e-12
 3.28250510917289e+06 -1.02006401494016e-11 -4.07637695138267e-12
 3.28663924658998e+06 -1.01749306774584e-11 -4.06036414359214e-12
 3.29077338400707e+06 -1.01741722021382e-11 -4.04405557829324e-12
 3.29490752142417e+06 -1.01560995098841e-11 -4.02748023246379e-12
 3.29904165884126e+06 -1.01047593708047e-11 -4.01066939743881e-12
 3.30317579625836e+06 -1.00990176486622e-11 -3.99365136040010e-12
 3.30730993367545e+06 -1.01038562479984e-11 -3.97644662541222e-12
 3.31144407109255e+06 -9.99144961531834e-12 -3.95906392323107e-12
 3.31557820850964e+06 -9.99528649830113e-12 -3.94149721199323e-12
 3.31971234592673e+06 -9.94337169823641e-12 -3.92372381497610e-12
 3.32384648334383e+06 -9.93477567892874e-12 -3.90570377971497e-12
 3.32798062076092e+06 -9.90813166753427e-12 -3.88738047821874e-12
 3.33211475817802e+06 -9.84428732657784e-12 -3.86868240424828e-12
 3.33624889559511e+06 -9.81427603225839e-12 -3.84952606360689e-12
 3.34038303301221e+06 -9.84429115509458e-12 -3.82981980017117e-12
 3.34451717042930e+06 -9.78678758718811e-12 -3.80946835635019e-12
 3.34865130784639e+06 -9.75755255800357e-12 -3.78837793366906e-12
 3.35278544526349e+06 -9.70693514098176e-12 -3.76646149868890e-12
 3.35691958268058e+06 -9.76823083037327e-12 -3.74364407193499e-12
 3.36105372009768e+06 -9.66055728859688e-12 -3.71986774300686e-12
 3.36518785751477e+06 -9.67111564101048e-12 -3.69509617297295e-12
 3.36932199493187e+06 -9.57016420012277e-12 -3.66931837404313e-12
 3.37345613234896e+06 -9.62048529764927e-12 -3.64255159483951e-12
 3.37759026976605e+06 -9.56796363690498e-12 -3.61484318496232e-12
 3.38172440718315e+06 -9.52905547444885e-12 -3.58627136275815e-12
 3.38585854460024e+06 -9.48995117016925e-12 -3.55694486238113e-12
 3.38999268201734e+06 -9.51191173225608e-12 -3.52700148808169e-12
 3.39412681943443e+06 -9.47712244292770e-12 -3.49660565240428e-12
 3.39826095685153e+06 -9.41725989127547e-12 -3.46594501860328e-12
 3.40239509426862e+06 -9.39266304923265e-12 -3.43522640398155e-12
 3.40652923168571e+06 -9.44661262601600e-12 -3.40467112870271e-12
 3.41066336910281e+06 -9.33413116917736e-12 -3.37451001283352e-12
 3.41479750651990e+06 -9.33304686705559e-12 -3.34497823231338e-12
 3.41893164393700e+06 -9.30684271466293e-12 -3.31631024254812e-12
 3.42306578135409e+06 -9.24833360546143e-12 -3.28873496652029e-12
 3.42719991877119e+06 -9.25016538599600e-12 -3.26247142395010e-12
 3.43133405618828e+06 -9.21045685351745e-12 -3.23772495024758e-12
 3.43546819360538e+06 -9.18970538839015e-12 -3.21468412060737e-12
 3.43960233102247e+06 -9.16112489558158e-12 -3.19351845723254e-12
 3.44373646843956e+06 -9.16663454476505e-12 -3.17437695851925e-12
 3.44787060585666e+06 -9.10791747714720e-12 -3.15738744988757e-12
 3.45200474327375e+06 -9.05004421551629e-12 -3.14265671870455e-12
 3.45613888069085e+06 -9.08073580727765e-12 -3.13027136216732e-12
 3.46027301810794e+06 -9.04797605499352e-12 -3.12029924851183e-12
 3.46440715552504e+06 -9.07969344754272e-12 -3.11279146951200e-12
 3.46854129294213e+06 -8.99427218058732e-12 -3.10778464682661e-12
 3.47267543035922e+06 -9.01042741606526e-12 -3.10530344672982e-12
 3.47680956777632e+06 -8.90561220961581e-12 -3.10536315694502e-12
 3.48094370519341e+06 -8.89957440278375e-12 -3.10797218560569e-12
 3.48507784261051e+06 -8.87692624006388e-12 -3.11313435495734e-12
 3.48921198002760e+06 -8.84231321143137e-12 -3.12085088032007e-12
 3.49334611744470e+06 -8.83371550796389e-12 -3.13112194701131e-12
 3.49748025486179e+06 -8.76569615646877e-12 -3.14394782296958e-12
 3.50161439227888e+06 -8.80375956163671e-12 -3.15932947136997e-12
 3.50574852969598e+06 -8.79390620975309e-12 -3.17726865426709e-12
 3.50988266711307e+06 -8.69695750125547e-12 -3.19776754377448e-12
 3.51401680453017e+06 -8.69859828986410e-12 -3.22082788060912e-12
 3.51815094194726e+06 -8.65277794688039e-12 -3.24644973967472e-12
 3.52228507936436e+06 -8.65501780792640e-12 -3.27462997821107e-12
 3.52641921678145e+06 -8.60517506597083e-12 -3.30536045339789e-12
 3.53055335419854e+06 -8.58225352772726e-12 -3.33862610277563e-12
 3.53468749161564e+06 -8.55804507906752e-12 -3.37440298257556e-12
 3.53882162903273e+06 -8.54065448582260e-12 -3.41265635636321e-12
 3.54295576644983e+06 -8.53645935214723e-12 -3.45333891962413e-12
 3.54708990386692e+06 -8.51404786310461e-12 -3.49638923578959e-12
 3.55122404128402e+06 -8.45837688316632e-12 -3.54173044660966e-12
 3.55535817870111e+06 -8.52583463704731e-12 -3.58926930532953e-12
 3.55949231611820e+06 -8.42185215626038e-12 -3.63889556602184e-12
 3.56362645353530e+06 -8.42188626391769e-12 -3.69048174717642e-12
 3.56776059095239e+06 -8.40134495150469e-12 -3.74388327338046e-12
 3.57189472836949e+06 -8.32135275250222e-12 -3.79893898601321e-12
 3.57602886578658e+06 -8.33510425706508e-12 -3.85547200295846e-12
 3.58016300320368e+06 -8.25475233167579e-12 -3.91329089877604e-12
 3.58429714062077e+06 -8.29988053006819e-12 -3.97219117072098e-12
 3.58843127803786e+06 -8.22980439507990e-12 -4.03195695232049e-12
 3.59256541545496e+06 -8.21874373437499e-12 -4.09236293494230e-12
 3.59669955287205e+06 -8.23493533270040e-12 -4.15317645839844e-12
 3.60083369028915e+06 -8.22587650178826e-12 -4.21415973386205e-12
 3.60496782770624e+06 -8.17286993538898e-12 -4.27507216551799e-12
 3.60910196512334e+06 -8.09613746919536e-12 -4.33567274114070e-12
 3.61323610254043e+06 -8.06823821209207e-12 -4.39572246533619e-12
 3.61737023995752e+06 -8.11090856817381e-12 -4.45498681235221e-12
 3.62150437737462e+06 -8.02081168700452e-12 -4.51323817739940e-12
 3.62563851479171e+06 -8.03678628713824e-12 -4.57025830633131e-12
 3.62977265220881e+06 -8.03171649705500e-12 -4.62584068296066e-12
 3.63390678962590e+06 -7.98480787609527e-12 -4.67979285122260e-12
 3.63804092704300e+06 -7.98484763647094e-12 -4.73193864617977e-12
 3.64217506446009e+06 -7.93042792861743e-12 -4.78212030346313e-12
 3.64630920187719e+06 -7.94707839598288e-12 -4.83020041180250e-12
 3.65044333929428e+06 -7.87313148650253e-12 -4.87606366832400e-12
 3.65457747671137e+06 -7.89009128884819e-12 -4.91961839163053e-12
 3.65871161412847e+06 -7.85864581893941e-12 -4.96079774425005e-12
 3.66284575154556e+06 -7.88440121399173e-12 -4.99956061417693e-12
 3.66697988896266e+06 -7.83565162471734e-12 -5.03589210562799e-12
 3.67111402637975e+06 -7.79094048347951e-12 -5.06980359209413e-12
 3.67524816379685e+06 -7.76805602314561e-12 -5.10133229078412e-12
 3.67938230121394e+06 -7.75266197489629e-12 -5.13054032648268e-12
 3.68351643863103e+06 -7.77096386100509e-12 -5.15751326495153e-12
 3.68765057604813e+06 -7.71854935774785e-12 -5.18235811076484e-12
 3.69178471346522e+06 -7.65249565797139e-12 -5.20520078167422e-12
 3.69591885088232e+06 -7.65603541668607e-12 -5.22618309041461e-12
 3.70005298829941e+06 -7.65616082991438e-12 -5.24545928473490e-12
 3.70418712571651e+06 -7.65349837026070e-12 -5.26319221627603e-12
 3.70832126313360e+06 -7.60566095410211e-12 -5.27954922781576e-12
 3.71245540055069e+06 -7.61204990907983e-12 -5.29469786537592e-12
 3.71658953796779e+06 -7.62465590547910e-12 -5.30880153568749e-12
 3.72072367538488e+06 -7.58960229665708e-12 -5.32201523967426e-12
 3.72485781280198e+06 -7.48185998218747e-12 -5.33448151806602e-12
 3.72899195021907e+06 -7.48809846501883e-12 -5.34632674559043e-12
 3.73312608763617e+06 -7.42811945531456e-12 -5.35765790476744e-12
 3.73726022505326e+06 -7.47469928862722e-12 -5.36855995930195e-12
 3.74139436247035e+06 -7.42002802313359e-12 -5.37909393034847e-12
 3.74552849988745e+06 -7.43047849466783e-12 -5.38929575717340e-12
 3.74966263730454e+06 -7.44952999813711e-12 -5.39917599744444e-12
 3.75379677472164e+06 -7.37968633747944e-12 -5.40872039265913e-12
 3.75793091213873e+06 -7.35633689297629e-12 -5.41789129223065e-12
 3.76206504955583e+06 -7.27180911024973e-12 -5.42662989670642e-12
 3.76619918697292e+06 -7.35686901959599e-12 -5.43485924810543e-12
 3.77033332439001e+06 -7.27150883976662e-12 -5.44248786469797e-12
 3.77446746180711e+06 -7.26139846286430e-12 -5.44941389041995e-12
 3.77860159922420e+06 -7.22343225636596e-12 -5.45552960654899e-12
 3.78273573664130e+06 -7.19174779948617e-12 -5.46072613666207e-12
 3.78686987405839e+06 -7.20994685356324e-12 -5.46489816610280e-12
 3.79100401147549e+06 -7.22329819497485e-12 -5.46794849465789e-12
 3.79513814889258e+06 -7.16761788676474e-12 -5.46979224658322e-12
 3.79927228630967e+06 -7.20528043999279e-12 -5.47036057494264e-12
 3.80340642372677e+06 -7.18184396260561e-12 -5.46960371747588e-12
 3.80754056114386e+06 -7.15611983237761e-12 -5.46749328786846e-12
 3.81167469856096e+06 -7.07535649977356e-12 -5.46402371822224e-12
 3.81580883597805e+06 -7.05019699441830e-12 -5.45921280460855e-12
 3.81994297339515e+06 -7.07906125416968e-12 -5.45310134589071e-12
 3.82407711081224e+06 -6.99204431321572e-12 -5.44575190506765e-12
 3.82821124822934e+06 -7.05026011009370e-12 -5.43724676022257e-12
 3.83234538564643e+06 -6.97226009113221e-12 -5.42768514713335e-12
 3.83647952306352e+06 -7.02937759975712e-12 -5.41717992589242e-12
 3.84061366048062e+06 -7.00000680953820e-12 -5.40585382813428e-12
 3.84474779789771e+06 -6.92109631105852e-12 -5.39383545843852e-12
 3.84888193531481e+06 -6.91254619986892e-12 -5.38125523229602e-12
 3.85301607273190e+06 -6.85839150580942e-12 -5.36824143316757e-12
 3.85715021014900e+06 -6.86618653185745e-12 -5.35491656266143e-12
 3.86128434756609e+06 -6.84310651526889e-12 -5.34139414100354e-12
 3.86541848498318e+06 -6.85001225449934e-12 -5.32777609049825e-12
 3.86955262240028e+06 -6.77901124049460e-12 -5.31415080387181e-12
 3.87368675981737e+06 -6.75920664435166e-12 -5.30059196350589e-12
 3.87782089723447e+06 -6.79128814784818e-12 -5.28715813875205e-12
 3.88195503465156e+06 -6.72193392576654e-12 -5.27389314813988e-12
 3.88608917206866e+06 -6.77234822277549e-12 -5.26082713391998e-12
 3.89022330948575e+06 -6.65641234366012e-12 -5.24797825963126e-12
 3.89435744690284e+06 -6.71703861541326e-12 -5.23535490930507e-12
 3.89849158431994e+06 -6.69745566285376e-12 -5.22295824113269e-12
 3.90262572173703e+06 -6.68249451545158e-12 -5.21078493032246e-12
 3.90675985915413e+06 -6.62381522479441e-12 -5.19882992639375e-12
 3.91089399657122e+06 -6.62934066209138e-12 -5.18708905000286e-12
 3.91502813398832e+06 -6.62171093576872e-12 -5.17556126345602e-12
 3.91916227140541e+06 -6.62189209102741e-12 -5.16425046717525e-12
 3.92329640882250e+06 -6.56411802257759e-12 -5.15316670065747e-12
 3.92743054623960e+06 -6.48111229313793e-12 -5.14232665946735e-12
 3.93156468365669e+06 -6.54179961213601e-12 -5.13175347825362e-12
 3.93569882107379e+06 -6.44738744432017e-12 -5.12147577133783e-12
 3.93983295849088e+06 -6.49977229956620e-12 -5.11152596537743e-12
 3.94396709590798e+06 -6.44324536928842e-12 -5.10193800038849e-12
 3.94810123332507e+06 -6.40822144974893e-12 -5.09274451411182e-12
 3.95223537074216e+06 -6.46564791272270e-12 -5.08397365809023e-12
 3.95636950815926e+06 -6.42269666880009e-12 -5.07564572011997e-12
 3.96050364557635e+06 -6.37422183106080e-12 -5.06776974546484e-12
 3.96463778299345e+06 -6.39994499400286e-12 -5.06034035729957e-12
 3.96877192041054e+06 -6.30337026809316e-12 -5.05333497465968e-12
 3.97290605782764e+06 -6.35119700806152e-12 -5.04671161358219e-12
 3.97704019524473e+06 -6.26928278566228e-12 -5.04040743474592e-12
 3.98117433266182e+06 -6.27318630299883e-12 -5.03433816935359e-12
 3.98530847007892e+06 -6.27053808835364e-12 -5.02839851605758e-12
 3.98944260749601e+06 -6.24826289672042e-12 -5.02246355689064e-12
 3.99357674491311e+06 -6.23638562475699e-12 -5.01639119173717e-12
 3.99771088233020e+06 -6.20488854433596e-12 -5.01002554111552e-12
 4.00184501974730e+06 -6.27678552297786e-12 -5.00320121848007e-12
 4.00597915716439e+06 -6.18637252975038e-12 -4.99574832814078e-12
 4.01011329458148e+06 -6.13640125252680e-12 -4.98749800571147e-12
 4.01424743199858e+06 -6.18353255339489e-12 -4.97828828654885e-12
 4.01838156941567e+06 -6.17215351469379e-12 -4.96797006578845e-12
 4.02251570683277e+06 -6.13225643859178e-12 -4.95641290231391e-12
 4.02664984424986e+06 -6.07385389081542e-12 -4.94351041913787e-12
 4.03078398166696e+06 -6.06529590864247e-12 -4.92918506439907e-12
 4.03491811908405e+06 -6.02412005074449e-12 -4.91339201985818e-12
 4.03905225650115e+06 -6.07502789007317e-12 -4.89612207675087e-12
 4.04318639391824e+06 -6.04134176931271e-12 -4.87740334031152e-12
 4.04732053133533e+06 -6.03782269013094e-12 -4.85730167267563e-12
 4.05145466875243e+06 -5.98373282786636e-12 -4.83591983664020e-12
 4.05558880616952e+06 -6.00602083790765e-12 -4.81339535763319e-12
 4.05972294358662e+06 -5.92493352313156e-12 -4.78989717569193e-12
 4.06385708100371e+06 -5.91114999341040e-12 -4.76562121039916e-12
 4.06799121842081e+06 -5.87057392029308e-12 -4.74078500765545e-12
 4.07212535583790e+06 -5.86828480246007e-12 -4.71562167523647e-12
 4.07625949325499e+06 -5.87038850770683e-12 -4.69037334287689e-12
 4.08039363067209e+06 -5.85000874750449e-12 -4.66528440065070e-12
 4.08452776808918e+06 -5.82991937666793e-12 -4.64059477591350e-12
 4.08866190550628e+06 -5.82257598150868e-12 -4.61653350383180e-12
 4.09279604292337e+06 -5.81566639251923e-12 -4.59331282994412e-12
 4.09693018034047e+06 -5.82378427804091e-12 -4.57112305595762e-12
 4.10106431775756e+06 -5.78867999635625e-12 -4.55012830381414e-12
 4.10519845517465e+06 -5.79078209181334e-12 -4.53046332947124e-12
 4.10933259259175e+06 -5.77542031152964e-12 -4.51223146924293e-12
 4.11346673000884e+06 -5.75318291909886e-12 -4.49550375019142e-12
 4.11760086742594e+06 -5.64470640319067e-12 -4.48031914456751e-12
 4.12173500484303e+06 -5.71468329241581e-12 -4.46668589902469e-12
 4.12586914226013e+06 -5.66013192587922e-12 -4.45458382478847e-12
 4.13000327967722e+06 -5.68293993973921e-12 -4.44396739702536e-12
 4.13413741709431e+06 -5.64284298970190e-12 -4.43476948227026e-12
