#time(au), tau by FD, tau without precession, tau
 0.0000000000e+01 fs:  2.9202948e+01  3.0424892e+02  3.0424893e+02 ps
 1.0000000000e+03 fs: -1.8727669e+00  3.2568229e+02 -9.3811015e-01 ps
 2.0000000000e+03 fs: -7.5916684e-01  3.3356950e+02 -3.9089614e-01 ps
 3.0000000000e+03 fs: -2.5542175e-01  3.3548304e+02 -1.3403424e-01 ps
 4.0000000000e+03 fs: -7.3808536e-01  3.3654514e+02 -3.9155027e-01 ps
 5.0000000000e+03 fs:  5.1740134e+00  3.3670716e+02  3.2694911e+00 ps
 6.0000000000e+03 fs: -2.9769629e-01  3.3730699e+02 -1.5857851e-01 ps
 7.0000000000e+03 fs:  4.1649148e-01  3.3729818e+02  2.2249057e-01 ps
 8.0000000000e+03 fs:  8.5749594e-01  3.3771082e+02  4.6665336e-01 ps
 9.0000000000e+03 fs:  2.6033740e+01  3.3775984e+02 -7.9327316e+01 ps
 1.0000000000e+04 fs: -7.4933292e-01  3.3764374e+02 -3.8619622e-01 ps
 1.1000000000e+04 fs: -4.0501159e+00  3.3754874e+02 -2.0043134e+00 ps
 1.2000000000e+04 fs: -1.4672549e+00  3.3748188e+02 -8.7354687e-01 ps
 1.3000000000e+04 fs:  7.6110159e-01  3.3755222e+02  4.0592209e-01 ps
 1.4000000000e+04 fs: -1.8094626e+00  3.3777965e+02 -1.0077212e+00 ps
 1.5000000000e+04 fs: -5.4374822e+00  3.3746503e+02 -3.2175711e+00 ps
 1.6000000000e+04 fs:  1.0946457e+00  3.3737948e+02  6.2943280e-01 ps
 1.7000000000e+04 fs:  1.9411592e+00  3.3782547e+02  9.6785062e-01 ps
 1.8000000000e+04 fs:  1.6912985e+00  3.3731753e+02  8.4803366e-01 ps
 1.9000000000e+04 fs: -1.0626472e+00  3.3768832e+02 -5.3806638e-01 ps
 2.0000000000e+04 fs: -6.0027815e-01  3.3726778e+02 -3.2336184e-01 ps
 2.1000000000e+04 fs: -1.1897247e+00  3.3785293e+02 -6.3071711e-01 ps
 2.2000000000e+04 fs:  9.0443268e-01  3.3747327e+02  4.7653743e-01 ps
 2.3000000000e+04 fs:  4.1510934e-01  3.3782268e+02  2.1595656e-01 ps
 2.4000000000e+04 fs:  2.9990589e-01  3.3730061e+02  1.6019956e-01 ps
 2.5000000000e+04 fs:  2.5576702e-01  3.3758344e+02  1.3317750e-01 ps
 2.6000000000e+04 fs:  2.2118988e-01  3.3759710e+02  1.1641957e-01 ps
 2.7000000000e+04 fs:  1.0411754e+01  3.3816126e+02  4.9041409e+00 ps
 2.8000000000e+04 fs:  2.8530397e-01  3.3768758e+02  1.5032589e-01 ps
 2.9000000000e+04 fs: -9.5564676e-01  3.3791969e+02 -5.3157918e-01 ps
 3.0000000000e+04 fs:  4.5435594e+01  3.3770690e+02 -7.8553208e+00 ps
 3.1000000000e+04 fs:  4.8287417e-01  3.3774047e+02  2.5740476e-01 ps
 3.2000000000e+04 fs: -3.8811090e-01  3.3748882e+02 -2.0049620e-01 ps
 3.3000000000e+04 fs:  1.4246646e+00  3.3779471e+02  7.2394500e-01 ps
 3.4000000000e+04 fs: -4.2223264e+00  3.3756470e+02 -3.7786151e+00 ps
 3.5000000000e+04 fs: -2.4649955e-01  3.3791322e+02 -1.2944828e-01 ps
 3.6000000000e+04 fs: -2.0191549e-01  3.3754693e+02 -1.0671096e-01 ps
 3.7000000000e+04 fs:  1.7976149e+00  3.3785851e+02  8.2923760e-01 ps
 3.8000000000e+04 fs: -3.4848756e-01  3.3657168e+02 -1.7436087e-01 ps
 3.9000000000e+04 fs:  3.5488109e+00  3.3699198e+02  2.1132164e+00 ps
 4.0000000000e+04 fs:  9.1813854e-01  3.3711866e+02  5.5023789e-01 ps
 4.1000000000e+04 fs:  5.3617770e-01  3.3657777e+02  3.0637634e-01 ps
 4.2000000000e+04 fs:  1.9359634e-01  3.3721228e+02  1.0487732e-01 ps
 4.3000000000e+04 fs: -3.9291655e-01  3.3689424e+02 -2.0885298e-01 ps
 4.4000000000e+04 fs:  4.1534983e-01  3.3771060e+02  2.2486866e-01 ps
 4.5000000000e+04 fs: -8.9575280e-01  3.3771080e+02 -5.1447277e-01 ps
 4.6000000000e+04 fs:  4.3368939e+00  3.3662762e+02  2.5895134e+00 ps
 4.7000000000e+04 fs:  3.6197128e-01  3.3687140e+02  2.0547977e-01 ps
 4.8000000000e+04 fs: -3.6219355e-01  3.3741415e+02 -1.8053324e-01 ps
 4.9000000000e+04 fs:  1.5934659e-01  3.3655213e+02  8.6046043e-02 ps
 5.0000000000e+04 fs:  1.0682714e+00  3.3829525e+02  6.6858816e-01 ps
 5.1000000000e+04 fs:  3.2689428e-01  3.3787109e+02  1.7269601e-01 ps
 5.2000000000e+04 fs:  3.1049297e-01  3.3860307e+02  1.6432469e-01 ps
 5.3000000000e+04 fs:  3.1728585e-01  3.3855130e+02  1.7222829e-01 ps
 5.4000000000e+04 fs: -1.4731646e-01  3.3771615e+02 -7.6881093e-02 ps
 5.5000000000e+04 fs:  1.5867950e-01  3.3669754e+02  8.5793390e-02 ps
 5.6000000000e+04 fs: -1.1638643e+00  3.3647636e+02 -6.4752525e-01 ps
 5.7000000000e+04 fs: -7.9631064e-01  3.3673061e+02 -4.7804458e-01 ps
 5.8000000000e+04 fs:  1.0456811e-01  3.3818508e+02  5.4648231e-02 ps
 5.9000000000e+04 fs:  7.1195028e-01  3.3804826e+02  3.9598628e-01 ps
 6.0000000000e+04 fs:  2.4575509e-01  3.3733513e+02  1.2743581e-01 ps
 6.1000000000e+04 fs:  7.3582664e-01  3.3820543e+02  5.0256906e-01 ps
 6.2000000000e+04 fs: -2.0912087e-01  3.3863545e+02 -1.1153347e-01 ps
 6.3000000000e+04 fs: -1.2079663e-01  3.3712083e+02 -6.3606405e-02 ps
 6.4000000000e+04 fs: -1.1534542e-01  3.3834000e+02 -5.9341482e-02 ps
 6.5000000000e+04 fs: -1.4691166e-01  3.3553285e+02 -7.7358722e-02 ps
 6.6000000000e+04 fs: -6.9749151e-02  3.3697865e+02 -3.6865335e-02 ps
 6.7000000000e+04 fs: -1.6502963e-01  3.3850783e+02 -8.7146832e-02 ps
 6.8000000000e+04 fs: -1.8883112e-01  3.3528205e+02 -1.0194414e-01 ps
 6.9000000000e+04 fs: -1.9925848e-01  3.3712470e+02 -1.0625975e-01 ps
 7.0000000000e+04 fs:  4.5461062e-01  3.3655701e+02  2.4207684e-01 ps
 7.1000000000e+04 fs:  3.2134886e-01  3.3817563e+02  1.7361037e-01 ps
 7.2000000000e+04 fs: -1.8711655e-01  3.3752008e+02 -1.0019387e-01 ps
 7.3000000000e+04 fs: -8.9615380e-02  3.3901016e+02 -4.6931657e-02 ps
 7.4000000000e+04 fs:  2.5092712e-01  3.3726051e+02  1.3954287e-01 ps
 7.5000000000e+04 fs: -2.2391207e-01  3.3810051e+02 -1.1369287e-01 ps
 7.6000000000e+04 fs:  3.5442763e-01  3.3839012e+02  1.8994846e-01 ps
 7.7000000000e+04 fs: -2.0138771e-01  3.3669626e+02 -1.0893664e-01 ps
 7.8000000000e+04 fs: -3.8909648e-01  3.3804181e+02 -1.9509493e-01 ps
 7.9000000000e+04 fs: -1.6790240e-01  3.3780660e+02 -9.2438670e-02 ps
 8.0000000000e+04 fs:  1.2780193e-01  3.3967023e+02  6.8430006e-02 ps
 8.1000000000e+04 fs:  1.9168628e-01  3.3755301e+02  1.0114374e-01 ps
 8.2000000000e+04 fs:  2.6871672e-01  3.3860991e+02  1.4813943e-01 ps
 8.3000000000e+04 fs:  6.1888886e-01  3.3739899e+02  3.8791278e-01 ps
 8.4000000000e+04 fs:  7.3092350e-02  3.3965558e+02  3.8020202e-02 ps
 8.5000000000e+04 fs:  2.2650820e-01  3.3742199e+02  1.1642730e-01 ps
 8.6000000000e+04 fs: -1.0049282e-01  3.4032336e+02 -5.2976576e-02 ps
 8.7000000000e+04 fs: -2.8621036e-01  3.3825621e+02 -1.6448613e-01 ps
 8.8000000000e+04 fs: -9.4568342e-02  3.3750713e+02 -5.0145054e-02 ps
 8.9000000000e+04 fs:  1.8416817e+00  3.3720802e+02  1.4713720e+00 ps
 9.0000000000e+04 fs: -1.3851417e-01  3.3970098e+02 -7.3348828e-02 ps
 9.1000000000e+04 fs: -7.8896350e-01  3.3492762e+02 -3.6540458e-01 ps
 9.2000000000e+04 fs: -9.5483200e-02  3.4038873e+02 -5.0551132e-02 ps
 9.3000000000e+04 fs:  9.5057249e-02  3.3755520e+02  4.7527662e-02 ps
 9.4000000000e+04 fs: -5.7809944e-02  3.3989118e+02 -3.0785527e-02 ps
 9.5000000000e+04 fs: -1.4970689e-01  3.3471938e+02 -7.9454466e-02 ps
 9.6000000000e+04 fs: -5.4651221e-02  3.3499230e+02 -2.9030485e-02 ps
 9.7000000000e+04 fs:  7.4542832e-02  3.3558802e+02  3.9533745e-02 ps
 9.8000000000e+04 fs:  1.6199637e-01  3.3674067e+02  8.4990707e-02 ps
 9.9000000000e+04 fs:  1.1886837e-01  3.3678562e+02  6.3653528e-02 ps
