#time(au), total f, f in each valley
 0.00000000000000e+01 -2.02192141949491e-21
 4.13413741709430e+03 -1.24650531980025e-17
 8.26827483418859e+03 -4.15631015054819e-17
 1.24024122512829e+04 -7.35725355810706e-17
 1.65365496683772e+04 -1.02921291426643e-16
 2.06706870854715e+04 -1.27749762854992e-16
 2.48048245025658e+04 -1.47845695176374e-16
 2.89389619196601e+04 -1.63670790629161e-16
 3.30730993367544e+04 -1.75902961561196e-16
 3.72072367538487e+04 -1.85229147971345e-16
 4.13413741709430e+04 -1.92260726801336e-16
 4.54755115880372e+04 -1.97507915338155e-16
 4.96096490051315e+04 -2.01381066242846e-16
 5.37437864222258e+04 -2.04202736078308e-16
 5.78779238393201e+04 -2.06222785217569e-16
 6.20120612564144e+04 -2.07632964067146e-16
 6.61461986735087e+04 -2.08579541688988e-16
 7.02803360906030e+04 -2.09173712532958e-16
 7.44144735076973e+04 -2.09499843113512e-16
 7.85486109247916e+04 -2.09621924187941e-16
 8.26827483418859e+04 -2.09588495441243e-16
 8.68168857589802e+04 -2.09436422822673e-16
 9.09510231760745e+04 -2.09193725367505e-16
 9.50851605931688e+04 -2.08881759386592e-16
 9.92192980102631e+04 -2.08516820152269e-16
 1.03353435427357e+05 -2.08111356049183e-16
 1.07487572844452e+05 -2.07674910868956e-16
 1.11621710261546e+05 -2.07214812259978e-16
 1.15755847678640e+05 -2.06736690852165e-16
 1.19889985095735e+05 -2.06244889739135e-16
 1.24024122512829e+05 -2.05742761830483e-16
 1.28158259929923e+05 -2.05232902432188e-16
 1.32292397347018e+05 -2.04717319182443e-16
 1.36426534764112e+05 -2.04197571934216e-16
 1.40560672181206e+05 -2.03674870095451e-16
 1.44694809598300e+05 -2.03150160827203e-16
 1.48828947015395e+05 -2.02624167765071e-16
 1.52963084432489e+05 -2.02097471587929e-16
 1.57097221849583e+05 -2.01570527056510e-16
 1.61231359266678e+05 -2.01043670833323e-16
 1.65365496683772e+05 -2.00517190665208e-16
 1.69499634100866e+05 -1.99991287971600e-16
 1.73633771517960e+05 -1.99466135876424e-16
 1.77767908935055e+05 -1.98941866673049e-16
 1.81902046352149e+05 -1.98418577104268e-16
 1.86036183769243e+05 -1.97896355454381e-16
 1.90170321186338e+05 -1.97375260942432e-16
 1.94304458603432e+05 -1.96855342575046e-16
 1.98438596020526e+05 -1.96336635441336e-16
 2.02572733437620e+05 -1.95819174100030e-16
 2.06706870854715e+05 -1.95302978997041e-16
 2.10841008271809e+05 -1.94788067909091e-16
 2.14975145688903e+05 -1.94274449512005e-16
 2.19109283105998e+05 -1.93762135637145e-16
 2.23243420523092e+05 -1.93251134856937e-16
 2.27377557940186e+05 -1.92741451035386e-16
 2.31511695357280e+05 -1.92233082547810e-16
 2.35645832774375e+05 -1.91726034591851e-16
 2.39779970191469e+05 -1.91220306717540e-16
 2.43914107608563e+05 -1.90715901202495e-16
 2.48048245025658e+05 -1.90212820148175e-16
 2.52182382442752e+05 -1.89711058941900e-16
 2.56316519859846e+05 -1.89210611459279e-16
 2.60450657276940e+05 -1.88711478035396e-16
 2.64584794694035e+05 -1.88213660411735e-16
 2.68718932111129e+05 -1.87717154662059e-16
 2.72853069528223e+05 -1.87221952232134e-16
 2.76987206945318e+05 -1.86728057335411e-16
 2.81121344362412e+05 -1.86235459343003e-16
 2.85255481779506e+05 -1.85744169056126e-16
 2.89389619196601e+05 -1.85254164336210e-16
 2.93523756613695e+05 -1.84765456546458e-16
 2.97657894030789e+05 -1.84278038822420e-16
 3.01792031447884e+05 -1.83791906845331e-16
 3.05926168864978e+05 -1.83307051944157e-16
 3.10060306282072e+05 -1.82823479396003e-16
 3.14194443699167e+05 -1.82341186214785e-16
 3.18328581116261e+05 -1.81860159277628e-16
 3.22462718533355e+05 -1.81380401674013e-16
 3.26596855950449e+05 -1.80901916281839e-16
 3.30730993367544e+05 -1.80424689258277e-16
 3.34865130784638e+05 -1.79948718294115e-16
 3.38999268201732e+05 -1.79474006497981e-16
 3.43133405618827e+05 -1.79000545218944e-16
 3.47267543035921e+05 -1.78528336958653e-16
 3.51401680453015e+05 -1.78057370888124e-16
 3.55535817870110e+05 -1.77587651111669e-16
 3.59669955287204e+05 -1.77119171191830e-16
 3.63804092704298e+05 -1.76651928064017e-16
 3.67938230121393e+05 -1.76185917274477e-16
 3.72072367538487e+05 -1.75721133480043e-16
 3.76206504955581e+05 -1.75257572052716e-16
 3.80340642372676e+05 -1.74795233693303e-16
 3.84474779789770e+05 -1.74334116198861e-16
 3.88608917206864e+05 -1.73874221348210e-16
 3.92743054623959e+05 -1.73415537421045e-16
 3.96877192041053e+05 -1.72958065416874e-16
 4.01011329458147e+05 -1.72501801951343e-16
 4.05145466875241e+05 -1.72046742355284e-16
 4.09279604292336e+05 -1.71592877999787e-16
 4.13413741709430e+05 -1.71140214115046e-16
 4.17547879126524e+05 -1.70688746344002e-16
 4.21682016543619e+05 -1.70238466623559e-16
 4.25816153960713e+05 -1.69789377939801e-16
 4.29950291377807e+05 -1.69341468872081e-16
 4.34084428794902e+05 -1.68894748225470e-16
 4.38218566211996e+05 -1.68449202642533e-16
 4.42352703629090e+05 -1.68004833537328e-16
 4.46486841046185e+05 -1.67561640032889e-16
 4.50620978463279e+05 -1.67119614039313e-16
 4.54755115880373e+05 -1.66678755161202e-16
 4.58889253297468e+05 -1.66239058609714e-16
 4.63023390714562e+05 -1.65800520533291e-16
 4.67157528131656e+05 -1.65363140025288e-16
 4.71291665548751e+05 -1.64926918170424e-16
 4.75425802965845e+05 -1.64491843110527e-16
 4.79559940382939e+05 -1.64057916132323e-16
 4.83694077800033e+05 -1.63625131098975e-16
 4.87828215217128e+05 -1.63193491512597e-16
 4.91962352634222e+05 -1.62762991037214e-16
 4.96096490051316e+05 -1.62333625677660e-16
 5.00230627468411e+05 -1.61905395974857e-16
 5.04364764885505e+05 -1.61478296050461e-16
 5.08498902302599e+05 -1.61052322684787e-16
 5.12633039719694e+05 -1.60627473890304e-16
 5.16767177136788e+05 -1.60203746694330e-16
 5.20901314553882e+05 -1.59781134494740e-16
 5.25035451970977e+05 -1.59359637907132e-16
 5.29169589388071e+05 -1.58939257453281e-16
 5.33303726805165e+05 -1.58519982491852e-16
 5.37437864222260e+05 -1.58101812272257e-16
 5.41572001639354e+05 -1.57684744624103e-16
 5.45706139056448e+05 -1.57268784333357e-16
 5.49840276473543e+05 -1.56853919518873e-16
 5.53974413890637e+05 -1.56440145239586e-16
 5.58108551307731e+05 -1.56027460328444e-16
 5.62242688724826e+05 -1.55615871702554e-16
 5.66376826141920e+05 -1.55205370871826e-16
 5.70510963559014e+05 -1.54795952054612e-16
 5.74645100976108e+05 -1.54387610088691e-16
 5.78779238393203e+05 -1.53980346037720e-16
 5.82913375810297e+05 -1.53574156426389e-16
 5.87047513227391e+05 -1.53169041982313e-16
 5.91181650644486e+05 -1.52764993144087e-16
 5.95315788061580e+05 -1.52362011793930e-16
 5.99449925478674e+05 -1.51960092242104e-16
 6.03584062895769e+05 -1.51559233274643e-16
 6.07718200312863e+05 -1.51159431515810e-16
 6.11852337729957e+05 -1.50760684878503e-16
 6.15986475147052e+05 -1.50362989168421e-16
 6.20120612564146e+05 -1.49966344242912e-16
 6.24254749981240e+05 -1.49570751547628e-16
 6.28388887398335e+05 -1.49176200241142e-16
 6.32523024815429e+05 -1.48782685975968e-16
 6.36657162232523e+05 -1.48390212231243e-16
 6.40791299649618e+05 -1.47998769276107e-16
 6.44925437066712e+05 -1.47608365466615e-16
 6.49059574483806e+05 -1.47218991716227e-16
 6.53193711900900e+05 -1.46830642349565e-16
 6.57327849317995e+05 -1.46443322173659e-16
 6.61461986735089e+05 -1.46057022649591e-16
 6.65596124152183e+05 -1.45671736792282e-16
 6.69730261569278e+05 -1.45287471957320e-16
 6.73864398986372e+05 -1.44904221829794e-16
 6.77998536403466e+05 -1.44521982593567e-16
 6.82132673820561e+05 -1.44140751211814e-16
 6.86266811237655e+05 -1.43760527160846e-16
 6.90400948654749e+05 -1.43381304231064e-16
 6.94535086071844e+05 -1.43003080056769e-16
 6.98669223488938e+05 -1.42625859621151e-16
 7.02803360906032e+05 -1.42249633852986e-16
 7.06937498323127e+05 -1.41874394540784e-16
 7.11071635740221e+05 -1.41500155358874e-16
 7.15205773157315e+05 -1.41126895422861e-16
 7.19339910574410e+05 -1.40754624495199e-16
 7.23474047991504e+05 -1.40383331839773e-16
 7.27608185408598e+05 -1.40013024063496e-16
 7.31742322825692e+05 -1.39643685897037e-16
 7.35876460242787e+05 -1.39275328535097e-16
 7.40010597659881e+05 -1.38907944751335e-16
 7.44144735076975e+05 -1.38541530805247e-16
 7.48278872494070e+05 -1.38176081255057e-16
 7.52413009911164e+05 -1.37811590181255e-16
 7.56547147328258e+05 -1.37448071655483e-16
 7.60681284745353e+05 -1.37085505781369e-16
 7.64815422162447e+05 -1.36723896960968e-16
 7.68949559579541e+05 -1.36363244493474e-16
 7.73083696996636e+05 -1.36003542011320e-16
 7.77217834413730e+05 -1.35644787393898e-16
 7.81351971830824e+05 -1.35286983051904e-16
 7.85486109247919e+05 -1.34930119005556e-16
 7.89620246665013e+05 -1.34574196023634e-16
 7.93754384082107e+05 -1.34219214618341e-16
 7.97888521499202e+05 -1.33865167429299e-16
 8.02022658916296e+05 -1.33512060456441e-16
 8.06156796333390e+05 -1.33159880847831e-16
 8.10290933750484e+05 -1.32808627534069e-16
 8.14425071167579e+05 -1.32458302109202e-16
 8.18559208584673e+05 -1.32108899616848e-16
 8.22693346001767e+05 -1.31760425994709e-16
 8.26827483418862e+05 -1.31412869268770e-16
 8.30961620835956e+05 -1.31066229693695e-16
 8.35095758253050e+05 -1.30720501897599e-16
 8.39229895670145e+05 -1.30375693202561e-16
 8.43364033087239e+05 -1.30031789015162e-16
 8.47498170504333e+05 -1.29688791581427e-16
 8.51632307921428e+05 -1.29346700207252e-16
 8.55766445338522e+05 -1.29005518903123e-16
 8.59900582755616e+05 -1.28665236077022e-16
 8.64034720172711e+05 -1.28325853497240e-16
 8.68168857589805e+05 -1.27987355729774e-16
 8.72302995006899e+05 -1.27649752758233e-16
 8.76437132423994e+05 -1.27313040642022e-16
 8.80571269841088e+05 -1.26977216871834e-16
 8.84705407258182e+05 -1.26642277732059e-16
 8.88839544675276e+05 -1.26308226463444e-16
 8.92973682092371e+05 -1.25975060484879e-16
 8.97107819509465e+05 -1.25642770290490e-16
 9.01241956926559e+05 -1.25311353822856e-16
 9.05376094343654e+05 -1.24980818065143e-16
 9.09510231760748e+05 -1.24651147968216e-16
 9.13644369177842e+05 -1.24322351599959e-16
 9.17778506594937e+05 -1.23994423496575e-16
 9.21912644012031e+05 -1.23667361001322e-16
 9.26046781429125e+05 -1.23341159171221e-16
 9.30180918846220e+05 -1.23015821423179e-16
 9.34315056263314e+05 -1.22691338535663e-16
 9.38449193680408e+05 -1.22367714147695e-16
 9.42583331097503e+05 -1.22044942332103e-16
 9.46717468514597e+05 -1.21723020796908e-16
 9.50851605931691e+05 -1.21401946137649e-16
 9.54985743348786e+05 -1.21081721920586e-16
 9.59119880765880e+05 -1.20762341674752e-16
 9.63254018182974e+05 -1.20443806760593e-16
 9.67388155600069e+05 -1.20126112158538e-16
 9.71522293017163e+05 -1.19809255503848e-16
 9.75656430434257e+05 -1.19493228862672e-16
 9.79790567851351e+05 -1.19178045429690e-16
 9.83924705268446e+05 -1.18863689882914e-16
 9.88058842685540e+05 -1.18550165913062e-16
 9.92192980102634e+05 -1.18237466809823e-16
 9.96327117519729e+05 -1.17925593566962e-16
 1.00046125493682e+06 -1.17614542805869e-16
 1.00459539235392e+06 -1.17304312070851e-16
 1.00872952977101e+06 -1.16994901149367e-16
 1.01286366718811e+06 -1.16686305988809e-16
 1.01699780460520e+06 -1.16378525999426e-16
 1.02113194202229e+06 -1.16071557097971e-16
 1.02526607943939e+06 -1.15765393920217e-16
 1.02940021685648e+06 -1.15460045159220e-16
 1.03353435427358e+06 -1.15155506040499e-16
 1.03766849169067e+06 -1.14851761917024e-16
 1.04180262910777e+06 -1.14548820427767e-16
 1.04593676652486e+06 -1.14246682785737e-16
 1.05007090394195e+06 -1.13945342059466e-16
 1.05420504135905e+06 -1.13644798134068e-16
 1.05833917877614e+06 -1.13345043593638e-16
 1.06247331619324e+06 -1.13046076745520e-16
 1.06660745361033e+06 -1.12747899425022e-16
 1.07074159102743e+06 -1.12450511670438e-16
 1.07487572844452e+06 -1.12153909664675e-16
 1.07900986586161e+06 -1.11858091736138e-16
 1.08314400327871e+06 -1.11563049825561e-16
 1.08727814069580e+06 -1.11268784956389e-16
 1.09141227811290e+06 -1.10975300364582e-16
 1.09554641552999e+06 -1.10682591697868e-16
 1.09968055294709e+06 -1.10390654810771e-16
 1.10381469036418e+06 -1.10099486208836e-16
 1.10794882778128e+06 -1.09809087111771e-16
 1.11208296519837e+06 -1.09519451703461e-16
 1.11621710261546e+06 -1.09230585444832e-16
 1.12035124003256e+06 -1.08942478498753e-16
 1.12448537744965e+06 -1.08655134799117e-16
 1.12861951486675e+06 -1.08368548043461e-16
 1.13275365228384e+06 -1.08082713432414e-16
 1.13688778970094e+06 -1.07797634583932e-16
 1.14102192711803e+06 -1.07513306729282e-16
 1.14515606453512e+06 -1.07229731498890e-16
 1.14929020195222e+06 -1.06946903282480e-16
 1.15342433936931e+06 -1.06664824285867e-16
 1.15755847678641e+06 -1.06383489511502e-16
 1.16169261420350e+06 -1.06102894421380e-16
 1.16582675162060e+06 -1.05823037942273e-16
 1.16996088903769e+06 -1.05543918842983e-16
 1.17409502645478e+06 -1.05265541200055e-16
 1.17822916387188e+06 -1.04987899229927e-16
 1.18236330128897e+06 -1.04710990625301e-16
 1.18649743870607e+06 -1.04434812395307e-16
 1.19063157612316e+06 -1.04159358807123e-16
 1.19476571354026e+06 -1.03884629562045e-16
 1.19889985095735e+06 -1.03610634449335e-16
 1.20303398837444e+06 -1.03337352919681e-16
 1.20716812579154e+06 -1.03064797850869e-16
 1.21130226320863e+06 -1.02792960217631e-16
 1.21543640062573e+06 -1.02521843223376e-16
 1.21957053804282e+06 -1.02251437782522e-16
 1.22370467545992e+06 -1.01981747967783e-16
 1.22783881287701e+06 -1.01712769341682e-16
 1.23197295029410e+06 -1.01444500499734e-16
 1.23610708771120e+06 -1.01176936534383e-16
 1.24024122512829e+06 -1.00910084506344e-16
 1.24437536254539e+06 -1.00643930974889e-16
 1.24850949996248e+06 -1.00378485729279e-16
 1.25264363737958e+06 -1.00113735976938e-16
 1.25677777479667e+06 -9.98496855780395e-17
 1.26091191221376e+06 -9.95863292296299e-17
 1.26504604963086e+06 -9.93236669977682e-17
 1.26918018704795e+06 -9.90617014156951e-17
 1.27331432446505e+06 -9.88004269937652e-17
 1.27744846188214e+06 -9.85398424711025e-17
 1.28158259929924e+06 -9.82799479003632e-17
 1.28571673671633e+06 -9.80207378436006e-17
 1.28985087413343e+06 -9.77622133213871e-17
 1.29398501155052e+06 -9.75043712528579e-17
 1.29811914896761e+06 -9.72472082661032e-17
 1.30225328638471e+06 -9.69907183803390e-17
 1.30638742380180e+06 -9.67349064150412e-17
 1.31052156121890e+06 -9.64797704602269e-17
 1.31465569863599e+06 -9.62253073699291e-17
 1.31878983605309e+06 -9.59715188272304e-17
 1.32292397347018e+06 -9.57183964894784e-17
 1.32705811088727e+06 -9.54659447347945e-17
 1.33119224830437e+06 -9.52141591802702e-17
 1.33532638572146e+06 -9.49630377263604e-17
 1.33946052313856e+06 -9.47125790040045e-17
 1.34359466055565e+06 -9.44627880413884e-17
 1.34772879797275e+06 -9.42136480842752e-17
 1.35186293538984e+06 -9.39651710702980e-17
 1.35599707280693e+06 -9.37173431987525e-17
 1.36013121022403e+06 -9.34701690679588e-17
 1.36426534764112e+06 -9.32236483093235e-17
 1.36839948505822e+06 -9.29777796753741e-17
 1.37253362247531e+06 -9.27325550455712e-17
 1.37666775989241e+06 -9.24879804035710e-17
 1.38080189730950e+06 -9.22440548006050e-17
 1.38493603472659e+06 -9.20007724138577e-17
 1.38907017214369e+06 -9.17581327512332e-17
 1.39320430956078e+06 -9.15161344092053e-17
 1.39733844697788e+06 -9.12747704065227e-17
 1.40147258439497e+06 -9.10340449192987e-17
 1.40560672181207e+06 -9.07939532285827e-17
 1.40974085922916e+06 -9.05544951352387e-17
 1.41387499664625e+06 -9.03156705301248e-17
 1.41800913406335e+06 -9.00774729327021e-17
 1.42214327148044e+06 -8.98399077512384e-17
 1.42627740889754e+06 -8.96029674453695e-17
 1.43041154631463e+06 -8.93666503320128e-17
 1.43454568373173e+06 -8.91309607519517e-17
 1.43867982114882e+06 -8.88958892107995e-17
 1.44281395856591e+06 -8.86614407051482e-17
 1.44694809598301e+06 -8.84276105141327e-17
 1.45108223340010e+06 -8.81943971068944e-17
 1.45521637081720e+06 -8.79617964633737e-17
 1.45935050823429e+06 -8.77298119478215e-17
 1.46348464565139e+06 -8.74984383482340e-17
 1.46761878306848e+06 -8.72676749829531e-17
 1.47175292048557e+06 -8.70375200645410e-17
 1.47588705790267e+06 -8.68079718878952e-17
 1.48002119531976e+06 -8.65790311700970e-17
 1.48415533273686e+06 -8.63506998900610e-17
 1.48828947015395e+06 -8.61229658698506e-17
 1.49242360757105e+06 -8.58958364995202e-17
 1.49655774498814e+06 -8.56693038997916e-17
 1.50069188240524e+06 -8.54433669016978e-17
 1.50482601982233e+06 -8.52180318029171e-17
 1.50896015723942e+06 -8.49932859745842e-17
 1.51309429465652e+06 -8.47691364257147e-17
 1.51722843207361e+06 -8.45455760754893e-17
 1.52136256949071e+06 -8.43226055979069e-17
 1.52549670690780e+06 -8.41002263725594e-17
 1.52963084432490e+06 -8.38784308811026e-17
 1.53376498174199e+06 -8.36572205940797e-17
 1.53789911915908e+06 -8.34365928710231e-17
 1.54203325657618e+06 -8.32165473414247e-17
 1.54616739399327e+06 -8.29970854308308e-17
 1.55030153141037e+06 -8.27782001685215e-17
 1.55443566882746e+06 -8.25598953361673e-17
 1.55856980624456e+06 -8.23421652976430e-17
 1.56270394366165e+06 -8.21250107202458e-17
 1.56683808107874e+06 -8.19084281554751e-17
 1.57097221849584e+06 -8.16924163587305e-17
 1.57510635591293e+06 -8.14769753070347e-17
 1.57924049333003e+06 -8.12621028797799e-17
 1.58337463074712e+06 -8.10477974810056e-17
 1.58750876816422e+06 -8.08340569814875e-17
 1.59164290558131e+06 -8.06208827684763e-17
 1.59577704299840e+06 -8.04082655342755e-17
 1.59991118041550e+06 -8.01962130978482e-17
 1.60404531783259e+06 -7.99847204319657e-17
 1.60817945524969e+06 -7.97737810503450e-17
 1.61231359266678e+06 -7.95634050103151e-17
 1.61644773008388e+06 -7.93535831324691e-17
 1.62058186750097e+06 -7.91443116236475e-17
 1.62471600491806e+06 -7.89355945632679e-17
 1.62885014233516e+06 -7.87274284157074e-17
 1.63298427975225e+06 -7.85198084409531e-17
 1.63711841716935e+06 -7.83127359458356e-17
 1.64125255458644e+06 -7.81062142812021e-17
 1.64538669200354e+06 -7.79002343796597e-17
 1.64952082942063e+06 -7.76948043627051e-17
 1.65365496683772e+06 -7.74899078734159e-17
 1.65778910425482e+06 -7.72855581074294e-17
 1.66192324167191e+06 -7.70817441333239e-17
 1.66605737908901e+06 -7.68784678361904e-17
 1.67019151650610e+06 -7.66757309287905e-17
 1.67432565392320e+06 -7.64735243035213e-17
 1.67845979134029e+06 -7.62718549933325e-17
 1.68259392875739e+06 -7.60707180514160e-17
 1.68672806617448e+06 -7.58701081547115e-17
 1.69086220359157e+06 -7.56700292150939e-17
 1.69499634100867e+06 -7.54704815552020e-17
 1.69913047842576e+06 -7.52714579218872e-17
 1.70326461584286e+06 -7.50729583716352e-17
 1.70739875325995e+06 -7.48749868077046e-17
 1.71153289067705e+06 -7.46775320698588e-17
 1.71566702809414e+06 -7.44806057836235e-17
 1.71980116551123e+06 -7.42841936083291e-17
 1.72393530292833e+06 -7.40883011858454e-17
 1.72806944034542e+06 -7.38929259666562e-17
 1.73220357776252e+06 -7.36980679584205e-17
 1.73633771517961e+06 -7.35037205006111e-17
 1.74047185259671e+06 -7.33098799723981e-17
 1.74460599001380e+06 -7.31165582807783e-17
 1.74874012743089e+06 -7.29237447011253e-17
 1.75287426484799e+06 -7.27314436871940e-17
 1.75700840226508e+06 -7.25396482912417e-17
 1.76114253968218e+06 -7.23483608799239e-17
 1.76527667709927e+06 -7.21575718793911e-17
 1.76941081451637e+06 -7.19672874341400e-17
 1.77354495193346e+06 -7.17775100046498e-17
 1.77767908935055e+06 -7.15882291879756e-17
 1.78181322676765e+06 -7.13994562142430e-17
 1.78594736418474e+06 -7.12111739050936e-17
 1.79008150160184e+06 -7.10233881072773e-17
 1.79421563901893e+06 -7.08360969672969e-17
 1.79834977643603e+06 -7.06493055075938e-17
 1.80248391385312e+06 -7.04630043687727e-17
 1.80661805127021e+06 -7.02771920879493e-17
 1.81075218868731e+06 -7.00918735439574e-17
 1.81488632610440e+06 -6.99070394846287e-17
 1.81902046352150e+06 -6.97226974666027e-17
 1.82315460093859e+06 -6.95388447919686e-17
 1.82728873835569e+06 -6.93554757240757e-17
 1.83142287577278e+06 -6.91725841327880e-17
 1.83555701318987e+06 -6.89901805014708e-17
 1.83969115060697e+06 -6.88082545746166e-17
 1.84382528802406e+06 -6.86268120611116e-17
 1.84795942544116e+06 -6.84458466240250e-17
 1.85209356285825e+06 -6.82653588952308e-17
 1.85622770027535e+06 -6.80853491944955e-17
 1.86036183769244e+06 -6.79058116185834e-17
 1.86449597510954e+06 -6.77267525331473e-17
 1.86863011252663e+06 -6.75481584151243e-17
 1.87276424994372e+06 -6.73700424658959e-17
 1.87689838736082e+06 -6.71923938813726e-17
 1.88103252477791e+06 -6.70152112752611e-17
 1.88516666219501e+06 -6.68384974699322e-17
 1.88930079961210e+06 -6.66622536257366e-17
 1.89343493702920e+06 -6.64864735397769e-17
 1.89756907444629e+06 -6.63111550397467e-17
 1.90170321186338e+06 -6.61363005152789e-17
 1.90583734928048e+06 -6.59619079443764e-17
 1.90997148669757e+06 -6.57879747746510e-17
 1.91410562411467e+06 -6.56144989333641e-17
 1.91823976153176e+06 -6.54414830935345e-17
 1.92237389894886e+06 -6.52689265763765e-17
 1.92650803636595e+06 -6.50968243393432e-17
 1.93064217378304e+06 -6.49251713628653e-17
 1.93477631120014e+06 -6.47539750398696e-17
 1.93891044861723e+06 -6.45832313196603e-17
 1.94304458603433e+06 -6.44129345096262e-17
 1.94717872345142e+06 -6.42430865599607e-17
 1.95131286086852e+06 -6.40736903897305e-17
 1.95544699828561e+06 -6.39047402919637e-17
 1.95958113570270e+06 -6.37362381689843e-17
 1.96371527311980e+06 -6.35681778389576e-17
 1.96784941053689e+06 -6.34005620715983e-17
 1.97198354795399e+06 -6.32333855448034e-17
 1.97611768537108e+06 -6.30666505706574e-17
 1.98025182278818e+06 -6.29003600663126e-17
 1.98438596020527e+06 -6.27345002846780e-17
 1.98852009762236e+06 -6.25690827057568e-17
 1.99265423503946e+06 -6.24041038465826e-17
 1.99678837245655e+06 -6.22395577799849e-17
 2.00092250987365e+06 -6.20754496921182e-17
 2.00505664729074e+06 -6.19117701939081e-17
 2.00919078470784e+06 -6.17485262541598e-17
 2.01332492212493e+06 -6.15857102827251e-17
 2.01745905954202e+06 -6.14233226635156e-17
 2.02159319695912e+06 -6.12613637383176e-17
 2.02572733437621e+06 -6.10998346243994e-17
 2.02986147179331e+06 -6.09387297861611e-17
 2.03399560921040e+06 -6.07780498889853e-17
 2.03812974662750e+06 -6.06177957973905e-17
 2.04226388404459e+06 -6.04579658110612e-17
 2.04639802146168e+06 -6.02985523714429e-17
 2.05053215887878e+06 -6.01395596824130e-17
 2.05466629629587e+06 -5.99809926543991e-17
 2.05880043371297e+06 -5.98228444449708e-17
 2.06293457113006e+06 -5.96651156639823e-17
 2.06706870854716e+06 -5.95077969357626e-17
 2.07120284596425e+06 -5.93508945924560e-17
 2.07533698338135e+06 -5.91944079303843e-17
 2.07947112079844e+06 -5.90383313067207e-17
 2.08360525821553e+06 -5.88826682819799e-17
 2.08773939563263e+06 -5.87274156795585e-17
 2.09187353304972e+06 -5.85725697809733e-17
 2.09600767046682e+06 -5.84181330993598e-17
 2.10014180788391e+06 -5.82641068927219e-17
 2.10427594530101e+06 -5.81104847341343e-17
 2.10841008271810e+06 -5.79572720701601e-17
 2.11254422013519e+06 -5.78044589133592e-17
 2.11667835755229e+06 -5.76520527667578e-17
 2.12081249496938e+06 -5.75000452513225e-17
 2.12494663238648e+06 -5.73484427154731e-17
 2.12908076980357e+06 -5.71972371784485e-17
 2.13321490722067e+06 -5.70464303932205e-17
 2.13734904463776e+06 -5.68960207791466e-17
 2.14148318205485e+06 -5.67460104376867e-17
 2.14561731947195e+06 -5.65963940917350e-17
 2.14975145688904e+06 -5.64471725952789e-17
 2.15388559430614e+06 -5.62983418756025e-17
 2.15801973172323e+06 -5.61499094022236e-17
 2.16215386914033e+06 -5.60018725700976e-17
 2.16628800655742e+06 -5.58542209370266e-17
 2.17042214397451e+06 -5.57069562626842e-17
 2.17455628139161e+06 -5.55600827318002e-17
 2.17869041880870e+06 -5.54135991916829e-17
 2.18282455622580e+06 -5.52675008755127e-17
 2.18695869364289e+06 -5.51217862811526e-17
 2.19109283105999e+06 -5.49764582702261e-17
 2.19522696847708e+06 -5.48315110237476e-17
 2.19936110589417e+06 -5.46869448145716e-17
 2.20349524331127e+06 -5.45427691342127e-17
 2.20762938072836e+06 -5.43989638890753e-17
 2.21176351814546e+06 -5.42555402575863e-17
 2.21589765556255e+06 -5.41125001018594e-17
 2.22003179297965e+06 -5.39698346713959e-17
 2.22416593039674e+06 -5.38275454195063e-17
 2.22830006781383e+06 -5.36856358080947e-17
 2.23243420523093e+06 -5.35440931221312e-17
 2.23656834264802e+06 -5.34029322499094e-17
 2.24070248006512e+06 -5.32621386554536e-17
 2.24483661748221e+06 -5.31217148317940e-17
 2.24897075489931e+06 -5.29816551830155e-17
 2.25310489231640e+06 -5.28419722929862e-17
 2.25723902973349e+06 -5.27026580765900e-17
 2.26137316715059e+06 -5.25637145711421e-17
 2.26550730456768e+06 -5.24251352463197e-17
 2.26964144198478e+06 -5.22869222112418e-17
 2.27377557940187e+06 -5.21490718297603e-17
 2.27790971681897e+06 -5.20115885278660e-17
 2.28204385423606e+06 -5.18744679408407e-17
 2.28617799165316e+06 -5.17377080620057e-17
 2.29031212907025e+06 -5.16013074399651e-17
 2.29444626648734e+06 -5.14652679176852e-17
 2.29858040390444e+06 -5.13295904324458e-17
 2.30271454132153e+06 -5.11942655865561e-17
 2.30684867873863e+06 -5.10593044014317e-17
 2.31098281615572e+06 -5.09246935225099e-17
 2.31511695357282e+06 -5.07904338822835e-17
 2.31925109098991e+06 -5.06565365797165e-17
 2.32338522840700e+06 -5.05229926670890e-17
 2.32751936582410e+06 -5.03897970233487e-17
 2.33165350324119e+06 -5.02569531831611e-17
 2.33578764065829e+06 -5.01244643978053e-17
 2.33992177807538e+06 -4.99923208684464e-17
 2.34405591549248e+06 -4.98605272920149e-17
 2.34819005290957e+06 -4.97290775106107e-17
 2.35232419032666e+06 -4.95979808252288e-17
 2.35645832774376e+06 -4.94672226271319e-17
 2.36059246516085e+06 -4.93368153642395e-17
 2.36472660257795e+06 -4.92067517058548e-17
 2.36886073999504e+06 -4.90770304571614e-17
 2.37299487741214e+06 -4.89476481983801e-17
 2.37712901482923e+06 -4.88186120419239e-17
 2.38126315224632e+06 -4.86899158222336e-17
 2.38539728966342e+06 -4.85615567466173e-17
 2.38953142708051e+06 -4.84335385019644e-17
 2.39366556449761e+06 -4.83058611246557e-17
 2.39779970191470e+06 -4.81785147038418e-17
 2.40193383933180e+06 -4.80515130296959e-17
 2.40606797674889e+06 -4.79248379923239e-17
 2.41020211416598e+06 -4.77984980578811e-17
 2.41433625158308e+06 -4.76724919463439e-17
 2.41847038900017e+06 -4.75468207146651e-17
 2.42260452641727e+06 -4.74214807965858e-17
 2.42673866383436e+06 -4.72964688498750e-17
 2.43087280125146e+06 -4.71717902138688e-17
 2.43500693866855e+06 -4.70474333252715e-17
 2.43914107608564e+06 -4.69234088799880e-17
 2.44327521350274e+06 -4.67997156018240e-17
 2.44740935091983e+06 -4.66763498335691e-17
 2.45154348833693e+06 -4.65533015533173e-17
 2.45567762575402e+06 -4.64305853353401e-17
 2.45981176317112e+06 -4.63081868849224e-17
 2.46394590058821e+06 -4.61861148338472e-17
 2.46808003800530e+06 -4.60643653439581e-17
 2.47221417542240e+06 -4.59429359767956e-17
 2.47634831283949e+06 -4.58218242776246e-17
 2.48048245025659e+06 -4.57010338165337e-17
 2.48461658767368e+06 -4.55805655853737e-17
 2.48875072509078e+06 -4.54604120342068e-17
 2.49288486250787e+06 -4.53405766211074e-17
 2.49701899992497e+06 -4.52210584269861e-17
 2.50115313734206e+06 -4.51018516606210e-17
 2.50528727475915e+06 -4.49829612238233e-17
 2.50942141217625e+06 -4.48643881141881e-17
 2.51355554959334e+06 -4.47461243490395e-17
 2.51768968701044e+06 -4.46281696172275e-17
 2.52182382442753e+06 -4.45105296716782e-17
 2.52595796184463e+06 -4.43932007757181e-17
 2.53009209926172e+06 -4.42761861882858e-17
 2.53422623667881e+06 -4.41594747807383e-17
 2.53836037409591e+06 -4.40430729081970e-17
 2.54249451151300e+06 -4.39269746348751e-17
 2.54662864893010e+06 -4.38111854169096e-17
 2.55076278634719e+06 -4.36956993998914e-17
 2.55489692376429e+06 -4.35805182190340e-17
 2.55903106118138e+06 -4.34656459738598e-17
 2.56316519859847e+06 -4.33510737913250e-17
 2.56729933601557e+06 -4.32368089887229e-17
 2.57143347343266e+06 -4.31228436130565e-17
 2.57556761084976e+06 -4.30091755226556e-17
 2.57970174826685e+06 -4.28958054824710e-17
 2.58383588568395e+06 -4.27827365752821e-17
 2.58797002310104e+06 -4.26699633822900e-17
 2.59210416051813e+06 -4.25574936496965e-17
 2.59623829793523e+06 -4.24453142230322e-17
 2.60037243535232e+06 -4.23334354832222e-17
 2.60450657276942e+06 -4.22218547448017e-17
 2.60864071018651e+06 -4.21105630772838e-17
 2.61277484760361e+06 -4.19995662192339e-17
 2.61690898502070e+06 -4.18888621342943e-17
 2.62104312243779e+06 -4.17784514696571e-17
 2.62517725985489e+06 -4.16683328620061e-17
 2.62931139727198e+06 -4.15585062835772e-17
 2.63344553468908e+06 -4.14489643519750e-17
 2.63757967210617e+06 -4.13397117066869e-17
 2.64171380952327e+06 -4.12307479101880e-17
 2.64584794694036e+06 -4.11220744167461e-17
 2.64998208435745e+06 -4.10136848626233e-17
 2.65411622177455e+06 -4.09055852458364e-17
 2.65825035919164e+06 -4.07977706186200e-17
 2.66238449660874e+06 -4.06902361126714e-17
 2.66651863402583e+06 -4.05829825360236e-17
 2.67065277144293e+06 -4.04760211053988e-17
 2.67478690886002e+06 -4.03693388922705e-17
 2.67892104627712e+06 -4.02629374705796e-17
 2.68305518369421e+06 -4.01568124995425e-17
 2.68718932111130e+06 -4.00509726789165e-17
 2.69132345852840e+06 -3.99454080413667e-17
 2.69545759594549e+06 -3.98401250281791e-17
 2.69959173336259e+06 -3.97351154048857e-17
 2.70372587077968e+06 -3.96303901536494e-17
 2.70786000819678e+06 -3.95259415253963e-17
 2.71199414561387e+06 -3.94217664813865e-17
 2.71612828303096e+06 -3.93178582471639e-17
 2.72026242044806e+06 -3.92142312380741e-17
 2.72439655786515e+06 -3.91108797318270e-17
 2.72853069528225e+06 -3.90077997121928e-17
 2.73266483269934e+06 -3.89049927674730e-17
 2.73679897011644e+06 -3.88024502926916e-17
 2.74093310753353e+06 -3.87001851110629e-17
 2.74506724495062e+06 -3.85981893902205e-17
 2.74920138236772e+06 -3.84964624408471e-17
 2.75333551978481e+06 -3.83950040475311e-17
 2.75746965720191e+06 -3.82938072328509e-17
 2.76160379461900e+06 -3.81928830823671e-17
 2.76573793203610e+06 -3.80922253309523e-17
 2.76987206945319e+06 -3.79918294942155e-17
 2.77400620687028e+06 -3.78917002547265e-17
 2.77814034428738e+06 -3.77918372161278e-17
 2.78227448170447e+06 -3.76922334948217e-17
 2.78640861912157e+06 -3.75928965057547e-17
 2.79054275653866e+06 -3.74938241465093e-17
 2.79467689395576e+06 -3.73950072079996e-17
 2.79881103137285e+06 -3.72964544646589e-17
 2.80294516878994e+06 -3.71981594752009e-17
 2.80707930620704e+06 -3.71001256909986e-17
 2.81121344362413e+06 -3.70023494088870e-17
 2.81534758104123e+06 -3.69048292559758e-17
 2.81948171845832e+06 -3.68075692666855e-17
 2.82361585587542e+06 -3.67105640107284e-17
 2.82774999329251e+06 -3.66138134191729e-17
 2.83188413070960e+06 -3.65173242578585e-17
 2.83601826812670e+06 -3.64210898499825e-17
 2.84015240554379e+06 -3.63251073827478e-17
 2.84428654296089e+06 -3.62293790523955e-17
 2.84842068037798e+06 -3.61339030829765e-17
 2.85255481779508e+06 -3.60386734716871e-17
 2.85668895521217e+06 -3.59436997263174e-17
 2.86082309262927e+06 -3.58489743179920e-17
 2.86495723004636e+06 -3.57545016717441e-17
 2.86909136746345e+06 -3.56602749135499e-17
 2.87322550488055e+06 -3.55662992132880e-17
 2.87735964229764e+06 -3.54725721966438e-17
 2.88149377971474e+06 -3.53790927980477e-17
 2.88562791713183e+06 -3.52858570529687e-17
 2.88976205454893e+06 -3.51928671193524e-17
 2.89389619196602e+06 -3.51001270632128e-17
 2.89803032938311e+06 -3.50076287180562e-17
 2.90216446680021e+06 -3.49153741125813e-17
 2.90629860421730e+06 -3.48233630160582e-17
 2.91043274163440e+06 -3.47315962154575e-17
 2.91456687905149e+06 -3.46400739147021e-17
 2.91870101646859e+06 -3.45487907734987e-17
 2.92283515388568e+06 -3.44577484979074e-17
 2.92696929130277e+06 -3.43669449577464e-17
 2.93110342871987e+06 -3.42763903826743e-17
 2.93523756613696e+06 -3.41860610927313e-17
 2.93937170355406e+06 -3.40959727555222e-17
 2.94350584097115e+06 -3.40061225314434e-17
 2.94763997838825e+06 -3.39165124472788e-17
 2.95177411580534e+06 -3.38271372106043e-17
 2.95590825322243e+06 -3.37379911556156e-17
 2.96004239063953e+06 -3.36490863702554e-17
 2.96417652805662e+06 -3.35604240771042e-17
 2.96831066547372e+06 -3.34719890192753e-17
 2.97244480289081e+06 -3.33837836582053e-17
 2.97657894030791e+06 -3.32958171101140e-17
 2.98071307772500e+06 -3.32080803736678e-17
 2.98484721514209e+06 -3.31205746733621e-17
 2.98898135255919e+06 -3.30333018914159e-17
 2.99311548997628e+06 -3.29462521035764e-17
 2.99724962739338e+06 -3.28594332772014e-17
 3.00138376481047e+06 -3.27728457243985e-17
 3.00551790222757e+06 -3.26864914279118e-17
 3.00965203964466e+06 -3.26003663159831e-17
 3.01378617706175e+06 -3.25144621876528e-17
 3.01792031447885e+06 -3.24287883774243e-17
 3.02205445189594e+06 -3.23433373458910e-17
 3.02618858931304e+06 -3.22581137143501e-17
 3.03032272673013e+06 -3.21731168049731e-17
 3.03445686414723e+06 -3.20883411367310e-17
 3.03859100156432e+06 -3.20037905286324e-17
 3.04272513898141e+06 -3.19194680835621e-17
 3.04685927639851e+06 -3.18353576159698e-17
 3.05099341381560e+06 -3.17514756742546e-17
 3.05512755123270e+06 -3.16678157568153e-17
 3.05926168864979e+06 -3.15843756798566e-17
 3.06339582606689e+06 -3.15011525080364e-17
 3.06752996348398e+06 -3.14181486453482e-17
 3.07166410090108e+06 -3.13353712587760e-17
 3.07579823831817e+06 -3.12528063274168e-17
 3.07993237573526e+06 -3.11704627042095e-17
 3.08406651315236e+06 -3.10883341948733e-17
 3.08820065056945e+06 -3.10064254532566e-17
 3.09233478798655e+06 -3.09247286067828e-17
 3.09646892540364e+06 -3.08432465438822e-17
 3.10060306282074e+06 -3.07619789917003e-17
 3.10473720023783e+06 -3.06809247257416e-17
 3.10887133765492e+06 -3.06000849111436e-17
 3.11300547507202e+06 -3.05194647723561e-17
 3.11713961248911e+06 -3.04390524761009e-17
 3.12127374990621e+06 -3.03588526427178e-17
 3.12540788732330e+06 -3.02788638935726e-17
 3.12954202474040e+06 -3.01990860429324e-17
 3.13367616215749e+06 -3.01195231989363e-17
 3.13781029957458e+06 -3.00401684502221e-17
 3.14194443699168e+06 -2.99610208997201e-17
 3.14607857440877e+06 -2.98820855650850e-17
 3.15021271182587e+06 -2.98033544588538e-17
 3.15434684924296e+06 -2.97248360433525e-17
 3.15848098666006e+06 -2.96465251554038e-17
 3.16261512407715e+06 -2.95684162565357e-17
 3.16674926149424e+06 -2.94905150412739e-17
 3.17088339891134e+06 -2.94128198849363e-17
 3.17501753632843e+06 -2.93353279144105e-17
 3.17915167374553e+06 -2.92580392579860e-17
 3.18328581116262e+06 -2.91809530109342e-17
 3.18741994857972e+06 -2.91040770161526e-17
 3.19155408599681e+06 -2.90274000664929e-17
 3.19568822341390e+06 -2.89509302834517e-17
 3.19982236083100e+06 -2.88746558586427e-17
 3.20395649824809e+06 -2.87985830667672e-17
 3.20809063566519e+06 -2.87227105023839e-17
 3.21222477308228e+06 -2.86470368892987e-17
 3.21635891049938e+06 -2.85715663739459e-17
 3.22049304791647e+06 -2.84962981846732e-17
 3.22462718533356e+06 -2.84212254857519e-17
 3.22876132275066e+06 -2.83463524954202e-17
 3.23289546016775e+06 -2.82716781768303e-17
 3.23702959758485e+06 -2.81971927924195e-17
 3.24116373500194e+06 -2.81229086503290e-17
 3.24529787241904e+06 -2.80488198367919e-17
 3.24943200983613e+06 -2.79749315475363e-17
 3.25356614725323e+06 -2.79012326721099e-17
 3.25770028467032e+06 -2.78277316201820e-17
 3.26183442208741e+06 -2.77544261256225e-17
 3.26596855950451e+06 -2.76813065217154e-17
 3.27010269692160e+06 -2.76083840558192e-17
 3.27423683433870e+06 -2.75356562731989e-17
 3.27837097175579e+06 -2.74631170896731e-17
 3.28250510917289e+06 -2.73907693582489e-17
 3.28663924658998e+06 -2.73186197203058e-17
 3.29077338400707e+06 -2.72466514455416e-17
 3.29490752142417e+06 -2.71748716664743e-17
 3.29904165884126e+06 -2.71032872982954e-17
 3.30317579625836e+06 -2.70318913923050e-17
 3.30730993367545e+06 -2.69606809786947e-17
 3.31144407109255e+06 -2.68896610071449e-17
 3.31557820850964e+06 -2.68188311808663e-17
 3.31971234592673e+06 -2.67481835344159e-17
 3.32384648334383e+06 -2.66777242285660e-17
 3.32798062076092e+06 -2.66074542484657e-17
 3.33211475817802e+06 -2.65373633347778e-17
 3.33624889559511e+06 -2.64674602169382e-17
 3.34038303301221e+06 -2.63977419653491e-17
 3.34451717042930e+06 -2.63282053019243e-17
 3.34865130784639e+06 -2.62588517259287e-17
 3.35278544526349e+06 -2.61896840281395e-17
 3.35691958268058e+06 -2.61206962114971e-17
 3.36105372009768e+06 -2.60518905823421e-17
 3.36518785751477e+06 -2.59832727308451e-17
 3.36932199493187e+06 -2.59148323220356e-17
 3.37345613234896e+06 -2.58465696594045e-17
 3.37759026976605e+06 -2.57784901876002e-17
 3.38172440718315e+06 -2.57105904571645e-17
 3.38585854460024e+06 -2.56428674513776e-17
 3.38999268201734e+06 -2.55753266627568e-17
 3.39412681943443e+06 -2.55079577285674e-17
 3.39826095685153e+06 -2.54407727798343e-17
 3.40239509426862e+06 -2.53737624810966e-17
 3.40652923168571e+06 -2.53069328753683e-17
 3.41066336910281e+06 -2.52402710293358e-17
 3.41479750651990e+06 -2.51737894971882e-17
 3.41893164393700e+06 -2.51074828582119e-17
 3.42306578135409e+06 -2.50413574311476e-17
 3.42719991877119e+06 -2.49754044549654e-17
 3.43133405618828e+06 -2.49096149800307e-17
 3.43546819360538e+06 -2.48440040937733e-17
 3.43960233102247e+06 -2.47785687785156e-17
 3.44373646843956e+06 -2.47133063688980e-17
 3.44787060585666e+06 -2.46482172957436e-17
 3.45200474327375e+06 -2.45832966400085e-17
 3.45613888069085e+06 -2.45185495064694e-17
 3.46027301810794e+06 -2.44539746591422e-17
 3.46440715552504e+06 -2.43895688563215e-17
 3.46854129294213e+06 -2.43253333445225e-17
 3.47267543035922e+06 -2.42612649203351e-17
 3.47680956777632e+06 -2.41973664626158e-17
 3.48094370519341e+06 -2.41336348991163e-17
 3.48507784261051e+06 -2.40700747161427e-17
 3.48921198002760e+06 -2.40066788012819e-17
 3.49334611744470e+06 -2.39434521721885e-17
 3.49748025486179e+06 -2.38803946488743e-17
 3.50161439227888e+06 -2.38175057966863e-17
 3.50574852969598e+06 -2.37547785051265e-17
 3.50988266711307e+06 -2.36922169349900e-17
 3.51401680453017e+06 -2.36298201834626e-17
 3.51815094194726e+06 -2.35675909963246e-17
 3.52228507936436e+06 -2.35055245330374e-17
 3.52641921678145e+06 -2.34436200640738e-17
 3.53055335419854e+06 -2.33818800652313e-17
 3.53468749161564e+06 -2.33203038826159e-17
 3.53882162903273e+06 -2.32588845608259e-17
 3.54295576644983e+06 -2.31976337713414e-17
 3.54708990386692e+06 -2.31365447961920e-17
 3.55122404128402e+06 -2.30756087575470e-17
 3.55535817870111e+06 -2.30148446518390e-17
 3.55949231611820e+06 -2.29542386008153e-17
 3.56362645353530e+06 -2.28937910956145e-17
 3.56776059095239e+06 -2.28335017331775e-17
 3.57189472836949e+06 -2.27733709950690e-17
 3.57602886578658e+06 -2.27133962015685e-17
 3.58016300320368e+06 -2.26535826853101e-17
 3.58429714062077e+06 -2.25939273979802e-17
 3.58843127803786e+06 -2.25344315822645e-17
 3.59256541545496e+06 -2.24750907087746e-17
 3.59669955287205e+06 -2.24159058737164e-17
 3.60083369028915e+06 -2.23568784576390e-17
 3.60496782770624e+06 -2.22980031977973e-17
 3.60910196512334e+06 -2.22392833205784e-17
 3.61323610254043e+06 -2.21807222735258e-17
 3.61737023995752e+06 -2.21223123851137e-17
 3.62150437737462e+06 -2.20640611028397e-17
 3.62563851479171e+06 -2.20059646996042e-17
 3.62977265220881e+06 -2.19480174033332e-17
 3.63390678962590e+06 -2.18902252551258e-17
 3.63804092704300e+06 -2.18325882310475e-17
 3.64217506446009e+06 -2.17750956696591e-17
 3.64630920187719e+06 -2.17177634003639e-17
 3.65044333929428e+06 -2.16605808718219e-17
 3.65457747671137e+06 -2.16035410233192e-17
 3.65871161412847e+06 -2.15466558317416e-17
 3.66284575154556e+06 -2.14899240323837e-17
 3.66697988896266e+06 -2.14333341088615e-17
 3.67111402637975e+06 -2.13768969571736e-17
 3.67524816379685e+06 -2.13206096936762e-17
 3.67938230121394e+06 -2.12644662361028e-17
 3.68351643863103e+06 -2.12084787183503e-17
 3.68765057604813e+06 -2.11526411558055e-17
 3.69178471346522e+06 -2.10969455102640e-17
 3.69591885088232e+06 -2.10413956284987e-17
 3.70005298829941e+06 -2.09859938608897e-17
 3.70418712571651e+06 -2.09307394376995e-17
 3.70832126313360e+06 -2.08756305705329e-17
 3.71245540055069e+06 -2.08206703019594e-17
 3.71658953796779e+06 -2.07658453396460e-17
 3.72072367538488e+06 -2.07111709768604e-17
 3.72485781280198e+06 -2.06566388403134e-17
 3.72899195021907e+06 -2.06022553885242e-17
 3.73312608763617e+06 -2.05480126273282e-17
 3.73726022505326e+06 -2.04939130545428e-17
 3.74139436247035e+06 -2.04399601177113e-17
 3.74552849988745e+06 -2.03861431391191e-17
 3.74966263730454e+06 -2.03324740114024e-17
 3.75379677472164e+06 -2.02789379257304e-17
 3.75793091213873e+06 -2.02255483477227e-17
 3.76206504955583e+06 -2.01722991683058e-17
 3.76619918697292e+06 -2.01191899375088e-17
 3.77033332439001e+06 -2.00662193686062e-17
 3.77446746180711e+06 -2.00133937362993e-17
 3.77860159922420e+06 -1.99607091210539e-17
 3.78273573664130e+06 -1.99081578293243e-17
 3.78686987405839e+06 -1.98557478045338e-17
 3.79100401147549e+06 -1.98034743267744e-17
 3.79513814889258e+06 -1.97513412399467e-17
 3.79927228630967e+06 -1.96993447528062e-17
 3.80340642372677e+06 -1.96474811401681e-17
 3.80754056114386e+06 -1.95957538620217e-17
 3.81167469856096e+06 -1.95441668656651e-17
 3.81580883597805e+06 -1.94927203617231e-17
 3.81994297339515e+06 -1.94414064546417e-17
 3.82407711081224e+06 -1.93902255608836e-17
 3.82821124822934e+06 -1.93391815578577e-17
 3.83234538564643e+06 -1.92882712115177e-17
 3.83647952306352e+06 -1.92374976304926e-17
 3.84061366048062e+06 -1.91868557655341e-17
 3.84474779789771e+06 -1.91363472461112e-17
 3.84888193531481e+06 -1.90859741909171e-17
 3.85301607273190e+06 -1.90357334444109e-17
 3.85715021014900e+06 -1.89856235245605e-17
 3.86128434756609e+06 -1.89356472259728e-17
 3.86541848498318e+06 -1.88858009469654e-17
 3.86955262240028e+06 -1.88360852141002e-17
 3.87368675981737e+06 -1.87865041546636e-17
 3.87782089723447e+06 -1.87370517237271e-17
 3.88195503465156e+06 -1.86877278016175e-17
 3.88608917206866e+06 -1.86385367070984e-17
 3.89022330948575e+06 -1.85894748337006e-17
 3.89435744690284e+06 -1.85405422312082e-17
 3.89849158431994e+06 -1.84917386995276e-17
 3.90262572173703e+06 -1.84430662319344e-17
 3.90675985915413e+06 -1.83945189347667e-17
 3.91089399657122e+06 -1.83461054311909e-17
 3.91502813398832e+06 -1.82978144432122e-17
 3.91916227140541e+06 -1.82496531033484e-17
 3.92329640882250e+06 -1.82016220693232e-17
 3.92743054623960e+06 -1.81537132244266e-17
 3.93156468365669e+06 -1.81059307754084e-17
 3.93569882107379e+06 -1.80582775130456e-17
 3.93983295849088e+06 -1.80107524320840e-17
 3.94396709590798e+06 -1.79633465110851e-17
 3.94810123332507e+06 -1.79160631363196e-17
 3.95223537074216e+06 -1.78689074537315e-17
 3.95636950815926e+06 -1.78218772910145e-17
 3.96050364557635e+06 -1.77749715634514e-17
 3.96463778299345e+06 -1.77281907143114e-17
 3.96877192041054e+06 -1.76815327187252e-17
 3.97290605782764e+06 -1.76349943531778e-17
 3.97704019524473e+06 -1.75885768775877e-17
 3.98117433266182e+06 -1.75422868758913e-17
 3.98530847007892e+06 -1.74961192615024e-17
 3.98944260749601e+06 -1.74500742833409e-17
 3.99357674491311e+06 -1.74041507887155e-17
 3.99771088233020e+06 -1.73583466627626e-17
 4.00184501974730e+06 -1.73126660911695e-17
 4.00597915716439e+06 -1.72671005331047e-17
 4.01011329458148e+06 -1.72216604891667e-17
 4.01424743199858e+06 -1.71763377574384e-17
 4.01838156941567e+06 -1.71311337893153e-17
 4.02251570683277e+06 -1.70860473880664e-17
 4.02664984424986e+06 -1.70410863688251e-17
 4.03078398166696e+06 -1.69962440959561e-17
 4.03491811908405e+06 -1.69515136389498e-17
 4.03905225650115e+06 -1.69069021006451e-17
 4.04318639391824e+06 -1.68624106653273e-17
 4.04732053133533e+06 -1.68180367403979e-17
 4.05145466875243e+06 -1.67737800080050e-17
 4.05558880616952e+06 -1.67296356659058e-17
 4.05972294358662e+06 -1.66856115426370e-17
 4.06385708100371e+06 -1.66417058679938e-17
 4.06799121842081e+06 -1.65979114903106e-17
 4.07212535583790e+06 -1.65542323071015e-17
 4.07625949325499e+06 -1.65106696290266e-17
 4.08039363067209e+06 -1.64672273603018e-17
 4.08452776808918e+06 -1.64238912435501e-17
 4.08866190550628e+06 -1.63806742005965e-17
 4.09279604292337e+06 -1.63375686700144e-17
 4.09693018034047e+06 -1.62945801404919e-17
 4.10106431775756e+06 -1.62517015340818e-17
 4.10519845517465e+06 -1.62089403212593e-17
 4.10933259259175e+06 -1.61662951923215e-17
 4.11346673000884e+06 -1.61237547754498e-17
 4.11760086742594e+06 -1.60813301925854e-17
 4.12173500484303e+06 -1.60390129928912e-17
 4.12586914226013e+06 -1.59968080475420e-17
 4.13000327967722e+06 -1.59547199816644e-17
 4.13413741709431e+06 -1.59127433190165e-17
