E(eV) ImSigma(eV)
 0.0000000e+00  6.3977189e-04
 9.7958215e-13  6.3977189e-04
 6.9634154e-03  6.2742629e-04
 6.9635612e-03  6.2741031e-04
 2.7206350e-02  5.4597201e-04
 2.7207639e-02  5.4595433e-04
 5.9019256e-02  5.0255869e-04
 5.9022723e-02  5.0264501e-04
 1.4830362e-01  4.2241923e-04
 1.4831022e-01  4.2238162e-04
 1.0015161e-01  4.8175672e-04
 1.0015726e-01  4.8170456e-04
 1.0015161e-01  4.8383179e-04
 1.0015726e-01  4.8377604e-04
 1.4830362e-01  3.9566955e-04
 1.4831022e-01  3.9631234e-04
 5.9019256e-02  5.2531986e-04
 5.9022723e-02  5.2545546e-04
 2.7206350e-02  5.8724124e-04
 2.7207639e-02  5.8720774e-04
 6.9634154e-03  6.2269798e-04
 6.9635612e-03  6.2268410e-04
 6.9634618e-03  6.2729260e-04
 6.9635230e-03  6.2727704e-04
 9.2808993e-03  6.2158251e-04
 9.2809594e-03  6.2155088e-04
 2.5041355e-02  5.5786298e-04
 2.5119933e-02  5.5759013e-04
 5.2885472e-02  5.1617937e-04
 5.3105746e-02  5.1550996e-04
 1.6980965e-01  3.2646818e-04
 1.7066010e-01  3.2341240e-04
 9.0742830e-02  4.9160796e-04
 9.1146514e-02  4.9070041e-04
 1.2026623e-01  4.5913807e-04
 1.2089686e-01  4.5776885e-04
 1.3633992e-01  4.1814184e-04
 1.3694973e-01  4.1718619e-04
 7.7025161e-02  4.9424143e-04
 7.7442867e-02  4.9302336e-04
 4.2285512e-02  5.6053448e-04
 4.2512625e-02  5.5975324e-04
 1.8301467e-02  6.0277045e-04
 1.8381887e-02  6.0254775e-04
 2.7206438e-02  5.5575250e-04
 2.7207580e-02  5.5575236e-04
 2.5041284e-02  5.5800608e-04
 2.5120017e-02  5.5768938e-04
 3.6205362e-02  5.1570462e-04
 3.6206017e-02  5.1571453e-04
 5.9529407e-02  4.8404476e-04
 5.9747583e-02  4.8336787e-04
 9.3339349e-02  4.6472822e-04
 9.3878731e-02  4.6387160e-04
 1.5018409e-01  3.9485375e-04
 1.5159342e-01  3.9364478e-04
 1.3552291e-01  4.0019626e-04
 1.3644743e-01  3.9951373e-04
 1.0580127e-01  4.3092348e-04
 1.0677315e-01  4.2974111e-04
 6.9121747e-02  4.8732315e-04
 6.9687121e-02  4.8605235e-04
 4.2285560e-02  5.2822038e-04
 4.2512604e-02  5.2750522e-04
 5.9019385e-02  5.0900356e-04
 5.9022647e-02  5.0914786e-04
 1.4830377e-01  4.2246051e-04
 1.4831014e-01  4.2243463e-04
 5.2885387e-02  5.1507801e-04
 5.3105847e-02  5.1432757e-04
 1.6980983e-01  3.2646710e-04
 1.7066008e-01  3.2343853e-04
 5.9529307e-02  4.8344007e-04
 5.9747672e-02  4.8268997e-04
 7.8416045e-02  4.5397833e-04
 7.8418093e-02  4.5417027e-04
 1.0775119e-01  4.3420883e-04
 1.0814555e-01  4.3325415e-04
 1.6682000e-01  3.4326195e-04
 1.6740732e-01  3.4157056e-04
 1.4590879e-01  3.7282910e-04
 1.4682074e-01  3.7241097e-04
 1.4352355e-01  3.7720761e-04
 1.4512880e-01  3.7639479e-04
 1.4590864e-01  3.9221395e-04
 1.4682072e-01  3.9148935e-04
 1.0580133e-01  4.3799811e-04
 1.0677314e-01  4.3718776e-04
 1.3552277e-01  4.2834839e-04
 1.3644744e-01  4.2734768e-04
 7.7025263e-02  4.7958344e-04
 7.7442835e-02  4.7859871e-04
 1.3633982e-01  4.3824689e-04
 1.3694979e-01  4.3689371e-04
 1.0015176e-01  4.8084244e-04
 1.0015718e-01  4.8082507e-04
 1.0015176e-01  4.8383305e-04
 1.0015718e-01  4.8378837e-04
 9.0742733e-02  4.8849253e-04
 9.1146611e-02  4.8744479e-04
 1.2026638e-01  4.5942482e-04
 1.2089683e-01  4.5804882e-04
 9.3339230e-02  4.6237650e-04
 9.3878794e-02  4.6131942e-04
 1.5018421e-01  3.9501121e-04
 1.5159341e-01  3.9377802e-04
 1.0775107e-01  4.3434233e-04
 1.0814561e-01  4.3330381e-04
 1.6682012e-01  3.4333533e-04
 1.6740733e-01  3.4171380e-04
 1.3296239e-01  4.0407759e-04
 1.3296622e-01  4.0400417e-04
 1.3296239e-01  4.0754692e-04
 1.3296622e-01  4.0743401e-04
 1.6682012e-01  3.1958830e-04
 1.6740733e-01  3.1804737e-04
 1.0775107e-01  4.3721427e-04
 1.0814561e-01  4.3595683e-04
 1.5018421e-01  4.1025426e-04
 1.5159341e-01  4.0934703e-04
 9.3339230e-02  4.7866529e-04
 9.3878794e-02  4.7761340e-04
 1.2026638e-01  4.5513078e-04
 1.2089683e-01  4.5376435e-04
 9.0742733e-02  4.9086073e-04
 9.1146611e-02  4.8991250e-04
 1.4830377e-01  3.9740496e-04
 1.4831014e-01  3.9814594e-04
 5.9019385e-02  5.2672188e-04
 5.9022647e-02  5.2690960e-04
 1.3633982e-01  4.1670627e-04
 1.3694979e-01  4.1566930e-04
 7.7025263e-02  4.9426288e-04
 7.7442835e-02  4.9305315e-04
 1.3552277e-01  3.9959568e-04
 1.3644744e-01  3.9880286e-04
 1.0580133e-01  4.3055336e-04
 1.0677314e-01  4.2938291e-04
 1.4590864e-01  3.7423064e-04
 1.4682072e-01  3.7392961e-04
 1.4352355e-01  3.7719114e-04
 1.4512880e-01  3.7638098e-04
 1.4590879e-01  3.9357784e-04
 1.4682074e-01  3.9310012e-04
 1.6682000e-01  3.1943449e-04
 1.6740732e-01  3.1784704e-04
 1.0775119e-01  4.3677529e-04
 1.0814555e-01  4.3559465e-04
 7.8416045e-02  4.6983003e-04
 7.8418093e-02  4.6998313e-04
 5.9529307e-02  5.1691257e-04
 5.9747672e-02  5.1610515e-04
 1.6980983e-01  3.0612607e-04
 1.7066008e-01  3.0300143e-04
 5.2885387e-02  5.3383782e-04
 5.3105847e-02  5.3312070e-04
 2.7206438e-02  5.8757446e-04
 2.7207580e-02  5.8754819e-04
 4.2285560e-02  5.5989263e-04
 4.2512604e-02  5.5910528e-04
 6.9121747e-02  4.8647912e-04
 6.9687121e-02  4.8519552e-04
 1.0580127e-01  4.3845401e-04
 1.0677315e-01  4.3764088e-04
 1.3552291e-01  4.2858172e-04
 1.3644743e-01  4.2766249e-04
 1.5018409e-01  4.1011904e-04
 1.5159342e-01  4.0913789e-04
 9.3339349e-02  4.7518913e-04
 9.3878731e-02  4.7407903e-04
 5.9529407e-02  5.1661866e-04
 5.9747583e-02  5.1586338e-04
 3.6205362e-02  5.6501119e-04
 3.6206017e-02  5.6495792e-04
 2.5041284e-02  5.8743085e-04
 2.5120017e-02  5.8710198e-04
 6.9634618e-03  6.2340080e-04
 6.9635230e-03  6.2338871e-04
 1.8301467e-02  5.9684490e-04
 1.8381887e-02  5.9658936e-04
 4.2285512e-02  5.2532699e-04
 4.2512625e-02  5.2452777e-04
 7.7025161e-02  4.8026435e-04
 7.7442867e-02  4.7926471e-04
 1.3633992e-01  4.3865289e-04
 1.3694973e-01  4.3731969e-04
 1.2026623e-01  4.5463102e-04
 1.2089686e-01  4.5315365e-04
 9.0742830e-02  4.8391703e-04
 9.1146514e-02  4.8311202e-04
 1.6980965e-01  3.0609983e-04
 1.7066010e-01  3.0295066e-04
 5.2885472e-02  5.3435648e-04
 5.3105746e-02  5.3367895e-04
 2.5041355e-02  5.8788865e-04
 2.5119933e-02  5.8759859e-04
 9.2808993e-03  6.1606699e-04
 9.2809594e-03  6.1603905e-04
 6.9697838e-03  6.2685536e-04
 6.9697940e-03  6.2688604e-04
 9.2809121e-03  6.2036926e-04
 9.2809893e-03  6.2040416e-04
 2.5034153e-02  5.7411903e-04
 2.5113414e-02  5.7379014e-04
 5.2869384e-02  5.2853129e-04
 5.3092350e-02  5.2772809e-04
 1.6985963e-01  3.2481326e-04
 1.7069747e-01  3.2172670e-04
 9.0716784e-02  4.9009432e-04
 9.1126002e-02  4.8916451e-04
 1.2030887e-01  4.5565600e-04
 1.2092720e-01  4.5427212e-04
 1.3630456e-01  4.2432399e-04
 1.3692200e-01  4.2311055e-04
 7.7058011e-02  5.0644971e-04
 7.7466566e-02  5.0542777e-04
 4.2308053e-02  5.5974881e-04
 4.2530336e-02  5.5897483e-04
 1.8314969e-02  6.0242789e-04
 1.8393959e-02  6.0221363e-04
 9.2808950e-03  6.2031398e-04
 9.2809367e-03  6.2032164e-04
 6.9634250e-03  6.2162811e-04
 6.9635602e-03  6.2162688e-04
 1.8301513e-02  5.9298509e-04
 1.8381869e-02  5.9267308e-04
 4.2285588e-02  5.5086857e-04
 4.2512601e-02  5.4994751e-04
 7.7025248e-02  5.0688056e-04
 7.7442854e-02  5.0569670e-04
 1.3633983e-01  4.3612677e-04
 1.3694973e-01  4.3497748e-04
 1.2026631e-01  4.4720202e-04
 1.2089687e-01  4.4585588e-04
 9.0742733e-02  4.8645616e-04
 9.1146525e-02  4.8566749e-04
 1.6980970e-01  2.9874141e-04
 1.7066014e-01  2.9697009e-04
 5.2885379e-02  5.4006809e-04
 5.3105767e-02  5.3939533e-04
 2.5041280e-02  5.8789448e-04
 2.5119956e-02  5.8767505e-04
 2.5034184e-02  5.8521519e-04
 2.5113265e-02  5.8487627e-04
 1.8301462e-02  5.9356553e-04
 1.8381865e-02  5.9322093e-04
 2.5034146e-02  5.7639419e-04
 2.5113354e-02  5.7603367e-04
 4.4558095e-02  5.4162543e-04
 4.4796414e-02  5.4065954e-04
 7.5314932e-02  5.0005349e-04
 7.5833746e-02  4.9868843e-04
 1.6213675e-01  3.6143791e-04
 1.6336371e-01  3.5961926e-04
 1.1523071e-01  4.4404826e-04
 1.1608995e-01  4.4278193e-04
 1.1523061e-01  4.4920834e-04
 1.1608989e-01  4.4800537e-04
 1.6213684e-01  3.4061173e-04
 1.6336380e-01  3.3938707e-04
 7.5314832e-02  4.9829115e-04
 7.5833710e-02  4.9705669e-04
 4.4558037e-02  5.4748097e-04
 4.4796374e-02  5.4661712e-04
 5.2869451e-02  5.3762115e-04
 5.3092150e-02  5.3679534e-04
 1.6985957e-01  3.2485731e-04
 1.7069758e-01  3.2175165e-04
 4.2285528e-02  5.5022958e-04
 4.2512572e-02  5.4925677e-04
 4.4557997e-02  5.4112853e-04
 4.4796463e-02  5.4010928e-04
 5.9514859e-02  5.1537140e-04
 5.9734878e-02  5.1445067e-04
 8.5835337e-02  4.7971662e-04
 8.6296796e-02  4.7835251e-04
 1.2173435e-01  4.2752010e-04
 1.2262923e-01  4.2651069e-04
 1.4904718e-01  4.0151916e-04
 1.5058107e-01  4.0061778e-04
 1.7895027e-01  2.9105571e-04
 1.8025417e-01  2.8946153e-04
 1.6521928e-01  3.2803235e-04
 1.6663095e-01  3.2678083e-04
 1.0801963e-01  4.5383797e-04
 1.0900897e-01  4.5295923e-04
 1.6527078e-01  3.5133949e-04
 1.6667290e-01  3.4958026e-04
 7.5306816e-02  5.0024052e-04
 7.5825724e-02  4.9895034e-04
 1.6218867e-01  3.6854371e-04
 1.6340446e-01  3.6652816e-04
 9.0716887e-02  4.8945838e-04
 9.1125779e-02  4.8852584e-04
 1.2030884e-01  4.5568384e-04
 1.2092734e-01  4.5427501e-04
 7.7025191e-02  5.0394065e-04
 7.7442802e-02  5.0265403e-04
 1.3633993e-01  4.3655832e-04
 1.3694987e-01  4.3541122e-04
 7.5314798e-02  4.9770269e-04
 7.5833784e-02  4.9619968e-04
 1.6213692e-01  3.6160312e-04
 1.6336388e-01  3.5980068e-04
 8.5835200e-02  4.7983162e-04
 8.6296870e-02  4.7840345e-04
 1.0772991e-01  4.4773677e-04
 1.0812826e-01  4.4654859e-04
 1.6684159e-01  3.4012439e-04
 1.6742632e-01  3.3853480e-04
 1.3933635e-01  3.9735768e-04
 1.4005704e-01  3.9602334e-04
 1.3938180e-01  4.0441312e-04
 1.4009512e-01  4.0275197e-04
 1.7890012e-01  2.7595302e-04
 1.8021214e-01  2.7468371e-04
 1.4903873e-01  4.0641960e-04
 1.5057270e-01  4.0568365e-04
 1.2177923e-01  4.3888395e-04
 1.2266571e-01  4.3785303e-04
 1.1521375e-01  4.5640947e-04
 1.1607373e-01  4.5523273e-04
 1.1527518e-01  4.5638198e-04
 1.1612403e-01  4.5519131e-04
 1.3630469e-01  4.2811363e-04
 1.3692178e-01  4.2690990e-04
 7.7058005e-02  5.0702996e-04
 7.7466705e-02  5.0594853e-04
 1.2026626e-01  4.4596395e-04
 1.2089679e-01  4.4453299e-04
 9.0742822e-02  4.8645553e-04
 9.1146673e-02  4.8567624e-04
 1.1523057e-01  4.4331730e-04
 1.1608995e-01  4.4194129e-04
 1.1523074e-01  4.4883317e-04
 1.1609006e-01  4.4765566e-04
 1.2173416e-01  4.2870790e-04
 1.2262928e-01  4.2778717e-04
 1.4904726e-01  4.0151844e-04
 1.5058128e-01  4.0062749e-04
 1.7895036e-01  2.9229608e-04
 1.8025438e-01  2.9094515e-04
 1.3933617e-01  3.9705126e-04
 1.4005712e-01  3.9568065e-04
 1.3938183e-01  4.0402377e-04
 1.4009520e-01  4.0241684e-04
 1.6679375e-01  3.1886202e-04
 1.6738749e-01  3.1737897e-04
 1.0777077e-01  4.4398753e-04
 1.0816311e-01  4.4286371e-04
 8.5872743e-02  4.8230152e-04
 8.6328646e-02  4.8099552e-04
 1.6211150e-01  3.6122257e-04
 1.6333997e-01  3.5931014e-04
 7.5350371e-02  5.0511570e-04
 7.5861824e-02  5.0385565e-04
 4.2308062e-02  5.5973119e-04
 4.2530447e-02  5.5892826e-04
 1.6980968e-01  2.9629956e-04
 1.7066004e-01  2.9452676e-04
 5.2885447e-02  5.3919681e-04
 5.3105900e-02  5.3852700e-04
 1.6213671e-01  3.3853639e-04
 1.6336374e-01  3.3735736e-04
 7.5314907e-02  4.9716347e-04
 7.5833881e-02  4.9593489e-04
 1.6521907e-01  3.2796423e-04
 1.6663093e-01  3.2665555e-04
 1.0801965e-01  4.5408840e-04
 1.0900918e-01  4.5320903e-04
 1.6527091e-01  3.5148839e-04
 1.6667303e-01  3.4980255e-04
 1.7889988e-01  2.7548682e-04
 1.8021218e-01  2.7412047e-04
 1.4903867e-01  4.0599470e-04
 1.5057294e-01  4.0519842e-04
 1.2177931e-01  4.3580138e-04
 1.2266575e-01  4.3464103e-04
 8.5872784e-02  4.8197394e-04
 8.6328632e-02  4.8070291e-04
 5.9545609e-02  5.2435307e-04
 5.9762694e-02  5.2360594e-04
 4.4584484e-02  5.5328600e-04
 4.4819367e-02  5.5241605e-04
 1.8314980e-02  6.0255942e-04
 1.8394019e-02  6.0231765e-04
 2.5041319e-02  5.7897440e-04
 2.5120059e-02  5.7872895e-04
 4.4558051e-02  5.4165215e-04
 4.4796544e-02  5.4074509e-04
 7.5306778e-02  5.0089721e-04
 7.5825945e-02  4.9959744e-04
 1.6218879e-01  3.6868526e-04
 1.6340447e-01  3.6670375e-04
 1.1521365e-01  4.5464072e-04
 1.1607397e-01  4.5335040e-04
 1.1527526e-01  4.5184697e-04
 1.1612399e-01  4.5071454e-04
 1.6211135e-01  3.6167868e-04
 1.6334020e-01  3.5976742e-04
 7.5350416e-02  5.0530498e-04
 7.5861751e-02  5.0408203e-04
 4.4584509e-02  5.5348342e-04
 4.4819303e-02  5.5264592e-04
 2.5053049e-02  5.8887067e-04
 2.5131361e-02  5.8864782e-04
 2.7229274e-02  5.8800566e-04
 2.7229316e-02  5.8808979e-04
 2.5053121e-02  5.8692749e-04
 2.5131362e-02  5.8656595e-04
 3.6205390e-02  5.5499034e-04
 3.6206138e-02  5.5499191e-04
 5.9514890e-02  5.1407522e-04
 5.9735046e-02  5.1320694e-04
 9.3308118e-02  4.7766473e-04
 9.3851760e-02  4.7666131e-04
 1.5026923e-01  4.0964575e-04
 1.5166343e-01  4.0874266e-04
 1.3547440e-01  4.1462515e-04
 1.3640559e-01  4.1380572e-04
 1.0587035e-01  4.6519577e-04
 1.0682941e-01  4.6425072e-04
 6.9173406e-02  5.1404992e-04
 6.9730540e-02  5.1270583e-04
 4.2321258e-02  5.5944359e-04
 4.2544763e-02  5.5866457e-04
 2.5053002e-02  5.8682546e-04
 2.5131358e-02  5.8649485e-04
 1.8314998e-02  5.9458560e-04
 1.8393976e-02  5.9423803e-04
 2.5041396e-02  5.8089921e-04
 2.5119983e-02  5.8053739e-04
 4.4558119e-02  5.4600143e-04
 4.4796504e-02  5.4499273e-04
 7.5306845e-02  5.0214022e-04
 7.5825930e-02  5.0074760e-04
 1.6218872e-01  3.6192653e-04
 1.6340444e-01  3.6010255e-04
 1.1521371e-01  4.4744363e-04
 1.1607399e-01  4.4619856e-04
 1.1527520e-01  4.5264118e-04
 1.1612396e-01  4.5150152e-04
 1.6211139e-01  3.4168395e-04
 1.6334024e-01  3.4043193e-04
 7.5350349e-02  5.0061909e-04
 7.5861736e-02  4.9940405e-04
 4.4584442e-02  5.4964317e-04
 4.4819302e-02  5.4877970e-04
 3.6205378e-02  5.6509563e-04
 3.6205907e-02  5.6508640e-04
 2.5041285e-02  5.8167387e-04
 2.5119967e-02  5.8127895e-04
 2.7206378e-02  5.7980604e-04
 2.7207640e-02  5.7980289e-04
 4.2285608e-02  5.5380239e-04
 4.2512609e-02  5.5293311e-04
 6.9121825e-02  5.1269350e-04
 6.9687142e-02  5.1118311e-04
 1.0580135e-01  4.5802519e-04
 1.0677321e-01  4.5688237e-04
 1.3552279e-01  4.2636289e-04
 1.3644738e-01  4.2551415e-04
 1.5018415e-01  3.9056620e-04
 1.5159353e-01  3.8987812e-04
 9.3339228e-02  4.7357375e-04
 9.3878696e-02  4.7267097e-04
 5.9529293e-02  5.2263820e-04
 5.9747566e-02  5.2191483e-04
 5.9514888e-02  5.2420592e-04
 5.9734721e-02  5.2330752e-04
 4.4558025e-02  5.4568628e-04
 4.4796370e-02  5.4462793e-04
 4.2285498e-02  5.5337661e-04
 4.2512602e-02  5.5245181e-04
 5.2869397e-02  5.3830981e-04
 5.3092273e-02  5.3750031e-04
 1.6985967e-01  3.2540573e-04
 1.7069743e-01  3.2222413e-04
 7.5306853e-02  5.0486843e-04
 7.5825817e-02  5.0352333e-04
 1.6218869e-01  3.6944566e-04
 1.6340432e-01  3.6736248e-04
 1.0801970e-01  4.5359322e-04
 1.0900907e-01  4.5267397e-04
 1.6521918e-01  3.4947367e-04
 1.6663083e-01  3.4783859e-04
 1.6527074e-01  3.4813334e-04
 1.6667277e-01  3.4623513e-04
 1.4904725e-01  3.8915687e-04
 1.5058122e-01  3.8842202e-04
 1.2173424e-01  4.3772079e-04
 1.2262913e-01  4.3680378e-04
 1.7895019e-01  2.9436508e-04
 1.8025407e-01  2.9288551e-04
 8.5835266e-02  4.8257459e-04
 8.6296690e-02  4.8131537e-04
 9.3308147e-02  4.7741686e-04
 9.3851377e-02  4.7639411e-04
 1.5026915e-01  4.0968087e-04
 1.5166347e-01  4.0874647e-04
 7.5306770e-02  4.9954250e-04
 7.5825716e-02  4.9806674e-04
 1.6218877e-01  3.6253906e-04
 1.6340457e-01  3.6067739e-04
 6.9121682e-02  5.1036999e-04
 6.9687077e-02  5.0874549e-04
 7.5306719e-02  5.0495509e-04
 7.5825842e-02  5.0355405e-04
 1.6218887e-01  3.6949947e-04
 1.6340441e-01  3.6744884e-04
 9.3308108e-02  4.7907091e-04
 9.3851559e-02  4.7804434e-04
 1.5026924e-01  4.1418234e-04
 1.5166326e-01  4.1309533e-04
 1.2171826e-01  4.3415139e-04
 1.2261423e-01  4.3324943e-04
 1.7896282e-01  2.9150116e-04
 1.8026845e-01  2.9012892e-04
 1.4913447e-01  4.0511583e-04
 1.5065403e-01  4.0416175e-04
 1.5882735e-01  3.6732794e-04
 1.6030544e-01  3.6701577e-04
 1.5882729e-01  3.8457309e-04
 1.6030526e-01  3.8449540e-04
 1.5891361e-01  3.8468673e-04
 1.6038014e-01  3.8453502e-04
 1.5891359e-01  3.8585907e-04
 1.6037997e-01  3.8556756e-04
 1.2171822e-01  4.4037709e-04
 1.2261406e-01  4.3941562e-04
 1.4913442e-01  4.0727725e-04
 1.5065424e-01  4.0653979e-04
 1.7896274e-01  2.9538887e-04
 1.8026834e-01  2.9392730e-04
 1.3547446e-01  4.2072693e-04
 1.3640520e-01  4.1981526e-04
 1.0587033e-01  4.6543706e-04
 1.0682949e-01  4.6443655e-04
 1.1521366e-01  4.4630833e-04
 1.1607373e-01  4.4496868e-04
 1.1527528e-01  4.5257834e-04
 1.1612412e-01  4.5140499e-04
 1.0580120e-01  4.5729531e-04
 1.0677308e-01  4.5604908e-04
 1.3552295e-01  4.2592057e-04
 1.3644760e-01  4.2508303e-04
 1.0801951e-01  4.5502492e-04
 1.0900906e-01  4.5417289e-04
 1.6521932e-01  3.4947676e-04
 1.6663114e-01  3.4785601e-04
 1.6527102e-01  3.4991317e-04
 1.6667297e-01  3.4808020e-04
 1.2171810e-01  4.3386668e-04
 1.2261428e-01  4.3291967e-04
 1.7896285e-01  2.9119554e-04
 1.8026863e-01  2.8984924e-04
 1.4913461e-01  4.0495979e-04
 1.5065412e-01  4.0401215e-04
 1.4586472e-01  3.8755798e-04
 1.4678318e-01  3.8708919e-04
 1.4594320e-01  4.0337063e-04
 1.4685420e-01  4.0288093e-04
 1.4362467e-01  4.0965200e-04
 1.4521513e-01  4.0870278e-04
 1.7887753e-01  2.7227895e-04
 1.8019237e-01  2.7091545e-04
 1.2179258e-01  4.4116067e-04
 1.2268035e-01  4.4019940e-04
 1.4914069e-01  4.0527596e-04
 1.5066234e-01  4.0434289e-04
 1.6518683e-01  3.4733507e-04
 1.6660079e-01  3.4570532e-04
 1.0809197e-01  4.6191898e-04
 1.0907031e-01  4.6112488e-04
 1.6528895e-01  3.4956414e-04
 1.6669426e-01  3.4781865e-04
 6.9173428e-02  5.1387773e-04
 6.9730623e-02  5.1247707e-04
 1.6211137e-01  3.3978183e-04
 1.6333997e-01  3.3854402e-04
 7.5350451e-02  4.9954398e-04
 7.5861881e-02  4.9829134e-04
 1.5018402e-01  3.8892722e-04
 1.5159334e-01  3.8825974e-04
 9.3339379e-02  4.7219223e-04
 9.3878920e-02  4.7128018e-04
 1.4904705e-01  3.8905532e-04
 1.5058113e-01  3.8824496e-04
 1.2173435e-01  4.3787312e-04
 1.2262946e-01  4.3695734e-04
 1.7895050e-01  2.9467210e-04
 1.8025432e-01  2.9321434e-04
 1.5882711e-01  3.6687018e-04
 1.6030545e-01  3.6644873e-04
 1.5882731e-01  3.8387624e-04
 1.6030567e-01  3.8377590e-04
 1.5891372e-01  3.8209835e-04
 1.6038032e-01  3.8175335e-04
 1.5891382e-01  3.8365026e-04
 1.6038011e-01  3.8335978e-04
 1.7887733e-01  2.7244055e-04
 1.8019245e-01  2.7105978e-04
 1.2179261e-01  4.4082029e-04
 1.2268042e-01  4.3989922e-04
 1.4914080e-01  4.0501600e-04
 1.5066239e-01  4.0407866e-04
 9.3371993e-02  4.7763693e-04
 9.3910302e-02  4.7677611e-04
 1.5028031e-01  4.1105986e-04
 1.5167827e-01  4.0999989e-04
 7.5364036e-02  5.0622998e-04
 7.5876795e-02  5.0502785e-04
 1.6220944e-01  3.6723980e-04
 1.6342971e-01  3.6519349e-04
 4.2321293e-02  5.5874115e-04
 4.2544813e-02  5.5791173e-04
 4.4584557e-02  5.3872255e-04
 4.4819398e-02  5.3779640e-04
 5.9529418e-02  5.1368817e-04
 5.9747771e-02  5.1288185e-04
 8.5835314e-02  4.8306756e-04
 8.6297040e-02  4.8179892e-04
 1.2171820e-01  4.3629557e-04
 1.2261449e-01  4.3526825e-04
 1.4913456e-01  4.0407536e-04
 1.5065432e-01  4.0337552e-04
 1.7896301e-01  2.9367093e-04
 1.8026845e-01  2.9220414e-04
 1.6518674e-01  3.4765061e-04
 1.6660122e-01  3.4600427e-04
 1.0809204e-01  4.6192173e-04
 1.0907032e-01  4.6116772e-04
 1.6528913e-01  3.4960590e-04
 1.6669429e-01  3.4783032e-04
 7.5364050e-02  5.0625947e-04
 7.5876773e-02  5.0509105e-04
 1.6220952e-01  3.6728130e-04
 1.6342968e-01  3.6520736e-04
 5.2914096e-02  5.4298839e-04
 5.3134066e-02  5.4232741e-04
 1.6988534e-01  3.2547075e-04
 1.7072912e-01  3.2237336e-04
 5.9061856e-02  5.3287063e-04
 5.9061956e-02  5.3301190e-04
 1.4836397e-01  4.2119213e-04
 1.4836416e-01  4.2121719e-04
 5.2914205e-02  5.3587323e-04
 5.3134019e-02  5.3496307e-04
 1.6988527e-01  3.2414874e-04
 1.7072939e-01  3.2100497e-04
 5.9545776e-02  5.1405625e-04
 5.9762694e-02  5.1316199e-04
 7.8416081e-02  4.7836333e-04
 7.8418326e-02  4.7839873e-04
 1.0772995e-01  4.4536375e-04
 1.0812855e-01  4.4422398e-04
 1.6684186e-01  3.4128792e-04
 1.6742630e-01  3.3956918e-04
 1.4586474e-01  3.8383970e-04
 1.4678351e-01  3.8321512e-04
 1.4362469e-01  4.1173524e-04
 1.4521541e-01  4.1096990e-04
 1.4594340e-01  3.9290385e-04
 1.4685412e-01  3.9214590e-04
 1.0588031e-01  4.6285537e-04
 1.0684144e-01  4.6188995e-04
 1.3556509e-01  4.2862758e-04
 1.3648920e-01  4.2761789e-04
 7.7083671e-02  5.0557391e-04
 7.7495583e-02  5.0449364e-04
 1.3638761e-01  4.3822695e-04
 1.3699821e-01  4.3688216e-04
 5.2914069e-02  5.3574270e-04
 5.3134029e-02  5.3487735e-04
 1.6988523e-01  3.2303814e-04
 1.7072929e-01  3.1985926e-04
 4.2321316e-02  5.4758511e-04
 4.2544742e-02  5.4656659e-04
 4.4584610e-02  5.4293978e-04
 4.4819321e-02  5.4186950e-04
 5.9529497e-02  5.1746446e-04
 5.9747693e-02  5.1650346e-04
 8.5835371e-02  4.7829531e-04
 8.6297011e-02  4.7687757e-04
 1.2171825e-01  4.2793767e-04
 1.2261449e-01  4.2683708e-04
 1.4913452e-01  4.0195649e-04
 1.5065427e-01  4.0096703e-04
 1.7896300e-01  2.9082134e-04
 1.8026850e-01  2.8918495e-04
 1.6518678e-01  3.2605338e-04
 1.6660125e-01  3.2483432e-04
 1.0809199e-01  4.5332206e-04
 1.0907029e-01  4.5239081e-04
 1.6528908e-01  3.5050016e-04
 1.6669440e-01  3.4867505e-04
 7.5363999e-02  4.9933434e-04
 7.5876748e-02  4.9800825e-04
 1.6220943e-01  3.6726094e-04
 1.6342983e-01  3.6517857e-04
 5.9545510e-02  5.2200084e-04
 5.9762670e-02  5.2110150e-04
 4.4584461e-02  5.4364386e-04
 4.4819301e-02  5.4257228e-04
 4.2308097e-02  5.5223321e-04
 4.2530365e-02  5.5131137e-04
 5.2885529e-02  5.3768414e-04
 5.3105819e-02  5.3686041e-04
 1.6980962e-01  3.2565546e-04
 1.7066010e-01  3.2250332e-04
 7.5314976e-02  5.0304913e-04
 7.5833864e-02  5.0164158e-04
 1.6213665e-01  3.6858313e-04
 1.6336374e-01  3.6645666e-04
 1.0801971e-01  4.5171361e-04
 1.0900922e-01  4.5064847e-04
 1.6527083e-01  3.4716688e-04
 1.6667296e-01  3.4550171e-04
 1.6521905e-01  3.4869879e-04
 1.6663085e-01  3.4680817e-04
 1.4903872e-01  3.8634734e-04
 1.5057302e-01  3.8563104e-04
 1.2177921e-01  4.3536094e-04
 1.2266569e-01  4.3435660e-04
 1.7889989e-01  2.9456213e-04
 1.8021202e-01  2.9308516e-04
 8.5872670e-02  4.8027662e-04
 8.6328599e-02  4.7897783e-04
 7.8416041e-02  4.8761018e-04
 7.8417929e-02  4.8764962e-04
 5.9529286e-02  5.1723731e-04
 5.9747573e-02  5.1622828e-04
 5.2885379e-02  5.3728617e-04
 5.3105791e-02  5.3641079e-04
 1.6980980e-01  3.2561780e-04
 1.7066018e-01  3.2252568e-04
 5.9019305e-02  5.3416752e-04
 5.9022729e-02  5.3421446e-04
 1.4830369e-01  4.2060747e-04
 1.4831023e-01  4.2063604e-04
 7.7025298e-02  5.0788141e-04
 7.7442870e-02  5.0676231e-04
 1.3633979e-01  4.3806044e-04
 1.3694976e-01  4.3668167e-04
 1.0580138e-01  4.6100637e-04
 1.0677322e-01  4.5991977e-04
 1.3552272e-01  4.2563167e-04
 1.3644736e-01  4.2444537e-04
 1.4352359e-01  3.9871299e-04
 1.4512894e-01  3.9792111e-04
 1.4590866e-01  4.0194887e-04
 1.4682065e-01  4.0150746e-04
 1.4590858e-01  4.0141991e-04
 1.4682061e-01  4.0077934e-04
 1.0775105e-01  4.4707420e-04
 1.0814549e-01  4.4606683e-04
 1.6681993e-01  3.4151938e-04
 1.6740719e-01  3.3988756e-04
 1.0772992e-01  4.4540534e-04
 1.0812805e-01  4.4420776e-04
 1.6684143e-01  3.3999411e-04
 1.6742626e-01  3.3831618e-04
 8.5835230e-02  4.7607218e-04
 8.6296703e-02  4.7456131e-04
 7.5314794e-02  5.0073113e-04
 7.5833717e-02  4.9921011e-04
 1.6213691e-01  3.6851635e-04
 1.6336396e-01  3.6646307e-04
 7.7025141e-02  5.0794686e-04
 7.7442855e-02  5.0675614e-04
 1.3633999e-01  4.3843102e-04
 1.3694981e-01  4.3712805e-04
 9.0716828e-02  4.8967973e-04
 9.1125915e-02  4.8877070e-04
 1.2030892e-01  4.5578478e-04
 1.2092720e-01  4.5429226e-04
 1.1521376e-01  4.5168037e-04
 1.1607386e-01  4.5044646e-04
 1.1527519e-01  4.5292907e-04
 1.1612390e-01  4.5148107e-04
 1.4903876e-01  3.9088161e-04
 1.5057287e-01  3.9011377e-04
 1.7890003e-01  2.9407988e-04
 1.8021199e-01  2.9274554e-04
 1.2177918e-01  4.3922954e-04
 1.2266559e-01  4.3810325e-04
 1.3933627e-01  4.0814863e-04
 1.4005688e-01  4.0665110e-04
 1.3938169e-01  4.0763754e-04
 1.4009503e-01  4.0594848e-04
 1.4586475e-01  3.9171036e-04
 1.4678297e-01  3.9100713e-04
 1.4362458e-01  4.1166686e-04
 1.4521537e-01  4.1085647e-04
 1.4594310e-01  3.9967478e-04
 1.4685412e-01  3.9889761e-04
 1.2171815e-01  4.2690382e-04
 1.2261408e-01  4.2569282e-04
 1.4913451e-01  4.0173831e-04
 1.5065432e-01  4.0070829e-04
 1.7896277e-01  2.8958767e-04
 1.8026853e-01  2.8791726e-04
 1.0801953e-01  4.5090753e-04
 1.0900896e-01  4.4974245e-04
 1.6527095e-01  3.4660321e-04
 1.6667308e-01  3.4492921e-04
 1.6521933e-01  3.4949722e-04
 1.6663120e-01  3.4772498e-04
 1.0580118e-01  4.6253286e-04
 1.0677311e-01  4.6150228e-04
 1.3552300e-01  4.2745009e-04
 1.3644755e-01  4.2641782e-04
 1.1521360e-01  4.5141529e-04
 1.1607386e-01  4.5011601e-04
 1.1527536e-01  4.5269631e-04
 1.1612398e-01  4.5127091e-04
 1.3547443e-01  4.1666259e-04
 1.3640538e-01  4.1573726e-04
 1.0587039e-01  4.6000021e-04
 1.0682932e-01  4.5865766e-04
 1.6518684e-01  3.2759992e-04
 1.6660097e-01  3.2630535e-04
 1.6528897e-01  3.5234674e-04
 1.6669442e-01  3.5072371e-04
 1.0809199e-01  4.5656719e-04
 1.0907015e-01  4.5546226e-04
 1.7887750e-01  2.9059211e-04
 1.8019218e-01  2.8903875e-04
 1.4914063e-01  4.0852138e-04
 1.5066256e-01  4.0773233e-04
 1.2179252e-01  4.3723098e-04
 1.2268023e-01  4.3594291e-04
 1.0588028e-01  4.6275060e-04
 1.0684144e-01  4.6171030e-04
 1.3556491e-01  4.2824079e-04
 1.3648925e-01  4.2728799e-04
 1.6518672e-01  3.2441623e-04
 1.6660081e-01  3.2315198e-04
 1.0809206e-01  4.5229796e-04
 1.0907036e-01  4.5127498e-04
 1.6528899e-01  3.4913516e-04
 1.6669447e-01  3.4740091e-04
 1.4903858e-01  3.8476571e-04
 1.5057269e-01  3.8403439e-04
 1.2177939e-01  4.3387827e-04
 1.2266583e-01  4.3281118e-04
 1.7890014e-01  2.9484516e-04
 1.8021245e-01  2.9345736e-04
 1.4352338e-01  3.9855955e-04
 1.4512873e-01  3.9768580e-04
 1.4590886e-01  4.0209197e-04
 1.4682092e-01  4.0164433e-04
 1.4590889e-01  4.0273460e-04
 1.4682089e-01  4.0217486e-04
 1.4903853e-01  3.9050785e-04
 1.5057280e-01  3.8962398e-04
 1.7890012e-01  2.9321478e-04
 1.8021243e-01  2.9188615e-04
 1.2177945e-01  4.3723513e-04
 1.2266573e-01  4.3611369e-04
 1.6518667e-01  3.2772667e-04
 1.6660099e-01  3.2641467e-04
 1.6528904e-01  3.5231799e-04
 1.6669455e-01  3.5072073e-04
 1.0809213e-01  4.5681894e-04
 1.0907020e-01  4.5572925e-04
 1.3556495e-01  4.2940013e-04
 1.3648935e-01  4.2858873e-04
 1.0588035e-01  4.6344546e-04
 1.0684127e-01  4.6241320e-04
 1.1529730e-01  4.5700327e-04
 1.1614931e-01  4.5587002e-04
 1.1529732e-01  4.5490731e-04
 1.1614915e-01  4.5361669e-04
 7.7083703e-02  5.0431294e-04
 7.7495592e-02  5.0315718e-04
 1.3638752e-01  4.3671036e-04
 1.3699830e-01  4.3543677e-04
 7.5364124e-02  4.8828269e-04
 7.5876798e-02  4.8693298e-04
 1.6220944e-01  3.6551292e-04
 1.6342995e-01  3.6360317e-04
 8.5872904e-02  4.6950161e-04
 8.6328708e-02  4.6808279e-04
 1.0775126e-01  4.4747424e-04
 1.0814576e-01  4.4641791e-04
 1.6682023e-01  3.4207126e-04
 1.6740751e-01  3.4043521e-04
 1.3933633e-01  4.0131939e-04
 1.4005737e-01  3.9976975e-04
 1.3938204e-01  3.9883218e-04
 1.4009517e-01  3.9715212e-04
 1.7887746e-01  2.9073888e-04
 1.8019274e-01  2.8917107e-04
 1.4914077e-01  4.0846576e-04
 1.5066269e-01  4.0771702e-04
 1.2179278e-01  4.3749666e-04
 1.2268028e-01  4.3619573e-04
 1.1529734e-01  4.5697329e-04
 1.1614934e-01  4.5587601e-04
 1.1529745e-01  4.5504908e-04
 1.1614915e-01  4.5374061e-04
 9.0785501e-02  4.8998773e-04
 9.1189409e-02  4.8923911e-04
 1.2033987e-01  4.5442369e-04
 1.2096330e-01  4.5289217e-04
 1.0020872e-01  4.7499774e-04
 1.0020888e-01  4.7520581e-04
 1.0020872e-01  4.8241362e-04
 1.0020888e-01  4.8249359e-04
 9.0785629e-02  4.8042394e-04
 9.1189288e-02  4.7931828e-04
 1.2033978e-01  4.5691258e-04
 1.2096350e-01  4.5544608e-04
 9.3372168e-02  4.6569251e-04
 9.3910231e-02  4.6443030e-04
 1.5028032e-01  4.0807389e-04
 1.5167860e-01  4.0692068e-04
 1.0777102e-01  4.3779478e-04
 1.0816310e-01  4.3665256e-04
 1.6679378e-01  3.4187056e-04
 1.6738785e-01  3.4024342e-04
 1.3296242e-01  4.0078584e-04
 1.3296653e-01  4.0076121e-04
 1.3296242e-01  4.0436278e-04
 1.3296653e-01  4.0443264e-04
 1.6679378e-01  3.1958203e-04
 1.6738785e-01  3.1805633e-04
 1.0777102e-01  4.3809556e-04
 1.0816310e-01  4.3681113e-04
 1.5028032e-01  4.0908473e-04
 1.5167860e-01  4.0820765e-04
 9.3372168e-02  4.7882715e-04
 9.3910231e-02  4.7776421e-04
 1.2033978e-01  4.5318287e-04
 1.2096350e-01  4.5177471e-04
 9.0785629e-02  4.9083575e-04
 9.1189288e-02  4.8988046e-04
 9.0785504e-02  4.8028231e-04
 9.1189334e-02  4.7923249e-04
 1.2033979e-01  4.5569620e-04
 1.2096345e-01  4.5417341e-04
 7.7083752e-02  4.9310596e-04
 7.7495482e-02  4.9170895e-04
 1.3638749e-01  4.3614536e-04
 1.3699839e-01  4.3488065e-04
 7.5364176e-02  4.9247331e-04
 7.5876700e-02  4.9084660e-04
 1.6220947e-01  3.6303048e-04
 1.6342999e-01  3.6109595e-04
 8.5872957e-02  4.7574647e-04
 8.6328631e-02  4.7421015e-04
 1.0775131e-01  4.3974601e-04
 1.0814572e-01  4.3842967e-04
 1.6682023e-01  3.3894062e-04
 1.6740751e-01  3.3728183e-04
 1.3933637e-01  3.9298321e-04
 1.4005736e-01  3.9156189e-04
 1.3938202e-01  4.0561867e-04
 1.4009521e-01  4.0385758e-04
 1.7887750e-01  2.7004616e-04
 1.8019275e-01  2.6884690e-04
 1.4914074e-01  4.0100239e-04
 1.5066264e-01  4.0024634e-04
 1.2179273e-01  4.4003910e-04
 1.2268037e-01  4.3893146e-04
 1.1529730e-01  4.4966835e-04
 1.1614930e-01  4.4838480e-04
 1.1529738e-01  4.5733176e-04
 1.1614927e-01  4.5606028e-04
 9.3371922e-02  4.7162537e-04
 9.3910235e-02  4.7040995e-04
 1.5028021e-01  4.0943659e-04
 1.5167850e-01  4.0838918e-04
 7.5364025e-02  4.9302917e-04
 7.5876688e-02  4.9141784e-04
 1.6220938e-01  3.6260992e-04
 1.6342989e-01  3.6066028e-04
 6.9173466e-02  5.0555477e-04
 6.9730499e-02  5.0380999e-04
 7.5350520e-02  5.0130535e-04
 7.5861767e-02  4.9980457e-04
 1.6211132e-01  3.6983581e-04
 1.6334008e-01  3.6779240e-04
 9.3339445e-02  4.7379244e-04
 9.3878855e-02  4.7261833e-04
 1.5018399e-01  4.1264505e-04
 1.5159339e-01  4.1150848e-04
 1.2173439e-01  4.2970292e-04
 1.2262946e-01  4.2863405e-04
 1.7895049e-01  2.9052161e-04
 1.8025437e-01  2.8904930e-04
 1.4904705e-01  4.0573001e-04
 1.5058107e-01  4.0474864e-04
 1.5882735e-01  3.6266046e-04
 1.6030572e-01  3.6237285e-04
 1.5891366e-01  3.8123548e-04
 1.6038023e-01  3.8083371e-04
 1.5891376e-01  3.8445317e-04
 1.6038025e-01  3.8421462e-04
 1.5882716e-01  3.8620239e-04
 1.6030529e-01  3.8592738e-04
 1.2179253e-01  4.3579030e-04
 1.2268035e-01  4.3450898e-04
 1.4914070e-01  4.0686313e-04
 1.5066259e-01  4.0601180e-04
 1.7887740e-01  2.9554086e-04
 1.8019222e-01  2.9407489e-04
 1.0777063e-01  4.4541308e-04
 1.0816306e-01  4.4420595e-04
 1.6679375e-01  3.4107438e-04
 1.6738727e-01  3.3943120e-04
 8.5872672e-02  4.7545924e-04
 8.6328558e-02  4.7392444e-04
 7.5350364e-02  5.0092223e-04
 7.5861716e-02  4.9941475e-04
 1.6211149e-01  3.6979923e-04
 1.6334012e-01  3.6779893e-04
 7.7058061e-02  5.0905225e-04
 7.7466589e-02  5.0787346e-04
 1.3630464e-01  4.4005815e-04
 1.3692191e-01  4.3876327e-04
 9.0742900e-02  4.8997871e-04
 9.1146598e-02  4.8907316e-04
 1.2026620e-01  4.5602578e-04
 1.2089686e-01  4.5448812e-04
 1.1523078e-01  4.5249123e-04
 1.1609009e-01  4.5127643e-04
 1.1523054e-01  4.5464402e-04
 1.1608991e-01  4.5320433e-04
 1.4904728e-01  3.9107223e-04
 1.5058139e-01  3.9032429e-04
 1.7895027e-01  2.9485953e-04
 1.8025428e-01  2.9351598e-04
 1.2173416e-01  4.4094016e-04
 1.2262915e-01  4.3981615e-04
 1.3938171e-01  4.0863068e-04
 1.4009513e-01  4.0711773e-04
 1.3933620e-01  4.0931319e-04
 1.4005691e-01  4.0761088e-04
 1.3296238e-01  4.0105637e-04
 1.3296602e-01  4.0097467e-04
 1.3296238e-01  4.0340582e-04
 1.3296602e-01  4.0345377e-04
 1.0775102e-01  4.3781360e-04
 1.0814548e-01  4.3643054e-04
 1.6681999e-01  3.3804254e-04
 1.6740723e-01  3.3636766e-04
 9.3339196e-02  4.7145068e-04
 9.3878698e-02  4.7017705e-04
 1.5018421e-01  4.1257791e-04
 1.5159356e-01  4.1150681e-04
 9.0742718e-02  4.9002763e-04
 9.1146559e-02  4.8904763e-04
 1.2026639e-01  4.5642852e-04
 1.2089690e-01  4.5496577e-04
 1.0015167e-01  4.7833342e-04
 1.0015727e-01  4.7832793e-04
 1.0015167e-01  4.7821572e-04
 1.0015727e-01  4.7830716e-04
 1.2026639e-01  4.4990059e-04
 1.2089690e-01  4.4862846e-04
 9.0742718e-02  4.8614386e-04
 9.1146559e-02  4.8514342e-04
 1.5018421e-01  3.9351880e-04
 1.5159356e-01  3.9298729e-04
 9.3339196e-02  4.7756440e-04
 9.3878698e-02  4.7647960e-04
 1.6681999e-01  3.4093339e-04
 1.6740723e-01  3.3945416e-04
 1.0775102e-01  4.4692335e-04
 1.0814548e-01  4.4566128e-04
 1.6679375e-01  3.2806496e-04
 1.6738727e-01  3.2652534e-04
 1.0777063e-01  4.4597298e-04
 1.0816306e-01  4.4474333e-04
 1.3933620e-01  3.9221712e-04
 1.4005691e-01  3.9071515e-04
 1.3938171e-01  4.0426813e-04
 1.4009513e-01  4.0254480e-04
 1.2173416e-01  4.2883108e-04
 1.2262915e-01  4.2764889e-04
 1.7895027e-01  2.8982752e-04
 1.8025428e-01  2.8838902e-04
 1.4904728e-01  4.0658451e-04
 1.5058139e-01  4.0568386e-04
 1.1523054e-01  4.5401814e-04
 1.1608991e-01  4.5284785e-04
 1.1523078e-01  4.5643314e-04
 1.1609009e-01  4.5517214e-04
 1.2026620e-01  4.4968584e-04
 1.2089686e-01  4.4831934e-04
 9.0742900e-02  4.8582897e-04
 9.1146598e-02  4.8488660e-04
 1.3630464e-01  4.2469098e-04
 1.3692191e-01  4.2366766e-04
 7.7058061e-02  5.0443233e-04
 7.7466589e-02  5.0325515e-04
 1.6211149e-01  3.4137995e-04
 1.6334012e-01  3.4021195e-04
 7.5350364e-02  5.0460133e-04
 7.5861716e-02  5.0322525e-04
 8.5872672e-02  4.8319985e-04
 8.6328558e-02  4.8177668e-04
 1.5028021e-01  4.0894496e-04
 1.5167850e-01  4.0805288e-04
 9.3371922e-02  4.7893235e-04
 9.3910235e-02  4.7792739e-04
 1.7887740e-01  2.6849120e-04
 1.8019222e-01  2.6723536e-04
 1.4914070e-01  4.0004915e-04
 1.5066259e-01  3.9928294e-04
 1.2179253e-01  4.3869322e-04
 1.2268035e-01  4.3760592e-04
 1.5882716e-01  3.6102602e-04
 1.6030529e-01  3.6068061e-04
 1.5891376e-01  3.7981984e-04
 1.6038025e-01  3.7940579e-04
 1.5891366e-01  3.8351164e-04
 1.6038023e-01  3.8332121e-04
 1.5882735e-01  3.8706212e-04
 1.6030572e-01  3.8685169e-04
 1.4904705e-01  3.9091764e-04
 1.5058107e-01  3.9009215e-04
 1.7895049e-01  2.9482963e-04
 1.8025437e-01  2.9350342e-04
 1.2173439e-01  4.4223598e-04
 1.2262946e-01  4.4123211e-04
 1.5018399e-01  3.9320757e-04
 1.5159339e-01  3.9255460e-04
 9.3339445e-02  4.7543012e-04
 9.3878855e-02  4.7434271e-04
 1.6211132e-01  3.4148200e-04
 1.6334008e-01  3.4028431e-04
 7.5350520e-02  5.0507298e-04
 7.5861767e-02  5.0371548e-04
 6.9173466e-02  5.1551866e-04
 6.9730499e-02  5.1408753e-04
 1.6220938e-01  3.6922283e-04
 1.6342989e-01  3.6735129e-04
 7.5364025e-02  5.0613366e-04
 7.5876688e-02  5.0478588e-04
 1.2033979e-01  4.5186707e-04
 1.2096345e-01  4.5039623e-04
 9.0785504e-02  4.8944522e-04
 9.1189334e-02  4.8855845e-04
 1.1529738e-01  4.3980638e-04
 1.1614927e-01  4.3857370e-04
 1.1529730e-01  4.5522834e-04
 1.1614930e-01  4.5401520e-04
 1.2179273e-01  4.2487159e-04
 1.2268037e-01  4.2355941e-04
 1.4914074e-01  4.0638282e-04
 1.5066264e-01  4.0558442e-04
 1.7887750e-01  2.9573195e-04
 1.8019275e-01  2.9433733e-04
 1.3938202e-01  4.0902281e-04
 1.4009521e-01  4.0745100e-04
 1.3933637e-01  4.1036879e-04
 1.4005736e-01  4.0873553e-04
 1.6682023e-01  3.3173041e-04
 1.6740751e-01  3.3005012e-04
 1.0775131e-01  4.3539791e-04
 1.0814572e-01  4.3406538e-04
 8.5872957e-02  4.8359761e-04
 8.6328631e-02  4.8217703e-04
 1.6220947e-01  3.6919130e-04
 1.6342999e-01  3.6735059e-04
 7.5364176e-02  5.0637507e-04
 7.5876700e-02  5.0501700e-04
 1.3638749e-01  4.3885997e-04
 1.3699839e-01  4.3772898e-04
 7.7083752e-02  5.0749230e-04
 7.7495482e-02  5.0629857e-04
 1.4836397e-01  4.0758344e-04
 1.4836416e-01  4.0729604e-04
 5.9061856e-02  5.3771283e-04
 5.9061956e-02  5.3780015e-04
 1.3638761e-01  4.2293740e-04
 1.3699821e-01  4.2161282e-04
 7.7083671e-02  5.0803108e-04
 7.7495583e-02  5.0694001e-04
 1.3556509e-01  4.1278475e-04
 1.3648920e-01  4.1162027e-04
 1.0588031e-01  4.5967989e-04
 1.0684144e-01  4.5863757e-04
 1.4594340e-01  3.8776359e-04
 1.4685412e-01  3.8728687e-04
 1.4362469e-01  4.1036464e-04
 1.4521541e-01  4.0954650e-04
 1.4586474e-01  4.0209253e-04
 1.4678351e-01  4.0150488e-04
 1.6684186e-01  3.2677106e-04
 1.6742630e-01  3.2518753e-04
 1.0772995e-01  4.4399972e-04
 1.0812855e-01  4.4276035e-04
 7.8416081e-02  4.8225467e-04
 7.8418326e-02  4.8228232e-04
 5.9545776e-02  5.2723748e-04
 5.9762694e-02  5.2633532e-04
 1.6988527e-01  3.1958408e-04
 1.7072939e-01  3.1658362e-04
 5.2914205e-02  5.4410253e-04
 5.3134019e-02  5.4326967e-04
 1.3638752e-01  4.2279531e-04
 1.3699830e-01  4.2152897e-04
 7.7083703e-02  5.0693013e-04
 7.7495592e-02  5.0578210e-04
 1.2033987e-01  4.3890891e-04
 1.2096330e-01  4.3741652e-04
 9.0785501e-02  4.8590070e-04
 9.1189409e-02  4.8505770e-04
 1.1529745e-01  4.4111177e-04
 1.1614915e-01  4.3962741e-04
 1.1529734e-01  4.5026095e-04
 1.1614934e-01  4.4902008e-04
 1.2179278e-01  4.2817384e-04
 1.2268028e-01  4.2709327e-04
 1.4914077e-01  4.0236515e-04
 1.5066269e-01  4.0131850e-04
 1.7887746e-01  2.9141586e-04
 1.8019274e-01  2.8999554e-04
 1.3938204e-01  3.9273725e-04
 1.4009517e-01  3.9120057e-04
 1.3933633e-01  4.0221274e-04
 1.4005737e-01  4.0054797e-04
 1.6682023e-01  3.1769872e-04
 1.6740751e-01  3.1620591e-04
 1.0775126e-01  4.4462070e-04
 1.0814576e-01  4.4347600e-04
 8.5872904e-02  4.8343034e-04
 8.6328708e-02  4.8209907e-04
 1.6220944e-01  3.5762779e-04
 1.6342995e-01  3.5570105e-04
 7.5364124e-02  5.0621862e-04
 7.5876798e-02  5.0490645e-04
 1.3556491e-01  4.1706499e-04
 1.3648925e-01  4.1604167e-04
 1.0588028e-01  4.6213455e-04
 1.0684144e-01  4.6102500e-04
 1.1529732e-01  4.4155735e-04
 1.1614915e-01  4.4009615e-04
 1.1529730e-01  4.4991046e-04
 1.1614931e-01  4.4862424e-04
 1.0588035e-01  4.5427790e-04
 1.0684127e-01  4.5280756e-04
 1.3556495e-01  4.2332641e-04
 1.3648935e-01  4.2237558e-04
 1.0809213e-01  4.5338000e-04
 1.0907020e-01  4.5234806e-04
 1.6528904e-01  3.4652826e-04
 1.6669455e-01  3.4484569e-04
 1.6518667e-01  3.5236422e-04
 1.6660099e-01  3.5051583e-04
 1.2177945e-01  4.3028875e-04
 1.2266573e-01  4.2911638e-04
 1.7890012e-01  2.8696437e-04
 1.8021243e-01  2.8556528e-04
 1.4903853e-01  4.0455270e-04
 1.5057280e-01  4.0344824e-04
 1.4590889e-01  3.8457462e-04
 1.4682089e-01  3.8402239e-04
 1.4590886e-01  3.9897466e-04
 1.4682092e-01  3.9836446e-04
 1.4352338e-01  4.1252239e-04
 1.4512873e-01  4.1155562e-04
 1.7890014e-01  2.6896339e-04
 1.8021245e-01  2.6757286e-04
 1.2177939e-01  4.3786413e-04
 1.2266583e-01  4.3684997e-04
 1.4903858e-01  4.0799688e-04
 1.5057269e-01  4.0706178e-04
 1.6528899e-01  3.4484412e-04
 1.6669447e-01  3.4315331e-04
 1.0809206e-01  4.5874845e-04
 1.0907036e-01  4.5787023e-04
 1.6518672e-01  3.5180354e-04
 1.6660081e-01  3.4999768e-04
 1.4594310e-01  3.9357135e-04
 1.4685412e-01  3.9307484e-04
 1.4362458e-01  4.1102945e-04
 1.4521537e-01  4.1016480e-04
 1.4586475e-01  4.0167665e-04
 1.4678297e-01  4.0107062e-04
 1.2179252e-01  4.2791564e-04
 1.2268023e-01  4.2685675e-04
 1.4914063e-01  4.0135279e-04
 1.5066256e-01  4.0020225e-04
 1.7887750e-01  2.9028276e-04
 1.8019218e-01  2.8881505e-04
 1.0809199e-01  4.5301886e-04
 1.0907015e-01  4.5199782e-04
 1.6528897e-01  3.4615522e-04
 1.6669442e-01  3.4445289e-04
 1.6518684e-01  3.5232727e-04
 1.6660097e-01  3.5051368e-04
 1.0587039e-01  4.6633856e-04
 1.0682932e-01  4.6543337e-04
 1.3547443e-01  4.3119316e-04
 1.3640538e-01  4.3022809e-04
 1.1527536e-01  4.5369612e-04
 1.1612398e-01  4.5251727e-04
 1.1521360e-01  4.5374488e-04
 1.1607386e-01  4.5235138e-04
 1.3552300e-01  4.1940951e-04
 1.3644755e-01  4.1856975e-04
 1.0580118e-01  4.6440191e-04
 1.0677311e-01  4.6321253e-04
 1.6521933e-01  3.2929795e-04
 1.6663120e-01  3.2808209e-04
 1.6527095e-01  3.5141297e-04
 1.6667308e-01  3.4978227e-04
 1.0801953e-01  4.6094062e-04
 1.0900896e-01  4.6000826e-04
 1.7896277e-01  2.9261991e-04
 1.8026853e-01  2.9124888e-04
 1.4913451e-01  4.0786148e-04
 1.5065432e-01  4.0707011e-04
 1.2171815e-01  4.4112787e-04
 1.2261408e-01  4.4001022e-04
 1.6684143e-01  3.2715840e-04
 1.6742626e-01  3.2562197e-04
 1.0772992e-01  4.4346312e-04
 1.0812805e-01  4.4220326e-04
 1.3938169e-01  3.9100031e-04
 1.4009503e-01  3.8949979e-04
 1.3933627e-01  4.0144187e-04
 1.4005688e-01  3.9972838e-04
 1.2177918e-01  4.2794639e-04
 1.2266559e-01  4.2674151e-04
 1.7890003e-01  2.8688077e-04
 1.8021199e-01  2.8548596e-04
 1.4903876e-01  4.0448742e-04
 1.5057287e-01  4.0343947e-04
 1.1527519e-01  4.5372371e-04
 1.1612390e-01  4.5251770e-04
 1.1521376e-01  4.5417905e-04
 1.1607386e-01  4.5282943e-04
 1.2030892e-01  4.4876319e-04
 1.2092720e-01  4.4732123e-04
 9.0716828e-02  4.8202858e-04
 9.1125915e-02  4.8104349e-04
 1.3633999e-01  4.2407994e-04
 1.3694981e-01  4.2301616e-04
 7.7025141e-02  5.0242321e-04
 7.7442855e-02  5.0123822e-04
 1.6213691e-01  3.4074050e-04
 1.6336396e-01  3.3961456e-04
 7.5314794e-02  5.0271004e-04
 7.5833717e-02  5.0133946e-04
 8.5835230e-02  4.8127236e-04
 8.6296703e-02  4.7981532e-04
 7.8416041e-02  4.8963488e-04
 7.8417929e-02  4.8958202e-04
 1.6681993e-01  3.1702724e-04
 1.6740719e-01  3.1550097e-04
 1.0775105e-01  4.4359261e-04
 1.0814549e-01  4.4245667e-04
 1.4590858e-01  3.8384093e-04
 1.4682061e-01  3.8319979e-04
 1.4590866e-01  3.9826163e-04
 1.4682065e-01  3.9766697e-04
 1.4352359e-01  4.1333664e-04
 1.4512894e-01  4.1241805e-04
 1.3552272e-01  4.2091143e-04
 1.3644736e-01  4.2009275e-04
 1.0580138e-01  4.6614778e-04
 1.0677322e-01  4.6511498e-04
 1.3633979e-01  4.2391737e-04
 1.3694976e-01  4.2277955e-04
 7.7025298e-02  5.0205492e-04
 7.7442870e-02  5.0092860e-04
 1.4830369e-01  3.9913721e-04
 1.4831023e-01  3.9908523e-04
 5.9019305e-02  5.3470424e-04
 5.9022729e-02  5.3466715e-04
 1.6980980e-01  2.9391237e-04
 1.7066018e-01  2.9214761e-04
 5.2885379e-02  5.4291963e-04
 5.3105791e-02  5.4207947e-04
 5.9529286e-02  5.2686328e-04
 5.9747572e-02  5.2592970e-04
 5.9545510e-02  5.2781534e-04
 5.9762670e-02  5.2695031e-04
 8.5872670e-02  4.8221291e-04
 8.6328599e-02  4.8090664e-04
 1.7889989e-01  2.6736115e-04
 1.8021202e-01  2.6593113e-04
 1.2177921e-01  4.3722849e-04
 1.2266569e-01  4.3622746e-04
 1.4903872e-01  4.0875241e-04
 1.5057302e-01  4.0784939e-04
 1.6521905e-01  3.2919389e-04
 1.6663085e-01  3.2790742e-04
 1.6527083e-01  3.5117148e-04
 1.6667296e-01  3.4957070e-04
 1.0801971e-01  4.6210340e-04
 1.0900922e-01  4.6124314e-04
 1.6213665e-01  3.4042027e-04
 1.6336374e-01  3.3918009e-04
 7.5314976e-02  5.0019807e-04
 7.5833864e-02  4.9880805e-04
 1.6980962e-01  2.9401659e-04
 1.7066010e-01  2.9219950e-04
 5.2885529e-02  5.4346416e-04
 5.3105819e-02  5.4267725e-04
 4.2308097e-02  5.6086137e-04
 4.2530365e-02  5.5999538e-04
 4.4584461e-02  5.5511772e-04
 4.4819301e-02  5.5413968e-04
 1.6988523e-01  3.1820004e-04
 1.7072929e-01  3.1518821e-04
 5.2914069e-02  5.4327343e-04
 5.3134029e-02  5.4249118e-04
 1.6220943e-01  3.4929926e-04
 1.6342983e-01  3.4753803e-04
 7.5363999e-02  5.0366157e-04
 7.5876748e-02  5.0241911e-04
 1.6528908e-01  3.3475716e-04
 1.6669440e-01  3.3318414e-04
 1.0809199e-01  4.5818783e-04
 1.0907029e-01  4.5734690e-04
 1.6518678e-01  3.5255470e-04
 1.6660125e-01  3.5078547e-04
 1.7896300e-01  2.9284650e-04
 1.8026850e-01  2.9146100e-04
 1.4913452e-01  4.0780266e-04
 1.5065427e-01  4.0704313e-04
 1.2171825e-01  4.4220324e-04
 1.2261449e-01  4.4117631e-04
 8.5835371e-02  4.6789240e-04
 8.6297011e-02  4.6638425e-04
 5.9529497e-02  5.2753147e-04
 5.9747693e-02  5.2664519e-04
 4.4584610e-02  5.5551520e-04
 4.4819321e-02  5.5454058e-04
 4.2321316e-02  5.6035294e-04
 4.2544742e-02  5.5945216e-04
 2.7229274e-02  5.8779183e-04
 2.7229316e-02  5.8786183e-04
 4.2321258e-02  5.5661741e-04
 4.2544763e-02  5.5579397e-04
 6.9173406e-02  5.0420705e-04
 6.9730540e-02  5.0280286e-04
 1.0587035e-01  4.6111161e-04
 1.0682941e-01  4.6018067e-04
 1.3547440e-01  4.2851472e-04
 1.3640559e-01  4.2754264e-04
 1.5026923e-01  4.0706238e-04
 1.5166343e-01  4.0576728e-04
 9.3308118e-02  4.6783782e-04
 9.3851760e-02  4.6662737e-04
 5.9514890e-02  5.2162979e-04
 5.9735046e-02  5.2080720e-04
 3.6205390e-02  5.6811650e-04
 3.6206138e-02  5.6814876e-04
 2.5053121e-02  5.9078956e-04
 2.5131362e-02  5.9044642e-04
 4.2321293e-02  5.5585325e-04
 4.2544813e-02  5.5498332e-04
 1.6988534e-01  2.8589283e-04
 1.7072912e-01  2.8420417e-04
 5.2914096e-02  5.3296537e-04
 5.3134066e-02  5.3220622e-04
 1.6220952e-01  3.3266159e-04
 1.6342968e-01  3.3154688e-04
 7.5364050e-02  4.9341133e-04
 7.5876773e-02  4.9199552e-04
 1.6528913e-01  3.2322872e-04
 1.6669429e-01  3.2195559e-04
 1.0809204e-01  4.5237124e-04
 1.0907032e-01  4.5124447e-04
 1.6518674e-01  3.4542749e-04
 1.6660122e-01  3.4367238e-04
 1.7896301e-01  2.6715793e-04
 1.8026845e-01  2.6579028e-04
 1.4913456e-01  3.9900229e-04
 1.5065432e-01  3.9773086e-04
 1.2171820e-01  4.2615534e-04
 1.2261449e-01  4.2486293e-04
 8.5835314e-02  4.7903442e-04
 8.6297040e-02  4.7772857e-04
 5.9529418e-02  5.2239958e-04
 5.9747771e-02  5.2161640e-04
 4.4584557e-02  5.5175079e-04
 4.4819398e-02  5.5082562e-04
 6.9173428e-02  5.0836977e-04
 6.9730623e-02  5.0683093e-04
 1.6220944e-01  3.3261444e-04
 1.6342971e-01  3.3152115e-04
 7.5364036e-02  4.9295756e-04
 7.5876795e-02  4.9150345e-04
 1.5028031e-01  3.8448630e-04
 1.5167827e-01  3.8378429e-04
 9.3371993e-02  4.6614373e-04
 9.3910302e-02  4.6496519e-04
 1.4914080e-01  3.8491583e-04
 1.5066239e-01  3.8407775e-04
 1.2179261e-01  4.3401810e-04
 1.2268042e-01  4.3280838e-04
 1.7887733e-01  2.9593746e-04
 1.8019245e-01  2.9447574e-04
 1.5891382e-01  3.6094955e-04
 1.6038011e-01  3.6051533e-04
 1.5891372e-01  3.7828787e-04
 1.6038032e-01  3.7766538e-04
 1.5882731e-01  3.7215269e-04
 1.6030567e-01  3.7171488e-04
 1.5882711e-01  3.7889738e-04
 1.6030545e-01  3.7831430e-04
 1.7895050e-01  2.6765602e-04
 1.8025432e-01  2.6624288e-04
 1.2173435e-01  4.3463872e-04
 1.2262946e-01  4.3361677e-04
 1.4904705e-01  4.0767223e-04
 1.5058113e-01  4.0669358e-04
 9.3339379e-02  4.7360876e-04
 9.3878920e-02  4.7263286e-04
 1.5018402e-01  4.1439930e-04
 1.5159334e-01  4.1328372e-04
 7.5350451e-02  5.0243068e-04
 7.5861881e-02  5.0110484e-04
 1.6211137e-01  3.6992122e-04
 1.6333997e-01  3.6784556e-04
 1.0587033e-01  4.6291468e-04
 1.0682949e-01  4.6184560e-04
 1.3547446e-01  4.2838517e-04
 1.3640520e-01  4.2740083e-04
 1.6528895e-01  3.2288223e-04
 1.6669426e-01  3.2161967e-04
 1.0809197e-01  4.5104968e-04
 1.0907031e-01  4.4981179e-04
 1.6518683e-01  3.4468896e-04
 1.6660079e-01  3.4289429e-04
 1.4914069e-01  3.8457847e-04
 1.5066234e-01  3.8375278e-04
 1.2179258e-01  4.3327395e-04
 1.2268035e-01  4.3201938e-04
 1.7887753e-01  2.9590153e-04
 1.8019237e-01  2.9447460e-04
 1.4362467e-01  3.9921307e-04
 1.4521513e-01  3.9841576e-04
 1.4594320e-01  4.0329937e-04
 1.4685420e-01  4.0288121e-04
 1.4586472e-01  4.0558783e-04
 1.4678318e-01  4.0499270e-04
 1.4913461e-01  3.8994546e-04
 1.5065412e-01  3.8914800e-04
 1.7896285e-01  2.9162721e-04
 1.8026863e-01  2.9005326e-04
 1.2171810e-01  4.3288046e-04
 1.2261428e-01  4.3155080e-04
 1.6527102e-01  3.2804137e-04
 1.6667297e-01  3.2680620e-04
 1.6521932e-01  3.5171292e-04
 1.6663114e-01  3.5010964e-04
 1.0801951e-01  4.6071852e-04
 1.0900906e-01  4.5966751e-04
 1.3552295e-01  4.3089466e-04
 1.3644760e-01  4.3014812e-04
 1.0580120e-01  4.6788069e-04
 1.0677308e-01  4.6681764e-04
 1.1527528e-01  4.5876144e-04
 1.1612412e-01  4.5766510e-04
 1.1521366e-01  4.5905369e-04
 1.1607373e-01  4.5773239e-04
 1.5026915e-01  4.0563293e-04
 1.5166347e-01  4.0432278e-04
 9.3308147e-02  4.6764358e-04
 9.3851377e-02  4.6641759e-04
 1.7896274e-01  2.6564640e-04
 1.8026834e-01  2.6430846e-04
 1.4913442e-01  3.9626418e-04
 1.5065424e-01  3.9491147e-04
 1.2171822e-01  4.2576689e-04
 1.2261406e-01  4.2442663e-04
 1.5891359e-01  3.5875932e-04
 1.6037997e-01  3.5832806e-04
 1.5891361e-01  3.7645918e-04
 1.6038014e-01  3.7552900e-04
 1.5882729e-01  3.7219289e-04
 1.6030526e-01  3.7172287e-04
 1.5882735e-01  3.7883755e-04
 1.6030544e-01  3.7831034e-04
 1.4913447e-01  3.8997514e-04
 1.5065403e-01  3.8917026e-04
 1.7896282e-01  2.9180244e-04
 1.8026845e-01  2.9020355e-04
 1.2171826e-01  4.3332273e-04
 1.2261423e-01  4.3202200e-04
 1.5026924e-01  3.9163645e-04
 1.5166326e-01  3.9090123e-04
 9.3308108e-02  4.5986278e-04
 9.3851559e-02  4.5848322e-04
 1.6218887e-01  3.4032677e-04
 1.6340441e-01  3.3911548e-04
 7.5306719e-02  4.9505848e-04
 7.5825842e-02  4.9354755e-04
 6.9121682e-02  5.0594257e-04
 6.9687077e-02  5.0435796e-04
 1.6218877e-01  3.6650108e-04
 1.6340457e-01  3.6430522e-04
 7.5306770e-02  4.9685960e-04
 7.5825716e-02  4.9534506e-04
 5.9514888e-02  5.2712728e-04
 5.9734721e-02  5.2623650e-04
 8.5835266e-02  4.7846009e-04
 8.6296690e-02  4.7713425e-04
 1.7895019e-01  2.6701742e-04
 1.8025407e-01  2.6559213e-04
 1.2173424e-01  4.3406286e-04
 1.2262913e-01  4.3304006e-04
 1.4904725e-01  4.0841047e-04
 1.5058122e-01  4.0747118e-04
 1.6527074e-01  3.2972453e-04
 1.6667277e-01  3.2849409e-04
 1.6521918e-01  3.5163319e-04
 1.6663083e-01  3.5001636e-04
 1.0801970e-01  4.6239029e-04
 1.0900907e-01  4.6149668e-04
 1.6218869e-01  3.4029166e-04
 1.6340432e-01  3.3905062e-04
 7.5306853e-02  4.9464079e-04
 7.5825817e-02  4.9317525e-04
 1.6985967e-01  2.9459714e-04
 1.7069743e-01  2.9279548e-04
 5.2869397e-02  5.4458324e-04
 5.3092273e-02  5.4377398e-04
 4.2285498e-02  5.6251197e-04
 4.2512602e-02  5.6161188e-04
 4.4558025e-02  5.5693124e-04
 4.4796370e-02  5.5591645e-04
 3.6205378e-02  5.6899230e-04
 3.6205907e-02  5.6898746e-04
 5.9529293e-02  5.2153919e-04
 5.9747566e-02  5.2075697e-04
 9.3339228e-02  4.7306921e-04
 9.3878696e-02  4.7209004e-04
 1.5018415e-01  4.1486863e-04
 1.5159353e-01  4.1377930e-04
 1.3552279e-01  4.3135767e-04
 1.3644738e-01  4.3061733e-04
 1.0580135e-01  4.6872410e-04
 1.0677321e-01  4.6770591e-04
 6.9121825e-02  5.0288309e-04
 6.9687142e-02  5.0126426e-04
 4.2285608e-02  5.6284043e-04
 4.2512609e-02  5.6198550e-04
 2.7206378e-02  5.8894687e-04
 2.7207640e-02  5.8895132e-04
 2.5041285e-02  5.9173602e-04
 2.5119967e-02  5.9137955e-04
 2.5053002e-02  5.9078913e-04
 2.5131358e-02  5.9047646e-04
 4.4584442e-02  5.4893891e-04
 4.4819302e-02  5.4808930e-04
 7.5350349e-02  5.0172167e-04
 7.5861736e-02  5.0044146e-04
 1.6211139e-01  3.7059061e-04
 1.6334024e-01  3.6853329e-04
 1.1527520e-01  4.5905811e-04
 1.1612396e-01  4.5797306e-04
 1.1521371e-01  4.6004140e-04
 1.1607399e-01  4.5877105e-04
 1.6218872e-01  3.6640278e-04
 1.6340444e-01  3.6421828e-04
 7.5306845e-02  4.8391066e-04
 7.5825930e-02  4.8246490e-04
 4.4558119e-02  5.5780724e-04
 4.4796504e-02  5.5684055e-04
 2.5041396e-02  5.9230266e-04
 2.5119983e-02  5.9198408e-04
 1.8314998e-02  6.0397528e-04
 1.8393976e-02  6.0366868e-04
 6.9697838e-03  6.2505472e-04
 6.9697940e-03  6.2508210e-04
 1.8314969e-02  5.8088133e-04
 1.8393959e-02  5.8056532e-04
 4.2308053e-02  5.3704224e-04
 4.2530336e-02  5.3609860e-04
 7.7058011e-02  5.0174765e-04
 7.7466566e-02  5.0072854e-04
 1.3630456e-01  4.3591582e-04
 1.3692200e-01  4.3456055e-04
 1.2030887e-01  4.4510775e-04
 1.2092720e-01  4.4332975e-04
 9.0716784e-02  4.4996476e-04
 9.1126002e-02  4.4928087e-04
 1.6985963e-01  3.1717671e-04
 1.7069747e-01  3.1413419e-04
 5.2869384e-02  5.4001001e-04
 5.3092350e-02  5.3918833e-04
 2.5034153e-02  5.9109560e-04
 2.5113414e-02  5.9077523e-04
 9.2809121e-03  6.2080001e-04
 9.2809893e-03  6.2083272e-04
 1.8314980e-02  5.8051014e-04
 1.8394019e-02  5.8016833e-04
 2.5053049e-02  5.4869260e-04
 2.5131361e-02  5.4825655e-04
 4.4584509e-02  5.1940120e-04
 4.4819303e-02  5.1830690e-04
 7.5350416e-02  4.8620918e-04
 7.5861751e-02  4.8486455e-04
 1.6211135e-01  3.3770201e-04
 1.6334020e-01  3.3579651e-04
 1.1527526e-01  4.3334448e-04
 1.1612399e-01  4.3198377e-04
 1.1521365e-01  3.9930787e-04
 1.1607397e-01  3.9805014e-04
 1.6218879e-01  3.4982946e-04
 1.6340447e-01  3.4806790e-04
 7.5306778e-02  4.7576491e-04
 7.5825945e-02  4.7447059e-04
 4.4558051e-02  5.2666191e-04
 4.4796544e-02  5.2579446e-04
 2.5041319e-02  5.6605972e-04
 2.5120059e-02  5.6574230e-04
 4.2308062e-02  5.4396848e-04
 4.2530447e-02  5.4293417e-04
 4.4584484e-02  5.1912122e-04
 4.4819367e-02  5.1798552e-04
 5.9545609e-02  4.9661863e-04
 5.9762694e-02  4.9552424e-04
 8.5872784e-02  4.6921956e-04
 8.6328632e-02  4.6779202e-04
 1.2177931e-01  4.1834064e-04
 1.2266575e-01  4.1716206e-04
 1.4903867e-01  3.5538425e-04
 1.5057294e-01  3.5452064e-04
 1.7889988e-01  2.8578581e-04
 1.8021218e-01  2.8454619e-04
 1.6527091e-01  3.3449568e-04
 1.6667303e-01  3.3302391e-04
 1.0801965e-01  4.3414781e-04
 1.0900918e-01  4.3315486e-04
 1.6521907e-01  3.5247465e-04
 1.6663093e-01  3.5069536e-04
 7.5314907e-02  4.8406782e-04
 7.5833881e-02  4.8265766e-04
 1.6213671e-01  3.7054836e-04
 1.6336374e-01  3.6843831e-04
 5.2885447e-02  5.2614085e-04
 5.3105900e-02  5.2520080e-04
 1.6980968e-01  3.2722552e-04
 1.7066004e-01  3.2403633e-04
 7.7058005e-02  5.0550238e-04
 7.7466705e-02  5.0433664e-04
 1.3630469e-01  4.3591679e-04
 1.3692178e-01  4.3456161e-04
 7.5350371e-02  4.8482452e-04
 7.5861824e-02  4.8338726e-04
 1.6211150e-01  3.3735330e-04
 1.6333997e-01  3.3542626e-04
 8.5872743e-02  4.6849796e-04
 8.6328646e-02  4.6700077e-04
 1.0777077e-01  4.5055535e-04
 1.0816311e-01  4.4950010e-04
 1.6679375e-01  3.4427329e-04
 1.6738749e-01  3.4251723e-04
 1.3938183e-01  4.0038639e-04
 1.4009520e-01  3.9882144e-04
 1.3933617e-01  3.9132879e-04
 1.4005712e-01  3.8985576e-04
 1.7895036e-01  2.9195891e-04
 1.8025438e-01  2.9039768e-04
 1.4904726e-01  4.0927734e-04
 1.5058128e-01  4.0850070e-04
 1.2173416e-01  4.4214889e-04
 1.2262928e-01  4.4090059e-04
 1.1523074e-01  4.5979734e-04
 1.1609006e-01  4.5871542e-04
 1.1523057e-01  4.6013107e-04
 1.1608995e-01  4.5879940e-04
 9.0742822e-02  4.9306681e-04
 9.1146673e-02  4.9232730e-04
 1.2026626e-01  4.5897098e-04
 1.2089679e-01  4.5739895e-04
 1.2030884e-01  4.4405592e-04
 1.2092734e-01  4.4221272e-04
 9.0716887e-02  4.4993088e-04
 9.1125779e-02  4.4924448e-04
 1.1527518e-01  4.3034940e-04
 1.1612403e-01  4.2884964e-04
 1.1521375e-01  3.9932937e-04
 1.1607373e-01  3.9803611e-04
 1.2177923e-01  4.1606614e-04
 1.2266571e-01  4.1461988e-04
 1.4903873e-01  3.5548014e-04
 1.5057270e-01  3.5455700e-04
 1.7890012e-01  2.8574437e-04
 1.8021214e-01  2.8455789e-04
 1.3938180e-01  4.0049327e-04
 1.4009512e-01  3.9887769e-04
 1.3933635e-01  3.9180259e-04
 1.4005704e-01  3.9034937e-04
 1.6684159e-01  3.1772604e-04
 1.6742632e-01  3.1586809e-04
 1.0772991e-01  4.0079758e-04
 1.0812826e-01  3.9978427e-04
 8.5835200e-02  4.5483245e-04
 8.6296870e-02  4.5352320e-04
 1.6213692e-01  3.5331383e-04
 1.6336388e-01  3.5066786e-04
 7.5314798e-02  4.7309125e-04
 7.5833784e-02  4.7211748e-04
 1.3633993e-01  4.2842082e-04
 1.3694987e-01  4.2662480e-04
 7.7025192e-02  4.7127596e-04
 7.7442802e-02  4.7069400e-04
 1.6985957e-01  3.1758319e-04
 1.7069758e-01  3.1445105e-04
 5.2869451e-02  5.4318147e-04
 5.3092150e-02  5.4235674e-04
 1.6218867e-01  3.4814764e-04
 1.6340446e-01  3.4638587e-04
 7.5306816e-02  4.7560323e-04
 7.5825724e-02  4.7429399e-04
 1.6527078e-01  3.3388248e-04
 1.6667290e-01  3.3232284e-04
 1.0801963e-01  4.3373402e-04
 1.0900897e-01  4.3273197e-04
 1.6521928e-01  3.5322005e-04
 1.6663095e-01  3.5144737e-04
 1.7895027e-01  2.9310149e-04
 1.8025417e-01  2.9168156e-04
 1.4904718e-01  4.0922021e-04
 1.5058107e-01  4.0844264e-04
 1.2173435e-01  4.4369349e-04
 1.2262923e-01  4.4263810e-04
 8.5835337e-02  4.5437771e-04
 8.6296796e-02  4.5311948e-04
 5.9514859e-02  5.3033129e-04
 5.9734878e-02  5.2940684e-04
 4.4557997e-02  5.5917590e-04
 4.4796463e-02  5.5816293e-04
 4.2285528e-02  5.6426012e-04
 4.2512572e-02  5.6332716e-04
 2.5034184e-02  5.9183188e-04
 2.5113265e-02  5.9149758e-04
 4.4558037e-02  5.2604781e-04
 4.4796374e-02  5.2515564e-04
 7.5314832e-02  4.8345308e-04
 7.5833710e-02  4.8202795e-04
 1.6213684e-01  3.7071158e-04
 1.6336380e-01  3.6864415e-04
 1.1523061e-01  4.6036474e-04
 1.1608989e-01  4.5927728e-04
 1.1523071e-01  4.6058659e-04
 1.1608995e-01  4.5931373e-04
 1.6213675e-01  3.5339036e-04
 1.6336371e-01  3.5070839e-04
 7.5314932e-02  4.6958891e-04
 7.5833746e-02  4.6857853e-04
 4.4558095e-02  5.5912132e-04
 4.4796414e-02  5.5814693e-04
 2.5034146e-02  5.9438497e-04
 2.5113354e-02  5.9404667e-04
 1.8301462e-02  6.0642043e-04
 1.8381865e-02  6.0609690e-04
 9.2808950e-03  6.2146716e-04
 9.2809367e-03  6.2147431e-04
 2.5041280e-02  5.6236005e-04
 2.5119956e-02  5.6205091e-04
 5.2885379e-02  5.2487336e-04
 5.3105767e-02  5.2392364e-04
 1.6980970e-01  3.2767013e-04
 1.7066014e-01  3.2449229e-04
 9.0742733e-02  4.9358509e-04
 9.1146525e-02  4.9283496e-04
 1.2026631e-01  4.5970782e-04
 1.2089687e-01  4.5816379e-04
 1.3633983e-01  4.2835287e-04
 1.3694973e-01  4.2652930e-04
 7.7025248e-02  4.6104248e-04
 7.7442854e-02  4.6058165e-04
 4.2285588e-02  5.6508926e-04
 4.2512601e-02  5.6419174e-04
 1.8301513e-02  6.0705174e-04
 1.8381869e-02  6.0676078e-04
 6.9634250e-03  6.2742125e-04
 6.9635602e-03  6.2741821e-04
