E(eV) ImSigma(eV) N_States
 1.4299998e+00  6.3977189e-04 2
 1.4372383e+00  6.2522191e-04 16
 1.4390480e+00  6.2010189e-04 12
 1.4480962e+00  5.9690159e-04 24
 1.4553348e+00  5.8063103e-04 48
 1.4571444e+00  5.7764119e-04 16
 1.4661926e+00  5.5631646e-04 12
 1.4725264e+00  5.5327800e-04 48
 1.4743360e+00  5.4503683e-04 24
 1.4752408e+00  5.4407234e-04 24
 1.4824794e+00  5.3576115e-04 24
 1.4833842e+00  5.3496623e-04 24
 1.4888131e+00  5.2543193e-04 16
 1.4897180e+00  5.1687080e-04 48
 1.4987662e+00  5.0560578e-04 12
 1.4996710e+00  5.0412608e-04 12
 1.5050999e+00  4.9659626e-04 48
 1.5060047e+00  4.9524043e-04 48
 1.5069096e+00  4.9881078e-04 24
 1.5078144e+00  4.9771675e-04 24
 1.5087192e+00  4.7697812e-04 12
 1.5159578e+00  4.7559385e-04 48
 1.5204819e+00  4.8476889e-04 24
 1.5213867e+00  4.8388095e-04 24
 1.5231963e+00  4.7249981e-04 24
 1.5241012e+00  4.7141985e-04 24
 1.5304349e+00  4.8054081e-04 16
 1.5358638e+00  4.5792020e-04 24
 1.5367687e+00  4.5685189e-04 24
 1.5376735e+00  4.4742859e-04 48
 1.5385783e+00  4.4353687e-04 36
 1.5394831e+00  4.5481410e-04 12
 1.5449120e+00  4.4988006e-04 48
 1.5458169e+00  4.4861771e-04 48
 1.5503410e+00  4.5284387e-04 24
 1.5512458e+00  4.5137046e-04 24
 1.5521506e+00  4.3409735e-04 48
 1.5530554e+00  4.3298405e-04 48
 1.5630085e+00  4.0352465e-04 12
 1.5657229e+00  4.2267554e-04 24
 1.5666278e+00  4.2767400e-04 72
 1.5693422e+00  4.0094206e-04 24
 1.5702470e+00  3.9936957e-04 24
 1.5738663e+00  4.0259930e-04 12
 1.5747711e+00  4.0175105e-04 12
 1.5756760e+00  3.9415614e-04 24
 1.5765808e+00  3.9359736e-04 24
 1.5783904e+00  4.1087397e-04 16
 1.5792952e+00  3.9880142e-04 48
 1.5802001e+00  3.9981056e-04 48
 1.5811049e+00  4.0038275e-04 24
 1.5820097e+00  4.0319150e-04 24
 1.5892483e+00  3.7672706e-04 24
 1.5901531e+00  3.7636081e-04 24
 1.5919627e+00  3.5680284e-04 48
 1.5937724e+00  3.5499989e-04 48
 1.5955820e+00  3.4303880e-04 48
 1.5964868e+00  3.3846667e-04 72
 1.5973917e+00  3.3090052e-04 24
 1.6001061e+00  3.1479450e-04 24
 1.6010110e+00  3.1202089e-04 24
 1.6091543e+00  2.8656806e-04 48
 1.6100592e+00  2.8515071e-04 48
