E(eV) ImSigma(eV) N_States
 1.4299998e+00  9.1686097e-04 2
 1.4372383e+00  1.4722724e-03 16
 1.4390480e+00  1.3096938e-03 12
 1.4480962e+00  8.5521663e-04 24
 1.4553348e+00  1.0549099e-03 48
 1.4571444e+00  1.0057674e-03 16
 1.4661926e+00  3.5840627e-04 12
 1.4725264e+00  8.9533867e-04 48
 1.4743360e+00  8.3499045e-04 24
 1.4752408e+00  8.3324012e-04 24
 1.4824794e+00  5.4205031e-04 24
 1.4833842e+00  5.4437409e-04 24
 1.4888131e+00  4.8874945e-04 16
 1.4897180e+00  5.3843235e-04 48
 1.4987662e+00  6.2204408e-04 12
 1.4996710e+00  6.3809919e-04 12
 1.5050999e+00  7.6743080e-04 48
 1.5060047e+00  7.7376817e-04 48
 1.5069096e+00  7.7824326e-04 24
 1.5078144e+00  7.8149156e-04 24
 1.5087192e+00  4.0602332e-04 12
 1.5159578e+00  3.6539670e-04 48
 1.5204819e+00  4.3401590e-04 24
 1.5213867e+00  4.3571113e-04 24
 1.5231963e+00  4.0316616e-04 24
 1.5241012e+00  3.9197447e-04 24
 1.5304349e+00  2.2492897e-04 16
 1.5358638e+00  7.6612419e-04 24
 1.5367687e+00  7.7432919e-04 24
 1.5376735e+00  5.9183136e-04 48
 1.5385783e+00  5.5119596e-04 36
 1.5394831e+00  7.2503119e-04 12
 1.5449120e+00  5.5211981e-04 48
 1.5458169e+00  5.6473081e-04 48
 1.5503410e+00  5.1563162e-04 24
 1.5512458e+00  5.2080716e-04 24
 1.5521506e+00  4.1128031e-04 48
 1.5530554e+00  4.0413066e-04 48
 1.5630085e+00  2.9955276e-04 12
 1.5657229e+00  3.6792962e-04 24
 1.5666278e+00  3.9047511e-04 72
 1.5693422e+00  3.5448319e-04 24
 1.5702470e+00  3.4538348e-04 24
 1.5738663e+00  7.3366371e-04 12
 1.5747711e+00  7.4939515e-04 12
 1.5756760e+00  2.8366268e-04 24
 1.5765808e+00  2.6844971e-04 24
 1.5783904e+00  1.9086176e-04 16
 1.5792952e+00  7.1751733e-04 48
 1.5802001e+00  7.0896441e-04 48
 1.5811049e+00  7.1615026e-04 24
 1.5820097e+00  7.0477341e-04 24
 1.5892483e+00  3.0733966e-04 24
 1.5901531e+00  3.2382264e-04 24
 1.5919627e+00  4.8038533e-04 48
 1.5937724e+00  4.9518199e-04 48
 1.5955820e+00  4.4194498e-04 48
 1.5964868e+00  4.4560640e-04 72
 1.5973917e+00  4.6257263e-04 24
 1.6001061e+00  3.1495900e-04 24
 1.6010110e+00  3.2003122e-04 24
 1.6091543e+00  2.3049065e-04 48
 1.6100592e+00  2.2519525e-04 48
