0.000000000000000000e+00 -9.908894089627349617e-11 -9.908894089627349617e-11
1.000000020216089136e-01 -9.898715016494429410e-11 -9.882999588646089878e-11
2.000000040432176052e-01 -9.880280018147980568e-11 -9.857172756687730115e-11
3.000000060648267408e-01 -9.857551422119479622e-11 -9.831413416915626667e-11
4.000000080864356544e-01 -9.832657628808480168e-11 -9.805721392955254542e-11
5.000000101080446235e-01 -9.806737238186199607e-11 -9.780096508893001537e-11
6.000000121296534816e-01 -9.780393331234139897e-11 -9.754538589274963661e-11
7.000000141512624507e-01 -9.753938807650629888e-11 -9.729047459105741842e-11
8.000000161728713088e-01 -9.727529828898680337e-11 -9.703622943847247691e-11
9.000000181944802780e-01 -9.701238696362329576e-11 -9.678264869417502790e-11
1.000000020216089247e+00 -9.675093681716159360e-11 -9.652973062189452210e-11
1.100000022237695774e+00 -9.649100721196800537e-11 -9.627747348989772852e-11
1.200000024259304521e+00 -9.623255124942499745e-11 -9.602587557097688253e-11
1.300000026280913490e+00 -9.597547787529099520e-11 -9.577493514243784685e-11
1.400000028302522459e+00 -9.571968380896680435e-11 -9.552465048608833710e-11
1.500000030324131206e+00 -9.546506905723010414e-11 -9.527501988822617331e-11
1.600000032345740175e+00 -9.521154364387340048e-11 -9.502604163962749258e-11
1.700000034367349144e+00 -9.495902977219149625e-11 -9.477771403553507806e-11
1.800000036388957891e+00 -9.470746173049120236e-11 -9.453003537564671379e-11
1.900000038410566860e+00 -9.445678478635430645e-11 -9.428300396410346205e-11
2.000000040432175830e+00 -9.420695372337630454e-11 -9.403661810947813448e-11
2.100000042453785021e+00 -9.395793134779450471e-11 -9.379087612476369866e-11
2.200000044475393324e+00 -9.370968711528329502e-11 -9.354577632736165878e-11
2.300000046497002515e+00 -9.346219593454130199e-11 -9.330131703907061729e-11
2.400000048518611262e+00 -9.321543715694199703e-11 -9.305749658607474610e-11
2.500000050540210683e+00 -9.296939373936349502e-11 -9.281431329893234817e-11
2.600000052561836750e+00 -9.272405155862419656e-11 -9.257176551256428997e-11
2.700000054583438391e+00 -9.247939885408109636e-11 -9.232985156624295079e-11
2.800000056605039589e+00 -9.223542577632240622e-11 -9.208856980358043548e-11
2.900000058626665655e+00 -9.199212402256139835e-11 -9.184791857251740748e-11
3.000000060648267297e+00 -9.174948654233800278e-11 -9.160789622531194776e-11
3.100000062669868939e+00 -9.150750729997510195e-11 -9.136850111852800007e-11
3.200000064691495005e+00 -9.126618108275930168e-11 -9.112973161302413948e-11
3.300000066713096647e+00 -9.102550334594659381e-11 -9.089158607394268971e-11
3.400000068734698289e+00 -9.078547008738270044e-11 -9.065406287069809091e-11
3.500000070756299486e+00 -9.054607774602970043e-11 -9.041716037696595248e-11
3.600000072777925997e+00 -9.030732311974730086e-11 -9.018087697067186025e-11
3.700000074799527194e+00 -9.006920329863409968e-11 -8.994521103398048098e-11
3.800000076821128836e+00 -8.983171561096090237e-11 -8.971016095328409812e-11
3.900000078842754458e+00 -8.959485757927960105e-11 -8.947572511919178096e-11
4.000000080864356988e+00 -8.935862688478540316e-11 -8.924190192651852785e-11
4.100000082885958186e+00 -8.912302133837260568e-11 -8.900868977427395710e-11
4.200000084907560272e+00 -8.888803885711779861e-11 -8.877608706565148901e-11
4.300000086929185450e+00 -8.865367744517469409e-11 -8.854409220801741160e-11
4.400000088950786648e+00 -8.841993517823980374e-11 -8.831270361290010135e-11
4.500000090972389621e+00 -8.818681019093639629e-11 -8.808191969597886925e-11
4.600000092994014800e+00 -8.795430066655540293e-11 -8.785173887707328498e-11
4.700000095015615997e+00 -8.772240482871859999e-11 -8.762215958013246231e-11
4.800000097037218083e+00 -8.749112093459929513e-11 -8.739318023322403437e-11
4.900000099058819281e+00 -8.726044726942130480e-11 -8.716479926852350368e-11
5.000000101080445347e+00 -8.703038214197380009e-11 -8.693701512230347590e-11
5.100000103102047433e+00 -8.680092388097849744e-11 -8.670982623492312615e-11
5.200000105123648630e+00 -8.657207083212289786e-11 -8.648323105081722601e-11
5.300000107145274697e+00 -8.634382135566500449e-11 -8.625722801848564861e-11
5.400000109166876783e+00 -8.611617382446720478e-11 -8.603181559048286087e-11
5.500000111188477980e+00 -8.588912662241250397e-11 -8.580699222340710556e-11
5.600000113210079178e+00 -8.566267814311029758e-11 -8.558275637788990639e-11
5.700000115231706133e+00 -8.543682678883959652e-11 -8.535910651858558613e-11
5.800000117253307330e+00 -8.521157096969120202e-11 -8.513604111416083633e-11
5.900000119274908528e+00 -8.498690910287319701e-11 -8.491355863728393819e-11
6.000000121296534594e+00 -8.476283961214559402e-11 -8.469165756461453904e-11
6.100000123318135792e+00 -8.453936092734730421e-11 -8.447033637679328682e-11
6.200000125339737878e+00 -8.431647148402139870e-11 -8.424959355843116714e-11
6.300000127361339963e+00 -8.409416972311020205e-11 -8.402942759809931865e-11
6.400000129382966030e+00 -8.387245409069529901e-11 -8.380983698831857694e-11
6.500000131404567227e+00 -8.365132303779059725e-11 -8.359082022554936746e-11
6.600000133426169313e+00 -8.343077502017680074e-11 -8.337237581018112015e-11
6.700000135447793603e+00 -8.321080849825679529e-11 -8.315450224652207189e-11
6.800000137469396577e+00 -8.299142193693909370e-11 -8.293719804278932739e-11
6.900000139490998663e+00 -8.277261380554719478e-11 -8.272046171109818340e-11
7.000000141512622953e+00 -8.255438257773089413e-11 -8.250429176745221546e-11
7.100000143534225927e+00 -8.233672673140330207e-11 -8.228868673173318369e-11
7.200000145555826236e+00 -8.211964474868980404e-11 -8.207364512769061555e-11
7.300000147577452303e+00 -8.190313511587310473e-11 -8.185916548293190544e-11
7.400000149599054389e+00 -8.168719632335480302e-11 -8.164524632891232397e-11
7.500000151620655586e+00 -8.147182686561840145e-11 -8.143188620092466525e-11
7.600000153642281653e+00 -8.125702524120549897e-11 -8.121908363808938535e-11
7.700000155663883739e+00 -8.104278995268329820e-11 -8.100683718334475369e-11
7.800000157685484936e+00 -8.082911950662240084e-11 -8.079514538343657790e-11
7.900000159707087022e+00 -8.061601241357409898e-11 -8.058400678890841981e-11
8.000000161728713977e+00 -8.040346718805940199e-11 -8.037341995409160469e-11
8.100000163750314286e+00 -8.019148234853870230e-11 -8.016338343709554062e-11
8.200000165771916372e+00 -7.998005641740850545e-11 -7.995389579979746922e-11
8.300000167793541550e+00 -7.976918792097369364e-11 -7.974495560783286261e-11
8.400000169815143636e+00 -7.955887538944840467e-11 -7.953656143058566525e-11
8.500000171836745722e+00 -7.934911735692979478e-11 -7.932871184117829023e-11
8.600000173858370900e+00 -7.913991236139170554e-11 -7.912140541646192572e-11
8.700000175879972986e+00 -7.893125894467309626e-11 -7.891464073700694492e-11
8.800000177901573295e+00 -7.872315565246090582e-11 -7.870841638709295394e-11
8.900000179923200250e+00 -7.851560103428689909e-11 -7.850273095469915006e-11
9.000000181944802335e+00 -7.830859364350710367e-11 -7.829758303149489959e-11
9.100000183966402645e+00 -7.810213203729639452e-11 -7.809297121282973416e-11
9.200000185988029600e+00 -7.789621477663920103e-11 -7.788889409772388983e-11
9.300000188009631685e+00 -7.769084042631690548e-11 -7.768535028885888501e-11
9.400000190031231995e+00 -7.748600755489100217e-11 -7.748233839256765890e-11
9.500000192052858949e+00 -7.728171473470659996e-11 -7.727985701882512353e-11
9.600000194074459259e+00 -7.707796054186930005e-11 -7.707790478123887093e-11
9.700000196096061345e+00 -7.687474355624139608e-11 -7.687648029703933740e-11
9.800000198117663430e+00 -7.667206236142870387e-11 -7.667558218707051067e-11
9.900000200139288609e+00 -7.646991554477500382e-11 -7.647520907578046905e-11
1.000000020216089069e+01 -7.626830169734610474e-11 -7.627535959121208851e-11
1.010000020418249278e+01 -7.606721941392900372e-11 -7.607603236499336215e-11
1.020000020620411796e+01 -7.586666729301070262e-11 -7.587722603232823652e-11
1.030000020822572004e+01 -7.566664393677329662e-11 -7.567893923198731883e-11
1.040000021024732213e+01 -7.546714795108709831e-11 -7.548117060629833848e-11
1.050000021226894731e+01 -7.526817794549810073e-11 -7.528391880113697054e-11
1.060000021429054939e+01 -7.506973253321989943e-11 -7.508718246591772384e-11
1.070000021631215148e+01 -7.487181033111770463e-11 -7.489096025358435085e-11
1.080000021833377666e+01 -7.467440995970809565e-11 -7.469525082060087790e-11
1.090000022035537874e+01 -7.447753004314389899e-11 -7.450005282694242871e-11
1.100000022237698083e+01 -7.428116920920409418e-11 -7.430536493608582809e-11
1.110000022439860601e+01 -7.408532608928879897e-11 -7.411118581500058051e-11
1.120000022642020632e+01 -7.388999931840440592e-11 -7.391751413413987452e-11
1.130000022844181018e+01 -7.369518753515679698e-11 -7.372434856743125112e-11
1.140000023046343536e+01 -7.350088938173910375e-11 -7.353168779226756937e-11
1.150000023248503567e+01 -7.330710350392890285e-11 -7.333953048949816593e-11
1.160000023450663775e+01 -7.311382855107129749e-11 -7.314787534341952343e-11
1.170000023652823984e+01 -7.292106317607210614e-11 -7.295672104176644285e-11
1.180000023854986502e+01 -7.272880603539099953e-11 -7.276606627570294461e-11
1.190000024057146710e+01 -7.253705578902949360e-11 -7.257590973981354434e-11
1.200000024259306919e+01 -7.234581110052209608e-11 -7.238625013209399881e-11
1.210000024461469437e+01 -7.215507063692809932e-11 -7.219708615394251717e-11
1.220000024663629645e+01 -7.196483306881829367e-11 -7.200841651015106258e-11
1.230000024865789854e+01 -7.177509707027030173e-11 -7.182023990889614985e-11
1.240000025067952372e+01 -7.158586131885830313e-11 -7.163255506173018590e-11
1.250000025270112580e+01 -7.139712449564419411e-11 -7.144536068357270681e-11
1.260000025472272789e+01 -7.120888528516189688e-11 -7.125865549270143391e-11
1.270000025674435307e+01 -7.102114237542090103e-11 -7.107243821074351085e-11
1.280000025876595515e+01 -7.083389445788489900e-11 -7.088670756266694748e-11
1.290000026078755546e+01 -7.064714022747029972e-11 -7.070146227677162420e-11
1.300000026280918242e+01 -7.046087838253260597e-11 -7.051670108468064539e-11
1.310000026483078450e+01 -7.027510762486169693e-11 -7.033242272133192541e-11
1.320000026685238659e+01 -7.008982665966599534e-11 -7.014862592496912837e-11
1.330000026887401177e+01 -6.990503419557350154e-11 -6.996530943713321543e-11
1.340000027089561385e+01 -6.972072894461380226e-11 -6.978247200265399200e-11
1.350000027291721416e+01 -6.953690962221410274e-11 -6.960011236964116386e-11
1.360000027493883934e+01 -6.935357494718569460e-11 -6.941822928947600074e-11
1.370000027696044320e+01 -6.917072364171890224e-11 -6.923682151680284480e-11
1.380000027898204529e+01 -6.898835443137340228e-11 -6.905588780952033474e-11
1.390000028100364560e+01 -6.880646604507110203e-11 -6.887542692877309523e-11
1.400000028302527255e+01 -6.862505721508210327e-11 -6.869543763894315492e-11
1.410000028504687286e+01 -6.844412667701989427e-11 -6.851591870764166170e-11
1.420000028706847672e+01 -6.826367316983139778e-11 -6.833686890570018437e-11
1.430000028909010013e+01 -6.808369543579239566e-11 -6.815828700716242794e-11
1.440000029111170399e+01 -6.790419222048880104e-11 -6.798017178927596176e-11
1.450000029313330430e+01 -6.772516227281779564e-11 -6.780252203248361177e-11
1.460000029515493125e+01 -6.754660434497539625e-11 -6.762533652041520153e-11
1.470000029717653156e+01 -6.736851719244110017e-11 -6.744861403987935799e-11
1.480000029919813187e+01 -6.719089957398720392e-11 -6.727235338085501999e-11
1.490000030121975882e+01 -6.701375025164889552e-11 -6.709655333648316642e-11
1.500000030324136269e+01 -6.683706799072849373e-11 -6.692121270305875123e-11
1.510000030526296300e+01 -6.666085155978540561e-11 -6.674633028002223775e-11
1.520000030728458995e+01 -6.648509973062430042e-11 -6.657190486995139147e-11
1.530000030930619026e+01 -6.630981127828859555e-11 -6.639793527855331851e-11
1.540000031132779057e+01 -6.613498498105169358e-11 -6.622442031465599985e-11
1.550000031334941752e+01 -6.596061962040639695e-11 -6.605135879020025224e-11
