#time(au), s(t), s(t) without exp(iwt)
 0.00000000000000e+01 -1.97416305905878e-17 -1.97416305905878e-17
 4.13413741709430e+03  2.71933965506084e-16  1.42610274580601e-16
 8.26827483418859e+03  8.12667603523019e-16  6.05532612888334e-16
 1.24024122512829e+04  1.47604877026977e-15  1.48268317208177e-15
 1.65365496683772e+04  2.19294231100010e-15  2.77743284110172e-15
 2.06706870854715e+04  2.92666761360992e-15  4.45058713498627e-15
 2.48048245025658e+04  3.65866075522206e-15  6.44945204771498e-15
 2.89389619196601e+04  4.38029974227330e-15  8.71933750685320e-15
 3.30730993367544e+04  5.08828062828843e-15  1.12075091440962e-14
 3.72072367538487e+04  5.78202904312703e-15  1.38642438987439e-14
 4.13413741709430e+04  6.46227229979924e-15  1.66430370314276e-14
 4.54755115880372e+04  7.13026911582392e-15  1.95007628518314e-14
 4.96096490051315e+04  7.78740885825463e-15  2.23980178924681e-14
 5.37437864222258e+04  8.43501587106731e-15  2.52996289248051e-14
 5.78779238393201e+04  9.07426545641558e-15  2.81752190608070e-14
 6.20120612564144e+04  9.70615872977005e-15  3.09997098628154e-14
 6.61461986735087e+04  1.03315268813276e-14  3.37536554706429e-14
 7.02803360906030e+04  1.09510485974551e-14  3.64233362318513e-14
 7.44144735076973e+04  1.15652720056881e-14  3.90005745326518e-14
 7.85486109247916e+04  1.21746366827388e-14  4.14822691249011e-14
 8.26827483418859e+04  1.27794937024372e-14  4.38696737961625e-14
 8.68168857589802e+04  1.33801229322472e-14  4.61674699710815e-14
 9.09510231760745e+04  1.39767474723928e-14  4.83827001600160e-14
 9.50851605931688e+04  1.45695454539757e-14  5.05236396926676e-14
 9.92192980102631e+04  1.51586595379277e-14  5.25986879250615e-14
 1.03353435427357e+05  1.57442044733111e-14  5.46153574470577e-14
 1.07487572844452e+05  1.63262730923800e-14  5.65794314205379e-14
 1.11621710261546e+05  1.69049410137582e-14  5.84943457744380e-14
 1.15755847678640e+05  1.74802703486614e-14  6.03608359000302e-14
 1.19889985095735e+05  1.80523125959516e-14  6.21768677193585e-14
 1.24024122512829e+05  1.86211109143339e-14  6.39378521540490e-14
 1.28158259929923e+05  1.91867019010957e-14  6.56371213316806e-14
 1.32292397347018e+05  1.97491169878890e-14  6.72666258043657e-14
 1.36426534764112e+05  2.03083835278927e-14  6.88177958193649e-14
 1.40560672181206e+05  2.08645256577310e-14  7.02824974021902e-14
 1.44694809598300e+05  2.14175649697829e-14  7.16540064033885e-14
 1.48828947015395e+05  2.19675210448130e-14  7.29279213621977e-14
 1.52963084432489e+05  2.25144118664339e-14  7.41029391194387e-14
 1.57097221849583e+05  2.30582541526796e-14  7.51814255091316e-14
 1.61231359266678e+05  2.35990636129542e-14  7.61697265718472e-14
 1.65365496683772e+05  2.41368551550364e-14  7.70781828627557e-14
 1.69499634100866e+05  2.46716430471543e-14  7.79208294117316e-14
 1.73633771517960e+05  2.52034410386122e-14  7.87147855409522e-14
 1.77767908935055e+05  2.57322624708332e-14  7.94793606821244e-14
 1.81902046352149e+05  2.62581203499456e-14  8.02349230391183e-14
 1.86036183769243e+05  2.67810274100236e-14  8.10015962543982e-14
 1.90170321186338e+05  2.73009961654761e-14  8.17978637419369e-14
 1.94304458603432e+05  2.78180389460458e-14  8.26391701489761e-14
 1.98438596020526e+05  2.83321679320703e-14  8.35366137777286e-14
 2.02572733437620e+05  2.88433951726888e-14  8.44958222631147e-14
 2.06706870854715e+05  2.93517326102081e-14  8.55160964297910e-14
 2.10841008271809e+05  2.98571920904143e-14  8.65898942269689e-14
 2.14975145688903e+05  3.03597853809640e-14  8.77027087664352e-14
 2.19109283105998e+05  3.08595241751528e-14  8.88333725999056e-14
 2.23243420523092e+05  3.13564200982856e-14  8.99547958498788e-14
 2.27377557940186e+05  3.18504847180562e-14  9.10351199317009e-14
 2.31511695357280e+05  3.23417295447838e-14  9.20392429659090e-14
 2.35645832774375e+05  3.28301660395423e-14  9.29306491418070e-14
 2.39779970191469e+05  3.33158056112111e-14  9.36734536026572e-14
 2.43914107608563e+05  3.37986596226345e-14  9.42345583200702e-14
 2.48048245025658e+05  3.42787393921556e-14  9.45858038011928e-14
 2.52182382442752e+05  3.47560561934142e-14  9.47059971893635e-14
 2.56316519859846e+05  3.52306212558205e-14  9.45826997070167e-14
 2.60450657276940e+05  3.57024457691624e-14  9.42136654480999e-14
 2.64584794694035e+05  3.61715408788132e-14  9.36078388640968e-14
 2.68718932111129e+05  3.66379176917100e-14  9.27858392370607e-14
 2.72853069528223e+05  3.71015872733435e-14  9.17798857349910e-14
 2.76987206945318e+05  3.75625606486905e-14  9.06331451798132e-14
 2.81121344362412e+05  3.80208488035717e-14  8.93985146670099e-14
 2.85255481779506e+05  3.84764626850344e-14  8.81368811642211e-14
 2.89389619196601e+05  3.89294132002370e-14  8.69149284263200e-14
 2.93523756613695e+05  3.93797112163804e-14  8.58025864852180e-14
 2.97657894030789e+05  3.98273675634121e-14  8.48702391226015e-14
 3.01792031447884e+05  4.02723930310284e-14  8.41858190224727e-14
 3.05926168864978e+05  4.07147983715119e-14  8.38119278719613e-14
 3.10060306282072e+05  4.11545942983681e-14  8.38031190465042e-14
 3.14194443699167e+05  4.15917914872919e-14  8.42034736580374e-14
 3.18328581116261e+05  4.20264005741843e-14  8.50445869577573e-14
 3.22462718533355e+05  4.24584321600658e-14  8.63440621418191e-14
 3.26596855950449e+05  4.28878968044945e-14  8.81045834780437e-14
 3.30730993367544e+05  4.33148050312776e-14  9.03136118852859e-14
 3.34865130784638e+05  4.37391673272024e-14  9.29437149720703e-14
 3.38999268201732e+05  4.41609941402695e-14  9.59535120090996e-14
 3.43133405618827e+05  4.45802958809939e-14  9.92891839107536e-14
 3.47267543035921e+05  4.49970829250886e-14  1.02886470737424e-13
 3.51401680453015e+05  4.54113656064454e-14  1.06673055972752e-13
 3.55535817870110e+05  4.58231542279877e-14  1.10571219164629e-13
 3.59669955287204e+05  4.62324590507061e-14  1.14500627196597e-13
 3.63804092704298e+05  4.66392903020505e-14  1.18381130318063e-13
 3.67938230121393e+05  4.70436581703079e-14  1.22135431916398e-13
 3.72072367538487e+05  4.74455728081734e-14  1.25691510973237e-13
 3.76206504955581e+05  4.78450443346907e-14  1.28984692279041e-13
 3.80340642372676e+05  4.82420828276305e-14  1.31959281019934e-13
 3.84474779789770e+05  4.86366983327369e-14  1.34569703971455e-13
 3.88608917206864e+05  4.90289008593238e-14  1.36781127636583e-13
 3.92743054623959e+05  4.94187003770363e-14  1.38569552861595e-13
 3.96877192041053e+05  4.98061068231344e-14  1.39921413904202e-13
 4.01011329458147e+05  5.01911301000777e-14  1.40832736072565e-13
 4.05145466875241e+05  5.05737800716266e-14  1.41307928517095e-13
 4.09279604292336e+05  5.09540665679989e-14  1.41358306259799e-13
 4.13413741709430e+05  5.13319993846052e-14  1.41000447113151e-13
 4.17547879126524e+05  5.17075882800633e-14  1.40254494342324e-13
 4.21682016543619e+05  5.20808429777845e-14  1.39142514424268e-13
 4.25816153960713e+05  5.24517731677392e-14  1.37687011321284e-13
 4.29950291377807e+05  5.28203885045122e-14  1.35909684846434e-13
 4.34084428794902e+05  5.31866986082512e-14  1.33830501890993e-13
 4.38218566211996e+05  5.35507130646011e-14  1.31467126642243e-13
 4.42352703629090e+05  5.39124414232109e-14  1.28834730893806e-13
 4.46486841046185e+05  5.42718932008951e-14  1.25946179621615e-13
 4.50620978463279e+05  5.46290778806143e-14  1.22812561758295e-13
 4.54755115880373e+05  5.49840049077599e-14  1.19444013057026e-13
 4.58889253297468e+05  5.53366836988758e-14  1.15850758467897e-13
 4.63023390714562e+05  5.56871236319216e-14  1.12044286658090e-13
 4.67157528131656e+05  5.60353340540776e-14  1.08038560203125e-13
 4.71291665548751e+05  5.63813242765198e-14  1.03851161869048e-13
 4.75425802965845e+05  5.67251035779086e-14  9.95042807081367e-14
 4.79559940382939e+05  5.70666812053210e-14  9.50254509990201e-14
 4.83694077800033e+05  5.74060663699115e-14  9.04479719280994e-14
 4.87828215217128e+05  5.77432682496515e-14  8.58109554212360e-14
 4.91962352634222e+05  5.80782959918139e-14  8.11589724799079e-14
 4.96096490051316e+05  5.84111587079722e-14  7.65412934434957e-14
 5.00230627468411e+05  5.87418654771851e-14  7.20107433152960e-14
 5.04364764885505e+05  5.90704253465393e-14  6.76222180256348e-14
 5.08498902302599e+05  5.93968473303332e-14  6.34309299133921e-14
 5.12633039719694e+05  5.97211404101072e-14  5.94904693627418e-14
 5.16767177136788e+05  6.00433135346345e-14  5.58507833493517e-14
 5.20901314553882e+05  6.03633756211411e-14  5.25561797828944e-14
 5.25035451970977e+05  6.06813355532609e-14  4.96434684400025e-14
 5.29169589388071e+05  6.09972021851496e-14  4.71403448723887e-14
 5.33303726805165e+05  6.13109843361165e-14  4.50641130534489e-14
 5.37437864222260e+05  6.16226907929664e-14  4.34208263812954e-14
 5.41572001639354e+05  6.19323303135087e-14  4.22049057386317e-14
 5.45706139056448e+05  6.22399116219100e-14  4.13992688636824e-14
 5.49840276473543e+05  6.25454434120568e-14  4.09759786563188e-14
 5.53974413890637e+05  6.28489343449507e-14  4.08973906434121e-14
 5.58108551307731e+05  6.31503930508093e-14  4.11177532691587e-14
 5.62242688724826e+05  6.34498281283786e-14  4.15851903699839e-14
 5.66376826141920e+05  6.37472481453501e-14  4.22439745232314e-14
 5.70510963559014e+05  6.40426616397282e-14  4.30369840560568e-14
 5.74645100976108e+05  6.43360771157128e-14  4.39082262333137e-14
 5.78779238393203e+05  6.46275030476578e-14  4.48053051160506e-14
 5.82913375810297e+05  6.49169478815534e-14  4.56817149224908e-14
 5.87047513227391e+05  6.52044200287925e-14  4.64988483724267e-14
 5.91181650644486e+05  6.54899278728160e-14  4.72276239728345e-14
 5.95315788061580e+05  6.57734797647719e-14  4.78496555501143e-14
 5.99449925478674e+05  6.60550840271541e-14  4.83579107376383e-14
 6.03584062895769e+05  6.63347489526303e-14  4.87568310244170e-14
 6.07718200312863e+05  6.66124828013272e-14  4.90619131752758e-14
 6.11852337729957e+05  6.68882938052957e-14  4.92987787355755e-14
 6.15986475147052e+05  6.71621901655193e-14  4.95017835201919e-14
 6.20120612564146e+05  6.74341800551941e-14  4.97122412036627e-14
 6.24254749981240e+05  6.77042716140949e-14  4.99763530882577e-14
 6.28388887398335e+05  6.79724729548676e-14  5.03429490764050e-14
 6.32523024815429e+05  6.82387921597778e-14  5.08611520470537e-14
 6.36657162232523e+05  6.85032372833298e-14  5.15780790947586e-14
 6.40791299649618e+05  6.87658163477315e-14  5.25366883344917e-14
 6.44925437066712e+05  6.90265373473129e-14  5.37738697088782e-14
 6.49059574483806e+05  6.92854082488189e-14  5.53188630041655e-14
 6.53193711900900e+05  6.95424369877163e-14  5.71920671225215e-14
 6.57327849317995e+05  6.97976314707375e-14  5.94042826713042e-14
 6.61461986735089e+05  7.00509995786192e-14  6.19564063465276e-14
 6.65596124152183e+05  7.03025491583419e-14  6.48395717848405e-14
 6.69730261569278e+05  7.05522880311895e-14  6.80357089077653e-14
 6.73864398986372e+05  7.08002239900875e-14  7.15184733210961e-14
 6.77998536403466e+05  7.10463647993323e-14  7.52544803915187e-14
 6.82132673820561e+05  7.12907181942853e-14  7.92047658278987e-14
 6.86266811237655e+05  7.15332918816912e-14  8.33263866815684e-14
 6.90400948654749e+05  7.17740935399427e-14  8.75740738731940e-14
 6.94535086071844e+05  7.20131308226276e-14  9.19018496888959e-14
 6.98669223488938e+05  7.22504113514686e-14  9.62645308331188e-14
 7.02803360906032e+05  7.24859427192645e-14  1.00619049081082e-13
 7.06937498323127e+05  7.27197324952123e-14  1.04925536408171e-13
 7.11071635740221e+05  7.29517882195849e-14  1.09148138793368e-13
 7.15205773157315e+05  7.31821174020433e-14  1.13255541583579e-13
 7.19339910574410e+05  7.34107275276116e-14  1.17221208126799e-13
 7.23474047991504e+05  7.36376260529603e-14  1.21023351215165e-13
 7.27608185408598e+05  7.38628204082295e-14  1.24644672708343e-13
 7.31742322825692e+05  7.40863179949996e-14  1.28071919509872e-13
 7.35876460242787e+05  7.43081261887808e-14  1.31295313220524e-13
 7.40010597659881e+05  7.45282523359925e-14  1.34307915720490e-13
 7.44144735076975e+05  7.47467037598281e-14  1.37104993520593e-13
 7.48278872494070e+05  7.49634877530405e-14  1.39683439906649e-13
 7.52413009911164e+05  7.51786115835315e-14  1.42041306168399e-13
 7.56547147328258e+05  7.53920824906515e-14  1.44177481949033e-13
 7.60681284745353e+05  7.56039076901572e-14  1.46091550921062e-13
 7.64815422162447e+05  7.58140943700177e-14  1.47783832412924e-13
 7.68949559579541e+05  7.60226496883394e-14  1.49255603405386e-13
 7.73083696996636e+05  7.62295807821136e-14  1.50509479516714e-13
 7.77217834413730e+05  7.64348947584239e-14  1.51549919225502e-13
 7.81351971830824e+05  7.66385987006163e-14  1.52383803747252e-13
 7.85486109247919e+05  7.68406996634436e-14  1.53021036242455e-13
 7.89620246665013e+05  7.70412046786805e-14  1.53475099256211e-13
 7.93754384082107e+05  7.72401207492231e-14  1.53763508614096e-13
 7.97888521499202e+05  7.74374548532064e-14  1.53908105731769e-13
 8.02022658916296e+05  7.76332139441125e-14  1.53935138085443e-13
 8.06156796333390e+05  7.78274049474314e-14  1.53875089178020e-13
 8.10290933750484e+05  7.80200347661800e-14  1.53762233976993e-13
 8.14425071167579e+05  7.82111102762656e-14  1.53633912642630e-13
 8.18559208584673e+05  7.84006383280451e-14  1.53529533490286e-13
 8.22693346001767e+05  7.85886257468162e-14  1.53489334333805e-13
 8.26827483418862e+05  7.87750793310486e-14  1.53552948623499e-13
 8.30961620835956e+05  7.89600058590382e-14  1.53757838021592e-13
 8.35095758253050e+05  7.91434120769170e-14  1.54137665201197e-13
 8.39229895670145e+05  7.93253047110717e-14  1.54720689106425e-13
 8.43364033087239e+05  7.95056904630116e-14  1.55528268765647e-13
 8.47498170504333e+05  7.96845760063160e-14  1.56573560968200e-13
 8.51632307921428e+05  7.98619679910763e-14  1.57860491407669e-13
 8.55766445338522e+05  8.00378730447606e-14  1.59383068492904e-13
 8.59900582755616e+05  8.02122977659973e-14  1.61125094435659e-13
 8.64034720172711e+05  8.03852487351498e-14  1.63060310155529e-13
 8.68168857589805e+05  8.05567325022499e-14  1.65152989744094e-13
 8.72302995006899e+05  8.07267555980321e-14  1.67358978091634e-13
 8.76437132423994e+05  8.08953245243018e-14  1.69627142567696e-13
 8.80571269841088e+05  8.10624457604914e-14  1.71901187968581e-13
 8.84705407258182e+05  8.12281257648274e-14  1.74121764150549e-13
 8.88839544675276e+05  8.13923709683025e-14  1.76228779155557e-13
 8.92973682092371e+05  8.15551877792014e-14  1.78163818069798e-13
 8.97107819509465e+05  8.17165825806528e-14  1.79872559992741e-13
 9.01241956926559e+05  8.18765617335862e-14  1.81307082956580e-13
 9.05376094343654e+05  8.20351315752199e-14  1.82427949482793e-13
 9.09510231760748e+05  8.21922984188405e-14  1.83205973743618e-13
 9.13644369177842e+05  8.23480685526048e-14  1.83623584556060e-13
 9.17778506594937e+05  8.25024482451223e-14  1.83675716108547e-13
 9.21912644012031e+05  8.26554437390041e-14  1.83370179501363e-13
 9.26046781429125e+05  8.28070612534491e-14  1.82727491919345e-13
 9.30180918846220e+05  8.29573069853071e-14  1.81780165221648e-13
 9.34315056263314e+05  8.31061871096254e-14  1.80571480855368e-13
 9.38449193680408e+05  8.32537077756188e-14  1.79153801870939e-13
 9.42583331097503e+05  8.33998751109928e-14  1.77586494378083e-13
 9.46717468514597e+05  8.35446952197356e-14  1.75933548822419e-13
 9.50851605931691e+05  8.36881741853271e-14  1.74261005244375e-13
 9.54985743348786e+05  8.38303180673688e-14  1.72634295354638e-13
 9.59119880765880e+05  8.39711329006956e-14  1.71115617603365e-13
 9.63254018182974e+05  8.41106247017412e-14  1.69761459118822e-13
 9.67388155600069e+05  8.42487994619849e-14  1.68620370667042e-13
 9.71522293017163e+05  8.43856631501951e-14  1.67731088128406e-13
 9.75656430434257e+05  8.45212217135147e-14  1.67121076874066e-13
 9.79790567851351e+05  8.46554810762480e-14  1.66805554944429e-13
 9.83924705268446e+05  8.47884471418535e-14  1.66787027995211e-13
 9.88058842685540e+05  8.49201257911190e-14  1.67055344799280e-13
 9.92192980102634e+05  8.50505228826010e-14  1.67588257881939e-13
 9.96327117519729e+05  8.51796442533601e-14  1.68352450821322e-13
 1.00046125493682e+06  8.53074957179936e-14  1.69304972988857e-13
 1.00459539235392e+06  8.54340830685672e-14  1.70395005050102e-13
 1.00872952977101e+06  8.55594120768243e-14  1.71565865219462e-13
 1.01286366718811e+06  8.56834884925460e-14  1.72757157631624e-13
 1.01699780460520e+06  8.58063180455424e-14  1.73906960669430e-13
 1.02113194202229e+06  8.59279064396721e-14  1.74953954696969e-13
 1.02526607943939e+06  8.60482593606237e-14  1.75839395311898e-13
 1.02940021685648e+06  8.61673824747328e-14  1.76508849358551e-13
 1.03353435427358e+06  8.62852814225104e-14  1.76913626105163e-13
 1.03766849169067e+06  8.64019618270709e-14  1.77011854170099e-13
 1.04180262910777e+06  8.65174292875910e-14  1.76769174979842e-13
 1.04593676652486e+06  8.66316893843664e-14  1.76159044860990e-13
 1.05007090394195e+06  8.67447476743628e-14  1.75162658928761e-13
 1.05420504135905e+06  8.68566096958115e-14  1.73768529855114e-13
 1.05833917877614e+06  8.69672809650110e-14  1.71971772179664e-13
 1.06247331619324e+06  8.70767669780903e-14  1.69773157339016e-13
 1.06660745361033e+06  8.71850732094369e-14  1.67178015132402e-13
 1.07074159102743e+06  8.72922051149550e-14  1.64195063569895e-13
 1.07487572844452e+06  8.73981681284091e-14  1.60835250524571e-13
 1.07900986586161e+06  8.75029676613267e-14  1.57110687464832e-13
 1.08314400327871e+06  8.76066091099161e-14  1.53033747814707e-13
 1.08727814069580e+06  8.77090978463594e-14  1.48616390735930e-13
 1.09141227811290e+06  8.78104392213322e-14  1.43869756008291e-13
 1.09554641552999e+06  8.79106385679795e-14  1.38804057913736e-13
 1.09968055294709e+06  8.80097011987411e-14  1.33428786672964e-13
 1.10381469036418e+06  8.81076324058378e-14  1.27753206086499e-13
 1.10794882778128e+06  8.82044374625026e-14  1.21787116551433e-13
 1.11208296519837e+06  8.83001216183867e-14  1.15541834725376e-13
 1.11621710261546e+06  8.83946901077935e-14  1.09031325738029e-13
 1.12035124003256e+06  8.84881481429874e-14  1.02273411735092e-13
 1.12448537744965e+06  8.85805009167993e-14  9.52909725777132e-14
 1.12861951486675e+06  8.86717536020738e-14  8.81130509409594e-14
 1.13275365228384e+06  8.87619113519117e-14  8.07757752942136e-14
 1.13688778970094e+06  8.88509793004975e-14  7.33230202137798e-14
 1.14102192711803e+06  8.89389625629475e-14  6.58067339884902e-14
 1.14515606453512e+06  8.90258662351740e-14  5.82868780575434e-14
 1.14929020195222e+06  8.91116953915025e-14  5.08309408319206e-14
 1.15342433936931e+06  8.91964550896307e-14  4.35130090068858e-14
 1.15755847678641e+06  8.92801503680201e-14  3.64124016362417e-14
 1.16169261420350e+06  8.93627862443849e-14  2.96118949624844e-14
 1.16582675162060e+06  8.94443677186779e-14  2.31955881125062e-14
 1.16996088903769e+06  8.95248997692390e-14  1.72464802194758e-14
 1.17409502645478e+06  8.96043873587874e-14  1.18438473317164e-14
 1.17822916387188e+06  8.96828354294332e-14  7.06052158556984e-15
 1.18236330128897e+06  8.97602489073162e-14  2.96018496204862e-15
 1.18649743870607e+06  8.98366326959400e-14 -4.05205230068463e-16
 1.19063157612316e+06  8.99119916809621e-14 -2.99774236109630e-15
 1.19476571354026e+06  8.99863307323031e-14 -4.79553699563171e-15
 1.19889985095735e+06  9.00596546970244e-14 -5.79422392927772e-15
 1.20303398837444e+06  9.01319684071996e-14 -6.00792552525578e-15
 1.20716812579154e+06  9.02032766750870e-14 -5.46960725824483e-15
 1.21130226320863e+06  9.02735842951773e-14 -4.23078472970049e-15
 1.21543640062573e+06  9.03428960415735e-14 -2.36056730947655e-15
 1.21957053804282e+06  9.04112166738731e-14  5.59492971169502e-17
 1.22370467545992e+06  9.04785509300981e-14  2.91990196266944e-15
 1.22783881287701e+06  9.05449035326128e-14  6.12142476789761e-15
 1.23197295029410e+06  9.06102791854124e-14  9.54286957801897e-15
 1.23610708771120e+06  9.06746825723631e-14  1.30623722311099e-14
 1.24024122512829e+06  9.07381183610772e-14  1.65576376465781e-14
 1.24437536254539e+06  9.08005912019207e-14  1.99098058831022e-14
 1.24850949996248e+06  9.08621057264969e-14  2.30072555549642e-14
 1.25264363737958e+06  9.09226665494990e-14  2.57492012745684e-14
 1.25677777479667e+06  9.09822782669197e-14  2.80489480904843e-14
 1.26091191221376e+06  9.10409454569646e-14  2.98366779375244e-14
 1.26504604963086e+06  9.10986726817471e-14  3.10616605245755e-14
 1.26918018704795e+06  9.11554644852508e-14  3.16938030831527e-14
 1.27331432446505e+06  9.12113253927556e-14  3.17244791432151e-14
 1.27744846188214e+06  9.12662599148974e-14  3.11666048441536e-14
 1.28158259929924e+06  9.13202725432181e-14  3.00539610582711e-14
 1.28571673671633e+06  9.13733677520491e-14  2.84397895383766e-14
 1.28985087413343e+06  9.14255499987220e-14  2.63947200563407e-14
 1.29398501155052e+06  9.14768237238536e-14  2.40041118629739e-14
 1.29811914896761e+06  9.15271933505013e-14  2.13649156369048e-14
 1.30225328638471e+06  9.15766632844541e-14  1.85821803476474e-14
 1.30638742380180e+06  9.16252379156268e-14  1.57653424104036e-14
 1.31052156121890e+06  9.16729216179026e-14  1.30244415242548e-14
 1.31465569863599e+06  9.17197187442666e-14  1.04664084312028e-14
 1.31878983605309e+06  9.17656336348165e-14  8.19156447854645e-15
 1.32292397347018e+06  9.18106706106557e-14  6.29046147661618e-15
 1.32705811088727e+06  9.18548339777991e-14  4.84117367341952e-15
 1.33119224830437e+06  9.18981280258506e-14  3.90713225464782e-15
 1.33532638572146e+06  9.19405570261010e-14  3.53556779980528e-15
 1.33946052313856e+06  9.19821252349005e-14  3.75659867025398e-15
 1.34359466055565e+06  9.20228368925093e-14  4.58297465162221e-15
 1.34772879797275e+06  9.20626962220309e-14  6.01045670132832e-15
 1.35186293538984e+06  9.21017074289232e-14  8.01878664902572e-15
 1.35599707280693e+06  9.21398747049606e-14  1.05731764151519e-14
 1.36013121022403e+06  9.21772022248220e-14  1.36262258932024e-14
 1.36426534764112e+06  9.22136941457475e-14  1.71201630241626e-14
 1.36839948505822e+06  9.22493546098438e-14  2.09892894360383e-14
 1.37253362247531e+06  9.22841877438143e-14  2.51625107801417e-14
 1.37666775989241e+06  9.23181976589216e-14  2.95658327319326e-14
 1.38080189730950e+06  9.23513884474249e-14  3.41247113220680e-14
 1.38493603472659e+06  9.23837641884967e-14  3.87661594100399e-14
 1.38907017214369e+06  9.24153289453319e-14  4.34205289319515e-14
 1.39320430956078e+06  9.24460867641906e-14  4.80229101350781e-14
 1.39733844697788e+06  9.24760416771841e-14  5.25141131409803e-14
 1.40147258439497e+06  9.25051976984633e-14  5.68412225624955e-14
 1.40560672181207e+06  9.25335588294618e-14  6.09577412455071e-14
 1.40974085922916e+06  9.25611290539394e-14  6.48233630152765e-14
 1.41387499664625e+06  9.25879123390351e-14  6.84034354609641e-14
 1.41800913406335e+06  9.26139126415394e-14  7.16681909779286e-14
 1.42214327148044e+06  9.26391338970379e-14  7.45918366278447e-14
 1.42627740889754e+06  9.26635800313067e-14  7.71516002577072e-14
 1.43041154631463e+06  9.26872549493574e-14  7.93268310777772e-14
 1.43454568373173e+06  9.27101625445557e-14  8.10982478273282e-14
 1.43867982114882e+06  9.27323066947284e-14  8.24474165703107e-14
 1.44281395856591e+06  9.27536912604206e-14  8.33565240263402e-14
 1.44694809598301e+06  9.27743200897399e-14  8.38084917016762e-14
 1.45108223340010e+06  9.27941970152324e-14  8.37874522046957e-14
 1.45521637081720e+06  9.28133258537488e-14  8.32795833137341e-14
 1.45935050823429e+06  9.28317104069336e-14  8.22742689944396e-14
 1.46348464565139e+06  9.28493544617344e-14  8.07655311871091e-14
 1.46761878306848e+06  9.28662617917696e-14  7.87536532705251e-14
 1.47175292048557e+06  9.28824361559497e-14  7.62468970431485e-14
 1.47588705790267e+06  9.28978812966012e-14  7.32632010261870e-14
 1.48002119531976e+06  9.29126009424149e-14  6.98317398989904e-14
 1.48415533273686e+06  9.29265988070292e-14  6.59942234844500e-14
 1.48828947015395e+06  9.29398785895238e-14  6.18058193454511e-14
 1.49242360757105e+06  9.29524439753003e-14  5.73355955702572e-14
 1.49655774498814e+06  9.29642986360500e-14  5.26663993383443e-14
 1.50069188240524e+06  9.29754462275789e-14  4.78941115562763e-14
 1.50482601982233e+06  9.29858903904699e-14  4.31262471313172e-14
 1.50896015723942e+06  9.29956347535415e-14  3.84799028741358e-14
 1.51309429465652e+06  9.30046829301040e-14  3.40790889991480e-14
 1.51722843207361e+06  9.30130385197421e-14  3.00515140381392e-14
 1.52136256949071e+06  9.30207051062130e-14  2.65249247954024e-14
 1.52549670690780e+06  9.30276862603338e-14  2.36231311583406e-14
 1.52963084432490e+06  9.30339855415119e-14  2.14618684403747e-14
 1.53376498174199e+06  9.30396064896166e-14  2.01446661805690e-14
 1.53789911915908e+06  9.30445526369306e-14  1.97589009208502e-14
 1.54203325657618e+06  9.30488274954175e-14  2.03722105873065e-14
 1.54616739399327e+06  9.30524345687598e-14  2.20294397530435e-14
 1.55030153141037e+06  9.30553773432614e-14  2.47502679997321e-14
 1.55443566882746e+06  9.30576592933146e-14  2.85276488651427e-14
 1.55856980624456e+06  9.30592838786394e-14  3.33271550874906e-14
 1.56270394366165e+06  9.30602545461257e-14  3.90872887000293e-14
 1.56683808107874e+06  9.30605747281981e-14  4.57207735116230e-14
 1.57097221849584e+06  9.30602478433338e-14  5.31168046348588e-14
 1.57510635591293e+06  9.30592773002490e-14  6.11441870234723e-14
 1.57924049333003e+06  9.30576664885848e-14  6.96552544805862e-14
 1.58337463074712e+06  9.30554187888155e-14  7.84904244689045e-14
 1.58750876816422e+06  9.30525375650760e-14  8.74832138461567e-14
 1.59164290558131e+06  9.30490261704082e-14  9.64655182541913e-14
 1.59577704299840e+06  9.30448879455562e-14  1.05272944185424e-13
 1.59991118041550e+06  9.30401262147716e-14  1.13749978741997e-13
 1.60404531783259e+06  9.30347442899232e-14  1.21754787977631e-13
 1.60817945524969e+06  9.30287454722824e-14  1.29163450284589e-13
 1.61231359266678e+06  9.30221330474803e-14  1.35873455938866e-13
 1.61644773008388e+06  9.30149102893830e-14  1.41806336500296e-13
 1.62058186750097e+06  9.30070804570458e-14  1.46909326685115e-13
 1.62471600491806e+06  9.29986467992122e-14  1.51156004837633e-13
 1.62885014233516e+06  9.29896125502276e-14  1.54545903994253e-13
 1.63298427975225e+06  9.29799809322466e-14  1.57103131672901e-13
 1.63711841716935e+06  9.29697551533615e-14  1.58874080529957e-13
 1.64125255458644e+06  9.29589384108993e-14  1.59924351888866e-13
 1.64538669200354e+06  9.29475338879934e-14  1.60335047808838e-13
 1.64952082942063e+06  9.29355447539374e-14  1.60198613275512e-13
 1.65365496683772e+06  9.29229741684834e-14  1.59614426955697e-13
 1.65778910425482e+06  9.29098252765203e-14  1.58684345979813e-13
 1.66192324167191e+06  9.28961012127369e-14  1.57508407206636e-13
 1.66605737908901e+06  9.28818050967360e-14  1.56180874451236e-13
 1.67019151650610e+06  9.28669400355908e-14  1.54786799142239e-13
 1.67432565392320e+06  9.28515091271868e-14  1.53399231866135e-13
 1.67845979134029e+06  9.28355154522115e-14  1.52077185944182e-13
 1.68259392875739e+06  9.28189620851066e-14  1.50864413544072e-13
 1.68672806617448e+06  9.28018520828071e-14  1.49789011796475e-13
 1.69086220359157e+06  9.27841884922030e-14  1.48863833553696e-13
 1.69499634100867e+06  9.27659743459453e-14  1.48087636654948e-13
 1.69913047842576e+06  9.27472126677903e-14  1.47446869278948e-13
 1.70326461584286e+06  9.27279064684021e-14  1.46917958813464e-13
 1.70739875325995e+06  9.27080587446323e-14  1.46469949309337e-13
 1.71153289067705e+06  9.26876724839507e-14  1.46067319046830e-13
 1.71566702809414e+06  9.26667506597213e-14  1.45672805632452e-13
 1.71980116551123e+06  9.26452962326815e-14  1.45250071556751e-13
 1.72393530292833e+06  9.26233121557258e-14  1.44766057767948e-13
 1.72806944034542e+06  9.26008013654674e-14  1.44192895674471e-13
 1.73220357776252e+06  9.25777667884729e-14  1.43509277844490e-13
 1.73633771517961e+06  9.25542113413645e-14  1.42701222583438e-13
 1.74047185259671e+06  9.25301379255774e-14  1.41762205778623e-13
 1.74460599001380e+06  9.25055494339234e-14  1.40692672625713e-13
 1.74874012743089e+06  9.24804487445600e-14  1.39498979853528e-13
 1.75287426484799e+06  9.24548387263000e-14  1.38191853856432e-13
 1.75700840226508e+06  9.24287222359192e-14  1.36784479595163e-13
 1.76114253968218e+06  9.24021021194311e-14  1.35290357761511e-13
 1.76527667709927e+06  9.23749812089427e-14  1.33721082128502e-13
 1.76941081451637e+06  9.23473623277701e-14  1.32084194513816e-13
 1.77354495193346e+06  9.23192482871236e-14  1.30381270968971e-13
 1.77767908935055e+06  9.22906418856006e-14  1.28606380007217e-13
 1.78181322676765e+06  9.22615459123766e-14  1.26745032476516e-13
 1.78594736418474e+06  9.22319631433424e-14  1.24773714351939e-13
 1.79008150160184e+06  9.22018963444302e-14  1.22660059822232e-13
 1.79421563901893e+06  9.21713482705475e-14  1.20363684425943e-13
 1.79834977643603e+06  9.21403216659079e-14  1.17837658844416e-13
 1.80248391385312e+06  9.21088192611475e-14  1.15030565397416e-13
 1.80661805127021e+06  9.20768437785804e-14  1.11889043553670e-13
 1.81075218868731e+06  9.20443979275391e-14  1.08360699781133e-13
 1.81488632610440e+06  9.20114844078131e-14  1.04397232752434e-13
 1.81902046352150e+06  9.19781059072763e-14  9.99576084740108e-14
 1.82315460093859e+06  9.19442651023375e-14  9.50111124848926e-14
 1.82728873835569e+06  9.19099646620080e-14  8.95401082428636e-14
 1.83142287577278e+06  9.18752072392645e-14  8.35423421285157e-14
 1.83555701318987e+06  9.18399954792139e-14  7.70326557385615e-14
 1.83969115060697e+06  9.18043320170075e-14  7.00439940295968e-14
 1.84382528802406e+06  9.17682194755297e-14  6.26276321949553e-14
 1.84795942544116e+06  9.17316604677106e-14  5.48525829377985e-14
 1.85209356285825e+06  9.16946575950132e-14  4.68041869961763e-14
 1.85622770027535e+06  9.16572134499988e-14  3.85819312528598e-14
 1.86036183769244e+06  9.16193306111176e-14  3.02965782161120e-14
 1.86449597510954e+06  9.15810116490720e-14  2.20667260679481e-14
 1.86863011252663e+06  9.15422591236484e-14  1.40149478529573e-14
 1.87276424994372e+06  9.15030755849841e-14  6.26368028642940e-15
 1.87689838736082e+06  9.14634635720806e-14 -1.06895418019225e-15
 1.88103252477791e+06  9.14234256132398e-14 -7.87320457063865e-15
 1.88516666219501e+06  9.13829642269055e-14 -1.40514461516792e-14
 1.88930079961210e+06  9.13420819208304e-14 -1.95214659769787e-14
 1.89343493702920e+06  9.13007811913858e-14 -2.42191357266801e-14
 1.89756907444629e+06  9.12590645266501e-14 -2.81003587672475e-14
 1.90170321186338e+06  9.12169344044531e-14 -3.11422141929494e-14
 1.90583734928048e+06  9.11743932917781e-14 -3.33432599259621e-14
 1.90997148669757e+06  9.11314436435706e-14 -3.47229976854363e-14
 1.91410562411467e+06  9.10880879085061e-14 -3.53205425641858e-14
 1.91823976153176e+06  9.10443285230989e-14 -3.51925770588523e-14
 1.92237389894886e+06  9.10001679131796e-14 -3.44107016305467e-14
 1.92650803636595e+06  9.09556084963275e-14 -3.30583197626470e-14
 1.93064217378304e+06  9.09106526801668e-14 -3.12272136222264e-14
 1.93477631120014e+06  9.08653028591099e-14 -2.90139760766621e-14
 1.93891044861723e+06  9.08195614207053e-14 -2.65164655703653e-14
 1.94304458603433e+06  9.07734307426107e-14 -2.38304424726413e-14
 1.94717872345142e+06  9.07269131919067e-14 -2.10465294363078e-14
 1.95131286086852e+06  9.06800111265239e-14 -1.82476152973142e-14
 1.95544699828561e+06  9.06327268948588e-14 -1.55067934265489e-14
 1.95958113570270e+06  9.05850628335036e-14 -1.28858930073959e-14
 1.96371527311980e+06  9.05370212718933e-14 -1.04346273219462e-14
 1.96784941053689e+06  9.04886045278791e-14 -8.19034886707330e-15
 1.97198354795399e+06  9.04398149119471e-14 -6.17836880179128e-15
 1.97611768537108e+06  9.03906547233392e-14 -4.41276980904911e-15
 1.98025182278818e+06  9.03411262520752e-14 -2.89761833109256e-15
 1.98438596020527e+06  9.02912317797324e-14 -1.62846561799310e-15
 1.98852009762236e+06  9.02409735764071e-14 -5.94017858564200e-16
 1.99265423503946e+06  9.01903539030901e-14  2.22145833431018e-16
 1.99678837245655e+06  9.01393750140637e-14  8.39922683435694e-16
 2.00092250987365e+06  9.00880391511826e-14  1.28120477050992e-15
 2.00505664729074e+06  9.00363485477481e-14  1.56864970116832e-15
 2.00919078470784e+06  8.99843054297272e-14  1.72476252302142e-15
 2.01332492212493e+06  8.99319120103526e-14  1.77132111425579e-15
 2.01745905954202e+06  8.98791704972266e-14  1.72914916506135e-15
 2.02159319695912e+06  8.98260830872327e-14  1.61821323012367e-15
 2.02572733437621e+06  8.97726519667324e-14  1.45799512650488e-15
 2.02986147179331e+06  8.97188793141190e-14  1.26806965282843e-15
 2.03399560921040e+06  8.96647673000750e-14  1.06880165971938e-15
 2.03812974662750e+06  8.96103180844104e-14  8.82066936895228e-16
 2.04226388404459e+06  8.95555338171364e-14  7.31898812798975e-16
 2.04639802146168e+06  8.95004166434963e-14  6.44966943536096e-16
 2.05053215887878e+06  8.94449686946111e-14  6.50806242342122e-16
 2.05466629629587e+06  8.93891920949168e-14  7.81731631307068e-16
 2.05880043371297e+06  8.93330889600592e-14  1.07239698718732e-15
 2.06293457113006e+06  8.92766613964594e-14  1.55898307182187e-15
 2.06706870854716e+06  8.92199115030507e-14  2.27802756490531e-15
 2.07120284596425e+06  8.91628413678482e-14  3.26493874201026e-15
 2.07533698338135e+06  8.91054530708870e-14  4.55226106125442e-15
 2.07947112079844e+06  8.90477486847057e-14  6.16778406744424e-15
 2.08360525821553e+06  8.89897302717053e-14  8.13260407856683e-15
 2.08773939563263e+06  8.89313998859161e-14  1.04592597574421e-14
 2.09187353304972e+06  8.88727595729248e-14  1.31500669482624e-14
 2.09600767046682e+06  8.88138113697035e-14  1.61957746142748e-14
 2.10014180788391e+06  8.87545573039591e-14  1.95746523157176e-14
 2.10427594530101e+06  8.86949993960013e-14  2.32521008681418e-14
 2.10841008271810e+06  8.86351396586006e-14  2.71808525458669e-14
 2.11254422013519e+06  8.85749800920489e-14  3.13017967710565e-14
 2.11667835755229e+06  8.85145226916238e-14  3.55454333506390e-14
 2.12081249496938e+06  8.84537694437463e-14  3.98339198132054e-14
 2.12494663238648e+06  8.83927223241169e-14  4.40836444507531e-14
 2.12908076980357e+06  8.83313833040967e-14  4.82082242315069e-14
 2.13321490722067e+06  8.82697543425229e-14  5.21217988033563e-14
 2.13734904463776e+06  8.82078373940782e-14  5.57424701977515e-14
 2.14148318205485e+06  8.81456344022001e-14  5.89957238002148e-14
 2.14561731947195e+06  8.80831473024549e-14  6.18176609003082e-14
 2.14975145688904e+06  8.80203780211020e-14  6.41578769901634e-14
 2.15388559430614e+06  8.79573284799032e-14  6.59818331107646e-14
 2.15801973172323e+06  8.78940005892163e-14  6.72725893073398e-14
 2.16215386914033e+06  8.78303962527165e-14  6.80317987579072e-14
 2.16628800655742e+06  8.77665173661655e-14  6.82798967408281e-14
 2.17042214397451e+06  8.77023658160649e-14  6.80554586117307e-14
 2.17455628139161e+06  8.76379434817688e-14  6.74137431378407e-14
 2.17869041880870e+06  8.75732522338429e-14  6.64244796234914e-14
 2.18282455622580e+06  8.75082939360771e-14  6.51689969625619e-14
 2.18695869364289e+06  8.74430704419683e-14  6.37368278009121e-14
 2.19109283105999e+06  8.73775836004833e-14  6.22219494571614e-14
 2.19522696847708e+06  8.73118352509152e-14  6.07188433862594e-14
 2.19936110589417e+06  8.72458272248045e-14  5.93185657039568e-14
 2.20349524331127e+06  8.71795613448752e-14  5.81050217715920e-14
 2.20762938072836e+06  8.71130394274503e-14  5.71516280577416e-14
 2.21176351814546e+06  8.70462632811843e-14  5.65185247958319e-14
 2.21589765556255e+06  8.69792347069151e-14  5.62504743922124e-14
 2.22003179297965e+06  8.69119554946707e-14  5.63755445529682e-14
 2.22416593039674e+06  8.68444274330071e-14  5.69046336625761e-14
 2.22830006781383e+06  8.67766522975023e-14  5.78318512003283e-14
 2.23243420523093e+06  8.67086318564620e-14  5.91357205570163e-14
 2.23656834264802e+06  8.66403678735671e-14  6.07811277648702e-14
 2.24070248006512e+06  8.65718621022198e-14  6.27219000080481e-14
 2.24483661748221e+06  8.65031162910048e-14  6.49038644984956e-14
 2.24897075489931e+06  8.64341321772719e-14  6.72682131664855e-14
 2.25310489231640e+06  8.63649114938808e-14  6.97549832325783e-14
 2.25723902973349e+06  8.62954559639565e-14  7.23064587868903e-14
 2.26137316715059e+06  8.62257673056375e-14  7.48703045252654e-14
 2.26550730456768e+06  8.61558472291631e-14  7.74022592905839e-14
 2.26964144198478e+06  8.60856974365803e-14  7.98682433112205e-14
 2.27377557940187e+06  8.60153196228856e-14  8.22457674630422e-14
 2.27790971681897e+06  8.59447154737450e-14  8.45245736499874e-14
 2.28204385423606e+06  8.58738866710000e-14  8.67064802217962e-14
 2.28617799165316e+06  8.58028348869018e-14  8.88044526467503e-14
 2.29031212907025e+06  8.57315617867568e-14  9.08409649193050e-14
 2.29444626648734e+06  8.56600690294083e-14  9.28457586895906e-14
 2.29858040390444e+06  8.55883582661528e-14  9.48531425817663e-14
 2.30271454132153e+06  8.55164311403455e-14  9.68990015118932e-14
 2.30684867873863e+06  8.54442892890623e-14  9.90177034163141e-14
 2.31098281615572e+06  8.53719343425277e-14  1.01239097587951e-13
 2.31511695357282e+06  8.52993679238098e-14  1.03585794344051e-13
 2.31925109098991e+06  8.52265916483416e-14  1.06070900164282e-13
 2.32338522840700e+06  8.51536071242051e-14  1.08696356560113e-13
 2.32751936582410e+06  8.50804159517890e-14  1.11451996158435e-13
 2.33165350324119e+06  8.50070197264625e-14  1.14315387723574e-13
 2.33578764065829e+06  8.49334200368125e-14  1.17252495410455e-13
 2.33992177807538e+06  8.48596184633924e-14  1.20219129098067e-13
 2.34405591549248e+06  8.47856165792633e-14  1.23163114898944e-13
 2.34819005290957e+06  8.47114159514201e-14  1.26027070652051e-13
 2.35232419032666e+06  8.46370181410873e-14  1.28751632950413e-13
 2.35645832774376e+06  8.45624246981722e-14  1.31278952290611e-13
 2.36059246516085e+06  8.44876371723077e-14  1.33556253108380e-13
 2.36472660257795e+06  8.44126571020474e-14  1.35539246927688e-13
 2.36886073999504e+06  8.43374860193771e-14  1.37195190467531e-13
 2.37299487741214e+06  8.42621254500435e-14  1.38505396014532e-13
 2.37712901482923e+06  8.41865769154200e-14  1.39467028194694e-13
 2.38126315224632e+06  8.41108419276944e-14  1.40094057997985e-13
 2.38539728966342e+06  8.40349219911423e-14  1.40417289673917e-13
 2.38953142708051e+06  8.39588186049348e-14  1.40483426465293e-13
 2.39366556449761e+06  8.38825332635540e-14  1.40353194410673e-13
 2.39779970191470e+06  8.38060674518211e-14  1.40098596668087e-13
 2.40193383933180e+06  8.37294226502154e-14  1.39799421061238e-13
 2.40606797674889e+06  8.36526003324195e-14  1.39539167923526e-13
 2.41020211416598e+06  8.35756019637115e-14  1.39400601386027e-13
 2.41433625158308e+06  8.34984290045417e-14  1.39461152822715e-13
 2.41847038900017e+06  8.34210829078973e-14  1.39788418702554e-13
 2.42260452641727e+06  8.33435651207910e-14  1.40435995726274e-13
 2.42673866383436e+06  8.32658770847612e-14  1.41439883575951e-13
 2.43087280125146e+06  8.31880202336589e-14  1.42815660423853e-13
 2.43500693866855e+06  8.31099959953879e-14  1.44556599734459e-13
 2.43914107608564e+06  8.30318057923836e-14  1.46632850648995e-13
 2.44327521350274e+06  8.29534510388240e-14  1.48991750799442e-13
 2.44740935091983e+06  8.28749331446249e-14  1.51559282523130e-13
 2.45154348833693e+06  8.27962535122916e-14  1.54242624182176e-13
 2.45567762575402e+06  8.27174135364897e-14  1.56933690847912e-13
 2.45981176317112e+06  8.26384146095431e-14  1.59513506043315e-13
 2.46394590058821e+06  8.25592581129437e-14  1.61857201368728e-13
 2.46808003800530e+06  8.24799454266752e-14  1.63839406255973e-13
 2.47221417542240e+06  8.24004779207804e-14  1.65339767501915e-13
 2.47634831283949e+06  8.23208569627510e-14  1.66248329201462e-13
 2.48048245025659e+06  8.22410839102119e-14  1.66470508494003e-13
 2.48461658767368e+06  8.21611601167103e-14  1.65931421289395e-13
 2.48875072509078e+06  8.20810869302497e-14  1.64579343653091e-13
 2.49288486250787e+06  8.20008656902287e-14  1.62388137425689e-13
 2.49701899992497e+06  8.19204977339206e-14  1.59358520570066e-13
 2.50115313734206e+06  8.18399843886798e-14  1.55518120973122e-13
 2.50528727475915e+06  8.17593269769400e-14  1.50920314030961e-13
 2.50942141217625e+06  8.16785268178073e-14  1.45641905873162e-13
 2.51355554959334e+06  8.15975852228710e-14  1.39779782450024e-13
 2.51768968701044e+06  8.15165034962372e-14  1.33446696747148e-13
 2.52182382442753e+06  8.14352829373543e-14  1.26766409316753e-13
 2.52595796184463e+06  8.13539248404211e-14  1.19868428898556e-13
 2.53009209926172e+06  8.12724304925572e-14  1.12882618467919e-13
 2.53422623667881e+06  8.11908011757081e-14  1.05933936595364e-13
 2.53836037409591e+06  8.11090381646207e-14  9.91375743228458e-14
 2.54249451151300e+06  8.10271427316334e-14  9.25947244347247e-14
 2.54662864893010e+06  8.09451161406518e-14  8.63891842056961e-14
 2.55076278634719e+06  8.08629596503376e-14  8.05849465627228e-14
 2.55489692376429e+06  8.07806745133570e-14  7.52248803924339e-14
 2.55903106118138e+06  8.06982619765339e-14  7.03305415853388e-14
 2.56316519859847e+06  8.06157232814734e-14  6.59030954199739e-14
 2.56729933601557e+06  8.05330596650499e-14  6.19252713953944e-14
 2.57143347343266e+06  8.04502723589182e-14  5.83642168069404e-14
 2.57556761084976e+06  8.03673625858616e-14  5.51750682027868e-14
 2.57970174826685e+06  8.02843315662339e-14  5.23050228928572e-14
 2.58383588568395e+06  8.02011805131688e-14  4.96976678077172e-14
 2.58797002310104e+06  8.01179106341216e-14  4.72973116984227e-14
 2.59210416051813e+06  8.00345231319149e-14  4.50530693249175e-14
 2.59623829793523e+06  7.99510192037497e-14  4.29224628497686e-14
 2.60037243535232e+06  7.98674000403343e-14  4.08743351337889e-14
 2.60450657276942e+06  7.97836668292025e-14  3.88909103946520e-14
 2.60864071018651e+06  7.96998207508063e-14  3.69688874648892e-14
 2.61277484760361e+06  7.96158629782450e-14  3.51195069653251e-14
 2.61690898502070e+06  7.95317946833421e-14  3.33675929500055e-14
 2.62104312243779e+06  7.94476170293812e-14  3.17496287271836e-14
 2.62517725985489e+06  7.93633311772754e-14  3.03109824403885e-14
 2.62931139727198e+06  7.92789382783063e-14  2.91024473636507e-14
 2.63344553468908e+06  7.91944394809271e-14  2.81763021969021e-14
 2.63757967210617e+06  7.91098359297113e-14  2.75821255110529e-14
 2.64171380952327e+06  7.90251287613616e-14  2.73626144410064e-14
 2.64584794694036e+06  7.89403191090553e-14  2.75496597773092e-14
 2.64998208435745e+06  7.88554080992108e-14  2.81609175677487e-14
 2.65411622177455e+06  7.87703968541875e-14  2.91970919570820e-14
 2.65825035919164e+06  7.86852864904848e-14  3.06401064461996e-14
 2.66238449660874e+06  7.86000781194390e-14  3.24522932137009e-14
 2.66651863402583e+06  7.85147728484718e-14  3.45766750058852e-14
 2.67065277144293e+06  7.84293717791365e-14  3.69383544782413e-14
 2.67478690886002e+06  7.83438760063946e-14  3.94469648629934e-14
 2.67892104627712e+06  7.82582866228205e-14  4.20000768413767e-14
 2.68305518369421e+06  7.81726047132865e-14  4.44874026165203e-14
 2.68718932111130e+06  7.80868313592283e-14  4.67955924644364e-14
 2.69132345852840e+06  7.80009676350179e-14  4.88133838463628e-14
 2.69545759594549e+06  7.79150146126130e-14  5.04368405696753e-14
 2.69959173336259e+06  7.78289733573832e-14  5.15744106291326e-14
 2.70372587077968e+06  7.77428449309038e-14  5.21515369238015e-14
 2.70786000819678e+06  7.76566303884759e-14  5.21145746289550e-14
 2.71199414561387e+06  7.75703307807632e-14  5.14338017861898e-14
 2.71612828303096e+06  7.74839471547119e-14  5.01053538810448e-14
 2.72026242044806e+06  7.73974805508696e-14  4.81519665314739e-14
 2.72439655786515e+06  7.73109320051415e-14  4.56224701901928e-14
 2.72853069528225e+06  7.72243025488050e-14  4.25900437785712e-14
 2.73266483269934e+06  7.71375932078083e-14  3.91492971801668e-14
 2.73679897011644e+06  7.70508050038437e-14  3.54123122443492e-14
 2.74093310753353e+06  7.69639389535953e-14  3.15038252360746e-14
 2.74506724495062e+06  7.68769960687865e-14  2.75557777877086e-14
 2.74920138236772e+06  7.67899773571832e-14  2.37014960331903e-14
 2.75333551978481e+06  7.67028838211375e-14  2.00697770855214e-14
 2.75746965720191e+06  7.66157164577001e-14  1.67791673454387e-14
 2.76160379461900e+06  7.65284762606541e-14  1.39327080349755e-14
 2.76573793203610e+06  7.64411642171044e-14  1.16134003549632e-14
 2.76987206945319e+06  7.63537813119531e-14  9.88060699249860e-15
 2.77400620687028e+06  7.62663285213789e-14  8.76756017215592e-15
 2.77814034428738e+06  7.61788068211259e-14  8.28009158664390e-15
 2.78227448170447e+06  7.60912171802461e-14  8.39663904342920e-15
 2.78640861912157e+06  7.60035605649466e-14  9.06952184840393e-15
 2.79054275653866e+06  7.59158379327040e-14  1.02274148255581e-14
 2.79467689395576e+06  7.58280502418261e-14  1.17788928060632e-14
 2.79881103137285e+06  7.57401984403851e-14  1.36168661286899e-14
 2.80294516878994e+06  7.56522834769573e-14  1.56236860147395e-14
 2.80707930620704e+06  7.55643062938865e-14  1.76766682899270e-14
 2.81121344362413e+06  7.54762678275281e-14  1.96537666548027e-14
 2.81534758104123e+06  7.53881690116317e-14  2.14391229744109e-14
 2.81948171845832e+06  7.53000107740882e-14  2.29282320721861e-14
 2.82361585587542e+06  7.52117940383687e-14  2.40324816086030e-14
 2.82774999329251e+06  7.51235197232935e-14  2.46828623391813e-14
 2.83188413070960e+06  7.50351887459268e-14  2.48326885935785e-14
 2.83601826812670e+06  7.49468020167524e-14  2.44592206683074e-14
 2.84015240554379e+06  7.48583604405252e-14  2.35641373124978e-14
 2.84428654296089e+06  7.47698649199447e-14  2.21728645563910e-14
 2.84842068037798e+06  7.46813163524896e-14  2.03328238351784e-14
 2.85255481779508e+06  7.45927156310892e-14  1.81107147970682e-14
 2.85668895521217e+06  7.45040636439077e-14  1.55889936870516e-14
 2.86082309262927e+06  7.44153612773216e-14  1.28617445691404e-14
 2.86495723004636e+06  7.43266094095453e-14  1.00301661359789e-14
 2.86909136746345e+06  7.42378089176406e-14  7.19791038923148e-15
 2.87322550488055e+06  7.41489606710238e-14  4.46651044809990e-15
 2.87735964229764e+06  7.40600655387610e-14  1.93112353138059e-15
 2.88149377971474e+06  7.39711243833879e-14 -3.23207682623302e-16
 2.88562791713183e+06  7.38821380651711e-14 -2.22460486138944e-15
 2.88976205454893e+06  7.37931074380951e-14 -3.71658558939520e-15
 2.89389619196602e+06  7.37040333521924e-14 -4.75939408811018e-15
 2.89803032938311e+06  7.36149166547310e-14 -5.33039858304097e-15
 2.90216446680021e+06  7.35257581864867e-14 -5.42357345192925e-15
 2.90629860421730e+06  7.34365587858074e-14 -5.04813274882813e-15
 2.91043274163440e+06  7.33473192874242e-14 -4.22642555878162e-15
 2.91456687905149e+06  7.32580405214830e-14 -2.99124047794276e-15
 2.91870101646859e+06  7.31687233125364e-14 -1.38269467363968e-15
 2.92283515388568e+06  7.30793684831601e-14  5.55099010998235e-16
 2.92696929130277e+06  7.29899768498444e-14  2.77738625289721e-15
 2.93110342871987e+06  7.29005492269713e-14  5.24195003112779e-15
 2.93523756613696e+06  7.28110864244690e-14  7.91193178148138e-15
 2.93937170355406e+06  7.27215892456664e-14  1.07581369644219e-14
 2.94350584097115e+06  7.26320584935988e-14  1.37606995012409e-14
 2.94763997838825e+06  7.25424949658764e-14  1.69100182394947e-14
 2.95177411580534e+06  7.24528994556661e-14  2.02069215047489e-14
 2.95590825322243e+06  7.23632727521334e-14  2.36620603365974e-14
 2.96004239063953e+06  7.22736156419646e-14  2.72945749088045e-14
 2.96417652805662e+06  7.21839289070645e-14  3.11301194348461e-14
 2.96831066547372e+06  7.20942133248918e-14  3.51983664597773e-14
 2.97244480289081e+06  7.20044696674980e-14  3.95301399564587e-14
 2.97657894030791e+06  7.19146987075898e-14  4.41543466612994e-14
 2.98071307772500e+06  7.18249012100769e-14  4.90948855860630e-14
 2.98484721514209e+06  7.17350779369540e-14  5.43677163349911e-14
 2.98898135255919e+06  7.16452296477399e-14  5.99782576036827e-14
 2.99311548997628e+06  7.15553570961116e-14  6.59192688793866e-14
 2.99724962739338e+06  7.14654610336478e-14  7.21693418875113e-14
 3.00138376481047e+06  7.13755422067097e-14  7.86920952552524e-14
 3.00551790222757e+06  7.12856013598804e-14  8.54361281023558e-14
 3.00965203964466e+06  7.11956392314988e-14  9.23357477914375e-14
 3.01378617706175e+06  7.11056565577075e-14  9.93124461921446e-14
 3.01792031447885e+06  7.10156540709763e-14  1.06277059537736e-13
 3.02205445189594e+06  7.09256325010185e-14  1.13132511511946e-13
 3.02618858931304e+06  7.08355925695063e-14  1.19777009272199e-13
 3.03032272673013e+06  7.07455349994619e-14  1.26107539306381e-13
 3.03445686414723e+06  7.06554605071212e-14  1.32023495309610e-13
 3.03859100156432e+06  7.05653698074509e-14  1.37430264493347e-13
 3.04272513898141e+06  7.04752636104083e-14  1.42242601858454e-13
 3.04685927639851e+06  7.03851426214683e-14  1.46387633888036e-13
 3.05099341381560e+06  7.02950075431126e-14  1.49807352941704e-13
 3.05512755123270e+06  7.02048590762505e-14  1.52460490284255e-13
 3.05926168864979e+06  7.01146979149635e-14  1.54323687638685e-13
 3.06339582606689e+06  7.00245247524208e-14  1.55391922709965e-13
 3.06752996348398e+06  6.99343402764747e-14  1.55678181276578e-13
 3.07166410090108e+06  6.98441451721040e-14  1.55212405415404e-13
 3.07579823831817e+06  6.97539401204552e-14  1.54039782116311e-13
 3.07993237573526e+06  6.96637257993946e-14  1.52218467371643e-13
 3.08406651315236e+06  6.95735028837284e-14  1.49816866173571e-13
 3.08820065056945e+06  6.94832720446416e-14  1.46910607593067e-13
 3.09233478798655e+06  6.93930339488692e-14  1.43579365380798e-13
 3.09646892540364e+06  6.93027892602323e-14  1.39903677932089e-13
 3.10060306282074e+06  6.92125386405034e-14  1.35961916994661e-13
 3.10473720023783e+06  6.91222827455745e-14  1.31827542562877e-13
 3.10887133765492e+06  6.90320222289820e-14  1.27566762851006e-13
 3.11300547507202e+06  6.89417577415793e-14  1.23236694081853e-13
 3.11713961248911e+06  6.88514899302926e-14  1.18884086593071e-13
 3.12127374990621e+06  6.87612194386784e-14  1.14544652908778e-13
 3.12540788732330e+06  6.86709469078422e-14  1.10243001677610e-13
 3.12954202474040e+06  6.85806729732256e-14  1.05993150379552e-13
 3.13367616215749e+06  6.84903982675351e-14  1.01799561091160e-13
 3.13781029957458e+06  6.84001234214557e-14  9.76586187325997e-14
 3.14194443699168e+06  6.83098490622810e-14  9.35604513582333e-14
 3.14607857440877e+06  6.82195758129134e-14  8.94909780538159e-14
 3.15021271182587e+06  6.81293042953830e-14  8.54340624553925e-14
 3.15434684924296e+06  6.80390351249233e-14  8.13736489802666e-14
 3.15848098666006e+06  6.79487689160826e-14  7.72957645050540e-14
 3.16261512407715e+06  6.78585062782311e-14  7.31902797919053e-14
 3.16674926149424e+06  6.77682478195992e-14  6.90523418758845e-14
 3.17088339891134e+06  6.76779941440195e-14  6.48834096056630e-14
 3.17501753632843e+06  6.75877458508747e-14  6.06918485345168e-14
 3.17915167374553e+06  6.74975035397193e-14  5.64930669010170e-14
 3.18328581116262e+06  6.74072678034936e-14  5.23092001177104e-14
 3.18741994857972e+06  6.73170392336787e-14  4.81683757468377e-14
 3.19155408599681e+06  6.72268184200555e-14  4.41036128933107e-14
 3.19568822341390e+06  6.71366059454766e-14  4.01514283841185e-14
 3.19982236083100e+06  6.70464023912900e-14  3.63502360432199e-14
 3.20395649824809e+06  6.69562083373327e-14  3.27386341599322e-14
 3.20809063566519e+06  6.68660243587410e-14  2.93536796652656e-14
 3.21222477308228e+06  6.67758510289567e-14  2.62292454523544e-14
 3.21635891049938e+06  6.66856889153787e-14  2.33945499896435e-14
 3.22049304791647e+06  6.65955385855589e-14  2.08729364681380e-14
 3.22462718533356e+06  6.65054006021076e-14  1.86809628672926e-14
 3.22876132275066e+06  6.64152755265957e-14  1.68278456111605e-14
 3.23289546016775e+06  6.63251639143289e-14  1.53152788806215e-14
 3.23702959758485e+06  6.62350663210304e-14  1.41376304330767e-14
 3.24116373500194e+06  6.61449832971053e-14  1.32824939880928e-14
 3.24529787241904e+06  6.60549153908646e-14  1.27315591596031e-14
 3.24943200983613e+06  6.59648631464843e-14  1.24617433479105e-14
 3.25356614725323e+06  6.58748271062475e-14  1.24465169424532e-14
 3.25770028467032e+06  6.57848078104848e-14  1.26573441488792e-14
 3.26183442208741e+06  6.56948057950840e-14  1.30651571847925e-14
 3.26596855950451e+06  6.56048215929600e-14  1.36417816056547e-14
 3.27010269692160e+06  6.55148557341144e-14  1.43612350090730e-14
 3.27423683433870e+06  6.54249087462776e-14  1.52008299858994e-14
 3.27837097175579e+06  6.53349811535503e-14  1.61420243953402e-14
 3.28250510917289e+06  6.52450734777703e-14  1.71709770392881e-14
 3.28663924658998e+06  6.51551862380944e-14  1.82787838125109e-14
 3.29077338400707e+06  6.50653199513455e-14  1.94613873637242e-14
 3.29490752142417e+06  6.49754751291799e-14  2.07191713036085e-14
 3.29904165884126e+06  6.48856522817077e-14  2.20562670503386e-14
 3.30317579625836e+06  6.47958519165712e-14  2.34796165866519e-14
 3.30730993367545e+06  6.47060745380386e-14  2.49978470086922e-14
 3.31144407109255e+06  6.46163206485616e-14  2.66200221478340e-14
 3.31557820850964e+06  6.45265907471886e-14  2.83543422302284e-14
 3.31971234592673e+06  6.44368853296085e-14  3.02068644473363e-14
 3.32384648334383e+06  6.43472048887840e-14  3.21803152534174e-14
 3.32798062076092e+06  6.42575499159408e-14  3.42730595062104e-14
 3.33211475817802e+06  6.41679208974911e-14  3.64782825407298e-14
 3.33624889559511e+06  6.40783183202219e-14  3.87834294820078e-14
 3.34038303301221e+06  6.39887426650483e-14  4.11699322181607e-14
 3.34451717042930e+06  6.38991944120376e-14  4.36132393031161e-14
 3.34865130784639e+06  6.38096740379938e-14  4.60831483443187e-14
 3.35278544526349e+06  6.37201820175925e-14  4.85444251129432e-14
 3.35691958268058e+06  6.36307188206836e-14  5.09576793708289e-14
 3.36105372009768e+06  6.35412849189721e-14  5.32804550271967e-14
 3.36518785751477e+06  6.34518807766099e-14  5.54684822139492e-14
 3.36932199493187e+06  6.33625068574560e-14  5.74770318258925e-14
 3.37345613234896e+06  6.32731636223467e-14  5.92623090624505e-14
 3.37759026976605e+06  6.31838515293419e-14  6.07828218879665e-14
 3.38172440718315e+06  6.30945710335028e-14  6.20006628918657e-14
 3.38585854460024e+06  6.30053225898520e-14  6.28826486137477e-14
 3.38999268201734e+06  6.29161066476109e-14  6.34012686205325e-14
 3.39412681943443e+06  6.28269236542769e-14  6.35354070318486e-14
 3.39826095685153e+06  6.27377740557824e-14  6.32708111149534e-14
 3.40239509426862e+06  6.26486582938042e-14  6.26002944193411e-14
 3.40652923168571e+06  6.25595768090769e-14  6.15236750366223e-14
 3.41066336910281e+06  6.24705300381381e-14  6.00474621758711e-14
 3.41479750651990e+06  6.23815184159332e-14  5.81843158388819e-14
 3.41893164393700e+06  6.22925423756523e-14  5.59523143233236e-14
 3.42306578135409e+06  6.22036023472044e-14  5.33740721325373e-14
 3.42719991877119e+06  6.21146987574937e-14  5.04757563615969e-14
 3.43133405618828e+06  6.20258320322062e-14  4.72860524576850e-14
 3.43546819360538e+06  6.19370025934894e-14  4.38351304377160e-14
 3.43960233102247e+06  6.18482108597888e-14  4.01536602798248e-14
 3.44373646843956e+06  6.17594572491728e-14  3.62719204164965e-14
 3.44787060585666e+06  6.16707421770861e-14  3.22190364400008e-14
 3.45200474327375e+06  6.15820660567427e-14  2.80223787301619e-14
 3.45613888069085e+06  6.14934292979959e-14  2.37071381125291e-14
 3.46027301810794e+06  6.14048323082791e-14  1.92960885180073e-14
 3.46440715552504e+06  6.13162754925983e-14  1.48095353754377e-14
 3.46854129294213e+06  6.12277592540103e-14  1.02654387321566e-14
 3.47267543035922e+06  6.11392839928236e-14  5.67969131824900e-15
 3.47680956777632e+06  6.10508501065714e-14  1.06652437190730e-15
 3.48094370519341e+06  6.09624579909915e-14 -3.56099163042215e-15
 3.48507784261051e+06  6.08741080404543e-14 -8.19038792099501e-15
 3.48921198002760e+06  6.07858006453888e-14 -1.28092182886688e-14
 3.49334611744470e+06  6.06975361949948e-14 -1.74044975913384e-14
 3.49748025486179e+06  6.06093150746681e-14 -2.19621932768648e-14
 3.50161439227888e+06  6.05211376668340e-14 -2.64668009903913e-14
 3.50574852969598e+06  6.04330043548920e-14 -3.09010296185141e-14
 3.50988266711307e+06  6.03449155181085e-14 -3.52456142192812e-14
 3.51401680453017e+06  6.02568715322852e-14 -3.94792676132192e-14
 3.51815094194726e+06  6.01688727736465e-14 -4.35787734762506e-14
 3.52228507936436e+06  6.00809196141462e-14 -4.75192159128405e-14
 3.52641921678145e+06  5.99930124234032e-14 -5.12743331712039e-14
 3.53055335419854e+06  5.99051515698072e-14 -5.48169767678266e-14
 3.53468749161564e+06  5.98173374181063e-14 -5.81196521216258e-14
 3.53882162903273e+06  5.97295703315784e-14 -6.11551130462522e-14
 3.54295576644983e+06  5.96418506729140e-14 -6.38969804065131e-14
 3.54708990386692e+06  5.95541788002153e-14 -6.63203548064011e-14
 3.55122404128402e+06  5.94665550698382e-14 -6.84023944238781e-14
 3.55535817870111e+06  5.93789798361466e-14 -7.01228319276377e-14
 3.55949231611820e+06  5.92914534521492e-14 -7.14644085248039e-14
 3.56362645353530e+06  5.92039762662088e-14 -7.24132084159431e-14
 3.56776059095239e+06  5.91165486276295e-14 -7.29588829001485e-14
 3.57189472836949e+06  5.90291708813137e-14 -7.30947597935190e-14
 3.57602886578658e+06  5.89418433715449e-14 -7.28178402106584e-14
 3.58016300320368e+06  5.88545664389688e-14 -7.21286909072812e-14
 3.58429714062077e+06  5.87673404253847e-14 -7.10312457995422e-14
 3.58843127803786e+06  5.86801656637318e-14 -6.95325348070264e-14
 3.59256541545496e+06  5.85930424917448e-14 -6.76423613788234e-14
 3.59669955287205e+06  5.85059712414410e-14 -6.53729520982795e-14
 3.60083369028915e+06  5.84189522431457e-14 -6.27386021000672e-14
 3.60496782770624e+06  5.83319858262374e-14 -5.97553390983909e-14
 3.60910196512334e+06  5.82450723171765e-14 -5.64406263821529e-14
 3.61323610254043e+06  5.81582120406862e-14 -5.28131214456484e-14
 3.61737023995752e+06  5.80714053183531e-14 -4.88925022571341e-14
 3.62150437737462e+06  5.79846524705541e-14 -4.46993676765148e-14
 3.62563851479171e+06  5.78979538156742e-14 -4.02552126866654e-14
 3.62977265220881e+06  5.78113096709100e-14 -3.55824730913022e-14
 3.63390678962590e+06  5.77247203503626e-14 -3.07046286683586e-14
 3.63804092704300e+06  5.76381861646844e-14 -2.56463486541759e-14
 3.64217506446009e+06  5.75517074239420e-14 -2.04336592881340e-14
 3.64630920187719e+06  5.74652844373148e-14 -1.50941101781919e-14
 3.65044333929428e+06  5.73789175115104e-14 -9.65691467853279e-15
 3.65457747671137e+06  5.72926069485416e-14 -4.15303941813393e-15
 3.65871161412847e+06  5.72063530519852e-14  1.38478035115835e-15
 3.66284575154556e+06  5.71201561214274e-14  6.92211982183227e-15
 3.66697988896266e+06  5.70340164553738e-14  1.24230539156282e-14
 3.67111402637975e+06  5.69479343499182e-14  1.78504668482938e-14
 3.67524816379685e+06  5.68619100997352e-14  2.31664854383318e-14
 3.67938230121394e+06  5.67759439947380e-14  2.83330323793570e-14
 3.68351643863103e+06  5.66900363274264e-14  3.33124882590705e-14
 3.68765057604813e+06  5.66041873866929e-14  3.80684437853594e-14
 3.69178471346522e+06  5.65183974578873e-14  4.25665170395593e-14
 3.69591885088232e+06  5.64326668259761e-14  4.67752048030953e-14
 3.70005298829941e+06  5.63469957731207e-14  5.06667325827908e-14
 3.70418712571651e+06  5.62613845802459e-14  5.42178651734022e-14
 3.70832126313360e+06  5.61758335267515e-14  5.74106385876696e-14
 3.71245540055069e+06  5.60903428890656e-14  6.02329751641682e-14
 3.71658953796779e+06  5.60049129424742e-14  6.26791466291056e-14
 3.72072367538488e+06  5.59195439591372e-14  6.47500547698462e-14
 3.72485781280198e+06  5.58342362119956e-14  6.64533060435515e-14
 3.72899195021907e+06  5.57489899694451e-14  6.78030645692857e-14
 3.73312608763617e+06  5.56638054997858e-14  6.88196772898080e-14
 3.73726022505326e+06  5.55786830701184e-14  6.95290750883293e-14
 3.74139436247035e+06  5.54936229429998e-14  6.99619639651724e-14
 3.74552849988745e+06  5.54086253795652e-14  7.01528304600119e-14
 3.74966263730454e+06  5.53236906421577e-14  7.01387948146500e-14
 3.75379677472164e+06  5.52388189884536e-14  6.99583534993958e-14
 3.75793091213873e+06  5.51540106751066e-14  6.96500592013547e-14
 3.76206504955583e+06  5.50692659581822e-14  6.92511907842575e-14
 3.76619918697292e+06  5.49845850898750e-14  6.87964678526485e-14
 3.77033332439001e+06  5.48999683209712e-14  6.83168642152222e-14
 3.77446746180711e+06  5.48154159038692e-14  6.78385716013735e-14
 3.77860159922420e+06  5.47309280826772e-14  6.73821595949021e-14
 3.78273573664130e+06  5.46465051061163e-14  6.69619701117056e-14
 3.78686987405839e+06  5.45621472173586e-14  6.65857749804192e-14
 3.79100401147549e+06  5.44778546591447e-14  6.62547140352077e-14
 3.79513814889258e+06  5.43936276732899e-14  6.59635187287918e-14
 3.79927228630967e+06  5.43094664977636e-14  6.57010134758392e-14
 3.80340642372677e+06  5.42253713706741e-14  6.54508742078067e-14
 3.80754056114386e+06  5.41413425268384e-14  6.51926115710098e-14
 3.81167469856096e+06  5.40573802034553e-14  6.49027355410928e-14
 3.81580883597805e+06  5.39734846289514e-14  6.45560493357444e-14
 3.81994297339515e+06  5.38896560369942e-14  6.41270140632996e-14
 3.82407711081224e+06  5.38058946557358e-14  6.35911216310904e-14
 3.82821124822934e+06  5.37222007124701e-14  6.29262126451948e-14
 3.83234538564643e+06  5.36385744321007e-14  6.21136780977404e-14
 3.83647952306352e+06  5.35550160407489e-14  6.11394887969704e-14
 3.84061366048062e+06  5.34715257591979e-14  5.99950043525382e-14
 3.84474779789771e+06  5.33881038085786e-14  5.86775239072176e-14
 3.84888193531481e+06  5.33047504070486e-14  5.71905530390600e-14
 3.85301607273190e+06  5.32214657735691e-14  5.55437749896116e-14
 3.85715021014900e+06  5.31382501237770e-14  5.37527287312572e-14
 3.86128434756609e+06  5.30551036715915e-14  5.18382108443730e-14
 3.86541848498318e+06  5.29720266283858e-14  4.98254318623193e-14
 3.86955262240028e+06  5.28890192071835e-14  4.77429700600155e-14
 3.87368675981737e+06  5.28060816161502e-14  4.56215759023301e-14
 3.87782089723447e+06  5.27232140645790e-14  4.34928880582665e-14
 3.88195503465156e+06  5.26404167565182e-14  4.13881264785003e-14
 3.88608917206866e+06  5.25576898984994e-14  3.93368294069576e-14
 3.89022330948575e+06  5.24750336937884e-14  3.73656990526905e-14
 3.89435744690284e+06  5.23924483442690e-14  3.54976152472175e-14
 3.89849158431994e+06  5.23099340474349e-14  3.37508677829107e-14
 3.90262572173703e+06  5.22274910037779e-14  3.21386468486961e-14
 3.90675985915413e+06  5.21451194089427e-14  3.06688174234415e-14
 3.91089399657122e+06  5.20628194612337e-14  2.93439885317443e-14
 3.91502813398832e+06  5.19805913513577e-14  2.81618724083418e-14
 3.91916227140541e+06  5.18984352732046e-14  2.71159129749366e-14
 3.92329640882250e+06  5.18163514170570e-14  2.61961480899383e-14
 3.92743054623960e+06  5.17343399730301e-14  2.53902569354458e-14
 3.93156468365669e+06  5.16524011289718e-14  2.46847330641888e-14
 3.93569882107379e+06  5.15705350715672e-14  2.40661158768464e-14
 3.93983295849088e+06  5.14887419841699e-14  2.35222089658015e-14
 3.94396709590798e+06  5.14070220506972e-14  2.30432132153728e-14
 3.94810123332507e+06  5.13253754541499e-14  2.26227058268673e-14
 3.95223537074216e+06  5.12438023748295e-14  2.22584035117975e-14
 3.95636950815926e+06  5.11623029910614e-14  2.19526586053314e-14
 3.96050364557635e+06  5.10808774793763e-14  2.17126503429118e-14
 3.96463778299345e+06  5.09995260177685e-14  2.15502493575860e-14
 3.96877192041054e+06  5.09182487808790e-14  2.14815508050304e-14
 3.97290605782764e+06  5.08370459413515e-14  2.15260895583158e-14
 3.97704019524473e+06  5.07559176714177e-14  2.17057686417509e-14
 3.98117433266182e+06  5.06748641406319e-14  2.20435486078589e-14
 3.98530847007892e+06  5.05938855182021e-14  2.25619600133070e-14
 3.98944260749601e+06  5.05129819720423e-14  2.32815126752260e-14
 3.99357674491311e+06  5.04321536681307e-14  2.42190833737889e-14
 3.99771088233020e+06  5.03514007700037e-14  2.53863675932723e-14
 4.00184501974730e+06  5.02707234447422e-14  2.67884804877051e-14
 4.00597915716439e+06  5.01901218492099e-14  2.84227873888320e-14
 4.01011329458148e+06  5.01095961481247e-14  3.02780351820893e-14
 4.01424743199858e+06  5.00291464991454e-14  3.23338427924440e-14
 4.01838156941567e+06  4.99487730611279e-14  3.45605929091589e-14
 4.02251570683277e+06  4.98684759894044e-14  3.69197482168017e-14
 4.02664984424986e+06  4.97882554393805e-14  3.93645950889658e-14
 4.03078398166696e+06  4.97081115650254e-14  4.18413966791766e-14
 4.03491811908405e+06  4.96280445191002e-14  4.42909168541750e-14
 4.03905225650115e+06  4.95480544529983e-14  4.66502573690824e-14
 4.04318639391824e+06  4.94681415148109e-14  4.88549341532744e-14
 4.04732053133533e+06  4.93883058557512e-14  5.08411054130407e-14
 4.05145466875243e+06  4.93085476207321e-14  5.25478551226186e-14
 4.05558880616952e+06  4.92288669571342e-14  5.39194310326266e-14
 4.05972294358662e+06  4.91492640083743e-14  5.49073366233115e-14
 4.06385708100371e+06  4.90697389176945e-14  5.54721817962483e-14
 4.06799121842081e+06  4.89902918283642e-14  5.55852070613787e-14
 4.07212535583790e+06  4.89109228802739e-14  5.52294102724567e-14
 4.07625949325499e+06  4.88316322125980e-14  5.44002228359693e-14
 4.08039363067209e+06  4.87524199640073e-14  5.31057028972682e-14
 4.08452776808918e+06  4.86732862708530e-14  5.13662353333522e-14
 4.08866190550628e+06  4.85942312695543e-14  4.92137513216128e-14
 4.09279604292337e+06  4.85152550938563e-14  4.66905026410675e-14
 4.09693018034047e+06  4.84363578764432e-14  4.38474466376995e-14
 4.10106431775756e+06  4.83575397494372e-14  4.07423158236780e-14
 4.10519845517465e+06  4.82788008438694e-14  3.74374605281290e-14
 4.10933259259175e+06  4.82001412878873e-14  3.39975631099178e-14
 4.11346673000884e+06  4.81215612114335e-14  3.04873274823418e-14
 4.11760086742594e+06  4.80430607400525e-14  2.69692477816425e-14
 4.12173500484303e+06  4.79646400002632e-14  2.35015550226864e-14
 4.12586914226013e+06  4.78862991167527e-14  2.01364306431463e-14
 4.13000327967722e+06  4.78080382107627e-14  1.69185616085315e-14
 4.13413741709431e+06  4.77298574057796e-14  1.38840938756949e-14
