#time(au), s(t), s(t) without exp(iwt)
 0.00000000000000e+01  1.96784541783169e-17  1.96784541783169e-17
 4.13413741709430e+03 -2.49492029390073e-16 -1.53781863305075e-16
 8.26827483418859e+03 -7.30776172890342e-16 -6.43736445048594e-16
 1.24024122512829e+04 -1.31143432398139e-15 -1.54734813134274e-15
 1.65365496683772e+04 -1.93459933128201e-15 -2.85742626134176e-15
 2.06706870854715e+04 -2.57227043648443e-15 -4.53193839479304e-15
 2.48048245025658e+04 -3.21120456754735e-15 -6.51993330877787e-15
 2.89389619196601e+04 -3.84558766473029e-15 -8.77010258260342e-15
 3.30730993367544e+04 -4.47324630368626e-15 -1.12329468545361e-14
 3.72072367538487e+04 -5.09371168182169e-15 -1.38610427597883e-14
 4.13413741709430e+04 -5.70724923887925e-15 -1.66091029975217e-14
 4.54755115880372e+04 -6.31438717407862e-15 -1.94343282770710e-14
 4.96096490051315e+04 -6.91569889896415e-15 -2.22970718357160e-14
 5.37437864222258e+04 -7.51171182310381e-15 -2.51616747424775e-14
 5.78779238393201e+04 -8.10287681999961e-15 -2.79973019687560e-14
 6.20120612564144e+04 -8.68956516635765e-15 -3.07786335269690e-14
 6.61461986735087e+04 -9.27207658576663e-15 -3.34863061735727e-14
 7.02803360906030e+04 -9.85065067381137e-15 -3.61070444105653e-14
 7.44144735076973e+04 -1.04254782636962e-14 -3.86334590114118e-14
 7.85486109247916e+04 -1.09967114341724e-14 -4.10635252425267e-14
 8.26827483418859e+04 -1.15644717970385e-14 -4.33997806257113e-14
 8.68168857589802e+04 -1.21288571465353e-14 -4.56483034640689e-14
 9.09510231760745e+04 -1.26899467087669e-14 -4.78175482683883e-14
 9.50851605931688e+04 -1.32478052325912e-14 -4.99171226448711e-14
 9.92192980102631e+04 -1.38024861709926e-14 -5.19565923165671e-14
 1.03353435427357e+05 -1.43540341413093e-14 -5.39443969298475e-14
 1.07487572844452e+05 -1.49024868436757e-14 -5.58869497794696e-14
 1.11621710261546e+05 -1.54478765394004e-14 -5.77879802165420e-14
 1.15755847678640e+05 -1.59902312043675e-14 -5.96481594818399e-14
 1.19889985095735e+05 -1.65295754338089e-14 -6.14650300982130e-14
 1.24024122512829e+05 -1.70659311447610e-14 -6.32332372020407e-14
 1.28158259929923e+05 -1.75993181297972e-14 -6.49450387348786e-14
 1.32292397347018e+05 -1.81297544875869e-14 -6.65910515820193e-14
 1.36426534764112e+05 -1.86572569698767e-14 -6.81611739042805e-14
 1.40560672181206e+05 -1.91818412482141e-14 -6.96456110586666e-14
 1.44694809598300e+05 -1.97035221313770e-14 -7.10359246206753e-14
 1.48828947015395e+05 -2.02223137313056e-14 -7.23260214930236e-14
 1.52963084432489e+05 -2.07382296010999e-14 -7.35130032419476e-14
 1.57097221849583e+05 -2.12512828393236e-14 -7.45978043545755e-14
 1.61231359266678e+05 -2.17614861728850e-14 -7.55855616611352e-14
 1.65365496683772e+05 -2.22688520307764e-14 -7.64856748135046e-14
 1.69499634100866e+05 -2.27733925907786e-14 -7.73115383508103e-14
 1.73633771517960e+05 -2.32751198311424e-14 -7.80799483450113e-14
 1.77767908935055e+05 -2.37740455533321e-14 -7.88102092625171e-14
 1.81902046352149e+05 -2.42701814166541e-14 -7.95229883332988e-14
 1.86036183769243e+05 -2.47635389594898e-14 -8.02389836889767e-14
 1.90170321186338e+05 -2.52541296132165e-14 -8.09774877976712e-14
 1.94304458603432e+05 -2.57419647189158e-14 -8.17549381340812e-14
 1.98438596020526e+05 -2.62270555354591e-14 -8.25835517939643e-14
 2.02572733437620e+05 -2.67094132510152e-14 -8.34701395849219e-14
 2.06706870854715e+05 -2.71890489885706e-14 -8.44151878113958e-14
 2.10841008271809e+05 -2.76659738115160e-14 -8.54122829500246e-14
 2.14975145688903e+05 -2.81401987278421e-14 -8.64479362617389e-14
 2.19109283105998e+05 -2.86117346940050e-14 -8.75018431693864e-14
 2.23243420523092e+05 -2.90805926184128e-14 -8.85475871402235e-14
 2.27377557940186e+05 -2.95467833617428e-14 -8.95537713463065e-14
 2.31511695357280e+05 -3.00103177398084e-14 -9.04855350612104e-14
 2.35645832774375e+05 -3.04712065255741e-14 -9.13063871594664e-14
 2.39779970191469e+05 -3.09294604514583e-14 -9.19802677243137e-14
 2.43914107608563e+05 -3.13850902059748e-14 -9.24737319508564e-14
 2.48048245025658e+05 -3.18381064393396e-14 -9.27581393713546e-14
 2.52182382442752e+05 -3.22885197613699e-14 -9.28117266291329e-14
 2.56316519859846e+05 -3.27363407427472e-14 -9.26214440814203e-14
 2.60450657276940e+05 -3.31815799149727e-14 -9.21844453693477e-14
 2.64584794694035e+05 -3.36242477720943e-14 -9.15091344101131e-14
 2.68718932111129e+05 -3.40643547708281e-14 -9.06156952831100e-14
 2.72853069528223e+05 -3.45019113264613e-14 -8.95360561040779e-14
 2.76987206945318e+05 -3.49369278207271e-14 -8.83132668832125e-14
 2.81121344362412e+05 -3.53694145967409e-14 -8.70003018627095e-14
 2.85255481779506e+05 -3.57993819592132e-14 -8.56583274340329e-14
 2.89389619196601e+05 -3.62268401771674e-14 -8.43545055696118e-14
 2.93523756613695e+05 -3.66517994837156e-14 -8.31594282461122e-14
 2.97657894030789e+05 -3.70742700732212e-14 -8.21442991376102e-14
 3.01792031447884e+05 -3.74942621059643e-14 -8.13779937224145e-14
 3.05926168864978e+05 -3.79117857038465e-14 -8.09241369671232e-14
 3.10060306282072e+05 -3.83268509532542e-14 -8.08383385469237e-14
 3.14194443699167e+05 -3.87394679047977e-14 -8.11657189174099e-14
 3.18328581116261e+05 -3.91496465741315e-14 -8.19388459034580e-14
 3.22462718533355e+05 -3.95573969388748e-14 -8.31761814643183e-14
 3.26596855950449e+05 -3.99627289429220e-14 -8.48811130608871e-14
 3.30730993367544e+05 -4.03656524926679e-14 -8.70416148636870e-14
 3.34865130784638e+05 -4.07661774621269e-14 -8.96305526181824e-14
 3.38999268201732e+05 -4.11643136877643e-14 -9.26066138643778e-14
 3.43133405618827e+05 -4.15600709717750e-14 -9.59158143024322e-14
 3.47267543035921e+05 -4.19534590788530e-14 -9.94935029186695e-14
 3.51401680453015e+05 -4.23444877438146e-14 -1.03266764681178e-13
 3.55535817870110e+05 -4.27331666600982e-14 -1.07157101297589e-13
 3.59669955287204e+05 -4.31195054921873e-14 -1.11083258879545e-13
 3.63804092704298e+05 -4.35035138676722e-14 -1.14964066603403e-13
 3.67938230121393e+05 -4.38852013793445e-14 -1.18721153208259e-13
 3.72072367538487e+05 -4.42645775861056e-14 -1.22281417803724e-13
 3.76206504955581e+05 -4.46416520120247e-14 -1.25579147627182e-13
 3.80340642372676e+05 -4.50164341477621e-14 -1.28557696979905e-13
 3.84474779789770e+05 -4.53889334508447e-14 -1.31170667363039e-13
 3.88608917206864e+05 -4.57591593417733e-14 -1.33382557309734e-13
 3.92743054623959e+05 -4.61271212108298e-14 -1.35168879976718e-13
 3.96877192041053e+05 -4.64928284130916e-14 -1.36515775443565e-13
 4.01011329458147e+05 -4.68562902689886e-14 -1.37419171407054e-13
 4.05145466875241e+05 -4.72175160676127e-14 -1.37883568907629e-13
 4.09279604292336e+05 -4.75765150637065e-14 -1.37920547730261e-13
 4.13413741709430e+05 -4.79332964776451e-14 -1.37547098242783e-13
 4.17547879126524e+05 -4.82878694983229e-14 -1.36783892004402e-13
 4.21682016543619e+05 -4.86402432811683e-14 -1.35653602321915e-13
 4.25816153960713e+05 -4.89904269494261e-14 -1.34179378240499e-13
 4.29950291377807e+05 -4.93384295909956e-14 -1.32383561732465e-13
 4.34084428794902e+05 -4.96842602635585e-14 -1.30286719054252e-13
 4.38218566211996e+05 -5.00279279914399e-14 -1.27907034464161e-13
 4.42352703629090e+05 -5.03694417666521e-14 -1.25260089285877e-13
 4.46486841046185e+05 -5.07088105496387e-14 -1.22359023037733e-13
 4.50620978463279e+05 -5.10460432658921e-14 -1.19215047734630e-13
 4.54755115880373e+05 -5.13811488124477e-14 -1.15838262990965e-13
 4.58889253297468e+05 -5.17141360511740e-14 -1.12238699573708e-13
 4.63023390714562e+05 -5.20450138142057e-14 -1.08427503870663e-13
 4.67157528131656e+05 -5.23737908998576e-14 -1.04418166066832e-13
 4.71291665548751e+05 -5.27004760779225e-14 -1.00227691416977e-13
 4.75425802965845e+05 -5.30250780831058e-14 -9.58776168543449e-14
 4.79559940382939e+05 -5.33476056199595e-14 -9.13947843017840e-14
 4.83694077800033e+05 -5.36680673605667e-14 -8.68117966941325e-14
 4.87828215217128e+05 -5.39864719482981e-14 -8.21671021793950e-14
 4.91962352634222e+05 -5.43028279923253e-14 -7.75046749316822e-14
 4.96096490051316e+05 -5.46171440753608e-14 -7.28732862591065e-14
 5.00230627468411e+05 -5.49294287435754e-14 -6.83253855379008e-14
 5.04364764885505e+05 -5.52396905143187e-14 -6.39156356488244e-14
 5.08498902302599e+05 -5.55479378760254e-14 -5.96991702758486e-14
 5.12633039719694e+05 -5.58541792843204e-14 -5.57296595218404e-14
 5.16767177136788e+05 -5.61584231657084e-14 -5.20572845412847e-14
 5.20901314553882e+05 -5.64606779151220e-14 -4.87267304021587e-14
 5.25035451970977e+05 -5.67609518975852e-14 -4.57753087345683e-14
 5.29169589388071e+05 -5.70592534476977e-14 -4.32313176010562e-14
 5.33303726805165e+05 -5.73555908698637e-14 -4.11127357370484e-14
 5.37437864222260e+05 -5.76499724382112e-14 -3.94263323124459e-14
 5.41572001639354e+05 -5.79424063980335e-14 -3.81672526105906e-14
 5.45706139056448e+05 -5.82329009640035e-14 -3.73191155724427e-14
 5.49840276473543e+05 -5.85214643193872e-14 -3.68546324620578e-14
 5.53974413890637e+05 -5.88081046217217e-14 -3.67367283818406e-14
 5.58108551307731e+05 -5.90928299961032e-14 -3.69201215332578e-14
 5.62242688724826e+05 -5.93756485392937e-14 -3.73532905920118e-14
 5.66376826141920e+05 -5.96565683173091e-14 -3.79807395055097e-14
 5.70510963559014e+05 -5.99355973675340e-14 -3.87454527927599e-14
 5.74645100976108e+05 -6.02127436997294e-14 -3.95914237814173e-14
 5.78779238393203e+05 -6.04880152919380e-14 -4.04661338181729e-14
 5.82913375810297e+05 -6.07614200934243e-14 -4.13228625390621e-14
 5.87047513227391e+05 -6.10329660282364e-14 -4.21227176411777e-14
 5.91181650644486e+05 -6.13026609882423e-14 -4.28362868125017e-14
 5.95315788061580e+05 -6.15705128385183e-14 -4.34448337794408e-14
 5.99449925478674e+05 -6.18365294133595e-14 -4.39409836509271e-14
 6.03584062895769e+05 -6.21007185203466e-14 -4.43288687409133e-14
 6.07718200312863e+05 -6.23630879379285e-14 -4.46237332715680e-14
 6.11852337729957e+05 -6.26236454165515e-14 -4.48510224596217e-14
 6.15986475147052e+05 -6.28823986793741e-14 -4.50450068891102e-14
 6.20120612564146e+05 -6.31393554189908e-14 -4.52470155364105e-14
 6.24254749981240e+05 -6.33945233028648e-14 -4.55033691083241e-14
 6.28388887398335e+05 -6.36479099671715e-14 -4.58631185678648e-14
 6.32523024815429e+05 -6.38995230256063e-14 -4.63757012865437e-14
 6.36657162232523e+05 -6.41493700580626e-14 -4.70886287205413e-14
 6.40791299649618e+05 -6.43974586188892e-14 -4.80453151369537e-14
 6.44925437066712e+05 -6.46437962375973e-14 -4.92831467542483e-14
 6.49059574483806e+05 -6.48883904123095e-14 -5.08318756736874e-14
 6.53193711900900e+05 -6.51312486180560e-14 -5.27124039117472e-14
 6.57327849317995e+05 -6.53723782981597e-14 -5.49360008445344e-14
 6.61461986735089e+05 -6.56117868716639e-14 -5.75039738229718e-14
 6.65596124152183e+05 -6.58494817304363e-14 -6.04077877880113e-14
 6.69730261569278e+05 -6.60854702377261e-14 -6.36296068852100e-14
 6.73864398986372e+05 -6.63197597314630e-14 -6.71432104906728e-14
 6.77998536403466e+05 -6.65523575217715e-14 -7.09152188057725e-14
 6.82132673820561e+05 -6.67832708911963e-14 -7.49065501832284e-14
 6.86266811237655e+05 -6.70125070985066e-14 -7.90740241406711e-14
 6.90400948654749e+05 -6.72400733736410e-14 -8.33720209453289e-14
 6.94535086071844e+05 -6.74659769208906e-14 -8.77541107821204e-14
 6.98669223488938e+05 -6.76902249170153e-14 -9.21745724273963e-14
 7.02803360906032e+05 -6.79128245146122e-14 -9.65897326346678e-14
 7.06937498323127e+05 -6.81337828385147e-14 -1.00959072158371e-13
 7.11071635740221e+05 -6.83531069866224e-14 -1.05246061626633e-13
 7.15205773157315e+05 -6.85708040349482e-14 -1.09418709102349e-13
 7.19339910574410e+05 -6.87868810286429e-14 -1.13449820040324e-13
 7.23474047991504e+05 -6.90013449908085e-14 -1.17316988329446e-13
 7.27608185408598e+05 -6.92142029156236e-14 -1.21002352974948e-13
 7.31742322825692e+05 -6.94254617742850e-14 -1.24492168033222e-13
 7.35876460242787e+05 -6.96351285108445e-14 -1.27776242666149e-13
 7.40010597659881e+05 -6.98432100439279e-14 -1.30847313377590e-13
 7.44144735076975e+05 -7.00497132673534e-14 -1.33700411223492e-13
 7.48278872494070e+05 -7.02546450501923e-14 -1.36332283204631e-13
 7.52413009911164e+05 -7.04580122341269e-14 -1.38740919432062e-13
 7.56547147328258e+05 -7.06598216384565e-14 -1.40925226593494e-13
 7.60681284745353e+05 -7.08600800559492e-14 -1.42884874463612e-13
 7.64815422162447e+05 -7.10587942535062e-14 -1.44620326729454e-13
 7.68949559579541e+05 -7.12559709755071e-14 -1.46133051198772e-13
 7.73083696996636e+05 -7.14516169386111e-14 -1.47425888610329e-13
 7.77217834413730e+05 -7.16457388380937e-14 -1.48503544937767e-13
 7.81351971830824e+05 -7.18383433406693e-14 -1.49373160030360e-13
 7.85486109247919e+05 -7.20294370926744e-14 -1.50044896721961e-13
 7.89620246665013e+05 -7.22190267121704e-14 -1.50532489520213e-13
 7.93754384082107e+05 -7.24071187956362e-14 -1.50853691304281e-13
 7.97888521499202e+05 -7.25937199147047e-14 -1.51030559951528e-13
 8.02022658916296e+05 -7.27788366151137e-14 -1.51089534577899e-13
 8.06156796333390e+05 -7.29624754202579e-14 -1.51061262534857e-13
 8.10290933750484e+05 -7.31446428294609e-14 -1.50980152857320e-13
 8.14425071167579e+05 -7.33253453177789e-14 -1.50883648708514e-13
 8.18559208584673e+05 -7.35045893345486e-14 -1.50811229423648e-13
 8.22693346001767e+05 -7.36823813072454e-14 -1.50803171032332e-13
 8.26827483418862e+05 -7.38587276410249e-14 -1.50899111410510e-13
 8.30961620835956e+05 -7.40336347124817e-14 -1.51136481522675e-13
 8.35095758253050e+05 -7.42071088800131e-14 -1.51548876511764e-13
 8.39229895670145e+05 -7.43791564761134e-14 -1.52164448812097e-13
 8.43364033087239e+05 -7.45497838083953e-14 -1.53004409574870e-13
 8.47498170504333e+05 -7.47189971651752e-14 -1.54081723921182e-13
 8.51632307921428e+05 -7.48868028064950e-14 -1.55400079908095e-13
 8.55766445338522e+05 -7.50532069737843e-14 -1.56953200841012e-13
 8.59900582755616e+05 -7.52182158829017e-14 -1.58724555918505e-13
 8.64034720172711e+05 -7.53818357260458e-14 -1.60687506184320e-13
 8.68168857589805e+05 -7.55440726758267e-14 -1.62805901958041e-13
 8.72302995006899e+05 -7.57049328759317e-14 -1.65035125625172e-13
 8.76437132423994e+05 -7.58644224545846e-14 -1.67323550999820e-13
 8.80571269841088e+05 -7.60225475134509e-14 -1.69614368511609e-13
 8.84705407258182e+05 -7.61793141311222e-14 -1.71847705678296e-13
 8.88839544675276e+05 -7.63347283647883e-14 -1.73962955467344e-13
 8.92973682092371e+05 -7.64887962486389e-14 -1.75901212418651e-13
 8.97107819509465e+05 -7.66415237929217e-14 -1.77607708428018e-13
 9.01241956926559e+05 -7.67929169899147e-14 -1.79034137358172e-13
 9.05376094343654e+05 -7.69429818059766e-14 -1.80140760380785e-13
 9.09510231760748e+05 -7.70917241870277e-14 -1.80898192172473e-13
 9.13644369177842e+05 -7.72391500556098e-14 -1.81288781239328e-13
 9.17778506594937e+05 -7.73852653123985e-14 -1.81307515372627e-13
 9.21912644012031e+05 -7.75300758363919e-14 -1.80962404423543e-13
 9.26046781429125e+05 -7.76735874866329e-14 -1.80274316422849e-13
 9.30180918846220e+05 -7.78158060975432e-14 -1.79276268178571e-13
 9.34315056263314e+05 -7.79567374823759e-14 -1.78012196792588e-13
 9.38449193680408e+05 -7.80963874333376e-14 -1.76535262616093e-13
 9.42583331097503e+05 -7.82347617221481e-14 -1.74905755946277e-13
 9.46717468514597e+05 -7.83718660975742e-14 -1.73188698097644e-13
 9.50851605931691e+05 -7.85077062865881e-14 -1.71451241480417e-13
 9.54985743348786e+05 -7.86422879934805e-14 -1.69759982272380e-13
 9.59119880765880e+05 -7.87756169074626e-14 -1.68178302800413e-13
 9.63254018182974e+05 -7.89076986901524e-14 -1.66763858613187e-13
 9.67388155600069e+05 -7.90385389842260e-14 -1.65566317746981e-13
 9.71522293017163e+05 -7.91681434101287e-14 -1.64625446954436e-13
 9.75656430434257e+05 -7.92965175697567e-14 -1.63969622729369e-13
 9.79790567851351e+05 -7.94236670421726e-14 -1.63614824328828e-13
 9.83924705268446e+05 -7.95495973868135e-14 -1.63564143044394e-13
 9.88058842685540e+05 -7.96743141407170e-14 -1.63807817569464e-13
 9.92192980102634e+05 -7.97978228215090e-14 -1.64323780935219e-13
 9.96327117519729e+05 -7.99201289263122e-14 -1.65078681151396e-13
 1.00046125493682e+06 -8.00412379314220e-14 -1.66029316663250e-13
 1.00459539235392e+06 -8.01611552917630e-14 -1.67124409967032e-13
 1.00872952977101e+06 -8.02798864413397e-14 -1.68306629084971e-13
 1.01286366718811e+06 -8.03974367974468e-14 -1.69514757669091e-13
 1.01699780460520e+06 -8.05138117531735e-14 -1.70685910681425e-13
 1.02113194202229e+06 -8.06290166835787e-14 -1.71757694025968e-13
 1.02526607943939e+06 -8.07430569424273e-14 -1.72670212878921e-13
 1.02940021685648e+06 -8.08559378636844e-14 -1.73367844573929e-13
 1.03353435427358e+06 -8.09676647607829e-14 -1.73800706924379e-13
 1.03766849169067e+06 -8.10782429275200e-14 -1.73925771042301e-13
 1.04180262910777e+06 -8.11876776406170e-14 -1.73707588059688e-13
 1.04593676652486e+06 -8.12959741521554e-14 -1.73118620516298e-13
 1.05007090394195e+06 -8.14031376979880e-14 -1.72139190547806e-13
 1.05420504135905e+06 -8.15091734925496e-14 -1.70757077066385e-13
 1.05833917877614e+06 -8.16140867299687e-14 -1.68966812107874e-13
 1.06247331619324e+06 -8.17178825881490e-14 -1.66768741251451e-13
 1.06660745361033e+06 -8.18205662239641e-14 -1.64167923925016e-13
 1.07074159102743e+06 -8.19221427727935e-14 -1.61172955952262e-13
 1.07487572844452e+06 -8.20226173511023e-14 -1.57794798459049e-13
 1.07900986586161e+06 -8.21219950602610e-14 -1.54045694346290e-13
 1.08314400327871e+06 -8.22202809773346e-14 -1.49938246001267e-13
 1.08727814069580e+06 -8.23174801625288e-14 -1.45484716384782e-13
 1.09141227811290e+06 -8.24135976579008e-14 -1.40696600454439e-13
 1.09554641552999e+06 -8.25086384831150e-14 -1.35584496220721e-13
 1.09968055294709e+06 -8.26026076433835e-14 -1.30158285282297e-13
 1.10381469036418e+06 -8.26955101212739e-14 -1.24427612587789e-13
 1.10794882778128e+06 -8.27873508827350e-14 -1.18402635580521e-13
 1.11208296519837e+06 -8.28781348751420e-14 -1.12094994670234e-13
 1.11621710261546e+06 -8.29678670254268e-14 -1.05518941317333e-13
 1.12035124003256e+06 -8.30565522422713e-14 -9.86925476426579e-14
 1.12448537744965e+06 -8.31441954179461e-14 -9.16389131237935e-14
 1.12861951486675e+06 -8.32308014231179e-14 -8.43872800942985e-14
 1.13275365228384e+06 -8.33163751124682e-14 -7.69739707390212e-14
 1.13688778970094e+06 -8.34009213210414e-14 -6.94430639572114e-14
 1.14102192711803e+06 -8.34844448654337e-14 -6.18467408523762e-14
 1.14515606453512e+06 -8.35669505440784e-14 -5.42452420474958e-14
 1.14929020195222e+06 -8.36484431397976e-14 -4.67063979857552e-14
 1.15342433936931e+06 -8.37289274128992e-14 -3.93047139901329e-14
 1.15755847678641e+06 -8.38084081100658e-14 -3.21200141565639e-14
 1.16169261420350e+06 -8.38868899551805e-14 -2.52356709897439e-14
 1.16582675162060e+06 -8.39643776576604e-14 -1.87364701567768e-14
 1.16996088903769e+06 -8.40408759093338e-14 -1.27061803909113e-14
 1.17409502645478e+06 -8.41163893815603e-14 -7.22491678010162e-15
 1.17822916387188e+06 -8.41909227296492e-14 -2.36640014231090e-15
 1.18236330128897e+06 -8.42644805926076e-14  1.80477464901736e-15
 1.18649743870607e+06 -8.43370675879655e-14  5.23574331756599e-15
 1.19063157612316e+06 -8.44086883190692e-14  7.88773181078326e-15
 1.19476571354026e+06 -8.44793473700539e-14  9.73805846352504e-15
 1.19889985095735e+06 -8.45490493103153e-14  1.07816770162788e-14
 1.20303398837444e+06 -8.46177986887004e-14  1.10321745630152e-14
 1.20716812579154e+06 -8.46856000350694e-14  1.05221584705495e-14
 1.21130226320863e+06 -8.47524578677696e-14  9.30298986370527e-15
 1.21543640062573e+06 -8.48183766841727e-14  7.44384727204400e-15
 1.21957053804282e+06 -8.48833609657858e-14  5.03013137706948e-15
 1.22370467545992e+06 -8.49474151755490e-14  2.16124946620688e-15
 1.22783881287701e+06 -8.50105437608249e-14 -1.05215527074325e-15
 1.23197295029410e+06 -8.50727511518275e-14 -4.49144008358177e-15
 1.23610708771120e+06 -8.51340417603796e-14 -8.03355405809124e-15
 1.24024122512829e+06 -8.51944199838857e-14 -1.15548572264359e-14
 1.24437536254539e+06 -8.52538902015053e-14 -1.49350283352404e-14
 1.24850949996248e+06 -8.53124567750774e-14 -1.80609162026458e-14
 1.25264363737958e+06 -8.53701240504992e-14 -2.08301895466482e-14
 1.25677777479667e+06 -8.54268963564830e-14 -2.31546461830471e-14
 1.26091191221376e+06 -8.54827780080951e-14 -2.49630544275753e-14
 1.26504604963086e+06 -8.55377733010150e-14 -2.62034168269926e-14
 1.26918018704795e+06 -8.55918865132163e-14 -2.68445684375756e-14
 1.27331432446505e+06 -8.56451219107787e-14 -2.68770477229445e-14
 1.27744846188214e+06 -8.56974837373594e-14 -2.63132067047516e-14
 1.28158259929924e+06 -8.57489762260200e-14 -2.51865571826024e-14
 1.28571673671633e+06 -8.57996035903029e-14 -2.35503800648423e-14
 1.28985087413343e+06 -8.58493700291255e-14 -2.14756541578134e-14
 1.29398501155052e+06 -8.58982797252705e-14 -1.90483875769487e-14
 1.29811914896761e+06 -8.59463368436821e-14 -1.63664582707669e-14
 1.30225328638471e+06 -8.59935455358206e-14 -1.35360889552148e-14
 1.30638742380180e+06 -8.60399099351478e-14 -1.06680950809257e-14
 1.31052156121890e+06 -8.60854341599247e-14 -7.87405196805841e-15
 1.31465569863599e+06 -8.61301223135195e-14 -5.26252833770522e-15
 1.31878983605309e+06 -8.61739784823106e-14 -2.93552835433830e-15
 1.32292397347018e+06 -8.62170067379714e-14 -9.85273093369649e-16
 1.32705811088727e+06 -8.62592111345981e-14  5.08564381048162e-16
 1.33119224830437e+06 -8.63005957135292e-14  1.48107759657987e-15
 1.33532638572146e+06 -8.63411644987667e-14  1.88373138184163e-15
 1.33946052313856e+06 -8.63809214983297e-14  1.68531290492976e-15
 1.34359466055565e+06 -8.64198707046979e-14  8.72218283398150e-16
 1.34772879797275e+06 -8.64580160964679e-14 -5.51907093456714e-16
 1.35186293538984e+06 -8.64953616378871e-14 -2.56712887416825e-15
 1.35599707280693e+06 -8.65319112737496e-14 -5.13871427939397e-15
 1.36013121022403e+06 -8.65676689364212e-14 -8.21906154256799e-15
 1.36426534764112e+06 -8.66026385438430e-14 -1.17499608153849e-14
 1.36839948505822e+06 -8.66368239963383e-14 -1.56650685586803e-14
 1.37253362247531e+06 -8.66702291811915e-14 -1.98924728830650e-14
 1.37666775989241e+06 -8.67028579691666e-14 -2.43572288371508e-14
 1.38080189730950e+06 -8.67347142166533e-14 -2.89837502444303e-14
 1.38493603472659e+06 -8.67658017675106e-14 -3.36979577626651e-14
 1.38907017214369e+06 -8.67961244481651e-14 -3.84291007543214e-14
 1.39320430956078e+06 -8.68256860686708e-14 -4.31111923185327e-14
 1.39733844697788e+06 -8.68544904264822e-14 -4.76840212139606e-14
 1.40147258439497e+06 -8.68825413051595e-14 -5.20937301655666e-14
 1.40560672181207e+06 -8.69098424715533e-14 -5.62929757818914e-14
 1.40974085922916e+06 -8.69363976786866e-14 -6.02407096193304e-14
 1.41387499664625e+06 -8.69622106672218e-14 -6.39016414927027e-14
 1.41800913406335e+06 -8.69872851585622e-14 -6.72454638072499e-14
 1.42214327148044e+06 -8.70116248645416e-14 -7.02459284975423e-14
 1.42627740889754e+06 -8.70352334779105e-14 -7.28798752623469e-14
 1.43041154631463e+06 -8.70581146821578e-14 -7.51263110272506e-14
 1.43454568373173e+06 -8.70802721419797e-14 -7.69656354718550e-14
 1.43867982114882e+06 -8.71017095110489e-14 -7.83790966569234e-14
 1.44281395856591e+06 -8.71224304267551e-14 -7.93485444570735e-14
 1.44694809598301e+06 -8.71424385120854e-14 -7.98565288282658e-14
 1.45108223340010e+06 -8.71617373778877e-14 -7.98867657817147e-14
 1.45521637081720e+06 -8.71803306189235e-14 -7.94249677738360e-14
 1.45935050823429e+06 -8.71982218190597e-14 -7.84600084693620e-14
 1.46348464565139e+06 -8.72154145445185e-14 -7.69853659593638e-14
 1.46761878306848e+06 -8.72319123483833e-14 -7.50007651628726e-14
 1.47175292048557e+06 -8.72477187710649e-14 -7.25139205298928e-14
 1.47588705790267e+06 -8.72628373387629e-14 -6.95422656974138e-14
 1.48002119531976e+06 -8.72772715638021e-14 -6.61145483223084e-14
 1.48415533273686e+06 -8.72910249447126e-14 -6.22721666045531e-14
 1.48828947015395e+06 -8.73041009676547e-14 -5.80701294025372e-14
 1.49242360757105e+06 -8.73165031022479e-14 -5.35775342307474e-14
 1.49655774498814e+06 -8.73282348073088e-14 -4.88774764612299e-14
 1.50069188240524e+06 -8.73392995261312e-14 -4.40663278331243e-14
 1.50482601982233e+06 -8.73497006896684e-14 -3.92523519299259e-14
 1.50896015723942e+06 -8.73594417157225e-14 -3.45536570350669e-14
 1.51309429465652e+06 -8.73685260087262e-14 -3.00955212471913e-14
 1.51722843207361e+06 -8.73769569569854e-14 -2.60071590658731e-14
 1.52136256949071e+06 -8.73847379400863e-14 -2.24180311091341e-14
 1.52549670690780e+06 -8.73918723209055e-14 -1.94538273433253e-14
 1.52963084432490e+06 -8.73983634499541e-14 -1.72322777469026e-14
 1.53376498174199e+06 -8.74042146644922e-14 -1.58589610724831e-14
 1.53789911915908e+06 -8.74094292905411e-14 -1.54232914557044e-14
 1.54203325657618e+06 -8.74140106377917e-14 -1.59948631687899e-14
 1.54616739399327e+06 -8.74179620052111e-14 -1.76203256671593e-14
 1.55030153141037e+06 -8.74212866776672e-14 -2.03209442253159e-14
 1.55443566882746e+06 -8.74239879280063e-14 -2.40909766629108e-14
 1.55856980624456e+06 -8.74260690169226e-14 -2.88969647766402e-14
 1.56270394366165e+06 -8.74275331898771e-14 -3.46780016061192e-14
 1.56683808107874e+06 -8.74283836810710e-14 -4.13469942446505e-14
 1.57097221849584e+06 -8.74286237129815e-14 -4.87928984684446e-14
 1.57510635591293e+06 -8.74282564919511e-14 -5.68838581173922e-14
 1.57924049333003e+06 -8.74272852160509e-14 -6.54711410415853e-14
 1.58337463074712e+06 -8.74257130658280e-14 -7.43937264452695e-14
 1.58750876816422e+06 -8.74235432140844e-14 -8.34833677210262e-14
 1.59164290558131e+06 -8.74207788181421e-14 -9.25699316295376e-14
 1.59577704299840e+06 -8.74174230229058e-14 -1.01486800526156e-13
 1.59991118041550e+06 -8.74134789623666e-14 -1.10076119766851e-13
 1.60404531783259e+06 -8.74089497572340e-14 -1.18193677945143e-13
 1.60817945524969e+06 -8.74038385153540e-14 -1.25713223016071e-13
 1.61231359266678e+06 -8.73981483348896e-14 -1.32530041942787e-13
 1.61644773008388e+06 -8.73918822979116e-14 -1.38563664170483e-13
 1.62058186750097e+06 -8.73850434759132e-14 -1.43759588490551e-13
 1.62471600491806e+06 -8.73776349276570e-14 -1.48089976707825e-13
 1.62885014233516e+06 -8.73696597013054e-14 -1.51553304003179e-13
 1.63298427975225e+06 -8.73611208323652e-14 -1.54173002606850e-13
 1.63711841716935e+06 -8.73520213425167e-14 -1.55995180164886e-13
 1.64125255458644e+06 -8.73423642450017e-14 -1.57085534763433e-13
 1.64538669200354e+06 -8.73321525389620e-14 -1.57525622985050e-13
 1.64952082942063e+06 -8.73213892095487e-14 -1.57408664002681e-13
 1.65365496683772e+06 -8.73100772338703e-14 -1.56835080197833e-13
 1.65778910425482e+06 -8.72982195753427e-14 -1.55907982342661e-13
 1.66192324167191e+06 -8.72858191837461e-14 -1.54728804769277e-13
 1.66605737908901e+06 -8.72728790017086e-14 -1.53393283254135e-13
 1.67019151650610e+06 -8.72594019555763e-14 -1.51987946359153e-13
 1.67432565392320e+06 -8.72453909615182e-14 -1.50587260965388e-13
 1.67845979134029e+06 -8.72308489266735e-14 -1.49251536150396e-13
 1.68259392875739e+06 -8.72157787419040e-14 -1.48025648497726e-13
 1.68672806617448e+06 -8.72001832895307e-14 -1.46938608514587e-13
 1.69086220359157e+06 -8.71840654417618e-14 -1.46003944242297e-13
 1.69499634100867e+06 -8.71674280549614e-14 -1.45220836817611e-13
 1.69913047842576e+06 -8.71502739792195e-14 -1.44575905721035e-13
 1.70326461584286e+06 -8.71326060469273e-14 -1.44045510561955e-13
 1.70739875325995e+06 -8.71144270843566e-14 -1.43598413306633e-13
 1.71153289067705e+06 -8.70957399052793e-14 -1.43198630629440e-13
 1.71566702809414e+06 -8.70765473111562e-14 -1.42808301570262e-13
 1.71980116551123e+06 -8.70568520933556e-14 -1.42390400783818e-13
 1.72393530292833e+06 -8.70366570316625e-14 -1.41911142075431e-13
 1.72806944034542e+06 -8.70159648937964e-14 -1.41341939776557e-13
 1.73220357776252e+06 -8.69947784360981e-14 -1.40660825389314e-13
 1.73633771517961e+06 -8.69731004069990e-14 -1.39853252162576e-13
 1.74047185259671e+06 -8.69509335408373e-14 -1.38912258808862e-13
 1.74460599001380e+06 -8.69282805611433e-14 -1.37838003316018e-13
 1.74874012743089e+06 -8.69051441814321e-14 -1.36636716396728e-13
 1.75287426484799e+06 -8.68815271045618e-14 -1.35319159519502e-13
 1.75700840226508e+06 -8.68574320217793e-14 -1.33898702613932e-13
 1.76114253968218e+06 -8.68328616144308e-14 -1.32389159782820e-13
 1.76527667709927e+06 -8.68078185513014e-14 -1.30802536383745e-13
 1.76941081451637e+06 -8.67823054916249e-14 -1.29146846840433e-13
 1.77354495193346e+06 -8.67563250840109e-14 -1.27424159147013e-13
 1.77767908935055e+06 -8.67298799661544e-14 -1.25629009454652e-13
 1.78181322676765e+06 -8.67029727639156e-14 -1.23747309073060e-13
 1.78594736418474e+06 -8.66756060953606e-14 -1.21755837842844e-13
 1.79008150160184e+06 -8.66477825648920e-14 -1.19622383723289e-13
 1.79421563901893e+06 -8.66195047696221e-14 -1.17306550557218e-13
 1.79834977643603e+06 -8.65907752932009e-14 -1.14761216307634e-13
 1.80248391385312e+06 -8.65615967100976e-14 -1.11934585026901e-13
 1.80661805127021e+06 -8.65319715835593e-14 -1.08772739406204e-13
 1.81075218868731e+06 -8.65019024686543e-14 -1.05222569196566e-13
 1.81488632610440e+06 -8.64713919057050e-14 -1.01234925750050e-13
 1.81902046352150e+06 -8.64404424302889e-14 -9.67678359683987e-14
 1.82315460093859e+06 -8.64090565641203e-14 -9.17896008905212e-14
 1.82728873835569e+06 -8.63772368191701e-14 -8.62816057458285e-14
 1.83142287577278e+06 -8.63449856978640e-14 -8.02406792749832e-14
 1.83555701318987e+06 -8.63123056937708e-14 -7.36808601365135e-14
 1.83969115060697e+06 -8.62791992864821e-14 -6.66344561392901e-14
 1.84382528802406e+06 -8.62456689464344e-14 -5.91523164520315e-14
 1.84795942544116e+06 -8.62117171379986e-14 -5.13032759654467e-14
 1.85209356285825e+06 -8.61773463116406e-14 -4.31727725972164e-14
 1.85622770027535e+06 -8.61425589098702e-14 -3.48606803209753e-14
 1.86036183769244e+06 -8.61073573634621e-14 -2.64784407170794e-14
 1.86449597510954e+06 -8.60717440952484e-14 -1.81456119130601e-14
 1.86863011252663e+06 -8.60357215164037e-14 -9.98598381451031e-15
 1.87276424994372e+06 -8.59992920301112e-14 -2.12343108857160e-15
 1.87689838736082e+06 -8.59624580272766e-14  5.32231091209761e-15
 1.88103252477791e+06 -8.59252218906850e-14  1.22397577184575e-14
 1.88516666219501e+06 -8.58875859929701e-14  1.85294906215583e-14
 1.88930079961210e+06 -8.58495526963137e-14  2.41075053018835e-14
 1.89343493702920e+06 -8.58111243565559e-14  2.89079478396218e-14
 1.89756907444629e+06 -8.57723033155212e-14  3.28851221721791e-14
 1.90170321186338e+06 -8.57330919079443e-14  3.60146890061781e-14
 1.90583734928048e+06 -8.56934924566622e-14  3.82940158876103e-14
 1.90997148669757e+06 -8.56535072790657e-14  3.97416792036686e-14
 1.91410562411467e+06 -8.56131386803995e-14  4.03961594191946e-14
 1.91823976153176e+06 -8.55723889556432e-14  4.03138084356592e-14
 1.92237389894886e+06 -8.55312603918403e-14  3.95662009134156e-14
 1.92650803636595e+06 -8.54897552657291e-14  3.82370078459152e-14
 1.93064217378304e+06 -8.54478758458558e-14  3.64185494214392e-14
 1.93477631120014e+06 -8.54056243907160e-14  3.42081943895059e-14
 1.93891044861723e+06 -8.53630031509330e-14  3.17047743438741e-14
 1.94304458603433e+06 -8.53200143644278e-14  2.90051737549010e-14
 1.94717872345142e+06 -8.52766602624199e-14  2.62012407240461e-14
 1.95131286086852e+06 -8.52329430657339e-14  2.33771405108744e-14
 1.95544699828561e+06 -8.51888649879740e-14  2.06072451623828e-14
 1.95958113570270e+06 -8.51444282310861e-14  1.79546199691453e-14
 1.96371527311980e+06 -8.50996349901315e-14  1.54701327496327e-14
 1.96784941053689e+06 -8.50544874502051e-14  1.31921773020950e-14
 1.97198354795399e+06 -8.50089877879389e-14  1.11469695702257e-14
 1.97611768537108e+06 -8.49631381697143e-14  9.34934611819171e-15
 1.98025182278818e+06 -8.49169407531962e-14  7.80397086312605e-15
 1.98438596020527e+06 -8.48703976867125e-14  6.50683899092758e-15
 1.98852009762236e+06 -8.48235111126651e-14  5.44695732537330e-15
 1.99265423503946e+06 -8.47762831610195e-14  4.60807858364690e-15
 1.99678837245655e+06 -8.47287159547770e-14  3.97037272722774e-15
 2.00092250987365e+06 -8.46808116069268e-14  3.51193158656550e-15
 2.00505664729074e+06 -8.46325722233882e-14  3.21002197465927e-15
 2.00919078470784e+06 -8.45839998997881e-14  3.04202637566163e-15
 2.01332492212493e+06 -8.45350967238749e-14  2.98603732248712e-15
 2.01745905954202e+06 -8.44858647747157e-14  3.02110001948590e-15
 2.02159319695912e+06 -8.44363061200756e-14  3.12712571199161e-15
 2.02572733437621e+06 -8.43864228252582e-14  3.28452397048183e-15
 2.02986147179331e+06 -8.43362169405220e-14  3.47362384116288e-15
 2.03399560921040e+06 -8.42856905094455e-14  3.67397013269866e-15
 2.03812974662750e+06 -8.42348455705126e-14  3.86359119421306e-15
 2.04226388404459e+06 -8.41836841497260e-14  4.01833745857869e-15
 2.04639802146168e+06 -8.41322082648457e-14  4.11138571465817e-15
 2.05053215887878e+06 -8.40804199279057e-14  4.11299281060844e-15
 2.05466629629587e+06 -8.40283211410608e-14  3.99056488679872e-15
 2.05880043371297e+06 -8.39759138954201e-14  3.70908544338698e-15
 2.06293457113006e+06 -8.39232001791853e-14  3.23191900205952e-15
 2.06706870854716e+06 -8.38701819682146e-14  2.52197857578283e-15
 2.07120284596425e+06 -8.38168612305222e-14  1.54321628659933e-15
 2.07533698338135e+06 -8.37632399287651e-14  2.62369393703317e-16
 2.07947112079844e+06 -8.37093200128561e-14 -1.34912966453216e-15
 2.08360525821553e+06 -8.36551034279094e-14 -3.31318919900140e-15
 2.08773939563263e+06 -8.36005921085074e-14 -5.64316221414625e-15
 2.09187353304972e+06 -8.35457879850021e-14 -8.34214521194021e-15
 2.09600767046682e+06 -8.34906929746427e-14 -1.14015954697648e-14
 2.10014180788391e+06 -8.34353089892243e-14 -1.48003793500390e-14
 2.10427594530101e+06 -8.33796379329726e-14 -1.85043454994420e-14
 2.10841008271810e+06 -8.33236817003569e-14 -2.24664915996768e-14
 2.11254422013519e+06 -8.32674421790820e-14 -2.66277627972652e-14
 2.11667835755229e+06 -8.32109212490234e-14 -3.09184857845181e-14
 2.12081249496938e+06 -8.31541207820232e-14 -3.52604066923600e-14
 2.12494663238648e+06 -8.30970426417177e-14 -3.95692654976268e-14
 2.12908076980357e+06 -8.30396886835094e-14 -4.37578066626157e-14
 2.13321490722067e+06 -8.29820607561048e-14 -4.77390972080081e-14
 2.13734904463776e+06 -8.29241606982234e-14 -5.14300011272997e-14
 2.14148318205485e+06 -8.28659903425381e-14 -5.47546444809389e-14
 2.14561731947195e+06 -8.28075515149101e-14 -5.76476996165014e-14
 2.14975145688904e+06 -8.27488460305579e-14 -6.00573204038215e-14
 2.15388559430614e+06 -8.26898757006447e-14 -6.19475731234832e-14
 2.15801973172323e+06 -8.26306423247943e-14 -6.33002291826232e-14
 2.16215386914033e+06 -8.25711476981814e-14 -6.41158152678609e-14
 2.16628800655742e+06 -8.25113936037969e-14 -6.44138522188907e-14
 2.17042214397451e+06 -8.24513818240574e-14 -6.42322541940373e-14
 2.17455628139161e+06 -8.23911141279819e-14 -6.36259021902362e-14
 2.17869041880870e+06 -8.23305922794649e-14 -6.26644486896822e-14
 2.18282455622580e+06 -8.22698180346467e-14 -6.14294504368914e-14
 2.18695869364289e+06 -8.22087931422457e-14 -6.00109621541010e-14
 2.19109283105999e+06 -8.21475193426565e-14 -5.85037531568042e-14
 2.19522696847708e+06 -8.20859983693932e-14 -5.70033297336761e-14
 2.19936110589417e+06 -8.20242319489212e-14 -5.56019575197576e-14
 2.20349524331127e+06 -8.19622218011874e-14 -5.43848792071927e-14
 2.20762938072836e+06 -8.18999696373994e-14 -5.34269136130876e-14
 2.21176351814546e+06 -8.18374771596037e-14 -5.27896027794895e-14
 2.21589765556255e+06 -8.17747460653201e-14 -5.25190453798568e-14
 2.22003179297965e+06 -8.17117780463014e-14 -5.26445187069332e-14
 2.22416593039674e+06 -8.16485747823723e-14 -5.31779498917198e-14
 2.22830006781383e+06 -8.15851379499492e-14 -5.41142519720586e-14
 2.23243420523093e+06 -8.15214692167666e-14 -5.54324943786128e-14
 2.23656834264802e+06 -8.14575702432104e-14 -5.70978330321405e-14
 2.24070248006512e+06 -8.13934426837004e-14 -5.90640848322336e-14
 2.24483661748221e+06 -8.13290881831973e-14 -6.12767972286755e-14
 2.24897075489931e+06 -8.12645083824118e-14 -6.36766377006276e-14
 2.25310489231640e+06 -8.11997049140590e-14 -6.62029117419057e-14
 2.25723902973349e+06 -8.11346794029065e-14 -6.87970124011036e-14
 2.26137316715059e+06 -8.10694334679189e-14 -7.14056098084024e-14
 2.26550730456768e+06 -8.10039687187826e-14 -7.39834052200878e-14
 2.26964144198478e+06 -8.09382867616753e-14 -7.64953000845950e-14
 2.27377557940187e+06 -8.08723891927745e-14 -7.89178649664056e-14
 2.27790971681897e+06 -8.08062776020772e-14 -8.12400340918269e-14
 2.28204385423606e+06 -8.07399535760280e-14 -8.34629963574818e-14
 2.28617799165316e+06 -8.06734186892236e-14 -8.55993004424244e-14
 2.29031212907025e+06 -8.06066745120261e-14 -8.76712375476614e-14
 2.29444626648734e+06 -8.05397226072883e-14 -8.97086075020050e-14
 2.29858040390444e+06 -8.04725645332054e-14 -9.17460102972344e-14
 2.30271454132153e+06 -8.04052018373161e-14 -9.38198332613992e-14
 2.30684867873863e+06 -8.03376360628453e-14 -9.59651225400701e-14
 2.31098281615572e+06 -8.02698687477995e-14 -9.82125350652887e-14
 2.31511695357282e+06 -8.02019014205435e-14 -1.00585563390640e-13
 2.31925109098991e+06 -8.01337356020709e-14 -1.03098210704084e-13
 2.32338522840700e+06 -8.00653728121228e-14 -1.05753267777858e-13
 2.32751936582410e+06 -7.99968145582763e-14 -1.08541308961779e-13
 2.33165350324119e+06 -7.99280623439407e-14 -1.11440482562809e-13
 2.33578764065829e+06 -7.98591176650730e-14 -1.14417124201520e-13
 2.33992177807538e+06 -7.97899820128060e-14 -1.17427172870723e-13
 2.34405591549248e+06 -7.97206568693536e-14 -1.20418321022871e-13
 2.34819005290957e+06 -7.96511437124298e-14 -1.23332784996510e-13
 2.35232419032666e+06 -7.95814440113754e-14 -1.26110542951234e-13
 2.35645832774376e+06 -7.95115592321643e-14 -1.28692856653197e-13
 2.36059246516085e+06 -7.94414908317113e-14 -1.31025872667640e-13
 2.36472660257795e+06 -7.93712402605034e-14 -1.33064089229781e-13
 2.36886073999504e+06 -7.93008089637836e-14 -1.34773477825784e-13
 2.37299487741214e+06 -7.92301983818547e-14 -1.36134063442200e-13
 2.37712901482923e+06 -7.91594099436932e-14 -1.37141793805676e-13
 2.38126315224632e+06 -7.90884450771161e-14 -1.37809564470863e-13
 2.38539728966342e+06 -7.90173052011856e-14 -1.38167311293699e-13
 2.38953142708051e+06 -7.89459917304588e-14 -1.38261132476788e-13
 2.39366556449761e+06 -7.88745060711771e-14 -1.38151456014018e-13
 2.39779970191470e+06 -7.88028496237121e-14 -1.37910322241824e-13
 2.40193383933180e+06 -7.87310237844813e-14 -1.37617902202333e-13
 2.40606797674889e+06 -7.86590299402590e-14 -1.37358417835185e-13
 2.41020211416598e+06 -7.85868694744631e-14 -1.37215667070841e-13
 2.41433625158308e+06 -7.85145437628731e-14 -1.37268383429887e-13
 2.41847038900017e+06 -7.84420541764200e-14 -1.37585674295995e-13
 2.42260452641727e+06 -7.83694020790822e-14 -1.38222783494029e-13
 2.42673866383436e+06 -7.82965888283838e-14 -1.39217412036046e-13
 2.43087280125146e+06 -7.82236157777474e-14 -1.40586806283163e-13
 2.43500693866855e+06 -7.81504842717713e-14 -1.42325786498659e-13
 2.43914107608564e+06 -7.80771956523927e-14 -1.44405842700300e-13
 2.44327521350274e+06 -7.80037512520947e-14 -1.46775371110392e-13
 2.44740935091983e+06 -7.79301523994957e-14 -1.49361066322845e-13
 2.45154348833693e+06 -7.78564004177542e-14 -1.52070424428603e-13
 2.45567762575402e+06 -7.77824966232200e-14 -1.54795254146182e-13
 2.45981176317112e+06 -7.77084423255726e-14 -1.57416039497721e-13
 2.46394590058821e+06 -7.76342388302233e-14 -1.59806951691636e-13
 2.46808003800530e+06 -7.75598874347859e-14 -1.61841272144408e-13
 2.47221417542240e+06 -7.74853894329308e-14 -1.63396964982861e-13
 2.47634831283949e+06 -7.74107461140883e-14 -1.64362127200459e-13
 2.48048245025659e+06 -7.73359587581112e-14 -1.64640048617434e-13
 2.48461658767368e+06 -7.72610286398700e-14 -1.64153631735791e-13
 2.48875072509078e+06 -7.71859570297868e-14 -1.62848952583336e-13
 2.49288486250787e+06 -7.71107451928098e-14 -1.60697786208787e-13
 2.49701899992497e+06 -7.70353943876292e-14 -1.57698972353074e-13
 2.50115313734206e+06 -7.69599058683025e-14 -1.53878555295927e-13
 2.50528727475915e+06 -7.68842808815772e-14 -1.49288693861623e-13
 2.50942141217625e+06 -7.68085206685321e-14 -1.44005399842465e-13
 2.51355554959334e+06 -7.67326264657969e-14 -1.38125222306221e-13
 2.51768968701044e+06 -7.66565995035702e-14 -1.31761048290099e-13
 2.52182382442753e+06 -7.65804410083173e-14 -1.25037234462706e-13
 2.52595796184463e+06 -7.65041521978945e-14 -1.18084317031967e-13
 2.53009209926172e+06 -7.64277342876569e-14 -1.11033566886453e-13
 2.53422623667881e+06 -7.63511884845345e-14 -1.04011662507387e-13
 2.53836037409591e+06 -7.62745159939494e-14 -9.71357444587758e-14
 2.54249451151300e+06 -7.61977180111346e-14 -9.05090925699352e-14
 2.54662864893010e+06 -7.61207957295719e-14 -8.42176317225195e-14
 2.55076278634719e+06 -7.60437503362851e-14 -7.83274261172925e-14
 2.55489692376429e+06 -7.59665830122041e-14 -7.28832677616081e-14
 2.55903106118138e+06 -7.58892949326594e-14 -6.79084054417399e-14
 2.56316519859847e+06 -7.58118872694870e-14 -6.34053989178957e-14
 2.56729933601557e+06 -7.57343611879074e-14 -5.93580228277881e-14
 2.57143347343266e+06 -7.56567178470993e-14 -5.57340890565696e-14
 2.57556761084976e+06 -7.55789584035411e-14 -5.24890080785316e-14
 2.57970174826685e+06 -7.55010840046943e-14 -4.95698716677294e-14
 2.58383588568395e+06 -7.54230957969466e-14 -4.69198134175289e-14
 2.58797002310104e+06 -7.53449949178222e-14 -4.44823910015886e-14
 2.59210416051813e+06 -7.52667825006084e-14 -4.22057358822407e-14
 2.59623829793523e+06 -7.51884596755805e-14 -4.00462318407709e-14
 2.60037243535232e+06 -7.51100275654112e-14 -3.79715125979719e-14
 2.60450657276942e+06 -7.50314872896588e-14 -3.59626091896421e-14
 2.60864071018651e+06 -7.49528399602484e-14 -3.40151273917501e-14
 2.61277484760361e+06 -7.48740866844287e-14 -3.21393917520256e-14
 2.61690898502070e+06 -7.47952285662474e-14 -3.03595524035574e-14
 2.62104312243779e+06 -7.47162667037977e-14 -2.87117106680574e-14
 2.62517725985489e+06 -7.46372021889377e-14 -2.72411761543464e-14
 2.62931139727198e+06 -7.45580361114620e-14 -2.59990184795828e-14
 2.63344553468908e+06 -7.44787695522580e-14 -2.50381181143231e-14
 2.63757967210617e+06 -7.43994035894033e-14 -2.44089509740969e-14
 2.64171380952327e+06 -7.43199392952561e-14 -2.41553583754292e-14
 2.64584794694036e+06 -7.42403777392049e-14 -2.43105571258864e-14
 2.64998208435745e+06 -7.41607199844129e-14 -2.48936333996311e-14
 2.65411622177455e+06 -7.40809670865598e-14 -2.59067393779467e-14
 2.65825035919164e+06 -7.40011201011903e-14 -2.73331746324962e-14
 2.66238449660874e+06 -7.39211800747108e-14 -2.91364868585729e-14
 2.66651863402583e+06 -7.38411480514615e-14 -3.12606715205695e-14
 2.67065277144293e+06 -7.37610250693875e-14 -3.36314899344151e-14
 2.67478690886002e+06 -7.36808121633502e-14 -3.61588638521068e-14
 2.67892104627712e+06 -7.36005103608940e-14 -3.87402447741639e-14
 2.68305518369421e+06 -7.35201206860009e-14 -4.12648014250356e-14
 2.68718932111130e+06 -7.34396441589538e-14 -4.36182219542191e-14
 2.69132345852840e+06 -7.33590817930134e-14 -4.56878910935503e-14
 2.69545759594549e+06 -7.32784345993796e-14 -4.73681787001168e-14
 2.69959173336259e+06 -7.31977035823415e-14 -4.85655661072367e-14
 2.70372587077968e+06 -7.31168897435068e-14 -4.92033412380472e-14
 2.70786000819678e+06 -7.30359940769400e-14 -4.92256121359004e-14
 2.71199414561387e+06 -7.29550175729750e-14 -4.86004207151262e-14
 2.71612828303096e+06 -7.28739612188594e-14 -4.73217822846873e-14
 2.72026242044806e+06 -7.27928259956749e-14 -4.54105296387458e-14
 2.72439655786515e+06 -7.27116128822426e-14 -4.29139004067291e-14
 2.72853069528225e+06 -7.26303228488769e-14 -3.99038697605405e-14
 2.73266483269934e+06 -7.25489568671672e-14 -3.64742942907804e-14
 2.73679897011644e+06 -7.24675158969743e-14 -3.27369933746582e-14
 2.74093310753353e+06 -7.23860008986362e-14 -2.88169488081453e-14
 2.74506724495062e+06 -7.23044128258446e-14 -2.48468486375786e-14
 2.74920138236772e+06 -7.22227526289290e-14 -2.09612350759966e-14
 2.75333551978481e+06 -7.21410212530067e-14 -1.72905370350466e-14
 2.75746965720191e+06 -7.20592196387890e-14 -1.39552743025458e-14
 2.76160379461900e+06 -7.19773487212688e-14 -1.10607123186524e-14
 2.76573793203610e+06 -7.18954094344324e-14 -8.69222437048758e-15
 2.76987206945319e+06 -7.18134027041524e-14 -6.91158292984309e-15
 2.77400620687028e+06 -7.17313294548676e-14 -5.75435576079148e-15
 2.77814034428738e+06 -7.16491906044602e-14 -5.22852755915706e-15
 2.78227448170447e+06 -7.15669870674908e-14 -5.31440730472097e-15
 2.78640861912157e+06 -7.14847197542378e-14 -5.96581813260813e-15
 2.79054275653866e+06 -7.14023895691047e-14 -7.11250378787816e-15
 2.79467689395576e+06 -7.13199974143597e-14 -8.66362668888537e-15
 2.79881103137285e+06 -7.12375441877626e-14 -1.05121803283393e-14
 2.80294516878994e+06 -7.11550307794546e-14 -1.25400958090318e-14
 2.80707930620704e+06 -7.10724580788067e-14 -1.46237908187179e-14
 2.81121344362413e+06 -7.09898269716499e-14 -1.66398907534993e-14
 2.81534758104123e+06 -7.09071383357325e-14 -1.84708469383486e-14
 2.81948171845832e+06 -7.08243930469107e-14 -2.00101859289939e-14
 2.82361585587542e+06 -7.07415919783089e-14 -2.11671461161478e-14
 2.82774999329251e+06 -7.06587359963168e-14 -2.18704920695039e-14
 2.83188413070960e+06 -7.05758259631990e-14 -2.20713412651459e-14
 2.83601826812670e+06 -7.04928627389505e-14 -2.17448896469000e-14
 2.84015240554379e+06 -7.04098471762592e-14 -2.08909791575622e-14
 2.84428654296089e+06 -7.03267801284949e-14 -1.95335089710490e-14
 2.84842068037798e+06 -7.02436624416408e-14 -1.77187494943531e-14
 2.85255481779508e+06 -7.01604949563441e-14 -1.55126715964082e-14
 2.85668895521217e+06 -7.00772785134863e-14 -1.29974500036397e-14
 2.86082309262927e+06 -6.99940139445433e-14 -1.02673372898791e-14
 2.86495723004636e+06 -6.99107020806197e-14 -7.42413156561776e-15
 2.86909136746345e+06 -6.98273437486217e-14 -4.57247552731308e-15
 2.87322550488055e+06 -6.97439397709209e-14 -1.81522661149859e-15
 2.87735964229764e+06 -6.96604909653780e-14  7.50872417560005e-16
 2.88149377971474e+06 -6.95769981449465e-14  3.03901518819304e-15
 2.88562791713183e+06 -6.94934621209135e-14  4.97547083596781e-15
 2.88976205454893e+06 -6.94098836978684e-14  6.50190637803576e-15
 2.89389619196602e+06 -6.93262636813586e-14  7.57680501488706e-15
 2.89803032938311e+06 -6.92426028667898e-14  8.17594344147471e-15
 2.90216446680021e+06 -6.91589020496922e-14  8.29194228696208e-15
 2.90629860421730e+06 -6.90751620218727e-14  7.93295307908531e-15
 2.91043274163440e+06 -6.89913835677655e-14  7.12058971344327e-15
 2.91456687905149e+06 -6.89075674703349e-14  5.88725028472832e-15
 2.91870101646859e+06 -6.88237145090981e-14  4.27300430375347e-15
 2.92283515388568e+06 -6.87398254579407e-14  2.32223937121776e-15
 2.92696929130277e+06 -6.86559010914013e-14  8.02695138809704e-17
 2.93110342871987e+06 -6.85719421730318e-14 -2.40989558480210e-15
 2.93523756613696e+06 -6.84879494680154e-14 -5.11043510510123e-15
 2.93937170355406e+06 -6.84039237364866e-14 -7.99109358090532e-15
 2.94350584097115e+06 -6.83198657342835e-14 -1.10309197310724e-14
 2.94763997838825e+06 -6.82357762143828e-14 -1.42192765639713e-14
 2.95177411580534e+06 -6.81516559242055e-14 -1.75560746616497e-14
 2.95590825322243e+06 -6.80675056091946e-14 -2.10512254506554e-14
 2.96004239063953e+06 -6.79833260104026e-14 -2.47233556697882e-14
 2.96417652805662e+06 -6.78991178651729e-14 -2.85978657562796e-14
 2.96831066547372e+06 -6.78148819068703e-14 -3.27044512875494e-14
 2.97244480289081e+06 -6.77306188682143e-14 -3.70742360419152e-14
 2.97657894030791e+06 -6.76463294733276e-14 -4.17366861903938e-14
 2.98071307772500e+06 -6.75620144445061e-14 -4.67164866300586e-14
 2.98484721514209e+06 -6.74776745019104e-14 -5.20305619220738e-14
 2.98898135255919e+06 -6.73933103606430e-14 -5.76854158777306e-14
 2.99311548997628e+06 -6.73089227339305e-14 -6.36749460810204e-14
 2.99724962739338e+06 -6.72245123294211e-14 -6.99788635450919e-14
 3.00138376481047e+06 -6.71400798520805e-14 -7.65618149139217e-14
 3.00551790222757e+06 -6.70556260028102e-14 -8.33732668158187e-14
 3.00965203964466e+06 -6.69711514790753e-14 -9.03481713786253e-14
 3.01378617706175e+06 -6.68866569764859e-14 -9.74083905721679e-14
 3.01792031447885e+06 -6.68021431836087e-14 -1.04464817276336e-13
 3.02205445189594e+06 -6.67176107881440e-14 -1.11420094803511e-13
 3.02618858931304e+06 -6.66330604762279e-14 -1.18171805855988e-13
 3.03032272673013e+06 -6.65484929265245e-14 -1.24615978224317e-13
 3.03445686414723e+06 -6.64639088155128e-14 -1.30650738993091e-13
 3.03859100156432e+06 -6.63793088175770e-14 -1.36179942318778e-13
 3.04272513898141e+06 -6.62946936005737e-14 -1.41116598250507e-13
 3.04685927639851e+06 -6.62100638321563e-14 -1.45385941334122e-13
 3.05099341381560e+06 -6.61254201767375e-14 -1.48927997005035e-13
 3.05512755123270e+06 -6.60407632923077e-14 -1.51699530165307e-13
 3.05926168864979e+06 -6.59560938352171e-14 -1.53675292123983e-13
 3.06339582606689e+06 -6.58714124591903e-14 -1.54848517649704e-13
 3.06752996348398e+06 -6.57867198143705e-14 -1.55230661340393e-13
 3.07166410090108e+06 -6.57020165458162e-14 -1.54850399834537e-13
 3.07579823831817e+06 -6.56173032974754e-14 -1.53751961679924e-13
 3.07993237573526e+06 -6.55325807093145e-14 -1.51992878154462e-13
 3.08406651315236e+06 -6.54478494167587e-14 -1.49641274457962e-13
 3.08820065056945e+06 -6.53631100527688e-14 -1.46772840228567e-13
 3.09233478798655e+06 -6.52783632472035e-14 -1.43467630395315e-13
 3.09646892540364e+06 -6.51936096270063e-14 -1.39806851542783e-13
 3.10060306282074e+06 -6.51088498158319e-14 -1.35869785162686e-13
 3.10473720023783e+06 -6.50240844320709e-14 -1.31730987805893e-13
 3.10887133765492e+06 -6.49393140944027e-14 -1.27457889991038e-13
 3.11300547507202e+06 -6.48545394176265e-14 -1.23108891829938e-13
 3.11713961248911e+06 -6.47697610072134e-14 -1.18732025184084e-13
 3.12127374990621e+06 -6.46849794742439e-14 -1.14364221241580e-13
 3.12540788732330e+06 -6.46001954218031e-14 -1.10031190315468e-13
 3.12954202474040e+06 -6.45154094508957e-14 -1.05747889393233e-13
 3.13367616215749e+06 -6.44306221597728e-14 -1.01519523713628e-13
 3.13781029957458e+06 -6.43458341431035e-14 -9.73430032179409e-14
 3.14194443699168e+06 -6.42610459914975e-14 -9.32087541666262e-14
 3.14607857440877e+06 -6.41762582940055e-14 -8.91027715064903e-14
 3.15021271182587e+06 -6.40914716347593e-14 -8.50087893272278e-14
 3.15434684924296e+06 -6.40066865974083e-14 -8.09104452182548e-14
 3.15848098666006e+06 -6.39219037601307e-14 -7.67933193520662e-14
 3.16261512407715e+06 -6.38371237006594e-14 -7.26467403469649e-14
 3.16674926149424e+06 -6.37523469905173e-14 -6.84652664392845e-14
 3.17088339891134e+06 -6.36675741993438e-14 -6.42497714210719e-14
 3.17501753632843e+06 -6.35828058962090e-14 -6.00080886943278e-14
 3.17915167374553e+06 -6.34980426424175e-14 -5.57551924983022e-14
 3.18328581116262e+06 -6.34132850021962e-14 -5.15129213815827e-14
 3.18741994857972e+06 -6.33285335295000e-14 -4.73092737867525e-14
 3.19155408599681e+06 -6.32437887811875e-14 -4.31773282510583e-14
 3.19568822341390e+06 -6.31590513095029e-14 -3.91538595602853e-14
 3.19982236083100e+06 -6.30743216641272e-14 -3.52777368290511e-14
 3.20395649824809e+06 -6.29896003901013e-14 -3.15881988461640e-14
 3.20809063566519e+06 -6.29048880311925e-14 -2.81231060301066e-14
 3.21222477308228e+06 -6.28201851272101e-14 -2.49172667618538e-14
 3.21635891049938e+06 -6.27354922168390e-14 -2.20009290533508e-14
 3.22049304791647e+06 -6.26508098324513e-14 -1.93985169016713e-14
 3.22462718533356e+06 -6.25661385082478e-14 -1.71276750872858e-14
 3.22876132275066e+06 -6.24814787707198e-14 -1.51986674846095e-14
 3.23289546016775e+06 -6.23968311455086e-14 -1.36141533876999e-14
 3.23702959758485e+06 -6.23121961577823e-14 -1.23693448724118e-14
 3.24116373500194e+06 -6.22275743247283e-14 -1.14525272240185e-14
 3.24529787241904e+06 -6.21429661661665e-14 -1.08459049652504e-14
 3.24943200983613e+06 -6.20583721961902e-14 -1.05267189645463e-14
 3.25356614725323e+06 -6.19737929266804e-14 -1.04685666033868e-14
 3.25770028467032e+06 -6.18892288658387e-14 -1.06428473564814e-14
 3.26183442208741e+06 -6.18046805200412e-14 -1.10202510841202e-14
 3.26596855950451e+06 -6.17201483924917e-14 -1.15722058412878e-14
 3.27010269692160e+06 -6.16356329849881e-14 -1.22722060915742e-14
 3.27423683433870e+06 -6.15511347940516e-14 -1.30969504758965e-14
 3.27837097175579e+06 -6.14666543160590e-14 -1.40272302529654e-14
 3.28250510917289e+06 -6.13821920421746e-14 -1.50485243718682e-14
 3.28663924658998e+06 -6.12977484619272e-14 -1.61512741472766e-14
 3.29077338400707e+06 -6.12133240632673e-14 -1.73308285113722e-14
 3.29490752142417e+06 -6.11289193305659e-14 -1.85870690490678e-14
 3.29904165884126e+06 -6.10445347451667e-14 -1.99237413481611e-14
 3.30317579625836e+06 -6.09601707848357e-14 -2.13475347424544e-14
 3.30730993367545e+06 -6.08758279283884e-14 -2.28669655866987e-14
 3.31144407109255e+06 -6.07915066475565e-14 -2.44911289775335e-14
 3.31557820850964e+06 -6.07072074135440e-14 -2.62283901017816e-14
 3.31971234592673e+06 -6.06229306949414e-14 -2.80850886257439e-14
 3.32384648334383e+06 -6.05386769582918e-14 -3.00643279663313e-14
 3.32798062076092e+06 -6.04544466650903e-14 -3.21649159028990e-14
 3.33211475817802e+06 -6.03702402779913e-14 -3.43805142484645e-14
 3.33624889559511e+06 -6.02860582520529e-14 -3.66990436412805e-14
 3.34038303301221e+06 -6.02019010441886e-14 -3.91023758244542e-14
 3.34451717042930e+06 -6.01177691086341e-14 -4.15663304683856e-14
 3.34865130784639e+06 -6.00336628946553e-14 -4.40609778764803e-14
 3.35278544526349e+06 -5.99495828492950e-14 -4.65512333536836e-14
 3.35691958268058e+06 -5.98655294184774e-14 -4.89977144807906e-14
 3.36105372009768e+06 -5.97815030432655e-14 -5.13578198123618e-14
 3.36518785751477e+06 -5.96975041651713e-14 -5.35869771677417e-14
 3.36932199493187e+06 -5.96135332214563e-14 -5.56400021429670e-14
 3.37345613234896e+06 -5.95295906475579e-14 -5.74725031511381e-14
 3.37759026976605e+06 -5.94456768762959e-14 -5.90422682420716e-14
 3.38172440718315e+06 -5.93617923385318e-14 -6.03105711989476e-14
 3.38585854460024e+06 -5.92779374601881e-14 -6.12433396949628e-14
 3.38999268201734e+06 -5.91941126671139e-14 -6.18121363457317e-14
 3.39412681943443e+06 -5.91103183818004e-14 -6.19949137001388e-14
 3.39826095685153e+06 -5.90265550243290e-14 -6.17765161587714e-14
 3.40239509426862e+06 -5.89428230136860e-14 -6.11489146734496e-14
 3.40652923168571e+06 -5.88591227650597e-14 -6.01111733015513e-14
 3.41066336910281e+06 -5.87754546921300e-14 -5.86691595271722e-14
 3.41479750651990e+06 -5.86918192057733e-14 -5.68350220856561e-14
 3.41893164393700e+06 -5.86082167128827e-14 -5.46264702808365e-14
 3.42306578135409e+06 -5.85246476203702e-14 -5.20658970030234e-14
 3.42719991877119e+06 -5.84411123325758e-14 -4.91793934325562e-14
 3.43133405618828e+06 -5.83576112484205e-14 -4.59957066508756e-14
 3.43546819360538e+06 -5.82741447690278e-14 -4.25451918741998e-14
 3.43960233102247e+06 -5.81907132897974e-14 -3.88588088741898e-14
 3.44373646843956e+06 -5.81073172056923e-14 -3.49672076923856e-14
 3.44787060585666e+06 -5.80239569081196e-14 -3.08999420241351e-14
 3.45200474327375e+06 -5.79406327877303e-14 -2.66848403774949e-14
 3.45613888069085e+06 -5.78573452296148e-14 -2.23475555139047e-14
 3.46027301810794e+06 -5.77740946214476e-14 -1.79113025203781e-14
 3.46440715552504e+06 -5.76908813433208e-14 -1.33967854349768e-14
 3.46854129294213e+06 -5.76077057768076e-14 -8.82230253656781e-15
 3.47267543035922e+06 -5.75245683005318e-14 -4.20401128017447e-15
 3.47680956777632e+06 -5.74414692904108e-14  4.43673713995348e-16
 3.48094370519341e+06 -5.73584091200849e-14  5.10758222309295e-15
 3.48507784261051e+06 -5.72753881611569e-14  9.77522614752465e-15
 3.48921198002760e+06 -5.71924067820130e-14  1.44342119415185e-14
 3.49334611744470e+06 -5.71094653498430e-14  1.90716661031795e-14
 3.49748025486179e+06 -5.70265642294320e-14  2.36737098769297e-14
 3.50161439227888e+06 -5.69437037856402e-14  2.82250152445423e-14
 3.50574852969598e+06 -5.68608843772524e-14  3.27084686880121e-14
 3.50988266711307e+06 -5.67781063617300e-14  3.71049623211235e-14
 3.51401680453017e+06 -5.66953700953186e-14  4.13933243968728e-14
 3.51815094194726e+06 -5.66126759329694e-14  4.55503931381565e-14
 3.52228507936436e+06 -5.65300242257254e-14  4.95512298840373e-14
 3.52641921678145e+06 -5.64474153236116e-14  5.33694600572470e-14
 3.53055335419854e+06 -5.63648495741659e-14  5.69777238721779e-14
 3.53468749161564e+06 -5.62823273223146e-14  6.03482132661171e-14
 3.53882162903273e+06 -5.61998489107726e-14  6.34532675898780e-14
 3.54295576644983e+06 -5.61174146825255e-14  6.62659982310720e-14
 3.54708990386692e+06 -5.60350249747542e-14  6.87609117306218e-14
 3.55122404128402e+06 -5.59526801255091e-14  7.09145019238160e-14
 3.55535817870111e+06 -5.58703804693182e-14  7.27057843207232e-14
 3.55949231611820e+06 -5.57881263382658e-14  7.41167498723954e-14
 3.56362645353530e+06 -5.57059180641912e-14  7.51327204243263e-14
 3.56776059095239e+06 -5.56237559758677e-14  7.57425941010079e-14
 3.57189472836949e+06 -5.55416403987356e-14  7.59389752463854e-14
 3.57602886578658e+06 -5.54595716582608e-14  7.57181900566747e-14
 3.58016300320368e+06 -5.53775500762028e-14  7.50801952768306e-14
 3.58429714062077e+06 -5.52955759743565e-14  7.40283928944834e-14
 3.58843127803786e+06 -5.52136496703185e-14  7.25693684922526e-14
 3.59256541545496e+06 -5.51317714800864e-14  7.07125743689812e-14
 3.59669955287205e+06 -5.50499417190975e-14  6.84699807090908e-14
 3.60083369028915e+06 -5.49681606994303e-14  6.58557187476149e-14
 3.60496782770624e+06 -5.48864287323030e-14  6.28857390441272e-14
 3.60910196512334e+06 -5.48047461255313e-14  5.95775057668989e-14
 3.61323610254043e+06 -5.47231131862075e-14  5.59497443380944e-14
 3.61737023995752e+06 -5.46415302187785e-14  5.20222552165644e-14
 3.62150437737462e+06 -5.45599975257364e-14  4.78158011760867e-14
 3.62563851479171e+06 -5.44785154084974e-14  4.33520695811538e-14
 3.62977265220881e+06 -5.43970841642955e-14  3.86537051429696e-14
 3.63390678962590e+06 -5.43157040916056e-14  3.37444028471334e-14
 3.63804092704300e+06 -5.42343754842396e-14  2.86490455594597e-14
 3.64217506446009e+06 -5.41530986371395e-14  2.33938664520238e-14
 3.64630920187719e+06 -5.40718738413313e-14  1.80066133014620e-14
 3.65044333929428e+06 -5.39907013839010e-14  1.25166898787959e-14
 3.65457747671137e+06 -5.39095815526223e-14  6.95524944286073e-15
 3.65871161412847e+06 -5.38285146349240e-14  1.35521668723429e-15
 3.66284575154556e+06 -5.37475009128918e-14 -4.24878263537396e-15
 3.66697988896266e+06 -5.36665406674949e-14 -9.82060085712232e-15
 3.67111402637975e+06 -5.35856341814191e-14 -1.53228671474923e-14
 3.67524816379685e+06 -5.35047817299363e-14 -2.07174101591751e-14
 3.67938230121394e+06 -5.34239835914249e-14 -2.59658016803916e-14
 3.68351643863103e+06 -5.33432400399312e-14 -3.10300108540098e-14
 3.68765057604813e+06 -5.32625513465925e-14 -3.58731512343367e-14
 3.69178471346522e+06 -5.31819177825022e-14 -4.04602960859924e-14
 3.69591885088232e+06 -5.31013396193179e-14 -4.47593314455873e-14
 3.70005298829941e+06 -5.30208171214227e-14 -4.87418118462999e-14
 3.70418712571651e+06 -5.29403505553956e-14 -5.23837806105625e-14
 3.70832126313360e+06 -5.28599401836078e-14 -5.56665153429054e-14
 3.71245540055069e+06 -5.27795862693498e-14 -5.85771600619269e-14
 3.71658953796779e+06 -5.26992890724886e-14 -6.11092081212769e-14
 3.72072367538488e+06 -5.26190488512041e-14 -6.32628047978582e-14
 3.72485781280198e+06 -5.25388658621651e-14 -6.50448449110057e-14
 3.72899195021907e+06 -5.24587403597702e-14 -6.64688488808646e-14
 3.73312608763617e+06 -5.23786725968089e-14 -6.75546098921028e-14
 3.73726022505326e+06 -5.22986628246936e-14 -6.83276148412776e-14
 3.74139436247035e+06 -5.22187112937450e-14 -6.88182521287885e-14
 3.74552849988745e+06 -5.21388182519945e-14 -6.90608295155247e-14
 3.74966263730454e+06 -5.20589839451737e-14 -6.90924347842683e-14
 3.75379677472164e+06 -5.19792086167722e-14 -6.89516802541840e-14
 3.75793091213873e+06 -5.18994925120691e-14 -6.86773789125007e-14
 3.76206504955583e+06 -5.18198358694676e-14 -6.83072046041422e-14
 3.76619918697292e+06 -5.17402389309162e-14 -6.78763911753240e-14
 3.77033332439001e+06 -5.16607019325343e-14 -6.74165252979516e-14
 3.77446746180711e+06 -5.15812251096755e-14 -6.69544851424013e-14
 3.77860159922420e+06 -5.15018086982289e-14 -6.65115718354636e-14
 3.78273573664130e+06 -5.14224529305590e-14 -6.61028731720787e-14
 3.78686987405839e+06 -5.13431580372640e-14 -6.57368895191646e-14
 3.79100401147549e+06 -5.12639242492933e-14 -6.54154406610083e-14
 3.79513814889258e+06 -5.11847517923676e-14 -6.51338600175626e-14
 3.79927228630967e+06 -5.11056408943692e-14 -6.48814698144154e-14
 3.80340642372677e+06 -5.10265917806749e-14 -6.46423178680004e-14
 3.80754056114386e+06 -5.09476046717277e-14 -6.43961445093813e-14
 3.81167469856096e+06 -5.08686797910061e-14 -6.41195372079641e-14
 3.81580883597805e+06 -5.07898173573664e-14 -6.37872213054518e-14
 3.81994297339515e+06 -5.07110175896982e-14 -6.33734285044083e-14
 3.82407711081224e+06 -5.06322807040730e-14 -6.28532805566018e-14
 3.82821124822934e+06 -5.05536069164696e-14 -6.22041244164280e-14
 3.83234538564643e+06 -5.04749964394967e-14 -6.14067569194017e-14
 3.83647952306352e+06 -5.03964494846266e-14 -6.04464819156341e-14
 3.84061366048062e+06 -5.03179662628235e-14 -5.93139504192943e-14
 3.84474779789771e+06 -5.02395469834171e-14 -5.80057445037321e-14
 3.84888193531481e+06 -5.01611918543451e-14 -5.65246778513494e-14
 3.85301607273190e+06 -5.00829010810779e-14 -5.48797995150189e-14
 3.85715021014900e+06 -5.00046748662181e-14 -5.30861018874551e-14
 3.86128434756609e+06 -4.99265134135398e-14 -5.11639484238041e-14
 3.86541848498318e+06 -4.98484169238421e-14 -4.91382505415178e-14
 3.86955262240028e+06 -4.97703855967106e-14 -4.70374357115011e-14
 3.87368675981737e+06 -4.96924196306578e-14 -4.48922592885841e-14
 3.87782089723447e+06 -4.96145192226258e-14 -4.27345206363176e-14
 3.88195503465156e+06 -4.95366845680300e-14 -4.05957490929177e-14
 3.88608917206866e+06 -4.94589158600942e-14 -3.85059270099199e-14
 3.89022330948575e+06 -4.93812132913143e-14 -3.64923153548026e-14
 3.89435744690284e+06 -4.93035770513232e-14 -3.45784422062500e-14
 3.89849158431994e+06 -4.92260073320996e-14 -3.27833061746598e-14
 3.90262572173703e+06 -4.91485043189320e-14 -3.11208356099834e-14
 3.90675985915413e+06 -4.90710682003988e-14 -2.95996311458663e-14
 3.91089399657122e+06 -4.89936991588070e-14 -2.82230040567150e-14
 3.91502813398832e+06 -4.89163973790482e-14 -2.69893071621631e-14
 3.91916227140541e+06 -4.88391630439876e-14 -2.58925390799770e-14
 3.92329640882250e+06 -4.87619963337279e-14 -2.49231876192981e-14
 3.92743054623960e+06 -4.86848974271395e-14 -2.40692646319566e-14
 3.93156468365669e+06 -4.86078665022591e-14 -2.33174735161555e-14
 3.93569882107379e+06 -4.85309037345622e-14 -2.26544424171190e-14
 3.93983295849088e+06 -4.84540093003821e-14 -2.20679514701043e-14
 3.94396709590798e+06 -4.83771833740368e-14 -2.15480814561911e-14
 3.94810123332507e+06 -4.83004261270649e-14 -2.10882141976745e-14
 3.95223537074216e+06 -4.82237377304612e-14 -2.06858217341492e-14
 3.95636950815926e+06 -4.81471183528082e-14 -2.03429915568380e-14
 3.96050364557635e+06 -4.80705681629590e-14 -2.00666484941005e-14
 3.96463778299345e+06 -4.79940873273941e-14 -1.98684495232720e-14
 3.96877192041054e+06 -4.79176760103158e-14 -1.97643451385916e-14
 3.97290605782764e+06 -4.78413343778469e-14 -1.97738189948669e-14
 3.97704019524473e+06 -4.77650625925154e-14 -1.99188354399870e-14
 3.98117433266182e+06 -4.76888608136778e-14 -2.02225413756271e-14
 3.98530847007892e+06 -4.76127292039620e-14 -2.07077836342311e-14
 3.98944260749601e+06 -4.75366679214489e-14 -2.13955149655775e-14
 3.99357674491311e+06 -4.74606771220575e-14 -2.23031701855345e-14
 3.99771088233020e+06 -4.73847569633853e-14 -2.34430983643109e-14
 4.00184501974730e+06 -4.73089075996969e-14 -2.48211369630768e-14
 4.00597915716439e+06 -4.72331291836420e-14 -2.64354094329034e-14
 4.01011329458148e+06 -4.71574218673993e-14 -2.82754190478256e-14
 4.01424743199858e+06 -4.70817858039361e-14 -3.03214990798909e-14
 4.01838156941567e+06 -4.70062211407446e-14 -3.25446633831988e-14
 4.02251570683277e+06 -4.69307280268314e-14 -3.49068828162158e-14
 4.02664984424986e+06 -4.68553066081875e-14 -3.73617925121908e-14
 4.03078398166696e+06 -4.67799570323139e-14 -3.98558139673774e-14
 4.03491811908405e+06 -4.67046794423290e-14 -4.23296551324639e-14
 4.03905225650115e+06 -4.66294739825478e-14 -4.47201324044818e-14
 4.04318639391824e+06 -4.65543407941003e-14 -4.69622414394439e-14
 4.04732053133533e+06 -4.64792800189317e-14 -4.89913901224161e-14
 4.05145466875243e+06 -4.64042917950577e-14 -5.07456973970224e-14
 4.05558880616952e+06 -4.63293762606931e-14 -5.21682566796051e-14
 4.05972294358662e+06 -4.62545335538721e-14 -5.32092624188929e-14
 4.06385708100371e+06 -4.61797638105052e-14 -5.38279032186090e-14
 4.06799121842081e+06 -4.61050671640810e-14 -5.39939345334768e-14
 4.07212535583790e+06 -4.60304437486120e-14 -5.36888579089796e-14
 4.07625949325499e+06 -4.59558936957254e-14 -5.29066513525129e-14
 4.08039363067209e+06 -4.58814171359524e-14 -5.16540159327901e-14
 4.08452776808918e+06 -4.58070142008355e-14 -4.99501260021941e-14
 4.08866190550628e+06 -4.57326850176971e-14 -4.78258934922458e-14
 4.09279604292337e+06 -4.56584297128904e-14 -4.53227793975413e-14
 4.09693018034047e+06 -4.55842484141909e-14 -4.24912066304898e-14
 4.10106431775756e+06 -4.55101412468889e-14 -3.93886469268867e-14
 4.10519845517465e+06 -4.54361083340716e-14 -3.60774694200718e-14
 4.10933259259175e+06 -4.53621497991876e-14 -3.26226491421329e-14
 4.11346673000884e+06 -4.52882657623517e-14 -2.90894394707376e-14
 4.11760086742594e+06 -4.52144563446458e-14 -2.55411132261900e-14
 4.12173500484303e+06 -4.51407216656791e-14 -2.20368725598735e-14
 4.12586914226013e+06 -4.50670618424141e-14 -1.86300183421801e-14
 4.13000327967722e+06 -4.49934769923800e-14 -1.53664558426689e-14
 4.13413741709431e+06 -4.49199672318276e-14 -1.22835958458602e-14
