#time(au), s(t), s(t) without exp(iwt)
 0.00000000000000e+01  0.00000000000000e+00  0.00000000000000e+00
 4.13413741709430e+03  0.00000000000000e+00  0.00000000000000e+00
 8.26827483418859e+03  0.00000000000000e+00  0.00000000000000e+00
 1.24024122512829e+04  0.00000000000000e+00  0.00000000000000e+00
 1.65365496683772e+04  0.00000000000000e+00  0.00000000000000e+00
 2.06706870854715e+04  0.00000000000000e+00  0.00000000000000e+00
 2.48048245025658e+04  0.00000000000000e+00  0.00000000000000e+00
 2.89389619196601e+04  0.00000000000000e+00  0.00000000000000e+00
 3.30730993367544e+04  0.00000000000000e+00  0.00000000000000e+00
 3.72072367538487e+04  0.00000000000000e+00  0.00000000000000e+00
 4.13413741709430e+04  0.00000000000000e+00  0.00000000000000e+00
 4.54755115880372e+04  0.00000000000000e+00  0.00000000000000e+00
 4.96096490051315e+04  0.00000000000000e+00  0.00000000000000e+00
 5.37437864222258e+04  0.00000000000000e+00  0.00000000000000e+00
 5.78779238393201e+04  0.00000000000000e+00  0.00000000000000e+00
 6.20120612564144e+04  0.00000000000000e+00  0.00000000000000e+00
 6.61461986735087e+04  0.00000000000000e+00  0.00000000000000e+00
 7.02803360906030e+04  0.00000000000000e+00  0.00000000000000e+00
 7.44144735076973e+04  0.00000000000000e+00  0.00000000000000e+00
 7.85486109247916e+04  0.00000000000000e+00  0.00000000000000e+00
 8.26827483418859e+04  0.00000000000000e+00  0.00000000000000e+00
 8.68168857589802e+04  0.00000000000000e+00  0.00000000000000e+00
 9.09510231760745e+04  0.00000000000000e+00  0.00000000000000e+00
 9.50851605931688e+04  0.00000000000000e+00  0.00000000000000e+00
 9.92192980102631e+04  0.00000000000000e+00  0.00000000000000e+00
 1.03353435427357e+05  0.00000000000000e+00  0.00000000000000e+00
 1.07487572844452e+05  0.00000000000000e+00  0.00000000000000e+00
 1.11621710261546e+05  0.00000000000000e+00  0.00000000000000e+00
 1.15755847678640e+05  0.00000000000000e+00  0.00000000000000e+00
 1.19889985095735e+05  0.00000000000000e+00  0.00000000000000e+00
 1.24024122512829e+05  0.00000000000000e+00  0.00000000000000e+00
 1.28158259929923e+05  0.00000000000000e+00  0.00000000000000e+00
 1.32292397347018e+05  0.00000000000000e+00  0.00000000000000e+00
 1.36426534764112e+05  0.00000000000000e+00  0.00000000000000e+00
 1.40560672181206e+05  0.00000000000000e+00  0.00000000000000e+00
 1.44694809598300e+05  0.00000000000000e+00  0.00000000000000e+00
 1.48828947015395e+05  0.00000000000000e+00  0.00000000000000e+00
 1.52963084432489e+05  0.00000000000000e+00  0.00000000000000e+00
 1.57097221849583e+05  0.00000000000000e+00  0.00000000000000e+00
 1.61231359266678e+05  0.00000000000000e+00  0.00000000000000e+00
 1.65365496683772e+05  0.00000000000000e+00  0.00000000000000e+00
 1.69499634100866e+05  0.00000000000000e+00  0.00000000000000e+00
 1.73633771517960e+05  0.00000000000000e+00  0.00000000000000e+00
 1.77767908935055e+05  0.00000000000000e+00  0.00000000000000e+00
 1.81902046352149e+05  0.00000000000000e+00  0.00000000000000e+00
 1.86036183769243e+05  0.00000000000000e+00  0.00000000000000e+00
 1.90170321186338e+05  0.00000000000000e+00  0.00000000000000e+00
 1.94304458603432e+05  0.00000000000000e+00  0.00000000000000e+00
 1.98438596020526e+05  0.00000000000000e+00  0.00000000000000e+00
 2.02572733437620e+05  0.00000000000000e+00  0.00000000000000e+00
 2.06706870854715e+05  0.00000000000000e+00  0.00000000000000e+00
 2.10841008271809e+05  0.00000000000000e+00  0.00000000000000e+00
 2.14975145688903e+05  0.00000000000000e+00  0.00000000000000e+00
 2.19109283105998e+05  0.00000000000000e+00  0.00000000000000e+00
 2.23243420523092e+05  0.00000000000000e+00  0.00000000000000e+00
 2.27377557940186e+05  0.00000000000000e+00  0.00000000000000e+00
 2.31511695357280e+05  0.00000000000000e+00  0.00000000000000e+00
 2.35645832774375e+05  0.00000000000000e+00  0.00000000000000e+00
 2.39779970191469e+05  0.00000000000000e+00  0.00000000000000e+00
 2.43914107608563e+05  0.00000000000000e+00  0.00000000000000e+00
 2.48048245025658e+05  0.00000000000000e+00  0.00000000000000e+00
 2.52182382442752e+05  0.00000000000000e+00  0.00000000000000e+00
 2.56316519859846e+05  0.00000000000000e+00  0.00000000000000e+00
 2.60450657276940e+05  0.00000000000000e+00  0.00000000000000e+00
 2.64584794694035e+05  0.00000000000000e+00  0.00000000000000e+00
 2.68718932111129e+05  0.00000000000000e+00  0.00000000000000e+00
 2.72853069528223e+05  0.00000000000000e+00  0.00000000000000e+00
 2.76987206945318e+05  0.00000000000000e+00  0.00000000000000e+00
 2.81121344362412e+05  0.00000000000000e+00  0.00000000000000e+00
 2.85255481779506e+05  0.00000000000000e+00  0.00000000000000e+00
 2.89389619196601e+05  0.00000000000000e+00  0.00000000000000e+00
 2.93523756613695e+05  0.00000000000000e+00  0.00000000000000e+00
 2.97657894030789e+05  0.00000000000000e+00  0.00000000000000e+00
 3.01792031447884e+05  0.00000000000000e+00  0.00000000000000e+00
 3.05926168864978e+05  0.00000000000000e+00  0.00000000000000e+00
 3.10060306282072e+05  0.00000000000000e+00  0.00000000000000e+00
 3.14194443699167e+05  0.00000000000000e+00  0.00000000000000e+00
 3.18328581116261e+05  0.00000000000000e+00  0.00000000000000e+00
 3.22462718533355e+05  0.00000000000000e+00  0.00000000000000e+00
 3.26596855950449e+05  0.00000000000000e+00  0.00000000000000e+00
 3.30730993367544e+05  0.00000000000000e+00  0.00000000000000e+00
 3.34865130784638e+05  0.00000000000000e+00  0.00000000000000e+00
 3.38999268201732e+05  0.00000000000000e+00  0.00000000000000e+00
 3.43133405618827e+05  0.00000000000000e+00  0.00000000000000e+00
 3.47267543035921e+05  0.00000000000000e+00  0.00000000000000e+00
 3.51401680453015e+05  0.00000000000000e+00  0.00000000000000e+00
 3.55535817870110e+05  0.00000000000000e+00  0.00000000000000e+00
 3.59669955287204e+05  0.00000000000000e+00  0.00000000000000e+00
 3.63804092704298e+05  0.00000000000000e+00  0.00000000000000e+00
 3.67938230121393e+05  0.00000000000000e+00  0.00000000000000e+00
 3.72072367538487e+05  0.00000000000000e+00  0.00000000000000e+00
 3.76206504955581e+05  0.00000000000000e+00  0.00000000000000e+00
 3.80340642372676e+05  0.00000000000000e+00  0.00000000000000e+00
 3.84474779789770e+05  0.00000000000000e+00  0.00000000000000e+00
 3.88608917206864e+05  0.00000000000000e+00  0.00000000000000e+00
 3.92743054623959e+05  0.00000000000000e+00  0.00000000000000e+00
 3.96877192041053e+05  0.00000000000000e+00  0.00000000000000e+00
 4.01011329458147e+05  0.00000000000000e+00  0.00000000000000e+00
 4.05145466875241e+05  0.00000000000000e+00  0.00000000000000e+00
 4.09279604292336e+05  0.00000000000000e+00  0.00000000000000e+00
 4.13413741709430e+05  0.00000000000000e+00  0.00000000000000e+00
 4.17547879126524e+05  0.00000000000000e+00  0.00000000000000e+00
 4.21682016543619e+05  0.00000000000000e+00  0.00000000000000e+00
 4.25816153960713e+05  0.00000000000000e+00  0.00000000000000e+00
 4.29950291377807e+05  0.00000000000000e+00  0.00000000000000e+00
 4.34084428794902e+05  0.00000000000000e+00  0.00000000000000e+00
 4.38218566211996e+05  0.00000000000000e+00  0.00000000000000e+00
 4.42352703629090e+05  0.00000000000000e+00  0.00000000000000e+00
 4.46486841046185e+05  0.00000000000000e+00  0.00000000000000e+00
 4.50620978463279e+05  0.00000000000000e+00  0.00000000000000e+00
 4.54755115880373e+05  0.00000000000000e+00  0.00000000000000e+00
 4.58889253297468e+05  0.00000000000000e+00  0.00000000000000e+00
 4.63023390714562e+05  0.00000000000000e+00  0.00000000000000e+00
 4.67157528131656e+05  0.00000000000000e+00  0.00000000000000e+00
 4.71291665548751e+05  0.00000000000000e+00  0.00000000000000e+00
 4.75425802965845e+05  0.00000000000000e+00  0.00000000000000e+00
 4.79559940382939e+05  0.00000000000000e+00  0.00000000000000e+00
 4.83694077800033e+05  0.00000000000000e+00  0.00000000000000e+00
 4.87828215217128e+05  0.00000000000000e+00  0.00000000000000e+00
 4.91962352634222e+05  0.00000000000000e+00  0.00000000000000e+00
 4.96096490051316e+05  0.00000000000000e+00  0.00000000000000e+00
 5.00230627468411e+05  0.00000000000000e+00  0.00000000000000e+00
 5.04364764885505e+05  0.00000000000000e+00  0.00000000000000e+00
 5.08498902302599e+05  0.00000000000000e+00  0.00000000000000e+00
 5.12633039719694e+05  0.00000000000000e+00  0.00000000000000e+00
 5.16767177136788e+05  0.00000000000000e+00  0.00000000000000e+00
 5.20901314553882e+05  0.00000000000000e+00  0.00000000000000e+00
 5.25035451970977e+05  0.00000000000000e+00  0.00000000000000e+00
 5.29169589388071e+05  0.00000000000000e+00  0.00000000000000e+00
 5.33303726805165e+05  0.00000000000000e+00  0.00000000000000e+00
 5.37437864222260e+05  0.00000000000000e+00  0.00000000000000e+00
 5.41572001639354e+05  0.00000000000000e+00  0.00000000000000e+00
 5.45706139056448e+05  0.00000000000000e+00  0.00000000000000e+00
 5.49840276473543e+05  0.00000000000000e+00  0.00000000000000e+00
 5.53974413890637e+05  0.00000000000000e+00  0.00000000000000e+00
 5.58108551307731e+05  0.00000000000000e+00  0.00000000000000e+00
 5.62242688724826e+05  0.00000000000000e+00  0.00000000000000e+00
 5.66376826141920e+05  0.00000000000000e+00  0.00000000000000e+00
 5.70510963559014e+05  0.00000000000000e+00  0.00000000000000e+00
 5.74645100976108e+05  0.00000000000000e+00  0.00000000000000e+00
 5.78779238393203e+05  0.00000000000000e+00  0.00000000000000e+00
 5.82913375810297e+05  0.00000000000000e+00  0.00000000000000e+00
 5.87047513227391e+05  0.00000000000000e+00  0.00000000000000e+00
 5.91181650644486e+05  0.00000000000000e+00  0.00000000000000e+00
 5.95315788061580e+05  0.00000000000000e+00  0.00000000000000e+00
 5.99449925478674e+05  0.00000000000000e+00  0.00000000000000e+00
 6.03584062895769e+05  0.00000000000000e+00  0.00000000000000e+00
 6.07718200312863e+05  0.00000000000000e+00  0.00000000000000e+00
 6.11852337729957e+05  0.00000000000000e+00  0.00000000000000e+00
 6.15986475147052e+05  0.00000000000000e+00  0.00000000000000e+00
 6.20120612564146e+05  0.00000000000000e+00  0.00000000000000e+00
 6.24254749981240e+05  0.00000000000000e+00  0.00000000000000e+00
 6.28388887398335e+05  0.00000000000000e+00  0.00000000000000e+00
 6.32523024815429e+05  0.00000000000000e+00  0.00000000000000e+00
 6.36657162232523e+05  0.00000000000000e+00  0.00000000000000e+00
 6.40791299649618e+05  0.00000000000000e+00  0.00000000000000e+00
 6.44925437066712e+05  0.00000000000000e+00  0.00000000000000e+00
 6.49059574483806e+05  0.00000000000000e+00  0.00000000000000e+00
 6.53193711900900e+05  0.00000000000000e+00  0.00000000000000e+00
 6.57327849317995e+05  0.00000000000000e+00  0.00000000000000e+00
 6.61461986735089e+05  0.00000000000000e+00  0.00000000000000e+00
 6.65596124152183e+05  0.00000000000000e+00  0.00000000000000e+00
 6.69730261569278e+05  0.00000000000000e+00  0.00000000000000e+00
 6.73864398986372e+05  0.00000000000000e+00  0.00000000000000e+00
 6.77998536403466e+05  0.00000000000000e+00  0.00000000000000e+00
 6.82132673820561e+05  0.00000000000000e+00  0.00000000000000e+00
 6.86266811237655e+05  0.00000000000000e+00  0.00000000000000e+00
 6.90400948654749e+05  0.00000000000000e+00  0.00000000000000e+00
 6.94535086071844e+05  0.00000000000000e+00  0.00000000000000e+00
 6.98669223488938e+05  0.00000000000000e+00  0.00000000000000e+00
 7.02803360906032e+05  0.00000000000000e+00  0.00000000000000e+00
 7.06937498323127e+05  0.00000000000000e+00  0.00000000000000e+00
 7.11071635740221e+05  0.00000000000000e+00  0.00000000000000e+00
 7.15205773157315e+05  0.00000000000000e+00  0.00000000000000e+00
 7.19339910574410e+05  0.00000000000000e+00  0.00000000000000e+00
 7.23474047991504e+05  0.00000000000000e+00  0.00000000000000e+00
 7.27608185408598e+05  0.00000000000000e+00  0.00000000000000e+00
 7.31742322825692e+05  0.00000000000000e+00  0.00000000000000e+00
 7.35876460242787e+05  0.00000000000000e+00  0.00000000000000e+00
 7.40010597659881e+05  0.00000000000000e+00  0.00000000000000e+00
 7.44144735076975e+05  0.00000000000000e+00  0.00000000000000e+00
 7.48278872494070e+05  0.00000000000000e+00  0.00000000000000e+00
 7.52413009911164e+05  0.00000000000000e+00  0.00000000000000e+00
 7.56547147328258e+05  0.00000000000000e+00  0.00000000000000e+00
 7.60681284745353e+05  0.00000000000000e+00  0.00000000000000e+00
 7.64815422162447e+05  0.00000000000000e+00  0.00000000000000e+00
 7.68949559579541e+05  0.00000000000000e+00  0.00000000000000e+00
 7.73083696996636e+05  0.00000000000000e+00  0.00000000000000e+00
 7.77217834413730e+05  0.00000000000000e+00  0.00000000000000e+00
 7.81351971830824e+05  0.00000000000000e+00  0.00000000000000e+00
 7.85486109247919e+05  0.00000000000000e+00  0.00000000000000e+00
 7.89620246665013e+05  0.00000000000000e+00  0.00000000000000e+00
 7.93754384082107e+05  0.00000000000000e+00  0.00000000000000e+00
 7.97888521499202e+05  0.00000000000000e+00  0.00000000000000e+00
 8.02022658916296e+05  0.00000000000000e+00  0.00000000000000e+00
 8.06156796333390e+05  0.00000000000000e+00  0.00000000000000e+00
 8.10290933750484e+05  0.00000000000000e+00  0.00000000000000e+00
 8.14425071167579e+05  0.00000000000000e+00  0.00000000000000e+00
 8.18559208584673e+05  0.00000000000000e+00  0.00000000000000e+00
 8.22693346001767e+05  0.00000000000000e+00  0.00000000000000e+00
 8.26827483418862e+05  0.00000000000000e+00  0.00000000000000e+00
 8.30961620835956e+05  0.00000000000000e+00  0.00000000000000e+00
 8.35095758253050e+05  0.00000000000000e+00  0.00000000000000e+00
 8.39229895670145e+05  0.00000000000000e+00  0.00000000000000e+00
 8.43364033087239e+05  0.00000000000000e+00  0.00000000000000e+00
 8.47498170504333e+05  0.00000000000000e+00  0.00000000000000e+00
 8.51632307921428e+05  0.00000000000000e+00  0.00000000000000e+00
 8.55766445338522e+05  0.00000000000000e+00  0.00000000000000e+00
 8.59900582755616e+05  0.00000000000000e+00  0.00000000000000e+00
 8.64034720172711e+05  0.00000000000000e+00  0.00000000000000e+00
 8.68168857589805e+05  0.00000000000000e+00  0.00000000000000e+00
 8.72302995006899e+05  0.00000000000000e+00  0.00000000000000e+00
 8.76437132423994e+05  0.00000000000000e+00  0.00000000000000e+00
 8.80571269841088e+05  0.00000000000000e+00  0.00000000000000e+00
 8.84705407258182e+05  0.00000000000000e+00  0.00000000000000e+00
 8.88839544675276e+05  0.00000000000000e+00  0.00000000000000e+00
 8.92973682092371e+05  0.00000000000000e+00  0.00000000000000e+00
 8.97107819509465e+05  0.00000000000000e+00  0.00000000000000e+00
 9.01241956926559e+05  0.00000000000000e+00  0.00000000000000e+00
 9.05376094343654e+05  0.00000000000000e+00  0.00000000000000e+00
 9.09510231760748e+05  0.00000000000000e+00  0.00000000000000e+00
 9.13644369177842e+05  0.00000000000000e+00  0.00000000000000e+00
 9.17778506594937e+05  0.00000000000000e+00  0.00000000000000e+00
 9.21912644012031e+05  0.00000000000000e+00  0.00000000000000e+00
 9.26046781429125e+05  0.00000000000000e+00  0.00000000000000e+00
 9.30180918846220e+05  0.00000000000000e+00  0.00000000000000e+00
 9.34315056263314e+05  0.00000000000000e+00  0.00000000000000e+00
 9.38449193680408e+05  0.00000000000000e+00  0.00000000000000e+00
 9.42583331097503e+05  0.00000000000000e+00  0.00000000000000e+00
 9.46717468514597e+05  0.00000000000000e+00  0.00000000000000e+00
 9.50851605931691e+05  0.00000000000000e+00  0.00000000000000e+00
 9.54985743348786e+05  0.00000000000000e+00  0.00000000000000e+00
 9.59119880765880e+05  0.00000000000000e+00  0.00000000000000e+00
 9.63254018182974e+05  0.00000000000000e+00  0.00000000000000e+00
 9.67388155600069e+05  0.00000000000000e+00  0.00000000000000e+00
 9.71522293017163e+05  0.00000000000000e+00  0.00000000000000e+00
 9.75656430434257e+05  0.00000000000000e+00  0.00000000000000e+00
 9.79790567851351e+05  0.00000000000000e+00  0.00000000000000e+00
 9.83924705268446e+05  0.00000000000000e+00  0.00000000000000e+00
 9.88058842685540e+05  0.00000000000000e+00  0.00000000000000e+00
 9.92192980102634e+05  0.00000000000000e+00  0.00000000000000e+00
 9.96327117519729e+05  0.00000000000000e+00  0.00000000000000e+00
 1.00046125493682e+06  0.00000000000000e+00  0.00000000000000e+00
 1.00459539235392e+06  0.00000000000000e+00  0.00000000000000e+00
 1.00872952977101e+06  0.00000000000000e+00  0.00000000000000e+00
 1.01286366718811e+06  0.00000000000000e+00  0.00000000000000e+00
 1.01699780460520e+06  0.00000000000000e+00  0.00000000000000e+00
 1.02113194202229e+06  0.00000000000000e+00  0.00000000000000e+00
 1.02526607943939e+06  0.00000000000000e+00  0.00000000000000e+00
 1.02940021685648e+06  0.00000000000000e+00  0.00000000000000e+00
 1.03353435427358e+06  0.00000000000000e+00  0.00000000000000e+00
 1.03766849169067e+06  0.00000000000000e+00  0.00000000000000e+00
 1.04180262910777e+06  0.00000000000000e+00  0.00000000000000e+00
 1.04593676652486e+06  0.00000000000000e+00  0.00000000000000e+00
 1.05007090394195e+06  0.00000000000000e+00  0.00000000000000e+00
 1.05420504135905e+06  0.00000000000000e+00  0.00000000000000e+00
 1.05833917877614e+06  0.00000000000000e+00  0.00000000000000e+00
 1.06247331619324e+06  0.00000000000000e+00  0.00000000000000e+00
 1.06660745361033e+06  0.00000000000000e+00  0.00000000000000e+00
 1.07074159102743e+06  0.00000000000000e+00  0.00000000000000e+00
 1.07487572844452e+06  0.00000000000000e+00  0.00000000000000e+00
 1.07900986586161e+06  0.00000000000000e+00  0.00000000000000e+00
 1.08314400327871e+06  0.00000000000000e+00  0.00000000000000e+00
 1.08727814069580e+06  0.00000000000000e+00  0.00000000000000e+00
 1.09141227811290e+06  0.00000000000000e+00  0.00000000000000e+00
 1.09554641552999e+06  0.00000000000000e+00  0.00000000000000e+00
 1.09968055294709e+06  0.00000000000000e+00  0.00000000000000e+00
 1.10381469036418e+06  0.00000000000000e+00  0.00000000000000e+00
 1.10794882778128e+06  0.00000000000000e+00  0.00000000000000e+00
 1.11208296519837e+06  0.00000000000000e+00  0.00000000000000e+00
 1.11621710261546e+06  0.00000000000000e+00  0.00000000000000e+00
 1.12035124003256e+06  0.00000000000000e+00  0.00000000000000e+00
 1.12448537744965e+06  0.00000000000000e+00  0.00000000000000e+00
 1.12861951486675e+06  0.00000000000000e+00  0.00000000000000e+00
 1.13275365228384e+06  0.00000000000000e+00  0.00000000000000e+00
 1.13688778970094e+06  0.00000000000000e+00  0.00000000000000e+00
 1.14102192711803e+06  0.00000000000000e+00  0.00000000000000e+00
 1.14515606453512e+06  0.00000000000000e+00  0.00000000000000e+00
 1.14929020195222e+06  0.00000000000000e+00  0.00000000000000e+00
 1.15342433936931e+06  0.00000000000000e+00  0.00000000000000e+00
 1.15755847678641e+06  0.00000000000000e+00  0.00000000000000e+00
 1.16169261420350e+06  0.00000000000000e+00  0.00000000000000e+00
 1.16582675162060e+06  0.00000000000000e+00  0.00000000000000e+00
 1.16996088903769e+06  0.00000000000000e+00  0.00000000000000e+00
 1.17409502645478e+06  0.00000000000000e+00  0.00000000000000e+00
 1.17822916387188e+06  0.00000000000000e+00  0.00000000000000e+00
 1.18236330128897e+06  0.00000000000000e+00  0.00000000000000e+00
 1.18649743870607e+06  0.00000000000000e+00  0.00000000000000e+00
 1.19063157612316e+06  0.00000000000000e+00  0.00000000000000e+00
 1.19476571354026e+06  0.00000000000000e+00  0.00000000000000e+00
 1.19889985095735e+06  0.00000000000000e+00  0.00000000000000e+00
 1.20303398837444e+06  0.00000000000000e+00  0.00000000000000e+00
 1.20716812579154e+06  0.00000000000000e+00  0.00000000000000e+00
 1.21130226320863e+06  0.00000000000000e+00  0.00000000000000e+00
 1.21543640062573e+06  0.00000000000000e+00  0.00000000000000e+00
 1.21957053804282e+06  0.00000000000000e+00  0.00000000000000e+00
 1.22370467545992e+06  0.00000000000000e+00  0.00000000000000e+00
 1.22783881287701e+06  0.00000000000000e+00  0.00000000000000e+00
 1.23197295029410e+06  0.00000000000000e+00  0.00000000000000e+00
 1.23610708771120e+06  0.00000000000000e+00  0.00000000000000e+00
 1.24024122512829e+06  0.00000000000000e+00  0.00000000000000e+00
 1.24437536254539e+06  0.00000000000000e+00  0.00000000000000e+00
 1.24850949996248e+06  0.00000000000000e+00  0.00000000000000e+00
 1.25264363737958e+06  0.00000000000000e+00  0.00000000000000e+00
 1.25677777479667e+06  0.00000000000000e+00  0.00000000000000e+00
 1.26091191221376e+06  0.00000000000000e+00  0.00000000000000e+00
 1.26504604963086e+06  0.00000000000000e+00  0.00000000000000e+00
 1.26918018704795e+06  0.00000000000000e+00  0.00000000000000e+00
 1.27331432446505e+06  0.00000000000000e+00  0.00000000000000e+00
 1.27744846188214e+06  0.00000000000000e+00  0.00000000000000e+00
 1.28158259929924e+06  0.00000000000000e+00  0.00000000000000e+00
 1.28571673671633e+06  0.00000000000000e+00  0.00000000000000e+00
 1.28985087413343e+06  0.00000000000000e+00  0.00000000000000e+00
 1.29398501155052e+06  0.00000000000000e+00  0.00000000000000e+00
 1.29811914896761e+06  0.00000000000000e+00  0.00000000000000e+00
 1.30225328638471e+06  0.00000000000000e+00  0.00000000000000e+00
 1.30638742380180e+06  0.00000000000000e+00  0.00000000000000e+00
 1.31052156121890e+06  0.00000000000000e+00  0.00000000000000e+00
 1.31465569863599e+06  0.00000000000000e+00  0.00000000000000e+00
 1.31878983605309e+06  0.00000000000000e+00  0.00000000000000e+00
 1.32292397347018e+06  0.00000000000000e+00  0.00000000000000e+00
 1.32705811088727e+06  0.00000000000000e+00  0.00000000000000e+00
 1.33119224830437e+06  0.00000000000000e+00  0.00000000000000e+00
 1.33532638572146e+06  0.00000000000000e+00  0.00000000000000e+00
 1.33946052313856e+06  0.00000000000000e+00  0.00000000000000e+00
 1.34359466055565e+06  0.00000000000000e+00  0.00000000000000e+00
 1.34772879797275e+06  0.00000000000000e+00  0.00000000000000e+00
 1.35186293538984e+06  0.00000000000000e+00  0.00000000000000e+00
 1.35599707280693e+06  0.00000000000000e+00  0.00000000000000e+00
 1.36013121022403e+06  0.00000000000000e+00  0.00000000000000e+00
 1.36426534764112e+06  0.00000000000000e+00  0.00000000000000e+00
 1.36839948505822e+06  0.00000000000000e+00  0.00000000000000e+00
 1.37253362247531e+06  0.00000000000000e+00  0.00000000000000e+00
 1.37666775989241e+06  0.00000000000000e+00  0.00000000000000e+00
 1.38080189730950e+06  0.00000000000000e+00  0.00000000000000e+00
 1.38493603472659e+06  0.00000000000000e+00  0.00000000000000e+00
 1.38907017214369e+06  0.00000000000000e+00  0.00000000000000e+00
 1.39320430956078e+06  0.00000000000000e+00  0.00000000000000e+00
 1.39733844697788e+06  0.00000000000000e+00  0.00000000000000e+00
 1.40147258439497e+06  0.00000000000000e+00  0.00000000000000e+00
 1.40560672181207e+06  0.00000000000000e+00  0.00000000000000e+00
 1.40974085922916e+06  0.00000000000000e+00  0.00000000000000e+00
 1.41387499664625e+06  0.00000000000000e+00  0.00000000000000e+00
 1.41800913406335e+06  0.00000000000000e+00  0.00000000000000e+00
 1.42214327148044e+06  0.00000000000000e+00  0.00000000000000e+00
 1.42627740889754e+06  0.00000000000000e+00  0.00000000000000e+00
 1.43041154631463e+06  0.00000000000000e+00  0.00000000000000e+00
 1.43454568373173e+06  0.00000000000000e+00  0.00000000000000e+00
 1.43867982114882e+06  0.00000000000000e+00  0.00000000000000e+00
 1.44281395856591e+06  0.00000000000000e+00  0.00000000000000e+00
 1.44694809598301e+06  0.00000000000000e+00  0.00000000000000e+00
 1.45108223340010e+06  0.00000000000000e+00  0.00000000000000e+00
 1.45521637081720e+06  0.00000000000000e+00  0.00000000000000e+00
 1.45935050823429e+06  0.00000000000000e+00  0.00000000000000e+00
 1.46348464565139e+06  0.00000000000000e+00  0.00000000000000e+00
 1.46761878306848e+06  0.00000000000000e+00  0.00000000000000e+00
 1.47175292048557e+06  0.00000000000000e+00  0.00000000000000e+00
 1.47588705790267e+06  0.00000000000000e+00  0.00000000000000e+00
 1.48002119531976e+06  0.00000000000000e+00  0.00000000000000e+00
 1.48415533273686e+06  0.00000000000000e+00  0.00000000000000e+00
 1.48828947015395e+06  0.00000000000000e+00  0.00000000000000e+00
 1.49242360757105e+06  0.00000000000000e+00  0.00000000000000e+00
 1.49655774498814e+06  0.00000000000000e+00  0.00000000000000e+00
 1.50069188240524e+06  0.00000000000000e+00  0.00000000000000e+00
 1.50482601982233e+06  0.00000000000000e+00  0.00000000000000e+00
 1.50896015723942e+06  0.00000000000000e+00  0.00000000000000e+00
 1.51309429465652e+06  0.00000000000000e+00  0.00000000000000e+00
 1.51722843207361e+06  0.00000000000000e+00  0.00000000000000e+00
 1.52136256949071e+06  0.00000000000000e+00  0.00000000000000e+00
 1.52549670690780e+06  0.00000000000000e+00  0.00000000000000e+00
 1.52963084432490e+06  0.00000000000000e+00  0.00000000000000e+00
 1.53376498174199e+06  0.00000000000000e+00  0.00000000000000e+00
 1.53789911915908e+06  0.00000000000000e+00  0.00000000000000e+00
 1.54203325657618e+06  0.00000000000000e+00  0.00000000000000e+00
 1.54616739399327e+06  0.00000000000000e+00  0.00000000000000e+00
 1.55030153141037e+06  0.00000000000000e+00  0.00000000000000e+00
 1.55443566882746e+06  0.00000000000000e+00  0.00000000000000e+00
 1.55856980624456e+06  0.00000000000000e+00  0.00000000000000e+00
 1.56270394366165e+06  0.00000000000000e+00  0.00000000000000e+00
 1.56683808107874e+06  0.00000000000000e+00  0.00000000000000e+00
 1.57097221849584e+06  0.00000000000000e+00  0.00000000000000e+00
 1.57510635591293e+06  0.00000000000000e+00  0.00000000000000e+00
 1.57924049333003e+06  0.00000000000000e+00  0.00000000000000e+00
 1.58337463074712e+06  0.00000000000000e+00  0.00000000000000e+00
 1.58750876816422e+06  0.00000000000000e+00  0.00000000000000e+00
 1.59164290558131e+06  0.00000000000000e+00  0.00000000000000e+00
 1.59577704299840e+06  0.00000000000000e+00  0.00000000000000e+00
 1.59991118041550e+06  0.00000000000000e+00  0.00000000000000e+00
 1.60404531783259e+06  0.00000000000000e+00  0.00000000000000e+00
 1.60817945524969e+06  0.00000000000000e+00  0.00000000000000e+00
 1.61231359266678e+06  0.00000000000000e+00  0.00000000000000e+00
 1.61644773008388e+06  0.00000000000000e+00  0.00000000000000e+00
 1.62058186750097e+06  0.00000000000000e+00  0.00000000000000e+00
 1.62471600491806e+06  0.00000000000000e+00  0.00000000000000e+00
 1.62885014233516e+06  0.00000000000000e+00  0.00000000000000e+00
 1.63298427975225e+06  0.00000000000000e+00  0.00000000000000e+00
 1.63711841716935e+06  0.00000000000000e+00  0.00000000000000e+00
 1.64125255458644e+06  0.00000000000000e+00  0.00000000000000e+00
 1.64538669200354e+06  0.00000000000000e+00  0.00000000000000e+00
 1.64952082942063e+06  0.00000000000000e+00  0.00000000000000e+00
 1.65365496683772e+06  0.00000000000000e+00  0.00000000000000e+00
 1.65778910425482e+06  0.00000000000000e+00  0.00000000000000e+00
 1.66192324167191e+06  0.00000000000000e+00  0.00000000000000e+00
 1.66605737908901e+06  0.00000000000000e+00  0.00000000000000e+00
 1.67019151650610e+06  0.00000000000000e+00  0.00000000000000e+00
 1.67432565392320e+06  0.00000000000000e+00  0.00000000000000e+00
 1.67845979134029e+06  0.00000000000000e+00  0.00000000000000e+00
 1.68259392875739e+06  0.00000000000000e+00  0.00000000000000e+00
 1.68672806617448e+06  0.00000000000000e+00  0.00000000000000e+00
 1.69086220359157e+06  0.00000000000000e+00  0.00000000000000e+00
 1.69499634100867e+06  0.00000000000000e+00  0.00000000000000e+00
 1.69913047842576e+06  0.00000000000000e+00  0.00000000000000e+00
 1.70326461584286e+06  0.00000000000000e+00  0.00000000000000e+00
 1.70739875325995e+06  0.00000000000000e+00  0.00000000000000e+00
 1.71153289067705e+06  0.00000000000000e+00  0.00000000000000e+00
 1.71566702809414e+06  0.00000000000000e+00  0.00000000000000e+00
 1.71980116551123e+06  0.00000000000000e+00  0.00000000000000e+00
 1.72393530292833e+06  0.00000000000000e+00  0.00000000000000e+00
 1.72806944034542e+06  0.00000000000000e+00  0.00000000000000e+00
 1.73220357776252e+06  0.00000000000000e+00  0.00000000000000e+00
 1.73633771517961e+06  0.00000000000000e+00  0.00000000000000e+00
 1.74047185259671e+06  0.00000000000000e+00  0.00000000000000e+00
 1.74460599001380e+06  0.00000000000000e+00  0.00000000000000e+00
 1.74874012743089e+06  0.00000000000000e+00  0.00000000000000e+00
 1.75287426484799e+06  0.00000000000000e+00  0.00000000000000e+00
 1.75700840226508e+06  0.00000000000000e+00  0.00000000000000e+00
 1.76114253968218e+06  0.00000000000000e+00  0.00000000000000e+00
 1.76527667709927e+06  0.00000000000000e+00  0.00000000000000e+00
 1.76941081451637e+06  0.00000000000000e+00  0.00000000000000e+00
 1.77354495193346e+06  0.00000000000000e+00  0.00000000000000e+00
 1.77767908935055e+06  0.00000000000000e+00  0.00000000000000e+00
 1.78181322676765e+06  0.00000000000000e+00  0.00000000000000e+00
 1.78594736418474e+06  0.00000000000000e+00  0.00000000000000e+00
 1.79008150160184e+06  0.00000000000000e+00  0.00000000000000e+00
 1.79421563901893e+06  0.00000000000000e+00  0.00000000000000e+00
 1.79834977643603e+06  0.00000000000000e+00  0.00000000000000e+00
 1.80248391385312e+06  0.00000000000000e+00  0.00000000000000e+00
 1.80661805127021e+06  0.00000000000000e+00  0.00000000000000e+00
 1.81075218868731e+06  0.00000000000000e+00  0.00000000000000e+00
 1.81488632610440e+06  0.00000000000000e+00  0.00000000000000e+00
 1.81902046352150e+06  0.00000000000000e+00  0.00000000000000e+00
 1.82315460093859e+06  0.00000000000000e+00  0.00000000000000e+00
 1.82728873835569e+06  0.00000000000000e+00  0.00000000000000e+00
 1.83142287577278e+06  0.00000000000000e+00  0.00000000000000e+00
 1.83555701318987e+06  0.00000000000000e+00  0.00000000000000e+00
 1.83969115060697e+06  0.00000000000000e+00  0.00000000000000e+00
 1.84382528802406e+06  0.00000000000000e+00  0.00000000000000e+00
 1.84795942544116e+06  0.00000000000000e+00  0.00000000000000e+00
 1.85209356285825e+06  0.00000000000000e+00  0.00000000000000e+00
 1.85622770027535e+06  0.00000000000000e+00  0.00000000000000e+00
 1.86036183769244e+06  0.00000000000000e+00  0.00000000000000e+00
 1.86449597510954e+06  0.00000000000000e+00  0.00000000000000e+00
 1.86863011252663e+06  0.00000000000000e+00  0.00000000000000e+00
 1.87276424994372e+06  0.00000000000000e+00  0.00000000000000e+00
 1.87689838736082e+06  0.00000000000000e+00  0.00000000000000e+00
 1.88103252477791e+06  0.00000000000000e+00  0.00000000000000e+00
 1.88516666219501e+06  0.00000000000000e+00  0.00000000000000e+00
 1.88930079961210e+06  0.00000000000000e+00  0.00000000000000e+00
 1.89343493702920e+06  0.00000000000000e+00  0.00000000000000e+00
 1.89756907444629e+06  0.00000000000000e+00  0.00000000000000e+00
 1.90170321186338e+06  0.00000000000000e+00  0.00000000000000e+00
 1.90583734928048e+06  0.00000000000000e+00  0.00000000000000e+00
 1.90997148669757e+06  0.00000000000000e+00  0.00000000000000e+00
 1.91410562411467e+06  0.00000000000000e+00  0.00000000000000e+00
 1.91823976153176e+06  0.00000000000000e+00  0.00000000000000e+00
 1.92237389894886e+06  0.00000000000000e+00  0.00000000000000e+00
 1.92650803636595e+06  0.00000000000000e+00  0.00000000000000e+00
 1.93064217378304e+06  0.00000000000000e+00  0.00000000000000e+00
 1.93477631120014e+06  0.00000000000000e+00  0.00000000000000e+00
 1.93891044861723e+06  0.00000000000000e+00  0.00000000000000e+00
 1.94304458603433e+06  0.00000000000000e+00  0.00000000000000e+00
 1.94717872345142e+06  0.00000000000000e+00  0.00000000000000e+00
 1.95131286086852e+06  0.00000000000000e+00  0.00000000000000e+00
 1.95544699828561e+06  0.00000000000000e+00  0.00000000000000e+00
 1.95958113570270e+06  0.00000000000000e+00  0.00000000000000e+00
 1.96371527311980e+06  0.00000000000000e+00  0.00000000000000e+00
 1.96784941053689e+06  0.00000000000000e+00  0.00000000000000e+00
 1.97198354795399e+06  0.00000000000000e+00  0.00000000000000e+00
 1.97611768537108e+06  0.00000000000000e+00  0.00000000000000e+00
 1.98025182278818e+06  0.00000000000000e+00  0.00000000000000e+00
 1.98438596020527e+06  0.00000000000000e+00  0.00000000000000e+00
 1.98852009762236e+06  0.00000000000000e+00  0.00000000000000e+00
 1.99265423503946e+06  0.00000000000000e+00  0.00000000000000e+00
 1.99678837245655e+06  0.00000000000000e+00  0.00000000000000e+00
 2.00092250987365e+06  0.00000000000000e+00  0.00000000000000e+00
 2.00505664729074e+06  0.00000000000000e+00  0.00000000000000e+00
 2.00919078470784e+06  0.00000000000000e+00  0.00000000000000e+00
 2.01332492212493e+06  0.00000000000000e+00  0.00000000000000e+00
 2.01745905954202e+06  0.00000000000000e+00  0.00000000000000e+00
 2.02159319695912e+06  0.00000000000000e+00  0.00000000000000e+00
 2.02572733437621e+06  0.00000000000000e+00  0.00000000000000e+00
 2.02986147179331e+06  0.00000000000000e+00  0.00000000000000e+00
 2.03399560921040e+06  0.00000000000000e+00  0.00000000000000e+00
 2.03812974662750e+06  0.00000000000000e+00  0.00000000000000e+00
 2.04226388404459e+06  0.00000000000000e+00  0.00000000000000e+00
 2.04639802146168e+06  0.00000000000000e+00  0.00000000000000e+00
 2.05053215887878e+06  0.00000000000000e+00  0.00000000000000e+00
 2.05466629629587e+06  0.00000000000000e+00  0.00000000000000e+00
 2.05880043371297e+06  0.00000000000000e+00  0.00000000000000e+00
 2.06293457113006e+06  0.00000000000000e+00  0.00000000000000e+00
 2.06706870854716e+06  0.00000000000000e+00  0.00000000000000e+00
 2.07120284596425e+06  0.00000000000000e+00  0.00000000000000e+00
 2.07533698338135e+06  0.00000000000000e+00  0.00000000000000e+00
 2.07947112079844e+06  0.00000000000000e+00  0.00000000000000e+00
 2.08360525821553e+06  0.00000000000000e+00  0.00000000000000e+00
 2.08773939563263e+06  0.00000000000000e+00  0.00000000000000e+00
 2.09187353304972e+06  0.00000000000000e+00  0.00000000000000e+00
 2.09600767046682e+06  0.00000000000000e+00  0.00000000000000e+00
 2.10014180788391e+06  0.00000000000000e+00  0.00000000000000e+00
 2.10427594530101e+06  0.00000000000000e+00  0.00000000000000e+00
 2.10841008271810e+06  0.00000000000000e+00  0.00000000000000e+00
 2.11254422013519e+06  0.00000000000000e+00  0.00000000000000e+00
 2.11667835755229e+06  0.00000000000000e+00  0.00000000000000e+00
 2.12081249496938e+06  0.00000000000000e+00  0.00000000000000e+00
 2.12494663238648e+06  0.00000000000000e+00  0.00000000000000e+00
 2.12908076980357e+06  0.00000000000000e+00  0.00000000000000e+00
 2.13321490722067e+06  0.00000000000000e+00  0.00000000000000e+00
 2.13734904463776e+06  0.00000000000000e+00  0.00000000000000e+00
 2.14148318205485e+06  0.00000000000000e+00  0.00000000000000e+00
 2.14561731947195e+06  0.00000000000000e+00  0.00000000000000e+00
 2.14975145688904e+06  0.00000000000000e+00  0.00000000000000e+00
 2.15388559430614e+06  0.00000000000000e+00  0.00000000000000e+00
 2.15801973172323e+06  0.00000000000000e+00  0.00000000000000e+00
 2.16215386914033e+06  0.00000000000000e+00  0.00000000000000e+00
 2.16628800655742e+06  0.00000000000000e+00  0.00000000000000e+00
 2.17042214397451e+06  0.00000000000000e+00  0.00000000000000e+00
 2.17455628139161e+06  0.00000000000000e+00  0.00000000000000e+00
 2.17869041880870e+06  0.00000000000000e+00  0.00000000000000e+00
 2.18282455622580e+06  0.00000000000000e+00  0.00000000000000e+00
 2.18695869364289e+06  0.00000000000000e+00  0.00000000000000e+00
 2.19109283105999e+06  0.00000000000000e+00  0.00000000000000e+00
 2.19522696847708e+06  0.00000000000000e+00  0.00000000000000e+00
 2.19936110589417e+06  0.00000000000000e+00  0.00000000000000e+00
 2.20349524331127e+06  0.00000000000000e+00  0.00000000000000e+00
 2.20762938072836e+06  0.00000000000000e+00  0.00000000000000e+00
 2.21176351814546e+06  0.00000000000000e+00  0.00000000000000e+00
 2.21589765556255e+06  0.00000000000000e+00  0.00000000000000e+00
 2.22003179297965e+06  0.00000000000000e+00  0.00000000000000e+00
 2.22416593039674e+06  0.00000000000000e+00  0.00000000000000e+00
 2.22830006781383e+06  0.00000000000000e+00  0.00000000000000e+00
 2.23243420523093e+06  0.00000000000000e+00  0.00000000000000e+00
 2.23656834264802e+06  0.00000000000000e+00  0.00000000000000e+00
 2.24070248006512e+06  0.00000000000000e+00  0.00000000000000e+00
 2.24483661748221e+06  0.00000000000000e+00  0.00000000000000e+00
 2.24897075489931e+06  0.00000000000000e+00  0.00000000000000e+00
 2.25310489231640e+06  0.00000000000000e+00  0.00000000000000e+00
 2.25723902973349e+06  0.00000000000000e+00  0.00000000000000e+00
 2.26137316715059e+06  0.00000000000000e+00  0.00000000000000e+00
 2.26550730456768e+06  0.00000000000000e+00  0.00000000000000e+00
 2.26964144198478e+06  0.00000000000000e+00  0.00000000000000e+00
 2.27377557940187e+06  0.00000000000000e+00  0.00000000000000e+00
 2.27790971681897e+06  0.00000000000000e+00  0.00000000000000e+00
 2.28204385423606e+06  0.00000000000000e+00  0.00000000000000e+00
 2.28617799165316e+06  0.00000000000000e+00  0.00000000000000e+00
 2.29031212907025e+06  0.00000000000000e+00  0.00000000000000e+00
 2.29444626648734e+06  0.00000000000000e+00  0.00000000000000e+00
 2.29858040390444e+06  0.00000000000000e+00  0.00000000000000e+00
 2.30271454132153e+06  0.00000000000000e+00  0.00000000000000e+00
 2.30684867873863e+06  0.00000000000000e+00  0.00000000000000e+00
 2.31098281615572e+06  0.00000000000000e+00  0.00000000000000e+00
 2.31511695357282e+06  0.00000000000000e+00  0.00000000000000e+00
 2.31925109098991e+06  0.00000000000000e+00  0.00000000000000e+00
 2.32338522840700e+06  0.00000000000000e+00  0.00000000000000e+00
 2.32751936582410e+06  0.00000000000000e+00  0.00000000000000e+00
 2.33165350324119e+06  0.00000000000000e+00  0.00000000000000e+00
 2.33578764065829e+06  0.00000000000000e+00  0.00000000000000e+00
 2.33992177807538e+06  0.00000000000000e+00  0.00000000000000e+00
 2.34405591549248e+06  0.00000000000000e+00  0.00000000000000e+00
 2.34819005290957e+06  0.00000000000000e+00  0.00000000000000e+00
 2.35232419032666e+06  0.00000000000000e+00  0.00000000000000e+00
 2.35645832774376e+06  0.00000000000000e+00  0.00000000000000e+00
 2.36059246516085e+06  0.00000000000000e+00  0.00000000000000e+00
 2.36472660257795e+06  0.00000000000000e+00  0.00000000000000e+00
 2.36886073999504e+06  0.00000000000000e+00  0.00000000000000e+00
 2.37299487741214e+06  0.00000000000000e+00  0.00000000000000e+00
 2.37712901482923e+06  0.00000000000000e+00  0.00000000000000e+00
 2.38126315224632e+06  0.00000000000000e+00  0.00000000000000e+00
 2.38539728966342e+06  0.00000000000000e+00  0.00000000000000e+00
 2.38953142708051e+06  0.00000000000000e+00  0.00000000000000e+00
 2.39366556449761e+06  0.00000000000000e+00  0.00000000000000e+00
 2.39779970191470e+06  0.00000000000000e+00  0.00000000000000e+00
 2.40193383933180e+06  0.00000000000000e+00  0.00000000000000e+00
 2.40606797674889e+06  0.00000000000000e+00  0.00000000000000e+00
 2.41020211416598e+06  0.00000000000000e+00  0.00000000000000e+00
 2.41433625158308e+06  0.00000000000000e+00  0.00000000000000e+00
 2.41847038900017e+06  0.00000000000000e+00  0.00000000000000e+00
 2.42260452641727e+06  0.00000000000000e+00  0.00000000000000e+00
 2.42673866383436e+06  0.00000000000000e+00  0.00000000000000e+00
 2.43087280125146e+06  0.00000000000000e+00  0.00000000000000e+00
 2.43500693866855e+06  0.00000000000000e+00  0.00000000000000e+00
 2.43914107608564e+06  0.00000000000000e+00  0.00000000000000e+00
 2.44327521350274e+06  0.00000000000000e+00  0.00000000000000e+00
 2.44740935091983e+06  0.00000000000000e+00  0.00000000000000e+00
 2.45154348833693e+06  0.00000000000000e+00  0.00000000000000e+00
 2.45567762575402e+06  0.00000000000000e+00  0.00000000000000e+00
 2.45981176317112e+06  0.00000000000000e+00  0.00000000000000e+00
 2.46394590058821e+06  0.00000000000000e+00  0.00000000000000e+00
 2.46808003800530e+06  0.00000000000000e+00  0.00000000000000e+00
 2.47221417542240e+06  0.00000000000000e+00  0.00000000000000e+00
 2.47634831283949e+06  0.00000000000000e+00  0.00000000000000e+00
 2.48048245025659e+06  0.00000000000000e+00  0.00000000000000e+00
 2.48461658767368e+06  0.00000000000000e+00  0.00000000000000e+00
 2.48875072509078e+06  0.00000000000000e+00  0.00000000000000e+00
 2.49288486250787e+06  0.00000000000000e+00  0.00000000000000e+00
 2.49701899992497e+06  0.00000000000000e+00  0.00000000000000e+00
 2.50115313734206e+06  0.00000000000000e+00  0.00000000000000e+00
 2.50528727475915e+06  0.00000000000000e+00  0.00000000000000e+00
 2.50942141217625e+06  0.00000000000000e+00  0.00000000000000e+00
 2.51355554959334e+06  0.00000000000000e+00  0.00000000000000e+00
 2.51768968701044e+06  0.00000000000000e+00  0.00000000000000e+00
 2.52182382442753e+06  0.00000000000000e+00  0.00000000000000e+00
 2.52595796184463e+06  0.00000000000000e+00  0.00000000000000e+00
 2.53009209926172e+06  0.00000000000000e+00  0.00000000000000e+00
 2.53422623667881e+06  0.00000000000000e+00  0.00000000000000e+00
 2.53836037409591e+06  0.00000000000000e+00  0.00000000000000e+00
 2.54249451151300e+06  0.00000000000000e+00  0.00000000000000e+00
 2.54662864893010e+06  0.00000000000000e+00  0.00000000000000e+00
 2.55076278634719e+06  0.00000000000000e+00  0.00000000000000e+00
 2.55489692376429e+06  0.00000000000000e+00  0.00000000000000e+00
 2.55903106118138e+06  0.00000000000000e+00  0.00000000000000e+00
 2.56316519859847e+06  0.00000000000000e+00  0.00000000000000e+00
 2.56729933601557e+06  0.00000000000000e+00  0.00000000000000e+00
 2.57143347343266e+06  0.00000000000000e+00  0.00000000000000e+00
 2.57556761084976e+06  0.00000000000000e+00  0.00000000000000e+00
 2.57970174826685e+06  0.00000000000000e+00  0.00000000000000e+00
 2.58383588568395e+06  0.00000000000000e+00  0.00000000000000e+00
 2.58797002310104e+06  0.00000000000000e+00  0.00000000000000e+00
 2.59210416051813e+06  0.00000000000000e+00  0.00000000000000e+00
 2.59623829793523e+06  0.00000000000000e+00  0.00000000000000e+00
 2.60037243535232e+06  0.00000000000000e+00  0.00000000000000e+00
 2.60450657276942e+06  0.00000000000000e+00  0.00000000000000e+00
 2.60864071018651e+06  0.00000000000000e+00  0.00000000000000e+00
 2.61277484760361e+06  0.00000000000000e+00  0.00000000000000e+00
 2.61690898502070e+06  0.00000000000000e+00  0.00000000000000e+00
 2.62104312243779e+06  0.00000000000000e+00  0.00000000000000e+00
 2.62517725985489e+06  0.00000000000000e+00  0.00000000000000e+00
 2.62931139727198e+06  0.00000000000000e+00  0.00000000000000e+00
 2.63344553468908e+06  0.00000000000000e+00  0.00000000000000e+00
 2.63757967210617e+06  0.00000000000000e+00  0.00000000000000e+00
 2.64171380952327e+06  0.00000000000000e+00  0.00000000000000e+00
 2.64584794694036e+06  0.00000000000000e+00  0.00000000000000e+00
 2.64998208435745e+06  0.00000000000000e+00  0.00000000000000e+00
 2.65411622177455e+06  0.00000000000000e+00  0.00000000000000e+00
 2.65825035919164e+06  0.00000000000000e+00  0.00000000000000e+00
 2.66238449660874e+06  0.00000000000000e+00  0.00000000000000e+00
 2.66651863402583e+06  0.00000000000000e+00  0.00000000000000e+00
 2.67065277144293e+06  0.00000000000000e+00  0.00000000000000e+00
 2.67478690886002e+06  0.00000000000000e+00  0.00000000000000e+00
 2.67892104627712e+06  0.00000000000000e+00  0.00000000000000e+00
 2.68305518369421e+06  0.00000000000000e+00  0.00000000000000e+00
 2.68718932111130e+06  0.00000000000000e+00  0.00000000000000e+00
 2.69132345852840e+06  0.00000000000000e+00  0.00000000000000e+00
 2.69545759594549e+06  0.00000000000000e+00  0.00000000000000e+00
 2.69959173336259e+06  0.00000000000000e+00  0.00000000000000e+00
 2.70372587077968e+06  0.00000000000000e+00  0.00000000000000e+00
 2.70786000819678e+06  0.00000000000000e+00  0.00000000000000e+00
 2.71199414561387e+06  0.00000000000000e+00  0.00000000000000e+00
 2.71612828303096e+06  0.00000000000000e+00  0.00000000000000e+00
 2.72026242044806e+06  0.00000000000000e+00  0.00000000000000e+00
 2.72439655786515e+06  0.00000000000000e+00  0.00000000000000e+00
 2.72853069528225e+06  0.00000000000000e+00  0.00000000000000e+00
 2.73266483269934e+06  0.00000000000000e+00  0.00000000000000e+00
 2.73679897011644e+06  0.00000000000000e+00  0.00000000000000e+00
 2.74093310753353e+06  0.00000000000000e+00  0.00000000000000e+00
 2.74506724495062e+06  0.00000000000000e+00  0.00000000000000e+00
 2.74920138236772e+06  0.00000000000000e+00  0.00000000000000e+00
 2.75333551978481e+06  0.00000000000000e+00  0.00000000000000e+00
 2.75746965720191e+06  0.00000000000000e+00  0.00000000000000e+00
 2.76160379461900e+06  0.00000000000000e+00  0.00000000000000e+00
 2.76573793203610e+06  0.00000000000000e+00  0.00000000000000e+00
 2.76987206945319e+06  0.00000000000000e+00  0.00000000000000e+00
 2.77400620687028e+06  0.00000000000000e+00  0.00000000000000e+00
 2.77814034428738e+06  0.00000000000000e+00  0.00000000000000e+00
 2.78227448170447e+06  0.00000000000000e+00  0.00000000000000e+00
 2.78640861912157e+06  0.00000000000000e+00  0.00000000000000e+00
 2.79054275653866e+06  0.00000000000000e+00  0.00000000000000e+00
 2.79467689395576e+06  0.00000000000000e+00  0.00000000000000e+00
 2.79881103137285e+06  0.00000000000000e+00  0.00000000000000e+00
 2.80294516878994e+06  0.00000000000000e+00  0.00000000000000e+00
 2.80707930620704e+06  0.00000000000000e+00  0.00000000000000e+00
 2.81121344362413e+06  0.00000000000000e+00  0.00000000000000e+00
 2.81534758104123e+06  0.00000000000000e+00  0.00000000000000e+00
 2.81948171845832e+06  0.00000000000000e+00  0.00000000000000e+00
 2.82361585587542e+06  0.00000000000000e+00  0.00000000000000e+00
 2.82774999329251e+06  0.00000000000000e+00  0.00000000000000e+00
 2.83188413070960e+06  0.00000000000000e+00  0.00000000000000e+00
 2.83601826812670e+06  0.00000000000000e+00  0.00000000000000e+00
 2.84015240554379e+06  0.00000000000000e+00  0.00000000000000e+00
 2.84428654296089e+06  0.00000000000000e+00  0.00000000000000e+00
 2.84842068037798e+06  0.00000000000000e+00  0.00000000000000e+00
 2.85255481779508e+06  0.00000000000000e+00  0.00000000000000e+00
 2.85668895521217e+06  0.00000000000000e+00  0.00000000000000e+00
 2.86082309262927e+06  0.00000000000000e+00  0.00000000000000e+00
 2.86495723004636e+06  0.00000000000000e+00  0.00000000000000e+00
 2.86909136746345e+06  0.00000000000000e+00  0.00000000000000e+00
 2.87322550488055e+06  0.00000000000000e+00  0.00000000000000e+00
 2.87735964229764e+06  0.00000000000000e+00  0.00000000000000e+00
 2.88149377971474e+06  0.00000000000000e+00  0.00000000000000e+00
 2.88562791713183e+06  0.00000000000000e+00  0.00000000000000e+00
 2.88976205454893e+06  0.00000000000000e+00  0.00000000000000e+00
 2.89389619196602e+06  0.00000000000000e+00  0.00000000000000e+00
 2.89803032938311e+06  0.00000000000000e+00  0.00000000000000e+00
 2.90216446680021e+06  0.00000000000000e+00  0.00000000000000e+00
 2.90629860421730e+06  0.00000000000000e+00  0.00000000000000e+00
 2.91043274163440e+06  0.00000000000000e+00  0.00000000000000e+00
 2.91456687905149e+06  0.00000000000000e+00  0.00000000000000e+00
 2.91870101646859e+06  0.00000000000000e+00  0.00000000000000e+00
 2.92283515388568e+06  0.00000000000000e+00  0.00000000000000e+00
 2.92696929130277e+06  0.00000000000000e+00  0.00000000000000e+00
 2.93110342871987e+06  0.00000000000000e+00  0.00000000000000e+00
 2.93523756613696e+06  0.00000000000000e+00  0.00000000000000e+00
 2.93937170355406e+06  0.00000000000000e+00  0.00000000000000e+00
 2.94350584097115e+06  0.00000000000000e+00  0.00000000000000e+00
 2.94763997838825e+06  0.00000000000000e+00  0.00000000000000e+00
 2.95177411580534e+06  0.00000000000000e+00  0.00000000000000e+00
 2.95590825322243e+06  0.00000000000000e+00  0.00000000000000e+00
 2.96004239063953e+06  0.00000000000000e+00  0.00000000000000e+00
 2.96417652805662e+06  0.00000000000000e+00  0.00000000000000e+00
 2.96831066547372e+06  0.00000000000000e+00  0.00000000000000e+00
 2.97244480289081e+06  0.00000000000000e+00  0.00000000000000e+00
 2.97657894030791e+06  0.00000000000000e+00  0.00000000000000e+00
 2.98071307772500e+06  0.00000000000000e+00  0.00000000000000e+00
 2.98484721514209e+06  0.00000000000000e+00  0.00000000000000e+00
 2.98898135255919e+06  0.00000000000000e+00  0.00000000000000e+00
 2.99311548997628e+06  0.00000000000000e+00  0.00000000000000e+00
 2.99724962739338e+06  0.00000000000000e+00  0.00000000000000e+00
 3.00138376481047e+06  0.00000000000000e+00  0.00000000000000e+00
 3.00551790222757e+06  0.00000000000000e+00  0.00000000000000e+00
 3.00965203964466e+06  0.00000000000000e+00  0.00000000000000e+00
 3.01378617706175e+06  0.00000000000000e+00  0.00000000000000e+00
 3.01792031447885e+06  0.00000000000000e+00  0.00000000000000e+00
 3.02205445189594e+06  0.00000000000000e+00  0.00000000000000e+00
 3.02618858931304e+06  0.00000000000000e+00  0.00000000000000e+00
 3.03032272673013e+06  0.00000000000000e+00  0.00000000000000e+00
 3.03445686414723e+06  0.00000000000000e+00  0.00000000000000e+00
 3.03859100156432e+06  0.00000000000000e+00  0.00000000000000e+00
 3.04272513898141e+06  0.00000000000000e+00  0.00000000000000e+00
 3.04685927639851e+06  0.00000000000000e+00  0.00000000000000e+00
 3.05099341381560e+06  0.00000000000000e+00  0.00000000000000e+00
 3.05512755123270e+06  0.00000000000000e+00  0.00000000000000e+00
 3.05926168864979e+06  0.00000000000000e+00  0.00000000000000e+00
 3.06339582606689e+06  0.00000000000000e+00  0.00000000000000e+00
 3.06752996348398e+06  0.00000000000000e+00  0.00000000000000e+00
 3.07166410090108e+06  0.00000000000000e+00  0.00000000000000e+00
 3.07579823831817e+06  0.00000000000000e+00  0.00000000000000e+00
 3.07993237573526e+06  0.00000000000000e+00  0.00000000000000e+00
 3.08406651315236e+06  0.00000000000000e+00  0.00000000000000e+00
 3.08820065056945e+06  0.00000000000000e+00  0.00000000000000e+00
 3.09233478798655e+06  0.00000000000000e+00  0.00000000000000e+00
 3.09646892540364e+06  0.00000000000000e+00  0.00000000000000e+00
 3.10060306282074e+06  0.00000000000000e+00  0.00000000000000e+00
 3.10473720023783e+06  0.00000000000000e+00  0.00000000000000e+00
 3.10887133765492e+06  0.00000000000000e+00  0.00000000000000e+00
 3.11300547507202e+06  0.00000000000000e+00  0.00000000000000e+00
 3.11713961248911e+06  0.00000000000000e+00  0.00000000000000e+00
 3.12127374990621e+06  0.00000000000000e+00  0.00000000000000e+00
 3.12540788732330e+06  0.00000000000000e+00  0.00000000000000e+00
 3.12954202474040e+06  0.00000000000000e+00  0.00000000000000e+00
 3.13367616215749e+06  0.00000000000000e+00  0.00000000000000e+00
 3.13781029957458e+06  0.00000000000000e+00  0.00000000000000e+00
 3.14194443699168e+06  0.00000000000000e+00  0.00000000000000e+00
 3.14607857440877e+06  0.00000000000000e+00  0.00000000000000e+00
 3.15021271182587e+06  0.00000000000000e+00  0.00000000000000e+00
 3.15434684924296e+06  0.00000000000000e+00  0.00000000000000e+00
 3.15848098666006e+06  0.00000000000000e+00  0.00000000000000e+00
 3.16261512407715e+06  0.00000000000000e+00  0.00000000000000e+00
 3.16674926149424e+06  0.00000000000000e+00  0.00000000000000e+00
 3.17088339891134e+06  0.00000000000000e+00  0.00000000000000e+00
 3.17501753632843e+06  0.00000000000000e+00  0.00000000000000e+00
 3.17915167374553e+06  0.00000000000000e+00  0.00000000000000e+00
 3.18328581116262e+06  0.00000000000000e+00  0.00000000000000e+00
 3.18741994857972e+06  0.00000000000000e+00  0.00000000000000e+00
 3.19155408599681e+06  0.00000000000000e+00  0.00000000000000e+00
 3.19568822341390e+06  0.00000000000000e+00  0.00000000000000e+00
 3.19982236083100e+06  0.00000000000000e+00  0.00000000000000e+00
 3.20395649824809e+06  0.00000000000000e+00  0.00000000000000e+00
 3.20809063566519e+06  0.00000000000000e+00  0.00000000000000e+00
 3.21222477308228e+06  0.00000000000000e+00  0.00000000000000e+00
 3.21635891049938e+06  0.00000000000000e+00  0.00000000000000e+00
 3.22049304791647e+06  0.00000000000000e+00  0.00000000000000e+00
 3.22462718533356e+06  0.00000000000000e+00  0.00000000000000e+00
 3.22876132275066e+06  0.00000000000000e+00  0.00000000000000e+00
 3.23289546016775e+06  0.00000000000000e+00  0.00000000000000e+00
 3.23702959758485e+06  0.00000000000000e+00  0.00000000000000e+00
 3.24116373500194e+06  0.00000000000000e+00  0.00000000000000e+00
 3.24529787241904e+06  0.00000000000000e+00  0.00000000000000e+00
 3.24943200983613e+06  0.00000000000000e+00  0.00000000000000e+00
 3.25356614725323e+06  0.00000000000000e+00  0.00000000000000e+00
 3.25770028467032e+06  0.00000000000000e+00  0.00000000000000e+00
 3.26183442208741e+06  0.00000000000000e+00  0.00000000000000e+00
 3.26596855950451e+06  0.00000000000000e+00  0.00000000000000e+00
 3.27010269692160e+06  0.00000000000000e+00  0.00000000000000e+00
 3.27423683433870e+06  0.00000000000000e+00  0.00000000000000e+00
 3.27837097175579e+06  0.00000000000000e+00  0.00000000000000e+00
 3.28250510917289e+06  0.00000000000000e+00  0.00000000000000e+00
 3.28663924658998e+06  0.00000000000000e+00  0.00000000000000e+00
 3.29077338400707e+06  0.00000000000000e+00  0.00000000000000e+00
 3.29490752142417e+06  0.00000000000000e+00  0.00000000000000e+00
 3.29904165884126e+06  0.00000000000000e+00  0.00000000000000e+00
 3.30317579625836e+06  0.00000000000000e+00  0.00000000000000e+00
 3.30730993367545e+06  0.00000000000000e+00  0.00000000000000e+00
 3.31144407109255e+06  0.00000000000000e+00  0.00000000000000e+00
 3.31557820850964e+06  0.00000000000000e+00  0.00000000000000e+00
 3.31971234592673e+06  0.00000000000000e+00  0.00000000000000e+00
 3.32384648334383e+06  0.00000000000000e+00  0.00000000000000e+00
 3.32798062076092e+06  0.00000000000000e+00  0.00000000000000e+00
 3.33211475817802e+06  0.00000000000000e+00  0.00000000000000e+00
 3.33624889559511e+06  0.00000000000000e+00  0.00000000000000e+00
 3.34038303301221e+06  0.00000000000000e+00  0.00000000000000e+00
 3.34451717042930e+06  0.00000000000000e+00  0.00000000000000e+00
 3.34865130784639e+06  0.00000000000000e+00  0.00000000000000e+00
 3.35278544526349e+06  0.00000000000000e+00  0.00000000000000e+00
 3.35691958268058e+06  0.00000000000000e+00  0.00000000000000e+00
 3.36105372009768e+06  0.00000000000000e+00  0.00000000000000e+00
 3.36518785751477e+06  0.00000000000000e+00  0.00000000000000e+00
 3.36932199493187e+06  0.00000000000000e+00  0.00000000000000e+00
 3.37345613234896e+06  0.00000000000000e+00  0.00000000000000e+00
 3.37759026976605e+06  0.00000000000000e+00  0.00000000000000e+00
 3.38172440718315e+06  0.00000000000000e+00  0.00000000000000e+00
 3.38585854460024e+06  0.00000000000000e+00  0.00000000000000e+00
 3.38999268201734e+06  0.00000000000000e+00  0.00000000000000e+00
 3.39412681943443e+06  0.00000000000000e+00  0.00000000000000e+00
 3.39826095685153e+06  0.00000000000000e+00  0.00000000000000e+00
 3.40239509426862e+06  0.00000000000000e+00  0.00000000000000e+00
 3.40652923168571e+06  0.00000000000000e+00  0.00000000000000e+00
 3.41066336910281e+06  0.00000000000000e+00  0.00000000000000e+00
 3.41479750651990e+06  0.00000000000000e+00  0.00000000000000e+00
 3.41893164393700e+06  0.00000000000000e+00  0.00000000000000e+00
 3.42306578135409e+06  0.00000000000000e+00  0.00000000000000e+00
 3.42719991877119e+06  0.00000000000000e+00  0.00000000000000e+00
 3.43133405618828e+06  0.00000000000000e+00  0.00000000000000e+00
 3.43546819360538e+06  0.00000000000000e+00  0.00000000000000e+00
 3.43960233102247e+06  0.00000000000000e+00  0.00000000000000e+00
 3.44373646843956e+06  0.00000000000000e+00  0.00000000000000e+00
 3.44787060585666e+06  0.00000000000000e+00  0.00000000000000e+00
 3.45200474327375e+06  0.00000000000000e+00  0.00000000000000e+00
 3.45613888069085e+06  0.00000000000000e+00  0.00000000000000e+00
 3.46027301810794e+06  0.00000000000000e+00  0.00000000000000e+00
 3.46440715552504e+06  0.00000000000000e+00  0.00000000000000e+00
 3.46854129294213e+06  0.00000000000000e+00  0.00000000000000e+00
 3.47267543035922e+06  0.00000000000000e+00  0.00000000000000e+00
 3.47680956777632e+06  0.00000000000000e+00  0.00000000000000e+00
 3.48094370519341e+06  0.00000000000000e+00  0.00000000000000e+00
 3.48507784261051e+06  0.00000000000000e+00  0.00000000000000e+00
 3.48921198002760e+06  0.00000000000000e+00  0.00000000000000e+00
 3.49334611744470e+06  0.00000000000000e+00  0.00000000000000e+00
 3.49748025486179e+06  0.00000000000000e+00  0.00000000000000e+00
 3.50161439227888e+06  0.00000000000000e+00  0.00000000000000e+00
 3.50574852969598e+06  0.00000000000000e+00  0.00000000000000e+00
 3.50988266711307e+06  0.00000000000000e+00  0.00000000000000e+00
 3.51401680453017e+06  0.00000000000000e+00  0.00000000000000e+00
 3.51815094194726e+06  0.00000000000000e+00  0.00000000000000e+00
 3.52228507936436e+06  0.00000000000000e+00  0.00000000000000e+00
 3.52641921678145e+06  0.00000000000000e+00  0.00000000000000e+00
 3.53055335419854e+06  0.00000000000000e+00  0.00000000000000e+00
 3.53468749161564e+06  0.00000000000000e+00  0.00000000000000e+00
 3.53882162903273e+06  0.00000000000000e+00  0.00000000000000e+00
 3.54295576644983e+06  0.00000000000000e+00  0.00000000000000e+00
 3.54708990386692e+06  0.00000000000000e+00  0.00000000000000e+00
 3.55122404128402e+06  0.00000000000000e+00  0.00000000000000e+00
 3.55535817870111e+06  0.00000000000000e+00  0.00000000000000e+00
 3.55949231611820e+06  0.00000000000000e+00  0.00000000000000e+00
 3.56362645353530e+06  0.00000000000000e+00  0.00000000000000e+00
 3.56776059095239e+06  0.00000000000000e+00  0.00000000000000e+00
 3.57189472836949e+06  0.00000000000000e+00  0.00000000000000e+00
 3.57602886578658e+06  0.00000000000000e+00  0.00000000000000e+00
 3.58016300320368e+06  0.00000000000000e+00  0.00000000000000e+00
 3.58429714062077e+06  0.00000000000000e+00  0.00000000000000e+00
 3.58843127803786e+06  0.00000000000000e+00  0.00000000000000e+00
 3.59256541545496e+06  0.00000000000000e+00  0.00000000000000e+00
 3.59669955287205e+06  0.00000000000000e+00  0.00000000000000e+00
 3.60083369028915e+06  0.00000000000000e+00  0.00000000000000e+00
 3.60496782770624e+06  0.00000000000000e+00  0.00000000000000e+00
 3.60910196512334e+06  0.00000000000000e+00  0.00000000000000e+00
 3.61323610254043e+06  0.00000000000000e+00  0.00000000000000e+00
 3.61737023995752e+06  0.00000000000000e+00  0.00000000000000e+00
 3.62150437737462e+06  0.00000000000000e+00  0.00000000000000e+00
 3.62563851479171e+06  0.00000000000000e+00  0.00000000000000e+00
 3.62977265220881e+06  0.00000000000000e+00  0.00000000000000e+00
 3.63390678962590e+06  0.00000000000000e+00  0.00000000000000e+00
 3.63804092704300e+06  0.00000000000000e+00  0.00000000000000e+00
 3.64217506446009e+06  0.00000000000000e+00  0.00000000000000e+00
 3.64630920187719e+06  0.00000000000000e+00  0.00000000000000e+00
 3.65044333929428e+06  0.00000000000000e+00  0.00000000000000e+00
 3.65457747671137e+06  0.00000000000000e+00  0.00000000000000e+00
 3.65871161412847e+06  0.00000000000000e+00  0.00000000000000e+00
 3.66284575154556e+06  0.00000000000000e+00  0.00000000000000e+00
 3.66697988896266e+06  0.00000000000000e+00  0.00000000000000e+00
 3.67111402637975e+06  0.00000000000000e+00  0.00000000000000e+00
 3.67524816379685e+06  0.00000000000000e+00  0.00000000000000e+00
 3.67938230121394e+06  0.00000000000000e+00  0.00000000000000e+00
 3.68351643863103e+06  0.00000000000000e+00  0.00000000000000e+00
 3.68765057604813e+06  0.00000000000000e+00  0.00000000000000e+00
 3.69178471346522e+06  0.00000000000000e+00  0.00000000000000e+00
 3.69591885088232e+06  0.00000000000000e+00  0.00000000000000e+00
 3.70005298829941e+06  0.00000000000000e+00  0.00000000000000e+00
 3.70418712571651e+06  0.00000000000000e+00  0.00000000000000e+00
 3.70832126313360e+06  0.00000000000000e+00  0.00000000000000e+00
 3.71245540055069e+06  0.00000000000000e+00  0.00000000000000e+00
 3.71658953796779e+06  0.00000000000000e+00  0.00000000000000e+00
 3.72072367538488e+06  0.00000000000000e+00  0.00000000000000e+00
 3.72485781280198e+06  0.00000000000000e+00  0.00000000000000e+00
 3.72899195021907e+06  0.00000000000000e+00  0.00000000000000e+00
 3.73312608763617e+06  0.00000000000000e+00  0.00000000000000e+00
 3.73726022505326e+06  0.00000000000000e+00  0.00000000000000e+00
 3.74139436247035e+06  0.00000000000000e+00  0.00000000000000e+00
 3.74552849988745e+06  0.00000000000000e+00  0.00000000000000e+00
 3.74966263730454e+06  0.00000000000000e+00  0.00000000000000e+00
 3.75379677472164e+06  0.00000000000000e+00  0.00000000000000e+00
 3.75793091213873e+06  0.00000000000000e+00  0.00000000000000e+00
 3.76206504955583e+06  0.00000000000000e+00  0.00000000000000e+00
 3.76619918697292e+06  0.00000000000000e+00  0.00000000000000e+00
 3.77033332439001e+06  0.00000000000000e+00  0.00000000000000e+00
 3.77446746180711e+06  0.00000000000000e+00  0.00000000000000e+00
 3.77860159922420e+06  0.00000000000000e+00  0.00000000000000e+00
 3.78273573664130e+06  0.00000000000000e+00  0.00000000000000e+00
 3.78686987405839e+06  0.00000000000000e+00  0.00000000000000e+00
 3.79100401147549e+06  0.00000000000000e+00  0.00000000000000e+00
 3.79513814889258e+06  0.00000000000000e+00  0.00000000000000e+00
 3.79927228630967e+06  0.00000000000000e+00  0.00000000000000e+00
 3.80340642372677e+06  0.00000000000000e+00  0.00000000000000e+00
 3.80754056114386e+06  0.00000000000000e+00  0.00000000000000e+00
 3.81167469856096e+06  0.00000000000000e+00  0.00000000000000e+00
 3.81580883597805e+06  0.00000000000000e+00  0.00000000000000e+00
 3.81994297339515e+06  0.00000000000000e+00  0.00000000000000e+00
 3.82407711081224e+06  0.00000000000000e+00  0.00000000000000e+00
 3.82821124822934e+06  0.00000000000000e+00  0.00000000000000e+00
 3.83234538564643e+06  0.00000000000000e+00  0.00000000000000e+00
 3.83647952306352e+06  0.00000000000000e+00  0.00000000000000e+00
 3.84061366048062e+06  0.00000000000000e+00  0.00000000000000e+00
 3.84474779789771e+06  0.00000000000000e+00  0.00000000000000e+00
 3.84888193531481e+06  0.00000000000000e+00  0.00000000000000e+00
 3.85301607273190e+06  0.00000000000000e+00  0.00000000000000e+00
 3.85715021014900e+06  0.00000000000000e+00  0.00000000000000e+00
 3.86128434756609e+06  0.00000000000000e+00  0.00000000000000e+00
 3.86541848498318e+06  0.00000000000000e+00  0.00000000000000e+00
 3.86955262240028e+06  0.00000000000000e+00  0.00000000000000e+00
 3.87368675981737e+06  0.00000000000000e+00  0.00000000000000e+00
 3.87782089723447e+06  0.00000000000000e+00  0.00000000000000e+00
 3.88195503465156e+06  0.00000000000000e+00  0.00000000000000e+00
 3.88608917206866e+06  0.00000000000000e+00  0.00000000000000e+00
 3.89022330948575e+06  0.00000000000000e+00  0.00000000000000e+00
 3.89435744690284e+06  0.00000000000000e+00  0.00000000000000e+00
 3.89849158431994e+06  0.00000000000000e+00  0.00000000000000e+00
 3.90262572173703e+06  0.00000000000000e+00  0.00000000000000e+00
 3.90675985915413e+06  0.00000000000000e+00  0.00000000000000e+00
 3.91089399657122e+06  0.00000000000000e+00  0.00000000000000e+00
 3.91502813398832e+06  0.00000000000000e+00  0.00000000000000e+00
 3.91916227140541e+06  0.00000000000000e+00  0.00000000000000e+00
 3.92329640882250e+06  0.00000000000000e+00  0.00000000000000e+00
 3.92743054623960e+06  0.00000000000000e+00  0.00000000000000e+00
 3.93156468365669e+06  0.00000000000000e+00  0.00000000000000e+00
 3.93569882107379e+06  0.00000000000000e+00  0.00000000000000e+00
 3.93983295849088e+06  0.00000000000000e+00  0.00000000000000e+00
 3.94396709590798e+06  0.00000000000000e+00  0.00000000000000e+00
 3.94810123332507e+06  0.00000000000000e+00  0.00000000000000e+00
 3.95223537074216e+06  0.00000000000000e+00  0.00000000000000e+00
 3.95636950815926e+06  0.00000000000000e+00  0.00000000000000e+00
 3.96050364557635e+06  0.00000000000000e+00  0.00000000000000e+00
 3.96463778299345e+06  0.00000000000000e+00  0.00000000000000e+00
 3.96877192041054e+06  0.00000000000000e+00  0.00000000000000e+00
 3.97290605782764e+06  0.00000000000000e+00  0.00000000000000e+00
 3.97704019524473e+06  0.00000000000000e+00  0.00000000000000e+00
 3.98117433266182e+06  0.00000000000000e+00  0.00000000000000e+00
 3.98530847007892e+06  0.00000000000000e+00  0.00000000000000e+00
 3.98944260749601e+06  0.00000000000000e+00  0.00000000000000e+00
 3.99357674491311e+06  0.00000000000000e+00  0.00000000000000e+00
 3.99771088233020e+06  0.00000000000000e+00  0.00000000000000e+00
 4.00184501974730e+06  0.00000000000000e+00  0.00000000000000e+00
 4.00597915716439e+06  0.00000000000000e+00  0.00000000000000e+00
 4.01011329458148e+06  0.00000000000000e+00  0.00000000000000e+00
 4.01424743199858e+06  0.00000000000000e+00  0.00000000000000e+00
 4.01838156941567e+06  0.00000000000000e+00  0.00000000000000e+00
 4.02251570683277e+06  0.00000000000000e+00  0.00000000000000e+00
 4.02664984424986e+06  0.00000000000000e+00  0.00000000000000e+00
 4.03078398166696e+06  0.00000000000000e+00  0.00000000000000e+00
 4.03491811908405e+06  0.00000000000000e+00  0.00000000000000e+00
 4.03905225650115e+06  0.00000000000000e+00  0.00000000000000e+00
 4.04318639391824e+06  0.00000000000000e+00  0.00000000000000e+00
 4.04732053133533e+06  0.00000000000000e+00  0.00000000000000e+00
 4.05145466875243e+06  0.00000000000000e+00  0.00000000000000e+00
 4.05558880616952e+06  0.00000000000000e+00  0.00000000000000e+00
 4.05972294358662e+06  0.00000000000000e+00  0.00000000000000e+00
 4.06385708100371e+06  0.00000000000000e+00  0.00000000000000e+00
 4.06799121842081e+06  0.00000000000000e+00  0.00000000000000e+00
 4.07212535583790e+06  0.00000000000000e+00  0.00000000000000e+00
 4.07625949325499e+06  0.00000000000000e+00  0.00000000000000e+00
 4.08039363067209e+06  0.00000000000000e+00  0.00000000000000e+00
 4.08452776808918e+06  0.00000000000000e+00  0.00000000000000e+00
 4.08866190550628e+06  0.00000000000000e+00  0.00000000000000e+00
 4.09279604292337e+06  0.00000000000000e+00  0.00000000000000e+00
 4.09693018034047e+06  0.00000000000000e+00  0.00000000000000e+00
 4.10106431775756e+06  0.00000000000000e+00  0.00000000000000e+00
 4.10519845517465e+06  0.00000000000000e+00  0.00000000000000e+00
 4.10933259259175e+06  0.00000000000000e+00  0.00000000000000e+00
 4.11346673000884e+06  0.00000000000000e+00  0.00000000000000e+00
 4.11760086742594e+06  0.00000000000000e+00  0.00000000000000e+00
 4.12173500484303e+06  0.00000000000000e+00  0.00000000000000e+00
 4.12586914226013e+06  0.00000000000000e+00  0.00000000000000e+00
 4.13000327967722e+06  0.00000000000000e+00  0.00000000000000e+00
 4.13413741709431e+06  0.00000000000000e+00  0.00000000000000e+00
