#time(au), s(t), s(t) without exp(iwt)
 0.00000000000000e+01 -9.90889408962735e-11 -9.90889408962735e-11
 4.13413741709430e+03 -9.89871501649443e-11 -9.90240575583535e-11
 8.26827483418859e+03 -9.88028001814798e-11 -9.88470171615911e-11
 1.24024122512829e+04 -9.85755142211948e-11 -9.85172359270722e-11
 1.65365496683772e+04 -9.83265762880848e-11 -9.80296293825246e-11
 2.06706870854715e+04 -9.80673723818620e-11 -9.73926675755991e-11
 2.48048245025658e+04 -9.78039333123414e-11 -9.66195113138291e-11
 2.89389619196601e+04 -9.75393880765063e-11 -9.57246502581038e-11
 3.30730993367544e+04 -9.72752982889868e-11 -9.47227733277484e-11
 3.72072367538487e+04 -9.70123869636233e-11 -9.36284624094450e-11
 4.13413741709430e+04 -9.67509368171616e-11 -9.24561230068141e-11
 4.54755115880372e+04 -9.64910072119680e-11 -9.12199281845923e-11
 4.96096490051315e+04 -9.62325512494250e-11 -8.99337088323442e-11
 5.37437864222258e+04 -9.59754778752910e-11 -8.86107875403349e-11
 5.78779238393201e+04 -9.57196838089668e-11 -8.72637765918933e-11
 6.20120612564144e+04 -9.54650690572301e-11 -8.59043659557719e-11
 6.61461986735087e+04 -9.52115436438734e-11 -8.45431251465635e-11
 7.02803360906030e+04 -9.49590297721915e-11 -8.31893380426788e-11
 7.44144735076973e+04 -9.47074617304912e-11 -8.18508842265562e-11
 7.85486109247916e+04 -9.44567847863543e-11 -8.05341749989441e-11
 8.26827483418859e+04 -9.42069537233763e-11 -7.92441472765749e-11
 8.68168857589802e+04 -9.39579313477945e-11 -7.79843142609452e-11
 9.09510231760745e+04 -9.37096871152833e-11 -7.67568681332884e-11
 9.50851605931688e+04 -9.34621959345413e-11 -7.55628271225105e-11
 9.92192980102631e+04 -9.32154371569420e-11 -7.44022171277481e-11
 1.03353435427357e+05 -9.29693937393635e-11 -7.32742766603225e-11
 1.07487572844452e+05 -9.27240515586242e-11 -7.21776731897599e-11
 1.11621710261546e+05 -9.24793988540811e-11 -7.11107190042138e-11
 1.15755847678640e+05 -9.22354257763224e-11 -7.00715753739415e-11
 1.19889985095735e+05 -9.19921240225614e-11 -6.90584350621911e-11
 1.24024122512829e+05 -9.17494865423380e-11 -6.80696749645802e-11
 1.28158259929923e+05 -9.15075072999751e-11 -6.71039727619275e-11
 1.32292397347018e+05 -9.12661810827593e-11 -6.61603838157198e-11
 1.36426534764112e+05 -9.10255033459466e-11 -6.52383769859053e-11
 1.40560672181206e+05 -9.07854700873827e-11 -6.43378304726224e-11
 1.44694809598300e+05 -9.05460777460297e-11 -6.34589910479676e-11
 1.48828947015395e+05 -9.03073231197473e-11 -6.26024020335683e-11
 1.52963084432489e+05 -9.00692032986341e-11 -6.17688069955677e-11
 1.57097221849583e+05 -8.98317156109609e-11 -6.09590372935588e-11
 1.61231359266678e+05 -8.95948575792796e-11 -6.01738922830898e-11
 1.65365496683772e+05 -8.93586268847854e-11 -5.94140211097985e-11
 1.69499634100866e+05 -8.91230213383726e-11 -5.86798146527767e-11
 1.73633771517960e+05 -8.88880388571178e-11 -5.79713153090588e-11
 1.77767908935055e+05 -8.86536774451747e-11 -5.72881510193470e-11
 1.81902046352149e+05 -8.84199351782398e-11 -5.66294982981847e-11
 1.86036183769243e+05 -8.81868101909364e-11 -5.59940771479161e-11
 1.90170321186338e+05 -8.79543006665554e-11 -5.53801787145811e-11
 1.94304458603432e+05 -8.77224048287186e-11 -5.47857245005906e-11
 1.98438596020526e+05 -8.74911209345993e-11 -5.42083539979961e-11
 2.02572733437620e+05 -8.72604472694213e-11 -5.36455358548738e-11
 2.06706870854715e+05 -8.70303821419738e-11 -5.30946962306287e-11
 2.10841008271809e+05 -8.68009238809785e-11 -5.25533569114884e-11
 2.14975145688903e+05 -8.65720708321229e-11 -5.20192751008806e-11
 2.19109283105998e+05 -8.63438213556650e-11 -5.14905766031398e-11
 2.23243420523092e+05 -8.61161738244672e-11 -5.09658743893531e-11
 2.27377557940186e+05 -8.58891266224125e-11 -5.04443652527544e-11
 2.31511695357280e+05 -8.56626781431103e-11 -4.99258983848569e-11
 2.35645832774375e+05 -8.54368267888396e-11 -4.94110111686812e-11
 2.39779970191469e+05 -8.52115709696912e-11 -4.89009292101547e-11
 2.43914107608563e+05 -8.49869091028732e-11 -4.83975295184569e-11
 2.48048245025658e+05 -8.47628396121456e-11 -4.79032676982942e-11
 2.52182382442752e+05 -8.45393609273473e-11 -4.74210719273220e-11
 2.56316519859846e+05 -8.43164714840214e-11 -4.69542082590257e-11
 2.60450657276940e+05 -8.40941697231102e-11 -4.65061233229068e-11
 2.64584794694035e+05 -8.38724540906953e-11 -4.60802717109900e-11
 2.68718932111129e+05 -8.36513230377906e-11 -4.56799361812352e-11
 2.72853069528223e+05 -8.34307750201768e-11 -4.53080492334167e-11
 2.76987206945318e+05 -8.32108084982568e-11 -4.49670246030889e-11
 2.81121344362412e+05 -8.29914219369391e-11 -4.46586067788692e-11
 2.85255481779506e+05 -8.27726138055472e-11 -4.43837458042770e-11
 2.89389619196601e+05 -8.25543825777309e-11 -4.41425034252356e-11
 2.93523756613695e+05 -8.23367267314033e-11 -4.39339951534528e-11
 2.97657894030789e+05 -8.21196447486898e-11 -4.37563711132539e-11
 3.01792031447884e+05 -8.19031351158731e-11 -4.36068367142085e-11
 3.05926168864978e+05 -8.16871963233548e-11 -4.34817123376409e-11
 3.10060306282072e+05 -8.14718268656184e-11 -4.33765294353661e-11
 3.14194443699167e+05 -8.12570252412055e-11 -4.32861588022402e-11
 3.18328581116261e+05 -8.10427899526833e-11 -4.32049653791640e-11
 3.22462718533355e+05 -8.08291195066224e-11 -4.31269828354497e-11
 3.26596855950449e+05 -8.06160124135741e-11 -4.30461004175861e-11
 3.30730993367544e+05 -8.04034671880594e-11 -4.29562541653520e-11
 3.34865130784638e+05 -8.01914823485387e-11 -4.28516145958480e-11
 3.38999268201732e+05 -7.99800564174085e-11 -4.27267633313887e-11
 3.43133405618827e+05 -7.97691879209737e-11 -4.25768518690097e-11
 3.47267543035921e+05 -7.95588753894484e-11 -4.23977367118620e-11
 3.51401680453015e+05 -7.93491173569298e-11 -4.21860863453465e-11
 3.55535817870110e+05 -7.91399123613917e-11 -4.19394569730061e-11
 3.59669955287204e+05 -7.89312589446731e-11 -4.16563354510440e-11
 3.63804092704298e+05 -7.87231556524609e-11 -4.13361493962246e-11
 3.67938230121393e+05 -7.85156010342869e-11 -4.09792459118182e-11
 3.72072367538487e+05 -7.83085936435071e-11 -4.05868417080164e-11
 3.76206504955581e+05 -7.81021320372964e-11 -4.01609485247574e-11
 3.80340642372676e+05 -7.78962147766392e-11 -3.97042786461293e-11
 3.84474779789770e+05 -7.76908404263169e-11 -3.92201358919079e-11
 3.88608917206864e+05 -7.74860075548910e-11 -3.87122977646806e-11
 3.92743054623959e+05 -7.72817147347066e-11 -3.81848944188732e-11
 3.96877192041053e+05 -7.70779605418693e-11 -3.76422898153173e-11
 4.01011329458147e+05 -7.68747435562414e-11 -3.70889698619004e-11
 4.05145466875241e+05 -7.66720623614287e-11 -3.65294415596286e-11
 4.09279604292336e+05 -7.64699155447750e-11 -3.59681462274421e-11
 4.13413741709430e+05 -7.62683016973461e-11 -3.54093888280421e-11
 4.17547879126524e+05 -7.60672194139290e-11 -3.48572843244853e-11
 4.21682016543619e+05 -7.58666672930107e-11 -3.43157209264591e-11
 4.25816153960713e+05 -7.56666439367733e-11 -3.37883390959489e-11
 4.29950291377807e+05 -7.54671479510871e-11 -3.32785243270284e-11
 4.34084428794902e+05 -7.52681779454981e-11 -3.27894110372650e-11
 4.38218566211996e+05 -7.50697325332199e-11 -3.23238944402696e-11
 4.42352703629090e+05 -7.48718103311177e-11 -3.18846470287120e-11
 4.46486841046185e+05 -7.46744099597081e-11 -3.14741362894758e-11
 4.50620978463279e+05 -7.44775300431439e-11 -3.10946404885331e-11
 4.54755115880373e+05 -7.42811692092041e-11 -3.07482597811482e-11
 4.58889253297468e+05 -7.40853260892888e-11 -3.04369204901907e-11
 4.63023390714562e+05 -7.38899993184044e-11 -3.01623711100600e-11
 4.67157528131656e+05 -7.36951875351568e-11 -2.99261693878643e-11
 4.71291665548751e+05 -7.35008893817391e-11 -2.97296606555013e-11
 4.75425802965845e+05 -7.33071035039289e-11 -2.95739483842971e-11
 4.79559940382939e+05 -7.31138285510713e-11 -2.94598586584615e-11
 4.83694077800033e+05 -7.29210631760721e-11 -2.93879008709967e-11
 4.87828215217128e+05 -7.27288060353910e-11 -2.93582273994995e-11
 4.91962352634222e+05 -7.25370557890295e-11 -2.93705952931553e-11
 4.96096490051316e+05 -7.23458111005221e-11 -2.94243330806357e-11
 5.00230627468411e+05 -7.21550706369281e-11 -2.95183156877374e-11
 5.04364764885505e+05 -7.19648330688183e-11 -2.96509501414042e-11
 5.08498902302599e+05 -7.17750970702703e-11 -2.98201742521406e-11
 5.12633039719694e+05 -7.15858613188583e-11 -3.00234698384456e-11
 5.16767177136788e+05 -7.13971244956442e-11 -3.02578913214348e-11
 5.20901314553882e+05 -7.12088852851619e-11 -3.05201097176851e-11
 5.25035451970977e+05 -7.10211423754209e-11 -3.08064712392152e-11
 5.29169589388071e+05 -7.08338944578849e-11 -3.11130689176621e-11
 5.33303726805165e+05 -7.06471402274703e-11 -3.14358249496787e-11
 5.37437864222260e+05 -7.04608783825326e-11 -3.17705808520514e-11
 5.41572001639354e+05 -7.02751076248617e-11 -3.21131920516202e-11
 5.45706139056448e+05 -7.00898266596660e-11 -3.24596232416527e-11
 5.49840276473543e+05 -6.99050341955735e-11 -3.28060407284582e-11
 5.53974413890637e+05 -6.97207289446138e-11 -3.31488980747120e-11
 5.58108551307731e+05 -6.95369096222141e-11 -3.34850116142104e-11
 5.62242688724826e+05 -6.93535749471857e-11 -3.38116228510962e-11
 5.66376826141920e+05 -6.91707236417189e-11 -3.41264453411210e-11
 5.70510963559014e+05 -6.89883544313734e-11 -3.44276943514078e-11
 5.74645100976108e+05 -6.88064660450711e-11 -3.47140983713916e-11
 5.78779238393203e+05 -6.86250572150821e-11 -3.49848923603168e-11
 5.82913375810297e+05 -6.84441266770199e-11 -3.52397934239731e-11
 5.87047513227391e+05 -6.82636731698314e-11 -3.54789603743513e-11
 5.91181650644486e+05 -6.80836954357924e-11 -3.57029393030664e-11
 5.95315788061580e+05 -6.79041922204888e-11 -3.59125978601893e-11
 5.99449925478674e+05 -6.77251622728178e-11 -3.61090513492122e-11
 6.03584062895769e+05 -6.75466043449754e-11 -3.62935840084203e-11
 6.07718200312863e+05 -6.73685171924411e-11 -3.64675689405271e-11
 6.11852337729957e+05 -6.71908995739872e-11 -3.66323900762236e-11
 6.15986475147052e+05 -6.70137502516489e-11 -3.67893693222218e-11
 6.20120612564146e+05 -6.68370679907285e-11 -3.69397016679966e-11
 6.24254749981240e+05 -6.66608515597854e-11 -3.70844005312186e-11
 6.28388887398335e+05 -6.64850997306243e-11 -3.72242550397025e-11
 6.32523024815429e+05 -6.63098112782886e-11 -3.73598003103687e-11
 6.36657162232523e+05 -6.61349849810517e-11 -3.74913011281062e-11
 6.40791299649618e+05 -6.59606196204064e-11 -3.76187487841169e-11
 6.44925437066712e+05 -6.57867139810615e-11 -3.77418702368071e-11
 6.49059574483806e+05 -6.56132668509236e-11 -3.78601482372904e-11
 6.53193711900900e+05 -6.54402770211046e-11 -3.79728506396141e-11
 6.57327849317995e+05 -6.52677432858954e-11 -3.80790668099238e-11
 6.61461986735089e+05 -6.50956644427723e-11 -3.81777488693344e-11
 6.65596124152183e+05 -6.49240392923758e-11 -3.82677554546302e-11
 6.69730261569278e+05 -6.47528666385146e-11 -3.83478957550298e-11
 6.73864398986372e+05 -6.45821452881471e-11 -3.84169717705325e-11
 6.77998536403466e+05 -6.44118740513798e-11 -3.84738170211699e-11
 6.82132673820561e+05 -6.42420517414545e-11 -3.85173302948932e-11
 6.86266811237655e+05 -6.40726771747422e-11 -3.85465034302115e-11
 6.90400948654749e+05 -6.39037491707383e-11 -3.85604425613965e-11
 6.94535086071844e+05 -6.37352665520462e-11 -3.85583826825906e-11
 6.98669223488938e+05 -6.35672281443752e-11 -3.85396957874047e-11
 7.02803360906032e+05 -6.33996327765308e-11 -3.85038931902355e-11
 7.06937498323127e+05 -6.32324792804058e-11 -3.84506229166198e-11
 7.11071635740221e+05 -6.30657664909755e-11 -3.83796632492002e-11
 7.15205773157315e+05 -6.28994932462848e-11 -3.82909136258517e-11
 7.19339910574410e+05 -6.27336583874406e-11 -3.81843841055628e-11
 7.23474047991504e+05 -6.25682607586093e-11 -3.80601845497462e-11
 7.27608185408598e+05 -6.24032992070015e-11 -3.79185145212565e-11
 7.31742322825692e+05 -6.22387725828696e-11 -3.77596546944047e-11
 7.35876460242787e+05 -6.20746797394943e-11 -3.75839603140513e-11
 7.40010597659881e+05 -6.19110195331818e-11 -3.73918569604254e-11
 7.44144735076975e+05 -6.17477908232553e-11 -3.71838385893936e-11
 7.48278872494070e+05 -6.15849924720425e-11 -3.69604675461622e-11
 7.52413009911164e+05 -6.14226233448717e-11 -3.67223760129622e-11
 7.56547147328258e+05 -6.12606823100647e-11 -3.64702681643105e-11
 7.60681284745353e+05 -6.10991682389241e-11 -3.62049221797603e-11
 7.64815422162447e+05 -6.09380800057297e-11 -3.59271912118531e-11
 7.68949559579541e+05 -6.07774164877308e-11 -3.56380024294733e-11
 7.73083696996636e+05 -6.06171765651333e-11 -3.53383533525424e-11
 7.77217834413730e+05 -6.04573591211016e-11 -3.50293048563539e-11
 7.81351971830824e+05 -6.02979630417405e-11 -3.47119704419189e-11
 7.85486109247919e+05 -6.01389872160894e-11 -3.43875016281492e-11
 7.89620246665013e+05 -5.99804305361224e-11 -3.40570696050068e-11
 7.93754384082107e+05 -5.98222918967319e-11 -3.37218435752302e-11
 7.97888521499202e+05 -5.96645701957253e-11 -3.33829664865362e-11
 8.02022658916296e+05 -5.95072643338123e-11 -3.30415290975917e-11
 8.06156796333390e+05 -5.93503732146101e-11 -3.26985435131043e-11
 8.10290933750484e+05 -5.91938957446165e-11 -3.23549174520712e-11
 8.14425071167579e+05 -5.90378308332155e-11 -3.20114305689587e-11
 8.18559208584673e+05 -5.88821773926683e-11 -3.16687141243800e-11
 8.22693346001767e+05 -5.87269343381029e-11 -3.13272351992202e-11
 8.26827483418862e+05 -5.85721005875107e-11 -3.09872864680121e-11
 8.30961620835956e+05 -5.84176750617299e-11 -3.06489823022527e-11
 8.35095758253050e+05 -5.82636566844494e-11 -3.03122616751957e-11
 8.39229895670145e+05 -5.81100443821936e-11 -2.99768980023952e-11
 8.43364033087239e+05 -5.79568370843164e-11 -2.96425156957979e-11
 8.47498170504333e+05 -5.78040337229982e-11 -2.93086128533256e-11
 8.51632307921428e+05 -5.76516332332314e-11 -2.89745891710140e-11
 8.55766445338522e+05 -5.74996345528189e-11 -2.86397778704136e-11
 8.59900582755616e+05 -5.73480366223600e-11 -2.83034801971905e-11
 8.64034720172711e+05 -5.71968383852500e-11 -2.79650008823457e-11
 8.68168857589805e+05 -5.70460387876716e-11 -2.76236828753811e-11
 8.72302995006899e+05 -5.68956367785824e-11 -2.72789396652602e-11
 8.76437132423994e+05 -5.67456313097144e-11 -2.69302836011866e-11
 8.80571269841088e+05 -5.65960213355610e-11 -2.65773488072145e-11
 8.84705407258182e+05 -5.64468058133743e-11 -2.62199075440381e-11
 8.88839544675276e+05 -5.62979837031535e-11 -2.58578791949694e-11
 8.92973682092371e+05 -5.61495539676435e-11 -2.54913314247317e-11
 8.97107819509465e+05 -5.60015155723203e-11 -2.51204734597927e-11
 9.01241956926559e+05 -5.58538674853886e-11 -2.47456418468612e-11
 9.05376094343654e+05 -5.57066086777746e-11 -2.43672794399759e-11
 9.09510231760748e+05 -5.55597381231158e-11 -2.39859087256905e-11
 9.13644369177842e+05 -5.54132547977570e-11 -2.36021009007326e-11
 9.17778506594937e+05 -5.52671576807420e-11 -2.32164423508249e-11
 9.21912644012031e+05 -5.51214457538079e-11 -2.28295003302470e-11
 9.26046781429125e+05 -5.49761180013748e-11 -2.24417897006566e-11
 9.30180918846220e+05 -5.48311734105398e-11 -2.20537425510697e-11
 9.34315056263314e+05 -5.46866109710705e-11 -2.16656823899194e-11
 9.38449193680408e+05 -5.45424296754012e-11 -2.12778043811592e-11
 9.42583331097503e+05 -5.43986285186202e-11 -2.08901628001470e-11
 9.46717468514597e+05 -5.42552064984645e-11 -2.05026665266520e-11
 9.50851605931691e+05 -5.41121626153170e-11 -2.01150829897042e-11
 9.54985743348786e+05 -5.39694958721932e-11 -1.97270505527846e-11
 9.59119880765880e+05 -5.38272052747382e-11 -1.93380988997241e-11
 9.63254018182974e+05 -5.36852898312203e-11 -1.89476765733630e-11
 9.67388155600069e+05 -5.35437485525169e-11 -1.85551844514262e-11
 9.71522293017163e+05 -5.34025804521221e-11 -1.81600136358702e-11
 9.75656430434257e+05 -5.32617845461247e-11 -1.77615859986303e-11
 9.79790567851351e+05 -5.31213598532094e-11 -1.73593954803976e-11
 9.83924705268446e+05 -5.29813053946484e-11 -1.69530481866461e-11
 9.88058842685540e+05 -5.28416201942948e-11 -1.65422993695641e-11
 9.92192980102634e+05 -5.27023032785742e-11 -1.61270855231860e-11
 9.96327117519729e+05 -5.25633536764800e-11 -1.57075500448188e-11
 1.00046125493682e+06 -5.24247704195650e-11 -1.52840612172904e-11
 1.00459539235392e+06 -5.22865525419367e-11 -1.48572216282151e-11
 1.00872952977101e+06 -5.21486990802489e-11 -1.44278685462420e-11
 1.01286366718811e+06 -5.20112090736956e-11 -1.39970651996775e-11
 1.01699780460520e+06 -5.18740815640020e-11 -1.35660833287892e-11
 1.02113194202229e+06 -5.17373155954221e-11 -1.31363777882230e-11
 1.02526607943939e+06 -5.16009102147299e-11 -1.27095543403509e-11
 1.02940021685648e+06 -5.14648644712098e-11 -1.22873320861851e-11
 1.03353435427358e+06 -5.13291774166565e-11 -1.18715022129226e-11
 1.03766849169067e+06 -5.11938481053623e-11 -1.14638848852799e-11
 1.04180262910777e+06 -5.10588755941141e-11 -1.10662861649136e-11
 1.04593676652486e+06 -5.09242589421858e-11 -1.06804568062205e-11
 1.05007090394195e+06 -5.07899972113314e-11 -1.03080546504896e-11
 1.05420504135905e+06 -5.06560894657772e-11 -9.95061213070838e-12
 1.05833917877614e+06 -5.05225347722205e-11 -9.60951011774254e-12
 1.06247331619324e+06 -5.03893321998163e-11 -9.28595899978842e-12
 1.06660745361033e+06 -5.02564808201721e-11 -8.98098750865426e-12
 1.07074159102743e+06 -5.01239797073465e-11 -8.69543940783491e-12
 1.07487572844452e+06 -4.99918279378400e-11 -8.42997775888372e-12
 1.07900986586161e+06 -4.98600245905848e-11 -8.18509610442473e-12
 1.08314400327871e+06 -4.97285687469441e-11 -7.96113556719479e-12
 1.08727814069580e+06 -4.95974594907008e-11 -7.75830658164679e-12
 1.09141227811290e+06 -4.94666959080577e-11 -7.57671376194033e-12
 1.09554641552999e+06 -4.93362770876222e-11 -7.41638227775123e-12
 1.09968055294709e+06 -4.92062021204086e-11 -7.27728406371164e-12
 1.10381469036418e+06 -4.90764700998254e-11 -7.15936223100060e-12
 1.10794882778128e+06 -4.89470801216691e-11 -7.06255217837490e-12
 1.11208296519837e+06 -4.88180312841260e-11 -6.98679810750922e-12
 1.11621710261546e+06 -4.86893226877566e-11 -6.93206392320487e-12
 1.12035124003256e+06 -4.85609534354940e-11 -6.89833782864803e-12
 1.12448537744965e+06 -4.84329226326346e-11 -6.88563029220969e-12
 1.12861951486675e+06 -4.83052293868366e-11 -6.89396544694294e-12
 1.13275365228384e+06 -4.81778728081088e-11 -6.92336636688583e-12
 1.13688778970094e+06 -4.80508520088071e-11 -6.97383502631466e-12
 1.14102192711803e+06 -4.79241661036294e-11 -7.04532807037718e-12
 1.14515606453512e+06 -4.77978142096030e-11 -7.13772979167423e-12
 1.14929020195222e+06 -4.76717954460885e-11 -7.25082390351830e-12
 1.15342433936931e+06 -4.75461089347677e-11 -7.38426581617721e-12
 1.15755847678641e+06 -4.74207537996357e-11 -7.53755715131933e-12
 1.16169261420350e+06 -4.72957291669978e-11 -7.71002416954870e-12
 1.16582675162060e+06 -4.71710341654643e-11 -7.90080163876356e-12
 1.16996088903769e+06 -4.70466679259428e-11 -8.10882344339906e-12
 1.17409502645478e+06 -4.69226295816305e-11 -8.33282093685870e-12
 1.17822916387188e+06 -4.67989182680124e-11 -8.57132968544936e-12
 1.18236330128897e+06 -4.66755331228508e-11 -8.82270485847989e-12
 1.18649743870607e+06 -4.65524732861822e-11 -9.08514510470624e-12
 1.19063157612316e+06 -4.64297379003109e-11 -9.35672433956161e-12
 1.19476571354026e+06 -4.63073261098016e-11 -9.63543047081097e-12
 1.19889985095735e+06 -4.61852370614778e-11 -9.91920973144319e-12
 1.20303398837444e+06 -4.60634699044077e-11 -1.02060149853676e-11
 1.20716812579154e+06 -4.59420237899052e-11 -1.04938561388771e-11
 1.21130226320863e+06 -4.58208978715224e-11 -1.07808506405164e-11
 1.21543640062573e+06 -4.57000913050422e-11 -1.10652719920932e-11
 1.21957053804282e+06 -4.55796032484751e-11 -1.13455942278303e-11
 1.22370467545992e+06 -4.54594328620481e-11 -1.16205304464190e-11
 1.22783881287701e+06 -4.53395793082053e-11 -1.18890636972426e-11
 1.23197295029410e+06 -4.52200417515982e-11 -1.21504688179371e-11
 1.23610708771120e+06 -4.51008193590809e-11 -1.24043241831979e-11
 1.24024122512829e+06 -4.49819112997059e-11 -1.26505127380771e-11
 1.24437536254539e+06 -4.48633167447111e-11 -1.28892121346618e-11
 1.24850949996248e+06 -4.47450348675254e-11 -1.31208742490517e-11
 1.25264363737958e+06 -4.46270648437541e-11 -1.33461948050769e-11
 1.25677777479667e+06 -4.45094058511780e-11 -1.35660742522371e-11
 1.26091191221376e+06 -4.43920570697445e-11 -1.37815714184577e-11
 1.26504604963086e+06 -4.42750176815618e-11 -1.39938517667457e-11
 1.26918018704795e+06 -4.41582868708973e-11 -1.42041323145233e-11
 1.27331432446505e+06 -4.40418638241648e-11 -1.44136254148638e-11
 1.27744846188214e+06 -4.39257477299283e-11 -1.46234836437597e-11
 1.28158259929924e+06 -4.38099377788912e-11 -1.48347479847133e-11
 1.28571673671633e+06 -4.36944331638869e-11 -1.50483013539936e-11
 1.28985087413343e+06 -4.35792330798773e-11 -1.52648292735110e-11
 1.29398501155052e+06 -4.34643367239496e-11 -1.54847891842690e-11
 1.29811914896761e+06 -4.33497432953081e-11 -1.57083895162325e-11
 1.30225328638471e+06 -4.32354519952627e-11 -1.59355792073963e-11
 1.30638742380180e+06 -4.31214620272373e-11 -1.61660479152008e-11
 1.31052156121890e+06 -4.30077725967495e-11 -1.63992367076158e-11
 1.31465569863599e+06 -4.28943829114176e-11 -1.66343585801982e-11
 1.31878983605309e+06 -4.27812921809436e-11 -1.68704277387217e-11
 1.32292397347018e+06 -4.26684996171146e-11 -1.71062962332991e-11
 1.32705811088727e+06 -4.25560044337968e-11 -1.73406962445817e-11
 1.33119224830437e+06 -4.24438058469303e-11 -1.75722861182685e-11
 1.33532638572146e+06 -4.23319030745200e-11 -1.77996981292502e-11
 1.33946052313856e+06 -4.22202953366340e-11 -1.80215859354853e-11
 1.34359466055565e+06 -4.21089818553979e-11 -1.82366697540144e-11
 1.34772879797275e+06 -4.19979618549828e-11 -1.84437774527069e-11
 1.35186293538984e+06 -4.18872345616146e-11 -1.86418799925672e-11
 1.35599707280693e+06 -4.17767992035501e-11 -1.88301199639888e-11
 1.36013121022403e+06 -4.16666550110877e-11 -1.90078323207152e-11
 1.36426534764112e+06 -4.15568012165502e-11 -1.91745568088492e-11
 1.36839948505822e+06 -4.14472370542870e-11 -1.93300419959333e-11
 1.37253362247531e+06 -4.13379617606658e-11 -1.94742412062331e-11
 1.37666775989241e+06 -4.12289745740667e-11 -1.96073010435264e-11
 1.38080189730950e+06 -4.11202747348825e-11 -1.97295435135270e-11
 1.38493603472659e+06 -4.10118614855007e-11 -1.98414430285871e-11
 1.38907017214369e+06 -4.09037340703132e-11 -1.99435997749146e-11
 1.39320430956078e+06 -4.07958917357006e-11 -2.00367110379046e-11
 1.39733844697788e+06 -4.06883337300329e-11 -2.01215421098675e-11
 1.40147258439497e+06 -4.05810593036581e-11 -2.01988983457631e-11
 1.40560672181207e+06 -4.04740677089051e-11 -2.02695997909368e-11
 1.40974085922916e+06 -4.03673582000717e-11 -2.03344595885002e-11
 1.41387499664625e+06 -4.02609300334237e-11 -2.03942670953946e-11
 1.41800913406335e+06 -4.01547824671852e-11 -2.04497763105880e-11
 1.42214327148044e+06 -4.00489147615361e-11 -2.05016998644704e-11
 1.42627740889754e+06 -3.99433261786073e-11 -2.05507084545886e-11
 1.43041154631463e+06 -3.98380159824784e-11 -2.05974352595758e-11
 1.43454568373173e+06 -3.97329834391658e-11 -2.06424845398538e-11
 1.43867982114882e+06 -3.96282278166216e-11 -2.06864433585055e-11
 1.44281395856591e+06 -3.95237483847308e-11 -2.07298951440006e-11
 1.44694809598301e+06 -3.94195444152985e-11 -2.07734336805195e-11
 1.45108223340010e+06 -3.93156151820545e-11 -2.08176760597278e-11
 1.45521637081720e+06 -3.92119599606388e-11 -2.08632731636247e-11
 1.45935050823429e+06 -3.91085780286057e-11 -2.09109163709921e-11
 1.46348464565139e+06 -3.90054686654127e-11 -2.09613393840987e-11
 1.46761878306848e+06 -3.89026311524141e-11 -2.10153143480326e-11
 1.47175292048557e+06 -3.88000647728637e-11 -2.10736417681517e-11
 1.47588705790267e+06 -3.86977688119014e-11 -2.11371341045053e-11
 1.48002119531976e+06 -3.85957425565556e-11 -2.12065933160906e-11
 1.48415533273686e+06 -3.84939852957318e-11 -2.12827830211592e-11
 1.48828947015395e+06 -3.83924963202128e-11 -2.13663963112655e-11
 1.49242360757105e+06 -3.82912749226464e-11 -2.14580205853558e-11
 1.49655774498814e+06 -3.81903203975490e-11 -2.15581010373576e-11
 1.50069188240524e+06 -3.80896320412969e-11 -2.16669046201497e-11
 1.50482601982233e+06 -3.79892091521214e-11 -2.17844864084586e-11
 1.50896015723942e+06 -3.78890510301027e-11 -2.19106602851063e-11
 1.51309429465652e+06 -3.77891569771710e-11 -2.20449757762803e-11
 1.51722843207361e+06 -3.76895262970922e-11 -2.21867026642621e-11
 1.52136256949071e+06 -3.75901582954681e-11 -2.23348247177544e-11
 1.52549670690780e+06 -3.74910522797334e-11 -2.24880435125383e-11
 1.52963084432490e+06 -3.73922075591483e-11 -2.26447928852847e-11
 1.53376498174199e+06 -3.72936234447924e-11 -2.28032640907474e-11
 1.53789911915908e+06 -3.71952992495630e-11 -2.29614412398162e-11
 1.54203325657618e+06 -3.70972342881707e-11 -2.31171461068849e-11
 1.54616739399327e+06 -3.69994278771303e-11 -2.32680909340079e-11
 1.55030153141037e+06 -3.69018793347579e-11 -2.34119374495338e-11
 1.55443566882746e+06 -3.68045879811729e-11 -2.35463599814806e-11
 1.55856980624456e+06 -3.67075531382829e-11 -2.36691102987325e-11
 1.56270394366165e+06 -3.66107741297804e-11 -2.37780816699883e-11
 1.56683808107874e+06 -3.65142502811457e-11 -2.38713695999948e-11
 1.57097221849584e+06 -3.64179809196373e-11 -2.39473267883778e-11
 1.57510635591293e+06 -3.63219653742835e-11 -2.40046100562650e-11
 1.57924049333003e+06 -3.62262029758861e-11 -2.40422172918292e-11
 1.58337463074712e+06 -3.61306930570101e-11 -2.40595128648982e-11
 1.58750876816422e+06 -3.60354349519789e-11 -2.40562404351564e-11
 1.59164290558131e+06 -3.59404279968727e-11 -2.40325226065260e-11
 1.59577704299840e+06 -3.58456715295186e-11 -2.39888474377132e-11
 1.59991118041550e+06 -3.57511648894944e-11 -2.39260423797064e-11
 1.60404531783259e+06 -3.56569074181180e-11 -2.38452367487567e-11
 1.60817945524969e+06 -3.55628984584423e-11 -2.37478143328610e-11
 1.61231359266678e+06 -3.54691373552527e-11 -2.36353581476873e-11
 1.61644773008388e+06 -3.53756234550607e-11 -2.35095896845172e-11
 1.62058186750097e+06 -3.52823561061037e-11 -2.33723052127388e-11
 1.62471600491806e+06 -3.51893346583391e-11 -2.32253118022727e-11
 1.62885014233516e+06 -3.50965584634320e-11 -2.30703657125462e-11
 1.63298427975225e+06 -3.50040268747620e-11 -2.29091156553898e-11
 1.63711841716935e+06 -3.49117392474117e-11 -2.27430531864893e-11
 1.64125255458644e+06 -3.48196949381639e-11 -2.25734721265529e-11
 1.64538669200354e+06 -3.47278933054982e-11 -2.24014384762606e-11
 1.64952082942063e+06 -3.46363337095841e-11 -2.22277717899006e-11
 1.65365496683772e+06 -3.45450155122824e-11 -2.20530384355933e-11
 1.65778910425482e+06 -3.44539380771283e-11 -2.18775566211072e-11
 1.66192324167191e+06 -3.43631007693418e-11 -2.17014125300267e-11
 1.66605737908901e+06 -3.42725029558154e-11 -2.15244864186524e-11
 1.67019151650610e+06 -3.41821440051086e-11 -2.13464870931954e-11
 1.67432565392320e+06 -3.40920232874496e-11 -2.11669928392040e-11
 1.67845979134029e+06 -3.40021401747219e-11 -2.09854966266516e-11
 1.68259392875739e+06 -3.39124940404700e-11 -2.08014532753192e-11
 1.68672806617448e+06 -3.38230842598878e-11 -2.06143262409974e-11
 1.69086220359157e+06 -3.37339102098151e-11 -2.04236317731214e-11
 1.69499634100867e+06 -3.36449712687379e-11 -2.02289783922235e-11
 1.69913047842576e+06 -3.35562668167777e-11 -2.00300999294151e-11
 1.70326461584286e+06 -3.34677962356937e-11 -1.98268807437695e-11
 1.70739875325995e+06 -3.33795589088711e-11 -1.96193721666498e-11
 1.71153289067705e+06 -3.32915542213268e-11 -1.94077996920825e-11
 1.71566702809414e+06 -3.32037815596919e-11 -1.91925609145858e-11
 1.71980116551123e+06 -3.31162403122211e-11 -1.89742146860709e-11
 1.72393530292833e+06 -3.30289298687791e-11 -1.87534623974675e-11
 1.72806944034542e+06 -3.29418496208362e-11 -1.85311226675621e-11
 1.73220357776252e+06 -3.28549989614728e-11 -1.83081010225961e-11
 1.73633771517961e+06 -3.27683772853660e-11 -1.80853563616094e-11
 1.74047185259671e+06 -3.26819839887912e-11 -1.78638661151786e-11
 1.74460599001380e+06 -3.25958184696135e-11 -1.76445920149972e-11
 1.74874012743089e+06 -3.25098801272871e-11 -1.74284483003407e-11
 1.75287426484799e+06 -3.24241683628464e-11 -1.72162740014011e-11
 1.75700840226508e+06 -3.23386825789096e-11 -1.70088106704732e-11
 1.76114253968218e+06 -3.22534221796684e-11 -1.68066865955664e-11
 1.76527667709927e+06 -3.21683865708858e-11 -1.66104081464052e-11
 1.76941081451637e+06 -3.20835751598878e-11 -1.64203584910233e-11
 1.77354495193346e+06 -3.19989873555660e-11 -1.62368035047307e-11
 1.77767908935055e+06 -3.19146225683713e-11 -1.60599042943202e-11
 1.78181322676765e+06 -3.18304802103084e-11 -1.58897354000326e-11
 1.78594736418474e+06 -3.17465596949325e-11 -1.57263074346322e-11
 1.79008150160184e+06 -3.16628604373426e-11 -1.55695926882698e-11
 1.79421563901893e+06 -3.15793818541815e-11 -1.54195520809816e-11
 1.79834977643603e+06 -3.14961233636302e-11 -1.52761617882192e-11
 1.80248391385312e+06 -3.14130843854063e-11 -1.51394379006338e-11
 1.80661805127021e+06 -3.13302643407526e-11 -1.50094576041229e-11
 1.81075218868731e+06 -3.12476626524407e-11 -1.48863755721713e-11
 1.81488632610440e+06 -3.11652787447637e-11 -1.47704345375533e-11
 1.81902046352150e+06 -3.10831120435327e-11 -1.46619693391139e-11
 1.82315460093859e+06 -3.10011619760706e-11 -1.45614041032320e-11
 1.82728873835569e+06 -3.09194279712107e-11 -1.44692425990060e-11
 1.83142287577278e+06 -3.08379094592984e-11 -1.43860521807147e-11
 1.83555701318987e+06 -3.07566058721742e-11 -1.43124420809110e-11
 1.83969115060697e+06 -3.06755166431790e-11 -1.42490371244721e-11
 1.84382528802406e+06 -3.05946412071452e-11 -1.41964481821083e-11
 1.84795942544116e+06 -3.05139790003964e-11 -1.41552408592217e-11
 1.85209356285825e+06 -3.04335294607468e-11 -1.41259040139000e-11
 1.85622770027535e+06 -3.03532920274886e-11 -1.41088197123071e-11
 1.86036183769244e+06 -3.02732661413919e-11 -1.41042361611883e-11
 1.86449597510954e+06 -3.01934512447027e-11 -1.41122450102706e-11
 1.86863011252663e+06 -3.01138467811382e-11 -1.41327642009453e-11
 1.87276424994372e+06 -3.00344521958817e-11 -1.41655272640472e-11
 1.87689838736082e+06 -2.99552669355789e-11 -1.42100796538126e-11
 1.88103252477791e+06 -2.98762904483339e-11 -1.42657823642627e-11
 1.88516666219501e+06 -2.97975221837055e-11 -1.43318227262925e-11
 1.88930079961210e+06 -2.97189615927075e-11 -1.44072319465914e-11
 1.89343493702920e+06 -2.96406081277976e-11 -1.44909086401705e-11
 1.89756907444629e+06 -2.95624612428777e-11 -1.45816473419670e-11
 1.90170321186338e+06 -2.94845203932916e-11 -1.46781707720778e-11
 1.90583734928048e+06 -2.94067850358148e-11 -1.47791644830925e-11
 1.90997148669757e+06 -2.93292546286597e-11 -1.48833124423267e-11
 1.91410562411467e+06 -2.92519286314643e-11 -1.49893320981656e-11
 1.91823976153176e+06 -2.91748065052922e-11 -1.50960075463252e-11
 1.92237389894886e+06 -2.90978877126281e-11 -1.52022195426317e-11
 1.92650803636595e+06 -2.90211717173757e-11 -1.53069712951763e-11
 1.93064217378304e+06 -2.89446579848471e-11 -1.54094091986327e-11
 1.93477631120014e+06 -2.88683459817686e-11 -1.55088379337380e-11
 1.93891044861723e+06 -2.87922351762714e-11 -1.56047296305870e-11
 1.94304458603433e+06 -2.87163250378880e-11 -1.56967270707607e-11
 1.94717872345142e+06 -2.86406150375521e-11 -1.57846411657817e-11
 1.95131286086852e+06 -2.85651046475903e-11 -1.58684431850580e-11
 1.95544699828561e+06 -2.84897933417182e-11 -1.59482524043112e-11
 1.95958113570270e+06 -2.84146805950453e-11 -1.60243199969761e-11
 1.96371527311980e+06 -2.83397658840590e-11 -1.60970100907691e-11
 1.96784941053689e+06 -2.82650486866289e-11 -1.61667789573691e-11
 1.97198354795399e+06 -2.81905284820023e-11 -1.62341532955687e-11
 1.97611768537108e+06 -2.81162047507985e-11 -1.62997085115267e-11
 1.98025182278818e+06 -2.80420769750075e-11 -1.63640478002847e-11
 1.98438596020527e+06 -2.79681446379817e-11 -1.64277826993158e-11
 1.98852009762236e+06 -2.78944072244396e-11 -1.64915156279307e-11
 1.99265423503946e+06 -2.78208642204562e-11 -1.65558247569903e-11
 1.99678837245655e+06 -2.77475151134629e-11 -1.66212513831287e-11
 2.00092250987365e+06 -2.76743593922407e-11 -1.66882898212246e-11
 2.00505664729074e+06 -2.76013965469198e-11 -1.67573796880080e-11
 2.00919078470784e+06 -2.75286260689718e-11 -1.68289003361844e-11
 2.01332492212493e+06 -2.74560474512143e-11 -1.69031671180842e-11
 2.01745905954202e+06 -2.73836601877990e-11 -1.69804291136505e-11
 2.02159319695912e+06 -2.73114637742113e-11 -1.70608679502135e-11
 2.02572733437621e+06 -2.72394577072690e-11 -1.71445973687445e-11
 2.02986147179331e+06 -2.71676414851115e-11 -1.72316632487663e-11
 2.03399560921040e+06 -2.70960146072078e-11 -1.73220438853276e-11
 2.03812974662750e+06 -2.70245765743412e-11 -1.74156504082017e-11
 2.04226388404459e+06 -2.69533268886136e-11 -1.75123273369904e-11
 2.04639802146168e+06 -2.68822650534386e-11 -1.76118533663779e-11
 2.05053215887878e+06 -2.68113905735419e-11 -1.77139425646167e-11
 2.05466629629587e+06 -2.67407029549530e-11 -1.78182462370744e-11
 2.05880043371297e+06 -2.66702017050039e-11 -1.79243557488387e-11
 2.06293457113006e+06 -2.65998863323256e-11 -1.80318066111840e-11
 2.06706870854716e+06 -2.65297563468426e-11 -1.81400841138417e-11
 2.07120284596425e+06 -2.64598112597774e-11 -1.82486307285982e-11
 2.07533698338135e+06 -2.63900505836344e-11 -1.83568554223163e-11
 2.07947112079844e+06 -2.63204738322063e-11 -1.84641449042152e-11
 2.08360525821553e+06 -2.62510805205696e-11 -1.85698766999684e-11
 2.08773939563263e+06 -2.61818701650755e-11 -1.86734338028395e-11
 2.09187353304972e+06 -2.61128422833503e-11 -1.87742205093621e-11
 2.09600767046682e+06 -2.60439963942983e-11 -1.88716789142084e-11
 2.10014180788391e+06 -2.59753320180857e-11 -1.89653054260263e-11
 2.10427594530101e+06 -2.59068486761464e-11 -1.90546665823764e-11
 2.10841008271810e+06 -2.58385458911753e-11 -1.91394133949738e-11
 2.11254422013519e+06 -2.57704231871289e-11 -1.92192934521608e-11
 2.11667835755229e+06 -2.57024800892154e-11 -1.92941600468588e-11
 2.12081249496938e+06 -2.56347161238942e-11 -1.93639776858162e-11
 2.12494663238648e+06 -2.55671308188754e-11 -1.94288234671842e-11
 2.12908076980357e+06 -2.54997237031130e-11 -1.94888839832366e-11
 2.13321490722067e+06 -2.54324943068053e-11 -1.95444476055351e-11
 2.13734904463776e+06 -2.53654421613860e-11 -1.95958922309933e-11
 2.14148318205485e+06 -2.52985667995241e-11 -1.96436687975911e-11
 2.14561731947195e+06 -2.52318677551245e-11 -1.96882811051154e-11
 2.14975145688904e+06 -2.51653445633204e-11 -1.97302626864363e-11
 2.15388559430614e+06 -2.50989967604657e-11 -1.97701516559693e-11
 2.15801973172323e+06 -2.50328238841435e-11 -1.98084646028443e-11
 2.16215386914033e+06 -2.49668254731487e-11 -1.98456706874663e-11
 2.16628800655742e+06 -2.49010010675008e-11 -1.98821671350162e-11
 2.17042214397451e+06 -2.48353502084241e-11 -1.99182572936854e-11
 2.17455628139161e+06 -2.47698724383562e-11 -1.99541323389202e-11
 2.17869041880870e+06 -2.47045673009413e-11 -1.99898575599307e-11
 2.18282455622580e+06 -2.46394343410269e-11 -2.00253639676411e-11
 2.18695869364289e+06 -2.45744731046616e-11 -2.00604457229536e-11
 2.19109283105999e+06 -2.45096831390856e-11 -2.00947636124693e-11
 2.19522696847708e+06 -2.44450639927396e-11 -2.01278545093408e-11
 2.19936110589417e+06 -2.43806152152503e-11 -2.01591464645619e-11
 2.20349524331127e+06 -2.43163363574348e-11 -2.01879787943764e-11
 2.20762938072836e+06 -2.42522269712908e-11 -2.02136262773635e-11
 2.21176351814546e+06 -2.41882866100006e-11 -2.02353263642035e-11
 2.21589765556255e+06 -2.41245148279232e-11 -2.02523081457251e-11
 2.22003179297965e+06 -2.40609111805917e-11 -2.02638217298659e-11
 2.22416593039674e+06 -2.39974752247143e-11 -2.02691666513547e-11
 2.22830006781383e+06 -2.39342065181634e-11 -2.02677179815767e-11
 2.23243420523093e+06 -2.38711046199817e-11 -2.02589489186944e-11
 2.23656834264802e+06 -2.38081690903695e-11 -2.02424488142482e-11
 2.24070248006512e+06 -2.37453994906920e-11 -2.02179358235890e-11
 2.24483661748221e+06 -2.36827953834678e-11 -2.01852636414524e-11
 2.24897075489931e+06 -2.36203563323696e-11 -2.01444220867757e-11
 2.25310489231640e+06 -2.35580819022203e-11 -2.00955316162129e-11
 2.25723902973349e+06 -2.34959716589893e-11 -2.00388321571122e-11
 2.26137316715059e+06 -2.34340251697925e-11 -1.99746669411384e-11
 2.26550730456768e+06 -2.33722420028852e-11 -1.99034622735762e-11
 2.26964144198478e+06 -2.33106217276627e-11 -1.98257043768309e-11
 2.27377557940187e+06 -2.32491639146540e-11 -1.97419145885151e-11
 2.27790971681897e+06 -2.31878681355202e-11 -1.96526242669896e-11
 2.28204385423606e+06 -2.31267339630538e-11 -1.95583507561119e-11
 2.28617799165316e+06 -2.30657609711722e-11 -1.94595756861793e-11
 2.29031212907025e+06 -2.30049487349154e-11 -1.93567267435855e-11
 2.29444626648734e+06 -2.29442968304479e-11 -1.92501638352813e-11
 2.29858040390444e+06 -2.28838048350474e-11 -1.91401703170135e-11
 2.30271454132153e+06 -2.28234723271071e-11 -1.90269496606730e-11
 2.30684867873863e+06 -2.27632988861331e-11 -1.89106276219618e-11
 2.31098281615572e+06 -2.27032840927383e-11 -1.87912596525371e-11
 2.31511695357282e+06 -2.26434275286418e-11 -1.86688429983983e-11
 2.31925109098991e+06 -2.25837287766672e-11 -1.85433326554662e-11
 2.32338522840700e+06 -2.25241874207362e-11 -1.84146601293919e-11
 2.32751936582410e+06 -2.24648030458689e-11 -1.82827537823509e-11
 2.33165350324119e+06 -2.24055752381807e-11 -1.81475594544212e-11
 2.33578764065829e+06 -2.23465035848706e-11 -1.80090600268541e-11
 2.33992177807538e+06 -2.22875876742369e-11 -1.78672926507562e-11
 2.34405591549248e+06 -2.22288270956564e-11 -1.77223624945423e-11
 2.34819005290957e+06 -2.21702214395907e-11 -1.75744520605902e-11
 2.35232419032666e+06 -2.21117702975792e-11 -1.74238253747722e-11
 2.35645832774376e+06 -2.20534732622417e-11 -1.72708266485839e-11
 2.36059246516085e+06 -2.19953299272704e-11 -1.71158733358654e-11
 2.36472660257795e+06 -2.19373398874263e-11 -1.69594438369485e-11
 2.36886073999504e+06 -2.18795027385428e-11 -1.68020604238179e-11
 2.37299487741214e+06 -2.18218180775172e-11 -1.66442682525242e-11
 2.37712901482923e+06 -2.17642855023092e-11 -1.64866115769760e-11
 2.38126315224632e+06 -2.17069046119385e-11 -1.63296084669012e-11
 2.38539728966342e+06 -2.16496750064829e-11 -1.61737254510774e-11
 2.38953142708051e+06 -2.15925962870762e-11 -1.60193535474104e-11
 2.39366556449761e+06 -2.15356680558993e-11 -1.58667871008802e-11
 2.39779970191470e+06 -2.14788899161851e-11 -1.57162067300249e-11
 2.40193383933180e+06 -2.14222614722121e-11 -1.55676674880188e-11
 2.40606797674889e+06 -2.13657823293023e-11 -1.54210930853942e-11
 2.41020211416598e+06 -2.13094520938169e-11 -1.52762767112970e-11
 2.41433625158308e+06 -2.12532703731582e-11 -1.51328886452051e-11
 2.41847038900017e+06 -2.11972367757591e-11 -1.49904904895419e-11
 2.42260452641727e+06 -2.11413509110898e-11 -1.48485554951008e-11
 2.42673866383436e+06 -2.10856123896438e-11 -1.47064941148744e-11
 2.43087280125146e+06 -2.10300208229492e-11 -1.45636836264264e-11
 2.43500693866855e+06 -2.09745758235529e-11 -1.44195004243454e-11
 2.43914107608564e+06 -2.09192770050259e-11 -1.42733534163915e-11
 2.44327521350274e+06 -2.08641239819569e-11 -1.41247168690154e-11
 2.44740935091983e+06 -2.08091163699501e-11 -1.39731610458245e-11
 2.45154348833693e+06 -2.07542537856276e-11 -1.38183790670420e-11
 2.45567762575402e+06 -2.06995358466143e-11 -1.36602085854307e-11
 2.45981176317112e+06 -2.06449621715501e-11 -1.34986471165160e-11
 2.46394590058821e+06 -2.05905323800770e-11 -1.33338601657995e-11
 2.46808003800530e+06 -2.05362460928415e-11 -1.31661816478141e-11
 2.47221417542240e+06 -2.04821029314901e-11 -1.29961064728164e-11
 2.47634831283949e+06 -2.04281025186651e-11 -1.28242755671087e-11
 2.48048245025659e+06 -2.03742444780065e-11 -1.26514539719676e-11
 2.48461658767368e+06 -2.03205284341439e-11 -1.24785030141081e-11
 2.48875072509078e+06 -2.02669540126991e-11 -1.23063478393180e-11
 2.49288486250787e+06 -2.02135208402789e-11 -1.21359418345615e-11
 2.49701899992497e+06 -2.01602285444750e-11 -1.19682296202694e-11
 2.50115313734206e+06 -2.01070767538620e-11 -1.18041103653448e-11
 2.50528727475915e+06 -2.00540650979942e-11 -1.16444031589473e-11
 2.50942141217625e+06 -2.00011932074003e-11 -1.14898160663072e-11
 2.51355554959334e+06 -1.99484607135828e-11 -1.13409203062674e-11
 2.51768968701044e+06 -1.98958672490195e-11 -1.11981307259552e-11
 2.52182382442753e+06 -1.98434124471549e-11 -1.10616934267417e-11
 2.52595796184463e+06 -1.97910959424006e-11 -1.09316810324168e-11
 2.53009209926172e+06 -1.97389173701304e-11 -1.08079957042931e-11
 2.53422623667881e+06 -1.96868763666823e-11 -1.06903796191166e-11
 2.53836037409591e+06 -1.96349725693504e-11 -1.05784322545069e-11
 2.54249451151300e+06 -1.95832056163850e-11 -1.04716334925989e-11
 2.54662864893010e+06 -1.95315751469929e-11 -1.03693712728989e-11
 2.55076278634719e+06 -1.94800808013309e-11 -1.02709723145098e-11
 2.55489692376429e+06 -1.94287222205042e-11 -1.01757342965810e-11
 2.55903106118138e+06 -1.93774990465634e-11 -1.00829578404018e-11
 2.56316519859847e+06 -1.93264109225037e-11 -9.99197667888756e-12
 2.56729933601557e+06 -1.92754574922634e-11 -9.90218452640763e-12
 2.57143347343266e+06 -1.92246384007172e-11 -9.81305736657553e-12
 2.57556761084976e+06 -1.91739532936746e-11 -9.72417014629367e-12
 2.57970174826685e+06 -1.91234018178835e-11 -9.63520718599898e-12
 2.58383588568395e+06 -1.90729836210189e-11 -9.54596597104508e-12
 2.58797002310104e+06 -1.90226983516872e-11 -9.45635435822607e-12
 2.59210416051813e+06 -1.89725456594202e-11 -9.36638159435085e-12
 2.59623829793523e+06 -1.89225251946765e-11 -9.27614388116798e-12
 2.60037243535232e+06 -1.88726366088343e-11 -9.18580551443598e-12
 2.60450657276942e+06 -1.88228795541864e-11 -9.09557685899081e-12
 2.60864071018651e+06 -1.87732536839497e-11 -9.00569058375317e-12
 2.61277484760361e+06 -1.87237586522501e-11 -8.91637766220622e-12
 2.61690898502070e+06 -1.86743941141309e-11 -8.82784464105538e-12
 2.62104312243779e+06 -1.86251597255419e-11 -8.74025359267728e-12
 2.62517725985489e+06 -1.85760551433376e-11 -8.65370600099973e-12
 2.62931139727198e+06 -1.85270800252801e-11 -8.56823159462065e-12
 2.63344553468908e+06 -1.84782340300313e-11 -8.48378284850017e-12
 2.63757967210617e+06 -1.84295168171557e-11 -8.40023554260121e-12
 2.64171380952327e+06 -1.83809280471166e-11 -8.31739541054434e-12
 2.64584794694036e+06 -1.83324673812679e-11 -8.23501055338715e-12
 2.64998208435745e+06 -1.82841344818587e-11 -8.15278895252062e-12
 2.65411622177455e+06 -1.82359290120318e-11 -8.07042011011759e-12
 2.65825035919164e+06 -1.81878506358132e-11 -7.98759959247399e-12
 2.66238449660874e+06 -1.81398990181165e-11 -7.90405506483297e-12
 2.66651863402583e+06 -1.80920738247389e-11 -7.81957229625176e-12
 2.67065277144293e+06 -1.80443747223597e-11 -7.73401958616441e-12
 2.67478690886002e+06 -1.79968013785360e-11 -7.64736912224444e-12
 2.67892104627712e+06 -1.79493534617003e-11 -7.55971391928488e-12
 2.68305518369421e+06 -1.79020306411626e-11 -7.47127920397830e-12
 2.68718932111130e+06 -1.78548325871001e-11 -7.38242738951865e-12
 2.69132345852840e+06 -1.78077589705644e-11 -7.29365611240088e-12
 2.69545759594549e+06 -1.77608094634706e-11 -7.20558916421390e-12
 2.69959173336259e+06 -1.77139837386014e-11 -7.11896052498667e-12
 2.70372587077968e+06 -1.76672814696020e-11 -7.03459207171122e-12
 2.70786000819678e+06 -1.76207023309769e-11 -6.95336587696105e-12
 2.71199414561387e+06 -1.75742459980881e-11 -6.87619230980498e-12
 2.71612828303096e+06 -1.75279121471555e-11 -6.80397538878972e-12
 2.72026242044806e+06 -1.74817004552521e-11 -6.73757700197389e-12
 2.72439655786515e+06 -1.74356106003012e-11 -6.67778169293475e-12
 2.72853069528225e+06 -1.73896422610754e-11 -6.62526370964608e-12
 2.73266483269934e+06 -1.73437951171969e-11 -6.58055792493217e-12
 2.73679897011644e+06 -1.72980688491291e-11 -6.54403606711270e-12
 2.74093310753353e+06 -1.72524631381805e-11 -6.51588945593454e-12
 2.74506724495062e+06 -1.72069776664962e-11 -6.49611913414865e-12
 2.74920138236772e+06 -1.71616121170678e-11 -6.48453393463011e-12
 2.75333551978481e+06 -1.71163661737127e-11 -6.48075664430533e-12
 2.75746965720191e+06 -1.70712395210836e-11 -6.48423803872158e-12
 2.76160379461900e+06 -1.70262318446706e-11 -6.49427818401149e-12
 2.76573793203610e+06 -1.69813428307891e-11 -6.51005405555876e-12
 2.76987206945319e+06 -1.69365721665824e-11 -6.53065222202015e-12
 2.77400620687028e+06 -1.68919195400160e-11 -6.55510510435538e-12
 2.77814034428738e+06 -1.68473846398811e-11 -6.58242915401418e-12
 2.78227448170447e+06 -1.68029671557911e-11 -6.61166321014791e-12
 2.78640861912157e+06 -1.67586667781716e-11 -6.64190529654178e-12
 2.79054275653866e+06 -1.67144831982694e-11 -6.67234620428766e-12
 2.79467689395576e+06 -1.66704161081445e-11 -6.70229837102770e-12
 2.79881103137285e+06 -1.66264652006694e-11 -6.73121880341049e-12
 2.80294516878994e+06 -1.65826301695233e-11 -6.75872508356017e-12
 2.80707930620704e+06 -1.65389107091969e-11 -6.78460383794364e-12
 2.81121344362413e+06 -1.64953065149846e-11 -6.80881141074044e-12
 2.81534758104123e+06 -1.64518172829826e-11 -6.83146685545931e-12
 2.81948171845832e+06 -1.64084427100904e-11 -6.85283771951282e-12
 2.82361585587542e+06 -1.63651824940061e-11 -6.87331942905196e-12
 2.82774999329251e+06 -1.63220363332250e-11 -6.89340936953474e-12
 2.83188413070960e+06 -1.62790039270363e-11 -6.91367698749794e-12
 2.83601826812670e+06 -1.62360849755231e-11 -6.93473140041903e-12
 2.84015240554379e+06 -1.61932791795608e-11 -6.95718808736779e-12
 2.84428654296089e+06 -1.61505862408097e-11 -6.98163624042729e-12
 2.84842068037798e+06 -1.61080058617198e-11 -7.00860828660532e-12
 2.85255481779508e+06 -1.60655377455238e-11 -7.03855294698826e-12
 2.85668895521217e+06 -1.60231815962396e-11 -7.07181299288664e-12
 2.86082309262927e+06 -1.59809371186614e-11 -7.10860859907686e-12
 2.86495723004636e+06 -1.59388040183637e-11 -7.14902689624806e-12
 2.86909136746345e+06 -1.58967820016979e-11 -7.19301800399171e-12
 2.87322550488055e+06 -1.58548707757882e-11 -7.24039749890205e-12
 2.87735964229764e+06 -1.58130700485357e-11 -7.29085495620018e-12
 2.88149377971474e+06 -1.57713795286036e-11 -7.34396791344292e-12
 2.88562791713183e+06 -1.57297989254289e-11 -7.39922035568629e-12
 2.88976205454893e+06 -1.56883279492129e-11 -7.45602462439830e-12
 2.89389619196602e+06 -1.56469663109215e-11 -7.51374551672382e-12
 2.89803032938311e+06 -1.56057137222820e-11 -7.57172527262099e-12
 2.90216446680021e+06 -1.55645698957830e-11 -7.62930814712483e-12
 2.90629860421730e+06 -1.55235345446706e-11 -7.68586333190863e-12
 2.91043274163440e+06 -1.54826073829450e-11 -7.74080511942088e-12
 2.91456687905149e+06 -1.54417881253629e-11 -7.79360938606425e-12
 2.91870101646859e+06 -1.54010764874336e-11 -7.84382569736714e-12
 2.92283515388568e+06 -1.53604721854120e-11 -7.89108459516415e-12
 2.92696929130277e+06 -1.53199749363079e-11 -7.93509990031019e-12
 2.93110342871987e+06 -1.52795844578729e-11 -7.97566613963529e-12
 2.93523756613696e+06 -1.52393004686011e-11 -8.01265146850238e-12
 2.93937170355406e+06 -1.51991226877331e-11 -8.04598669658648e-12
 2.94350584097115e+06 -1.51590508352474e-11 -8.07565122273434e-12
 2.94763997838825e+06 -1.51190846318606e-11 -8.10165683527922e-12
 2.95177411580534e+06 -1.50792237990271e-11 -8.12403042990457e-12
 2.95590825322243e+06 -1.50394680589349e-11 -8.14279673423443e-12
 2.96004239063953e+06 -1.49998171345020e-11 -8.15796210589326e-12
 2.96417652805662e+06 -1.49602707493813e-11 -8.16950039115248e-12
 2.96831066547372e+06 -1.49208286279541e-11 -8.17734169970065e-12
 2.97244480289081e+06 -1.48814904953245e-11 -8.18136477551037e-12
 2.97657894030791e+06 -1.48422560773238e-11 -8.18139343420909e-12
 2.98071307772500e+06 -1.48031251005055e-11 -8.17719730543113e-12
 2.98484721514209e+06 -1.47640972921462e-11 -8.16849687704940e-12
 2.98898135255919e+06 -1.47251723802377e-11 -8.15497259972985e-12
 2.99311548997628e+06 -1.46863500934920e-11 -8.13627758754921e-12
 2.99724962739338e+06 -1.46476301613359e-11 -8.11205325479169e-12
 3.00138376481047e+06 -1.46090123139072e-11 -8.08194707052396e-12
 3.00551790222757e+06 -1.45704962820593e-11 -8.04563149874355e-12
 3.00965203964466e+06 -1.45320817973522e-11 -8.00282312815367e-12
 3.01378617706175e+06 -1.44937685920548e-11 -7.95330098462441e-12
 3.01792031447885e+06 -1.44555563991419e-11 -7.89692306078832e-12
 3.02205445189594e+06 -1.44174449522911e-11 -7.83364018830137e-12
 3.02618858931304e+06 -1.43794339858831e-11 -7.76350651352025e-12
 3.03032272673013e+06 -1.43415232349987e-11 -7.68668600917487e-12
 3.03445686414723e+06 -1.43037124354177e-11 -7.60345465365671e-12
 3.03859100156432e+06 -1.42660013236167e-11 -7.51419812523617e-12
 3.04272513898141e+06 -1.42283896367661e-11 -7.41940507956572e-12
 3.04685927639851e+06 -1.41908771127283e-11 -7.31965629389818e-12
 3.05099341381560e+06 -1.41534634900601e-11 -7.21561015972118e-12
 3.05512755123270e+06 -1.41161485080070e-11 -7.10798517717202e-12
 3.05926168864979e+06 -1.40789319064995e-11 -6.99754024149732e-12
 3.06339582606689e+06 -1.40418134261534e-11 -6.88505360755675e-12
 3.06752996348398e+06 -1.40047928082742e-11 -6.77130146892344e-12
 3.07166410090108e+06 -1.39678697948416e-11 -6.65703709172719e-12
 3.07579823831817e+06 -1.39310441285201e-11 -6.54297140090153e-12
 3.07993237573526e+06 -1.38943155526532e-11 -6.42975583063129e-12
 3.08406651315236e+06 -1.38576838112574e-11 -6.31796812713949e-12
 3.08820065056945e+06 -1.38211486490305e-11 -6.20810163714245e-12
 3.09233478798655e+06 -1.37847098113357e-11 -6.10055843784725e-12
 3.09646892540364e+06 -1.37483670442116e-11 -5.99564647377063e-12
 3.10060306282074e+06 -1.37121200943677e-11 -5.89358067139250e-12
 3.10473720023783e+06 -1.36759687091797e-11 -5.79448781485499e-12
 3.10887133765492e+06 -1.36399126366884e-11 -5.69841479357982e-12
 3.11300547507202e+06 -1.36039516256000e-11 -5.60533968400724e-12
 3.11713961248911e+06 -1.35680854252832e-11 -5.51518500959482e-12
 3.12127374990621e+06 -1.35323137857664e-11 -5.42783244076228e-12
 3.12540788732330e+06 -1.34966364577399e-11 -5.34313815283216e-12
 3.12954202474040e+06 -1.34610531925485e-11 -5.26094805631375e-12
 3.13367616215749e+06 -1.34255637421934e-11 -5.18111214926538e-12
 3.13781029957458e+06 -1.33901678593305e-11 -5.10349731296015e-12
 3.14194443699168e+06 -1.33548652972665e-11 -5.02799797519845e-12
 3.14607857440877e+06 -1.33196558099592e-11 -4.95454419418432e-12
 3.15021271182587e+06 -1.32845391520161e-11 -4.88310686273179e-12
 3.15434684924296e+06 -1.32495150786905e-11 -4.81369988976990e-12
 3.15848098666006e+06 -1.32145833458801e-11 -4.74637937544751e-12
 3.16261512407715e+06 -1.31797437101264e-11 -4.68123994945094e-12
 3.16674926149424e+06 -1.31449959286166e-11 -4.61840858192762e-12
 3.17088339891134e+06 -1.31103397591722e-11 -4.55803629593095e-12
 3.17501753632843e+06 -1.30757749602578e-11 -4.50028830422676e-12
 3.17915167374553e+06 -1.30413012909740e-11 -4.44533315745522e-12
 3.18328581116262e+06 -1.30069185110545e-11 -4.39333152291787e-12
 3.18741994857972e+06 -1.29726263808684e-11 -4.34442521279589e-12
 3.19155408599681e+06 -1.29384246614118e-11 -4.29872704850417e-12
 3.19568822341390e+06 -1.29043131143212e-11 -4.25631208681997e-12
 3.19982236083100e+06 -1.28702915018524e-11 -4.21721064719278e-12
 3.20395649824809e+06 -1.28363595868925e-11 -4.18140347378174e-12
 3.20809063566519e+06 -1.28025171329511e-11 -4.14881924578774e-12
 3.21222477308228e+06 -1.27687639041622e-11 -4.11933452264502e-12
 3.21635891049938e+06 -1.27350996652816e-11 -4.09277608286305e-12
 3.22049304791647e+06 -1.27015241816870e-11 -4.06892549368051e-12
 3.22462718533356e+06 -1.26680372193728e-11 -4.04752563896279e-12
 3.22876132275066e+06 -1.26346385449512e-11 -4.02828884043077e-12
 3.23289546016775e+06 -1.26013279256490e-11 -4.01090613636065e-12
 3.23702959758485e+06 -1.25681051293096e-11 -3.99505723547641e-12
 3.24116373500194e+06 -1.25349699243823e-11 -3.98042064337780e-12
 3.24529787241904e+06 -1.25019220799328e-11 -3.96668346492166e-12
 3.24943200983613e+06 -1.24689613656327e-11 -3.95355041716093e-12
 3.25356614725323e+06 -1.24360875517625e-11 -3.94075164171353e-12
 3.25770028467032e+06 -1.24033004092068e-11 -3.92804897898686e-12
 3.26183442208741e+06 -1.23705997094558e-11 -3.91524045544799e-12
 3.26596855950451e+06 -1.23379852246026e-11 -3.90216283395800e-12
 3.27010269692160e+06 -1.23054567273394e-11 -3.88869218080064e-12
 3.27423683433870e+06 -1.22730139909577e-11 -3.87474250600180e-12
 3.27837097175579e+06 -1.22406567893478e-11 -3.86026263056194e-12
 3.28250510917289e+06 -1.22083848969961e-11 -3.84523152062573e-12
 3.28663924658998e+06 -1.21761980889829e-11 -3.82965240022042e-12
 3.29077338400707e+06 -1.21440961409818e-11 -3.81354600783261e-12
 3.29490752142417e+06 -1.21120788292581e-11 -3.79694339556502e-12
 3.29904165884126e+06 -1.20801459306645e-11 -3.77987868174958e-12
 3.30317579625836e+06 -1.20482972226475e-11 -3.76238215879918e-12
 3.30730993367545e+06 -1.20165324832373e-11 -3.74447412865804e-12
 3.31144407109255e+06 -1.19848514910492e-11 -3.72615979076556e-12
 3.31557820850964e+06 -1.19532540252802e-11 -3.70742544465025e-12
 3.31971234592673e+06 -1.19217398657110e-11 -3.68823619491478e-12
 3.32384648334383e+06 -1.18903087927038e-11 -3.66853526440354e-12
 3.32798062076092e+06 -1.18589605872008e-11 -3.64824493618852e-12
 3.33211475817802e+06 -1.18276950307206e-11 -3.62726906096491e-12
 3.33624889559511e+06 -1.17965119053567e-11 -3.60549698769755e-12
 3.34038303301221e+06 -1.17654109937789e-11 -3.58280870570558e-12
 3.34451717042930e+06 -1.17343920792298e-11 -3.55908092894581e-12
 3.34865130784639e+06 -1.17034549455211e-11 -3.53419381064958e-12
 3.35278544526349e+06 -1.16725993770370e-11 -3.50803795028676e-12
 3.35691958268058e+06 -1.16418251587295e-11 -3.48052134585115e-12
 3.36105372009768e+06 -1.16111320761171e-11 -3.45157595273715e-12
 3.36518785751477e+06 -1.15805199152879e-11 -3.42116353493348e-12
 3.36932199493187e+06 -1.15499884628840e-11 -3.38928053327746e-12
 3.37345613234896e+06 -1.15195375061211e-11 -3.35596172683953e-12
 3.37759026976605e+06 -1.14891668327692e-11 -3.32128252390918e-12
 3.38172440718315e+06 -1.14588762311599e-11 -3.28535978587682e-12
 3.38585854460024e+06 -1.14286654901850e-11 -3.24835115648155e-12
 3.38999268201734e+06 -1.13985343992879e-11 -3.21045293749522e-12
 3.39412681943443e+06 -1.13684827484718e-11 -3.17189661641677e-12
 3.39826095685153e+06 -1.13385103282907e-11 -3.13294420918904e-12
 3.40239509426862e+06 -1.13086169298522e-11 -3.09388262901495e-12
 3.40652923168571e+06 -1.12788023448131e-11 -3.05501732879926e-12
 3.41066336910281e+06 -1.12490663653821e-11 -3.01666548854817e-12
 3.41479750651990e+06 -1.12194087843135e-11 -2.97914902932677e-12
 3.41893164393700e+06 -1.11898293949085e-11 -2.94278773232627e-12
 3.42306578135409e+06 -1.11603279910157e-11 -2.90789272575650e-12
 3.42719991877119e+06 -1.11309043670251e-11 -2.87476057502140e-12
 3.43133405618828e+06 -1.11015583178676e-11 -2.84366817467803e-12
 3.43546819360538e+06 -1.10722896390143e-11 -2.81486859618994e-12
 3.43960233102247e+06 -1.10430981264783e-11 -2.78858799590618e-12
 3.44373646843956e+06 -1.10139835768117e-11 -2.76502363557166e-12
 3.44787060585666e+06 -1.09849457870990e-11 -2.74434301567284e-12
 3.45200474327375e+06 -1.09559845549620e-11 -2.72668407238284e-12
 3.45613888069085e+06 -1.09270996785563e-11 -2.71215634408798e-12
 3.46027301810794e+06 -1.08982909565666e-11 -2.70084297536745e-12
 3.46440715552504e+06 -1.08695581882132e-11 -2.69280339629712e-12
 3.46854129294213e+06 -1.08409011732428e-11 -2.68807649403439e-12
 3.47267543035922e+06 -1.08123197119301e-11 -2.68668408249042e-12
 3.47680956777632e+06 -1.07838136050756e-11 -2.68863447431478e-12
 3.48094370519341e+06 -1.07553826540072e-11 -2.69392596715670e-12
 3.48507784261051e+06 -1.07270266605782e-11 -2.70255007222126e-12
 3.48921198002760e+06 -1.06987454271578e-11 -2.71449433638070e-12
 3.49334611744470e+06 -1.06705387566419e-11 -2.72974463796240e-12
 3.49748025486179e+06 -1.06424064524443e-11 -2.74828686903361e-12
 3.50161439227888e+06 -1.06143483184986e-11 -2.77010795199832e-12
 3.50574852969598e+06 -1.05863641592516e-11 -2.79519617349748e-12
 3.50988266711307e+06 -1.05584537796698e-11 -2.82354085252478e-12
 3.51401680453017e+06 -1.05306169852309e-11 -2.85513139060786e-12
 3.51815094194726e+06 -1.05028535819272e-11 -2.88995577876290e-12
 3.52228507936436e+06 -1.04751633762624e-11 -2.92799865750828e-12
 3.52641921678145e+06 -1.04475461752488e-11 -2.96923904202367e-12
 3.53055335419854e+06 -1.04200017864106e-11 -3.01364783414444e-12
 3.53468749161564e+06 -1.03925300177776e-11 -3.06118524626905e-12
 3.53882162903273e+06 -1.03651306778860e-11 -3.11179825987831e-12
 3.54295576644983e+06 -1.03378035757745e-11 -3.16541823362610e-12
 3.54708990386692e+06 -1.03105485209882e-11 -3.22195876386272e-12
 3.55122404128402e+06 -1.02833653235739e-11 -3.28131388482789e-12
 3.55535817870111e+06 -1.02562537940780e-11 -3.34335667782315e-12
 3.55949231611820e+06 -1.02292137435472e-11 -3.40793833943395e-12
 3.56362645353530e+06 -1.02022449835262e-11 -3.47488773947459e-12
 3.56776059095239e+06 -1.01753473260592e-11 -3.54401148075028e-12
 3.57189472836949e+06 -1.01485205836808e-11 -3.61509445578032e-12
 3.57602886578658e+06 -1.01217645694216e-11 -3.68790088103335e-12
 3.58016300320368e+06 -1.00950790968085e-11 -3.76217577731675e-12
 3.58429714062077e+06 -1.00684639798587e-11 -3.83764685608192e-12
 3.58843127803786e+06 -1.00419190330770e-11 -3.91402676552960e-12
 3.59256541545496e+06 -1.00154440714585e-11 -3.99101564724423e-12
 3.59669955287205e+06 -9.98903891048786e-12 -4.06830395337162e-12
 3.60083369028915e+06 -9.96270336613293e-12 -4.14557547553462e-12
 3.60496782770624e+06 -9.93643725485021e-12 -4.22251053914701e-12
 3.60910196512334e+06 -9.91024039357866e-12 -4.29878931986134e-12
 3.61323610254043e+06 -9.88411259974092e-12 -4.37409524202356e-12
 3.61737023995752e+06 -9.85805369123783e-12 -4.44811842152411e-12
 3.62150437737462e+06 -9.83206348645398e-12 -4.52055911696679e-12
 3.62563851479171e+06 -9.80614180425012e-12 -4.59113115318635e-12
 3.62977265220881e+06 -9.78028846396537e-12 -4.65956527981948e-12
 3.63390678962590e+06 -9.75450328541576e-12 -4.72561242473628e-12
 3.63804092704300e+06 -9.72878608889297e-12 -4.78904679800303e-12
 3.64217506446009e+06 -9.70313669516378e-12 -4.84966879699803e-12
 3.64630920187719e+06 -9.67755492546265e-12 -4.90730765786367e-12
 3.65044333929428e+06 -9.65204060149852e-12 -4.96182379335441e-12
 3.65457747671137e+06 -9.62659354545115e-12 -5.01311075290872e-12
 3.65871161412847e+06 -9.60121357996663e-12 -5.06109673836362e-12
 3.66284575154556e+06 -9.57590052815935e-12 -5.10574560865927e-12
 3.66697988896266e+06 -9.55065421361195e-12 -5.14705730985366e-12
 3.67111402637975e+06 -9.52547446037148e-12 -5.18506767323045e-12
 3.67524816379685e+06 -9.50036109294768e-12 -5.21984753455110e-12
 3.67938230121394e+06 -9.47531393631395e-12 -5.25150114159749e-12
 3.68351643863103e+06 -9.45033281590583e-12 -5.28016383495360e-12
 3.68765057604813e+06 -9.42541755761700e-12 -5.30599900804639e-12
 3.69178471346522e+06 -9.40056798780299e-12 -5.32919437618714e-12
 3.69591885088232e+06 -9.37578393327426e-12 -5.34995760972960e-12
 3.70005298829941e+06 -9.35106522129864e-12 -5.36851141262945e-12
 3.70418712571651e+06 -9.32641167959993e-12 -5.38508815318308e-12
 3.70832126313360e+06 -9.30182313635773e-12 -5.39992417748817e-12
 3.71245540055069e+06 -9.27729942020299e-12 -5.41325395672670e-12
 3.71658953796779e+06 -9.25284036021701e-12 -5.42530423558902e-12
 3.72072367538488e+06 -9.22844578593388e-12 -5.43628835982102e-12
 3.72485781280198e+06 -9.20411552733699e-12 -5.44640096511503e-12
 3.72899195021907e+06 -9.17984941485666e-12 -5.45581320670238e-12
 3.73312608763617e+06 -9.15564727937109e-12 -5.46466869864900e-12
 3.73726022505326e+06 -9.13150895220434e-12 -5.47308031400155e-12
 3.74139436247035e+06 -9.10743426512609e-12 -5.48112797194262e-12
 3.74552849988745e+06 -9.08342305034989e-12 -5.48885750665940e-12
 3.74966263730454e+06 -9.05947514052893e-12 -5.49628067580389e-12
 3.75379677472164e+06 -9.03559036875879e-12 -5.50337632559836e-12
 3.75793091213873e+06 -9.01176856857546e-12 -5.51009268638515e-12
 3.76206504955583e+06 -8.98800957395519e-12 -5.51635072865963e-12
 3.76619918697292e+06 -8.96431321930941e-12 -5.52204846718374e-12
 3.77033332439001e+06 -8.94067933948705e-12 -5.52706606168306e-12
 3.77446746180711e+06 -8.91710776977494e-12 -5.53127152866559e-12
 3.77860159922420e+06 -8.89359834589069e-12 -5.53452685182928e-12
 3.78273573664130e+06 -8.87015090398498e-12 -5.53669425977047e-12
 3.78686987405839e+06 -8.84676528064335e-12 -5.53764243029048e-12
 3.79100401147549e+06 -8.82344131288151e-12 -5.53725238126922e-12
 3.79513814889258e+06 -8.80017883814141e-12 -5.53542281908703e-12
 3.79927228630967e+06 -8.77697769430058e-12 -5.53207473659022e-12
 3.80340642372677e+06 -8.75383771965496e-12 -5.52715508290883e-12
 3.80754056114386e+06 -8.73075875293627e-12 -5.52063936601835e-12
 3.81167469856096e+06 -8.70774063329321e-12 -5.51253309381545e-12
 3.81580883597805e+06 -8.68478320030204e-12 -5.50287200921531e-12
 3.81994297339515e+06 -8.66188629396548e-12 -5.49172112663089e-12
 3.82407711081224e+06 -8.63904975470107e-12 -5.47917262919317e-12
 3.82821124822934e+06 -8.61627342335111e-12 -5.46534273565018e-12
 3.83234538564643e+06 -8.59355714117867e-12 -5.45036769057272e-12
 3.83647952306352e+06 -8.57090074986296e-12 -5.43439906938900e-12
 3.84061366048062e+06 -8.54830409150055e-12 -5.41759861879878e-12
 3.84474779789771e+06 -8.52576700860644e-12 -5.40013287187367e-12
 3.84888193531481e+06 -8.50328934410931e-12 -5.38216778465741e-12
 3.85301607273190e+06 -8.48087094135084e-12 -5.36386363687000e-12
 3.85715021014900e+06 -8.45851164408679e-12 -5.34537042345994e-12
 3.86128434756609e+06 -8.43621129648910e-12 -5.32682393694330e-12
 3.86541848498318e+06 -8.41396974313391e-12 -5.30834270393372e-12
 3.86955262240028e+06 -8.39178682901045e-12 -5.29002589477665e-12
 3.87368675981737e+06 -8.36966239951608e-12 -5.27195227472787e-12
 3.87782089723447e+06 -8.34759630045511e-12 -5.25418021136131e-12
 3.88195503465156e+06 -8.32558837804060e-12 -5.23674869831466e-12
 3.88608917206866e+06 -8.30363847888734e-12 -5.21967930291313e-12
 3.89022330948575e+06 -8.28174645001966e-12 -5.20297889734567e-12
 3.89435744690284e+06 -8.25991213885765e-12 -5.18664299224219e-12
 3.89849158431994e+06 -8.23813539323086e-12 -5.17065946011135e-12
 3.90262572173703e+06 -8.21641606136995e-12 -5.15501241549178e-12
 3.90675985915413e+06 -8.19475399190063e-12 -5.13968601041985e-12
 3.91089399657122e+06 -8.17314903384931e-12 -5.12466790818337e-12
 3.91502813398832e+06 -8.15160103664347e-12 -5.10995221535345e-12
 3.91916227140541e+06 -8.13010985010666e-12 -5.09554168110444e-12
 3.92329640882250e+06 -8.10867532445426e-12 -5.08144901244309e-12
 3.92743054623960e+06 -8.08729731030139e-12 -5.06769720228671e-12
 3.93156468365669e+06 -8.06597565865595e-12 -5.05431882196299e-12
 3.93569882107379e+06 -8.04471022091489e-12 -5.04135428802089e-12
 3.93983295849088e+06 -8.02350084887310e-12 -5.02884917216480e-12
 3.94396709590798e+06 -8.00234739471370e-12 -5.01685067961812e-12
 3.94810123332507e+06 -7.98124971100518e-12 -5.00540347246838e-12
 3.95223537074216e+06 -7.96020765071109e-12 -4.99454505760383e-12
 3.95636950815926e+06 -7.93922106718002e-12 -4.98430099140334e-12
 3.96050364557635e+06 -7.91828981414743e-12 -4.97468017364989e-12
 3.96463778299345e+06 -7.89741374573366e-12 -4.96567050965024e-12
 3.96877192041054e+06 -7.87659271644431e-12 -4.95723521186513e-12
 3.97290605782764e+06 -7.85582658116914e-12 -4.94930999045517e-12
 3.97704019524473e+06 -7.83511519517988e-12 -4.94180134688489e-12
 3.98117433266182e+06 -7.81445841413140e-12 -4.93458613758326e-12
 3.98530847007892e+06 -7.79385609405394e-12 -4.92751251774713e-12
 3.98944260749601e+06 -7.77330809136266e-12 -4.92040231137602e-12
 3.99357674491311e+06 -7.75281426285007e-12 -4.91305478547453e-12
 3.99771088233020e+06 -7.73237446568635e-12 -4.90525173753152e-12
 4.00184501974730e+06 -7.71198855741568e-12 -4.89676373904474e-12
 4.00597915716439e+06 -7.69165639596152e-12 -4.88735731749134e-12
 4.01011329458148e+06 -7.67137783962035e-12 -4.87680280765499e-12
 4.01424743199858e+06 -7.65115274706219e-12 -4.86488256341468e-12
 4.01838156941567e+06 -7.63098097732999e-12 -4.85139919494796e-12
 4.02251570683277e+06 -7.61086238983615e-12 -4.83618348537953e-12
 4.02664984424986e+06 -7.59079684436610e-12 -4.81910164591327e-12
 4.03078398166696e+06 -7.57078420107599e-12 -4.80006158937953e-12
 4.03491811908405e+06 -7.55082432048783e-12 -4.77901793814644e-12
 4.03905225650115e+06 -7.53091706349281e-12 -4.75597553190675e-12
 4.04318639391824e+06 -7.51106229134917e-12 -4.73099126171969e-12
 4.04732053133533e+06 -7.49125986568008e-12 -4.70417412612340e-12
 4.05145466875243e+06 -7.47150964847509e-12 -4.67568347990264e-12
 4.05558880616952e+06 -7.45181150208533e-12 -4.64572552265594e-12
 4.05972294358662e+06 -7.43216528922587e-12 -4.61454814916876e-12
 4.06385708100371e+06 -7.41257087297669e-12 -4.58243435311992e-12
 4.06799121842081e+06 -7.39302811677073e-12 -4.54969443664139e-12
 4.07212535583790e+06 -7.37353688440964e-12 -4.51665732789316e-12
 4.07625949325499e+06 -7.35409704005062e-12 -4.48366134456445e-12
 4.08039363067209e+06 -7.33470844820867e-12 -4.45104476183730e-12
 4.08452776808918e+06 -7.31537097375690e-12 -4.41913654752207e-12
 4.08866190550628e+06 -7.29608448192393e-12 -4.38824761499791e-12
 4.09279604292337e+06 -7.27684883829271e-12 -4.35866291683548e-12
 4.09693018034047e+06 -7.25766390880359e-12 -4.33063466002084e-12
 4.10106431775756e+06 -7.23852955974885e-12 -4.30437686965315e-12
 4.10519845517465e+06 -7.21944565777385e-12 -4.28006146463235e-12
 4.10933259259175e+06 -7.20041206987243e-12 -4.25781593923186e-12
 4.11346673000884e+06 -7.18142866339374e-12 -4.23772267209177e-12
 4.11760086742594e+06 -7.16249530603316e-12 -4.21981981247426e-12
 4.12173500484303e+06 -7.14361186583523e-12 -4.20410362620560e-12
 4.12586914226013e+06 -7.12477821119708e-12 -4.19053212359813e-12
 4.13000327967722e+06 -7.10599421085604e-12 -4.17902974171274e-12
 4.13413741709431e+06 -7.08725973389993e-12 -4.16949281587343e-12
