#time(au), tau by FD, tau without precession, tau
 0.0000000000e+01 fs:  2.4844851e+02  2.4845427e+02  2.4845427e+02 ps
 1.0000000000e+03 fs:  3.7113520e+01  2.6106719e+02  3.7113448e+01 ps
 2.0000000000e+03 fs:  3.7770085e+01  2.6325277e+02  3.7769980e+01 ps
 3.0000000000e+03 fs:  3.7864725e+01  2.6352823e+02  3.7864642e+01 ps
 4.0000000000e+03 fs:  3.7876889e+01  2.6356356e+02  3.7876756e+01 ps
 5.0000000000e+03 fs:  3.7878407e+01  2.6356814e+02  3.7878322e+01 ps
 6.0000000000e+03 fs:  3.7878629e+01  2.6356880e+02  3.7878533e+01 ps
 7.0000000000e+03 fs:  3.7878696e+01  2.6356895e+02  3.7878571e+01 ps
 8.0000000000e+03 fs:  3.7878695e+01  2.6356904e+02  3.7878586e+01 ps
 9.0000000000e+03 fs:  3.7878729e+01  2.6356913e+02  3.7878599e+01 ps
 1.0000000000e+04 fs:  3.7878692e+01  2.6356921e+02  3.7878612e+01 ps
 1.1000000000e+04 fs:  3.7878730e+01  2.6356929e+02  3.7878625e+01 ps
 1.2000000000e+04 fs:  3.7878738e+01  2.6356937e+02  3.7878637e+01 ps
 1.3000000000e+04 fs:  3.7878722e+01  2.6356945e+02  3.7878650e+01 ps
 1.4000000000e+04 fs:  3.7878762e+01  2.6356953e+02  3.7878663e+01 ps
 1.5000000000e+04 fs:  3.7878785e+01  2.6356962e+02  3.7878675e+01 ps
 1.6000000000e+04 fs:  3.7878763e+01  2.6356970e+02  3.7878688e+01 ps
 1.7000000000e+04 fs:  3.7878800e+01  2.6356978e+02  3.7878700e+01 ps
 1.8000000000e+04 fs:  3.7878791e+01  2.6356986e+02  3.7878713e+01 ps
 1.9000000000e+04 fs:  3.7878840e+01  2.6356994e+02  3.7878726e+01 ps
 2.0000000000e+04 fs:  3.7878827e+01  2.6357002e+02  3.7878738e+01 ps
 2.1000000000e+04 fs:  3.7878890e+01  2.6357010e+02  3.7878751e+01 ps
 2.2000000000e+04 fs:  3.7878865e+01  2.6357019e+02  3.7878763e+01 ps
 2.3000000000e+04 fs:  3.7878922e+01  2.6357027e+02  3.7878776e+01 ps
 2.4000000000e+04 fs:  3.7878912e+01  2.6357035e+02  3.7878789e+01 ps
 2.5000000000e+04 fs:  3.7878875e+01  2.6357043e+02  3.7878801e+01 ps
 2.6000000000e+04 fs:  3.7878921e+01  2.6357051e+02  3.7878814e+01 ps
 2.7000000000e+04 fs:  3.7878881e+01  2.6357059e+02  3.7878826e+01 ps
 2.8000000000e+04 fs:  3.7878979e+01  2.6357068e+02  3.7878839e+01 ps
 2.9000000000e+04 fs:  3.7878975e+01  2.6357076e+02  3.7878852e+01 ps
 3.0000000000e+04 fs:  3.7878970e+01  2.6357084e+02  3.7878864e+01 ps
 3.1000000000e+04 fs:  3.7878966e+01  2.6357092e+02  3.7878877e+01 ps
 3.2000000000e+04 fs:  3.7878977e+01  2.6357100e+02  3.7878889e+01 ps
 3.3000000000e+04 fs:  3.7879011e+01  2.6357108e+02  3.7878902e+01 ps
 3.4000000000e+04 fs:  3.7879014e+01  2.6357117e+02  3.7878915e+01 ps
 3.5000000000e+04 fs:  3.7879008e+01  2.6357125e+02  3.7878927e+01 ps
 3.6000000000e+04 fs:  3.7879039e+01  2.6357133e+02  3.7878940e+01 ps
 3.7000000000e+04 fs:  3.7879052e+01  2.6357141e+02  3.7878953e+01 ps
 3.8000000000e+04 fs:  3.7879102e+01  2.6357149e+02  3.7878965e+01 ps
 3.9000000000e+04 fs:  3.7879118e+01  2.6357157e+02  3.7878978e+01 ps
 4.0000000000e+04 fs:  3.7879096e+01  2.6357166e+02  3.7878990e+01 ps
 4.1000000000e+04 fs:  3.7879156e+01  2.6357174e+02  3.7879003e+01 ps
 4.2000000000e+04 fs:  3.7879192e+01  2.6357182e+02  3.7879016e+01 ps
 4.3000000000e+04 fs:  3.7879072e+01  2.6357190e+02  3.7879028e+01 ps
 4.4000000000e+04 fs:  3.7879170e+01  2.6357198e+02  3.7879041e+01 ps
 4.5000000000e+04 fs:  3.7879121e+01  2.6357206e+02  3.7879054e+01 ps
 4.6000000000e+04 fs:  3.7879194e+01  2.6357215e+02  3.7879066e+01 ps
 4.7000000000e+04 fs:  3.7879084e+01  2.6357223e+02  3.7879079e+01 ps
 4.8000000000e+04 fs:  3.7879237e+01  2.6357231e+02  3.7879092e+01 ps
 4.9000000000e+04 fs:  3.7879095e+01  2.6357239e+02  3.7879104e+01 ps
 5.0000000000e+04 fs:  3.7879155e+01  2.6357247e+02  3.7879117e+01 ps
 5.1000000000e+04 fs:  3.7879178e+01  2.6357255e+02  3.7879129e+01 ps
 5.2000000000e+04 fs:  3.7879334e+01  2.6357264e+02  3.7879142e+01 ps
 5.3000000000e+04 fs:  3.7879325e+01  2.6357272e+02  3.7879155e+01 ps
 5.4000000000e+04 fs:  3.7879248e+01  2.6357280e+02  3.7879167e+01 ps
 5.5000000000e+04 fs:  3.7879228e+01  2.6357288e+02  3.7879180e+01 ps
 5.6000000000e+04 fs:  3.7879350e+01  2.6357296e+02  3.7879193e+01 ps
 5.7000000000e+04 fs:  3.7879220e+01  2.6357304e+02  3.7879205e+01 ps
 5.8000000000e+04 fs:  3.7879335e+01  2.6357313e+02  3.7879218e+01 ps
 5.9000000000e+04 fs:  3.7879270e+01  2.6357321e+02  3.7879231e+01 ps
 6.0000000000e+04 fs:  3.7879310e+01  2.6357329e+02  3.7879243e+01 ps
 6.1000000000e+04 fs:  3.7879291e+01  2.6357337e+02  3.7879256e+01 ps
 6.2000000000e+04 fs:  3.7879245e+01  2.6357345e+02  3.7879268e+01 ps
 6.3000000000e+04 fs:  3.7879355e+01  2.6357353e+02  3.7879281e+01 ps
 6.4000000000e+04 fs:  3.7879474e+01  2.6357362e+02  3.7879294e+01 ps
 6.5000000000e+04 fs:  3.7879277e+01  2.6357370e+02  3.7879306e+01 ps
 6.6000000000e+04 fs:  3.7879333e+01  2.6357378e+02  3.7879319e+01 ps
 6.7000000000e+04 fs:  3.7879290e+01  2.6357386e+02  3.7879332e+01 ps
 6.8000000000e+04 fs:  3.7879433e+01  2.6357394e+02  3.7879344e+01 ps
 6.9000000000e+04 fs:  3.7879429e+01  2.6357403e+02  3.7879357e+01 ps
 7.0000000000e+04 fs:  3.7879490e+01  2.6357411e+02  3.7879370e+01 ps
 7.1000000000e+04 fs:  3.7879468e+01  2.6357419e+02  3.7879382e+01 ps
 7.2000000000e+04 fs:  3.7879350e+01  2.6357427e+02  3.7879395e+01 ps
 7.3000000000e+04 fs:  3.7879551e+01  2.6357435e+02  3.7879408e+01 ps
 7.4000000000e+04 fs:  3.7879374e+01  2.6357443e+02  3.7879420e+01 ps
 7.5000000000e+04 fs:  3.7879424e+01  2.6357452e+02  3.7879433e+01 ps
 7.6000000000e+04 fs:  3.7879652e+01  2.6357460e+02  3.7879446e+01 ps
 7.7000000000e+04 fs:  3.7879422e+01  2.6357468e+02  3.7879458e+01 ps
 7.8000000000e+04 fs:  3.7879470e+01  2.6357476e+02  3.7879471e+01 ps
 7.9000000000e+04 fs:  3.7879649e+01  2.6357484e+02  3.7879484e+01 ps
 8.0000000000e+04 fs:  3.7879613e+01  2.6357493e+02  3.7879496e+01 ps
 8.1000000000e+04 fs:  3.7879769e+01  2.6357501e+02  3.7879509e+01 ps
 8.2000000000e+04 fs:  3.7879396e+01  2.6357509e+02  3.7879521e+01 ps
 8.3000000000e+04 fs:  3.7879594e+01  2.6357517e+02  3.7879534e+01 ps
 8.4000000000e+04 fs:  3.7879494e+01  2.6357525e+02  3.7879547e+01 ps
 8.5000000000e+04 fs:  3.7879613e+01  2.6357533e+02  3.7879559e+01 ps
 8.6000000000e+04 fs:  3.7879485e+01  2.6357542e+02  3.7879572e+01 ps
 8.7000000000e+04 fs:  3.7879857e+01  2.6357550e+02  3.7879585e+01 ps
 8.8000000000e+04 fs:  3.7879858e+01  2.6357558e+02  3.7879597e+01 ps
 8.9000000000e+04 fs:  3.7879534e+01  2.6357566e+02  3.7879610e+01 ps
 9.0000000000e+04 fs:  3.7879501e+01  2.6357574e+02  3.7879623e+01 ps
 9.1000000000e+04 fs:  3.7880064e+01  2.6357583e+02  3.7879635e+01 ps
 9.2000000000e+04 fs:  3.7879633e+01  2.6357591e+02  3.7879648e+01 ps
 9.3000000000e+04 fs:  3.7879386e+01  2.6357599e+02  3.7879661e+01 ps
 9.4000000000e+04 fs:  3.7879735e+01  2.6357607e+02  3.7879673e+01 ps
 9.5000000000e+04 fs:  3.7879860e+01  2.6357615e+02  3.7879686e+01 ps
 9.6000000000e+04 fs:  3.7879827e+01  2.6357624e+02  3.7879699e+01 ps
 9.7000000000e+04 fs:  3.7879709e+01  2.6357632e+02  3.7879711e+01 ps
 9.8000000000e+04 fs:  3.7879581e+01  2.6357640e+02  3.7879724e+01 ps
 9.9000000000e+04 fs:  3.7879933e+01  2.6357648e+02  3.7879737e+01 ps
