#time(au), total f, f in each valley
 0.00000000000000e+01 -2.02192141949491e-21
 4.13413741709430e+03 -2.03174993357879e-21
 8.26827483418859e+03 -2.02708172447368e-21
 1.24024122512829e+04 -2.02530960489749e-21
 1.65365496683772e+04 -2.02354993132587e-21
 2.06706870854715e+04 -2.02781508135935e-21
 2.48048245025658e+04 -2.02895819901142e-21
 2.89389619196601e+04 -2.02265956330542e-21
 3.30730993367544e+04 -2.02297167080506e-21
 3.72072367538487e+04 -2.01988889120735e-21
 4.13413741709430e+04 -2.02416457247548e-21
 4.54755115880372e+04 -2.02220767760041e-21
 4.96096490051315e+04 -2.02221820883506e-21
 5.37437864222258e+04 -2.01990803890672e-21
 5.78779238393201e+04 -2.02147815025462e-21
 6.20120612564144e+04 -2.01966294835485e-21
 6.61461986735087e+04 -2.02056863453480e-21
 7.02803360906030e+04 -2.02121295461842e-21
 7.44144735076973e+04 -2.02144559916570e-21
 7.85486109247916e+04 -2.01962943988096e-21
 8.26827483418859e+04 -2.01810336824160e-21
 8.68168857589802e+04 -2.01746287769785e-21
 9.09510231760745e+04 -2.01967539435944e-21
 9.50851605931688e+04 -2.02306166499208e-21
 9.92192980102631e+04 -2.02127231248645e-21
 1.03353435427357e+05 -2.02364854197760e-21
 1.07487572844452e+05 -2.02113540643599e-21
 1.11621710261546e+05 -2.01603254455531e-21
 1.15755847678640e+05 -2.01118243230624e-21
 1.19889985095735e+05 -2.00348697193159e-21
 1.24024122512829e+05 -2.00205855355899e-21
 1.28158259929923e+05 -2.00247884556004e-21
 1.32292397347018e+05 -1.99805189746693e-21
 1.36426534764112e+05 -1.99798296574922e-21
 1.40560672181206e+05 -1.99679389361868e-21
 1.44694809598300e+05 -2.00272393611191e-21
 1.48828947015395e+05 -2.00619158446685e-21
 1.52963084432489e+05 -2.00538833847850e-21
 1.57097221849583e+05 -2.00628828034864e-21
 1.61231359266678e+05 -2.00550609682959e-21
 1.65365496683772e+05 -2.00636008422126e-21
 1.69499634100866e+05 -2.00719779606846e-21
 1.73633771517960e+05 -2.00554343484335e-21
 1.77767908935055e+05 -2.00281584506886e-21
 1.81902046352149e+05 -1.99932426208971e-21
 1.86036183769243e+05 -1.99869047324074e-21
 1.90170321186338e+05 -1.99875844757349e-21
 1.94304458603432e+05 -1.99325061185125e-21
 1.98438596020526e+05 -1.99179155715966e-21
 2.02572733437620e+05 -1.99408066461870e-21
 2.06706870854715e+05 -1.99090501867908e-21
 2.10841008271809e+05 -1.98735886475674e-21
 2.14975145688903e+05 -1.98781266523168e-21
 2.19109283105998e+05 -1.98644456211208e-21
 2.23243420523092e+05 -1.98362602076560e-21
 2.27377557940186e+05 -1.98292712973879e-21
 2.31511695357280e+05 -1.97890324071731e-21
 2.35645832774375e+05 -1.97754471144739e-21
 2.39779970191469e+05 -1.97992285570848e-21
 2.43914107608563e+05 -1.97904493369261e-21
 2.48048245025658e+05 -1.98308318348862e-21
 2.52182382442752e+05 -1.98676624346141e-21
 2.56316519859846e+05 -1.98253077236195e-21
 2.60450657276940e+05 -1.98283139124197e-21
 2.64584794694035e+05 -1.98343645854189e-21
 2.68718932111129e+05 -1.98057962179669e-21
 2.72853069528223e+05 -1.97833551143115e-21
 2.76987206945318e+05 -1.97606172213160e-21
 2.81121344362412e+05 -1.97783096955289e-21
 2.85255481779506e+05 -1.97957532496501e-21
 2.89389619196601e+05 -1.97760502670039e-21
 2.93523756613695e+05 -1.97615171631861e-21
 2.97657894030789e+05 -1.97425800885145e-21
 3.01792031447884e+05 -1.97234515368492e-21
 3.05926168864978e+05 -1.97182529364717e-21
 3.10060306282072e+05 -1.97090620407766e-21
 3.14194443699167e+05 -1.97259407377666e-21
 3.18328581116261e+05 -1.97020061135608e-21
 3.22462718533355e+05 -1.96998807189313e-21
 3.26596855950449e+05 -1.96623416543269e-21
 3.30730993367544e+05 -1.96599290442069e-21
 3.34865130784638e+05 -1.96591439885330e-21
 3.38999268201732e+05 -1.96560707827850e-21
 3.43133405618827e+05 -1.96649744629895e-21
 3.47267543035921e+05 -1.96638256010276e-21
 3.51401680453015e+05 -1.96160999603613e-21
 3.55535817870110e+05 -1.96407813448423e-21
 3.59669955287204e+05 -1.95764546488267e-21
 3.63804092704298e+05 -1.95820744985903e-21
 3.67938230121393e+05 -1.95586760099667e-21
 3.72072367538487e+05 -1.95419887899704e-21
 3.76206504955581e+05 -1.95610120292891e-21
 3.80340642372676e+05 -1.95616343295185e-21
 3.84474779789770e+05 -1.95579101019921e-21
 3.88608917206864e+05 -1.95856359706721e-21
 3.92743054623959e+05 -1.95865646340913e-21
 3.96877192041053e+05 -1.95628885038269e-21
 4.01011329458147e+05 -1.95094855702989e-21
 4.05145466875241e+05 -1.95282981849246e-21
 4.09279604292336e+05 -1.95308735504892e-21
 4.13413741709430e+05 -1.94927792026032e-21
 4.17547879126524e+05 -1.94928462195510e-21
 4.21682016543619e+05 -1.94975948489934e-21
 4.25816153960713e+05 -1.95093515364033e-21
 4.29950291377807e+05 -1.95141097396954e-21
 4.34084428794902e+05 -1.95186190228958e-21
 4.38218566211996e+05 -1.94929323841981e-21
 4.42352703629090e+05 -1.95551719809829e-21
 4.46486841046185e+05 -1.95619981358064e-21
 4.50620978463279e+05 -1.95904133216636e-21
 4.54755115880373e+05 -1.95808873412297e-21
 4.58889253297468e+05 -1.95665840098043e-21
 4.63023390714562e+05 -1.94695051740255e-21
 4.67157528131656e+05 -1.94403432278931e-21
 4.71291665548751e+05 -1.94088548362879e-21
 4.75425802965845e+05 -1.93829384251979e-21
 4.79559940382939e+05 -1.94135460226323e-21
 4.83694077800033e+05 -1.94282227341953e-21
 4.87828215217128e+05 -1.94782652464848e-21
 4.91962352634222e+05 -1.94816639631220e-21
 4.96096490051316e+05 -1.94653214017143e-21
 5.00230627468411e+05 -1.95175467517314e-21
 5.04364764885505e+05 -1.95515722135024e-21
 5.08498902302599e+05 -1.95757940531987e-21
 5.12633039719694e+05 -1.95973256411342e-21
 5.16767177136788e+05 -1.95711028668543e-21
 5.20901314553882e+05 -1.96116959895074e-21
 5.25035451970977e+05 -1.95436450659654e-21
 5.29169589388071e+05 -1.95482692353620e-21
 5.33303726805165e+05 -1.95579962666392e-21
 5.37437864222260e+05 -1.95890825565577e-21
 5.41572001639354e+05 -1.95965788808590e-21
 5.45706139056448e+05 -1.95776801015861e-21
 5.49840276473543e+05 -1.95889485226622e-21
 5.53974413890637e+05 -1.96058463673515e-21
 5.58108551307731e+05 -1.95402846447269e-21
 5.62242688724826e+05 -1.95286619912126e-21
 5.66376826141920e+05 -1.94903857401826e-21
 5.70510963559014e+05 -1.95225155797165e-21
 5.74645100976108e+05 -1.94918409653343e-21
 5.78779238393203e+05 -1.95007446455389e-21
 5.82913375810297e+05 -1.94688541522471e-21
 5.87047513227391e+05 -1.94577006173672e-21
 5.91181650644486e+05 -1.94676574210368e-21
 5.95315788061580e+05 -1.94637512903664e-21
 5.99449925478674e+05 -1.94432632520462e-21
 6.03584062895769e+05 -1.94760728349075e-21
 6.07718200312863e+05 -1.94608121185139e-21
 6.11852337729957e+05 -1.95051390425431e-21
 6.15986475147052e+05 -1.95296480977298e-21
 6.20120612564146e+05 -1.94997202436229e-21
 6.24254749981240e+05 -1.95186956136933e-21
 6.28388887398335e+05 -1.95270535844659e-21
 6.32523024815429e+05 -1.95203231681393e-21
 6.36657162232523e+05 -1.95537454773803e-21
 6.40791299649618e+05 -1.95659617095749e-21
 6.44925437066712e+05 -1.95371157004821e-21
 6.49059574483806e+05 -1.95367423203444e-21
 6.53193711900900e+05 -1.95209933376170e-21
 6.57327849317995e+05 -1.95232719138414e-21
 6.61461986735089e+05 -1.95086143499778e-21
 6.65596124152183e+05 -1.95099259673842e-21
 6.69730261569278e+05 -1.95467374194128e-21
 6.73864398986372e+05 -1.95666893221508e-21
 6.77998536403466e+05 -1.95486521893493e-21
 6.82132673820561e+05 -1.95476086397339e-21
 6.86266811237655e+05 -1.94690743507898e-21
 6.90400948654749e+05 -1.94435600413864e-21
 6.94535086071844e+05 -1.94871976482384e-21
 6.98669223488938e+05 -1.94730762199570e-21
 7.02803360906032e+05 -1.94799215224798e-21
 7.06937498323127e+05 -1.94239049279885e-21
 7.11071635740221e+05 -1.93995873497954e-21
 7.15205773157315e+05 -1.94074857757834e-21
 7.19339910574410e+05 -1.93762080088712e-21
 7.23474047991504e+05 -1.93465482225553e-21
 7.27608185408598e+05 -1.93195308187518e-21
 7.31742322825692e+05 -1.93180755936001e-21
 7.35876460242787e+05 -1.93382476948808e-21
 7.40010597659881e+05 -1.92696510619069e-21
 7.44144735076975e+05 -1.93065199570335e-21
 7.48278872494070e+05 -1.93103686446058e-21
 7.52413009911164e+05 -1.93398178062287e-21
 7.56547147328258e+05 -1.93901379601590e-21
 7.60681284745353e+05 -1.94075527927311e-21
 7.64815422162447e+05 -1.93818661540334e-21
 7.68949559579541e+05 -1.93582187453181e-21
 7.73083696996636e+05 -1.93487214864332e-21
 7.77217834413730e+05 -1.93367254527813e-21
 7.81351971830824e+05 -1.93931632966586e-21
 7.85486109247919e+05 -1.93685010598769e-21
 7.89620246665013e+05 -1.93440973170367e-21
 7.93754384082107e+05 -1.93287121405972e-21
 7.97888521499202e+05 -1.93336618208829e-21
 8.02022658916296e+05 -1.92965057102658e-21
 8.06156796333390e+05 -1.92924176764515e-21
 8.10290933750484e+05 -1.92781430665751e-21
 8.14425071167579e+05 -1.92208435762264e-21
 8.18559208584673e+05 -1.92482152124682e-21
 8.22693346001767e+05 -1.92642514106861e-21
 8.26827483418862e+05 -1.92243188836611e-21
 8.30961620835956e+05 -1.91983737510220e-21
 8.35095758253050e+05 -1.91361915973353e-21
 8.39229895670145e+05 -1.91265794522542e-21
 8.43364033087239e+05 -1.91348991276281e-21
 8.47498170504333e+05 -1.91360767111391e-21
 8.51632307921428e+05 -1.91129654380059e-21
 8.55766445338522e+05 -1.91033245713758e-21
 8.59900582755616e+05 -1.90823003974734e-21
 8.64034720172711e+05 -1.91010076997527e-21
 8.68168857589805e+05 -1.91001364794316e-21
 8.72302995006899e+05 -1.91150812587857e-21
 8.76437132423994e+05 -1.90790452885815e-21
 8.80571269841088e+05 -1.90942581357267e-21
 8.84705407258182e+05 -1.90760199520818e-21
 8.88839544675276e+05 -1.90910030268347e-21
 8.92973682092371e+05 -1.90732531095236e-21
 8.97107819509465e+05 -1.90570158604624e-21
 9.01241956926559e+05 -1.90221957691678e-21
 9.05376094343654e+05 -1.90013726461087e-21
 9.09510231760748e+05 -1.90312430571176e-21
 9.13644369177842e+05 -1.90389212845628e-21
 9.17778506594937e+05 -1.90431242045734e-21
 9.21912644012031e+05 -1.90407594637018e-21
 9.26046781429125e+05 -1.90170833334374e-21
 9.30180918846220e+05 -1.89647526710738e-21
 9.34315056263314e+05 -1.89499514994650e-21
 9.38449193680408e+05 -1.89081233502029e-21
 9.42583331097503e+05 -1.89084201395430e-21
 9.46717468514597e+05 -1.89087935196806e-21
 9.50851605931691e+05 -1.88875778687846e-21
 9.54985743348786e+05 -1.88842653167945e-21
 9.59119880765880e+05 -1.88826090407995e-21
 9.63254018182974e+05 -1.88573340776381e-21
 9.67388155600069e+05 -1.88852609971615e-21
 9.71522293017163e+05 -1.88999760041232e-21
 9.75656430434257e+05 -1.88806081062159e-21
 9.79790567851351e+05 -1.88932168662475e-21
 9.83924705268446e+05 -1.88666111379803e-21
 9.88058842685540e+05 -1.88307857924690e-21
 9.92192980102634e+05 -1.88259797199285e-21
 9.96327117519729e+05 -1.88297135213046e-21
 1.00046125493682e+06 -1.88214225674797e-21
 1.00459539235392e+06 -1.88191439912553e-21
 1.00872952977101e+06 -1.87590489367994e-21
 1.01286366718811e+06 -1.87945966406698e-21
 1.01699780460520e+06 -1.87805613770356e-21
 1.02113194202229e+06 -1.87271010004094e-21
 1.02526607943939e+06 -1.87140039740440e-21
 1.02940021685648e+06 -1.86994804440759e-21
 1.03353435427358e+06 -1.87034248701450e-21
 1.03766849169067e+06 -1.87060385311083e-21
 1.04180262910777e+06 -1.86769531757734e-21
 1.04593676652486e+06 -1.86593181446586e-21
 1.05007090394195e+06 -1.86432053556432e-21
 1.05420504135905e+06 -1.86493900625380e-21
 1.05833917877614e+06 -1.86807922894960e-21
 1.06247331619324e+06 -1.86657326239457e-21
 1.06660745361033e+06 -1.86308550895530e-21
 1.07074159102743e+06 -1.86060205234771e-21
 1.07487572844452e+06 -1.85715355169213e-21
 1.07900986586161e+06 -1.85728279866284e-21
 1.08314400327871e+06 -1.85582757351113e-21
 1.08727814069580e+06 -1.85124744382310e-21
 1.09141227811290e+06 -1.84930395233759e-21
 1.09554641552999e+06 -1.84676209524693e-21
 1.09968055294709e+06 -1.84994827242121e-21
 1.10381469036418e+06 -1.84932118526702e-21
 1.10794882778128e+06 -1.85034941672290e-21
 1.11208296519837e+06 -1.85205068981145e-21
 1.11621710261546e+06 -1.85505113430189e-21
 1.12035124003256e+06 -1.85423927184883e-21
 1.12448537744965e+06 -1.85391663311454e-21
 1.12861951486675e+06 -1.85043462398507e-21
 1.13275365228384e+06 -1.85246619488766e-21
 1.13688778970094e+06 -1.85033792810328e-21
 1.14102192711803e+06 -1.84679560372082e-21
 1.14515606453512e+06 -1.84712590153486e-21
 1.14929020195222e+06 -1.84639924634397e-21
 1.15342433936931e+06 -1.84728004051475e-21
 1.15755847678641e+06 -1.84624606474906e-21
 1.16169261420350e+06 -1.84848060126491e-21
 1.16582675162060e+06 -1.84831593105038e-21
 1.16996088903769e+06 -1.85367441471757e-21
 1.17409502645478e+06 -1.85973178941158e-21
 1.17822916387188e+06 -1.86010134000932e-21
 1.18236330128897e+06 -1.85913533857637e-21
 1.18649743870607e+06 -1.85683761465261e-21
 1.19063157612316e+06 -1.85472179387282e-21
 1.19476571354026e+06 -1.85838953568612e-21
 1.19889985095735e+06 -1.85484625391869e-21
 1.20303398837444e+06 -1.85703579334104e-21
 1.20716812579154e+06 -1.85377972706408e-21
 1.21130226320863e+06 -1.85241641086932e-21
 1.21543640062573e+06 -1.85214068399847e-21
 1.21957053804282e+06 -1.85427373770769e-21
 1.22370467545992e+06 -1.85712195798818e-21
 1.22783881287701e+06 -1.85306839003268e-21
 1.23197295029410e+06 -1.84932118526702e-21
 1.23610708771120e+06 -1.85119861718972e-21
 1.24024122512829e+06 -1.84964956831112e-21
 1.24437536254539e+06 -1.84614745409733e-21
 1.24850949996248e+06 -1.84827093395687e-21
 1.25264363737958e+06 -1.84507231077800e-21
 1.25677777479667e+06 -1.84107905807550e-21
 1.26091191221376e+06 -1.83671338262036e-21
 1.26504604963086e+06 -1.83718728817964e-21
 1.26918018704795e+06 -1.83731653515035e-21
 1.27331432446505e+06 -1.83915279951942e-21
 1.27744846188214e+06 -1.83757407170680e-21
 1.28158259929924e+06 -1.84443756454407e-21
 1.28571673671633e+06 -1.84551653740326e-21
 1.28985087413343e+06 -1.84606224683516e-21
 1.29398501155052e+06 -1.84805169279914e-21
 1.29811914896761e+06 -1.85107702929876e-21
 1.30225328638471e+06 -1.85279362054680e-21
 1.30638742380180e+06 -1.85016368403906e-21
 1.31052156121890e+06 -1.85096501525748e-21
 1.31465569863599e+06 -1.84885302401755e-21
 1.31878983605309e+06 -1.84657444779316e-21
 1.32292397347018e+06 -1.84707803228645e-21
 1.32705811088727e+06 -1.84805169279914e-21
 1.33119224830437e+06 -1.85000571551931e-21
 1.33532638572146e+06 -1.84895450682419e-21
 1.33946052313856e+06 -1.85091618862410e-21
 1.34359466055565e+06 -1.85352602004750e-21
 1.34772879797275e+06 -1.84920246953096e-21
 1.35186293538984e+06 -1.84601246281681e-21
 1.35599707280693e+06 -1.84958638090322e-21
 1.36013121022403e+06 -1.84494593596220e-21
 1.36426534764112e+06 -1.84048356462526e-21
 1.36839948505822e+06 -1.84047782031545e-21
 1.37253362247531e+06 -1.83638117003639e-21
 1.37666775989241e+06 -1.83600108820400e-21
 1.38080189730950e+06 -1.83345252941856e-21
 1.38493603472659e+06 -1.83250854783989e-21
 1.38907017214369e+06 -1.83605661653216e-21
 1.39320430956078e+06 -1.83739216856284e-21
 1.39733844697788e+06 -1.83597236665495e-21
 1.40147258439497e+06 -1.83226154251808e-21
 1.40560672181207e+06 -1.83042527814901e-21
 1.40974085922916e+06 -1.83380197493197e-21
 1.41387499664625e+06 -1.83325722288504e-21
 1.41800913406335e+06 -1.83703793612459e-21
 1.42214327148044e+06 -1.83761332449050e-21
 1.42627740889754e+06 -1.83209400014864e-21
 1.43041154631463e+06 -1.83425194586704e-21
 1.43454568373173e+06 -1.83471723496160e-21
 1.43867982114882e+06 -1.83273066115252e-21
 1.44281395856591e+06 -1.83106385392282e-21
 1.44694809598301e+06 -1.82799064817480e-21
 1.45108223340010e+06 -1.82649712762435e-21
 1.45521637081720e+06 -1.82709070630466e-21
 1.45935050823429e+06 -1.83044059630850e-21
 1.46348464565139e+06 -1.83124862922169e-21
 1.46761878306848e+06 -1.83090492801810e-21
 1.47175292048557e+06 -1.83211410523297e-21
 1.47588705790267e+06 -1.83141521420616e-21
 1.48002119531976e+06 -1.82684848790769e-21
 1.48415533273686e+06 -1.82762875665680e-21
 1.48828947015395e+06 -1.82660339735583e-21
 1.49242360757105e+06 -1.82834583799801e-21
 1.49655774498814e+06 -1.82694997071433e-21
 1.50069188240524e+06 -1.82728888499308e-21
 1.50482601982233e+06 -1.82835828400260e-21
 1.50896015723942e+06 -1.82930130819631e-21
 1.51309429465652e+06 -1.83059760744329e-21
 1.51722843207361e+06 -1.82883984864162e-21
 1.52136256949071e+06 -1.82872017552059e-21
 1.52549670690780e+06 -1.82425684679869e-21
 1.52963084432490e+06 -1.82349955528882e-21
 1.53376498174199e+06 -1.82281598242150e-21
 1.53789911915908e+06 -1.82162595290599e-21
 1.54203325657618e+06 -1.82579057751780e-21
 1.54616739399327e+06 -1.83045399969806e-21
 1.55030153141037e+06 -1.83471053326682e-21
 1.55443566882746e+06 -1.83049229509679e-21
 1.55856980624456e+06 -1.83363730471743e-21
 1.56270394366165e+06 -1.83440512746195e-21
 1.56683808107874e+06 -1.83422801124283e-21
 1.57097221849584e+06 -1.83791681552543e-21
 1.57510635591293e+06 -1.83805180680595e-21
 1.57924049333003e+06 -1.83927151525548e-21
 1.58337463074712e+06 -1.84227483190083e-21
 1.58750876816422e+06 -1.84574726718061e-21
 1.59164290558131e+06 -1.84435522943680e-21
 1.59577704299840e+06 -1.83937874237192e-21
 1.59991118041550e+06 -1.83979616221807e-21
 1.60404531783259e+06 -1.83847305619198e-21
 1.60817945524969e+06 -1.83712410077174e-21
 1.61231359266678e+06 -1.83258992556219e-21
 1.61644773008388e+06 -1.82621374167376e-21
 1.62058186750097e+06 -1.82228463376413e-21
 1.62471600491806e+06 -1.82295959016673e-21
 1.62885014233516e+06 -1.82573983611448e-21
 1.63298427975225e+06 -1.82266758775142e-21
 1.63711841716935e+06 -1.81963267740212e-21
 1.64125255458644e+06 -1.82056612774615e-21
 1.64538669200354e+06 -1.82037752290741e-21
 1.64952082942063e+06 -1.81509467265270e-21
 1.65365496683772e+06 -1.81482564747663e-21
 1.65778910425482e+06 -1.81506882325856e-21
 1.66192324167191e+06 -1.81798118833192e-21
 1.66605737908901e+06 -1.81804437573983e-21
 1.67019151650610e+06 -1.81424260003097e-21
 1.67432565392320e+06 -1.81139342236551e-21
 1.67845979134029e+06 -1.80846956867253e-21
 1.68259392875739e+06 -1.80580803846085e-21
 1.68672806617448e+06 -1.80519148254130e-21
 1.69086220359157e+06 -1.80868402290542e-21
 1.69499634100867e+06 -1.81662936075678e-21
 1.69913047842576e+06 -1.82090982894975e-21
 1.70326461584286e+06 -1.81731484839403e-21
 1.70739875325995e+06 -1.81708220384675e-21
 1.71153289067705e+06 -1.81391421698687e-21
 1.71566702809414e+06 -1.81474809929420e-21
 1.71980116551123e+06 -1.81703912152318e-21
 1.72393530292833e+06 -1.81567293317351e-21
 1.72806944034542e+06 -1.81161745044808e-21
 1.73220357776252e+06 -1.80917516139412e-21
 1.73633771517961e+06 -1.80958205000562e-21
 1.74047185259671e+06 -1.80855669070464e-21
 1.74460599001380e+06 -1.80734942825970e-21
 1.74874012743089e+06 -1.81017275653102e-21
 1.75287426484799e+06 -1.80846573913266e-21
 1.75700840226508e+06 -1.80897219578085e-21
 1.76114253968218e+06 -1.80882763065065e-21
 1.76527667709927e+06 -1.81234410563897e-21
 1.76941081451637e+06 -1.80972278559595e-21
 1.77354495193346e+06 -1.80996117445304e-21
 1.77767908935055e+06 -1.80940110424662e-21
 1.78181322676765e+06 -1.80142704484621e-21
 1.78594736418474e+06 -1.80277504288148e-21
 1.79008150160184e+06 -1.80108430102759e-21
 1.79421563901893e+06 -1.80719241712491e-21
 1.79834977643603e+06 -1.80697030381228e-21
 1.80248391385312e+06 -1.80295407387054e-21
 1.80661805127021e+06 -1.80171234556675e-21
 1.81075218868731e+06 -1.79928728944221e-21
 1.81488632610440e+06 -1.80413165738147e-21
 1.81902046352150e+06 -1.80188850440090e-21
 1.82315460093859e+06 -1.80151129472342e-21
 1.82728873835569e+06 -1.79802641343905e-21
 1.83142287577278e+06 -1.79829543861512e-21
 1.83555701318987e+06 -1.79492257137204e-21
 1.83969115060697e+06 -1.79304226729443e-21
 1.84382528802406e+06 -1.79267271669669e-21
 1.84795942544116e+06 -1.79836819987271e-21
 1.85209356285825e+06 -1.80064390394220e-21
 1.85622770027535e+06 -1.80231932763661e-21
 1.86036183769244e+06 -1.80475300022585e-21
 1.86449597510954e+06 -1.79829831077003e-21
 1.86863011252663e+06 -1.79726529238930e-21
 1.87276424994372e+06 -1.79915517031660e-21
 1.87689838736082e+06 -1.79991820613628e-21
 1.88103252477791e+06 -1.79805992191294e-21
 1.88516666219501e+06 -1.80042657755441e-21
 1.88930079961210e+06 -1.79975353592174e-21
 1.89343493702920e+06 -1.80181382837338e-21
 1.89756907444629e+06 -1.80333224093300e-21
 1.90170321186338e+06 -1.80742123213232e-21
 1.90583734928048e+06 -1.81275482379034e-21
 1.90997148669757e+06 -1.81907739412055e-21
 1.91410562411467e+06 -1.81832488953552e-21
 1.91823976153176e+06 -1.81394772546076e-21
 1.92237389894886e+06 -1.81125938846996e-21
 1.92650803636595e+06 -1.80883911927027e-21
 1.93064217378304e+06 -1.80884582096505e-21
 1.93477631120014e+06 -1.80724028637332e-21
 1.93891044861723e+06 -1.81115599089339e-21
 1.94304458603433e+06 -1.81413154337466e-21
 1.94717872345142e+06 -1.81121343399149e-21
 1.95131286086852e+06 -1.81084484077872e-21
 1.95544699828561e+06 -1.81130247079353e-21
 1.95958113570270e+06 -1.81083143738916e-21
 1.96371527311980e+06 -1.81067442625437e-21
 1.96784941053689e+06 -1.81017371391599e-21
 1.97198354795399e+06 -1.81221007174342e-21
 1.97611768537108e+06 -1.81739909827124e-21
 1.98025182278818e+06 -1.81953023721052e-21
 1.98438596020527e+06 -1.82023008562230e-21
 1.98852009762236e+06 -1.82257855094938e-21
 1.99265423503946e+06 -1.82445598287208e-21
 1.99678837245655e+06 -1.82743153535335e-21
 2.00092250987365e+06 -1.82688582592146e-21
 2.00505664729074e+06 -1.82437173299488e-21
 2.00919078470784e+06 -1.82679104480960e-21
 2.01332492212493e+06 -1.82438896592430e-21
 2.01745905954202e+06 -1.82250291753689e-21
 2.02159319695912e+06 -1.82668956200297e-21
 2.02572733437621e+06 -1.82746217167233e-21
 2.02986147179331e+06 -1.83265311297009e-21
 2.03399560921040e+06 -1.83064260453680e-21
 2.03812974662750e+06 -1.83188624761053e-21
 2.04226388404459e+06 -1.83426917879647e-21
 2.04639802146168e+06 -1.83469521510733e-21
 2.05053215887878e+06 -1.83726292159213e-21
 2.05466629629587e+06 -1.83378378461757e-21
 2.05880043371297e+06 -1.83080823213630e-21
 2.06293457113006e+06 -1.83076036288789e-21
 2.06706870854716e+06 -1.83405568194855e-21
 2.07120284596425e+06 -1.83479286837409e-21
 2.07533698338135e+06 -1.83372251197960e-21
 2.07947112079844e+06 -1.83486084270683e-21
 2.08360525821553e+06 -1.83197815656749e-21
 2.08773939563263e+06 -1.83442331777635e-21
 2.09187353304972e+06 -1.83924949540121e-21
 2.09600767046682e+06 -1.83587088384832e-21
 2.10014180788391e+06 -1.83652382039665e-21
 2.10427594530101e+06 -1.84321977086447e-21
 2.10841008271810e+06 -1.84120351812138e-21
 2.11254422013519e+06 -1.83912407797037e-21
 2.11667835755229e+06 -1.83650180054238e-21
 2.12081249496938e+06 -1.84437150498126e-21
 2.12494663238648e+06 -1.83723994435289e-21
 2.12908076980357e+06 -1.83859272931300e-21
 2.13321490722067e+06 -1.83673061554979e-21
 2.13734904463776e+06 -1.83593024171635e-21
 2.14148318205485e+06 -1.83743142134654e-21
 2.14561731947195e+06 -1.83611501701522e-21
 2.14975145688904e+06 -1.83924566586134e-21
 2.15388559430614e+06 -1.83811212205895e-21
 2.15801973172323e+06 -1.83641084897040e-21
 2.16215386914033e+06 -1.83486850178658e-21
 2.16628800655742e+06 -1.83421939477812e-21
 2.17042214397451e+06 -1.83559324220753e-21
 2.17455628139161e+06 -1.83538261751452e-21
 2.17869041880870e+06 -1.83848741696650e-21
 2.18282455622580e+06 -1.83690677438395e-21
 2.18695869364289e+06 -1.83995030119796e-21
 2.19109283105999e+06 -1.83904078547814e-21
 2.19522696847708e+06 -1.83274502192704e-21
 2.19936110589417e+06 -1.83182784712747e-21
 2.20349524331127e+06 -1.83432566450959e-21
 2.20762938072836e+06 -1.83797617339346e-21
 2.21176351814546e+06 -1.83773204022656e-21
 2.21589765556255e+06 -1.83627872984479e-21
 2.22003179297965e+06 -1.83177327618428e-21
 2.22416593039674e+06 -1.82940757792778e-21
 2.22830006781383e+06 -1.82801841233887e-21
 2.23243420523093e+06 -1.83020125006645e-21
 2.23656834264802e+06 -1.83142000113101e-21
 2.24070248006512e+06 -1.83724760343264e-21
 2.24483661748221e+06 -1.83606906253674e-21
 2.24897075489931e+06 -1.83642138020505e-21
 2.25310489231640e+06 -1.83330413474849e-21
 2.25723902973349e+06 -1.83342668002442e-21
 2.26137316715059e+06 -1.83321701271638e-21
 2.26550730456768e+06 -1.83518348144113e-21
 2.26964144198478e+06 -1.83938640145167e-21
 2.27377557940187e+06 -1.84095842756951e-21
 2.27790971681897e+06 -1.84013411911186e-21
 2.28204385423606e+06 -1.83893260097673e-21
 2.28617799165316e+06 -1.83924758063128e-21
 2.29031212907025e+06 -1.84371569627802e-21
 2.29444626648734e+06 -1.84153860286026e-21
 2.29858040390444e+06 -1.83758077340158e-21
 2.30271454132153e+06 -1.83910397288604e-21
 2.30684867873863e+06 -1.83719111771951e-21
 2.31098281615572e+06 -1.83526102962355e-21
 2.31511695357282e+06 -1.83477563544466e-21
 2.31925109098991e+06 -1.83770906298733e-21
 2.32338522840700e+06 -1.83586609692348e-21
 2.32751936582410e+06 -1.83604704268247e-21
 2.33165350324119e+06 -1.83003849462185e-21
 2.33578764065829e+06 -1.82984223070336e-21
 2.33992177807538e+06 -1.83156935318605e-21
 2.34405591549248e+06 -1.83142000113101e-21
 2.34819005290957e+06 -1.83170721662148e-21
 2.35232419032666e+06 -1.82793224769173e-21
 2.35645832774376e+06 -1.82698826611306e-21
 2.36059246516085e+06 -1.82492893104639e-21
 2.36472660257795e+06 -1.82937981376370e-21
 2.36886073999504e+06 -1.82715580848250e-21
 2.37299487741214e+06 -1.82888580312009e-21
 2.37712901482923e+06 -1.82953203797365e-21
 2.38126315224632e+06 -1.82099120667205e-21
 2.38539728966342e+06 -1.82607396346839e-21
 2.38953142708051e+06 -1.82719793342110e-21
 2.39366556449761e+06 -1.82522284823164e-21
 2.39779970191470e+06 -1.82604619930432e-21
 2.40193383933180e+06 -1.82533007534808e-21
 2.40606797674889e+06 -1.82850189174783e-21
 2.41020211416598e+06 -1.82904568640979e-21
 2.41433625158308e+06 -1.82349764051888e-21
 2.41847038900017e+06 -1.82069728948680e-21
 2.42260452641727e+06 -1.81863125272535e-21
 2.42673866383436e+06 -1.81441205717035e-21
 2.43087280125146e+06 -1.81923057571547e-21
 2.43500693866855e+06 -1.82345360081034e-21
 2.43914107608564e+06 -1.81592759757506e-21
 2.44327521350274e+06 -1.81775811763433e-21
 2.44740935091983e+06 -1.81517222083513e-21
 2.45154348833693e+06 -1.81512722374162e-21
 2.45567762575402e+06 -1.81530625473068e-21
 2.45981176317112e+06 -1.81757142756552e-21
 2.46394590058821e+06 -1.81338382571447e-21
 2.46808003800530e+06 -1.81297789448794e-21
 2.47221417542240e+06 -1.80920866986801e-21
 2.47634831283949e+06 -1.81401282763860e-21
 2.48048245025659e+06 -1.81718177188345e-21
 2.48461658767368e+06 -1.81574377966116e-21
 2.48875072509078e+06 -1.81369306105921e-21
 2.49288486250787e+06 -1.80716082342096e-21
 2.49701899992497e+06 -1.80439206609283e-21
 2.50115313734206e+06 -1.80179946759885e-21
 2.50528727475915e+06 -1.80170085694713e-21
 2.50942141217625e+06 -1.79806949576262e-21
 2.51355554959334e+06 -1.79977268362111e-21
 2.51768968701044e+06 -1.80114270151065e-21
 2.52182382442753e+06 -1.80615939874419e-21
 2.52595796184463e+06 -1.80890134929320e-21
 2.53009209926172e+06 -1.80970076574168e-21
 2.53422623667881e+06 -1.80982331101761e-21
 2.53836037409591e+06 -1.80861796334261e-21
 2.54249451151300e+06 -1.81181467175154e-21
 2.54662864893010e+06 -1.80947865242905e-21
 2.55076278634719e+06 -1.80711199678758e-21
 2.55489692376429e+06 -1.80727283746224e-21
 2.55903106118138e+06 -1.80696934642731e-21
 2.56316519859847e+06 -1.80834989555150e-21
 2.56729933601557e+06 -1.80464002879960e-21
 2.57143347343266e+06 -1.80047827634269e-21
 2.57556761084976e+06 -1.80004841049196e-21
 2.57970174826685e+06 -1.79842851512571e-21
 2.58383588568395e+06 -1.79545679218431e-21
 2.58797002310104e+06 -1.79091591527999e-21
 2.59210416051813e+06 -1.79109590365401e-21
 2.59623829793523e+06 -1.78948749690738e-21
 2.60037243535232e+06 -1.78915911386328e-21
 2.60450657276942e+06 -1.79318108811482e-21
 2.60864071018651e+06 -1.79031276275000e-21
 2.61277484760361e+06 -1.79430984499237e-21
 2.61690898502070e+06 -1.79051572836326e-21
 2.62104312243779e+06 -1.79373349924149e-21
 2.62517725985489e+06 -1.79400348180254e-21
 2.62931139727198e+06 -1.79587516941543e-21
 2.63344553468908e+06 -1.79692254857068e-21
 2.63757967210617e+06 -1.79466599220055e-21
 2.64171380952327e+06 -1.79484981011445e-21
 2.64584794694036e+06 -1.79306811668857e-21
 2.64998208435745e+06 -1.79394029439463e-21
 2.65411622177455e+06 -1.78931899715297e-21
 2.65825035919164e+06 -1.78955355647019e-21
 2.66238449660874e+06 -1.79064401794901e-21
 2.66651863402583e+06 -1.79059519131563e-21
 2.67065277144293e+06 -1.79372488277678e-21
 2.67478690886002e+06 -1.78989151336398e-21
 2.67892104627712e+06 -1.78732093472427e-21
 2.68305518369421e+06 -1.78964833758205e-21
 2.68718932111130e+06 -1.78884413420873e-21
 2.69132345852840e+06 -1.79058753223588e-21
 2.69545759594549e+06 -1.78934484654712e-21
 2.69959173336259e+06 -1.78755357927155e-21
 2.70372587077968e+06 -1.78496768247236e-21
 2.70786000819678e+06 -1.78682309454079e-21
 2.71199414561387e+06 -1.78469004083157e-21
 2.71612828303096e+06 -1.78707775894234e-21
 2.72026242044806e+06 -1.79161001938195e-21
 2.72439655786515e+06 -1.79491299752236e-21
 2.72853069528225e+06 -1.79246783631349e-21
 2.73266483269934e+06 -1.79415187647261e-21
 2.73679897011644e+06 -1.79581964108727e-21
 2.74093310753353e+06 -1.79095516806368e-21
 2.74506724495062e+06 -1.79143003100793e-21
 2.74920138236772e+06 -1.78914475308876e-21
 2.75333551978481e+06 -1.79118972738090e-21
 2.75746965720191e+06 -1.78883264558911e-21
 2.76160379461900e+06 -1.78687096378920e-21
 2.76573793203610e+06 -1.78947696567273e-21
 2.76987206945319e+06 -1.79219976852239e-21
 2.77400620687028e+06 -1.79307960530819e-21
 2.77814034428738e+06 -1.79828969430531e-21
 2.78227448170447e+06 -1.80012978821426e-21
 2.78640861912157e+06 -1.79742996260384e-21
 2.79054275653866e+06 -1.79554774375630e-21
 2.79467689395576e+06 -1.79546828080393e-21
 2.79881103137285e+06 -1.79885933836141e-21
 2.80294516878994e+06 -1.79560710162433e-21
 2.80707930620704e+06 -1.79790482554808e-21
 2.81121344362413e+06 -1.79864105458866e-21
 2.81534758104123e+06 -1.80054529329047e-21
 2.81948171845832e+06 -1.79740890013454e-21
 2.82361585587542e+06 -1.79718104251210e-21
 2.82774999329251e+06 -1.79489384982299e-21
 2.83188413070960e+06 -1.78941665041973e-21
 2.83601826812670e+06 -1.79018351577929e-21
 2.84015240554379e+06 -1.78885275067344e-21
 2.84428654296089e+06 -1.78649088195681e-21
 2.84842068037798e+06 -1.78746837200938e-21
 2.85255481779508e+06 -1.78736497443281e-21
 2.85668895521217e+06 -1.78521468779416e-21
 2.86082309262927e+06 -1.78190596534395e-21
 2.86495723004636e+06 -1.78216637405531e-21
 2.86909136746345e+06 -1.78387434883863e-21
 2.87322550488055e+06 -1.78639227130509e-21
 2.87735964229764e+06 -1.78782356183259e-21
 2.88149377971474e+06 -1.78487864567031e-21
 2.88562791713183e+06 -1.78806769499949e-21
 2.88976205454893e+06 -1.78816056134141e-21
 2.89389619196602e+06 -1.78912464800442e-21
 2.89803032938311e+06 -1.78937165332623e-21
 2.90216446680021e+06 -1.79030797582516e-21
 2.90629860421730e+06 -1.78640375992471e-21
 2.91043274163440e+06 -1.78739082382695e-21
 2.91456687905149e+06 -1.78733242334389e-21
 2.91870101646859e+06 -1.78870818554324e-21
 2.92283515388568e+06 -1.78760527805984e-21
 2.92696929130277e+06 -1.78588198511702e-21
 2.93110342871987e+06 -1.78524723888308e-21
 2.93523756613696e+06 -1.78405529459763e-21
 2.93937170355406e+06 -1.78361585489721e-21
 2.94350584097115e+06 -1.78591836574581e-21
 2.94763997838825e+06 -1.78879817973026e-21
 2.95177411580534e+06 -1.79028595597089e-21
 2.95590825322243e+06 -1.78947122136292e-21
 2.96004239063953e+06 -1.79144247701251e-21
 2.96417652805662e+06 -1.79202073753333e-21
 2.96831066547372e+06 -1.79397284548355e-21
 2.97244480289081e+06 -1.79421985080536e-21
 2.97657894030791e+06 -1.79302216221010e-21
 2.98071307772500e+06 -1.79613174858692e-21
 2.98484721514209e+06 -1.79520404255270e-21
 2.98898135255919e+06 -1.79390391376584e-21
 2.99311548997628e+06 -1.78922517342609e-21
 2.99724962739338e+06 -1.79257985035477e-21
 3.00138376481047e+06 -1.78974886300371e-21
 3.00551790222757e+06 -1.78606580303092e-21
 3.00965203964466e+06 -1.78189926364917e-21
 3.01378617706175e+06 -1.77891509470319e-21
 3.01792031447885e+06 -1.77631100758960e-21
 3.02205445189594e+06 -1.77127133311682e-21
 3.02618858931304e+06 -1.76505407513312e-21
 3.03032272673013e+06 -1.76434752502656e-21
 3.03445686414723e+06 -1.76249115557316e-21
 3.03859100156432e+06 -1.75748020264943e-21
 3.04272513898141e+06 -1.75997993480148e-21
 3.04685927639851e+06 -1.76131740160210e-21
 3.05099341381560e+06 -1.76550979037800e-21
 3.05512755123270e+06 -1.76640590270826e-21
 3.05926168864979e+06 -1.76376352019594e-21
 3.06339582606689e+06 -1.76319579090978e-21
 3.06752996348398e+06 -1.76036193140381e-21
 3.07166410090108e+06 -1.75377990974721e-21
 3.07579823831817e+06 -1.75541799542785e-21
 3.07993237573526e+06 -1.75419541482342e-21
 3.08406651315236e+06 -1.75507908114910e-21
 3.08820065056945e+06 -1.75618581817238e-21
 3.09233478798655e+06 -1.75267413010890e-21
 3.09646892540364e+06 -1.75042331804859e-21
 3.10060306282074e+06 -1.75337589329061e-21
 3.10473720023783e+06 -1.75569659445361e-21
 3.10887133765492e+06 -1.74879480621762e-21
 3.11300547507202e+06 -1.74741904401827e-21
 3.11713961248911e+06 -1.74378193852395e-21
 3.12127374990621e+06 -1.74464932930517e-21
 3.12540788732330e+06 -1.74550523146677e-21
 3.12954202474040e+06 -1.74667515589795e-21
 3.13367616215749e+06 -1.74379534191351e-21
 3.13781029957458e+06 -1.74082840589696e-21
 3.14194443699168e+06 -1.73699216432925e-21
 3.14607857440877e+06 -1.73689642583243e-21
 3.15021271182587e+06 -1.73620806604027e-21
 3.15434684924296e+06 -1.73420904622660e-21
 3.15848098666006e+06 -1.73580500696864e-21
 3.16261512407715e+06 -1.74149187367994e-21
 3.16674926149424e+06 -1.73892033765527e-21
 3.17088339891134e+06 -1.73954933957940e-21
 3.17501753632843e+06 -1.74005100930275e-21
 3.17915167374553e+06 -1.73719417255755e-21
 3.18328581116262e+06 -1.73840143500249e-21
 3.18741994857972e+06 -1.73034312572487e-21
 3.19155408599681e+06 -1.72940297368607e-21
 3.19568822341390e+06 -1.72894630105622e-21
 3.19982236083100e+06 -1.72093107410218e-21
 3.20395649824809e+06 -1.71831932790884e-21
 3.20809063566519e+06 -1.71325954835173e-21
 3.21222477308228e+06 -1.71546823547344e-21
 3.21635891049938e+06 -1.71544813038911e-21
 3.22049304791647e+06 -1.71343666457085e-21
 3.22462718533356e+06 -1.71672911147660e-21
 3.22876132275066e+06 -1.71729588337780e-21
 3.23289546016775e+06 -1.71778510709656e-21
 3.23702959758485e+06 -1.71665922237392e-21
 3.24116373500194e+06 -1.71619584804930e-21
 3.24529787241904e+06 -1.71503454008283e-21
 3.24943200983613e+06 -1.71504507131748e-21
 3.25356614725323e+06 -1.71741651388380e-21
 3.25770028467032e+06 -1.72013740196351e-21
 3.26183442208741e+06 -1.71825135357609e-21
 3.26596855950451e+06 -1.71553908196109e-21
 3.27010269692160e+06 -1.71508240933124e-21
 3.27423683433870e+06 -1.71702494343179e-21
 3.27837097175579e+06 -1.71761373518725e-21
 3.28250510917289e+06 -1.71156689172789e-21
 3.28663924658998e+06 -1.70945394310300e-21
 3.29077338400707e+06 -1.70677230780698e-21
 3.29490752142417e+06 -1.70512847781653e-21
 3.29904165884126e+06 -1.70261342750498e-21
 3.30317579625836e+06 -1.69768959661336e-21
 3.30730993367545e+06 -1.69878963194186e-21
 3.31144407109255e+06 -1.69435598215398e-21
 3.31557820850964e+06 -1.69614341988967e-21
 3.31971234592673e+06 -1.69654264942142e-21
 3.32384648334383e+06 -1.69891600675767e-21
 3.32798062076092e+06 -1.69576716759715e-21
 3.33211475817802e+06 -1.69714388718147e-21
 3.33624889559511e+06 -1.69731238693588e-21
 3.34038303301221e+06 -1.69715824795599e-21
 3.34451717042930e+06 -1.69435502476901e-21
 3.34865130784639e+06 -1.69472170321184e-21
 3.35278544526349e+06 -1.69224303352909e-21
 3.35691958268058e+06 -1.69535166252094e-21
 3.36105372009768e+06 -1.69162264806967e-21
 3.36518785751477e+06 -1.68969160258875e-21
 3.36932199493187e+06 -1.69148191247934e-21
 3.37345613234896e+06 -1.68750780747621e-21
 3.37759026976605e+06 -1.68600471307608e-21
 3.38172440718315e+06 -1.68724644137988e-21
 3.38585854460024e+06 -1.68563229032344e-21
 3.38999268201734e+06 -1.68835413578812e-21
 3.39412681943443e+06 -1.68764758568157e-21
 3.39826095685153e+06 -1.68835317840316e-21
 3.40239509426862e+06 -1.68885867766638e-21
 3.40652923168571e+06 -1.68791756824261e-21
 3.41066336910281e+06 -1.68830913869462e-21
 3.41479750651990e+06 -1.68750206316640e-21
 3.41893164393700e+06 -1.68670647625780e-21
 3.42306578135409e+06 -1.68322159497343e-21
 3.42719991877119e+06 -1.68463565257151e-21
 3.43133405618828e+06 -1.68735271111135e-21
 3.43546819360538e+06 -1.68379028164456e-21
 3.43960233102247e+06 -1.68467107581533e-21
 3.44373646843956e+06 -1.68278024050307e-21
 3.44787060585666e+06 -1.68134224828079e-21
 3.45200474327375e+06 -1.67947151805286e-21
 3.45613888069085e+06 -1.67493925761325e-21
 3.46027301810794e+06 -1.67243282376642e-21
 3.46440715552504e+06 -1.67263483199471e-21
 3.46854129294213e+06 -1.67173584750954e-21
 3.47267543035922e+06 -1.67345914045236e-21
 3.47680956777632e+06 -1.67311448186380e-21
 3.48094370519341e+06 -1.67694306435176e-21
 3.48507784261051e+06 -1.67821351420460e-21
 3.48921198002760e+06 -1.67845190306169e-21
 3.49334611744470e+06 -1.67739016313192e-21
 3.49748025486179e+06 -1.67558070554196e-21
 3.50161439227888e+06 -1.67121981701166e-21
 3.50574852969598e+06 -1.67139406107588e-21
 3.50988266711307e+06 -1.66817629019765e-21
 3.51401680453017e+06 -1.66516627185753e-21
 3.51815094194726e+06 -1.66989958314047e-21
 3.52228507936436e+06 -1.67030647175197e-21
 3.52641921678145e+06 -1.66992256037971e-21
 3.53055335419854e+06 -1.66862817590266e-21
 3.53468749161564e+06 -1.67159606930418e-21
 3.53882162903273e+06 -1.66997425916799e-21
 3.54295576644983e+06 -1.66935291632361e-21
 3.54708990386692e+06 -1.67583154040364e-21
 3.55122404128402e+06 -1.67572527067217e-21
 3.55535817870111e+06 -1.67653426097032e-21
 3.55949231611820e+06 -1.67799140089197e-21
 3.56362645353530e+06 -1.67962565703275e-21
 3.56776059095239e+06 -1.67639735491987e-21
 3.57189472836949e+06 -1.67348403246153e-21
 3.57602886578658e+06 -1.67416856271382e-21
 3.58016300320368e+06 -1.67491245083414e-21
 3.58429714062077e+06 -1.67715656119968e-21
 3.58843127803786e+06 -1.67679849922156e-21
 3.59256541545496e+06 -1.67365731914078e-21
 3.59669955287205e+06 -1.67235048865915e-21
 3.60083369028915e+06 -1.67240793175724e-21
 3.60496782770624e+06 -1.67585260287294e-21
 3.60910196512334e+06 -1.67872092823777e-21
 3.61323610254043e+06 -1.68133363181607e-21
 3.61737023995752e+06 -1.67877262702605e-21
 3.62150437737462e+06 -1.67710581979636e-21
 3.62563851479171e+06 -1.67311926878864e-21
 3.62977265220881e+06 -1.67270855063727e-21
 3.63390678962590e+06 -1.67322745329005e-21
 3.63804092704300e+06 -1.67487894236025e-21
 3.64217506446009e+06 -1.67591483289588e-21
 3.64630920187719e+06 -1.67739112051689e-21
 3.65044333929428e+06 -1.68008232966259e-21
 3.65457747671137e+06 -1.68408419882981e-21
 3.65871161412847e+06 -1.68474958138273e-21
 3.66284575154556e+06 -1.68129725118728e-21
 3.66697988896266e+06 -1.68119385361071e-21
 3.67111402637975e+06 -1.68169360856413e-21
 3.67524816379685e+06 -1.67672573796397e-21
 3.67938230121394e+06 -1.67886166382810e-21
 3.68351643863103e+06 -1.67944375388878e-21
 3.68765057604813e+06 -1.67712592488069e-21
 3.69178471346522e+06 -1.68119576838065e-21
 3.69591885088232e+06 -1.68311915478183e-21
 3.70005298829941e+06 -1.68019434370388e-21
 3.70418712571651e+06 -1.67714698734999e-21
 3.70832126313360e+06 -1.67491053606420e-21
 3.71245540055069e+06 -1.67814266771695e-21
 3.71658953796779e+06 -1.68179030444592e-21
 3.72072367538488e+06 -1.67802012244102e-21
 3.72485781280198e+06 -1.67410154576604e-21
 3.72899195021907e+06 -1.67862710451088e-21
 3.73312608763617e+06 -1.68126374271339e-21
 3.73726022505326e+06 -1.67964767688702e-21
 3.74139436247035e+06 -1.67619343192163e-21
 3.74552849988745e+06 -1.67734133649854e-21
 3.74966263730454e+06 -1.67574441837153e-21
 3.75379677472164e+06 -1.67878985995548e-21
 3.75793091213873e+06 -1.67051709644498e-21
 3.76206504955583e+06 -1.66798768535891e-21
 3.76619918697292e+06 -1.66688573526048e-21
 3.77033332439001e+06 -1.66253633534979e-21
 3.77446746180711e+06 -1.66420792950433e-21
 3.77860159922420e+06 -1.66782492991431e-21
 3.78273573664130e+06 -1.66544582826825e-21
 3.78686987405839e+06 -1.66597047523084e-21
 3.79100401147549e+06 -1.66189105788121e-21
 3.79513814889258e+06 -1.66314618957456e-21
 3.79927228630967e+06 -1.66342766075522e-21
 3.80340642372677e+06 -1.66215338136250e-21
 3.80754056114386e+06 -1.66074985499907e-21
 3.81167469856096e+06 -1.65909836592887e-21
 3.81580883597805e+06 -1.65862063082972e-21
 3.81994297339515e+06 -1.65568720328706e-21
 3.82407711081224e+06 -1.65555891370131e-21
 3.82821124822934e+06 -1.65937887972456e-21
 3.83234538564643e+06 -1.65467716214557e-21
 3.83647952306352e+06 -1.65548615244373e-21
 3.84061366048062e+06 -1.65607207204429e-21
 3.84474779789771e+06 -1.65597537616250e-21
 3.84888193531481e+06 -1.65359244497656e-21
 3.85301607273190e+06 -1.65592750691408e-21
 3.85715021014900e+06 -1.65248187841341e-21
 3.86128434756609e+06 -1.65011426538698e-21
 3.86541848498318e+06 -1.65156374622888e-21
 3.86955262240028e+06 -1.64998023149142e-21
 3.87368675981737e+06 -1.65371403286753e-21
 3.87782089723447e+06 -1.65399933358806e-21
 3.88195503465156e+06 -1.65449047207677e-21
 3.88608917206866e+06 -1.65506777521261e-21
 3.89022330948575e+06 -1.65382891906372e-21
 3.89435744690284e+06 -1.65103144018654e-21
 3.89849158431994e+06 -1.65237273652704e-21
 3.90262572173703e+06 -1.65582602410745e-21
 3.90675985915413e+06 -1.65505245705312e-21
 3.91089399657122e+06 -1.65492321008241e-21
 3.91502813398832e+06 -1.65643587833222e-21
 3.91916227140541e+06 -1.66179340461445e-21
 3.92329640882250e+06 -1.66093175814304e-21
 3.92743054623960e+06 -1.65780972576163e-21
 3.93156468365669e+06 -1.65368339654855e-21
 3.93569882107379e+06 -1.65551487399278e-21
 3.93983295849088e+06 -1.65367478008383e-21
 3.94396709590798e+06 -1.65072124745683e-21
 3.94810123332507e+06 -1.64824640731395e-21
 3.95223537074216e+06 -1.64796493613329e-21
 3.95636950815926e+06 -1.64260836723603e-21
 3.96050364557635e+06 -1.64323545439022e-21
 3.96463778299345e+06 -1.64479694927341e-21
 3.96877192041054e+06 -1.64300280984294e-21
 3.97290605782764e+06 -1.64167108735213e-21
 3.97704019524473e+06 -1.64350256479636e-21
 3.98117433266182e+06 -1.64468014830729e-21
 3.98530847007892e+06 -1.64837469689970e-21
 3.98944260749601e+06 -1.64479790665838e-21
 3.99357674491311e+06 -1.64671842090465e-21
 3.99771088233020e+06 -1.64876052304189e-21
 4.00184501974730e+06 -1.64606739912626e-21
 4.00597915716439e+06 -1.64913486056447e-21
 4.01011329458148e+06 -1.64924304506588e-21
 4.01424743199858e+06 -1.65258719075992e-21
 4.01838156941567e+06 -1.65065614527899e-21
 4.02251570683277e+06 -1.65375807257607e-21
 4.02664984424986e+06 -1.65067625036333e-21
 4.03078398166696e+06 -1.65092804260997e-21
 4.03491811908405e+06 -1.64670597490007e-21
 4.03905225650115e+06 -1.64575337685668e-21
 4.04318639391824e+06 -1.64392955849219e-21
 4.04732053133533e+06 -1.64744603348051e-21
 4.05145466875243e+06 -1.65153502467983e-21
 4.05558880616952e+06 -1.65177915784673e-21
 4.05972294358662e+06 -1.64367010716580e-21
 4.06385708100371e+06 -1.64419475412839e-21
 4.06799121842081e+06 -1.64427613185069e-21
 4.07212535583790e+06 -1.63967589707833e-21
 4.07625949325499e+06 -1.63531692331797e-21
 4.08039363067209e+06 -1.64111005976075e-21
 4.08452776808918e+06 -1.63890328740897e-21
 4.08866190550628e+06 -1.63924890338250e-21
 4.09279604292337e+06 -1.64201861809560e-21
 4.09693018034047e+06 -1.63806174602189e-21
 4.10106431775756e+06 -1.63766251649014e-21
 4.10519845517465e+06 -1.63707563950461e-21
 4.10933259259175e+06 -1.63540117319518e-21
 4.11346673000884e+06 -1.63310919358123e-21
 4.11760086742594e+06 -1.63477600081092e-21
 4.12173500484303e+06 -1.63315419067473e-21
 4.12586914226013e+06 -1.63476642696124e-21
 4.13000327967722e+06 -1.62878660044966e-21
 4.13413741709431e+06 -1.62358034099241e-21
