#E -dF/dE ImSigma
 5.2551525e-02  5.4293510e+01  1.5271510e-05
 5.2551525e-02  5.4293510e+01  1.5271510e-05
 5.2807426e-02  4.2562795e+01  3.1635248e-05
 5.2807431e-02  4.2562575e+01  3.1633489e-05
 5.3551340e-02  2.0375449e+01  2.7229663e-05
 5.3551387e-02  2.0374473e+01  2.7221131e-05
 5.4720443e-02  6.1221128e+00  6.4638054e-05
 5.4720570e-02  6.1213014e+00  6.4617832e-05
 5.8001583e-02  1.9585056e-01  5.8886852e-05
 5.8001825e-02  1.9580058e-01  5.8833277e-05
 5.6232029e-02  1.2588213e+00  4.0114070e-05
 5.6232236e-02  1.2585467e+00  4.0084725e-05
 5.6232029e-02  1.2588213e+00  4.0114070e-05
 5.6232237e-02  1.2585467e+00  4.0084725e-05
 5.8001583e-02  1.9585056e-01  5.8886852e-05
 5.8001825e-02  1.9580058e-01  5.8833277e-05
 5.4720443e-02  6.1221128e+00  6.4638054e-05
 5.4720570e-02  6.1213014e+00  6.4617832e-05
 5.3551340e-02  2.0375449e+01  2.7229663e-05
 5.3551387e-02  2.0374473e+01  2.7221131e-05
 5.2807426e-02  4.2562795e+01  3.1635248e-05
 5.2807431e-02  4.2562575e+01  3.1633489e-05
 5.2807427e-02  4.2562725e+01  3.1632588e-05
 5.2807430e-02  4.2562633e+01  3.1630728e-05
 5.2892592e-02  3.9196575e+01  3.5776907e-05
 5.2892594e-02  3.9196491e+01  3.5772785e-05
 5.3471778e-02  2.2079055e+01  3.2191215e-05
 5.3474665e-02  2.2014911e+01  3.2142974e-05
 5.4495030e-02  7.7372154e+00  5.6246577e-05
 5.4503125e-02  7.6725339e+00  5.6973983e-05
 5.8791915e-02  8.5257122e-02  4.6238340e-05
 5.8823168e-02  8.2498499e-02  4.7077792e-05
 5.5886262e-02  1.8095400e+00  6.1473815e-05
 5.5901098e-02  1.7815983e+00  6.1024620e-05
 5.6971227e-02  5.7891639e-01  6.0227253e-05
 5.6994403e-02  5.6498024e-01  6.0522691e-05
 5.7561925e-02  3.1103627e-01  5.0634736e-05
 5.7584335e-02  3.0378946e-01  5.1154378e-05
 5.5382147e-02  3.0687994e+00  8.0893116e-05
 5.5397498e-02  3.0198964e+00  8.1638519e-05
 5.4105489e-02  1.1571829e+01  6.0142534e-05
 5.4113835e-02  1.1472846e+01  6.0559305e-05
 5.3224091e-02  2.8292912e+01  3.0907557e-05
 5.3227047e-02  2.8209879e+01  3.1057086e-05
 5.3551343e-02  2.0375382e+01  2.7220665e-05
 5.3551385e-02  2.0374518e+01  2.7213276e-05
 5.3471775e-02  2.2079113e+01  3.2192453e-05
 5.3474668e-02  2.2014843e+01  3.2136420e-05
 5.3882047e-02  1.4554169e+01  3.3007862e-05
 5.3882071e-02  1.4553811e+01  3.2993266e-05
 5.4739190e-02  6.0038588e+00  6.2659154e-05
 5.4747208e-02  5.9539769e+00  6.2392392e-05
 5.5981683e-02  1.6371616e+00  5.3989311e-05
 5.6001505e-02  1.6034605e+00  5.2934188e-05
 5.8070688e-02  1.8211501e-01  6.8404632e-05
 5.8122481e-02  1.7245583e-01  6.8708686e-05
 5.7531900e-02  3.2101695e-01  4.6805274e-05
 5.7565876e-02  3.0974621e-01  4.7819365e-05
 5.6439650e-02  1.0121811e+00  7.2211961e-05
 5.6475366e-02  9.7490460e-01  7.6729642e-05
 5.5091702e-02  4.1575002e+00  4.6751626e-05
 5.5112479e-02  4.0682620e+00  4.8587597e-05
 5.4105491e-02  1.1571808e+01  6.0124334e-05
 5.4113834e-02  1.1472855e+01  6.0544157e-05
 5.4720447e-02  6.1220826e+00  6.4570498e-05
 5.4720567e-02  6.1213193e+00  6.4553660e-05
 5.8001588e-02  1.9584941e-01  5.8822059e-05
 5.8001822e-02  1.9580119e-01  5.8780752e-05
 5.4495027e-02  7.7372404e+00  5.6213224e-05
 5.4503129e-02  7.6725045e+00  5.6923911e-05
 5.8791921e-02  8.5256539e-02  4.6193886e-05
 5.8823167e-02  8.2498572e-02  4.7047821e-05
 5.4739187e-02  6.0038818e+00  6.2640929e-05
 5.4747211e-02  5.9539566e+00  6.2346643e-05
 5.5433261e-02  2.9089464e+00  7.4302915e-05
 5.5433337e-02  2.9087173e+00  7.4241942e-05
 5.6511308e-02  9.3877541e-01  7.0913028e-05
 5.6525801e-02  9.2458826e-01  7.2400000e-05
 5.8682047e-02  9.5707510e-02  4.4233715e-05
 5.8703631e-02  9.3558058e-02  4.5299468e-05
 5.7913574e-02  2.1485256e-01  6.5129409e-05
 5.7947088e-02  2.0740848e-01  6.4584331e-05
 5.7825918e-02  2.3560998e-01  7.3376645e-05
 5.7884910e-02  2.2143094e-01  7.3925860e-05
 5.7913569e-02  2.1485379e-01  6.5125973e-05
 5.7947087e-02  2.0740866e-01  6.4507318e-05
 5.6439652e-02  1.0121786e+00  7.2193186e-05
 5.6475366e-02  9.7490499e-01  7.6713244e-05
 5.7531895e-02  3.2101866e-01  4.6788426e-05
 5.7565876e-02  3.0974614e-01  4.7755310e-05
 5.5382151e-02  3.0687873e+00  8.0847881e-05
 5.5397497e-02  3.0199002e+00  8.1601934e-05
 5.7561921e-02  3.1103752e-01  5.0603884e-05
 5.7584337e-02  3.0378868e-01  5.1087902e-05
 5.6232034e-02  1.2588138e+00  4.0077599e-05
 5.6232233e-02  1.2585509e+00  4.0052877e-05
 5.6232034e-02  1.2588138e+00  4.0077599e-05
 5.6232233e-02  1.2585509e+00  4.0052877e-05
 5.5886259e-02  1.8095468e+00  6.1434235e-05
 5.5901101e-02  1.7815916e+00  6.0958109e-05
 5.6971233e-02  5.7891304e-01  6.0182320e-05
 5.6994401e-02  5.6498096e-01  6.0492776e-05
 5.5981678e-02  1.6371691e+00  5.3966782e-05
 5.6001507e-02  1.6034566e+00  5.2878083e-05
 5.8070693e-02  1.8211410e-01  6.8375405e-05
 5.8122480e-02  1.7245589e-01  6.8691933e-05
 5.6511304e-02  9.3877955e-01  7.0923149e-05
 5.6525803e-02  9.2458639e-01  7.2342911e-05
 5.8682051e-02  9.5707065e-02  4.4212063e-05
 5.8703631e-02  9.3558037e-02  4.5340480e-05
 5.7437803e-02  3.5441749e-01  4.8912049e-05
 5.7437943e-02  3.5436514e-01  4.8837872e-05
 5.7437803e-02  3.5441749e-01  4.8912049e-05
 5.7437943e-02  3.5436514e-01  4.8837872e-05
 5.8682051e-02  9.5707065e-02  4.4212063e-05
 5.8703631e-02  9.3558037e-02  4.5340480e-05
 5.6511304e-02  9.3877955e-01  7.0923149e-05
 5.6525803e-02  9.2458639e-01  7.2342912e-05
 5.8070693e-02  1.8211410e-01  6.8375405e-05
 5.8122480e-02  1.7245589e-01  6.8691933e-05
 5.5981678e-02  1.6371691e+00  5.3966782e-05
 5.6001507e-02  1.6034566e+00  5.2878083e-05
 5.6971233e-02  5.7891304e-01  6.0182320e-05
 5.6994401e-02  5.6498096e-01  6.0492776e-05
 5.5886259e-02  1.8095468e+00  6.1434235e-05
 5.5901101e-02  1.7815916e+00  6.0958109e-05
 5.8001588e-02  1.9584941e-01  5.8822059e-05
 5.8001822e-02  1.9580119e-01  5.8780752e-05
 5.4720447e-02  6.1220826e+00  6.4570498e-05
 5.4720567e-02  6.1213193e+00  6.4553660e-05
 5.7561921e-02  3.1103752e-01  5.0603884e-05
 5.7584337e-02  3.0378868e-01  5.1087902e-05
 5.5382151e-02  3.0687873e+00  8.0847881e-05
 5.5397497e-02  3.0199002e+00  8.1601934e-05
 5.7531895e-02  3.2101866e-01  4.6788426e-05
 5.7565876e-02  3.0974614e-01  4.7755310e-05
 5.6439652e-02  1.0121786e+00  7.2193186e-05
 5.6475366e-02  9.7490499e-01  7.6713244e-05
 5.7913569e-02  2.1485379e-01  6.5125973e-05
 5.7947087e-02  2.0740866e-01  6.4507318e-05
 5.7825918e-02  2.3560998e-01  7.3376645e-05
 5.7884910e-02  2.2143094e-01  7.3925860e-05
 5.7913574e-02  2.1485256e-01  6.5129409e-05
 5.7947088e-02  2.0740848e-01  6.4584331e-05
 5.8682047e-02  9.5707510e-02  4.4233715e-05
 5.8703631e-02  9.3558058e-02  4.5299468e-05
 5.6511308e-02  9.3877541e-01  7.0913028e-05
 5.6525801e-02  9.2458826e-01  7.2400000e-05
 5.5433261e-02  2.9089464e+00  7.4302915e-05
 5.5433337e-02  2.9087173e+00  7.4241943e-05
 5.4739187e-02  6.0038818e+00  6.2640929e-05
 5.4747211e-02  5.9539566e+00  6.2346643e-05
 5.8791921e-02  8.5256539e-02  4.6193886e-05
 5.8823167e-02  8.2498572e-02  4.7047821e-05
 5.4495027e-02  7.7372404e+00  5.6213225e-05
 5.4503129e-02  7.6725045e+00  5.6923911e-05
 5.3551343e-02  2.0375382e+01  2.7220665e-05
 5.3551385e-02  2.0374518e+01  2.7213276e-05
 5.4105491e-02  1.1571808e+01  6.0124334e-05
 5.4113834e-02  1.1472855e+01  6.0544157e-05
 5.5091702e-02  4.1575002e+00  4.6751626e-05
 5.5112479e-02  4.0682620e+00  4.8587597e-05
 5.6439650e-02  1.0121811e+00  7.2211961e-05
 5.6475366e-02  9.7490460e-01  7.6729642e-05
 5.7531900e-02  3.2101695e-01  4.6805274e-05
 5.7565876e-02  3.0974621e-01  4.7819365e-05
 5.8070688e-02  1.8211501e-01  6.8404632e-05
 5.8122481e-02  1.7245583e-01  6.8708686e-05
 5.5981683e-02  1.6371616e+00  5.3989311e-05
 5.6001505e-02  1.6034605e+00  5.2934188e-05
 5.4739190e-02  6.0038588e+00  6.2659154e-05
 5.4747208e-02  5.9539769e+00  6.2392392e-05
 5.3882047e-02  1.4554170e+01  3.3007862e-05
 5.3882071e-02  1.4553811e+01  3.2993266e-05
 5.3471775e-02  2.2079113e+01  3.2192453e-05
 5.3474668e-02  2.2014843e+01  3.2136420e-05
 5.2807427e-02  4.2562725e+01  3.1632587e-05
 5.2807430e-02  4.2562633e+01  3.1630729e-05
 5.3224091e-02  2.8292912e+01  3.0907557e-05
 5.3227047e-02  2.8209879e+01  3.1057086e-05
 5.4105489e-02  1.1571829e+01  6.0142534e-05
 5.4113835e-02  1.1472846e+01  6.0559305e-05
 5.5382147e-02  3.0687994e+00  8.0893116e-05
 5.5397498e-02  3.0198964e+00  8.1638519e-05
 5.7561925e-02  3.1103627e-01  5.0634736e-05
 5.7584335e-02  3.0378946e-01  5.1154378e-05
 5.6971227e-02  5.7891639e-01  6.0227253e-05
 5.6994403e-02  5.6498024e-01  6.0522691e-05
 5.5886262e-02  1.8095400e+00  6.1473815e-05
 5.5901098e-02  1.7815983e+00  6.1024620e-05
 5.8791915e-02  8.5257122e-02  4.6238340e-05
 5.8823168e-02  8.2498499e-02  4.7077792e-05
 5.4495030e-02  7.7372154e+00  5.6246577e-05
 5.4503125e-02  7.6725339e+00  5.6973983e-05
 5.3471778e-02  2.2079055e+01  3.2191215e-05
 5.3474665e-02  2.2014911e+01  3.2142974e-05
 5.2892592e-02  3.9196575e+01  3.5776907e-05
 5.2892594e-02  3.9196491e+01  3.5772785e-05
 5.2807660e-02  4.2553197e+01  3.1637391e-05
 5.2807660e-02  4.2553181e+01  3.1641160e-05
 5.2892592e-02  3.9196557e+01  3.5771989e-05
 5.2892595e-02  3.9196450e+01  3.5778000e-05
 5.3471513e-02  2.2084943e+01  3.2194938e-05
 5.3474426e-02  2.2020226e+01  3.2144897e-05
 5.4494439e-02  7.7419603e+00  5.6198652e-05
 5.4502633e-02  7.6764523e+00  5.6925132e-05
 5.8793751e-02  8.5092489e-02  4.6285619e-05
 5.8824542e-02  8.2379334e-02  4.7110277e-05
 5.5885305e-02  1.8113578e+00  6.1501282e-05
 5.5900344e-02  1.7830076e+00  6.1043697e-05
 5.6972795e-02  5.7796330e-01  6.0235371e-05
 5.6995518e-02  5.6431824e-01  6.0556456e-05
 5.7560625e-02  3.1146172e-01  5.0621103e-05
 5.7583316e-02  3.0411533e-01  5.1131250e-05
 5.5383355e-02  3.0649251e+00  8.0952018e-05
 5.5398369e-02  3.0171453e+00  8.1681005e-05
 5.4106317e-02  1.1561968e+01  6.0177841e-05
 5.4114486e-02  1.1465161e+01  6.0585302e-05
 5.3224588e-02  2.8278955e+01  3.0926426e-05
 5.3227490e-02  2.8197435e+01  3.1075932e-05
 5.2892591e-02  3.9196581e+01  3.5773948e-05
 5.2892593e-02  3.9196523e+01  3.5773755e-05
 5.2807426e-02  4.2562781e+01  3.1636869e-05
 5.2807431e-02  4.2562577e+01  3.1636813e-05
 5.3224093e-02  2.8292865e+01  3.0920780e-05
 5.3227046e-02  2.8209898e+01  3.1057754e-05
 5.4105492e-02  1.1571796e+01  6.0177374e-05
 5.4113834e-02  1.1472856e+01  6.0555493e-05
 5.5382151e-02  3.0687891e+00  8.0954418e-05
 5.5397497e-02  3.0198980e+00  8.1608175e-05
 5.7561921e-02  3.1103740e-01  5.0571663e-05
 5.7584335e-02  3.0378947e-01  5.1204152e-05
 5.6971230e-02  5.7891463e-01  6.0293921e-05
 5.6994403e-02  5.6498002e-01  6.0474279e-05
 5.5886259e-02  1.8095468e+00  6.1422371e-05
 5.5901098e-02  1.7815975e+00  6.1054689e-05
 5.8791917e-02  8.5256943e-02  4.6297903e-05
 5.8823170e-02  8.2498362e-02  4.7029346e-05
 5.4495027e-02  7.7372428e+00  5.6213701e-05
 5.4503126e-02  7.6725278e+00  5.6981826e-05
 5.3471775e-02  2.2079116e+01  3.2176543e-05
 5.3474666e-02  2.2014892e+01  3.2144651e-05
 5.3471514e-02  2.2084917e+01  3.2189874e-05
 5.3474420e-02  2.2020347e+01  3.2137502e-05
 5.3224091e-02  2.8292917e+01  3.0920165e-05
 5.3227046e-02  2.8209902e+01  3.1051994e-05
 5.3471513e-02  2.2084948e+01  3.2200094e-05
 5.3474424e-02  2.2020275e+01  3.2144394e-05
 5.4189005e-02  1.0617868e+01  5.8920402e-05
 5.4197763e-02  1.0522404e+01  5.8862831e-05
 5.5319298e-02  3.2773695e+00  7.8318975e-05
 5.5338364e-02  3.2126515e+00  8.0229474e-05
 5.8509941e-02  1.1471109e-01  3.7943511e-05
 5.8555031e-02  1.0939507e-01  3.7483896e-05
 5.6786176e-02  7.0324393e-01  7.4418672e-05
 5.6817752e-02  6.8028431e-01  7.2074138e-05
 5.6786172e-02  7.0324682e-01  7.4326079e-05
 5.6817750e-02  6.8028580e-01  7.2119792e-05
 5.8509944e-02  1.1471069e-01  3.8011321e-05
 5.8555034e-02  1.0939470e-01  3.7445547e-05
 5.5319294e-02  3.2773821e+00  7.8248432e-05
 5.5338362e-02  3.2126559e+00  8.0243523e-05
 5.4189003e-02  1.0617891e+01  5.8879516e-05
 5.4197761e-02  1.0522420e+01  5.8853628e-05
 5.4494441e-02  7.7419407e+00  5.6160575e-05
 5.4502625e-02  7.6765107e+00  5.6881056e-05
 5.8793749e-02  8.5092669e-02  4.6256429e-05
 5.8824546e-02  8.2378984e-02  4.7057914e-05
 5.4105489e-02  1.1571822e+01  6.0143632e-05
 5.4113833e-02  1.1472869e+01  6.0507817e-05
 5.4189001e-02  1.0617907e+01  5.8905721e-05
 5.4197765e-02  1.0522384e+01  5.8830184e-05
 5.4738656e-02  6.0071997e+00  6.2680325e-05
 5.4746741e-02  5.9568706e+00  6.2383161e-05
 5.5705915e-02  2.1862400e+00  6.4313286e-05
 5.5722874e-02  2.1477199e+00  6.4328306e-05
 5.7025180e-02  5.4698947e-01  6.2089188e-05
 5.7058066e-02  5.2839771e-01  6.2084823e-05
 5.8028908e-02  1.9029969e-01  6.8858458e-05
 5.8085277e-02  1.7934078e-01  6.8892172e-05
 5.9127826e-02  5.9868172e-02  5.1266496e-05
 5.9175744e-02  5.6923784e-02  5.1001335e-05
 5.8623222e-02  1.0181972e-01  3.7015272e-05
 5.8675100e-02  9.6409806e-02  3.8643920e-05
 5.6521173e-02  9.2909511e-01  8.3938815e-05
 5.6557531e-02  8.9427019e-01  8.6827339e-05
 5.8625114e-02  1.0161713e-01  3.7057306e-05
 5.8676641e-02  9.6253546e-02  3.8704748e-05
 5.5318999e-02  3.2783920e+00  7.8216912e-05
 5.5338069e-02  3.2136425e+00  8.0190159e-05
 5.8511849e-02  1.1448101e-01  3.7949743e-05
 5.8556528e-02  1.0922282e-01  3.7460550e-05
 5.5885309e-02  1.8113506e+00  6.1449165e-05
 5.5900336e-02  1.7830229e+00  6.0988050e-05
 5.6972793e-02  5.7796396e-01  6.0198896e-05
 5.6995523e-02  5.6431521e-01  6.0496244e-05
 5.5382149e-02  3.0687958e+00  8.0895263e-05
 5.5397495e-02  3.0199041e+00  8.1522306e-05
 5.7561925e-02  3.1103616e-01  5.0532010e-05
 5.7584340e-02  3.0378779e-01  5.1166618e-05
 5.5319293e-02  3.2773863e+00  7.8282090e-05
 5.5338365e-02  3.2126468e+00  8.0154508e-05
 5.8509947e-02  1.1471033e-01  3.7922312e-05
 5.8555037e-02  1.0939438e-01  3.7471400e-05
 5.5705910e-02  2.1862515e+00  6.4306119e-05
 5.5722876e-02  2.1477138e+00  6.4285098e-05
 5.6510526e-02  9.3954709e-01  7.0878906e-05
 5.6525165e-02  9.2520603e-01  7.2294113e-05
 5.8682840e-02  9.5627633e-02  4.4210448e-05
 5.8704329e-02  9.3489346e-02  4.5393097e-05
 5.7672041e-02  2.7701378e-01  6.3312026e-05
 5.7698526e-02  2.6940187e-01  6.4988427e-05
 5.7673712e-02  2.7652744e-01  6.3352242e-05
 5.7699926e-02  2.6900551e-01  6.5074953e-05
 5.9125983e-02  5.9984396e-02  5.1322301e-05
 5.9174199e-02  5.7016404e-02  5.1048329e-05
 5.8028597e-02  1.9036191e-01  6.8866368e-05
 5.8084970e-02  1.7939881e-01  6.8883164e-05
 5.7026829e-02  5.4604163e-01  6.2054593e-05
 5.7059407e-02  5.2765341e-01  6.2081343e-05
 5.6785552e-02  7.0370506e-01  7.4369488e-05
 5.6817156e-02  6.8071068e-01  7.2112656e-05
 5.6787810e-02  7.0203689e-01  7.4230798e-05
 5.6819005e-02  6.7938914e-01  7.1962973e-05
 5.7560630e-02  3.1146022e-01  5.0575094e-05
 5.7583308e-02  3.0411785e-01  5.1081382e-05
 5.5383354e-02  3.0649258e+00  8.0903805e-05
 5.5398374e-02  3.0171291e+00  8.1610589e-05
 5.6971229e-02  5.7891560e-01  6.0250143e-05
 5.6994400e-02  5.6498166e-01  6.0402980e-05
 5.5886262e-02  1.8095406e+00  6.1381325e-05
 5.5901103e-02  1.7815873e+00  6.1014621e-05
 5.6786170e-02  7.0324785e-01  7.4375655e-05
 5.6817752e-02  6.8028431e-01  7.1986540e-05
 5.6786176e-02  7.0324334e-01  7.4297096e-05
 5.6817756e-02  6.8028134e-01  7.2101938e-05
 5.7025173e-02  5.4699345e-01  6.2075377e-05
 5.7058068e-02  5.2839676e-01  6.2018192e-05
 5.8028911e-02  1.9029910e-01  6.8848579e-05
 5.8085285e-02  1.7933929e-01  6.8891369e-05
 5.9127830e-02  5.9867957e-02  5.1271905e-05
 5.9175751e-02  5.6923327e-02  5.1062010e-05
 5.7672035e-02  2.7701566e-01  6.3318578e-05
 5.7698529e-02  2.6940103e-01  6.4941452e-05
 5.7673713e-02  2.7652705e-01  6.3345726e-05
 5.7699929e-02  2.6900469e-01  6.5117911e-05
 5.8681082e-02  9.5804725e-02  4.4210690e-05
 5.8702902e-02  9.3629852e-02  4.5254452e-05
 5.6512028e-02  9.3806575e-01  7.0923266e-05
 5.6526446e-02  9.2396173e-01  7.2471726e-05
 5.5707290e-02  2.1830921e+00  6.4260712e-05
 5.5724044e-02  2.1450863e+00  6.4325736e-05
 5.8509013e-02  1.1482319e-01  3.7997253e-05
 5.8554158e-02  1.0949556e-01  3.7468208e-05
 5.5320600e-02  3.2729078e+00  7.8368361e-05
 5.5339396e-02  3.2091854e+00  8.0273714e-05
 5.4106317e-02  1.1561964e+01  6.0152454e-05
 5.4114490e-02  1.1465113e+01  6.0548943e-05
 5.8791916e-02  8.5257031e-02  4.6264325e-05
 5.8823166e-02  8.2498683e-02  4.6970213e-05
 5.4495029e-02  7.7372227e+00  5.6188883e-05
 5.4503131e-02  7.6724889e+00  5.6955433e-05
 5.8509939e-02  1.1471128e-01  3.7999650e-05
 5.8555032e-02  1.0939496e-01  3.7400020e-05
 5.5319297e-02  3.2773726e+00  7.8236764e-05
 5.5338369e-02  3.2126348e+00  8.0236587e-05
 5.8623214e-02  1.0182052e-01  3.7016646e-05
 5.8675099e-02  9.6409899e-02  3.8595471e-05
 5.6521174e-02  9.2909431e-01  8.3945914e-05
 5.6557539e-02  8.9426275e-01  8.6839615e-05
 5.8625119e-02  1.0161659e-01  3.7055618e-05
 5.8676646e-02  9.6253054e-02  3.8749758e-05
 5.9125974e-02  5.9984972e-02  5.1316856e-05
 5.9174200e-02  5.7016322e-02  5.0982581e-05
 5.8028595e-02  1.9036233e-01  6.8886363e-05
 5.8084978e-02  1.7939716e-01  6.8901796e-05
 5.7026832e-02  5.4603991e-01  6.2067794e-05
 5.7059408e-02  5.2765256e-01  6.2141092e-05
 5.5707292e-02  2.1830886e+00  6.4268021e-05
 5.5724044e-02  2.1450875e+00  6.4363774e-05
 5.4739786e-02  6.0001403e+00  6.2607685e-05
 5.4747763e-02  5.9505373e+00  6.2366045e-05
 5.4189974e-02  1.0607255e+01  5.8874396e-05
 5.4198606e-02  1.0513254e+01  5.8834231e-05
 5.3224588e-02  2.8278943e+01  3.0925903e-05
 5.3227493e-02  2.8197373e+01  3.1071379e-05
 5.3471776e-02  2.2079084e+01  3.2174950e-05
 5.3474670e-02  2.2014809e+01  3.2141828e-05
 5.4189003e-02  1.0617885e+01  5.8886642e-05
 5.4197768e-02  1.0522352e+01  5.8862385e-05
 5.5318998e-02  3.2783969e+00  7.8244418e-05
 5.5338077e-02  3.2136151e+00  8.0220662e-05
 5.8511853e-02  1.1448046e-01  3.7957908e-05
 5.8556528e-02  1.0922279e-01  3.7500782e-05
 5.6785548e-02  7.0370777e-01  7.4411292e-05
 5.6817165e-02  6.8070435e-01  7.2148654e-05
 5.6787813e-02  7.0203471e-01  7.4268399e-05
 5.6819003e-02  6.7939037e-01  7.2039790e-05
 5.8509007e-02  1.1482384e-01  3.8023569e-05
 5.8554167e-02  1.0949461e-01  3.7489675e-05
 5.5320602e-02  3.2729022e+00  7.8400136e-05
 5.5339393e-02  3.2091945e+00  8.0338260e-05
 5.4189975e-02  1.0607245e+01  5.8886688e-05
 5.4198604e-02  1.0513279e+01  5.8860946e-05
 5.3472207e-02  2.2069498e+01  3.2172868e-05
 5.3475085e-02  2.2005597e+01  3.2138938e-05
 5.3552182e-02  2.0358101e+01  2.7192846e-05
 5.3552184e-02  2.0358070e+01  2.7203831e-05
 5.3472210e-02  2.2069439e+01  3.2190762e-05
 5.3475085e-02  2.2005596e+01  3.2134127e-05
 5.3882048e-02  1.4554154e+01  3.2997674e-05
 5.3882076e-02  1.4553745e+01  3.3005319e-05
 5.4738657e-02  6.0071925e+00  6.2676721e-05
 5.4746747e-02  5.9568323e+00  6.2409557e-05
 5.5980535e-02  1.6391344e+00  5.4047700e-05
 5.6000514e-02  1.6051291e+00  5.2986402e-05
 5.8073817e-02  1.8151639e-01  6.8439630e-05
 5.8125053e-02  1.7198961e-01  6.8721368e-05
 5.7530117e-02  3.2161951e-01  4.6779680e-05
 5.7564338e-02  3.1024759e-01  4.7768636e-05
 5.6442188e-02  1.0094852e+00  7.2501840e-05
 5.6477433e-02  9.7278917e-01  7.6967566e-05
 5.5093601e-02  4.1492664e+00  4.6880062e-05
 5.5114075e-02  4.0614879e+00  4.8727001e-05
 5.4106802e-02  1.1556195e+01  6.0180547e-05
 5.4115016e-02  1.1458906e+01  6.0588615e-05
 5.3472206e-02  2.2069536e+01  3.2184590e-05
 5.3475085e-02  2.2005599e+01  3.2133223e-05
 5.3224589e-02  2.8278926e+01  3.0939357e-05
 5.3227491e-02  2.8197418e+01  3.1071160e-05
 5.3471779e-02  2.2079022e+01  3.2197006e-05
 5.3474667e-02  2.2014870e+01  3.2143212e-05
 5.4189006e-02  1.0617858e+01  5.8921297e-05
 5.4197766e-02  1.0522368e+01  5.8863810e-05
 5.5319000e-02  3.2783884e+00  7.8295048e-05
 5.5338076e-02  3.2136169e+00  8.0205946e-05
 5.8511851e-02  1.1448075e-01  3.7930887e-05
 5.8556528e-02  1.0922289e-01  3.7517956e-05
 5.6785551e-02  7.0370613e-01  7.4472569e-05
 5.6817165e-02  6.8070400e-01  7.2118248e-05
 5.6787810e-02  7.0203647e-01  7.4236862e-05
 5.6819002e-02  6.7939101e-01  7.2054826e-05
 5.8509009e-02  1.1482366e-01  3.8064621e-05
 5.8554168e-02  1.0949441e-01  3.7468694e-05
 5.5320599e-02  3.2729106e+00  7.8379911e-05
 5.5339392e-02  3.2091963e+00  8.0337322e-05
 5.4189973e-02  1.0607272e+01  5.8880360e-05
 5.4198604e-02  1.0513280e+01  5.8852722e-05
 5.3882048e-02  1.4554161e+01  3.2994407e-05
 5.3882067e-02  1.4553871e+01  3.2993917e-05
 5.3471775e-02  2.2079112e+01  3.2200365e-05
 5.3474667e-02  2.2014883e+01  3.2140731e-05
 5.3551341e-02  2.0375427e+01  2.7230188e-05
 5.3551387e-02  2.0374472e+01  2.7228759e-05
 5.4105492e-02  1.1571787e+01  6.0164907e-05
 5.4113834e-02  1.1472853e+01  6.0560635e-05
 5.5091705e-02  4.1574878e+00  4.6790744e-05
 5.5112480e-02  4.0682588e+00  4.8587591e-05
 5.6439653e-02  1.0121778e+00  7.2283698e-05
 5.6475368e-02  9.7490255e-01  7.6704131e-05
 5.7531896e-02  3.2101842e-01  4.6741778e-05
 5.7565874e-02  3.0974683e-01  4.7859596e-05
 5.8070691e-02  1.8211457e-01  6.8490204e-05
 5.8122484e-02  1.7245514e-01  6.8654549e-05
 5.5981678e-02  1.6371692e+00  5.3942596e-05
 5.6001503e-02  1.6034627e+00  5.2950555e-05
 5.4739186e-02  6.0038849e+00  6.2621377e-05
 5.4747207e-02  5.9539808e+00  6.2389444e-05
 5.4738657e-02  6.0071928e+00  6.2646313e-05
 5.4746735e-02  5.9569062e+00  6.2366095e-05
 5.4189002e-02  1.0617896e+01  5.8898350e-05
 5.4197761e-02  1.0522421e+01  5.8824280e-05
 5.4105488e-02  1.1571835e+01  6.0151714e-05
 5.4113834e-02  1.1472855e+01  6.0526800e-05
 5.4494439e-02  7.7419565e+00  5.6186439e-05
 5.4502630e-02  7.6764749e+00  5.6910080e-05
 5.8793753e-02  8.5092363e-02  4.6329372e-05
 5.8824540e-02  8.2379478e-02  4.7069657e-05
 5.5319001e-02  3.2783874e+00  7.8282289e-05
 5.5338072e-02  3.2136310e+00  8.0210140e-05
 5.8511849e-02  1.1448092e-01  3.8010306e-05
 5.8556523e-02  1.0922341e-01  3.7480004e-05
 5.6521176e-02  9.2909245e-01  8.4026562e-05
 5.6557535e-02  8.9426651e-01  8.6816776e-05
 5.8623218e-02  1.0182012e-01  3.6943417e-05
 5.8675095e-02  9.6410283e-02  3.8677472e-05
 5.8625113e-02  1.0161727e-01  3.7109169e-05
 5.8676637e-02  9.6254008e-02  3.8705243e-05
 5.8028910e-02  1.9029920e-01  6.8954143e-05
 5.8085283e-02  1.7933973e-01  6.8850740e-05
 5.7025176e-02  5.4699170e-01  6.2008212e-05
 5.7058062e-02  5.2839985e-01  6.2113473e-05
 5.9127823e-02  5.9868359e-02  5.1297814e-05
 5.9175740e-02  5.6924011e-02  5.0952870e-05
 5.5705913e-02  2.1862459e+00  6.4250159e-05
 5.5722870e-02  2.1477287e+00  6.4333552e-05
 5.5980536e-02  1.6391326e+00  5.4014030e-05
 5.6000499e-02  1.6051528e+00  5.2940223e-05
 5.8073814e-02  1.8151699e-01  6.8404362e-05
 5.8125055e-02  1.7198932e-01  6.8644785e-05
 5.5318998e-02  3.2783979e+00  7.8252170e-05
 5.5338069e-02  3.2136434e+00  8.0131005e-05
 5.8511852e-02  1.1448057e-01  3.7919267e-05
 5.8556532e-02  1.0922234e-01  3.7489820e-05
 5.5091700e-02  4.1575106e+00  4.6770257e-05
 5.5112478e-02  4.0682689e+00  4.8543933e-05
 5.5318996e-02  3.2784044e+00  7.8271476e-05
 5.5338073e-02  3.2136278e+00  8.0161385e-05
 5.8511856e-02  1.1448012e-01  3.8006839e-05
 5.8556526e-02  1.0922304e-01  3.7493059e-05
 5.5980535e-02  1.6391350e+00  5.4048711e-05
 5.6000506e-02  1.6051416e+00  5.2961710e-05
 5.8073818e-02  1.8151632e-01  6.8496692e-05
 5.8125047e-02  1.7199075e-01  6.8627900e-05
 5.7024589e-02  5.4732958e-01  6.2109813e-05
 5.7057515e-02  5.2870416e-01  6.2098215e-05
 5.9128287e-02  5.9839125e-02  5.1236099e-05
 5.9176268e-02  5.6892368e-02  5.1027722e-05
 5.8032116e-02  1.8965850e-01  6.8947149e-05
 5.8087959e-02  1.7883549e-01  6.8790303e-05
 5.8388322e-02  1.3037310e-01  4.8675267e-05
 5.8442641e-02  1.2312981e-01  4.4867317e-05
 5.8388320e-02  1.3037340e-01  4.8600376e-05
 5.8442635e-02  1.2313066e-01  4.4879034e-05
 5.8391493e-02  1.2993891e-01  4.8421781e-05
 5.8445386e-02  1.2277461e-01  4.4713186e-05
 5.8391492e-02  1.2993900e-01  4.8481865e-05
 5.8445380e-02  1.2277541e-01  4.4680997e-05
 5.7024587e-02  5.4733036e-01  6.2039514e-05
 5.7057509e-02  5.2870746e-01  6.2094534e-05
 5.8032114e-02  1.8965884e-01  6.8868878e-05
 5.8087966e-02  1.7883406e-01  6.8825701e-05
 5.9128284e-02  5.9839310e-02  5.1284631e-05
 5.9176264e-02  5.6892615e-02  5.0954318e-05
 5.7530120e-02  3.2161874e-01  4.6747228e-05
 5.7564324e-02  3.1025229e-01  4.7720374e-05
 5.6442188e-02  1.0094860e+00  7.2474797e-05
 5.6477436e-02  9.7278622e-01  7.6902791e-05
 5.6785549e-02  7.0370743e-01  7.4423090e-05
 5.6817156e-02  6.8071084e-01  7.2038158e-05
 5.6787813e-02  7.0203442e-01  7.4207780e-05
 5.6819008e-02  6.7938695e-01  7.2002083e-05
 5.6439648e-02  1.0121835e+00  7.2244729e-05
 5.6475363e-02  9.7490718e-01  7.6616654e-05
 5.7531902e-02  3.2101641e-01  4.6723804e-05
 5.7565882e-02  3.0974423e-01  4.7834882e-05
 5.6521169e-02  9.2909927e-01  8.4000821e-05
 5.6557534e-02  8.9426701e-01  8.6730390e-05
 5.8623223e-02  1.0181955e-01  3.6935192e-05
 5.8675107e-02  9.6409110e-02  3.8671683e-05
 5.8625123e-02  1.0161618e-01  3.7108814e-05
 5.8676644e-02  9.6253287e-02  3.8724505e-05
 5.7024583e-02  5.4733302e-01  6.2108451e-05
 5.7057517e-02  5.2870316e-01  6.2055766e-05
 5.9128289e-02  5.9839040e-02  5.1235045e-05
 5.9176275e-02  5.6891971e-02  5.1060626e-05
 5.8032121e-02  1.8965746e-01  6.8957298e-05
 5.8087962e-02  1.7883486e-01  6.8803890e-05
 5.7911955e-02  2.1521895e-01  6.5193537e-05
 5.7945708e-02  2.0770993e-01  6.4574825e-05
 5.7914839e-02  2.1456688e-01  6.5028015e-05
 5.7948317e-02  2.0714035e-01  6.4572338e-05
 5.7829634e-02  2.3469056e-01  7.3491020e-05
 5.7888083e-02  2.2069305e-01  7.3831474e-05
 5.9125153e-02  6.0036829e-02  5.1332251e-05
 5.9173472e-02  5.7060024e-02  5.1045892e-05
 5.7027320e-02  5.4576009e-01  6.2022475e-05
 5.7059945e-02  5.2735486e-01  6.2097748e-05
 5.8032344e-02  1.8961288e-01  6.8928716e-05
 5.8088264e-02  1.7877802e-01  6.8761056e-05
 5.8622029e-02  1.0194757e-01  3.6966079e-05
 5.8673991e-02  9.6522344e-02  3.8615519e-05
 5.6523832e-02  9.2650317e-01  8.4142977e-05
 5.6559785e-02  8.9215429e-01  8.6912453e-05
 5.8625782e-02  1.0154571e-01  3.7091593e-05
 5.8677426e-02  9.6174061e-02  3.8703939e-05
 5.5093602e-02  4.1492628e+00  4.6867119e-05
 5.5114078e-02  4.0614750e+00  4.8696796e-05
 5.8509008e-02  1.1482375e-01  3.8043623e-05
 5.8554158e-02  1.0949558e-01  3.7427255e-05
 5.5320603e-02  3.2728977e+00  7.8360568e-05
 5.5339398e-02  3.2091783e+00  8.0294519e-05
 5.8070686e-02  1.8211543e-01  6.8444324e-05
 5.8122478e-02  1.7245636e-01  6.8558627e-05
 5.5981684e-02  1.6371597e+00  5.3928825e-05
 5.6001512e-02  1.6034488e+00  5.2930404e-05
 5.8028903e-02  1.9030067e-01  6.8923444e-05
 5.8085280e-02  1.7934032e-01  6.8756084e-05
 5.7025180e-02  5.4698942e-01  6.2006728e-05
 5.7058075e-02  5.2839304e-01  6.2115039e-05
 5.9127835e-02  5.9867639e-02  5.1319468e-05
 5.9175749e-02  5.6923464e-02  5.0984258e-05
 5.8388314e-02  1.3037432e-01  4.8671988e-05
 5.8442642e-02  1.2312972e-01  4.4819100e-05
 5.8388321e-02  1.3037332e-01  4.8607204e-05
 5.8442650e-02  1.2312868e-01  4.4889260e-05
 5.8391497e-02  1.2993835e-01  4.8425216e-05
 5.8445393e-02  1.2277375e-01  4.4752346e-05
 5.8391500e-02  1.2993785e-01  4.8493715e-05
 5.8445386e-02  1.2277472e-01  4.4688618e-05
 5.9125146e-02  6.0037298e-02  5.1334434e-05
 5.9173475e-02  5.7059850e-02  5.1007011e-05
 5.7027321e-02  5.4575926e-01  6.2024553e-05
 5.7059947e-02  5.2735359e-01  6.2131702e-05
 5.8032348e-02  1.8961206e-01  6.8937078e-05
 5.8088266e-02  1.7877766e-01  6.8763220e-05
 5.5982882e-02  1.6351020e+00  5.3894196e-05
 5.6002665e-02  1.6015095e+00  5.2891545e-05
 5.8074225e-02  1.8143861e-01  6.8467719e-05
 5.8125599e-02  1.7189091e-01  6.8563922e-05
 5.5321102e-02  3.2711891e+00  7.8402751e-05
 5.5339946e-02  3.2073389e+00  8.0333295e-05
 5.8512612e-02  1.1438909e-01  3.7982859e-05
 5.8557456e-02  1.0911621e-01  3.7438707e-05
 5.4106804e-02  1.1556179e+01  6.0173312e-05
 5.4115018e-02  1.1458884e+01  6.0567282e-05
 5.4189977e-02  1.0607226e+01  5.8874910e-05
 5.4198607e-02  1.0513241e+01  5.8834795e-05
 5.4739191e-02  6.0038563e+00  6.2621554e-05
 5.4747215e-02  5.9539341e+00  6.2383208e-05
 5.5705915e-02  2.1862419e+00  6.4262973e-05
 5.5722883e-02  2.1476997e+00  6.4351240e-05
 5.7024586e-02  5.4733081e-01  6.2061600e-05
 5.7057524e-02  5.2869886e-01  6.2124186e-05
 5.8032119e-02  1.8965783e-01  6.8894775e-05
 5.8087969e-02  1.7883349e-01  6.8904143e-05
 5.9128294e-02  5.9838674e-02  5.1304161e-05
 5.9176269e-02  5.6892353e-02  5.0957866e-05
 5.8622026e-02  1.0194792e-01  3.6984810e-05
 5.8674007e-02  9.6520723e-02  3.8640617e-05
 5.6523834e-02  9.2650098e-01  8.4162911e-05
 5.6559785e-02  8.9215388e-01  8.6979982e-05
 5.8625789e-02  1.0154500e-01  3.7105153e-05
 5.8677427e-02  9.6173940e-02  3.8700015e-05
 5.5321103e-02  3.2711872e+00  7.8410355e-05
 5.5339945e-02  3.2073416e+00  8.0368922e-05
 5.8512615e-02  1.1438871e-01  3.7991189e-05
 5.8557455e-02  1.0911633e-01  3.7434152e-05
 5.4496082e-02  7.7287797e+00  5.6270969e-05
 5.4504166e-02  7.6642567e+00  5.7035679e-05
 5.8794696e-02  8.5007915e-02  4.6345492e-05
 5.8825704e-02  8.2278575e-02  4.7035210e-05
 5.4722008e-02  6.1121505e+00  6.4534793e-05
 5.4722012e-02  6.1121273e+00  6.4568862e-05
 5.8003800e-02  1.9539408e-01  5.8760900e-05
 5.8003807e-02  1.9539262e-01  5.8872299e-05
 5.4496086e-02  7.7287478e+00  5.6296482e-05
 5.4504164e-02  7.6642706e+00  5.7005590e-05
 5.8794694e-02  8.5008126e-02  4.6274372e-05
 5.8825714e-02  8.2277713e-02  4.7111654e-05
 5.4739792e-02  6.0001021e+00  6.2629060e-05
 5.4747763e-02  5.9505374e+00  6.2332048e-05
 5.5433263e-02  2.9089424e+00  7.4261879e-05
 5.5433345e-02  2.9086912e+00  7.4288019e-05
 5.6510528e-02  9.3954555e-01  7.0845397e-05
 5.6525176e-02  9.2519572e-01  7.2344002e-05
 5.8682850e-02  9.5626613e-02  4.4273001e-05
 5.8704328e-02  9.3489416e-02  4.5341290e-05
 5.7911955e-02  2.1521879e-01  6.5166237e-05
 5.7945719e-02  2.0770734e-01  6.4617064e-05
 5.7829635e-02  2.3469036e-01  7.3429633e-05
 5.7888093e-02  2.2069066e-01  7.3940107e-05
 5.7914846e-02  2.1456520e-01  6.5106533e-05
 5.7948314e-02  2.0714101e-01  6.4480342e-05
 5.6442554e-02  1.0090971e+00  7.2513382e-05
 5.6477876e-02  9.7233746e-01  7.6984436e-05
 5.7533450e-02  3.2049388e-01  4.6835638e-05
 5.7567410e-02  3.0924650e-01  4.7822958e-05
 5.5384298e-02  3.0619022e+00  8.0940308e-05
 5.5399435e-02  3.0137800e+00  8.1666313e-05
 5.7563677e-02  3.1046341e-01  5.0672311e-05
 5.7586116e-02  3.0322063e-01  5.1169102e-05
 5.4496081e-02  7.7287879e+00  5.6291289e-05
 5.4504164e-02  7.6642676e+00  5.7012290e-05
 5.8794692e-02  8.5008259e-02  4.6289388e-05
 5.8825711e-02  8.2278033e-02  4.7088907e-05
 5.4106805e-02  1.1556169e+01  6.0200681e-05
 5.4115015e-02  1.1458915e+01  6.0553171e-05
 5.4189979e-02  1.0607205e+01  5.8907486e-05
 5.4198605e-02  1.0513272e+01  5.8830537e-05
 5.4739194e-02  6.0038381e+00  6.2665176e-05
 5.4747212e-02  5.9539519e+00  6.2368836e-05
 5.5705917e-02  2.1862371e+00  6.4315180e-05
 5.5722882e-02  2.1477022e+00  6.4330562e-05
 5.7024588e-02  5.4732976e-01  6.2113426e-05
 5.7057524e-02  5.2869882e-01  6.2100824e-05
 5.8032118e-02  1.8965810e-01  6.8881297e-05
 5.8087967e-02  1.7883381e-01  6.8905030e-05
 5.9128294e-02  5.9838695e-02  5.1262186e-05
 5.9176270e-02  5.6892250e-02  5.0994294e-05
 5.8622027e-02  1.0194775e-01  3.7023324e-05
 5.8674008e-02  9.6520622e-02  3.8624574e-05
 5.6523832e-02  9.2650263e-01  8.4157076e-05
 5.6559784e-02  8.9215512e-01  8.6969456e-05
 5.8625787e-02  1.0154521e-01  3.7066688e-05
 5.8677431e-02  9.6173546e-02  3.8719191e-05
 5.5321101e-02  3.2711937e+00  7.8416846e-05
 5.5339944e-02  3.2073447e+00  8.0349532e-05
 5.8512612e-02  1.1438910e-01  3.7953000e-05
 5.8557461e-02  1.0911569e-01  3.7458671e-05
 5.4739782e-02  6.0001632e+00  6.2617347e-05
 5.4747763e-02  5.9505428e+00  6.2334020e-05
 5.4189974e-02  1.0607265e+01  5.8899515e-05
 5.4198604e-02  1.0513280e+01  5.8823616e-05
 5.4106319e-02  1.1561948e+01  6.0188255e-05
 5.4114487e-02  1.1465149e+01  6.0553802e-05
 5.4495032e-02  7.7371984e+00  5.6235734e-05
 5.4503128e-02  7.6725125e+00  5.6961004e-05
 5.8791914e-02  8.5257221e-02  4.6280709e-05
 5.8823168e-02  8.2498486e-02  4.7035722e-05
 5.5319299e-02  3.2773639e+00  7.8309440e-05
 5.5338368e-02  3.2126369e+00  8.0238026e-05
 5.8509937e-02  1.1471153e-01  3.8021591e-05
 5.8555032e-02  1.0939496e-01  3.7444584e-05
 5.6521176e-02  9.2909201e-01  8.4028416e-05
 5.6557540e-02  8.9426161e-01  8.6819284e-05
 5.8625116e-02  1.0161693e-01  3.7022144e-05
 5.8676643e-02  9.6253323e-02  3.8766807e-05
 5.8623213e-02  1.0182063e-01  3.7030521e-05
 5.8675096e-02  9.6410206e-02  3.8616259e-05
 5.8028597e-02  1.9036196e-01  6.8969229e-05
 5.8084981e-02  1.7939658e-01  6.8862113e-05
 5.7026828e-02  5.4604200e-01  6.2038376e-05
 5.7059406e-02  5.2765376e-01  6.2145933e-05
 5.9125975e-02  5.9984943e-02  5.1306251e-05
 5.9174195e-02  5.7016680e-02  5.0970653e-05
 5.5707287e-02  2.1830982e+00  6.4257087e-05
 5.5724042e-02  2.1450902e+00  6.4347768e-05
 5.5433261e-02  2.9089468e+00  7.4252490e-05
 5.5433331e-02  2.9087356e+00  7.4250828e-05
 5.4739186e-02  6.0038866e+00  6.2641969e-05
 5.4747208e-02  5.9539794e+00  6.2332920e-05
 5.4495027e-02  7.7372426e+00  5.6228020e-05
 5.4503127e-02  7.6725206e+00  5.6936417e-05
 5.8791920e-02  8.5256639e-02  4.6261712e-05
 5.8823171e-02  8.2498242e-02  4.7077017e-05
 5.4720444e-02  6.1221013e+00  6.4585952e-05
 5.4720570e-02  6.1213000e+00  6.4589394e-05
 5.8001585e-02  1.9585007e-01  5.8852348e-05
 5.8001825e-02  1.9580051e-01  5.8871856e-05
 5.5382152e-02  3.0687833e+00  8.0919984e-05
 5.5397498e-02  3.0198961e+00  8.1629241e-05
 5.7561920e-02  3.1103784e-01  5.0628710e-05
 5.7584336e-02  3.0378912e-01  5.1122017e-05
 5.6439654e-02  1.0121766e+00  7.2268234e-05
 5.6475368e-02  9.7490204e-01  7.6715805e-05
 5.7531893e-02  3.2101928e-01  4.6810177e-05
 5.7565873e-02  3.0974702e-01  4.7766203e-05
 5.7825920e-02  2.3560962e-01  7.3463647e-05
 5.7884915e-02  2.2142974e-01  7.3907215e-05
 5.7913569e-02  2.1485362e-01  6.5050235e-05
 5.7947085e-02  2.0740919e-01  6.4620753e-05
 5.7913566e-02  2.1485429e-01  6.5147552e-05
 5.7947083e-02  2.0740953e-01  6.4492270e-05
 5.6511303e-02  9.3878026e-01  7.0842208e-05
 5.6525798e-02  9.2459060e-01  7.2418175e-05
 5.8682044e-02  9.5707768e-02  4.4255894e-05
 5.8703626e-02  9.3558521e-02  4.5273948e-05
 5.6510527e-02  9.3954654e-01  7.0823706e-05
 5.6525158e-02  9.2521336e-01  7.2288776e-05
 5.8682835e-02  9.5628193e-02  4.4247525e-05
 5.8704327e-02  9.3489552e-02  4.5348404e-05
 5.5705911e-02  2.1862490e+00  6.4289785e-05
 5.5722870e-02  2.1477276e+00  6.4273099e-05
 5.5319293e-02  3.2773868e+00  7.8284151e-05
 5.5338363e-02  3.2126550e+00  8.0168967e-05
 5.8509947e-02  1.1471038e-01  3.8007376e-05
 5.8555040e-02  1.0939403e-01  3.7482927e-05
 5.5382147e-02  3.0688018e+00  8.0913228e-05
 5.5397497e-02  3.0198979e+00  8.1573386e-05
 5.7561927e-02  3.1103540e-01  5.0616370e-05
 5.7584338e-02  3.0378850e-01  5.1158214e-05
 5.5885307e-02  1.8113547e+00  6.1477831e-05
 5.5900341e-02  1.7830136e+00  6.1029485e-05
 5.6972796e-02  5.7796226e-01  6.0278138e-05
 5.6995518e-02  5.6431830e-01  6.0505017e-05
 5.6785553e-02  7.0370468e-01  7.4449783e-05
 5.6817161e-02  6.8070723e-01  7.2143238e-05
 5.6787810e-02  7.0203664e-01  7.4299715e-05
 5.6819000e-02  6.7939264e-01  7.1963218e-05
 5.8028598e-02  1.9036171e-01  6.8957289e-05
 5.8084976e-02  1.7939759e-01  6.8880390e-05
 5.9125980e-02  5.9984619e-02  5.1250159e-05
 5.9174194e-02  5.7016733e-02  5.1086202e-05
 5.7026827e-02  5.4604267e-01  6.2104915e-05
 5.7059402e-02  5.2765586e-01  6.2054013e-05
 5.7672039e-02  2.7701458e-01  6.3237626e-05
 5.7698521e-02  2.6940346e-01  6.5012337e-05
 5.7673708e-02  2.7652861e-01  6.3399873e-05
 5.7699922e-02  2.6900644e-01  6.5016049e-05
 5.7911956e-02  2.1521875e-01  6.5138159e-05
 5.7945700e-02  2.0771165e-01  6.4556499e-05
 5.7829631e-02  2.3469143e-01  7.3414631e-05
 5.7888091e-02  2.2069103e-01  7.3875458e-05
 5.7914835e-02  2.1456771e-01  6.5082889e-05
 5.7948314e-02  2.0714101e-01  6.4498059e-05
 5.7024585e-02  5.4733185e-01  6.2084786e-05
 5.7057509e-02  5.2870709e-01  6.2033143e-05
 5.8032117e-02  1.8965820e-01  6.8860874e-05
 5.8087969e-02  1.7883345e-01  6.8840337e-05
 5.9128286e-02  5.9839220e-02  5.1248332e-05
 5.9176271e-02  5.6892188e-02  5.1021144e-05
 5.6521170e-02  9.2909838e-01  8.3990492e-05
 5.6557531e-02  8.9427034e-01  8.6721712e-05
 5.8625121e-02  1.0161643e-01  3.7022064e-05
 5.8676648e-02  9.6252850e-02  3.8742687e-05
 5.8623223e-02  1.0181952e-01  3.7021225e-05
 5.8675109e-02  9.6408909e-02  3.8660590e-05
 5.6439647e-02  1.0121845e+00  7.2250995e-05
 5.6475364e-02  9.7490620e-01  7.6639987e-05
 5.7531903e-02  3.2101581e-01  4.6811224e-05
 5.7565880e-02  3.0974478e-01  4.7808579e-05
 5.6785547e-02  7.0370906e-01  7.4449304e-05
 5.6817161e-02  6.8070731e-01  7.2092030e-05
 5.6787816e-02  7.0203213e-01  7.4310435e-05
 5.6819002e-02  6.7939068e-01  7.1988090e-05
 5.7530118e-02  3.2161915e-01  4.6781529e-05
 5.7564330e-02  3.1025020e-01  4.7752015e-05
 5.6442190e-02  1.0094836e+00  7.2543003e-05
 5.6477430e-02  9.7279270e-01  7.6879602e-05
 5.8622030e-02  1.0194752e-01  3.7022991e-05
 5.8673998e-02  9.6521657e-02  3.8633240e-05
 5.8625783e-02  1.0154566e-01  3.7028991e-05
 5.8677432e-02  9.6173477e-02  3.8753226e-05
 5.6523832e-02  9.2650270e-01  8.4209749e-05
 5.6559779e-02  8.9215990e-01  8.6864509e-05
 5.9125152e-02  6.0036911e-02  5.1272883e-05
 5.9173465e-02  5.7060446e-02  5.1056631e-05
 5.8032342e-02  1.8961329e-01  6.8849151e-05
 5.8088272e-02  1.7877651e-01  6.8830491e-05
 5.7027318e-02  5.4576116e-01  6.2082952e-05
 5.7059940e-02  5.2735737e-01  6.2039196e-05
 5.6442554e-02  1.0090980e+00  7.2505239e-05
 5.6477876e-02  9.7233732e-01  7.6935680e-05
 5.7533444e-02  3.2049610e-01  4.6820390e-05
 5.7567412e-02  3.0924586e-01  4.7839470e-05
 5.8622025e-02  1.0194799e-01  3.7010221e-05
 5.8673992e-02  9.6522256e-02  3.8579225e-05
 5.6523835e-02  9.2650018e-01  8.4144098e-05
 5.6559787e-02  8.9215266e-01  8.6913654e-05
 5.8625783e-02  1.0154557e-01  3.7047285e-05
 5.8677434e-02  9.6173260e-02  3.8739855e-05
 5.8028592e-02  1.9036304e-01  6.8929432e-05
 5.8084969e-02  1.7939888e-01  6.8764846e-05
 5.7026835e-02  5.4603814e-01  6.2034660e-05
 5.7059411e-02  5.2765087e-01  6.2113263e-05
 5.9125984e-02  5.9984352e-02  5.1325491e-05
 5.9174210e-02  5.7015723e-02  5.1041177e-05
 5.7825912e-02  2.3561148e-01  7.3436195e-05
 5.7884908e-02  2.2143153e-01  7.3814153e-05
 5.7913577e-02  2.1485193e-01  6.5052561e-05
 5.7947094e-02  2.0740707e-01  6.4606132e-05
 5.7913578e-02  2.1485172e-01  6.5164363e-05
 5.7947093e-02  2.0740727e-01  6.4552181e-05
 5.8028590e-02  1.9036338e-01  6.8944916e-05
 5.8084973e-02  1.7939811e-01  6.8796281e-05
 5.9125983e-02  5.9984413e-02  5.1252721e-05
 5.9174210e-02  5.7015765e-02  5.1091073e-05
 5.7026837e-02  5.4603691e-01  6.2119711e-05
 5.7059408e-02  5.2765292e-01  6.2078373e-05
 5.8622023e-02  1.0194821e-01  3.7032098e-05
 5.8673999e-02  9.6521588e-02  3.8608525e-05
 5.8625785e-02  1.0154537e-01  3.7020768e-05
 5.8677437e-02  9.6172969e-02  3.8771273e-05
 5.6523838e-02  9.2649754e-01  8.4221958e-05
 5.6559781e-02  8.9215799e-01  8.6875004e-05
 5.7533445e-02  3.2049561e-01  4.6768502e-05
 5.7567416e-02  3.0924471e-01  4.7898665e-05
 5.6442556e-02  1.0090955e+00  7.2566993e-05
 5.6477869e-02  9.7234389e-01  7.6889154e-05
 5.6788622e-02  7.0143747e-01  7.4170769e-05
 5.6819933e-02  6.7872619e-01  7.1958580e-05
 5.6788623e-02  7.0143681e-01  7.4245852e-05
 5.6819928e-02  6.7873020e-01  7.1889741e-05
 5.5384299e-02  3.0618984e+00  8.0937212e-05
 5.5399435e-02  3.0137790e+00  8.1632287e-05
 5.7563674e-02  3.1046450e-01  5.0657169e-05
 5.7586120e-02  3.0321960e-01  5.1186156e-05
 5.5321105e-02  3.2711780e+00  7.8412604e-05
 5.5339946e-02  3.2073385e+00  8.0314686e-05
 5.8512612e-02  1.1438906e-01  3.7936118e-05
 5.8557465e-02  1.0911521e-01  3.7477882e-05
 5.5707296e-02  2.1830785e+00  6.4262137e-05
 5.5724046e-02  2.1450812e+00  6.4327542e-05
 5.6511311e-02  9.3877276e-01  7.0860046e-05
 5.6525808e-02  9.2458087e-01  7.2418552e-05
 5.8682055e-02  9.5706647e-02  4.4256632e-05
 5.8703638e-02  9.3557380e-02  4.5304676e-05
 5.7672041e-02  2.7701395e-01  6.3250845e-05
 5.7698538e-02  2.6939840e-01  6.5034491e-05
 5.7673721e-02  2.7652480e-01  6.3420968e-05
 5.7699927e-02  2.6900501e-01  6.5032668e-05
 5.9125150e-02  6.0037005e-02  5.1292114e-05
 5.9173486e-02  5.7059193e-02  5.1090852e-05
 5.8032347e-02  1.8961230e-01  6.8859602e-05
 5.8088277e-02  1.7877563e-01  6.8894135e-05
 5.7027327e-02  5.4575577e-01  6.2097065e-05
 5.7059942e-02  5.2735631e-01  6.2039886e-05
 5.6788624e-02  7.0143640e-01  7.4171018e-05
 5.6819935e-02  6.7872519e-01  7.1993407e-05
 5.6788628e-02  7.0143337e-01  7.4251167e-05
 5.6819927e-02  6.7873038e-01  7.1882273e-05
 5.5887831e-02  1.8065660e+00  6.1355999e-05
 5.5902674e-02  1.7786546e+00  6.0981363e-05
 5.6973934e-02  5.7727155e-01  6.0255754e-05
 5.6996844e-02  5.6353159e-01  6.0425945e-05
 5.6234128e-02  1.2560501e+00  4.0068744e-05
 5.6234133e-02  1.2560423e+00  4.0117327e-05
 5.6234128e-02  1.2560501e+00  4.0068744e-05
 5.6234133e-02  1.2560423e+00  4.0117326e-05
 5.5887835e-02  1.8065571e+00  6.1409281e-05
 5.5902669e-02  1.7786629e+00  6.0926926e-05
 5.6973930e-02  5.7727348e-01  6.0187324e-05
 5.6996852e-02  5.6352729e-01  6.0514187e-05
 5.5982889e-02  1.6350910e+00  5.3933746e-05
 5.6002662e-02  1.6015139e+00  5.2842085e-05
 5.8074225e-02  1.8143856e-01  6.8398233e-05
 5.8125611e-02  1.7188877e-01  6.8695017e-05
 5.6512037e-02  9.3805679e-01  7.0992771e-05
 5.6526446e-02  9.2396214e-01  7.2402796e-05
 5.8681083e-02  9.5804601e-02  4.4173912e-05
 5.8702915e-02  9.3628529e-02  4.5300097e-05
 5.7437804e-02  3.5441709e-01  4.8868383e-05
 5.7437955e-02  3.5436080e-01  4.8887980e-05
 5.7437804e-02  3.5441709e-01  4.8868383e-05
 5.7437955e-02  3.5436080e-01  4.8887980e-05
 5.8681083e-02  9.5804601e-02  4.4173913e-05
 5.8702915e-02  9.3628529e-02  4.5300097e-05
 5.6512037e-02  9.3805679e-01  7.0992771e-05
 5.6526446e-02  9.2396214e-01  7.2402796e-05
 5.8074225e-02  1.8143856e-01  6.8398233e-05
 5.8125611e-02  1.7188877e-01  6.8695017e-05
 5.5982889e-02  1.6350910e+00  5.3933746e-05
 5.6002662e-02  1.6015139e+00  5.2842085e-05
 5.6973930e-02  5.7727348e-01  6.0187324e-05
 5.6996852e-02  5.6352729e-01  6.0514187e-05
 5.5887835e-02  1.8065571e+00  6.1409281e-05
 5.5902669e-02  1.7786629e+00  6.0926926e-05
 5.5887831e-02  1.8065658e+00  6.1397331e-05
 5.5902671e-02  1.7786597e+00  6.0937663e-05
 5.6973931e-02  5.7727337e-01  6.0195164e-05
 5.6996850e-02  5.6352835e-01  6.0483722e-05
 5.5384301e-02  3.0618926e+00  8.0988854e-05
 5.5399431e-02  3.0137918e+00  8.1588061e-05
 5.7563673e-02  3.1046481e-01  5.0599619e-05
 5.7586123e-02  3.0321846e-01  5.1245489e-05
 5.5321107e-02  3.2711714e+00  7.8458866e-05
 5.5339942e-02  3.2073505e+00  8.0289918e-05
 5.8512613e-02  1.1438896e-01  3.7912638e-05
 5.8557466e-02  1.0911502e-01  3.7501608e-05
 5.5707298e-02  2.1830740e+00  6.4314828e-05
 5.5724044e-02  2.1450876e+00  6.4301673e-05
 5.6511312e-02  9.3877109e-01  7.0952993e-05
 5.6525807e-02  9.2458248e-01  7.2359140e-05
 5.8682055e-02  9.5706652e-02  4.4177881e-05
 5.8703638e-02  9.3557378e-02  4.5358923e-05
 5.7672042e-02  2.7701357e-01  6.3315462e-05
 5.7698538e-02  2.6939850e-01  6.4993620e-05
 5.7673720e-02  2.7652502e-01  6.3355334e-05
 5.7699929e-02  2.6900458e-01  6.5078383e-05
 5.9125152e-02  6.0036898e-02  5.1334189e-05
 5.9173486e-02  5.7059190e-02  5.1059704e-05
 5.8032346e-02  1.8961249e-01  6.8865697e-05
 5.8088275e-02  1.7877595e-01  6.8878157e-05
 5.7027325e-02  5.4575676e-01  6.2045857e-05
 5.7059946e-02  5.2735449e-01  6.2070016e-05
 5.6788623e-02  7.0143730e-01  7.4192233e-05
 5.6819933e-02  6.7872631e-01  7.1962545e-05
 5.6788626e-02  7.0143522e-01  7.4194864e-05
 5.6819932e-02  6.7872707e-01  7.1921826e-05
 5.5982880e-02  1.6351065e+00  5.3923531e-05
 5.6002662e-02  1.6015136e+00  5.2851674e-05
 5.8074221e-02  1.8143932e-01  6.8391404e-05
 5.8125607e-02  1.7188943e-01  6.8634873e-05
 5.5321102e-02  3.2711904e+00  7.8452698e-05
 5.5339942e-02  3.2073521e+00  8.0290801e-05
 5.8512610e-02  1.1438934e-01  3.7921998e-05
 5.8557463e-02  1.0911545e-01  3.7485956e-05
 5.5093603e-02  4.1492567e+00  4.6899981e-05
 5.5114074e-02  4.0614943e+00  4.8684420e-05
 5.5320605e-02  3.2728890e+00  7.8430941e-05
 5.5339393e-02  3.2091924e+00  8.0282833e-05
 5.8509006e-02  1.1482395e-01  3.8068360e-05
 5.8554162e-02  1.0949511e-01  3.7476798e-05
 5.5981686e-02  1.6371555e+00  5.3993288e-05
 5.6001509e-02  1.6034528e+00  5.2912811e-05
 5.8070685e-02  1.8211571e-01  6.8459388e-05
 5.8122479e-02  1.7245608e-01  6.8612066e-05
 5.7025181e-02  5.4698847e-01  6.2091107e-05
 5.7058075e-02  5.2839297e-01  6.2088645e-05
 5.9127834e-02  5.9867657e-02  5.1245398e-05
 5.9175751e-02  5.6923362e-02  5.1040253e-05
 5.8028903e-02  1.9030065e-01  6.8923579e-05
 5.8085277e-02  1.7934075e-01  6.8775895e-05
 5.8388322e-02  1.3037311e-01  4.8678380e-05
 5.8442652e-02  1.2312844e-01  4.4870639e-05
 5.8391495e-02  1.2993864e-01  4.8420500e-05
 5.8445390e-02  1.2277416e-01  4.4743814e-05
 5.8391498e-02  1.2993815e-01  4.8422894e-05
 5.8445391e-02  1.2277408e-01  4.4714499e-05
 5.8388315e-02  1.3037407e-01  4.8661902e-05
 5.8442636e-02  1.2313051e-01  4.4814603e-05
 5.7027318e-02  5.4576100e-01  6.2037743e-05
 5.7059945e-02  5.2735488e-01  6.2100294e-05
 5.8032345e-02  1.8961277e-01  6.8858713e-05
 5.8088273e-02  1.7877628e-01  6.8817746e-05
 5.9125148e-02  6.0037147e-02  5.1309260e-05
 5.9173467e-02  5.7060350e-02  5.0989824e-05
 5.6512023e-02  9.3807082e-01  7.0960193e-05
 5.6526444e-02  9.2396338e-01  7.2406282e-05
 5.8681082e-02  9.5804700e-02  4.4169931e-05
 5.8702894e-02  9.3630647e-02  4.5265529e-05
 5.5707287e-02  2.1830980e+00  6.4297052e-05
 5.5724041e-02  2.1450936e+00  6.4287334e-05
 5.5320600e-02  3.2729087e+00  7.8416412e-05
 5.5339392e-02  3.2091988e+00  8.0262965e-05
 5.8509012e-02  1.1482323e-01  3.8057431e-05
 5.8554164e-02  1.0949492e-01  3.7502123e-05
 5.5383356e-02  3.0649192e+00  8.0974082e-05
 5.5398370e-02  3.0171426e+00  8.1617383e-05
 5.7560628e-02  3.1146080e-01  5.0601323e-05
 5.7583312e-02  3.0411639e-01  5.1131873e-05
 5.5886265e-02  1.8095352e+00  6.1451891e-05
 5.5901101e-02  1.7815925e+00  6.1012627e-05
 5.6971226e-02  5.7891695e-01  6.0267788e-05
 5.6994403e-02  5.6498026e-01  6.0469312e-05
 5.6786178e-02  7.0324228e-01  7.4399563e-05
 5.6817757e-02  6.8028062e-01  7.2102820e-05
 5.6786169e-02  7.0324869e-01  7.4387780e-05
 5.6817751e-02  6.8028527e-01  7.2026963e-05
 5.8028912e-02  1.9029895e-01  6.8946688e-05
 5.8085289e-02  1.7933856e-01  6.8873920e-05
 5.9127826e-02  5.9868166e-02  5.1241661e-05
 5.9175748e-02  5.6923561e-02  5.1068601e-05
 5.7025173e-02  5.4699344e-01  6.2074715e-05
 5.7058063e-02  5.2839942e-01  6.2021689e-05
 5.7673708e-02  2.7652842e-01  6.3335537e-05
 5.7699926e-02  2.6900542e-01  6.5099853e-05
 5.7672036e-02  2.7701537e-01  6.3301227e-05
 5.7698522e-02  2.6940318e-01  6.4929100e-05
 5.7437802e-02  3.5441774e-01  4.8866480e-05
 5.7437936e-02  3.5436779e-01  4.8857755e-05
 5.7437802e-02  3.5441774e-01  4.8866480e-05
 5.7437936e-02  3.5436779e-01  4.8857755e-05
 5.6511302e-02  9.3878143e-01  7.0934248e-05
 5.6525798e-02  9.2459095e-01  7.2308491e-05
 5.8682047e-02  9.5707535e-02  4.4162444e-05
 5.8703627e-02  9.3558399e-02  4.5363157e-05
 5.5981677e-02  1.6371712e+00  5.3981362e-05
 5.6001503e-02  1.6034625e+00  5.2877422e-05
 5.8070693e-02  1.8211411e-01  6.8469931e-05
 5.8122486e-02  1.7245493e-01  6.8701827e-05
 5.5886258e-02  1.8095479e+00  6.1455378e-05
 5.5901099e-02  1.7815952e+00  6.0981359e-05
 5.6971233e-02  5.7891291e-01  6.0258547e-05
 5.6994404e-02  5.6497944e-01  6.0519806e-05
 5.6232031e-02  1.2588182e+00  4.0094884e-05
 5.6232237e-02  1.2585463e+00  4.0096970e-05
 5.6232031e-02  1.2588182e+00  4.0094884e-05
 5.6232237e-02  1.2585463e+00  4.0096970e-05
 5.6971233e-02  5.7891291e-01  6.0258547e-05
 5.6994404e-02  5.6497944e-01  6.0519806e-05
 5.5886258e-02  1.8095479e+00  6.1455378e-05
 5.5901099e-02  1.7815952e+00  6.0981359e-05
 5.8070693e-02  1.8211411e-01  6.8469931e-05
 5.8122486e-02  1.7245493e-01  6.8701827e-05
 5.5981677e-02  1.6371712e+00  5.3981362e-05
 5.6001503e-02  1.6034625e+00  5.2877422e-05
 5.8682047e-02  9.5707535e-02  4.4162444e-05
 5.8703627e-02  9.3558399e-02  4.5363157e-05
 5.6511302e-02  9.3878143e-01  7.0934248e-05
 5.6525798e-02  9.2459095e-01  7.2308491e-05
 5.8681082e-02  9.5804700e-02  4.4169931e-05
 5.8702894e-02  9.3630647e-02  4.5265529e-05
 5.6512023e-02  9.3807082e-01  7.0960193e-05
 5.6526444e-02  9.2396338e-01  7.2406281e-05
 5.7672036e-02  2.7701537e-01  6.3301227e-05
 5.7698522e-02  2.6940318e-01  6.4929100e-05
 5.7673708e-02  2.7652842e-01  6.3335537e-05
 5.7699926e-02  2.6900542e-01  6.5099853e-05
 5.7025173e-02  5.4699344e-01  6.2074715e-05
 5.7058063e-02  5.2839942e-01  6.2021689e-05
 5.9127826e-02  5.9868165e-02  5.1241661e-05
 5.9175748e-02  5.6923561e-02  5.1068601e-05
 5.8028912e-02  1.9029895e-01  6.8946688e-05
 5.8085289e-02  1.7933856e-01  6.8873920e-05
 5.6786169e-02  7.0324869e-01  7.4387780e-05
 5.6817751e-02  6.8028527e-01  7.2026963e-05
 5.6786178e-02  7.0324228e-01  7.4399563e-05
 5.6817757e-02  6.8028062e-01  7.2102820e-05
 5.6971226e-02  5.7891695e-01  6.0267788e-05
 5.6994403e-02  5.6498026e-01  6.0469312e-05
 5.5886265e-02  1.8095352e+00  6.1451891e-05
 5.5901101e-02  1.7815925e+00  6.1012627e-05
 5.7560628e-02  3.1146080e-01  5.0601323e-05
 5.7583312e-02  3.0411639e-01  5.1131873e-05
 5.5383356e-02  3.0649192e+00  8.0974082e-05
 5.5398370e-02  3.0171426e+00  8.1617383e-05
 5.8509012e-02  1.1482323e-01  3.8057431e-05
 5.8554164e-02  1.0949492e-01  3.7502123e-05
 5.5320600e-02  3.2729087e+00  7.8416412e-05
 5.5339392e-02  3.2091988e+00  8.0262965e-05
 5.5707287e-02  2.1830980e+00  6.4297052e-05
 5.5724041e-02  2.1450936e+00  6.4287334e-05
 5.8074221e-02  1.8143932e-01  6.8391404e-05
 5.8125607e-02  1.7188943e-01  6.8634873e-05
 5.5982880e-02  1.6351065e+00  5.3923531e-05
 5.6002662e-02  1.6015136e+00  5.2851674e-05
 5.9125148e-02  6.0037147e-02  5.1309260e-05
 5.9173467e-02  5.7060350e-02  5.0989824e-05
 5.8032345e-02  1.8961277e-01  6.8858713e-05
 5.8088273e-02  1.7877628e-01  6.8817746e-05
 5.7027318e-02  5.4576100e-01  6.2037743e-05
 5.7059945e-02  5.2735488e-01  6.2100294e-05
 5.8388315e-02  1.3037407e-01  4.8661902e-05
 5.8442636e-02  1.2313051e-01  4.4814603e-05
 5.8391498e-02  1.2993815e-01  4.8422894e-05
 5.8445391e-02  1.2277408e-01  4.4714499e-05
 5.8391495e-02  1.2993864e-01  4.8420500e-05
 5.8445390e-02  1.2277416e-01  4.4743814e-05
 5.8388322e-02  1.3037311e-01  4.8678380e-05
 5.8442652e-02  1.2312844e-01  4.4870639e-05
 5.8028903e-02  1.9030065e-01  6.8923579e-05
 5.8085277e-02  1.7934075e-01  6.8775895e-05
 5.9127834e-02  5.9867657e-02  5.1245398e-05
 5.9175751e-02  5.6923362e-02  5.1040253e-05
 5.7025181e-02  5.4698847e-01  6.2091107e-05
 5.7058075e-02  5.2839297e-01  6.2088645e-05
 5.8070685e-02  1.8211571e-01  6.8459388e-05
 5.8122479e-02  1.7245608e-01  6.8612066e-05
 5.5981686e-02  1.6371555e+00  5.3993288e-05
 5.6001509e-02  1.6034528e+00  5.2912811e-05
 5.8509006e-02  1.1482395e-01  3.8068360e-05
 5.8554162e-02  1.0949511e-01  3.7476798e-05
 5.5320605e-02  3.2728890e+00  7.8430941e-05
 5.5339393e-02  3.2091924e+00  8.0282833e-05
 5.5093603e-02  4.1492567e+00  4.6899981e-05
 5.5114074e-02  4.0614943e+00  4.8684420e-05
 5.8512610e-02  1.1438934e-01  3.7921998e-05
 5.8557463e-02  1.0911545e-01  3.7485957e-05
 5.5321102e-02  3.2711904e+00  7.8452698e-05
 5.5339942e-02  3.2073521e+00  8.0290801e-05
 5.6973931e-02  5.7727337e-01  6.0195164e-05
 5.6996850e-02  5.6352835e-01  6.0483722e-05
 5.5887831e-02  1.8065658e+00  6.1397331e-05
 5.5902671e-02  1.7786597e+00  6.0937663e-05
 5.6788626e-02  7.0143522e-01  7.4194864e-05
 5.6819932e-02  6.7872707e-01  7.1921826e-05
 5.6788623e-02  7.0143730e-01  7.4192233e-05
 5.6819933e-02  6.7872631e-01  7.1962545e-05
 5.7027325e-02  5.4575676e-01  6.2045857e-05
 5.7059946e-02  5.2735449e-01  6.2070016e-05
 5.8032346e-02  1.8961249e-01  6.8865697e-05
 5.8088275e-02  1.7877595e-01  6.8878157e-05
 5.9125152e-02  6.0036898e-02  5.1334189e-05
 5.9173486e-02  5.7059190e-02  5.1059704e-05
 5.7673720e-02  2.7652502e-01  6.3355334e-05
 5.7699929e-02  2.6900458e-01  6.5078383e-05
 5.7672042e-02  2.7701357e-01  6.3315462e-05
 5.7698538e-02  2.6939850e-01  6.4993620e-05
 5.8682055e-02  9.5706652e-02  4.4177881e-05
 5.8703638e-02  9.3557378e-02  4.5358923e-05
 5.6511312e-02  9.3877109e-01  7.0952993e-05
 5.6525807e-02  9.2458248e-01  7.2359140e-05
 5.5707298e-02  2.1830740e+00  6.4314828e-05
 5.5724044e-02  2.1450876e+00  6.4301673e-05
 5.8512613e-02  1.1438896e-01  3.7912638e-05
 5.8557466e-02  1.0911502e-01  3.7501608e-05
 5.5321107e-02  3.2711714e+00  7.8458866e-05
 5.5339942e-02  3.2073505e+00  8.0289918e-05
 5.7563673e-02  3.1046481e-01  5.0599619e-05
 5.7586123e-02  3.0321846e-01  5.1245489e-05
 5.5384301e-02  3.0618926e+00  8.0988854e-05
 5.5399431e-02  3.0137918e+00  8.1588061e-05
 5.8003800e-02  1.9539408e-01  5.8760900e-05
 5.8003807e-02  1.9539262e-01  5.8872300e-05
 5.4722008e-02  6.1121505e+00  6.4534793e-05
 5.4722012e-02  6.1121273e+00  6.4568862e-05
 5.7563677e-02  3.1046341e-01  5.0672311e-05
 5.7586116e-02  3.0322063e-01  5.1169102e-05
 5.5384298e-02  3.0619022e+00  8.0940308e-05
 5.5399435e-02  3.0137800e+00  8.1666313e-05
 5.7533450e-02  3.2049388e-01  4.6835638e-05
 5.7567410e-02  3.0924650e-01  4.7822958e-05
 5.6442554e-02  1.0090971e+00  7.2513382e-05
 5.6477876e-02  9.7233746e-01  7.6984436e-05
 5.7914846e-02  2.1456520e-01  6.5106533e-05
 5.7948314e-02  2.0714101e-01  6.4480342e-05
 5.7829635e-02  2.3469036e-01  7.3429633e-05
 5.7888093e-02  2.2069066e-01  7.3940107e-05
 5.7911955e-02  2.1521879e-01  6.5166237e-05
 5.7945719e-02  2.0770734e-01  6.4617064e-05
 5.8682850e-02  9.5626613e-02  4.4273001e-05
 5.8704328e-02  9.3489416e-02  4.5341290e-05
 5.6510528e-02  9.3954555e-01  7.0845397e-05
 5.6525176e-02  9.2519572e-01  7.2344002e-05
 5.5433263e-02  2.9089424e+00  7.4261879e-05
 5.5433345e-02  2.9086912e+00  7.4288019e-05
 5.4739792e-02  6.0001021e+00  6.2629060e-05
 5.4747763e-02  5.9505374e+00  6.2332048e-05
 5.8794694e-02  8.5008126e-02  4.6274373e-05
 5.8825714e-02  8.2277713e-02  4.7111654e-05
 5.4496086e-02  7.7287478e+00  5.6296482e-05
 5.4504164e-02  7.6642706e+00  5.7005590e-05
 5.7563674e-02  3.1046450e-01  5.0657169e-05
 5.7586120e-02  3.0321960e-01  5.1186156e-05
 5.5384299e-02  3.0618984e+00  8.0937212e-05
 5.5399435e-02  3.0137790e+00  8.1632287e-05
 5.6973934e-02  5.7727155e-01  6.0255754e-05
 5.6996844e-02  5.6353159e-01  6.0425945e-05
 5.5887831e-02  1.8065660e+00  6.1355999e-05
 5.5902674e-02  1.7786546e+00  6.0981363e-05
 5.6788628e-02  7.0143337e-01  7.4251167e-05
 5.6819927e-02  6.7873038e-01  7.1882273e-05
 5.6788624e-02  7.0143640e-01  7.4171018e-05
 5.6819935e-02  6.7872519e-01  7.1993407e-05
 5.7027327e-02  5.4575577e-01  6.2097065e-05
 5.7059942e-02  5.2735631e-01  6.2039886e-05
 5.8032347e-02  1.8961230e-01  6.8859602e-05
 5.8088277e-02  1.7877563e-01  6.8894134e-05
 5.9125150e-02  6.0037005e-02  5.1292114e-05
 5.9173486e-02  5.7059193e-02  5.1090852e-05
 5.7673721e-02  2.7652480e-01  6.3420968e-05
 5.7699927e-02  2.6900501e-01  6.5032668e-05
 5.7672041e-02  2.7701395e-01  6.3250845e-05
 5.7698538e-02  2.6939840e-01  6.5034491e-05
 5.8682055e-02  9.5706647e-02  4.4256632e-05
 5.8703638e-02  9.3557380e-02  4.5304676e-05
 5.6511311e-02  9.3877276e-01  7.0860046e-05
 5.6525808e-02  9.2458087e-01  7.2418552e-05
 5.5707296e-02  2.1830785e+00  6.4262137e-05
 5.5724046e-02  2.1450812e+00  6.4327542e-05
 5.8512612e-02  1.1438906e-01  3.7936118e-05
 5.8557465e-02  1.0911521e-01  3.7477882e-05
 5.5321105e-02  3.2711780e+00  7.8412604e-05
 5.5339946e-02  3.2073385e+00  8.0314686e-05
 5.7533444e-02  3.2049610e-01  4.6820390e-05
 5.7567412e-02  3.0924586e-01  4.7839470e-05
 5.6442554e-02  1.0090980e+00  7.2505239e-05
 5.6477876e-02  9.7233732e-01  7.6935680e-05
 5.6788623e-02  7.0143681e-01  7.4245852e-05
 5.6819928e-02  6.7873020e-01  7.1889741e-05
 5.6788622e-02  7.0143747e-01  7.4170769e-05
 5.6819933e-02  6.7872619e-01  7.1958580e-05
 5.6442556e-02  1.0090955e+00  7.2566993e-05
 5.6477869e-02  9.7234389e-01  7.6889154e-05
 5.7533445e-02  3.2049561e-01  4.6768502e-05
 5.7567416e-02  3.0924471e-01  4.7898665e-05
 5.6523838e-02  9.2649754e-01  8.4221959e-05
 5.6559781e-02  8.9215799e-01  8.6875004e-05
 5.8625785e-02  1.0154537e-01  3.7020768e-05
 5.8677437e-02  9.6172969e-02  3.8771273e-05
 5.8622023e-02  1.0194821e-01  3.7032098e-05
 5.8673999e-02  9.6521588e-02  3.8608525e-05
 5.7026837e-02  5.4603691e-01  6.2119711e-05
 5.7059408e-02  5.2765292e-01  6.2078373e-05
 5.9125983e-02  5.9984413e-02  5.1252721e-05
 5.9174210e-02  5.7015765e-02  5.1091073e-05
 5.8028590e-02  1.9036338e-01  6.8944916e-05
 5.8084973e-02  1.7939811e-01  6.8796281e-05
 5.7913578e-02  2.1485172e-01  6.5164363e-05
 5.7947093e-02  2.0740727e-01  6.4552181e-05
 5.7913577e-02  2.1485193e-01  6.5052561e-05
 5.7947094e-02  2.0740707e-01  6.4606132e-05
 5.7825912e-02  2.3561148e-01  7.3436195e-05
 5.7884908e-02  2.2143153e-01  7.3814153e-05
 5.9125984e-02  5.9984352e-02  5.1325491e-05
 5.9174210e-02  5.7015723e-02  5.1041177e-05
 5.7026835e-02  5.4603814e-01  6.2034660e-05
 5.7059411e-02  5.2765087e-01  6.2113263e-05
 5.8028592e-02  1.9036304e-01  6.8929432e-05
 5.8084969e-02  1.7939888e-01  6.8764846e-05
 5.8625783e-02  1.0154557e-01  3.7047285e-05
 5.8677434e-02  9.6173260e-02  3.8739855e-05
 5.6523835e-02  9.2650018e-01  8.4144098e-05
 5.6559787e-02  8.9215266e-01  8.6913654e-05
 5.8622025e-02  1.0194799e-01  3.7010221e-05
 5.8673992e-02  9.6522256e-02  3.8579225e-05
 5.7914835e-02  2.1456771e-01  6.5082889e-05
 5.7948314e-02  2.0714101e-01  6.4498059e-05
 5.7829631e-02  2.3469143e-01  7.3414631e-05
 5.7888091e-02  2.2069103e-01  7.3875458e-05
 5.7911956e-02  2.1521875e-01  6.5138159e-05
 5.7945700e-02  2.0771165e-01  6.4556499e-05
 5.7027318e-02  5.4576116e-01  6.2082952e-05
 5.7059940e-02  5.2735737e-01  6.2039196e-05
 5.8032342e-02  1.8961329e-01  6.8849151e-05
 5.8088272e-02  1.7877651e-01  6.8830490e-05
 5.9125152e-02  6.0036911e-02  5.1272883e-05
 5.9173465e-02  5.7060446e-02  5.1056631e-05
 5.6523832e-02  9.2650270e-01  8.4209749e-05
 5.6559779e-02  8.9215990e-01  8.6864509e-05
 5.8625783e-02  1.0154566e-01  3.7028991e-05
 5.8677432e-02  9.6173477e-02  3.8753226e-05
 5.8622030e-02  1.0194752e-01  3.7022991e-05
 5.8673998e-02  9.6521657e-02  3.8633240e-05
 5.6442190e-02  1.0094836e+00  7.2543003e-05
 5.6477430e-02  9.7279270e-01  7.6879602e-05
 5.7530118e-02  3.2161915e-01  4.6781529e-05
 5.7564330e-02  3.1025020e-01  4.7752015e-05
 5.6787816e-02  7.0203213e-01  7.4310435e-05
 5.6819002e-02  6.7939068e-01  7.1988090e-05
 5.6785547e-02  7.0370906e-01  7.4449304e-05
 5.6817161e-02  6.8070731e-01  7.2092030e-05
 5.7531903e-02  3.2101581e-01  4.6811224e-05
 5.7565880e-02  3.0974478e-01  4.7808579e-05
 5.6439647e-02  1.0121845e+00  7.2250995e-05
 5.6475364e-02  9.7490620e-01  7.6639987e-05
 5.8623223e-02  1.0181952e-01  3.7021225e-05
 5.8675109e-02  9.6408909e-02  3.8660590e-05
 5.8625121e-02  1.0161643e-01  3.7022064e-05
 5.8676648e-02  9.6252850e-02  3.8742687e-05
 5.6521170e-02  9.2909838e-01  8.3990492e-05
 5.6557531e-02  8.9427034e-01  8.6721712e-05
 5.9128286e-02  5.9839220e-02  5.1248332e-05
 5.9176271e-02  5.6892188e-02  5.1021144e-05
 5.8032117e-02  1.8965820e-01  6.8860874e-05
 5.8087969e-02  1.7883345e-01  6.8840337e-05
 5.7024585e-02  5.4733185e-01  6.2084786e-05
 5.7057509e-02  5.2870709e-01  6.2033143e-05
 5.8682835e-02  9.5628193e-02  4.4247525e-05
 5.8704327e-02  9.3489552e-02  4.5348404e-05
 5.6510527e-02  9.3954654e-01  7.0823706e-05
 5.6525158e-02  9.2521336e-01  7.2288776e-05
 5.7673708e-02  2.7652861e-01  6.3399873e-05
 5.7699922e-02  2.6900644e-01  6.5016049e-05
 5.7672039e-02  2.7701458e-01  6.3237626e-05
 5.7698521e-02  2.6940346e-01  6.5012337e-05
 5.7026827e-02  5.4604267e-01  6.2104915e-05
 5.7059402e-02  5.2765586e-01  6.2054013e-05
 5.9125980e-02  5.9984619e-02  5.1250159e-05
 5.9174194e-02  5.7016733e-02  5.1086202e-05
 5.8028598e-02  1.9036171e-01  6.8957289e-05
 5.8084976e-02  1.7939759e-01  6.8880390e-05
 5.6787810e-02  7.0203664e-01  7.4299715e-05
 5.6819000e-02  6.7939264e-01  7.1963218e-05
 5.6785553e-02  7.0370468e-01  7.4449783e-05
 5.6817161e-02  6.8070723e-01  7.2143238e-05
 5.6972796e-02  5.7796226e-01  6.0278138e-05
 5.6995518e-02  5.6431830e-01  6.0505017e-05
 5.5885307e-02  1.8113547e+00  6.1477831e-05
 5.5900341e-02  1.7830136e+00  6.1029485e-05
 5.7561927e-02  3.1103540e-01  5.0616370e-05
 5.7584338e-02  3.0378850e-01  5.1158214e-05
 5.5382147e-02  3.0688018e+00  8.0913228e-05
 5.5397497e-02  3.0198979e+00  8.1573386e-05
 5.8509947e-02  1.1471038e-01  3.8007376e-05
 5.8555040e-02  1.0939403e-01  3.7482927e-05
 5.5319293e-02  3.2773868e+00  7.8284151e-05
 5.5338363e-02  3.2126550e+00  8.0168967e-05
 5.5705911e-02  2.1862490e+00  6.4289785e-05
 5.5722870e-02  2.1477276e+00  6.4273099e-05
 5.5433261e-02  2.9089468e+00  7.4252490e-05
 5.5433331e-02  2.9087356e+00  7.4250828e-05
 5.8682044e-02  9.5707768e-02  4.4255894e-05
 5.8703626e-02  9.3558521e-02  4.5273949e-05
 5.6511303e-02  9.3878026e-01  7.0842208e-05
 5.6525798e-02  9.2459060e-01  7.2418175e-05
 5.7913566e-02  2.1485429e-01  6.5147552e-05
 5.7947083e-02  2.0740953e-01  6.4492270e-05
 5.7913569e-02  2.1485362e-01  6.5050235e-05
 5.7947085e-02  2.0740919e-01  6.4620753e-05
 5.7825920e-02  2.3560962e-01  7.3463647e-05
 5.7884915e-02  2.2142974e-01  7.3907215e-05
 5.7531893e-02  3.2101928e-01  4.6810177e-05
 5.7565873e-02  3.0974702e-01  4.7766203e-05
 5.6439654e-02  1.0121766e+00  7.2268234e-05
 5.6475368e-02  9.7490204e-01  7.6715805e-05
 5.7561920e-02  3.1103784e-01  5.0628710e-05
 5.7584336e-02  3.0378912e-01  5.1122017e-05
 5.5382152e-02  3.0687833e+00  8.0919984e-05
 5.5397498e-02  3.0198961e+00  8.1629241e-05
 5.8001585e-02  1.9585007e-01  5.8852348e-05
 5.8001825e-02  1.9580051e-01  5.8871856e-05
 5.4720444e-02  6.1221013e+00  6.4585952e-05
 5.4720570e-02  6.1213000e+00  6.4589394e-05
 5.8791920e-02  8.5256639e-02  4.6261712e-05
 5.8823171e-02  8.2498242e-02  4.7077017e-05
 5.4495027e-02  7.7372426e+00  5.6228020e-05
 5.4503127e-02  7.6725206e+00  5.6936417e-05
 5.4739186e-02  6.0038866e+00  6.2641969e-05
 5.4747208e-02  5.9539794e+00  6.2332920e-05
 5.4739782e-02  6.0001632e+00  6.2617347e-05
 5.4747763e-02  5.9505428e+00  6.2334020e-05
 5.5707287e-02  2.1830982e+00  6.4257087e-05
 5.5724042e-02  2.1450902e+00  6.4347768e-05
 5.9125975e-02  5.9984943e-02  5.1306251e-05
 5.9174195e-02  5.7016680e-02  5.0970653e-05
 5.7026828e-02  5.4604200e-01  6.2038376e-05
 5.7059406e-02  5.2765376e-01  6.2145932e-05
 5.8028597e-02  1.9036196e-01  6.8969229e-05
 5.8084981e-02  1.7939658e-01  6.8862113e-05
 5.8623213e-02  1.0182063e-01  3.7030521e-05
 5.8675096e-02  9.6410206e-02  3.8616259e-05
 5.8625116e-02  1.0161693e-01  3.7022144e-05
 5.8676643e-02  9.6253323e-02  3.8766807e-05
 5.6521176e-02  9.2909201e-01  8.4028416e-05
 5.6557540e-02  8.9426161e-01  8.6819284e-05
 5.8509937e-02  1.1471153e-01  3.8021591e-05
 5.8555032e-02  1.0939495e-01  3.7444584e-05
 5.5319299e-02  3.2773639e+00  7.8309440e-05
 5.5338368e-02  3.2126369e+00  8.0238026e-05
 5.8791914e-02  8.5257221e-02  4.6280709e-05
 5.8823168e-02  8.2498486e-02  4.7035722e-05
 5.4495032e-02  7.7371984e+00  5.6235734e-05
 5.4503128e-02  7.6725125e+00  5.6961004e-05
 5.4106319e-02  1.1561948e+01  6.0188255e-05
 5.4114487e-02  1.1465149e+01  6.0553802e-05
 5.4189974e-02  1.0607265e+01  5.8899515e-05
 5.4198604e-02  1.0513280e+01  5.8823616e-05
 5.8794692e-02  8.5008259e-02  4.6289388e-05
 5.8825711e-02  8.2278033e-02  4.7088907e-05
 5.4496081e-02  7.7287879e+00  5.6291289e-05
 5.4504164e-02  7.6642676e+00  5.7012290e-05
 5.8512612e-02  1.1438910e-01  3.7953000e-05
 5.8557461e-02  1.0911569e-01  3.7458671e-05
 5.5321101e-02  3.2711937e+00  7.8416846e-05
 5.5339944e-02  3.2073447e+00  8.0349532e-05
 5.8625787e-02  1.0154521e-01  3.7066688e-05
 5.8677431e-02  9.6173546e-02  3.8719191e-05
 5.6523832e-02  9.2650263e-01  8.4157076e-05
 5.6559784e-02  8.9215512e-01  8.6969456e-05
 5.8622027e-02  1.0194775e-01  3.7023324e-05
 5.8674008e-02  9.6520622e-02  3.8624574e-05
 5.9128294e-02  5.9838695e-02  5.1262186e-05
 5.9176270e-02  5.6892250e-02  5.0994294e-05
 5.8032118e-02  1.8965810e-01  6.8881297e-05
 5.8087967e-02  1.7883381e-01  6.8905030e-05
 5.7024588e-02  5.4732976e-01  6.2113426e-05
 5.7057524e-02  5.2869882e-01  6.2100824e-05
 5.5705917e-02  2.1862371e+00  6.4315180e-05
 5.5722882e-02  2.1477022e+00  6.4330562e-05
 5.4739194e-02  6.0038381e+00  6.2665176e-05
 5.4747212e-02  5.9539519e+00  6.2368836e-05
 5.4189979e-02  1.0607205e+01  5.8907486e-05
 5.4198605e-02  1.0513272e+01  5.8830537e-05
 5.4106805e-02  1.1556169e+01  6.0200681e-05
 5.4115015e-02  1.1458915e+01  6.0553171e-05
 5.3552182e-02  2.0358101e+01  2.7192846e-05
 5.3552184e-02  2.0358070e+01  2.7203831e-05
 5.4106802e-02  1.1556195e+01  6.0180547e-05
 5.4115016e-02  1.1458906e+01  6.0588615e-05
 5.5093601e-02  4.1492664e+00  4.6880062e-05
 5.5114075e-02  4.0614879e+00  4.8727001e-05
 5.6442188e-02  1.0094852e+00  7.2501840e-05
 5.6477433e-02  9.7278917e-01  7.6967566e-05
 5.7530117e-02  3.2161951e-01  4.6779680e-05
 5.7564338e-02  3.1024759e-01  4.7768636e-05
 5.8073817e-02  1.8151639e-01  6.8439630e-05
 5.8125053e-02  1.7198961e-01  6.8721368e-05
 5.5980535e-02  1.6391344e+00  5.4047700e-05
 5.6000514e-02  1.6051291e+00  5.2986402e-05
 5.4738657e-02  6.0071925e+00  6.2676721e-05
 5.4746747e-02  5.9568323e+00  6.2409556e-05
 5.3882048e-02  1.4554154e+01  3.2997674e-05
 5.3882076e-02  1.4553745e+01  3.3005319e-05
 5.3472210e-02  2.2069439e+01  3.2190762e-05
 5.3475085e-02  2.2005596e+01  3.2134127e-05
 5.4106804e-02  1.1556179e+01  6.0173312e-05
 5.4115018e-02  1.1458884e+01  6.0567282e-05
 5.8794696e-02  8.5007915e-02  4.6345492e-05
 5.8825704e-02  8.2278575e-02  4.7035210e-05
 5.4496082e-02  7.7287797e+00  5.6270969e-05
 5.4504166e-02  7.6642567e+00  5.7035679e-05
 5.8512615e-02  1.1438871e-01  3.7991189e-05
 5.8557455e-02  1.0911633e-01  3.7434152e-05
 5.5321103e-02  3.2711872e+00  7.8410355e-05
 5.5339945e-02  3.2073416e+00  8.0368922e-05
 5.8625789e-02  1.0154500e-01  3.7105153e-05
 5.8677427e-02  9.6173940e-02  3.8700015e-05
 5.6523834e-02  9.2650098e-01  8.4162911e-05
 5.6559785e-02  8.9215388e-01  8.6979982e-05
 5.8622026e-02  1.0194792e-01  3.6984810e-05
 5.8674007e-02  9.6520723e-02  3.8640617e-05
 5.9128294e-02  5.9838674e-02  5.1304161e-05
 5.9176269e-02  5.6892353e-02  5.0957866e-05
 5.8032119e-02  1.8965783e-01  6.8894775e-05
 5.8087969e-02  1.7883349e-01  6.8904143e-05
 5.7024586e-02  5.4733081e-01  6.2061600e-05
 5.7057524e-02  5.2869886e-01  6.2124186e-05
 5.5705915e-02  2.1862419e+00  6.4262973e-05
 5.5722883e-02  2.1476997e+00  6.4351240e-05
 5.4739191e-02  6.0038563e+00  6.2621554e-05
 5.4747215e-02  5.9539341e+00  6.2383208e-05
 5.4189977e-02  1.0607226e+01  5.8874910e-05
 5.4198607e-02  1.0513241e+01  5.8834795e-05
 5.5093602e-02  4.1492628e+00  4.6867119e-05
 5.5114078e-02  4.0614750e+00  4.8696796e-05
 5.8512612e-02  1.1438909e-01  3.7982859e-05
 5.8557456e-02  1.0911621e-01  3.7438707e-05
 5.5321102e-02  3.2711891e+00  7.8402750e-05
 5.5339946e-02  3.2073389e+00  8.0333295e-05
 5.8074225e-02  1.8143861e-01  6.8467719e-05
 5.8125599e-02  1.7189091e-01  6.8563922e-05
 5.5982882e-02  1.6351020e+00  5.3894196e-05
 5.6002665e-02  1.6015095e+00  5.2891545e-05
 5.8032348e-02  1.8961206e-01  6.8937078e-05
 5.8088266e-02  1.7877766e-01  6.8763220e-05
 5.7027321e-02  5.4575926e-01  6.2024553e-05
 5.7059947e-02  5.2735359e-01  6.2131702e-05
 5.9125146e-02  6.0037298e-02  5.1334434e-05
 5.9173475e-02  5.7059850e-02  5.1007011e-05
 5.8391500e-02  1.2993785e-01  4.8493715e-05
 5.8445386e-02  1.2277472e-01  4.4688618e-05
 5.8391497e-02  1.2993835e-01  4.8425216e-05
 5.8445393e-02  1.2277375e-01  4.4752346e-05
 5.8388321e-02  1.3037332e-01  4.8607204e-05
 5.8442650e-02  1.2312868e-01  4.4889260e-05
 5.8388314e-02  1.3037432e-01  4.8671988e-05
 5.8442642e-02  1.2312972e-01  4.4819100e-05
 5.9127835e-02  5.9867639e-02  5.1319468e-05
 5.9175749e-02  5.6923464e-02  5.0984258e-05
 5.7025180e-02  5.4698942e-01  6.2006728e-05
 5.7058075e-02  5.2839304e-01  6.2115039e-05
 5.8028903e-02  1.9030067e-01  6.8923444e-05
 5.8085280e-02  1.7934032e-01  6.8756084e-05
 5.5981684e-02  1.6371597e+00  5.3928825e-05
 5.6001512e-02  1.6034488e+00  5.2930404e-05
 5.8070686e-02  1.8211543e-01  6.8444324e-05
 5.8122478e-02  1.7245636e-01  6.8558627e-05
 5.5320603e-02  3.2728977e+00  7.8360568e-05
 5.5339398e-02  3.2091783e+00  8.0294519e-05
 5.8509008e-02  1.1482375e-01  3.8043623e-05
 5.8554158e-02  1.0949558e-01  3.7427255e-05
 5.6442188e-02  1.0094860e+00  7.2474797e-05
 5.6477436e-02  9.7278622e-01  7.6902791e-05
 5.7530120e-02  3.2161874e-01  4.6747228e-05
 5.7564324e-02  3.1025229e-01  4.7720374e-05
 5.8625782e-02  1.0154571e-01  3.7091593e-05
 5.8677426e-02  9.6174061e-02  3.8703939e-05
 5.6523832e-02  9.2650317e-01  8.4142977e-05
 5.6559785e-02  8.9215429e-01  8.6912453e-05
 5.8622029e-02  1.0194757e-01  3.6966079e-05
 5.8673991e-02  9.6522344e-02  3.8615519e-05
 5.8032344e-02  1.8961288e-01  6.8928716e-05
 5.8088264e-02  1.7877802e-01  6.8761056e-05
 5.7027320e-02  5.4576009e-01  6.2022475e-05
 5.7059945e-02  5.2735486e-01  6.2097748e-05
 5.9125153e-02  6.0036829e-02  5.1332251e-05
 5.9173472e-02  5.7060024e-02  5.1045892e-05
 5.7829634e-02  2.3469056e-01  7.3491020e-05
 5.7888083e-02  2.2069305e-01  7.3831474e-05
 5.7914839e-02  2.1456688e-01  6.5028015e-05
 5.7948317e-02  2.0714035e-01  6.4572338e-05
 5.7911955e-02  2.1521895e-01  6.5193537e-05
 5.7945708e-02  2.0770993e-01  6.4574825e-05
 5.8032121e-02  1.8965746e-01  6.8957298e-05
 5.8087962e-02  1.7883486e-01  6.8803890e-05
 5.9128289e-02  5.9839040e-02  5.1235045e-05
 5.9176275e-02  5.6891971e-02  5.1060626e-05
 5.7024583e-02  5.4733302e-01  6.2108452e-05
 5.7057517e-02  5.2870316e-01  6.2055766e-05
 5.8625123e-02  1.0161618e-01  3.7108814e-05
 5.8676644e-02  9.6253287e-02  3.8724505e-05
 5.8623223e-02  1.0181955e-01  3.6935192e-05
 5.8675107e-02  9.6409110e-02  3.8671683e-05
 5.6521169e-02  9.2909927e-01  8.4000821e-05
 5.6557534e-02  8.9426701e-01  8.6730390e-05
 5.7531902e-02  3.2101641e-01  4.6723804e-05
 5.7565882e-02  3.0974423e-01  4.7834881e-05
 5.6439648e-02  1.0121835e+00  7.2244729e-05
 5.6475363e-02  9.7490718e-01  7.6616654e-05
 5.6787813e-02  7.0203442e-01  7.4207780e-05
 5.6819008e-02  6.7938695e-01  7.2002083e-05
 5.6785549e-02  7.0370743e-01  7.4423090e-05
 5.6817156e-02  6.8071084e-01  7.2038158e-05
 5.8073814e-02  1.8151699e-01  6.8404362e-05
 5.8125055e-02  1.7198932e-01  6.8644785e-05
 5.5980536e-02  1.6391326e+00  5.4014030e-05
 5.6000499e-02  1.6051528e+00  5.2940223e-05
 5.9128284e-02  5.9839310e-02  5.1284631e-05
 5.9176264e-02  5.6892615e-02  5.0954318e-05
 5.8032114e-02  1.8965884e-01  6.8868878e-05
 5.8087966e-02  1.7883406e-01  6.8825701e-05
 5.7024587e-02  5.4733036e-01  6.2039514e-05
 5.7057509e-02  5.2870746e-01  6.2094534e-05
 5.8391492e-02  1.2993900e-01  4.8481865e-05
 5.8445380e-02  1.2277541e-01  4.4680997e-05
 5.8391493e-02  1.2993891e-01  4.8421780e-05
 5.8445386e-02  1.2277461e-01  4.4713186e-05
 5.8388320e-02  1.3037340e-01  4.8600376e-05
 5.8442635e-02  1.2313066e-01  4.4879034e-05
 5.8388322e-02  1.3037310e-01  4.8675267e-05
 5.8442641e-02  1.2312981e-01  4.4867317e-05
 5.8032116e-02  1.8965850e-01  6.8947149e-05
 5.8087959e-02  1.7883549e-01  6.8790303e-05
 5.9128287e-02  5.9839125e-02  5.1236099e-05
 5.9176268e-02  5.6892368e-02  5.1027722e-05
 5.7024589e-02  5.4732958e-01  6.2109813e-05
 5.7057515e-02  5.2870416e-01  6.2098215e-05
 5.8073818e-02  1.8151632e-01  6.8496692e-05
 5.8125047e-02  1.7199075e-01  6.8627900e-05
 5.5980535e-02  1.6391350e+00  5.4048711e-05
 5.6000506e-02  1.6051416e+00  5.2961710e-05
 5.8511856e-02  1.1448012e-01  3.8006839e-05
 5.8556526e-02  1.0922304e-01  3.7493059e-05
 5.5318996e-02  3.2784044e+00  7.8271476e-05
 5.5338073e-02  3.2136278e+00  8.0161385e-05
 5.5091700e-02  4.1575106e+00  4.6770257e-05
 5.5112478e-02  4.0682689e+00  4.8543933e-05
 5.8511852e-02  1.1448058e-01  3.7919267e-05
 5.8556532e-02  1.0922234e-01  3.7489820e-05
 5.5318998e-02  3.2783979e+00  7.8252170e-05
 5.5338069e-02  3.2136434e+00  8.0131005e-05
 5.4738657e-02  6.0071928e+00  6.2646313e-05
 5.4746735e-02  5.9569062e+00  6.2366095e-05
 5.5705913e-02  2.1862459e+00  6.4250159e-05
 5.5722870e-02  2.1477287e+00  6.4333552e-05
 5.9127823e-02  5.9868359e-02  5.1297814e-05
 5.9175740e-02  5.6924011e-02  5.0952870e-05
 5.7025176e-02  5.4699170e-01  6.2008212e-05
 5.7058062e-02  5.2839985e-01  6.2113473e-05
 5.8028910e-02  1.9029920e-01  6.8954143e-05
 5.8085283e-02  1.7933973e-01  6.8850740e-05
 5.8625113e-02  1.0161727e-01  3.7109170e-05
 5.8676637e-02  9.6254008e-02  3.8705243e-05
 5.8623218e-02  1.0182012e-01  3.6943417e-05
 5.8675095e-02  9.6410283e-02  3.8677472e-05
 5.6521176e-02  9.2909245e-01  8.4026562e-05
 5.6557535e-02  8.9426651e-01  8.6816776e-05
 5.8511849e-02  1.1448092e-01  3.8010306e-05
 5.8556523e-02  1.0922341e-01  3.7480004e-05
 5.5319001e-02  3.2783874e+00  7.8282289e-05
 5.5338072e-02  3.2136310e+00  8.0210141e-05
 5.8793753e-02  8.5092363e-02  4.6329372e-05
 5.8824540e-02  8.2379478e-02  4.7069657e-05
 5.4494439e-02  7.7419565e+00  5.6186439e-05
 5.4502630e-02  7.6764749e+00  5.6910080e-05
 5.4105488e-02  1.1571835e+01  6.0151714e-05
 5.4113834e-02  1.1472855e+01  6.0526800e-05
 5.4189002e-02  1.0617896e+01  5.8898350e-05
 5.4197761e-02  1.0522421e+01  5.8824280e-05
 5.3882048e-02  1.4554161e+01  3.2994407e-05
 5.3882067e-02  1.4553871e+01  3.2993917e-05
 5.4739186e-02  6.0038849e+00  6.2621377e-05
 5.4747207e-02  5.9539808e+00  6.2389444e-05
 5.5981678e-02  1.6371692e+00  5.3942596e-05
 5.6001503e-02  1.6034627e+00  5.2950555e-05
 5.8070691e-02  1.8211457e-01  6.8490204e-05
 5.8122484e-02  1.7245514e-01  6.8654549e-05
 5.7531896e-02  3.2101842e-01  4.6741778e-05
 5.7565874e-02  3.0974683e-01  4.7859596e-05
 5.6439653e-02  1.0121778e+00  7.2283698e-05
 5.6475368e-02  9.7490255e-01  7.6704131e-05
 5.5091705e-02  4.1574878e+00  4.6790744e-05
 5.5112480e-02  4.0682588e+00  4.8587591e-05
 5.4105492e-02  1.1571787e+01  6.0164907e-05
 5.4113834e-02  1.1472853e+01  6.0560635e-05
 5.3551341e-02  2.0375427e+01  2.7230188e-05
 5.3551387e-02  2.0374472e+01  2.7228759e-05
 5.3471775e-02  2.2079112e+01  3.2200365e-05
 5.3474667e-02  2.2014883e+01  3.2140731e-05
 5.3472206e-02  2.2069536e+01  3.2184590e-05
 5.3475085e-02  2.2005599e+01  3.2133223e-05
 5.4189973e-02  1.0607272e+01  5.8880360e-05
 5.4198604e-02  1.0513280e+01  5.8852722e-05
 5.5320599e-02  3.2729106e+00  7.8379911e-05
 5.5339392e-02  3.2091963e+00  8.0337322e-05
 5.8509009e-02  1.1482366e-01  3.8064621e-05
 5.8554168e-02  1.0949441e-01  3.7468694e-05
 5.6787810e-02  7.0203647e-01  7.4236862e-05
 5.6819002e-02  6.7939101e-01  7.2054826e-05
 5.6785551e-02  7.0370613e-01  7.4472569e-05
 5.6817165e-02  6.8070399e-01  7.2118248e-05
 5.8511851e-02  1.1448075e-01  3.7930887e-05
 5.8556528e-02  1.0922289e-01  3.7517956e-05
 5.5319000e-02  3.2783884e+00  7.8295048e-05
 5.5338076e-02  3.2136169e+00  8.0205946e-05
 5.4189006e-02  1.0617858e+01  5.8921297e-05
 5.4197766e-02  1.0522368e+01  5.8863810e-05
 5.3471779e-02  2.2079022e+01  3.2197006e-05
 5.3474667e-02  2.2014870e+01  3.2143212e-05
 5.3224589e-02  2.8278926e+01  3.0939357e-05
 5.3227491e-02  2.8197418e+01  3.1071160e-05
 5.2807660e-02  4.2553197e+01  3.1637391e-05
 5.2807660e-02  4.2553181e+01  3.1641160e-05
 5.3224588e-02  2.8278955e+01  3.0926426e-05
 5.3227490e-02  2.8197435e+01  3.1075932e-05
 5.4106317e-02  1.1561968e+01  6.0177841e-05
 5.4114486e-02  1.1465161e+01  6.0585302e-05
 5.5383355e-02  3.0649251e+00  8.0952018e-05
 5.5398369e-02  3.0171453e+00  8.1681005e-05
 5.7560625e-02  3.1146172e-01  5.0621103e-05
 5.7583316e-02  3.0411533e-01  5.1131250e-05
 5.6972795e-02  5.7796330e-01  6.0235371e-05
 5.6995518e-02  5.6431824e-01  6.0556456e-05
 5.5885305e-02  1.8113578e+00  6.1501282e-05
 5.5900344e-02  1.7830076e+00  6.1043697e-05
 5.8793751e-02  8.5092489e-02  4.6285619e-05
 5.8824542e-02  8.2379334e-02  4.7110277e-05
 5.4494439e-02  7.7419603e+00  5.6198652e-05
 5.4502633e-02  7.6764523e+00  5.6925132e-05
 5.3471513e-02  2.2084943e+01  3.2194938e-05
 5.3474426e-02  2.2020226e+01  3.2144897e-05
 5.2892592e-02  3.9196557e+01  3.5771989e-05
 5.2892595e-02  3.9196450e+01  3.5778000e-05
 5.3224588e-02  2.8278943e+01  3.0925903e-05
 5.3227493e-02  2.8197373e+01  3.1071379e-05
 5.3472207e-02  2.2069498e+01  3.2172868e-05
 5.3475085e-02  2.2005597e+01  3.2138938e-05
 5.4189975e-02  1.0607245e+01  5.8886688e-05
 5.4198604e-02  1.0513279e+01  5.8860946e-05
 5.5320602e-02  3.2729022e+00  7.8400136e-05
 5.5339393e-02  3.2091945e+00  8.0338260e-05
 5.8509007e-02  1.1482384e-01  3.8023569e-05
 5.8554167e-02  1.0949461e-01  3.7489675e-05
 5.6787813e-02  7.0203471e-01  7.4268399e-05
 5.6819003e-02  6.7939037e-01  7.2039790e-05
 5.6785548e-02  7.0370777e-01  7.4411292e-05
 5.6817165e-02  6.8070435e-01  7.2148654e-05
 5.8511853e-02  1.1448046e-01  3.7957908e-05
 5.8556528e-02  1.0922279e-01  3.7500782e-05
 5.5318998e-02  3.2783969e+00  7.8244418e-05
 5.5338077e-02  3.2136151e+00  8.0220662e-05
 5.4189003e-02  1.0617885e+01  5.8886642e-05
 5.4197768e-02  1.0522352e+01  5.8862385e-05
 5.3471776e-02  2.2079084e+01  3.2174950e-05
 5.3474670e-02  2.2014809e+01  3.2141828e-05
 5.4106317e-02  1.1561964e+01  6.0152454e-05
 5.4114490e-02  1.1465113e+01  6.0548943e-05
 5.4189974e-02  1.0607255e+01  5.8874396e-05
 5.4198606e-02  1.0513254e+01  5.8834231e-05
 5.4739786e-02  6.0001403e+00  6.2607685e-05
 5.4747763e-02  5.9505373e+00  6.2366045e-05
 5.5707292e-02  2.1830886e+00  6.4268021e-05
 5.5724044e-02  2.1450875e+00  6.4363774e-05
 5.7026832e-02  5.4603991e-01  6.2067794e-05
 5.7059408e-02  5.2765256e-01  6.2141092e-05
 5.8028595e-02  1.9036233e-01  6.8886363e-05
 5.8084978e-02  1.7939716e-01  6.8901796e-05
 5.9125974e-02  5.9984972e-02  5.1316856e-05
 5.9174200e-02  5.7016322e-02  5.0982581e-05
 5.8625119e-02  1.0161659e-01  3.7055618e-05
 5.8676646e-02  9.6253054e-02  3.8749758e-05
 5.6521174e-02  9.2909431e-01  8.3945914e-05
 5.6557539e-02  8.9426275e-01  8.6839615e-05
 5.8623214e-02  1.0182052e-01  3.7016646e-05
 5.8675099e-02  9.6409899e-02  3.8595471e-05
 5.5319297e-02  3.2773726e+00  7.8236764e-05
 5.5338369e-02  3.2126348e+00  8.0236587e-05
 5.8509939e-02  1.1471128e-01  3.7999650e-05
 5.8555032e-02  1.0939496e-01  3.7400020e-05
 5.4495029e-02  7.7372227e+00  5.6188883e-05
 5.4503131e-02  7.6724889e+00  5.6955433e-05
 5.8791916e-02  8.5257031e-02  4.6264325e-05
 5.8823166e-02  8.2498683e-02  4.6970213e-05
 5.5383354e-02  3.0649258e+00  8.0903805e-05
 5.5398374e-02  3.0171291e+00  8.1610589e-05
 5.7560630e-02  3.1146022e-01  5.0575094e-05
 5.7583308e-02  3.0411785e-01  5.1081382e-05
 5.5320600e-02  3.2729078e+00  7.8368361e-05
 5.5339396e-02  3.2091854e+00  8.0273714e-05
 5.8509013e-02  1.1482319e-01  3.7997253e-05
 5.8554158e-02  1.0949556e-01  3.7468208e-05
 5.5707290e-02  2.1830921e+00  6.4260712e-05
 5.5724044e-02  2.1450863e+00  6.4325736e-05
 5.6512028e-02  9.3806575e-01  7.0923266e-05
 5.6526446e-02  9.2396173e-01  7.2471726e-05
 5.8681082e-02  9.5804725e-02  4.4210690e-05
 5.8702902e-02  9.3629852e-02  4.5254452e-05
 5.7673713e-02  2.7652705e-01  6.3345726e-05
 5.7699929e-02  2.6900469e-01  6.5117911e-05
 5.7672035e-02  2.7701566e-01  6.3318578e-05
 5.7698529e-02  2.6940103e-01  6.4941452e-05
 5.9127830e-02  5.9867957e-02  5.1271905e-05
 5.9175751e-02  5.6923327e-02  5.1062010e-05
 5.8028911e-02  1.9029910e-01  6.8848579e-05
 5.8085285e-02  1.7933929e-01  6.8891369e-05
 5.7025173e-02  5.4699345e-01  6.2075377e-05
 5.7058068e-02  5.2839676e-01  6.2018192e-05
 5.6786176e-02  7.0324334e-01  7.4297096e-05
 5.6817756e-02  6.8028134e-01  7.2101938e-05
 5.6786170e-02  7.0324785e-01  7.4375655e-05
 5.6817752e-02  6.8028431e-01  7.1986540e-05
 5.5886262e-02  1.8095406e+00  6.1381325e-05
 5.5901103e-02  1.7815873e+00  6.1014621e-05
 5.6971229e-02  5.7891560e-01  6.0250143e-05
 5.6994400e-02  5.6498166e-01  6.0402980e-05
 5.6972793e-02  5.7796396e-01  6.0198896e-05
 5.6995523e-02  5.6431521e-01  6.0496244e-05
 5.5885309e-02  1.8113506e+00  6.1449165e-05
 5.5900336e-02  1.7830229e+00  6.0988050e-05
 5.6787810e-02  7.0203689e-01  7.4230798e-05
 5.6819005e-02  6.7938914e-01  7.1962973e-05
 5.6785552e-02  7.0370506e-01  7.4369488e-05
 5.6817156e-02  6.8071068e-01  7.2112656e-05
 5.7026829e-02  5.4604163e-01  6.2054593e-05
 5.7059407e-02  5.2765341e-01  6.2081343e-05
 5.8028597e-02  1.9036191e-01  6.8866368e-05
 5.8084970e-02  1.7939881e-01  6.8883164e-05
 5.9125983e-02  5.9984396e-02  5.1322301e-05
 5.9174199e-02  5.7016404e-02  5.1048329e-05
 5.7673712e-02  2.7652744e-01  6.3352242e-05
 5.7699926e-02  2.6900551e-01  6.5074953e-05
 5.7672041e-02  2.7701378e-01  6.3312026e-05
 5.7698526e-02  2.6940187e-01  6.4988427e-05
 5.8682840e-02  9.5627633e-02  4.4210448e-05
 5.8704329e-02  9.3489346e-02  4.5393097e-05
 5.6510526e-02  9.3954709e-01  7.0878906e-05
 5.6525165e-02  9.2520603e-01  7.2294113e-05
 5.5705910e-02  2.1862515e+00  6.4306119e-05
 5.5722876e-02  2.1477138e+00  6.4285098e-05
 5.8509947e-02  1.1471033e-01  3.7922312e-05
 5.8555037e-02  1.0939438e-01  3.7471400e-05
 5.5319293e-02  3.2773863e+00  7.8282090e-05
 5.5338365e-02  3.2126468e+00  8.0154508e-05
 5.7561925e-02  3.1103616e-01  5.0532010e-05
 5.7584340e-02  3.0378779e-01  5.1166618e-05
 5.5382149e-02  3.0687958e+00  8.0895263e-05
 5.5397495e-02  3.0199041e+00  8.1522306e-05
 5.8793749e-02  8.5092669e-02  4.6256429e-05
 5.8824546e-02  8.2378984e-02  4.7057914e-05
 5.4494441e-02  7.7419407e+00  5.6160575e-05
 5.4502625e-02  7.6765107e+00  5.6881056e-05
 5.8511849e-02  1.1448101e-01  3.7949743e-05
 5.8556528e-02  1.0922282e-01  3.7460550e-05
 5.5318999e-02  3.2783920e+00  7.8216912e-05
 5.5338069e-02  3.2136425e+00  8.0190159e-05
 5.8625114e-02  1.0161713e-01  3.7057306e-05
 5.8676641e-02  9.6253546e-02  3.8704748e-05
 5.6521173e-02  9.2909511e-01  8.3938815e-05
 5.6557531e-02  8.9427019e-01  8.6827339e-05
 5.8623222e-02  1.0181972e-01  3.7015272e-05
 5.8675100e-02  9.6409806e-02  3.8643920e-05
 5.9127826e-02  5.9868172e-02  5.1266496e-05
 5.9175744e-02  5.6923784e-02  5.1001335e-05
 5.8028908e-02  1.9029969e-01  6.8858458e-05
 5.8085277e-02  1.7934078e-01  6.8892172e-05
 5.7025180e-02  5.4698947e-01  6.2089188e-05
 5.7058066e-02  5.2839771e-01  6.2084823e-05
 5.5705915e-02  2.1862400e+00  6.4313286e-05
 5.5722874e-02  2.1477199e+00  6.4328306e-05
 5.4738656e-02  6.0071997e+00  6.2680325e-05
 5.4746741e-02  5.9568706e+00  6.2383161e-05
 5.4189001e-02  1.0617907e+01  5.8905721e-05
 5.4197765e-02  1.0522384e+01  5.8830184e-05
 5.4105489e-02  1.1571822e+01  6.0143632e-05
 5.4113833e-02  1.1472869e+01  6.0507817e-05
 5.3471514e-02  2.2084917e+01  3.2189874e-05
 5.3474420e-02  2.2020347e+01  3.2137502e-05
 5.4189003e-02  1.0617891e+01  5.8879516e-05
 5.4197761e-02  1.0522420e+01  5.8853628e-05
 5.5319294e-02  3.2773821e+00  7.8248432e-05
 5.5338362e-02  3.2126559e+00  8.0243523e-05
 5.8509944e-02  1.1471069e-01  3.8011321e-05
 5.8555034e-02  1.0939470e-01  3.7445548e-05
 5.6786172e-02  7.0324682e-01  7.4326079e-05
 5.6817750e-02  6.8028580e-01  7.2119792e-05
 5.6786176e-02  7.0324393e-01  7.4418672e-05
 5.6817752e-02  6.8028431e-01  7.2074138e-05
 5.8509941e-02  1.1471109e-01  3.7943511e-05
 5.8555031e-02  1.0939507e-01  3.7483896e-05
 5.5319298e-02  3.2773695e+00  7.8318975e-05
 5.5338364e-02  3.2126515e+00  8.0229474e-05
 5.4189005e-02  1.0617868e+01  5.8920402e-05
 5.4197763e-02  1.0522404e+01  5.8862831e-05
 5.3471513e-02  2.2084948e+01  3.2200094e-05
 5.3474424e-02  2.2020275e+01  3.2144394e-05
 5.3224091e-02  2.8292917e+01  3.0920165e-05
 5.3227046e-02  2.8209902e+01  3.1051994e-05
 5.2892591e-02  3.9196581e+01  3.5773948e-05
 5.2892593e-02  3.9196523e+01  3.5773755e-05
 5.3471775e-02  2.2079116e+01  3.2176543e-05
 5.3474666e-02  2.2014892e+01  3.2144651e-05
 5.4495027e-02  7.7372428e+00  5.6213701e-05
 5.4503126e-02  7.6725278e+00  5.6981826e-05
 5.8791917e-02  8.5256943e-02  4.6297903e-05
 5.8823170e-02  8.2498362e-02  4.7029346e-05
 5.5886259e-02  1.8095468e+00  6.1422371e-05
 5.5901098e-02  1.7815975e+00  6.1054689e-05
 5.6971230e-02  5.7891463e-01  6.0293921e-05
 5.6994403e-02  5.6498002e-01  6.0474279e-05
 5.7561921e-02  3.1103740e-01  5.0571663e-05
 5.7584335e-02  3.0378947e-01  5.1204152e-05
 5.5382151e-02  3.0687891e+00  8.0954418e-05
 5.5397497e-02  3.0198980e+00  8.1608175e-05
 5.4105492e-02  1.1571796e+01  6.0177374e-05
 5.4113834e-02  1.1472856e+01  6.0555493e-05
 5.3224093e-02  2.8292865e+01  3.0920780e-05
 5.3227046e-02  2.8209898e+01  3.1057754e-05
 5.2807426e-02  4.2562781e+01  3.1636869e-05
 5.2807431e-02  4.2562577e+01  3.1636813e-05
