0.000000000000000000e+00 -1.001050604941910004e-10 -1.001050604941910004e-10
1.000000020216089136e-01 -9.891909697403299912e-11 -9.977581654544032891e-11
2.000000040432176052e-01 -9.900443696689739798e-11 -9.944765547479046579e-11
3.000000060648267408e-01 -9.849154284943109787e-11 -9.912057372067259505e-11
4.000000080864356544e-01 -9.825271898819319475e-11 -9.879456773323183798e-11
5.000000101080446235e-01 -9.798735256709509691e-11 -9.846963397428873757e-11
6.000000121296534816e-01 -9.745726231335540452e-11 -9.814576891730084633e-11
7.000000141512624507e-01 -9.726139772720810073e-11 -9.782296904732445624e-11
8.000000161728713088e-01 -9.694046019265730270e-11 -9.750123086097648380e-11
9.000000181944802780e-01 -9.658487382090490261e-11 -9.718055086639636807e-11
1.000000020216089247e+00 -9.627728434456800224e-11 -9.686092558320827882e-11
1.100000022237695774e+00 -9.578247995097119687e-11 -9.654235154248323426e-11
1.200000024259304521e+00 -9.558454340087120223e-11 -9.622482528670152893e-11
1.300000026280913490e+00 -9.519349415977440444e-11 -9.590834336971516163e-11
1.400000028302522459e+00 -9.487556607276600484e-11 -9.559290235671050886e-11
1.500000030324131206e+00 -9.455535951673129906e-11 -9.527849882417094663e-11
1.600000032345740175e+00 -9.418689818973949602e-11 -9.496512935983975657e-11
1.700000034367349144e+00 -9.391532612322910287e-11 -9.465279056268309665e-11
1.800000036388957891e+00 -9.355693406958690383e-11 -9.434147904285302366e-11
1.900000038410566860e+00 -9.329776462216660421e-11 -9.403119142165079996e-11
2.000000040432175830e+00 -9.308358845962100103e-11 -9.372192433149014859e-11
2.100000042453785021e+00 -9.261413783792670421e-11 -9.341367441586074099e-11
2.200000044475393324e+00 -9.244048304889559642e-11 -9.310643832929174935e-11
2.300000046497002515e+00 -9.196725526292419678e-11 -9.280021273731556701e-11
2.400000048518611262e+00 -9.177577081559020267e-11 -9.249499431643155464e-11
2.500000050540210683e+00 -9.139945370305359578e-11 -9.219077975407007086e-11
2.600000052561836750e+00 -9.107883115876599749e-11 -9.188756574855633474e-11
2.700000054583438391e+00 -9.084620582283509840e-11 -9.158534900907497340e-11
2.800000056605039589e+00 -9.057344591991759716e-11 -9.128412625563381988e-11
2.900000058626665655e+00 -9.028519440754759399e-11 -9.098389421902855123e-11
3.000000060648267297e+00 -8.989636073133700449e-11 -9.068464964080742990e-11
3.100000062669868939e+00 -8.960291852881900565e-11 -9.038638927323550231e-11
3.200000064691495005e+00 -8.930820494578809881e-11 -9.008910987925953420e-11
3.300000066713096647e+00 -8.894987646401480339e-11 -8.979280823247316561e-11
3.400000068734698289e+00 -8.863544643260639858e-11 -8.949748111708139382e-11
3.500000070756299486e+00 -8.841354269937800023e-11 -8.920312532786598687e-11
3.600000072777925997e+00 -8.812028501572540610e-11 -8.890973767015056100e-11
3.700000074799527194e+00 -8.790794375766770627e-11 -8.861731495976617515e-11
3.800000076821128836e+00 -8.753884276347370084e-11 -8.832585402301635669e-11
3.900000078842754458e+00 -8.726249119716249381e-11 -8.803535169664291562e-11
4.000000080864356988e+00 -8.699039966304530185e-11 -8.774580482779169412e-11
4.100000082885958186e+00 -8.662882419811160041e-11 -8.745721027397808343e-11
4.200000084907560272e+00 -8.643021769624179408e-11 -8.716956490305309658e-11
4.300000086929185450e+00 -8.604614455763919565e-11 -8.688286559316927299e-11
4.400000088950786648e+00 -8.587002538023470501e-11 -8.659710923274704839e-11
4.500000090972389621e+00 -8.547287299950320131e-11 -8.631229272044060785e-11
4.600000092994014800e+00 -8.532878255872010016e-11 -8.602841296510441073e-11
4.700000095015615997e+00 -8.500396878082279397e-11 -8.574546688575984502e-11
4.800000097037218083e+00 -8.480342754702459586e-11 -8.546345141156137752e-11
4.900000099058819281e+00 -8.452011423988860462e-11 -8.518236348176353127e-11
5.000000101080445347e+00 -8.409830361536079777e-11 -8.490220004568746226e-11
5.100000103102047433e+00 -8.396326438730220643e-11 -8.462295806268819532e-11
5.200000105123648630e+00 -8.357129653006780599e-11 -8.434463450212118797e-11
5.300000107145274697e+00 -8.330589752242240552e-11 -8.406722634330960503e-11
5.400000109166876783e+00 -8.300112953523040451e-11 -8.379073057551181304e-11
5.500000111188477980e+00 -8.275157139046129665e-11 -8.351514419788824133e-11
5.600000113210079178e+00 -8.248992158135940500e-11 -8.324046421946909614e-11
5.700000115231706133e+00 -8.225954569758490559e-11 -8.296668765912176451e-11
5.800000117253307330e+00 -8.202207348704879730e-11 -8.269381154551874812e-11
5.900000119274908528e+00 -8.168473316199819949e-11 -8.242183291710496381e-11
6.000000121296534594e+00 -8.147816493249299524e-11 -8.215074882206588418e-11
6.100000123318135792e+00 -8.120383652322360244e-11 -8.188055631829562654e-11
6.200000125339737878e+00 -8.091643364821550450e-11 -8.161125247336462823e-11
6.300000127361339963e+00 -8.073271889037649463e-11 -8.134283436448816207e-11
6.400000129382966030e+00 -8.036319511529770408e-11 -8.107529907849434771e-11
6.500000131404567227e+00 -8.015979617868950382e-11 -8.080864371179297727e-11
6.600000133426169313e+00 -7.988071813828659491e-11 -8.054286537034339750e-11
6.700000135447793603e+00 -7.959875013525959540e-11 -8.027796116962351629e-11
6.800000137469396577e+00 -7.939059399717460020e-11 -8.001392823459849913e-11
6.900000139490998663e+00 -7.898969291460819430e-11 -7.975076369968931034e-11
7.000000141512622953e+00 -7.882712128779830059e-11 -7.948846470874175844e-11
7.100000143534225927e+00 -7.855264652725199733e-11 -7.922702841499563199e-11
7.200000145555826236e+00 -7.837431290327559802e-11 -7.896645198105355103e-11
7.300000147577452303e+00 -7.809466121427530313e-11 -7.870673257885024512e-11
7.400000149599054389e+00 -7.781234022571690401e-11 -7.844786738962212857e-11
7.500000151620655586e+00 -7.761289104762670643e-11 -7.818985360387625534e-11
7.600000153642281653e+00 -7.729376542757380188e-11 -7.793268842136007522e-11
7.700000155663883739e+00 -7.709621915268980470e-11 -7.767636905103122886e-11
7.800000157685484936e+00 -7.685998431392230343e-11 -7.742089271102685156e-11
7.900000159707087022e+00 -7.651949456323229691e-11 -7.716625662863361387e-11
8.000000161728713977e+00 -7.637728638068849554e-11 -7.691245804025756823e-11
8.100000163750314286e+00 -7.608019113968150289e-11 -7.665949419139439634e-11
8.200000165771916372e+00 -7.594753837015849733e-11 -7.640736233659903614e-11
8.300000167793541550e+00 -7.556668729223909528e-11 -7.615605973945622639e-11
8.400000169815143636e+00 -7.529903511423760376e-11 -7.590558367255085742e-11
8.500000171836745722e+00 -7.502166800823969776e-11 -7.565593141743811511e-11
8.600000173858370900e+00 -7.491290719436669416e-11 -7.540710026461405131e-11
8.700000175879972986e+00 -7.465288460587210337e-11 -7.515908751348647747e-11
8.800000177901573295e+00 -7.432408617569909608e-11 -7.491189047234517318e-11
8.900000179923200250e+00 -7.400015914450590465e-11 -7.466550645833293485e-11
9.000000181944802335e+00 -7.393005139335950472e-11 -7.441993279741661148e-11
9.100000183966402645e+00 -7.366887972087010173e-11 -7.417516682435772683e-11
9.200000185988029600e+00 -7.344648779408060258e-11 -7.393120588268373485e-11
9.300000188009631685e+00 -7.313801873398160289e-11 -7.368804732465935274e-11
9.400000190031231995e+00 -7.299633989268799832e-11 -7.344568851125746747e-11
9.500000192052858949e+00 -7.273835030625859706e-11 -7.320412681213072725e-11
9.600000194074459259e+00 -7.243352453998370502e-11 -7.296335960558309430e-11
9.700000196096061345e+00 -7.226830291043930267e-11 -7.272338427854107448e-11
9.800000198117663430e+00 -7.194205448678249974e-11 -7.248419822652558020e-11
9.900000200139288609e+00 -7.173969433073880431e-11 -7.224579885362358658e-11
1.000000020216089069e+01 -7.152915386630809702e-11 -7.200818357246013656e-11
1.010000020418249278e+01 -7.121930982580480038e-11 -7.177134980416993239e-11
1.020000020620411796e+01 -7.112656744074199916e-11 -7.153529497836953463e-11
1.030000020822572004e+01 -7.079330389018840312e-11 -7.130001653312962574e-11
1.040000021024732213e+01 -7.064528093280799548e-11 -7.106551191494684717e-11
1.050000021226894731e+01 -7.029342434202069721e-11 -7.083177857871629561e-11
1.060000021429054939e+01 -7.018175577322449560e-11 -7.059881398770401921e-11
1.070000021631215148e+01 -6.993578689119710580e-11 -7.036661561351920365e-11
1.080000021833377666e+01 -6.972873878727160012e-11 -7.013518093608684934e-11
1.090000022035537874e+01 -6.952493019010700268e-11 -6.990450744362062955e-11
1.100000022237698083e+01 -6.921272052774820283e-11 -6.967459263259524446e-11
1.110000022439860601e+01 -6.910386522650819919e-11 -6.944543400771948612e-11
1.120000022642020632e+01 -6.876926769255909614e-11 -6.921702908190926460e-11
1.130000022844181018e+01 -6.852970033984820429e-11 -6.898937537626028516e-11
1.140000023046343536e+01 -6.837442155676899370e-11 -6.876247042002141049e-11
1.150000023248503567e+01 -6.806702112712230225e-11 -6.853631175056782901e-11
1.160000023450663775e+01 -6.781717481697249475e-11 -6.831089691337414563e-11
1.170000023652823984e+01 -6.763912477095189582e-11 -6.808622346198789910e-11
1.180000023854986502e+01 -6.740048084294340548e-11 -6.786228895800297588e-11
1.190000024057146710e+01 -6.726956862030489993e-11 -6.763909097103320497e-11
1.200000024259306919e+01 -6.697812006465629931e-11 -6.741662707868582352e-11
1.210000024461469437e+01 -6.679687055691669952e-11 -6.719489486653527848e-11
1.220000024663629645e+01 -6.659068557782050367e-11 -6.697389192809715747e-11
1.230000024865789854e+01 -6.638278408363099631e-11 -6.675361586480178363e-11
1.240000025067952372e+01 -6.617356009875040097e-11 -6.653406428596835331e-11
1.250000025270112580e+01 -6.586933294198909715e-11 -6.631523480877909957e-11
1.260000025472272789e+01 -6.572477410086739581e-11 -6.609712505825321018e-11
1.270000025674435307e+01 -6.548889210615109765e-11 -6.587973266722105575e-11
1.280000025876595515e+01 -6.532038676471970390e-11 -6.566305527629883149e-11
1.290000026078755546e+01 -6.503061707241749907e-11 -6.544709053386251393e-11
1.300000026280918242e+01 -6.484390187103069978e-11 -6.523183609602252851e-11
1.310000026483078450e+01 -6.462755581745059492e-11 -6.501728962659848181e-11
1.320000026685238659e+01 -6.439632323780240181e-11 -6.480344879709348020e-11
1.330000026887401177e+01 -6.424253037019659481e-11 -6.459031128666904295e-11
1.340000027089561385e+01 -6.403768180120470339e-11 -6.437787478212000250e-11
1.350000027291721416e+01 -6.383309048788269388e-11 -6.416613697784917206e-11
1.360000027493883934e+01 -6.359421303872790401e-11 -6.395509557584238799e-11
1.370000027696044320e+01 -6.330647404020850564e-11 -6.374474828564383659e-11
1.380000027898204529e+01 -6.317311047048479572e-11 -6.353509282433077338e-11
1.390000028100364560e+01 -6.294942871065090312e-11 -6.332612691648903077e-11
1.400000028302527255e+01 -6.280899720685870078e-11 -6.311784829418817683e-11
1.410000028504687286e+01 -6.257981676047409489e-11 -6.291025469695711346e-11
1.420000028706847672e+01 -6.235859447190300561e-11 -6.270334387175924802e-11
1.430000028909010013e+01 -6.218511422860789706e-11 -6.249711357296820783e-11
1.440000029111170399e+01 -6.196291287909700034e-11 -6.229156156234356763e-11
1.450000029313330430e+01 -6.178070674023590324e-11 -6.208668560900633136e-11
1.460000029515493125e+01 -6.150597336899760491e-11 -6.188248348941477597e-11
1.470000029717653156e+01 -6.129427570949829400e-11 -6.167895298734057946e-11
1.480000029919813187e+01 -6.119832923836039524e-11 -6.147609189384435444e-11
1.490000030121975882e+01 -6.091855838152120150e-11 -6.127389800725191840e-11
1.500000030324136269e+01 -6.073479061867020262e-11 -6.107236913313048639e-11
1.510000030526296300e+01 -6.052548152088680399e-11 -6.087150308426460526e-11
1.520000030728458995e+01 -6.028883598825440318e-11 -6.067129768063250145e-11
1.530000030930619026e+01 -6.015914456906789714e-11 -6.047175074938263561e-11
1.540000031132779057e+01 -5.998328646600740346e-11 -6.027286012480981771e-11
1.550000031334941752e+01 -5.982529272840940361e-11 -6.007462364833173587e-11
1.560000031537101783e+01 -5.956145144889290443e-11 -5.987703916846588569e-11
1.570000031739262170e+01 -5.940438484005299737e-11 -5.968010454080571132e-11
1.580000031941422201e+01 -5.915197981896930287e-11 -5.948381762799767701e-11
1.590000032143584896e+01 -5.905293230962160514e-11 -5.928817629971789930e-11
1.600000032345744927e+01 -5.877119889834650312e-11 -5.909317843264927026e-11
1.610000032547905136e+01 -5.858907367676439945e-11 -5.889882191045806380e-11
1.620000032750067831e+01 -5.840926945339460551e-11 -5.870510462377113655e-11
1.630000032952228040e+01 -5.825986035521279479e-11 -5.851202447015320616e-11
1.640000033154388248e+01 -5.800370840643160242e-11 -5.831957935408372910e-11
1.650000033356550588e+01 -5.788761307157700315e-11 -5.812776718693426299e-11
1.660000033558710797e+01 -5.758835787842370175e-11 -5.793658588694598414e-11
1.670000033760871005e+01 -5.744212570452299780e-11 -5.774603337920682370e-11
1.680000033963033346e+01 -5.728266615866910254e-11 -5.755610759562903692e-11
1.690000034165193554e+01 -5.716341869137560051e-11 -5.736680647492694676e-11
1.700000034367354118e+01 -5.696697053308879873e-11 -5.717812796259422879e-11
1.710000034569516458e+01 -5.677023398842709782e-11 -5.699007001088188097e-11
1.720000034771676667e+01 -5.657724029275550042e-11 -5.680263057877597387e-11
1.730000034973836875e+01 -5.643597087948480122e-11 -5.661580763197534259e-11
1.740000035175999216e+01 -5.615017212108559682e-11 -5.642959914286960185e-11
1.750000035378159424e+01 -5.600540190557420286e-11 -5.624400309051725803e-11
1.760000035580319988e+01 -5.572833445254140019e-11 -5.605901746062354979e-11
1.770000035782479841e+01 -5.567236266757520219e-11 -5.587464024551875392e-11
1.780000035984642537e+01 -5.544583405817499747e-11 -5.569086944413625866e-11
1.790000036186802745e+01 -5.530355683263899969e-11 -5.550770306199108925e-11
1.800000036388962599e+01 -5.505129890226079777e-11 -5.532513911115797475e-11
1.810000036591125294e+01 -5.489990428923569716e-11 -5.514317561024986072e-11
1.820000036793285503e+01 -5.476144658575739897e-11 -5.496181058439662875e-11
1.830000036995445711e+01 -5.461399290053729952e-11 -5.478104206522328595e-11
1.840000037197608407e+01 -5.443439797318200203e-11 -5.460086809082885900e-11
1.850000037399768615e+01 -5.426419824238049723e-11 -5.442128670576510713e-11
1.860000037601928469e+01 -5.403991328098729885e-11 -5.424229596101512528e-11
1.870000037804091164e+01 -5.390105579666589803e-11 -5.406389391397229627e-11
1.880000038006251373e+01 -5.364046157835940092e-11 -5.388607862841932045e-11
1.890000038208411581e+01 -5.355859568818479846e-11 -5.370884817450698042e-11
1.900000038410574277e+01 -5.334905502816219680e-11 -5.353220062873326764e-11
1.910000038612734485e+01 -5.320817135947330114e-11 -5.335613407392269650e-11
1.920000038814894339e+01 -5.305839086990389995e-11 -5.318064659920521115e-11
1.930000039017057034e+01 -5.283182435302200242e-11 -5.300573629999556417e-11
1.940000039219217243e+01 -5.268387803654460231e-11 -5.283140127797278571e-11
1.950000039421377451e+01 -5.246840776610920116e-11 -5.265763964105934886e-11
1.960000039623537660e+01 -5.227269458604940077e-11 -5.248444950340074861e-11
1.970000039825700355e+01 -5.214105130608560310e-11 -5.231182898534502273e-11
1.980000040027860209e+01 -5.187797855766160272e-11 -5.213977621342244697e-11
1.990000040230020417e+01 -5.182319566064860285e-11 -5.196828932032498491e-11
2.000000040432183113e+01 -5.156875432440550274e-11 -5.179736644488616409e-11
2.010000040634342966e+01 -5.148326294672040111e-11 -5.162700573206099759e-11
2.020000040836503530e+01 -5.131228293488679914e-11 -5.145720533290551773e-11
2.030000041038666225e+01 -5.112146696459720026e-11 -5.128796340455699479e-11
2.040000041240826079e+01 -5.095924310355350030e-11 -5.111927811021391026e-11
2.050000041442986287e+01 -5.081151788512920298e-11 -5.095114761911585242e-11
2.060000041645148983e+01 -5.064326060947200074e-11 -5.078357010652374158e-11
2.070000041847308836e+01 -5.045226843432859818e-11 -5.061654375370017807e-11
2.080000042049469400e+01 -5.029513259300329750e-11 -5.045006674788941541e-11
2.090000042251631740e+01 -5.014284349655630255e-11 -5.028413728229785698e-11
2.100000042453791949e+01 -5.000916640481110276e-11 -5.011875355607450090e-11
2.110000042655952157e+01 -4.984422919356610306e-11 -4.995391377429124284e-11
2.120000042858114853e+01 -4.966563104880719716e-11 -4.978961614792344369e-11
2.130000043060274706e+01 -4.943365265991309827e-11 -4.962585889383065891e-11
2.140000043262434914e+01 -4.933951189107799795e-11 -4.946264023473704459e-11
2.150000043464595123e+01 -4.912490757322160122e-11 -4.929995839921223545e-11
2.160000043666757819e+01 -4.899865809720970297e-11 -4.913781162165202237e-11
2.170000043868918027e+01 -4.885719700595240194e-11 -4.897619814225937248e-11
2.180000044071078236e+01 -4.866493676444129857e-11 -4.881511620702506797e-11
2.190000044273240576e+01 -4.850491167289589781e-11 -4.865456406770881019e-11
2.200000044475400784e+01 -4.834634057520230189e-11 -4.849453998182033019e-11
2.210000044677560993e+01 -4.824733129767800275e-11 -4.833504221260028602e-11
2.220000044879723333e+01 -4.806393973216280120e-11 -4.817606902900152192e-11
2.230000045081883897e+01 -4.783964106394849879e-11 -4.801761870567032752e-11
2.240000045284044106e+01 -4.767996405585300142e-11 -4.785968952292761948e-11
2.250000045486206446e+01 -4.748116603555340032e-11 -4.770227976675023942e-11
2.260000045688366654e+01 -4.740909545633149951e-11 -4.754538772875258151e-11
2.270000045890526863e+01 -4.713369014859950139e-11 -4.738901170616775471e-11
2.280000046092689203e+01 -4.707622196856999698e-11 -4.723315000182926846e-11
2.290000046294849767e+01 -4.692211364578929683e-11 -4.707780092415264729e-11
2.300000046497009976e+01 -4.684913472585800180e-11 -4.692296278711696793e-11
2.310000046699172316e+01 -4.676690514413350173e-11 -4.676863391024655791e-11
2.320000046901332524e+01 -4.652276787181209809e-11 -4.661481261859290744e-11
2.330000047103492733e+01 -4.636589001498929752e-11 -4.646149724271630344e-11
2.340000047305655073e+01 -4.624357044686999832e-11 -4.630868611866778664e-11
2.350000047507815637e+01 -4.608132789366460259e-11 -4.615637758797117982e-11
2.360000047709975846e+01 -4.588635948475659742e-11 -4.600456999760494795e-11
2.370000047912135699e+01 -4.571745563162720189e-11 -4.585326169998431691e-11
2.380000048114298394e+01 -4.555635686486330244e-11 -4.570245105294335339e-11
2.390000048316458603e+01 -4.540337941926219829e-11 -4.555213641971732913e-11
2.400000048518618811e+01 -4.526987528888429995e-11 -4.540231616892464574e-11
2.410000048720781152e+01 -4.519480037470429975e-11 -4.525298867454935404e-11
2.420000048922934255e+01 -4.504216361480409874e-11 -4.510415231592359589e-11
2.430000049125109030e+01 -4.487915895499479945e-11 -4.495580547770927044e-11
2.440000049327259291e+01 -4.469354087462560294e-11 -4.480794654988223375e-11
2.450000049529434065e+01 -4.456074948108890197e-11 -4.466057392771226550e-11
2.460000049731584326e+01 -4.439075443701559951e-11 -4.451368601174852222e-11
2.470000049933734942e+01 -4.421306248665759818e-11 -4.436728120779966556e-11
2.480000050135909717e+01 -4.410091542624640209e-11 -4.422135792691762894e-11
2.490000050338060333e+01 -4.396058663532969685e-11 -4.407591458538141634e-11
2.500000050540234753e+01 -4.385870992015470089e-11 -4.393094960467746978e-11
2.510000050742385369e+01 -4.376153943740879993e-11 -4.378646141148532284e-11
2.520000050944560144e+01 -4.355943700952269780e-11 -4.364244843765776774e-11
2.530000051146710760e+01 -4.346796910863429875e-11 -4.349890912020656709e-11
2.540000051348861021e+01 -4.323503340098009891e-11 -4.335584190128311854e-11
2.550000051551035440e+01 -4.311891235355570314e-11 -4.321324522816251862e-11
2.560000051753186412e+01 -4.295082875398929777e-11 -4.307111755322782046e-11
2.570000051955360831e+01 -4.280361321562329813e-11 -4.292945733395077600e-11
2.580000052157511092e+01 -4.267887927335099766e-11 -4.278826303287787732e-11
2.590000052359686222e+01 -4.260117850009339909e-11 -4.264753311761085973e-11
2.600000052561836483e+01 -4.245424938720079853e-11 -4.250726606079292402e-11
2.610000052763987100e+01 -4.230681142157879791e-11 -4.236746034008963379e-11
2.620000052966161519e+01 -4.214057624970930176e-11 -4.222811443817354799e-11
2.630000053168312490e+01 -4.208377249904319916e-11 -4.208922684270865955e-11
2.640000053370486910e+01 -4.188627336216180321e-11 -4.195079604633169983e-11
2.650000053572637526e+01 -4.181625023708709935e-11 -4.181282054663840611e-11
2.660000053774811946e+01 -4.160869525940830088e-11 -4.167529884616457402e-11
2.670000053976962207e+01 -4.151646542321920301e-11 -4.153822945237246718e-11
2.680000054179137337e+01 -4.136634745834910053e-11 -4.140161087763194717e-11
2.690000054381287597e+01 -4.121519658246960043e-11 -4.126544163920701891e-11
2.700000054583438214e+01 -4.116942839451829800e-11 -4.112972025923734835e-11
2.710000054785612633e+01 -4.095902431820240235e-11 -4.099444526472330211e-11
2.720000054987763605e+01 -4.083665298004740014e-11 -4.085961518751086440e-11
2.730000055189938024e+01 -4.074526427547990253e-11 -4.072522856427349716e-11
2.740000055392088640e+01 -4.048009683421660040e-11 -4.059128393649876949e-11
2.750000055594263060e+01 -4.043021969473099883e-11 -4.045777985047001753e-11
2.760000055796413321e+01 -4.015200844775850149e-11 -4.032471485725308364e-11
2.770000055998564292e+01 -4.024143457026579972e-11 -4.019208751267838346e-11
2.780000056200738712e+01 -3.998916493697410260e-11 -4.005989637732622344e-11
2.790000056402889328e+01 -3.993202625058480023e-11 -3.992814001651202787e-11
2.800000056605064103e+01 -3.978717945486880224e-11 -3.979681700026863856e-11
2.810000056807214719e+01 -3.963028528710399865e-11 -3.966592590333329962e-11
2.820000057009389138e+01 -3.958173954040600208e-11 -3.953546530512967280e-11
2.830000057211539399e+01 -3.936211509265030305e-11 -3.940543378975491274e-11
2.840000057413690371e+01 -3.927000542257649933e-11 -3.927582994596210233e-11
2.850000057615864790e+01 -3.908703855920619932e-11 -3.914665236714592571e-11
2.860000057818015406e+01 -3.898725051931759978e-11 -3.901789965132829593e-11
2.870000058020189826e+01 -3.883254924372609974e-11 -3.888957040114095842e-11
2.880000058222340797e+01 -3.874688552117019874e-11 -3.876166322381279881e-11
2.890000058424515217e+01 -3.867024888805500033e-11 -3.863417673115232363e-11
2.900000058626665833e+01 -3.854114855189359978e-11 -3.850710953953496813e-11
2.910000058828816094e+01 -3.841820960662639718e-11 -3.838046026988597765e-11
2.920000059030990514e+01 -3.833780223255849911e-11 -3.825422754766634543e-11
2.930000059233141485e+01 -3.817237989159129842e-11 -3.812841000285882172e-11
2.940000059435315904e+01 -3.800832480261800291e-11 -3.800300626995092419e-11
2.950000059637466521e+01 -3.789676024172990187e-11 -3.787801498792249797e-11
2.960000059839640940e+01 -3.777503274726660228e-11 -3.775343480022857747e-11
2.970000060041791912e+01 -3.763863172165670048e-11 -3.762926435478704328e-11
2.980000060243942173e+01 -3.756638422528199925e-11 -3.750550230396186535e-11
2.990000060446116592e+01 -3.740734327932280256e-11 -3.738214730454935106e-11
3.000000060648267208e+01 -3.727898177228369777e-11 -3.725919801776449031e-11
3.010000060850441628e+01 -3.712418277303269817e-11 -3.713665310922432143e-11
3.020000061052592599e+01 -3.705226120098809690e-11 -3.701451124893583364e-11
3.030000061254767019e+01 -3.692399315769179729e-11 -3.689277111127916498e-11
3.040000061456917990e+01 -3.677894496743380200e-11 -3.677143137499554355e-11
3.050000061659067896e+01 -3.665833752640969839e-11 -3.665049072317099591e-11
3.060000061861243026e+01 -3.650830826873860322e-11 -3.652994784322274388e-11
3.070000062063393287e+01 -3.646848603339699996e-11 -3.640980142688603423e-11
3.080000062265567706e+01 -3.631256287876930267e-11 -3.629005017019779543e-11
3.090000062467718678e+01 -3.618210912450400173e-11 -3.617069277348479214e-11
3.100000062669893097e+01 -3.608772068529329824e-11 -3.605172794134729491e-11
3.110000062872043713e+01 -3.600166392375919853e-11 -3.593315438264723460e-11
3.120000063074218133e+01 -3.591984111381659727e-11 -3.581497081049193675e-11
3.130000063276369104e+01 -3.573825340999149913e-11 -3.569717594222241819e-11
3.140000063478519365e+01 -3.565014909483379805e-11 -3.557976849939754787e-11
3.150000063680694140e+01 -3.551017718532979760e-11 -3.546274720778090889e-11
3.160000063882844401e+01 -3.537010994344820307e-11 -3.534611079732789965e-11
3.170000064085018820e+01 -3.525932481678989962e-11 -3.522985800216993986e-11
3.180000064287169792e+01 -3.511808854835610195e-11 -3.511398756060298053e-11
3.190000064489344211e+01 -3.507962641122990172e-11 -3.499849821507162590e-11
3.200000064691494828e+01 -3.490104030221310220e-11 -3.488338871215763701e-11
3.210000064893645089e+01 -3.481044684787599887e-11 -3.476865780256441554e-11
3.220000065095820219e+01 -3.466714270705249989e-11 -3.465430424110427947e-11
3.230000065297970480e+01 -3.463494312573170308e-11 -3.454032678668579686e-11
3.240000065500144899e+01 -3.443033767780469759e-11 -3.442672420229834087e-11
3.250000065702295871e+01 -3.439958405738580142e-11 -3.431349525500090339e-11
3.260000065904470290e+01 -3.424115456667290321e-11 -3.420063871590651437e-11
3.270000066106621261e+01 -3.414284036526100181e-11 -3.408815336017105544e-11
3.280000066308770812e+01 -3.405550331525159685e-11 -3.397603796697812514e-11
3.290000066510945942e+01 -3.386113118206340289e-11 -3.386429131952651483e-11
3.300000066713096203e+01 -3.381680289970510235e-11 -3.375291220501793030e-11
3.310000066915271333e+01 -3.368274769210240255e-11 -3.364189941464180520e-11
3.320000067117421594e+01 -3.356737583885870021e-11 -3.353125174356447660e-11
3.330000067319596013e+01 -3.348735115239500103e-11 -3.342096799091383696e-11
3.340000067521746985e+01 -3.330854016863520128e-11 -3.331104695976849672e-11
3.350000067723897246e+01 -3.330345670429099868e-11 -3.320148745714297911e-11
3.360000067926072376e+01 -3.308032406924190294e-11 -3.309228829397544162e-11
3.370000068128222637e+01 -3.304819258747730165e-11 -3.298344828511570136e-11
3.380000068330397056e+01 -3.291210612978379812e-11 -3.287496624931042972e-11
3.390000068532547317e+01 -3.284050024701249768e-11 -3.276684100919248311e-11
3.400000068734722447e+01 -3.270700804485030236e-11 -3.265907139126599429e-11
3.410000068936872708e+01 -3.257412538633449850e-11 -3.255165622589578056e-11
3.420000069139022969e+01 -3.248656168964639821e-11 -3.244459434729276476e-11
3.430000069341198099e+01 -3.243826315085230032e-11 -3.233788459350212971e-11
3.440000069543348360e+01 -3.223643411379190198e-11 -3.223152580639151159e-11
3.450000069745523490e+01 -3.225361383125369840e-11 -3.212551683163657588e-11
3.460000069947673751e+01 -3.198418731814279725e-11 -3.201985651871056781e-11
3.470000070149848881e+01 -3.200761000289830310e-11 -3.191454372086977852e-11
3.480000070351998431e+01 -3.180250982479149865e-11 -3.180957729514315361e-11
3.490000070554149403e+01 -3.169375680788800060e-11 -3.170495610231804362e-11
3.500000070756323822e+01 -3.169581422616549833e-11 -3.160067900692870759e-11
3.510000070958474083e+01 -3.155331197080720253e-11 -3.149674487724466135e-11
3.520000071160649213e+01 -3.145623811723369755e-11 -3.139315258525666079e-11
3.530000071362799474e+01 -3.129877114563670081e-11 -3.128990100666647833e-11
3.540000071564974604e+01 -3.124802167068479719e-11 -3.118698902087266643e-11
3.550000071767124865e+01 -3.116416738283759909e-11 -3.108441551096043106e-11
3.560000071969275837e+01 -3.104734154753059824e-11 -3.098217936368775058e-11
3.570000072171450256e+01 -3.092276934450130309e-11 -3.088027946947403432e-11
3.580000072373600517e+01 -3.081451239436889882e-11 -3.077871472238881348e-11
3.590000072575774936e+01 -3.074097914994749994e-11 -3.067748402013804093e-11
3.600000072777925197e+01 -3.064121240058190119e-11 -3.057658626405406167e-11
3.610000072980100327e+01 -3.050120645159940038e-11 -3.047602035908174461e-11
3.620000073182250588e+01 -3.042011877365959737e-11 -3.037578521376857580e-11
3.630000073384425718e+01 -3.039944497934950308e-11 -3.027587974025079668e-11
3.640000073586575979e+01 -3.020771327301250209e-11 -3.017630285424363950e-11
3.650000073788726951e+01 -3.018176402637139995e-11 -3.007705347502774342e-11
3.660000073990901370e+01 -2.995957112415649831e-11 -2.997813052543828487e-11
3.670000074193051631e+01 -2.997001297316120289e-11 -2.987953293185389464e-11
3.680000074395226051e+01 -2.982281373499759726e-11 -2.978125962418336478e-11
3.690000074597376312e+01 -2.972293839279599847e-11 -2.968330953585597450e-11
3.700000074799551442e+01 -2.969039937051949708e-11 -2.958568160380798383e-11
3.710000075001701703e+01 -2.956269426543689826e-11 -2.948837476847299185e-11
3.720000075203852674e+01 -2.952386190894979864e-11 -2.939138797376879222e-11
3.730000075406027094e+01 -2.931191818993669751e-11 -2.929472016708661986e-11
3.740000075608177355e+01 -2.930604403681469834e-11 -2.919837029928041697e-11
3.750000075810352484e+01 -2.920109719392309829e-11 -2.910233732465382112e-11
3.760000076012502745e+01 -2.910299471096729861e-11 -2.900662020095067525e-11
3.770000076214677875e+01 -2.898270143418860103e-11 -2.891121788934186714e-11
3.780000076416828136e+01 -2.881038520812190028e-11 -2.881612935441590082e-11
3.790000076618978397e+01 -2.883637877661340130e-11 -2.872135356416603327e-11
3.800000076821152817e+01 -2.861109949737160134e-11 -2.862688948997977632e-11
3.810000077023303788e+01 -2.853629834506890146e-11 -2.853273610662841799e-11
3.820000077225478208e+01 -2.849370293067180068e-11 -2.843889239225431101e-11
3.830000077427628469e+01 -2.837299955136159998e-11 -2.834535732836156706e-11
3.840000077629803599e+01 -2.835793836795070149e-11 -2.825212989980321285e-11
3.850000077831953860e+01 -2.824899074868240145e-11 -2.815920909477200710e-11
3.860000078034104831e+01 -2.818128609234640065e-11 -2.806659390478780347e-11
3.870000078236279251e+01 -2.810802595035859877e-11 -2.797428332468738523e-11
3.880000078438429512e+01 -2.794905433495639864e-11 -2.788227635261413199e-11
3.890000078640603931e+01 -2.789727327495199990e-11 -2.779057199000564108e-11
3.900000078842754903e+01 -2.773370505901470049e-11 -2.769916924158463499e-11
3.910000079044929322e+01 -2.773393886250159884e-11 -2.760806711534643740e-11
3.920000079247079583e+01 -2.757339634828060083e-11 -2.751726462254989998e-11
3.930000079449230554e+01 -2.753499073309440052e-11 -2.742676077770519180e-11
3.940000079651404974e+01 -2.748295009718269896e-11 -2.733655459856375365e-11
3.950000079853555945e+01 -2.730331364543179853e-11 -2.724664510610824902e-11
3.960000080055730365e+01 -2.727118211182029839e-11 -2.715703132454047311e-11
3.970000080257881336e+01 -2.715278648799200066e-11 -2.706771228127244766e-11
3.980000080460055756e+01 -2.704763440204440036e-11 -2.697868700691419424e-11
3.990000080662206017e+01 -2.702428355455689929e-11 -2.688995453526486462e-11
4.000000080864356278e+01 -2.685602719987880089e-11 -2.680151390330080163e-11
4.010000081066530697e+01 -2.684763339439400021e-11 -2.671336415116571958e-11
4.020000081268681669e+01 -2.672870583146280042e-11 -2.662550432216091062e-11
4.030000081470856088e+01 -2.662200641094439994e-11 -2.653793346273341213e-11
4.040000081673007060e+01 -2.657251709062310066e-11 -2.645065062246729549e-11
4.050000081875181479e+01 -2.647415839062419840e-11 -2.636365485407172692e-11
4.060000082077332451e+01 -2.640282543988369894e-11 -2.627694521337230466e-11
4.070000082279506870e+01 -2.634060978536720028e-11 -2.619052075929918120e-11
4.080000082481657131e+01 -2.614998181818929842e-11 -2.610438055387849742e-11
4.090000082683807392e+01 -2.614113795862250067e-11 -2.601852366222077301e-11
4.100000082885981811e+01 -2.594557419785160120e-11 -2.593294915251133568e-11
4.110000083088132783e+01 -2.598265549384210089e-11 -2.584765609600087327e-11
4.120000083290307202e+01 -2.582056879203960135e-11 -2.576264356699389194e-11
4.130000083492458174e+01 -2.586176281918549935e-11 -2.567791064284030222e-11
4.140000083694632593e+01 -2.571117119721330129e-11 -2.559345640392380618e-11
4.150000083896783565e+01 -2.563933322439850097e-11 -2.550927993365349312e-11
4.160000084098933826e+01 -2.555210887162999996e-11 -2.542538031845251107e-11
4.170000084301108245e+01 -2.550508452186329840e-11 -2.534175664774875459e-11
4.180000084503258506e+01 -2.537224917491099951e-11 -2.525840801396555894e-11
4.190000084705433636e+01 -2.531041242271120011e-11 -2.517533351251047822e-11
4.200000084907583897e+01 -2.516926797755089929e-11 -2.509253224176706853e-11
4.210000085109758317e+01 -2.515533812708319929e-11 -2.501000330308346250e-11
4.220000085311909288e+01 -2.501363248046680126e-11 -2.492774580076424287e-11
4.230000085514059549e+01 -2.500368631987359860e-11 -2.484575884205935641e-11
4.240000085716233968e+01 -2.484072246724730082e-11 -2.476404153715495345e-11
4.250000085918384940e+01 -2.486203798409659869e-11 -2.468259299916437619e-11
4.260000086120559359e+01 -2.474644385584049847e-11 -2.460141234411714038e-11
4.270000086322710331e+01 -2.463374912837939956e-11 -2.452049869095089939e-11
4.280000086524884750e+01 -2.449787228143459901e-11 -2.443985116150034191e-11
4.290000086727035011e+01 -2.447497034294450043e-11 -2.435946888048918505e-11
4.300000086929185272e+01 -2.433479215111949887e-11 -2.427935097551935643e-11
4.310000087131360402e+01 -2.431309322554810005e-11 -2.419949657706206319e-11
4.320000087333510663e+01 -2.420298950918420064e-11 -2.411990481844898057e-11
4.330000087535685083e+01 -2.420749892500830026e-11 -2.404057483586145980e-11
4.340000087737836054e+01 -2.412295388689069842e-11 -2.396150576832269895e-11
4.350000087940010474e+01 -2.402775913676159843e-11 -2.388269675768688619e-11
4.360000088142161445e+01 -2.395547254879330117e-11 -2.380414694863139005e-11
4.370000088344311706e+01 -2.388495938641559983e-11 -2.372585548864615796e-11
4.380000088546486126e+01 -2.375673480667680100e-11 -2.364782152802502108e-11
4.390000088748636387e+01 -2.367396293635400054e-11 -2.357004421985705101e-11
4.400000088950810806e+01 -2.362230355960279956e-11 -2.349252272001604547e-11
4.410000089152961777e+01 -2.351285815239210150e-11 -2.341525618715286723e-11
4.420000089355136197e+01 -2.350492280407039865e-11 -2.333824378268481675e-11
4.430000089557287168e+01 -2.339654533821240066e-11 -2.326148467078802280e-11
4.440000089759437429e+01 -2.331282253131980029e-11 -2.318497801838707036e-11
4.450000089961612559e+01 -2.329436718003869902e-11 -2.310872299514651233e-11
4.460000090163762820e+01 -2.309726644653040078e-11 -2.303271877346242647e-11
4.470000090365937950e+01 -2.313446573476279961e-11 -2.295696452845211767e-11
4.480000090568088211e+01 -2.299195710705560026e-11 -2.288145943794665391e-11
4.490000090770262631e+01 -2.296558628864909884e-11 -2.280620268248048128e-11
4.500000090972412892e+01 -2.286489680670489846e-11 -2.273119344528396643e-11
4.510000091174587311e+01 -2.276848234555750099e-11 -2.265643091227310850e-11
4.520000091376738283e+01 -2.272224649449850054e-11 -2.258191427204213006e-11
4.530000091578888544e+01 -2.266942872432500117e-11 -2.250764271585342167e-11
4.540000091781063674e+01 -2.257913004438719965e-11 -2.243361543762928623e-11
4.550000091983213935e+01 -2.246054643473319881e-11 -2.235983163394376414e-11
4.560000092185389065e+01 -2.238217558249609905e-11 -2.228629050401260048e-11
4.570000092387539326e+01 -2.237176841175019995e-11 -2.221299124968605887e-11
4.580000092589713745e+01 -2.219494795485000033e-11 -2.213993307543876268e-11
4.590000092791864006e+01 -2.215181744631140107e-11 -2.206711518836253151e-11
4.600000092994014267e+01 -2.204649274495590157e-11 -2.199453679815650994e-11
4.610000093196189397e+01 -2.205291952402179938e-11 -2.192219711711913162e-11
4.620000093398339658e+01 -2.202118843672970108e-11 -2.185009536014010270e-11
4.630000093600514788e+01 -2.189729191777389859e-11 -2.177823074469063079e-11
4.640000093802665049e+01 -2.185430367454360107e-11 -2.170660249081635513e-11
4.650000094004839468e+01 -2.178385499110640000e-11 -2.163520982112747859e-11
4.660000094206990440e+01 -2.168389764990119956e-11 -2.156405196079170109e-11
4.670000094409140701e+01 -2.162043455887330133e-11 -2.149312813752464241e-11
4.680000094611315831e+01 -2.147697800356760099e-11 -2.142243758158193547e-11
4.690000094813465381e+01 -2.150392018983470115e-11 -2.135197952575141987e-11
4.700000095015640511e+01 -2.135791749687049878e-11 -2.128175320534357757e-11
4.710000095217790772e+01 -2.135806379213089971e-11 -2.121175785818464081e-11
4.720000095419965902e+01 -2.125878641771409874e-11 -2.114199272460693414e-11
4.730000095622116163e+01 -2.120818616011590041e-11 -2.107245704744200168e-11
4.740000095824266424e+01 -2.117680066081859947e-11 -2.100315007201118507e-11
4.750000096026441554e+01 -2.105449945826540081e-11 -2.093407104611795584e-11
4.760000096228591815e+01 -2.098598701098619952e-11 -2.086521922004025754e-11
4.770000096430766945e+01 -2.095960703979619935e-11 -2.079659384652117737e-11
4.780000096632917206e+01 -2.084472402547760145e-11 -2.072819418076219623e-11
4.790000096835091625e+01 -2.082158253915299936e-11 -2.066001948041375368e-11
4.800000097037241886e+01 -2.071320106826090063e-11 -2.059206900556853359e-11
4.810000097239392858e+01 -2.066869936569280065e-11 -2.052434201875225205e-11
4.820000097441567277e+01 -2.060697793532470030e-11 -2.045683778491619658e-11
4.830000097643717538e+01 -2.048329879633330008e-11 -2.038955557142968459e-11
4.840000097845892668e+01 -2.051189290488410026e-11 -2.032249464807099021e-11
4.850000098048042929e+01 -2.037930901613369918e-11 -2.025565428702074949e-11
4.860000098250218059e+01 -2.030092614037249999e-11 -2.018903376285270631e-11
4.870000098452368320e+01 -2.020753490753690061e-11 -2.012263235252719510e-11
4.880000098654518581e+01 -2.014379318856039906e-11 -2.005644933538210971e-11
4.890000098856693711e+01 -2.010203231712640041e-11 -1.999048399312559773e-11
4.900000099058843972e+01 -1.998669845382980015e-11 -1.992473560982874509e-11
4.910000099261018391e+01 -1.994727888746019957e-11 -1.985920347191666773e-11
4.920000099463168652e+01 -1.990836938568720134e-11 -1.979388686816206219e-11
4.930000099665343782e+01 -1.987685055763730001e-11 -1.972878508967619383e-11
4.940000099867494043e+01 -1.981951520033909922e-11 -1.966389742990250883e-11
4.950000100069645015e+01 -1.974733859766099954e-11 -1.959922318460780337e-11
4.960000100271819434e+01 -1.968053319858060106e-11 -1.953476165187510859e-11
4.970000100473970406e+01 -1.961387502763130109e-11 -1.947051213209650447e-11
4.980000100676144825e+01 -1.961832086303429935e-11 -1.940647392796446027e-11
4.990000100878295086e+01 -1.951904777745899919e-11 -1.934264634446548204e-11
5.000000101080469506e+01 -1.946789950445119862e-11 -1.927902868887136261e-11
5.010000101282619767e+01 -1.940156061722179849e-11 -1.921562027073287110e-11
5.020000101484794897e+01 -1.932256174736579953e-11 -1.915242040187103844e-11
5.030000101686945158e+01 -1.924847432816709881e-11 -1.908942839637093415e-11
5.040000101889096129e+01 -1.919629539172840014e-11 -1.902664357057311338e-11
5.050000102091270548e+01 -1.909981660439309944e-11 -1.896406524306669578e-11
5.060000102293421520e+01 -1.902539492257640078e-11 -1.890169273468237966e-11
5.070000102495595939e+01 -1.897401529343579968e-11 -1.883952536848406361e-11
5.080000102697746200e+01 -1.895699824475220050e-11 -1.877756246976266195e-11
5.090000102899920620e+01 -1.883482077420060058e-11 -1.871580336602759715e-11
5.100000103102070881e+01 -1.881490528953629971e-11 -1.865424738700071543e-11
5.110000103304221852e+01 -1.873574326257929883e-11 -1.859289386460792778e-11
5.120000103506396272e+01 -1.867310326825380002e-11 -1.853174213297245032e-11
5.130000103708547243e+01 -1.862373028634979851e-11 -1.847079152840798652e-11
5.140000103910721663e+01 -1.851701564061800007e-11 -1.841004138941052324e-11
5.150000104112872634e+01 -1.854261669582000082e-11 -1.834949105665228524e-11
5.160000104315047054e+01 -1.839121418470429991e-11 -1.828913987297345686e-11
5.170000104517198025e+01 -1.837984767855870119e-11 -1.822898718337616563e-11
5.180000104719347576e+01 -1.823423154017960153e-11 -1.816903233501641072e-11
5.190000104921522706e+01 -1.822330558783600022e-11 -1.810927467719735513e-11
5.200000105123672967e+01 -1.826019858438259909e-11 -1.804971356136275012e-11
5.210000105325848097e+01 -1.811932893311870086e-11 -1.799034834108884772e-11
5.220000105527997647e+01 -1.813756537200260037e-11 -1.793117837207857156e-11
5.230000105730172066e+01 -1.797622549876330143e-11 -1.787220301215332271e-11
5.240000105932323038e+01 -1.801423204554840116e-11 -1.781342162124720553e-11
5.250000106134474009e+01 -1.793675316937449864e-11 -1.775483356139907897e-11
5.260000106336648429e+01 -1.787538004638119886e-11 -1.769643819674602964e-11
5.270000106538799400e+01 -1.782196413017090158e-11 -1.763823489351690617e-11
5.280000106740973820e+01 -1.771725183605739874e-11 -1.758022302002447723e-11
5.290000106943124081e+01 -1.772701422204729886e-11 -1.752240194665966056e-11
5.300000107145298500e+01 -1.767160025326899848e-11 -1.746477104588359698e-11
5.310000107347449472e+01 -1.752117271944279921e-11 -1.740732969222195056e-11
5.320000107549599022e+01 -1.752788606430580040e-11 -1.735007726225715701e-11
5.330000107751774863e+01 -1.739810107553090068e-11 -1.729301313462202280e-11
5.340000107953924413e+01 -1.740495663514759998e-11 -1.723613668999349537e-11
5.350000108156100254e+01 -1.733100332946209966e-11 -1.717944731108484375e-11
5.360000108358249804e+01 -1.721190516248309969e-11 -1.712294438264020752e-11
5.370000108560425645e+01 -1.722089305888580021e-11 -1.706662729142668372e-11
5.380000108762575195e+01 -1.709932115503569962e-11 -1.701049542622886934e-11
5.390000108964725456e+01 -1.708744755999339926e-11 -1.695454817784120349e-11
5.400000109166900586e+01 -1.705290403285809997e-11 -1.689878493906180549e-11
5.410000109369050847e+01 -1.695803157621299967e-11 -1.684320510468628077e-11
5.420000109571225266e+01 -1.697394019786810069e-11 -1.678780807150019543e-11
5.430000109773376238e+01 -1.687360568282330011e-11 -1.673259323827361233e-11
5.440000109975550657e+01 -1.689734200724640096e-11 -1.667756000575351400e-11
5.450000110177701629e+01 -1.675659442699599966e-11 -1.662270777665832253e-11
5.460000110379852600e+01 -1.671183865671269955e-11 -1.656803595567053902e-11
5.470000110582027020e+01 -1.667969782567430089e-11 -1.651354394943063336e-11
5.480000110784177281e+01 -1.655735064232419962e-11 -1.645923116653103429e-11
5.490000110986351700e+01 -1.657735655022709984e-11 -1.640509701750876232e-11
5.500000111188501961e+01 -1.644415188963740062e-11 -1.635114091484010795e-11
5.510000111390677091e+01 -1.642150570688020067e-11 -1.629736227293318063e-11
5.520000111592826642e+01 -1.638773141152460027e-11 -1.624376050812264192e-11
5.530000111795002482e+01 -1.633119395197950083e-11 -1.619033503866225441e-11
5.540000111997152032e+01 -1.627922760092660154e-11 -1.613708528471970860e-11
5.550000112199303004e+01 -1.621508424347059898e-11 -1.608401066836931075e-11
5.560000112401477423e+01 -1.615688196248729991e-11 -1.603111061358620556e-11
5.570000112603628395e+01 -1.613726322967099975e-11 -1.597838454624042112e-11
5.580000112805802814e+01 -1.602785679141129857e-11 -1.592583189408980229e-11
5.590000113007953075e+01 -1.605164751116370057e-11 -1.587345208677478270e-11
5.600000113210128205e+01 -1.590357685089239841e-11 -1.582124455581120184e-11
5.610000113412278466e+01 -1.597044840154890010e-11 -1.576920873458514163e-11
5.620000113614429438e+01 -1.588632486468080078e-11 -1.571734405834587925e-11
5.630000113816603857e+01 -1.575727979608749949e-11 -1.566564996420015825e-11
5.640000114018754829e+01 -1.575814592577029976e-11 -1.561412589110644353e-11
5.650000114220929248e+01 -1.564887623002959952e-11 -1.556277127986794848e-11
5.660000114423078799e+01 -1.568413397217019938e-11 -1.551158557312759430e-11
5.670000114625254639e+01 -1.556597331570879925e-11 -1.546056821536090149e-11
5.680000114827404190e+01 -1.553756484219169962e-11 -1.540971865287106224e-11
5.690000115029555161e+01 -1.543711195883070129e-11 -1.535903633378193529e-11
5.700000115231729581e+01 -1.540797742878370151e-11 -1.530852070803252705e-11
5.710000115433879841e+01 -1.540430934005539986e-11 -1.525817122737134678e-11
5.720000115636054261e+01 -1.534867492946319909e-11 -1.520798734534959846e-11
5.730000115838205232e+01 -1.525685838836999888e-11 -1.515796851731624037e-11
5.740000116040379652e+01 -1.527811372614479893e-11 -1.510811420041109618e-11
5.750000116242530623e+01 -1.520913015277879889e-11 -1.505842385355991774e-11
5.760000116444681595e+01 -1.512934217577809855e-11 -1.500889693746769658e-11
5.770000116646856014e+01 -1.504945424560389925e-11 -1.495953291461315792e-11
5.780000116849006275e+01 -1.505250679838899974e-11 -1.491033124924326773e-11
5.790000117051181405e+01 -1.498010914666939885e-11 -1.486129140736661202e-11
5.800000117253331666e+01 -1.499493484437919967e-11 -1.481241285674854043e-11
5.810000117455506086e+01 -1.491932962445160045e-11 -1.476369506690443239e-11
5.820000117657655636e+01 -1.484397702610369948e-11 -1.471513750909490537e-11
5.830000117859806608e+01 -1.477650346036309872e-11 -1.466673965631922323e-11
5.840000118061981027e+01 -1.473521342734190112e-11 -1.461850098330996803e-11
5.850000118264131999e+01 -1.469723804318960086e-11 -1.457042096652765042e-11
5.860000118466306418e+01 -1.465364912351499892e-11 -1.452249908415424087e-11
5.870000118668457390e+01 -1.453752456460589950e-11 -1.447473481608841492e-11
5.880000118870631809e+01 -1.462737346071310013e-11 -1.442712764393900369e-11
5.890000119072782780e+01 -1.451292960787900015e-11 -1.437967705102026497e-11
5.900000119274933041e+01 -1.450682089034329995e-11 -1.433238252234549200e-11
5.910000119477107461e+01 -1.440568822945470038e-11 -1.428524354462176279e-11
5.920000119679258432e+01 -1.442269853436340007e-11 -1.423825960624469596e-11
5.930000119881432852e+01 -1.435826504067880009e-11 -1.419143019729213375e-11
5.940000120083583823e+01 -1.428463490766189926e-11 -1.414475480951948108e-11
5.950000120285758243e+01 -1.424821035881359987e-11 -1.409823293635331106e-11
5.960000120487909214e+01 -1.424802595806359926e-11 -1.405186407288675083e-11
5.970000120690058765e+01 -1.412258529121889944e-11 -1.400564771587322607e-11
5.980000120892233184e+01 -1.414215244460479935e-11 -1.395958336372133631e-11
5.990000121094384156e+01 -1.397108378280129953e-11 -1.391367051648972062e-11
6.000000121296558575e+01 -1.400414752522429928e-11 -1.386790867588090380e-11
6.010000121498708836e+01 -1.398314495834129996e-11 -1.382229734523672756e-11
6.020000121700883255e+01 -1.398848271884730029e-11 -1.377683602953209493e-11
6.030000121903034227e+01 -1.392467514781010034e-11 -1.373152423537047729e-11
6.040000122105208646e+01 -1.387513196987680033e-11 -1.368636147097768958e-11
6.050000122307359618e+01 -1.382249522302469976e-11 -1.364134724619740696e-11
6.060000122509510589e+01 -1.381912639294480071e-11 -1.359648107248510967e-11
6.070000122711685009e+01 -1.374258158386749965e-11 -1.355176246290308597e-11
6.080000122913835980e+01 -1.368835103819199972e-11 -1.350719093211546746e-11
6.090000123116010400e+01 -1.363030732922139951e-11 -1.346276599638224492e-11
6.100000123318160661e+01 -1.359964264968489984e-11 -1.341848717355482388e-11
6.110000123520335080e+01 -1.346566220370640069e-11 -1.337435398306997903e-11
6.120000123722486052e+01 -1.350942921761229938e-11 -1.333036594594545988e-11
6.130000123924635602e+01 -1.333504637338889949e-11 -1.328652258477408091e-11
6.140000124126811443e+01 -1.337629928227610064e-11 -1.324282342371881827e-11
6.150000124328960993e+01 -1.331170317116990065e-11 -1.319926798850801309e-11
6.160000124531135413e+01 -1.334606554459650056e-11 -1.315585580642943745e-11
6.170000124733286384e+01 -1.330366962831059954e-11 -1.311258640632603570e-11
6.180000124935460803e+01 -1.329944201941250046e-11 -1.306945931858995160e-11
6.190000125137611775e+01 -1.321807388907060016e-11 -1.302647407515828256e-11
6.200000125339762036e+01 -1.318509952361469962e-11 -1.298363020950727812e-11
6.210000125541936455e+01 -1.308706337836359961e-11 -1.294092725664756257e-11
6.220000125744087427e+01 -1.309796175774440080e-11 -1.289836475311941754e-11
6.230000125946261846e+01 -1.300649643468180002e-11 -1.285594223698702233e-11
6.240000126148412818e+01 -1.295509963215940066e-11 -1.281365924783426478e-11
6.250000126350587237e+01 -1.293301009737210061e-11 -1.277151532675893638e-11
6.260000126552738209e+01 -1.290949628814830053e-11 -1.272951001636853991e-11
6.270000126754887759e+01 -1.290506678306959946e-11 -1.268764286077465905e-11
6.280000126957063600e+01 -1.282230948778020079e-11 -1.264591340558824251e-11
6.290000127159213150e+01 -1.281324712207809930e-11 -1.260432119791506425e-11
6.300000127361388280e+01 -1.268922307899109969e-11 -1.256286578635003493e-11
6.310000127563537831e+01 -1.265357305699169961e-11 -1.252154672097313233e-11
6.320000127765712961e+01 -1.262860286307259979e-11 -1.248036355334372089e-11
6.330000127967863222e+01 -1.258321908144759948e-11 -1.243931583649647075e-11
6.340000128170014193e+01 -1.257317694818679930e-11 -1.239840312493581307e-11
6.350000128372188613e+01 -1.250370709743279951e-11 -1.235762497463142606e-11
6.360000128574339584e+01 -1.250954545566430013e-11 -1.231698094301366610e-11
6.370000128776514003e+01 -1.247135675275890061e-11 -1.227647058896812485e-11
6.380000128978664975e+01 -1.240143178965050018e-11 -1.223609347283158702e-11
6.390000129180839394e+01 -1.237600406471380037e-11 -1.219584915638650025e-11
6.400000129382989655e+01 -1.233958210547309930e-11 -1.215573720285698940e-11
6.410000129585139916e+01 -1.224602464588410014e-11 -1.211575717690343634e-11
6.420000129787315757e+01 -1.224569235009180033e-11 -1.207590864461804508e-11
6.430000129989464597e+01 -1.218865588310329951e-11 -1.203619117352044420e-11
6.440000130191640437e+01 -1.214382278606050039e-11 -1.199660433255226327e-11
6.450000130393790698e+01 -1.210812329478400080e-11 -1.195714769207329104e-11
6.460000130595965118e+01 -1.208742957883030070e-11 -1.191782082385600505e-11
6.470000130798115379e+01 -1.207746621581800003e-11 -1.187862330108169093e-11
6.480000131000289798e+01 -1.196529226569110073e-11 -1.183955469833505937e-11
6.490000131202440059e+01 -1.200007698658260033e-11 -1.180061459160038151e-11
6.500000131404591741e+01 -1.181576562052949930e-11 -1.176180255825622226e-11
6.510000131606766161e+01 -1.183069348689100074e-11 -1.172311817707115887e-11
6.520000131808916422e+01 -1.181000062068820021e-11 -1.168456102819945447e-11
6.530000132011090841e+01 -1.179782752286399934e-11 -1.164613069317587200e-11
6.540000132213242523e+01 -1.178848377220149938e-11 -1.160782675491186630e-11
6.550000132415416942e+01 -1.175120557221139991e-11 -1.156964879769033502e-11
6.560000132617567203e+01 -1.173038772303769935e-11 -1.153159640716181880e-11
6.570000132819716043e+01 -1.166554750334219931e-11 -1.149366917033937339e-11
6.580000133021891884e+01 -1.161513862135999993e-11 -1.145586667559434809e-11
6.590000133224042145e+01 -1.149259353012040069e-11 -1.141818851265223858e-11
6.600000133426217985e+01 -1.150073255490349948e-11 -1.138063427258753319e-11
6.610000133628366825e+01 -1.146745194000169940e-11 -1.134320354782006001e-11
6.620000133830542666e+01 -1.137906744681550009e-11 -1.130589593210977185e-11
6.630000134032692927e+01 -1.136516404743759997e-11 -1.126871102055313856e-11
6.640000134234843188e+01 -1.135326014624770005e-11 -1.123164840957805800e-11
6.650000134437017607e+01 -1.136823146413779980e-11 -1.119470769693977661e-11
6.660000134639167868e+01 -1.133819670226439966e-11 -1.115788848171678913e-11
6.670000134841342287e+01 -1.127906121804650056e-11 -1.112119036430584796e-11
6.680000135043493970e+01 -1.123507582739480080e-11 -1.108461294641835404e-11
6.690000135245668389e+01 -1.120330266548740040e-11 -1.104815583107533551e-11
6.700000135447818650e+01 -1.119784534712770028e-11 -1.101181862260381108e-11
6.710000135649970332e+01 -1.106228699135099991e-11 -1.097560092663189642e-11
6.720000135852144751e+01 -1.101876862086210040e-11 -1.093950235008480553e-11
6.730000136054293591e+01 -1.096571943554700065e-11 -1.090352250118082638e-11
6.740000136256469432e+01 -1.102250685378530031e-11 -1.086766098942644016e-11
6.750000136458619693e+01 -1.095282423100170041e-11 -1.083191742561283974e-11
6.760000136660794112e+01 -1.091504648323549945e-11 -1.079629142181094717e-11
6.770000136862944373e+01 -1.083762385268839982e-11 -1.076078259136793047e-11
6.780000137065094634e+01 -1.084272005038129926e-11 -1.072539054890239243e-11
6.790000137267269054e+01 -1.080615707469299967e-11 -1.069011491030045282e-11
6.800000137469420736e+01 -1.070365558635870071e-11 -1.065495529271182086e-11
6.810000137671595155e+01 -1.067686736087649933e-11 -1.061991131454507934e-11
6.820000137873745416e+01 -1.072224339056280030e-11 -1.058498259546416913e-11
6.830000138075919836e+01 -1.072012662505449936e-11 -1.055016875638363123e-11
6.840000138278071518e+01 -1.068378025503630055e-11 -1.051546941946513489e-11
6.850000138480221779e+01 -1.061096509028429919e-11 -1.048088420811281990e-11
6.860000138682396198e+01 -1.066369221311799948e-11 -1.044641274696942883e-11
6.870000138884546459e+01 -1.051478839896709957e-11 -1.041205466191250558e-11
6.880000139086720878e+01 -1.055073507002700017e-11 -1.037780958004974250e-11
6.890000139288872560e+01 -1.049997825814659939e-11 -1.034367712971558922e-11
6.900000139491046980e+01 -1.043516257120030063e-11 -1.030965694046659821e-11
6.910000139693195820e+01 -1.041109740689059994e-11 -1.027574864307800616e-11
6.920000139895371660e+01 -1.035179040058139941e-11 -1.024195186953909402e-11
6.930000140097521921e+01 -1.033939692200269973e-11 -1.020826625304987180e-11
6.940000140299672182e+01 -1.034543664970380075e-11 -1.017469142801648874e-11
6.950000140501846602e+01 -1.028893393660510015e-11 -1.014122703004753031e-11
6.960000140703996863e+01 -1.021255086447349929e-11 -1.010787269595030403e-11
6.970000140906171282e+01 -1.020761378273180029e-11 -1.007462806372632873e-11
6.980000141108322964e+01 -1.020412519502549990e-11 -1.004149277256804684e-11
6.990000141310497384e+01 -1.014188193495549985e-11 -1.000846646285428457e-11
7.000000141512647645e+01 -1.007800046803899963e-11 -9.975548776146962598e-12
7.010000141714799327e+01 -1.002071104469630029e-11 -9.942739355186661274e-12
7.020000141916973746e+01 -1.003730548349380030e-11 -9.910037843888990391e-12
7.030000142119124007e+01 -1.001461532383339960e-11 -9.877443887340946041e-12
7.040000142321298426e+01 -9.949689387679589308e-12 -9.844957131796511372e-12
7.050000142523448687e+01 -9.928642213295050679e-12 -9.812577224673451259e-12
7.060000142725623107e+01 -9.932192720514630766e-12 -9.780303814548853290e-12
7.070000142927773368e+01 -9.907878998511530305e-12 -9.748136551155943435e-12
7.080000143129923629e+01 -9.845958010408150145e-12 -9.716075085379733663e-12
7.090000143332098048e+01 -9.862530836397469683e-12 -9.684119069253472492e-12
7.100000143534249730e+01 -9.816984068733649213e-12 -9.652268155955087466e-12
7.110000143736424150e+01 -9.762233006978520759e-12 -9.620521999802913546e-12
7.120000143938574411e+01 -9.784018237599790716e-12 -9.588880256252515245e-12
7.130000144140748830e+01 -9.742763130912219876e-12 -9.557342581892352015e-12
7.140000144342900512e+01 -9.736738340325240046e-12 -9.525908634440666617e-12
7.150000144545050773e+01 -9.665248109282639365e-12 -9.494578072741242599e-12
7.160000144747225193e+01 -9.632555614377589924e-12 -9.463350556759904925e-12
7.170000144949375454e+01 -9.569614166147870170e-12 -9.432225747581083629e-12
7.180000145151549873e+01 -9.557136001957850804e-12 -9.401203307403589049e-12
7.190000145353701555e+01 -9.494164078464030393e-12 -9.370282899537555139e-12
7.200000145555875974e+01 -9.477768955187279220e-12 -9.339464188400190474e-12
7.210000145758026235e+01 -9.439966422566669877e-12 -9.308746839512724790e-12
7.220000145960176496e+01 -9.376860567307920278e-12 -9.278130519496255312e-12
7.230000146162350916e+01 -9.390241096712659453e-12 -9.247614896068362095e-12
7.240000146364501177e+01 -9.306019183215100523e-12 -9.217199638039718524e-12
7.250000146566675596e+01 -9.284382057637669231e-12 -9.186884415309979646e-12
7.260000146768827278e+01 -9.326708869015530129e-12 -9.156668898864780407e-12
7.270000146971001698e+01 -9.276942921053599979e-12 -9.126552760771604596e-12
7.280000147173151959e+01 -9.244333846717000374e-12 -9.096535674176778241e-12
7.290000147375302220e+01 -9.221489426357100655e-12 -9.066617313301425788e-12
7.300000147577476639e+01 -9.228009195651229921e-12 -9.036797353438161383e-12
7.310000147779628321e+01 -9.163006350166740773e-12 -9.007075470947755916e-12
7.320000147981802741e+01 -9.105437229325619882e-12 -8.977451343255169136e-12
7.330000148183953002e+01 -9.108616034667779779e-12 -8.947924648846560818e-12
7.340000148386127421e+01 -9.098073654919969221e-12 -8.918495067265272794e-12
7.350000148588277682e+01 -9.034330082982539672e-12 -8.889162279108903129e-12
7.360000148790427943e+01 -9.064106703060839231e-12 -8.859925966025351162e-12
7.370000148992603783e+01 -9.033290245731009227e-12 -8.830785810709562095e-12
7.380000149194752623e+01 -8.955305159566860533e-12 -8.801741496900326521e-12
7.390000149396927043e+01 -8.974252232788309896e-12 -8.772792709376301226e-12
7.400000149599078725e+01 -8.870512661234709978e-12 -8.743939133953198073e-12
7.410000149801253144e+01 -8.863153721969469924e-12 -8.715180457479803192e-12
7.420000150003403405e+01 -8.829984380857349933e-12 -8.686516367835117393e-12
7.430000150205577825e+01 -8.787685178783249605e-12 -8.657946553924428671e-12
7.440000150407729507e+01 -8.756258904227759958e-12 -8.629470705676486547e-12
7.450000150609879768e+01 -8.688618133226100274e-12 -8.601088514039661816e-12
7.460000150812054187e+01 -8.736997084422169958e-12 -8.572799670978779993e-12
7.470000151014204448e+01 -8.687167751673269596e-12 -8.544603869472000008e-12
7.480000151216378868e+01 -8.652052526690679945e-12 -8.516500803506996561e-12
7.490000151418530550e+01 -8.632206263867990624e-12 -8.488490168078181323e-12
7.500000151620704969e+01 -8.614864284064509252e-12 -8.460571659182867527e-12
7.510000151822855230e+01 -8.641340684384730382e-12 -8.432744973818483079e-12
7.520000152025005491e+01 -8.541648926365369689e-12 -8.405009809978830477e-12
7.530000152227181331e+01 -8.438554529813419330e-12 -8.377365866651009117e-12
7.540000152429330171e+01 -8.449412857617319732e-12 -8.349812843812348908e-12
7.550000152631506012e+01 -8.388471642697619910e-12 -8.322350442426662107e-12
7.560000152833656273e+01 -8.461591168913310175e-12 -8.294978364441579221e-12
7.570000153035830692e+01 -8.376365375491310485e-12 -8.267696312784736219e-12
7.580000153237980953e+01 -8.364878250769110753e-12 -8.240503991361110427e-12
7.590000153440131214e+01 -8.310730437059290772e-12 -8.213401105049324069e-12
7.600000153642305634e+01 -8.348354267502749674e-12 -8.186387359698657040e-12
7.610000153844457316e+01 -8.340004062105559984e-12 -8.159462462126035459e-12
7.620000154046631735e+01 -8.229657005795430308e-12 -8.132626120112409517e-12
7.630000154248781996e+01 -8.281541716422949745e-12 -8.105878042400082914e-12
7.640000154450956416e+01 -8.250788342707260763e-12 -8.079217938689047090e-12
7.650000154653106677e+01 -8.186794594871700654e-12 -8.052645519634339744e-12
7.660000154855256937e+01 -8.157384268642980240e-12 -8.026160496842461455e-12
7.670000155057432778e+01 -8.114024340190729951e-12 -7.999762582868430476e-12
7.680000155259581618e+01 -8.067523285322400003e-12 -7.973451491212868204e-12
7.690000155461757458e+01 -8.082917937182129269e-12 -7.947226936318412585e-12
7.700000155663907719e+01 -8.025861704756799922e-12 -7.921088633567173562e-12
7.710000155866083560e+01 -7.990968406751539958e-12 -7.895036299277089923e-12
7.720000156068232400e+01 -7.999851954693199846e-12 -7.869069650699404141e-12
7.730000156270384082e+01 -7.984151100210360644e-12 -7.843188406015090313e-12
7.740000156472558501e+01 -7.936269325037419909e-12 -7.817392284332059189e-12
7.750000156674708762e+01 -7.936259937277480656e-12 -7.791681005682233962e-12
7.760000156876883182e+01 -7.912196665186270093e-12 -7.766054291018107454e-12
7.770000157079033443e+01 -7.899793305921519527e-12 -7.740511862210199178e-12
7.780000157281207862e+01 -7.828320868025619808e-12 -7.715053442043549516e-12
7.790000157483359544e+01 -7.817525497323779851e-12 -7.689678754215197787e-12
7.800000157685509805e+01 -7.810782478826040095e-12 -7.664387523330760434e-12
7.810000157887684225e+01 -7.799155705067900143e-12 -7.639179474901613439e-12
7.820000158089834486e+01 -7.675084939443439514e-12 -7.614054335342111897e-12
7.830000158292010326e+01 -7.683902618414750020e-12 -7.589011831966177901e-12
7.840000158494159166e+01 -7.696372723226590005e-12 -7.564051692984851303e-12
7.850000158696335006e+01 -7.714913471137640353e-12 -7.539173647502817826e-12
7.860000158898485267e+01 -7.603218351086440187e-12 -7.514377425515996987e-12
7.870000159100659687e+01 -7.590958527465479424e-12 -7.489662757908091204e-12
7.880000159302809948e+01 -7.654826568808099994e-12 -7.465029376448172111e-12
7.890000159504960209e+01 -7.560212530907069619e-12 -7.440477013787329828e-12
7.900000159707134628e+01 -7.553183397138260301e-12 -7.416005403455966852e-12
7.910000159909286310e+01 -7.475738246439740337e-12 -7.391614279861075796e-12
7.920000160111460730e+01 -7.532972912397179618e-12 -7.367303378282951665e-12
7.930000160313610991e+01 -7.454721704909529524e-12 -7.343072434872771709e-12
7.940000160515785410e+01 -7.433528027444330628e-12 -7.318921186649278625e-12
7.950000160717937092e+01 -7.412781151094280486e-12 -7.294849371496384633e-12
7.960000160920087353e+01 -7.416980673608269985e-12 -7.270856728159941928e-12
7.970000161122261773e+01 -7.403861363380699256e-12 -7.246942996245041409e-12
7.980000161324412034e+01 -7.357469972625520029e-12 -7.223107916213391396e-12
7.990000161526586453e+01 -7.356672347353699918e-12 -7.199351229380086451e-12
8.000000161728736714e+01 -7.366450374517650097e-12 -7.175672677911262355e-12
8.010000161930912554e+01 -7.258978483178060230e-12 -7.152072004820831007e-12
8.020000162133061394e+01 -7.267745403723270169e-12 -7.128548953968170134e-12
8.030000162335213076e+01 -7.220755920300109697e-12 -7.105103270054909078e-12
8.040000162537387496e+01 -7.217080479717760053e-12 -7.081734698622368902e-12
8.050000162739537757e+01 -7.195352292282040314e-12 -7.058442986048938676e-12
8.060000162941712176e+01 -7.136419003821769742e-12 -7.035227879546942850e-12
8.070000163143862437e+01 -7.111313973982900042e-12 -7.012089127160346316e-12
8.080000163346036857e+01 -7.146230556876359954e-12 -6.989026477761567661e-12
8.090000163548188539e+01 -7.093623628335809679e-12 -6.966039681049201997e-12
8.100000163750338800e+01 -7.069280401708819611e-12 -6.943128487544922265e-12
8.110000163952513219e+01 -7.023549934461209707e-12 -6.920292648590924186e-12
8.120000164154664901e+01 -7.089727705011270387e-12 -6.897531916347398669e-12
8.130000164356839321e+01 -6.986931360083850239e-12 -6.874846043789469472e-12
8.140000164558988160e+01 -7.002362009487780211e-12 -6.852234784704932994e-12
8.150000164761164001e+01 -6.906277950323010354e-12 -6.829697893691144226e-12
8.160000164963314262e+01 -6.961461499037070247e-12 -6.807235126152819562e-12
8.170000165165464523e+01 -6.913797343812540353e-12 -6.784846238298979290e-12
8.180000165367638942e+01 -6.879741726212570151e-12 -6.762530987140459594e-12
8.190000165569789203e+01 -6.845484991271909747e-12 -6.740289130487452014e-12
8.200000165771963623e+01 -6.872288132463450052e-12 -6.718120426946488759e-12
8.210000165974115305e+01 -6.842336417426370319e-12 -6.696024635918255204e-12
8.220000166176289724e+01 -6.787306420803989867e-12 -6.674001517594558239e-12
8.230000166378439985e+01 -6.767537100213980075e-12 -6.652050832956133108e-12
8.240000166580591667e+01 -6.826309150703340340e-12 -6.630172343769688504e-12
8.250000166782766087e+01 -6.718645105777850370e-12 -6.608365812585484803e-12
8.260000166984916348e+01 -6.722373139862690317e-12 -6.586631002734903410e-12
8.270000167187090767e+01 -6.700976234192410316e-12 -6.564967678327513663e-12
8.280000167389241028e+01 -6.647269268583550086e-12 -6.543375604248939452e-12
8.290000167591415448e+01 -6.653898076064019881e-12 -6.521854546157880072e-12
8.300000167793567130e+01 -6.618981440496899751e-12 -6.500404270483982498e-12
8.310000167995741549e+01 -6.603016728990439634e-12 -6.479024544424909092e-12
8.320000168197890389e+01 -6.579217833380309631e-12 -6.457715135944205032e-12
8.330000168400042071e+01 -6.589503910343949674e-12 -6.436475813768413676e-12
8.340000168602216490e+01 -6.535558088214860329e-12 -6.415306347384751735e-12
8.350000168804366751e+01 -6.482450877032189914e-12 -6.394206507038733553e-12
8.360000169006541171e+01 -6.517903311581339814e-12 -6.373176063731328479e-12
8.370000169208691432e+01 -6.489899181933570037e-12 -6.352214789216879992e-12
8.380000169410867272e+01 -6.526366964591149799e-12 -6.331322456000233188e-12
8.390000169613017533e+01 -6.445690842977029662e-12 -6.310498837334661172e-12
8.400000169815167794e+01 -6.466585966904450304e-12 -6.289743707219048282e-12
8.410000170017342214e+01 -6.366505380012129929e-12 -6.269056840395591919e-12
8.420000170219493896e+01 -6.365196911970079962e-12 -6.248438012347512449e-12
8.430000170421668315e+01 -6.347272795517989983e-12 -6.227886999296267932e-12
8.440000170623818576e+01 -6.317378508994980317e-12 -6.207403578199508789e-12
8.450000170825992996e+01 -6.313494231965929879e-12 -6.186987526748275567e-12
8.460000171028143257e+01 -6.250182979839769980e-12 -6.166638623364977029e-12
8.470000171230293518e+01 -6.292949146036090398e-12 -6.146356647200638003e-12
8.480000171432467937e+01 -6.287793205680679859e-12 -6.126141378132652909e-12
8.490000171634618198e+01 -6.195536548171100133e-12 -6.105992596762543322e-12
8.500000171836792617e+01 -6.201864016310799963e-12 -6.085910084413231671e-12
8.510000172038944299e+01 -6.160724970593430022e-12 -6.065893623127059719e-12
8.520000172241118719e+01 -6.167640735948509855e-12 -6.045942995663042874e-12
8.530000172443268980e+01 -6.122468494774649791e-12 -6.026057985494881401e-12
8.540000172645420662e+01 -6.104212043323639756e-12 -6.006238376808284202e-12
8.550000172847595081e+01 -6.084663257122259640e-12 -5.986483954498778889e-12
8.560000173049745342e+01 -6.071926891775569943e-12 -5.966794504169503273e-12
8.570000173251919762e+01 -6.072380541317530139e-12 -5.947169812128552572e-12
8.580000173454070023e+01 -6.054612380804010051e-12 -5.927609665387042324e-12
8.590000173656244442e+01 -6.003579264810890327e-12 -5.908113851656421660e-12
8.600000173858396124e+01 -6.075669408274050335e-12 -5.888682159346531376e-12
8.610000174060544964e+01 -5.976313833029030024e-12 -5.869314377563002023e-12
8.620000174262720805e+01 -5.980969352627169790e-12 -5.850010296105072867e-12
8.630000174464871066e+01 -5.965043949104950242e-12 -5.830769705463490012e-12
8.640000174667045485e+01 -5.889662146598460249e-12 -5.811592396817873797e-12
8.650000174869195746e+01 -5.908018526022689738e-12 -5.792478162034841487e-12
8.660000175071370165e+01 -5.832265944734099792e-12 -5.773426793665371441e-12
8.670000175273521847e+01 -5.881987947445060110e-12 -5.754438084942920145e-12
8.680000175475672108e+01 -5.816500068081720404e-12 -5.735511829780867163e-12
8.690000175677846528e+01 -5.810022105495910286e-12 -5.716647822770399522e-12
8.700000175879996789e+01 -5.830790835736010400e-12 -5.697845859178428417e-12
8.710000176082171208e+01 -5.826303561933189793e-12 -5.679105734945049503e-12
8.720000176284322890e+01 -5.777862969345230038e-12 -5.660427246681684973e-12
8.730000176486497310e+01 -5.705690885275299967e-12 -5.641810191668527700e-12
8.740000176688647571e+01 -5.682346410321969899e-12 -5.623254367852682502e-12
8.750000176890797832e+01 -5.729565940394899770e-12 -5.604759573845672482e-12
8.760000177092972251e+01 -5.644012616974450350e-12 -5.586325608921386428e-12
8.770000177295122512e+01 -5.664525150637369647e-12 -5.567952273014026207e-12
8.780000177497298353e+01 -5.663987661981040137e-12 -5.549639366715630879e-12
8.790000177699447192e+01 -5.621605702569249898e-12 -5.531386691274278548e-12
8.800000177901621612e+01 -5.626166476938170237e-12 -5.513194048591542621e-12
8.810000178103773294e+01 -5.576262127939479936e-12 -5.495061241220725160e-12
8.820000178305947713e+01 -5.597422291542119745e-12 -5.476988072364353536e-12
8.830000178508097974e+01 -5.527979408296549747e-12 -5.458974345872392775e-12
8.840000178710249656e+01 -5.549437559591709743e-12 -5.441019866239805218e-12
8.850000178912424076e+01 -5.522484754159289926e-12 -5.423124438604575465e-12
8.860000179114574337e+01 -5.552727122125449896e-12 -5.405287868745711085e-12
8.870000179316748756e+01 -5.508458807202059898e-12 -5.387509963080836200e-12
8.880000179518899017e+01 -5.468223234860489838e-12 -5.369790528664437763e-12
8.890000179721073437e+01 -5.449808631162299869e-12 -5.352129373185426025e-12
8.900000179923225119e+01 -5.438878720579470082e-12 -5.334526304965387275e-12
8.910000180125373959e+01 -5.461639018770459977e-12 -5.316981132956217004e-12
8.920000180327549799e+01 -5.413677195492409721e-12 -5.299493666738148083e-12
8.930000180529700060e+01 -5.352070437159260237e-12 -5.282063716517845179e-12
8.940000180731875901e+01 -5.360051392446039998e-12 -5.264691093126019336e-12
8.950000180934024741e+01 -5.364612251135090301e-12 -5.247375608015735653e-12
8.960000181136200581e+01 -5.366379479681050327e-12 -5.230117073260004439e-12
8.970000181338350842e+01 -5.322965988393789647e-12 -5.212915301550106659e-12
8.980000181540501103e+01 -5.333773098948779834e-12 -5.195770106193245680e-12
8.990000181742675522e+01 -5.350791475750650357e-12 -5.178681301110656222e-12
9.000000181944825783e+01 -5.320144466365030229e-12 -5.161648700835705238e-12
9.010000182147000203e+01 -5.216802964666599927e-12 -5.144672120511598588e-12
9.020000182349151885e+01 -5.227436467987449709e-12 -5.127751375889688711e-12
9.030000182551326304e+01 -5.171846680970380159e-12 -5.110886283327161912e-12
9.040000182753476565e+01 -5.222809933727560019e-12 -5.094076659785361383e-12
9.050000182955626826e+01 -5.172516279087799892e-12 -5.077322322827522957e-12
9.060000183157802667e+01 -5.187338547624180123e-12 -5.060623090616907489e-12
9.070000183359951507e+01 -5.210756029065490152e-12 -5.043978781914970398e-12
9.080000183562127347e+01 -5.145272522255200046e-12 -5.027389216079073183e-12
9.090000183764276187e+01 -5.126277402472119690e-12 -5.010854213060895308e-12
9.100000183966452028e+01 -5.046098110416849627e-12 -4.994373593404106942e-12
9.110000184168602289e+01 -5.135500671544040274e-12 -4.977947178242786496e-12
9.120000184370752550e+01 -5.054477299856250048e-12 -4.961574789299170105e-12
9.130000184572926969e+01 -5.048697882787059778e-12 -4.945256248881849448e-12
9.140000184775078651e+01 -5.015056783224079657e-12 -4.928991379883955014e-12
9.150000184977253070e+01 -4.987691575880809852e-12 -4.912780005780971021e-12
9.160000185179403331e+01 -5.010204017667490275e-12 -4.896621950629116603e-12
9.170000185381577751e+01 -5.027862880626039844e-12 -4.880517039063131640e-12
9.180000185583728012e+01 -4.976484223538420155e-12 -4.864465096294687835e-12
9.190000185785879694e+01 -5.018442553283079880e-12 -4.848465948110213321e-12
9.200000185988054113e+01 -4.999295973711310375e-12 -4.832519420869128443e-12
9.210000186190204374e+01 -4.977855858574790089e-12 -4.816625341502061342e-12
9.220000186392378794e+01 -4.901370654399630009e-12 -4.800783537508716991e-12
9.230000186594529055e+01 -4.880483386947929801e-12 -4.784993836956300388e-12
9.240000186796704895e+01 -4.913613990297759881e-12 -4.769256068477344396e-12
9.250000186998853735e+01 -4.830857494926979707e-12 -4.753570061268170089e-12
9.260000187201029576e+01 -4.893327835747879673e-12 -4.737935645086702477e-12
9.270000187403179837e+01 -4.819576455539489943e-12 -4.722352650250954281e-12
9.280000187605330098e+01 -4.880936694250230115e-12 -4.706820907636899816e-12
9.290000187807504517e+01 -4.855802722051649938e-12 -4.691340248676760046e-12
9.300000188009654778e+01 -4.781123126210030248e-12 -4.675910505357288451e-12
9.310000188211829197e+01 -4.776797999026640315e-12 -4.660531510217677220e-12
9.320000188413980879e+01 -4.726862367167400196e-12 -4.645203096348045063e-12
9.330000188616155299e+01 -4.738870530509759872e-12 -4.629925097387330488e-12
9.340000188818305560e+01 -4.719997723289890095e-12 -4.614697347521773147e-12
9.350000189020457242e+01 -4.731104741015749656e-12 -4.599519681482862038e-12
9.360000189222631661e+01 -4.664299071749119707e-12 -4.584391934545655300e-12
9.370000189424781922e+01 -4.648683883787370024e-12 -4.569313942527094344e-12
9.380000189626956342e+01 -4.684948856175879781e-12 -4.554285541783973061e-12
9.390000189829106603e+01 -4.619772161034830339e-12 -4.539306569211448248e-12
9.400000190031281022e+01 -4.674358040446720229e-12 -4.524376862240982164e-12
9.410000190233431283e+01 -4.562587796679249697e-12 -4.509496258838867492e-12
9.420000190435581544e+01 -4.627373754276200292e-12 -4.494664597504211900e-12
9.430000190637755964e+01 -4.611944535683299763e-12 -4.479881717267303060e-12
9.440000190839907646e+01 -4.601131168058139626e-12 -4.465147457687956719e-12
9.450000191042082065e+01 -4.546593700755629926e-12 -4.450461658853535982e-12
9.460000191244232326e+01 -4.556255002820419879e-12 -4.435824161377493245e-12
9.470000191446406745e+01 -4.552755180573559650e-12 -4.421234806397359602e-12
9.480000191648557006e+01 -4.557060277187470374e-12 -4.406693435573303737e-12
9.490000191850708688e+01 -4.503404185406279824e-12 -4.392199891086163332e-12
9.500000192052883108e+01 -4.424510466054299732e-12 -4.377754015635847251e-12
9.510000192255033369e+01 -4.489303826729339869e-12 -4.363355652439722377e-12
9.520000192457207788e+01 -4.398991730419379812e-12 -4.349004645230670061e-12
9.530000192659359470e+01 -4.455470685303829607e-12 -4.334700838255671673e-12
9.540000192861533890e+01 -4.403031881164890209e-12 -4.320444076273844861e-12
9.550000193063682730e+01 -4.372090112700649730e-12 -4.306234204555025867e-12
9.560000193265834412e+01 -4.433592750189680295e-12 -4.292071068877845366e-12
9.570000193468008831e+01 -4.394711702784960141e-12 -4.277954515528179927e-12
9.580000193670159092e+01 -4.350301082196790374e-12 -4.263884391297562273e-12
9.590000193872333512e+01 -4.380082481617210102e-12 -4.249860543481292659e-12
9.600000194074483773e+01 -4.287560010267679811e-12 -4.235882819877048662e-12
9.610000194276658192e+01 -4.339433021701999746e-12 -4.221951068782964248e-12
9.620000194478809874e+01 -4.261559086556819976e-12 -4.208065138996251671e-12
9.630000194680960135e+01 -4.269496905882729753e-12 -4.194224879811330628e-12
9.640000194883134554e+01 -4.270877006964499632e-12 -4.180430141018286183e-12
9.650000195085286236e+01 -4.252624143871069956e-12 -4.166680772901339606e-12
9.660000195287460656e+01 -4.244763212390900225e-12 -4.152976626236996111e-12
9.670000195489610917e+01 -4.217276483585150022e-12 -4.139317552292683716e-12
9.680000195691785336e+01 -4.293177824227550275e-12 -4.125703402824878361e-12
9.690000195893935597e+01 -4.206763202702899862e-12 -4.112134030077758120e-12
9.700000196096085858e+01 -4.160784306251329860e-12 -4.098609286781369509e-12
9.710000196298261699e+01 -4.211901996394109885e-12 -4.085129026150126610e-12
9.720000196500410539e+01 -4.204503354963149937e-12 -4.071693101881323109e-12
9.730000196702584958e+01 -4.168580683679939767e-12 -4.058301368153296995e-12
9.740000196904736640e+01 -4.114146547874620224e-12 -4.044953679624130815e-12
9.750000197106911060e+01 -4.109550984493569814e-12 -4.031649891429806679e-12
9.760000197309061321e+01 -4.072331551934749969e-12 -4.018389859182883895e-12
9.770000197511235740e+01 -4.127189822930240027e-12 -4.005173438970685480e-12
9.780000197713387422e+01 -4.097448140002890013e-12 -3.992000487353985489e-12
9.790000197915537683e+01 -4.097867504718529784e-12 -3.978870861365238337e-12
9.800000198117712102e+01 -4.047710092365490071e-12 -3.965784418507111032e-12
9.810000198319862363e+01 -4.073924558344689980e-12 -3.952741016751038038e-12
9.820000198522036783e+01 -3.996757705594249858e-12 -3.939740514535457051e-12
9.830000198724188465e+01 -3.986888644106259999e-12 -3.926782770764524608e-12
9.840000198926362884e+01 -3.950221045602790162e-12 -3.913867644806337325e-12
9.850000199128513145e+01 -3.951834408992940255e-12 -3.900994996491649928e-12
9.860000199330663406e+01 -3.957834602357079973e-12 -3.888164686112139308e-12
9.870000199532837826e+01 -3.941345337506659952e-12 -3.875376574418980375e-12
9.880000199734988087e+01 -3.925140469640950303e-12 -3.862630522621426771e-12
9.890000199937162506e+01 -3.921675585521040041e-12 -3.849926392385091075e-12
9.900000200139312767e+01 -3.918638516131700029e-12 -3.837264045830688680e-12
9.910000200341487187e+01 -3.930622930369830091e-12 -3.824643345532292966e-12
9.920000200543638869e+01 -3.899379187117719597e-12 -3.812064154516090487e-12
9.930000200745789130e+01 -3.905335831380359923e-12 -3.799526336258688640e-12
9.940000200947963549e+01 -3.893822610978350328e-12 -3.787029754685710111e-12
9.950000201150115231e+01 -3.875427790264640073e-12 -3.774574274170414772e-12
9.960000201352289650e+01 -3.770787858714789921e-12 -3.762159759532023516e-12
9.970000201554439911e+01 -3.844595345803050097e-12 -3.749786076034476674e-12
9.980000201756614331e+01 -3.793868591540689911e-12 -3.737453089384744110e-12
9.990000201958764592e+01 -3.820495233050929715e-12 -3.725160665731601420e-12
1.000000020216091485e+02 -3.784210927042149612e-12 -3.712908671663969100e-12
