#time(au), s(t), s(t) without exp(iwt)
 0.00000000000000e+01  4.35481943569738e-17  4.35481943569738e-17
 4.13413741709430e+03  2.63120579222389e-16  1.65303045557943e-16
 8.26827483418859e+03  1.11010446856909e-15  5.18601762478093e-16
 1.24024122512829e+04  1.36758663707494e-15  1.22139785142911e-15
 1.65365496683772e+04  2.53871312688803e-15  2.31190708017463e-15
 2.06706870854715e+04  3.42588386168056e-15  3.78194185254720e-15
 2.48048245025658e+04  4.56019636397630e-15  5.59793470824195e-15
 2.89389619196601e+04  5.25655217548980e-15  7.71384171224343e-15
 3.30730993367544e+04  5.07185226693145e-15  1.00788215359387e-14
 3.72072367538487e+04  7.25798580801904e-15  1.26416693812289e-14
 4.13413741709430e+04  7.82946161316209e-15  1.53533200849313e-14
 4.54755115880372e+04  1.34203028099819e-14  1.81682572028834e-14
 4.96096490051315e+04  9.77898853855502e-15  2.10453305053897e-14
 5.37437864222258e+04  1.42102162368705e-14  2.39482587164409e-14
 5.78779238393201e+04  1.27161733958067e-14  2.68459496247564e-14
 6.20120612564144e+04  1.21151130739322e-14  2.97126835621669e-14
 6.61461986735087e+04  1.41733460525015e-14  3.25281611311014e-14
 7.02803360906030e+04  1.43364152238653e-14  3.52773984619975e-14
 7.44144735076973e+04  1.31157516961072e-14  3.79504533898889e-14
 7.85486109247916e+04  1.37071234357977e-14  4.05419761128038e-14
 8.26827483418859e+04  1.70789008442976e-14  4.30505930358267e-14
 8.68168857589802e+04  2.01133427671951e-14  4.54781485509417e-14
 9.09510231760745e+04  1.68995760932930e-14  4.78288439481978e-14
 9.50851605931688e+04  2.23456868831856e-14  5.01083235547557e-14
 9.92192980102631e+04  1.80269430530914e-14  5.23227646748787e-14
 1.03353435427357e+05  2.66031198193281e-14  5.44780294379506e-14
 1.07487572844452e+05  1.67736083188375e-14  5.65789332557824e-14
 1.11621710261546e+05  2.54960909723585e-14  5.86286768202380e-14
 1.15755847678640e+05  2.12317431285363e-14  6.06284770511523e-14
 1.19889985095735e+05  2.83677630153561e-14  6.25774182020995e-14
 1.24024122512829e+05  2.59783306179194e-14  6.44725284864533e-14
 1.28158259929923e+05  2.71947418350409e-14  6.63090713633285e-14
 1.32292397347018e+05  2.86500486786338e-14  6.80810250451865e-14
 1.36426534764112e+05  3.04174913938638e-14  6.97817101072676e-14
 1.40560672181206e+05  3.33557116664501e-14  7.14045140847371e-14
 1.44694809598300e+05  2.73746483607377e-14  7.29436544863647e-14
 1.48828947015395e+05  3.07679220968953e-14  7.43949181472637e-14
 1.52963084432489e+05  2.82698073463475e-14  7.57563156945514e-14
 1.57097221849583e+05  3.00331309187398e-14  7.70285948473046e-14
 1.61231359266678e+05  3.45250286104218e-14  7.82155653197980e-14
 1.65365496683772e+05  3.79087134039266e-14  7.93242003679196e-14
 1.69499634100866e+05  3.87576776217290e-14  8.03644950734252e-14
 1.73633771517960e+05  3.81215911592038e-14  8.13490780714313e-14
 1.77767908935055e+05  3.87715678468946e-14  8.22925907413930e-14
 1.81902046352149e+05  3.48629549383014e-14  8.32108646619921e-14
 1.86036183769243e+05  3.17789321668935e-14  8.41199433847778e-14
 1.90170321186338e+05  2.98034802159585e-14  8.50350072060914e-14
 1.94304458603432e+05  2.80612246329515e-14  8.59692688227432e-14
 1.98438596020526e+05  3.88948293291375e-14  8.69329128444567e-14
 2.02572733437620e+05  3.08681142894307e-14  8.79321527407281e-14
 2.06706870854715e+05  3.88995430885025e-14  8.89684746736159e-14
 2.10841008271809e+05  4.01129573966379e-14  9.00381291084040e-14
 2.14975145688903e+05  4.36743951759105e-14  9.11319183533424e-14
 2.19109283105998e+05  4.14588396315812e-14  9.22353121052310e-14
 2.23243420523092e+05  4.19140718384357e-14  9.33289043987879e-14
 2.27377557940186e+05  3.73691096488944e-14  9.43892052869898e-14
 2.31511695357280e+05  4.12752417363200e-14  9.53897402042795e-14
 2.35645832774375e+05  2.57501334696376e-14  9.63024104958830e-14
 2.39779970191469e+05  4.51642440011410e-14  9.70990512931609e-14
 2.43914107608563e+05  3.40806799332228e-14  9.77531087023546e-14
 2.48048245025658e+05  6.09789872450036e-14  9.82413482160615e-14
 2.52182382442752e+05  2.97379947260523e-14  9.85455009250029e-14
 2.56316519859846e+05  6.17091752805816e-14  9.86537539187951e-14
 2.60450657276940e+05  4.94765924181519e-14  9.85619964530325e-14
 2.64584794694035e+05  5.15379422023818e-14  9.82747435967425e-14
 2.68718932111129e+05  4.46181645324097e-14  9.78056740215621e-14
 2.72853069528223e+05  2.89896859087812e-14  9.71777372591501e-14
 2.76987206945318e+05  4.51661598308459e-14  9.64228073525253e-14
 2.81121344362412e+05  4.29543368517003e-14  9.55808831765980e-14
 2.85255481779506e+05  4.29584842830713e-14  9.46988594663859e-14
 2.89389619196601e+05  3.57867184538739e-14  9.38289155153788e-14
 2.93523756613695e+05  4.93958538906551e-14  9.30265892688145e-14
 2.97657894030789e+05  6.55351000564770e-14  9.23486220624388e-14
 3.01792031447884e+05  3.36249458491483e-14  9.18506724232055e-14
 3.05926168864978e+05  5.27570209013360e-14  9.15850054994378e-14
 3.10060306282072e+05  3.80238180095662e-14  9.15982672888686e-14
 3.14194443699167e+05  5.43880033404590e-14  9.19294497891945e-14
 3.18328581116261e+05  3.54440205745066e-14  9.26081444552881e-14
 3.22462718533355e+05  5.63412808823994e-14  9.36531676287879e-14
 3.26596855950449e+05  4.20262881754444e-14  9.50716233765032e-14
 3.30730993367544e+05  5.43124047281907e-14  9.68584476433099e-14
 3.34865130784638e+05  3.58821117734129e-14  9.89964537150984e-14
 3.38999268201732e+05  5.96444527404278e-14  1.01456874231139e-13
 3.43133405618827e+05  5.38048951945154e-14  1.04200370575579e-13
 3.47267543035921e+05  5.78662048011552e-14  1.07178457683590e-13
 3.51401680453015e+05  4.94640231468499e-14  1.10335272510795e-13
 3.55535817870110e+05  4.50568608315695e-14  1.13609598548705e-13
 3.59669955287204e+05  4.98494223074089e-14  1.16937047642822e-13
 3.63804092704298e+05  6.16527395796037e-14  1.20252294640652e-13
 3.67938230121393e+05  5.49363558057247e-14  1.23491260239704e-13
 3.72072367538487e+05  5.73581818215513e-14  1.26593142740636e-13
 3.76206504955581e+05  6.07088423458674e-14  1.29502209991881e-13
 3.80340642372676e+05  7.03369239397535e-14  1.32169277868820e-13
 3.84474779789770e+05  5.98260882086708e-14  1.34552820281842e-13
 3.88608917206864e+05  4.48197728511007e-14  1.36619676966153e-13
 3.92743054623959e+05  4.74870876057284e-14  1.38345347834545e-13
 3.96877192041053e+05  3.96518466497536e-14  1.39713885203878e-13
 4.01011329458147e+05  5.90587180871866e-14  1.40717416614044e-13
 4.05145466875241e+05  4.80752789903211e-14  1.41355349796083e-13
 4.09279604292336e+05  6.62669697424233e-14  1.41633326873327e-13
 4.13413741709430e+05  6.63937014220378e-14  1.41562006083298e-13
 4.17547879126524e+05  6.84313892827417e-14  1.41155755647585e-13
 4.21682016543619e+05  6.47474852399929e-14  1.40431345740887e-13
 4.25816153960713e+05  5.58752750959982e-14  1.39406720633021e-13
 4.29950291377807e+05  5.97365337554678e-14  1.38099924493174e-13
 4.34084428794902e+05  5.33531383467832e-14  1.36528241543084e-13
 4.38218566211996e+05  4.88434450534452e-14  1.34707595045623e-13
 4.42352703629090e+05  5.51835886599662e-14  1.32652231101612e-13
 4.46486841046185e+05  6.47177169324649e-14  1.30374693472895e-13
 4.50620978463279e+05  6.43694791558267e-14  1.27886075824878e-13
 4.54755115880373e+05  5.99725253821801e-14  1.25196519233270e-13
 4.58889253297468e+05  7.50374853133797e-14  1.22315906401829e-13
 4.63023390714562e+05  6.29739133147481e-14  1.19254690971678e-13
 4.67157528131656e+05  7.89039995128911e-14  1.16024791193413e-13
 4.71291665548751e+05  5.78288243322215e-14  1.12640472715753e-13
 4.75425802965845e+05  7.58782218592473e-14  1.09119145408417e-13
 4.79559940382939e+05  5.82573099987591e-14  1.05482004199498e-13
 4.83694077800033e+05  5.36983228016870e-14  1.01754453265884e-13
 4.87828215217128e+05  6.22135252831042e-14  9.79662662677512e-14
 4.91962352634222e+05  7.08567853471655e-14  9.41514516331001e-14
 4.96096490051316e+05  1.06966644401383e-13  9.03478103856149e-14
 5.00230627468411e+05  8.12055416786842e-14  8.65961934048992e-14
 5.04364764885505e+05  9.09642158593401e-14  8.29394843165013e-14
 5.08498902302599e+05  7.67008162099905e-14  7.94213520960606e-14
 5.12633039719694e+05  8.20747978999662e-14  7.60848330627872e-14
 5.16767177136788e+05  7.04955205314115e-14  7.29708141692677e-14
 5.20901314553882e+05  8.06786073096396e-14  7.01164976467862e-14
 5.25035451970977e+05  6.11372646192280e-14  6.75539307380875e-14
 5.29169589388071e+05  7.84000050144141e-14  6.53086830238434e-14
 5.33303726805165e+05  7.03676698617331e-14  6.33987479471898e-14
 5.37437864222260e+05  7.70033948590974e-14  6.18337347881161e-14
 5.41572001639354e+05  7.14301954902209e-14  6.06144030258449e-14
 5.45706139056448e+05  6.78578995234810e-14  5.97325737349428e-14
 5.49840276473543e+05  7.65160262058078e-14  5.91714331397212e-14
 5.53974413890637e+05  6.19937135675678e-14  5.89062229545337e-14
 5.58108551307731e+05  6.66374181574279e-14  5.89052916762233e-14
 5.62242688724826e+05  7.12471708018861e-14  5.91314618355845e-14
 5.66376826141920e+05  6.62497352272118e-14  5.95436512487189e-14
 5.70510963559014e+05  8.56764373847675e-14  6.00986727088445e-14
 5.74645100976108e+05  6.70007394596793e-14  6.07531267731191e-14
 5.78779238393203e+05  9.87831934769774e-14  6.14652971880147e-14
 5.82913375810297e+05  9.45031175548114e-14  6.21969580225890e-14
 5.87047513227391e+05  1.01118958500024e-13  6.29150060005296e-14
 5.91181650644486e+05  8.00217770507188e-14  6.35928403766555e-14
 5.95315788061580e+05  9.44078367189824e-14  6.42114256955289e-14
 5.99449925478674e+05  8.17981774623001e-14  6.47599889456347e-14
 6.03584062895769e+05  9.62396571596436e-14  6.52363213039254e-14
 6.07718200312863e+05  7.07498478091735e-14  6.56466746500238e-14
 6.11852337729957e+05  8.52381419305953e-14  6.60052633811019e-14
 6.15986475147052e+05  9.10160782386254e-14  6.63334015139153e-14
 6.20120612564146e+05  1.20348435974616e-13  6.66583228045533e-14
 6.24254749981240e+05  7.34661962904180e-14  6.70117464623520e-14
 6.28388887398335e+05  8.52935480069398e-14  6.74282625102454e-14
 6.32523024815429e+05  8.17210077656137e-14  6.79436181511220e-14
 6.36657162232523e+05  7.77246388796223e-14  6.85929894493176e-14
 6.40791299649618e+05  7.42168889049724e-14  6.94093211701496e-14
 6.44925437066712e+05  6.58128738742936e-14  7.04218117863467e-14
 6.49059574483806e+05  7.57773584845524e-14  7.16546110523742e-14
 6.53193711900900e+05  9.12794621624376e-14  7.31257845588240e-14
 6.57327849317995e+05  5.59842541165674e-14  7.48465843247088e-14
 6.61461986735089e+05  7.87563033717249e-14  7.68210474731541e-14
 6.65596124152183e+05  7.28726964356912e-14  7.90459274551871e-14
 6.69730261569278e+05  1.00028165773269e-13  8.15109450967094e-14
 6.73864398986372e+05  5.96301939691520e-14  8.41993308425392e-14
 6.77998536403466e+05  8.16781200660210e-14  8.70886158835819e-14
 6.82132673820561e+05  8.25097897889966e-14  9.01516189803974e-14
 6.86266811237655e+05  9.84763276763382e-14  9.33575683582205e-14
 6.90400948654749e+05  6.97652644046812e-14  9.66732942642046e-14
 6.94535086071844e+05  9.14410940167859e-14  1.00064427817265e-13
 6.98669223488938e+05  1.02744349053882e-13  1.03496545453856e-13
 7.02803360906032e+05  1.12149687995543e-13  1.06936205263216e-13
 7.06937498323127e+05  8.71047311906337e-14  1.10351831335454e-13
 7.11071635740221e+05  7.42971224287649e-14  1.13714414079255e-13
 7.15205773157315e+05  8.82832177297618e-14  1.16998007792225e-13
 7.19339910574410e+05  8.10598510985477e-14  1.20180020389540e-13
 7.23474047991504e+05  8.79226747170718e-14  1.23241303628039e-13
 7.27608185408598e+05  6.20402918832082e-14  1.26166064286997e-13
 7.31742322825692e+05  7.88565082892950e-14  1.28941627051862e-13
 7.35876460242787e+05  8.20366679880960e-14  1.31558087608655e-13
 7.40010597659881e+05  8.77021159440682e-14  1.34007899377337e-13
 7.44144735076975e+05  9.86621959721624e-14  1.36285438974435e-13
 7.48278872494070e+05  8.17686461767251e-14  1.38386594075532e-13
 7.52413009911164e+05  1.05189956772198e-13  1.40308412868089e-13
 7.56547147328258e+05  7.78473032444508e-14  1.42048847137734e-13
 7.60681284745353e+05  8.37445198929644e-14  1.43606611721026e-13
 7.64815422162447e+05  9.29626288256038e-14  1.44981172316326e-13
 7.68949559579541e+05  8.45149841580309e-14  1.46172862012184e-13
 7.73083696996636e+05  9.09099674203941e-14  1.47183115362012e-13
 7.77217834413730e+05  7.97237794024051e-14  1.48014798053865e-13
 7.81351971830824e+05  1.01045332117194e-13  1.48672600942991e-13
 7.85486109247919e+05  9.31836960770771e-14  1.49163460070021e-13
 7.89620246665013e+05  7.43695299658339e-14  1.49496959788885e-13
 7.93754384082107e+05  8.57038155317289e-14  1.49685674570807e-13
 7.97888521499202e+05  8.38950412767763e-14  1.49745406591924e-13
 8.02022658916296e+05  8.42251252023108e-14  1.49695280841569e-13
 8.06156796333390e+05  9.40266612574835e-14  1.49557666899375e-13
 8.10290933750484e+05  8.80371592783055e-14  1.49357906387858e-13
 8.14425071167579e+05  9.38043943318969e-14  1.49123836784471e-13
 8.18559208584673e+05  9.34300524845503e-14  1.48885115074541e-13
 8.22693346001767e+05  1.00934417611985e-13  1.48672357979642e-13
 8.26827483418862e+05  8.09444503396747e-14  1.48516128250455e-13
 8.30961620835956e+05  1.00510002904152e-13  1.48445808114847e-13
 8.35095758253050e+05  9.97966089125338e-14  1.48488410583834e-13
 8.39229895670145e+05  9.13181472283918e-14  1.48667386406454e-13
 8.43364033087239e+05  9.08695374433406e-14  1.49001488451654e-13
 8.47498170504333e+05  8.27338230755481e-14  1.49503755920297e-13
 8.51632307921428e+05  1.01203567345797e-13  1.50180677898760e-13
 8.55766445338522e+05  1.04149325031145e-13  1.51031589437862e-13
 8.59900582755616e+05  8.08210641452575e-14  1.52048343823456e-13
 8.64034720172711e+05  7.83669026055136e-14  1.53215292447058e-13
 8.68168857589805e+05  1.17373211219902e-13  1.54509589345754e-13
 8.72302995006899e+05  7.27566703931954e-14  1.55901821670947e-13
 8.76437132423994e+05  1.04316704832409e-13  1.57356951097067e-13
 8.80571269841088e+05  9.20760406662715e-14  1.58835535078953e-13
 8.84705407258182e+05  7.59046841051169e-14  1.60295182047589e-13
 8.88839544675276e+05  8.85718142297941e-14  1.61692181751674e-13
 8.92973682092371e+05  8.12216179210940e-14  1.62983241681220e-13
 8.97107819509465e+05  1.26291651847315e-13  1.64127253631370e-13
 9.01241956926559e+05  8.40986273097627e-14  1.65087011119838e-13
 9.05376094343654e+05  9.94756462953970e-14  1.65830799007866e-13
 9.09510231760748e+05  8.01428425862005e-14  1.66333781179610e-13
 9.13644369177842e+05  7.65388466312679e-14  1.66579120342973e-13
 9.17778506594937e+05  1.21999212300394e-13  1.66558775604589e-13
 9.21912644012031e+05  9.11538452874918e-14  1.66273937777514e-13
 9.26046781429125e+05  1.09578336499538e-13  1.65735078826488e-13
 9.30180918846220e+05  8.50938999723248e-14  1.64961609485527e-13
 9.34315056263314e+05  9.42222035751359e-14  1.63981157182671e-13
 9.38449193680408e+05  1.10216051617864e-13  1.62828493910481e-13
 9.42583331097503e+05  9.15582300425413e-14  1.61544159849397e-13
 9.46717468514597e+05  8.03977963196329e-14  1.60172842517522e-13
 9.50851605931691e+05  8.54780089816543e-14  1.58761582287003e-13
 9.54985743348786e+05  9.61724715684949e-14  1.57357882811746e-13
 9.59119880765880e+05  1.15729855211921e-13  1.56007808773884e-13
 9.63254018182974e+05  9.04150234348926e-14  1.54754153341048e-13
 9.67388155600069e+05  8.84288464795888e-14  1.53634753711446e-13
 9.71522293017163e+05  8.63282805422037e-14  1.52681025514443e-13
 9.75656430434257e+05  9.24177951206565e-14  1.51916775860998e-13
 9.79790567851351e+05  9.16173763594211e-14  1.51357341198592e-13
 9.83924705268446e+05  6.68800041751625e-14  1.51009080496449e-13
 9.88058842685540e+05  7.68339019942987e-14  1.50869237420974e-13
 9.92192980102634e+05  8.45077312111478e-14  1.50926167971670e-13
 9.96327117519729e+05  9.29964435629054e-14  1.51159913330527e-13
 1.00046125493682e+06  8.05207448308516e-14  1.51543082308870e-13
 1.00459539235392e+06  8.17420235380801e-14  1.52041994451126e-13
 1.00872952977101e+06  1.06782393406375e-13  1.52618024217289e-13
 1.01286366718811e+06  9.14885248686622e-14  1.53229079217458e-13
 1.01699780460520e+06  8.68748196580241e-14  1.53831141501269e-13
 1.02113194202229e+06  1.19264954339940e-13  1.54379800524659e-13
 1.02526607943939e+06  9.91221379754642e-14  1.54831709630744e-13
 1.02940021685648e+06  9.74150764686378e-14  1.55145904429424e-13
 1.03353435427358e+06  8.25736466411085e-14  1.55284930861482e-13
 1.03766849169067e+06  8.06083282091726e-14  1.55215742597149e-13
 1.04180262910777e+06  1.05374640978729e-13  1.54910340966842e-13
 1.04593676652486e+06  8.06502078726896e-14  1.54346145101242e-13
 1.05007090394195e+06  9.41510165485432e-14  1.53506094775803e-13
 1.05420504135905e+06  1.00276178866726e-13  1.52378502528424e-13
 1.05833917877614e+06  9.11188188613588e-14  1.50956684570464e-13
 1.06247331619324e+06  7.76074239579583e-14  1.49238410858734e-13
 1.06660745361033e+06  5.41739526024714e-14  1.47225223136461e-13
 1.07074159102743e+06  8.46852250019134e-14  1.44921675265547e-13
 1.07487572844452e+06  7.89660944214121e-14  1.42334552482498e-13
 1.07900986586161e+06  1.11996401835168e-13  1.39472125335177e-13
 1.08314400327871e+06  9.71044275429680e-14  1.36343490032395e-13
 1.08727814069580e+06  8.93111388633914e-14  1.32958039934617e-13
 1.09141227811290e+06  1.12753581708847e-13  1.29325103527655e-13
 1.09554641552999e+06  8.17124676312530e-14  1.25453772740711e-13
 1.09968055294709e+06  8.08651620838276e-14  1.21352932768885e-13
 1.10381469036418e+06  8.07949558404305e-14  1.17031491096626e-13
 1.10794882778128e+06  8.90033402597386e-14  1.12498790120075e-13
 1.11208296519837e+06  9.68089548172767e-14  1.07765175258466e-13
 1.11621710261546e+06  9.07031629158288e-14  1.02842679345569e-13
 1.12035124003256e+06  1.10414074712292e-13  9.77457751806840e-14
 1.12448537744965e+06  8.41354438528658e-14  9.24921417469950e-14
 1.12861951486675e+06  1.00312151053256e-13  8.71033861356095e-14
 1.13275365228384e+06  1.00564769493645e-13  8.16056629855125e-14
 1.13688778970094e+06  1.10637205647042e-13  7.60301361980514e-14
 1.14102192711803e+06  1.00064132714268e-13  7.04132337619380e-14
 1.14515606453512e+06  1.00590022856870e-13  6.47966554655130e-14
 1.14929020195222e+06  8.19394675118464e-14  5.92271046285036e-14
 1.15342433936931e+06  9.92677319909742e-14  5.37557283252549e-14
 1.15755847678641e+06  9.35523377667416e-14  4.84372650952726e-14
 1.16169261420350e+06  7.95912988448478e-14  4.33289143279980e-14
 1.16582675162060e+06  9.93295727540250e-14  3.84889564977441e-14
 1.16996088903769e+06  1.05174187268522e-13  3.39751675087317e-14
 1.17409502645478e+06  1.03380555935186e-13  2.98430829138529e-14
 1.17822916387188e+06  9.80339856764820e-14  2.61441780188507e-14
 1.18236330128897e+06  7.18341659574875e-14  2.29240373212507e-14
 1.18649743870607e+06  8.42861604934689e-14  2.02205910481308e-14
 1.19063157612316e+06  9.50906036504494e-14  1.80624973016322e-14
 1.19476571354026e+06  9.79537189385268e-14  1.64677455475440e-14
 1.19889985095735e+06  1.01172963380105e-13  1.54425508714621e-14
 1.20303398837444e+06  1.04303595688119e-13  1.49805987693996e-14
 1.20716812579154e+06  1.04519917143076e-13  1.50626876450608e-14
 1.21130226320863e+06  1.12912128908508e-13  1.56568011801610e-14
 1.21543640062573e+06  9.82432272949244e-14  1.67186258628859e-14
 1.21957053804282e+06  8.98166588118972e-14  1.81925110359909e-14
 1.22370467545992e+06  1.04437342267466e-13  2.00128505662922e-14
 1.22783881287701e+06  1.04746074096664e-13  2.21058474317819e-14
 1.23197295029410e+06  1.14586881492106e-13  2.43916060028491e-14
 1.23610708771120e+06  9.99924175584962e-14  2.67864822855962e-14
 1.24024122512829e+06  8.38129491478106e-14  2.92056105126235e-14
 1.24437536254539e+06  8.51547908106097e-14  3.15655158694819e-14
 1.24850949996248e+06  7.51201501461105e-14  3.37867180969488e-14
 1.25264363737958e+06  1.24864767904723e-13  3.57962296323861e-14
 1.25677777479667e+06  1.10532890453821e-13  3.75298547919474e-14
 1.26091191221376e+06  1.03900631817659e-13  3.89342032707299e-14
 1.26504604963086e+06  9.55001819021709e-14  3.99683416645852e-14
 1.26918018704795e+06  9.98046653159715e-14  4.06050203312008e-14
 1.27331432446505e+06  9.50812952494838e-14  4.08314292379287e-14
 1.27744846188214e+06  1.10335209380527e-13  4.06494547468839e-14
 1.28158259929924e+06  1.09443700938596e-13  4.00754287827209e-14
 1.28571673671633e+06  1.01763135446504e-13  3.91393817663252e-14
 1.28985087413343e+06  1.06042284438002e-13  3.78838300995754e-14
 1.29398501155052e+06  1.20322171373482e-13  3.63621471448552e-14
 1.29811914896761e+06  1.02591011536050e-13  3.46365826931037e-14
 1.30225328638471e+06  1.11533361011582e-13  3.27760092056841e-14
 1.30638742380180e+06  8.52151983367830e-14  3.08534830511561e-14
 1.31052156121890e+06  1.03658111110396e-13  2.89437151072484e-14
 1.31465569863599e+06  1.04731628615806e-13  2.71205472927981e-14
 1.31878983605309e+06  1.16380452533559e-13  2.54545296230820e-14
 1.32292397347018e+06  1.02703581928948e-13  2.40106864041565e-14
 1.32705811088727e+06  9.15857343991320e-14  2.28465506140725e-14
 1.33119224830437e+06  1.09337512520460e-13  2.20105325600000e-14
 1.33532638572146e+06  1.06989877084525e-13  2.15406733993761e-14
 1.33946052313856e+06  9.83686790216499e-14  2.14638166684808e-14
 1.34359466055565e+06  1.20582412067622e-13  2.17952123894873e-14
 1.34772879797275e+06  9.81138465047982e-14  2.25385495444984e-14
 1.35186293538984e+06  1.26541922388563e-13  2.36863945167490e-14
 1.35599707280693e+06  9.30397330420096e-14  2.52209964021866e-14
 1.36013121022403e+06  9.53887509299606e-14  2.71154055941378e-14
 1.36426534764112e+06  1.07186346598316e-13  2.93348404777926e-14
 1.36839948505822e+06  1.09759790184023e-13  3.18382288309334e-14
 1.37253362247531e+06  9.89666595934298e-14  3.45798461139905e-14
 1.37666775989241e+06  9.32990581643156e-14  3.75109722737138e-14
 1.38080189730950e+06  1.17780141661770e-13  4.05814920402895e-14
 1.38493603472659e+06  1.18934200113541e-13  4.37413706898137e-14
 1.38907017214369e+06  1.00907090826152e-13  4.69419474748770e-14
 1.39320430956078e+06  9.23055922706794e-14  5.01370019224730e-14
 1.39733844697788e+06  9.15930881627028e-14  5.32835630308552e-14
 1.40147258439497e+06  9.76136220032735e-14  5.63424475440254e-14
 1.40560672181207e+06  9.08685552606687e-14  5.92785298404701e-14
 1.40974085922916e+06  8.59863206890941e-14  6.20607617881700e-14
 1.41387499664625e+06  8.98287996899742e-14  6.46619752982823e-14
 1.41800913406335e+06  1.00642499382119e-13  6.70585124762488e-14
 1.42214327148044e+06  9.23351648549062e-14  6.92297375666170e-14
 1.42627740889754e+06  1.01799503060678e-13  7.11574907491071e-14
 1.43041154631463e+06  8.38318716576111e-14  7.28255460457954e-14
 1.43454568373173e+06  9.20256985301006e-14  7.42191338569979e-14
 1.43867982114882e+06  7.16080551757811e-14  7.53245831750007e-14
 1.44281395856591e+06  8.98373583155782e-14  7.61291294864945e-14
 1.44694809598301e+06  7.75145680539503e-14  7.66209223583253e-14
 1.45108223340010e+06  9.25449202187786e-14  7.67892522173894e-14
 1.45521637081720e+06  1.06596629530430e-13  7.66249998796884e-14
 1.45935050823429e+06  8.35389120303535e-14  7.61212956079560e-14
 1.46348464565139e+06  1.09489969690595e-13  7.52743580577612e-14
 1.46761878306848e+06  1.22735057873140e-13  7.40844682116187e-14
 1.47175292048557e+06  9.30665955539070e-14  7.25570202877143e-14
 1.47588705790267e+06  1.14418290153377e-13  7.07035814465575e-14
 1.48002119531976e+06  9.36440640672709e-14  6.85428855715716e-14
 1.48415533273686e+06  7.81256542742193e-14  6.61016839757310e-14
 1.48828947015395e+06  9.48586738941959e-14  6.34153778333003e-14
 1.49242360757105e+06  8.04984856913047e-14  6.05283636078598e-14
 1.49655774498814e+06  1.06984782101662e-13  5.74940333862142e-14
 1.50069188240524e+06  8.58939088855282e-14  5.43743866024781e-14
 1.50482601982233e+06  9.92016808864702e-14  5.12392273500363e-14
 1.50896015723942e+06  8.10970950011017e-14  4.81649415767656e-14
 1.51309429465652e+06  7.92966129120622e-14  4.52328699434708e-14
 1.51722843207361e+06  8.67524332040496e-14  4.25273139146689e-14
 1.52136256949071e+06  7.46974700465269e-14  4.01332335687245e-14
 1.52549670690780e+06  6.52752725402343e-14  3.81337146029459e-14
 1.52963084432490e+06  7.10649901309866e-14  3.66072979671631e-14
 1.53376498174199e+06  1.04376860122270e-13  3.56252775549579e-14
 1.53789911915908e+06  9.33948912067729e-14  3.52490787398411e-14
 1.54203325657618e+06  9.38716833152241e-14  3.55278325635185e-14
 1.54616739399327e+06  9.54660612113163e-14  3.64962570662128e-14
 1.55030153141037e+06  9.85452327668657e-14  3.81729482556321e-14
 1.55443566882746e+06  9.77950478034593e-14  4.05591691421561e-14
 1.55856980624456e+06  8.04422427558897e-14  4.36382064260954e-14
 1.56270394366165e+06  8.84077701133793e-14  4.73753417805024e-14
 1.56683808107874e+06  9.14375256921844e-14  5.17184590979084e-14
 1.57097221849584e+06  9.56398819903072e-14  5.65992818984326e-14
 1.57510635591293e+06  8.77195779105497e-14  6.19352074400667e-14
 1.57924049333003e+06  1.10417464605322e-13  6.76316774062526e-14
 1.58337463074712e+06  9.81592251577990e-14  7.35850006200812e-14
 1.58750876816422e+06  8.03142987371025e-14  7.96855222147044e-14
 1.59164290558131e+06  1.22986897549334e-13  8.58210172763547e-14
 1.59577704299840e+06  9.10600363567114e-14  9.18801758793481e-14
 1.59991118041550e+06  1.03317038268104e-13  9.77560413233799e-14
 1.60404531783259e+06  7.98741573397643e-14  1.03349264637641e-13
 1.60817945524969e+06  8.25810044152879e-14  1.08571045857069e-13
 1.61231359266678e+06  1.06960835319897e-13  1.13345646095947e-13
 1.61644773008388e+06  8.90107767170057e-14  1.17612373322457e-13
 1.62058186750097e+06  1.15496871209857e-13  1.21326968076444e-13
 1.62471600491806e+06  7.79489320344068e-14  1.24462342126923e-13
 1.62885014233516e+06  7.83460612672547e-14  1.27008651976852e-13
 1.63298427975225e+06  1.13855214316684e-13  1.28972718617736e-13
 1.63711841716935e+06  9.27070224493315e-14  1.30376833860931e-13
 1.64125255458644e+06  1.04449123349239e-13  1.31257020237527e-13
 1.64538669200354e+06  5.57450113829226e-14  1.31660834815483e-13
 1.64952082942063e+06  1.13318409649273e-13  1.31644825976983e-13
 1.65365496683772e+06  8.80159166056911e-14  1.31271765591564e-13
 1.65778910425482e+06  1.10061595434103e-13  1.30607786210741e-13
 1.66192324167191e+06  7.99478573497289e-14  1.29719553835299e-13
 1.66605737908901e+06  1.08542787312556e-13  1.28671601321343e-13
 1.67019151650610e+06  9.44262479850682e-14  1.27523936018659e-13
 1.67432565392320e+06  9.30221365756300e-14  1.26330018344464e-13
 1.67845979134029e+06  9.11482116712390e-14  1.25135186735835e-13
 1.68259392875739e+06  7.17157444249734e-14  1.23975579721091e-13
 1.68672806617448e+06  7.93845787285131e-14  1.22877579316204e-13
 1.69086220359157e+06  9.67616375745240e-14  1.21857772594209e-13
 1.69499634100867e+06  1.04942890003601e-13  1.20923401986789e-13
 1.69913047842576e+06  9.73686132041573e-14  1.20073250532022e-13
 1.70326461584286e+06  9.82645549076909e-14  1.19298887562980e-13
 1.70739875325995e+06  9.88726918720937e-14  1.18586183971817e-13
 1.71153289067705e+06  9.71556129430168e-14  1.17916995159575e-13
 1.71566702809414e+06  9.29607204736156e-14  1.17270904571983e-13
 1.71980116551123e+06  8.90604572410350e-14  1.16626921463761e-13
 1.72393530292833e+06  1.12290694631181e-13  1.15965033199995e-13
 1.72806944034542e+06  9.26445942766869e-14  1.15267524464122e-13
 1.73220357776252e+06  1.00190952517656e-13  1.14519992529696e-13
 1.73633771517961e+06  9.89067140079827e-14  1.13712008218383e-13
 1.74047185259671e+06  1.00061072772697e-13  1.12837395170599e-13
 1.74460599001380e+06  9.62797986366052e-14  1.11894124312510e-13
 1.74874012743089e+06  9.78320696936243e-14  1.10883844389125e-13
 1.75287426484799e+06  8.41951579838636e-14  1.09811092039271e-13
 1.75700840226508e+06  8.54213145479095e-14  1.08682244607214e-13
 1.76114253968218e+06  7.63268197954203e-14  1.07504294739231e-13
 1.76527667709927e+06  9.80891220662801e-14  1.06283536920960e-13
 1.76941081451637e+06  7.00812356532215e-14  1.05024261787378e-13
 1.77354495193346e+06  8.38429089830995e-14  1.03727554012030e-13
 1.77767908935055e+06  7.63578520018603e-14  1.02390283883485e-13
 1.78181322676765e+06  9.13877427407617e-14  1.01004371591017e-13
 1.78594736418474e+06  9.09272899387326e-14  9.95563873644812e-14
 1.79008150160184e+06  8.72358221624911e-14  9.80275309653411e-14
 1.79421563901893e+06  1.08686404329716e-13  9.63940115725644e-14
 1.79834977643603e+06  7.81002658307765e-14  9.46278251625707e-14
 1.80248391385312e+06  9.29672478336512e-14  9.26979024765491e-14
 1.80661805127021e+06  7.01518597708377e-14  9.05715777994668e-14
 1.81075218868731e+06  1.09578401710493e-13  8.82163084920617e-14
 1.81488632610440e+06  1.05123167820973e-13  8.56015586007259e-14
 1.81902046352150e+06  8.45351124174847e-14  8.27007478722791e-14
 1.82315460093859e+06  8.54611754181228e-14  7.94931608395662e-14
 1.82728873835569e+06  8.39913789342988e-14  7.59657097649082e-14
 1.83142287577278e+06  9.67713599846236e-14  7.21144501528232e-14
 1.83555701318987e+06  8.23555930810256e-14  6.79457580857427e-14
 1.83969115060697e+06  9.46537560930318e-14  6.34770942727764e-14
 1.84382528802406e+06  7.56875658284104e-14  5.87372995603216e-14
 1.84795942544116e+06  9.76739401085144e-14  5.37663897556612e-14
 1.85209356285825e+06  1.02745968808364e-13  4.86148426511747e-14
 1.85622770027535e+06  7.07011243131554e-14  4.33423958389524e-14
 1.86036183769244e+06  8.98833790820549e-14  3.80163988338885e-14
 1.86449597510954e+06  8.06576683833845e-14  3.27097859465378e-14
 1.86863011252663e+06  8.96762348044947e-14  2.74987558629704e-14
 1.87276424994372e+06  9.91389910418228e-14  2.24602591750305e-14
 1.87689838736082e+06  9.67674581191916e-14  1.76694051587717e-14
 1.88103252477791e+06  8.15253112207019e-14  1.31969035682965e-14
 1.88516666219501e+06  6.22430431240643e-14  9.10665564690170e-15
 1.88930079961210e+06  1.03602950322386e-13  5.45360136619273e-15
 1.89343493702920e+06  1.01992125987412e-13  2.28191719875810e-15
 1.89756907444629e+06  9.43186540328894e-14 -3.76358611400052e-16
 1.90170321186338e+06  1.04789549427053e-13 -2.50221736907866e-15
 1.90583734928048e+06  7.66632836379677e-14 -4.09005565509528e-15
 1.90997148669757e+06  1.09077041242407e-13 -5.14752825217993e-15
 1.91410562411467e+06  1.00812179827780e-13 -5.69489605135397e-15
 1.91823976153176e+06  8.71515724272680e-14 -5.76391041932752e-15
 1.92237389894886e+06  8.64299709259261e-14 -5.39629660596744e-15
 1.92650803636595e+06  1.02711504745284e-13 -4.64191625541177e-15
 1.93064217378304e+06  9.43388640785593e-14 -3.55670204618951e-15
 1.93477631120014e+06  9.07469038116987e-14 -2.20046538602514e-15
 1.93891044861723e+06  9.56390958157159e-14 -6.34680493042050e-16
 1.94304458603433e+06  6.97774021274302e-14  1.07965479500957e-15
 1.94717872345142e+06  9.33348648317714e-14  2.88398931354712e-15
 1.95131286086852e+06  7.94872275243390e-14  4.72394055091946e-15
 1.95544699828561e+06  1.04528731726303e-13  6.55070541230334e-15
 1.95958113570270e+06  5.97617251329629e-14  8.32211619447093e-15
 1.96371527311980e+06  8.01625732729328e-14  1.00033190937460e-14
 1.96784941053689e+06  9.51282280409972e-14  1.15670738560391e-14
 1.97198354795399e+06  8.99957074768299e-14  1.29936937258935e-14
 1.97611768537108e+06  8.50290741631310e-14  1.42706632648406e-14
 1.98025182278818e+06  7.70067727260913e-14  1.53919872601034e-14
 1.98438596020527e+06  7.72324952865518e-14  1.63573355523233e-14
 1.98852009762236e+06  8.94466781380320e-14  1.71710560234436e-14
 1.99265423503946e+06  1.03789122296334e-13  1.78411306013598e-14
 1.99678837245655e+06  9.67330828691577e-14  1.83781470027499e-14
 2.00092250987365e+06  7.23709132733922e-14  1.87943524582856e-14
 2.00505664729074e+06  1.09049817957312e-13  1.91028450408343e-14
 2.00919078470784e+06  7.97124500935889e-14  1.93169445951776e-14
 2.01332492212493e+06  1.02520886216255e-13  1.94497692146710e-14
 2.01745905954202e+06  7.12897167052160e-14  1.95140260655816e-14
 2.02159319695912e+06  9.43866496294321e-14  1.95220080956789e-14
 2.02572733437621e+06  9.58676809780269e-14  1.94857719599819e-14
 2.02986147179331e+06  9.21065704520641e-14  1.94174583418037e-14
 2.03399560921040e+06  7.94394603602474e-14  1.93297047834142e-14
 2.03812974662750e+06  8.80880408993658e-14  1.92360936659828e-14
 2.04226388404459e+06  9.10001714938203e-14  1.91515748004742e-14
 2.04639802146168e+06  9.83184270238983e-14  1.90928032501207e-14
 2.05053215887878e+06  1.06061183652620e-13  1.90783385572538e-14
 2.05466629629587e+06  9.32292036625373e-14  1.91286610304815e-14
 2.05880043371297e+06  7.14984636368348e-14  1.92659737492976e-14
 2.06293457113006e+06  1.04146139684505e-13  1.95137743963664e-14
 2.06706870854716e+06  7.37935924439096e-14  1.98961982486774e-14
 2.07120284596425e+06  9.51374802761427e-14  2.04371512293881e-14
 2.07533698338135e+06  5.94096587142813e-14  2.11592690305463e-14
 2.07947112079844e+06  9.75933630829959e-14  2.20827534989005e-14
 2.08360525821553e+06  7.69309732251403e-14  2.32241500383115e-14
 2.08773939563263e+06  9.75359189518005e-14  2.45951386090695e-14
 2.09187353304972e+06  8.49752702667886e-14  2.62014154070493e-14
 2.09600767046682e+06  8.67862958039265e-14  2.80417421551293e-14
 2.10014180788391e+06  9.95276656900301e-14  3.01072348987056e-14
 2.10427594530101e+06  9.10585423535773e-14  3.23809544486903e-14
 2.10841008271810e+06  7.91860329860485e-14  3.48378466847130e-14
 2.11254422013519e+06  8.28480545387283e-14  3.74450634767208e-14
 2.11667835755229e+06  7.39899358806115e-14  4.01626748885999e-14
 2.12081249496938e+06  9.12201139368777e-14  4.29447618768772e-14
 2.12494663238648e+06  9.91366662813782e-14  4.57408569154944e-14
 2.12908076980357e+06  9.47657292229619e-14  4.84976792837362e-14
 2.13321490722067e+06  8.15342685190576e-14  5.11610932946061e-14
 2.13734904463776e+06  9.30902421073096e-14  5.36782026762543e-14
 2.14148318205485e+06  8.21259403187396e-14  5.59994836005407e-14
 2.14561731947195e+06  8.02648461618316e-14  5.80808531588304e-14
 2.14975145688904e+06  8.87881415514929e-14  5.98855699493950e-14
 2.15388559430614e+06  8.73767214442358e-14  6.13858688949210e-14
 2.15801973172323e+06  6.25588571477188e-14  6.25642433607214e-14
 2.16215386914033e+06  5.99102997823348e-14  6.34143035491086e-14
 2.16628800655742e+06  7.94253258655358e-14  6.39411601998223e-14
 2.17042214397451e+06  1.07158265231450e-13  6.41613059433600e-14
 2.17455628139161e+06  8.35284461735905e-14  6.41019917313491e-14
 2.17869041880870e+06  8.45264828794679e-14  6.38001215755559e-14
 2.18282455622580e+06  7.76822617204794e-14  6.33007137079734e-14
 2.18695869364289e+06  9.13788035110957e-14  6.26549989884469e-14
 2.19109283105999e+06  6.45463936071119e-14  6.19182465987181e-14
 2.19522696847708e+06  6.50869218367424e-14  6.11474217553762e-14
 2.19936110589417e+06  6.68026538635667e-14  6.03987893571708e-14
 2.20349524331127e+06  7.88526535015735e-14  5.97255807821706e-14
 2.20762938072836e+06  7.99929314565269e-14  5.91758380443123e-14
 2.21176351814546e+06  7.14640178959205e-14  5.87905404749655e-14
 2.21589765556255e+06  7.01413142939096e-14  5.86021043633911e-14
 2.22003179297965e+06  9.37641019152062e-14  5.86333263660829e-14
 2.22416593039674e+06  5.59180545131170e-14  5.88968180038185e-14
 2.22830006781383e+06  7.85166809675576e-14  5.93949525765897e-14
 2.23243420523093e+06  7.65851915716629e-14  6.01203185463862e-14
 2.23656834264802e+06  9.15082021820599e-14  6.10566465805550e-14
 2.24070248006512e+06  6.47161304665723e-14  6.21801523773568e-14
 2.24483661748221e+06  6.39467878310358e-14  6.34612154639735e-14
 2.24897075489931e+06  9.01061520166331e-14  6.48662967505472e-14
 2.25310489231640e+06  9.80996759944036e-14  6.63599854531666e-14
 2.25723902973349e+06  6.77420179004159e-14  6.79070601172134e-14
 2.26137316715059e+06  7.89174126582688e-14  6.94744487469743e-14
 2.26550730456768e+06  5.70096304595299e-14  7.10329799889808e-14
 2.26964144198478e+06  7.50481772801948e-14  7.25588301278684e-14
 2.27377557940187e+06  6.57449337577398e-14  7.40345888199455e-14
 2.27790971681897e+06  5.77352894916476e-14  7.54498890240381e-14
 2.28204385423606e+06  5.40130969103124e-14  7.68015721233995e-14
 2.28617799165316e+06  6.74826226731451e-14  7.80933863680737e-14
 2.29031212907025e+06  8.43408013003962e-14  7.93352440246229e-14
 2.29444626648734e+06  6.85589066891384e-14  8.05420883769576e-14
 2.29858040390444e+06  8.17967581398975e-14  8.17324445092047e-14
 2.30271454132153e+06  9.09091708929926e-14  8.29267464199528e-14
 2.30684867873863e+06  6.45475805762711e-14  8.41455462135420e-14
 2.31098281615572e+06  7.30442956684228e-14  8.54077182324934e-14
 2.31511695357282e+06  5.64617890201404e-14  8.67287716099951e-14
 2.31925109098991e+06  5.65949981030784e-14  8.81193786233137e-14
 2.32338522840700e+06  6.83420039566374e-14  8.95842139183443e-14
 2.32751936582410e+06  7.14050154622036e-14  9.11211816364999e-14
 2.33165350324119e+06  7.73741147744679e-14  9.27210848505310e-14
 2.33578764065829e+06  7.46378095976231e-14  9.43677656428710e-14
 2.33992177807538e+06  7.20971408948524e-14  9.60387162244044e-14
 2.34405591549248e+06  9.83404773872780e-14  9.77061331648419e-14
 2.34819005290957e+06  8.00824340927673e-14  9.93383598148535e-14
 2.35232419032666e+06  9.75606841198182e-14  1.00901637799516e-13
 2.35645832774376e+06  4.69700597438635e-14  1.02362068593432e-13
 2.36059246516085e+06  7.94229907816459e-14  1.03687671678458e-13
 2.36472660257795e+06  7.26753192802068e-14  1.04850417702856e-13
 2.36886073999504e+06  7.65839001572767e-14  1.05828113753909e-13
 2.37299487741214e+06  7.85016035992284e-14  1.06606023675909e-13
 2.37712901482923e+06  8.37093785315269e-14  1.07178118931908e-13
 2.38126315224632e+06  8.47822322306061e-14  1.07547874247916e-13
 2.38539728966342e+06  8.50964506199094e-14  1.07728546274570e-13
 2.38953142708051e+06  7.82015475686674e-14  1.07742901342349e-13
 2.39366556449761e+06  6.09342159085273e-14  1.07622388764923e-13
 2.39779970191470e+06  5.91511133351241e-14  1.07405787169673e-13
 2.40193383933180e+06  7.12240505970738e-14  1.07137381477376e-13
 2.40606797674889e+06  8.00298361545645e-14  1.06864755638701e-13
 2.41020211416598e+06  7.08129832162359e-14  1.06636309511213e-13
 2.41433625158308e+06  7.60307198131820e-14  1.06498625990689e-13
 2.41847038900017e+06  7.65249694163959e-14  1.06493825658956e-13
 2.42260452641727e+06  1.03598103393190e-13  1.06657050087425e-13
 2.42673866383436e+06  8.68785957592461e-14  1.07014211185522e-13
 2.43087280125146e+06  6.98379761915718e-14  1.07580132749762e-13
 2.43500693866855e+06  8.65228118475454e-14  1.08357192190206e-13
 2.43914107608564e+06  6.07852400737629e-14  1.09334546143637e-13
 2.44327521350274e+06  8.96182501661817e-14  1.10487994617540e-13
 2.44740935091983e+06  6.23689351200069e-14  1.11780505856994e-13
 2.45154348833693e+06  9.76811814636346e-14  1.13163390220895e-13
 2.45567762575402e+06  6.73609784563433e-14  1.14578077464721e-13
 2.45981176317112e+06  8.65268006489240e-14  1.15958420095228e-13
 2.46394590058821e+06  8.10113911012001e-14  1.17233417407145e-13
 2.46808003800530e+06  7.68095868543137e-14  1.18330232001073e-13
 2.47221417542240e+06  8.21718806329734e-14  1.19177354267205e-13
 2.47634831283949e+06  7.08407515218112e-14  1.19707761460446e-13
 2.48048245025659e+06  7.07581095824210e-14  1.19861917021809e-13
 2.48461658767368e+06  6.48246259001755e-14  1.19590462850293e-13
 2.48875072509078e+06  7.74242032923352e-14  1.18856472024975e-13
 2.49288486250787e+06  6.47010255663581e-14  1.17637151098451e-13
 2.49701899992497e+06  8.30684879271019e-14  1.15924908638759e-13
 2.50115313734206e+06  7.67385835602215e-14  1.13727738553770e-13
 2.50528727475915e+06  8.87785391567479e-14  1.11068901302818e-13
 2.50942141217625e+06  8.15305739691070e-14  1.07985921564804e-13
 2.51355554959334e+06  7.35633297044593e-14  1.04528955410190e-13
 2.51768968701044e+06  6.79341718746386e-14  1.00758611643884e-13
 2.52182382442753e+06  5.20616726831849e-14  9.67433391675785e-14
 2.52595796184463e+06  7.97056588643826e-14  9.25565134559112e-14
 2.53009209926172e+06  4.76537697486259e-14  8.82733694258351e-14
 2.53422623667881e+06  8.37642860182438e-14  8.39679344314173e-14
 2.53836037409591e+06  6.21503292595290e-14  7.97101134515691e-14
 2.54249451151300e+06  8.77208971673650e-14  7.55630688750057e-14
 2.54662864893010e+06  7.81869080196742e-14  7.15810202222429e-14
 2.55076278634719e+06  7.72727066083085e-14  6.78075655464549e-14
 2.55489692376429e+06  8.33399668760205e-14  6.42745974633955e-14
 2.55903106118138e+06  6.83942541915261e-14  6.10018542858820e-14
 2.56316519859847e+06  6.82895108291134e-14  5.79971124474698e-14
 2.56729933601557e+06  6.56726073851052e-14  5.52569919659507e-14
 2.57143347343266e+06  7.48714491445831e-14  5.27683141835240e-14
 2.57556761084976e+06  8.62688204819437e-14  5.05099220162756e-14
 2.57970174826685e+06  7.00537812834591e-14  4.84548490727758e-14
 2.58383588568395e+06  5.58928604354206e-14  4.65727064978024e-14
 2.58797002310104e+06  7.50757113220760e-14  4.48321462679650e-14
 2.59210416051813e+06  7.92888565443861e-14  4.32032572545085e-14
 2.59623829793523e+06  6.34012750144986e-14  4.16597560023507e-14
 2.60037243535232e+06  5.86015481121385e-14  4.01808472876308e-14
 2.60450657276942e+06  7.01108313605068e-14  3.87526495523983e-14
 2.60864071018651e+06  8.00567333068163e-14  3.73691059920561e-14
 2.61277484760361e+06  6.74013759781395e-14  3.60323321262640e-14
 2.61690898502070e+06  6.65645035280105e-14  3.47523832668654e-14
 2.62104312243779e+06  6.78589847408982e-14  3.35464588119994e-14
 2.62517725985489e+06  9.37368156623616e-14  3.24375927178945e-14
 2.62931139727198e+06  5.96192539140931e-14  3.14529091930736e-14
 2.63344553468908e+06  8.77275018584716e-14  3.06215478642471e-14
 2.63757967210617e+06  5.71561104762143e-14  2.99723821250855e-14
 2.64171380952327e+06  7.81233514203799e-14  2.95316668912025e-14
 2.64584794694036e+06  5.33184413007525e-14  2.93207569866957e-14
 2.64998208435745e+06  7.46130188945087e-14  2.93540344870930e-14
 2.65411622177455e+06  6.57688412693259e-14  2.96371727566345e-14
 2.65825035919164e+06  6.40552817553670e-14  3.01658472103447e-14
 2.66238449660874e+06  7.60291079689241e-14  3.09249788825682e-14
 2.66651863402583e+06  6.37631849253573e-14  3.18885680926706e-14
 2.67065277144293e+06  7.30884820745148e-14  3.30201433341283e-14
 2.67478690886002e+06  5.34494698031518e-14  3.42738167712963e-14
 2.67892104627712e+06  7.69173440082131e-14  3.55959041832085e-14
 2.68305518369421e+06  6.02614926766819e-14  3.69270356853502e-14
 2.68718932111130e+06  9.14394273349703e-14  3.82046558438748e-14
 2.69132345852840e+06  6.32536462429092e-14  3.93657892515949e-14
 2.69545759594549e+06  6.84020242464013e-14  4.03499316741499e-14
 2.69959173336259e+06  7.68255484638511e-14  4.11019181327569e-14
 2.70372587077968e+06  6.47538773920423e-14  4.15746185254929e-14
 2.70786000819678e+06  7.30135428094339e-14  4.17313184639108e-14
 2.71199414561387e+06  5.34367496466520e-14  4.15476576400349e-14
 2.71612828303096e+06  4.29449728360834e-14  4.10130194955616e-14
 2.72026242044806e+06  7.90882836511476e-14  4.01312931275637e-14
 2.72439655786515e+06  6.21486586317622e-14  3.89209597650814e-14
 2.72853069528225e+06  7.09609767014706e-14  3.74144901850067e-14
 2.73266483269934e+06  5.11079343560340e-14  3.56570743682641e-14
 2.73679897011644e+06  7.47131646076778e-14  3.37047386068064e-14
 2.74093310753353e+06  6.51181511851137e-14  3.16219364743992e-14
 2.74506724495062e+06  6.78716186823768e-14  2.94787269250100e-14
 2.74920138236772e+06  5.82280809074874e-14  2.73476738447845e-14
 2.75333551978481e+06  6.77967972068257e-14  2.53006157114780e-14
 2.75746965720191e+06  5.27426832507141e-14  2.34054606831243e-14
 2.76160379461900e+06  6.59183743563248e-14  2.17231613012868e-14
 2.76573793203610e+06  6.43897365170069e-14  2.03050140378581e-14
 2.76987206945319e+06  5.54256945367953e-14  1.91904126646265e-14
 2.77400620687028e+06  4.19512250927959e-14  1.84051617117966e-14
 2.77814034428738e+06  6.01435007301921e-14  1.79604283506920e-14
 2.78227448170447e+06  5.47351040198513e-14  1.78523793382909e-14
 2.78640861912157e+06  7.61385321452231e-14  1.80625157404025e-14
 2.79054275653866e+06  4.68997465019946e-14  1.85586839662175e-14
 2.79467689395576e+06  7.01986995461134e-14  1.92967086915873e-14
 2.79881103137285e+06  4.63704418698317e-14  2.02225634053217e-14
 2.80294516878994e+06  7.27187700924693e-14  2.12749689385278e-14
 2.80707930620704e+06  6.56581897248613e-14  2.23882907404309e-14
 2.81121344362413e+06  7.92036478899070e-14  2.34955927719120e-14
 2.81534758104123e+06  7.97142738771976e-14  2.45317002565104e-14
 2.81948171845832e+06  6.26990347353201e-14  2.54361254181185e-14
 2.82361585587542e+06  6.78833098967497e-14  2.61557194221505e-14
 2.82774999329251e+06  5.66819344449180e-14  2.66469296826041e-14
 2.83188413070960e+06  6.96213310072570e-14  2.68775632729937e-14
 2.83601826812670e+06  5.30112516884220e-14  2.68279835927466e-14
 2.84015240554379e+06  5.86541180843320e-14  2.64916968274453e-14
 2.84428654296089e+06  7.82783295656104e-14  2.58753159533703e-14
 2.84842068037798e+06  5.18542558125568e-14  2.49979211565574e-14
 2.85255481779508e+06  8.64165591756206e-14  2.38898651047065e-14
 2.85668895521217e+06  4.39558890909719e-14  2.25910979525548e-14
 2.86082309262927e+06  6.17330360503718e-14  2.11491091025916e-14
 2.86495723004636e+06  5.46005621142357e-14  1.96165993179099e-14
 2.86909136746345e+06  6.98516995495428e-14  1.80490072270287e-14
 2.87322550488055e+06  6.48126533370673e-14  1.65020180603858e-14
 2.87735964229764e+06  4.72279833609780e-14  1.50291795348660e-14
 2.88149377971474e+06  7.24524747819215e-14  1.36797405031992e-14
 2.88562791713183e+06  5.89625198335504e-14  1.24968128750453e-14
 2.88976205454893e+06  6.40354969427617e-14  1.15159373550305e-14
 2.89389619196602e+06  6.46085874151523e-14  1.07641098168764e-14
 2.89803032938311e+06  5.24210415818021e-14  1.02592990479972e-14
 2.90216446680021e+06  7.36562801158048e-14  1.00104594990508e-14
 2.90629860421730e+06  3.61231019598910e-14  1.00180161284204e-14
 2.91043274163440e+06  7.74897781559586e-14  1.02747736935749e-14
 2.91456687905149e+06  4.99442629935572e-14  1.07671813259183e-14
 2.91870101646859e+06  6.27486547976563e-14  1.14768659341693e-14
 2.92283515388568e+06  6.09081262318017e-14  1.23823357884276e-14
 2.92696929130277e+06  5.00931597315450e-14  1.34607490461680e-14
 2.93110342871987e+06  6.73798461919984e-14  1.46896413206797e-14
 2.93523756613696e+06  7.23525665841723e-14  1.60485114889593e-14
 2.93937170355406e+06  7.21080144485473e-14  1.75201754329779e-14
 2.94350584097115e+06  6.39134482882500e-14  1.90918126870649e-14
 2.94763997838825e+06  5.69224244921920e-14  2.07556500622728e-14
 2.95177411580534e+06  5.29608869720533e-14  2.25092480683259e-14
 2.95590825322243e+06  5.84939616878862e-14  2.43553793334050e-14
 2.96004239063953e+06  6.48600011127877e-14  2.63015116768345e-14
 2.96417652805662e+06  6.80095814848177e-14  2.83589309707519e-14
 2.96831066547372e+06  6.74874724839966e-14  3.05415590933603e-14
 2.97244480289081e+06  5.53855852624104e-14  3.28645391297892e-14
 2.97657894030791e+06  6.77970391597492e-14  3.53426726574435e-14
 2.98071307772500e+06  4.85288505674711e-14  3.79888018089846e-14
 2.98484721514209e+06  6.92750737632309e-14  4.08122315126240e-14
 2.98898135255919e+06  4.10241355684995e-14  4.38172847795958e-14
 2.99311548997628e+06  7.13917236566014e-14  4.70020763673324e-14
 2.99724962739338e+06  6.76438277892084e-14  5.03575780033081e-14
 3.00138376481047e+06  6.50733569187169e-14  5.38670324731122e-14
 3.00551790222757e+06  6.38026573166652e-14  5.75057549433706e-14
 3.00965203964466e+06  6.38199600916149e-14  6.12413391676510e-14
 3.01378617706175e+06  6.29188712024982e-14  6.50342646658783e-14
 3.01792031447885e+06  6.68788282059075e-14  6.88388798778880e-14
 3.02205445189594e+06  6.54865579237657e-14  7.26047166467016e-14
 3.02618858931304e+06  6.21154327146399e-14  7.62780743244035e-14
 3.03032272673013e+06  4.22123758113956e-14  7.98037980695320e-14
 3.03445686414723e+06  5.03673239497051e-14  8.31271662992691e-14
 3.03859100156432e+06  1.71781077054134e-14  8.61957971122587e-14
 3.04272513898141e+06  6.35147340053307e-14  8.89614831101744e-14
 3.04685927639851e+06  5.25422507139349e-14  9.13818682860826e-14
 3.05099341381560e+06  4.88578203153427e-14  9.34218892709423e-14
 3.05512755123270e+06  5.97299888389334e-14  9.50549156791109e-14
 3.05926168864979e+06  4.05617188403854e-14  9.62635399294153e-14
 3.06339582606689e+06  6.06854655505434e-14  9.70399847622645e-14
 3.06752996348398e+06  5.24164552140707e-14  9.73861158548094e-14
 3.07166410090108e+06  4.13710789912488e-14  9.73130664466216e-14
 3.07579823831817e+06  6.08690654160353e-14  9.68404996003263e-14
 3.07993237573526e+06  3.20679973710100e-14  9.59955508221206e-14
 3.08406651315236e+06  9.01137037693718e-14  9.48115083449888e-14
 3.08820065056945e+06  4.26544070567328e-14  9.33262997156239e-14
 3.09233478798655e+06  8.04523632404341e-14  9.15808609509850e-14
 3.09646892540364e+06  4.68368508653063e-14  8.96174681309787e-14
 3.10060306282074e+06  7.46372210540011e-14  8.74781107303910e-14
 3.10473720023783e+06  4.11596790654413e-14  8.52029815088919e-14
 3.10887133765492e+06  4.60485064486400e-14  8.28291495067232e-14
 3.11300547507202e+06  4.82133994975634e-14  8.03894713944663e-14
 3.11713961248911e+06  5.12852967046510e-14  7.79117825766132e-14
 3.12127374990621e+06  5.66647971493294e-14  7.54183939061343e-14
 3.12540788732330e+06  6.60102855493373e-14  7.29259034974720e-14
 3.12954202474040e+06  5.42962430653227e-14  7.04453167460822e-14
 3.13367616215749e+06  5.46704540820837e-14  6.79824522310277e-14
 3.13781029957458e+06  5.97973269264698e-14  6.55385972670914e-14
 3.14194443699168e+06  5.82666773855098e-14  6.31113654642783e-14
 3.14607857440877e+06  5.88399835144119e-14  6.06956999412429e-14
 3.15021271182587e+06  6.62491924147803e-14  5.82849604858851e-14
 3.15434684924296e+06  3.30629684179916e-14  5.58720309370912e-14
 3.15848098666006e+06  6.00555368737282e-14  5.34503845076746e-14
 3.16261512407715e+06  2.17789419847796e-14  5.10150494272556e-14
 3.16674926149424e+06  6.37240430712081e-14  4.85634248826841e-14
 3.17088339891134e+06  4.67615079304047e-14  4.60959071552699e-14
 3.17501753632843e+06  5.91632349957275e-14  4.36162976791702e-14
 3.17915167374553e+06  5.53006113405012e-14  4.11319776249522e-14
 3.18328581116262e+06  4.96637446279335e-14  3.86538469123764e-14
 3.18741994857972e+06  6.97185108074145e-14  3.61960385342981e-14
 3.19155408599681e+06  3.94955573953366e-14  3.37754310612462e-14
 3.19568822341390e+06  4.82450680510514e-14  3.14109925278049e-14
 3.19982236083100e+06  5.22577782034794e-14  2.91229971662496e-14
 3.20395649824809e+06  5.79459500419236e-14  2.69321621482065e-14
 3.20809063566519e+06  6.64108294663459e-14  2.48587545187732e-14
 3.21222477308228e+06  6.19034441197679e-14  2.29217186547591e-14
 3.21635891049938e+06  7.61951981293108e-14  2.11378720453485e-14
 3.22049304791647e+06  5.76646578271565e-14  1.95212120466427e-14
 3.22462718533356e+06  4.50675129831918e-14  1.80823690373446e-14
 3.22876132275066e+06  4.89183193416351e-14  1.68282323794939e-14
 3.23289546016775e+06  3.77697590319887e-14  1.57617653888211e-14
 3.23702959758485e+06  4.07147720332228e-14  1.48820147587596e-14
 3.24116373500194e+06  3.67937247305074e-14  1.41843090679785e-14
 3.24529787241904e+06  6.74113202153821e-14  1.36606307689171e-14
 3.24943200983613e+06  6.24681409158278e-14  1.33001369951805e-14
 3.25356614725323e+06  5.60127148167656e-14  1.30897969797596e-14
 3.25770028467032e+06  7.54347969865725e-14  1.30151083043416e-14
 3.26183442208741e+06  4.15207528094496e-14  1.30608508343517e-14
 3.26596855950451e+06  5.49491404544897e-14  1.32118361191106e-14
 3.27010269692160e+06  4.67662789778683e-14  1.34536113229526e-14
 3.27423683433870e+06  6.08148271586265e-14  1.37730801695912e-14
 3.27837097175579e+06  2.91436643980949e-14  1.41590088410441e-14
 3.28250510917289e+06  5.51978200695443e-14  1.46023917326233e-14
 3.28663924658998e+06  2.71174860273585e-14  1.50966602142344e-14
 3.29077338400707e+06  6.21671543977761e-14  1.56377264963746e-14
 3.29490752142417e+06  4.77806581487234e-14  1.62238638216142e-14
 3.29904165884126e+06  6.49700461016934e-14  1.68554331696529e-14
 3.30317579625836e+06  6.24133968517547e-14  1.75344747590068e-14
 3.30730993367545e+06  2.92946426032666e-14  1.82641897142574e-14
 3.31144407109255e+06  4.21966902364684e-14  1.90483427189011e-14
 3.31557820850964e+06  6.11609941082652e-14  1.98906202898962e-14
 3.31971234592673e+06  3.33506604882172e-14  2.07939811031333e-14
 3.32384648334383e+06  5.76282364134427e-14  2.17600347357759e-14
 3.32798062076092e+06  5.17930308975694e-14  2.27884831016450e-14
 3.33211475817802e+06  6.57925039536196e-14  2.38766551163839e-14
 3.33624889559511e+06  7.91456064563226e-14  2.50191597818763e-14
 3.34038303301221e+06  6.89337358795767e-14  2.62076763920408e-14
 3.34451717042930e+06  4.13122398363465e-14  2.74308931900952e-14
 3.34865130784639e+06  5.95339324532006e-14  2.86745980412873e-14
 3.35278544526349e+06  3.53061583183591e-14  2.99219168783740e-14
 3.35691958268058e+06  5.54055760699137e-14  3.11536882748106e-14
 3.36105372009768e+06  3.86176122199691e-14  3.23489558440725e-14
 3.36518785751477e+06  5.97197986630642e-14  3.34855545941575e-14
 3.36932199493187e+06  4.55570709144136e-14  3.45407631605314e-14
 3.37345613234896e+06  5.29775836401097e-14  3.54919911281409e-14
 3.37759026976605e+06  4.74095060663188e-14  3.63174695485029e-14
 3.38172440718315e+06  5.56147883626836e-14  3.69969133682648e-14
 3.38585854460024e+06  5.46954385391350e-14  3.75121265051953e-14
 3.38999268201734e+06  4.95622045951129e-14  3.78475239032787e-14
 3.39412681943443e+06  4.37813062034830e-14  3.79905495026154e-14
 3.39826095685153e+06  5.63494181241363e-14  3.79319747157254e-14
 3.40239509426862e+06  5.83859219825918e-14  3.76660681761014e-14
 3.40652923168571e+06  6.51609426422034e-14  3.71906339567555e-14
 3.41066336910281e+06  4.79398926659909e-14  3.65069218684005e-14
 3.41479750651990e+06  4.77458183556978e-14  3.56194194141434e-14
 3.41893164393700e+06  5.69556845151949e-14  3.45355402445737e-14
 3.42306578135409e+06  7.14539551693657e-14  3.32652283902912e-14
 3.42719991877119e+06  5.69098769867463e-14  3.18205006833378e-14
 3.43133405618828e+06  5.85976832083000e-14  3.02149518615170e-14
 3.43546819360538e+06  2.96226403868149e-14  2.84632474770402e-14
 3.43960233102247e+06  4.40859080660747e-14  2.65806291136810e-14
 3.44373646843956e+06  4.61470747529520e-14  2.45824546323395e-14
 3.44787060585666e+06  5.61057062725667e-14  2.24837931769093e-14
 3.45200474327375e+06  5.69778411159480e-14  2.02990909713638e-14
 3.45613888069085e+06  7.30803038247727e-14  1.80419193739407e-14
 3.46027301810794e+06  5.03177856559522e-14  1.57248118757225e-14
 3.46440715552504e+06  5.47084904098092e-14  1.33591916574302e-14
 3.46854129294213e+06  6.69218867945079e-14  1.09553864729528e-14
 3.47267543035922e+06  3.59184992234494e-14  8.52272309727225e-15
 3.47680956777632e+06  4.47041461504467e-14  6.06968966579312e-15
 3.48094370519341e+06  3.76257226742231e-14  3.60415107013759e-15
 3.48507784261051e+06  2.22154571308662e-14  1.13360038391779e-15
 3.48921198002760e+06  5.72792919321967e-14 -1.33457200336120e-15
 3.49334611744470e+06  2.73748797497757e-14 -3.79281003637658e-15
 3.49748025486179e+06  3.28136620564930e-14 -6.23314216808718e-15
 3.50161439227888e+06  2.98233053164504e-14 -8.64696608164381e-15
 3.50574852969598e+06  3.84056942872522e-14 -1.10248815106087e-14
 3.50988266711307e+06  5.04773255439805e-14 -1.33565815415569e-14
 3.51401680453017e+06  4.22128400717172e-14 -1.56308092454950e-14
 3.51815094194726e+06  4.92837678506126e-14 -1.78353826226862e-14
 3.52228507936436e+06  6.02154874761492e-14 -1.99572870154453e-14
 3.52641921678145e+06  5.31463741171402e-14 -2.19828304563043e-14
 3.53055335419854e+06  4.52658405190399e-14 -2.38978541161747e-14
 3.53468749161564e+06  3.96494746285680e-14 -2.56879872194723e-14
 3.53882162903273e+06  4.91422149752199e-14 -2.73389337080812e-14
 3.54295576644983e+06  5.68463061739788e-14 -2.88367765430541e-14
 3.54708990386692e+06  4.00882052457076e-14 -3.01682850052079e-14
 3.55122404128402e+06  6.78556672070941e-14 -3.13212106125993e-14
 3.55535817870111e+06  3.42055263012511e-14 -3.22845582884994e-14
 3.55949231611820e+06  4.07101029961378e-14 -3.30488211584022e-14
 3.56362645353530e+06  1.63066470462893e-14 -3.36061696617176e-14
 3.56776059095239e+06  3.87462574819938e-14 -3.39505883711578e-14
 3.57189472836949e+06  5.67250133268521e-14 -3.40779569805093e-14
 3.57602886578658e+06  4.02589367112093e-14 -3.39860749867295e-14
 3.58016300320368e+06  4.26131649874075e-14 -3.36746326512519e-14
 3.58429714062077e+06  3.20446362236372e-14 -3.31451336091337e-14
 3.58843127803786e+06  4.53903182992496e-14 -3.24007768906270e-14
 3.59256541545496e+06  2.85353468543303e-14 -3.14463079594424e-14
 3.59669955287205e+06  5.13685120330357e-14 -3.02878496430865e-14
 3.60083369028915e+06  4.29308125611577e-14 -2.89327243752088e-14
 3.60496782770624e+06  5.20719001771275e-14 -2.73892790146437e-14
 3.60910196512334e+06  3.37219683049862e-14 -2.56667226825544e-14
 3.61323610254043e+06  2.19861539309225e-14 -2.37749865725923e-14
 3.61737023995752e+06  1.74321042831251e-14 -2.17246126987974e-14
 3.62150437737462e+06  3.78947324045687e-14 -1.95266760868583e-14
 3.62563851479171e+06  2.96036965370639e-14 -1.71927422221086e-14
 3.62977265220881e+06  2.69892974081449e-14 -1.47348587102626e-14
 3.63390678962590e+06  5.68451772322957e-14 -1.21655773681457e-14
 3.63804092704300e+06  4.21142061983046e-14 -9.49800035055873e-15
 3.64217506446009e+06  3.84285310556449e-14 -6.74584175696043e-15
 3.64630920187719e+06  3.60938848688414e-14 -3.92349446615181e-15
 3.65044333929428e+06  3.28406821397690e-14 -1.04609086378872e-15
 3.65457747671137e+06  5.60013208677482e-14  1.87045422601097e-15
 3.65871161412847e+06  3.95406915968037e-14  4.80942973604044e-15
 3.66284575154556e+06  3.16348140384547e-14  7.75335393603009e-15
 3.66697988896266e+06  3.63283459513060e-14  1.06840478320322e-14
 3.67111402637975e+06  5.84765831922547e-14  1.35827624217450e-14
 3.67524816379685e+06  5.77037897739124e-14  1.64303629273469e-14
 3.67938230121394e+06  4.12343757151165e-14  1.92075698676542e-14
 3.68351643863103e+06  1.19387918387815e-14  2.18952533332034e-14
 3.68765057604813e+06  5.05950518121819e-14  2.44747733970382e-14
 3.69178471346522e+06  3.97347570632525e-14  2.69283562827709e-14
 3.69591885088232e+06  4.04056604353149e-14  2.92394930035297e-14
 3.70005298829941e+06  3.00625841229321e-14  3.13933448009324e-14
 3.70418712571651e+06  4.67548197151366e-14  3.33771380245797e-14
 3.70832126313360e+06  5.05689096630769e-14  3.51805302216831e-14
 3.71245540055069e+06  4.31127511646604e-14  3.67959292125652e-14
 3.71658953796779e+06  4.05606239436838e-14  3.82187478791668e-14
 3.72072367538488e+06  4.53682897573699e-14  3.94475792247341e-14
 3.72485781280198e+06  4.88018216275852e-14  4.04842790368770e-14
 3.72899195021907e+06  5.85555008519731e-14  4.13339469193748e-14
 3.73312608763617e+06  1.41541603842821e-14  4.20048006128740e-14
 3.73726022505326e+06  3.95048586017087e-14  4.25079430395838e-14
 3.74139436247035e+06  4.00571973325131e-14  4.28570263001634e-14
 3.74552849988745e+06  2.53111896637315e-14  4.30678216423968e-14
 3.74966263730454e+06  5.27278202364582e-14  4.31577089687374e-14
 3.75379677472164e+06  2.51159003668441e-14  4.31451035469588e-14
 3.75793091213873e+06  4.45577453744559e-14  4.30488410421840e-14
 3.76206504955583e+06  4.41951486592914e-14  4.28875445011979e-14
 3.76619918697292e+06  4.63518329943447e-14  4.26789985411146e-14
 3.77033332439001e+06  5.10057890171559e-14  4.24395563585720e-14
 3.77446746180711e+06  2.04960677259817e-14  4.21836044794058e-14
 3.77860159922420e+06  4.68399753753275e-14  4.19231082105525e-14
 3.78273573664130e+06  4.20515718082199e-14  4.16672577596172e-14
 3.78686987405839e+06  8.03085894955183e-14  4.14222309299503e-14
 3.79100401147549e+06  3.43615408817665e-14  4.11910834100980e-14
 3.79513814889258e+06  3.08022223430282e-14  4.09737722387962e-14
 3.79927228630967e+06  5.17818338392095e-14  4.07673120992758e-14
 3.80340642372677e+06  3.86550523573254e-14  4.05660581821954e-14
 3.80754056114386e+06  5.78493171286402e-14  4.03621035152393e-14
 3.81167469856096e+06  3.54899615192486e-14  4.01457734094173e-14
 3.81580883597805e+06  2.86255601944497e-14  3.99061950041299e-14
 3.81994297339515e+06  2.77434936914562e-14  3.96319163117105e-14
 3.82407711081224e+06  4.76303405824367e-14  3.93115467017788e-14
 3.82821124822934e+06  4.44887722930120e-14  3.89343895603917e-14
 3.83234538564643e+06  3.48942762268104e-14  3.84910380979127e-14
 3.83647952306352e+06  2.87459691653146e-14  3.79739068656540e-14
 3.84061366048062e+06  4.42800147611609e-14  3.73776744679999e-14
 3.84474779789771e+06  6.15664235622276e-14  3.66996171357965e-14
 3.84888193531481e+06  4.10029718327596e-14  3.59398179264481e-14
 3.85301607273190e+06  4.92019508929834e-14  3.51012423395433e-14
 3.85715021014900e+06  4.44753538207502e-14  3.41896775465934e-14
 3.86128434756609e+06  3.99643155450648e-14  3.32135390711920e-14
 3.86541848498318e+06  5.04539961630808e-14  3.21835552797434e-14
 3.86955262240028e+06  3.89107132152938e-14  3.11123460358460e-14
 3.87368675981737e+06  2.96177366738425e-14  3.00139171333322e-14
 3.87782089723447e+06  3.88020763157192e-14  2.89030963333627e-14
 3.88195503465156e+06  3.40169897039624e-14  2.77949397132975e-14
 3.88608917206866e+06  4.44347726570211e-14  2.67041385536867e-14
 3.89022330948575e+06  3.46714279359067e-14  2.56444568982305e-14
 3.89435744690284e+06  3.39586832533465e-14  2.46282283477416e-14
 3.89849158431994e+06  4.03645828462104e-14  2.36659375164038e-14
 3.90262572173703e+06  2.75860981858597e-14  2.27659071966882e-14
 3.90675985915413e+06  3.88650412559961e-14  2.19341066616170e-14
 3.91089399657122e+06  4.68059653796727e-14  2.11740901330328e-14
 3.91502813398832e+06  4.29585593780830e-14  2.04870674928123e-14
 3.91916227140541e+06  3.71646709933434e-14  1.98721021457969e-14
 3.92329640882250e+06  2.96108194849565e-14  1.93264240401585e-14
 3.92743054623960e+06  5.60067435584134e-14  1.88458394285357e-14
 3.93156468365669e+06  2.75627088998972e-14  1.84252135149995e-14
 3.93569882107379e+06  4.03195591585087e-14  1.80589978167901e-14
 3.93983295849088e+06  4.24237024352825e-14  1.77417712984230e-14
 3.94396709590798e+06  3.52352453391571e-14  1.74687630871538e-14
 3.94810123332507e+06  2.94340514538290e-14  1.72363251539591e-14
 3.95223537074216e+06  2.77748251009148e-14  1.70423255285986e-14
 3.95636950815926e+06  3.13478358446683e-14  1.68864364960574e-14
 3.96050364557635e+06  5.99443286235490e-14  1.67702975721999e-14
 3.96463778299345e+06  2.78480548716090e-14  1.66975394946573e-14
 3.96877192041054e+06  5.74960114509209e-14  1.66736629658967e-14
 3.97290605782764e+06  4.09797823505019e-14  1.67057736628568e-14
 3.97704019524473e+06  5.19045241483747e-14  1.68021831239346e-14
 3.98117433266182e+06  5.18210219312035e-14  1.69718927492375e-14
 3.98530847007892e+06  3.75707692424613e-14  1.72239850810686e-14
 3.98944260749601e+06  4.60314466470061e-14  1.75669523954706e-14
 3.99357674491311e+06  1.15034173603947e-14  1.80079970154595e-14
 3.99771088233020e+06  4.13596994972738e-14  1.85523404264538e-14
 4.00184501974730e+06  5.52674955257162e-15  1.92025791189990e-14
 4.00597915716439e+06  1.96765819891424e-14  1.99581239548305e-14
 4.01011329458148e+06  5.18343683543923e-14  2.08147567449696e-14
 4.01424743199858e+06  2.73771012809482e-14  2.17643328958682e-14
 4.01838156941567e+06  4.89788787315986e-14  2.27946524390837e-14
 4.02251570683277e+06  1.37626116356688e-14  2.38895140555113e-14
 4.02664984424986e+06  4.60694743387330e-14  2.50289579131594e-14
 4.03078398166696e+06  2.11648899194327e-14  2.61896940228252e-14
 4.03491811908405e+06  8.94476453110757e-15  2.73457035531113e-14
 4.03905225650115e+06  4.12739373914587e-14  2.84689917368288e-14
 4.04318639391824e+06  2.07434988915269e-14  2.95304631337156e-14
 4.04732053133533e+06  5.08574892686915e-14  3.05008833723603e-14
 4.05145466875243e+06  3.90895987880371e-14  3.13518865796421e-14
 4.05558880616952e+06  3.43527974618311e-14  3.20569846544976e-14
 4.05972294358662e+06  4.30077065993464e-14  3.25925336376073e-14
 4.06385708100371e+06  3.74753933457513e-14  3.29386136982408e-14
 4.06799121842081e+06  4.66129688919989e-14  3.30797826486391e-14
 4.07212535583790e+06  2.67609310683113e-14  3.30056682815037e-14
 4.07625949325499e+06  2.28809507254442e-14  3.27113719800367e-14
 4.08039363067209e+06  3.52149250573922e-14  3.21976645515740e-14
 4.08452776808918e+06  3.08986193339502e-14  3.14709647798640e-14
 4.08866190550628e+06  4.40762467536520e-14  3.05431011920457e-14
 4.09279604292337e+06  1.90087638041751e-14  2.94308676089636e-14
 4.09693018034047e+06  4.69738068697088e-14  2.81553925739858e-14
 4.10106431775756e+06  4.92088741994084e-14  2.67413513795719e-14
 4.10519845517465e+06  3.85963202882734e-14  2.52160565896491e-14
 4.10933259259175e+06  3.15184839830780e-14  2.36084683826234e-14
 4.11346673000884e+06  1.36648639649794e-14  2.19481694414251e-14
 4.11760086742594e+06  2.03982590555130e-14  2.02643503212401e-14
 4.12173500484303e+06  3.76708269067679e-14  1.85848500993601e-14
 4.12586914226013e+06  4.53128733068528e-14  1.69352939001142e-14
 4.13000327967722e+06  2.20830721178502e-14  1.53383635059000e-14
 4.13413741709431e+06  2.28315801937953e-14  1.38132302439462e-14
