#time(au), s(t), s(t) without exp(iwt)
 0.00000000000000e+01 -4.35375627548172e-17 -4.35375627548172e-17
 4.13413741709430e+03 -2.38606737773705e-16 -1.42144803242358e-16
 8.26827483418859e+03 -1.05486989365858e-15 -4.74626583921202e-16
 1.24024122512829e+04 -1.28173907910466e-15 -1.15527807752849e-15
 1.65365496683772e+04 -2.39355027298436e-15 -2.21732715254273e-15
 2.06706870854715e+04 -3.25796835178816e-15 -3.64844170897058e-15
 2.48048245025658e+04 -4.37324304608828e-15 -5.41239002381085e-15
 2.89389619196601e+04 -4.99286110998630e-15 -7.46189965320874e-15
 3.30730993367544e+04 -4.81335045572284e-15 -9.74604827676492e-15
 3.72072367538487e+04 -6.89605385954682e-15 -1.22143725380645e-14
 4.13413741709430e+04 -7.48480830870371e-15 -1.48190923237605e-14
 4.54755115880372e+04 -1.29604680658600e-14 -1.75163086171709e-14
 4.96096490051315e+04 -9.37891172175086e-15 -2.02666713493208e-14
 5.37437864222258e+04 -1.37251876512884e-14 -2.30357791287583e-14
 5.78779238393201e+04 -1.21333798502475e-14 -2.57944278468963e-14
 6.20120612564144e+04 -1.15526817974532e-14 -2.85187422307209e-14
 6.61461986735087e+04 -1.35782238687155e-14 -3.11901832606982e-14
 7.02803360906030e+04 -1.37668599292082e-14 -3.37954102242572e-14
 7.44144735076973e+04 -1.24632102474796e-14 -3.63259787135189e-14
 7.85486109247916e+04 -1.29479911268752e-14 -3.87778676722456e-14
 8.26827483418859e+04 -1.64005174492285e-14 -4.11508445349718e-14
 8.68168857589802e+04 -1.92892069352266e-14 -4.34476938635643e-14
 9.09510231760745e+04 -1.60801516490970e-14 -4.56733492570958e-14
 9.50851605931688e+04 -2.14224176269575e-14 -4.78339790059112e-14
 9.92192980102631e+04 -1.70644558461686e-14 -4.99360821416834e-14
 1.03353435427357e+05 -2.56027784375087e-14 -5.19856526576300e-14
 1.07487572844452e+05 -1.59397298973739e-14 -5.39874660480751e-14
 1.11621710261546e+05 -2.45143863707637e-14 -5.59445342095494e-14
 1.15755847678640e+05 -2.03269842963882e-14 -5.78577630345103e-14
 1.19889985095735e+05 -2.72660070420885e-14 -5.97258326898021e-14
 1.24024122512829e+05 -2.50575140257261e-14 -6.15453046150824e-14
 1.28158259929923e+05 -2.60347802469518e-14 -6.33109430323643e-14
 1.32292397347018e+05 -2.75966492542717e-14 -6.50162232375875e-14
 1.36426534764112e+05 -2.92116569026266e-14 -6.66539853444507e-14
 1.40560672181206e+05 -3.18685211785454e-14 -6.82171812883537e-14
 1.44694809598300e+05 -2.62637330353251e-14 -6.96996556599130e-14
 1.48828947015395e+05 -2.93166945073218e-14 -7.10968976755415e-14
 1.52963084432489e+05 -2.70610676762281e-14 -7.24067026349149e-14
 1.57097221849583e+05 -2.86416905249129e-14 -7.36296865425667e-14
 1.61231359266678e+05 -3.32782271440514e-14 -7.47696067988763e-14
 1.65365496683772e+05 -3.66158509124260e-14 -7.58334544853458e-14
 1.69499634100866e+05 -3.72535776776079e-14 -7.68312990281581e-14
 1.73633771517960e+05 -3.66017791532552e-14 -7.77758828524820e-14
 1.77767908935055e+05 -3.69482772655225e-14 -7.86819811464288e-14
 1.81902046352149e+05 -3.34862895159767e-14 -7.95655587311107e-14
 1.86036183769243e+05 -3.01700517191409e-14 -8.04427713554666e-14
 1.90170321186338e+05 -2.80264852598701e-14 -8.13288713333822e-14
 1.94304458603432e+05 -2.63992807815198e-14 -8.22370865723089e-14
 1.98438596020526e+05 -3.72597768151837e-14 -8.31775470536039e-14
 2.02572733437620e+05 -2.94745884382051e-14 -8.41563331311770e-14
 2.06706870854715e+05 -3.71714188221769e-14 -8.51747157747659e-14
 2.10841008271809e+05 -3.83092747215760e-14 -8.62286499489457e-14
 2.14975145688903e+05 -4.18016513384640e-14 -8.73085693998878e-14
 2.19109283105998e+05 -3.97296674026728e-14 -8.83995146036621e-14
 2.23243420523092e+05 -4.00603814855791e-14 -8.94816068236626e-14
 2.27377557940186e+05 -3.53602306943251e-14 -9.05308607568809e-14
 2.31511695357280e+05 -3.93318624942533e-14 -9.15203077136727e-14
 2.35645832774375e+05 -2.42532108172765e-14 -9.24213816208220e-14
 2.39779970191469e+05 -4.34326003936141e-14 -9.32055026814955e-14
 2.43914107608563e+05 -3.24120013161481e-14 -9.38457792966560e-14
 2.48048245025658e+05 -5.88905055247147e-14 -9.43187388015083e-14
 2.52182382442752e+05 -2.80254445327312e-14 -9.46059923004342e-14
 2.56316519859846e+05 -5.95418605417804e-14 -9.46957388971197e-14
 2.60450657276940e+05 -4.70058441371856e-14 -9.45840199473622e-14
 2.64584794694035e+05 -4.89802505369717e-14 -9.42756444574606e-14
 2.68718932111129e+05 -4.20690157541972e-14 -9.37847219124989e-14
 2.72853069528223e+05 -2.65791196504970e-14 -9.31347578386788e-14
 2.76987206945318e+05 -4.27177149785098e-14 -9.23582893557057e-14
 2.81121344362412e+05 -4.09788123444226e-14 -9.14960616305450e-14
 2.85255481779506e+05 -4.06437743390574e-14 -9.05957701619033e-14
 2.89389619196601e+05 -3.33766131956176e-14 -8.97104170620350e-14
 2.93523756613695e+05 -4.66082981985999e-14 -8.88963504611410e-14
 2.97657894030789e+05 -6.27769918321496e-14 -8.82110737458358e-14
 3.01792031447884e+05 -3.09527895170271e-14 -8.77109246656287e-14
 3.05926168864978e+05 -5.06499105411607e-14 -8.74487324177138e-14
 3.10060306282072e+05 -3.53013889458547e-14 -8.74715633918392e-14
 3.14194443699167e+05 -5.16297246414884e-14 -8.78186629566966e-14
 3.18328581116261e+05 -3.33144720932790e-14 -8.85196918281056e-14
 3.22462718533355e+05 -5.44168097189979e-14 -8.95933414558455e-14
 3.26596855950449e+05 -3.97934157258044e-14 -9.10463944122629e-14
 3.30730993367544e+05 -5.16589893198047e-14 -9.28732737955039e-14
 3.34865130784638e+05 -3.35314033686812e-14 -9.50561015054381e-14
 3.38999268201732e+05 -5.70813539657329e-14 -9.75652600798415e-14
 3.43133405618827e+05 -5.07265486309620e-14 -1.00360428062188e-13
 3.47267543035921e+05 -5.49712894444697e-14 -1.03392035847475e-13
 3.51401680453015e+05 -4.63676895600640e-14 -1.06603068913772e-13
 3.55535817870110e+05 -4.29307804365285e-14 -1.09931129320812e-13
 3.59669955287204e+05 -4.68247003591406e-14 -1.13310655175418e-13
 3.63804092704298e+05 -5.95699883394595e-14 -1.16675192006548e-13
 3.67938230121393e+05 -5.22954346626189e-14 -1.19959609903088e-13
 3.72072367538487e+05 -5.52972793521712e-14 -1.23102165767073e-13
 3.76206504955581e+05 -5.74664441102340e-14 -1.26046320796622e-13
 3.80340642372676e+05 -6.68816601812771e-14 -1.28742238591877e-13
 3.84474779789770e+05 -5.65501659887554e-14 -1.31147908314293e-13
 3.88608917206864e+05 -4.16191504210008e-14 -1.33229858817695e-13
 3.92743054623959e+05 -4.43195030975220e-14 -1.34963452545943e-13
 3.96877192041053e+05 -3.64278521972659e-14 -1.36332770884551e-13
 4.01011329458147e+05 -5.60554542691704e-14 -1.37330124263911e-13
 4.05145466875241e+05 -4.58830740961061e-14 -1.37955239506241e-13
 4.09279604292336e+05 -6.37849364608444e-14 -1.38214192549431e-13
 4.13413741709430e+05 -6.33884771987039e-14 -1.38118166059303e-13
 4.17547879126524e+05 -6.45459938089628e-14 -1.37682117892478e-13
 4.21682016543619e+05 -6.18002701923496e-14 -1.36923447614723e-13
 4.25816153960713e+05 -5.27463222710524e-14 -1.35860744430691e-13
 4.29950291377807e+05 -5.71031872724772e-14 -1.34512691099364e-13
 4.34084428794902e+05 -4.96270266513540e-14 -1.32897185483046e-13
 4.38218566211996e+05 -4.62590336360786e-14 -1.31030724891702e-13
 4.42352703629090e+05 -5.25223638766574e-14 -1.28928079694983e-13
 4.46486841046185e+05 -6.17302658904895e-14 -1.26602262539893e-13
 4.50620978463279e+05 -6.19479609320485e-14 -1.24064779540002e-13
 4.54755115880373e+05 -5.79095721653032e-14 -1.21326130866215e-13
 4.58889253297468e+05 -7.21772325259515e-14 -1.18396511641304e-13
 4.63023390714562e+05 -5.99673762192603e-14 -1.15286650713938e-13
 4.67157528131656e+05 -7.52367327554253e-14 -1.12008715692244e-13
 4.71291665548751e+05 -5.48261420811043e-14 -1.08577207935490e-13
 4.75425802965845e+05 -7.23935362230183e-14 -1.05009771450795e-13
 4.79559940382939e+05 -5.58836097653188e-14 -1.01327844631373e-13
 4.83694077800033e+05 -5.09926819194178e-14 -9.75570933186412e-14
 4.87828215217128e+05 -5.97362719095860e-14 -9.37275771026669e-14
 4.91962352634222e+05 -6.86879939493269e-14 -8.98736173420771e-14
 4.96096490051316e+05 -1.03892366863310e-13 -8.60333540336098e-14
 5.00230627468411e+05 -7.82361331811377e-14 -8.22479983731530e-14
 5.04364764885505e+05 -8.77607346938484e-14 -7.85608073176856e-14
 5.08498902302599e+05 -7.35140429910584e-14 -7.50158246794684e-14
 5.12633039719694e+05 -7.77158685221952e-14 -7.16564490222351e-14
 5.16767177136788e+05 -6.74279012253729e-14 -6.85239010397532e-14
 5.20901314553882e+05 -7.83323374630327e-14 -6.56556714610592e-14
 5.25035451970977e+05 -5.81746152737570e-14 -6.30840341463215e-14
 5.29169589388071e+05 -7.49037794126294e-14 -6.08347079817602e-14
 5.33303726805165e+05 -6.71401754113769e-14 -5.89257451477564e-14
 5.37437864222260e+05 -7.34337927997365e-14 -5.73667128955330e-14
 5.41572001639354e+05 -6.77458666094637e-14 -5.61582215736804e-14
 5.45706139056448e+05 -6.43504585470902e-14 -5.52918340630835e-14
 5.49840276473543e+05 -7.23458430551638e-14 -5.47503721321190e-14
 5.53974413890637e+05 -5.97058133919418e-14 -5.45086144079478e-14
 5.58108551307731e+05 -6.36381850848209e-14 -5.45343599863482e-14
 5.62242688724826e+05 -6.86616705676533e-14 -5.47898122517229e-14
 5.66376826141920e+05 -6.42975879452250e-14 -5.52332203493201e-14
 5.70510963559014e+05 -8.24892674975222e-14 -5.58207018495566e-14
 5.74645100976108e+05 -6.54736214814604e-14 -5.65081603345834e-14
 5.78779238393203e+05 -9.58871802395134e-14 -5.72532062710422e-14
 5.82913375810297e+05 -9.22003418851924e-14 -5.80169891519324e-14
 5.87047513227391e+05 -9.73917571379914e-14 -5.87658531824881e-14
 5.91181650644486e+05 -7.66574148950461e-14 -5.94727378496454e-14
 5.95315788061580e+05 -9.05511112184873e-14 -6.01182576830568e-14
 5.99449925478674e+05 -7.68595877163233e-14 -6.06914119904351e-14
 6.03584062895769e+05 -9.42022305629347e-14 -6.11898941595390e-14
 6.07718200312863e+05 -6.73212589301396e-14 -6.16199903711168e-14
 6.11852337729957e+05 -8.21053133341672e-14 -6.19960781683103e-14
 6.15986475147052e+05 -8.73683541746707e-14 -6.23397550532231e-14
 6.20120612564146e+05 -1.17089392600936e-13 -6.26786452372120e-14
 6.24254749981240e+05 -7.00865068001480e-14 -6.30449477938791e-14
 6.28388887398335e+05 -8.13110253621377e-14 -6.34738010739922e-14
 6.32523024815429e+05 -7.73477845130629e-14 -6.40015457246965e-14
 6.36657162232523e+05 -7.37055567441724e-14 -6.46639716918731e-14
 6.40791299649618e+05 -6.99771256324999e-14 -6.54946331515494e-14
 6.44925437066712e+05 -6.23906563447087e-14 -6.65233094988494e-14
 6.49059574483806e+05 -7.11513877342560e-14 -6.77746807694856e-14
 6.53193711900900e+05 -8.82623654010593e-14 -6.92672728658190e-14
 6.57327849317995e+05 -5.21807844752326e-14 -7.10127123459234e-14
 6.61461986735089e+05 -7.58653972223699e-14 -7.30153133906119e-14
 6.65596124152183e+05 -6.89692063809955e-14 -7.52720017464026e-14
 6.69730261569278e+05 -9.65679732425710e-14 -7.77725630196710e-14
 6.73864398986372e+05 -5.54842520922579e-14 -8.05001865924871e-14
 6.77998536403466e+05 -7.89924246508829e-14 -8.34322625094047e-14
 6.82132673820561e+05 -7.81308119898031e-14 -8.65413776568627e-14
 6.86266811237655e+05 -9.48608332822124e-14 -8.97964499296020e-14
 6.90400948654749e+05 -6.51148464992473e-14 -9.31639352243646e-14
 6.94535086071844e+05 -8.83238541151194e-14 -9.66090420584027e-14
 6.98669223488938e+05 -9.81833329730843e-14 -1.00096892232931e-13
 7.02803360906032e+05 -1.08685831598848e-13 -1.03593573081505e-13
 7.06937498323127e+05 -8.33201061182304e-14 -1.07067036598520e-13
 7.11071635740221e+05 -6.99991328740626e-14 -1.10487812853383e-13
 7.15205773157315e+05 -8.18133173579483e-14 -1.13829518409179e-13
 7.19339910574410e+05 -7.55399135438983e-14 -1.17069154393517e-13
 7.23474047991504e+05 -8.22015997511464e-14 -1.20187202355474e-13
 7.27608185408598e+05 -5.88075961330970e-14 -1.23167538409152e-13
 7.31742322825692e+05 -7.40857649965474e-14 -1.25997196610692e-13
 7.35876460242787e+05 -7.79593172666031e-14 -1.28666020406369e-13
 7.40010597659881e+05 -8.27390835666777e-14 -1.31166246016143e-13
 7.44144735076975e+05 -9.46736754303281e-14 -1.33492063397700e-13
 7.48278872494070e+05 -7.77677788579699e-14 -1.35639199043378e-13
 7.52413009911164e+05 -9.95697663748337e-14 -1.37604560366259e-13
 7.56547147328258e+05 -7.35763452970661e-14 -1.39385974283001e-13
 7.60681284745353e+05 -7.82177879579607e-14 -1.40982043226732e-13
 7.64815422162447e+05 -8.93140295109169e-14 -1.42392130906035e-13
 7.68949559579541e+05 -7.95675251796698e-14 -1.43616478459455e-13
 7.73083696996636e+05 -8.42115417162975e-14 -1.44656439914527e-13
 7.77217834413730e+05 -7.56546605035978e-14 -1.45514814957926e-13
 7.81351971830824e+05 -9.59182458974923e-14 -1.46196247584936e-13
 7.85486109247919e+05 -8.94993366047396e-14 -1.46707651919269e-13
 7.89620246665013e+05 -6.89262027092220e-14 -1.47058621870447e-13
 7.93754384082107e+05 -8.11930183490342e-14 -1.47261779670187e-13
 7.97888521499202e+05 -7.81166765250356e-14 -1.47333019797850e-13
 8.02022658916296e+05 -7.96288969572059e-14 -1.47291609441984e-13
 8.06156796333390e+05 -8.90811983964466e-14 -1.47160114079657e-13
 8.10290933750484e+05 -8.19052909248140e-14 -1.46964126654631e-13
 8.14425071167579e+05 -8.93467117060157e-14 -1.46731790647532e-13
 8.18559208584673e+05 -8.98797969111860e-14 -1.46493120248486e-13
 8.22693346001767e+05 -9.71744855557751e-14 -1.46279134231998e-13
 8.26827483418862e+05 -7.71557169084768e-14 -1.46120833087010e-13
 8.30961620835956e+05 -9.73213747432382e-14 -1.46048060694268e-13
 8.35095758253050e+05 -9.59325196536638e-14 -1.46088301659274e-13
 8.39229895670145e+05 -8.67137476794056e-14 -1.46265472628774e-13
 8.43364033087239e+05 -8.51566915163858e-14 -1.46598770002903e-13
 8.47498170504333e+05 -7.67311554627258e-14 -1.47101637245454e-13
 8.51632307921428e+05 -9.66700201736848e-14 -1.47780912093966e-13
 8.55766445338522e+05 -1.00876808641009e-13 -1.48636207683011e-13
 8.59900582755616e+05 -7.68675856386649e-14 -1.49659572029836e-13
 8.64034720172711e+05 -7.48183407927009e-14 -1.50835458029852e-13
 8.68168857589805e+05 -1.13070227932063e-13 -1.52141021606292e-13
 8.72302995006899e+05 -6.66416963887392e-14 -1.53546749751662e-13
 8.76437132423994e+05 -1.00573691342211e-13 -1.55017403707615e-13
 8.80571269841088e+05 -8.77699571333012e-14 -1.56513246282706e-13
 8.84705407258182e+05 -7.04138152451081e-14 -1.57991507273533e-13
 8.88839544675276e+05 -8.37875007779643e-14 -1.59408027805182e-13
 8.92973682092371e+05 -7.54916506803357e-14 -1.60719014054250e-13
 8.97107819509465e+05 -1.21656664546646e-13 -1.61882823670406e-13
 9.01241956926559e+05 -8.14304600747657e-14 -1.62861704773599e-13
 9.05376094343654e+05 -9.61876706842256e-14 -1.63623407947924e-13
 9.09510231760748e+05 -7.67008231811785e-14 -1.64142596082773e-13
 9.13644369177842e+05 -7.19501672114579e-14 -1.64401985141925e-13
 9.17778506594937e+05 -1.18774665266141e-13 -1.64393160543476e-13
 9.21912644012031e+05 -8.86395424157805e-14 -1.64117028268203e-13
 9.26046781429125e+05 -1.05090042742680e-13 -1.63583876341965e-13
 9.30180918846220e+05 -8.05267454509494e-14 -1.62813040214515e-13
 9.34315056263314e+05 -8.97852827084816e-14 -1.61832183769394e-13
 9.38449193680408e+05 -1.08176482706719e-13 -1.60676225481213e-13
 9.42583331097503e+05 -8.87302231882922e-14 -1.59385955608737e-13
 9.46717468514597e+05 -7.75298841552242e-14 -1.58006404492631e-13
 9.50851605931691e+05 -8.36321167131324e-14 -1.56585033304530e-13
 9.54985743348786e+05 -9.20407736446776e-14 -1.55169826476862e-13
 9.59119880765880e+05 -1.12905563469011e-13 -1.53807369071155e-13
 9.63254018182974e+05 -8.51645497702417e-14 -1.52540992381108e-13
 9.67388155600069e+05 -8.49621648014052e-14 -1.51409067192092e-13
 9.71522293017163e+05 -7.97146940881042e-14 -1.50443516431373e-13
 9.75656430434257e+05 -8.87745687291586e-14 -1.49668607992704e-13
 9.79790567851351e+05 -8.78150159077669e-14 -1.49100074781910e-13
 9.83924705268446e+05 -6.46457450971944e-14 -1.48744593259024e-13
 9.88058842685540e+05 -7.30213408991467e-14 -1.48599634738804e-13
 9.92192980102634e+05 -8.23538878349955e-14 -1.48653686311506e-13
 9.96327117519729e+05 -8.81463184958593e-14 -1.48886821368966e-13
 1.00046125493682e+06 -7.74738394844811e-14 -1.49271584068045e-13
 1.00459539235392e+06 -7.97645007960597e-14 -1.49774138589737e-13
 1.00872952977101e+06 -1.03889377840883e-13 -1.50355623198655e-13
 1.01286366718811e+06 -8.75703120447426e-14 -1.50973641473565e-13
 1.01699780460520e+06 -8.40989584971550e-14 -1.51583818989919e-13
 1.02113194202229e+06 -1.15678480929694e-13 -1.52141353248419e-13
 1.02526607943939e+06 -9.60413076315778e-14 -1.52602487820104e-13
 1.02940021685648e+06 -9.18111181701442e-14 -1.52925848154279e-13
 1.03353435427358e+06 -8.03627743054731e-14 -1.53073586034349e-13
 1.03766849169067e+06 -7.65924639415568e-14 -1.53012291520177e-13
 1.04180262910777e+06 -1.02278193879831e-13 -1.52713644904278e-13
 1.04593676652486e+06 -7.41036288300541e-14 -1.52154795900740e-13
 1.05007090394195e+06 -9.07801845407782e-14 -1.51318472169215e-13
 1.05420504135905e+06 -9.42238816519669e-14 -1.50192833636282e-13
 1.05833917877614e+06 -8.72226744558990e-14 -1.48771102154743e-13
 1.06247331619324e+06 -7.29986661068872e-14 -1.47051007137168e-13
 1.06660745361033e+06 -5.11936387089294e-14 -1.45034096345397e-13
 1.07074159102743e+06 -8.06482619107757e-14 -1.42724966736260e-13
 1.07487572844452e+06 -7.56621653102005e-14 -1.40130472659976e-13
 1.07900986586161e+06 -1.08969208493232e-13 -1.37258967936703e-13
 1.08314400327871e+06 -9.24554984178173e-14 -1.34119634300316e-13
 1.08727814069580e+06 -8.46771633956308e-14 -1.30721941761625e-13
 1.09141227811290e+06 -1.09431657034075e-13 -1.27075276925634e-13
 1.09554641552999e+06 -7.57195270072708e-14 -1.23188763811379e-13
 1.09968055294709e+06 -7.79591824110857e-14 -1.19071288810272e-13
 1.10381469036418e+06 -7.87704878371288e-14 -1.14731727870624e-13
 1.10794882778128e+06 -8.35402669276397e-14 -1.10179360503283e-13
 1.11208296519837e+06 -9.19622427560917e-14 -1.05424442459920e-13
 1.11621710261546e+06 -8.70769266588919e-14 -1.00478897744997e-13
 1.12035124003256e+06 -1.07342523311835e-13 -9.53570814317602e-14
 1.12448537744965e+06 -7.98532886021430e-14 -9.00765582776459e-14
 1.12861951486675e+06 -9.46683326904377e-14 -8.46588385014147e-14
 1.13275365228384e+06 -9.60433922599234e-14 -7.91300117644267e-14
 1.13688778970094e+06 -1.05562780920408e-13 -7.35212232734268e-14
 1.14102192711803e+06 -9.58766888093945e-14 -6.78689419829115e-14
 1.14515606453512e+06 -9.14439871551734e-14 -6.22149798156172e-14
 1.14929020195222e+06 -7.45408417059817e-14 -5.66062322949124e-14
 1.15342433936931e+06 -9.34571286852373e-14 -5.10941243489109e-14
 1.15755847678641e+06 -8.83892158457279e-14 -4.57337597835992e-14
 1.16169261420350e+06 -7.44134656836428e-14 -4.05827882638225e-14
 1.16582675162060e+06 -9.35920199668333e-14 -3.57000188055345e-14
 1.16996088903769e+06 -9.90493582627764e-14 -3.11438230917921e-14
 1.17409502645478e+06 -9.89951154612549e-14 -2.69703846661964e-14
 1.17822916387188e+06 -9.35684277700401e-14 -2.32318604268255e-14
 1.18236330128897e+06 -6.45159482745393e-14 -1.99745285980385e-14
 1.18649743870607e+06 -7.97708466187890e-14 -1.72370016786458e-14
 1.19063157612316e+06 -8.94787974456236e-14 -1.50485838733015e-14
 1.19476571354026e+06 -9.49437247871947e-14 -1.34278497499279e-14
 1.19889985095735e+06 -9.63545110763386e-14 -1.23815146015297e-14
 1.20303398837444e+06 -9.99975363413119e-14 -1.19036573565264e-14
 1.20716812579154e+06 -9.99255517940935e-14 -1.19753442192247e-14
 1.21130226320863e+06 -1.07419401241764e-13 -1.25646860706047e-14
 1.21543640062573e+06 -9.46147336805701e-14 -1.36273457230852e-14
 1.21957053804282e+06 -8.33067489115052e-14 -1.51074929412592e-14
 1.22370467545992e+06 -9.91750250696946e-14 -1.69391866994886e-14
 1.22783881287701e+06 -9.68263834543610e-14 -1.90481461233809e-14
 1.23197295029410e+06 -1.08511722938987e-13 -2.13538547907738e-14
 1.23610708771120e+06 -9.48094365286623e-14 -2.37719283038646e-14
 1.24024122512829e+06 -7.93048925914308e-14 -2.62166629874301e-14
 1.24437536254539e+06 -7.88681485742626e-14 -2.86036747011853e-14
 1.24850949996248e+06 -6.97697669066280e-14 -3.08525315864055e-14
 1.25264363737958e+06 -1.20633406178049e-13 -3.28892833052329e-14
 1.25677777479667e+06 -1.06913742801806e-13 -3.46487921085695e-14
 1.26091191221376e+06 -9.97662704495600e-14 -3.60767778081971e-14
 1.26504604963086e+06 -8.77471829196963e-14 -3.71314991210850e-14
 1.26918018704795e+06 -9.25908321338521e-14 -3.77850075661518e-14
 1.27331432446505e+06 -8.91796842136530e-14 -3.80239265189547e-14
 1.27744846188214e+06 -1.07491362813490e-13 -3.78497264803070e-14
 1.28158259929924e+06 -1.05308437400316e-13 -3.72784873138794e-14
 1.28571673671633e+06 -9.79834315630942e-14 -3.63401583257644e-14
 1.28985087413343e+06 -1.04456934333056e-13 -3.50773467603365e-14
 1.29398501155052e+06 -1.15472748629006e-13 -3.35436836464672e-14
 1.29811914896761e+06 -9.62001020833685e-14 -3.18018322536558e-14
 1.30225328638471e+06 -1.05857552638801e-13 -2.99212179174577e-14
 1.30638742380180e+06 -8.21671666731815e-14 -2.79755681677434e-14
 1.31052156121890e+06 -9.72195102750131e-14 -2.60403584387478e-14
 1.31465569863599e+06 -1.00444000762980e-13 -2.41902609306555e-14
 1.31878983605309e+06 -1.12343557519294e-13 -2.24966923393992e-14
 1.32292397347018e+06 -9.97319745038420e-14 -2.10255502854173e-14
 1.32705811088727e+06 -8.96346747225460e-14 -1.98352186205226e-14
 1.33119224830437e+06 -1.06175260519416e-13 -1.89749088421260e-14
 1.33532638572146e+06 -1.01475775555035e-13 -1.84833892218450e-14
 1.33946052313856e+06 -9.64684562652354e-14 -1.83881356417547e-14
 1.34359466055565e+06 -1.14618886238320e-13 -1.87049194187730e-14
 1.34772879797275e+06 -9.44668824854999e-14 -1.94378283747010e-14
 1.35186293538984e+06 -1.20539309273437e-13 -2.05796989936530e-14
 1.35599707280693e+06 -8.79654527219484e-14 -2.21129206025367e-14
 1.36013121022403e+06 -9.31244020682047e-14 -2.40105577507157e-14
 1.36426534764112e+06 -1.03745676345866e-13 -2.62377252051451e-14
 1.36839948505822e+06 -1.07434625739255e-13 -2.87531415230576e-14
 1.37253362247531e+06 -9.65257411940345e-14 -3.15107826236722e-14
 1.37666775989241e+06 -9.18718838430252e-14 -3.44615560849583e-14
 1.38080189730950e+06 -1.14512311272337e-13 -3.75549201720675e-14
 1.38493603472659e+06 -1.11802392874235e-13 -4.07403785966582e-14
 1.38907017214369e+06 -9.71186282631830e-14 -4.39687922772358e-14
 1.39320430956078e+06 -8.68964216203148e-14 -4.71934623710824e-14
 1.39733844697788e+06 -8.79654247701166e-14 -5.03709539196826e-14
 1.40147258439497e+06 -9.32541795554798e-14 -5.34616456461179e-14
 1.40560672181207e+06 -8.89442173184643e-14 -5.64300080539136e-14
 1.40974085922916e+06 -8.50447198157558e-14 -5.92446279703079e-14
 1.41387499664625e+06 -8.81550870574523e-14 -6.18780122923218e-14
 1.41800913406335e+06 -9.48529975510237e-14 -6.43062160503610e-14
 1.42214327148044e+06 -8.80830024655289e-14 -6.65083494056691e-14
 1.42627740889754e+06 -9.62792568919986e-14 -6.84660242370821e-14
 1.43041154631463e+06 -7.98089339567054e-14 -7.01628033087386e-14
 1.43454568373173e+06 -9.01169633726885e-14 -7.15837133718370e-14
 1.43867982114882e+06 -7.06704824526431e-14 -7.27148780916827e-14
 1.44281395856591e+06 -8.72387588530567e-14 -7.35433177149391e-14
 1.44694809598301e+06 -7.47225350161905e-14 -7.40569502485564e-14
 1.45108223340010e+06 -9.34307977933904e-14 -7.42448144057103e-14
 1.45521637081720e+06 -1.02809821863743e-13 -7.40975183987377e-14
 1.45935050823429e+06 -8.16715271425230e-14 -7.36079017415495e-14
 1.46348464565139e+06 -1.05141996758148e-13 -7.27718805880215e-14
 1.46761878306848e+06 -1.15446432987908e-13 -7.15894316077479e-14
 1.47175292048557e+06 -8.93651707995442e-14 -7.00656561075473e-14
 1.47588705790267e+06 -1.11103725009453e-13 -6.82118556539600e-14
 1.48002119531976e+06 -8.98224119531807e-14 -6.60465437662023e-14
 1.48415533273686e+06 -7.08457797322024e-14 -6.35963155779901e-14
 1.48828947015395e+06 -9.08112969111080e-14 -6.08964992760447e-14
 1.49242360757105e+06 -7.62604131838710e-14 -5.79915194211783e-14
 1.49655774498814e+06 -1.01799101710223e-13 -5.49349129588243e-14
 1.50069188240524e+06 -8.03645382188215e-14 -5.17889532942962e-14
 1.50482601982233e+06 -9.28371289432721e-14 -4.86238556402119e-14
 1.50896015723942e+06 -7.45433888411905e-14 -4.55165570987999e-14
 1.51309429465652e+06 -7.20995241289654e-14 -4.25490866635992e-14
 1.51722843207361e+06 -8.14749549216094e-14 -3.98065623063045e-14
 1.52136256949071e+06 -7.11633292621534e-14 -3.73748735793872e-14
 1.52549670690780e+06 -6.01588167282130e-14 -3.53381274517780e-14
 1.52963084432490e+06 -6.95521783830475e-14 -3.37759512961684e-14
 1.53376498174199e+06 -1.01096338910717e-13 -3.27607593162906e-14
 1.53789911915908e+06 -9.01350462129532e-14 -3.23550962442447e-14
 1.54203325657618e+06 -8.91408597458310e-14 -3.26091744746791e-14
 1.54616739399327e+06 -8.87489603299366e-14 -3.35587175288142e-14
 1.55030153141037e+06 -9.38201991322081e-14 -3.52232139681380e-14
 1.55443566882746e+06 -9.10287456796211e-14 -3.76046717600935e-14
 1.55856980624456e+06 -7.60612029506001e-14 -4.06869442542389e-14
 1.56270394366165e+06 -8.55890820524245e-14 -4.44356761332822e-14
 1.56683808107874e+06 -8.49272367990382e-14 -4.87988919667698e-14
 1.57097221849584e+06 -9.39469929247573e-14 -5.37082225382900e-14
 1.57510635591293e+06 -8.37957555265229e-14 -5.90807361845493e-14
 1.57924049333003e+06 -1.05966743869361e-13 -6.48213153483125e-14
 1.58337463074712e+06 -8.98175570186764e-14 -7.08254937344173e-14
 1.58750876816422e+06 -7.69231213210568e-14 -7.69826481246261e-14
 1.59164290558131e+06 -1.16158584360802e-13 -8.31794220382527e-14
 1.59577704299840e+06 -8.28938071519989e-14 -8.93032470611258e-14
 1.59991118041550e+06 -9.81234120940861e-14 -9.52458222507070e-14
 1.60404531783259e+06 -7.39553324311074e-14 -1.00906413011846e-13
 1.60817945524969e+06 -7.57504169512560e-14 -1.06194838180158e-13
 1.61231359266678e+06 -1.01039003155575e-13 -1.11034027459190e-13
 1.61644773008388e+06 -8.17491216252532e-14 -1.15362050238488e-13
 1.62058186750097e+06 -1.11558990620450e-13 -1.19133540274112e-13
 1.62471600491806e+06 -7.39960973729426e-14 -1.22320467666795e-13
 1.62885014233516e+06 -7.21828620814885e-14 -1.24912238653832e-13
 1.63298427975225e+06 -1.07676969827253e-13 -1.26915133666047e-13
 1.63711841716935e+06 -8.56674939108914e-14 -1.28351123268668e-13
 1.64125255458644e+06 -9.89054954821732e-14 -1.29256128756002e-13
 1.64538669200354e+06 -5.06195943554355e-14 -1.29677817852722e-13
 1.64952082942063e+06 -1.09339581767726e-13 -1.29673045172020e-13
 1.65365496683772e+06 -8.26743043824149e-14 -1.29305060709658e-13
 1.65778910425482e+06 -1.03176956533872e-13 -1.28640617293887e-13
 1.66192324167191e+06 -7.86137165407804e-14 -1.27747109019718e-13
 1.66605737908901e+06 -1.01030516399298e-13 -1.26689867435160e-13
 1.67019151650610e+06 -8.83917028930964e-14 -1.25529730852030e-13
 1.67432565392320e+06 -8.75180108165311e-14 -1.24320985330258e-13
 1.67845979134029e+06 -8.57030576487251e-14 -1.23109754470617e-13
 1.68259392875739e+06 -6.92257865673539e-14 -1.21932890397959e-13
 1.68672806617448e+06 -7.36614802871087e-14 -1.20817391405589e-13
 1.69086220359157e+06 -9.40746842966733e-14 -1.19780344248983e-13
 1.69499634100867e+06 -9.86215319475326e-14 -1.18829362257873e-13
 1.69913047842576e+06 -9.51842250340470e-14 -1.17963465854249e-13
 1.70326461584286e+06 -9.76523308560163e-14 -1.17174330862238e-13
 1.70739875325995e+06 -9.58249139805605e-14 -1.16447813316554e-13
 1.71153289067705e+06 -9.53867627648741e-14 -1.15765648051375e-13
 1.71566702809414e+06 -8.89681302925858e-14 -1.15107212851581e-13
 1.71980116551123e+06 -8.65831793600954e-14 -1.14451250478032e-13
 1.72393530292833e+06 -1.08668159335195e-13 -1.13777447310700e-13
 1.72806944034542e+06 -8.71982503313749e-14 -1.13067779416718e-13
 1.73220357776252e+06 -9.70473791357861e-14 -1.12307553549424e-13
 1.73633771517961e+06 -9.48214689995707e-14 -1.11486091234905e-13
 1.74047185259671e+06 -9.76974207705847e-14 -1.10597027204260e-13
 1.74460599001380e+06 -9.11005843045515e-14 -1.09638217963491e-13
 1.74874012743089e+06 -9.43642864808135e-14 -1.08611280603172e-13
 1.75287426484799e+06 -8.07182665839046e-14 -1.07520804872456e-13
 1.75700840226508e+06 -7.96359718285112e-14 -1.06373301641055e-13
 1.76114253968218e+06 -7.04527863491125e-14 -1.05175967100655e-13
 1.76527667709927e+06 -9.18452169659545e-14 -1.03935353538803e-13
 1.76941081451637e+06 -6.42822715104938e-14 -1.02656043470287e-13
 1.77354495193346e+06 -8.51376611213373e-14 -1.01339424186365e-13
 1.77767908935055e+06 -7.55537923625203e-14 -9.99826542924756e-14
 1.78181322676765e+06 -8.95999472931334e-14 -9.85779027584609e-14
 1.78594736418474e+06 -8.92947116558435e-14 -9.71119252601712e-14
 1.79008150160184e+06 -8.65044120927973e-14 -9.55660228140957e-14
 1.79421563901893e+06 -1.05633571701818e-13 -9.39164051003902e-14
 1.79834977643603e+06 -7.67212735718935e-14 -9.21349567768610e-14
 1.80248391385312e+06 -8.91209925008708e-14 -9.01903806861263e-14
 1.80661805127021e+06 -6.70554538094734e-14 -8.80496687314603e-14
 1.81075218868731e+06 -1.05455147735232e-13 -8.56798305118751e-14
 1.81488632610440e+06 -1.04130130047579e-13 -8.30497927719568e-14
 1.81902046352150e+06 -8.03763977590511e-14 -8.01323703932532e-14
 1.82315460093859e+06 -8.48260765891079e-14 -7.69062026201755e-14
 1.82728873835569e+06 -7.86385313473978e-14 -7.33575470247358e-14
 1.83142287577278e+06 -9.63459674800392e-14 -6.94818284113941e-14
 1.83555701318987e+06 -8.16948444829689e-14 -6.52848502557043e-14
 1.83969115060697e+06 -9.12335753290219e-14 -6.07835918058553e-14
 1.84382528802406e+06 -6.98306223441283e-14 -5.60065338836994e-14
 1.84795942544116e+06 -9.00509822414572e-14 -5.09934796169292e-14
 1.85209356285825e+06 -9.85938078989770e-14 -4.57948615559776e-14
 1.85622770027535e+06 -7.01242232227709e-14 -4.04705526388883e-14
 1.86036183769244e+06 -8.81325963539576e-14 -3.50882237073305e-14
 1.86449597510954e+06 -7.83110604006053e-14 -2.97213135434010e-14
 1.86863011252663e+06 -8.49155420580422e-14 -2.44466973946074e-14
 1.87276424994372e+06 -9.93723862189917e-14 -1.93421555930864e-14
 1.87689838736082e+06 -9.44862748873259e-14 -1.44837543282178e-14
 1.88103252477791e+06 -7.63657702941309e-14 -9.94325543895495e-15
 1.88516666219501e+06 -5.78078615255450e-14 -5.78567089960018e-15
 1.88930079961210e+06 -9.77024449056098e-14 -2.06707059136814e-15
 1.89343493702920e+06 -1.00296589247383e-13  1.16726051762694e-15
 1.89756907444629e+06 -9.19357099033532e-14  3.88423698479589e-15
 1.90170321186338e+06 -1.04996119511905e-13  6.06390160615386e-15
 1.90583734928048e+06 -7.51386311591086e-14  7.69983437392692e-15
 1.90997148669757e+06 -1.08534902360376e-13  8.79903299843405e-15
 1.91410562411467e+06 -9.34881202519900e-14  9.38128165441268e-15
 1.91823976153176e+06 -8.36447101499862e-14  9.47804855051779e-15
 1.92237389894886e+06 -8.00881538187997e-14  9.13097450353627e-15
 1.92650803636595e+06 -9.57737519209671e-14  8.39003247158337e-15
 1.93064217378304e+06 -8.68217180578217e-14  7.31145147342304e-15
 1.93477631120014e+06 -8.41256574846119e-14  5.95550645850848e-15
 1.93891044861723e+06 -8.99019623544459e-14  4.38427853061217e-15
 1.94304458603433e+06 -6.23541002774822e-14  2.65948715007364e-15
 1.94717872345142e+06 -8.86385185332551e-14  8.40487960481784e-16
 1.95131286086852e+06 -7.52955267714635e-14 -1.01748271315891e-15
 1.95544699828561e+06 -1.00260206232773e-13 -2.86475222319863e-15
 1.95958113570270e+06 -5.95096330257998e-14 -4.65829962763713e-15
 1.96371527311980e+06 -7.62815208164757e-14 -6.36246330466394e-15
 1.96784941053689e+06 -8.84079454741320e-14 -7.94926557213799e-15
 1.97198354795399e+06 -8.41925261759541e-14 -9.39837248234745e-15
 1.97611768537108e+06 -8.20562520007196e-14 -1.06967257977036e-14
 1.98025182278818e+06 -7.28075617430620e-14 -1.18379000063463e-14
 1.98438596020527e+06 -7.00043825479596e-14 -1.28212493186245e-14
 1.98852009762236e+06 -8.79159682721735e-14 -1.36509172215986e-14
 1.99265423503946e+06 -9.82151409990198e-14 -1.43347840999574e-14
 1.99678837245655e+06 -8.91416117283076e-14 -1.48834266227029e-14
 2.00092250987365e+06 -6.65286875065587e-14 -1.53091561330897e-14
 2.00505664729074e+06 -1.00479387378010e-13 -1.56251929487906e-14
 2.00919078470784e+06 -7.26707614786800e-14 -1.58450197393116e-14
 2.01332492212493e+06 -9.50113741161488e-14 -1.59819411550137e-14
 2.01745905954202e+06 -6.43117016582361e-14 -1.60488595733859e-14
 2.02159319695912e+06 -8.97897973525363e-14 -1.60582593955177e-14
 2.02572733437621e+06 -8.85124463554693e-14 -1.60223758768842e-14
 2.02986147179331e+06 -8.77261127675982e-14 -1.59535101141051e-14
 2.03399560921040e+06 -7.30933351194879e-14 -1.58644403632570e-14
 2.03812974662750e+06 -8.30811406014856e-14 -1.57688722012165e-14
 2.04226388404459e+06 -8.34854658971303e-14 -1.56818665098033e-14
 2.04639802146168e+06 -9.64046810158345e-14 -1.56201852575582e-14
 2.05053215887878e+06 -1.00450397573826e-13 -1.56025003480202e-14
 2.05466629629587e+06 -8.99427137979289e-14 -1.56494202193386e-14
 2.05880043371297e+06 -6.73296758119678e-14 -1.57833017747261e-14
 2.06293457113006e+06 -9.73029317509474e-14 -1.60278307321308e-14
 2.06706870854716e+06 -6.51290477392226e-14 -1.64073707355403e-14
 2.07120284596425e+06 -9.33036366757827e-14 -1.69460993690422e-14
 2.07533698338135e+06 -5.68095152073423e-14 -1.76669664224080e-14
 2.07947112079844e+06 -9.23765714267994e-14 -1.85905253295285e-14
 2.08360525821553e+06 -7.33676918399615e-14 -1.97337014381856e-14
 2.08773939563263e+06 -9.17272082337848e-14 -2.11085699270070e-14
 2.09187353304972e+06 -8.09029583255960e-14 -2.27212210130084e-14
 2.09600767046682e+06 -8.17428555390066e-14 -2.45707901607344e-14
 2.10014180788391e+06 -9.19940286223592e-14 -2.66487261931555e-14
 2.10427594530101e+06 -8.48219281983858e-14 -2.89383606439656e-14
 2.10841008271810e+06 -7.39273046018834e-14 -3.14148278582220e-14
 2.11254422013519e+06 -8.20277302180225e-14 -3.40453678518071e-14
 2.11667835755229e+06 -6.55604005997413e-14 -3.67900238960887e-14
 2.12081249496938e+06 -8.78762711094464e-14 -3.96027250909196e-14
 2.12494663238648e+06 -8.74381877352334e-14 -4.24327222782003e-14
 2.12908076980357e+06 -9.35375104152760e-14 -4.52263246645533e-14
 2.13321490722067e+06 -7.80643128838957e-14 -4.79288657149972e-14
 2.13734904463776e+06 -8.96978701284758e-14 -5.04868115166330e-14
 2.14148318205485e+06 -7.42609105799490e-14 -5.28499136900497e-14
 2.14561731947195e+06 -7.46137441947777e-14 -5.49733029400834e-14
 2.14975145688904e+06 -8.56936627235492e-14 -5.68194188343908e-14
 2.15388559430614e+06 -8.88707520576404e-14 -5.83596766304178e-14
 2.15801973172323e+06 -6.03803822063784e-14 -5.95757826972891e-14
 2.16215386914033e+06 -6.04988423689734e-14 -6.04606258747965e-14
 2.16628800655742e+06 -7.53670767848329e-14 -6.10186921693267e-14
 2.17042214397451e+06 -1.11288650079180e-13 -6.12659734670919e-14
 2.17455628139161e+06 -8.38392196213416e-14 -6.12293663017320e-14
 2.17869041880870e+06 -8.17610124163780e-14 -6.09455826299212e-14
 2.18282455622580e+06 -7.09040328039238e-14 -6.04596198399252e-14
 2.18695869364289e+06 -8.54452708367585e-14 -5.98228602487917e-14
 2.19109283105999e+06 -6.17388827055180e-14 -5.90908899671662e-14
 2.19522696847708e+06 -6.26736156323235e-14 -5.83211420949971e-14
 2.19936110589417e+06 -6.32664458333776e-14 -5.75704788475491e-14
 2.20349524331127e+06 -7.74189386243426e-14 -5.68928308182970e-14
 2.20762938072836e+06 -7.92282583948772e-14 -5.63370089717961e-14
 2.21176351814546e+06 -7.34841202689542e-14 -5.59447961330616e-14
 2.21589765556255e+06 -6.71092306325972e-14 -5.57494101691868e-14
 2.22003179297965e+06 -9.04377638054337e-14 -5.57744115473890e-14
 2.22416593039674e+06 -5.20766978185312e-14 -5.60331044275047e-14
 2.22830006781383e+06 -7.56471736367587e-14 -5.65284543058018e-14
 2.23243420523093e+06 -7.61298816164595e-14 -5.72535177624045e-14
 2.23656834264802e+06 -8.87475908993182e-14 -5.81923527070662e-14
 2.24070248006512e+06 -6.22721871205263e-14 -5.93213520565142e-14
 2.24483661748221e+06 -6.58208528465022e-14 -6.06109214492508e-14
 2.24897075489931e+06 -8.65079386127886e-14 -6.20274037366200e-14
 2.25310489231640e+06 -9.58691854383622e-14 -6.35351404417939e-14
 2.25723902973349e+06 -6.48252588511779e-14 -6.50985539582157e-14
 2.26137316715059e+06 -7.52659478229038e-14 -6.66841343181960e-14
 2.26550730456768e+06 -5.07771104786009e-14 -6.82622208833368e-14
 2.26964144198478e+06 -6.71421186690408e-14 -6.98084819401370e-14
 2.27377557940187e+06 -6.32559961337740e-14 -7.13050132764491e-14
 2.27790971681897e+06 -5.17941303492153e-14 -7.27409992911663e-14
 2.28204385423606e+06 -5.66389525003141e-14 -7.41129058104117e-14
 2.28617799165316e+06 -7.21788805717808e-14 -7.54242011642392e-14
 2.29031212907025e+06 -8.27840722340053e-14 -7.66846296015107e-14
 2.29444626648734e+06 -7.10342665393063e-14 -7.79090872050640e-14
 2.29858040390444e+06 -7.67596403247558e-14 -7.91161737710381e-14
 2.30271454132153e+06 -9.06300805041630e-14 -8.03265130814897e-14
 2.30684867873863e+06 -5.97484077227451e-14 -8.15609477291688e-14
 2.31098281615572e+06 -6.99996422000257e-14 -8.28387222104139e-14
 2.31511695357282e+06 -5.12276839877312e-14 -8.41757689660836e-14
 2.31925109098991e+06 -5.24546118788199e-14 -8.55832063504640e-14
 2.32338522840700e+06 -6.98256177497807e-14 -8.70661453897283e-14
 2.32751936582410e+06 -7.13340787163757e-14 -8.86228843331358e-14
 2.33165350324119e+06 -7.76403009731935e-14 -9.02445473642010e-14
 2.33578764065829e+06 -7.27290601204564e-14 -9.19151977473651e-14
 2.33992177807538e+06 -6.49328528485027e-14 -9.36124274932535e-14
 2.34405591549248e+06 -9.65763851751036e-14 -9.53083970548123e-14
 2.34819005290957e+06 -7.52117209105271e-14 -9.69712711585617e-14
 2.35232419032666e+06 -9.37915834227017e-14 -9.85669722717778e-14
 2.35645832774376e+06 -4.37605699161176e-14 -1.00061152803707e-13
 2.36059246516085e+06 -7.56850504145510e-14 -1.01421272187510e-13
 2.36472660257795e+06 -6.78293806343118e-14 -1.02618656327914e-13
 2.36886073999504e+06 -7.30623976678852e-14 -1.03630415283458e-13
 2.37299487741214e+06 -7.33336445091631e-14 -1.04441100362548e-13
 2.37712901482923e+06 -8.00196225686375e-14 -1.05043994156455e-13
 2.38126315224632e+06 -7.56344090575936e-14 -1.05441945598009e-13
 2.38539728966342e+06 -8.17485986017050e-14 -1.05647686009633e-13
 2.38953142708051e+06 -7.02042567843518e-14 -1.05683590083383e-13
 2.39366556449761e+06 -5.57476116098738e-14 -1.05580876213774e-13
 2.39779970191470e+06 -4.85337795828753e-14 -1.05378271982391e-13
 2.40193383933180e+06 -6.86778436229246e-14 -1.05120201131614e-13
 2.40606797674889e+06 -8.11834696527824e-14 -1.04854576263382e-13
 2.41020211416598e+06 -7.43221850738182e-14 -1.04630305392822e-13
 2.41433625158308e+06 -7.28191485595158e-14 -1.04494638681964e-13
 2.41847038900017e+06 -7.49635695277062e-14 -1.04490493481720e-13
 2.42260452641727e+06 -9.62461527319778e-14 -1.04653900088308e-13
 2.42673866383436e+06 -8.15718727222793e-14 -1.05011707416725e-13
 2.43087280125146e+06 -6.22638439941954e-14 -1.05579676883428e-13
 2.43500693866855e+06 -8.42427135888415e-14 -1.06361074895773e-13
 2.43914107608564e+06 -5.24951898580858e-14 -1.07345850172248e-13
 2.44327521350274e+06 -8.63539087105300e-14 -1.08510453072588e-13
 2.44740935091983e+06 -5.85636672595455e-14 -1.09818321570610e-13
 2.45154348833693e+06 -9.44309396791409e-14 -1.11221024225324e-13
 2.45567762575402e+06 -6.35975312074689e-14 -1.12660016343731e-13
 2.45981176317112e+06 -8.07811700777693e-14 -1.14068933272042e-13
 2.46394590058821e+06 -7.10896890749064e-14 -1.15376316111311e-13
 2.46808003800530e+06 -7.05425779426555e-14 -1.16508641798089e-13
 2.47221417542240e+06 -7.44687961778260e-14 -1.17393512533142e-13
 2.47634831283949e+06 -6.82184555603175e-14 -1.17962850114038e-13
 2.48048245025659e+06 -5.97669968102742e-14 -1.18155939177753e-13
 2.48461658767368e+06 -6.43307315244682e-14 -1.17922169985755e-13
 2.48875072509078e+06 -7.41718335705425e-14 -1.17223345814709e-13
 2.49288486250787e+06 -6.63422037709476e-14 -1.16035441394560e-13
 2.49701899992497e+06 -7.78824589900160e-14 -1.14349726309476e-13
 2.50115313734206e+06 -7.06031835850357e-14 -1.12173199179125e-13
 2.50528727475915e+06 -8.56423464690249e-14 -1.09528313210906e-13
 2.50942141217625e+06 -7.51761770114309e-14 -1.06452009490727e-13
 2.51355554959334e+06 -6.82792378540367e-14 -1.02994109284748e-13
 2.51768968701044e+06 -6.21788958521658e-14 -9.92151488311273e-14
 2.52182382442753e+06 -4.62750332524140e-14 -9.51837678172282e-14
 2.52595796184463e+06 -7.96594158608918e-14 -9.09737846345990e-14
 2.53009209926172e+06 -4.55895035441004e-14 -8.66611063482263e-14
 2.53422623667881e+06 -8.25028271890326e-14 -8.23206283493726e-14
 2.53836037409591e+06 -5.81522658681743e-14 -7.80232774822663e-14
 2.54249451151300e+06 -8.73275392843575e-14 -7.38333433129719e-14
 2.54662864893010e+06 -7.40375014968213e-14 -6.98062253797355e-14
 2.55076278634719e+06 -7.11638413717429e-14 -6.59867008873479e-14
 2.55489692376429e+06 -8.07655483859486e-14 -6.24077885668522e-14
 2.55903106118138e+06 -6.74143880262327e-14 -5.90902518434577e-14
 2.56316519859847e+06 -6.01449396025847e-14 -5.60427499068481e-14
 2.56729933601557e+06 -6.38201876544192e-14 -5.32626104930342e-14
 2.57143347343266e+06 -7.07151018019636e-14 -5.07371651907095e-14
 2.57556761084976e+06 -8.50247625153046e-14 -4.84455585063055e-14
 2.57970174826685e+06 -6.64609021851631e-14 -4.63609174488238e-14
 2.58383588568395e+06 -5.31592940149142e-14 -4.44527502659718e-14
 2.58797002310104e+06 -7.04007353019402e-14 -4.26894321848387e-14
 2.59210416051813e+06 -7.31429592572158e-14 -4.10406330894716e-14
 2.59623829793523e+06 -5.83780965740268e-14 -3.94795471266222e-14
 2.60037243535232e+06 -5.73830159500048e-14 -3.79847970435875e-14
 2.60450657276942e+06 -6.69167491588628e-14 -3.65419057802410e-14
 2.60864071018651e+06 -8.10940518594909e-14 -3.51442534290245e-14
 2.61277484760361e+06 -6.29772797276822e-14 -3.37934677338153e-14
 2.61690898502070e+06 -6.57491055798883e-14 -3.24992290821508e-14
 2.62104312243779e+06 -6.78179557372391e-14 -3.12785047298820e-14
 2.62517725985489e+06 -9.15788740420590e-14 -3.01542599073677e-14
 2.62931139727198e+06 -5.63960032631777e-14 -2.91537235975892e-14
 2.63344553468908e+06 -8.15688544061487e-14 -2.83063126310017e-14
 2.63757967210617e+06 -5.39521295616008e-14 -2.76413378059365e-14
 2.64171380952327e+06 -7.60385198875396e-14 -2.71856288894832e-14
 2.64584794694036e+06 -5.25748540114435e-14 -2.69612209311714e-14
 2.64998208435745e+06 -7.00736571840898e-14 -2.69832419981239e-14
 2.65411622177455e+06 -6.27081772129955e-14 -2.72581322275927e-14
 2.65825035919164e+06 -6.73798232503845e-14 -2.77823067581528e-14
 2.66238449660874e+06 -7.58014442008799e-14 -2.85413512894870e-14
 2.66651863402583e+06 -6.52446232258209e-14 -2.95098103187134e-14
 2.67065277144293e+06 -7.18059219639405e-14 -3.06515957689449e-14
 2.67478690886002e+06 -5.33493688761244e-14 -3.19210097687043e-14
 2.67892104627712e+06 -7.58256821994003e-14 -3.32643413735675e-14
 2.68305518369421e+06 -6.00879578723751e-14 -3.46219650805610e-14
 2.68718932111130e+06 -9.07020471746459e-14 -3.59308406212404e-14
 2.69132345852840e+06 -6.27551279874403e-14 -3.71272904033655e-14
 2.69545759594549e+06 -6.55549540324366e-14 -3.81499142859493e-14
 2.69959173336259e+06 -7.18013908865605e-14 -3.89424920957702e-14
 2.70372587077968e+06 -6.10049880079326e-14 -3.94567228680949e-14
 2.70786000819678e+06 -7.29388327458220e-14 -3.96546563672588e-14
 2.71199414561387e+06 -4.65278291158450e-14 -3.95106867297343e-14
 2.71612828303096e+06 -4.17160254269289e-14 -3.90129992308275e-14
 2.72026242044806e+06 -7.16123316231340e-14 -3.81643882030494e-14
 2.72439655786515e+06 -5.98784651664848e-14 -3.69823955806049e-14
 2.72853069528225e+06 -6.95161332691219e-14 -3.54987537620992e-14
 2.73266483269934e+06 -4.93706244350725e-14 -3.37581517086283e-14
 2.73679897011644e+06 -6.77523672440336e-14 -3.18163775606975e-14
 2.74093310753353e+06 -6.50446645739985e-14 -2.97379228111095e-14
 2.74506724495062e+06 -6.76733324811588e-14 -2.75931605036935e-14
 2.74920138236772e+06 -5.85729751431005e-14 -2.54552317280206e-14
 2.75333551978481e+06 -6.66730153782596e-14 -2.33967895604028e-14
 2.75746965720191e+06 -5.12045593340082e-14 -2.14867570230509e-14
 2.76160379461900e+06 -6.05469925329682e-14 -1.97872549857864e-14
 2.76573793203610e+06 -6.10145603959175e-14 -1.83508475278038e-14
 2.76987206945319e+06 -5.23238458142012e-14 -1.72182363699924e-14
 2.77400620687028e+06 -4.07705964662283e-14 -1.64165135088315e-14
 2.77814034428738e+06 -5.64055331980744e-14 -1.59580533756115e-14
 2.78227448170447e+06 -5.39315336439310e-14 -1.58400940381048e-14
 2.78640861912157e+06 -7.15322920469292e-14 -1.60450228941949e-14
 2.79054275653866e+06 -4.61087227654570e-14 -1.65413477225841e-14
 2.79467689395576e+06 -6.92253755800658e-14 -1.72853005720511e-14
 2.79881103137285e+06 -4.14717424676227e-14 -1.82229915706675e-14
 2.80294516878994e+06 -6.60779183596860e-14 -1.92930037347917e-14
 2.80707930620704e+06 -6.37455321217011e-14 -2.04292996124593e-14
 2.81121344362413e+06 -7.78365244904862e-14 -2.15642970445561e-14
 2.81534758104123e+06 -7.57023279968585e-14 -2.26319651072418e-14
 2.81948171845832e+06 -5.48169610758162e-14 -2.35707925910506e-14
 2.82361585587542e+06 -6.51772935496079e-14 -2.43264900611993e-14
 2.82774999329251e+06 -5.30491941456230e-14 -2.48543020838262e-14
 2.83188413070960e+06 -6.75129647241944e-14 -2.51208276447992e-14
 2.83601826812670e+06 -4.92260608562689e-14 -2.51052730501514e-14
 2.84015240554379e+06 -5.50754912837119e-14 -2.48000911446516e-14
 2.84428654296089e+06 -7.29828349054377e-14 -2.42109920718145e-14
 2.84842068037798e+06 -4.46453428244982e-14 -2.33563422361747e-14
 2.85255481779508e+06 -7.89252722247084e-14 -2.22659981937257e-14
 2.85668895521217e+06 -4.13263414304223e-14 -2.09796491672710e-14
 2.86082309262927e+06 -5.61500077503905e-14 -1.95447645501314e-14
 2.86495723004636e+06 -5.17877432232867e-14 -1.80142600090082e-14
 2.86909136746345e+06 -6.43352604930330e-14 -1.64440068150769e-14
 2.87322550488055e+06 -6.29419926386469e-14 -1.48903133703622e-14
 2.87735964229764e+06 -4.56286136708766e-14 -1.34075054775670e-14
 2.88149377971474e+06 -6.72747121278175e-14 -1.20457230178135e-14
 2.88562791713183e+06 -5.01444143962002e-14 -1.08490358410275e-14
 2.88976205454893e+06 -5.51207284333927e-14 -9.85396188057811e-15
 2.89389619196602e+06 -5.79449502135456e-14 -9.08844681770949e-15
 2.89803032938311e+06 -4.77160209479981e-14 -8.57133842508388e-15
 2.90216446680021e+06 -6.69031650386169e-14 -8.31236138607690e-15
 2.90629860421730e+06 -3.64692568921969e-14 -8.31257150628179e-15
 2.91043274163440e+06 -7.26458821888108e-14 -8.56524306640000e-15
 2.91456687905149e+06 -5.15176342071936e-14 -9.05712107257250e-15
 2.91870101646859e+06 -5.86420867362772e-14 -9.76995230982006e-15
 2.92283515388568e+06 -6.02786244956120e-14 -1.06821963720178e-14
 2.92696929130277e+06 -4.65294114740554e-14 -1.17708107628268e-14
 2.93110342871987e+06 -6.68638358218203e-14 -1.30130029639686e-14
 2.93523756613696e+06 -6.78448732394796e-14 -1.43878470929464e-14
 2.93937170355406e+06 -6.80821322803781e-14 -1.58776729611910e-14
 2.94350584097115e+06 -6.38979981938530e-14 -1.74691503921512e-14
 2.94763997838825e+06 -5.36854854542472e-14 -1.91540106543135e-14
 2.95177411580534e+06 -4.75026461346898e-14 -2.09293686882783e-14
 2.95590825322243e+06 -6.07235562322381e-14 -2.27976332829867e-14
 2.96004239063953e+06 -6.23627674597129e-14 -2.47660160923026e-14
 2.96417652805662e+06 -6.48736501823021e-14 -2.68456731989382e-14
 2.96831066547372e+06 -6.23552411875911e-14 -2.90505335048581e-14
 2.97244480289081e+06 -4.60668297835634e-14 -3.13958855875004e-14
 2.97657894030791e+06 -6.45424389046188e-14 -3.38968077684522e-14
 2.98071307772500e+06 -4.18020445483901e-14 -3.65665345536425e-14
 2.98484721514209e+06 -6.56103619039620e-14 -3.94148557202362e-14
 2.98898135255919e+06 -4.14254694032300e-14 -4.24466422240573e-14
 2.99311548997628e+06 -6.68881539118627e-14 -4.56605858779360e-14
 2.99724962739338e+06 -6.96693555413175e-14 -4.90482278810131e-14
 3.00138376481047e+06 -6.14788817655871e-14 -5.25933354895507e-14
 3.00551790222757e+06 -6.40340033741432e-14 -5.62716672621271e-14
 3.00965203964466e+06 -5.94177816754163e-14 -6.00511464697630e-14
 3.01378617706175e+06 -6.21756896047518e-14 -6.38924405700275e-14
 3.01792031447885e+06 -6.31087369070411e-14 -6.77499232192527e-14
 3.02205445189594e+06 -6.07737201068196e-14 -7.15729753684526e-14
 3.02618858931304e+06 -6.61176368737340e-14 -7.53075644458802e-14
 3.03032272673013e+06 -4.02941206730902e-14 -7.88980265278813e-14
 3.03445686414723e+06 -4.62560726860905e-14 -8.22889662747982e-14
 3.03859100156432e+06 -1.52546941809468e-14 -8.54271838807614e-14
 3.04272513898141e+06 -5.92895347146088e-14 -8.82635374358057e-14
 3.04685927639851e+06 -5.40212563717188e-14 -9.07546530196268e-14
 3.05099341381560e+06 -4.74451921623155e-14 -9.28644031776701e-14
 3.05512755123270e+06 -6.06967632701914e-14 -9.45650867253478e-14
 3.05926168864979e+06 -3.64199428885128e-14 -9.58382582992239e-14
 3.06339582606689e+06 -5.82287459493607e-14 -9.66751739912833e-14
 3.06752996348398e+06 -5.63479691413020e-14 -9.70768386828878e-14
 3.07166410090108e+06 -4.16270184202997e-14 -9.70536603436083e-14
 3.07579823831817e+06 -6.24869788773344e-14 -9.66247356105660e-14
 3.07993237573526e+06 -3.21871190067911e-14 -9.58168083858169e-14
 3.08406651315236e+06 -9.10870080019261e-14 -9.46629581233202e-14
 3.08820065056945e+06 -4.47243868530307e-14 -9.32010862594765e-14
 3.09233478798655e+06 -7.78055877109403e-14 -9.14722772578785e-14
 3.09646892540364e+06 -4.33290320293740e-14 -8.95191147230995e-14
 3.10060306282074e+06 -6.74251744234775e-14 -8.73840328734178e-14
 3.10473720023783e+06 -4.31703252460002e-14 -8.51077793901555e-14
 3.10887133765492e+06 -4.89293991897279e-14 -8.27280577182066e-14
 3.11300547507202e+06 -4.56628543295949e-14 -8.02784056644958e-14
 3.11713961248911e+06 -5.20582844805804e-14 -7.77873533786185e-14
 3.12127374990621e+06 -5.45224703842765e-14 -7.52778882321417e-14
 3.12540788732330e+06 -7.05562984202340e-14 -7.27672376219452e-14
 3.12954202474040e+06 -5.28413667923581e-14 -7.02669641645170e-14
 3.13367616215749e+06 -5.31058400865382e-14 -6.77833520289155e-14
 3.13781029957458e+06 -5.49810208361426e-14 -6.53180490134361e-14
 3.14194443699168e+06 -5.68311564262584e-14 -6.28689171136735e-14
 3.14607857440877e+06 -5.21528367280675e-14 -6.04310353826254e-14
 3.15021271182587e+06 -6.48057217111896e-14 -5.79977930923008e-14
 3.15434684924296e+06 -2.80708698272191e-14 -5.55620089065942e-14
 3.15848098666006e+06 -6.10921935958342e-14 -5.31170129159650e-14
 3.16261512407715e+06 -1.77082487724946e-14 -5.06576328288705e-14
 3.16674926149424e+06 -6.66593634745517e-14 -4.81810329969733e-14
 3.17088339891134e+06 -4.74188713717307e-14 -4.56873648390708e-14
 3.17501753632843e+06 -5.94416825596384e-14 -4.31801989797538e-14
 3.17915167374553e+06 -5.56123142051529e-14 -4.06667223749450e-14
 3.18328581116262e+06 -4.30959374432965e-14 -3.81576970997506e-14
 3.18741994857972e+06 -6.75315207506457e-14 -3.56671906699751e-14
 3.19155408599681e+06 -3.67695784202789e-14 -3.32120999343512e-14
 3.19568822341390e+06 -4.87955038354926e-14 -3.08115012372016e-14
 3.19982236083100e+06 -5.61832426402741e-14 -2.84858680660478e-14
 3.20395649824809e+06 -5.35883707726933e-14 -2.62562033973893e-14
 3.20809063566519e+06 -6.68937675997153e-14 -2.41431372957066e-14
 3.21222477308228e+06 -5.71286384143793e-14 -2.21660406840497e-14
 3.21635891049938e+06 -7.26979816622666e-14 -2.03422039158856e-14
 3.22049304791647e+06 -4.90197271166938e-14 -1.86861238291899e-14
 3.22462718533356e+06 -3.84069518835056e-14 -1.72089357909196e-14
 3.22876132275066e+06 -4.54439800918874e-14 -1.59180183208981e-14
 3.23289546016775e+06 -2.76323974174615e-14 -1.48167876731729e-14
 3.23702959758485e+06 -3.74654616201596e-14 -1.39046888695401e-14
 3.24116373500194e+06 -3.52566735867119e-14 -1.31773787757620e-14
 3.24529787241904e+06 -5.98386552844804e-14 -1.26270864003973e-14
 3.24943200983613e+06 -6.42254233179253e-14 -1.22431262974102e-14
 3.25356614725323e+06 -5.37586713061118e-14 -1.20125331678662e-14
 3.25770028467032e+06 -7.74815971007602e-14 -1.19207799566561e-14
 3.26183442208741e+06 -3.57058305265505e-14 -1.19525380845577e-14
 3.26596855950451e+06 -5.13017930861801e-14 -1.20924371876803e-14
 3.27010269692160e+06 -4.12703616197156e-14 -1.23257827586045e-14
 3.27423683433870e+06 -5.10389108851494e-14 -1.26391934156737e-14
 3.27837097175579e+06 -3.22215651266269e-14 -1.30211247448222e-14
 3.28250510917289e+06 -5.04230173264036e-14 -1.34622536736541e-14
 3.28663924658998e+06 -2.87948899271067e-14 -1.39557054916465e-14
 3.29077338400707e+06 -5.84042800032607e-14 -1.44971146048211e-14
 3.29490752142417e+06 -4.37666281775364e-14 -1.50845194211766e-14
 3.29904165884126e+06 -6.14601329405474e-14 -1.57181007372731e-14
 3.30317579625836e+06 -5.51597219950197e-14 -1.63997813838803e-14
 3.30730993367545e+06 -2.36041801116899e-14 -1.71327120738038e-14
 3.31144407109255e+06 -3.58389390962182e-14 -1.79206741612336e-14
 3.31557820850964e+06 -5.21706543193539e-14 -1.87674339413852e-14
 3.31971234592673e+06 -2.81462253905289e-14 -1.96760852757824e-14
 3.32384648334383e+06 -5.80291689524375e-14 -2.06484172730308e-14
 3.32798062076092e+06 -5.12584523813676e-14 -2.16843420488106e-14
 3.33211475817802e+06 -6.26033725840380e-14 -2.27814137744485e-14
 3.33624889559511e+06 -7.17436054108482e-14 -2.39344651135758e-14
 3.34038303301221e+06 -6.21097531252192e-14 -2.51353806204535e-14
 3.34451717042930e+06 -3.51815835474707e-14 -2.63730193187112e-14
 3.34865130784639e+06 -4.72497277183108e-14 -2.76332908891311e-14
 3.35278544526349e+06 -3.01956193203015e-14 -2.88993819307899e-14
 3.35691958268058e+06 -4.50979760771822e-14 -3.01521212950994e-14
 3.36105372009768e+06 -3.75789336791608e-14 -3.13704666306978e-14
 3.36518785751477e+06 -5.76024708208405e-14 -3.25320885558574e-14
 3.36932199493187e+06 -4.80032726617453e-14 -3.36140244520062e-14
 3.37345613234896e+06 -4.96078780872744e-14 -3.45933709752292e-14
 3.37759026976605e+06 -4.40502185213007e-14 -3.54479831596073e-14
 3.38172440718315e+06 -5.31646484315546e-14 -3.61571482839530e-14
 3.38585854460024e+06 -5.30769578940520e-14 -3.67022047645194e-14
 3.38999268201734e+06 -5.08866224742304e-14 -3.70670796143626e-14
 3.39412681943443e+06 -3.63508681419393e-14 -3.72387227175380e-14
 3.39826095685153e+06 -5.10041033528651e-14 -3.72074217131845e-14
 3.40239509426862e+06 -5.95418282670499e-14 -3.69669874579431e-14
 3.40652923168571e+06 -6.91557039368660e-14 -3.65148065973454e-14
 3.41066336910281e+06 -4.81400721050264e-14 -3.58517641921028e-14
 3.41479750651990e+06 -4.34962043310037e-14 -3.49820454610286e-14
 3.41893164393700e+06 -5.13233330808434e-14 -3.39128311599577e-14
 3.42306578135409e+06 -7.00175970764674e-14 -3.26539055620126e-14
 3.42719991877119e+06 -5.61785894592349e-14 -3.12171994942670e-14
 3.43133405618828e+06 -5.40278034723608e-14 -2.96162929457832e-14
 3.43546819360538e+06 -1.98435639699355e-14 -2.78659026415543e-14
 3.43960233102247e+06 -4.52205057276864e-14 -2.59813794777930e-14
 3.44373646843956e+06 -4.50352353289501e-14 -2.39782390023558e-14
 3.44787060585666e+06 -5.88018123004094e-14 -2.18717452683155e-14
 3.45200474327375e+06 -5.49184086140583e-14 -1.96765646671580e-14
 3.45613888069085e+06 -7.52360125376743e-14 -1.74065018999149e-14
 3.46027301810794e+06 -5.15308879279315e-14 -1.50743253389610e-14
 3.46440715552504e+06 -4.99131718021094e-14 -1.26916840007417e-14
 3.46854129294213e+06 -5.74029129257614e-14 -1.02691133687039e-14
 3.47267543035922e+06 -2.56082261898402e-14 -7.81612272830895e-15
 3.47680956777632e+06 -4.12935765616467e-14 -5.34135260361138e-15
 3.48094370519341e+06 -3.68809871356593e-14 -2.85278763760484e-15
 3.48507784261051e+06 -1.90538145620142e-14 -3.58007897267074e-16
 3.48921198002760e+06 -5.64937097295250e-14  2.13553980124959e-15
 3.49334611744470e+06 -2.71073634949918e-14  4.62026926529353e-15
 3.49748025486179e+06 -4.20057100255246e-14  7.08819905046434e-15
 3.50161439227888e+06 -2.76605584899451e-14  9.53072977198589e-15
 3.50574852969598e+06 -4.37737463333997e-14  1.19384686054235e-14
 3.50988266711307e+06 -5.10438939560411e-14  1.43011118874919e-14
 3.51401680453017e+06 -4.72713658650563e-14  1.66073931168124e-14
 3.51815094194726e+06 -4.77874873966707e-14  1.88450998959855e-14
 3.52228507936436e+06 -6.24130174195936e-14  2.10011593319656e-14
 3.52641921678145e+06 -5.54615552109748e-14  2.30617878286641e-14
 3.53055335419854e+06 -4.67876707529011e-14  2.50126976463455e-14
 3.53468749161564e+06 -4.29660525280975e-14  2.68393498470483e-14
 3.53882162903273e+06 -5.78927201649778e-14  2.85272409822480e-14
 3.54295576644983e+06 -5.33406223063701e-14  3.00622094110648e-14
 3.54708990386692e+06 -4.07932144462628e-14  3.14307464811981e-14
 3.55122404128402e+06 -6.50509370882910e-14  3.26202979927833e-14
 3.55535817870111e+06 -3.79882611638734e-14  3.36195423028428e-14
 3.55949231611820e+06 -3.78898170277761e-14  3.44186330773149e-14
 3.56362645353530e+06 -1.66768557493345e-14  3.50093969835540e-14
 3.56776059095239e+06 -3.39500459498243e-14  3.53854793213094e-14
 3.57189472836949e+06 -5.83166315824894e-14  3.55424336169782e-14
 3.57602886578658e+06 -3.82902330215314e-14  3.54777543198283e-14
 3.58016300320368e+06 -5.09921936470446e-14  3.51908548385396e-14
 3.58429714062077e+06 -2.66898632003495e-14  3.46829959900211e-14
 3.58843127803786e+06 -4.52413557757991e-14  3.39571723921901e-14
 3.59256541545496e+06 -2.11539764097361e-14  3.30179663028759e-14
 3.59669955287205e+06 -5.23281956647913e-14  3.18713796928490e-14
 3.60083369028915e+06 -3.59872288015759e-14  3.05246560427080e-14
 3.60496782770624e+06 -4.81243193950766e-14  2.89861032275044e-14
 3.60910196512334e+06 -3.12280289323264e-14  2.72649281381961e-14
 3.61323610254043e+06 -2.27261927767465e-14  2.53710922651101e-14
 3.61737023995752e+06 -1.53092496580754e-14  2.33151954892659e-14
 3.62150437737462e+06 -4.24741619281819e-14  2.11083929437506e-14
 3.62563851479171e+06 -3.02051447093462e-14  1.87623470810155e-14
 3.62977265220881e+06 -2.90786055370064e-14  1.62892142688786e-14
 3.63390678962590e+06 -5.50470820943954e-14  1.37016623921299e-14
 3.63804092704300e+06 -4.33496802694024e-14  1.10129133630180e-14
 3.64217506446009e+06 -3.61731188820472e-14  8.23680215805238e-15
 3.64630920187719e+06 -3.30699446734605e-14  5.38784225815045e-15
 3.65044333929428e+06 -3.15158553939881e-14  2.48128622638121e-15
 3.65457747671137e+06 -5.12408925224456e-14 -4.66830326576474e-16
 3.65871161412847e+06 -4.17913901965544e-14 -3.43967282006605e-15
 3.66284575154556e+06 -3.01817098482590e-14 -6.41963027359936e-15
 3.66697988896266e+06 -3.27659412093873e-14 -9.38838502564687e-15
 3.67111402637975e+06 -5.64672270354123e-14 -1.23270359873118e-14
 3.67524816379685e+06 -4.85437870321383e-14 -1.52162788270998e-14
 3.67938230121394e+06 -4.09163949244275e-14 -1.80366433273304e-14
 3.68351643863103e+06 -2.92190697171654e-15 -2.07687845976869e-14
 3.68765057604813e+06 -5.18112416399671e-14 -2.33938214029241e-14
 3.69178471346522e+06 -3.34985171843290e-14 -2.58937114860005e-14
 3.69591885088232e+06 -3.96928850771662e-14 -2.82516507939187e-14
 3.70005298829941e+06 -3.22658574679191e-14 -3.04524811052201e-14
 3.70418712571651e+06 -4.59809841446204e-14 -3.24830887020046e-14
 3.70832126313360e+06 -5.10272197412651e-14 -3.43327758461359e-14
 3.71245540055069e+06 -4.01900123586694e-14 -3.59935867013335e-14
 3.71658953796779e+06 -3.10882074614463e-14 -3.74605701669778e-14
 3.72072367538488e+06 -3.90642402633879e-14 -3.87319639349548e-14
 3.72485781280198e+06 -4.82066966900752e-14 -3.98092866886875e-14
 3.72899195021907e+06 -5.42192814629449e-14 -4.06973288199227e-14
 3.73312608763617e+06 -4.23501918519094e-15 -4.14040361222915e-14
 3.73726022505326e+06 -3.32050830808588e-14 -4.19402854362472e-14
 3.74139436247035e+06 -3.26808709097932e-14 -4.23195560512398e-14
 3.74552849988745e+06 -2.23395826909831e-14 -4.25575054557319e-14
 3.74966263730454e+06 -4.88800934254856e-14 -4.26714626694746e-14
 3.75379677472164e+06 -2.13060486034333e-14 -4.26798565720810e-14
 3.75793091213873e+06 -3.88837153660459e-14 -4.26016001338387e-14
 3.76206504955583e+06 -4.46007261949217e-14 -4.24554541821549e-14
 3.76619918697292e+06 -3.99199902618676e-14 -4.22593959185678e-14
 3.77033332439001e+06 -4.58010624214595e-14 -4.20300180584960e-14
 3.77446746180711e+06 -1.43960404355377e-14 -4.17819837172966e-14
 3.77860159922420e+06 -5.07901032883048e-14 -4.15275604222818e-14
 3.78273573664130e+06 -3.98570446860542e-14 -4.12762536661377e-14
 3.78686987405839e+06 -7.74190033057226e-14 -4.10345564234910e-14
 3.79100401147549e+06 -3.08656128153139e-14 -4.08058262542959e-14
 3.79513814889258e+06 -3.20136786748484e-14 -4.05902961157236e-14
 3.79927228630967e+06 -4.59813985073578e-14 -4.03852191505015e-14
 3.80340642372677e+06 -2.89607376871174e-14 -4.01851416911495e-14
 3.80754056114386e+06 -5.33686557162140e-14 -3.99822928892657e-14
 3.81167469856096e+06 -3.44423593707268e-14 -3.97670739406442e-14
 3.81580883597805e+06 -2.27177229275576e-14 -3.95286252017348e-14
 3.81994297339515e+06 -2.78269179941988e-14 -3.92554457311826e-14
 3.82407711081224e+06 -4.23418727559857e-14 -3.89360371808544e-14
 3.82821124822934e+06 -4.01636468609463e-14 -3.85595426627177e-14
 3.83234538564643e+06 -3.65076288088653e-14 -3.81163512847000e-14
 3.83647952306352e+06 -2.98905321189338e-14 -3.75986405421875e-14
 3.84061366048062e+06 -4.20439110553114e-14 -3.70008315515068e-14
 3.84474779789771e+06 -5.51035431342470e-14 -3.63199361785301e-14
 3.84888193531481e+06 -3.59179232687548e-14 -3.55557802497834e-14
 3.85301607273190e+06 -4.49507272932128e-14 -3.47110929151994e-14
 3.85715021014900e+06 -3.86925074502805e-14 -3.37914587266700e-14
 3.86128434756609e+06 -3.89118700036007e-14 -3.28051356442263e-14
 3.86541848498318e+06 -3.77337073701974e-14 -3.17627487682466e-14
 3.86955262240028e+06 -4.16233495978044e-14 -3.06768757040293e-14
 3.87368675981737e+06 -2.87978230809167e-14 -2.95615448373364e-14
 3.87782089723447e+06 -4.83724244825971e-14 -2.84316721331168e-14
 3.88195503465156e+06 -3.45254794278205e-14 -2.73024651617401e-14
 3.88608917206866e+06 -4.39869871553567e-14 -2.61888246441500e-14
 3.89022330948575e+06 -3.57810367732490e-14 -2.51047739470264e-14
 3.89435744690284e+06 -3.48666837988197e-14 -2.40629454701194e-14
 3.89849158431994e+06 -4.17217565355838e-14 -2.30741499016842e-14
 3.90262572173703e+06 -2.20130993873007e-14 -2.21470499792782e-14
 3.90675985915413e+06 -3.24382597305837e-14 -2.12879548916810e-14
 3.91089399657122e+06 -5.42508532978446e-14 -2.05007450618617e-14
 3.91502813398832e+06 -3.81839761242312e-14 -1.97869300827599e-14
 3.91916227140541e+06 -3.49947625018515e-14 -1.91458354121283e-14
 3.92329640882250e+06 -2.59732724917615e-14 -1.85749063693581e-14
 3.92743054623960e+06 -5.58229190789738e-14 -1.80701115644130e-14
 3.93156468365669e+06 -2.50029879387863e-14 -1.76264221766653e-14
 3.93569882107379e+06 -3.98533937956978e-14 -1.72383391483215e-14
 3.93983295849088e+06 -4.03727183209703e-14 -1.69004373328989e-14
 3.94396709590798e+06 -3.38988720305018e-14 -1.66078942787664e-14
 3.94810123332507e+06 -2.57383149148145e-14 -1.63569716832486e-14
 3.95223537074216e+06 -3.54431839004078e-14 -1.61454196242430e-14
 3.95636950815926e+06 -2.81253708338034e-14 -1.59727774165511e-14
 3.96050364557635e+06 -7.04826835540022e-14 -1.58405501653214e-14
 3.96463778299345e+06 -2.70481107534679e-14 -1.57522465171400e-14
 3.96877192041054e+06 -6.67081123951110e-14 -1.57132704969419e-14
 3.97290605782764e+06 -3.91729511841709e-14 -1.57306682370701e-14
 3.97704019524473e+06 -4.76244232090166e-14 -1.58127384400735e-14
 3.98117433266182e+06 -4.86769737463839e-14 -1.59685232021620e-14
 3.98530847007892e+06 -3.44926226933351e-14 -1.62072029025520e-14
 3.98944260749601e+06 -4.22278102825172e-14 -1.65374248480868e-14
 3.99357674491311e+06 -1.46349370358002e-14 -1.69665999313570e-14
 3.99771088233020e+06 -3.76115744221394e-14 -1.75002044776775e-14
 4.00184501974730e+06 -9.50562171012962e-15 -1.81411254311381e-14
 4.00597915716439e+06 -1.99595503860941e-14 -1.88890861180158e-14
 4.01011329458148e+06 -5.85603364204607e-14 -1.97401869025867e-14
 4.01424743199858e+06 -1.91739362945398e-14 -2.06865903397705e-14
 4.01838156941567e+06 -4.01993573782973e-14 -2.17163740009395e-14
 4.02251570683277e+06 -1.73862753752284e-14 -2.28135664901438e-14
 4.02664984424986e+06 -4.69472130656399e-14 -2.39583734585687e-14
 4.03078398166696e+06 -2.09251216553787e-14 -2.51275911833420e-14
 4.03491811908405e+06 -1.52168981217257e-14 -2.62951960070101e-14
 4.03905225650115e+06 -4.04996247641922e-14 -2.74330890044764e-14
 4.04318639391824e+06 -2.90114950743638e-14 -2.85119671514035e-14
 4.04732053133533e+06 -5.17718781102364e-14 -2.95022855231502e-14
 4.05145466875243e+06 -3.89913323690014e-14 -3.03752698221792e-14
 4.05558880616952e+06 -2.57185483918447e-14 -3.11039353527720e-14
 4.05972294358662e+06 -4.50667334322197e-14 -3.16640673661238e-14
 4.06385708100371e+06 -3.29575108188482e-14 -3.20351187739462e-14
 4.06799121842081e+06 -4.73306595475087e-14 -3.22009844089692e-14
 4.07212535583790e+06 -2.11476063899322e-14 -3.21506162652918e-14
 4.07625949325499e+06 -2.07303045272511e-14 -3.18784511570480e-14
 4.08039363067209e+06 -3.89707766538285e-14 -3.13846306901741e-14
 4.08452776808918e+06 -3.14543268061230e-14 -3.06750029121978e-14
 4.08866190550628e+06 -4.17916317300780e-14 -2.97609051236406e-14
 4.09279604292337e+06 -1.83452828473252e-14 -2.86587374166735e-14
 4.09693018034047e+06 -3.41377954923392e-14 -2.73893462196095e-14
 4.10106431775756e+06 -4.11822725863225e-14 -2.59772459002614e-14
 4.10519845517465e+06 -3.07195066475098e-14 -2.44497138679069e-14
 4.10933259259175e+06 -2.84566189406763e-14 -2.28358003113558e-14
 4.11346673000884e+06 -9.08558039358722e-15 -2.11652973328814e-14
 4.11760086742594e+06 -1.63870685663278e-14 -1.94677136514062e-14
 4.12173500484303e+06 -4.06310280772408e-14 -1.77713002644196e-14
 4.12586914226013e+06 -4.64953778613829e-14 -1.61021693229339e-14
 4.13000327967722e+06 -2.05214449648493e-14 -1.44835433654839e-14
 4.13413741709431e+06 -2.25366481678776e-14 -1.29351651040791e-14
