#time(au), s(t), s(t) without exp(iwt)
 0.00000000000000e+01 -1.00105060494191e-10 -1.00105060494191e-10
 4.13413741709430e+03 -9.89190969740330e-11 -1.00060995606566e-10
 8.26827483418859e+03 -9.90044369668974e-11 -9.99302295868221e-11
 1.24024122512829e+04 -9.84915428494311e-11 -9.96685597404591e-11
 1.65365496683772e+04 -9.82527189881932e-11 -9.92599381475229e-11
 2.06706870854715e+04 -9.79873525670951e-11 -9.87040100411096e-11
 2.48048245025658e+04 -9.74572623133554e-11 -9.80088824373074e-11
 2.89389619196601e+04 -9.72613977272081e-11 -9.71869751286847e-11
 3.30730993367544e+04 -9.69404601926573e-11 -9.62526799449691e-11
 3.72072367538487e+04 -9.65848738209049e-11 -9.52210644392524e-11
 4.13413741709430e+04 -9.62772843445680e-11 -9.41071628888623e-11
 4.54755115880372e+04 -9.57824799509712e-11 -9.29255844266973e-11
 4.96096490051315e+04 -9.55845434008712e-11 -9.16902828070009e-11
 5.37437864222258e+04 -9.51934941597744e-11 -9.04144025786418e-11
 5.78779238393201e+04 -9.48755660727660e-11 -8.91101589936406e-11
 6.20120612564144e+04 -9.45553595167313e-11 -8.77887340719216e-11
 6.61461986735087e+04 -9.41868981897395e-11 -8.64601852794711e-11
 7.02803360906030e+04 -9.39153261232291e-11 -8.51333703160025e-11
 7.44144735076973e+04 -9.35569340695869e-11 -8.38158941609798e-11
 7.85486109247916e+04 -9.32977646221666e-11 -8.25140844989047e-11
 8.26827483418859e+04 -9.30835884596210e-11 -8.12330000691541e-11
 8.68168857589802e+04 -9.26141378379267e-11 -7.99764741272931e-11
 9.09510231760745e+04 -9.24404830488956e-11 -7.87471925859456e-11
 9.50851605931688e+04 -9.19672552629242e-11 -7.75468038800940e-11
 9.92192980102631e+04 -9.17757708155902e-11 -7.63760554121387e-11
 1.03353435427357e+05 -9.13994537030536e-11 -7.52349497262186e-11
 1.07487572844452e+05 -9.10788311587660e-11 -7.41229124219725e-11
 1.11621710261546e+05 -9.08462058228351e-11 -7.30389632742271e-11
 1.15755847678640e+05 -9.05734459199176e-11 -7.19818820643431e-11
 1.19889985095735e+05 -9.02851944075476e-11 -7.09503612047328e-11
 1.24024122512829e+05 -8.98963607313370e-11 -6.99431382779523e-11
 1.28158259929923e+05 -8.96029185288190e-11 -6.89591030244251e-11
 1.32292397347018e+05 -8.93082049457881e-11 -6.79973749937475e-11
 1.36426534764112e+05 -8.89498764640148e-11 -6.70573499121601e-11
 1.40560672181206e+05 -8.86354464326064e-11 -6.61387147001366e-11
 1.44694809598300e+05 -8.84135426993780e-11 -6.52414328900887e-11
 1.48828947015395e+05 -8.81202850157254e-11 -6.43657038444979e-11
 1.52963084432489e+05 -8.79079437576677e-11 -6.35119005722162e-11
 1.57097221849583e+05 -8.75388427634737e-11 -6.26804920150391e-11
 1.61231359266678e+05 -8.72624911971625e-11 -6.18719563775958e-11
 1.65365496683772e+05 -8.69903996630453e-11 -6.10866923723141e-11
 1.69499634100866e+05 -8.66288241981116e-11 -6.03249351421756e-11
 1.73633771517960e+05 -8.64302176962418e-11 -5.95866831230528e-11
 1.77767908935055e+05 -8.60461445576392e-11 -5.88716412523409e-11
 1.81902046352149e+05 -8.58700253802347e-11 -5.81791847771070e-11
 1.86036183769243e+05 -8.54728729995032e-11 -5.75083465340170e-11
 1.90170321186338e+05 -8.53287825587201e-11 -5.68578290469396e-11
 1.94304458603432e+05 -8.50039687808228e-11 -5.62260412048312e-11
 1.98438596020526e+05 -8.48034275470246e-11 -5.56111577321953e-11
 2.02572733437620e+05 -8.45201142398886e-11 -5.50111982337252e-11
 2.06706870854715e+05 -8.40983036153608e-11 -5.44241213623603e-11
 2.10841008271809e+05 -8.39632643873022e-11 -5.38479286925077e-11
 2.14975145688903e+05 -8.35712965300678e-11 -5.32807722286932e-11
 2.19109283105998e+05 -8.33058975224224e-11 -5.27210591775761e-11
 2.23243420523092e+05 -8.30011295352304e-11 -5.21675476716809e-11
 2.27377557940186e+05 -8.27515713904613e-11 -5.16194275502581e-11
 2.31511695357280e+05 -8.24899215813594e-11 -5.10763810504870e-11
 2.35645832774375e+05 -8.22595456975849e-11 -5.05386192979911e-11
 2.39779970191469e+05 -8.20220734870488e-11 -5.00068917507602e-11
 2.43914107608563e+05 -8.16847331619982e-11 -4.94824671753142e-11
 2.48048245025658e+05 -8.14781649324930e-11 -4.89670862405275e-11
 2.52182382442752e+05 -8.12038365232236e-11 -4.84628873216487e-11
 2.56316519859846e+05 -8.09164336482155e-11 -4.79723085344159e-11
 2.60450657276940e+05 -8.07327188903765e-11 -4.74979702915131e-11
 2.64584794694035e+05 -8.03631951152977e-11 -4.70425437247727e-11
 2.68718932111129e+05 -8.01597961786895e-11 -4.66086110928324e-11
 2.72853069528223e+05 -7.98807181382866e-11 -4.61985247569187e-11
 2.76987206945318e+05 -7.95987501352596e-11 -4.58142714352710e-11
 2.81121344362412e+05 -7.93905939971746e-11 -4.54573482357894e-11
 2.85255481779506e+05 -7.89896929146082e-11 -4.51286564306431e-11
 2.89389619196601e+05 -7.88271212877983e-11 -4.48284181065465e-11
 2.93523756613695e+05 -7.85526465272520e-11 -4.45561197456031e-11
 2.97657894030789e+05 -7.83743129032756e-11 -4.43104855218018e-11
 3.01792031447884e+05 -7.80946612142753e-11 -4.40894817040693e-11
 3.05926168864978e+05 -7.78123402257169e-11 -4.38903521101318e-11
 3.10060306282072e+05 -7.76128910476267e-11 -4.37096831297091e-11
 3.14194443699167e+05 -7.72937654275738e-11 -4.35434955017423e-11
 3.18328581116261e+05 -7.70962191526898e-11 -4.33873588532743e-11
 3.22462718533355e+05 -7.68599843139223e-11 -4.32365240427146e-11
 3.26596855950449e+05 -7.65194945632323e-11 -4.30860676410986e-11
 3.30730993367544e+05 -7.63772863806885e-11 -4.29310424608813e-11
 3.34865130784638e+05 -7.60801911396815e-11 -4.27666279169280e-11
 3.38999268201732e+05 -7.59475383701585e-11 -4.25882741772234e-11
 3.43133405618827e+05 -7.55666872922391e-11 -4.23918345145304e-11
 3.47267543035921e+05 -7.52990351142376e-11 -4.21736809742598e-11
 3.51401680453015e+05 -7.50216680082397e-11 -4.19307993853432e-11
 3.55535817870110e+05 -7.49129071943667e-11 -4.16608608079142e-11
 3.59669955287204e+05 -7.46528846058721e-11 -4.13622676754978e-11
 3.63804092704298e+05 -7.43240861756991e-11 -4.10341740884189e-11
 3.67938230121393e+05 -7.40001591445059e-11 -4.06764808876645e-11
 3.72072367538487e+05 -7.39300513933595e-11 -4.02898072263058e-11
 3.76206504955581e+05 -7.36688797208701e-11 -3.98754413069119e-11
 3.80340642372676e+05 -7.34464877940806e-11 -3.94352737254327e-11
 3.84474779789770e+05 -7.31380187339816e-11 -3.89717174226242e-11
 3.88608917206864e+05 -7.29963398926880e-11 -3.84876185738989e-11
 3.92743054623959e+05 -7.27383503062586e-11 -3.79861628407525e-11
 3.96877192041053e+05 -7.24335245399837e-11 -3.74707812677863e-11
 4.01011329458147e+05 -7.22683029104393e-11 -3.69450597576563e-11
 4.05145466875241e+05 -7.19420544867825e-11 -3.64126555208154e-11
 4.09279604292336e+05 -7.17396943307388e-11 -3.58772232160612e-11
 4.13413741709430e+05 -7.15291538663081e-11 -3.53423527160719e-11
 4.17547879126524e+05 -7.12193098258048e-11 -3.48115195975113e-11
 4.21682016543619e+05 -7.11265674407420e-11 -3.42880486175254e-11
 4.25816153960713e+05 -7.07933038901884e-11 -3.37750896448505e-11
 4.29950291377807e+05 -7.06452809328080e-11 -3.32756048077972e-11
 4.34084428794902e+05 -7.02934243420207e-11 -3.27923650395986e-11
 4.38218566211996e+05 -7.01817557732245e-11 -3.23279537724184e-11
 4.42352703629090e+05 -6.99357868911971e-11 -3.18847752728778e-11
 4.46486841046185e+05 -6.97287387872716e-11 -3.14650650325736e-11
 4.50620978463279e+05 -6.95249301901070e-11 -3.10708997237975e-11
 4.54755115880373e+05 -6.92127205277482e-11 -3.07042044907053e-11
 4.58889253297468e+05 -6.91038652265082e-11 -3.03667557476831e-11
 4.63023390714562e+05 -6.87692676925591e-11 -3.00601781697334e-11
 4.67157528131656e+05 -6.85297003398482e-11 -2.97859351491428e-11
 4.71291665548751e+05 -6.83744215567690e-11 -2.95453126195407e-11
 4.75425802965845e+05 -6.80670211271223e-11 -2.93393967725094e-11
 4.79559940382939e+05 -6.78171748169725e-11 -2.91690467741532e-11
 4.83694077800033e+05 -6.76391247709519e-11 -2.90348640936880e-11
 4.87828215217128e+05 -6.74004808429434e-11 -2.89371604528294e-11
 4.91962352634222e+05 -6.72695686203049e-11 -2.88759266699526e-11
 4.96096490051316e+05 -6.69781200646563e-11 -2.88508047913981e-11
 5.00230627468411e+05 -6.67968705569167e-11 -2.88610658673523e-11
 5.04364764885505e+05 -6.65906855778205e-11 -2.89055955440485e-11
 5.08498902302599e+05 -6.63827840836310e-11 -2.89828893189298e-11
 5.12633039719694e+05 -6.61735600987504e-11 -2.90910588601182e-11
 5.16767177136788e+05 -6.58693329419891e-11 -2.92278502520681e-11
 5.20901314553882e+05 -6.57247741008674e-11 -2.93906744267304e-11
 5.25035451970977e+05 -6.54888921061511e-11 -2.95766494083306e-11
 5.29169589388071e+05 -6.53203867647197e-11 -2.97826533756093e-11
 5.33303726805165e+05 -6.50306170724175e-11 -3.00053869631321e-11
 5.37437864222260e+05 -6.48439018710307e-11 -3.02414427152279e-11
 5.41572001639354e+05 -6.46275558174506e-11 -3.04873792002816e-11
 5.45706139056448e+05 -6.43963232378024e-11 -3.07397970111565e-11
 5.49840276473543e+05 -6.42425303701966e-11 -3.09954137346717e-11
 5.53974413890637e+05 -6.40376818012047e-11 -3.12511349762648e-11
 5.58108551307731e+05 -6.38330904878827e-11 -3.15041186744915e-11
 5.62242688724826e+05 -6.35942130387279e-11 -3.17518302250762e-11
 5.66376826141920e+05 -6.33064740402085e-11 -3.19920863401868e-11
 5.70510963559014e+05 -6.31731104704848e-11 -3.22230860730223e-11
 5.74645100976108e+05 -6.29494287106509e-11 -3.24434280139445e-11
 5.78779238393203e+05 -6.28089972068587e-11 -3.26521132818709e-11
 5.82913375810297e+05 -6.25798167604741e-11 -3.28485345612066e-11
 5.87047513227391e+05 -6.23585944719030e-11 -3.30324520388769e-11
 5.91181650644486e+05 -6.21851142286079e-11 -3.32039576474249e-11
 5.95315788061580e+05 -6.19629128790970e-11 -3.33634294925123e-11
 5.99449925478674e+05 -6.17807067402359e-11 -3.35114787144149e-11
 6.03584062895769e+05 -6.15059733689976e-11 -3.36488912872086e-11
 6.07718200312863e+05 -6.12942757094983e-11 -3.37765673869895e-11
 6.11852337729957e+05 -6.11983292383604e-11 -3.38954609587455e-11
 6.15986475147052e+05 -6.09185583815212e-11 -3.40065219849604e-11
 6.20120612564146e+05 -6.07347906186702e-11 -3.41106437179657e-11
 6.24254749981240e+05 -6.05254815208868e-11 -3.42086167990025e-11
 6.28388887398335e+05 -6.02888359882544e-11 -3.43010917706586e-11
 6.32523024815429e+05 -6.01591445690679e-11 -3.43885510200375e-11
 6.36657162232523e+05 -5.99832864660074e-11 -3.44712906939317e-11
 6.40791299649618e+05 -5.98252927284094e-11 -3.45494126308781e-11
 6.44925437066712e+05 -5.95614514488929e-11 -3.46228258840075e-11
 6.49059574483806e+05 -5.94043848400530e-11 -3.46912569860294e-11
 6.53193711900900e+05 -5.91519798189693e-11 -3.47542677534568e-11
 6.57327849317995e+05 -5.90529323096216e-11 -3.48112791561699e-11
 6.61461986735089e+05 -5.87711988983465e-11 -3.48615996006119e-11
 6.65596124152183e+05 -5.85890736767644e-11 -3.49044558949710e-11
 6.69730261569278e+05 -5.84092694533946e-11 -3.49390251810974e-11
 6.73864398986372e+05 -5.82598603552128e-11 -3.49644662244563e-11
 6.77998536403466e+05 -5.80037084064316e-11 -3.49799486388698e-11
 6.82132673820561e+05 -5.78876130715770e-11 -3.49846788719915e-11
 6.86266811237655e+05 -5.75883578784237e-11 -3.49779220725154e-11
 6.90400948654749e+05 -5.74421257045230e-11 -3.49590192811776e-11
 6.94535086071844e+05 -5.72826661586691e-11 -3.49273997144346e-11
 6.98669223488938e+05 -5.71634186913756e-11 -3.48825882226897e-11
 7.02803360906032e+05 -5.69669705330888e-11 -3.48242082860119e-11
 7.06937498323127e+05 -5.67702339884271e-11 -3.47519811445575e-11
 7.11071635740221e+05 -5.65772402927555e-11 -3.46657218366273e-11
 7.15205773157315e+05 -5.64359708794848e-11 -3.45653330268832e-11
 7.19339910574410e+05 -5.61501721210856e-11 -3.44507975478305e-11
 7.23474047991504e+05 -5.60054019055742e-11 -3.43221705502920e-11
 7.27608185408598e+05 -5.57283344525414e-11 -3.41795720689571e-11
 7.31742322825692e+05 -5.56723626675752e-11 -3.40231806662666e-11
 7.35876460242787e+05 -5.54458340581750e-11 -3.38532286342404e-11
 7.40010597659881e+05 -5.53035568326390e-11 -3.36699990236702e-11
 7.44144735076975e+05 -5.50512989022608e-11 -3.34738245492926e-11
 7.48278872494070e+05 -5.48999042892357e-11 -3.32650882036414e-11
 7.52413009911164e+05 -5.47614465857574e-11 -3.30442252168190e-11
 7.56547147328258e+05 -5.46139929005373e-11 -3.28117258375210e-11
 7.60681284745353e+05 -5.44343979731820e-11 -3.25681382933675e-11
 7.64815422162447e+05 -5.42641982423805e-11 -3.23140712237557e-11
 7.68949559579541e+05 -5.40399132809873e-11 -3.20501948702503e-11
 7.73083696996636e+05 -5.39010557966659e-11 -3.17772403584773e-11
 7.77217834413730e+05 -5.36404615783594e-11 -3.14959965082245e-11
 7.81351971830824e+05 -5.35585956881848e-11 -3.12073037583193e-11
 7.85486109247919e+05 -5.33490550281622e-11 -3.09120449799084e-11
 7.89620246665013e+05 -5.32081713594733e-11 -3.06111331638084e-11
 7.93754384082107e+05 -5.30583908699039e-11 -3.03054961908601e-11
 7.97888521499202e+05 -5.28318243530220e-11 -2.99960591139088e-11
 8.02022658916296e+05 -5.26838780365446e-11 -2.96837245818321e-11
 8.06156796333390e+05 -5.24684077661092e-11 -2.93693522064225e-11
 8.10290933750484e+05 -5.22726945860494e-11 -2.90537378002576e-11
 8.14425071167579e+05 -5.21410513060856e-11 -2.87375934889692e-11
 8.18559208584673e+05 -5.18779785576616e-11 -2.84215297186141e-11
 8.22693346001767e+05 -5.18231956606486e-11 -2.81060401355439e-11
 8.26827483418862e+05 -5.15687543244055e-11 -2.77914902135678e-11
 8.30961620835956e+05 -5.14832629467204e-11 -2.74781103459065e-11
 8.35095758253050e+05 -5.13122829348868e-11 -2.71659939153819e-11
 8.39229895670145e+05 -5.11214669645972e-11 -2.68551006165847e-11
 8.43364033087239e+05 -5.09592431035535e-11 -2.65452650410430e-11
 8.47498170504333e+05 -5.08115178851292e-11 -2.62362102657332e-11
 8.51632307921428e+05 -5.06432606094720e-11 -2.59275659214223e-11
 8.55766445338522e+05 -5.04522684343286e-11 -2.56188899754200e-11
 8.59900582755616e+05 -5.02951325930033e-11 -2.53096932573326e-11
 8.64034720172711e+05 -5.01428434965563e-11 -2.49994655982037e-11
 8.68168857589805e+05 -5.00091664048111e-11 -2.46877023525383e-11
 8.72302995006899e+05 -4.98442291935661e-11 -2.43739300355106e-11
 8.76437132423994e+05 -4.96656310488072e-11 -2.40577298370499e-11
 8.80571269841088e+05 -4.94336526599131e-11 -2.37387578696445e-11
 8.84705407258182e+05 -4.93395118910780e-11 -2.34167611634040e-11
 8.88839544675276e+05 -4.91249075732216e-11 -2.30915886322687e-11
 8.92973682092371e+05 -4.89986580972097e-11 -2.27631964886827e-11
 8.97107819509465e+05 -4.88571970059524e-11 -2.24316478672627e-11
 9.01241956926559e+05 -4.86649367644413e-11 -2.20971067164844e-11
 9.05376094343654e+05 -4.85049116728959e-11 -2.17598263152002e-11
 9.09510231760748e+05 -4.83463405752023e-11 -2.14201330523563e-11
 9.13644369177842e+05 -4.82473312976780e-11 -2.10784063586694e-11
 9.17778506594937e+05 -4.80639397321628e-11 -2.07350558848511e-11
 9.21912644012031e+05 -4.78396410639485e-11 -2.03904971713016e-11
 9.26046781429125e+05 -4.76799640558530e-11 -2.00451271409395e-11
 9.30180918846220e+05 -4.74811660355534e-11 -1.96993007651461e-11
 9.34315056263314e+05 -4.74090954563315e-11 -1.93533102015350e-11
 9.38449193680408e+05 -4.71336901485995e-11 -1.90073675838504e-11
 9.42583331097503e+05 -4.70762219685700e-11 -1.86615924645932e-11
 9.46717468514597e+05 -4.69221136457893e-11 -1.83160046791873e-11
 9.50851605931691e+05 -4.68491347258580e-11 -1.79705231283576e-11
 9.54985743348786e+05 -4.67669051441335e-11 -1.76249706767581e-11
 9.59119880765880e+05 -4.65227678718121e-11 -1.72790850560443e-11
 9.63254018182974e+05 -4.63658900149893e-11 -1.69325353552119e-11
 9.67388155600069e+05 -4.62435704468700e-11 -1.65849433956187e-11
 9.71522293017163e+05 -4.60813278936646e-11 -1.62359090371860e-11
 9.75656430434257e+05 -4.58863594847566e-11 -1.58850382582627e-11
 9.79790567851351e+05 -4.57174556316272e-11 -1.55319727049385e-11
 9.83924705268446e+05 -4.55563568648633e-11 -1.51764193232003e-11
 9.88058842685540e+05 -4.54033794192622e-11 -1.48181786733641e-11
 9.92192980102634e+05 -4.52698752888843e-11 -1.44571705809482e-11
 9.96327117519729e+05 -4.51948003747043e-11 -1.40934558987071e-11
 1.00046125493682e+06 -4.50421636148041e-11 -1.37272533344679e-11
 1.00459539235392e+06 -4.48791589549948e-11 -1.33589505295136e-11
 1.00872952977101e+06 -4.46935408746256e-11 -1.29891088407921e-11
 1.01286366718811e+06 -4.45607494810889e-11 -1.26184615735795e-11
 1.01699780460520e+06 -4.43907544370156e-11 -1.22479057148037e-11
 1.02113194202229e+06 -4.42130624866576e-11 -1.18784875158674e-11
 1.02526607943939e+06 -4.41009154262464e-11 -1.15113825528580e-11
 1.02940021685648e+06 -4.39605866353297e-11 -1.11478711378574e-11
 1.03353435427358e+06 -4.38587099201547e-11 -1.07893101560605e-11
 1.03766849169067e+06 -4.37615394374088e-11 -1.04371025498139e-11
 1.04180262910777e+06 -4.35594370095227e-11 -1.00926657564049e-11
 1.04593676652486e+06 -4.34679691086343e-11 -9.75740042741292e-12
 1.05007090394195e+06 -4.32350334009801e-11 -9.43266071402367e-12
 1.05420504135905e+06 -4.31189123535557e-11 -9.11972729731666e-12
 1.05833917877614e+06 -4.29508287539893e-11 -8.81978418190828e-12
 1.06247331619324e+06 -4.28036132156233e-11 -8.53390006352583e-12
 1.06660745361033e+06 -4.26788792733510e-11 -8.26301483772862e-12
 1.07074159102743e+06 -4.26011785000934e-11 -8.00793155031178e-12
 1.07487572844452e+06 -4.24542493872008e-11 -7.76931381389836e-12
 1.07900986586161e+06 -4.23068114215788e-11 -7.54768844372858e-12
 1.08314400327871e+06 -4.21405762497093e-11 -7.34345281229441e-12
 1.08727814069580e+06 -4.20837724990432e-11 -7.15688619994673e-12
 1.09141227811290e+06 -4.18862733621618e-11 -6.98816423756682e-12
 1.09554641552999e+06 -4.18162502370871e-11 -6.83737540682637e-12
 1.09968055294709e+06 -4.16086952594083e-11 -6.70453848917164e-12
 1.10381469036418e+06 -4.15164654232192e-11 -6.58961983991979e-12
 1.10794882778128e+06 -4.13663474583491e-11 -6.49254940869370e-12
 1.11208296519837e+06 -4.12151965824696e-11 -6.41323452906675e-12
 1.11621710261546e+06 -4.11694283945183e-11 -6.35157065298845e-12
 1.12035124003256e+06 -4.09590243182024e-11 -6.30744840107995e-12
 1.12448537744965e+06 -4.08366529800474e-11 -6.28075652787737e-12
 1.12861951486675e+06 -4.07452642754799e-11 -6.27138064962835e-12
 1.13275365228384e+06 -4.04800968342166e-11 -6.27919783842713e-12
 1.13688778970094e+06 -4.04302196947310e-11 -6.30406743703152e-12
 1.14102192711803e+06 -4.01520084477585e-11 -6.34581868073550e-12
 1.14515606453512e+06 -4.02414345702658e-11 -6.40423591428228e-12
 1.14929020195222e+06 -3.99891649369741e-11 -6.47904235245691e-12
 1.15342433936931e+06 -3.99320262505848e-11 -6.56988344445403e-12
 1.15755847678641e+06 -3.97871794548688e-11 -6.67631095841153e-12
 1.16169261420350e+06 -3.96302852871040e-11 -6.79776890039525e-12
 1.16582675162060e+06 -3.95817395404060e-11 -6.93358232147572e-12
 1.16996088903769e+06 -3.93621150926503e-11 -7.08294994979788e-12
 1.17409502645478e+06 -3.92700054225765e-11 -7.24494141713859e-12
 1.17822916387188e+06 -3.90870385592062e-11 -7.41849963932181e-12
 1.18236330128897e+06 -3.89872505193176e-11 -7.60244866676417e-12
 1.18649743870607e+06 -3.88325492437261e-11 -7.79550705734891e-12
 1.19063157612316e+06 -3.87468855211702e-11 -7.99630655108367e-12
 1.19476571354026e+06 -3.86702488880550e-11 -8.20341555808859e-12
 1.19889985095735e+06 -3.85411485518936e-11 -8.41536672119970e-12
 1.20303398837444e+06 -3.84182096066264e-11 -8.63068759426114e-12
 1.20716812579154e+06 -3.83378022325585e-11 -8.84793329774500e-12
 1.21130226320863e+06 -3.81723798915913e-11 -9.06571988386608e-12
 1.21543640062573e+06 -3.80083248026180e-11 -9.28275707039758e-12
 1.21957053804282e+06 -3.78967602417299e-11 -9.49787899008104e-12
 1.22370467545992e+06 -3.77750327472666e-11 -9.71007165212487e-12
 1.22783881287701e+06 -3.76386317216567e-11 -9.91849592209720e-12
 1.23197295029410e+06 -3.75663842252820e-11 -1.01225049920810e-11
 1.23610708771120e+06 -3.74073432793228e-11 -1.03216555272702e-11
 1.24024122512829e+06 -3.72789817722837e-11 -1.05157119287097e-11
 1.24437536254539e+06 -3.71241827730327e-11 -1.07046434335172e-11
 1.24850949996248e+06 -3.70522612009881e-11 -1.08886140710221e-11
 1.25264363737958e+06 -3.69239931576918e-11 -1.10679657924870e-11
 1.25677777479667e+06 -3.67789449674338e-11 -1.12431953799007e-11
 1.26091191221376e+06 -3.66583375264097e-11 -1.14149260028267e-11
 1.26504604963086e+06 -3.65083082687386e-11 -1.15838745194514e-11
 1.26918018704795e+06 -3.64684860333970e-11 -1.17508157984900e-11
 1.27331432446505e+06 -3.63125628787693e-11 -1.19165454644397e-11
 1.27744846188214e+06 -3.61821091245040e-11 -1.20818425338564e-11
 1.28158259929924e+06 -3.60877206852933e-11 -1.22474334122560e-11
 1.28571673671633e+06 -3.60016639237592e-11 -1.24139586596025e-11
 1.28985087413343e+06 -3.59198411138166e-11 -1.25819438101086e-11
 1.29398501155052e+06 -3.57382534099915e-11 -1.27517753548778e-11
 1.29811914896761e+06 -3.56501490948338e-11 -1.29236827717637e-11
 1.30225328638471e+06 -3.55101771853298e-11 -1.30977272260834e-11
 1.30638742380180e+06 -3.53701099434482e-11 -1.32737972802733e-11
 1.31052156121890e+06 -3.52593248167899e-11 -1.34516116532247e-11
 1.31465569863599e+06 -3.51180885483561e-11 -1.36307287743564e-11
 1.31878983605309e+06 -3.50796264112299e-11 -1.38105625968291e-11
 1.32292397347018e+06 -3.49010403022131e-11 -1.39904038810489e-11
 1.32705811088727e+06 -3.48104468478760e-11 -1.41694459452546e-11
 1.33119224830437e+06 -3.46671427070525e-11 -1.43468137135422e-11
 1.33532638572146e+06 -3.46349431257317e-11 -1.45215947804216e-11
 1.33946052313856e+06 -3.44303376778047e-11 -1.46928711591447e-11
 1.34359466055565e+06 -3.43995840573858e-11 -1.48597503902877e-11
 1.34772879797275e+06 -3.42411545666729e-11 -1.50213947559899e-11
 1.35186293538984e+06 -3.41428403652610e-11 -1.51770474697136e-11
 1.35599707280693e+06 -3.40555033152516e-11 -1.53260548847019e-11
 1.36013121022403e+06 -3.38611311820634e-11 -1.54678839773961e-11
 1.36426534764112e+06 -3.38168028997051e-11 -1.56021346039759e-11
 1.36839948505822e+06 -3.36827476921024e-11 -1.57285462870433e-11
 1.37253362247531e+06 -3.35673758388587e-11 -1.58469995520764e-11
 1.37666775989241e+06 -3.34873511523950e-11 -1.59575120869932e-11
 1.38080189730950e+06 -3.33085401686352e-11 -1.60602302305738e-11
 1.38493603472659e+06 -3.33034567042910e-11 -1.61554164953525e-11
 1.38907017214369e+06 -3.30803240692419e-11 -1.62434339886094e-11
 1.39320430956078e+06 -3.30481925874773e-11 -1.63247287039574e-11
 1.39733844697788e+06 -3.29121061297838e-11 -1.63998107110201e-11
 1.40147258439497e+06 -3.28405002470125e-11 -1.64692352700263e-11
 1.40560672181207e+06 -3.27070080448503e-11 -1.65335848426189e-11
 1.40974085922916e+06 -3.25741253863345e-11 -1.65934528637550e-11
 1.41387499664625e+06 -3.24865616896464e-11 -1.66494299884500e-11
 1.41800913406335e+06 -3.24382631508523e-11 -1.67020933402188e-11
 1.42214327148044e+06 -3.22364341137919e-11 -1.67519990756803e-11
 1.42627740889754e+06 -3.22536138312537e-11 -1.67996783540673e-11
 1.43041154631463e+06 -3.19841873181428e-11 -1.68456365735190e-11
 1.43454568373173e+06 -3.20076100028983e-11 -1.68903555209322e-11
 1.43867982114882e+06 -3.18025098247915e-11 -1.69342978906158e-11
 1.44281395856591e+06 -3.16937568078880e-11 -1.69779134697640e-11
 1.44694809598301e+06 -3.16958142261655e-11 -1.70216461748803e-11
 1.45108223340010e+06 -3.15533119708072e-11 -1.70659410592548e-11
 1.45521637081720e+06 -3.14562381172337e-11 -1.71112504014886e-11
 1.45935050823429e+06 -3.12987711456367e-11 -1.71580380299931e-11
 1.46348464565139e+06 -3.12480216706848e-11 -1.72067811364078e-11
 1.46761878306848e+06 -3.11641673828376e-11 -1.72579689772996e-11
 1.47175292048557e+06 -3.10473415475306e-11 -1.73120980508516e-11
 1.47588705790267e+06 -3.09227693445013e-11 -1.73696635537895e-11
 1.48002119531976e+06 -3.08145123943689e-11 -1.74311471618914e-11
 1.48415533273686e+06 -3.07409791499475e-11 -1.74970014222124e-11
 1.48828947015395e+06 -3.06412124005819e-11 -1.75676312834548e-11
 1.49242360757105e+06 -3.05012064515994e-11 -1.76433735089894e-11
 1.49655774498814e+06 -3.04201187736596e-11 -1.77244749028248e-11
 1.50069188240524e+06 -3.03994449793495e-11 -1.78110704210443e-11
 1.50482601982233e+06 -3.02077132730125e-11 -1.79031623309801e-11
 1.50896015723942e+06 -3.01817640263714e-11 -1.80006016113856e-11
 1.51309429465652e+06 -2.99595711241565e-11 -1.81030727556031e-11
 1.51722843207361e+06 -2.99700129731612e-11 -1.82100830459289e-11
 1.52136256949071e+06 -2.98228137349976e-11 -1.83209572141796e-11
 1.52549670690780e+06 -2.97229383927960e-11 -1.84348381967197e-11
 1.52963084432490e+06 -2.96903993705195e-11 -1.85506944412348e-11
 1.53376498174199e+06 -2.95626942654369e-11 -1.86673339385014e-11
 1.53789911915908e+06 -2.95238619089498e-11 -1.87834248488290e-11
 1.54203325657618e+06 -2.93119181899367e-11 -1.88975222843330e-11
 1.54616739399327e+06 -2.93060440368147e-11 -1.90081005098277e-11
 1.55030153141037e+06 -2.92010971939231e-11 -1.91135895519736e-11
 1.55443566882746e+06 -2.91029947109673e-11 -1.92124149721945e-11
 1.55856980624456e+06 -2.89827014341886e-11 -1.93030393761750e-11
 1.56270394366165e+06 -2.88103852081219e-11 -1.93840041113497e-11
 1.56683808107874e+06 -2.88363787766134e-11 -1.94539695506666e-11
 1.57097221849584e+06 -2.86110994973716e-11 -1.95117523800860e-11
 1.57510635591293e+06 -2.85362983450689e-11 -1.95563583988396e-11
 1.57924049333003e+06 -2.84937029306718e-11 -1.95870095023429e-11
 1.58337463074712e+06 -2.83729995513616e-11 -1.96031637412661e-11
 1.58750876816422e+06 -2.83579383679507e-11 -1.96045276266848e-11
 1.59164290558131e+06 -2.82489907486824e-11 -1.95910601682625e-11
 1.59577704299840e+06 -2.81812860923464e-11 -1.95629684754294e-11
 1.59991118041550e+06 -2.81080259503586e-11 -1.95206951047582e-11
 1.60404531783259e+06 -2.79490543349564e-11 -1.94648976837009e-11
 1.60817945524969e+06 -2.78972732749520e-11 -1.93964216653114e-11
 1.61231359266678e+06 -2.77337050590147e-11 -1.93162673553510e-11
 1.61644773008388e+06 -2.77339388625016e-11 -1.92255525887490e-11
 1.62058186750097e+06 -2.75733963482806e-11 -1.91254726057357e-11
 1.62471600491806e+06 -2.75349907330944e-11 -1.90172587810956e-11
 1.62885014233516e+06 -2.74829500971827e-11 -1.89021378881716e-11
 1.63298427975225e+06 -2.73033136454318e-11 -1.87812935314767e-11
 1.63711841716935e+06 -2.72711821118203e-11 -1.86558312606415e-11
 1.64125255458644e+06 -2.71527864879920e-11 -1.85267486900946e-11
 1.64538669200354e+06 -2.70476344020444e-11 -1.83949117026947e-11
 1.64952082942063e+06 -2.70242835545569e-11 -1.82610375236470e-11
 1.65365496683772e+06 -2.68560271998788e-11 -1.81256851276997e-11
 1.65778910425482e+06 -2.68476333943940e-11 -1.79892531034652e-11
 1.66192324167191e+06 -2.67287058314628e-11 -1.78519847601769e-11
 1.66605737908901e+06 -2.66220064109444e-11 -1.77139799403164e-11
 1.67019151650610e+06 -2.65725170906231e-11 -1.75752127115511e-11
 1.67432565392320e+06 -2.64741583906242e-11 -1.74355538668075e-11
 1.67845979134029e+06 -2.64028254398837e-11 -1.72947969730535e-11
 1.68259392875739e+06 -2.63406097853672e-11 -1.71526865856429e-11
 1.68672806617448e+06 -2.61499818181893e-11 -1.70089471908570e-11
 1.69086220359157e+06 -2.61411379586225e-11 -1.68633114556795e-11
 1.69499634100867e+06 -2.59455741978516e-11 -1.67155464488909e-11
 1.69913047842576e+06 -2.59826554938421e-11 -1.65654766455227e-11
 1.70326461584286e+06 -2.58205687920396e-11 -1.64130027289948e-11
 1.70739875325995e+06 -2.58617628191855e-11 -1.62581154505213e-11
 1.71153289067705e+06 -2.57111711972133e-11 -1.61009040805009e-11
 1.71566702809414e+06 -2.56393332243985e-11 -1.59415592769583e-11
 1.71980116551123e+06 -2.55521088716300e-11 -1.57803704866256e-11
 1.72393530292833e+06 -2.55050845218633e-11 -1.56177182702183e-11
 1.72806944034542e+06 -2.53722491749110e-11 -1.54540621909979e-11
 1.73220357776252e+06 -2.53104124227112e-11 -1.52899251127542e-11
 1.73633771517961e+06 -2.51692679775509e-11 -1.51258749101029e-11
 1.74047185259671e+06 -2.51553381270832e-11 -1.49625046935497e-11
 1.74460599001380e+06 -2.50136324804668e-11 -1.48004126900771e-11
 1.74874012743089e+06 -2.50036863198736e-11 -1.46401828966544e-11
 1.75287426484799e+06 -2.48407224672473e-11 -1.44823675415385e-11
 1.75700840226508e+06 -2.48620379840966e-11 -1.43274722521428e-11
 1.76114253968218e+06 -2.47464438558405e-11 -1.41759446472834e-11
 1.76527667709927e+06 -2.46337491283794e-11 -1.40281668560709e-11
 1.76941081451637e+06 -2.44978722814346e-11 -1.38844522280721e-11
 1.77354495193346e+06 -2.44749703429445e-11 -1.37450462528390e-11
 1.77767908935055e+06 -2.43347921511195e-11 -1.36101314648626e-11
 1.78181322676765e+06 -2.43130932255481e-11 -1.34798358855821e-11
 1.78594736418474e+06 -2.42029895091842e-11 -1.33542443590741e-11
 1.79008150160184e+06 -2.42074989250083e-11 -1.32334119824467e-11
 1.79421563901893e+06 -2.41229538868907e-11 -1.31173787237411e-11
 1.79834977643603e+06 -2.40277591367616e-11 -1.30061842642604e-11
 1.80248391385312e+06 -2.39554725487933e-11 -1.28998821009829e-11
 1.80661805127021e+06 -2.38849593864156e-11 -1.27985519973689e-11
 1.81075218868731e+06 -2.37567348066768e-11 -1.27023099737079e-11
 1.81488632610440e+06 -2.36739629363540e-11 -1.26113151749574e-11
 1.81902046352150e+06 -2.36223035596028e-11 -1.25257731361815e-11
 1.82315460093859e+06 -2.35128581523921e-11 -1.24459351728748e-11
 1.82728873835569e+06 -2.35049228040704e-11 -1.23720938440678e-11
 1.83142287577278e+06 -2.33965453382124e-11 -1.23045746581725e-11
 1.83555701318987e+06 -2.33128225313198e-11 -1.22437244027919e-11
 1.83969115060697e+06 -2.32943671800387e-11 -1.21898966692851e-11
 1.84382528802406e+06 -2.30972664465304e-11 -1.21434353004153e-11
 1.84795942544116e+06 -2.31344657347628e-11 -1.21046566072814e-11
 1.85209356285825e+06 -2.29919571070556e-11 -1.20738312737332e-11
 1.85622770027535e+06 -2.29655862886491e-11 -1.20511668897029e-11
 1.86036183769244e+06 -2.28648968067049e-11 -1.20367920284008e-11
 1.86449597510954e+06 -2.27684823455575e-11 -1.20307427084951e-11
 1.86863011252663e+06 -2.27222464944985e-11 -1.20329519655219e-11
 1.87276424994372e+06 -2.26694287243250e-11 -1.20432431037783e-11
 1.87689838736082e+06 -2.25791300443872e-11 -1.20613270193306e-11
 1.88103252477791e+06 -2.24605464347332e-11 -1.20868037863889e-11
 1.88516666219501e+06 -2.23821755824961e-11 -1.21191684938866e-11
 1.88930079961210e+06 -2.23717684117502e-11 -1.21578211172445e-11
 1.89343493702920e+06 -2.21949479548500e-11 -1.22020800225909e-11
 1.89756907444629e+06 -2.21518174463114e-11 -1.22511985363677e-11
 1.90170321186338e+06 -2.20464927449559e-11 -1.23043838802492e-11
 1.90583734928048e+06 -2.20529195240218e-11 -1.23608176757412e-11
 1.90997148669757e+06 -2.20211884367297e-11 -1.24196771685822e-11
 1.91410562411467e+06 -2.18972919177739e-11 -1.24801563117482e-11
 1.91823976153176e+06 -2.18543036745436e-11 -1.25414858767889e-11
 1.92237389894886e+06 -2.17838549911064e-11 -1.26029518334342e-11
 1.92650803636595e+06 -2.16838976499012e-11 -1.26639113418199e-11
 1.93064217378304e+06 -2.16204345588733e-11 -1.27238058338567e-11
 1.93477631120014e+06 -2.14769780035676e-11 -1.27821708120425e-11
 1.93891044861723e+06 -2.15039201898347e-11 -1.28386421568913e-11
 1.94304458603433e+06 -2.13579174968705e-11 -1.28929588989027e-11
 1.94717872345142e+06 -2.13580637921309e-11 -1.29449625691485e-11
 1.95131286086852e+06 -2.12587864177141e-11 -1.29945933857142e-11
 1.95544699828561e+06 -2.12081861601159e-11 -1.30418836548360e-11
 1.95958113570270e+06 -2.11768006608186e-11 -1.30869488599629e-11
 1.96371527311980e+06 -2.10544994582654e-11 -1.31299769757214e-11
 1.96784941053689e+06 -2.09859870109862e-11 -1.31712165749776e-11
 1.97198354795399e+06 -2.09596070397962e-11 -1.32109642962651e-11
 1.97611768537108e+06 -2.08447240254776e-11 -1.32495522078316e-11
 1.98025182278818e+06 -2.08215825391530e-11 -1.32873355470860e-11
 1.98438596020527e+06 -2.07132010682609e-11 -1.33246812358263e-11
 1.98852009762236e+06 -2.06686993656928e-11 -1.33619574780322e-11
 1.99265423503946e+06 -2.06069779353247e-11 -1.33995246455204e-11
 1.99678837245655e+06 -2.04832987963333e-11 -1.34377275539909e-11
 2.00092250987365e+06 -2.05118929048841e-11 -1.34768891349186e-11
 2.00505664729074e+06 -2.03793090161337e-11 -1.35173054233552e-11
 2.00919078470784e+06 -2.03009261403725e-11 -1.35592417130443e-11
 2.01332492212493e+06 -2.02075349075369e-11 -1.36029296818598e-11
 2.01745905954202e+06 -2.01437931885604e-11 -1.36485652649457e-11
 2.02159319695912e+06 -2.01020323171264e-11 -1.36963070501085e-11
 2.02572733437621e+06 -1.99866984538298e-11 -1.37462749892983e-11
 2.02986147179331e+06 -1.99472788874602e-11 -1.37985492585500e-11
 2.03399560921040e+06 -1.99083693856872e-11 -1.38531691524800e-11
 2.03812974662750e+06 -1.98768505576373e-11 -1.39101319636825e-11
 2.04226388404459e+06 -1.98195152003391e-11 -1.39693918659733e-11
 2.04639802146168e+06 -1.97473385976610e-11 -1.40308588879265e-11
 2.05053215887878e+06 -1.96805331985806e-11 -1.40943981231222e-11
 2.05466629629587e+06 -1.96138750276313e-11 -1.41598293711221e-11
 2.05880043371297e+06 -1.96183208630343e-11 -1.42269274335765e-11
 2.06293457113006e+06 -1.95190477774590e-11 -1.42954232999347e-11
 2.06706870854716e+06 -1.94678995044512e-11 -1.43650064451323e-11
 2.07120284596425e+06 -1.94015606172218e-11 -1.44353284269770e-11
 2.07533698338135e+06 -1.93225617473658e-11 -1.45060079152030e-11
 2.07947112079844e+06 -1.92484743281671e-11 -1.45766372101595e-11
 2.08360525821553e+06 -1.91962953917284e-11 -1.46467902210598e-11
 2.08773939563263e+06 -1.90998166043931e-11 -1.47160317771347e-11
 2.09187353304972e+06 -1.90253949225764e-11 -1.47839280460948e-11
 2.09600767046682e+06 -1.89740152934358e-11 -1.48500577396982e-11
 2.10014180788391e+06 -1.89569982447522e-11 -1.49140237024436e-11
 2.10427594530101e+06 -1.88348207742006e-11 -1.49754644129818e-11
 2.10841008271810e+06 -1.88149052895363e-11 -1.50340648837852e-11
 2.11254422013519e+06 -1.87357432625793e-11 -1.50895664274924e-11
 2.11667835755229e+06 -1.86731032682538e-11 -1.51417747706567e-11
 2.12081249496938e+06 -1.86237302863498e-11 -1.51905660383565e-11
 2.12494663238648e+06 -1.85170156406180e-11 -1.52358902056544e-11
 2.12908076980357e+06 -1.85426166958200e-11 -1.52777717113624e-11
 2.13321490722067e+06 -1.83912141847043e-11 -1.53163070517388e-11
 2.13734904463776e+06 -1.83798476785587e-11 -1.53516593107539e-11
 2.14148318205485e+06 -1.82342315401796e-11 -1.53840497322291e-11
 2.14561731947195e+06 -1.82233055878360e-11 -1.54137465897636e-11
 2.14975145688904e+06 -1.82601985843826e-11 -1.54410517543966e-11
 2.15388559430614e+06 -1.81193289331187e-11 -1.54662854894782e-11
 2.15801973172323e+06 -1.81375653720026e-11 -1.54897701093868e-11
 2.16215386914033e+06 -1.79762254987633e-11 -1.55118132170714e-11
 2.16628800655742e+06 -1.80142320455484e-11 -1.55326912796657e-11
 2.17042214397451e+06 -1.79367531693745e-11 -1.55526343081291e-11
 2.17455628139161e+06 -1.78753800463812e-11 -1.55718123747027e-11
 2.17869041880870e+06 -1.78219641301709e-11 -1.55903246314005e-11
 2.18282455622580e+06 -1.77172518360574e-11 -1.56081913866628e-11
 2.18695869364289e+06 -1.77270142220473e-11 -1.56253496604927e-11
 2.19109283105999e+06 -1.76716002532690e-11 -1.56416524772650e-11
 2.19522696847708e+06 -1.75211727194428e-11 -1.56568719781618e-11
 2.19936110589417e+06 -1.75278860643058e-11 -1.56707062506622e-11
 2.20349524331127e+06 -1.73981010755309e-11 -1.56827895904964e-11
 2.20762938072836e+06 -1.74049566351476e-11 -1.56927057413376e-11
 2.21176351814546e+06 -1.73310033294621e-11 -1.57000035085582e-11
 2.21589765556255e+06 -1.72119051624831e-11 -1.57042140235705e-11
 2.22003179297965e+06 -1.72208930588858e-11 -1.57048688513245e-11
 2.22416593039674e+06 -1.70993211550357e-11 -1.57015180902006e-11
 2.22830006781383e+06 -1.70874475599934e-11 -1.56937476134067e-11
 2.23243420523093e+06 -1.70529040328581e-11 -1.56811946445337e-11
 2.23656834264802e+06 -1.69580315762130e-11 -1.56635609450409e-11
 2.24070248006512e+06 -1.69739401978681e-11 -1.56406230138920e-11
 2.24483661748221e+06 -1.68736056828233e-11 -1.56122388531743e-11
 2.24897075489931e+06 -1.68973420072464e-11 -1.55783510300259e-11
 2.25310489231640e+06 -1.67565944269960e-11 -1.55389859556355e-11
 2.25723902973349e+06 -1.67118386567127e-11 -1.54942494959098e-11
 2.26137316715059e+06 -1.66796978256743e-11 -1.54443192157235e-11
 2.26550730456768e+06 -1.65573506423242e-11 -1.53894337290936e-11
 2.26964144198478e+06 -1.65773565502271e-11 -1.53298797721466e-11
 2.27377557940187e+06 -1.64441518896374e-11 -1.52659777265963e-11
 2.27790971681897e+06 -1.64215057068802e-11 -1.51980663925406e-11
 2.28204385423606e+06 -1.63877314115246e-11 -1.51264878369361e-11
 2.28617799165316e+06 -1.63311939519795e-11 -1.50515731267275e-11
 2.29031212907025e+06 -1.62792276009266e-11 -1.49736296940838e-11
 2.29444626648734e+06 -1.62150842434706e-11 -1.48929309791691e-11
 2.29858040390444e+06 -1.61568819624873e-11 -1.48097088588392e-11
 2.30271454132153e+06 -1.61372632296710e-11 -1.47241492051954e-11
 2.30684867873863e+06 -1.60278567914113e-11 -1.46363907352867e-11
 2.31098281615572e+06 -1.60516475111637e-11 -1.45465271223788e-11
 2.31511695357282e+06 -1.59035768508924e-11 -1.44546121508333e-11
 2.31925109098991e+06 -1.59704484015489e-11 -1.43606675213164e-11
 2.32338522840700e+06 -1.58863248646808e-11 -1.42646927603776e-11
 2.32751936582410e+06 -1.57572797960875e-11 -1.41666765672544e-11
 2.33165350324119e+06 -1.57581459257703e-11 -1.40666088477536e-11
 2.33578764065829e+06 -1.56488762300296e-11 -1.39644926449925e-11
 2.33992177807538e+06 -1.56841339721702e-11 -1.38603551821929e-11
 2.34405591549248e+06 -1.55659733157088e-11 -1.37542572832379e-11
 2.34819005290957e+06 -1.55375648421917e-11 -1.36463005299465e-11
 2.35232419032666e+06 -1.54371119588307e-11 -1.35366316456952e-11
 2.35645832774376e+06 -1.54079774287837e-11 -1.34254437561756e-11
 2.36059246516085e+06 -1.54043093400554e-11 -1.33129743607284e-11
 2.36472660257795e+06 -1.53486749294632e-11 -1.31995000417081e-11
 2.36886073999504e+06 -1.52568583883700e-11 -1.30853281339247e-11
 2.37299487741214e+06 -1.52781137261448e-11 -1.29707857604729e-11
 2.37712901482923e+06 -1.52091301527788e-11 -1.28562068046227e-11
 2.38126315224632e+06 -1.51293421757781e-11 -1.27419175208134e-11
 2.38539728966342e+06 -1.50494542456039e-11 -1.26282215831500e-11
 2.38953142708051e+06 -1.50525067983890e-11 -1.25153854216867e-11
 2.39366556449761e+06 -1.49801091466694e-11 -1.24036247016731e-11
 2.39779970191470e+06 -1.49949348443792e-11 -1.22930927581785e-11
 2.40193383933180e+06 -1.49193296244516e-11 -1.21838717098253e-11
 2.40606797674889e+06 -1.48439770261037e-11 -1.20759668452296e-11
 2.41020211416598e+06 -1.47765034603631e-11 -1.19693047107555e-11
 2.41433625158308e+06 -1.47352134273419e-11 -1.18637351370070e-11
 2.41847038900017e+06 -1.46972380431896e-11 -1.17590372342441e-11
 2.42260452641727e+06 -1.46536491235150e-11 -1.16549291746400e-11
 2.42673866383436e+06 -1.45375245646059e-11 -1.15510813735004e-11
 2.43087280125146e+06 -1.46273734607131e-11 -1.14471324933846e-11
 2.43500693866855e+06 -1.45129296078790e-11 -1.13427075347602e-11
 2.43914107608564e+06 -1.45068208903433e-11 -1.12374371533373e-11
 2.44327521350274e+06 -1.44056882294547e-11 -1.11309772644175e-11
 2.44740935091983e+06 -1.44226985343634e-11 -1.10230279631895e-11
 2.45154348833693e+06 -1.43582650406788e-11 -1.09133508089223e-11
 2.45567762575402e+06 -1.42846349076619e-11 -1.08017835899082e-11
 2.45981176317112e+06 -1.42482103588136e-11 -1.06882518013959e-11
 2.46394590058821e+06 -1.42480259580636e-11 -1.05727762250983e-11
 2.46808003800530e+06 -1.41225852912189e-11 -1.04554761879282e-11
 2.47221417542240e+06 -1.41421524446048e-11 -1.03365682898643e-11
 2.47634831283949e+06 -1.39710837828013e-11 -1.02163606151996e-11
 2.48048245025659e+06 -1.40041475252243e-11 -1.00952426662937e-11
 2.48461658767368e+06 -1.39831449583413e-11 -9.97367147240742e-12
 2.48875072509078e+06 -1.39884827188473e-11 -9.85215451740244e-12
 2.49288486250787e+06 -1.39246751478101e-11 -9.73123028877051e-12
 2.49701899992497e+06 -1.38751319698768e-11 -9.61144736851011e-12
 2.50115313734206e+06 -1.38224952230247e-11 -9.49334305753974e-12
 2.50528727475915e+06 -1.38191263929448e-11 -9.37742254608336e-12
 2.50942141217625e+06 -1.37425815838675e-11 -9.26413961160270e-12
 2.51355554959334e+06 -1.36883510381920e-11 -9.15387974519044e-12
 2.51768968701044e+06 -1.36303073292214e-11 -9.04694648124292e-12
 2.52182382442753e+06 -1.35996426496849e-11 -8.94355154025576e-12
 2.52595796184463e+06 -1.34656622037064e-11 -8.84380919957149e-12
 2.53009209926172e+06 -1.35094292176123e-11 -8.74773509214989e-12
 2.53422623667881e+06 -1.33350463733889e-11 -8.65524941020340e-12
 2.53836037409591e+06 -1.33762992822761e-11 -8.56618427044584e-12
 2.54249451151300e+06 -1.33117031711699e-11 -8.48029479242142e-12
 2.54662864893010e+06 -1.33460655445965e-11 -8.39727326138174e-12
 2.55076278634719e+06 -1.33036696283106e-11 -8.31676560177188e-12
 2.55489692376429e+06 -1.32994420194125e-11 -8.23838928397316e-12
 2.55903106118138e+06 -1.32180738890706e-11 -8.16175173059941e-12
 2.56316519859847e+06 -1.31850995236147e-11 -8.08646828193508e-12
 2.56729933601557e+06 -1.30870633783636e-11 -8.01217882296362e-12
 2.57143347343266e+06 -1.30979617577444e-11 -7.93856226409991e-12
 2.57556761084976e+06 -1.30064964346818e-11 -7.86534819912424e-12
 2.57970174826685e+06 -1.29550996321594e-11 -7.79232522937923e-12
 2.58383588568395e+06 -1.29330100973721e-11 -7.71934563394205e-12
 2.58797002310104e+06 -1.29094962881483e-11 -7.64632627078550e-12
 2.59210416051813e+06 -1.29050667830696e-11 -7.57324580264007e-12
 2.59623829793523e+06 -1.28223094877802e-11 -7.50013854212617e-12
 2.60037243535232e+06 -1.28132471220781e-11 -7.42708539294088e-12
 2.60450657276942e+06 -1.26892230789911e-11 -7.35420251771976e-12
 2.60864071018651e+06 -1.26535730569917e-11 -7.28162848051318e-12
 2.61277484760361e+06 -1.26286028630726e-11 -7.20951068647354e-12
 2.61690898502070e+06 -1.25832190814476e-11 -7.13799196964530e-12
 2.62104312243779e+06 -1.25731769481868e-11 -7.06719816029946e-12
 2.62517725985489e+06 -1.25037070974328e-11 -6.99722739748516e-12
 2.62931139727198e+06 -1.25095454556643e-11 -6.92814184424862e-12
 2.63344553468908e+06 -1.24713567527589e-11 -6.85996231823555e-12
 2.63757967210617e+06 -1.24014317896505e-11 -6.79266617749248e-12
 2.64171380952327e+06 -1.23760040647138e-11 -6.72618860948699e-12
 2.64584794694036e+06 -1.23395821054731e-11 -6.66042727153043e-12
 2.64998208435745e+06 -1.22460246458841e-11 -6.59525003363492e-12
 2.65411622177455e+06 -1.22456923500918e-11 -6.53050539132706e-12
 2.65825035919164e+06 -1.21886558831033e-11 -6.46603495603342e-12
 2.66238449660874e+06 -1.21438227860605e-11 -6.40168730315353e-12
 2.66651863402583e+06 -1.21081232947840e-11 -6.33733236973656e-12
 2.67065277144293e+06 -1.20874295788303e-11 -6.27287554976506e-12
 2.67478690886002e+06 -1.20774662158180e-11 -6.20827063778693e-12
 2.67892104627712e+06 -1.19652922656911e-11 -6.14353082106625e-12
 2.68305518369421e+06 -1.20000769865826e-11 -6.07873701394888e-12
 2.68718932111130e+06 -1.18157656205295e-11 -6.01404296098450e-12
 2.69132345852840e+06 -1.18306934868910e-11 -5.94967670036332e-12
 2.69545759594549e+06 -1.18100006206882e-11 -5.88593816787362e-12
 2.69959173336259e+06 -1.17978275228640e-11 -5.82319292378212e-12
 2.70372587077968e+06 -1.17884837722015e-11 -5.76186219025636e-12
 2.70786000819678e+06 -1.17512055722114e-11 -5.70240958418370e-12
 2.71199414561387e+06 -1.17303877230377e-11 -5.64532510925723e-12
 2.71612828303096e+06 -1.16655475033422e-11 -5.59110712244151e-12
 2.72026242044806e+06 -1.16151386213600e-11 -5.54024310545089e-12
 2.72439655786515e+06 -1.14925935301204e-11 -5.49319014555766e-12
 2.72853069528225e+06 -1.15007325549035e-11 -5.45035605800811e-12
 2.73266483269934e+06 -1.14674519400017e-11 -5.41208206292236e-12
 2.73679897011644e+06 -1.13790674468155e-11 -5.37862786382500e-12
 2.74093310753353e+06 -1.13651640474376e-11 -5.35015986612954e-12
 2.74506724495062e+06 -1.13532601462477e-11 -5.32674312755886e-12
 2.74920138236772e+06 -1.13682314641378e-11 -5.30833745601879e-12
 2.75333551978481e+06 -1.13381967022644e-11 -5.29479787293564e-12
 2.75746965720191e+06 -1.12790612180465e-11 -5.28587945134054e-12
 2.76160379461900e+06 -1.12350758273948e-11 -5.28124632887681e-12
 2.76573793203610e+06 -1.12033026654874e-11 -5.28048449660066e-12
 2.76987206945319e+06 -1.11978453471277e-11 -5.28311778518884e-12
 2.77400620687028e+06 -1.10622869913510e-11 -5.28862631972716e-12
 2.77814034428738e+06 -1.10187686208621e-11 -5.29646659992815e-12
 2.78227448170447e+06 -1.09657194355470e-11 -5.30609229005527e-12
 2.78640861912157e+06 -1.10225068537853e-11 -5.31697477525147e-12
 2.79054275653866e+06 -1.09528242310017e-11 -5.32862255931945e-12
 2.79467689395576e+06 -1.09150464832355e-11 -5.34059864222328e-12
 2.79881103137285e+06 -1.08376238526884e-11 -5.35253511978990e-12
 2.80294516878994e+06 -1.08427200503813e-11 -5.36414438798522e-12
 2.80707930620704e+06 -1.08061570746930e-11 -5.37522650219109e-12
 2.81121344362413e+06 -1.07036555863587e-11 -5.38567242961928e-12
 2.81534758104123e+06 -1.06768673608765e-11 -5.39546313056497e-12
 2.81948171845832e+06 -1.07222433905628e-11 -5.40466460209899e-12
 2.82361585587542e+06 -1.07201266250545e-11 -5.41341920578223e-12
 2.82774999329251e+06 -1.06837802550363e-11 -5.42193377019958e-12
 2.83188413070960e+06 -1.06109650902843e-11 -5.43046510136794e-12
 2.83601826812670e+06 -1.06636922131180e-11 -5.43930364270073e-12
 2.84015240554379e+06 -1.05147883989671e-11 -5.44875609657174e-12
 2.84428654296089e+06 -1.05507350700270e-11 -5.45912784860457e-12
 2.84842068037798e+06 -1.04999782581466e-11 -5.47070602315385e-12
 2.85255481779508e+06 -1.04351625712003e-11 -5.48374394543951e-12
 2.85668895521217e+06 -1.04110974068906e-11 -5.49844769582239e-12
 2.86082309262927e+06 -1.03517904005814e-11 -5.51496532022694e-12
 2.86495723004636e+06 -1.03393969220027e-11 -5.53337911435741e-12
 2.86909136746345e+06 -1.03454366497038e-11 -5.55370123615282e-12
 2.87322550488055e+06 -1.02889339366051e-11 -5.57587272936117e-12
 2.87735964229764e+06 -1.02125508644735e-11 -5.59976587021346e-12
 2.88149377971474e+06 -1.02076137827318e-11 -5.62518958743330e-12
 2.88562791713183e+06 -1.02041251950255e-11 -5.65189756132279e-12
 2.88976205454893e+06 -1.01418819349555e-11 -5.67959848737259e-12
 2.89389619196602e+06 -1.00780004680390e-11 -5.70796789918991e-12
 2.89803032938311e+06 -1.00207110446963e-11 -5.73666088858364e-12
 2.90216446680021e+06 -1.00373054834938e-11 -5.76532503939846e-12
 2.90629860421730e+06 -1.00146153238334e-11 -5.79361290629564e-12
 2.91043274163440e+06 -9.94968938767959e-12 -5.82119341861866e-12
 2.91456687905149e+06 -9.92864221329505e-12 -5.84776166920700e-12
 2.91870101646859e+06 -9.93219272051463e-12 -5.87304665373849e-12
 2.92283515388568e+06 -9.90787899851153e-12 -5.89681665156930e-12
 2.92696929130277e+06 -9.84595801040815e-12 -5.91888207727907e-12
 2.93110342871987e+06 -9.86253083639747e-12 -5.93909577535521e-12
 2.93523756613696e+06 -9.81698406873365e-12 -5.95735087134173e-12
 2.93937170355406e+06 -9.76223300697852e-12 -5.97357642363353e-12
 2.94350584097115e+06 -9.78401823759979e-12 -5.98773123454603e-12
 2.94763997838825e+06 -9.74276313091222e-12 -5.99979627134526e-12
 2.95177411580534e+06 -9.73673834032524e-12 -6.00976621358195e-12
 2.95590825322243e+06 -9.66524810928264e-12 -6.01764067899006e-12
 2.96004239063953e+06 -9.63255561437759e-12 -6.02341568552602e-12
 2.96417652805662e+06 -9.56961416614787e-12 -6.02707588192496e-12
 2.96831066547372e+06 -9.55713600195785e-12 -6.02858802554124e-12
 2.97244480289081e+06 -9.49416407846403e-12 -6.02789610752834e-12
 2.97657894030791e+06 -9.47776895518728e-12 -6.02491842637551e-12
 2.98071307772500e+06 -9.43996642256667e-12 -6.01954679701690e-12
 2.98484721514209e+06 -9.37686056730792e-12 -6.01164796053352e-12
 2.98898135255919e+06 -9.39024109671266e-12 -6.00106713544069e-12
 2.99311548997628e+06 -9.30601918321510e-12 -5.98763353240062e-12
 2.99724962739338e+06 -9.28438205763767e-12 -5.97116754600524e-12
 3.00138376481047e+06 -9.32670886901553e-12 -5.95148924577053e-12
 3.00551790222757e+06 -9.27694292105360e-12 -5.92842771792228e-12
 3.00965203964466e+06 -9.24433384671700e-12 -5.90183076371020e-12
 3.01378617706175e+06 -9.22148942635710e-12 -5.87157444045313e-12
 3.01792031447885e+06 -9.22800919565123e-12 -5.83757193929615e-12
 3.02205445189594e+06 -9.16300635016674e-12 -5.79978132762896e-12
 3.02618858931304e+06 -9.10543722932562e-12 -5.75821174232298e-12
 3.03032272673013e+06 -9.10861603466778e-12 -5.71292769882773e-12
 3.03445686414723e+06 -9.09807365491997e-12 -5.66405127651937e-12
 3.03859100156432e+06 -9.03433008298254e-12 -5.61176204714403e-12
 3.04272513898141e+06 -9.06410670306084e-12 -5.55629472527632e-12
 3.04685927639851e+06 -9.03329024573101e-12 -5.49793463151429e-12
 3.05099341381560e+06 -8.95530515956686e-12 -5.43701116490013e-12
 3.05512755123270e+06 -8.97425223278831e-12 -5.37388957566583e-12
 3.05926168864979e+06 -8.87051266123471e-12 -5.30896140805771e-12
 3.06339582606689e+06 -8.86315372196947e-12 -5.24263404215105e-12
 3.06752996348398e+06 -8.82998438085735e-12 -5.17531980050198e-12
 3.07166410090108e+06 -8.78768517878325e-12 -5.10742509882026e-12
 3.07579823831817e+06 -8.75625890422776e-12 -5.03934010930179e-12
 3.07993237573526e+06 -8.68861813322610e-12 -4.97142937199349e-12
 3.08406651315236e+06 -8.73699708442217e-12 -4.90402373551740e-12
 3.08820065056945e+06 -8.68716775167327e-12 -4.83741393701478e-12
 3.09233478798655e+06 -8.65205252669068e-12 -4.77184604615189e-12
 3.09646892540364e+06 -8.63220626386799e-12 -4.70751890400098e-12
 3.10060306282074e+06 -8.61486428406451e-12 -4.64458358959242e-12
 3.10473720023783e+06 -8.64134068438473e-12 -4.58314484981493e-12
 3.10887133765492e+06 -8.54164892636537e-12 -4.52326433702453e-12
 3.11300547507202e+06 -8.43855452981342e-12 -4.46496541763387e-12
 3.11713961248911e+06 -8.44941285761732e-12 -4.40823924779528e-12
 3.12127374990621e+06 -8.38847164269762e-12 -4.35305176217144e-12
 3.12540788732330e+06 -8.46159116891331e-12 -4.29935119063243e-12
 3.12954202474040e+06 -8.37636537549131e-12 -4.24707570667259e-12
 3.13367616215749e+06 -8.36487825076911e-12 -4.19616082025760e-12
 3.13781029957458e+06 -8.31073043705929e-12 -4.14654615582406e-12
 3.14194443699168e+06 -8.34835426750275e-12 -4.09818130107522e-12
 3.14607857440877e+06 -8.34000406210556e-12 -4.05103047156084e-12
 3.15021271182587e+06 -8.22965700579543e-12 -4.00507580605551e-12
 3.15434684924296e+06 -8.28154171642295e-12 -3.96031918486585e-12
 3.15848098666006e+06 -8.25078834270726e-12 -3.91678254310900e-12
 3.16261512407715e+06 -8.18679459487170e-12 -3.87450672966093e-12
 3.16674926149424e+06 -8.15738426864298e-12 -3.83354903588130e-12
 3.17088339891134e+06 -8.11402434019073e-12 -3.79397958280840e-12
 3.17501753632843e+06 -8.06752328532240e-12 -3.75587680839439e-12
 3.17915167374553e+06 -8.08291793718213e-12 -3.71932233493066e-12
 3.18328581116262e+06 -8.02586170475680e-12 -3.68439551988264e-12
 3.18741994857972e+06 -7.99096840675154e-12 -3.65116800004862e-12
 3.19155408599681e+06 -7.99985195469320e-12 -3.61969852940980e-12
 3.19568822341390e+06 -7.98415110021036e-12 -3.59002838648522e-12
 3.19982236083100e+06 -7.93626932503742e-12 -3.56217758884612e-12
 3.20395649824809e+06 -7.93625993727748e-12 -3.53614210342100e-12
 3.20809063566519e+06 -7.91219666518627e-12 -3.51189218385461e-12
 3.21222477308228e+06 -7.89979330592152e-12 -3.48937190399566e-12
 3.21635891049938e+06 -7.82832086802562e-12 -3.46849989259713e-12
 3.22049304791647e+06 -7.81752549732378e-12 -3.44917121223316e-12
 3.22462718533356e+06 -7.81078247882604e-12 -3.43126026800460e-12
 3.22876132275066e+06 -7.79915570506790e-12 -3.41462458196671e-12
 3.23289546016775e+06 -7.67508493944344e-12 -3.39910922948220e-12
 3.23702959758485e+06 -7.68390261841475e-12 -3.38455170562136e-12
 3.24116373500194e+06 -7.69637272322659e-12 -3.37078697450738e-12
 3.24529787241904e+06 -7.71491347113764e-12 -3.35765245241244e-12
 3.24943200983613e+06 -7.60321835108644e-12 -3.34499268611251e-12
 3.25356614725323e+06 -7.59095852746548e-12 -3.33266351076120e-12
 3.25770028467032e+06 -7.65482656880810e-12 -3.32053550456031e-12
 3.26183442208741e+06 -7.56021253090707e-12 -3.30849659898126e-12
 3.26596855950451e+06 -7.55318339713826e-12 -3.29645375068667e-12
 3.27010269692160e+06 -7.47573824643974e-12 -3.28433363214775e-12
 3.27423683433870e+06 -7.53297291239718e-12 -3.27208234942611e-12
 3.27837097175579e+06 -7.45472170490953e-12 -3.25966424506038e-12
 3.28250510917289e+06 -7.43352802744433e-12 -3.24705988911746e-12
 3.28663924658998e+06 -7.41278115109428e-12 -3.23426339979110e-12
 3.29077338400707e+06 -7.41698067360827e-12 -3.22127926507407e-12
 3.29490752142417e+06 -7.40386136338070e-12 -3.20811885733990e-12
 3.29904165884126e+06 -7.35746997262552e-12 -3.19479684266100e-12
 3.30317579625836e+06 -7.35667234735370e-12 -3.18132768606460e-12
 3.30730993367545e+06 -7.36645037451765e-12 -3.16772244302667e-12
 3.31144407109255e+06 -7.25897848317806e-12 -3.15398600721913e-12
 3.31557820850964e+06 -7.26774540372327e-12 -3.14011495617102e-12
 3.31971234592673e+06 -7.22075592030011e-12 -3.12609610171146e-12
 3.32384648334383e+06 -7.21708047971776e-12 -3.11190581288167e-12
 3.32798062076092e+06 -7.19535229228204e-12 -3.09751013736771e-12
 3.33211475817802e+06 -7.13641900382177e-12 -3.08286570582480e-12
 3.33624889559511e+06 -7.11131397398290e-12 -3.06792136355295e-12
 3.34038303301221e+06 -7.14623055687636e-12 -3.05262043809066e-12
 3.34451717042930e+06 -7.09362362833581e-12 -3.03690352081464e-12
 3.34865130784639e+06 -7.06928040170882e-12 -3.02071161710641e-12
 3.35278544526349e+06 -7.02354993446121e-12 -3.00398950395052e-12
 3.35691958268058e+06 -7.08972770501127e-12 -2.98668912654749e-12
 3.36105372009768e+06 -6.98693136008385e-12 -2.96877286664957e-12
 3.36518785751477e+06 -7.00236200948778e-12 -2.95021652474268e-12
 3.36932199493187e+06 -6.90627795032301e-12 -2.93101187487641e-12
 3.37345613234896e+06 -6.96146149903707e-12 -2.91116867415294e-12
 3.37759026976605e+06 -6.91379734381254e-12 -2.89071603699519e-12
 3.38172440718315e+06 -6.87974172621257e-12 -2.86970311600471e-12
 3.38585854460024e+06 -6.84548499127191e-12 -2.84819906461528e-12
 3.38999268201734e+06 -6.87228813246345e-12 -2.82629229035480e-12
 3.39412681943443e+06 -6.84233641742637e-12 -2.80408903957312e-12
 3.39826095685153e+06 -6.78730642080399e-12 -2.78171138353836e-12
 3.40239509426862e+06 -6.76753710021398e-12 -2.75929470052119e-12
 3.40652923168571e+06 -6.82630915070334e-12 -2.73698476787672e-12
 3.41066336910281e+06 -6.71864510577785e-12 -2.71493459140883e-12
 3.41479750651990e+06 -6.72237313986269e-12 -2.69330110615468e-12
 3.41893164393700e+06 -6.70097623419241e-12 -2.67224188297059e-12
 3.42306578135409e+06 -6.64726926858355e-12 -2.65191196923866e-12
 3.42719991877119e+06 -6.65389807606402e-12 -2.63246098028684e-12
 3.43133405618828e+06 -6.61898144049690e-12 -2.61403054135241e-12
 3.43546819360538e+06 -6.60301672899044e-12 -2.59675215932974e-12
 3.43960233102247e+06 -6.57921783338031e-12 -2.58074558009975e-12
 3.44373646843956e+06 -6.58950391034395e-12 -2.56611766244097e-12
 3.44787060585666e+06 -6.53555808821486e-12 -2.55296177433299e-12
 3.45200474327375e+06 -6.48245087703219e-12 -2.54135769340595e-12
 3.45613888069085e+06 -6.51790331158134e-12 -2.53137197123861e-12
 3.46027301810794e+06 -6.48989918193357e-12 -2.52305870228442e-12
 3.46440715552504e+06 -6.52636696459115e-12 -2.51646062306900e-12
 3.46854129294213e+06 -6.44569084297703e-12 -2.51161045661779e-12
 3.47267543035922e+06 -6.46658596690445e-12 -2.50853241091292e-12
 3.47680956777632e+06 -6.36650538001213e-12 -2.50724373892894e-12
 3.48094370519341e+06 -6.36519691197008e-12 -2.50775627087403e-12
 3.48507784261051e+06 -6.34727279551799e-12 -2.51007783664864e-12
 3.48921198002760e+06 -6.31737850899498e-12 -2.51421350735848e-12
 3.49334611744470e+06 -6.31349423196593e-12 -2.52016659841967e-12
 3.49748025486179e+06 -6.25018297983977e-12 -2.52793939243440e-12
 3.50161439227888e+06 -6.29294914603609e-12 -2.53753355683557e-12
 3.50574852969598e+06 -6.28779320568068e-12 -2.54895024823646e-12
 3.50988266711307e+06 -6.19553654817110e-12 -2.56218991181971e-12
 3.51401680453017e+06 -6.20186401631080e-12 -2.57725179905480e-12
 3.51815094194726e+06 -6.16072497059343e-12 -2.59413323991790e-12
 3.52228507936436e+06 -6.16764073594851e-12 -2.61282871617228e-12
 3.52641921678145e+06 -6.12246849477465e-12 -2.63332878973567e-12
 3.53055335419854e+06 -6.10421204332364e-12 -2.65561894451675e-12
 3.53468749161564e+06 -6.08466325712226e-12 -2.67967840147377e-12
 3.53882162903273e+06 -6.07192689177557e-12 -2.70547896504506e-12
 3.54295576644983e+06 -6.07238054131753e-12 -2.73298395490389e-12
 3.54708990386692e+06 -6.05461238080401e-12 -2.76214727064131e-12
 3.55122404128402e+06 -6.00357926481089e-12 -2.79291262889662e-12
 3.55535817870111e+06 -6.07566940827405e-12 -2.82521300325195e-12
 3.55949231611820e+06 -5.97631383302903e-12 -2.85897028750607e-12
 3.56362645353530e+06 -5.98096935262717e-12 -2.89409519318684e-12
 3.56776059095239e+06 -5.96504394910495e-12 -2.93048738295166e-12
 3.57189472836949e+06 -5.88966214659846e-12 -2.96803583331085e-12
 3.57602886578658e+06 -5.90801852602269e-12 -3.00661941314828e-12
 3.58016300320368e+06 -5.83226594473410e-12 -3.04610765913294e-12
 3.58429714062077e+06 -5.88198794744506e-12 -3.08636172536520e-12
 3.58843127803786e+06 -5.81650006808172e-12 -3.12723548252887e-12
 3.59256541545496e+06 -5.81002210549591e-12 -3.16857674124095e-12
 3.59669955287205e+06 -5.83079083573601e-12 -3.21022857509996e-12
 3.60083369028915e+06 -5.82630356193319e-12 -3.25203072069026e-12
 3.60496782770624e+06 -5.77786296934523e-12 -3.29382103434657e-12
 3.60910196512334e+06 -5.70569088527530e-12 -3.33543698827760e-12
 3.61323610254043e+06 -5.68234641032197e-12 -3.37671719138992e-12
 3.61737023995752e+06 -5.72956594039490e-12 -3.41750292258794e-12
 3.62150437737462e+06 -5.64401261697445e-12 -3.45763966593716e-12
 3.62563851479171e+06 -5.66452515063737e-12 -3.49697863791089e-12
 3.62977265220881e+06 -5.66398766198104e-12 -3.53537829665704e-12
 3.63390678962590e+06 -5.62160570256925e-12 -3.57270582190294e-12
 3.63804092704300e+06 -5.62616647693817e-12 -3.60883855181490e-12
 3.64217506446009e+06 -5.57626212793948e-12 -3.64366535997033e-12
 3.64630920187719e+06 -5.59742229154212e-12 -3.67708795192765e-12
 3.65044333929428e+06 -5.52797940829655e-12 -3.70902205694383e-12
 3.65457747671137e+06 -5.54943755959171e-12 -3.73939848664120e-12
 3.65871161412847e+06 -5.52248475415929e-12 -3.76816402922223e-12
 3.66284575154556e+06 -5.55272712212545e-12 -3.79528214567558e-12
 3.66697988896266e+06 -5.50845880720206e-12 -3.82073343355820e-12
 3.67111402637975e+06 -5.46822323486049e-12 -3.84451582484633e-12
 3.67524816379685e+06 -5.44980863116230e-12 -3.86664448711801e-12
 3.67938230121394e+06 -5.43887872057947e-12 -3.88715140228980e-12
 3.68351643863103e+06 -5.46163901877046e-12 -3.90608460406363e-12
 3.68765057604813e+06 -5.41367719549241e-12 -3.92350706424015e-12
 3.69178471346522e+06 -5.35207043715926e-12 -3.93949522878039e-12
 3.69591885088232e+06 -5.36005139244604e-12 -3.95413721659279e-12
 3.70005298829941e+06 -5.36461225113509e-12 -3.96753070699601e-12
 3.70418712571651e+06 -5.36637947968105e-12 -3.97978055516219e-12
 3.70832126313360e+06 -5.32296598839379e-12 -3.99099618782465e-12
 3.71245540055069e+06 -5.33377309894878e-12 -4.00128884360050e-12
 3.71658953796779e+06 -5.35079147575065e-12 -4.01076873257482e-12
 3.72072367538488e+06 -5.32014446636503e-12 -4.01954219800334e-12
 3.72485781280198e+06 -5.21680296466660e-12 -4.02770896813418e-12
 3.72899195021907e+06 -5.22743646798745e-12 -4.03535958817749e-12
 3.73312608763617e+06 -5.17184668097038e-12 -4.04257312079734e-12
 3.73726022505326e+06 -5.22280993372756e-12 -4.04941519805676e-12
 3.74139436247035e+06 -5.17251627908780e-12 -4.05593649867128e-12
 3.74552849988745e+06 -5.18733854762418e-12 -4.06217171170069e-12
 3.74966263730454e+06 -5.21075602906549e-12 -4.06813903201856e-12
 3.75379677472164e+06 -5.14527252225520e-12 -4.07384021447761e-12
 3.75793091213873e+06 -5.12627740247212e-12 -4.07926119343629e-12
 3.76206504955583e+06 -5.04609811041685e-12 -4.08437325291820e-12
 3.76619918697292e+06 -5.13550067154404e-12 -4.08913471128215e-12
 3.77033332439001e+06 -5.05447729985625e-12 -4.09349306354842e-12
 3.77446746180711e+06 -5.04869788278706e-12 -4.09738750565486e-12
 3.77860159922420e+06 -5.01505678322408e-12 -4.10075174871922e-12
 3.78273573664130e+06 -4.98769157588081e-12 -4.10351701859938e-12
 3.78686987405839e+06 -5.01020401766749e-12 -4.10561512746533e-12
 3.79100401147549e+06 -5.02786288062604e-12 -4.10698150010683e-12
 3.79513814889258e+06 -4.97648422353842e-12 -4.10755803867816e-12
 3.79927228630967e+06 -5.01844255328308e-12 -4.10729571553240e-12
 3.80340642372677e+06 -4.99929597371131e-12 -4.10615679456621e-12
 3.80754056114386e+06 -4.97785585857479e-12 -4.10411659671154e-12
 3.81167469856096e+06 -4.90137065439963e-12 -4.10116474420960e-12
 3.81580883597805e+06 -4.88048338694793e-12 -4.09730584031786e-12
 3.81994297339515e+06 -4.91361399029776e-12 -4.09255956515792e-12
 3.82407711081224e+06 -4.83085749492698e-12 -4.08696019337636e-12
 3.82821124822934e+06 -4.89332783574788e-12 -4.08055556413986e-12
 3.83234538564643e+06 -4.81957645553949e-12 -4.07340555738155e-12
 3.83647952306352e+06 -4.88093669425023e-12 -4.06558015127966e-12
 3.84061366048062e+06 -4.85580272205165e-12 -4.05715715345661e-12
 3.84474779789771e+06 -4.78112312621003e-12 -4.04821971162772e-12
 3.84888193531481e+06 -4.77679799902664e-12 -4.03885371770750e-12
 3.85301607273190e+06 -4.72686236716740e-12 -4.02914522229424e-12
 3.85715021014900e+06 -4.73887053050976e-12 -4.01917797373844e-12
 3.86128434756609e+06 -4.71999772328989e-12 -4.00903118797468e-12
 3.86541848498318e+06 -4.73110474101575e-12 -3.99877764205021e-12
 3.86955262240028e+06 -4.66429907174912e-12 -3.98848216676374e-12
 3.87368675981737e+06 -4.64868388378737e-12 -3.97820059254417e-12
 3.87782089723447e+06 -4.68494885617588e-12 -3.96797917900499e-12
 3.88195503465156e+06 -4.61977216103483e-12 -3.95785453345627e-12
 3.88608917206866e+06 -4.67435804044672e-12 -3.94785399842557e-12
 3.89022330948575e+06 -4.56258779667925e-12 -3.93799646410339e-12
 3.89435744690284e+06 -4.62737375427620e-12 -3.92829353994519e-12
 3.89849158431994e+06 -4.61194453568330e-12 -3.91875100139726e-12
 3.90262572173703e+06 -4.60113116805814e-12 -3.90937041391306e-12
 3.90675985915413e+06 -4.54659370075563e-12 -3.90015082785167e-12
 3.91089399657122e+06 -4.55625500282042e-12 -3.89109043483730e-12
 3.91502813398832e+06 -4.55275518057356e-12 -3.88218807908213e-12
 3.91916227140541e+06 -4.55706027718747e-12 -3.87344452581786e-12
 3.92329640882250e+06 -4.50340418540628e-12 -3.86486340294385e-12
 3.92743054623960e+06 -4.42451046605430e-12 -3.85645175068170e-12
 3.93156468365669e+06 -4.48930382672934e-12 -3.84822013645193e-12
 3.93569882107379e+06 -4.39899173041938e-12 -3.84018231720055e-12
 3.93983295849088e+06 -4.45547068530383e-12 -3.83235445781639e-12
 3.94396709590798e+06 -4.40303188116489e-12 -3.82475394062078e-12
 3.94810123332507e+06 -4.37209011270065e-12 -3.81739782590113e-12
 3.95223537074216e+06 -4.43359275018968e-12 -3.81030104569557e-12
 3.95636950815926e+06 -4.39471170278496e-12 -3.80347443133933e-12
 3.96050364557635e+06 -4.35030108219679e-12 -3.79692268868694e-12
 3.96463778299345e+06 -4.38008248161721e-12 -3.79064244250617e-12
 3.96877192041054e+06 -4.28756001026768e-12 -3.78462047297600e-12
 3.97290605782764e+06 -4.33943302170200e-12 -3.77883226215951e-12
 3.97704019524473e+06 -4.26155908655682e-12 -3.77324095703003e-12
 3.98117433266182e+06 -4.26949690588273e-12 -3.76779683845047e-12
 3.98530847007892e+06 -4.27087700696450e-12 -3.76243736327918e-12
 3.98944260749601e+06 -4.25262414387107e-12 -3.75708782052151e-12
 3.99357674491311e+06 -4.24476321239090e-12 -3.75166261327232e-12
 3.99771088233020e+06 -4.21727648358515e-12 -3.74606714779091e-12
 4.00184501974730e+06 -4.29317782422755e-12 -3.74020028061782e-12
 4.00597915716439e+06 -4.20676320270290e-12 -3.73395724578515e-12
 4.01011329458148e+06 -4.16078430625133e-12 -3.72723295848231e-12
 4.01424743199858e+06 -4.21190199639411e-12 -3.71992557013253e-12
 4.01838156941567e+06 -4.20450335496315e-12 -3.71194013389286e-12
 4.02251570683277e+06 -4.16858068367994e-12 -3.70319223006179e-12
 4.02664984424986e+06 -4.11414654787462e-12 -3.69361139813322e-12
 4.03078398166696e+06 -4.10955098449357e-12 -3.68314422678104e-12
 4.03491811908405e+06 -4.07233155193475e-12 -3.67175696431004e-12
 4.03905225650115e+06 -4.12718982293024e-12 -3.65943753019613e-12
 4.04318639391824e+06 -4.09744814000289e-12 -3.64619683189424e-12
 4.04732053133533e+06 -4.09786750471853e-12 -3.63206931946499e-12
 4.05145466875243e+06 -4.04771009236549e-12 -3.61711274217703e-12
 4.05558880616952e+06 -4.07392455834469e-12 -3.60140710479011e-12
 4.05972294358662e+06 -3.99675770559425e-12 -3.58505285505152e-12
 4.06385708100371e+06 -3.98688864410626e-12 -3.56816836642318e-12
 4.06799121842081e+06 -3.95022104560279e-12 -3.55088680980971e-12
 4.07212535583790e+06 -3.95183440899294e-12 -3.53335253351212e-12
 4.07625949325499e+06 -3.95783460235708e-12 -3.51571709072558e-12
 4.08039363067209e+06 -3.94134533750666e-12 -3.49813506767310e-12
 4.08452776808918e+06 -3.92514046964095e-12 -3.48075987225583e-12
 4.08866190550628e+06 -3.92167558552104e-12 -3.46373964275136e-12
 4.09279604292337e+06 -3.91863851613170e-12 -3.44721342848564e-12
 4.09693018034047e+06 -3.93062293036983e-12 -3.43130778023265e-12
 4.10106431775756e+06 -3.89937918711772e-12 -3.41613386777293e-12
 4.10519845517465e+06 -3.90533583138036e-12 -3.40178521698298e-12
 4.10933259259175e+06 -3.89382261097835e-12 -3.38833612988679e-12
 4.11346673000884e+06 -3.87542779026464e-12 -3.37584082009583e-12
 4.11760086742594e+06 -3.77078785871479e-12 -3.36433326419764e-12
 4.12173500484303e+06 -3.84459534580305e-12 -3.35382773869914e-12
 4.12586914226013e+06 -3.79386859154069e-12 -3.34431998339914e-12
 4.13000327967722e+06 -3.82049523305093e-12 -3.33578890706190e-12
 4.13413741709431e+06 -3.78421092704215e-12 -3.32819873093501e-12
