#time(au), s(t), s(t) without exp(iwt)
 0.00000000000000e+01 -1.01611959791762e-12 -1.01611959791762e-12
 4.13413741709430e+03  7.73950345080151e-14 -1.01611959791762e-12
 8.26827483418859e+03 -2.00636405435149e-13 -1.01611959791762e-12
 1.24024122512829e+04  5.52898126680403e-14 -1.01611959791762e-12
 1.65365496683772e+04 -3.05443349126839e-15 -1.01611959791762e-12
 2.06706870854715e+04 -5.90614573463551e-14 -1.01611959791762e-12
 2.48048245025658e+04  1.35970645986287e-13 -1.01611959791762e-12
 2.89389619196601e+04 -1.00810395931430e-14 -1.01611959791762e-12
 3.30730993367544e+04 -3.35712098368016e-14 -1.01611959791762e-12
 3.72072367538487e+04 -2.22306163494667e-14 -1.01611959791762e-12
 4.13413741709430e+04 -5.71037054568914e-14 -1.01611959791762e-12
 4.54755115880372e+04  9.79103227907350e-14 -1.01611959791762e-12
 4.96096490051315e+04 -4.08388360624354e-14 -1.01611959791762e-12
 5.37437864222258e+04  1.67764352861956e-14 -1.01611959791762e-12
 5.78779238393201e+04  4.49754404026618e-15 -1.01611959791762e-12
 6.20120612564144e+04 -2.39804216477258e-15 -1.01611959791762e-12
 6.61461986735087e+04  4.18943838214121e-14 -1.01611959791762e-12
 7.02803360906030e+04 -7.96006017198380e-15 -1.01611959791762e-12
 7.44144735076973e+04  3.15560918497425e-14 -1.01611959791762e-12
 7.85486109247916e+04 -2.57819555905927e-14 -1.01611959791762e-12
 8.26827483418859e+04 -1.25912058860958e-13 -1.01611959791762e-12
 8.68168857589802e+04  3.12836112532008e-14 -1.01611959791762e-12
 9.09510231760745e+04 -1.05397609832756e-13 -1.01611959791762e-12
 9.50851605931688e+04  5.92974233374737e-14 -1.01611959791762e-12
 9.92192980102631e+04 -5.60480671335732e-14 -1.01611959791762e-12
 1.03353435427357e+05  1.50550251025887e-14 -1.01611959791762e-12
 1.07487572844452e+05  3.20043776610576e-14 -1.01611959791762e-12
 1.11621710261546e+05 -3.75675829561861e-14 -1.01611959791762e-12
 1.15755847678640e+05 -6.55853644320434e-14 -1.01611959791762e-12
 1.19889985095735e+05 -7.67408867932686e-14 -1.01611959791762e-12
 1.24024122512829e+05  1.40136124732153e-14 -1.01611959791762e-12
 1.28158259929923e+05  1.06668958062329e-14 -1.01611959791762e-12
 1.32292397347018e+05  9.84858576904264e-15 -1.01611959791762e-12
 1.36426534764112e+05  7.38726503712857e-14 -1.01611959791762e-12
 1.40560672181206e+05  9.51993019141155e-14 -1.01611959791762e-12
 1.44694809598300e+05  2.51768946768108e-14 -1.01611959791762e-12
 1.48828947015395e+05  2.76641313940419e-14 -1.01611959791762e-12
 1.52963084432489e+05 -4.96289786329008e-14 -1.01611959791762e-12
 1.57097221849583e+05  3.09557774492188e-14 -1.01611959791762e-12
 1.61231359266678e+05  1.98927323221390e-14 -1.01611959791762e-12
 1.65365496683772e+05  5.65604032905336e-15 -1.01611959791762e-12
 1.69499634100866e+05  8.19755311790612e-14 -1.01611959791762e-12
 1.73633771517960e+05 -3.61484406650979e-15 -1.01611959791762e-12
 1.77767908935055e+05  9.73082273721950e-14 -1.01611959791762e-12
 1.81902046352149e+05 -8.68736557884511e-15 -1.01611959791762e-12
 1.86036183769243e+05  1.07374721355425e-13 -1.01611959791762e-12
 1.90170321186338e+05 -2.86108525511301e-14 -1.01611959791762e-12
 1.94304458603432e+05  1.71315541175374e-14 -1.01611959791762e-12
 1.98438596020526e+05 -6.04030670639076e-14 -1.01611959791762e-12
 2.02572733437620e+05 -5.41787643418720e-14 -1.01611959791762e-12
 2.06706870854715e+05  9.15214607741158e-14 -1.01611959791762e-12
 2.10841008271809e+05 -4.85789677032470e-14 -1.01611959791762e-12
 2.14975145688903e+05  6.92124645743848e-14 -1.01611959791762e-12
 2.19109283105998e+05  6.13910893170422e-14 -1.01611959791762e-12
 2.23243420523092e+05  9.38878419029612e-14 -1.01611959791762e-12
 2.27377557940186e+05  7.21172790989125e-14 -1.01611959791762e-12
 2.31511695357280e+05  6.33745379576167e-14 -1.01611959791762e-12
 2.35645832774375e+05  2.42878918368290e-14 -1.01611959791762e-12
 2.39779970191469e+05 -6.77832844244276e-15 -1.01611959791762e-12
 2.43914107608563e+05  6.29419439276369e-14 -1.01611959791762e-12
 2.48048245025658e+05  2.80296431739252e-15 -1.01611959791762e-12
 2.52182382442752e+05  1.13316471594423e-14 -1.01611959791762e-12
 2.56316519859846e+05  3.38370796903947e-14 -1.01611959791762e-12
 2.60450657276940e+05 -4.64483681412672e-14 -1.01611959791762e-12
 2.64584794694035e+05  5.99675328796074e-14 -1.01611959791762e-12
 2.68718932111129e+05  1.14615494095540e-15 -1.01611959791762e-12
 2.72853069528223e+05  1.88867931658550e-14 -1.01611959791762e-12
 2.76987206945318e+05  4.03957767117844e-14 -1.01611959791762e-12
 2.81121344362412e+05 -1.10331411016832e-14 -1.01611959791762e-12
 2.85255481779506e+05  1.31152534192696e-13 -1.01611959791762e-12
 2.89389619196601e+05  3.58741856389953e-14 -1.01611959791762e-12
 2.93523756613695e+05  5.33602787601194e-14 -1.01611959791762e-12
 2.97657894030789e+05 -2.44374930849529e-14 -1.01611959791762e-12
 3.01792031447884e+05 -6.38817575917515e-17 -1.01611959791762e-12
 3.05926168864978e+05  2.78284722675062e-14 -1.01611959791762e-12
 3.10060306282072e+05 -2.63053417347220e-14 -1.01611959791762e-12
 3.14194443699167e+05  4.00791984068711e-14 -1.01611959791762e-12
 3.18328581116261e+05 -1.42773578742261e-14 -1.01611959791762e-12
 3.22462718533355e+05 -2.91107015258103e-14 -1.01611959791762e-12
 3.26596855950449e+05  6.11419757447468e-14 -1.01611959791762e-12
 3.30730993367544e+05 -4.60592885999500e-14 -1.01611959791762e-12
 3.34865130784638e+05  2.45070405460920e-15 -1.01611959791762e-12
 3.38999268201732e+05 -1.12660952386140e-13 -1.01611959791762e-12
 3.43133405618827e+05  2.12431951784838e-14 -1.01611959791762e-12
 3.47267543035921e+05  4.27626587003906e-14 -1.01611959791762e-12
 3.51401680453015e+05  7.48080312153077e-14 -1.01611959791762e-12
 3.55535817870110e+05 -6.09450994889584e-14 -1.01611959791762e-12
 3.59669955287204e+05 -4.46318179134170e-14 -1.01611959791762e-12
 3.63804092704298e+05  4.12588307616787e-14 -1.01611959791762e-12
 3.67938230121393e+05  1.23076530923477e-13 -1.01611959791762e-12
 3.72072367538487e+05 -4.81296377938993e-14 -1.01611959791762e-12
 3.76206504955581e+05 -2.74794791956049e-14 -1.01611959791762e-12
 3.80340642372676e+05 -4.48196328582574e-14 -1.01611959791762e-12
 3.84474779789770e+05  2.47038389847594e-14 -1.01611959791762e-12
 3.88608917206864e+05 -7.17793270433270e-14 -1.01611959791762e-12
 3.92743054623959e+05 -5.11710494920147e-14 -1.01611959791762e-12
 3.96877192041053e+05  1.70512514616074e-14 -1.01611959791762e-12
 4.01011329458147e+05 -5.35555691326137e-14 -1.01611959791762e-12
 4.05145466875241e+05  3.76366166772149e-14 -1.01611959791762e-12
 4.09279604292336e+05  5.70996877013556e-15 -1.01611959791762e-12
 4.13413741709430e+05 -1.72696916657729e-14 -1.01611959791762e-12
 4.17547879126524e+05  5.98181709392519e-14 -1.01611959791762e-12
 4.21682016543619e+05 -7.94343851707542e-14 -1.01611959791762e-12
 4.25816153960713e+05  2.25927717828553e-14 -1.01611959791762e-12
 4.29950291377807e+05 -5.98647856629325e-14 -1.01611959791762e-12
 4.34084428794902e+05  6.22645199119744e-14 -1.01611959791762e-12
 4.38218566211996e+05 -5.50435970646215e-14 -1.01611959791762e-12
 4.42352703629090e+05 -3.73034131926508e-14 -1.01611959791762e-12
 4.46486841046185e+05 -5.77386138752248e-14 -1.01611959791762e-12
 4.50620978463279e+05 -8.06705046405273e-14 -1.01611959791762e-12
 4.54755115880373e+05  5.53892625234205e-15 -1.01611959791762e-12
 4.58889253297468e+05 -1.10868291577639e-13 -1.01611959791762e-12
 4.63023390714562e+05 -7.98092696325589e-16 -1.01611959791762e-12
 4.67157528131656e+05  1.49745957692602e-14 -1.01611959791762e-12
 4.71291665548751e+05 -5.28111129689225e-14 -1.01611959791762e-12
 4.75425802965845e+05  3.22525132664992e-14 -1.01611959791762e-12
 4.79559940382939e+05  6.04872383763383e-14 -1.01611959791762e-12
 4.83694077800033e+05  1.76484613106649e-14 -1.01611959791762e-12
 4.87828215217128e+05  3.61238850413160e-14 -1.01611959791762e-12
 4.91962352634222e+05 -5.24145080012034e-14 -1.01611959791762e-12
 4.96096490051316e+05  2.02989029774857e-14 -1.01611959791762e-12
 5.00230627468411e+05 -1.64736682037894e-14 -1.01611959791762e-12
 5.04364764885505e+05 -2.76000955011738e-14 -1.01611959791762e-12
 5.08498902302599e+05 -3.63017166283138e-14 -1.01611959791762e-12
 5.12633039719694e+05 -4.29749259212700e-14 -1.01611959791762e-12
 5.16767177136788e+05  4.60585991483506e-14 -1.01611959791762e-12
 5.20901314553882e+05 -2.38749765616586e-14 -1.01611959791762e-12
 5.25035451970977e+05 -1.78652061699355e-15 -1.01611959791762e-12
 5.29169589388071e+05 -4.63781660843912e-14 -1.01611959791762e-12
 5.33303726805165e+05  3.09887754251956e-14 -1.01611959791762e-12
 5.37437864222260e+05  5.99315657495684e-15 -1.01611959791762e-12
 5.41572001639354e+05  1.13180249695417e-14 -1.01611959791762e-12
 5.45706139056448e+05  3.22167688543817e-14 -1.01611959791762e-12
 5.49840276473543e+05 -2.36391258004760e-14 -1.01611959791762e-12
 5.53974413890637e+05 -2.77565119354573e-14 -1.01611959791762e-12
 5.58108551307731e+05 -3.14506035625825e-14 -1.01611959791762e-12
 5.62242688724826e+05 -1.80256876802216e-16 -1.01611959791762e-12
 5.66376826141920e+05  8.06277030843124e-14 -1.01611959791762e-12
 5.70510963559014e+05  7.73406859919188e-15 -1.01611959791762e-12
 5.74645100976108e+05  2.58302378802581e-14 -1.01611959791762e-12
 5.78779238393203e+05 -3.86544471484459e-14 -1.01611959791762e-12
 5.82913375810297e+05 -1.37229911346190e-14 -1.01611959791762e-12
 5.87047513227391e+05  3.91531077523815e-15 -1.01611959791762e-12
 5.91181650644486e+05 -2.55256151808607e-14 -1.01611959791762e-12
 5.95315788061580e+05 -5.58479547575527e-15 -1.01611959791762e-12
 5.99449925478674e+05 -2.49807166890587e-14 -1.01611959791762e-12
 6.03584062895769e+05  4.88069026425107e-14 -1.01611959791762e-12
 6.07718200312863e+05  6.02129649128863e-14 -1.01611959791762e-12
 6.11852337729957e+05 -4.34801520065379e-14 -1.01611959791762e-12
 6.15986475147052e+05  3.73009883518500e-14 -1.01611959791762e-12
 6.20120612564146e+05  2.27267765327156e-14 -1.01611959791762e-12
 6.24254749981240e+05  3.43395194452918e-14 -1.01611959791762e-12
 6.28388887398335e+05  7.39322026845313e-14 -1.01611959791762e-12
 6.32523024815429e+05  7.21217125262715e-15 -1.01611959791762e-12
 6.36657162232523e+05 -1.27018766751782e-14 -1.01611959791762e-12
 6.40791299649618e+05 -4.98430820951980e-14 -1.01611959791762e-12
 6.44925437066712e+05  1.94983781510254e-14 -1.01611959791762e-12
 6.49059574483806e+05 -1.73017853833505e-14 -1.01611959791762e-12
 6.53193711900900e+05  4.18674406803537e-14 -1.01611959791762e-12
 6.57327849317995e+05 -5.16919299063254e-14 -1.01611959791762e-12
 6.61461986735089e+05  3.80614614567196e-14 -1.01611959791762e-12
 6.65596124152183e+05  2.88314752422628e-14 -1.01611959791762e-12
 6.69730261569278e+05  1.79032621382363e-14 -1.01611959791762e-12
 6.73864398986372e+05 -2.27993385642986e-14 -1.01611959791762e-12
 6.77998536403466e+05  4.38596222097008e-14 -1.01611959791762e-12
 6.82132673820561e+05 -2.89213398098319e-14 -1.01611959791762e-12
 6.86266811237655e+05  8.20722347872099e-14 -1.01611959791762e-12
 6.90400948654749e+05  4.06554625255512e-14 -1.01611959791762e-12
 6.94535086071844e+05  1.30767355245584e-14 -1.01611959791762e-12
 6.98669223488938e+05 -5.41053890040622e-14 -1.01611959791762e-12
 7.02803360906032e+05 -4.34801270110508e-14 -1.01611959791762e-12
 7.06937498323127e+05 -3.19617618950002e-14 -1.01611959791762e-12
 7.11071635740221e+05 -2.35835011040633e-14 -1.01611959791762e-12
 7.15205773157315e+05 -6.63287434769035e-14 -1.01611959791762e-12
 7.19339910574410e+05  3.60541797120050e-14 -1.01611959791762e-12
 7.23474047991504e+05 -1.99457176810263e-15 -1.01611959791762e-12
 7.27608185408598e+05  9.28488368353965e-14 -1.01611959791762e-12
 7.31742322825692e+05 -3.28104392025428e-14 -1.01611959791762e-12
 7.35876460242787e+05  1.26781599807551e-14 -1.01611959791762e-12
 7.40010597659881e+05 -2.54955001027824e-14 -1.01611959791762e-12
 7.44144735076975e+05  4.68987495028364e-14 -1.01611959791762e-12
 7.48278872494070e+05  1.90149732509205e-14 -1.01611959791762e-12
 7.52413009911164e+05 -2.12223280337841e-14 -1.01611959791762e-12
 7.56547147328258e+05 -5.18821637027445e-14 -1.01611959791762e-12
 7.60681284745353e+05 -4.98211676854015e-14 -1.01611959791762e-12
 7.64815422162447e+05 -5.65776667070747e-14 -1.01611959791762e-12
 7.68949559579541e+05 -8.67311540103547e-15 -1.01611959791762e-12
 7.73083696996636e+05 -4.56220969746706e-14 -1.01611959791762e-12
 7.77217834413730e+05  3.97377302915548e-14 -1.01611959791762e-12
 7.81351971830824e+05 -5.30605588791192e-14 -1.01611959791762e-12
 7.85486109247919e+05 -1.76157235069328e-14 -1.01611959791762e-12
 7.89620246665013e+05 -5.02613756473316e-14 -1.01611959791762e-12
 7.93754384082107e+05 -7.34455478525689e-14 -1.01611959791762e-12
 7.97888521499202e+05 -1.92808723730336e-14 -1.01611959791762e-12
 8.02022658916296e+05 -4.31754095546990e-14 -1.01611959791762e-12
 8.06156796333390e+05  1.01316836941694e-15 -1.01611959791762e-12
 8.10290933750484e+05  2.60019964829708e-14 -1.01611959791762e-12
 8.14425071167579e+05 -1.25235495360736e-14 -1.01611959791762e-12
 8.18559208584673e+05  8.09340902337415e-14 -1.01611959791762e-12
 8.22693346001767e+05 -3.33462067704732e-14 -1.01611959791762e-12
 8.26827483418862e+05  5.25820533151493e-14 -1.01611959791762e-12
 8.30961620835956e+05 -2.98913181705936e-14 -1.01611959791762e-12
 8.35095758253050e+05 -2.63295135295022e-14 -1.01611959791762e-12
 8.39229895670145e+05 -2.38698760206294e-15 -1.01611959791762e-12
 8.43364033087239e+05 -6.49358140856369e-15 -1.01611959791762e-12
 8.47498170504333e+05 -2.45575958352623e-14 -1.01611959791762e-12
 8.51632307921428e+05 -2.15500927482178e-14 -1.01611959791762e-12
 8.55766445338522e+05  4.73001415649038e-15 -1.01611959791762e-12
 8.59900582755616e+05 -2.31025863035641e-15 -1.01611959791762e-12
 8.64034720172711e+05 -1.36630666469677e-14 -1.01611959791762e-12
 8.68168857589805e+05 -4.30954084852580e-14 -1.01611959791762e-12
 8.72302995006899e+05 -4.07368930308724e-14 -1.01611959791762e-12
 8.76437132423994e+05 -2.41884336861454e-14 -1.01611959791762e-12
 8.80571269841088e+05  4.62675583994893e-14 -1.01611959791762e-12
 8.84705407258182e+05 -2.05884971116044e-14 -1.01611959791762e-12
 8.88839544675276e+05  3.35428583190246e-14 -1.01611959791762e-12
 8.92973682092371e+05 -1.58471121715057e-16 -1.01611959791762e-12
 8.97107819509465e+05 -1.81277277252744e-14 -1.01611959791762e-12
 9.01241956926559e+05  1.52209296816256e-14 -1.01611959791762e-12
 9.05376094343654e+05  1.68515125776262e-14 -1.01611959791762e-12
 9.09510231760748e+05  1.75434942827376e-14 -1.01611959791762e-12
 9.13644369177842e+05 -4.08126288224703e-14 -1.01611959791762e-12
 9.17778506594937e+05 -1.42744204038992e-14 -1.01611959791762e-12
 9.21912644012031e+05  5.36812678728973e-14 -1.01611959791762e-12
 9.26046781429125e+05  5.75240122533021e-14 -1.01611959791762e-12
 9.30180918846220e+05  1.00994829542804e-13 -1.01611959791762e-12
 9.34315056263314e+05  1.82436163375816e-14 -1.01611959791762e-12
 9.38449193680408e+05  1.39330897486917e-13 -1.01611959791762e-12
 9.42583331097503e+05  4.29831774021016e-14 -1.01611959791762e-12
 9.46717468514597e+05  4.37760925036155e-14 -1.01611959791762e-12
 9.50851605931691e+05 -3.60615315124669e-14 -1.01611959791762e-12
 9.54985743348786e+05 -1.06151253399311e-13 -1.01611959791762e-12
 9.59119880765880e+05 -1.38376624594822e-14 -1.01611959791762e-12
 9.63254018182974e+05 -8.28947761744580e-15 -1.01611959791762e-12
 9.67388155600069e+05 -3.68071796563308e-14 -1.01611959791762e-12
 9.71522293017163e+05 -2.49110971215794e-14 -1.01611959791762e-12
 9.75656430434257e+05  2.02000434863787e-14 -1.01611959791762e-12
 9.79790567851351e+05  3.97342387755342e-14 -1.01611959791762e-12
 9.83924705268446e+05  5.19493714307926e-14 -1.01611959791762e-12
 9.88058842685540e+05  5.65276250977694e-14 -1.01611959791762e-12
 9.92192980102634e+05  4.21154293096611e-14 -1.01611959791762e-12
 9.96327117519729e+05 -3.02446881786372e-14 -1.01611959791762e-12
 1.00046125493682e+06 -2.45632316002820e-14 -1.01611959791762e-12
 1.00459539235392e+06 -8.03570782043344e-15 -1.01611959791762e-12
 1.00872952977101e+06  3.15818478439242e-14 -1.01611959791762e-12
 1.01286366718811e+06  1.88477771000580e-14 -1.01611959791762e-12
 1.01699780460520e+06  4.37908714666395e-14 -1.01611959791762e-12
 1.02113194202229e+06  7.69028458737525e-14 -1.01611959791762e-12
 1.02526607943939e+06  4.49403682930730e-14 -1.01611959791762e-12
 1.02940021685648e+06  4.16285283731035e-14 -1.01611959791762e-12
 1.03353435427358e+06  3.31994057079097e-16 -1.01611959791762e-12
 1.03766849169067e+06 -4.52049121901215e-14 -1.01611959791762e-12
 1.04180262910777e+06  1.46544713104155e-14 -1.01611959791762e-12
 1.04593676652486e+06 -3.56578385467401e-14 -1.01611959791762e-12
 1.05007090394195e+06  5.59589859663351e-14 -1.01611959791762e-12
 1.05420504135905e+06  3.12209767130392e-14 -1.01611959791762e-12
 1.05833917877614e+06  5.89038498167849e-14 -1.01611959791762e-12
 1.06247331619324e+06  6.61755005541567e-14 -1.01611959791762e-12
 1.06660745361033e+06  5.14209075073326e-14 -1.01611959791762e-12
 1.07074159102743e+06 -9.91298392987370e-15 -1.01611959791762e-12
 1.07487572844452e+06 -1.56614197255424e-15 -1.01611959791762e-12
 1.07900986586161e+06  7.74047441838152e-15 -1.01611959791762e-12
 1.08314400327871e+06  3.62937514943833e-14 -1.01611959791762e-12
 1.08727814069580e+06 -4.41364006791694e-14 -1.01611959791762e-12
 1.09141227811290e+06  1.65753675865998e-14 -1.01611959791762e-12
 1.09554641552999e+06 -4.97437947145827e-14 -1.01611959791762e-12
 1.09968055294709e+06  2.19125285738161e-14 -1.01611959791762e-12
 1.10381469036418e+06 -2.13141001819845e-14 -1.01611959791762e-12
 1.10794882778128e+06 -6.21184965283247e-15 -1.01611959791762e-12
 1.11208296519837e+06  1.03626283308816e-14 -1.01611959791762e-12
 1.11621710261546e+06 -7.80076946614718e-14 -1.01611959791762e-12
 1.12035124003256e+06 -1.30566717760701e-15 -1.01611959791762e-12
 1.12448537744965e+06 -1.22013359433377e-14 -1.01611959791762e-12
 1.12861951486675e+06 -5.36460119650745e-14 -1.01611959791762e-12
 1.13275365228384e+06  7.91202640664125e-14 -1.01611959791762e-12
 1.13688778970094e+06 -2.97295270102425e-15 -1.01611959791762e-12
 1.14102192711803e+06  1.43697345191381e-13 -1.01611959791762e-12
 1.14515606453512e+06 -7.68417164643426e-14 -1.01611959791762e-12
 1.14929020195222e+06  4.47415949172380e-14 -1.01611959791762e-12
 1.15342433936931e+06 -2.83808115313025e-14 -1.01611959791762e-12
 1.15755847678641e+06 -1.33712632242801e-14 -1.01611959791762e-12
 1.16169261420350e+06  1.41081234190114e-14 -1.01611959791762e-12
 1.16582675162060e+06 -6.63398193720261e-14 -1.01611959791762e-12
 1.16996088903769e+06  2.47106603489813e-14 -1.01611959791762e-12
 1.17409502645478e+06 -1.13352818837114e-14 -1.01611959791762e-12
 1.17822916387188e+06  4.38929636345150e-14 -1.01611959791762e-12
 1.18236330128897e+06  1.63580232771679e-14 -1.01611959791762e-12
 1.18649743870607e+06  4.41506037978927e-14 -1.01611959791762e-12
 1.19063157612316e+06  3.31856842622597e-15 -1.01611959791762e-12
 1.19476571354026e+06 -4.61289628857352e-14 -1.01611959791762e-12
 1.19889985095735e+06 -4.27025369254209e-14 -1.01611959791762e-12
 1.20303398837444e+06 -4.50285825446133e-14 -1.01611959791762e-12
 1.20716812579154e+06 -8.94786106178742e-14 -1.01611959791762e-12
 1.21130226320863e+06 -4.85074092874236e-14 -1.01611959791762e-12
 1.21543640062573e+06 -8.49851937009654e-15 -1.01611959791762e-12
 1.21957053804282e+06 -2.05765345796513e-14 -1.01611959791762e-12
 1.22370467545992e+06 -2.20893065912242e-14 -1.01611959791762e-12
 1.22783881287701e+06 -8.52754689219023e-15 -1.01611959791762e-12
 1.23197295029410e+06 -5.87196206664386e-14 -1.01611959791762e-12
 1.23610708771120e+06 -2.17198496505702e-14 -1.01611959791762e-12
 1.24024122512829e+06 -1.50024186731402e-14 -1.01611959791762e-12
 1.24437536254539e+06  1.85483112950293e-14 -1.01611959791762e-12
 1.24850949996248e+06 -3.03838670664539e-14 -1.01611959791762e-12
 1.25264363737958e+06 -2.25763390078539e-14 -1.01611959791762e-12
 1.25677777479667e+06  2.40329164842534e-15 -1.01611959791762e-12
 1.26091191221376e+06  3.33285333624931e-15 -1.01611959791762e-12
 1.26504604963086e+06  3.40736407208959e-14 -1.01611959791762e-12
 1.26918018704795e+06 -4.50044522599213e-14 -1.01611959791762e-12
 1.27331432446505e+06 -7.59474694818652e-15 -1.01611959791762e-12
 1.27744846188214e+06  4.73117815897536e-15 -1.01611959791762e-12
 1.28158259929924e+06 -1.86238463846109e-14 -1.01611959791762e-12
 1.28571673671633e+06 -4.99274338705382e-14 -1.01611959791762e-12
 1.28985087413343e+06 -8.50831048151692e-14 -1.01611959791762e-12
 1.29398501155052e+06 -2.00932562876983e-14 -1.01611959791762e-12
 1.29811914896761e+06 -4.82074093377849e-14 -1.01611959791762e-12
 1.30225328638471e+06 -2.40758154243581e-14 -1.01611959791762e-12
 1.30638742380180e+06  5.28033028852494e-16 -1.01611959791762e-12
 1.31052156121890e+06 -3.77453802614210e-15 -1.01611959791762e-12
 1.31465569863599e+06  2.27485059458899e-14 -1.01611959791762e-12
 1.31878983605309e+06 -5.31293266171927e-14 -1.01611959791762e-12
 1.32292397347018e+06  1.14888529662610e-14 -1.01611959791762e-12
 1.32705811088727e+06 -1.15147924385775e-14 -1.01611959791762e-12
 1.33119224830437e+06  1.85618717073119e-14 -1.01611959791762e-12
 1.33532638572146e+06 -6.20976032826798e-14 -1.01611959791762e-12
 1.33946052313856e+06  3.00160099145330e-14 -1.01611959791762e-12
 1.34359466055565e+06 -5.13561777027132e-14 -1.01611959791762e-12
 1.34772879797275e+06 -4.68765932713730e-15 -1.01611959791762e-12
 1.35186293538984e+06 -1.77707816737985e-14 -1.01611959791762e-12
 1.35599707280693e+06 -4.14685901076191e-14 -1.01611959791762e-12
 1.36013121022403e+06  4.22299705480027e-14 -1.01611959791762e-12
 1.36426534764112e+06 -2.37552092871766e-14 -1.01611959791762e-12
 1.36839948505822e+06  3.45474715090020e-16 -1.01611959791762e-12
 1.37253362247531e+06  6.12057502006412e-15 -1.01611959791762e-12
 1.37666775989241e+06 -2.30948849270414e-14 -1.01611959791762e-12
 1.38080189730950e+06  4.68313986046798e-14 -1.01611959791762e-12
 1.38493603472659e+06 -5.66155476642388e-14 -1.01611959791762e-12
 1.38907017214369e+06  5.83398135811277e-14 -1.01611959791762e-12
 1.39320430956078e+06 -1.73539907017807e-14 -1.01611959791762e-12
 1.39733844697788e+06  1.12580233834759e-14 -1.01611959791762e-12
 1.40147258439497e+06 -2.42608366014077e-14 -1.01611959791762e-12
 1.40560672181207e+06  2.45518578079013e-15 -1.01611959791762e-12
 1.40974085922916e+06  2.89090933228119e-14 -1.01611959791762e-12
 1.41387499664625e+06  1.03903373609639e-14 -1.01611959791762e-12
 1.41800913406335e+06 -4.70484049684004e-14 -1.01611959791762e-12
 1.42214327148044e+06  4.93873993544158e-14 -1.01611959791762e-12
 1.42627740889754e+06 -7.28426219414920e-14 -1.01611959791762e-12
 1.43041154631463e+06  9.18754004021882e-14 -1.01611959791762e-12
 1.43454568373173e+06 -3.59150742621922e-14 -1.01611959791762e-12
 1.43867982114882e+06  6.51569062070250e-14 -1.01611959791762e-12
 1.44281395856591e+06  7.02202127615141e-14 -1.01611959791762e-12
 1.44694809598301e+06 -3.51895299636347e-14 -1.01611959791762e-12
 1.45108223340010e+06  4.29668904862059e-15 -1.01611959791762e-12
 1.45521637081720e+06 -1.31029985369215e-15 -1.01611959791762e-12
 1.45935050823429e+06  5.38099324667425e-14 -1.01611959791762e-12
 1.46348464565139e+06  2.54568421982653e-15 -1.01611959791762e-12
 1.46761878306848e+06 -1.52818186335263e-14 -1.01611959791762e-12
 1.47175292048557e+06  1.93078413457934e-16 -1.01611959791762e-12
 1.47588705790267e+06  2.37441190757488e-14 -1.01611959791762e-12
 1.48002119531976e+06  3.13086096989697e-14 -1.01611959791762e-12
 1.48415533273686e+06  4.47702791662331e-15 -1.01611959791762e-12
 1.48828947015395e+06  4.20551831622330e-15 -1.01611959791762e-12
 1.49242360757105e+06  4.44987129742572e-14 -1.01611959791762e-12
 1.49655774498814e+06  2.61980820871323e-14 -1.01611959791762e-12
 1.50069188240524e+06 -5.21930426285586e-14 -1.01611959791762e-12
 1.50482601982233e+06  4.07960822235228e-14 -1.01611959791762e-12
 1.50896015723942e+06 -3.16759639166035e-14 -1.01611959791762e-12
 1.51309429465652e+06  9.24158888011164e-14 -1.01611959791762e-12
 1.51722843207361e+06 -1.58078084430126e-14 -1.01611959791762e-12
 1.52136256949071e+06  3.39277441092027e-14 -1.01611959791762e-12
 1.52549670690780e+06  3.66565280758398e-14 -1.01611959791762e-12
 1.52963084432490e+06 -2.76349123893184e-14 -1.01611959791762e-12
 1.53376498174199e+06  3.55479692074549e-15 -1.01611959791762e-12
 1.53789911915908e+06 -5.38142005758314e-14 -1.01611959791762e-12
 1.54203325657618e+06  6.22411843995873e-14 -1.01611959791762e-12
 1.54616739399327e+06 -2.74609950893936e-14 -1.01611959791762e-12
 1.55030153141037e+06 -1.77794985854671e-14 -1.01611959791762e-12
 1.55443566882746e+06 -1.46323876925463e-14 -1.01611959791762e-12
 1.55856980624456e+06  1.10144827369661e-14 -1.01611959791762e-12
 1.56270394366165e+06  8.89922628451136e-14 -1.01611959791762e-12
 1.56683808107874e+06 -3.10327932689951e-14 -1.01611959791762e-12
 1.57097221849584e+06  1.00520957888867e-13 -1.01611959791762e-12
 1.57510635591293e+06  8.19015461047554e-14 -1.01611959791762e-12
 1.57924049333003e+06  3.13803681053607e-14 -1.01611959791762e-12
 1.58337463074712e+06  5.92701376340792e-14 -1.01611959791762e-12
 1.58750876816422e+06 -1.81802919787284e-14 -1.01611959791762e-12
 1.59164290558131e+06 -1.44327162510747e-15 -1.01611959791762e-12
 1.59577704299840e+06 -2.56491795471179e-14 -1.01611959791762e-12
 1.59991118041550e+06 -4.40005434280959e-14 -1.01611959791762e-12
 1.60404531783259e+06  2.36576514067953e-14 -1.01611959791762e-12
 1.60817945524969e+06 -1.55775937759149e-14 -1.01611959791762e-12
 1.61231359266678e+06  5.72704655868931e-14 -1.01611959791762e-12
 1.61644773008388e+06 -3.33883094824264e-14 -1.01611959791762e-12
 1.62058186750097e+06  3.70234576628705e-14 -1.01611959791762e-12
 1.62471600491806e+06 -1.44084070791329e-14 -1.01611959791762e-12
 1.62885014233516e+06 -5.19129381931374e-14 -1.01611959791762e-12
 1.63298427975225e+06  3.84697082957348e-14 -1.01611959791762e-12
 1.63711841716935e+06 -1.83621496362541e-14 -1.01611959791762e-12
 1.64125255458644e+06  1.13595514071441e-14 -1.01611959791762e-12
 1.64538669200354e+06  2.81262414439336e-14 -1.01611959791762e-12
 1.64952082942063e+06 -3.66207189273893e-14 -1.01611959791762e-12
 1.65365496683772e+06  4.38244801804202e-14 -1.01611959791762e-12
 1.65778910425482e+06 -3.53071503374241e-14 -1.01611959791762e-12
 1.66192324167191e+06 -3.62023352848471e-15 -1.01611959791762e-12
 1.66605737908901e+06  1.61224040887293e-14 -1.01611959791762e-12
 1.67019151650610e+06 -2.10621189152768e-14 -1.01611959791762e-12
 1.67432565392320e+06 -9.09524330791412e-15 -1.01611959791762e-12
 1.67845979134029e+06 -2.38730156659286e-14 -1.01611959791762e-12
 1.68259392875739e+06 -4.74878976149978e-14 -1.01611959791762e-12
 1.68672806617448e+06  5.75888080476358e-14 -1.01611959791762e-12
 1.69086220359157e+06 -1.88402276660875e-14 -1.01611959791762e-12
 1.69499634100867e+06  9.17280983010674e-14 -1.01611959791762e-12
 1.69913047842576e+06 -3.00720748307569e-14 -1.01611959791762e-12
 1.70326461584286e+06  4.75714076207532e-14 -1.01611959791762e-12
 1.70739875325995e+06 -7.77910780292603e-14 -1.01611959791762e-12
 1.71153289067705e+06 -1.10940477434052e-14 -1.01611959791762e-12
 1.71566702809414e+06 -2.28776909158021e-14 -1.01611959791762e-12
 1.71980116551123e+06 -1.90028666526958e-14 -1.01611959791762e-12
 1.72393530292833e+06 -5.50568432381771e-14 -1.01611959791762e-12
 1.72806944034542e+06 -5.02950293393750e-15 -1.01611959791762e-12
 1.73220357776252e+06 -2.57313172530461e-14 -1.01611959791762e-12
 1.73633771517961e+06  3.31431247996447e-14 -1.01611959791762e-12
 1.74047185259671e+06 -3.49293382880295e-14 -1.01611959791762e-12
 1.74460599001380e+06  2.50408133111292e-14 -1.01611959791762e-12
 1.74874012743089e+06 -4.64825707643802e-14 -1.01611959791762e-12
 1.75287426484799e+06  3.52768221856322e-14 -1.01611959791762e-12
 1.75700840226508e+06 -6.69789318910035e-14 -1.01611959791762e-12
 1.76114253968218e+06 -3.20616781519339e-14 -1.01611959791762e-12
 1.76527667709927e+06  2.18680564817476e-16 -1.01611959791762e-12
 1.76941081451637e+06  5.59428103868851e-14 -1.01611959791762e-12
 1.77354495193346e+06 -1.04716799527962e-15 -1.01611959791762e-12
 1.77767908935055e+06  5.94990586089887e-14 -1.01611959791762e-12
 1.78181322676765e+06  1.82512476735134e-15 -1.01611959791762e-12
 1.78594736418474e+06  3.28142444397885e-14 -1.01611959791762e-12
 1.79008150160184e+06 -5.05523456973367e-14 -1.01611959791762e-12
 1.79421563901893e+06 -4.46078971244911e-14 -1.01611959791762e-12
 1.79834977643603e+06 -2.77579866564016e-14 -1.01611959791762e-12
 1.80248391385312e+06 -3.35613206344860e-14 -1.01611959791762e-12
 1.80661805127021e+06 -4.08839919486130e-14 -1.01611959791762e-12
 1.81075218868731e+06  9.75801559193922e-15 -1.01611959791762e-12
 1.81488632610440e+06  1.51997511393854e-14 -1.01611959791762e-12
 1.81902046352150e+06 -1.02193908521683e-14 -1.01611959791762e-12
 1.82315460093859e+06  2.23982949341617e-14 -1.01611959791762e-12
 1.82728873835569e+06 -4.62440969064871e-14 -1.01611959791762e-12
 1.83142287577278e+06 -1.41952033425809e-14 -1.01611959791762e-12
 1.83555701318987e+06 -6.55261163061858e-15 -1.01611959791762e-12
 1.83969115060697e+06 -6.39299265266075e-14 -1.01611959791762e-12
 1.84382528802406e+06  5.75848843231976e-14 -1.01611959791762e-12
 1.84795942544116e+06 -5.49543859086045e-14 -1.01611959791762e-12
 1.85209356285825e+06  1.24594002056767e-14 -1.01611959791762e-12
 1.85622770027535e+06 -3.60202802188494e-14 -1.01611959791762e-12
 1.86036183769244e+06 -9.93774939433729e-15 -1.01611959791762e-12
 1.86449597510954e+06  1.21125158816621e-14 -1.01611959791762e-12
 1.86863011252663e+06 -1.57738635679930e-14 -1.01611959791762e-12
 1.87276424994372e+06 -3.68371458569137e-14 -1.01611959791762e-12
 1.87689838736082e+06 -2.01791250848581e-14 -1.01611959791762e-12
 1.88103252477791e+06  2.50034364970124e-14 -1.01611959791762e-12
 1.88516666219501e+06  3.02120721024375e-14 -1.01611959791762e-12
 1.88930079961210e+06 -3.23049194583416e-14 -1.01611959791762e-12
 1.89343493702920e+06  7.18286548702739e-14 -1.01611959791762e-12
 1.89756907444629e+06  4.25087885042531e-14 -1.01611959791762e-12
 1.90170321186338e+06  7.56188530666138e-14 -1.01611959791762e-12
 1.90583734928048e+06 -2.78759173482459e-15 -1.01611959791762e-12
 1.90997148669757e+06 -4.28019636762266e-14 -1.01611959791762e-12
 1.91410562411467e+06  9.58254048244045e-15 -1.01611959791762e-12
 1.91823976153176e+06 -1.87085462397716e-14 -1.01611959791762e-12
 1.92237389894886e+06 -1.93072650264900e-14 -1.01611959791762e-12
 1.92650803636595e+06  9.83384702965325e-15 -1.01611959791762e-12
 1.93064217378304e+06  2.71112978753671e-15 -1.01611959791762e-12
 1.93477631120014e+06  7.58115479486027e-14 -1.01611959791762e-12
 1.93891044861723e+06 -2.12578516453335e-14 -1.01611959791762e-12
 1.94304458603433e+06  5.48458069276982e-14 -1.01611959791762e-12
 1.94717872345142e+06 -1.49720862425282e-14 -1.01611959791762e-12
 1.95131286086852e+06  1.48603867060326e-14 -1.01611959791762e-12
 1.95544699828561e+06 -3.75829835330067e-15 -1.01611959791762e-12
 1.95958113570270e+06 -4.13665181354890e-14 -1.01611959791762e-12
 1.96371527311980e+06  1.21654560770439e-14 -1.01611959791762e-12
 1.96784941053689e+06  1.21324353028864e-14 -1.01611959791762e-12
 1.97198354795399e+06 -2.98100293556158e-14 -1.01611959791762e-12
 1.97611768537108e+06  1.69728556147868e-14 -1.01611959791762e-12
 1.98025182278818e+06 -2.77642042586551e-14 -1.01611959791762e-12
 1.98438596020527e+06  1.29595825954470e-14 -1.01611959791762e-12
 1.98852009762236e+06 -9.97625536341299e-15 -1.01611959791762e-12
 1.99265423503946e+06 -1.54729383232911e-14 -1.01611959791762e-12
 1.99678837245655e+06  4.12068005620366e-14 -1.01611959791762e-12
 2.00092250987365e+06 -5.41687065258158e-14 -1.01611959791762e-12
 2.00505664729074e+06  1.18510759135018e-14 -1.01611959791762e-12
 2.00919078470784e+06  2.38864305633471e-14 -1.01611959791762e-12
 2.01332492212493e+06  5.11460227525201e-14 -1.01611959791762e-12
 2.01745905954202e+06  4.89712791102140e-14 -1.01611959791762e-12
 2.02159319695912e+06  2.50301658036205e-14 -1.01611959791762e-12
 2.02572733437621e+06  7.48758243590659e-14 -1.01611959791762e-12
 2.02986147179331e+06  4.90202703872681e-14 -1.01611959791762e-12
 2.03399560921040e+06  2.28670428761027e-14 -1.01611959791762e-12
 2.03812974662750e+06 -1.04651583796515e-14 -1.01611959791762e-12
 2.04226388404459e+06 -1.77698192477399e-14 -1.01611959791762e-12
 2.04639802146168e+06 -1.00229101894372e-14 -1.01611959791762e-12
 2.05053215887878e+06 -7.43756454169211e-15 -1.01611959791762e-12
 2.05466629629587e+06 -4.79048897100646e-15 -1.01611959791762e-12
 2.05880043371297e+06 -7.30391416095205e-14 -1.01611959791762e-12
 2.06293457113006e+06 -3.73612728293955e-14 -1.01611959791762e-12
 2.06706870854716e+06 -4.96012916730732e-14 -1.01611959791762e-12
 2.07120284596425e+06 -4.64444446461326e-14 -1.01611959791762e-12
 2.07533698338135e+06 -3.04220344515190e-14 -1.01611959791762e-12
 2.07947112079844e+06 -1.91061632983684e-14 -1.01611959791762e-12
 2.08360525821553e+06 -2.94945300351561e-14 -1.01611959791762e-12
 2.08773939563263e+06  4.62053442071379e-15 -1.01611959791762e-12
 2.09187353304972e+06  1.68814112359936e-14 -1.01611959791762e-12
 2.09600767046682e+06  6.30249299689946e-15 -1.01611959791762e-12
 2.10014180788391e+06 -3.84374061929160e-14 -1.01611959791762e-12
 2.10427594530101e+06  2.21840600238495e-14 -1.01611959791762e-12
 2.10841008271810e+06 -1.92561699396492e-14 -1.01611959791762e-12
 2.11254422013519e+06 -1.25021961387393e-15 -1.01611959791762e-12
 2.11667835755229e+06  4.32686491367404e-16 -1.01611959791762e-12
 2.12081249496938e+06 -1.09530788872402e-14 -1.01611959791762e-12
 2.12494663238648e+06  3.52005151324022e-14 -1.01611959791762e-12
 2.12908076980357e+06 -5.07645394773238e-14 -1.01611959791762e-12
 2.13321490722067e+06  4.04703833602161e-14 -1.01611959791762e-12
 2.13734904463776e+06 -8.13492672737089e-15 -1.01611959791762e-12
 2.14148318205485e+06  7.77045304532770e-14 -1.01611959791762e-12
 2.14561731947195e+06  2.90483016996288e-14 -1.01611959791762e-12
 2.14975145688904e+06 -6.72330087117263e-14 -1.01611959791762e-12
 2.15388559430614e+06  1.44415651112715e-14 -1.01611959791762e-12
 2.15801973172323e+06 -6.27973435461629e-14 -1.01611959791762e-12
 2.16215386914033e+06  3.97320408725898e-14 -1.01611959791762e-12
 2.16628800655742e+06 -5.68936384503653e-14 -1.01611959791762e-12
 2.17042214397451e+06 -3.78431611710978e-14 -1.01611959791762e-12
 2.17455628139161e+06 -3.47083240435641e-14 -1.01611959791762e-12
 2.17869041880870e+06 -3.93411992603828e-14 -1.01611959791762e-12
 2.18282455622580e+06  7.51118128169391e-15 -1.01611959791762e-12
 2.18695869364289e+06 -5.99228549989721e-14 -1.01611959791762e-12
 2.19109283105999e+06 -6.19928858083321e-14 -1.01611959791762e-12
 2.19522696847708e+06  3.11376885547351e-14 -1.01611959791762e-12
 2.19936110589417e+06 -3.26861842427403e-14 -1.01611959791762e-12
 2.20349524331127e+06  4.01741015112930e-14 -1.01611959791762e-12
 2.20762938072836e+06 -2.34209408549208e-14 -1.01611959791762e-12
 2.21176351814546e+06 -6.02250032087530e-15 -1.01611959791762e-12
 2.21589765556255e+06  5.67048183945156e-14 -1.01611959791762e-12
 2.22003179297965e+06 -8.47050814316332e-15 -1.01611959791762e-12
 2.22416593039674e+06  5.70967868919338e-14 -1.01611959791762e-12
 2.22830006781383e+06  1.31479995714104e-14 -1.01611959791762e-12
 2.23243420523093e+06 -7.94922213869682e-15 -1.01611959791762e-12
 2.23656834264802e+06  3.14635281783480e-14 -1.01611959791762e-12
 2.24070248006512e+06 -3.97243463702388e-14 -1.01611959791762e-12
 2.24483661748221e+06  5.51078205784977e-15 -1.01611959791762e-12
 2.24897075489931e+06 -7.31456479620310e-14 -1.01611959791762e-12
 2.25310489231640e+06  1.28605243657351e-14 -1.01611959791762e-12
 2.25723902973349e+06  3.05300295077492e-15 -1.01611959791762e-12
 2.26137316715059e+06 -1.91919210444322e-14 -1.01611959791762e-12
 2.26550730456768e+06  4.89464662663175e-14 -1.01611959791762e-12
 2.26964144198478e+06 -2.50918544747639e-14 -1.01611959791762e-12
 2.27377557940187e+06  5.42562025571529e-14 -1.01611959791762e-12
 2.27790971681897e+06  2.32210189888303e-14 -1.01611959791762e-12
 2.28204385423606e+06  3.48861505868919e-15 -1.01611959791762e-12
 2.28617799165316e+06  6.69347402425463e-15 -1.01611959791762e-12
 2.29031212907025e+06  5.50075671856990e-15 -1.01611959791762e-12
 2.29444626648734e+06  1.66580133923140e-14 -1.01611959791762e-12
 2.29858040390444e+06  2.20465983665963e-14 -1.01611959791762e-12
 2.30271454132153e+06 -1.09765210268846e-14 -1.01611959791762e-12
 2.30684867873863e+06  4.59593496725274e-14 -1.01611959791762e-12
 2.31098281615572e+06 -3.01312103149937e-14 -1.01611959791762e-12
 2.31511695357282e+06  6.58097815269737e-14 -1.01611959791762e-12
 2.31925109098991e+06 -5.30218194603252e-14 -1.01611959791762e-12
 2.32338522840700e+06 -2.06892667291616e-14 -1.01611959791762e-12
 2.32751936582410e+06  5.67333338082487e-14 -1.01611959791762e-12
 2.33165350324119e+06  4.41270383183029e-15 -1.01611959791762e-12
 2.33578764065829e+06  6.23953205023497e-14 -1.01611959791762e-12
 2.33992177807538e+06 -2.39826242403530e-14 -1.01611959791762e-12
 2.34405591549248e+06  4.32241631006262e-14 -1.01611959791762e-12
 2.34819005290957e+06  2.08445597615392e-14 -1.01611959791762e-12
 2.35232419032666e+06  7.06746190743271e-14 -1.01611959791762e-12
 2.35645832774376e+06  4.93510401766927e-14 -1.01611959791762e-12
 2.36059246516085e+06  2.72519911065602e-15 -1.01611959791762e-12
 2.36472660257795e+06  8.22932485297770e-15 -1.01611959791762e-12
 2.36886073999504e+06  5.00786935679523e-14 -1.01611959791762e-12
 2.37299487741214e+06 -2.09812348493829e-14 -1.01611959791762e-12
 2.37712901482923e+06 -1.64019940356771e-15 -1.01611959791762e-12
 2.38126315224632e+06  2.86667651108512e-14 -1.01611959791762e-12
 2.38539728966342e+06  5.92346826593146e-14 -1.01611959791762e-12
 2.38953142708051e+06  7.02259324672229e-15 -1.01611959791762e-12
 2.39366556449761e+06  3.04206621760462e-14 -1.01611959791762e-12
 2.39779970191470e+06 -3.32451849474617e-14 -1.01611959791762e-12
 2.40193383933180e+06 -6.32119982319510e-15 -1.01611959791762e-12
 2.40606797674889e+06  2.05085612545094e-14 -1.01611959791762e-12
 2.41020211416598e+06  3.96171718631750e-14 -1.01611959791762e-12
 2.41433625158308e+06  3.26996181701656e-14 -1.01611959791762e-12
 2.41847038900017e+06  2.26242719768429e-14 -1.01611959791762e-12
 2.42260452641727e+06  1.83188072942438e-14 -1.01611959791762e-12
 2.42673866383436e+06  8.67048191136263e-14 -1.01611959791762e-12
 2.43087280125146e+06 -5.07272938802348e-14 -1.01611959791762e-12
 2.43500693866855e+06  1.62881668535951e-14 -1.01611959791762e-12
 2.43914107608564e+06 -2.48771866953904e-14 -1.01611959791762e-12
 2.44327521350274e+06  2.91352219931358e-14 -1.01611959791762e-12
 2.44740935091983e+06 -3.48420167275807e-14 -1.01611959791762e-12
 2.45154348833693e+06 -1.72226373394739e-14 -1.01611959791762e-12
 2.45567762575402e+06  9.74570365408230e-15 -1.01611959791762e-12
 2.45981176317112e+06 -3.39712876479730e-16 -1.01611959791762e-12
 2.46394590058821e+06 -4.65139448780641e-14 -1.01611959791762e-12
 2.46808003800530e+06  3.27189294339656e-14 -1.01611959791762e-12
 2.47221417542240e+06 -3.29056670675129e-14 -1.01611959791762e-12
 2.47634831283949e+06  9.22554118245159e-14 -1.01611959791762e-12
 2.48048245025659e+06  1.34334590787115e-14 -1.01611959791762e-12
 2.48461658767368e+06 -1.11732978019637e-14 -1.01611959791762e-12
 2.48875072509078e+06 -6.19719799612002e-14 -1.01611959791762e-12
 2.49288486250787e+06 -4.34774113407895e-14 -1.01611959791762e-12
 2.49701899992497e+06 -3.90997978863206e-14 -1.01611959791762e-12
 2.50115313734206e+06 -3.14816573113910e-14 -1.01611959791762e-12
 2.50528727475915e+06 -7.29849534836102e-14 -1.01611959791762e-12
 2.50942141217625e+06 -4.11662672476823e-14 -1.01611959791762e-12
 2.51355554959334e+06 -3.15163160704494e-14 -1.01611959791762e-12
 2.51768968701044e+06 -1.79081467798381e-14 -1.01611959791762e-12
 2.52182382442753e+06 -3.15344240851261e-14 -1.01611959791762e-12
 2.52595796184463e+06  5.82991774474299e-14 -1.01611959791762e-12
 2.53009209926172e+06 -2.94710374254568e-14 -1.01611959791762e-12
 2.53422623667881e+06  1.01051781921553e-13 -1.01611959791762e-12
 2.53836037409591e+06  1.60815583825944e-14 -1.01611959791762e-12
 2.54249451151300e+06  3.71026007082404e-14 -1.01611959791762e-12
 2.54662864893010e+06 -4.06930584696806e-14 -1.01611959791762e-12
 2.55076278634719e+06 -4.15891062391854e-14 -1.01611959791762e-12
 2.55489692376429e+06 -8.05125995326378e-14 -1.01611959791762e-12
 2.55903106118138e+06 -4.21551678561262e-14 -1.01611959791762e-12
 2.56316519859847e+06 -5.20515543882626e-14 -1.01611959791762e-12
 2.56729933601557e+06  3.25333019369441e-15 -1.01611959791762e-12
 2.57143347343266e+06 -5.02372724150890e-14 -1.01611959791762e-12
 2.57556761084976e+06 -1.22558754136006e-15 -1.01611959791762e-12
 2.57970174826685e+06  7.85571090323264e-15 -1.01611959791762e-12
 2.58383588568395e+06 -1.22325737379753e-14 -1.01611959791762e-12
 2.58797002310104e+06 -3.07593472935533e-14 -1.01611959791762e-12
 2.59210416051813e+06 -6.82336348874465e-14 -1.01611959791762e-12
 2.59623829793523e+06 -2.72437872512588e-14 -1.01611959791762e-12
 2.60037243535232e+06 -5.98129678229670e-14 -1.01611959791762e-12
 2.60450657276942e+06  2.27149881709632e-14 -1.01611959791762e-12
 2.60864071018651e+06  1.70039415020681e-14 -1.01611959791762e-12
 2.61277484760361e+06  7.47645852056040e-16 -1.01611959791762e-12
 2.61690898502070e+06  5.03907911214274e-15 -1.01611959791762e-12
 2.62104312243779e+06 -2.58774312539713e-14 -1.01611959791762e-12
 2.62517725985489e+06  2.76704556018134e-15 -1.01611959791762e-12
 2.62931139727198e+06 -4.37638505569085e-14 -1.01611959791762e-12
 2.63344553468908e+06 -4.61352817086565e-14 -1.01611959791762e-12
 2.63757967210617e+06 -1.66384796431865e-14 -1.01611959791762e-12
 2.64171380952327e+06 -3.15073721499734e-14 -1.01611959791762e-12
 2.64584794694036e+06 -3.52509147702746e-14 -1.01611959791762e-12
 2.64998208435745e+06  1.82717319143388e-14 -1.01611959791762e-12
 2.65411622177455e+06 -2.13005214753798e-14 -1.01611959791762e-12
 2.65825035919164e+06 -4.03876380174137e-15 -1.01611959791762e-12
 2.66238449660874e+06  1.14904132117511e-15 -1.01611959791762e-12
 2.66651863402583e+06 -2.66776302627559e-15 -1.01611959791762e-12
 2.67065277144293e+06 -2.13617661297776e-14 -1.01611959791762e-12
 2.67478690886002e+06 -5.06579639728949e-14 -1.01611959791762e-12
 2.67892104627712e+06  2.23841665018112e-14 -1.01611959791762e-12
 2.68305518369421e+06 -5.14050484835556e-14 -1.01611959791762e-12
 2.68718932111130e+06  9.40287347412121e-14 -1.01611959791762e-12
 2.69132345852840e+06  4.03497838709443e-14 -1.01611959791762e-12
 2.69545759594549e+06  2.24176522849053e-14 -1.01611959791762e-12
 2.69959173336259e+06 -3.90857122194892e-15 -1.01611959791762e-12
 2.70372587077968e+06 -3.29388743586088e-14 -1.01611959791762e-12
 2.70786000819678e+06 -3.39098682310125e-14 -1.01611959791762e-12
 2.71199414561387e+06 -5.12167592544756e-14 -1.01611959791762e-12
 2.71612828303096e+06 -2.43772310388424e-14 -1.01611959791762e-12
 2.72026242044806e+06 -1.18453954471444e-14 -1.01611959791762e-12
 2.72439655786515e+06  7.29458921740672e-14 -1.01611959791762e-12
 2.72853069528225e+06  2.71759055362324e-14 -1.01611959791762e-12
 2.73266483269934e+06  2.29480006441734e-14 -1.01611959791762e-12
 2.73679897011644e+06  7.39460176956034e-14 -1.01611959791762e-12
 2.74093310753353e+06  5.05845874906049e-14 -1.01611959791762e-12
 2.74506724495062e+06  2.53449098378130e-14 -1.01611959791762e-12
 2.74920138236772e+06 -2.66491306833638e-14 -1.01611959791762e-12
 2.75333551978481e+06 -3.35166284685877e-14 -1.01611959791762e-12
 2.75746965720191e+06 -1.11633329014835e-14 -1.01611959791762e-12
 2.76160379461900e+06 -3.84045058014697e-15 -1.01611959791762e-12
 2.76573793203610e+06 -8.61050609657233e-15 -1.01611959791762e-12
 2.76987206945319e+06 -3.95775024053829e-14 -1.01611959791762e-12
 2.77400620687028e+06  5.96750545723208e-14 -1.01611959791762e-12
 2.77814034428738e+06  6.70057565068515e-14 -1.01611959791762e-12
 2.78227448170447e+06  8.39850191373057e-14 -1.01611959791762e-12
 2.78640861912157e+06 -8.75495903413225e-15 -1.01611959791762e-12
 2.79054275653866e+06  2.50920846905552e-14 -1.01611959791762e-12
 2.79467689395576e+06  2.71508536387840e-14 -1.01611959791762e-12
 2.79881103137285e+06  6.89707262154401e-14 -1.01611959791762e-12
 2.80294516878994e+06  2.83876132430353e-14 -1.01611959791762e-12
 2.80707930620704e+06  2.95791394080158e-14 -1.01611959791762e-12
 2.81121344362413e+06  9.68242682772842e-14 -1.01611959791762e-12
 2.81534758104123e+06  8.84708498724270e-14 -1.01611959791762e-12
 2.81948171845832e+06  8.06751861325577e-15 -1.01611959791762e-12
 2.82361585587542e+06 -2.47290471822387e-14 -1.01611959791762e-12
 2.82774999329251e+06 -2.31824090355332e-14 -1.01611959791762e-12
 2.83188413070960e+06  1.49462536501999e-14 -1.01611959791762e-12
 2.83601826812670e+06 -7.23545098748618e-14 -1.01611959791762e-12
 2.84015240554379e+06  4.20881577295523e-14 -1.01611959791762e-12
 2.84428654296089e+06 -2.82075317621744e-14 -1.01611959791762e-12
 2.84842068037798e+06 -1.16879750414768e-14 -1.01611959791762e-12
 2.85255481779508e+06  1.90018563622599e-14 -1.01611959791762e-12
 2.85668895521217e+06  9.05220227384595e-15 -1.01611959791762e-12
 2.86082309262927e+06  3.44550660380447e-14 -1.01611959791762e-12
 2.86495723004636e+06  1.30547178060727e-14 -1.01611959791762e-12
 2.86909136746345e+06 -2.66688799159642e-14 -1.01611959791762e-12
 2.87322550488055e+06 -3.74043782619229e-15 -1.01611959791762e-12
 2.87735964229764e+06  3.91776056958137e-14 -1.01611959791762e-12
 2.88149377971474e+06  1.07585457769905e-14 -1.01611959791762e-12
 2.88562791713183e+06 -1.90004755260543e-14 -1.01611959791762e-12
 2.88976205454893e+06  1.01033550425137e-14 -1.01611959791762e-12
 2.89389619196602e+06  4.09532199729141e-14 -1.01611959791762e-12
 2.89803032938311e+06  6.53185179933933e-14 -1.01611959791762e-12
 2.90216446680021e+06  1.59070808309352e-14 -1.01611959791762e-12
 2.90629860421730e+06  5.88702051499226e-15 -1.01611959791762e-12
 2.91043274163440e+06  3.82091676478242e-14 -1.01611959791762e-12
 2.91456687905149e+06  2.67586376588812e-14 -1.01611959791762e-12
 2.91870101646859e+06 -9.18383446244402e-15 -1.01611959791762e-12
 2.92283515388568e+06 -1.71566819471012e-14 -1.01611959791762e-12
 2.92696929130277e+06  1.25827891504896e-14 -1.01611959791762e-12
 2.93110342871987e+06 -3.60668431831061e-14 -1.01611959791762e-12
 2.93523756613696e+06 -2.24925119074724e-14 -1.01611959791762e-12
 2.93937170355406e+06  3.90143813704593e-16 -1.01611959791762e-12
 2.94350584097115e+06 -5.31598009749454e-14 -1.01611959791762e-12
 2.94763997838825e+06 -4.35660539846195e-14 -1.01611959791762e-12
 2.95177411580534e+06 -6.90996049194577e-14 -1.01611959791762e-12
 2.95590825322243e+06 -2.90650324230998e-14 -1.01611959791762e-12
 2.96004239063953e+06 -2.77258471954502e-14 -1.01611959791762e-12
 2.96417652805662e+06  3.96430720165406e-15 -1.01611959791762e-12
 2.96831066547372e+06 -1.47071385349157e-14 -1.01611959791762e-12
 2.97244480289081e+06  1.72165280795168e-14 -1.01611959791762e-12
 2.97657894030791e+06  2.66441774338329e-15 -1.01611959791762e-12
 2.98071307772500e+06  9.62041130726828e-15 -1.01611959791762e-12
 2.98484721514209e+06  4.19800944264894e-14 -1.01611959791762e-12
 2.98898135255919e+06 -2.04656677494147e-15 -1.01611959791762e-12
 2.99311548997628e+06  5.16289297618069e-14 -1.01611959791762e-12
 2.99724962739338e+06  4.28190287592846e-14 -1.01611959791762e-12
 3.00138376481047e+06 -2.98557422097699e-14 -1.01611959791762e-12
 3.00551790222757e+06 -1.03390091969722e-14 -1.01611959791762e-12
 3.00965203964466e+06 -7.88072646098408e-15 -1.01611959791762e-12
 3.01378617706175e+06 -1.50889946029260e-14 -1.01611959791762e-12
 3.01792031447885e+06 -5.15636685062209e-14 -1.01611959791762e-12
 3.02205445189594e+06 -1.64182619083776e-14 -1.01611959791762e-12
 3.02618858931304e+06  1.13905686377630e-14 -1.01611959791762e-12
 3.03032272673013e+06 -2.14516945108940e-14 -1.01611959791762e-12
 3.03445686414723e+06 -4.04762551535163e-14 -1.01611959791762e-12
 3.03859100156432e+06 -6.20342023656976e-15 -1.01611959791762e-12
 3.04272513898141e+06 -6.53548869931352e-14 -1.01611959791762e-12
 3.04685927639851e+06 -6.38176980053424e-14 -1.01611959791762e-12
 3.05099341381560e+06 -1.50166128396787e-14 -1.01611959791762e-12
 3.05512755123270e+06 -6.30527296966252e-14 -1.01611959791762e-12
 3.05926168864979e+06  1.16924466134553e-14 -1.01611959791762e-12
 3.06339582606689e+06 -9.84866893880647e-15 -1.01611959791762e-12
 3.06752996348398e+06 -5.48534918361109e-15 -1.01611959791762e-12
 3.07166410090108e+06  8.10155903174963e-15 -1.01611959791762e-12
 3.07579823831817e+06  1.09089622548626e-14 -1.01611959791762e-12
 3.07993237573526e+06  5.00239804732815e-14 -1.01611959791762e-12
 3.08406651315236e+06 -2.67879079434370e-14 -1.01611959791762e-12
 3.08820065056945e+06 -5.29899885582596e-15 -1.01611959791762e-12
 3.09233478798655e+06  1.56801500544449e-15 -1.01611959791762e-12
 3.09646892540364e+06 -6.74202079505247e-15 -1.01611959791762e-12
 3.10060306282074e+06 -1.74647261807982e-14 -1.01611959791762e-12
 3.10473720023783e+06 -7.19144963443136e-14 -1.01611959791762e-12
 3.10887133765492e+06 -1.05089943832463e-16 -1.01611959791762e-12
 3.11300547507202e+06  7.51976770595320e-14 -1.01611959791762e-12
 3.11713961248911e+06  3.66381465845456e-14 -1.01611959791762e-12
 3.12127374990621e+06  6.99682914816305e-14 -1.01611959791762e-12
 3.12540788732330e+06 -3.06724653813698e-14 -1.01611959791762e-12
 3.12954202474040e+06  2.71216444530480e-14 -1.01611959791762e-12
 3.13367616215749e+06  1.12663412769868e-14 -1.01611959791762e-12
 3.13781029957458e+06  3.81606923623663e-14 -1.01611959791762e-12
 3.14194443699168e+06 -2.66279249085958e-14 -1.01611959791762e-12
 3.14607857440877e+06 -4.53541190747466e-14 -1.01611959791762e-12
 3.15021271182587e+06  3.80046373431861e-14 -1.01611959791762e-12
 3.15434684924296e+06 -4.07805601616217e-14 -1.01611959791762e-12
 3.15848098666006e+06 -3.68401460349913e-14 -1.01611959791762e-12
 3.16261512407715e+06  4.27884703976527e-16 -1.01611959791762e-12
 3.16674926149424e+06  3.19945246422227e-15 -1.01611959791762e-12
 3.17088339891134e+06  2.00072981278291e-14 -1.01611959791762e-12
 3.17501753632843e+06  4.00426638633007e-14 -1.01611959791762e-12
 3.17915167374553e+06 -1.73156457811800e-15 -1.01611959791762e-12
 3.18328581116262e+06  2.90309236220215e-14 -1.01611959791762e-12
 3.18741994857972e+06  3.77160304809520e-14 -1.01611959791762e-12
 3.19155408599681e+06  2.70956609765191e-15 -1.01611959791762e-12
 3.19568822341390e+06 -7.62749861981595e-15 -1.01611959791762e-12
 3.19982236083100e+06  1.43010780296736e-14 -1.01611959791762e-12
 3.20395649824809e+06 -1.15582877174221e-14 -1.01611959791762e-12
 3.20809063566519e+06 -1.32795988870609e-14 -1.01611959791762e-12
 3.21222477308228e+06 -2.65769265049918e-14 -1.01611959791762e-12
 3.21635891049938e+06  1.92784479027838e-14 -1.01611959791762e-12
 3.22049304791647e+06  4.54010641935927e-15 -1.01611959791762e-12
 3.22462718533356e+06 -1.41675071704372e-14 -1.01611959791762e-12
 3.22876132275066e+06 -2.79085557306412e-14 -1.01611959791762e-12
 3.23289546016775e+06  7.08769279010982e-14 -1.01611959791762e-12
 3.23702959758485e+06  3.68562386966806e-14 -1.01611959791762e-12
 3.24116373500194e+06 -7.34872286900587e-16 -1.01611959791762e-12
 3.24529787241904e+06 -4.43148891304617e-14 -1.01611959791762e-12
 3.24943200983613e+06  4.24224332723728e-14 -1.01611959791762e-12
 3.25356614725323e+06  2.98056654393840e-14 -1.01611959791762e-12
 3.25770028467032e+06 -5.88580253923333e-14 -1.01611959791762e-12
 3.26183442208741e+06  1.10410416185989e-14 -1.01611959791762e-12
 3.26596855950451e+06 -6.56437941443923e-15 -1.01611959791762e-12
 3.27010269692160e+06  4.63263709129167e-14 -1.01611959791762e-12
 3.27423683433870e+06 -3.53828017870393e-14 -1.01611959791762e-12
 3.27837097175579e+06  1.84735326251651e-14 -1.01611959791762e-12
 3.28250510917289e+06  1.53517115747490e-14 -1.01611959791762e-12
 3.28663924658998e+06  1.18622056994362e-14 -1.01611959791762e-12
 3.29077338400707e+06 -1.64948401772098e-14 -1.01611959791762e-12
 3.29490752142417e+06 -2.74544510371973e-14 -1.01611959791762e-12
 3.29904165884126e+06 -5.06363484814211e-15 -1.01611959791762e-12
 3.30317579625836e+06 -2.81884925456176e-14 -1.01611959791762e-12
 3.30730993367545e+06 -6.18111651758624e-14 -1.01611959791762e-12
 3.31144407109255e+06  2.18936649335872e-14 -1.01611959791762e-12
 3.31557820850964e+06 -1.05629850453151e-14 -1.01611959791762e-12
 3.31971234592673e+06  1.28138491186526e-14 -1.01611959791762e-12
 3.32384648334383e+06 -7.04653018430619e-15 -1.01611959791762e-12
 3.32798062076092e+06 -8.77758324954920e-15 -1.01611959791762e-12
 3.33211475817802e+06  2.67727949245925e-14 -1.01611959791762e-12
 3.33624889559511e+06  2.85709963307219e-14 -1.01611959791762e-12
 3.34038303301221e+06 -2.95765806967208e-14 -1.01611959791762e-12
 3.34451717042930e+06 -1.25058741255077e-16 -1.01611959791762e-12
 3.34865130784639e+06  1.13810290565158e-15 -1.01611959791762e-12
 3.35278544526349e+06  2.38636016310603e-14 -1.01611959791762e-12
 3.35691958268058e+06 -6.52442853269873e-14 -1.01611959791762e-12
 3.36105372009768e+06  1.46965517508556e-14 -1.01611959791762e-12
 3.36518785751477e+06 -2.35152397028211e-14 -1.01611959791762e-12
 3.36932199493187e+06  4.98618012413323e-14 -1.01611959791762e-12
 3.37345613234896e+06 -2.79548830433294e-14 -1.01611959791762e-12
 3.37759026976605e+06 -2.85022114004234e-15 -1.01611959791762e-12
 3.38172440718315e+06  8.71930577089029e-15 -1.01611959791762e-12
 3.38585854460024e+06  2.05631138190120e-14 -1.01611959791762e-12
 3.38999268201734e+06 -2.85800285259417e-14 -1.01611959791762e-12
 3.39412681943443e+06 -2.08956261877386e-14 -1.01611959791762e-12
 3.39826095685153e+06  1.19395096778707e-14 -1.01611959791762e-12
 3.40239509426862e+06  9.58618571016134e-15 -1.01611959791762e-12
 3.40652923168571e+06 -7.12365281113048e-14 -1.01611959791762e-12
 3.41066336910281e+06  1.44486004960853e-14 -1.01611959791762e-12
 3.41479750651990e+06 -1.11868363455943e-14 -1.01611959791762e-12
 3.41893164393700e+06 -1.16260525576371e-14 -1.01611959791762e-12
 3.42306578135409e+06  2.03158401120329e-14 -1.01611959791762e-12
 3.42719991877119e+06 -8.00722254072030e-15 -1.01611959791762e-12
 3.43133405618828e+06  5.28574519253034e-15 -1.01611959791762e-12
 3.43546819360538e+06 -3.02853469894550e-16 -1.01611959791762e-12
 3.43960233102247e+06  2.01286070656792e-15 -1.01611959791762e-12
 3.44373646843956e+06 -2.96864971371466e-14 -1.01611959791762e-12
 3.44787060585666e+06  2.91571722365456e-15 -1.01611959791762e-12
 3.45200474327375e+06  3.47487670486154e-14 -1.01611959791762e-12
 3.45613888069085e+06 -2.19086084117695e-14 -1.01611959791762e-12
 3.46027301810794e+06 -1.50404244535158e-14 -1.01611959791762e-12
 3.46440715552504e+06 -7.25753820765786e-14 -1.01611959791762e-12
 3.46854129294213e+06 -1.28978884653467e-14 -1.01611959791762e-12
 3.47267543035922e+06 -5.47233164729834e-14 -1.01611959791762e-12
 3.47680956777632e+06  2.44950679516129e-14 -1.01611959791762e-12
 3.48094370519341e+06  5.00921355068277e-15 -1.01611959791762e-12
 3.48507784261051e+06  2.20666671984708e-15 -1.01611959791762e-12
 3.48921198002760e+06  1.14417289707608e-14 -1.01611959791762e-12
 3.49334611744470e+06 -5.26599869115011e-15 -1.01611959791762e-12
 3.49748025486179e+06  3.75202496048493e-14 -1.01611959791762e-12
 3.50161439227888e+06 -2.57041375657442e-14 -1.01611959791762e-12
 3.50574852969598e+06 -4.09398526235932e-14 -1.01611959791762e-12
 3.50988266711307e+06  3.09914984419687e-14 -1.01611959791762e-12
 3.51401680453017e+06  4.40485694439767e-15 -1.01611959791762e-12
 3.51815094194726e+06  2.53506472090804e-14 -1.01611959791762e-12
 3.52228507936436e+06 -1.69267017778321e-15 -1.01611959791762e-12
 3.52641921678145e+06  2.34175086015632e-14 -1.01611959791762e-12
 3.53055335419854e+06  2.16771742065409e-14 -1.01611959791762e-12
 3.53468749161564e+06  2.12942387147849e-14 -1.01611959791762e-12
 3.53882162903273e+06  1.41637348197088e-14 -1.01611959791762e-12
 3.54295576644983e+06 -6.09214252814551e-15 -1.01611959791762e-12
 3.54708990386692e+06 -8.06177871595373e-15 -1.01611959791762e-12
 3.55122404128402e+06  2.32977620378823e-14 -1.01611959791762e-12
 3.55535817870111e+06 -6.84019441648549e-14 -1.01611959791762e-12
 3.55949231611820e+06  1.14078725569628e-14 -1.01611959791762e-12
 3.56362645353530e+06 -1.27298089510792e-14 -1.01611959791762e-12
 3.56776059095239e+06 -1.62231776542760e-14 -1.01611959791762e-12
 3.57189472836949e+06  3.98030360546410e-14 -1.01611959791762e-12
 3.57602886578658e+06  2.15404567567773e-15 -1.01611959791762e-12
 3.58016300320368e+06  5.86767889381268e-14 -1.01611959791762e-12
 3.58429714062077e+06 -1.02124831201425e-14 -1.01611959791762e-12
 3.58843127803786e+06  3.61704919916854e-14 -1.01611959791762e-12
 3.59256541545496e+06  2.36057124974062e-14 -1.01611959791762e-12
 3.59669955287205e+06 -1.61437999105424e-14 -1.01611959791762e-12
 3.60083369028915e+06 -3.05755499672669e-14 -1.01611959791762e-12
 3.60496782770624e+06 -9.92423879555122e-16 -1.01611959791762e-12
 3.60910196512334e+06  5.23835507588598e-14 -1.01611959791762e-12
 3.61323610254043e+06  5.69930737054453e-14 -1.01611959791762e-12
 3.61737023995752e+06 -8.90044994150466e-15 -1.01611959791762e-12
 3.62150437737462e+06  5.80396399923678e-14 -1.01611959791762e-12
 3.62563851479171e+06  1.89744352305663e-14 -1.01611959791762e-12
 3.62977265220881e+06  1.01961812015977e-15 -1.01611959791762e-12
 3.63390678962590e+06  2.49694406823898e-14 -1.01611959791762e-12
 3.63804092704300e+06  2.03650260647516e-15 -1.01611959791762e-12
 3.64217506446009e+06  3.36284659016365e-14 -1.01611959791762e-12
 3.64630920187719e+06 -5.78449990597020e-15 -1.01611959791762e-12
 3.65044333929428e+06  4.54649707602490e-14 -1.01611959791762e-12
 3.65457747671137e+06  5.87260327324640e-15 -1.01611959791762e-12
 3.65871161412847e+06  1.47501962901060e-14 -1.01611959791762e-12
 3.66284575154556e+06 -3.35085723003060e-14 -1.01611959791762e-12
 3.66697988896266e+06 -7.19803757257722e-15 -1.01611959791762e-12
 3.67111402637975e+06  1.51381842682478e-14 -1.01611959791762e-12
 3.67524816379685e+06  1.57116770424400e-14 -1.01611959791762e-12
 3.67938230121394e+06  8.85852677954149e-15 -1.01611959791762e-12
 3.68351643863103e+06 -3.16269710594694e-14 -1.01611959791762e-12
 3.68765057604813e+06 -1.33267449892950e-15 -1.01611959791762e-12
 3.69178471346522e+06  4.26640423908317e-14 -1.01611959791762e-12
 3.69591885088232e+06  1.71303438921869e-14 -1.01611959791762e-12
 3.70005298829941e+06 -4.92614621163998e-15 -1.01611959791762e-12
 3.70418712571651e+06 -2.41320802029028e-14 -1.01611959791762e-12
 3.70832126313360e+06  1.89944637956070e-15 -1.01611959791762e-12
 3.71245540055069e+06 -2.62330727551328e-14 -1.01611959791762e-12
 3.71658953796779e+06 -6.05204860353175e-14 -1.01611959791762e-12
 3.72072367538488e+06 -4.70863244468883e-14 -1.01611959791762e-12
 3.72485781280198e+06  3.90983353107390e-14 -1.01611959791762e-12
 3.72899195021907e+06  1.13638136727879e-14 -1.01611959791762e-12
 3.73312608763617e+06  4.99082243622697e-14 -1.01611959791762e-12
 3.73726022505326e+06 -1.80449437795148e-14 -1.01611959791762e-12
 3.74139436247035e+06  1.53140759610904e-14 -1.01611959791762e-12
 3.74552849988745e+06 -1.63877268594795e-14 -1.01611959791762e-12
 3.74966263730454e+06 -5.66298212535546e-14 -1.01611959791762e-12
 3.75379677472164e+06 -7.91618476800352e-15 -1.01611959791762e-12
 3.75793091213873e+06 -5.63637079686287e-15 -1.01611959791762e-12
 3.76206504955583e+06  5.78820024155702e-14 -1.01611959791762e-12
 3.76619918697292e+06 -4.81272675496441e-14 -1.01611959791762e-12
 3.77033332439001e+06  1.63434289207946e-14 -1.01611959791762e-12
 3.77446746180711e+06  5.62402858102461e-15 -1.01611959791762e-12
 3.77860159922420e+06  2.28199933030301e-14 -1.01611959791762e-12
 3.78273573664130e+06  3.37935737009148e-14 -1.01611959791762e-12
 3.78686987405839e+06 -5.05716123795856e-15 -1.01611959791762e-12
 3.79100401147549e+06 -3.90011570899275e-14 -1.01611959791762e-12
 3.79513814889258e+06 -3.85464560855083e-15 -1.01611959791762e-12
 3.79927228630967e+06 -6.19923060798475e-14 -1.01611959791762e-12
 3.80340642372677e+06 -5.89724142030481e-14 -1.01611959791762e-12
 3.80754056114386e+06 -5.36065150178411e-14 -1.01611959791762e-12
 3.81167469856096e+06  6.85677422019393e-15 -1.01611959791762e-12
 3.81580883597805e+06  1.17742575726050e-14 -1.01611959791762e-12
 3.81994297339515e+06 -3.72741686583958e-14 -1.01611959791762e-12
 3.82407711081224e+06  2.96162959770496e-14 -1.01611959791762e-12
 3.82821124822934e+06 -4.86684519510707e-14 -1.01611959791762e-12
 3.83234538564643e+06  9.31997680673331e-15 -1.01611959791762e-12
 3.83647952306352e+06 -6.77519251243076e-14 -1.01611959791762e-12
 3.84061366048062e+06 -5.82784947942184e-14 -1.01611959791762e-12
 3.84474779789771e+06  7.91514196275608e-16 -1.01611959791762e-12
 3.84888193531481e+06 -1.04421562527763e-14 -1.01611959791762e-12
 3.85301607273190e+06  2.39853019380768e-14 -1.01611959791762e-12
 3.85715021014900e+06 -3.48057582937360e-15 -1.01611959791762e-12
 3.86128434756609e+06 -1.51879697130098e-17 -1.01611959791762e-12
 3.86541848498318e+06 -2.64794936418781e-14 -1.01611959791762e-12
 3.86955262240028e+06  2.50188559769511e-14 -1.01611959791762e-12
 3.87368675981737e+06  2.53765300044850e-14 -1.01611959791762e-12
 3.87782089723447e+06 -2.60963126599962e-14 -1.01611959791762e-12
 3.88195503465156e+06  2.39219943325122e-14 -1.01611959791762e-12
 3.88608917206866e+06 -4.57729521014203e-14 -1.01611959791762e-12
 3.89022330948575e+06  5.09373852911160e-14 -1.01611959791762e-12
 3.89435744690284e+06 -2.88594779923971e-14 -1.01611959791762e-12
 3.89849158431994e+06 -2.83923238319066e-14 -1.01611959791762e-12
 3.90262572173703e+06 -3.24923383050159e-14 -1.01611959791762e-12
 3.90675985915413e+06  7.18027083357918e-15 -1.01611959791762e-12
 3.91089399657122e+06 -1.72975233439999e-14 -1.01611959791762e-12
 3.91502813398832e+06 -2.85659845327586e-14 -1.01611959791762e-12
 3.91916227140541e+06 -4.75913127652256e-14 -1.01611959791762e-12
 3.92329640882250e+06 -8.60755713367004e-15 -1.01611959791762e-12
 3.92743054623960e+06  5.56615656966300e-14 -1.01611959791762e-12
 3.93156468365669e+06 -2.37088072042209e-14 -1.01611959791762e-12
 3.93569882107379e+06  5.20737063470634e-14 -1.01611959791762e-12
 3.93983295849088e+06 -1.88875561528962e-14 -1.01611959791762e-12
 3.94396709590798e+06  1.91160616909987e-14 -1.01611959791762e-12
 3.94810123332507e+06  3.56696118581758e-14 -1.01611959791762e-12
 3.95223537074216e+06 -4.01744287497220e-14 -1.01611959791762e-12
 3.95636950815926e+06 -1.55881216121631e-14 -1.01611959791762e-12
 3.96050364557635e+06  1.45742697315142e-14 -1.01611959791762e-12
 3.96463778299345e+06 -2.94089992477922e-14 -1.01611959791762e-12
 3.96877192041054e+06  4.89578113862007e-14 -1.01611959791762e-12
 3.97290605782764e+06 -1.70248022736112e-14 -1.01611959791762e-12
 3.97704019524473e+06  4.67854392737175e-14 -1.01611959791762e-12
 3.98117433266182e+06  2.48296856033925e-14 -1.01611959791762e-12
 3.98530847007892e+06  9.47726053581758e-15 -1.01611959791762e-12
 3.98944260749601e+06  1.38032616014580e-14 -1.01611959791762e-12
 3.99357674491311e+06  7.78264509167736e-15 -1.01611959791762e-12
 3.99771088233020e+06  2.14329924993823e-14 -1.01611959791762e-12
 4.00184501974730e+06 -6.82597099096362e-14 -1.01611959791762e-12
 4.00597915716439e+06  4.40842299951451e-15 -1.01611959791762e-12
 4.01011329458148e+06  3.66855579777720e-14 -1.01611959791762e-12
 4.01424743199858e+06 -2.80893120271952e-14 -1.01611959791762e-12
 4.01838156941567e+06 -3.43034139059133e-14 -1.01611959791762e-12
 4.02251570683277e+06 -1.19491939599531e-14 -1.01611959791762e-12
 4.02664984424986e+06  2.89606383575664e-14 -1.01611959791762e-12
 4.03078398166696e+06  2.00759024574374e-14 -1.01611959791762e-12
 4.03491811908405e+06  4.38588967618781e-14 -1.01611959791762e-12
 4.03905225650115e+06 -2.43920941725756e-14 -1.01611959791762e-12
 4.04318639391824e+06 -7.99955511950856e-15 -1.01611959791762e-12
 4.04732053133533e+06 -2.17246294304574e-14 -1.01611959791762e-12
 4.05145466875243e+06  1.51703662835743e-14 -1.01611959791762e-12
 4.05558880616952e+06 -2.42633642450294e-14 -1.01611959791762e-12
 4.05972294358662e+06  3.97272356407719e-14 -1.01611959791762e-12
 4.06385708100371e+06  3.64629159989320e-14 -1.01611959791762e-12
 4.06799121842081e+06  6.00398656122146e-14 -1.01611959791762e-12
 4.07212535583790e+06  4.53784465315550e-14 -1.01611959791762e-12
 4.07625949325499e+06  2.63726520880510e-14 -1.01611959791762e-12
 4.08039363067209e+06  2.98986323360772e-14 -1.01611959791762e-12
 4.08452776808918e+06  3.31823943864748e-14 -1.01611959791762e-12
 4.08866190550628e+06  2.37682142405357e-14 -1.01611959791762e-12
 4.09279604292337e+06  1.39681241170139e-14 -1.01611959791762e-12
 4.09693018034047e+06 -1.08116812252213e-14 -1.01611959791762e-12
 4.10106431775756e+06  7.67830342474209e-15 -1.01611959791762e-12
 4.10519845517465e+06 -1.09906023978758e-14 -1.01611959791762e-12
 4.10933259259175e+06 -1.21482815358750e-14 -1.01611959791762e-12
 4.11346673000884e+06 -6.38313292421232e-15 -1.01611959791762e-12
 4.11760086742594e+06  8.56682198165072e-14 -1.01611959791762e-12
 4.12173500484303e+06 -6.86886492725169e-16 -1.01611959791762e-12
 4.12586914226013e+06  3.75330748635188e-14 -1.01611959791762e-12
 4.13000327967722e+06 -1.55966607599788e-15 -1.01611959791762e-12
 4.13413741709431e+06  2.22991015699033e-14 -1.01611959791762e-12
