#time(au), tau by FD, tau without precession, tau
 0.0000000000e+01 fs:  2.9774531e+01  3.8031115e+02  3.8031116e+02 ps
 1.0000000000e+03 fs: -1.8844150e+00  4.1394570e+02 -9.3951641e-01 ps
 2.0000000000e+03 fs: -7.5553445e-01  4.2807901e+02 -3.8842390e-01 ps
 3.0000000000e+03 fs: -2.5254279e-01  4.3168771e+02 -1.3246239e-01 ps
 4.0000000000e+03 fs: -7.2795997e-01  4.3361056e+02 -3.8570074e-01 ps
 5.0000000000e+03 fs:  4.9813997e+00  4.3415710e+02  3.1678818e+00 ps
 6.0000000000e+03 fs: -2.9075320e-01  4.3517440e+02 -1.5481043e-01 ps
 7.0000000000e+03 fs:  4.0423625e-01  4.3531652e+02  2.1607289e-01 ps
 8.0000000000e+03 fs:  8.2794891e-01  4.3596842e+02  4.5109108e-01 ps
 9.0000000000e+03 fs:  2.3389779e+01  4.3610184e+02 -9.8406810e+01 ps
 1.0000000000e+04 fs: -7.2102657e-01  4.3598950e+02 -3.7124546e-01 ps
 1.1000000000e+04 fs: -3.9143062e+00  4.3588851e+02 -1.9269312e+00 ps
 1.2000000000e+04 fs: -1.4028088e+00  4.3581446e+02 -8.3397110e-01 ps
 1.3000000000e+04 fs:  7.2094803e-01  4.3591997e+02  3.8482121e-01 ps
 1.4000000000e+04 fs: -1.7170432e+00  4.3623688e+02 -9.5457647e-01 ps
 1.5000000000e+04 fs: -5.1767350e+00  4.3581021e+02 -3.0491794e+00 ps
 1.6000000000e+04 fs:  1.0242113e+00  4.3569407e+02  5.8946258e-01 ps
 1.7000000000e+04 fs:  1.8067031e+00  4.3631106e+02  9.0239952e-01 ps
 1.8000000000e+04 fs:  1.5687640e+00  4.3560808e+02  7.8771728e-01 ps
 1.9000000000e+04 fs: -9.8630468e-01  4.3612392e+02 -4.9899786e-01 ps
 2.0000000000e+04 fs: -5.5444618e-01  4.3553632e+02 -2.9855224e-01 ps
 2.1000000000e+04 fs: -1.0954815e+00  4.3635682e+02 -5.8032149e-01 ps
 2.2000000000e+04 fs:  8.2717928e-01  4.3582292e+02  4.3606032e-01 ps
 2.3000000000e+04 fs:  3.7843008e-01  4.3631716e+02  1.9691760e-01 ps
 2.4000000000e+04 fs:  2.7232571e-01  4.3557630e+02  1.4548713e-01 ps
 2.5000000000e+04 fs:  2.3136290e-01  4.3597841e+02  1.2048308e-01 ps
 2.6000000000e+04 fs:  1.9930464e-01  4.3599798e+02  1.0490886e-01 ps
 2.7000000000e+04 fs:  9.2868186e+00  4.3680974e+02  4.3894102e+00 ps
 2.8000000000e+04 fs:  2.5505604e-01  4.3612882e+02  1.3439768e-01 ps
 2.9000000000e+04 fs: -8.5146948e-01  4.3646602e+02 -4.7355019e-01 ps
 3.0000000000e+04 fs:  3.9788337e+01  4.3615812e+02 -6.9837283e+00 ps
 3.1000000000e+04 fs:  4.2661014e-01  4.3620788e+02  2.2742097e-01 ps
 3.2000000000e+04 fs: -3.4153250e-01  4.3583947e+02 -1.7643215e-01 ps
 3.3000000000e+04 fs:  1.2489532e+00  4.3628959e+02  6.3463175e-01 ps
 3.4000000000e+04 fs: -3.6836102e+00  4.3595055e+02 -3.2967593e+00 ps
 3.5000000000e+04 fs: -2.1436965e-01  4.3646803e+02 -1.1257910e-01 ps
 3.6000000000e+04 fs: -1.7487126e-01  4.3592379e+02 -9.2421738e-02 ps
 3.7000000000e+04 fs:  1.5524436e+00  4.3638997e+02  7.1578921e-01 ps
 3.8000000000e+04 fs: -2.9924305e-01  4.3445756e+02 -1.4973823e-01 ps
 3.9000000000e+04 fs:  3.0444058e+00  4.3508567e+02  1.8109544e+00 ps
 4.0000000000e+04 fs:  7.8313746e-01  4.3527401e+02  4.6918694e-01 ps
 4.1000000000e+04 fs:  4.5527615e-01  4.3444852e+02  2.6009159e-01 ps
 4.2000000000e+04 fs:  1.6373856e-01  4.3541129e+02  8.8694060e-02 ps
 4.3000000000e+04 fs: -3.3072203e-01  4.3492142e+02 -1.7583164e-01 ps
 4.4000000000e+04 fs:  3.4872354e-01  4.3617368e+02  1.8875155e-01 ps
 4.5000000000e+04 fs: -7.4776392e-01  4.3617472e+02 -4.2970239e-01 ps
 4.6000000000e+04 fs:  3.6317746e+00  4.3449501e+02  2.1627993e+00 ps
 4.7000000000e+04 fs:  3.0017414e-01  4.3486877e+02  1.7035669e-01 ps
 4.8000000000e+04 fs: -2.9890913e-01  4.3571305e+02 -1.4903571e-01 ps
 4.9000000000e+04 fs:  1.3103023e-01  4.3435860e+02  7.0745967e-02 ps
 5.0000000000e+04 fs:  8.7748486e-01  4.3709967e+02  5.4876142e-01 ps
 5.1000000000e+04 fs:  2.6700641e-01  4.3643284e+02  1.4101361e-01 ps
 5.2000000000e+04 fs:  2.5273175e-01  4.3759755e+02  1.3371370e-01 ps
 5.3000000000e+04 fs:  2.5724513e-01  4.3752136e+02  1.3959196e-01 ps
 5.4000000000e+04 fs: -1.1877273e-01  4.3619001e+02 -6.1994987e-02 ps
 5.5000000000e+04 fs:  1.2742681e-01  4.3455308e+02  6.8883661e-02 ps
 5.6000000000e+04 fs: -9.2764679e-01  4.3419032e+02 -5.1678392e-01 ps
 5.7000000000e+04 fs: -6.3283213e-01  4.3459521e+02 -3.8022546e-01 ps
 5.8000000000e+04 fs:  8.3062781e-02  4.3695614e+02  4.3403394e-02 ps
 5.9000000000e+04 fs:  5.6422103e-01  4.3673648e+02  3.1353616e-01 ps
 6.0000000000e+04 fs:  1.9362780e-01  4.3556989e+02  1.0037012e-01 ps
 6.1000000000e+04 fs:  5.7874139e-01  4.3700118e+02  3.9499785e-01 ps
 6.2000000000e+04 fs: -1.6340972e-01  4.3771604e+02 -8.7180474e-02 ps
 6.3000000000e+04 fs: -9.3924616e-02  4.3520915e+02 -4.9465974e-02 ps
 6.4000000000e+04 fs: -8.9424557e-02  4.3723746e+02 -4.6014679e-02 ps
 6.5000000000e+04 fs: -1.1315378e-01  4.3254639e+02 -5.9597395e-02 ps
 6.6000000000e+04 fs: -5.3591141e-02  4.3496093e+02 -2.8328476e-02 ps
 6.7000000000e+04 fs: -1.2642586e-01  4.3753532e+02 -6.6780406e-02 ps
 6.8000000000e+04 fs: -1.4364341e-01  4.3208051e+02 -7.7574180e-02 ps
 6.9000000000e+04 fs: -1.5122470e-01  4.3519677e+02 -8.0673459e-02 ps
 7.0000000000e+04 fs:  3.4435157e-01  4.3422488e+02  1.8320986e-01 ps
 7.1000000000e+04 fs:  2.4270069e-01  4.3699081e+02  1.3104182e-01 ps
 7.2000000000e+04 fs: -1.4038004e-01  4.3586722e+02 -7.5195352e-02 ps
 7.3000000000e+04 fs: -6.7091581e-02  4.3843981e+02 -3.5142266e-02 ps
 7.4000000000e+04 fs:  1.8706422e-01  4.3541616e+02  1.0397769e-01 ps
 7.5000000000e+04 fs: -1.6606017e-01  4.3687593e+02 -8.4359373e-02 ps
 7.6000000000e+04 fs:  2.6257615e-01  4.3738552e+02  1.4061762e-01 ps
 7.7000000000e+04 fs: -1.4796476e-01  4.3441924e+02 -8.0072919e-02 ps
 7.8000000000e+04 fs: -2.8490046e-01  4.3678303e+02 -1.4298123e-01 ps
 7.9000000000e+04 fs: -1.2254824e-01  4.3637019e+02 -6.7493462e-02 ps
 8.0000000000e+04 fs:  9.3235175e-02  4.3968043e+02  4.9907168e-02 ps
 8.1000000000e+04 fs:  1.3900892e-01  4.3592111e+02  7.3315106e-02 ps
 8.2000000000e+04 fs:  1.9441174e-01  4.3781220e+02  1.0711042e-01 ps
 8.3000000000e+04 fs:  4.4619282e-01  4.3564373e+02  2.7933219e-01 ps
 8.4000000000e+04 fs:  5.2476940e-02  4.3971286e+02  2.7291720e-02 ps
 8.5000000000e+04 fs:  1.6169139e-01  4.3568253e+02  8.3061577e-02 ps
 8.6000000000e+04 fs: -7.1574007e-02  4.4095658e+02 -3.7741243e-02 ps
 8.7000000000e+04 fs: -2.0233114e-01  4.3720280e+02 -1.1635898e-01 ps
 8.8000000000e+04 fs: -6.6597723e-02  4.3583472e+02 -3.5322452e-02 ps
 8.9000000000e+04 fs:  1.3058713e+00  4.3528369e+02  1.0410556e+00 ps
 9.0000000000e+04 fs: -9.7017410e-02  4.3988607e+02 -5.1394044e-02 ps
 9.1000000000e+04 fs: -5.4491312e-01  4.3104859e+02 -2.5301128e-01 ps
 9.2000000000e+04 fs: -6.6428185e-02  4.4119760e+02 -3.5178129e-02 ps
 9.3000000000e+04 fs:  6.5704111e-02  4.3592117e+02  3.2841849e-02 ps
 9.4000000000e+04 fs: -3.9886940e-02  4.4030513e+02 -2.1244524e-02 ps
 9.5000000000e+04 fs: -1.0210465e-01  4.3057690e+02 -5.4214477e-02 ps
 9.6000000000e+04 fs: -3.7160780e-02  4.3107163e+02 -1.9742889e-02 ps
 9.7000000000e+04 fs:  5.0568243e-02  4.3218347e+02  2.6812731e-02 ps
 9.8000000000e+04 fs:  1.0969953e-01  4.3436624e+02  5.7524269e-02 ps
 9.9000000000e+04 fs:  8.0157778e-02  4.3444576e+02  4.2908386e-02 ps
