
***************  JDFTx-1.6  ***************

Start date and time: Mon Oct 25 02:44:49 2021
Executable /data/groups/ping/jxu153/codes/jdftx/jdftx-202103/build/jdftx with command-line: -i totalE.in
Running on hosts (process indices):  gpu024 (0-7)  gpu025 (8-15)  gpu026 (16-23)  gpu027 (24-31)  gpu028 (32-39)  node001 (40-47)  node002 (48-55)  node003 (56-63)
Divided in process groups (process indices):  0 (0)  1 (1)  2 (2)  3 (3)  4 (4)  5 (5)  6 (6)  7 (7)  8 (8)  9 (9)  10 (10)  11 (11)  12 (12)  13 (13)  14 (14)  15 (15)  16 (16)  17 (17)  18 (18)  19 (19)  20 (20)  21 (21)  22 (22)  23 (23)  24 (24)  25 (25)  26 (26)  27 (27)  28 (28)  29 (29)  30 (30)  31 (31)  32 (32)  33 (33)  34 (34)  35 (35)  36 (36)  37 (37)  38 (38)  39 (39)  40 (40)  41 (41)  42 (42)  43 (43)  44 (44)  45 (45)  46 (46)  47 (47)  48 (48)  49 (49)  50 (50)  51 (51)  52 (52)  53 (53)  54 (54)  55 (55)  56 (56)  57 (57)  58 (58)  59 (59)  60 (60)  61 (61)  62 (62)  63 (63)
Resource initialization completed at t[s]:      0.00
Run totals: 64 processes, 320 threads, 0 GPUs


Input parsed successfully to the following command list (including defaults):

basis kpoint-dependent
converge-empty-states yes
coords-type Lattice
core-overlap-check vector
coulomb-interaction Periodic
davidson-band-ratio 1.1
dump End State Vscloc BandEigs EigStats
dump-name totalE.$VAR
elec-cutoff 17
elec-eigen-algo Davidson
elec-ex-corr mgga-x-scan mgga-c-scan
elec-n-bands 34
electronic-minimize  \
	dirUpdateScheme      FletcherReeves \
	linminMethod         DirUpdateRecommended \
	nIterations          100 \
	history              15 \
	knormThreshold       0 \
	energyDiffThreshold  1e-11 \
	nEnergyDiff          2 \
	alphaTstart          1 \
	alphaTmin            1e-10 \
	updateTestStepSize   yes \
	alphaTreduceFactor   0.1 \
	alphaTincreaseFactor 3 \
	nAlphaAdjustMax      3 \
	wolfeEnergy          0.0001 \
	wolfeGradient        0.9 \
	fdTest               no
exchange-regularization WignerSeitzTruncated
fluid None
fluid-ex-corr (null) lda-PZ
fluid-gummel-loop 10 1.000000e-05
fluid-minimize  \
	dirUpdateScheme      PolakRibiere \
	linminMethod         DirUpdateRecommended \
	nIterations          100 \
	history              15 \
	knormThreshold       0 \
	energyDiffThreshold  0 \
	nEnergyDiff          2 \
	alphaTstart          1 \
	alphaTmin            1e-10 \
	updateTestStepSize   yes \
	alphaTreduceFactor   0.1 \
	alphaTincreaseFactor 3 \
	nAlphaAdjustMax      3 \
	wolfeEnergy          0.0001 \
	wolfeGradient        0.9 \
	fdTest               no
fluid-solvent H2O 55.338 ScalarEOS \
	epsBulk 78.4 \
	pMol 0.92466 \
	epsInf 1.77 \
	Pvap 1.06736e-10 \
	sigmaBulk 4.62e-05 \
	Rvdw 2.61727 \
	Res 1.42 \
	tauNuc 343133 \
	poleEl 15 7 1
forces-output-coords Positions
initial-state totalE.$VAR
ion Ga   0.000000000000000   0.000000000000000   0.000000000000000 0
ion As   0.250000000000000   0.250000000000000   0.250000000000000 0
ion-species Ga_nv3_nocorecorr.upf
ion-species As_nv5_nocorecorr.upf
ion-width 0
ionic-minimize  \
	dirUpdateScheme      L-BFGS \
	linminMethod         DirUpdateRecommended \
	nIterations          0 \
	history              15 \
	knormThreshold       0.0001 \
	energyDiffThreshold  1e-06 \
	nEnergyDiff          2 \
	alphaTstart          1 \
	alphaTmin            1e-10 \
	updateTestStepSize   yes \
	alphaTreduceFactor   0.1 \
	alphaTincreaseFactor 3 \
	nAlphaAdjustMax      3 \
	wolfeEnergy          0.0001 \
	wolfeGradient        0.9 \
	fdTest               no
kpoint   0.000000000000   0.000000000000   0.000000000000  1.00000000000000
kpoint-folding 24 24 24 
latt-move-scale 1 1 1
latt-scale 1 1 1 
lattice Face-Centered Cubic 10.6829
lattice-minimize  \
	dirUpdateScheme      L-BFGS \
	linminMethod         DirUpdateRecommended \
	nIterations          0 \
	history              15 \
	knormThreshold       0 \
	energyDiffThreshold  1e-06 \
	nEnergyDiff          2 \
	alphaTstart          1 \
	alphaTmin            1e-10 \
	updateTestStepSize   yes \
	alphaTreduceFactor   0.1 \
	alphaTincreaseFactor 3 \
	nAlphaAdjustMax      3 \
	wolfeEnergy          0.0001 \
	wolfeGradient        0.9 \
	fdTest               no
lcao-params -1 1e-06 0.001
pcm-variant GLSSA13
spintype spin-orbit
subspace-rotation-factor 1 yes
symmetries automatic
symmetry-threshold 0.0001



---------- Setting up symmetries ----------

Found 48 point-group symmetries of the bravais lattice
Found 24 space-group symmetries with basis
Applied RMS atom displacement 0 bohrs to make symmetries exact.

---------- Initializing the Grid ----------
R = 
[            0      5.34145      5.34145  ]
[      5.34145            0      5.34145  ]
[      5.34145      5.34145            0  ]
unit cell volume = 304.795
G =
[  -0.588154   0.588154   0.588154  ]
[   0.588154  -0.588154   0.588154  ]
[   0.588154   0.588154  -0.588154  ]
Minimum fftbox size, Smin = [  32  32  32  ]
Chosen fftbox size, S = [  32  32  32  ]

---------- Exchange Correlation functional ----------
Initialized LibXC exchange functional 'SCAN exchange of Sun, Ruzsinszky, and Perdew'
Initialized LibXC correlation functional 'SCAN correlation of Sun, Ruzsinszky, and Perdew'

---------- Setting up pseudopotentials ----------
Width of ionic core gaussian charges (only for fluid interactions / plotting) set to 0

Reading pseudopotential file 'Ga_nv3_nocorecorr.upf':
  'Ga' pseudopotential, 'PBE' functional
  Generated using ONCVPSP code by D. R. Hamann
  Author: anonymous  Date: 200814.
  3 valence electrons, 3 orbitals, 8 projectors, 1926 radial grid points, with lMax = 2
  Transforming local potential to a uniform radial grid of dG=0.02 with 1566 points.
  Transforming nonlocal projectors to a uniform radial grid of dG=0.02 with 399 points.
    4S    l: 0   occupation:  2.0   eigenvalue: -0.328808
    4P    l: 1   occupation:  0.7   eigenvalue: -0.093403
    4P    l: 1   occupation:  0.3   eigenvalue: -0.097652
  Transforming atomic orbitals to a uniform radial grid of dG=0.02 with 399 points.
  Core radius for overlap checks: 2.08 bohrs.

Reading pseudopotential file 'As_nv5_nocorecorr.upf':
  'As' pseudopotential, 'PBE' functional
  Generated using ONCVPSP code by D. R. Hamann
  Author: anonymous  Date: 200814.
  5 valence electrons, 3 orbitals, 8 projectors, 1358 radial grid points, with lMax = 2
  Transforming local potential to a uniform radial grid of dG=0.02 with 1566 points.
  Transforming nonlocal projectors to a uniform radial grid of dG=0.02 with 399 points.
    4S    l: 0   occupation:  2.0   eigenvalue: -0.532523
    4P    l: 1   occupation:  2.0   eigenvalue: -0.187649
    4P    l: 1   occupation:  1.0   eigenvalue: -0.197670
  Transforming atomic orbitals to a uniform radial grid of dG=0.02 with 399 points.
  Core radius for overlap checks: 2.07 bohrs.

Initialized 2 species with 2 total atoms.

Folded 1 k-points by 24x24x24 to 13824 k-points.

---------- Setting up k-points, bands, fillings ----------
Adding inversion symmetry to k-mesh for non-inversion-symmetric unit cell.
Reduced to 413 k-points under symmetry. 
Computing the number of bands and number of electrons
Calculating initial fillings.
Turning on subspace rotations due to non-scalar fillings.
nElectrons:   8.000000   nBands: 34   nStates: 413

----- Setting up reduced wavefunction bases (one per k-point) -----
average nbasis = 1020.427 , ideal nbasis = 1020.410

---------- Setting up ewald sum ----------
Optimum gaussian width for ewald sums = 2.425994 bohr.
Real space sum over 1331 unit cells with max indices [  5  5  5  ]
Reciprocal space sum over 2197 terms with max indices [  6  6  6  ]

---------- Allocating electronic variables ----------
Initializing wave functions:  reading from 'totalE.wfns'


---- Citations for features of the code used in this run ----

   Software package:
      R. Sundararaman, K. Letchworth-Weaver, K.A. Schwarz, D. Gunceler, Y. Ozhabes and T.A. Arias, 'JDFTx: software for joint density-functional theory', SoftwareX 6, 278 (2017)

   LibXC library of exchange-correlation functions:
      M. A. L. Marques, M. J. T. Oliveira and T. Burnus, Comput. Phys. Commun. 183, 2272 (2012)

   SCAN exchange of Sun, Ruzsinszky, and Perdew exchange functional:
   SCAN correlation of Sun, Ruzsinszky, and Perdew correlation functional:
      J. Sun, A. Ruzsinszky, and J. P. Perdew, Phys. Rev. Lett. 115, 036402 (2015)

   Total energy minimization:
      T.A. Arias, M.C. Payne and J.D. Joannopoulos, Phys. Rev. Lett. 69, 1077 (1992)

This list may not be complete. Please suggest additional citations or
report any other bugs at https://github.com/shankar1729/jdftx/issues

Initialization completed successfully at t[s]:      0.59


-------- Electronic minimization -----------
ElecMinimize: Iter:   0  Etot: -8.559834177787208  |grad|_K:  5.860e-09  alpha:  1.000e+00
	SubspaceRotationAdjust: set factor to 0.509
ElecMinimize: Iter:   1  Etot: -8.559834177793867  |grad|_K:  3.356e-09  alpha:  5.050e-01  linmin: -2.619e-02  t[s]:      5.30
	SubspaceRotationAdjust: set factor to 0.263
ElecMinimize: Iter:   2  Etot: -8.559834177795931  |grad|_K:  1.727e-09  alpha:  2.560e-01  linmin: -2.175e-02  t[s]:      7.92
ElecMinimize: Converged (|Delta Etot|<1.000000e-11 for 2 iters).
Setting wave functions to eigenvectors of Hamiltonian
Converging empty states (this may take a while): |deigs|: 2.428e-06

# Ionic positions in lattice coordinates:
ion Ga   0.000000000000000   0.000000000000000   0.000000000000000 0
ion As   0.250000000000000   0.250000000000000   0.250000000000000 0

# Forces in Lattice coordinates:
force Ga  -0.000000000000000   0.000000000000000   0.000000000000000 0
force As   0.000000000000000   0.000000000000000   0.000000000000000 0

# Energy components:
   Eewald =       -8.4220291129144371
       EH =        0.7936620821808698
     Eloc =       -3.3313008340937991
      Enl =        1.6676315249593574
      Exc =       -2.4103869968493337
       KE =        3.1425891589214094
-------------------------------------
     Etot =       -8.5598341777959313

IonicMinimize: Iter:   0  Etot: -8.559834177795931  |grad|_K:  0.000e+00  t[s]:     23.68
IonicMinimize: Converged (|grad|_K<1.000000e-04).

#--- Lowdin population analysis ---
# oxidation-state Ga +0.105
# oxidation-state As -0.070


Dumping 'totalE.wfns' ... done
Dumping 'totalE.Vscloc' ... done
Dumping 'totalE.Vtau' ... done
Dumping 'totalE.eigenvals' ... done
Dumping 'totalE.eigStats' ... 
	eMin: -0.307012 at state 0 ( [ +0.000000 +0.000000 +0.000000 ] spin 0 )
	HOMO: +0.180239 at state 0 ( [ +0.000000 +0.000000 +0.000000 ] spin 0 )
	mu  : +0.199622
	LUMO: +0.217200 at state 0 ( [ +0.000000 +0.000000 +0.000000 ] spin 0 )
	eMax: +1.184013 at state 0 ( [ +0.000000 +0.000000 +0.000000 ] spin 0 )
	HOMO-LUMO gap: +0.036961
	Optical gap  : +0.036961 at state 0 ( [ +0.000000 +0.000000 +0.000000 ] spin 0 )
End date and time: Mon Oct 25 02:45:13 2021  (Duration: 0-0:00:24.42)
Done!

PROFILER:                     diagouterI     0.008739 +/-     0.003324 s,  120 calls,      1.048622 s total
PROFILER:              EdensityAndVscloc     0.089588 +/-     0.064245 s,    5 calls,      0.447941 s total
PROFILER:                     EnlAndGrad     0.000040 +/-     0.000024 s,  406 calls,      0.016405 s total
PROFILER:            ExCorrCommunication     0.012736 +/-     0.011381 s,   15 calls,      0.191041 s total
PROFILER:               ExCorrFunctional     0.002234 +/-     0.002317 s,   10 calls,      0.022338 s total
PROFILER:                    ExCorrTotal     0.056588 +/-     0.033634 s,    5 calls,      0.282941 s total
PROFILER:                   Idag_DiagV_I     0.005248 +/-     0.003640 s,  740 calls,      3.883388 s total
PROFILER:                    inv(matrix)     0.000072 +/-     0.000031 s,   24 calls,      0.001724 s total
PROFILER:            matrix::diagonalize     0.000305 +/-     0.000324 s,  706 calls,      0.215265 s total
PROFILER:                    matrix::set     0.000001 +/-     0.000001 s, 3525 calls,      0.002536 s total
PROFILER:     RadialFunctionR::transform     0.002714 +/-     0.004645 s,   30 calls,      0.081430 s total
PROFILER:                    reduceKmesh     0.017381 +/-     0.000000 s,    1 calls,      0.017381 s total
PROFILER:               WavefunctionDrag     0.120326 +/-     0.000000 s,    1 calls,      0.120326 s total
PROFILER:                            Y*M     0.000174 +/-     0.000352 s, 1163 calls,      0.202335 s total
PROFILER:                          Y1^Y2     0.000132 +/-     0.000520 s, 1152 calls,      0.152580 s total

MEMUSAGE:                   ColumnBundle     0.027082 GB
MEMUSAGE:             complexScalarField     0.000977 GB
MEMUSAGE:        complexScalarFieldTilde     0.002441 GB
MEMUSAGE:                    IndexArrays     0.006425 GB
MEMUSAGE:                         matrix     0.001633 GB
MEMUSAGE:                           misc     0.001565 GB
MEMUSAGE:                    ScalarField     0.002686 GB
MEMUSAGE:               ScalarFieldTilde     0.002075 GB
MEMUSAGE:                          Total     0.039182 GB
