 0.0000000e+00 fs:  1.2355513e-06  1.0000000e+00  1.4996910e-13  2.8592030e-20 -3.4619023e-40 -3.8748848e-27
 1.0000000e+03 fs:  1.0500866e-06  8.4500922e-01  6.9458705e-01  1.3084203e-08 -2.8375327e-27 -3.2723923e-27
 2.0000000e+03 fs:  1.0167613e-06  8.1823185e-01  6.6957390e-01  1.2823767e-08 -2.6557002e-27 -3.1718125e-27
 3.0000000e+03 fs:  9.8956587e-07  7.9635749e-01  6.5084136e-01  1.2521237e-08 -2.5866749e-27 -3.0981526e-27
 4.0000000e+03 fs:  9.6370002e-07  7.7554767e-01  6.3336807e-01  1.2246828e-08 -2.6450506e-27 -3.0066447e-27
 5.0000000e+03 fs:  9.3858204e-07  7.5533883e-01  6.1644937e-01  1.1981110e-08 -2.4150977e-27 -2.9417609e-27
 6.0000000e+03 fs:  9.1412742e-07  7.3566350e-01  5.9999257e-01  1.1721316e-08 -2.4529630e-27 -2.8534085e-27
 7.0000000e+03 fs:  8.9031103e-07  7.1650152e-01  5.8397608e-01  1.1466997e-08 -2.4537518e-27 -2.7824110e-27
 8.0000000e+03 fs:  8.6711529e-07  6.9783877e-01  5.6838703e-01  1.1218002e-08 -2.3918263e-27 -2.7052013e-27
 9.0000000e+03 fs:  8.4452392e-07  6.7966215e-01  5.5321388e-01  1.0974222e-08 -2.3306895e-27 -2.6464311e-27
 1.0000000e+04 fs:  8.2252114e-07  6.6195899e-01  5.3844552e-01  1.0735552e-08 -2.1070475e-27 -2.5705033e-27
 1.1000000e+04 fs:  8.0109163e-07  6.4471694e-01  5.2407117e-01  1.0501889e-08 -2.0214561e-27 -2.5053236e-27
 1.2000000e+04 fs:  7.8022044e-07  6.2792401e-01  5.1008031e-01  1.0273135e-08 -2.1113862e-27 -2.4419189e-27
 1.3000000e+04 fs:  7.5989303e-07  6.1156849e-01  4.9646273e-01  1.0049192e-08 -2.0451219e-27 -2.3752602e-27
 1.4000000e+04 fs:  7.4009523e-07  5.9563898e-01  4.8320846e-01  9.8299633e-09 -1.8747279e-27 -2.3090945e-27
 1.5000000e+04 fs:  7.2081325e-07  5.8012439e-01  4.7030782e-01  9.6153545e-09 -1.9303426e-27 -2.2483522e-27
 1.6000000e+04 fs:  7.0203364e-07  5.6501392e-01  4.5775138e-01  9.4052733e-09 -1.8301573e-27 -2.1969776e-27
 1.7000000e+04 fs:  6.8374331e-07  5.5029704e-01  4.4552997e-01  9.1996287e-09 -1.7709927e-27 -2.1299737e-27
 1.8000000e+04 fs:  6.6592952e-07  5.3596348e-01  4.3363465e-01  8.9983315e-09 -1.6589745e-27 -2.0794866e-27
 1.9000000e+04 fs:  6.4857984e-07  5.2200328e-01  4.2205672e-01  8.8012943e-09 -1.7078839e-27 -2.0275204e-27
 2.0000000e+04 fs:  6.3168220e-07  5.0840671e-01  4.1078772e-01  8.6084311e-09 -1.5765385e-27 -1.9726946e-27
 2.1000000e+04 fs:  6.1522481e-07  4.9516429e-01  3.9981941e-01  8.4196576e-09 -1.5954712e-27 -1.9285677e-27
 2.2000000e+04 fs:  5.9919619e-07  4.8226679e-01  3.8914378e-01  8.2348911e-09 -1.5676638e-27 -1.8757633e-27
 2.3000000e+04 fs:  5.8358518e-07  4.6970524e-01  3.7875301e-01  8.0540504e-09 -1.5589864e-27 -1.8196063e-27
 2.4000000e+04 fs:  5.6838090e-07  4.5747089e-01  3.6863952e-01  7.8770560e-09 -1.5000190e-27 -1.7772543e-27
 2.5000000e+04 fs:  5.5357275e-07  4.4555520e-01  3.5879591e-01  7.7038296e-09 -1.3935228e-27 -1.7318455e-27
 2.6000000e+04 fs:  5.3915041e-07  4.3394989e-01  3.4921497e-01  7.5342947e-09 -1.3540797e-27 -1.6837250e-27
 2.7000000e+04 fs:  5.2510383e-07  4.2264686e-01  3.3988972e-01  7.3683760e-09 -1.3012261e-27 -1.6441833e-27
 2.8000000e+04 fs:  5.1142321e-07  4.1163824e-01  3.3081332e-01  7.2059998e-09 -1.3479661e-27 -1.6028668e-27
 2.9000000e+04 fs:  4.9809903e-07  4.0091637e-01  3.2197913e-01  7.0470938e-09 -1.2416671e-27 -1.5569156e-27
 3.0000000e+04 fs:  4.8512199e-07  3.9047377e-01  3.1338071e-01  6.8915868e-09 -1.2755881e-27 -1.5194940e-27
 3.1000000e+04 fs:  4.7248305e-07  3.8030317e-01  3.0501176e-01  6.7394093e-09 -1.2852516e-27 -1.4753178e-27
 3.2000000e+04 fs:  4.6017341e-07  3.7039749e-01  2.9686616e-01  6.5904931e-09 -1.1475954e-27 -1.4344943e-27
 3.3000000e+04 fs:  4.4818447e-07  3.6074982e-01  2.8893795e-01  6.4447711e-09 -1.2394977e-27 -1.3992913e-27
 3.4000000e+04 fs:  4.3650789e-07  3.5135344e-01  2.8122134e-01  6.3021776e-09 -1.1304377e-27 -1.3633489e-27
 3.5000000e+04 fs:  4.2513553e-07  3.4220182e-01  2.7371068e-01  6.1626482e-09 -1.2306230e-27 -1.3320902e-27
 3.6000000e+04 fs:  4.1405947e-07  3.3328856e-01  2.6640048e-01  6.0261198e-09 -1.0111225e-27 -1.2950138e-27
 3.7000000e+04 fs:  4.0327197e-07  3.2460748e-01  2.5928539e-01  5.8925303e-09 -1.0142779e-27 -1.2596630e-27
 3.8000000e+04 fs:  3.9276553e-07  3.1615250e-01  2.5236021e-01  5.7618191e-09 -1.0207860e-27 -1.2258405e-27
 3.9000000e+04 fs:  3.8253282e-07  3.0791776e-01  2.4561987e-01  5.6339266e-09 -9.0265409e-28 -1.1983290e-27
 4.0000000e+04 fs:  3.7256670e-07  2.9989751e-01  2.3905945e-01  5.5087943e-09 -9.4051941e-28 -1.1659364e-27
 4.1000000e+04 fs:  3.6286024e-07  2.9208616e-01  2.3267413e-01  5.3863650e-09 -9.0541510e-28 -1.1335931e-27
 4.2000000e+04 fs:  3.5340667e-07  2.8447827e-01  2.2645925e-01  5.2665825e-09 -9.4604144e-28 -1.1045532e-27
 4.3000000e+04 fs:  3.4419940e-07  2.7706855e-01  2.2041027e-01  5.1493918e-09 -9.4959131e-28 -1.0759077e-27
 4.4000000e+04 fs:  3.3523201e-07  2.6985183e-01  2.1452276e-01  5.0347389e-09 -8.4427838e-28 -1.0503683e-27
 4.5000000e+04 fs:  3.2649825e-07  2.6282308e-01  2.0879241e-01  4.9225709e-09 -8.6261940e-28 -1.0220679e-27
 4.6000000e+04 fs:  3.1799204e-07  2.5597742e-01  2.0321503e-01  4.8128359e-09 -8.0414509e-28 -9.9465499e-28
 4.7000000e+04 fs:  3.0970744e-07  2.4931006e-01  1.9778653e-01  4.7054832e-09 -8.0177850e-28 -9.6911562e-28
 4.8000000e+04 fs:  3.0163869e-07  2.4281636e-01  1.9250295e-01  4.6004628e-09 -7.5898280e-28 -9.4530188e-28
 4.9000000e+04 fs:  2.9378015e-07  2.3649181e-01  1.8736042e-01  4.4977259e-09 -7.3571140e-28 -9.2092115e-28
 5.0000000e+04 fs:  2.8612636e-07  2.3033199e-01  1.8235518e-01  4.3972246e-09 -7.3817659e-28 -8.9400127e-28
 5.1000000e+04 fs:  2.7867197e-07  2.2433262e-01  1.7748356e-01  4.2989120e-09 -7.1263722e-28 -8.7023684e-28
 5.2000000e+04 fs:  2.7141180e-07  2.1848951e-01  1.7274199e-01  4.2027421e-09 -7.0750962e-28 -8.5068788e-28
 5.3000000e+04 fs:  2.6434078e-07  2.1279859e-01  1.6812702e-01  4.1086698e-09 -6.4883809e-28 -8.2613458e-28
 5.4000000e+04 fs:  2.5745398e-07  2.0725591e-01  1.6363526e-01  4.0166510e-09 -6.7891342e-28 -8.0409578e-28
 5.5000000e+04 fs:  2.5074661e-07  2.0185760e-01  1.5926342e-01  3.9266423e-09 -6.4834506e-28 -7.8405378e-28
 5.6000000e+04 fs:  2.4421398e-07  1.9659990e-01  1.5500831e-01  3.8386013e-09 -6.4509101e-28 -7.6295175e-28
 5.7000000e+04 fs:  2.3785156e-07  1.9147914e-01  1.5086680e-01  3.7524864e-09 -6.5002139e-28 -7.4581868e-28
 5.8000000e+04 fs:  2.3165489e-07  1.8649177e-01  1.4683588e-01  3.6682570e-09 -5.8691251e-28 -7.2422361e-28
 5.9000000e+04 fs:  2.2561967e-07  1.8163430e-01  1.4291258e-01  3.5858730e-09 -5.4884997e-28 -7.0467466e-28
 6.0000000e+04 fs:  2.1974169e-07  1.7690335e-01  1.3909404e-01  3.5052954e-09 -5.6650074e-28 -6.8621038e-28
 6.1000000e+04 fs:  2.1401684e-07  1.7229563e-01  1.3537745e-01  3.4264859e-09 -5.1709832e-28 -6.7006338e-28
 6.2000000e+04 fs:  2.0844115e-07  1.6780793e-01  1.3176011e-01  3.3494068e-09 -5.7695314e-28 -6.5044047e-28
 6.3000000e+04 fs:  2.0301072e-07  1.6343711e-01  1.2823936e-01  3.2740215e-09 -5.1838022e-28 -6.3584654e-28
 6.4000000e+04 fs:  1.9772178e-07  1.5918014e-01  1.2481262e-01  3.2002938e-09 -4.7903578e-28 -6.1725901e-28
 6.5000000e+04 fs:  1.9257062e-07  1.5503406e-01  1.2147739e-01  3.1281884e-09 -5.0230718e-28 -6.0160505e-28
 6.6000000e+04 fs:  1.8755367e-07  1.5099596e-01  1.1823122e-01  3.0576708e-09 -4.5842679e-28 -5.8629622e-28
 6.7000000e+04 fs:  1.8266743e-07  1.4706305e-01  1.1507174e-01  2.9887071e-09 -4.8406477e-28 -5.7098738e-28
 6.8000000e+04 fs:  1.7790849e-07  1.4323257e-01  1.1199663e-01  2.9212641e-09 -4.6582236e-28 -5.5530877e-28
 6.9000000e+04 fs:  1.7327353e-07  1.3950187e-01  1.0900364e-01  2.8553092e-09 -4.3584565e-28 -5.4352516e-28
 7.0000000e+04 fs:  1.6875933e-07  1.3586834e-01  1.0609058e-01  2.7908107e-09 -4.1523666e-28 -5.2804377e-28
 7.1000000e+04 fs:  1.6436274e-07  1.3232945e-01  1.0325532e-01  2.7277372e-09 -4.3574704e-28 -5.1359775e-28
 7.2000000e+04 fs:  1.6008069e-07  1.2888274e-01  1.0049578e-01  2.6660583e-09 -3.9699425e-28 -5.0117319e-28
 7.3000000e+04 fs:  1.5591021e-07  1.2552580e-01  9.7809937e-02  2.6057440e-09 -3.9630400e-28 -4.8709696e-28
 7.4000000e+04 fs:  1.5184837e-07  1.2225630e-01  9.5195827e-02  2.5467650e-09 -3.6632728e-28 -4.7528870e-28
 7.5000000e+04 fs:  1.4789236e-07  1.1907197e-01  9.2651535e-02  2.4890926e-09 -3.6050943e-28 -4.6311066e-28
 7.6000000e+04 fs:  1.4403942e-07  1.1597057e-01  9.0175197e-02  2.4326987e-09 -3.5380412e-28 -4.5130239e-28
 7.7000000e+04 fs:  1.4028686e-07  1.1294995e-01  8.7764999e-02  2.3775557e-09 -3.6928551e-28 -4.3858201e-28
 7.8000000e+04 fs:  1.3663206e-07  1.1000801e-01  8.5419177e-02  2.3236366e-09 -3.1593879e-28 -4.2665049e-28
 7.9000000e+04 fs:  1.3307248e-07  1.0714270e-01  8.3136011e-02  2.2709152e-09 -3.4877513e-28 -4.1587761e-28
 8.0000000e+04 fs:  1.2960564e-07  1.0435203e-01  8.0913830e-02  2.2193654e-09 -3.0233094e-28 -4.0511705e-28
 8.1000000e+04 fs:  1.2622912e-07  1.0163403e-01  7.8751005e-02  2.1689619e-09 -3.1406525e-28 -3.9431952e-28
 8.2000000e+04 fs:  1.2294057e-07  9.8986838e-02  7.6645952e-02  2.1196801e-09 -2.8744119e-28 -3.8490249e-28
 8.3000000e+04 fs:  1.1973769e-07  9.6408593e-02  7.4597129e-02  2.0714955e-09 -3.2555303e-28 -3.7462265e-28
 8.4000000e+04 fs:  1.1661826e-07  9.3897502e-02  7.2603035e-02  2.0243844e-09 -2.8541974e-28 -3.6397303e-28
 8.5000000e+04 fs:  1.1358010e-07  9.1451817e-02  7.0662209e-02  1.9783236e-09 -2.8694815e-28 -3.5502439e-28
 8.6000000e+04 fs:  1.1062109e-07  8.9069834e-02  6.8773229e-02  1.9332902e-09 -3.0060531e-28 -3.4627296e-28
 8.7000000e+04 fs:  1.0773917e-07  8.6749894e-02  6.6934711e-02  1.8892618e-09 -2.4464549e-28 -3.3718873e-28
 8.8000000e+04 fs:  1.0493233e-07  8.4490380e-02  6.5145308e-02  1.8462168e-09 -2.5529511e-28 -3.2803055e-28
 8.9000000e+04 fs:  1.0219862e-07  8.2289719e-02  6.3403708e-02  1.8041336e-09 -2.4444827e-28 -3.1922982e-28
 9.0000000e+04 fs:  9.9536131e-08  8.0146378e-02  6.1708635e-02  1.7629913e-09 -2.4992100e-28 -3.1147680e-28
 9.1000000e+04 fs:  9.6943006e-08  7.8058863e-02  6.0058848e-02  1.7227694e-09 -2.5287922e-28 -3.0271305e-28
 9.2000000e+04 fs:  9.4417439e-08  7.6025722e-02  5.8453137e-02  1.6834479e-09 -2.1881029e-28 -2.9558865e-28
 9.3000000e+04 fs:  9.1957671e-08  7.4045536e-02  5.6890325e-02  1.6450070e-09 -2.2635378e-28 -2.8776167e-28
 9.4000000e+04 fs:  8.9561985e-08  7.2116928e-02  5.5369267e-02  1.6074276e-09 -2.2911479e-28 -2.8036610e-28
 9.5000000e+04 fs:  8.7228714e-08  7.0238554e-02  5.3888849e-02  1.5706909e-09 -2.0224421e-28 -2.7350054e-28
 9.6000000e+04 fs:  8.4956231e-08  6.8409104e-02  5.2447984e-02  1.5347783e-09 -1.9667288e-28 -2.6555030e-28
 9.7000000e+04 fs:  8.2742951e-08  6.6627306e-02  5.1045618e-02  1.4996719e-09 -2.1240080e-28 -2.5835195e-28
 9.8000000e+04 fs:  8.0587334e-08  6.4891917e-02  4.9680722e-02  1.4653539e-09 -2.1136542e-28 -2.5270666e-28
 9.9000000e+04 fs:  7.8487876e-08  6.3201729e-02  4.8352295e-02  1.4318071e-09 -1.8212826e-28 -2.4508922e-28
