 0.0000000e+00 fs:
 (0,0) (0,0) (-0,0) (0,0) (-0,0) (-0,0)
 (0,0) (0,0) (0,0) (0,0) (-0,0) (-0,0)
 (-0,0) (0,-0) (0,0) (0,0) (-0,0) (-0,0)
 (0,-0) (0,-0) (0,0) (0,0) (-0,0) (-0,0)
 (-0,0) (-0,0) (-0,0) (-0,0) (-0.707058,0) (0.0022929,0.00795145)
 (-0,0) (-0,0) (-0,0) (-0,0) (0.0022929,-0.00795145) (0.707058,0)
 1.0000000e+03 fs:
 (0,0) (0,0) (0,0) (0,0) (0,0) (0,0)
 (0,0) (0,0) (0,0) (0,0) (0,0) (0,0)
 (0,0) (0,0) (0,0) (0,0) (0,0) (0,0)
 (0,0) (0,0) (0,0) (0,0) (0,0) (0,0)
 (0,0) (0,0) (0,0) (0,0) (-0.707058,0) (0.00225713,0.00794915)
 (0,0) (0,0) (0,0) (0,0) (0.00225713,-0.00794915) (0.707059,0)
 2.0000000e+03 fs:
 (0,0) (0,0) (0,0) (0,0) (0,-0) (0,-0)
 (0,0) (0,0) (0,0) (0,0) (0,-0) (0,-0)
 (0,0) (0,0) (0,0) (0,0) (0,-0) (0,-0)
 (0,0) (0,0) (0,0) (0,0) (0,-0) (0,-0)
 (-0,0) (-0,0) (-0,0) (-0,0) (-0.707059,0) (0.00222336,0.00790109)
 (-0,0) (-0,0) (-0,0) (-0,0) (0.00222336,-0.00790109) (0.707059,0)
 3.0000000e+03 fs:
 (0,0) (0,0) (0,0) (0,0) (-0,0) (-0,0)
 (0,0) (0,0) (0,0) (0,0) (-0,0) (-0,0)
 (0,0) (0,0) (0,0) (0,0) (-0,0) (-0,0)
 (0,0) (0,0) (0,0) (0,0) (-0,0) (-0,0)
 (0,-0) (0,-0) (0,-0) (0,-0) (-0.70706,0) (0.00218704,0.00784751)
 (0,-0) (0,-0) (0,-0) (0,-0) (0.00218704,-0.00784751) (0.70706,0)
 4.0000000e+03 fs:
 (0,0) (0,0) (0,0) (0,0) (0,0) (0,0)
 (0,0) (0,0) (0,0) (0,0) (0,0) (0,0)
 (0,0) (0,0) (0,0) (0,0) (0,0) (0,0)
 (0,0) (0,0) (0,0) (0,0) (0,0) (0,0)
 (0,0) (0,0) (0,0) (0,0) (-0.70706,0) (0.00215058,0.00779349)
 (0,0) (0,0) (0,0) (0,0) (0.00215058,-0.00779349) (0.707061,0)
 5.0000000e+03 fs:
 (0,0) (0,0) (0,0) (0,0) (0,0) (0,0)
 (0,0) (0,0) (0,0) (0,0) (0,0) (0,0)
 (0,0) (0,0) (0,0) (0,0) (0,0) (0,0)
 (0,0) (0,0) (0,0) (0,0) (0,0) (0,0)
 (0,0) (0,0) (0,0) (0,0) (-0.707061,0) (0.00211412,0.00773943)
 (0,0) (0,0) (0,0) (0,0) (0.00211412,-0.00773943) (0.707062,0)
 6.0000000e+03 fs:
 (0,0) (0,0) (0,0) (0,0) (0,-0) (0,-0)
 (0,0) (0,0) (0,0) (0,0) (0,-0) (0,-0)
 (0,0) (0,0) (0,0) (0,0) (0,-0) (0,-0)
 (0,0) (0,0) (0,0) (0,0) (0,-0) (0,-0)
 (-0,0) (-0,0) (-0,0) (-0,0) (-0.707062,0) (0.00207768,0.00768536)
 (-0,0) (-0,0) (-0,0) (-0,0) (0.00207768,-0.00768536) (0.707062,0)
 7.0000000e+03 fs:
 (0,0) (0,0) (0,0) (0,0) (-0,0) (-0,0)
 (0,0) (0,0) (0,0) (0,0) (-0,0) (-0,0)
 (0,0) (0,0) (0,0) (0,0) (-0,0) (-0,0)
 (0,0) (0,0) (0,0) (0,0) (-0,0) (-0,0)
 (0,-0) (0,-0) (0,-0) (0,-0) (-0.707062,0) (0.00204123,0.0076313)
 (0,-0) (0,-0) (0,-0) (0,-0) (0.00204123,-0.0076313) (0.707063,0)
 8.0000000e+03 fs:
 (0,0) (0,0) (0,0) (0,0) (0,0) (0,0)
 (0,0) (0,0) (0,0) (0,0) (0,0) (0,0)
 (0,0) (0,0) (0,0) (0,0) (0,0) (0,0)
 (0,0) (0,0) (0,0) (0,0) (0,0) (0,0)
 (0,0) (0,0) (0,0) (0,0) (-0.707063,0) (0.00200478,0.00757722)
 (0,0) (0,0) (0,0) (0,0) (0.00200478,-0.00757722) (0.707064,0)
 9.0000000e+03 fs:
 (0,0) (0,0) (0,0) (0,0) (0,0) (0,0)
 (0,0) (0,0) (0,0) (0,0) (0,0) (0,0)
 (0,0) (0,0) (0,0) (0,0) (0,0) (0,0)
 (0,0) (0,0) (0,0) (0,0) (0,0) (0,0)
 (0,0) (0,0) (0,0) (0,0) (-0.707064,0) (0.00196833,0.00752315)
 (0,0) (0,0) (0,0) (0,0) (0.00196833,-0.00752315) (0.707064,0)
 1.0000000e+04 fs:
 (0,0) (0,0) (0,0) (0,0) (0,-0) (0,-0)
 (0,0) (0,0) (0,0) (0,0) (0,-0) (0,-0)
 (0,0) (0,0) (0,0) (0,0) (0,-0) (0,-0)
 (0,0) (0,0) (0,0) (0,0) (0,-0) (0,-0)
 (-0,0) (-0,0) (-0,0) (-0,0) (-0.707064,0) (0.00193188,0.00746907)
 (-0,0) (-0,0) (-0,0) (-0,0) (0.00193188,-0.00746907) (0.707065,0)
 1.1000000e+04 fs:
 (0,0) (0,0) (0,0) (0,0) (-0,0) (-0,0)
 (0,0) (0,0) (0,0) (0,0) (-0,0) (-0,0)
 (0,0) (0,0) (0,0) (0,0) (-0,0) (-0,0)
 (0,0) (0,0) (0,0) (0,0) (-0,0) (-0,0)
 (0,-0) (0,-0) (0,-0) (0,-0) (-0.707065,0) (0.00189543,0.00741498)
 (0,-0) (0,-0) (0,-0) (0,-0) (0.00189543,-0.00741498) (0.707066,0)
 1.2000000e+04 fs:
 (0,0) (0,0) (0,0) (0,0) (-0,0) (-0,0)
 (0,0) (0,0) (0,0) (0,0) (-0,0) (-0,0)
 (0,0) (0,0) (0,0) (0,0) (-0,0) (-0,0)
 (0,0) (0,0) (0,0) (0,0) (-0,0) (-0,0)
 (0,-0) (0,-0) (0,-0) (0,-0) (-0.707066,0) (0.00185897,0.00736089)
 (0,-0) (0,-0) (0,-0) (0,-0) (0.00185897,-0.00736089) (0.707066,0)
 1.3000000e+04 fs:
 (0,0) (0,0) (0,0) (0,0) (0,0) (0,0)
 (0,0) (0,0) (0,0) (0,0) (0,0) (0,0)
 (0,0) (0,0) (0,0) (0,0) (0,0) (0,0)
 (0,0) (0,0) (0,0) (0,0) (0,0) (0,0)
 (0,0) (0,0) (0,0) (0,0) (-0.707066,0) (0.00182251,0.0073068)
 (0,0) (0,0) (0,0) (0,0) (0.00182251,-0.0073068) (0.707067,0)
 1.4000000e+04 fs:
 (0,0) (0,0) (0,0) (0,0) (0,0) (0,0)
 (0,0) (0,0) (0,0) (0,0) (0,0) (0,0)
 (0,0) (0,0) (0,0) (0,0) (0,0) (0,0)
 (0,0) (0,0) (0,0) (0,0) (0,0) (0,0)
 (0,0) (0,0) (0,0) (0,0) (-0.707067,0) (0.00178605,0.0072527)
 (0,0) (0,0) (0,0) (0,0) (0.00178605,-0.0072527) (0.707068,0)
 1.5000000e+04 fs:
 (0,0) (0,0) (0,0) (0,0) (0,-0) (0,-0)
 (0,0) (0,0) (0,0) (0,0) (0,-0) (0,-0)
 (0,0) (0,0) (0,0) (0,0) (0,-0) (0,-0)
 (0,0) (0,0) (0,0) (0,0) (0,-0) (0,-0)
 (-0,0) (-0,0) (-0,0) (-0,0) (-0.707068,0) (0.00174959,0.0071986)
 (-0,0) (-0,0) (-0,0) (-0,0) (0.00174959,-0.0071986) (0.707068,0)
 1.6000000e+04 fs:
 (0,0) (0,0) (0,0) (0,0) (-0,0) (-0,0)
 (0,0) (0,0) (0,0) (0,0) (-0,0) (-0,0)
 (0,0) (0,0) (0,0) (0,0) (-0,0) (-0,0)
 (0,0) (0,0) (0,0) (0,0) (-0,0) (-0,0)
 (0,-0) (0,-0) (0,-0) (0,-0) (-0.707068,0) (0.00171313,0.0071445)
 (0,-0) (0,-0) (0,-0) (0,-0) (0.00171313,-0.0071445) (0.707069,0)
 1.7000000e+04 fs:
 (0,0) (0,0) (0,0) (0,0) (0,0) (0,0)
 (0,0) (0,0) (0,0) (0,0) (0,0) (0,0)
 (0,0) (0,0) (0,0) (0,0) (0,0) (0,0)
 (0,0) (0,0) (0,0) (0,0) (0,0) (0,0)
 (0,0) (0,0) (0,0) (0,0) (-0.707069,0) (0.00167666,0.00709039)
 (0,0) (0,0) (0,0) (0,0) (0.00167666,-0.00709039) (0.70707,0)
 1.8000000e+04 fs:
 (0,0) (0,0) (0,0) (0,0) (0,0) (0,0)
 (0,0) (0,0) (0,0) (0,0) (0,0) (0,0)
 (0,0) (0,0) (0,0) (0,0) (0,0) (0,0)
 (0,0) (0,0) (0,0) (0,0) (0,0) (0,0)
 (0,0) (0,0) (0,0) (0,0) (-0.70707,0) (0.00164019,0.00703628)
 (0,0) (0,0) (0,0) (0,0) (0.00164019,-0.00703628) (0.70707,0)
 1.9000000e+04 fs:
 (0,0) (0,0) (0,0) (0,0) (0,-0) (0,-0)
 (0,0) (0,0) (0,0) (0,0) (0,-0) (0,-0)
 (0,0) (0,0) (0,0) (0,0) (0,-0) (0,-0)
 (0,0) (0,0) (0,0) (0,0) (0,-0) (0,-0)
 (-0,0) (-0,0) (-0,0) (-0,0) (-0.70707,0) (0.00160372,0.00698216)
 (-0,0) (-0,0) (-0,0) (-0,0) (0.00160372,-0.00698216) (0.707071,0)
 2.0000000e+04 fs:
 (0,0) (0,0) (0,0) (0,0) (-0,0) (-0,0)
 (0,0) (0,0) (0,0) (0,0) (-0,0) (-0,0)
 (0,0) (0,0) (0,0) (0,0) (-0,0) (-0,0)
 (0,0) (0,0) (0,0) (0,0) (-0,0) (-0,0)
 (0,-0) (0,-0) (0,-0) (0,-0) (-0.707071,0) (0.00156725,0.00692804)
 (0,-0) (0,-0) (0,-0) (0,-0) (0.00156725,-0.00692804) (0.707071,0)
 2.1000000e+04 fs:
 (0,0) (0,0) (0,0) (0,0) (0,0) (0,0)
 (0,0) (0,0) (0,0) (0,0) (0,0) (0,0)
 (0,0) (0,0) (0,0) (0,0) (0,0) (0,0)
 (0,0) (0,0) (0,0) (0,0) (0,0) (0,0)
 (0,0) (0,0) (0,0) (0,0) (-0.707071,0) (0.00153077,0.00687392)
 (0,0) (0,0) (0,0) (0,0) (0.00153077,-0.00687392) (0.707072,0)
 2.2000000e+04 fs:
 (0,0) (0,0) (0,0) (0,0) (0,0) (0,0)
 (0,0) (0,0) (0,0) (0,0) (0,0) (0,0)
 (0,0) (0,0) (0,0) (0,0) (0,0) (0,0)
 (0,0) (0,0) (0,0) (0,0) (0,0) (0,0)
 (0,0) (0,0) (0,0) (0,0) (-0.707072,0) (0.0014943,0.00681979)
 (0,0) (0,0) (0,0) (0,0) (0.0014943,-0.00681979) (0.707073,0)
 2.3000000e+04 fs:
 (0,0) (0,0) (0,0) (0,0) (0,0) (0,0)
 (0,0) (0,0) (0,0) (0,0) (0,0) (0,0)
 (0,0) (0,0) (0,0) (0,0) (0,0) (0,0)
 (0,0) (0,0) (0,0) (0,0) (0,0) (0,0)
 (0,0) (0,0) (0,0) (0,0) (-0.707073,0) (0.00145782,0.00676566)
 (0,0) (0,0) (0,0) (0,0) (0.00145782,-0.00676566) (0.707073,0)
 2.4000000e+04 fs:
 (0,0) (0,0) (0,0) (0,0) (0,-0) (0,-0)
 (0,0) (0,0) (0,0) (0,0) (0,-0) (0,-0)
 (0,0) (0,0) (0,0) (0,0) (0,-0) (0,-0)
 (0,0) (0,0) (0,0) (0,0) (0,-0) (0,-0)
 (-0,0) (-0,0) (-0,0) (-0,0) (-0.707073,0) (0.00142134,0.00671152)
 (-0,0) (-0,0) (-0,0) (-0,0) (0.00142134,-0.00671152) (0.707074,0)
 2.5000000e+04 fs:
 (0,0) (0,0) (0,0) (0,0) (-0,0) (-0,0)
 (0,0) (0,0) (0,0) (0,0) (-0,0) (-0,0)
 (0,0) (0,0) (0,0) (0,0) (-0,0) (-0,0)
 (0,0) (0,0) (0,0) (0,0) (-0,0) (-0,0)
 (0,-0) (0,-0) (0,-0) (0,-0) (-0.707074,0) (0.00138485,0.00665738)
 (0,-0) (0,-0) (0,-0) (0,-0) (0.00138485,-0.00665738) (0.707074,0)
 2.6000000e+04 fs:
 (0,0) (0,0) (0,0) (0,0) (0,0) (0,0)
 (0,0) (0,0) (0,0) (0,0) (0,0) (0,0)
 (0,0) (0,0) (0,0) (0,0) (0,0) (0,0)
 (0,0) (0,0) (0,0) (0,0) (0,0) (0,0)
 (0,0) (0,0) (0,0) (0,0) (-0.707074,0) (0.00134837,0.00660324)
 (0,0) (0,0) (0,0) (0,0) (0.00134837,-0.00660324) (0.707075,0)
 2.7000000e+04 fs:
 (0,0) (0,0) (0,0) (0,0) (0,0) (0,0)
 (0,0) (0,0) (0,0) (0,0) (0,0) (0,0)
 (0,0) (0,0) (0,0) (0,0) (0,0) (0,0)
 (0,0) (0,0) (0,0) (0,0) (0,0) (0,0)
 (0,0) (0,0) (0,0) (0,0) (-0.707075,0) (0.00131188,0.00654909)
 (0,0) (0,0) (0,0) (0,0) (0.00131188,-0.00654909) (0.707075,0)
 2.8000000e+04 fs:
 (0,0) (0,0) (0,0) (0,0) (0,-0) (0,-0)
 (0,0) (0,0) (0,0) (0,0) (0,-0) (0,-0)
 (0,0) (0,0) (0,0) (0,0) (0,-0) (0,-0)
 (0,0) (0,0) (0,0) (0,0) (0,-0) (0,-0)
 (-0,0) (-0,0) (-0,0) (-0,0) (-0.707076,0) (0.00127539,0.00649494)
 (-0,0) (-0,0) (-0,0) (-0,0) (0.00127539,-0.00649494) (0.707076,0)
 2.9000000e+04 fs:
 (0,0) (0,0) (0,0) (0,0) (-0,0) (-0,0)
 (0,0) (0,0) (0,0) (0,0) (-0,0) (-0,0)
 (0,0) (0,0) (0,0) (0,0) (-0,0) (-0,0)
 (0,0) (0,0) (0,0) (0,0) (-0,0) (-0,0)
 (0,-0) (0,-0) (0,-0) (0,-0) (-0.707076,0) (0.0012389,0.00644078)
 (0,-0) (0,-0) (0,-0) (0,-0) (0.0012389,-0.00644078) (0.707077,0)
 3.0000000e+04 fs:
 (0,0) (0,0) (0,0) (0,0) (0,0) (0,0)
 (0,0) (0,0) (0,0) (0,0) (0,0) (0,0)
 (0,0) (0,0) (0,0) (0,0) (0,0) (0,0)
 (0,0) (0,0) (0,0) (0,0) (0,0) (0,0)
 (0,0) (0,0) (0,0) (0,0) (-0.707077,0) (0.00120241,0.00638662)
 (0,0) (0,0) (0,0) (0,0) (0.00120241,-0.00638662) (0.707077,0)
 3.1000000e+04 fs:
 (0,0) (0,0) (0,0) (0,0) (0,0) (0,0)
 (0,0) (0,0) (0,0) (0,0) (0,0) (0,0)
 (0,0) (0,0) (0,0) (0,0) (0,0) (0,0)
 (0,0) (0,0) (0,0) (0,0) (0,0) (0,0)
 (0,0) (0,0) (0,0) (0,0) (-0.707077,0) (0.00116591,0.00633246)
 (0,0) (0,0) (0,0) (0,0) (0.00116591,-0.00633246) (0.707078,0)
 3.2000000e+04 fs:
 (0,0) (0,0) (0,0) (0,0) (0,-0) (0,-0)
 (0,0) (0,0) (0,0) (0,0) (0,-0) (0,-0)
 (0,0) (0,0) (0,0) (0,0) (0,-0) (0,-0)
 (0,0) (0,0) (0,0) (0,0) (0,-0) (0,-0)
 (-0,0) (-0,0) (-0,0) (-0,0) (-0.707078,0) (0.00112942,0.00627829)
 (-0,0) (-0,0) (-0,0) (-0,0) (0.00112942,-0.00627829) (0.707078,0)
 3.3000000e+04 fs:
 (0,0) (0,0) (0,0) (0,0) (-0,0) (-0,0)
 (0,0) (0,0) (0,0) (0,0) (-0,0) (-0,0)
 (0,0) (0,0) (0,0) (0,0) (-0,0) (-0,0)
 (0,0) (0,0) (0,0) (0,0) (-0,0) (-0,0)
 (0,-0) (0,-0) (0,-0) (0,-0) (-0.707078,0) (0.00109292,0.00622412)
 (0,-0) (0,-0) (0,-0) (0,-0) (0.00109292,-0.00622412) (0.707079,0)
 3.4000000e+04 fs:
 (0,0) (0,0) (0,0) (0,0) (-0,0) (-0,0)
 (0,0) (0,0) (0,0) (0,0) (-0,0) (-0,0)
 (0,0) (0,0) (0,0) (0,0) (-0,0) (-0,0)
 (0,0) (0,0) (0,0) (0,0) (-0,0) (-0,0)
 (0,-0) (0,-0) (0,-0) (0,-0) (-0.707079,0) (0.00105641,0.00616995)
 (0,-0) (0,-0) (0,-0) (0,-0) (0.00105641,-0.00616995) (0.707079,0)
 3.5000000e+04 fs:
 (0,0) (0,0) (0,0) (0,0) (0,0) (0,0)
 (0,0) (0,0) (0,0) (0,0) (0,0) (0,0)
 (0,0) (0,0) (0,0) (0,0) (0,0) (0,0)
 (0,0) (0,0) (0,0) (0,0) (0,0) (0,0)
 (0,0) (0,0) (0,0) (0,0) (-0.707079,0) (0.00101991,0.00611577)
 (0,0) (0,0) (0,0) (0,0) (0.00101991,-0.00611577) (0.70708,0)
 3.6000000e+04 fs:
 (0,0) (0,0) (0,0) (0,0) (0,0) (0,0)
 (0,0) (0,0) (0,0) (0,0) (0,0) (0,0)
 (0,0) (0,0) (0,0) (0,0) (0,0) (0,0)
 (0,0) (0,0) (0,0) (0,0) (0,0) (0,0)
 (0,0) (0,0) (0,0) (0,0) (-0.70708,0) (0.000983405,0.00606158)
 (0,0) (0,0) (0,0) (0,0) (0.000983405,-0.00606158) (0.70708,0)
 3.7000000e+04 fs:
 (0,0) (0,0) (0,0) (0,0) (0,-0) (0,-0)
 (0,0) (0,0) (0,0) (0,0) (0,-0) (0,-0)
 (0,0) (0,0) (0,0) (0,0) (0,-0) (0,-0)
 (0,0) (0,0) (0,0) (0,0) (0,-0) (0,-0)
 (-0,0) (-0,0) (-0,0) (-0,0) (-0.70708,0) (0.000946897,0.0060074)
 (-0,0) (-0,0) (-0,0) (-0,0) (0.000946897,-0.0060074) (0.707081,0)
 3.8000000e+04 fs:
 (0,0) (0,0) (0,0) (0,0) (-0,0) (-0,0)
 (0,0) (0,0) (0,0) (0,0) (-0,0) (-0,0)
 (0,0) (0,0) (0,0) (0,0) (-0,0) (-0,0)
 (0,0) (0,0) (0,0) (0,0) (-0,0) (-0,0)
 (0,-0) (0,-0) (0,-0) (0,-0) (-0.707081,0) (0.000910387,0.0059532)
 (0,-0) (0,-0) (0,-0) (0,-0) (0.000910387,-0.0059532) (0.707081,0)
 3.9000000e+04 fs:
 (0,0) (0,0) (0,0) (0,0) (0,0) (0,0)
 (0,0) (0,0) (0,0) (0,0) (0,0) (0,0)
 (0,0) (0,0) (0,0) (0,0) (0,0) (0,0)
 (0,0) (0,0) (0,0) (0,0) (0,0) (0,0)
 (0,0) (0,0) (0,0) (0,0) (-0.707081,0) (0.000873875,0.00589901)
 (0,0) (0,0) (0,0) (0,0) (0.000873875,-0.00589901) (0.707082,0)
 4.0000000e+04 fs:
 (0,0) (0,0) (0,0) (0,0) (0,0) (0,0)
 (0,0) (0,0) (0,0) (0,0) (0,0) (0,0)
 (0,0) (0,0) (0,0) (0,0) (0,0) (0,0)
 (0,0) (0,0) (0,0) (0,0) (0,0) (0,0)
 (0,0) (0,0) (0,0) (0,0) (-0.707082,0) (0.000837361,0.00584481)
 (0,0) (0,0) (0,0) (0,0) (0.000837361,-0.00584481) (0.707082,0)
 4.1000000e+04 fs:
 (0,0) (0,0) (0,0) (0,0) (0,-0) (0,-0)
 (0,0) (0,0) (0,0) (0,0) (0,-0) (0,-0)
 (0,0) (0,0) (0,0) (0,0) (0,-0) (0,-0)
 (0,0) (0,0) (0,0) (0,0) (0,-0) (0,-0)
 (-0,0) (-0,0) (-0,0) (-0,0) (-0.707082,0) (0.000800845,0.00579061)
 (-0,0) (-0,0) (-0,0) (-0,0) (0.000800845,-0.00579061) (0.707083,0)
 4.2000000e+04 fs:
 (0,0) (0,0) (0,0) (0,0) (-0,0) (-0,0)
 (0,0) (0,0) (0,0) (0,0) (-0,0) (-0,0)
 (0,0) (0,0) (0,0) (0,0) (-0,0) (-0,0)
 (0,0) (0,0) (0,0) (0,0) (-0,0) (-0,0)
 (0,-0) (0,-0) (0,-0) (0,-0) (-0.707083,0) (0.000764327,0.0057364)
 (0,-0) (0,-0) (0,-0) (0,-0) (0.000764327,-0.0057364) (0.707083,0)
 4.3000000e+04 fs:
 (0,0) (0,0) (0,0) (0,0) (0,0) (0,0)
 (0,0) (0,0) (0,0) (0,0) (0,0) (0,0)
 (0,0) (0,0) (0,0) (0,0) (0,0) (0,0)
 (0,0) (0,0) (0,0) (0,0) (0,0) (0,0)
 (0,0) (0,0) (0,0) (0,0) (-0.707083,0) (0.000727807,0.00568219)
 (0,0) (0,0) (0,0) (0,0) (0.000727807,-0.00568219) (0.707084,0)
 4.4000000e+04 fs:
 (0,0) (0,0) (0,0) (0,0) (0,0) (0,0)
 (0,0) (0,0) (0,0) (0,0) (0,0) (0,0)
 (0,0) (0,0) (0,0) (0,0) (0,0) (0,0)
 (0,0) (0,0) (0,0) (0,0) (0,0) (0,0)
 (0,0) (0,0) (0,0) (0,0) (-0.707084,0) (0.000691285,0.00562797)
 (0,0) (0,0) (0,0) (0,0) (0.000691285,-0.00562797) (0.707084,0)
 4.5000000e+04 fs:
 (0,0) (0,0) (0,0) (0,0) (0,0) (0,0)
 (0,0) (0,0) (0,0) (0,0) (0,0) (0,0)
 (0,0) (0,0) (0,0) (0,0) (0,0) (0,0)
 (0,0) (0,0) (0,0) (0,0) (0,0) (0,0)
 (0,0) (0,0) (0,0) (0,0) (-0.707084,0) (0.000654761,0.00557376)
 (0,0) (0,0) (0,0) (0,0) (0.000654761,-0.00557376) (0.707085,0)
 4.6000000e+04 fs:
 (0,0) (0,0) (0,0) (0,0) (0,-0) (0,-0)
 (0,0) (0,0) (0,0) (0,0) (0,-0) (0,-0)
 (0,0) (0,0) (0,0) (0,0) (0,-0) (0,-0)
 (0,0) (0,0) (0,0) (0,0) (0,-0) (0,-0)
 (-0,0) (-0,0) (-0,0) (-0,0) (-0.707085,0) (0.000618234,0.00551953)
 (-0,0) (-0,0) (-0,0) (-0,0) (0.000618234,-0.00551953) (0.707085,0)
 4.7000000e+04 fs:
 (0,0) (0,0) (0,0) (0,0) (-0,0) (-0,0)
 (0,0) (0,0) (0,0) (0,0) (-0,0) (-0,0)
 (0,0) (0,0) (0,0) (0,0) (-0,0) (-0,0)
 (0,0) (0,0) (0,0) (0,0) (-0,0) (-0,0)
 (0,-0) (0,-0) (0,-0) (0,-0) (-0.707085,0) (0.000581706,0.00546531)
 (0,-0) (0,-0) (0,-0) (0,-0) (0.000581706,-0.00546531) (0.707086,0)
 4.8000000e+04 fs:
 (0,0) (0,0) (0,0) (0,0) (0,0) (0,0)
 (0,0) (0,0) (0,0) (0,0) (0,0) (0,0)
 (0,0) (0,0) (0,0) (0,0) (0,0) (0,0)
 (0,0) (0,0) (0,0) (0,0) (0,0) (0,0)
 (0,0) (0,0) (0,0) (0,0) (-0.707086,0) (0.000545176,0.00541108)
 (0,0) (0,0) (0,0) (0,0) (0.000545176,-0.00541108) (0.707086,0)
 4.9000000e+04 fs:
 (0,0) (0,0) (0,0) (0,0) (0,0) (0,0)
 (0,0) (0,0) (0,0) (0,0) (0,0) (0,0)
 (0,0) (0,0) (0,0) (0,0) (0,0) (0,0)
 (0,0) (0,0) (0,0) (0,0) (0,0) (0,0)
 (0,0) (0,0) (0,0) (0,0) (-0.707086,0) (0.000508644,0.00535684)
 (0,0) (0,0) (0,0) (0,0) (0.000508644,-0.00535684) (0.707087,0)
 5.0000000e+04 fs:
 (0,0) (0,0) (0,0) (0,0) (0,-0) (0,-0)
 (0,0) (0,0) (0,0) (0,0) (0,-0) (0,-0)
 (0,0) (0,0) (0,0) (0,0) (0,-0) (0,-0)
 (0,0) (0,0) (0,0) (0,0) (0,-0) (0,-0)
 (-0,0) (-0,0) (-0,0) (-0,0) (-0.707086,0) (0.000472109,0.0053026)
 (-0,0) (-0,0) (-0,0) (-0,0) (0.000472109,-0.0053026) (0.707087,0)
 5.1000000e+04 fs:
 (0,0) (0,0) (0,0) (0,0) (-0,0) (-0,0)
 (0,0) (0,0) (0,0) (0,0) (-0,0) (-0,0)
 (0,0) (0,0) (0,0) (0,0) (-0,0) (-0,0)
 (0,0) (0,0) (0,0) (0,0) (-0,0) (-0,0)
 (0,-0) (0,-0) (0,-0) (0,-0) (-0.707087,0) (0.000435573,0.00524836)
 (0,-0) (0,-0) (0,-0) (0,-0) (0.000435573,-0.00524836) (0.707087,0)
 5.2000000e+04 fs:
 (0,0) (0,0) (0,0) (0,0) (0,0) (0,0)
 (0,0) (0,0) (0,0) (0,0) (0,0) (0,0)
 (0,0) (0,0) (0,0) (0,0) (0,0) (0,0)
 (0,0) (0,0) (0,0) (0,0) (0,0) (0,0)
 (0,0) (0,0) (0,0) (0,0) (-0.707087,0) (0.000399034,0.00519411)
 (0,0) (0,0) (0,0) (0,0) (0.000399034,-0.00519411) (0.707088,0)
 5.3000000e+04 fs:
 (0,0) (0,0) (0,0) (0,0) (0,0) (0,0)
 (0,0) (0,0) (0,0) (0,0) (0,0) (0,0)
 (0,0) (0,0) (0,0) (0,0) (0,0) (0,0)
 (0,0) (0,0) (0,0) (0,0) (0,0) (0,0)
 (0,0) (0,0) (0,0) (0,0) (-0.707088,0) (0.000362494,0.00513986)
 (0,0) (0,0) (0,0) (0,0) (0.000362494,-0.00513986) (0.707088,0)
 5.4000000e+04 fs:
 (0,0) (0,0) (0,0) (0,0) (0,-0) (0,-0)
 (0,0) (0,0) (0,0) (0,0) (0,-0) (0,-0)
 (0,0) (0,0) (0,0) (0,0) (0,-0) (0,-0)
 (0,0) (0,0) (0,0) (0,0) (0,-0) (0,-0)
 (-0,0) (-0,0) (-0,0) (-0,0) (-0.707088,0) (0.000325951,0.00508561)
 (-0,0) (-0,0) (-0,0) (-0,0) (0.000325951,-0.00508561) (0.707089,0)
 5.5000000e+04 fs:
 (0,0) (0,0) (0,0) (0,0) (-0,0) (-0,0)
 (0,0) (0,0) (0,0) (0,0) (-0,0) (-0,0)
 (0,0) (0,0) (0,0) (0,0) (-0,0) (-0,0)
 (0,0) (0,0) (0,0) (0,0) (-0,0) (-0,0)
 (0,-0) (0,-0) (0,-0) (0,-0) (-0.707089,0) (0.000289407,0.00503135)
 (0,-0) (0,-0) (0,-0) (0,-0) (0.000289407,-0.00503135) (0.707089,0)
 5.6000000e+04 fs:
 (0,0) (0,0) (0,0) (0,0) (-0,0) (-0,0)
 (0,0) (0,0) (0,0) (0,0) (-0,0) (-0,0)
 (0,0) (0,0) (0,0) (0,0) (-0,0) (-0,0)
 (0,0) (0,0) (0,0) (0,0) (-0,0) (-0,0)
 (0,-0) (0,-0) (0,-0) (0,-0) (-0.707089,0) (0.00025286,0.00497709)
 (0,-0) (0,-0) (0,-0) (0,-0) (0.00025286,-0.00497709) (0.707089,0)
 5.7000000e+04 fs:
 (0,0) (0,0) (0,0) (0,0) (0,0) (0,0)
 (0,0) (0,0) (0,0) (0,0) (0,0) (0,0)
 (0,0) (0,0) (0,0) (0,0) (0,0) (0,0)
 (0,0) (0,0) (0,0) (0,0) (0,0) (0,0)
 (0,0) (0,0) (0,0) (0,0) (-0.707089,0) (0.000216312,0.00492283)
 (0,0) (0,0) (0,0) (0,0) (0.000216312,-0.00492283) (0.70709,0)
 5.8000000e+04 fs:
 (0,0) (0,0) (0,0) (0,0) (0,0) (0,0)
 (0,0) (0,0) (0,0) (0,0) (0,0) (0,0)
 (0,0) (0,0) (0,0) (0,0) (0,0) (0,0)
 (0,0) (0,0) (0,0) (0,0) (0,0) (0,0)
 (0,0) (0,0) (0,0) (0,0) (-0.70709,0) (0.000179761,0.00486856)
 (0,0) (0,0) (0,0) (0,0) (0.000179761,-0.00486856) (0.70709,0)
 5.9000000e+04 fs:
 (0,0) (0,0) (0,0) (0,0) (0,-0) (0,-0)
 (0,0) (0,0) (0,0) (0,0) (0,-0) (0,-0)
 (0,0) (0,0) (0,0) (0,0) (0,-0) (0,-0)
 (0,0) (0,0) (0,0) (0,0) (0,-0) (0,-0)
 (-0,0) (-0,0) (-0,0) (-0,0) (-0.70709,0) (0.000143209,0.00481428)
 (-0,0) (-0,0) (-0,0) (-0,0) (0.000143209,-0.00481428) (0.707091,0)
 6.0000000e+04 fs:
 (0,0) (0,0) (0,0) (0,0) (-0,0) (-0,0)
 (0,0) (0,0) (0,0) (0,0) (-0,0) (-0,0)
 (0,0) (0,0) (0,0) (0,0) (-0,0) (-0,0)
 (0,0) (0,0) (0,0) (0,0) (-0,0) (-0,0)
 (0,-0) (0,-0) (0,-0) (0,-0) (-0.70709,0) (0.000106654,0.00476001)
 (0,-0) (0,-0) (0,-0) (0,-0) (0.000106654,-0.00476001) (0.707091,0)
 6.1000000e+04 fs:
 (0,0) (0,0) (0,0) (0,0) (0,0) (0,0)
 (0,0) (0,0) (0,0) (0,0) (0,0) (0,0)
 (0,0) (0,0) (0,0) (0,0) (0,0) (0,0)
 (0,0) (0,0) (0,0) (0,0) (0,0) (0,0)
 (0,0) (0,0) (0,0) (0,0) (-0.707091,0) (7.00973e-05,0.00470572)
 (0,0) (0,0) (0,0) (0,0) (7.00973e-05,-0.00470572) (0.707091,0)
 6.2000000e+04 fs:
 (0,0) (0,0) (0,0) (0,0) (0,0) (0,0)
 (0,0) (0,0) (0,0) (0,0) (0,0) (0,0)
 (0,0) (0,0) (0,0) (0,0) (0,0) (0,0)
 (0,0) (0,0) (0,0) (0,0) (0,0) (0,0)
 (0,0) (0,0) (0,0) (0,0) (-0.707091,0) (3.35387e-05,0.00465144)
 (0,0) (0,0) (0,0) (0,0) (3.35387e-05,-0.00465144) (0.707092,0)
 6.3000000e+04 fs:
 (0,0) (0,0) (0,0) (0,0) (0,-0) (0,-0)
 (0,0) (0,0) (0,0) (0,0) (0,-0) (0,-0)
 (0,0) (0,0) (0,0) (0,0) (0,-0) (0,-0)
 (0,0) (0,0) (0,0) (0,0) (0,-0) (0,-0)
 (-0,0) (-0,0) (-0,0) (-0,0) (-0.707092,0) (-3.02198e-06,0.00459715)
 (-0,0) (-0,0) (-0,0) (-0,0) (-3.02198e-06,-0.00459715) (0.707092,0)
 6.4000000e+04 fs:
 (0,0) (0,0) (0,0) (0,0) (-0,0) (-0,0)
 (0,0) (0,0) (0,0) (0,0) (-0,0) (-0,0)
 (0,0) (0,0) (0,0) (0,0) (-0,0) (-0,0)
 (0,0) (0,0) (0,0) (0,0) (-0,0) (-0,0)
 (0,-0) (0,-0) (0,-0) (0,-0) (-0.707092,0) (-3.95847e-05,0.00454286)
 (0,-0) (0,-0) (0,-0) (0,-0) (-3.95847e-05,-0.00454286) (0.707092,0)
 6.5000000e+04 fs:
 (0,0) (0,0) (0,0) (0,0) (0,0) (0,0)
 (0,0) (0,0) (0,0) (0,0) (0,0) (0,0)
 (0,0) (0,0) (0,0) (0,0) (0,0) (0,0)
 (0,0) (0,0) (0,0) (0,0) (0,0) (0,0)
 (0,0) (0,0) (0,0) (0,0) (-0.707092,0) (-7.61494e-05,0.00448856)
 (0,0) (0,0) (0,0) (0,0) (-7.61494e-05,-0.00448856) (0.707093,0)
 6.6000000e+04 fs:
 (0,0) (0,0) (0,0) (0,0) (0,0) (0,0)
 (0,0) (0,0) (0,0) (0,0) (0,0) (0,0)
 (0,0) (0,0) (0,0) (0,0) (0,0) (0,0)
 (0,0) (0,0) (0,0) (0,0) (0,0) (0,0)
 (0,0) (0,0) (0,0) (0,0) (-0.707093,0) (-0.000112716,0.00443426)
 (0,0) (0,0) (0,0) (0,0) (-0.000112716,-0.00443426) (0.707093,0)
 6.7000000e+04 fs:
 (0,0) (0,0) (0,0) (0,0) (0,0) (0,0)
 (0,0) (0,0) (0,0) (0,0) (0,0) (0,0)
 (0,0) (0,0) (0,0) (0,0) (0,0) (0,0)
 (0,0) (0,0) (0,0) (0,0) (0,0) (0,0)
 (0,0) (0,0) (0,0) (0,0) (-0.707093,0) (-0.000149285,0.00437996)
 (0,0) (0,0) (0,0) (0,0) (-0.000149285,-0.00437996) (0.707093,0)
 6.8000000e+04 fs:
 (0,0) (0,0) (0,0) (0,0) (0,-0) (0,-0)
 (0,0) (0,0) (0,0) (0,0) (0,-0) (0,-0)
 (0,0) (0,0) (0,0) (0,0) (0,-0) (0,-0)
 (0,0) (0,0) (0,0) (0,0) (0,-0) (0,-0)
 (-0,0) (-0,0) (-0,0) (-0,0) (-0.707093,0) (-0.000185856,0.00432565)
 (-0,0) (-0,0) (-0,0) (-0,0) (-0.000185856,-0.00432565) (0.707094,0)
 6.9000000e+04 fs:
 (0,0) (0,0) (0,0) (0,0) (-0,0) (-0,0)
 (0,0) (0,0) (0,0) (0,0) (-0,0) (-0,0)
 (0,0) (0,0) (0,0) (0,0) (-0,0) (-0,0)
 (0,0) (0,0) (0,0) (0,0) (-0,0) (-0,0)
 (0,-0) (0,-0) (0,-0) (0,-0) (-0.707094,0) (-0.000222428,0.00427134)
 (0,-0) (0,-0) (0,-0) (0,-0) (-0.000222428,-0.00427134) (0.707094,0)
 7.0000000e+04 fs:
 (0,0) (0,0) (0,0) (0,0) (0,0) (0,0)
 (0,0) (0,0) (0,0) (0,0) (0,0) (0,0)
 (0,0) (0,0) (0,0) (0,0) (0,0) (0,0)
 (0,0) (0,0) (0,0) (0,0) (0,0) (0,0)
 (0,0) (0,0) (0,0) (0,0) (-0.707094,0) (-0.000259003,0.00421702)
 (0,0) (0,0) (0,0) (0,0) (-0.000259003,-0.00421702) (0.707094,0)
 7.1000000e+04 fs:
 (0,0) (0,0) (0,0) (0,0) (0,0) (0,0)
 (0,0) (0,0) (0,0) (0,0) (0,0) (0,0)
 (0,0) (0,0) (0,0) (0,0) (0,0) (0,0)
 (0,0) (0,0) (0,0) (0,0) (0,0) (0,0)
 (0,0) (0,0) (0,0) (0,0) (-0.707094,0) (-0.00029558,0.0041627)
 (0,0) (0,0) (0,0) (0,0) (-0.00029558,-0.0041627) (0.707095,0)
 7.2000000e+04 fs:
 (0,0) (0,0) (0,0) (0,0) (0,-0) (0,-0)
 (0,0) (0,0) (0,0) (0,0) (0,-0) (0,-0)
 (0,0) (0,0) (0,0) (0,0) (0,-0) (0,-0)
 (0,0) (0,0) (0,0) (0,0) (0,-0) (0,-0)
 (-0,0) (-0,0) (-0,0) (-0,0) (-0.707095,0) (-0.000332159,0.00410838)
 (-0,0) (-0,0) (-0,0) (-0,0) (-0.000332159,-0.00410838) (0.707095,0)
 7.3000000e+04 fs:
 (0,0) (0,0) (0,0) (0,0) (-0,0) (-0,0)
 (0,0) (0,0) (0,0) (0,0) (-0,0) (-0,0)
 (0,0) (0,0) (0,0) (0,0) (-0,0) (-0,0)
 (0,0) (0,0) (0,0) (0,0) (-0,0) (-0,0)
 (0,-0) (0,-0) (0,-0) (0,-0) (-0.707095,0) (-0.000368739,0.00405405)
 (0,-0) (0,-0) (0,-0) (0,-0) (-0.000368739,-0.00405405) (0.707095,0)
 7.4000000e+04 fs:
 (0,0) (0,0) (0,0) (0,0) (0,0) (0,0)
 (0,0) (0,0) (0,0) (0,0) (0,0) (0,0)
 (0,0) (0,0) (0,0) (0,0) (0,0) (0,0)
 (0,0) (0,0) (0,0) (0,0) (0,0) (0,0)
 (0,0) (0,0) (0,0) (0,0) (-0.707095,0) (-0.000405322,0.00399972)
 (0,0) (0,0) (0,0) (0,0) (-0.000405322,-0.00399972) (0.707096,0)
 7.5000000e+04 fs:
 (0,0) (0,0) (0,0) (0,0) (0,0) (0,0)
 (0,0) (0,0) (0,0) (0,0) (0,0) (0,0)
 (0,0) (0,0) (0,0) (0,0) (0,0) (0,0)
 (0,0) (0,0) (0,0) (0,0) (0,0) (0,0)
 (0,0) (0,0) (0,0) (0,0) (-0.707095,0) (-0.000441907,0.00394538)
 (0,0) (0,0) (0,0) (0,0) (-0.000441907,-0.00394538) (0.707096,0)
 7.6000000e+04 fs:
 (0,0) (0,0) (0,0) (0,0) (0,-0) (0,-0)
 (0,0) (0,0) (0,0) (0,0) (0,-0) (0,-0)
 (0,0) (0,0) (0,0) (0,0) (0,-0) (0,-0)
 (0,0) (0,0) (0,0) (0,0) (0,-0) (0,-0)
 (-0,0) (-0,0) (-0,0) (-0,0) (-0.707096,0) (-0.000478494,0.00389104)
 (-0,0) (-0,0) (-0,0) (-0,0) (-0.000478494,-0.00389104) (0.707096,0)
 7.7000000e+04 fs:
 (0,0) (0,0) (0,0) (0,0) (-0,0) (-0,0)
 (0,0) (0,0) (0,0) (0,0) (-0,0) (-0,0)
 (0,0) (0,0) (0,0) (0,0) (-0,0) (-0,0)
 (0,0) (0,0) (0,0) (0,0) (-0,0) (-0,0)
 (0,-0) (0,-0) (0,-0) (0,-0) (-0.707096,0) (-0.000515082,0.0038367)
 (0,-0) (0,-0) (0,-0) (0,-0) (-0.000515082,-0.0038367) (0.707096,0)
 7.8000000e+04 fs:
 (0,0) (0,0) (0,0) (0,0) (0,0) (0,0)
 (0,0) (0,0) (0,0) (0,0) (0,0) (0,0)
 (0,0) (0,0) (0,0) (0,0) (0,0) (0,0)
 (0,0) (0,0) (0,0) (0,0) (0,0) (0,0)
 (0,0) (0,0) (0,0) (0,0) (-0.707096,0) (-0.000551673,0.00378235)
 (0,0) (0,0) (0,0) (0,0) (-0.000551673,-0.00378235) (0.707097,0)
 7.9000000e+04 fs:
 (0,0) (0,0) (0,0) (0,0) (0,0) (0,0)
 (0,0) (0,0) (0,0) (0,0) (0,0) (0,0)
 (0,0) (0,0) (0,0) (0,0) (0,0) (0,0)
 (0,0) (0,0) (0,0) (0,0) (0,0) (0,0)
 (0,0) (0,0) (0,0) (0,0) (-0.707096,0) (-0.000588266,0.003728)
 (0,0) (0,0) (0,0) (0,0) (-0.000588266,-0.003728) (0.707097,0)
 8.0000000e+04 fs:
 (0,0) (0,0) (0,0) (0,0) (0,0) (0,0)
 (0,0) (0,0) (0,0) (0,0) (0,0) (0,0)
 (0,0) (0,0) (0,0) (0,0) (0,0) (0,0)
 (0,0) (0,0) (0,0) (0,0) (0,0) (0,0)
 (0,0) (0,0) (0,0) (0,0) (-0.707097,0) (-0.00062486,0.00367365)
 (0,0) (0,0) (0,0) (0,0) (-0.00062486,-0.00367365) (0.707097,0)
 8.1000000e+04 fs:
 (0,0) (0,0) (0,0) (0,0) (0,-0) (0,-0)
 (0,0) (0,0) (0,0) (0,0) (0,-0) (0,-0)
 (0,0) (0,0) (0,0) (0,0) (0,-0) (0,-0)
 (0,0) (0,0) (0,0) (0,0) (0,-0) (0,-0)
 (-0,0) (-0,0) (-0,0) (-0,0) (-0.707097,0) (-0.000661457,0.00361929)
 (-0,0) (-0,0) (-0,0) (-0,0) (-0.000661457,-0.00361929) (0.707097,0)
 8.2000000e+04 fs:
 (0,0) (0,0) (0,0) (0,0) (-0,0) (-0,0)
 (0,0) (0,0) (0,0) (0,0) (-0,0) (-0,0)
 (0,0) (0,0) (0,0) (0,0) (-0,0) (-0,0)
 (0,0) (0,0) (0,0) (0,0) (-0,0) (-0,0)
 (0,-0) (0,-0) (0,-0) (0,-0) (-0.707097,0) (-0.000698056,0.00356493)
 (0,-0) (0,-0) (0,-0) (0,-0) (-0.000698056,-0.00356493) (0.707098,0)
 8.3000000e+04 fs:
 (0,0) (0,0) (0,0) (0,0) (0,0) (0,0)
 (0,0) (0,0) (0,0) (0,0) (0,0) (0,0)
 (0,0) (0,0) (0,0) (0,0) (0,0) (0,0)
 (0,0) (0,0) (0,0) (0,0) (0,0) (0,0)
 (0,0) (0,0) (0,0) (0,0) (-0.707097,0) (-0.000734657,0.00351056)
 (0,0) (0,0) (0,0) (0,0) (-0.000734657,-0.00351056) (0.707098,0)
 8.4000000e+04 fs:
 (0,0) (0,0) (0,0) (0,0) (0,0) (0,0)
 (0,0) (0,0) (0,0) (0,0) (0,0) (0,0)
 (0,0) (0,0) (0,0) (0,0) (0,0) (0,0)
 (0,0) (0,0) (0,0) (0,0) (0,0) (0,0)
 (0,0) (0,0) (0,0) (0,0) (-0.707098,0) (-0.000771259,0.00345619)
 (0,0) (0,0) (0,0) (0,0) (-0.000771259,-0.00345619) (0.707098,0)
 8.5000000e+04 fs:
 (0,0) (0,0) (0,0) (0,0) (0,-0) (0,-0)
 (0,0) (0,0) (0,0) (0,0) (0,-0) (0,-0)
 (0,0) (0,0) (0,0) (0,0) (0,-0) (0,-0)
 (0,0) (0,0) (0,0) (0,0) (0,-0) (0,-0)
 (-0,0) (-0,0) (-0,0) (-0,0) (-0.707098,0) (-0.000807864,0.00340182)
 (-0,0) (-0,0) (-0,0) (-0,0) (-0.000807864,-0.00340182) (0.707098,0)
 8.6000000e+04 fs:
 (0,0) (0,0) (0,0) (0,0) (-0,0) (-0,0)
 (0,0) (0,0) (0,0) (0,0) (-0,0) (-0,0)
 (0,0) (0,0) (0,0) (0,0) (-0,0) (-0,0)
 (0,0) (0,0) (0,0) (0,0) (-0,0) (-0,0)
 (0,-0) (0,-0) (0,-0) (0,-0) (-0.707098,0) (-0.000844471,0.00334744)
 (0,-0) (0,-0) (0,-0) (0,-0) (-0.000844471,-0.00334744) (0.707099,0)
 8.7000000e+04 fs:
 (0,0) (0,0) (0,0) (0,0) (0,0) (0,0)
 (0,0) (0,0) (0,0) (0,0) (0,0) (0,0)
 (0,0) (0,0) (0,0) (0,0) (0,0) (0,0)
 (0,0) (0,0) (0,0) (0,0) (0,0) (0,0)
 (0,0) (0,0) (0,0) (0,0) (-0.707098,0) (-0.000881079,0.00329306)
 (0,0) (0,0) (0,0) (0,0) (-0.000881079,-0.00329306) (0.707099,0)
 8.8000000e+04 fs:
 (0,0) (0,0) (0,0) (0,0) (0,0) (0,0)
 (0,0) (0,0) (0,0) (0,0) (0,0) (0,0)
 (0,0) (0,0) (0,0) (0,0) (0,0) (0,0)
 (0,0) (0,0) (0,0) (0,0) (0,0) (0,0)
 (0,0) (0,0) (0,0) (0,0) (-0.707099,0) (-0.00091769,0.00323867)
 (0,0) (0,0) (0,0) (0,0) (-0.00091769,-0.00323867) (0.707099,0)
 8.9000000e+04 fs:
 (0,0) (0,0) (0,0) (0,0) (0,-0) (0,-0)
 (0,0) (0,0) (0,0) (0,0) (0,-0) (0,-0)
 (0,0) (0,0) (0,0) (0,0) (0,-0) (0,-0)
 (0,0) (0,0) (0,0) (0,0) (0,-0) (0,-0)
 (-0,0) (-0,0) (-0,0) (-0,0) (-0.707099,0) (-0.000954302,0.00318429)
 (-0,0) (-0,0) (-0,0) (-0,0) (-0.000954302,-0.00318429) (0.707099,0)
 9.0000000e+04 fs:
 (0,0) (0,0) (0,0) (0,0) (0,-0) (0,-0)
 (0,0) (0,0) (0,0) (0,0) (0,-0) (0,-0)
 (0,0) (0,0) (0,0) (0,0) (0,-0) (0,-0)
 (0,0) (0,0) (0,0) (0,0) (0,-0) (0,-0)
 (-0,0) (-0,0) (-0,0) (-0,0) (-0.707099,0) (-0.000990917,0.00312989)
 (-0,0) (-0,0) (-0,0) (-0,0) (-0.000990917,-0.00312989) (0.707099,0)
 9.1000000e+04 fs:
 (0,0) (0,0) (0,0) (0,0) (-0,0) (-0,0)
 (0,0) (0,0) (0,0) (0,0) (-0,0) (-0,0)
 (0,0) (0,0) (0,0) (0,0) (-0,0) (-0,0)
 (0,0) (0,0) (0,0) (0,0) (-0,0) (-0,0)
 (0,-0) (0,-0) (0,-0) (0,-0) (-0.707099,0) (-0.00102753,0.0030755)
 (0,-0) (0,-0) (0,-0) (0,-0) (-0.00102753,-0.0030755) (0.7071,0)
 9.2000000e+04 fs:
 (0,0) (0,0) (0,0) (0,0) (0,0) (0,0)
 (0,0) (0,0) (0,0) (0,0) (0,0) (0,0)
 (0,0) (0,0) (0,0) (0,0) (0,0) (0,0)
 (0,0) (0,0) (0,0) (0,0) (0,0) (0,0)
 (0,0) (0,0) (0,0) (0,0) (-0.707099,0) (-0.00106415,0.0030211)
 (0,0) (0,0) (0,0) (0,0) (-0.00106415,-0.0030211) (0.7071,0)
 9.3000000e+04 fs:
 (0,0) (0,0) (0,0) (0,0) (0,0) (0,0)
 (0,0) (0,0) (0,0) (0,0) (0,0) (0,0)
 (0,0) (0,0) (0,0) (0,0) (0,0) (0,0)
 (0,0) (0,0) (0,0) (0,0) (0,0) (0,0)
 (0,0) (0,0) (0,0) (0,0) (-0.707099,0) (-0.00110077,0.00296669)
 (0,0) (0,0) (0,0) (0,0) (-0.00110077,-0.00296669) (0.7071,0)
 9.4000000e+04 fs:
 (0,0) (0,0) (0,0) (0,0) (0,-0) (0,-0)
 (0,0) (0,0) (0,0) (0,0) (0,-0) (0,-0)
 (0,0) (0,0) (0,0) (0,0) (0,-0) (0,-0)
 (0,0) (0,0) (0,0) (0,0) (0,-0) (0,-0)
 (-0,0) (-0,0) (-0,0) (-0,0) (-0.7071,0) (-0.00113739,0.00291228)
 (-0,0) (-0,0) (-0,0) (-0,0) (-0.00113739,-0.00291228) (0.7071,0)
 9.5000000e+04 fs:
 (0,0) (0,0) (0,0) (0,0) (-0,0) (-0,0)
 (0,0) (0,0) (0,0) (0,0) (-0,0) (-0,0)
 (0,0) (0,0) (0,0) (0,0) (-0,0) (-0,0)
 (0,0) (0,0) (0,0) (0,0) (-0,0) (-0,0)
 (0,-0) (0,-0) (0,-0) (0,-0) (-0.7071,0) (-0.00117402,0.00285787)
 (0,-0) (0,-0) (0,-0) (0,-0) (-0.00117402,-0.00285787) (0.7071,0)
 9.6000000e+04 fs:
 (0,0) (0,0) (0,0) (0,0) (0,0) (0,0)
 (0,0) (0,0) (0,0) (0,0) (0,0) (0,0)
 (0,0) (0,0) (0,0) (0,0) (0,0) (0,0)
 (0,0) (0,0) (0,0) (0,0) (0,0) (0,0)
 (0,0) (0,0) (0,0) (0,0) (-0.7071,0) (-0.00121065,0.00280346)
 (0,0) (0,0) (0,0) (0,0) (-0.00121065,-0.00280346) (0.7071,0)
 9.7000000e+04 fs:
 (0,0) (0,0) (0,0) (0,0) (0,0) (0,0)
 (0,0) (0,0) (0,0) (0,0) (0,0) (0,0)
 (0,0) (0,0) (0,0) (0,0) (0,0) (0,0)
 (0,0) (0,0) (0,0) (0,0) (0,0) (0,0)
 (0,0) (0,0) (0,0) (0,0) (-0.7071,0) (-0.00124727,0.00274904)
 (0,0) (0,0) (0,0) (0,0) (-0.00124727,-0.00274904) (0.707101,0)
 9.8000000e+04 fs:
 (0,0) (0,0) (0,0) (0,0) (0,-0) (0,-0)
 (0,0) (0,0) (0,0) (0,0) (0,-0) (0,-0)
 (0,0) (0,0) (0,0) (0,0) (0,-0) (0,-0)
 (0,0) (0,0) (0,0) (0,0) (0,-0) (0,-0)
 (-0,0) (-0,0) (-0,0) (-0,0) (-0.7071,0) (-0.0012839,0.00269461)
 (-0,0) (-0,0) (-0,0) (-0,0) (-0.0012839,-0.00269461) (0.707101,0)
 9.9000000e+04 fs:
 (0,0) (0,0) (0,0) (0,0) (-0,0) (-0,0)
 (0,0) (0,0) (0,0) (0,0) (-0,0) (-0,0)
 (0,0) (0,0) (0,0) (0,0) (-0,0) (-0,0)
 (0,0) (0,0) (0,0) (0,0) (-0,0) (-0,0)
 (0,-0) (0,-0) (0,-0) (0,-0) (-0.7071,0) (-0.00132054,0.00264019)
 (0,-0) (0,-0) (0,-0) (0,-0) (-0.00132054,-0.00264019) (0.707101,0)
