 0.0000000e+00 fs:  8.4951099e-06  1.0000000e+00  2.8724630e-11  5.7221309e-18 -3.2726235e-35 -1.1395948e-24
 1.0000000e+03 fs:  8.2060538e-06  9.6588681e-01  5.5289927e-01  1.7565743e-09 -6.2839792e-25 -1.1007922e-24
 2.0000000e+03 fs:  8.0308426e-06  9.4526411e-01  5.3985182e-01  1.8689031e-09 -6.1458970e-25 -1.0771814e-24
 3.0000000e+03 fs:  7.8257855e-06  9.2112879e-01  5.2359844e-01  1.9361260e-09 -6.0539395e-25 -1.0496881e-24
 4.0000000e+03 fs:  7.6223567e-06  8.9718509e-01  5.0754363e-01  2.1069594e-09 -5.6572134e-25 -1.0224179e-24
 5.0000000e+03 fs:  7.4238146e-06  8.7381654e-01  4.9193881e-01  2.3519676e-09 -5.5630550e-25 -9.9583262e-25
 6.0000000e+03 fs:  7.2303976e-06  8.5105118e-01  4.7679885e-01  2.6382825e-09 -5.4016225e-25 -9.6980775e-25
 7.0000000e+03 fs:  7.0420143e-06  8.2887828e-01  4.6211328e-01  2.9436026e-09 -5.2885235e-25 -9.4454490e-25
 8.0000000e+03 fs:  6.8585386e-06  8.0728298e-01  4.4786908e-01  3.2542374e-09 -4.9857745e-25 -9.1992581e-25
 9.0000000e+03 fs:  6.6798433e-06  7.8625032e-01  4.3405327e-01  3.5619994e-09 -4.9751327e-25 -8.9590494e-25
 1.0000000e+04 fs:  6.5058040e-06  7.6576564e-01  4.2065320e-01  3.8620109e-09 -4.7499366e-25 -8.7267782e-25
 1.1000000e+04 fs:  6.3362992e-06  7.4581467e-01  4.0765660e-01  4.1513760e-09 -4.5972289e-25 -8.4986741e-25
 1.2000000e+04 fs:  6.1712109e-06  7.2638349e-01  3.9505153e-01  4.4284044e-09 -4.4215180e-25 -8.2772157e-25
 1.3000000e+04 fs:  6.0104239e-06  7.0745858e-01  3.8282643e-01  4.6921563e-09 -4.3086399e-25 -8.0613188e-25
 1.4000000e+04 fs:  5.8538263e-06  6.8902674e-01  3.7097005e-01  4.9421691e-09 -4.2507928e-25 -7.8520951e-25
 1.5000000e+04 fs:  5.7013088e-06  6.7107511e-01  3.5947148e-01  5.1782905e-09 -4.1382223e-25 -7.6474439e-25
 1.6000000e+04 fs:  5.5527652e-06  6.5359120e-01  3.4832014e-01  5.4005724e-09 -3.9009961e-25 -7.4482048e-25
 1.7000000e+04 fs:  5.4080918e-06  6.3656281e-01  3.3750572e-01  5.6092026e-09 -3.8788764e-25 -7.2540567e-25
 1.8000000e+04 fs:  5.2671879e-06  6.1997808e-01  3.2701826e-01  5.8044602e-09 -3.7332369e-25 -7.0642109e-25
 1.9000000e+04 fs:  5.1299552e-06  6.0382545e-01  3.1684806e-01  5.9866845e-09 -3.5590722e-25 -6.8812105e-25
 2.0000000e+04 fs:  4.9962982e-06  5.8809365e-01  3.0698570e-01  6.1562543e-09 -3.4108295e-25 -6.7019576e-25
 2.1000000e+04 fs:  4.8661235e-06  5.7277173e-01  2.9742206e-01  6.3135734e-09 -3.3315805e-25 -6.5278595e-25
 2.2000000e+04 fs:  4.7393405e-06  5.5784900e-01  2.8814827e-01  6.4590600e-09 -3.2989216e-25 -6.3569562e-25
 2.3000000e+04 fs:  4.6158608e-06  5.4331507e-01  2.7915571e-01  6.5931396e-09 -3.2191994e-25 -6.1912471e-25
 2.4000000e+04 fs:  4.4955984e-06  5.2915980e-01  2.7043603e-01  6.7162392e-09 -3.0661603e-25 -6.0307198e-25
 2.5000000e+04 fs:  4.3784694e-06  5.1537333e-01  2.6198113e-01  6.8287840e-09 -2.9655806e-25 -5.8731276e-25
 2.6000000e+04 fs:  4.2643921e-06  5.0194605e-01  2.5378311e-01  6.9311943e-09 -2.9516177e-25 -5.7200561e-25
 2.7000000e+04 fs:  4.1532871e-06  4.8886860e-01  2.4583435e-01  7.0238832e-09 -2.7721361e-25 -5.5706576e-25
 2.8000000e+04 fs:  4.0450769e-06  4.7613188e-01  2.3812741e-01  7.1072558e-09 -2.6480956e-25 -5.4257074e-25
 2.9000000e+04 fs:  3.9396862e-06  4.6372699e-01  2.3065510e-01  7.1817076e-09 -2.5602007e-25 -5.2849776e-25
 3.0000000e+04 fs:  3.8370413e-06  4.5164529e-01  2.2341043e-01  7.2476238e-09 -2.5486834e-25 -5.1468658e-25
 3.1000000e+04 fs:  3.7370708e-06  4.3987837e-01  2.1638660e-01  7.3053794e-09 -2.4666576e-25 -5.0132623e-25
 3.2000000e+04 fs:  3.6397050e-06  4.2841802e-01  2.0957703e-01  7.3553380e-09 -2.3468296e-25 -4.8821349e-25
 3.3000000e+04 fs:  3.5448761e-06  4.1725626e-01  2.0297532e-01  7.3978525e-09 -2.2832790e-25 -4.7549449e-25
 3.4000000e+04 fs:  3.4525179e-06  4.0638530e-01  1.9657527e-01  7.4332645e-09 -2.2356160e-25 -4.6309360e-25
 3.5000000e+04 fs:  3.3625660e-06  3.9579758e-01  1.9037086e-01  7.4619044e-09 -2.1541898e-25 -4.5101791e-25
 3.6000000e+04 fs:  3.2749578e-06  3.8548570e-01  1.8435623e-01  7.4840917e-09 -2.0721167e-25 -4.3931052e-25
 3.7000000e+04 fs:  3.1896322e-06  3.7544249e-01  1.7852571e-01  7.5001351e-09 -2.0363655e-25 -4.2784887e-25
 3.8000000e+04 fs:  3.1065297e-06  3.6566093e-01  1.7287379e-01  7.5103324e-09 -1.9869986e-25 -4.1669684e-25
 3.9000000e+04 fs:  3.0255925e-06  3.5613423e-01  1.6739513e-01  7.5149711e-09 -1.9014861e-25 -4.0584754e-25
 4.0000000e+04 fs:  2.9467640e-06  3.4685573e-01  1.6208453e-01  7.5143284e-09 -1.8616486e-25 -3.9522503e-25
 4.1000000e+04 fs:  2.8699893e-06  3.3781897e-01  1.5693695e-01  7.5086712e-09 -1.7930493e-25 -3.8497191e-25
 4.2000000e+04 fs:  2.7952150e-06  3.2901765e-01  1.5194752e-01  7.4982570e-09 -1.7460016e-25 -3.7494559e-25
 4.3000000e+04 fs:  2.7223889e-06  3.2044564e-01  1.4711148e-01  7.4833334e-09 -1.6406887e-25 -3.6516480e-25
 4.4000000e+04 fs:  2.6514602e-06  3.1209696e-01  1.4242424e-01  7.4641392e-09 -1.5954870e-25 -3.5565745e-25
 4.5000000e+04 fs:  2.5823796e-06  3.0396579e-01  1.3788131e-01  7.4409037e-09 -1.5441006e-25 -3.4637029e-25
 4.6000000e+04 fs:  2.5150987e-06  2.9604647e-01  1.3347837e-01  7.4138477e-09 -1.5111104e-25 -3.3736702e-25
 4.7000000e+04 fs:  2.4495709e-06  2.8833348e-01  1.2921120e-01  7.3831835e-09 -1.4760376e-25 -3.2855297e-25
 4.8000000e+04 fs:  2.3857504e-06  2.8082144e-01  1.2507573e-01  7.3491153e-09 -1.3860602e-25 -3.2001622e-25
 4.9000000e+04 fs:  2.3235926e-06  2.7350511e-01  1.2106798e-01  7.3118390e-09 -1.4010327e-25 -3.1164246e-25
 5.0000000e+04 fs:  2.2630544e-06  2.6637940e-01  1.1718411e-01  7.2715432e-09 -1.3715925e-25 -3.0354855e-25
 5.1000000e+04 fs:  2.2040934e-06  2.5943934e-01  1.1342039e-01  7.2284086e-09 -1.3178237e-25 -2.9568292e-25
 5.2000000e+04 fs:  2.1466686e-06  2.5268010e-01  1.0977319e-01  7.1826090e-09 -1.2533264e-25 -2.8794172e-25
 5.3000000e+04 fs:  2.0907400e-06  2.4609696e-01  1.0623900e-01  7.1343112e-09 -1.2081247e-25 -2.8046608e-25
 5.4000000e+04 fs:  2.0362685e-06  2.3968533e-01  1.0281441e-01  7.0836750e-09 -1.1879772e-25 -2.7313431e-25
 5.5000000e+04 fs:  1.9832163e-06  2.3344075e-01  9.9496103e-02  7.0308538e-09 -1.1146447e-25 -2.6603871e-25
 5.6000000e+04 fs:  1.9315463e-06  2.2735886e-01  9.6280869e-02  6.9759948e-09 -1.1077658e-25 -2.5907563e-25
 5.7000000e+04 fs:  1.8812226e-06  2.2143543e-01  9.3165591e-02  6.9192391e-09 -1.0523089e-25 -2.5234216e-25
 5.8000000e+04 fs:  1.8322099e-06  2.1566632e-01  9.0147244e-02  6.8607216e-09 -9.9847702e-26 -2.4579905e-25
 5.9000000e+04 fs:  1.7844743e-06  2.1004752e-01  8.7222894e-02  6.8005719e-09 -9.6796389e-26 -2.3937930e-25
 6.0000000e+04 fs:  1.7379824e-06  2.0457511e-01  8.4389691e-02  6.7389140e-09 -9.5341729e-26 -2.3312984e-25
 6.1000000e+04 fs:  1.6927018e-06  1.9924527e-01  8.1644874e-02  6.6758665e-09 -9.2334591e-26 -2.2704211e-25
 6.2000000e+04 fs:  1.6486009e-06  1.9405430e-01  7.8985760e-02  6.6115429e-09 -8.8428152e-26 -2.2112669e-25
 6.3000000e+04 fs:  1.6056491e-06  1.8899857e-01  7.6409748e-02  6.5460519e-09 -8.5094426e-26 -2.1538614e-25
 6.4000000e+04 fs:  1.5638163e-06  1.8407456e-01  7.3914314e-02  6.4794975e-09 -8.3803849e-26 -2.0977374e-25
 6.5000000e+04 fs:  1.5230735e-06  1.7927883e-01  7.1497008e-02  6.4119788e-09 -7.7840061e-26 -2.0429984e-25
 6.6000000e+04 fs:  1.4833921e-06  1.7460805e-01  6.9155454e-02  6.3435908e-09 -7.8256580e-26 -1.9897547e-25
 6.7000000e+04 fs:  1.4447447e-06  1.7005896e-01  6.6887347e-02  6.2744242e-09 -7.5205266e-26 -1.9379561e-25
 6.8000000e+04 fs:  1.4071041e-06  1.6562840e-01  6.4690450e-02  6.2045654e-09 -7.2026156e-26 -1.8872570e-25
 6.9000000e+04 fs:  1.3704442e-06  1.6131326e-01  6.2562592e-02  6.1340971e-09 -6.9429226e-26 -1.8381682e-25
 7.0000000e+04 fs:  1.3347395e-06  1.5711054e-01  6.0501669e-02  6.0630980e-09 -6.7690577e-26 -1.7904199e-25
 7.1000000e+04 fs:  1.2999650e-06  1.5301733e-01  5.8505638e-02  5.9916432e-09 -6.5199354e-26 -1.7437474e-25
 7.2000000e+04 fs:  1.2660966e-06  1.4903075e-01  5.6572517e-02  5.9198043e-09 -6.2834349e-26 -1.6983806e-25
 7.3000000e+04 fs:  1.2331105e-06  1.4514804e-01  5.4700384e-02  5.8476495e-09 -6.2507760e-26 -1.6540303e-25
 7.4000000e+04 fs:  1.2009839e-06  1.4136648e-01  5.2887373e-02  5.7752436e-09 -5.9958162e-26 -1.6109738e-25
 7.5000000e+04 fs:  1.1696943e-06  1.3768345e-01  5.1131676e-02  5.7026486e-09 -5.6356223e-26 -1.5690478e-25
 7.6000000e+04 fs:  1.1392199e-06  1.3409638e-01  4.9431537e-02  5.6299229e-09 -5.6711210e-26 -1.5281498e-25
 7.7000000e+04 fs:  1.1095395e-06  1.3060276e-01  4.7785254e-02  5.5571226e-09 -5.2848947e-26 -1.4883720e-25
 7.8000000e+04 fs:  1.0806324e-06  1.2720016e-01  4.6191176e-02  5.4843005e-09 -5.1547327e-26 -1.4495610e-25
 7.9000000e+04 fs:  1.0524784e-06  1.2388620e-01  4.4647700e-02  5.4115070e-09 -4.9603574e-26 -1.4117928e-25
 8.0000000e+04 fs:  1.0250580e-06  1.2065859e-01  4.3153272e-02  5.3387898e-09 -4.7866502e-26 -1.3750649e-25
 8.1000000e+04 fs:  9.9835191e-07  1.1751507e-01  4.1706384e-02  5.2661941e-09 -4.7222792e-26 -1.3390672e-25
 8.2000000e+04 fs:  9.7234166e-07  1.1445345e-01  4.0305576e-02  5.1937627e-09 -4.3868555e-26 -1.3043297e-25
 8.3000000e+04 fs:  9.4700907e-07  1.1147159e-01  3.8949427e-02  5.1215361e-09 -4.4120990e-26 -1.2702465e-25
 8.4000000e+04 fs:  9.2233650e-07  1.0856742e-01  3.7636563e-02  5.0495527e-09 -4.2618999e-26 -1.2372706e-25
 8.5000000e+04 fs:  8.9830673e-07  1.0573892e-01  3.6365649e-02  4.9778486e-09 -4.1822250e-26 -1.2049988e-25
 8.6000000e+04 fs:  8.7490304e-07  1.0298410e-01  3.5135391e-02  4.9064579e-09 -3.9499843e-26 -1.1735307e-25
 8.7000000e+04 fs:  8.5210910e-07  1.0030106e-01  3.3944534e-02  4.8354129e-09 -3.9383092e-26 -1.1430032e-25
 8.8000000e+04 fs:  8.2990903e-07  9.7687923e-02  3.2791860e-02  4.7647437e-09 -3.6573169e-26 -1.1131917e-25
 8.9000000e+04 fs:  8.0828735e-07  9.5142864e-02  3.1676189e-02  4.6944790e-09 -3.5549228e-26 -1.0842469e-25
 9.0000000e+04 fs:  7.8722899e-07  9.2664112e-02  3.0596375e-02  4.6246454e-09 -3.3785335e-26 -1.0559608e-25
 9.1000000e+04 fs:  7.6671929e-07  9.0249940e-02  2.9551308e-02  4.5552681e-09 -3.2201302e-26 -1.0285050e-25
 9.2000000e+04 fs:  7.4674393e-07  8.7898665e-02  2.8539910e-02  4.4863705e-09 -3.2919166e-26 -1.0016241e-25
 9.3000000e+04 fs:  7.2728901e-07  8.5608648e-02  2.7561137e-02  4.4179746e-09 -3.1432952e-26 -9.7548469e-26
 9.4000000e+04 fs:  7.0834096e-07  8.3378293e-02  2.6613976e-02  4.3501009e-09 -2.9703769e-26 -9.5010753e-26
 9.5000000e+04 fs:  6.8988658e-07  8.1206047e-02  2.5697445e-02  4.2827686e-09 -2.8468412e-26 -9.2543048e-26
 9.6000000e+04 fs:  6.7191299e-07  7.9090394e-02  2.4810590e-02  4.2159953e-09 -2.7062662e-26 -9.0126520e-26
 9.7000000e+04 fs:  6.5440769e-07  7.7029861e-02  2.3952488e-02  4.1497975e-09 -2.6310089e-26 -8.7784442e-26
 9.8000000e+04 fs:  6.3735846e-07  7.5023012e-02  2.3122244e-02  4.0841905e-09 -2.6332177e-26 -8.5499654e-26
 9.9000000e+04 fs:  6.2075342e-07  7.3068447e-02  2.2318988e-02  4.0191882e-09 -2.4855429e-26 -8.3269100e-26
