 0.0000000e+00 fs:  2.4466871e-06  1.0000000e+00  4.5883419e-13  3.3250288e-13
 1.0000000e+03 fs:  2.4466871e-06  9.7126782e-01  7.3804265e-01  3.3831147e-09
 2.0000000e+03 fs:  2.4466871e-06  9.4717003e-01  7.1629097e-01  3.2893731e-09
 3.0000000e+03 fs:  2.4466871e-06  9.2270856e-01  6.9718943e-01  3.2058844e-09
 4.0000000e+03 fs:  2.4466871e-06  8.9869846e-01  6.7897000e-01  3.1395148e-09
 5.0000000e+03 fs:  2.4466871e-06  8.7528732e-01  6.6127274e-01  3.0814315e-09
 6.0000000e+03 fs:  2.4466871e-06  8.5248262e-01  6.4404246e-01  3.0299424e-09
 7.0000000e+03 fs:  2.4466871e-06  8.3027165e-01  6.2726184e-01  2.9843206e-09
 8.0000000e+03 fs:  2.4466871e-06  8.0863932e-01  6.1091853e-01  2.9439745e-09
 9.0000000e+03 fs:  2.4466871e-06  7.8757061e-01  5.9500107e-01  2.9083491e-09
 1.0000000e+04 fs:  2.4466871e-06  7.6705084e-01  5.7949834e-01  2.8769167e-09
 1.1000000e+04 fs:  2.4466871e-06  7.4706571e-01  5.6439953e-01  2.8491791e-09
 1.2000000e+04 fs:  2.4466871e-06  7.2760130e-01  5.4969414e-01  2.8246692e-09
 1.3000000e+04 fs:  2.4466871e-06  7.0864402e-01  5.3537189e-01  2.8029526e-09
 1.4000000e+04 fs:  2.4466871e-06  6.9018067e-01  5.2142281e-01  2.7836283e-09
 1.5000000e+04 fs:  2.4466871e-06  6.7219838e-01  5.0783719e-01  2.7663289e-09
 1.6000000e+04 fs:  2.4466871e-06  6.5468461e-01  4.9460553e-01  2.7507197e-09
 1.7000000e+04 fs:  2.4466871e-06  6.3762716e-01  4.8171863e-01  2.7364981e-09
 1.8000000e+04 fs:  2.4466871e-06  6.2101414e-01  4.6916751e-01  2.7233919e-09
 1.9000000e+04 fs:  2.4466871e-06  6.0483397e-01  4.5694340e-01  2.7111581e-09
 2.0000000e+04 fs:  2.4466871e-06  5.8907537e-01  4.4503780e-01  2.6995807e-09
 2.1000000e+04 fs:  2.4466871e-06  5.7372735e-01  4.3344240e-01  2.6884689e-09
 2.2000000e+04 fs:  2.4466871e-06  5.5877923e-01  4.2214912e-01  2.6776554e-09
 2.3000000e+04 fs:  2.4466871e-06  5.4422057e-01  4.1115008e-01  2.6669942e-09
 2.4000000e+04 fs:  2.4466871e-06  5.3004123e-01  4.0043763e-01  2.6563588e-09
 2.5000000e+04 fs:  2.4466871e-06  5.1623133e-01  3.9000430e-01  2.6456407e-09
 2.6000000e+04 fs:  2.4466871e-06  5.0278125e-01  3.7984280e-01  2.6347469e-09
 2.7000000e+04 fs:  2.4466871e-06  4.8968160e-01  3.6994607e-01  2.6235994e-09
 2.8000000e+04 fs:  2.4466871e-06  4.7692326e-01  3.6030719e-01  2.6121326e-09
 2.9000000e+04 fs:  2.4466871e-06  4.6449734e-01  3.5091946e-01  2.6002927e-09
 3.0000000e+04 fs:  2.4466871e-06  4.5239517e-01  3.4177633e-01  2.5880362e-09
 3.1000000e+04 fs:  2.4466871e-06  4.4060831e-01  3.3287142e-01  2.5753285e-09
 3.2000000e+04 fs:  2.4466871e-06  4.2912856e-01  3.2419853e-01  2.5621432e-09
 3.3000000e+04 fs:  2.4466871e-06  4.1794791e-01  3.1575162e-01  2.5484609e-09
 3.4000000e+04 fs:  2.4466871e-06  4.0705857e-01  3.0752478e-01  2.5342684e-09
 3.5000000e+04 fs:  2.4466871e-06  3.9645294e-01  2.9951230e-01  2.5195580e-09
 3.6000000e+04 fs:  2.4466871e-06  3.8612364e-01  2.9170859e-01  2.5043269e-09
 3.7000000e+04 fs:  2.4466871e-06  3.7606347e-01  2.8410820e-01  2.4885761e-09
 3.8000000e+04 fs:  2.4466871e-06  3.6626541e-01  2.7670584e-01  2.4723103e-09
 3.9000000e+04 fs:  2.4466871e-06  3.5672263e-01  2.6949635e-01  2.4555374e-09
 4.0000000e+04 fs:  2.4466871e-06  3.4742849e-01  2.6247470e-01  2.4382677e-09
 4.1000000e+04 fs:  2.4466871e-06  3.3837650e-01  2.5563600e-01  2.4205138e-09
 4.2000000e+04 fs:  2.4466871e-06  3.2956036e-01  2.4897548e-01  2.4022903e-09
 4.3000000e+04 fs:  2.4466871e-06  3.2097392e-01  2.4248851e-01  2.3836131e-09
 4.4000000e+04 fs:  2.4466871e-06  3.1261120e-01  2.3617055e-01  2.3644994e-09
 4.5000000e+04 fs:  2.4466871e-06  3.0446636e-01  2.3001720e-01  2.3449678e-09
 4.6000000e+04 fs:  2.4466871e-06  2.9653373e-01  2.2402419e-01  2.3250371e-09
 4.7000000e+04 fs:  2.4466871e-06  2.8880778e-01  2.1818732e-01  2.3047273e-09
 4.8000000e+04 fs:  2.4466871e-06  2.8128313e-01  2.1250252e-01  2.2840584e-09
 4.9000000e+04 fs:  2.4466871e-06  2.7395453e-01  2.0696585e-01  2.2630510e-09
 5.0000000e+04 fs:  2.4466871e-06  2.6681687e-01  2.0157343e-01  2.2417258e-09
 5.1000000e+04 fs:  2.4466871e-06  2.5986518e-01  1.9632152e-01  2.2201034e-09
 5.2000000e+04 fs:  2.4466871e-06  2.5309462e-01  1.9120644e-01  2.1982046e-09
 5.3000000e+04 fs:  2.4466871e-06  2.4650045e-01  1.8622463e-01  2.1760498e-09
 5.4000000e+04 fs:  2.4466871e-06  2.4007810e-01  1.8137262e-01  2.1536596e-09
 5.5000000e+04 fs:  2.4466871e-06  2.3382307e-01  1.7664704e-01  2.1310538e-09
 5.6000000e+04 fs:  2.4466871e-06  2.2773102e-01  1.7204457e-01  2.1082525e-09
 5.7000000e+04 fs:  2.4466871e-06  2.2179769e-01  1.6756203e-01  2.0852748e-09
 5.8000000e+04 fs:  2.4466871e-06  2.1601895e-01  1.6319628e-01  2.0621399e-09
 5.9000000e+04 fs:  2.4466871e-06  2.1039077e-01  1.5894427e-01  2.0388663e-09
 6.0000000e+04 fs:  2.4466871e-06  2.0490923e-01  1.5480305e-01  2.0154722e-09
 6.1000000e+04 fs:  2.4466871e-06  1.9957051e-01  1.5076973e-01  1.9919750e-09
 6.2000000e+04 fs:  2.4466871e-06  1.9437089e-01  1.4684150e-01  1.9683921e-09
 6.3000000e+04 fs:  2.4466871e-06  1.8930674e-01  1.4301562e-01  1.9447399e-09
 6.4000000e+04 fs:  2.4466871e-06  1.8437453e-01  1.3928942e-01  1.9210346e-09
 6.5000000e+04 fs:  2.4466871e-06  1.7957083e-01  1.3566030e-01  1.8972917e-09
 6.6000000e+04 fs:  2.4466871e-06  1.7489229e-01  1.3212574e-01  1.8735262e-09
 6.7000000e+04 fs:  2.4466871e-06  1.7033564e-01  1.2868327e-01  1.8497525e-09
 6.8000000e+04 fs:  2.4466871e-06  1.6589771e-01  1.2533050e-01  1.8259847e-09
 6.9000000e+04 fs:  2.4466871e-06  1.6157541e-01  1.2206508e-01  1.8022361e-09
 7.0000000e+04 fs:  2.4466871e-06  1.5736573e-01  1.1888474e-01  1.7785196e-09
 7.1000000e+04 fs:  2.4466871e-06  1.5326572e-01  1.1578727e-01  1.7548474e-09
 7.2000000e+04 fs:  2.4466871e-06  1.4927254e-01  1.1277050e-01  1.7312316e-09
 7.3000000e+04 fs:  2.4466871e-06  1.4538340e-01  1.0983233e-01  1.7076833e-09
 7.4000000e+04 fs:  2.4466871e-06  1.4159558e-01  1.0697071e-01  1.6842133e-09
 7.5000000e+04 fs:  2.4466871e-06  1.3790646e-01  1.0418365e-01  1.6608320e-09
 7.6000000e+04 fs:  2.4466871e-06  1.3431345e-01  1.0146921e-01  1.6375493e-09
 7.7000000e+04 fs:  2.4466871e-06  1.3081406e-01  9.8825490e-02  1.6143744e-09
 7.8000000e+04 fs:  2.4466871e-06  1.2740584e-01  9.6250653e-02  1.5913162e-09
 7.9000000e+04 fs:  2.4466871e-06  1.2408641e-01  9.3742903e-02  1.5683833e-09
 8.0000000e+04 fs:  2.4466871e-06  1.2085348e-01  9.1300491e-02  1.5455835e-09
 8.1000000e+04 fs:  2.4466871e-06  1.1770477e-01  8.8921716e-02  1.5229245e-09
 8.2000000e+04 fs:  2.4466871e-06  1.1463811e-01  8.6604919e-02  1.5004134e-09
 8.3000000e+04 fs:  2.4466871e-06  1.1165134e-01  8.4348485e-02  1.4780570e-09
 8.4000000e+04 fs:  2.4466871e-06  1.0874239e-01  8.2150842e-02  1.4558615e-09
 8.5000000e+04 fs:  2.4466871e-06  1.0590923e-01  8.0010457e-02  1.4338331e-09
 8.6000000e+04 fs:  2.4466871e-06  1.0314988e-01  7.7925840e-02  1.4119773e-09
 8.7000000e+04 fs:  2.4466871e-06  1.0046243e-01  7.5895536e-02  1.3902993e-09
 8.8000000e+04 fs:  2.4466871e-06  9.7844999e-02  7.3918132e-02  1.3688041e-09
 8.9000000e+04 fs:  2.4466871e-06  9.5295762e-02  7.1992248e-02  1.3474961e-09
 9.0000000e+04 fs:  2.4466871e-06  9.2812943e-02  7.0116541e-02  1.3263797e-09
 9.1000000e+04 fs:  2.4466871e-06  9.0394811e-02  6.8289706e-02  1.3054588e-09
 9.2000000e+04 fs:  2.4466871e-06  8.8039682e-02  6.6510468e-02  1.2847369e-09
 9.3000000e+04 fs:  2.4466871e-06  8.5745914e-02  6.4777588e-02  1.2642175e-09
 9.4000000e+04 fs:  2.4466871e-06  8.3511908e-02  6.3089857e-02  1.2439035e-09
 9.5000000e+04 fs:  2.4466871e-06  8.1336107e-02  6.1446099e-02  1.2237978e-09
 9.6000000e+04 fs:  2.4466871e-06  7.9216994e-02  5.9845168e-02  1.2039029e-09
 9.7000000e+04 fs:  2.4466871e-06  7.7153093e-02  5.8285949e-02  1.1842211e-09
 9.8000000e+04 fs:  2.4466871e-06  7.5142965e-02  5.6767355e-02  1.1647544e-09
 9.9000000e+04 fs:  2.4466871e-06  7.3185209e-02  5.5288327e-02  1.1455046e-09
