 0.0000000e+00 fs:  1.6333130e-05  1.0000000e+00 -7.6977211e+04  1.0199746e-11 -1.0403482e-22  1.3515015e-27
 1.0000000e+03 fs:  1.3697236e-05  8.3861672e-01  4.8670412e+06  2.3508398e-10  6.5778431e-21  1.1333918e-27
 2.0000000e+03 fs:  1.3305048e-05  8.1460488e-01  7.4451422e+06  1.2731498e-09  1.0062131e-20  1.1009398e-27
 3.0000000e+03 fs:  1.2959238e-05  7.9343257e-01  1.0025083e+07  2.3679925e-09  1.3548898e-20  1.0723253e-27
 4.0000000e+03 fs:  1.2622011e-05  7.7278575e-01  1.2468792e+07  3.4133821e-09  1.6851584e-20  1.0444211e-27
 5.0000000e+03 fs:  1.2293223e-05  7.5265560e-01  1.4774573e+07  4.4031425e-09  1.9967831e-20  1.0172152e-27
 6.0000000e+03 fs:  1.1972939e-05  7.3304612e-01  1.6950779e+07  5.3390530e-09  2.2909028e-20  9.9071297e-28
 7.0000000e+03 fs:  1.1660992e-05  7.1394703e-01  1.9003460e+07  6.2232641e-09  2.5683218e-20  9.6490051e-28
 8.0000000e+03 fs:  1.1357171e-05  6.9534549e-01  2.0937746e+07  7.0578428e-09  2.8297391e-20  9.3976050e-28
 9.0000000e+03 fs:  1.1061266e-05  6.7722859e-01  2.2758439e+07  7.8447758e-09  3.0758054e-20  9.1527549e-28
 1.0000000e+04 fs:  1.0773071e-05  6.5958373e-01  2.4470149e+07  8.5859777e-09  3.3071437e-20  8.9142843e-28
 1.1000000e+04 fs:  1.0492385e-05  6.4239860e-01  2.6077315e+07  9.2832959e-09  3.5243547e-20  8.6820270e-28
 1.2000000e+04 fs:  1.0219012e-05  6.2566123e-01  2.7584221e+07  9.9385120e-09  3.7280140e-20  8.4558212e-28
 1.3000000e+04 fs:  9.9527616e-06  6.0935995e-01  2.8994999e+07  1.0553345e-08  3.9186799e-20  8.2355091e-28
 1.4000000e+04 fs:  9.6934487e-06  5.9348339e-01  3.0313631e+07  1.1129453e-08  4.0968906e-20  8.0209372e-28
 1.5000000e+04 fs:  9.4408921e-06  5.7802050e-01  3.1543960e+07  1.1668435e-08  4.2631706e-20  7.8119559e-28
 1.6000000e+04 fs:  9.1949159e-06  5.6296048e-01  3.2689688e+07  1.2171833e-08  4.4180170e-20  7.6084196e-28
 1.7000000e+04 fs:  8.9553486e-06  5.4829286e-01  3.3754388e+07  1.2641133e-08  4.5619117e-20  7.4101864e-28
 1.8000000e+04 fs:  8.7220232e-06  5.3400739e-01  3.4741501e+07  1.3077770e-08  4.6953203e-20  7.2171181e-28
 1.9000000e+04 fs:  8.4947770e-06  5.2009413e-01  3.5654346e+07  1.3483125e-08  4.8186906e-20  7.0290802e-28
 2.0000000e+04 fs:  8.2734518e-06  5.0654337e-01  3.6496120e+07  1.3858531e-08  4.9324547e-20  6.8459415e-28
 2.1000000e+04 fs:  8.0578932e-06  4.9334568e-01  3.7269904e+07  1.4205272e-08  5.0370320e-20  6.6675745e-28
 2.2000000e+04 fs:  7.8479509e-06  4.8049185e-01  3.7978670e+07  1.4524586e-08  5.1328217e-20  6.4938547e-28
 2.3000000e+04 fs:  7.6434786e-06  4.6797292e-01  3.8625276e+07  1.4817664e-08  5.2202146e-20  6.3246612e-28
 2.4000000e+04 fs:  7.4443339e-06  4.5578017e-01  3.9212480e+07  1.5085657e-08  5.2995728e-20  6.1598760e-28
 2.5000000e+04 fs:  7.2503778e-06  4.4390510e-01  3.9742935e+07  1.5329671e-08  5.3712637e-20  5.9993842e-28
 2.6000000e+04 fs:  7.0614752e-06  4.3233943e-01  4.0219199e+07  1.5550772e-08  5.4356312e-20  5.8430740e-28
 2.7000000e+04 fs:  6.8774945e-06  4.2107510e-01  4.0643733e+07  1.5749989e-08  5.4930075e-20  5.6908364e-28
 2.8000000e+04 fs:  6.6983073e-06  4.1010425e-01  4.1018908e+07  1.5928309e-08  5.5437112e-20  5.5425653e-28
 2.9000000e+04 fs:  6.5237888e-06  3.9941925e-01  4.1347007e+07  1.6086686e-08  5.5880537e-20  5.3981574e-28
 3.0000000e+04 fs:  6.3538173e-06  3.8901265e-01  4.1630225e+07  1.6226037e-08  5.6263309e-20  5.2575119e-28
 3.1000000e+04 fs:  6.1882744e-06  3.7887718e-01  4.1870678e+07  1.6347244e-08  5.6588286e-20  5.1205310e-28
 3.2000000e+04 fs:  6.0270447e-06  3.6900579e-01  4.2070399e+07  1.6451158e-08  5.6858210e-20  4.9871190e-28
 3.3000000e+04 fs:  5.8700157e-06  3.5939160e-01  4.2231348e+07  1.6538596e-08  5.7075726e-20  4.8571830e-28
 3.4000000e+04 fs:  5.7170781e-06  3.5002790e-01  4.2355406e+07  1.6610345e-08  5.7243388e-20  4.7306325e-28
 3.5000000e+04 fs:  5.5681252e-06  3.4090817e-01  4.2444386e+07  1.6667164e-08  5.7363653e-20  4.6073792e-28
 3.6000000e+04 fs:  5.4230533e-06  3.3202605e-01  4.2500030e+07  1.6709779e-08  5.7438859e-20  4.4873372e-28
 3.7000000e+04 fs:  5.2817611e-06  3.2337535e-01  4.2524013e+07  1.6738892e-08  5.7471266e-20  4.3704228e-28
 3.8000000e+04 fs:  5.1441503e-06  3.1495004e-01  4.2517947e+07  1.6755177e-08  5.7463066e-20  4.2565546e-28
 3.9000000e+04 fs:  5.0101249e-06  3.0674425e-01  4.2483378e+07  1.6759281e-08  5.7416352e-20  4.1456532e-28
 4.0000000e+04 fs:  4.8795914e-06  2.9875225e-01  4.2421796e+07  1.6751828e-08  5.7333111e-20  4.0376413e-28
 4.1000000e+04 fs:  4.7524589e-06  2.9096849e-01  4.2334630e+07  1.6733416e-08  5.7215318e-20  3.9324436e-28
 4.2000000e+04 fs:  4.6286388e-06  2.8338752e-01  4.2223254e+07  1.6704620e-08  5.7064774e-20  3.8299868e-28
 4.3000000e+04 fs:  4.5080448e-06  2.7600408e-01  4.2088988e+07  1.6665993e-08  5.6883339e-20  3.7301994e-28
 4.4000000e+04 fs:  4.3905928e-06  2.6881301e-01  4.1933098e+07  1.6618067e-08  5.6672655e-20  3.6330120e-28
 4.5000000e+04 fs:  4.2762010e-06  2.6180930e-01  4.1756802e+07  1.6561351e-08  5.6434371e-20  3.5383567e-28
 4.6000000e+04 fs:  4.1647895e-06  2.5498806e-01  4.1561268e+07  1.6496335e-08  5.6170109e-20  3.4461676e-28
 4.7000000e+04 fs:  4.0562809e-06  2.4834455e-01  4.1347616e+07  1.6423490e-08  5.5881364e-20  3.3563805e-28
 4.8000000e+04 fs:  3.9505993e-06  2.4187414e-01  4.1116923e+07  1.6343267e-08  5.5569572e-20  3.2689327e-28
 4.9000000e+04 fs:  3.8476713e-06  2.3557231e-01  4.0870221e+07  1.6256099e-08  5.5236154e-20  3.1837634e-28
 5.0000000e+04 fs:  3.7474250e-06  2.2943467e-01  4.0608499e+07  1.6162403e-08  5.4882447e-20  3.1008130e-28
 5.1000000e+04 fs:  3.6497905e-06  2.2345694e-01  4.0332707e+07  1.6062576e-08  5.4509717e-20  3.0200240e-28
 5.2000000e+04 fs:  3.5546998e-06  2.1763496e-01  4.0043755e+07  1.5957002e-08  5.4119195e-20  2.9413398e-28
 5.3000000e+04 fs:  3.4620867e-06  2.1196466e-01  3.9742514e+07  1.5846047e-08  5.3712068e-20  2.8647057e-28
 5.4000000e+04 fs:  3.3718865e-06  2.0644211e-01  3.9429820e+07  1.5730062e-08  5.3289464e-20  2.7900683e-28
 5.5000000e+04 fs:  3.2840365e-06  2.0106344e-01  3.9106475e+07  1.5609384e-08  5.2852461e-20  2.7173755e-28
 5.6000000e+04 fs:  3.1984753e-06  1.9582491e-01  3.8773243e+07  1.5484337e-08  5.2402095e-20  2.6465766e-28
 5.7000000e+04 fs:  3.1151433e-06  1.9072286e-01  3.8430860e+07  1.5355229e-08  5.1939371e-20  2.5776224e-28
 5.8000000e+04 fs:  3.0339825e-06  1.8575375e-01  3.8080027e+07  1.5222356e-08  5.1465215e-20  2.5104648e-28
 5.9000000e+04 fs:  2.9549363e-06  1.8091410e-01  3.7721416e+07  1.5086002e-08  5.0980556e-20  2.4450569e-28
 6.0000000e+04 fs:  2.8779496e-06  1.7620055e-01  3.7355670e+07  1.4946437e-08  5.0486244e-20  2.3813532e-28
 6.1000000e+04 fs:  2.8029687e-06  1.7160981e-01  3.6983404e+07  1.4803922e-08  4.9983128e-20  2.3193092e-28
 6.2000000e+04 fs:  2.7299414e-06  1.6713868e-01  3.6605205e+07  1.4658704e-08  4.9471988e-20  2.2588818e-28
 6.3000000e+04 fs:  2.6588168e-06  1.6278404e-01  3.6221634e+07  1.4511019e-08  4.8953600e-20  2.2000288e-28
 6.4000000e+04 fs:  2.5895452e-06  1.5854285e-01  3.5833227e+07  1.4361096e-08  4.8428659e-20  2.1427091e-28
 6.5000000e+04 fs:  2.5220785e-06  1.5441217e-01  3.5440495e+07  1.4209151e-08  4.7897880e-20  2.0868829e-28
 6.6000000e+04 fs:  2.4563695e-06  1.5038911e-01  3.5043928e+07  1.4055389e-08  4.7361923e-20  2.0325111e-28
 6.7000000e+04 fs:  2.3923725e-06  1.4647087e-01  3.4643991e+07  1.3900009e-08  4.6821407e-20  1.9795560e-28
 6.8000000e+04 fs:  2.3300429e-06  1.4265471e-01  3.4241128e+07  1.3743199e-08  4.6276942e-20  1.9279807e-28
 6.9000000e+04 fs:  2.2693373e-06  1.3893799e-01  3.3835763e+07  1.3585139e-08  4.5729090e-20  1.8777490e-28
 7.0000000e+04 fs:  2.2102133e-06  1.3531810e-01  3.3428298e+07  1.3425999e-08  4.5178399e-20  1.8288262e-28
 7.1000000e+04 fs:  2.1526297e-06  1.3179252e-01  3.3019119e+07  1.3265943e-08  4.4625387e-20  1.7811779e-28
 7.2000000e+04 fs:  2.0965464e-06  1.2835880e-01  3.2608589e+07  1.3105127e-08  4.4070560e-20  1.7347712e-28
 7.3000000e+04 fs:  2.0419243e-06  1.2501454e-01  3.2197058e+07  1.2943697e-08  4.3514371e-20  1.6895735e-28
 7.4000000e+04 fs:  1.9887253e-06  1.2175742e-01  3.1784854e+07  1.2781796e-08  4.2957279e-20  1.6455534e-28
 7.5000000e+04 fs:  1.9369124e-06  1.1858516e-01  3.1372293e+07  1.2619557e-08  4.2399698e-20  1.6026802e-28
 7.6000000e+04 fs:  1.8864494e-06  1.1549555e-01  3.0959672e+07  1.2457107e-08  4.1842046e-20  1.5609241e-28
 7.7000000e+04 fs:  1.8373011e-06  1.1248643e-01  3.0547274e+07  1.2294567e-08  4.1284683e-20  1.5202559e-28
 7.8000000e+04 fs:  1.7894334e-06  1.0955572e-01  3.0135366e+07  1.2132052e-08  4.0727987e-20  1.4806472e-28
 7.9000000e+04 fs:  1.7428128e-06  1.0670136e-01  2.9724203e+07  1.1969670e-08  4.0172308e-20  1.4420705e-28
 8.0000000e+04 fs:  1.6974068e-06  1.0392137e-01  2.9314025e+07  1.1807524e-08  3.9617950e-20  1.4044990e-28
 8.1000000e+04 fs:  1.6531839e-06  1.0121382e-01  2.8905060e+07  1.1645713e-08  3.9065235e-20  1.3679063e-28
 8.2000000e+04 fs:  1.6101131e-06  9.8576802e-02  2.8497522e+07  1.1484328e-08  3.8514447e-20  1.3322670e-28
 8.3000000e+04 fs:  1.5681645e-06  9.6008493e-02  2.8091614e+07  1.1323457e-08  3.7965857e-20  1.2975563e-28
 8.4000000e+04 fs:  1.5273088e-06  9.3507099e-02  2.7687528e+07  1.1163182e-08  3.7419735e-20  1.2637499e-28
 8.5000000e+04 fs:  1.4875176e-06  9.1070877e-02  2.7285443e+07  1.1003582e-08  3.6876317e-20  1.2308243e-28
 8.6000000e+04 fs:  1.4487630e-06  8.8698129e-02  2.6885529e+07  1.0844729e-08  3.6335833e-20  1.1987566e-28
 8.7000000e+04 fs:  1.4110182e-06  8.6387201e-02  2.6487946e+07  1.0686693e-08  3.5798498e-20  1.1675244e-28
 8.8000000e+04 fs:  1.3742568e-06  8.4136482e-02  2.6092844e+07  1.0529539e-08  3.5264517e-20  1.1371059e-28
 8.9000000e+04 fs:  1.3384531e-06  8.1944404e-02  2.5700362e+07  1.0373328e-08  3.4734082e-20  1.1074799e-28
 9.0000000e+04 fs:  1.3035823e-06  7.9809439e-02  2.5310632e+07  1.0218117e-08  3.4207359e-20  1.0786258e-28
 9.1000000e+04 fs:  1.2696200e-06  7.7730098e-02  2.4923777e+07  1.0063961e-08  3.3684523e-20  1.0505235e-28
 9.2000000e+04 fs:  1.2365425e-06  7.5704933e-02  2.4539911e+07  9.9109083e-09  3.3165726e-20  1.0231533e-28
 9.3000000e+04 fs:  1.2043268e-06  7.3732532e-02  2.4159141e+07  9.7590070e-09  3.2651117e-20  9.9649630e-29
 9.4000000e+04 fs:  1.1729505e-06  7.1811519e-02  2.3781565e+07  9.6083007e-09  3.2140824e-20  9.7053379e-29
 9.5000000e+04 fs:  1.1423916e-06  6.9940558e-02  2.3407276e+07  9.4588298e-09  3.1634970e-20  9.4524771e-29
 9.6000000e+04 fs:  1.1126289e-06  6.8118342e-02  2.3036357e+07  9.3106323e-09  3.1133673e-20  9.2062044e-29
 9.7000000e+04 fs:  1.0836416e-06  6.6343603e-02  2.2668888e+07  9.1637429e-09  3.0637034e-20  8.9663481e-29
 9.8000000e+04 fs:  1.0554095e-06  6.4615102e-02  2.2304940e+07  9.0181941e-09  3.0145159e-20  8.7327410e-29
 9.9000000e+04 fs:  1.0279130e-06  6.2931637e-02  2.1944579e+07  8.8740154e-09  2.9658133e-20  8.5052204e-29
