 0.0000000e+00 fs:
 (0,0) (-0,0) (0,0) (0,0) (-0,0) (-0,0)
 (-0,0) (0,0) (0,0) (0,0) (-0,0) (-0,0)
 (0,-0) (0,-0) (0,0) (-0,0) (-0,0) (-0,0)
 (0,0) (0,-0) (-0,0) (0,0) (-0,0) (-0,0)
 (-0,0) (-0,0) (-0,0) (-0,0) (-0.515797,0) (0.222726,-0.44702)
 (-0,0) (-0,0) (-0,0) (-0,0) (0.222726,0.44702) (0.484857,0)
 1.0000000e+03 fs:
 (0,0) (-0,0) (0,0) (0,0) (0,0) (-0,0)
 (0,-0) (0,0) (0,-0) (0,-0) (-0,0) (0,0)
 (0,0) (-0,0) (0,0) (0,0) (0,0) (0,0)
 (0,0) (-0,0) (0,0) (0,0) (0,0) (0,0)
 (0,0) (0,-0) (0,0) (0,0) (-0.528573,0) (0.365505,-0.314985)
 (0,-0) (0,0) (0,0) (0,0) (0.365505,0.314985) (0.504966,0)
 2.0000000e+03 fs:
 (0,0) (0,0) (0,0) (0,0) (0,-0) (0,-0)
 (0,0) (0,0) (-0,0) (-0,0) (0,0) (0,0)
 (0,0) (0,-0) (0,0) (0,0) (0,-0) (-0,0)
 (0,0) (0,-0) (0,0) (0,0) (0,-0) (-0,0)
 (-0,0) (0,0) (-0,0) (-0,0) (-0.528705,0) (0.364439,-0.315893)
 (-0,0) (0,0) (0,-0) (0,-0) (0.364439,0.315893) (0.505235,0)
 3.0000000e+03 fs:
 (0,0) (0,0) (0,0) (0,0) (0,-0) (0,0)
 (0,0) (0,0) (0,0) (0,0) (-0,0) (0,-0)
 (0,0) (0,0) (0,0) (0,0) (0,-0) (0,-0)
 (0,0) (0,0) (0,0) (0,0) (-0,0) (0,-0)
 (-0,0) (0,-0) (-0,0) (0,-0) (-0.528672,0) (0.364297,-0.316094)
 (0,0) (-0,0) (-0,0) (-0,0) (0.364297,0.316094) (0.505222,0)
 4.0000000e+03 fs:
 (0,0) (0,-0) (0,0) (-0,0) (-0,0) (0,0)
 (-0,0) (0,0) (0,-0) (0,0) (0,0) (0,-0)
 (0,0) (-0,0) (0,0) (0,0) (-0,0) (0,0)
 (0,-0) (0,0) (0,0) (0,0) (0,0) (0,-0)
 (0,-0) (0,0) (0,-0) (0,0) (-0.528696,0) (0.364233,-0.316128)
 (0,0) (-0,0) (0,0) (-0,0) (0.364233,0.316128) (0.505247,0)
 5.0000000e+03 fs:
 (0,0) (0,0) (0,0) (-0,0) (-0,0) (-0,0)
 (0,0) (0,0) (0,0) (0,-0) (-0,0) (-0,0)
 (0,0) (0,0) (0,0) (-0,0) (0,0) (0,0)
 (0,-0) (-0,0) (0,-0) (0,0) (0,0) (0,0)
 (0,-0) (0,-0) (0,0) (0,0) (-0.528728,0) (0.364177,-0.316142)
 (0,-0) (0,-0) (0,0) (0,0) (0.364177,0.316142) (0.505278,0)
 6.0000000e+03 fs:
 (0,0) (-0,0) (0,0) (-0,0) (0,0) (0,-0)
 (0,-0) (0,0) (0,0) (0,0) (0,0) (-0,0)
 (0,0) (0,0) (0,0) (-0,0) (0,0) (-0,0)
 (0,-0) (0,0) (0,-0) (0,0) (0,-0) (0,0)
 (0,0) (0,0) (0,0) (-0,0) (-0.528761,0) (0.364122,-0.316152)
 (-0,0) (0,-0) (0,-0) (0,0) (0.364122,0.316152) (0.505309,0)
 7.0000000e+03 fs:
 (0,0) (0,-0) (0,0) (0,-0) (0,0) (0,0)
 (-0,0) (0,0) (0,-0) (0,0) (-0,0) (0,0)
 (0,0) (-0,0) (0,0) (-0,0) (0,0) (0,-0)
 (-0,0) (0,0) (0,-0) (0,0) (0,-0) (-0,0)
 (0,0) (0,-0) (0,0) (-0,0) (-0.528794,0) (0.364068,-0.316162)
 (0,0) (0,0) (-0,0) (0,-0) (0.364068,0.316162) (0.505341,0)
 8.0000000e+03 fs:
 (0,0) (0,0) (0,0) (0,-0) (0,0) (0,0)
 (0,0) (0,0) (0,0) (0,-0) (0,0) (0,0)
 (0,0) (0,0) (0,0) (-0,0) (0,0) (0,0)
 (-0,0) (-0,0) (0,-0) (0,0) (-0,0) (-0,0)
 (0,0) (0,0) (0,0) (0,-0) (-0.528827,0) (0.364013,-0.316172)
 (0,0) (0,0) (0,0) (0,-0) (0.364013,0.316172) (0.505372,0)
 9.0000000e+03 fs:
 (0,0) (-0,0) (0,0) (0,-0) (0,0) (-0,0)
 (0,-0) (0,0) (0,0) (-0,0) (-0,0) (0,0)
 (0,0) (0,0) (0,0) (0,-0) (0,-0) (0,0)
 (-0,0) (0,-0) (-0,0) (0,0) (0,0) (0,-0)
 (0,0) (0,-0) (-0,0) (0,0) (-0.528859,0) (0.363959,-0.316182)
 (0,-0) (0,0) (0,0) (-0,0) (0.363959,0.316182) (0.505404,0)
 1.0000000e+04 fs:
 (0,0) (0,0) (0,0) (0,0) (0,-0) (0,-0)
 (0,0) (0,0) (-0,0) (0,0) (0,0) (0,0)
 (0,0) (0,-0) (0,0) (0,-0) (-0,0) (-0,0)
 (0,0) (0,0) (-0,0) (0,0) (0,0) (0,0)
 (-0,0) (0,0) (0,-0) (0,0) (-0.528892,0) (0.363904,-0.316193)
 (-0,0) (0,0) (0,-0) (0,0) (0.363904,0.316193) (0.505435,0)
 1.1000000e+04 fs:
 (0,0) (0,0) (0,0) (0,0) (0,-0) (0,0)
 (0,0) (0,0) (0,0) (0,-0) (-0,0) (0,-0)
 (0,0) (0,0) (0,0) (0,-0) (-0,0) (0,-0)
 (0,0) (-0,0) (-0,0) (0,0) (0,-0) (0,0)
 (-0,0) (0,-0) (0,-0) (-0,0) (-0.528925,0) (0.36385,-0.316203)
 (0,0) (-0,0) (-0,0) (0,0) (0.36385,0.316203) (0.505467,0)
 1.2000000e+04 fs:
 (0,0) (0,-0) (-0,0) (0,0) (-0,0) (0,0)
 (-0,0) (0,0) (0,-0) (-0,0) (0,0) (0,-0)
 (0,-0) (-0,0) (0,0) (0,-0) (0,0) (0,0)
 (0,0) (0,-0) (-0,0) (0,0) (-0,0) (0,0)
 (0,-0) (0,0) (0,0) (0,-0) (-0.528958,0) (0.363795,-0.316213)
 (0,0) (-0,0) (0,0) (0,0) (0.363795,0.316213) (0.505498,0)
 1.3000000e+04 fs:
 (0,0) (0,0) (-0,0) (0,0) (-0,0) (-0,0)
 (0,0) (0,0) (-0,0) (0,0) (-0,0) (-0,0)
 (0,-0) (0,-0) (0,0) (0,-0) (0,0) (0,0)
 (0,0) (0,0) (-0,0) (0,0) (-0,0) (-0,0)
 (0,-0) (0,-0) (0,0) (0,-0) (-0.528991,0) (0.36374,-0.316223)
 (0,-0) (0,-0) (0,0) (0,-0) (0.36374,0.316223) (0.50553,0)
 1.4000000e+04 fs:
 (0,0) (-0,0) (-0,0) (0,0) (0,0) (0,-0)
 (0,-0) (0,0) (0,0) (0,0) (0,0) (-0,0)
 (0,-0) (0,0) (0,0) (0,0) (0,0) (-0,0)
 (0,0) (0,0) (0,0) (0,0) (0,0) (0,-0)
 (0,0) (0,0) (0,0) (0,0) (-0.529024,0) (0.363686,-0.316233)
 (-0,0) (0,-0) (0,-0) (-0,0) (0.363686,0.316233) (0.505561,0)
 1.5000000e+04 fs:
 (0,0) (0,-0) (-0,0) (0,0) (0,0) (0,0)
 (-0,0) (0,0) (0,-0) (0,-0) (-0,0) (0,0)
 (0,-0) (-0,0) (0,0) (0,0) (0,-0) (0,-0)
 (0,0) (-0,0) (0,0) (0,0) (0,0) (0,-0)
 (0,0) (0,-0) (-0,0) (0,0) (-0.529057,0) (0.363631,-0.316243)
 (0,0) (0,0) (-0,0) (-0,0) (0.363631,0.316243) (0.505593,0)
 1.6000000e+04 fs:
 (0,0) (0,0) (-0,0) (0,0) (0,0) (0,0)
 (0,0) (0,0) (-0,0) (0,0) (0,0) (0,0)
 (0,-0) (0,-0) (0,0) (0,0) (0,-0) (0,0)
 (0,0) (0,0) (0,0) (0,0) (0,-0) (0,0)
 (0,0) (0,0) (-0,0) (-0,0) (-0.52909,0) (0.363576,-0.316253)
 (0,0) (0,0) (0,0) (0,0) (0.363576,0.316253) (0.505624,0)
 1.7000000e+04 fs:
 (0,0) (-0,0) (-0,0) (-0,0) (0,0) (-0,0)
 (0,-0) (0,0) (0,0) (0,0) (-0,0) (0,0)
 (0,-0) (0,0) (0,0) (0,0) (-0,0) (0,0)
 (0,-0) (0,0) (0,0) (0,0) (-0,0) (0,0)
 (0,0) (0,-0) (0,-0) (0,-0) (-0.529123,0) (0.363522,-0.316263)
 (0,-0) (0,0) (0,0) (0,0) (0.363522,0.316263) (0.505656,0)
 1.8000000e+04 fs:
 (0,0) (0,0) (-0,0) (-0,0) (0,-0) (0,-0)
 (0,0) (0,0) (0,-0) (0,-0) (0,0) (0,0)
 (0,-0) (-0,0) (0,0) (0,0) (-0,0) (0,0)
 (0,-0) (-0,0) (0,0) (0,0) (0,0) (0,0)
 (-0,0) (0,0) (0,-0) (0,0) (-0.529156,0) (0.363467,-0.316273)
 (-0,0) (0,0) (0,0) (0,0) (0.363467,0.316273) (0.505687,0)
 1.9000000e+04 fs:
 (0,0) (0,0) (-0,0) (-0,0) (0,-0) (0,0)
 (0,0) (0,0) (-0,0) (-0,0) (-0,0) (0,-0)
 (0,-0) (0,-0) (0,0) (0,0) (0,0) (-0,0)
 (0,-0) (0,-0) (0,0) (0,0) (0,0) (-0,0)
 (-0,0) (0,-0) (0,0) (0,0) (-0.529189,0) (0.363413,-0.316283)
 (0,0) (-0,0) (0,-0) (0,-0) (0.363413,0.316283) (0.505719,0)
 2.0000000e+04 fs:
 (0,0) (0,-0) (-0,0) (0,-0) (-0,0) (0,0)
 (-0,0) (0,0) (0,0) (0,0) (0,0) (0,-0)
 (0,-0) (0,0) (0,0) (0,0) (0,0) (0,-0)
 (-0,0) (0,0) (0,0) (0,0) (0,0) (0,-0)
 (0,-0) (0,0) (0,0) (0,0) (-0.529222,0) (0.363358,-0.316293)
 (0,0) (-0,0) (-0,0) (-0,0) (0.363358,0.316293) (0.50575,0)
 2.1000000e+04 fs:
 (0,0) (0,0) (-0,0) (0,-0) (0,0) (-0,0)
 (0,0) (0,0) (0,-0) (0,-0) (-0,0) (-0,0)
 (0,-0) (-0,0) (0,0) (0,0) (0,0) (0,0)
 (-0,0) (-0,0) (0,0) (0,0) (0,-0) (0,0)
 (0,0) (0,-0) (0,0) (-0,0) (-0.529255,0) (0.363303,-0.316303)
 (0,-0) (0,-0) (0,0) (0,0) (0.363303,0.316303) (0.505782,0)
 2.2000000e+04 fs:
 (0,0) (-0,0) (-0,0) (0,-0) (0,0) (0,-0)
 (0,-0) (0,0) (0,0) (-0,0) (0,0) (-0,0)
 (0,-0) (0,0) (0,0) (-0,0) (0,-0) (0,0)
 (-0,0) (0,-0) (0,-0) (0,0) (-0,0) (0,0)
 (0,0) (0,0) (-0,0) (0,-0) (-0.529288,0) (0.363249,-0.316314)
 (-0,0) (0,-0) (0,0) (0,0) (0.363249,0.316314) (0.505813,0)
 2.3000000e+04 fs:
 (0,0) (0,-0) (-0,0) (0,0) (0,0) (0,0)
 (-0,0) (0,0) (0,0) (0,0) (-0,0) (-0,0)
 (0,-0) (0,0) (0,0) (-0,0) (-0,0) (-0,0)
 (0,0) (0,0) (0,-0) (0,0) (0,0) (0,0)
 (0,0) (0,-0) (0,-0) (0,0) (-0.529321,0) (0.363194,-0.316324)
 (0,0) (0,-0) (0,-0) (0,0) (0.363194,0.316324) (0.505845,0)
 2.4000000e+04 fs:
 (0,0) (0,0) (0,-0) (0,0) (0,0) (0,0)
 (0,0) (0,0) (-0,0) (0,0) (0,0) (0,0)
 (-0,0) (0,-0) (0,0) (-0,0) (-0,0) (0,-0)
 (0,0) (0,0) (0,-0) (0,0) (0,0) (-0,0)
 (0,0) (0,0) (0,-0) (0,0) (-0.529353,0) (0.363139,-0.316334)
 (0,0) (0,0) (-0,0) (0,-0) (0.363139,0.316334) (0.505876,0)
 2.5000000e+04 fs:
 (0,0) (-0,0) (0,-0) (0,0) (0,-0) (-0,0)
 (0,-0) (0,0) (0,0) (0,-0) (-0,0) (0,0)
 (-0,0) (0,0) (0,0) (-0,0) (0,0) (0,0)
 (0,0) (-0,0) (0,-0) (0,0) (0,0) (-0,0)
 (-0,0) (0,-0) (0,0) (0,0) (-0.529386,0) (0.363085,-0.316344)
 (0,-0) (0,0) (0,0) (0,-0) (0.363085,0.316344) (0.505907,0)
 2.6000000e+04 fs:
 (0,0) (0,0) (0,-0) (0,0) (0,-0) (0,-0)
 (0,0) (0,0) (0,0) (-0,0) (0,0) (0,0)
 (-0,0) (0,0) (0,0) (-0,0) (0,0) (0,0)
 (0,0) (0,-0) (0,-0) (0,0) (0,-0) (0,-0)
 (-0,0) (0,0) (0,0) (-0,0) (-0.529419,0) (0.36303,-0.316354)
 (-0,0) (0,0) (0,0) (-0,0) (0.36303,0.316354) (0.505939,0)
 2.7000000e+04 fs:
 (0,0) (0,0) (0,-0) (0,0) (-0,0) (0,0)
 (0,0) (0,0) (-0,0) (0,0) (-0,0) (0,0)
 (-0,0) (0,-0) (0,0) (0,-0) (0,0) (-0,0)
 (0,0) (0,0) (-0,0) (0,0) (-0,0) (0,0)
 (0,-0) (0,-0) (0,0) (0,-0) (-0.529452,0) (0.362975,-0.316364)
 (0,0) (0,0) (0,-0) (0,0) (0.362975,0.316364) (0.50597,0)
 2.8000000e+04 fs:
 (0,0) (0,-0) (0,-0) (0,0) (-0,0) (0,0)
 (-0,0) (0,0) (0,0) (0,-0) (0,0) (0,-0)
 (-0,0) (0,0) (0,0) (0,-0) (0,-0) (0,-0)
 (0,0) (-0,0) (-0,0) (0,0) (0,0) (0,0)
 (0,-0) (0,0) (-0,0) (0,0) (-0.529485,0) (0.362921,-0.316374)
 (0,0) (-0,0) (-0,0) (0,0) (0.362921,0.316374) (0.506002,0)
 2.9000000e+04 fs:
 (0,0) (0,0) (0,-0) (-0,0) (0,0) (-0,0)
 (0,0) (0,0) (0,-0) (-0,0) (-0,0) (0,-0)
 (-0,0) (-0,0) (0,0) (0,-0) (0,-0) (0,0)
 (0,-0) (0,-0) (-0,0) (0,0) (0,0) (0,0)
 (0,0) (0,-0) (-0,0) (0,0) (-0.529518,0) (0.362866,-0.316384)
 (0,-0) (-0,0) (0,0) (0,0) (0.362866,0.316384) (0.506033,0)
 3.0000000e+04 fs:
 (0,0) (-0,0) (0,-0) (-0,0) (0,0) (0,-0)
 (0,-0) (0,0) (-0,0) (0,0) (0,0) (-0,0)
 (-0,0) (0,-0) (0,0) (0,-0) (-0,0) (0,0)
 (0,-0) (0,0) (-0,0) (0,0) (0,-0) (-0,0)
 (0,0) (0,0) (0,-0) (-0,0) (-0.529551,0) (0.362811,-0.316394)
 (-0,0) (0,-0) (0,0) (0,-0) (0.362811,0.316394) (0.506065,0)
 3.1000000e+04 fs:
 (0,0) (0,-0) (0,-0) (-0,0) (0,0) (0,0)
 (-0,0) (0,0) (0,0) (0,0) (-0,0) (-0,0)
 (-0,0) (0,0) (0,0) (0,0) (-0,0) (-0,0)
 (0,-0) (0,0) (0,0) (0,0) (0,-0) (0,-0)
 (0,0) (0,-0) (0,-0) (-0,0) (-0.529584,0) (0.362756,-0.316404)
 (0,0) (0,-0) (0,-0) (-0,0) (0.362756,0.316404) (0.506096,0)
 3.2000000e+04 fs:
 (0,0) (0,0) (0,-0) (-0,0) (0,0) (0,0)
 (0,0) (0,0) (0,-0) (-0,0) (0,0) (0,0)
 (-0,0) (-0,0) (0,0) (0,0) (0,0) (0,-0)
 (0,-0) (0,-0) (0,0) (0,0) (-0,0) (0,-0)
 (0,0) (0,0) (0,0) (0,-0) (-0.529617,0) (0.362702,-0.316414)
 (0,0) (0,0) (-0,0) (-0,0) (0.362702,0.316414) (0.506128,0)
 3.3000000e+04 fs:
 (0,0) (-0,0) (0,-0) (0,-0) (0,-0) (-0,0)
 (0,-0) (0,0) (-0,0) (0,0) (-0,0) (0,0)
 (-0,0) (0,-0) (0,0) (0,0) (0,0) (0,0)
 (-0,0) (0,0) (0,0) (0,0) (0,0) (0,0)
 (-0,0) (0,-0) (0,0) (0,0) (-0.52965,0) (0.362647,-0.316424)
 (0,-0) (0,0) (0,0) (0,0) (0.362647,0.316424) (0.506159,0)
 3.4000000e+04 fs:
 (0,0) (0,0) (0,-0) (0,-0) (0,-0) (0,-0)
 (0,0) (0,0) (0,0) (0,0) (0,0) (0,0)
 (-0,0) (0,0) (0,0) (0,0) (0,0) (0,0)
 (-0,0) (0,0) (0,0) (0,0) (0,0) (0,0)
 (-0,0) (0,0) (0,0) (0,0) (-0.529682,0) (0.362592,-0.316434)
 (-0,0) (0,0) (0,0) (0,0) (0.362592,0.316434) (0.50619,0)
 3.5000000e+04 fs:
 (0,0) (0,0) (0,-0) (0,-0) (-0,0) (0,0)
 (0,0) (0,0) (0,-0) (0,-0) (0,0) (0,0)
 (-0,0) (-0,0) (0,0) (0,0) (0,-0) (0,0)
 (-0,0) (-0,0) (0,0) (0,0) (0,-0) (-0,0)
 (0,-0) (0,0) (-0,0) (-0,0) (-0.529715,0) (0.362538,-0.316444)
 (0,0) (0,0) (0,0) (0,-0) (0.362538,0.316444) (0.506222,0)
 3.6000000e+04 fs:
 (0,0) (0,-0) (0,0) (0,0) (-0,0) (0,0)
 (-0,0) (0,0) (0,0) (-0,0) (0,-0) (0,-0)
 (0,0) (0,0) (0,0) (0,0) (0,-0) (-0,0)
 (0,0) (0,-0) (0,0) (0,0) (-0,0) (-0,0)
 (0,-0) (-0,0) (-0,0) (0,-0) (-0.529748,0) (0.362483,-0.316454)
 (0,0) (-0,0) (0,-0) (0,-0) (0.362483,0.316454) (0.506253,0)
 3.7000000e+04 fs:
 (0,0) (0,0) (0,0) (0,0) (0,0) (-0,0)
 (0,0) (0,0) (0,0) (0,0) (0,0) (0,-0)
 (0,0) (0,0) (0,0) (0,0) (-0,0) (0,-0)
 (0,0) (0,0) (0,0) (0,0) (0,0) (0,-0)
 (0,0) (0,0) (0,-0) (0,0) (-0.529781,0) (0.362428,-0.316465)
 (0,-0) (-0,0) (-0,0) (-0,0) (0.362428,0.316465) (0.506285,0)
 3.8000000e+04 fs:
 (0,0) (-0,0) (0,0) (0,0) (0,0) (0,0)
 (0,-0) (0,0) (0,-0) (0,-0) (0,-0) (-0,0)
 (0,0) (-0,0) (0,0) (0,0) (0,0) (0,0)
 (0,0) (-0,0) (0,0) (0,0) (0,0) (0,0)
 (0,0) (-0,0) (0,0) (0,0) (-0.529814,0) (0.362373,-0.316475)
 (0,0) (0,-0) (0,0) (0,0) (0.362373,0.316475) (0.506316,0)
 3.9000000e+04 fs:
 (0,0) (0,-0) (0,0) (0,0) (0,0) (0,0)
 (-0,0) (0,0) (0,0) (-0,0) (0,0) (-0,0)
 (0,0) (0,0) (0,0) (0,0) (0,0) (0,0)
 (0,0) (0,-0) (0,0) (0,0) (0,0) (0,0)
 (0,0) (0,0) (0,0) (0,0) (-0.529847,0) (0.362318,-0.316485)
 (0,0) (0,-0) (0,0) (0,0) (0.362318,0.316485) (0.506348,0)
 4.0000000e+04 fs:
 (0,0) (0,0) (0,0) (0,0) (0,-0) (-0,0)
 (0,0) (0,0) (0,0) (0,0) (0,-0) (0,0)
 (0,0) (0,0) (0,0) (-0,0) (0,0) (-0,0)
 (0,0) (0,0) (0,-0) (0,0) (0,-0) (0,0)
 (-0,0) (-0,0) (0,0) (-0,0) (-0.52988,0) (0.362264,-0.316495)
 (0,-0) (0,0) (0,-0) (0,0) (0.362264,0.316495) (0.506379,0)
 4.1000000e+04 fs:
 (0,0) (-0,0) (0,0) (0,0) (0,-0) (0,-0)
 (0,-0) (0,0) (-0,0) (0,0) (0,0) (0,0)
 (0,0) (0,-0) (0,0) (-0,0) (0,-0) (0,-0)
 (0,0) (0,0) (0,-0) (0,0) (-0,0) (-0,0)
 (-0,0) (0,0) (-0,0) (0,-0) (-0.529913,0) (0.362209,-0.316505)
 (-0,0) (0,0) (-0,0) (0,-0) (0.362209,0.316505) (0.50641,0)
 4.2000000e+04 fs:
 (0,0) (0,0) (0,0) (-0,0) (-0,0) (0,0)
 (0,0) (0,0) (0,0) (-0,0) (0,-0) (0,0)
 (0,0) (0,0) (0,0) (-0,0) (0,-0) (0,0)
 (0,-0) (0,-0) (0,-0) (0,0) (0,0) (0,-0)
 (0,-0) (-0,0) (-0,0) (0,0) (-0.529946,0) (0.362154,-0.316515)
 (0,0) (0,0) (0,0) (-0,0) (0.362154,0.316515) (0.506442,0)
 4.3000000e+04 fs:
 (0,0) (0,0) (0,0) (-0,0) (-0,0) (0,0)
 (0,0) (0,0) (0,-0) (0,0) (0,0) (0,0)
 (0,0) (-0,0) (0,0) (-0,0) (-0,0) (0,0)
 (0,-0) (0,0) (0,-0) (0,0) (0,0) (0,-0)
 (0,-0) (0,0) (0,-0) (0,0) (-0.529978,0) (0.362099,-0.316525)
 (0,0) (0,0) (0,0) (-0,0) (0.362099,0.316525) (0.506473,0)
 4.4000000e+04 fs:
 (0,0) (0,-0) (0,0) (-0,0) (0,0) (-0,0)
 (-0,0) (0,0) (-0,0) (0,0) (0,-0) (0,0)
 (0,0) (0,-0) (0,0) (0,-0) (-0,0) (-0,0)
 (0,-0) (0,0) (-0,0) (0,0) (0,0) (0,0)
 (0,0) (-0,0) (0,-0) (0,0) (-0.530011,0) (0.362045,-0.316535)
 (0,-0) (0,0) (0,-0) (0,0) (0.362045,0.316535) (0.506505,0)
 4.5000000e+04 fs:
 (0,0) (0,0) (0,0) (0,-0) (0,0) (0,-0)
 (0,0) (0,0) (0,0) (0,-0) (0,0) (0,-0)
 (0,0) (0,0) (0,0) (0,-0) (0,0) (0,-0)
 (-0,0) (-0,0) (-0,0) (0,0) (0,-0) (0,0)
 (0,0) (0,0) (0,0) (-0,0) (-0.530044,0) (0.36199,-0.316545)
 (-0,0) (-0,0) (-0,0) (0,0) (0.36199,0.316545) (0.506536,0)
 4.6000000e+04 fs:
 (0,0) (-0,0) (0,0) (0,-0) (0,0) (0,0)
 (0,-0) (0,0) (0,-0) (-0,0) (0,-0) (0,-0)
 (0,0) (-0,0) (0,0) (0,-0) (0,0) (0,0)
 (-0,0) (0,-0) (-0,0) (0,0) (-0,0) (0,0)
 (0,0) (-0,0) (0,0) (0,-0) (-0.530077,0) (0.361935,-0.316555)
 (0,0) (-0,0) (0,0) (0,0) (0.361935,0.316555) (0.506567,0)
 4.7000000e+04 fs:
 (0,0) (0,-0) (0,0) (0,-0) (0,0) (0,0)
 (-0,0) (0,0) (-0,0) (0,0) (0,0) (-0,0)
 (0,0) (0,-0) (0,0) (0,-0) (0,0) (0,0)
 (-0,0) (0,0) (-0,0) (0,0) (0,0) (-0,0)
 (0,0) (0,0) (0,0) (0,0) (-0.53011,0) (0.36188,-0.316565)
 (0,0) (0,-0) (0,0) (0,-0) (0.36188,0.316565) (0.506599,0)
 4.8000000e+04 fs:
 (0,0) (0,0) (0,0) (0,-0) (0,-0) (-0,0)
 (0,0) (0,0) (0,0) (0,-0) (0,-0) (-0,0)
 (0,0) (0,0) (0,0) (0,-0) (0,-0) (-0,0)
 (-0,0) (-0,0) (-0,0) (0,0) (0,0) (0,-0)
 (-0,0) (-0,0) (-0,0) (0,0) (-0.530143,0) (0.361825,-0.316575)
 (0,-0) (0,-0) (0,-0) (-0,0) (0.361825,0.316575) (0.50663,0)
 4.9000000e+04 fs:
 (0,0) (-0,0) (0,0) (0,0) (0,-0) (0,-0)
 (0,-0) (0,0) (0,-0) (-0,0) (0,0) (0,0)
 (0,0) (-0,0) (0,0) (0,0) (0,-0) (0,-0)
 (0,0) (0,-0) (0,0) (0,0) (0,-0) (0,0)
 (-0,0) (0,0) (-0,0) (-0,0) (-0.530175,0) (0.361771,-0.316585)
 (-0,0) (0,0) (-0,0) (0,0) (0.361771,0.316585) (0.506662,0)
 5.0000000e+04 fs:
 (0,0) (0,0) (0,0) (0,0) (-0,0) (0,0)
 (0,0) (0,0) (-0,0) (0,0) (0,-0) (0,0)
 (0,0) (0,-0) (0,0) (0,0) (-0,0) (0,0)
 (0,0) (0,0) (0,0) (0,0) (0,-0) (0,0)
 (0,-0) (-0,0) (0,-0) (-0,0) (-0.530208,0) (0.361716,-0.316595)
 (0,0) (0,0) (0,0) (0,0) (0.361716,0.316595) (0.506693,0)
 5.1000000e+04 fs:
 (0,0) (0,0) (0,0) (0,0) (-0,0) (0,0)
 (0,0) (0,0) (0,0) (0,0) (0,0) (0,0)
 (0,0) (0,0) (0,0) (0,0) (0,0) (0,0)
 (0,0) (0,0) (0,0) (0,0) (-0,0) (0,0)
 (0,-0) (0,0) (0,0) (0,-0) (-0.530241,0) (0.361661,-0.316605)
 (0,0) (0,0) (0,0) (0,0) (0.361661,0.316605) (0.506724,0)
 5.2000000e+04 fs:
 (0,0) (0,-0) (0,0) (0,0) (0,0) (-0,0)
 (-0,0) (0,0) (0,-0) (0,-0) (0,-0) (0,0)
 (0,0) (-0,0) (0,0) (0,0) (0,0) (-0,0)
 (0,0) (-0,0) (0,0) (0,0) (0,0) (-0,0)
 (0,0) (-0,0) (0,0) (0,0) (-0.530274,0) (0.361606,-0.316615)
 (0,-0) (0,0) (0,-0) (0,-0) (0.361606,0.316615) (0.506756,0)
 5.3000000e+04 fs:
 (0,0) (0,0) (0,0) (0,0) (0,0) (0,-0)
 (0,0) (0,0) (0,0) (0,0) (0,0) (0,-0)
 (0,0) (0,0) (0,0) (0,0) (0,0) (-0,0)
 (0,0) (0,0) (0,0) (0,0) (0,0) (-0,0)
 (0,0) (0,0) (0,0) (0,0) (-0.530307,0) (0.361551,-0.316625)
 (-0,0) (-0,0) (0,-0) (0,-0) (0.361551,0.316625) (0.506787,0)
 5.4000000e+04 fs:
 (0,0) (-0,0) (0,0) (0,0) (0,0) (0,0)
 (0,-0) (0,0) (0,0) (0,0) (0,-0) (0,-0)
 (0,0) (0,0) (0,0) (0,0) (0,0) (0,-0)
 (0,0) (0,0) (0,0) (0,0) (0,-0) (0,-0)
 (0,0) (-0,0) (0,0) (-0,0) (-0.53034,0) (0.361496,-0.316635)
 (0,0) (-0,0) (-0,0) (-0,0) (0.361496,0.316635) (0.506819,0)
 5.5000000e+04 fs:
 (0,0) (0,-0) (0,0) (-0,0) (0,0) (0,0)
 (-0,0) (0,0) (-0,0) (0,-0) (0,0) (-0,0)
 (0,0) (0,-0) (0,0) (0,0) (0,-0) (0,0)
 (0,-0) (-0,0) (0,0) (0,0) (-0,0) (0,0)
 (0,0) (0,0) (-0,0) (0,-0) (-0.530373,0) (0.361441,-0.316645)
 (0,0) (0,-0) (0,0) (0,0) (0.361441,0.316645) (0.50685,0)
 5.6000000e+04 fs:
 (0,0) (0,0) (0,0) (-0,0) (0,-0) (-0,0)
 (0,0) (0,0) (0,0) (-0,0) (0,-0) (-0,0)
 (0,0) (0,0) (0,0) (0,0) (-0,0) (0,0)
 (0,-0) (0,-0) (0,0) (0,0) (-0,0) (0,0)
 (-0,0) (-0,0) (0,-0) (0,-0) (-0.530405,0) (0.361387,-0.316655)
 (0,-0) (0,-0) (0,0) (0,0) (0.361387,0.316655) (0.506881,0)
 5.7000000e+04 fs:
 (0,0) (-0,0) (0,0) (-0,0) (0,-0) (0,-0)
 (0,-0) (0,0) (0,0) (0,0) (0,0) (0,0)
 (0,0) (0,0) (0,0) (0,0) (-0,0) (-0,0)
 (0,-0) (0,0) (0,0) (0,0) (0,0) (0,0)
 (-0,0) (0,0) (0,-0) (0,0) (-0.530438,0) (0.361332,-0.316665)
 (-0,0) (0,0) (0,-0) (0,0) (0.361332,0.316665) (0.506913,0)
 5.8000000e+04 fs:
 (0,0) (0,0) (0,0) (0,-0) (-0,0) (0,0)
 (0,0) (0,0) (-0,0) (0,-0) (0,-0) (0,0)
 (0,0) (0,-0) (0,0) (-0,0) (0,0) (0,-0)
 (-0,0) (-0,0) (0,-0) (0,0) (0,0) (-0,0)
 (0,-0) (-0,0) (0,0) (0,0) (-0.530471,0) (0.361277,-0.316675)
 (0,0) (0,0) (-0,0) (0,-0) (0.361277,0.316675) (0.506944,0)
 5.9000000e+04 fs:
 (0,0) (0,0) (0,0) (0,-0) (0,0) (0,0)
 (0,0) (0,0) (0,0) (-0,0) (0,0) (0,0)
 (0,0) (0,0) (0,0) (-0,0) (0,0) (0,0)
 (-0,0) (0,-0) (0,-0) (0,0) (0,-0) (0,-0)
 (0,0) (0,0) (0,0) (-0,0) (-0.530504,0) (0.361222,-0.316685)
 (0,0) (0,0) (0,0) (-0,0) (0.361222,0.316685) (0.506975,0)
 6.0000000e+04 fs:
 (0,0) (0,-0) (-0,0) (0,-0) (0,0) (-0,0)
 (-0,0) (0,0) (0,-0) (0,0) (0,-0) (0,0)
 (0,-0) (-0,0) (0,0) (-0,0) (0,0) (0,0)
 (-0,0) (0,0) (0,-0) (0,0) (-0,0) (0,-0)
 (0,0) (-0,0) (0,0) (0,-0) (-0.530537,0) (0.361167,-0.316695)
 (0,-0) (0,0) (0,0) (-0,0) (0.361167,0.316695) (0.507007,0)
 6.1000000e+04 fs:
 (0,0) (0,0) (-0,0) (0,0) (0,0) (0,-0)
 (0,0) (0,0) (-0,0) (0,0) (0,0) (0,-0)
 (0,-0) (0,-0) (0,0) (-0,0) (0,-0) (-0,0)
 (0,0) (0,0) (0,-0) (0,0) (0,0) (0,0)
 (0,0) (0,0) (-0,0) (0,0) (-0.530569,0) (0.361112,-0.316705)
 (-0,0) (-0,0) (0,-0) (0,0) (0.361112,0.316705) (0.507038,0)
 6.2000000e+04 fs:
 (0,0) (-0,0) (-0,0) (0,0) (0,0) (0,0)
 (0,-0) (0,0) (0,0) (0,-0) (0,-0) (0,-0)
 (0,-0) (0,0) (0,0) (0,-0) (0,-0) (0,-0)
 (0,0) (-0,0) (-0,0) (0,0) (0,0) (0,0)
 (0,0) (-0,0) (-0,0) (0,0) (-0.530602,0) (0.361057,-0.316715)
 (0,0) (-0,0) (-0,0) (0,0) (0.361057,0.316715) (0.507069,0)
 6.3000000e+04 fs:
 (0,0) (0,-0) (-0,0) (0,0) (0,-0) (0,0)
 (-0,0) (0,0) (0,-0) (0,0) (0,0) (-0,0)
 (0,-0) (-0,0) (0,0) (0,-0) (-0,0) (0,0)
 (0,0) (0,0) (-0,0) (0,0) (0,0) (-0,0)
 (-0,0) (0,0) (0,-0) (0,0) (-0.530635,0) (0.361002,-0.316725)
 (0,0) (0,-0) (0,0) (0,-0) (0.361002,0.316725) (0.507101,0)
 6.4000000e+04 fs:
 (0,0) (0,0) (-0,0) (0,0) (0,-0) (-0,0)
 (0,0) (0,0) (-0,0) (0,0) (0,-0) (-0,0)
 (0,-0) (0,-0) (0,0) (0,-0) (0,0) (0,0)
 (0,0) (0,0) (-0,0) (0,0) (0,-0) (-0,0)
 (-0,0) (-0,0) (0,0) (-0,0) (-0.530668,0) (0.360947,-0.316735)
 (0,-0) (0,-0) (0,0) (0,-0) (0.360947,0.316735) (0.507132,0)
 6.5000000e+04 fs:
 (0,0) (-0,0) (-0,0) (0,0) (-0,0) (0,-0)
 (0,-0) (0,0) (0,0) (0,-0) (0,0) (-0,0)
 (0,-0) (0,0) (0,0) (0,-0) (0,0) (-0,0)
 (0,0) (-0,0) (-0,0) (0,0) (-0,0) (0,-0)
 (0,-0) (0,0) (0,0) (0,-0) (-0.530701,0) (0.360893,-0.316745)
 (-0,0) (0,-0) (0,-0) (-0,0) (0.360893,0.316745) (0.507163,0)
 6.6000000e+04 fs:
 (0,0) (0,0) (-0,0) (0,0) (-0,0) (0,0)
 (0,0) (0,0) (0,-0) (-0,0) (0,-0) (0,0)
 (0,-0) (-0,0) (0,0) (0,0) (0,0) (0,-0)
 (0,0) (0,-0) (0,0) (0,0) (0,0) (0,0)
 (0,-0) (-0,0) (0,0) (0,0) (-0.530733,0) (0.360838,-0.316755)
 (0,0) (0,0) (-0,0) (0,0) (0.360838,0.316755) (0.507195,0)
 6.7000000e+04 fs:
 (0,0) (0,0) (-0,0) (0,0) (0,0) (0,0)
 (0,0) (0,0) (0,0) (0,0) (0,0) (0,0)
 (0,-0) (0,0) (0,0) (0,0) (0,0) (0,0)
 (0,0) (0,0) (0,0) (0,0) (0,0) (0,0)
 (0,0) (0,0) (0,0) (0,0) (-0.530766,0) (0.360783,-0.316765)
 (0,0) (0,0) (0,0) (0,0) (0.360783,0.316765) (0.507226,0)
 6.8000000e+04 fs:
 (0,0) (0,-0) (-0,0) (-0,0) (0,0) (-0,0)
 (-0,0) (0,0) (0,0) (0,0) (0,-0) (0,0)
 (0,-0) (0,0) (0,0) (0,0) (0,-0) (0,0)
 (0,-0) (0,0) (0,0) (0,0) (0,0) (0,0)
 (0,0) (-0,0) (-0,0) (0,0) (-0.530799,0) (0.360728,-0.316775)
 (0,-0) (0,0) (0,0) (0,0) (0.360728,0.316775) (0.507258,0)
 6.9000000e+04 fs:
 (0,0) (0,0) (-0,0) (-0,0) (0,0) (0,-0)
 (0,0) (0,0) (0,-0) (-0,0) (0,0) (0,0)
 (0,-0) (-0,0) (0,0) (0,0) (-0,0) (-0,0)
 (0,-0) (0,-0) (0,0) (0,0) (0,-0) (-0,0)
 (0,0) (0,0) (0,-0) (-0,0) (-0.530832,0) (0.360673,-0.316785)
 (-0,0) (0,0) (0,-0) (0,-0) (0.360673,0.316785) (0.507289,0)
 7.0000000e+04 fs:
 (0,0) (-0,0) (-0,0) (-0,0) (0,0) (0,0)
 (0,-0) (0,0) (0,0) (0,0) (-0,0) (0,-0)
 (0,-0) (0,0) (0,0) (0,0) (-0,0) (-0,0)
 (0,-0) (0,0) (0,0) (0,0) (-0,0) (0,-0)
 (0,0) (0,-0) (0,-0) (0,-0) (-0.530865,0) (0.360618,-0.316795)
 (0,0) (-0,0) (0,-0) (-0,0) (0.360618,0.316795) (0.50732,0)
 7.1000000e+04 fs:
 (0,0) (0,-0) (-0,0) (0,-0) (0,-0) (0,0)
 (-0,0) (0,0) (0,0) (0,0) (0,0) (0,-0)
 (0,-0) (0,0) (0,0) (0,0) (0,0) (0,-0)
 (-0,0) (0,0) (0,0) (0,0) (0,0) (0,-0)
 (-0,0) (0,0) (0,0) (0,0) (-0.530897,0) (0.360563,-0.316805)
 (0,0) (-0,0) (-0,0) (-0,0) (0.360563,0.316805) (0.507352,0)
 7.2000000e+04 fs:
 (0,0) (0,0) (0,-0) (0,-0) (0,-0) (-0,0)
 (0,0) (0,0) (-0,0) (0,-0) (-0,0) (-0,0)
 (-0,0) (0,-0) (0,0) (0,0) (0,0) (0,0)
 (-0,0) (-0,0) (0,0) (0,0) (0,0) (0,0)
 (-0,0) (0,-0) (0,0) (0,0) (-0.53093,0) (0.360508,-0.316815)
 (0,-0) (0,-0) (0,0) (0,0) (0.360508,0.316815) (0.507383,0)
 7.3000000e+04 fs:
 (0,0) (-0,0) (0,-0) (0,-0) (-0,0) (0,-0)
 (0,-0) (0,0) (0,0) (-0,0) (0,0) (-0,0)
 (-0,0) (0,0) (0,0) (0,0) (0,0) (0,0)
 (-0,0) (0,-0) (0,0) (0,0) (0,-0) (0,0)
 (0,-0) (0,0) (0,0) (-0,0) (-0.530963,0) (0.360453,-0.316825)
 (-0,0) (0,-0) (0,0) (0,0) (0.360453,0.316825) (0.507414,0)
 7.4000000e+04 fs:
 (0,0) (0,0) (0,-0) (0,0) (-0,0) (0,0)
 (0,0) (0,0) (0,0) (0,0) (-0,0) (0,0)
 (-0,0) (0,0) (0,0) (0,0) (0,-0) (-0,0)
 (0,0) (0,0) (0,0) (0,0) (-0,0) (0,0)
 (0,-0) (0,-0) (-0,0) (0,-0) (-0.530996,0) (0.360398,-0.316835)
 (0,0) (0,0) (0,-0) (0,0) (0.360398,0.316835) (0.507445,0)
 7.5000000e+04 fs:
 (0,0) (0,0) (0,-0) (0,0) (0,0) (-0,0)
 (0,0) (0,0) (-0,0) (0,-0) (0,0) (0,0)
 (-0,0) (0,-0) (0,0) (-0,0) (0,-0) (0,-0)
 (0,0) (-0,0) (0,-0) (0,0) (-0,0) (-0,0)
 (0,0) (0,0) (-0,0) (0,-0) (-0.531029,0) (0.360343,-0.316845)
 (0,-0) (0,0) (-0,0) (0,-0) (0.360343,0.316845) (0.507477,0)
 7.6000000e+04 fs:
 (0,0) (0,-0) (0,-0) (0,0) (0,0) (0,-0)
 (-0,0) (0,0) (0,0) (-0,0) (-0,0) (0,0)
 (-0,0) (0,0) (0,0) (-0,0) (-0,0) (0,0)
 (0,0) (0,-0) (0,-0) (0,0) (0,0) (0,-0)
 (0,0) (0,-0) (0,-0) (0,0) (-0.531061,0) (0.360288,-0.316855)
 (-0,0) (0,0) (0,0) (-0,0) (0.360288,0.316855) (0.507508,0)
 7.7000000e+04 fs:
 (0,0) (0,0) (0,-0) (0,0) (0,0) (0,0)
 (0,0) (0,0) (0,-0) (0,0) (0,0) (0,0)
 (-0,0) (-0,0) (0,0) (-0,0) (-0,0) (0,0)
 (0,0) (0,0) (0,-0) (0,0) (0,0) (0,0)
 (0,0) (0,0) (0,-0) (0,0) (-0.531094,0) (0.360233,-0.316865)
 (0,0) (0,0) (0,0) (0,0) (0.360233,0.316865) (0.507539,0)
 7.8000000e+04 fs:
 (0,0) (-0,0) (0,-0) (0,0) (0,-0) (0,0)
 (0,-0) (0,0) (-0,0) (0,0) (-0,0) (0,-0)
 (-0,0) (0,-0) (0,0) (-0,0) (0,0) (-0,0)
 (0,0) (0,0) (0,-0) (0,0) (0,-0) (0,0)
 (-0,0) (0,-0) (0,0) (-0,0) (-0.531127,0) (0.360178,-0.316875)
 (0,0) (-0,0) (0,-0) (0,0) (0.360178,0.316875) (0.507571,0)
 7.9000000e+04 fs:
 (0,0) (0,-0) (0,-0) (0,0) (0,-0) (-0,0)
 (-0,0) (0,0) (0,0) (-0,0) (0,0) (0,-0)
 (-0,0) (0,0) (0,0) (0,-0) (0,0) (0,-0)
 (0,0) (0,-0) (-0,0) (0,0) (-0,0) (0,0)
 (-0,0) (0,0) (0,0) (0,-0) (-0.53116,0) (0.360123,-0.316885)
 (0,-0) (-0,0) (-0,0) (0,0) (0.360123,0.316885) (0.507602,0)
 8.0000000e+04 fs:
 (0,0) (0,0) (0,-0) (0,0) (-0,0) (0,-0)
 (0,0) (0,0) (0,-0) (0,0) (-0,0) (-0,0)
 (-0,0) (-0,0) (0,0) (0,-0) (0,0) (0,0)
 (0,0) (0,0) (-0,0) (0,0) (0,0) (-0,0)
 (0,-0) (0,-0) (0,0) (0,0) (-0.531192,0) (0.360068,-0.316895)
 (-0,0) (0,-0) (0,0) (0,-0) (0.360068,0.316895) (0.507633,0)
 8.1000000e+04 fs:
 (0,0) (-0,0) (0,-0) (-0,0) (-0,0) (0,0)
 (0,-0) (0,0) (-0,0) (0,0) (0,0) (-0,0)
 (-0,0) (0,-0) (0,0) (0,-0) (0,-0) (0,0)
 (0,-0) (0,0) (-0,0) (0,0) (0,0) (-0,0)
 (0,-0) (0,0) (-0,0) (0,0) (-0.531225,0) (0.360013,-0.316905)
 (0,0) (0,-0) (0,0) (0,-0) (0.360013,0.316905) (0.507665,0)
 8.2000000e+04 fs:
 (0,0) (0,0) (0,-0) (-0,0) (0,0) (0,0)
 (0,0) (0,0) (0,0) (0,-0) (-0,0) (0,0)
 (-0,0) (0,0) (0,0) (0,-0) (-0,0) (-0,0)
 (0,-0) (-0,0) (-0,0) (0,0) (0,0) (0,-0)
 (0,0) (0,-0) (0,-0) (0,0) (-0.531258,0) (0.359958,-0.316915)
 (0,0) (0,0) (0,-0) (-0,0) (0.359958,0.316915) (0.507696,0)
 8.3000000e+04 fs:
 (0,0) (0,0) (0,0) (-0,0) (0,0) (-0,0)
 (0,0) (0,0) (0,-0) (-0,0) (0,0) (0,0)
 (0,0) (-0,0) (0,0) (0,-0) (-0,0) (0,-0)
 (0,-0) (0,-0) (-0,0) (0,0) (0,-0) (0,0)
 (0,0) (0,0) (0,-0) (-0,0) (-0.531291,0) (0.359903,-0.316925)
 (0,-0) (0,0) (-0,0) (0,0) (0.359903,0.316925) (0.507727,0)
 8.4000000e+04 fs:
 (0,0) (0,-0) (0,0) (0,-0) (0,0) (0,-0)
 (-0,0) (0,0) (0,0) (0,0) (-0,0) (0,0)
 (0,0) (0,0) (0,0) (0,0) (0,0) (0,0)
 (-0,0) (0,0) (0,0) (0,0) (-0,0) (0,0)
 (0,0) (0,-0) (0,0) (0,-0) (-0.531323,0) (0.359848,-0.316935)
 (-0,0) (0,0) (0,0) (0,0) (0.359848,0.316935) (0.507759,0)
 8.5000000e+04 fs:
 (0,0) (0,0) (0,0) (0,-0) (0,0) (0,0)
 (0,0) (0,0) (0,0) (0,-0) (0,0) (0,0)
 (0,0) (0,0) (0,0) (0,0) (0,0) (0,0)
 (-0,0) (-0,0) (0,0) (0,0) (0,0) (0,0)
 (0,0) (0,0) (0,0) (0,0) (-0.531356,0) (0.359793,-0.316945)
 (0,0) (0,0) (0,0) (0,0) (0.359793,0.316945) (0.50779,0)
 8.6000000e+04 fs:
 (0,0) (-0,0) (0,0) (0,-0) (0,-0) (0,0)
 (0,-0) (0,0) (-0,0) (-0,0) (-0,0) (0,0)
 (0,0) (0,-0) (0,0) (0,0) (0,0) (-0,0)
 (-0,0) (0,-0) (0,0) (0,0) (0,0) (-0,0)
 (-0,0) (0,-0) (0,0) (0,0) (-0.531389,0) (0.359738,-0.316955)
 (0,0) (0,0) (0,-0) (0,-0) (0.359738,0.316955) (0.507821,0)
 8.7000000e+04 fs:
 (0,0) (0,-0) (0,0) (0,0) (0,-0) (-0,0)
 (-0,0) (0,0) (0,0) (0,0) (0,0) (0,-0)
 (0,0) (0,0) (0,0) (0,0) (0,-0) (0,-0)
 (0,0) (0,0) (0,0) (0,0) (0,0) (0,-0)
 (-0,0) (0,0) (-0,0) (0,0) (-0.531422,0) (0.359683,-0.316965)
 (0,-0) (-0,0) (-0,0) (-0,0) (0.359683,0.316965) (0.507852,0)
 8.8000000e+04 fs:
 (0,0) (0,0) (0,0) (0,0) (-0,0) (0,-0)
 (0,0) (0,0) (0,0) (0,0) (-0,0) (0,-0)
 (0,0) (0,0) (0,0) (0,0) (0,-0) (0,-0)
 (0,0) (0,0) (0,0) (0,0) (0,-0) (0,-0)
 (0,-0) (0,-0) (-0,0) (-0,0) (-0.531454,0) (0.359628,-0.316975)
 (-0,0) (-0,0) (-0,0) (-0,0) (0.359628,0.316975) (0.507884,0)
 8.9000000e+04 fs:
 (0,0) (-0,0) (0,0) (0,0) (-0,0) (0,0)
 (0,-0) (0,0) (-0,0) (0,-0) (0,0) (-0,0)
 (0,0) (0,-0) (0,0) (0,0) (-0,0) (0,0)
 (0,0) (-0,0) (0,0) (0,0) (-0,0) (0,0)
 (0,-0) (0,0) (0,-0) (0,-0) (-0.531487,0) (0.359573,-0.316985)
 (0,0) (0,-0) (0,0) (0,0) (0.359573,0.316985) (0.507915,0)
 9.0000000e+04 fs:
 (0,0) (0,0) (0,0) (0,0) (0,0) (0,0)
 (0,0) (0,0) (0,0) (0,0) (-0,0) (-0,0)
 (0,0) (0,0) (0,0) (0,0) (-0,0) (0,0)
 (0,0) (0,0) (0,0) (0,0) (0,0) (0,0)
 (0,0) (0,-0) (0,-0) (0,0) (-0.53152,0) (0.359517,-0.316995)
 (0,0) (0,-0) (0,0) (0,0) (0.359517,0.316995) (0.507946,0)
 9.1000000e+04 fs:
 (0,0) (0,0) (0,0) (0,0) (0,0) (-0,0)
 (0,0) (0,0) (0,-0) (0,0) (0,0) (0,0)
 (0,0) (-0,0) (0,0) (0,0) (0,0) (-0,0)
 (0,0) (0,0) (0,0) (0,0) (0,0) (-0,0)
 (0,0) (0,0) (0,0) (0,0) (-0.531553,0) (0.359462,-0.317005)
 (0,-0) (0,0) (0,-0) (0,-0) (0.359462,0.317005) (0.507978,0)
 9.2000000e+04 fs:
 (0,0) (0,-0) (0,0) (0,0) (0,0) (0,-0)
 (-0,0) (0,0) (-0,0) (0,-0) (-0,0) (0,0)
 (0,0) (0,-0) (0,0) (0,0) (0,0) (0,-0)
 (0,0) (-0,0) (0,0) (0,0) (0,-0) (-0,0)
 (0,0) (0,-0) (0,0) (-0,0) (-0.531585,0) (0.359407,-0.317015)
 (-0,0) (0,0) (-0,0) (0,-0) (0.359407,0.317015) (0.508009,0)
 9.3000000e+04 fs:
 (0,0) (0,0) (0,0) (-0,0) (0,0) (0,0)
 (0,0) (0,0) (0,0) (-0,0) (0,0) (0,0)
 (0,0) (0,0) (0,0) (-0,0) (0,0) (0,0)
 (0,-0) (0,-0) (0,-0) (0,0) (0,-0) (0,-0)
 (0,0) (0,0) (0,0) (-0,0) (-0.531618,0) (0.359352,-0.317025)
 (0,0) (0,0) (0,0) (-0,0) (0.359352,0.317025) (0.50804,0)
 9.4000000e+04 fs:
 (0,0) (-0,0) (0,0) (-0,0) (0,-0) (0,0)
 (0,-0) (0,0) (0,-0) (0,0) (-0,0) (0,0)
 (0,0) (-0,0) (0,0) (-0,0) (0,-0) (0,0)
 (0,-0) (0,0) (0,-0) (0,0) (-0,0) (0,0)
 (-0,0) (0,-0) (-0,0) (0,-0) (-0.531651,0) (0.359297,-0.317035)
 (0,0) (0,0) (0,0) (0,0) (0.359297,0.317035) (0.508071,0)
 9.5000000e+04 fs:
 (0,0) (0,-0) (0,0) (-0,0) (0,-0) (-0,0)
 (-0,0) (0,0) (-0,0) (0,-0) (0,0) (0,-0)
 (0,0) (0,-0) (0,0) (-0,0) (0,-0) (-0,0)
 (0,-0) (-0,0) (0,-0) (0,0) (0,0) (0,0)
 (-0,0) (0,0) (-0,0) (0,0) (-0.531683,0) (0.359242,-0.317045)
 (0,-0) (-0,0) (0,-0) (0,0) (0.359242,0.317045) (0.508103,0)
 9.6000000e+04 fs:
 (0,0) (0,0) (0,0) (-0,0) (-0,0) (0,-0)
 (0,0) (0,0) (0,0) (-0,0) (-0,0) (0,-0)
 (0,0) (0,0) (0,0) (-0,0) (-0,0) (0,-0)
 (0,-0) (0,-0) (0,-0) (0,0) (0,0) (0,0)
 (0,-0) (0,-0) (0,-0) (0,0) (-0.531716,0) (0.359187,-0.317055)
 (-0,0) (-0,0) (-0,0) (0,0) (0.359187,0.317055) (0.508134,0)
 9.7000000e+04 fs:
 (0,0) (-0,0) (0,0) (0,-0) (-0,0) (0,0)
 (0,-0) (0,0) (0,-0) (0,0) (0,0) (-0,0)
 (0,0) (-0,0) (0,0) (0,-0) (0,0) (0,0)
 (-0,0) (0,0) (-0,0) (0,0) (0,-0) (-0,0)
 (0,-0) (0,0) (0,0) (-0,0) (-0.531749,0) (0.359132,-0.317065)
 (0,0) (0,-0) (0,0) (0,-0) (0.359132,0.317065) (0.508165,0)
 9.8000000e+04 fs:
 (0,0) (0,0) (0,0) (0,-0) (0,0) (0,0)
 (0,0) (0,0) (0,0) (0,0) (-0,0) (-0,0)
 (0,0) (0,0) (0,0) (0,-0) (0,0) (0,0)
 (-0,0) (0,0) (-0,0) (0,0) (-0,0) (0,-0)
 (0,0) (0,-0) (0,0) (0,-0) (-0.531782,0) (0.359077,-0.317075)
 (0,0) (0,-0) (0,0) (-0,0) (0.359077,0.317075) (0.508196,0)
 9.9000000e+04 fs:
 (0,0) (0,0) (0,0) (0,-0) (0,0) (-0,0)
 (0,0) (0,0) (0,0) (0,-0) (0,0) (0,0)
 (0,0) (0,0) (0,0) (0,-0) (0,0) (-0,0)
 (-0,0) (-0,0) (-0,0) (0,0) (-0,0) (0,-0)
 (0,0) (0,0) (0,0) (0,-0) (-0.531814,0) (0.359022,-0.317085)
 (0,-0) (0,0) (0,-0) (-0,0) (0.359022,0.317085) (0.508228,0)
