 0.0000000e+00 fs:
 (0,0) (0,0) (0,0) (0,0) (-0,0) (-0,0)
 (0,-0) (0,0) (0,0) (0,0) (-0,0) (-0,0)
 (0,0) (0,-0) (0,0) (0,0) (-0,0) (-0,0)
 (0,0) (0,-0) (0,-0) (0,0) (-0,0) (-0,0)
 (-0,0) (-0,0) (-0,0) (-0,0) (-0.50571,0) (-0.257417,0.428258)
 (-0,0) (-0,0) (-0,0) (-0,0) (-0.257417,-0.428258) (0.494896,0)
 1.0000000e+03 fs:
 (0,0) (-0,0) (-0,0) (-0,0) (-0,0) (0,-0)
 (0,-0) (0,0) (0,0) (0,0) (0,0) (0,0)
 (0,-0) (0,0) (0,0) (0,0) (0,0) (0,0)
 (0,-0) (0,0) (0,0) (0,0) (0,0) (0,0)
 (0,-0) (0,0) (0,0) (0,0) (-0.511359,0) (-0.317302,0.381952)
 (-0,0) (0,0) (0,0) (0,0) (-0.317302,-0.381952) (0.495354,0)
 2.0000000e+03 fs:
 (0,0) (0,0) (0,0) (0,0) (0,0) (0,0)
 (0,0) (0,0) (0,0) (0,0) (0,0) (-0,0)
 (0,0) (0,0) (0,0) (0,0) (0,0) (-0,0)
 (0,0) (0,0) (0,0) (0,0) (0,0) (-0,0)
 (0,0) (0,0) (0,0) (0,0) (-0.51155,0) (-0.317001,0.382097)
 (0,0) (0,-0) (0,-0) (0,-0) (-0.317001,-0.382097) (0.49532,0)
 3.0000000e+03 fs:
 (0,0) (-0,0) (-0,0) (-0,0) (-0,0) (0,0)
 (0,-0) (0,0) (0,0) (0,0) (0,0) (-0,0)
 (0,-0) (0,0) (0,0) (0,0) (0,0) (-0,0)
 (0,-0) (0,0) (0,0) (0,0) (0,0) (-0,0)
 (0,-0) (0,0) (0,0) (0,0) (-0.511585,0) (-0.316914,0.382135)
 (0,0) (0,-0) (0,-0) (0,-0) (-0.316914,-0.382135) (0.495336,0)
 4.0000000e+03 fs:
 (0,0) (0,0) (0,0) (0,0) (0,0) (-0,0)
 (0,0) (0,0) (0,0) (0,0) (0,0) (0,-0)
 (0,0) (0,0) (0,0) (0,0) (0,0) (0,-0)
 (0,0) (0,0) (0,0) (0,0) (0,0) (0,-0)
 (0,0) (0,0) (0,0) (0,0) (-0.511619,0) (-0.316854,0.382141)
 (0,-0) (-0,0) (-0,0) (-0,0) (-0.316854,-0.382141) (0.495367,0)
 5.0000000e+03 fs:
 (0,0) (-0,0) (-0,0) (-0,0) (-0,0) (0,0)
 (0,-0) (0,0) (0,0) (0,0) (0,0) (0,0)
 (0,-0) (0,0) (0,0) (0,0) (0,0) (0,-0)
 (0,-0) (0,0) (0,0) (0,0) (0,0) (0,-0)
 (0,-0) (0,0) (0,0) (0,0) (-0.511653,0) (-0.316798,0.382144)
 (0,0) (0,0) (-0,0) (-0,0) (-0.316798,-0.382144) (0.4954,0)
 6.0000000e+03 fs:
 (0,0) (0,-0) (0,0) (0,0) (0,0) (0,-0)
 (-0,0) (0,0) (0,0) (0,0) (0,0) (0,0)
 (0,0) (0,0) (0,0) (0,0) (0,0) (0,0)
 (0,0) (0,0) (0,0) (0,0) (0,0) (0,0)
 (0,0) (0,0) (0,0) (0,0) (-0.511686,0) (-0.316742,0.382147)
 (-0,0) (0,0) (0,0) (0,0) (-0.316742,-0.382147) (0.495433,0)
 7.0000000e+03 fs:
 (0,0) (0,0) (0,0) (-0,0) (-0,0) (0,0)
 (0,0) (0,0) (0,0) (0,0) (0,0) (0,0)
 (0,0) (0,0) (0,0) (0,0) (0,0) (0,0)
 (0,-0) (0,0) (0,0) (0,0) (0,0) (0,0)
 (0,-0) (0,0) (0,0) (0,0) (-0.51172,0) (-0.316686,0.382149)
 (0,0) (0,0) (0,0) (0,0) (-0.316686,-0.382149) (0.495465,0)
 8.0000000e+03 fs:
 (0,0) (0,-0) (0,-0) (0,-0) (0,-0) (0,0)
 (-0,0) (0,0) (0,0) (0,0) (0,0) (0,0)
 (-0,0) (0,0) (0,0) (0,0) (0,0) (0,0)
 (-0,0) (0,0) (0,0) (0,0) (0,0) (0,0)
 (-0,0) (0,0) (0,0) (0,0) (-0.511754,0) (-0.316631,0.382152)
 (0,0) (0,0) (0,0) (0,0) (-0.316631,-0.382152) (0.495498,0)
 9.0000000e+03 fs:
 (0,0) (0,0) (0,0) (0,0) (0,0) (-0,0)
 (0,0) (0,0) (0,0) (0,0) (0,0) (-0,0)
 (0,0) (0,0) (0,0) (0,0) (0,0) (-0,0)
 (0,0) (0,0) (0,0) (0,0) (0,0) (-0,0)
 (0,0) (0,0) (0,0) (0,0) (-0.511788,0) (-0.316575,0.382154)
 (0,-0) (0,-0) (0,-0) (0,-0) (-0.316575,-0.382154) (0.495531,0)
 1.0000000e+04 fs:
 (0,0) (0,-0) (0,-0) (0,-0) (0,-0) (0,0)
 (-0,0) (0,0) (0,0) (0,0) (0,0) (0,-0)
 (-0,0) (0,0) (0,0) (0,0) (0,0) (-0,0)
 (-0,0) (0,0) (0,0) (0,0) (0,0) (-0,0)
 (-0,0) (0,0) (0,0) (0,0) (-0.511822,0) (-0.316519,0.382156)
 (0,0) (-0,0) (0,-0) (0,-0) (-0.316519,-0.382156) (0.495563,0)
 1.1000000e+04 fs:
 (0,0) (0,0) (0,0) (0,0) (0,0) (0,-0)
 (0,0) (0,0) (0,0) (0,0) (0,0) (0,-0)
 (0,0) (0,0) (0,0) (0,0) (0,0) (0,-0)
 (0,0) (0,0) (0,0) (0,0) (0,0) (0,-0)
 (0,0) (0,0) (0,0) (0,0) (-0.511855,0) (-0.316463,0.382159)
 (-0,0) (-0,0) (-0,0) (-0,0) (-0.316463,-0.382159) (0.495596,0)
 1.2000000e+04 fs:
 (0,0) (-0,0) (0,-0) (0,-0) (0,-0) (0,0)
 (0,-0) (0,0) (0,0) (0,0) (0,0) (0,0)
 (-0,0) (0,0) (0,0) (0,0) (0,0) (0,-0)
 (-0,0) (0,0) (0,0) (0,0) (0,0) (0,-0)
 (-0,0) (0,0) (0,0) (0,0) (-0.511889,0) (-0.316407,0.382161)
 (0,0) (0,0) (-0,0) (-0,0) (-0.316407,-0.382161) (0.495629,0)
 1.3000000e+04 fs:
 (0,0) (0,0) (0,0) (0,0) (0,0) (0,0)
 (0,0) (0,0) (0,0) (0,0) (0,0) (0,0)
 (0,0) (0,0) (0,0) (0,0) (0,0) (0,0)
 (0,0) (0,0) (0,0) (0,0) (0,0) (0,0)
 (0,0) (0,0) (0,0) (0,0) (-0.511923,0) (-0.316351,0.382164)
 (0,0) (0,0) (0,0) (0,0) (-0.316351,-0.382164) (0.495662,0)
 1.4000000e+04 fs:
 (0,0) (-0,0) (-0,0) (0,-0) (0,-0) (-0,0)
 (0,-0) (0,0) (0,0) (0,0) (0,0) (0,0)
 (0,-0) (0,0) (0,0) (0,0) (0,0) (0,0)
 (-0,0) (0,0) (0,0) (0,0) (0,0) (0,0)
 (-0,0) (0,0) (0,0) (0,0) (-0.511957,0) (-0.316296,0.382166)
 (0,-0) (0,0) (0,0) (0,0) (-0.316296,-0.382166) (0.495694,0)
 1.5000000e+04 fs:
 (0,0) (0,0) (0,0) (0,0) (0,0) (0,0)
 (0,0) (0,0) (0,0) (0,0) (0,0) (-0,0)
 (0,0) (0,0) (0,0) (0,0) (0,0) (0,0)
 (0,0) (0,0) (0,0) (0,0) (0,0) (0,0)
 (0,0) (0,0) (0,0) (0,0) (-0.511991,0) (-0.31624,0.382168)
 (0,0) (0,-0) (0,0) (0,0) (-0.31624,-0.382168) (0.495727,0)
 1.6000000e+04 fs:
 (0,0) (0,0) (-0,0) (-0,0) (-0,0) (0,-0)
 (0,0) (0,0) (0,0) (0,0) (-0,0) (-0,0)
 (0,-0) (0,0) (0,0) (0,0) (0,0) (-0,0)
 (0,-0) (0,0) (0,0) (0,0) (0,0) (0,0)
 (0,-0) (0,-0) (0,0) (0,0) (-0.512024,0) (-0.316184,0.382171)
 (-0,0) (0,-0) (0,-0) (0,0) (-0.316184,-0.382171) (0.49576,0)
 1.7000000e+04 fs:
 (0,0) (0,-0) (0,0) (0,0) (0,0) (-0,0)
 (-0,0) (0,0) (0,0) (0,0) (-0,0) (0,-0)
 (0,0) (0,0) (0,0) (0,0) (0,0) (-0,0)
 (0,0) (0,0) (0,0) (0,0) (0,0) (-0,0)
 (0,0) (0,-0) (0,0) (0,0) (-0.512058,0) (-0.316128,0.382173)
 (0,-0) (-0,0) (0,-0) (0,-0) (-0.316128,-0.382173) (0.495792,0)
 1.8000000e+04 fs:
 (0,0) (0,0) (-0,0) (-0,0) (-0,0) (0,0)
 (0,0) (0,0) (0,0) (0,0) (-0,0) (0,0)
 (0,-0) (0,0) (0,0) (0,0) (0,0) (0,-0)
 (0,-0) (0,0) (0,0) (0,0) (0,0) (0,-0)
 (0,-0) (0,-0) (0,0) (0,0) (-0.512092,0) (-0.316072,0.382175)
 (0,0) (0,0) (-0,0) (-0,0) (-0.316072,-0.382175) (0.495825,0)
 1.9000000e+04 fs:
 (0,0) (0,-0) (0,0) (0,0) (0,0) (-0,0)
 (-0,0) (0,0) (0,0) (-0,0) (-0,0) (0,0)
 (0,0) (0,0) (0,0) (0,0) (0,0) (0,-0)
 (0,0) (0,-0) (0,0) (0,0) (0,0) (0,-0)
 (0,0) (0,-0) (0,0) (0,0) (-0.512126,0) (-0.316016,0.382178)
 (0,-0) (0,0) (-0,0) (-0,0) (-0.316016,-0.382178) (0.495858,0)
 2.0000000e+04 fs:
 (0,0) (0,0) (0,0) (-0,0) (-0,0) (0,0)
 (0,0) (0,0) (0,0) (-0,0) (-0,0) (0,0)
 (0,0) (0,0) (0,0) (0,0) (0,0) (0,0)
 (0,-0) (0,-0) (0,0) (0,0) (0,0) (0,0)
 (0,-0) (0,-0) (0,0) (0,0) (-0.51216,0) (-0.31596,0.38218)
 (0,0) (0,0) (0,0) (0,0) (-0.31596,-0.38218) (0.495891,0)
 2.1000000e+04 fs:
 (0,0) (-0,0) (0,-0) (0,0) (0,0) (0,-0)
 (0,-0) (0,0) (0,0) (-0,0) (-0,0) (0,0)
 (-0,0) (0,0) (0,0) (0,0) (0,0) (0,0)
 (0,0) (0,-0) (0,0) (0,0) (0,0) (0,0)
 (0,0) (0,-0) (0,0) (0,0) (-0.512193,0) (-0.315904,0.382183)
 (-0,0) (0,0) (0,0) (0,0) (-0.315904,-0.382183) (0.495923,0)
 2.2000000e+04 fs:
 (0,0) (0,0) (0,0) (0,0) (-0,0) (-0,0)
 (0,0) (0,0) (0,0) (-0,0) (-0,0) (-0,0)
 (0,0) (0,0) (0,0) (0,0) (0,0) (0,0)
 (0,0) (0,-0) (0,0) (0,0) (0,0) (0,0)
 (0,-0) (0,-0) (0,0) (0,0) (-0.512227,0) (-0.315848,0.382185)
 (0,-0) (0,-0) (0,0) (0,0) (-0.315848,-0.382185) (0.495956,0)
 2.3000000e+04 fs:
 (0,0) (-0,0) (0,-0) (0,-0) (0,0) (0,0)
 (0,-0) (0,0) (0,0) (-0,0) (-0,0) (0,-0)
 (-0,0) (0,0) (0,0) (0,0) (0,0) (-0,0)
 (-0,0) (0,-0) (0,0) (0,0) (0,0) (0,0)
 (0,0) (0,-0) (0,0) (0,0) (-0.512261,0) (-0.315793,0.382187)
 (0,0) (-0,0) (0,-0) (0,0) (-0.315793,-0.382187) (0.495989,0)
 2.4000000e+04 fs:
 (0,0) (0,0) (0,0) (0,0) (0,0) (-0,0)
 (0,0) (0,0) (0,0) (-0,0) (-0,0) (0,-0)
 (0,0) (0,0) (0,0) (0,0) (0,0) (-0,0)
 (0,0) (0,-0) (0,0) (0,0) (0,0) (-0,0)
 (0,0) (0,-0) (0,0) (0,0) (-0.512295,0) (-0.315737,0.38219)
 (0,-0) (-0,0) (0,-0) (0,-0) (-0.315737,-0.38219) (0.496021,0)
 2.5000000e+04 fs:
 (0,0) (-0,0) (0,-0) (0,-0) (0,-0) (0,0)
 (0,-0) (0,0) (-0,0) (-0,0) (-0,0) (0,0)
 (-0,0) (0,-0) (0,0) (0,0) (0,0) (0,-0)
 (-0,0) (0,-0) (0,0) (0,0) (0,0) (-0,0)
 (-0,0) (0,-0) (0,0) (0,0) (-0.512328,0) (-0.315681,0.382192)
 (0,0) (0,0) (-0,0) (0,-0) (-0.315681,-0.382192) (0.496054,0)
 2.6000000e+04 fs:
 (0,0) (0,-0) (0,0) (0,0) (0,0) (0,-0)
 (-0,0) (0,0) (-0,0) (-0,0) (-0,0) (0,0)
 (0,0) (0,-0) (0,0) (0,0) (0,0) (0,-0)
 (0,0) (0,-0) (0,0) (0,0) (0,0) (0,-0)
 (0,0) (0,-0) (0,0) (0,0) (-0.512362,0) (-0.315625,0.382194)
 (-0,0) (0,0) (-0,0) (-0,0) (-0.315625,-0.382194) (0.496087,0)
 2.7000000e+04 fs:
 (0,0) (0,0) (-0,0) (0,-0) (0,-0) (-0,0)
 (0,0) (0,0) (-0,0) (-0,0) (-0,0) (0,0)
 (0,-0) (0,-0) (0,0) (0,0) (0,0) (0,0)
 (-0,0) (0,-0) (0,0) (0,0) (0,0) (0,0)
 (-0,0) (0,-0) (0,0) (0,0) (-0.512396,0) (-0.315569,0.382197)
 (0,-0) (0,0) (0,0) (0,0) (-0.315569,-0.382197) (0.496119,0)
 2.8000000e+04 fs:
 (0,0) (0,-0) (0,0) (0,0) (0,0) (0,0)
 (-0,0) (0,0) (-0,0) (-0,0) (-0,0) (-0,0)
 (0,0) (0,-0) (0,0) (0,0) (0,0) (0,0)
 (0,0) (0,-0) (0,0) (0,0) (0,0) (0,0)
 (0,0) (0,-0) (0,0) (0,0) (-0.51243,0) (-0.315513,0.382199)
 (0,0) (0,-0) (0,0) (0,0) (-0.315513,-0.382199) (0.496152,0)
 2.9000000e+04 fs:
 (0,0) (0,0) (-0,0) (-0,0) (0,-0) (0,-0)
 (0,0) (0,0) (-0,0) (-0,0) (-0,0) (-0,0)
 (0,-0) (0,-0) (0,0) (0,0) (0,0) (0,0)
 (0,-0) (0,-0) (0,0) (0,0) (0,0) (0,0)
 (-0,0) (0,-0) (0,0) (0,0) (-0.512463,0) (-0.315457,0.382201)
 (-0,0) (0,-0) (0,0) (0,0) (-0.315457,-0.382201) (0.496185,0)
 3.0000000e+04 fs:
 (0,0) (0,-0) (0,0) (0,0) (0,0) (0,0)
 (-0,0) (0,0) (-0,0) (-0,0) (-0,0) (0,-0)
 (0,0) (0,-0) (0,0) (0,0) (0,0) (-0,0)
 (0,0) (0,-0) (0,0) (0,0) (0,0) (0,0)
 (0,0) (0,-0) (0,0) (0,0) (-0.512497,0) (-0.315401,0.382204)
 (0,0) (-0,0) (0,-0) (0,0) (-0.315401,-0.382204) (0.496217,0)
 3.1000000e+04 fs:
 (0,0) (0,0) (-0,0) (-0,0) (-0,0) (0,-0)
 (0,0) (0,0) (-0,0) (-0,0) (0,-0) (0,0)
 (0,-0) (0,-0) (0,0) (0,0) (0,0) (-0,0)
 (0,-0) (0,-0) (0,0) (0,0) (0,0) (-0,0)
 (0,-0) (-0,0) (0,0) (0,0) (-0.512531,0) (-0.315345,0.382206)
 (-0,0) (0,0) (0,-0) (0,-0) (-0.315345,-0.382206) (0.49625,0)
 3.2000000e+04 fs:
 (0,0) (-0,0) (0,0) (0,0) (0,0) (-0,0)
 (0,-0) (0,0) (-0,0) (-0,0) (0,-0) (0,0)
 (0,0) (0,-0) (0,0) (0,0) (0,0) (0,-0)
 (0,0) (0,-0) (0,0) (0,0) (0,0) (-0,0)
 (0,0) (-0,0) (0,0) (0,0) (-0.512565,0) (-0.315289,0.382208)
 (0,-0) (0,0) (-0,0) (0,-0) (-0.315289,-0.382208) (0.496283,0)
 3.3000000e+04 fs:
 (0,0) (0,0) (0,0) (-0,0) (-0,0) (0,0)
 (0,0) (0,0) (-0,0) (-0,0) (0,-0) (0,0)
 (0,0) (0,-0) (0,0) (0,0) (0,0) (0,-0)
 (0,-0) (0,-0) (0,0) (0,0) (0,0) (0,-0)
 (0,-0) (-0,0) (0,0) (0,0) (-0.512598,0) (-0.315233,0.382211)
 (0,0) (0,0) (-0,0) (-0,0) (-0.315233,-0.382211) (0.496315,0)
 3.4000000e+04 fs:
 (0,0) (-0,0) (0,-0) (0,0) (0,0) (0,-0)
 (0,-0) (0,0) (-0,0) (-0,0) (0,-0) (0,0)
 (-0,0) (0,-0) (0,0) (0,0) (0,0) (0,0)
 (0,0) (0,-0) (0,0) (0,0) (0,0) (0,-0)
 (0,0) (-0,0) (0,0) (0,0) (-0.512632,0) (-0.315177,0.382213)
 (-0,0) (0,0) (0,0) (-0,0) (-0.315177,-0.382213) (0.496348,0)
 3.5000000e+04 fs:
 (0,0) (0,0) (0,0) (-0,0) (-0,0) (0,0)
 (0,0) (0,0) (-0,0) (-0,0) (0,-0) (-0,0)
 (0,0) (0,-0) (0,0) (0,0) (0,0) (0,0)
 (0,-0) (0,-0) (0,0) (0,0) (0,0) (0,0)
 (0,-0) (-0,0) (0,0) (0,0) (-0.512666,0) (-0.315121,0.382215)
 (0,0) (0,-0) (0,0) (0,0) (-0.315121,-0.382215) (0.496381,0)
 3.6000000e+04 fs:
 (0,0) (0,0) (0,-0) (0,-0) (0,0) (0,-0)
 (0,0) (0,0) (-0,0) (-0,0) (0,-0) (0,-0)
 (-0,0) (0,-0) (0,0) (0,0) (0,0) (0,0)
 (-0,0) (0,-0) (0,0) (0,0) (0,0) (0,0)
 (0,0) (-0,0) (0,0) (0,0) (-0.5127,0) (-0.315065,0.382218)
 (-0,0) (-0,0) (0,0) (0,0) (-0.315065,-0.382218) (0.496413,0)
 3.7000000e+04 fs:
 (0,0) (0,-0) (0,0) (0,0) (-0,0) (-0,0)
 (-0,0) (0,0) (-0,0) (0,-0) (0,-0) (0,-0)
 (0,0) (0,-0) (0,0) (0,0) (0,0) (-0,0)
 (0,0) (-0,0) (0,0) (0,0) (0,0) (0,0)
 (0,-0) (-0,0) (0,0) (0,0) (-0.512733,0) (-0.315009,0.38222)
 (0,-0) (-0,0) (0,-0) (0,0) (-0.315009,-0.38222) (0.496446,0)
 3.8000000e+04 fs:
 (0,0) (0,0) (0,-0) (0,-0) (0,0) (0,0)
 (0,0) (0,0) (-0,0) (0,-0) (0,-0) (0,0)
 (-0,0) (0,-0) (0,0) (0,0) (0,0) (-0,0)
 (-0,0) (-0,0) (0,0) (0,0) (0,0) (-0,0)
 (0,0) (-0,0) (0,0) (0,0) (-0.512767,0) (-0.314953,0.382222)
 (0,0) (0,0) (0,-0) (0,-0) (-0.314953,-0.382222) (0.496479,0)
 3.9000000e+04 fs:
 (0,0) (0,-0) (0,0) (0,0) (0,0) (0,-0)
 (-0,0) (0,0) (-0,0) (0,-0) (0,-0) (0,0)
 (0,0) (0,-0) (0,0) (0,0) (0,0) (0,-0)
 (0,0) (-0,0) (0,0) (0,0) (0,0) (-0,0)
 (0,0) (-0,0) (0,0) (0,0) (-0.512801,0) (-0.314897,0.382225)
 (-0,0) (0,0) (-0,0) (0,-0) (-0.314897,-0.382225) (0.496511,0)
 4.0000000e+04 fs:
 (0,0) (0,0) (-0,0) (0,-0) (0,-0) (0,0)
 (0,0) (0,0) (-0,0) (0,-0) (0,-0) (0,0)
 (0,-0) (0,-0) (0,0) (0,0) (-0,0) (0,-0)
 (-0,0) (-0,0) (0,0) (0,0) (0,0) (0,-0)
 (-0,0) (-0,0) (0,-0) (0,0) (-0.512835,0) (-0.314841,0.382227)
 (0,0) (0,0) (-0,0) (-0,0) (-0.314841,-0.382227) (0.496544,0)
 4.1000000e+04 fs:
 (0,0) (-0,0) (0,0) (0,0) (0,0) (0,0)
 (0,-0) (0,0) (-0,0) (0,-0) (0,-0) (-0,0)
 (0,0) (0,-0) (0,0) (0,0) (-0,0) (0,0)
 (0,0) (-0,0) (0,0) (0,0) (0,0) (0,-0)
 (0,0) (-0,0) (0,-0) (0,0) (-0.512868,0) (-0.314785,0.382229)
 (0,0) (0,-0) (0,0) (-0,0) (-0.314785,-0.382229) (0.496577,0)
 4.2000000e+04 fs:
 (0,0) (0,0) (-0,0) (0,-0) (0,-0) (-0,0)
 (0,0) (0,0) (-0,0) (0,-0) (0,-0) (-0,0)
 (0,-0) (0,-0) (0,0) (0,0) (-0,0) (0,0)
 (-0,0) (-0,0) (0,0) (0,0) (0,0) (0,0)
 (-0,0) (-0,0) (0,-0) (0,0) (-0.512902,0) (-0.314729,0.382232)
 (0,-0) (0,-0) (0,0) (0,0) (-0.314729,-0.382232) (0.496609,0)
 4.3000000e+04 fs:
 (0,0) (-0,0) (0,0) (0,0) (0,0) (0,0)
 (0,-0) (0,0) (-0,0) (0,-0) (0,-0) (0,-0)
 (0,0) (0,-0) (0,0) (0,0) (-0,0) (0,0)
 (0,0) (-0,0) (0,0) (0,0) (0,0) (0,0)
 (0,0) (-0,0) (0,-0) (0,0) (-0.512936,0) (-0.314673,0.382234)
 (0,0) (-0,0) (0,0) (0,0) (-0.314673,-0.382234) (0.496642,0)
 4.4000000e+04 fs:
 (0,0) (0,0) (-0,0) (-0,0) (0,-0) (0,-0)
 (0,0) (0,0) (-0,0) (0,-0) (0,-0) (0,-0)
 (0,-0) (0,-0) (0,0) (0,0) (-0,0) (-0,0)
 (0,-0) (-0,0) (0,0) (0,0) (0,0) (0,0)
 (-0,0) (-0,0) (0,-0) (0,0) (-0.51297,0) (-0.314617,0.382236)
 (-0,0) (-0,0) (0,-0) (0,0) (-0.314617,-0.382236) (0.496675,0)
 4.5000000e+04 fs:
 (0,0) (-0,0) (0,-0) (0,0) (0,0) (0,0)
 (0,-0) (0,0) (-0,0) (0,-0) (0,-0) (0,0)
 (-0,0) (0,-0) (0,0) (0,0) (-0,0) (-0,0)
 (0,0) (-0,0) (0,0) (0,0) (0,0) (-0,0)
 (0,0) (-0,0) (0,-0) (0,0) (-0.513003,0) (-0.314561,0.382238)
 (0,0) (0,0) (0,-0) (0,-0) (-0.314561,-0.382238) (0.496707,0)
 4.6000000e+04 fs:
 (0,0) (0,-0) (0,0) (-0,0) (0,-0) (0,0)
 (-0,0) (0,0) (-0,0) (0,-0) (0,0) (0,0)
 (0,0) (0,-0) (0,0) (0,0) (-0,0) (0,-0)
 (0,-0) (-0,0) (0,0) (0,0) (0,0) (-0,0)
 (-0,0) (0,0) (0,-0) (0,0) (-0.513037,0) (-0.314505,0.382241)
 (0,0) (0,0) (-0,0) (0,-0) (-0.314505,-0.382241) (0.49674,0)
 4.7000000e+04 fs:
 (0,0) (0,0) (0,-0) (0,0) (0,0) (-0,0)
 (0,0) (0,0) (-0,0) (0,-0) (0,0) (0,0)
 (-0,0) (0,-0) (0,0) (0,0) (-0,0) (0,-0)
 (0,0) (-0,0) (0,0) (0,0) (0,0) (0,-0)
 (0,0) (0,0) (0,-0) (0,0) (-0.513071,0) (-0.314449,0.382243)
 (0,-0) (0,0) (-0,0) (-0,0) (-0.314449,-0.382243) (0.496773,0)
 4.8000000e+04 fs:
 (0,0) (0,-0) (0,0) (-0,0) (-0,0) (0,0)
 (-0,0) (0,0) (-0,0) (0,-0) (0,0) (-0,0)
 (0,0) (0,-0) (0,0) (0,0) (-0,0) (0,0)
 (0,-0) (-0,0) (0,0) (0,0) (0,0) (0,-0)
 (0,-0) (0,0) (0,-0) (0,0) (-0.513104,0) (-0.314393,0.382245)
 (0,0) (0,-0) (0,0) (-0,0) (-0.314393,-0.382245) (0.496805,0)
 4.9000000e+04 fs:
 (0,0) (0,0) (0,-0) (0,0) (0,0) (0,-0)
 (0,0) (0,0) (0,-0) (0,-0) (0,0) (0,-0)
 (-0,0) (-0,0) (0,0) (0,0) (-0,0) (0,0)
 (0,0) (-0,0) (0,0) (0,0) (0,0) (0,0)
 (0,0) (0,0) (0,-0) (0,0) (-0.513138,0) (-0.314336,0.382248)
 (-0,0) (-0,0) (0,0) (0,0) (-0.314336,-0.382248) (0.496838,0)
 5.0000000e+04 fs:
 (0,0) (0,-0) (0,0) (0,0) (-0,0) (0,0)
 (-0,0) (0,0) (0,-0) (0,-0) (0,0) (0,-0)
 (0,0) (-0,0) (0,0) (0,0) (-0,0) (0,0)
 (0,0) (-0,0) (0,0) (0,0) (0,0) (0,0)
 (0,-0) (0,0) (0,-0) (0,0) (-0.513172,0) (-0.31428,0.38225)
 (0,0) (-0,0) (0,0) (0,0) (-0.31428,-0.38225) (0.496871,0)
 5.1000000e+04 fs:
 (0,0) (0,0) (0,-0) (0,-0) (0,0) (0,0)
 (0,0) (0,0) (0,-0) (0,-0) (0,0) (0,0)
 (-0,0) (-0,0) (0,0) (0,0) (-0,0) (-0,0)
 (-0,0) (-0,0) (0,0) (0,0) (0,0) (0,0)
 (0,0) (0,0) (0,-0) (0,0) (-0.513205,0) (-0.314224,0.382252)
 (0,0) (0,0) (0,-0) (0,0) (-0.314224,-0.382252) (0.496903,0)
 5.2000000e+04 fs:
 (0,0) (-0,0) (0,0) (0,0) (-0,0) (-0,0)
 (0,-0) (0,0) (0,-0) (0,-0) (0,0) (0,0)
 (0,0) (-0,0) (0,0) (0,0) (-0,0) (-0,0)
 (0,0) (-0,0) (0,0) (0,0) (0,0) (-0,0)
 (0,-0) (0,0) (0,-0) (0,0) (-0.513239,0) (-0.314168,0.382255)
 (0,-0) (0,0) (0,-0) (0,-0) (-0.314168,-0.382255) (0.496936,0)
 5.3000000e+04 fs:
 (0,0) (0,0) (-0,0) (0,-0) (0,0) (0,0)
 (0,0) (0,0) (0,-0) (0,-0) (0,0) (0,0)
 (0,-0) (-0,0) (0,0) (0,0) (-0,0) (0,-0)
 (-0,0) (-0,0) (0,0) (0,0) (0,0) (-0,0)
 (0,0) (0,0) (0,-0) (0,0) (-0.513273,0) (-0.314112,0.382257)
 (0,0) (0,0) (-0,0) (0,-0) (-0.314112,-0.382257) (0.496968,0)
 5.4000000e+04 fs:
 (0,0) (-0,0) (0,0) (0,0) (0,0) (0,-0)
 (0,-0) (0,0) (0,-0) (0,-0) (0,0) (-0,0)
 (0,0) (-0,0) (0,0) (0,0) (-0,0) (0,-0)
 (0,0) (-0,0) (0,0) (0,0) (0,0) (0,-0)
 (0,0) (0,0) (0,-0) (0,0) (-0.513307,0) (-0.314056,0.382259)
 (-0,0) (0,-0) (-0,0) (-0,0) (-0.314056,-0.382259) (0.497001,0)
 5.5000000e+04 fs:
 (0,0) (0,0) (-0,0) (0,-0) (0,-0) (0,0)
 (0,0) (0,0) (0,-0) (0,-0) (0,0) (-0,0)
 (0,-0) (-0,0) (0,0) (0,0) (-0,0) (0,0)
 (-0,0) (-0,0) (0,0) (0,0) (0,0) (0,-0)
 (-0,0) (0,0) (0,-0) (0,0) (-0.51334,0) (-0.314,0.382261)
 (0,0) (0,-0) (0,0) (-0,0) (-0.314,-0.382261) (0.497034,0)
 5.6000000e+04 fs:
 (0,0) (0,0) (0,0) (0,0) (0,0) (0,0)
 (0,0) (0,0) (0,-0) (0,0) (0,0) (0,-0)
 (0,0) (-0,0) (0,0) (0,0) (-0,0) (0,0)
 (0,0) (0,0) (0,0) (0,0) (0,0) (0,0)
 (0,0) (0,0) (0,-0) (0,0) (-0.513374,0) (-0.313944,0.382264)
 (0,0) (-0,0) (0,0) (0,0) (-0.313944,-0.382264) (0.497066,0)
 5.7000000e+04 fs:
 (0,0) (0,-0) (-0,0) (-0,0) (0,-0) (-0,0)
 (-0,0) (0,0) (0,-0) (0,0) (0,0) (0,-0)
 (0,-0) (-0,0) (0,0) (0,0) (-0,0) (0,0)
 (0,-0) (0,0) (0,0) (0,0) (0,0) (0,0)
 (-0,0) (0,0) (0,-0) (0,0) (-0.513408,0) (-0.313888,0.382266)
 (0,-0) (-0,0) (0,0) (0,0) (-0.313888,-0.382266) (0.497099,0)
 5.8000000e+04 fs:
 (0,0) (0,0) (0,-0) (0,0) (0,0) (0,0)
 (0,0) (0,0) (0,-0) (0,0) (0,0) (0,0)
 (-0,0) (-0,0) (0,0) (0,0) (-0,0) (-0,0)
 (0,0) (0,0) (0,0) (0,0) (0,0) (0,0)
 (0,0) (0,0) (0,-0) (0,0) (-0.513441,0) (-0.313831,0.382268)
 (0,0) (0,0) (0,-0) (0,0) (-0.313831,-0.382268) (0.497132,0)
 5.9000000e+04 fs:
 (0,0) (0,-0) (0,0) (-0,0) (0,-0) (0,-0)
 (-0,0) (0,0) (0,-0) (0,0) (0,0) (0,0)
 (0,0) (-0,0) (0,0) (0,0) (-0,0) (-0,0)
 (0,-0) (0,0) (0,0) (0,0) (0,0) (0,0)
 (-0,0) (0,0) (0,-0) (0,0) (-0.513475,0) (-0.313775,0.38227)
 (-0,0) (0,0) (0,-0) (0,0) (-0.313775,-0.38227) (0.497164,0)
 6.0000000e+04 fs:
 (0,0) (0,0) (0,-0) (0,0) (0,0) (0,0)
 (0,0) (0,0) (0,-0) (0,0) (0,0) (0,0)
 (-0,0) (-0,0) (0,0) (0,0) (-0,0) (0,-0)
 (0,0) (0,0) (0,0) (0,0) (0,0) (-0,0)
 (0,0) (0,0) (0,-0) (0,0) (-0.513509,0) (-0.313719,0.382273)
 (0,0) (0,0) (-0,0) (0,-0) (-0.313719,-0.382273) (0.497197,0)
 6.1000000e+04 fs:
 (0,0) (0,-0) (0,0) (-0,0) (0,-0) (0,0)
 (-0,0) (0,0) (0,-0) (0,0) (0,0) (-0,0)
 (0,0) (-0,0) (0,0) (0,0) (-0,0) (0,-0)
 (0,-0) (0,0) (0,0) (0,0) (0,0) (0,-0)
 (-0,0) (0,0) (0,-0) (0,0) (-0.513542,0) (-0.313663,0.382275)
 (0,0) (0,-0) (-0,0) (-0,0) (-0.313663,-0.382275) (0.497229,0)
 6.2000000e+04 fs:
 (0,0) (0,0) (0,-0) (0,0) (0,0) (-0,0)
 (0,0) (0,0) (0,-0) (0,0) (0,0) (0,-0)
 (-0,0) (-0,0) (0,0) (0,0) (-0,0) (0,0)
 (0,0) (0,0) (0,0) (0,0) (0,0) (0,-0)
 (0,0) (0,0) (0,-0) (0,0) (-0.513576,0) (-0.313607,0.382277)
 (0,-0) (-0,0) (0,0) (-0,0) (-0.313607,-0.382277) (0.497262,0)
 6.3000000e+04 fs:
 (0,0) (-0,0) (0,0) (-0,0) (-0,0) (0,0)
 (0,-0) (0,0) (0,-0) (0,0) (0,0) (0,-0)
 (0,0) (-0,0) (0,0) (0,0) (-0,0) (0,0)
 (0,-0) (0,0) (0,0) (0,0) (0,0) (0,0)
 (0,-0) (0,0) (0,-0) (0,0) (-0.51361,0) (-0.313551,0.382279)
 (0,0) (-0,0) (0,0) (0,0) (-0.313551,-0.382279) (0.497295,0)
 6.4000000e+04 fs:
 (0,0) (0,0) (0,-0) (0,-0) (0,0) (0,-0)
 (0,0) (0,0) (0,-0) (0,0) (0,0) (0,0)
 (-0,0) (-0,0) (0,0) (0,0) (-0,0) (0,0)
 (-0,0) (0,0) (0,0) (0,0) (0,0) (0,0)
 (0,0) (0,0) (0,-0) (0,0) (-0.513643,0) (-0.313494,0.382282)
 (-0,0) (0,0) (0,0) (0,0) (-0.313494,-0.382282) (0.497327,0)
 6.5000000e+04 fs:
 (0,0) (-0,0) (0,0) (0,0) (-0,0) (-0,0)
 (0,-0) (0,0) (0,-0) (0,0) (0,0) (0,0)
 (0,0) (-0,0) (0,0) (0,0) (-0,0) (-0,0)
 (0,0) (0,0) (0,0) (0,0) (0,0) (0,0)
 (0,-0) (0,0) (0,-0) (0,0) (-0.513677,0) (-0.313438,0.382284)
 (0,-0) (0,0) (0,-0) (0,0) (-0.313438,-0.382284) (0.49736,0)
 6.6000000e+04 fs:
 (0,0) (0,0) (-0,0) (0,-0) (0,0) (0,0)
 (0,0) (0,0) (0,-0) (0,0) (0,0) (0,0)
 (0,-0) (-0,0) (0,0) (0,0) (-0,0) (-0,0)
 (-0,0) (0,0) (0,0) (0,0) (0,0) (0,0)
 (0,0) (0,0) (0,-0) (0,0) (-0.513711,0) (-0.313382,0.382286)
 (0,0) (0,0) (0,-0) (0,0) (-0.313382,-0.382286) (0.497392,0)
 6.7000000e+04 fs:
 (0,0) (0,0) (0,0) (0,0) (-0,0) (-0,0)
 (0,0) (0,0) (0,-0) (0,0) (0,0) (-0,0)
 (0,0) (-0,0) (0,0) (0,0) (-0,0) (0,-0)
 (0,0) (0,0) (0,0) (0,0) (0,0) (-0,0)
 (0,-0) (0,0) (0,-0) (0,0) (-0.513744,0) (-0.313326,0.382288)
 (0,-0) (0,-0) (-0,0) (0,-0) (-0.313326,-0.382288) (0.497425,0)
 6.8000000e+04 fs:
 (0,0) (0,-0) (-0,0) (0,-0) (0,0) (0,0)
 (-0,0) (0,0) (0,-0) (0,0) (0,0) (-0,0)
 (0,-0) (-0,0) (0,0) (0,0) (-0,0) (0,-0)
 (-0,0) (0,0) (0,0) (0,0) (0,0) (-0,0)
 (0,0) (0,0) (0,-0) (0,0) (-0.513778,0) (-0.31327,0.382291)
 (0,0) (0,-0) (-0,0) (0,-0) (-0.31327,-0.382291) (0.497458,0)
 6.9000000e+04 fs:
 (0,0) (0,0) (0,0) (0,0) (-0,0) (0,-0)
 (0,0) (0,0) (0,-0) (0,0) (0,0) (0,-0)
 (0,0) (-0,0) (0,0) (0,0) (-0,0) (0,0)
 (0,0) (0,0) (0,0) (0,0) (0,0) (0,-0)
 (0,-0) (0,0) (0,-0) (0,0) (-0.513812,0) (-0.313214,0.382293)
 (-0,0) (-0,0) (0,0) (-0,0) (-0.313214,-0.382293) (0.49749,0)
 7.0000000e+04 fs:
 (0,0) (0,-0) (-0,0) (0,-0) (0,-0) (-0,0)
 (-0,0) (0,0) (0,-0) (0,0) (0,0) (0,-0)
 (0,-0) (-0,0) (0,0) (0,0) (-0,0) (0,0)
 (-0,0) (0,0) (0,0) (0,0) (0,0) (0,0)
 (-0,0) (0,0) (0,-0) (0,0) (-0.513845,0) (-0.313157,0.382295)
 (0,-0) (-0,0) (0,0) (0,0) (-0.313157,-0.382295) (0.497523,0)
 7.1000000e+04 fs:
 (0,0) (0,0) (0,-0) (0,0) (0,0) (0,0)
 (0,0) (0,0) (0,-0) (0,0) (0,0) (0,0)
 (-0,0) (-0,0) (0,0) (0,0) (-0,0) (0,0)
 (0,0) (0,0) (0,0) (0,0) (0,0) (0,0)
 (0,0) (0,0) (0,-0) (0,0) (-0.513879,0) (-0.313101,0.382297)
 (0,0) (0,0) (0,0) (0,0) (-0.313101,-0.382297) (0.497555,0)
 7.2000000e+04 fs:
 (0,0) (-0,0) (0,0) (-0,0) (0,-0) (-0,0)
 (0,-0) (0,0) (0,-0) (0,0) (0,0) (0,0)
 (0,0) (-0,0) (0,0) (0,0) (-0,0) (-0,0)
 (0,-0) (0,0) (0,0) (0,0) (0,0) (0,0)
 (-0,0) (0,0) (0,-0) (0,0) (-0.513913,0) (-0.313045,0.3823)
 (0,-0) (0,0) (0,-0) (0,0) (-0.313045,-0.3823) (0.497588,0)
 7.3000000e+04 fs:
 (0,0) (0,0) (0,-0) (0,0) (0,0) (0,0)
 (0,0) (0,0) (0,-0) (0,0) (0,0) (0,0)
 (-0,0) (-0,0) (0,0) (0,0) (-0,0) (-0,0)
 (0,0) (0,0) (0,0) (0,0) (0,0) (0,0)
 (0,0) (0,0) (0,-0) (0,0) (-0.513946,0) (-0.312989,0.382302)
 (0,0) (0,0) (0,-0) (0,0) (-0.312989,-0.382302) (0.49762,0)
 7.4000000e+04 fs:
 (0,0) (-0,0) (0,0) (-0,0) (0,-0) (0,-0)
 (0,-0) (0,0) (0,0) (0,0) (0,0) (-0,0)
 (0,0) (0,0) (0,0) (0,0) (-0,0) (0,-0)
 (0,-0) (0,0) (0,0) (0,0) (0,0) (-0,0)
 (-0,0) (0,0) (0,-0) (0,0) (-0.51398,0) (-0.312932,0.382304)
 (-0,0) (0,-0) (-0,0) (0,-0) (-0.312932,-0.382304) (0.497653,0)
 7.5000000e+04 fs:
 (0,0) (0,0) (0,-0) (0,0) (0,0) (-0,0)
 (0,0) (0,0) (0,0) (0,0) (0,0) (-0,0)
 (-0,0) (0,0) (0,0) (-0,0) (-0,0) (0,-0)
 (0,0) (0,0) (0,-0) (0,0) (0,0) (-0,0)
 (0,0) (0,0) (0,-0) (0,0) (-0.514014,0) (-0.312876,0.382306)
 (0,-0) (0,-0) (-0,0) (0,-0) (-0.312876,-0.382306) (0.497686,0)
 7.6000000e+04 fs:
 (0,0) (-0,0) (0,0) (-0,0) (0,-0) (0,0)
 (0,-0) (0,0) (0,0) (0,0) (-0,0) (0,-0)
 (0,0) (0,0) (0,0) (-0,0) (-0,0) (0,0)
 (0,-0) (0,0) (0,-0) (0,0) (0,0) (0,-0)
 (-0,0) (0,-0) (0,-0) (0,0) (-0.514047,0) (-0.31282,0.382308)
 (0,0) (-0,0) (0,0) (-0,0) (-0.31282,-0.382308) (0.497718,0)
 7.7000000e+04 fs:
 (0,0) (0,-0) (0,-0) (0,0) (0,0) (0,-0)
 (-0,0) (0,0) (0,0) (0,0) (-0,0) (0,0)
 (-0,0) (0,0) (0,0) (-0,0) (-0,0) (0,0)
 (0,0) (0,0) (0,-0) (0,0) (0,0) (0,0)
 (0,0) (0,-0) (0,-0) (0,0) (-0.514081,0) (-0.312764,0.382311)
 (-0,0) (0,0) (0,0) (0,0) (-0.312764,-0.382311) (0.497751,0)
 7.8000000e+04 fs:
 (0,0) (0,0) (0,0) (0,0) (-0,0) (0,0)
 (0,0) (0,0) (0,0) (0,0) (-0,0) (0,0)
 (0,0) (0,0) (0,0) (-0,0) (-0,0) (0,0)
 (0,0) (0,0) (0,-0) (0,0) (0,0) (0,0)
 (0,-0) (0,-0) (0,-0) (0,0) (-0.514115,0) (-0.312707,0.382313)
 (0,0) (0,0) (0,0) (0,0) (-0.312707,-0.382313) (0.497783,0)
 7.9000000e+04 fs:
 (0,0) (0,-0) (-0,0) (0,-0) (0,0) (0,-0)
 (-0,0) (0,0) (0,0) (0,0) (-0,0) (0,0)
 (0,-0) (0,0) (0,0) (-0,0) (-0,0) (-0,0)
 (-0,0) (0,0) (0,-0) (0,0) (0,0) (0,0)
 (0,0) (0,-0) (0,-0) (0,0) (-0.514148,0) (-0.312651,0.382315)
 (-0,0) (0,0) (0,-0) (0,0) (-0.312651,-0.382315) (0.497816,0)
 8.0000000e+04 fs:
 (0,0) (0,0) (0,0) (0,0) (-0,0) (-0,0)
 (0,0) (0,0) (0,0) (0,0) (-0,0) (-0,0)
 (0,0) (0,0) (0,0) (-0,0) (0,-0) (-0,0)
 (0,0) (0,0) (0,-0) (0,0) (0,0) (0,0)
 (0,-0) (0,-0) (-0,0) (0,0) (-0.514182,0) (-0.312595,0.382317)
 (0,-0) (0,-0) (0,-0) (0,0) (-0.312595,-0.382317) (0.497848,0)
 8.1000000e+04 fs:
 (0,0) (0,-0) (-0,0) (0,-0) (0,0) (0,0)
 (-0,0) (0,0) (0,0) (0,0) (-0,0) (-0,0)
 (0,-0) (0,0) (0,0) (-0,0) (0,-0) (0,-0)
 (-0,0) (0,0) (0,-0) (0,0) (0,0) (-0,0)
 (0,0) (0,-0) (-0,0) (0,0) (-0.514215,0) (-0.312538,0.382319)
 (0,0) (0,-0) (-0,0) (0,-0) (-0.312538,-0.382319) (0.497881,0)
 8.2000000e+04 fs:
 (0,0) (0,0) (0,0) (0,0) (-0,0) (0,-0)
 (0,0) (0,0) (0,0) (0,0) (-0,0) (0,-0)
 (0,0) (0,0) (0,0) (-0,0) (0,-0) (0,-0)
 (0,0) (0,0) (0,-0) (0,0) (0,0) (-0,0)
 (0,-0) (0,-0) (-0,0) (0,0) (-0.514249,0) (-0.312482,0.382322)
 (-0,0) (-0,0) (-0,0) (0,-0) (-0.312482,-0.382322) (0.497914,0)
 8.3000000e+04 fs:
 (0,0) (-0,0) (-0,0) (0,-0) (0,0) (0,0)
 (0,-0) (0,0) (0,0) (0,0) (-0,0) (0,-0)
 (0,-0) (0,0) (0,0) (-0,0) (0,-0) (0,0)
 (-0,0) (0,0) (0,-0) (0,0) (0,0) (0,-0)
 (0,0) (0,-0) (-0,0) (0,0) (-0.514283,0) (-0.312426,0.382324)
 (0,0) (-0,0) (0,0) (-0,0) (-0.312426,-0.382324) (0.497946,0)
 8.4000000e+04 fs:
 (0,0) (0,0) (0,-0) (0,0) (-0,0) (0,-0)
 (0,0) (0,0) (0,0) (0,0) (-0,0) (0,0)
 (-0,0) (0,0) (0,0) (-0,0) (0,-0) (0,0)
 (0,0) (0,0) (0,-0) (0,0) (0,0) (0,-0)
 (0,-0) (0,-0) (-0,0) (0,0) (-0.514316,0) (-0.31237,0.382326)
 (-0,0) (0,0) (0,0) (-0,0) (-0.31237,-0.382326) (0.497979,0)
 8.5000000e+04 fs:
 (0,0) (-0,0) (0,0) (-0,0) (0,-0) (-0,0)
 (0,-0) (0,0) (0,0) (0,0) (-0,0) (0,0)
 (0,0) (0,0) (0,0) (-0,0) (0,-0) (0,0)
 (0,-0) (0,0) (0,-0) (0,0) (0,0) (0,0)
 (-0,0) (0,-0) (-0,0) (0,0) (-0.51435,0) (-0.312313,0.382328)
 (0,-0) (0,0) (0,0) (0,0) (-0.312313,-0.382328) (0.498011,0)
 8.6000000e+04 fs:
 (0,0) (0,0) (0,-0) (0,0) (0,0) (0,0)
 (0,0) (0,0) (0,0) (0,0) (-0,0) (0,0)
 (-0,0) (0,0) (0,0) (-0,0) (0,-0) (-0,0)
 (0,0) (0,0) (0,-0) (0,0) (-0,0) (0,0)
 (0,0) (0,-0) (-0,0) (0,-0) (-0.514384,0) (-0.312257,0.38233)
 (0,0) (0,0) (0,-0) (0,0) (-0.312257,-0.38233) (0.498044,0)
 8.7000000e+04 fs:
 (0,0) (0,0) (0,0) (-0,0) (0,-0) (0,-0)
 (0,0) (0,0) (0,0) (0,0) (-0,0) (-0,0)
 (0,0) (0,0) (0,0) (-0,0) (0,-0) (-0,0)
 (0,-0) (0,0) (0,-0) (0,0) (-0,0) (0,0)
 (-0,0) (0,-0) (-0,0) (0,-0) (-0.514417,0) (-0.312201,0.382333)
 (-0,0) (0,-0) (0,-0) (0,0) (-0.312201,-0.382333) (0.498076,0)
 8.8000000e+04 fs:
 (0,0) (0,-0) (0,-0) (0,0) (0,0) (0,0)
 (-0,0) (0,0) (0,0) (0,0) (-0,0) (-0,0)
 (-0,0) (0,0) (0,0) (-0,0) (0,-0) (0,-0)
 (0,0) (0,0) (0,-0) (0,0) (-0,0) (-0,0)
 (0,0) (0,-0) (-0,0) (0,-0) (-0.514451,0) (-0.312144,0.382335)
 (0,0) (0,-0) (-0,0) (0,-0) (-0.312144,-0.382335) (0.498109,0)
 8.9000000e+04 fs:
 (0,0) (0,0) (0,0) (-0,0) (0,-0) (0,0)
 (0,0) (0,0) (0,0) (0,0) (-0,0) (0,-0)
 (0,0) (0,0) (0,0) (-0,0) (0,-0) (0,-0)
 (0,-0) (0,0) (0,-0) (0,0) (-0,0) (-0,0)
 (-0,0) (0,-0) (-0,0) (0,-0) (-0.514484,0) (-0.312088,0.382337)
 (0,0) (-0,0) (-0,0) (0,-0) (-0.312088,-0.382337) (0.498141,0)
 9.0000000e+04 fs:
 (0,0) (0,-0) (-0,0) (0,0) (0,0) (-0,0)
 (-0,0) (0,0) (0,0) (0,0) (-0,0) (0,0)
 (0,-0) (0,0) (0,0) (-0,0) (0,-0) (0,0)
 (0,0) (0,0) (0,-0) (0,0) (-0,0) (0,-0)
 (0,0) (0,-0) (-0,0) (0,-0) (-0.514518,0) (-0.312032,0.382339)
 (0,-0) (0,0) (0,0) (-0,0) (-0.312032,-0.382339) (0.498174,0)
 9.1000000e+04 fs:
 (0,0) (0,0) (0,0) (-0,0) (0,-0) (0,0)
 (0,0) (0,0) (0,0) (0,0) (0,-0) (0,0)
 (0,0) (0,0) (0,0) (-0,0) (0,-0) (0,0)
 (0,-0) (0,0) (0,-0) (0,0) (-0,0) (0,-0)
 (-0,0) (-0,0) (-0,0) (0,-0) (-0.514552,0) (-0.311975,0.382341)
 (0,0) (0,0) (0,0) (-0,0) (-0.311975,-0.382341) (0.498206,0)
 9.2000000e+04 fs:
 (0,0) (-0,0) (-0,0) (0,-0) (0,0) (0,-0)
 (0,-0) (0,0) (0,0) (-0,0) (0,-0) (0,0)
 (0,-0) (0,0) (0,0) (-0,0) (0,-0) (0,0)
 (-0,0) (0,-0) (0,-0) (0,0) (-0,0) (0,0)
 (0,0) (-0,0) (-0,0) (0,-0) (-0.514585,0) (-0.311919,0.382344)
 (-0,0) (0,0) (0,0) (0,0) (-0.311919,-0.382344) (0.498239,0)
 9.3000000e+04 fs:
 (0,0) (0,0) (0,0) (0,0) (-0,0) (0,0)
 (0,0) (0,0) (0,0) (-0,0) (0,-0) (-0,0)
 (0,0) (0,0) (0,0) (-0,0) (0,-0) (-0,0)
 (0,0) (0,-0) (0,-0) (0,0) (-0,0) (0,0)
 (0,-0) (-0,0) (-0,0) (0,-0) (-0.514619,0) (-0.311863,0.382346)
 (0,0) (0,-0) (0,-0) (0,0) (-0.311863,-0.382346) (0.498272,0)
 9.4000000e+04 fs:
 (0,0) (-0,0) (-0,0) (0,-0) (0,0) (0,0)
 (0,-0) (0,0) (0,0) (-0,0) (0,-0) (-0,0)
 (0,-0) (0,0) (0,0) (-0,0) (0,-0) (-0,0)
 (-0,0) (0,-0) (0,-0) (0,0) (-0,0) (0,0)
 (0,0) (-0,0) (-0,0) (0,-0) (-0.514652,0) (-0.311806,0.382348)
 (0,0) (0,-0) (0,-0) (0,0) (-0.311806,-0.382348) (0.498304,0)
 9.5000000e+04 fs:
 (0,0) (0,0) (0,0) (0,0) (-0,0) (-0,0)
 (0,0) (0,0) (0,0) (-0,0) (0,-0) (0,-0)
 (0,0) (0,0) (0,0) (-0,0) (0,-0) (0,-0)
 (0,0) (0,-0) (0,-0) (0,0) (-0,0) (-0,0)
 (0,-0) (-0,0) (-0,0) (0,-0) (-0.514686,0) (-0.31175,0.38235)
 (0,-0) (-0,0) (-0,0) (0,-0) (-0.31175,-0.38235) (0.498337,0)
 9.6000000e+04 fs:
 (0,0) (-0,0) (-0,0) (0,-0) (0,0) (0,0)
 (0,-0) (0,0) (0,0) (-0,0) (0,-0) (0,-0)
 (0,-0) (0,0) (0,0) (-0,0) (0,-0) (0,-0)
 (-0,0) (0,-0) (0,-0) (0,0) (-0,0) (-0,0)
 (0,0) (-0,0) (-0,0) (0,-0) (-0.51472,0) (-0.311693,0.382352)
 (0,0) (-0,0) (-0,0) (0,-0) (-0.311693,-0.382352) (0.498369,0)
 9.7000000e+04 fs:
 (0,0) (0,-0) (0,-0) (0,0) (-0,0) (0,-0)
 (-0,0) (0,0) (0,0) (-0,0) (0,-0) (0,0)
 (-0,0) (0,0) (0,0) (-0,0) (0,-0) (0,0)
 (0,0) (0,-0) (0,-0) (0,0) (-0,0) (0,-0)
 (0,-0) (-0,0) (-0,0) (0,-0) (-0.514753,0) (-0.311637,0.382354)
 (-0,0) (0,0) (0,0) (-0,0) (-0.311637,-0.382354) (0.498402,0)
 9.8000000e+04 fs:
 (0,0) (0,0) (0,0) (0,-0) (0,0) (0,0)
 (0,0) (0,0) (0,0) (-0,0) (0,-0) (0,0)
 (0,0) (0,0) (0,0) (-0,0) (0,-0) (0,0)
 (-0,0) (0,-0) (0,-0) (0,0) (-0,0) (0,-0)
 (0,0) (-0,0) (-0,0) (0,-0) (-0.514787,0) (-0.311581,0.382357)
 (0,0) (0,0) (0,0) (-0,0) (-0.311581,-0.382357) (0.498434,0)
 9.9000000e+04 fs:
 (0,0) (0,-0) (0,-0) (0,0) (-0,0) (0,0)
 (-0,0) (0,0) (0,0) (-0,0) (0,-0) (0,0)
 (-0,0) (0,0) (0,0) (-0,0) (0,-0) (0,0)
 (0,0) (0,-0) (0,-0) (0,0) (-0,0) (0,0)
 (0,-0) (-0,0) (-0,0) (0,-0) (-0.51482,0) (-0.311524,0.382359)
 (0,0) (0,0) (0,0) (0,0) (-0.311524,-0.382359) (0.498467,0)
