 0.0000000e+00 fs:
 (0,0) (0,0) (0,0) (0,0) (0,0) (0,0)
 (0,0) (0,0) (0,0) (0,0) (0,0) (0,0)
 (0,0) (0,0) (0,0) (0,0) (0,0) (0,0)
 (0,0) (0,0) (0,0) (0,0) (0,0) (0,0)
 (0,0) (0,0) (0,0) (0,0) (0,-0.550044) (0.412124,0.205339)
 (0,0) (0,0) (0,0) (0,0) (0.412124,-0.205339) (0,0.522907)
 1.0000000e+03 fs:
 (0,0) (0,0) (0,0) (0,0) (0,0) (0,0)
 (0,0) (0,0) (0,-0) (0,-0) (0,0) (0,0)
 (0,0) (-0,0) (0,0) (0,0) (0,0) (0,0)
 (0,0) (-0,0) (0,0) (0,0) (0,0) (0,0)
 (0,0) (0,0) (0,0) (0,0) (-0.456016,-1.0286e-13) (-0.222461,0.446488)
 (0,0) (0,0) (0,0) (0,0) (-0.222461,-0.446488) (0.542557,9.77854e-14)
 2.0000000e+03 fs:
 (0,0) (0,0) (0,0) (0,0) (0,-0) (0,-0)
 (0,0) (0,0) (-0,0) (-0,0) (0,0) (0,0)
 (0,0) (0,0) (0,0) (0,0) (0,-0) (0,0)
 (0,0) (0,0) (0,0) (0,0) (0,-0) (0,0)
 (0,0) (0,0) (0,0) (0,0) (-0.454825,-1.03106e-13) (-0.22243,0.446427)
 (0,0) (0,0) (0,0) (0,0) (-0.22243,-0.446427) (0.543682,9.80188e-14)
 3.0000000e+03 fs:
 (0,0) (0,0) (0,0) (0,0) (0,-0) (0,0)
 (0,0) (0,0) (0,0) (0,0) (0,0) (0,-0)
 (0,0) (0,0) (0,0) (0,0) (0,-0) (0,-0)
 (0,0) (0,0) (0,0) (0,0) (0,0) (0,-0)
 (0,0) (0,0) (0,0) (0,0) (-0.454571,-1.03317e-13) (-0.222424,0.446414)
 (0,0) (0,0) (0,0) (0,0) (-0.222424,-0.446414) (0.543921,9.82203e-14)
 4.0000000e+03 fs:
 (0,0) (0,-0) (0,0) (-0,0) (0,0) (0,0)
 (0,0) (0,0) (0,-0) (0,0) (0,0) (0,-0)
 (0,0) (-0,0) (0,0) (0,0) (0,0) (0,0)
 (0,-0) (0,0) (0,0) (0,0) (0,0) (0,-0)
 (0,0) (0,0) (0,0) (0,0) (-0.45457,-1.03287e-13) (-0.222424,0.446413)
 (0,0) (0,0) (0,0) (0,0) (-0.222424,-0.446413) (0.543922,9.81912e-14)
 5.0000000e+03 fs:
 (0,0) (0,0) (0,0) (-0,0) (0,0) (0,0)
 (0,0) (0,0) (0,0) (0,-0) (0,0) (0,0)
 (0,0) (0,0) (0,0) (0,0) (0,0) (0,0)
 (0,-0) (-0,0) (0,0) (0,0) (0,0) (0,0)
 (0,0) (0,0) (0,0) (0,0) (-0.454603,-1.03224e-13) (-0.222425,0.446415)
 (0,0) (0,0) (0,0) (0,0) (-0.222425,-0.446415) (0.543892,9.81319e-14)
 6.0000000e+03 fs:
 (0,0) (0,0) (0,0) (-0,0) (0,0) (0,-0)
 (0,0) (0,0) (0,0) (0,0) (0,0) (0,0)
 (0,0) (0,0) (0,0) (0,0) (0,0) (0,0)
 (0,-0) (0,0) (0,0) (0,0) (0,-0) (0,0)
 (0,0) (0,0) (0,0) (0,0) (-0.454639,-1.03158e-13) (-0.222426,0.446417)
 (0,0) (0,0) (0,0) (0,0) (-0.222426,-0.446417) (0.543857,9.80687e-14)
 7.0000000e+03 fs:
 (0,0) (0,-0) (0,0) (0,0) (0,0) (0,0)
 (0,0) (0,0) (0,-0) (0,0) (0,0) (0,0)
 (0,0) (-0,0) (0,0) (0,0) (0,0) (0,-0)
 (-0,0) (0,0) (0,0) (0,0) (0,-0) (0,0)
 (0,0) (0,0) (0,0) (0,0) (-0.454677,-1.03091e-13) (-0.222426,0.446419)
 (0,0) (0,0) (0,0) (0,0) (-0.222426,-0.446419) (0.543822,9.80051e-14)
 8.0000000e+03 fs:
 (0,0) (0,0) (0,0) (0,0) (0,0) (0,0)
 (0,0) (0,0) (0,0) (0,-0) (0,0) (0,0)
 (0,0) (0,0) (0,0) (0,0) (0,0) (0,0)
 (-0,0) (-0,0) (0,0) (0,0) (0,0) (0,0)
 (0,0) (0,0) (0,0) (0,0) (-0.454714,-1.03024e-13) (-0.222427,0.446421)
 (0,0) (0,0) (0,0) (0,0) (-0.222427,-0.446421) (0.543787,9.79415e-14)
 9.0000000e+03 fs:
 (0,0) (0,0) (0,0) (0,0) (0,0) (0,0)
 (0,0) (0,0) (0,0) (-0,0) (0,0) (0,0)
 (0,0) (0,0) (0,0) (0,-0) (0,-0) (0,0)
 (-0,0) (0,0) (0,0) (0,0) (0,0) (0,-0)
 (0,0) (0,0) (0,0) (0,0) (-0.454751,-1.02957e-13) (-0.222428,0.446423)
 (0,0) (0,0) (0,0) (0,0) (-0.222428,-0.446423) (0.543751,9.78779e-14)
 1.0000000e+04 fs:
 (0,0) (0,0) (0,0) (0,0) (0,-0) (0,-0)
 (0,0) (0,0) (-0,0) (0,0) (0,0) (0,0)
 (0,0) (0,0) (0,0) (0,-0) (0,0) (0,0)
 (0,0) (0,0) (0,0) (0,0) (0,0) (0,0)
 (0,0) (0,0) (0,0) (0,0) (-0.454789,-1.02891e-13) (-0.222429,0.446425)
 (0,0) (0,0) (0,0) (0,0) (-0.222429,-0.446425) (0.543716,9.78145e-14)
 1.1000000e+04 fs:
 (0,0) (0,0) (0,0) (0,0) (0,-0) (0,0)
 (0,0) (0,0) (0,0) (0,-0) (0,0) (0,-0)
 (0,0) (0,0) (0,0) (0,-0) (0,0) (0,-0)
 (0,0) (-0,0) (0,0) (0,0) (0,-0) (0,0)
 (0,0) (0,0) (0,0) (0,0) (-0.454826,-1.02824e-13) (-0.22243,0.446427)
 (0,0) (0,0) (0,0) (0,0) (-0.22243,-0.446427) (0.543681,9.77511e-14)
 1.2000000e+04 fs:
 (0,0) (0,-0) (-0,0) (0,0) (0,0) (0,0)
 (0,0) (0,0) (0,-0) (-0,0) (0,0) (0,-0)
 (0,0) (-0,0) (0,0) (0,-0) (0,0) (0,0)
 (0,0) (0,0) (0,0) (0,0) (0,0) (0,0)
 (0,0) (0,0) (0,0) (0,0) (-0.454863,-1.02757e-13) (-0.222431,0.446429)
 (0,0) (0,0) (0,0) (0,0) (-0.222431,-0.446429) (0.543646,9.76878e-14)
 1.3000000e+04 fs:
 (0,0) (0,0) (-0,0) (0,0) (0,0) (0,0)
 (0,0) (0,0) (-0,0) (0,0) (0,0) (0,0)
 (0,0) (0,0) (0,0) (0,-0) (0,0) (0,0)
 (0,0) (0,0) (0,0) (0,0) (0,0) (0,0)
 (0,0) (0,0) (0,0) (0,0) (-0.4549,-1.02691e-13) (-0.222432,0.446431)
 (0,0) (0,0) (0,0) (0,0) (-0.222432,-0.446431) (0.543611,9.76246e-14)
 1.4000000e+04 fs:
 (0,0) (0,0) (-0,0) (0,0) (0,0) (0,-0)
 (0,0) (0,0) (0,0) (0,0) (0,0) (0,0)
 (0,0) (0,0) (0,0) (0,0) (0,0) (0,0)
 (0,0) (0,0) (0,0) (0,0) (0,0) (0,-0)
 (0,0) (0,0) (0,0) (0,0) (-0.454937,-1.02624e-13) (-0.222433,0.446433)
 (0,0) (0,0) (0,0) (0,0) (-0.222433,-0.446433) (0.543576,9.75615e-14)
 1.5000000e+04 fs:
 (0,0) (0,-0) (-0,0) (0,0) (0,0) (0,0)
 (0,0) (0,0) (0,-0) (0,-0) (0,0) (0,0)
 (0,0) (-0,0) (0,0) (0,0) (0,-0) (0,-0)
 (0,0) (-0,0) (0,0) (0,0) (0,0) (0,-0)
 (0,0) (0,0) (0,0) (0,0) (-0.454974,-1.02558e-13) (-0.222434,0.446435)
 (0,0) (0,0) (0,0) (0,0) (-0.222434,-0.446435) (0.543541,9.74985e-14)
 1.6000000e+04 fs:
 (0,0) (0,0) (-0,0) (0,0) (0,0) (0,0)
 (0,0) (0,0) (-0,0) (0,0) (0,0) (0,0)
 (0,0) (0,0) (0,0) (0,0) (0,-0) (0,0)
 (0,0) (0,0) (0,0) (0,0) (0,-0) (0,0)
 (0,0) (0,0) (0,0) (0,0) (-0.455011,-1.02492e-13) (-0.222435,0.446436)
 (0,0) (0,0) (0,0) (0,0) (-0.222435,-0.446436) (0.543506,9.74355e-14)
 1.7000000e+04 fs:
 (0,0) (0,0) (-0,0) (-0,0) (0,0) (0,0)
 (0,0) (0,0) (0,0) (0,0) (0,0) (0,0)
 (0,0) (0,0) (0,0) (0,0) (0,0) (0,0)
 (0,-0) (0,0) (0,0) (0,0) (0,0) (0,0)
 (0,0) (0,0) (0,0) (0,0) (-0.455048,-1.02426e-13) (-0.222436,0.446438)
 (0,0) (0,0) (0,0) (0,0) (-0.222436,-0.446438) (0.543471,9.73726e-14)
 1.8000000e+04 fs:
 (0,0) (0,0) (-0,0) (-0,0) (0,-0) (0,-0)
 (0,0) (0,0) (0,-0) (0,-0) (0,0) (0,0)
 (0,0) (-0,0) (0,0) (0,0) (0,0) (0,0)
 (0,-0) (-0,0) (0,0) (0,0) (0,0) (0,0)
 (0,0) (0,0) (0,0) (0,0) (-0.455085,-1.0236e-13) (-0.222437,0.44644)
 (0,0) (0,0) (0,0) (0,0) (-0.222437,-0.44644) (0.543437,9.73098e-14)
 1.9000000e+04 fs:
 (0,0) (0,0) (-0,0) (-0,0) (0,-0) (0,0)
 (0,0) (0,0) (-0,0) (-0,0) (0,0) (0,-0)
 (0,0) (0,0) (0,0) (0,0) (0,0) (0,0)
 (0,-0) (0,0) (0,0) (0,0) (0,0) (0,0)
 (0,0) (0,0) (0,0) (0,0) (-0.455122,-1.02294e-13) (-0.222438,0.446442)
 (0,0) (0,0) (0,0) (0,0) (-0.222438,-0.446442) (0.543402,9.72471e-14)
 2.0000000e+04 fs:
 (0,0) (0,-0) (-0,0) (0,0) (0,0) (0,0)
 (0,0) (0,0) (0,0) (0,0) (0,0) (0,-0)
 (0,0) (0,0) (0,0) (0,0) (0,0) (0,-0)
 (-0,0) (0,0) (0,0) (0,0) (0,0) (0,-0)
 (0,0) (0,0) (0,0) (0,0) (-0.455158,-1.02228e-13) (-0.222439,0.446444)
 (0,0) (0,0) (0,0) (0,0) (-0.222439,-0.446444) (0.543367,9.71844e-14)
 2.1000000e+04 fs:
 (0,0) (0,0) (-0,0) (0,0) (0,0) (0,0)
 (0,0) (0,0) (0,-0) (0,-0) (0,0) (0,0)
 (0,0) (-0,0) (0,0) (0,0) (0,0) (0,0)
 (-0,0) (-0,0) (0,0) (0,0) (0,-0) (0,0)
 (0,0) (0,0) (0,0) (0,0) (-0.455195,-1.02162e-13) (-0.22244,0.446446)
 (0,0) (0,0) (0,0) (0,0) (-0.22244,-0.446446) (0.543332,9.71219e-14)
 2.2000000e+04 fs:
 (0,0) (0,0) (-0,0) (0,0) (0,0) (0,-0)
 (0,0) (0,0) (0,0) (-0,0) (0,0) (0,0)
 (0,0) (0,0) (0,0) (0,0) (0,-0) (0,0)
 (-0,0) (0,0) (0,0) (0,0) (0,0) (0,0)
 (0,0) (0,0) (0,0) (0,0) (-0.455232,-1.02096e-13) (-0.222441,0.446448)
 (0,0) (0,0) (0,0) (0,0) (-0.222441,-0.446448) (0.543298,9.70594e-14)
 2.3000000e+04 fs:
 (0,0) (0,-0) (-0,0) (0,0) (0,0) (0,0)
 (0,0) (0,0) (0,0) (0,0) (0,0) (0,0)
 (0,0) (0,0) (0,0) (0,0) (0,0) (0,0)
 (0,0) (0,0) (0,0) (0,0) (0,0) (0,0)
 (0,0) (0,0) (0,0) (0,0) (-0.455268,-1.02031e-13) (-0.222442,0.44645)
 (0,0) (0,0) (0,0) (0,0) (-0.222442,-0.44645) (0.543263,9.6997e-14)
 2.4000000e+04 fs:
 (0,0) (0,0) (0,-0) (0,0) (0,0) (0,0)
 (0,0) (0,0) (-0,0) (0,0) (0,0) (0,0)
 (-0,0) (0,0) (0,0) (0,0) (0,0) (0,-0)
 (0,0) (0,0) (0,0) (0,0) (0,0) (0,0)
 (0,0) (0,0) (0,0) (0,0) (-0.455305,-1.01965e-13) (-0.222443,0.446452)
 (0,0) (0,0) (0,0) (0,0) (-0.222443,-0.446452) (0.543229,9.69347e-14)
 2.5000000e+04 fs:
 (0,0) (0,0) (0,-0) (0,0) (0,-0) (0,0)
 (0,0) (0,0) (0,0) (0,-0) (0,0) (0,0)
 (-0,0) (0,0) (0,0) (0,0) (0,0) (0,0)
 (0,0) (-0,0) (0,0) (0,0) (0,0) (0,0)
 (0,0) (0,0) (0,0) (0,0) (-0.455342,-1.019e-13) (-0.222444,0.446454)
 (0,0) (0,0) (0,0) (0,0) (-0.222444,-0.446454) (0.543194,9.68724e-14)
 2.6000000e+04 fs:
 (0,0) (0,0) (0,-0) (0,0) (0,-0) (0,-0)
 (0,0) (0,0) (0,0) (-0,0) (0,0) (0,0)
 (-0,0) (0,0) (0,0) (0,0) (0,0) (0,0)
 (0,0) (0,0) (0,0) (0,0) (0,-0) (0,-0)
 (0,0) (0,0) (0,0) (0,0) (-0.455378,-1.01834e-13) (-0.222445,0.446456)
 (0,0) (0,0) (0,0) (0,0) (-0.222445,-0.446456) (0.54316,9.68102e-14)
 2.7000000e+04 fs:
 (0,0) (0,0) (0,-0) (0,0) (0,0) (0,0)
 (0,0) (0,0) (-0,0) (0,0) (0,0) (0,0)
 (-0,0) (0,0) (0,0) (0,-0) (0,0) (0,0)
 (0,0) (0,0) (0,0) (0,0) (0,0) (0,0)
 (0,0) (0,0) (0,0) (0,0) (-0.455415,-1.01769e-13) (-0.222446,0.446457)
 (0,0) (0,0) (0,0) (0,0) (-0.222446,-0.446457) (0.543125,9.67482e-14)
 2.8000000e+04 fs:
 (0,0) (0,-0) (0,-0) (0,0) (0,0) (0,0)
 (0,0) (0,0) (0,0) (0,-0) (0,0) (0,-0)
 (-0,0) (0,0) (0,0) (0,-0) (0,-0) (0,-0)
 (0,0) (-0,0) (0,0) (0,0) (0,0) (0,0)
 (0,0) (0,0) (0,0) (0,0) (-0.455451,-1.01704e-13) (-0.222447,0.446459)
 (0,0) (0,0) (0,0) (0,0) (-0.222447,-0.446459) (0.543091,9.66861e-14)
 2.9000000e+04 fs:
 (0,0) (0,0) (0,-0) (-0,0) (0,0) (0,0)
 (0,0) (0,0) (0,-0) (-0,0) (0,0) (0,-0)
 (-0,0) (-0,0) (0,0) (0,-0) (0,-0) (0,0)
 (0,-0) (0,0) (0,0) (0,0) (0,0) (0,0)
 (0,0) (0,0) (0,0) (0,0) (-0.455487,-1.01639e-13) (-0.222448,0.446461)
 (0,0) (0,0) (0,0) (0,0) (-0.222448,-0.446461) (0.543057,9.66242e-14)
 3.0000000e+04 fs:
 (0,0) (0,0) (0,-0) (-0,0) (0,0) (0,-0)
 (0,0) (0,0) (-0,0) (0,0) (0,0) (0,0)
 (-0,0) (0,0) (0,0) (0,-0) (0,0) (0,0)
 (0,-0) (0,0) (0,0) (0,0) (0,-0) (0,0)
 (0,0) (0,0) (0,0) (0,0) (-0.455524,-1.01573e-13) (-0.222448,0.446463)
 (0,0) (0,0) (0,0) (0,0) (-0.222448,-0.446463) (0.543022,9.65624e-14)
 3.1000000e+04 fs:
 (0,0) (0,-0) (0,-0) (-0,0) (0,0) (0,0)
 (0,0) (0,0) (0,0) (0,0) (0,0) (0,0)
 (-0,0) (0,0) (0,0) (0,0) (0,0) (0,0)
 (0,-0) (0,0) (0,0) (0,0) (0,-0) (0,-0)
 (0,0) (0,0) (0,0) (0,0) (-0.45556,-1.01509e-13) (-0.222449,0.446465)
 (0,0) (0,0) (0,0) (0,0) (-0.222449,-0.446465) (0.542988,9.65006e-14)
 3.2000000e+04 fs:
 (0,0) (0,0) (0,-0) (-0,0) (0,0) (0,0)
 (0,0) (0,0) (0,-0) (-0,0) (0,0) (0,0)
 (-0,0) (-0,0) (0,0) (0,0) (0,0) (0,-0)
 (0,-0) (0,0) (0,0) (0,0) (0,0) (0,-0)
 (0,0) (0,0) (0,0) (0,0) (-0.455596,-1.01444e-13) (-0.22245,0.446467)
 (0,0) (0,0) (0,0) (0,0) (-0.22245,-0.446467) (0.542954,9.64389e-14)
 3.3000000e+04 fs:
 (0,0) (0,0) (0,-0) (0,0) (0,-0) (0,0)
 (0,0) (0,0) (-0,0) (0,0) (0,0) (0,0)
 (-0,0) (0,0) (0,0) (0,0) (0,0) (0,0)
 (-0,0) (0,0) (0,0) (0,0) (0,0) (0,0)
 (0,0) (0,0) (0,0) (0,0) (-0.455632,-1.01379e-13) (-0.222451,0.446469)
 (0,0) (0,0) (0,0) (0,0) (-0.222451,-0.446469) (0.54292,9.63773e-14)
 3.4000000e+04 fs:
 (0,0) (0,0) (0,-0) (0,0) (0,-0) (0,-0)
 (0,0) (0,0) (0,0) (0,0) (0,0) (0,0)
 (-0,0) (0,0) (0,0) (0,0) (0,0) (0,0)
 (-0,0) (0,0) (0,0) (0,0) (0,0) (0,0)
 (0,0) (0,0) (0,0) (0,0) (-0.455668,-1.01314e-13) (-0.222452,0.446471)
 (0,0) (0,0) (0,0) (0,0) (-0.222452,-0.446471) (0.542885,9.63157e-14)
 3.5000000e+04 fs:
 (0,0) (0,0) (0,-0) (0,0) (0,0) (0,0)
 (0,0) (0,0) (0,-0) (0,-0) (0,0) (0,0)
 (-0,0) (-0,0) (0,0) (0,0) (0,-0) (0,0)
 (-0,0) (-0,0) (0,0) (0,0) (0,-0) (0,0)
 (0,0) (0,0) (0,0) (0,0) (-0.455704,-1.01249e-13) (-0.222453,0.446472)
 (0,0) (0,0) (0,0) (0,0) (-0.222453,-0.446472) (0.542851,9.62543e-14)
 3.6000000e+04 fs:
 (0,0) (0,-0) (0,0) (0,0) (0,0) (0,0)
 (0,0) (0,0) (0,0) (-0,0) (0,-0) (0,-0)
 (0,0) (0,0) (0,0) (0,0) (0,-0) (0,0)
 (0,0) (0,0) (0,0) (0,0) (0,0) (0,0)
 (0,0) (0,0) (0,0) (0,0) (-0.45574,-1.01185e-13) (-0.222454,0.446474)
 (0,0) (0,0) (0,0) (0,0) (-0.222454,-0.446474) (0.542817,9.61929e-14)
 3.7000000e+04 fs:
 (0,0) (0,0) (0,0) (0,0) (0,0) (0,0)
 (0,0) (0,0) (0,0) (0,0) (0,0) (0,-0)
 (0,0) (0,0) (0,0) (0,0) (0,0) (0,-0)
 (0,0) (0,0) (0,0) (0,0) (0,0) (0,-0)
 (0,0) (0,0) (0,0) (0,0) (-0.455776,-1.0112e-13) (-0.222455,0.446476)
 (0,0) (0,0) (0,0) (0,0) (-0.222455,-0.446476) (0.542783,9.61316e-14)
 3.8000000e+04 fs:
 (0,0) (0,0) (0,0) (0,0) (0,0) (0,0)
 (0,0) (0,0) (0,-0) (0,-0) (0,-0) (0,0)
 (0,0) (-0,0) (0,0) (0,0) (0,0) (0,0)
 (0,0) (-0,0) (0,0) (0,0) (0,0) (0,0)
 (0,0) (0,0) (0,0) (0,0) (-0.455812,-1.01056e-13) (-0.222456,0.446478)
 (0,0) (0,0) (0,0) (0,0) (-0.222456,-0.446478) (0.542749,9.60703e-14)
 3.9000000e+04 fs:
 (0,0) (0,-0) (0,0) (0,0) (0,0) (0,0)
 (0,0) (0,0) (0,0) (-0,0) (0,0) (0,0)
 (0,0) (0,0) (0,0) (0,0) (0,0) (0,0)
 (0,0) (0,0) (0,0) (0,0) (0,0) (0,0)
 (0,0) (0,0) (0,0) (0,0) (-0.455848,-1.00992e-13) (-0.222457,0.44648)
 (0,0) (0,0) (0,0) (0,0) (-0.222457,-0.44648) (0.542715,9.60092e-14)
 4.0000000e+04 fs:
 (0,0) (0,0) (0,0) (0,0) (0,-0) (0,0)
 (0,0) (0,0) (0,0) (0,0) (0,-0) (0,0)
 (0,0) (0,0) (0,0) (0,0) (0,0) (0,0)
 (0,0) (0,0) (0,0) (0,0) (0,-0) (0,0)
 (0,0) (0,0) (0,0) (0,0) (-0.455884,-1.00927e-13) (-0.222458,0.446482)
 (0,0) (0,0) (0,0) (0,0) (-0.222458,-0.446482) (0.542682,9.59481e-14)
 4.1000000e+04 fs:
 (0,0) (0,0) (0,0) (0,0) (0,-0) (0,-0)
 (0,0) (0,0) (-0,0) (0,0) (0,0) (0,0)
 (0,0) (0,0) (0,0) (0,0) (0,-0) (0,-0)
 (0,0) (0,0) (0,0) (0,0) (0,0) (0,0)
 (0,0) (0,0) (0,0) (0,0) (-0.45592,-1.00863e-13) (-0.222459,0.446483)
 (0,0) (0,0) (0,0) (0,0) (-0.222459,-0.446483) (0.542648,9.58871e-14)
 4.2000000e+04 fs:
 (0,0) (0,0) (0,0) (-0,0) (0,0) (0,0)
 (0,0) (0,0) (0,0) (-0,0) (0,-0) (0,0)
 (0,0) (0,0) (0,0) (0,0) (0,-0) (0,0)
 (0,-0) (0,0) (0,0) (0,0) (0,0) (0,-0)
 (0,0) (0,0) (0,0) (0,0) (-0.455955,-1.00799e-13) (-0.22246,0.446485)
 (0,0) (0,0) (0,0) (0,0) (-0.22246,-0.446485) (0.542614,9.58262e-14)
 4.3000000e+04 fs:
 (0,0) (0,0) (0,0) (-0,0) (0,0) (0,0)
 (0,0) (0,0) (0,-0) (0,0) (0,0) (0,0)
 (0,0) (-0,0) (0,0) (0,0) (0,0) (0,0)
 (0,-0) (0,0) (0,0) (0,0) (0,0) (0,-0)
 (0,0) (0,0) (0,0) (0,0) (-0.455991,-1.00735e-13) (-0.22246,0.446487)
 (0,0) (0,0) (0,0) (0,0) (-0.22246,-0.446487) (0.54258,9.57653e-14)
 4.4000000e+04 fs:
 (0,0) (0,-0) (0,0) (-0,0) (0,0) (0,0)
 (0,0) (0,0) (-0,0) (0,0) (0,-0) (0,0)
 (0,0) (0,0) (0,0) (0,-0) (0,0) (0,0)
 (0,-0) (0,0) (0,0) (0,0) (0,0) (0,0)
 (0,0) (0,0) (0,0) (0,0) (-0.456027,-1.00671e-13) (-0.222461,0.446489)
 (0,0) (0,0) (0,0) (0,0) (-0.222461,-0.446489) (0.542546,9.57046e-14)
 4.5000000e+04 fs:
 (0,0) (0,0) (0,0) (0,0) (0,0) (0,-0)
 (0,0) (0,0) (0,0) (0,-0) (0,0) (0,-0)
 (0,0) (0,0) (0,0) (0,-0) (0,0) (0,-0)
 (-0,0) (-0,0) (0,0) (0,0) (0,-0) (0,0)
 (0,0) (0,0) (0,0) (0,0) (-0.456062,-1.00607e-13) (-0.222462,0.446491)
 (0,0) (0,0) (0,0) (0,0) (-0.222462,-0.446491) (0.542513,9.56439e-14)
 4.6000000e+04 fs:
 (0,0) (0,0) (0,0) (0,0) (0,0) (0,0)
 (0,0) (0,0) (0,-0) (-0,0) (0,-0) (0,-0)
 (0,0) (-0,0) (0,0) (0,-0) (0,0) (0,0)
 (-0,0) (0,0) (0,0) (0,0) (0,0) (0,0)
 (0,0) (0,0) (0,0) (0,0) (-0.456098,-1.00544e-13) (-0.222463,0.446493)
 (0,0) (0,0) (0,0) (0,0) (-0.222463,-0.446493) (0.542479,9.55833e-14)
 4.7000000e+04 fs:
 (0,0) (0,-0) (0,0) (0,0) (0,0) (0,0)
 (0,0) (0,0) (-0,0) (0,0) (0,0) (0,0)
 (0,0) (0,0) (0,0) (0,-0) (0,0) (0,0)
 (-0,0) (0,0) (0,0) (0,0) (0,0) (0,0)
 (0,0) (0,0) (0,0) (0,0) (-0.456133,-1.0048e-13) (-0.222464,0.446494)
 (0,0) (0,0) (0,0) (0,0) (-0.222464,-0.446494) (0.542446,9.55227e-14)
 4.8000000e+04 fs:
 (0,0) (0,0) (0,0) (0,0) (0,-0) (0,0)
 (0,0) (0,0) (0,0) (0,-0) (0,-0) (0,0)
 (0,0) (0,0) (0,0) (0,-0) (0,-0) (0,0)
 (-0,0) (-0,0) (0,0) (0,0) (0,0) (0,-0)
 (0,0) (0,0) (0,0) (0,0) (-0.456169,-1.00416e-13) (-0.222465,0.446496)
 (0,0) (0,0) (0,0) (0,0) (-0.222465,-0.446496) (0.542412,9.54623e-14)
 4.9000000e+04 fs:
 (0,0) (0,0) (0,0) (0,0) (0,-0) (0,-0)
 (0,0) (0,0) (0,-0) (-0,0) (0,0) (0,0)
 (0,0) (-0,0) (0,0) (0,0) (0,-0) (0,-0)
 (0,0) (0,0) (0,0) (0,0) (0,-0) (0,0)
 (0,0) (0,0) (0,0) (0,0) (-0.456204,-1.00353e-13) (-0.222466,0.446498)
 (0,0) (0,0) (0,0) (0,0) (-0.222466,-0.446498) (0.542379,9.54019e-14)
 5.0000000e+04 fs:
 (0,0) (0,0) (0,0) (0,0) (0,0) (0,0)
 (0,0) (0,0) (-0,0) (0,0) (0,-0) (0,0)
 (0,0) (0,0) (0,0) (0,0) (0,0) (0,0)
 (0,0) (0,0) (0,0) (0,0) (0,-0) (0,0)
 (0,0) (0,0) (0,0) (0,0) (-0.45624,-1.00289e-13) (-0.222467,0.4465)
 (0,0) (0,0) (0,0) (0,0) (-0.222467,-0.4465) (0.542345,9.53415e-14)
 5.1000000e+04 fs:
 (0,0) (0,0) (0,0) (0,0) (0,0) (0,0)
 (0,0) (0,0) (0,0) (0,0) (0,0) (0,0)
 (0,0) (0,0) (0,0) (0,0) (0,0) (0,0)
 (0,0) (0,0) (0,0) (0,0) (0,0) (0,0)
 (0,0) (0,0) (0,0) (0,0) (-0.456275,-1.00226e-13) (-0.222468,0.446502)
 (0,0) (0,0) (0,0) (0,0) (-0.222468,-0.446502) (0.542312,9.52813e-14)
 5.2000000e+04 fs:
 (0,0) (0,-0) (0,0) (0,0) (0,0) (0,0)
 (0,0) (0,0) (0,-0) (0,-0) (0,-0) (0,0)
 (0,0) (-0,0) (0,0) (0,0) (0,0) (0,0)
 (0,0) (-0,0) (0,0) (0,0) (0,0) (0,0)
 (0,0) (0,0) (0,0) (0,0) (-0.45631,-1.00163e-13) (-0.222469,0.446503)
 (0,0) (0,0) (0,0) (0,0) (-0.222469,-0.446503) (0.542278,9.52211e-14)
 5.3000000e+04 fs:
 (0,0) (0,0) (0,0) (0,0) (0,0) (0,-0)
 (0,0) (0,0) (0,0) (0,0) (0,0) (0,-0)
 (0,0) (0,0) (0,0) (0,0) (0,0) (0,0)
 (0,0) (0,0) (0,0) (0,0) (0,0) (0,0)
 (0,0) (0,0) (0,0) (0,0) (-0.456346,-1.00099e-13) (-0.222469,0.446505)
 (0,0) (0,0) (0,0) (0,0) (-0.222469,-0.446505) (0.542245,9.51611e-14)
 5.4000000e+04 fs:
 (0,0) (0,0) (0,0) (0,0) (0,0) (0,0)
 (0,0) (0,0) (0,0) (0,0) (0,-0) (0,-0)
 (0,0) (0,0) (0,0) (0,0) (0,0) (0,-0)
 (0,0) (0,0) (0,0) (0,0) (0,-0) (0,-0)
 (0,0) (0,0) (0,0) (0,0) (-0.456381,-1.00036e-13) (-0.22247,0.446507)
 (0,0) (0,0) (0,0) (0,0) (-0.22247,-0.446507) (0.542212,9.5101e-14)
 5.5000000e+04 fs:
 (0,0) (0,-0) (0,0) (-0,0) (0,0) (0,0)
 (0,0) (0,0) (-0,0) (0,-0) (0,0) (0,0)
 (0,0) (0,0) (0,0) (0,0) (0,-0) (0,0)
 (0,-0) (-0,0) (0,0) (0,0) (0,0) (0,0)
 (0,0) (0,0) (0,0) (0,0) (-0.456416,-9.99733e-14) (-0.222471,0.446509)
 (0,0) (0,0) (0,0) (0,0) (-0.222471,-0.446509) (0.542178,9.50411e-14)
 5.6000000e+04 fs:
 (0,0) (0,0) (0,0) (-0,0) (0,-0) (0,0)
 (0,0) (0,0) (0,0) (-0,0) (0,-0) (0,0)
 (0,0) (0,0) (0,0) (0,0) (0,0) (0,0)
 (0,-0) (0,0) (0,0) (0,0) (0,0) (0,0)
 (0,0) (0,0) (0,0) (0,0) (-0.456451,-9.99103e-14) (-0.222472,0.446511)
 (0,0) (0,0) (0,0) (0,0) (-0.222472,-0.446511) (0.542145,9.49812e-14)
 5.7000000e+04 fs:
 (0,0) (0,0) (0,0) (-0,0) (0,-0) (0,-0)
 (0,0) (0,0) (0,0) (0,0) (0,0) (0,0)
 (0,0) (0,0) (0,0) (0,0) (0,0) (0,0)
 (0,-0) (0,0) (0,0) (0,0) (0,0) (0,0)
 (0,0) (0,0) (0,0) (0,0) (-0.456486,-9.98474e-14) (-0.222473,0.446512)
 (0,0) (0,0) (0,0) (0,0) (-0.222473,-0.446512) (0.542112,9.49214e-14)
 5.8000000e+04 fs:
 (0,0) (0,0) (0,0) (0,0) (0,0) (0,0)
 (0,0) (0,0) (-0,0) (0,-0) (0,-0) (0,0)
 (0,0) (0,0) (0,0) (0,0) (0,0) (0,-0)
 (-0,0) (-0,0) (0,0) (0,0) (0,0) (0,0)
 (0,0) (0,0) (0,0) (0,0) (-0.456521,-9.97846e-14) (-0.222474,0.446514)
 (0,0) (0,0) (0,0) (0,0) (-0.222474,-0.446514) (0.542079,9.48617e-14)
 5.9000000e+04 fs:
 (0,0) (0,0) (0,0) (0,0) (0,0) (0,0)
 (0,0) (0,0) (0,0) (-0,0) (0,0) (0,0)
 (0,0) (0,0) (0,0) (0,0) (0,0) (0,0)
 (-0,0) (0,0) (0,0) (0,0) (0,-0) (0,-0)
 (0,0) (0,0) (0,0) (0,0) (-0.456556,-9.97219e-14) (-0.222475,0.446516)
 (0,0) (0,0) (0,0) (0,0) (-0.222475,-0.446516) (0.542046,9.48021e-14)
 6.0000000e+04 fs:
 (0,0) (0,-0) (-0,0) (0,0) (0,0) (0,0)
 (0,0) (0,0) (0,-0) (0,0) (0,-0) (0,0)
 (0,0) (-0,0) (0,0) (0,0) (0,0) (0,0)
 (-0,0) (0,0) (0,0) (0,0) (0,0) (0,-0)
 (0,0) (0,0) (0,0) (0,0) (-0.456591,-9.96592e-14) (-0.222476,0.446518)
 (0,0) (0,0) (0,0) (0,0) (-0.222476,-0.446518) (0.542013,9.47425e-14)
 6.1000000e+04 fs:
 (0,0) (0,0) (-0,0) (0,0) (0,0) (0,-0)
 (0,0) (0,0) (-0,0) (0,0) (0,0) (0,-0)
 (0,0) (0,0) (0,0) (0,0) (0,-0) (0,0)
 (0,0) (0,0) (0,0) (0,0) (0,0) (0,0)
 (0,0) (0,0) (0,0) (0,0) (-0.456626,-9.95966e-14) (-0.222477,0.44652)
 (0,0) (0,0) (0,0) (0,0) (-0.222477,-0.44652) (0.54198,9.4683e-14)
 6.2000000e+04 fs:
 (0,0) (0,0) (-0,0) (0,0) (0,0) (0,0)
 (0,0) (0,0) (0,0) (0,-0) (0,-0) (0,-0)
 (0,0) (0,0) (0,0) (0,-0) (0,-0) (0,-0)
 (0,0) (-0,0) (0,0) (0,0) (0,0) (0,0)
 (0,0) (0,0) (0,0) (0,0) (-0.456661,-9.95341e-14) (-0.222477,0.446521)
 (0,0) (0,0) (0,0) (0,0) (-0.222477,-0.446521) (0.541947,9.46236e-14)
 6.3000000e+04 fs:
 (0,0) (0,-0) (-0,0) (0,0) (0,-0) (0,0)
 (0,0) (0,0) (0,-0) (0,0) (0,0) (0,0)
 (0,0) (-0,0) (0,0) (0,-0) (0,0) (0,0)
 (0,0) (0,0) (0,0) (0,0) (0,0) (0,0)
 (0,0) (0,0) (0,0) (0,0) (-0.456695,-9.94717e-14) (-0.222478,0.446523)
 (0,0) (0,0) (0,0) (0,0) (-0.222478,-0.446523) (0.541914,9.45643e-14)
 6.4000000e+04 fs:
 (0,0) (0,0) (-0,0) (0,0) (0,-0) (0,0)
 (0,0) (0,0) (-0,0) (0,0) (0,-0) (0,0)
 (0,0) (0,0) (0,0) (0,-0) (0,0) (0,0)
 (0,0) (0,0) (0,0) (0,0) (0,-0) (0,0)
 (0,0) (0,0) (0,0) (0,0) (-0.45673,-9.94094e-14) (-0.222479,0.446525)
 (0,0) (0,0) (0,0) (0,0) (-0.222479,-0.446525) (0.541881,9.4505e-14)
 6.5000000e+04 fs:
 (0,0) (0,0) (-0,0) (0,0) (0,0) (0,-0)
 (0,0) (0,0) (0,0) (0,-0) (0,0) (0,0)
 (0,0) (0,0) (0,0) (0,-0) (0,0) (0,0)
 (0,0) (-0,0) (0,0) (0,0) (0,0) (0,-0)
 (0,0) (0,0) (0,0) (0,0) (-0.456765,-9.93471e-14) (-0.22248,0.446527)
 (0,0) (0,0) (0,0) (0,0) (-0.22248,-0.446527) (0.541848,9.44458e-14)
 6.6000000e+04 fs:
 (0,0) (0,0) (-0,0) (0,0) (0,0) (0,0)
 (0,0) (0,0) (0,-0) (-0,0) (0,-0) (0,0)
 (0,0) (-0,0) (0,0) (0,0) (0,0) (0,-0)
 (0,0) (0,0) (0,0) (0,0) (0,0) (0,0)
 (0,0) (0,0) (0,0) (0,0) (-0.456799,-9.92849e-14) (-0.222481,0.446528)
 (0,0) (0,0) (0,0) (0,0) (-0.222481,-0.446528) (0.541815,9.43867e-14)
 6.7000000e+04 fs:
 (0,0) (0,0) (-0,0) (0,0) (0,0) (0,0)
 (0,0) (0,0) (0,0) (0,0) (0,0) (0,0)
 (0,0) (0,0) (0,0) (0,0) (0,0) (0,0)
 (0,0) (0,0) (0,0) (0,0) (0,0) (0,0)
 (0,0) (0,0) (0,0) (0,0) (-0.456834,-9.92228e-14) (-0.222482,0.44653)
 (0,0) (0,0) (0,0) (0,0) (-0.222482,-0.44653) (0.541782,9.43276e-14)
 6.8000000e+04 fs:
 (0,0) (0,-0) (-0,0) (-0,0) (0,0) (0,0)
 (0,0) (0,0) (0,0) (0,0) (0,-0) (0,0)
 (0,0) (0,0) (0,0) (0,0) (0,-0) (0,0)
 (0,-0) (0,0) (0,0) (0,0) (0,0) (0,0)
 (0,0) (0,0) (0,0) (0,0) (-0.456869,-9.91607e-14) (-0.222483,0.446532)
 (0,0) (0,0) (0,0) (0,0) (-0.222483,-0.446532) (0.54175,9.42686e-14)
 6.9000000e+04 fs:
 (0,0) (0,0) (-0,0) (-0,0) (0,0) (0,-0)
 (0,0) (0,0) (0,-0) (-0,0) (0,0) (0,0)
 (0,0) (-0,0) (0,0) (0,0) (0,0) (0,0)
 (0,-0) (0,0) (0,0) (0,0) (0,-0) (0,0)
 (0,0) (0,0) (0,0) (0,0) (-0.456903,-9.90988e-14) (-0.222484,0.446534)
 (0,0) (0,0) (0,0) (0,0) (-0.222484,-0.446534) (0.541717,9.42097e-14)
 7.0000000e+04 fs:
 (0,0) (0,0) (-0,0) (-0,0) (0,0) (0,0)
 (0,0) (0,0) (0,0) (0,0) (0,0) (0,-0)
 (0,0) (0,0) (0,0) (0,0) (0,0) (0,0)
 (0,-0) (0,0) (0,0) (0,0) (0,0) (0,-0)
 (0,0) (0,0) (0,0) (0,0) (-0.456938,-9.90369e-14) (-0.222484,0.446535)
 (0,0) (0,0) (0,0) (0,0) (-0.222484,-0.446535) (0.541684,9.41509e-14)
 7.1000000e+04 fs:
 (0,0) (0,-0) (-0,0) (0,0) (0,-0) (0,0)
 (0,0) (0,0) (0,0) (0,0) (0,0) (0,-0)
 (0,0) (0,0) (0,0) (0,0) (0,0) (0,-0)
 (-0,0) (0,0) (0,0) (0,0) (0,0) (0,-0)
 (0,0) (0,0) (0,0) (0,0) (-0.456972,-9.89751e-14) (-0.222485,0.446537)
 (0,0) (0,0) (0,0) (0,0) (-0.222485,-0.446537) (0.541652,9.40921e-14)
 7.2000000e+04 fs:
 (0,0) (0,0) (0,-0) (0,0) (0,-0) (0,0)
 (0,0) (0,0) (-0,0) (0,-0) (0,0) (0,0)
 (-0,0) (0,0) (0,0) (0,0) (0,0) (0,0)
 (-0,0) (-0,0) (0,0) (0,0) (0,0) (0,0)
 (0,0) (0,0) (0,0) (0,0) (-0.457006,-9.89134e-14) (-0.222486,0.446539)
 (0,0) (0,0) (0,0) (0,0) (-0.222486,-0.446539) (0.541619,9.40335e-14)
 7.3000000e+04 fs:
 (0,0) (0,0) (0,-0) (0,0) (0,0) (0,-0)
 (0,0) (0,0) (0,0) (-0,0) (0,0) (0,0)
 (-0,0) (0,0) (0,0) (0,0) (0,0) (0,0)
 (-0,0) (0,0) (0,0) (0,0) (0,-0) (0,0)
 (0,0) (0,0) (0,0) (0,0) (-0.457041,-9.88517e-14) (-0.222487,0.446541)
 (0,0) (0,0) (0,0) (0,0) (-0.222487,-0.446541) (0.541586,9.39748e-14)
 7.4000000e+04 fs:
 (0,0) (0,0) (0,-0) (0,0) (0,0) (0,0)
 (0,0) (0,0) (0,0) (0,0) (0,0) (0,0)
 (-0,0) (0,0) (0,0) (0,0) (0,-0) (0,0)
 (0,0) (0,0) (0,0) (0,0) (0,0) (0,0)
 (0,0) (0,0) (0,0) (0,0) (-0.457075,-9.87901e-14) (-0.222488,0.446542)
 (0,0) (0,0) (0,0) (0,0) (-0.222488,-0.446542) (0.541554,9.39163e-14)
 7.5000000e+04 fs:
 (0,0) (0,0) (0,-0) (0,0) (0,0) (0,0)
 (0,0) (0,0) (-0,0) (0,-0) (0,0) (0,0)
 (-0,0) (0,0) (0,0) (0,0) (0,-0) (0,-0)
 (0,0) (-0,0) (0,0) (0,0) (0,0) (0,0)
 (0,0) (0,0) (0,0) (0,0) (-0.457109,-9.87286e-14) (-0.222489,0.446544)
 (0,0) (0,0) (0,0) (0,0) (-0.222489,-0.446544) (0.541521,9.38578e-14)
 7.6000000e+04 fs:
 (0,0) (0,-0) (0,-0) (0,0) (0,0) (0,-0)
 (0,0) (0,0) (0,0) (-0,0) (0,0) (0,0)
 (-0,0) (0,0) (0,0) (0,0) (0,0) (0,0)
 (0,0) (0,0) (0,0) (0,0) (0,0) (0,-0)
 (0,0) (0,0) (0,0) (0,0) (-0.457144,-9.86672e-14) (-0.22249,0.446546)
 (0,0) (0,0) (0,0) (0,0) (-0.22249,-0.446546) (0.541489,9.37994e-14)
 7.7000000e+04 fs:
 (0,0) (0,0) (0,-0) (0,0) (0,0) (0,0)
 (0,0) (0,0) (0,-0) (0,0) (0,0) (0,0)
 (-0,0) (-0,0) (0,0) (0,0) (0,0) (0,0)
 (0,0) (0,0) (0,0) (0,0) (0,0) (0,0)
 (0,0) (0,0) (0,0) (0,0) (-0.457178,-9.86058e-14) (-0.22249,0.446547)
 (0,0) (0,0) (0,0) (0,0) (-0.22249,-0.446547) (0.541457,9.37411e-14)
 7.8000000e+04 fs:
 (0,0) (0,0) (0,-0) (0,0) (0,-0) (0,0)
 (0,0) (0,0) (-0,0) (0,0) (0,0) (0,-0)
 (-0,0) (0,0) (0,0) (0,0) (0,0) (0,0)
 (0,0) (0,0) (0,0) (0,0) (0,-0) (0,0)
 (0,0) (0,0) (0,0) (0,0) (-0.457212,-9.85446e-14) (-0.222491,0.446549)
 (0,0) (0,0) (0,0) (0,0) (-0.222491,-0.446549) (0.541424,9.36829e-14)
 7.9000000e+04 fs:
 (0,0) (0,-0) (0,-0) (0,0) (0,-0) (0,0)
 (0,0) (0,0) (0,0) (-0,0) (0,0) (0,-0)
 (-0,0) (0,0) (0,0) (0,-0) (0,0) (0,-0)
 (0,0) (0,0) (0,0) (0,0) (0,0) (0,0)
 (0,0) (0,0) (0,0) (0,0) (-0.457246,-9.84834e-14) (-0.222492,0.446551)
 (0,0) (0,0) (0,0) (0,0) (-0.222492,-0.446551) (0.541392,9.36247e-14)
 8.0000000e+04 fs:
 (0,0) (0,0) (0,-0) (0,0) (0,0) (0,-0)
 (0,0) (0,0) (0,-0) (0,0) (0,0) (0,0)
 (-0,0) (-0,0) (0,0) (0,-0) (0,0) (0,0)
 (0,0) (0,0) (0,0) (0,0) (0,0) (0,0)
 (0,0) (0,0) (0,0) (0,0) (-0.45728,-9.84222e-14) (-0.222493,0.446553)
 (0,0) (0,0) (0,0) (0,0) (-0.222493,-0.446553) (0.54136,9.35666e-14)
 8.1000000e+04 fs:
 (0,0) (0,0) (0,-0) (-0,0) (0,0) (0,0)
 (0,0) (0,0) (-0,0) (0,0) (0,0) (0,0)
 (-0,0) (0,0) (0,0) (0,-0) (0,-0) (0,0)
 (0,-0) (0,0) (0,0) (0,0) (0,0) (0,0)
 (0,0) (0,0) (0,0) (0,0) (-0.457314,-9.83612e-14) (-0.222494,0.446554)
 (0,0) (0,0) (0,0) (0,0) (-0.222494,-0.446554) (0.541327,9.35085e-14)
 8.2000000e+04 fs:
 (0,0) (0,0) (0,-0) (-0,0) (0,0) (0,0)
 (0,0) (0,0) (0,0) (0,-0) (0,0) (0,0)
 (-0,0) (0,0) (0,0) (0,-0) (0,0) (0,0)
 (0,-0) (-0,0) (0,0) (0,0) (0,0) (0,-0)
 (0,0) (0,0) (0,0) (0,0) (-0.457348,-9.83002e-14) (-0.222495,0.446556)
 (0,0) (0,0) (0,0) (0,0) (-0.222495,-0.446556) (0.541295,9.34506e-14)
 8.3000000e+04 fs:
 (0,0) (0,0) (0,0) (-0,0) (0,0) (0,0)
 (0,0) (0,0) (0,-0) (-0,0) (0,0) (0,0)
 (0,0) (-0,0) (0,0) (0,-0) (0,0) (0,-0)
 (0,-0) (0,0) (0,0) (0,0) (0,-0) (0,0)
 (0,0) (0,0) (0,0) (0,0) (-0.457382,-9.82393e-14) (-0.222496,0.446558)
 (0,0) (0,0) (0,0) (0,0) (-0.222496,-0.446558) (0.541263,9.33927e-14)
 8.4000000e+04 fs:
 (0,0) (0,-0) (0,0) (0,0) (0,0) (0,-0)
 (0,0) (0,0) (0,0) (0,0) (0,0) (0,0)
 (0,0) (0,0) (0,0) (0,0) (0,0) (0,0)
 (-0,0) (0,0) (0,0) (0,0) (0,0) (0,0)
 (0,0) (0,0) (0,0) (0,0) (-0.457416,-9.81785e-14) (-0.222496,0.446559)
 (0,0) (0,0) (0,0) (0,0) (-0.222496,-0.446559) (0.541231,9.33348e-14)
 8.5000000e+04 fs:
 (0,0) (0,0) (0,0) (0,0) (0,0) (0,0)
 (0,0) (0,0) (0,0) (0,-0) (0,0) (0,0)
 (0,0) (0,0) (0,0) (0,0) (0,0) (0,0)
 (-0,0) (-0,0) (0,0) (0,0) (0,0) (0,0)
 (0,0) (0,0) (0,0) (0,0) (-0.45745,-9.81177e-14) (-0.222497,0.446561)
 (0,0) (0,0) (0,0) (0,0) (-0.222497,-0.446561) (0.541199,9.32771e-14)
 8.6000000e+04 fs:
 (0,0) (0,0) (0,0) (0,0) (0,-0) (0,0)
 (0,0) (0,0) (-0,0) (-0,0) (0,0) (0,0)
 (0,0) (0,0) (0,0) (0,0) (0,0) (0,0)
 (-0,0) (0,0) (0,0) (0,0) (0,0) (0,0)
 (0,0) (0,0) (0,0) (0,0) (-0.457483,-9.8057e-14) (-0.222498,0.446563)
 (0,0) (0,0) (0,0) (0,0) (-0.222498,-0.446563) (0.541167,9.32194e-14)
 8.7000000e+04 fs:
 (0,0) (0,-0) (0,0) (0,0) (0,-0) (0,0)
 (0,0) (0,0) (0,0) (0,0) (0,0) (0,-0)
 (0,0) (0,0) (0,0) (0,0) (0,-0) (0,-0)
 (0,0) (0,0) (0,0) (0,0) (0,0) (0,-0)
 (0,0) (0,0) (0,0) (0,0) (-0.457517,-9.79964e-14) (-0.222499,0.446564)
 (0,0) (0,0) (0,0) (0,0) (-0.222499,-0.446564) (0.541135,9.31618e-14)
 8.8000000e+04 fs:
 (0,0) (0,0) (0,0) (0,0) (0,0) (0,-0)
 (0,0) (0,0) (0,0) (0,0) (0,0) (0,-0)
 (0,0) (0,0) (0,0) (0,0) (0,-0) (0,-0)
 (0,0) (0,0) (0,0) (0,0) (0,-0) (0,-0)
 (0,0) (0,0) (0,0) (0,0) (-0.457551,-9.79359e-14) (-0.2225,0.446566)
 (0,0) (0,0) (0,0) (0,0) (-0.2225,-0.446566) (0.541103,9.31042e-14)
 8.9000000e+04 fs:
 (0,0) (0,0) (0,0) (0,0) (0,0) (0,0)
 (0,0) (0,0) (-0,0) (0,-0) (0,0) (0,0)
 (0,0) (0,0) (0,0) (0,0) (0,0) (0,0)
 (0,0) (-0,0) (0,0) (0,0) (0,0) (0,0)
 (0,0) (0,0) (0,0) (0,0) (-0.457584,-9.78754e-14) (-0.222501,0.446568)
 (0,0) (0,0) (0,0) (0,0) (-0.222501,-0.446568) (0.541071,9.30468e-14)
 9.0000000e+04 fs:
 (0,0) (0,0) (0,0) (0,0) (0,0) (0,0)
 (0,0) (0,0) (0,0) (0,0) (0,0) (0,0)
 (0,0) (0,0) (0,0) (0,0) (0,0) (0,0)
 (0,0) (0,0) (0,0) (0,0) (0,0) (0,0)
 (0,0) (0,0) (0,0) (0,0) (-0.457618,-9.78151e-14) (-0.222501,0.44657)
 (0,0) (0,0) (0,0) (0,0) (-0.222501,-0.44657) (0.541039,9.29893e-14)
 9.1000000e+04 fs:
 (0,0) (0,0) (0,0) (0,0) (0,0) (0,0)
 (0,0) (0,0) (0,-0) (0,0) (0,0) (0,0)
 (0,0) (-0,0) (0,0) (0,0) (0,0) (0,0)
 (0,0) (0,0) (0,0) (0,0) (0,0) (0,0)
 (0,0) (0,0) (0,0) (0,0) (-0.457652,-9.77548e-14) (-0.222502,0.446571)
 (0,0) (0,0) (0,0) (0,0) (-0.222502,-0.446571) (0.541007,9.2932e-14)
 9.2000000e+04 fs:
 (0,0) (0,-0) (0,0) (0,0) (0,0) (0,-0)
 (0,0) (0,0) (-0,0) (0,-0) (0,0) (0,0)
 (0,0) (0,0) (0,0) (0,0) (0,0) (0,-0)
 (0,0) (-0,0) (0,0) (0,0) (0,-0) (0,0)
 (0,0) (0,0) (0,0) (0,0) (-0.457685,-9.76945e-14) (-0.222503,0.446573)
 (0,0) (0,0) (0,0) (0,0) (-0.222503,-0.446573) (0.540975,9.28748e-14)
 9.3000000e+04 fs:
 (0,0) (0,0) (0,0) (-0,0) (0,0) (0,0)
 (0,0) (0,0) (0,0) (-0,0) (0,0) (0,0)
 (0,0) (0,0) (0,0) (0,0) (0,0) (0,0)
 (0,-0) (0,0) (0,0) (0,0) (0,-0) (0,-0)
 (0,0) (0,0) (0,0) (0,0) (-0.457719,-9.76344e-14) (-0.222504,0.446575)
 (0,0) (0,0) (0,0) (0,0) (-0.222504,-0.446575) (0.540944,9.28176e-14)
 9.4000000e+04 fs:
 (0,0) (0,0) (0,0) (-0,0) (0,-0) (0,0)
 (0,0) (0,0) (0,-0) (0,0) (0,0) (0,0)
 (0,0) (-0,0) (0,0) (0,0) (0,-0) (0,0)
 (0,-0) (0,0) (0,0) (0,0) (0,0) (0,0)
 (0,0) (0,0) (0,0) (0,0) (-0.457752,-9.75743e-14) (-0.222505,0.446576)
 (0,0) (0,0) (0,0) (0,0) (-0.222505,-0.446576) (0.540912,9.27604e-14)
 9.5000000e+04 fs:
 (0,0) (0,-0) (0,0) (-0,0) (0,-0) (0,0)
 (0,0) (0,0) (-0,0) (0,-0) (0,0) (0,-0)
 (0,0) (0,0) (0,0) (0,0) (0,-0) (0,0)
 (0,-0) (-0,0) (0,0) (0,0) (0,0) (0,0)
 (0,0) (0,0) (0,0) (0,0) (-0.457786,-9.75143e-14) (-0.222506,0.446578)
 (0,0) (0,0) (0,0) (0,0) (-0.222506,-0.446578) (0.54088,9.27034e-14)
 9.6000000e+04 fs:
 (0,0) (0,0) (0,0) (-0,0) (0,0) (0,-0)
 (0,0) (0,0) (0,0) (-0,0) (0,0) (0,-0)
 (0,0) (0,0) (0,0) (0,0) (0,0) (0,-0)
 (0,-0) (0,0) (0,0) (0,0) (0,0) (0,0)
 (0,0) (0,0) (0,0) (0,0) (-0.457819,-9.74543e-14) (-0.222506,0.44658)
 (0,0) (0,0) (0,0) (0,0) (-0.222506,-0.44658) (0.540848,9.26464e-14)
 9.7000000e+04 fs:
 (0,0) (0,0) (0,0) (0,0) (0,0) (0,0)
 (0,0) (0,0) (0,-0) (0,0) (0,0) (0,0)
 (0,0) (-0,0) (0,0) (0,-0) (0,0) (0,0)
 (-0,0) (0,0) (0,0) (0,0) (0,-0) (0,0)
 (0,0) (0,0) (0,0) (0,0) (-0.457852,-9.73944e-14) (-0.222507,0.446581)
 (0,0) (0,0) (0,0) (0,0) (-0.222507,-0.446581) (0.540817,9.25895e-14)
 9.8000000e+04 fs:
 (0,0) (0,0) (0,0) (0,0) (0,0) (0,0)
 (0,0) (0,0) (0,0) (0,0) (0,0) (0,0)
 (0,0) (0,0) (0,0) (0,-0) (0,0) (0,0)
 (-0,0) (0,0) (0,0) (0,0) (0,0) (0,-0)
 (0,0) (0,0) (0,0) (0,0) (-0.457886,-9.73346e-14) (-0.222508,0.446583)
 (0,0) (0,0) (0,0) (0,0) (-0.222508,-0.446583) (0.540785,9.25326e-14)
 9.9000000e+04 fs:
 (0,0) (0,0) (0,0) (0,0) (0,0) (0,0)
 (0,0) (0,0) (0,0) (0,-0) (0,0) (0,0)
 (0,0) (0,0) (0,0) (0,-0) (0,0) (0,0)
 (-0,0) (-0,0) (0,0) (0,0) (0,0) (0,-0)
 (0,0) (0,0) (0,0) (0,0) (-0.457919,-9.72749e-14) (-0.222509,0.446585)
 (0,0) (0,0) (0,0) (0,0) (-0.222509,-0.446585) (0.540754,9.24759e-14)
