 0.0000000e+00 fs:
 (0,0) (0,0) (0,0) (0,0) (0,0) (0,0)
 (0,0) (0,0) (0,0) (0,0) (0,0) (0,0)
 (0,0) (0,0) (0,0) (0,0) (0,0) (0,0)
 (0,0) (0,0) (0,0) (0,0) (0,0) (0,0)
 (0,0) (0,0) (0,0) (0,0) (0,-0.381809) (0.510968,0.307132)
 (0,0) (0,0) (0,0) (0,0) (0.510968,-0.307132) (0,0.37866)
 1.0000000e+03 fs:
 (0,0) (-0,0) (-0,0) (-0,0) (0,0) (0,-0)
 (0,0) (0,0) (0,0) (0,0) (0,0) (0,0)
 (0,-0) (0,0) (0,0) (0,0) (0,0) (0,0)
 (0,-0) (0,0) (0,0) (0,0) (0,0) (0,0)
 (0,0) (0,0) (0,0) (0,0) (-0.686614,-7.05027e-13) (0.246618,-0.410293)
 (0,0) (0,0) (0,0) (0,0) (0.246618,0.410293) (0.265029,6.99212e-13)
 2.0000000e+03 fs:
 (0,0) (0,0) (0,0) (0,0) (0,0) (0,0)
 (0,0) (0,0) (0,0) (0,0) (0,0) (0,0)
 (0,0) (0,0) (0,0) (0,0) (0,0) (0,0)
 (0,0) (0,0) (0,0) (0,0) (0,0) (0,0)
 (0,0) (0,0) (0,0) (0,0) (-0.691488,-6.9655e-13) (0.245903,-0.409104)
 (0,0) (0,0) (0,0) (0,0) (0.245903,0.409104) (0.257247,6.90805e-13)
 3.0000000e+03 fs:
 (0,0) (-0,0) (-0,0) (-0,0) (0,0) (0,0)
 (0,0) (0,0) (0,0) (0,0) (0,0) (0,0)
 (0,-0) (0,0) (0,0) (0,0) (0,0) (0,0)
 (0,-0) (0,0) (0,0) (0,0) (0,0) (0,0)
 (0,0) (0,0) (0,0) (0,0) (-0.691529,-6.94308e-13) (0.245897,-0.409093)
 (0,0) (0,0) (0,0) (0,0) (0.245897,0.409093) (0.257181,6.88582e-13)
 4.0000000e+03 fs:
 (0,0) (0,0) (0,0) (0,0) (0,0) (0,0)
 (0,0) (0,0) (0,0) (0,0) (0,0) (0,-0)
 (0,0) (0,0) (0,0) (0,0) (0,0) (0,-0)
 (0,0) (0,0) (0,0) (0,0) (0,0) (0,-0)
 (0,0) (0,0) (0,0) (0,0) (-0.690888,-6.91316e-13) (0.245993,-0.409253)
 (0,0) (0,0) (0,0) (0,0) (0.245993,0.409253) (0.258212,6.85614e-13)
 5.0000000e+03 fs:
 (0,0) (-0,0) (-0,0) (-0,0) (0,0) (0,0)
 (0,0) (0,0) (0,0) (0,0) (0,0) (0,0)
 (0,-0) (0,0) (0,0) (0,0) (0,0) (0,-0)
 (0,-0) (0,0) (0,0) (0,0) (0,0) (0,-0)
 (0,0) (0,0) (0,0) (0,0) (-0.690181,-6.88234e-13) (0.246098,-0.409428)
 (0,0) (0,0) (0,0) (0,0) (0.246098,0.409428) (0.259346,6.82558e-13)
 6.0000000e+03 fs:
 (0,0) (0,-0) (0,0) (0,0) (0,0) (0,-0)
 (-0,0) (0,0) (0,0) (0,0) (0,0) (0,0)
 (0,0) (0,0) (0,0) (0,0) (0,0) (0,0)
 (0,0) (0,0) (0,0) (0,0) (0,0) (0,0)
 (0,0) (0,0) (0,0) (0,0) (-0.689471,-6.85164e-13) (0.246203,-0.409602)
 (0,0) (0,0) (0,0) (0,0) (0.246203,0.409602) (0.260482,6.79513e-13)
 7.0000000e+03 fs:
 (0,0) (0,0) (0,0) (-0,0) (0,0) (0,0)
 (0,0) (0,0) (0,0) (0,0) (0,0) (0,0)
 (0,0) (0,0) (0,0) (0,0) (0,0) (0,0)
 (0,-0) (0,0) (0,0) (0,0) (0,0) (0,0)
 (0,0) (0,0) (0,0) (0,0) (-0.688766,-6.82117e-13) (0.246306,-0.409774)
 (0,0) (0,0) (0,0) (0,0) (0.246306,0.409774) (0.261608,6.76491e-13)
 8.0000000e+03 fs:
 (0,0) (0,-0) (0,0) (0,0) (0,-0) (0,0)
 (-0,0) (0,0) (0,0) (0,0) (0,0) (0,0)
 (-0,0) (0,0) (0,0) (0,0) (0,0) (0,0)
 (-0,0) (0,0) (0,0) (0,0) (0,0) (0,0)
 (0,0) (0,0) (0,0) (0,0) (-0.688065,-6.79096e-13) (0.246409,-0.409944)
 (0,0) (0,0) (0,0) (0,0) (0.246409,0.409944) (0.262725,6.73495e-13)
 9.0000000e+03 fs:
 (0,0) (0,0) (0,0) (0,0) (0,0) (0,0)
 (0,0) (0,0) (0,0) (0,0) (0,0) (0,0)
 (0,0) (0,0) (0,0) (0,0) (0,0) (0,0)
 (0,0) (0,0) (0,0) (0,0) (0,0) (0,0)
 (0,0) (0,0) (0,0) (0,0) (-0.687369,-6.761e-13) (0.246509,-0.410112)
 (0,0) (0,0) (0,0) (0,0) (0.246509,0.410112) (0.263831,6.70524e-13)
 1.0000000e+04 fs:
 (0,0) (0,-0) (0,0) (0,0) (0,-0) (0,0)
 (-0,0) (0,0) (0,0) (0,0) (0,0) (0,-0)
 (-0,0) (0,0) (0,0) (0,0) (0,0) (0,0)
 (-0,0) (0,0) (0,0) (0,0) (0,0) (0,0)
 (0,0) (0,0) (0,0) (0,0) (-0.686678,-6.73129e-13) (0.246609,-0.410277)
 (0,0) (0,0) (0,0) (0,0) (0.246609,0.410277) (0.264927,6.67577e-13)
 1.1000000e+04 fs:
 (0,0) (0,0) (0,0) (0,0) (0,0) (0,-0)
 (0,0) (0,0) (0,0) (0,0) (0,0) (0,-0)
 (0,0) (0,0) (0,0) (0,0) (0,0) (0,-0)
 (0,0) (0,0) (0,0) (0,0) (0,0) (0,-0)
 (0,0) (0,0) (0,0) (0,0) (-0.685992,-6.70183e-13) (0.246707,-0.410441)
 (0,0) (0,0) (0,0) (0,0) (0.246707,0.410441) (0.266013,6.64655e-13)
 1.2000000e+04 fs:
 (0,0) (-0,0) (0,0) (0,0) (0,-0) (0,0)
 (0,0) (0,0) (0,0) (0,0) (0,0) (0,0)
 (-0,0) (0,0) (0,0) (0,0) (0,0) (0,-0)
 (-0,0) (0,0) (0,0) (0,0) (0,0) (0,-0)
 (0,0) (0,0) (0,0) (0,0) (-0.685311,-6.67261e-13) (0.246804,-0.410602)
 (0,0) (0,0) (0,0) (0,0) (0.246804,0.410602) (0.267089,6.61758e-13)
 1.3000000e+04 fs:
 (0,0) (0,0) (0,0) (0,0) (0,0) (0,0)
 (0,0) (0,0) (0,0) (0,0) (0,0) (0,0)
 (0,0) (0,0) (0,0) (0,0) (0,0) (0,0)
 (0,0) (0,0) (0,0) (0,0) (0,0) (0,0)
 (0,0) (0,0) (0,0) (0,0) (-0.684634,-6.64363e-13) (0.2469,-0.410761)
 (0,0) (0,0) (0,0) (0,0) (0.2469,0.410761) (0.268156,6.58884e-13)
 1.4000000e+04 fs:
 (0,0) (-0,0) (-0,0) (0,0) (0,-0) (0,0)
 (0,0) (0,0) (0,0) (0,0) (0,0) (0,0)
 (0,-0) (0,0) (0,0) (0,0) (0,0) (0,0)
 (-0,0) (0,0) (0,0) (0,0) (0,0) (0,0)
 (0,0) (0,0) (0,0) (0,0) (-0.683962,-6.61489e-13) (0.246994,-0.410918)
 (0,0) (0,0) (0,0) (0,0) (0.246994,0.410918) (0.269213,6.56034e-13)
 1.5000000e+04 fs:
 (0,0) (0,0) (0,0) (0,0) (0,0) (0,0)
 (0,0) (0,0) (0,0) (0,0) (0,0) (0,0)
 (0,0) (0,0) (0,0) (0,0) (0,0) (0,0)
 (0,0) (0,0) (0,0) (0,0) (0,0) (0,0)
 (0,0) (0,0) (0,0) (0,0) (-0.683295,-6.58639e-13) (0.247088,-0.411074)
 (0,0) (0,0) (0,0) (0,0) (0.247088,0.411074) (0.27026,6.53207e-13)
 1.6000000e+04 fs:
 (0,0) (0,0) (-0,0) (-0,0) (0,0) (0,-0)
 (0,0) (0,0) (0,0) (0,0) (0,0) (0,0)
 (0,-0) (0,0) (0,0) (0,0) (0,0) (0,0)
 (0,-0) (0,0) (0,0) (0,0) (0,0) (0,0)
 (0,0) (0,0) (0,0) (0,0) (-0.682632,-6.55812e-13) (0.24718,-0.411227)
 (0,0) (0,0) (0,0) (0,0) (0.24718,0.411227) (0.271298,6.50403e-13)
 1.7000000e+04 fs:
 (0,0) (0,-0) (0,0) (0,0) (0,0) (0,0)
 (-0,0) (0,0) (0,0) (0,0) (0,0) (0,-0)
 (0,0) (0,0) (0,0) (0,0) (0,0) (0,0)
 (0,0) (0,0) (0,0) (0,0) (0,0) (0,0)
 (0,0) (0,0) (0,0) (0,0) (-0.681974,-6.53008e-13) (0.24727,-0.411378)
 (0,0) (0,0) (0,0) (0,0) (0.24727,0.411378) (0.272327,6.47622e-13)
 1.8000000e+04 fs:
 (0,0) (0,0) (-0,0) (-0,0) (0,0) (0,0)
 (0,0) (0,0) (0,0) (0,0) (0,0) (0,0)
 (0,-0) (0,0) (0,0) (0,0) (0,0) (0,-0)
 (0,-0) (0,0) (0,0) (0,0) (0,0) (0,-0)
 (0,0) (0,0) (0,0) (0,0) (-0.681321,-6.50227e-13) (0.24736,-0.411527)
 (0,0) (0,0) (0,0) (0,0) (0.24736,0.411527) (0.273346,6.44864e-13)
 1.9000000e+04 fs:
 (0,0) (0,-0) (0,0) (0,0) (0,0) (0,0)
 (-0,0) (0,0) (0,0) (-0,0) (0,0) (0,0)
 (0,0) (0,0) (0,0) (0,0) (0,0) (0,-0)
 (0,0) (0,0) (0,0) (0,0) (0,0) (0,-0)
 (0,0) (0,0) (0,0) (0,0) (-0.680672,-6.47468e-13) (0.247449,-0.411675)
 (0,0) (0,0) (0,0) (0,0) (0.247449,0.411675) (0.274357,6.42128e-13)
 2.0000000e+04 fs:
 (0,0) (0,0) (0,0) (-0,0) (0,0) (0,0)
 (0,0) (0,0) (0,0) (-0,0) (0,0) (0,0)
 (0,0) (0,0) (0,0) (0,0) (0,0) (0,0)
 (0,-0) (0,0) (0,0) (0,0) (0,0) (0,0)
 (0,0) (0,0) (0,0) (0,0) (-0.680027,-6.44731e-13) (0.247536,-0.41182)
 (0,0) (0,0) (0,0) (0,0) (0.247536,0.41182) (0.275358,6.39414e-13)
 2.1000000e+04 fs:
 (0,0) (-0,0) (0,0) (0,0) (0,0) (0,-0)
 (0,0) (0,0) (0,0) (-0,0) (0,0) (0,0)
 (-0,0) (0,0) (0,0) (0,0) (0,0) (0,0)
 (0,0) (0,0) (0,0) (0,0) (0,0) (0,0)
 (0,0) (0,0) (0,0) (0,0) (-0.679387,-6.42017e-13) (0.247623,-0.411964)
 (0,0) (0,0) (0,0) (0,0) (0.247623,0.411964) (0.276351,6.36722e-13)
 2.2000000e+04 fs:
 (0,0) (0,0) (0,0) (0,0) (0,0) (0,0)
 (0,0) (0,0) (0,0) (-0,0) (0,0) (0,0)
 (0,0) (0,0) (0,0) (0,0) (0,0) (0,0)
 (0,0) (0,0) (0,0) (0,0) (0,0) (0,0)
 (0,0) (0,0) (0,0) (0,0) (-0.678751,-6.39324e-13) (0.247708,-0.412106)
 (0,0) (0,0) (0,0) (0,0) (0.247708,0.412106) (0.277336,6.34051e-13)
 2.3000000e+04 fs:
 (0,0) (-0,0) (0,0) (0,0) (0,0) (0,0)
 (0,0) (0,0) (0,0) (-0,0) (0,0) (0,-0)
 (-0,0) (0,0) (0,0) (0,0) (0,0) (0,0)
 (-0,0) (0,0) (0,0) (0,0) (0,0) (0,0)
 (0,0) (0,0) (0,0) (0,0) (-0.67812,-6.36653e-13) (0.247792,-0.412246)
 (0,0) (0,0) (0,0) (0,0) (0.247792,0.412246) (0.278311,6.31402e-13)
 2.4000000e+04 fs:
 (0,0) (0,0) (0,0) (0,0) (0,0) (0,0)
 (0,0) (0,0) (0,0) (-0,0) (0,0) (0,-0)
 (0,0) (0,0) (0,0) (0,0) (0,0) (0,0)
 (0,0) (0,0) (0,0) (0,0) (0,0) (0,0)
 (0,0) (0,0) (0,0) (0,0) (-0.677493,-6.34003e-13) (0.247876,-0.412385)
 (0,0) (0,0) (0,0) (0,0) (0.247876,0.412385) (0.279278,6.28774e-13)
 2.5000000e+04 fs:
 (0,0) (-0,0) (0,0) (0,0) (0,-0) (0,0)
 (0,0) (0,0) (-0,0) (-0,0) (0,0) (0,0)
 (-0,0) (0,0) (0,0) (0,0) (0,0) (0,-0)
 (-0,0) (0,0) (0,0) (0,0) (0,0) (0,0)
 (0,0) (0,0) (0,0) (0,0) (-0.67687,-6.31374e-13) (0.247958,-0.412522)
 (0,0) (0,0) (0,0) (0,0) (0.247958,0.412522) (0.280237,6.26166e-13)
 2.6000000e+04 fs:
 (0,0) (0,-0) (0,0) (0,0) (0,0) (0,-0)
 (-0,0) (0,0) (-0,0) (-0,0) (0,0) (0,0)
 (0,0) (0,0) (0,0) (0,0) (0,0) (0,-0)
 (0,0) (0,0) (0,0) (0,0) (0,0) (0,-0)
 (0,0) (0,0) (0,0) (0,0) (-0.676251,-6.28765e-13) (0.248039,-0.412657)
 (0,0) (0,0) (0,0) (0,0) (0.248039,0.412657) (0.281188,6.23579e-13)
 2.7000000e+04 fs:
 (0,0) (0,0) (-0,0) (0,0) (0,-0) (0,0)
 (0,0) (0,0) (-0,0) (-0,0) (0,0) (0,0)
 (0,-0) (0,0) (0,0) (0,0) (0,0) (0,0)
 (-0,0) (0,0) (0,0) (0,0) (0,0) (0,0)
 (0,0) (0,0) (0,0) (0,0) (-0.675637,-6.26177e-13) (0.248119,-0.41279)
 (0,0) (0,0) (0,0) (0,0) (0.248119,0.41279) (0.28213,6.21013e-13)
 2.8000000e+04 fs:
 (0,0) (0,-0) (0,0) (0,0) (0,0) (0,0)
 (-0,0) (0,0) (-0,0) (-0,0) (0,0) (0,0)
 (0,0) (0,0) (0,0) (0,0) (0,0) (0,0)
 (0,0) (0,0) (0,0) (0,0) (0,0) (0,0)
 (0,0) (0,0) (0,0) (0,0) (-0.675026,-6.2361e-13) (0.248199,-0.412922)
 (0,0) (0,0) (0,0) (0,0) (0.248199,0.412922) (0.283064,6.18467e-13)
 2.9000000e+04 fs:
 (0,0) (0,0) (-0,0) (-0,0) (0,-0) (0,-0)
 (0,0) (0,0) (-0,0) (-0,0) (0,0) (0,0)
 (0,-0) (0,0) (0,0) (0,0) (0,0) (0,0)
 (0,-0) (0,0) (0,0) (0,0) (0,0) (0,0)
 (0,0) (0,0) (0,0) (0,0) (-0.67442,-6.21063e-13) (0.248277,-0.413052)
 (0,0) (0,0) (0,0) (0,0) (0.248277,0.413052) (0.283991,6.1594e-13)
 3.0000000e+04 fs:
 (0,0) (0,-0) (0,0) (0,0) (0,0) (0,0)
 (-0,0) (0,0) (-0,0) (-0,0) (0,0) (0,-0)
 (0,0) (0,0) (0,0) (0,0) (0,0) (0,0)
 (0,0) (0,0) (0,0) (0,0) (0,0) (0,0)
 (0,0) (0,0) (0,0) (0,0) (-0.673818,-6.18535e-13) (0.248354,-0.413181)
 (0,0) (0,0) (0,0) (0,0) (0.248354,0.413181) (0.284909,6.13433e-13)
 3.1000000e+04 fs:
 (0,0) (0,0) (-0,0) (-0,0) (0,0) (0,-0)
 (0,0) (0,0) (-0,0) (-0,0) (0,-0) (0,0)
 (0,-0) (0,0) (0,0) (0,0) (0,0) (0,0)
 (0,-0) (0,0) (0,0) (0,0) (0,0) (0,0)
 (0,0) (0,0) (0,0) (0,0) (-0.673219,-6.16027e-13) (0.248431,-0.413308)
 (0,0) (0,0) (0,0) (0,0) (0.248431,0.413308) (0.28582,6.10946e-13)
 3.2000000e+04 fs:
 (0,0) (-0,0) (0,0) (0,0) (0,0) (0,0)
 (0,0) (0,0) (-0,0) (-0,0) (0,-0) (0,0)
 (0,0) (0,0) (0,0) (0,0) (0,0) (0,-0)
 (0,0) (0,0) (0,0) (0,0) (0,0) (0,0)
 (0,0) (0,0) (0,0) (0,0) (-0.672625,-6.13538e-13) (0.248506,-0.413434)
 (0,0) (0,0) (0,0) (0,0) (0.248506,0.413434) (0.286723,6.08478e-13)
 3.3000000e+04 fs:
 (0,0) (0,0) (0,0) (-0,0) (0,0) (0,0)
 (0,0) (0,0) (-0,0) (-0,0) (0,-0) (0,0)
 (0,0) (0,0) (0,0) (0,0) (0,0) (0,-0)
 (0,-0) (0,0) (0,0) (0,0) (0,0) (0,-0)
 (0,0) (0,0) (0,0) (0,0) (-0.672035,-6.11069e-13) (0.248581,-0.413558)
 (0,0) (0,0) (0,0) (0,0) (0.248581,0.413558) (0.287619,6.06029e-13)
 3.4000000e+04 fs:
 (0,0) (-0,0) (0,0) (0,0) (0,0) (0,-0)
 (0,0) (0,0) (-0,0) (-0,0) (0,-0) (0,0)
 (-0,0) (0,0) (0,0) (0,0) (0,0) (0,0)
 (0,0) (0,0) (0,0) (0,0) (0,0) (0,-0)
 (0,0) (0,0) (0,0) (0,0) (-0.671449,-6.08619e-13) (0.248654,-0.41368)
 (0,0) (0,0) (0,0) (0,0) (0.248654,0.41368) (0.288507,6.03599e-13)
 3.5000000e+04 fs:
 (0,0) (0,0) (0,0) (-0,0) (0,0) (0,0)
 (0,0) (0,0) (-0,0) (-0,0) (0,-0) (0,0)
 (0,0) (0,0) (0,0) (0,0) (0,0) (0,0)
 (0,-0) (0,0) (0,0) (0,0) (0,0) (0,0)
 (0,0) (0,0) (0,0) (0,0) (-0.670866,-6.06187e-13) (0.248727,-0.413801)
 (0,0) (0,0) (0,0) (0,0) (0.248727,0.413801) (0.289387,6.01187e-13)
 3.6000000e+04 fs:
 (0,0) (0,0) (0,0) (0,0) (0,0) (0,-0)
 (0,0) (0,0) (-0,0) (-0,0) (0,-0) (0,-0)
 (-0,0) (0,0) (0,0) (0,0) (0,0) (0,0)
 (-0,0) (0,0) (0,0) (0,0) (0,0) (0,0)
 (0,0) (0,0) (0,0) (0,0) (-0.670287,-6.03774e-13) (0.248799,-0.413921)
 (0,0) (0,0) (0,0) (0,0) (0.248799,0.413921) (0.290261,5.98794e-13)
 3.7000000e+04 fs:
 (0,0) (0,-0) (0,0) (0,0) (0,0) (0,0)
 (-0,0) (0,0) (-0,0) (0,-0) (0,-0) (0,-0)
 (0,0) (0,0) (0,0) (0,0) (0,0) (0,0)
 (0,0) (-0,0) (0,0) (0,0) (0,0) (0,0)
 (0,0) (0,0) (0,0) (0,0) (-0.669713,-6.01379e-13) (0.24887,-0.414039)
 (0,0) (0,0) (0,0) (0,0) (0.24887,0.414039) (0.291127,5.96419e-13)
 3.8000000e+04 fs:
 (0,0) (0,0) (0,0) (0,0) (0,0) (0,0)
 (0,0) (0,0) (-0,0) (0,-0) (0,-0) (0,0)
 (-0,0) (0,0) (0,0) (0,0) (0,0) (0,0)
 (-0,0) (-0,0) (0,0) (0,0) (0,0) (0,0)
 (0,0) (0,0) (0,0) (0,0) (-0.669142,-5.99002e-13) (0.248941,-0.414156)
 (0,0) (0,0) (0,0) (0,0) (0.248941,0.414156) (0.291986,5.94062e-13)
 3.9000000e+04 fs:
 (0,0) (0,-0) (0,0) (0,0) (0,0) (0,-0)
 (-0,0) (0,0) (-0,0) (0,-0) (0,-0) (0,0)
 (0,0) (0,0) (0,0) (0,0) (0,0) (0,-0)
 (0,0) (-0,0) (0,0) (0,0) (0,0) (0,0)
 (0,0) (0,0) (0,0) (0,0) (-0.668574,-5.96644e-13) (0.24901,-0.414272)
 (0,0) (0,0) (0,0) (0,0) (0.24901,0.414272) (0.292838,5.91723e-13)
 4.0000000e+04 fs:
 (0,0) (0,0) (-0,0) (0,0) (0,-0) (0,0)
 (0,0) (0,0) (-0,0) (0,-0) (0,-0) (0,0)
 (0,-0) (0,0) (0,0) (0,0) (0,0) (0,-0)
 (-0,0) (-0,0) (0,0) (0,0) (0,0) (0,-0)
 (0,0) (0,0) (0,0) (0,0) (-0.668011,-5.94303e-13) (0.249079,-0.414386)
 (0,0) (0,0) (0,0) (0,0) (0.249079,0.414386) (0.293683,5.89401e-13)
 4.1000000e+04 fs:
 (0,0) (-0,0) (0,0) (0,0) (0,0) (0,0)
 (0,0) (0,0) (-0,0) (0,-0) (0,-0) (0,0)
 (0,0) (0,0) (0,0) (0,0) (0,0) (0,0)
 (0,0) (-0,0) (0,0) (0,0) (0,0) (0,-0)
 (0,0) (0,0) (0,0) (0,0) (-0.667451,-5.9198e-13) (0.249147,-0.414499)
 (0,0) (0,0) (0,0) (0,0) (0.249147,0.414499) (0.294521,5.87097e-13)
 4.2000000e+04 fs:
 (0,0) (0,0) (-0,0) (0,0) (0,-0) (0,0)
 (0,0) (0,0) (-0,0) (0,-0) (0,-0) (0,0)
 (0,-0) (0,0) (0,0) (0,0) (0,0) (0,0)
 (-0,0) (-0,0) (0,0) (0,0) (0,0) (0,0)
 (0,0) (0,0) (0,0) (0,0) (-0.666894,-5.89674e-13) (0.249214,-0.414611)
 (0,0) (0,0) (0,0) (0,0) (0.249214,0.414611) (0.295352,5.8481e-13)
 4.3000000e+04 fs:
 (0,0) (-0,0) (0,0) (0,0) (0,0) (0,0)
 (0,0) (0,0) (-0,0) (0,-0) (0,-0) (0,-0)
 (0,0) (0,0) (0,0) (0,0) (0,0) (0,0)
 (0,0) (-0,0) (0,0) (0,0) (0,0) (0,0)
 (0,0) (0,0) (0,0) (0,0) (-0.666342,-5.87385e-13) (0.24928,-0.414721)
 (0,0) (0,0) (0,0) (0,0) (0.24928,0.414721) (0.296177,5.82541e-13)
 4.4000000e+04 fs:
 (0,0) (0,0) (-0,0) (-0,0) (0,-0) (0,-0)
 (0,0) (0,0) (-0,0) (0,-0) (0,-0) (0,-0)
 (0,-0) (0,0) (0,0) (0,0) (0,0) (0,0)
 (0,-0) (-0,0) (0,0) (0,0) (0,0) (0,0)
 (0,0) (0,0) (0,0) (0,0) (-0.665793,-5.85113e-13) (0.249345,-0.41483)
 (0,0) (0,0) (0,0) (0,0) (0.249345,0.41483) (0.296995,5.80288e-13)
 4.5000000e+04 fs:
 (0,0) (-0,0) (0,0) (0,0) (0,0) (0,0)
 (0,0) (0,0) (-0,0) (0,-0) (0,-0) (0,0)
 (-0,0) (0,0) (0,0) (0,0) (0,0) (0,0)
 (0,0) (-0,0) (0,0) (0,0) (0,0) (0,0)
 (0,0) (0,0) (0,0) (0,0) (-0.665247,-5.82858e-13) (0.24941,-0.414938)
 (0,0) (0,0) (0,0) (0,0) (0.24941,0.414938) (0.297806,5.78051e-13)
 4.6000000e+04 fs:
 (0,0) (0,-0) (0,0) (-0,0) (0,-0) (0,0)
 (-0,0) (0,0) (-0,0) (0,-0) (0,0) (0,0)
 (0,0) (0,0) (0,0) (0,0) (0,0) (0,-0)
 (0,-0) (-0,0) (0,0) (0,0) (0,0) (0,0)
 (0,0) (0,0) (0,0) (0,0) (-0.664705,-5.8062e-13) (0.249474,-0.415044)
 (0,0) (0,0) (0,0) (0,0) (0.249474,0.415044) (0.298611,5.75832e-13)
 4.7000000e+04 fs:
 (0,0) (0,0) (0,0) (0,0) (0,0) (0,0)
 (0,0) (0,0) (-0,0) (0,-0) (0,0) (0,0)
 (-0,0) (0,0) (0,0) (0,0) (0,0) (0,-0)
 (0,0) (-0,0) (0,0) (0,0) (0,0) (0,-0)
 (0,0) (0,0) (0,0) (0,0) (-0.664167,-5.78398e-13) (0.249538,-0.41515)
 (0,0) (0,0) (0,0) (0,0) (0.249538,0.41515) (0.29941,5.73628e-13)
 4.8000000e+04 fs:
 (0,0) (0,-0) (0,0) (-0,0) (0,0) (0,0)
 (-0,0) (0,0) (-0,0) (0,-0) (0,0) (0,0)
 (0,0) (0,0) (0,0) (0,0) (0,0) (0,0)
 (0,-0) (-0,0) (0,0) (0,0) (0,0) (0,-0)
 (0,0) (0,0) (0,0) (0,0) (-0.663632,-5.76193e-13) (0.2496,-0.415254)
 (0,0) (0,0) (0,0) (0,0) (0.2496,0.415254) (0.300202,5.71441e-13)
 4.9000000e+04 fs:
 (0,0) (0,0) (0,0) (0,0) (0,0) (0,-0)
 (0,0) (0,0) (0,-0) (0,-0) (0,0) (0,-0)
 (-0,0) (-0,0) (0,0) (0,0) (0,0) (0,0)
 (0,0) (-0,0) (0,0) (0,0) (0,0) (0,0)
 (0,0) (0,0) (0,0) (0,0) (-0.6631,-5.74004e-13) (0.249662,-0.415357)
 (0,0) (0,0) (0,0) (0,0) (0.249662,0.415357) (0.300988,5.6927e-13)
 5.0000000e+04 fs:
 (0,0) (0,-0) (0,0) (0,0) (0,0) (0,0)
 (-0,0) (0,0) (0,-0) (0,-0) (0,0) (0,-0)
 (0,0) (-0,0) (0,0) (0,0) (0,0) (0,0)
 (0,0) (-0,0) (0,0) (0,0) (0,0) (0,0)
 (0,0) (0,0) (0,0) (0,0) (-0.662572,-5.7183e-13) (0.249723,-0.415459)
 (0,0) (0,0) (0,0) (0,0) (0.249723,0.415459) (0.301768,5.67114e-13)
 5.1000000e+04 fs:
 (0,0) (0,0) (0,0) (0,0) (0,0) (0,0)
 (0,0) (0,0) (0,-0) (0,-0) (0,0) (0,0)
 (-0,0) (-0,0) (0,0) (0,0) (0,0) (0,0)
 (-0,0) (-0,0) (0,0) (0,0) (0,0) (0,0)
 (0,0) (0,0) (0,0) (0,0) (-0.662047,-5.69673e-13) (0.249784,-0.415559)
 (0,0) (0,0) (0,0) (0,0) (0.249784,0.415559) (0.302541,5.64974e-13)
 5.2000000e+04 fs:
 (0,0) (-0,0) (0,0) (0,0) (0,0) (0,0)
 (0,0) (0,0) (0,-0) (0,-0) (0,0) (0,0)
 (0,0) (-0,0) (0,0) (0,0) (0,0) (0,0)
 (0,0) (-0,0) (0,0) (0,0) (0,0) (0,0)
 (0,0) (0,0) (0,0) (0,0) (-0.661525,-5.67531e-13) (0.249844,-0.415659)
 (0,0) (0,0) (0,0) (0,0) (0.249844,0.415659) (0.303309,5.6285e-13)
 5.3000000e+04 fs:
 (0,0) (0,0) (-0,0) (0,0) (0,0) (0,0)
 (0,0) (0,0) (0,-0) (0,-0) (0,0) (0,0)
 (0,-0) (-0,0) (0,0) (0,0) (0,0) (0,-0)
 (-0,0) (-0,0) (0,0) (0,0) (0,0) (0,0)
 (0,0) (0,0) (0,0) (0,0) (-0.661007,-5.65404e-13) (0.249903,-0.415757)
 (0,0) (0,0) (0,0) (0,0) (0.249903,0.415757) (0.30407,5.60741e-13)
 5.4000000e+04 fs:
 (0,0) (-0,0) (0,0) (0,0) (0,0) (0,-0)
 (0,0) (0,0) (0,-0) (0,-0) (0,0) (0,0)
 (0,0) (-0,0) (0,0) (0,0) (0,0) (0,-0)
 (0,0) (-0,0) (0,0) (0,0) (0,0) (0,-0)
 (0,0) (0,0) (0,0) (0,0) (-0.660492,-5.63293e-13) (0.249961,-0.415855)
 (0,0) (0,0) (0,0) (0,0) (0.249961,0.415855) (0.304826,5.58647e-13)
 5.5000000e+04 fs:
 (0,0) (0,0) (-0,0) (0,0) (0,-0) (0,0)
 (0,0) (0,0) (0,-0) (0,-0) (0,0) (0,0)
 (0,-0) (-0,0) (0,0) (0,0) (0,0) (0,0)
 (-0,0) (-0,0) (0,0) (0,0) (0,0) (0,-0)
 (0,0) (0,0) (0,0) (0,0) (-0.65998,-5.61197e-13) (0.250019,-0.415951)
 (0,0) (0,0) (0,0) (0,0) (0.250019,0.415951) (0.305576,5.56568e-13)
 5.6000000e+04 fs:
 (0,0) (0,0) (0,0) (0,0) (0,0) (0,0)
 (0,0) (0,0) (0,-0) (0,0) (0,0) (0,-0)
 (0,0) (-0,0) (0,0) (0,0) (0,0) (0,0)
 (0,0) (0,0) (0,0) (0,0) (0,0) (0,0)
 (0,0) (0,0) (0,0) (0,0) (-0.659472,-5.59116e-13) (0.250076,-0.416046)
 (0,0) (0,0) (0,0) (0,0) (0.250076,0.416046) (0.30632,5.54505e-13)
 5.7000000e+04 fs:
 (0,0) (0,-0) (-0,0) (-0,0) (0,-0) (0,0)
 (-0,0) (0,0) (0,-0) (0,0) (0,0) (0,-0)
 (0,-0) (-0,0) (0,0) (0,0) (0,0) (0,0)
 (0,-0) (0,0) (0,0) (0,0) (0,0) (0,0)
 (0,0) (0,0) (0,0) (0,0) (-0.658966,-5.5705e-13) (0.250133,-0.41614)
 (0,0) (0,0) (0,0) (0,0) (0.250133,0.41614) (0.307058,5.52455e-13)
 5.8000000e+04 fs:
 (0,0) (0,0) (0,0) (0,0) (0,0) (0,0)
 (0,0) (0,0) (0,-0) (0,0) (0,0) (0,0)
 (-0,0) (-0,0) (0,0) (0,0) (0,0) (0,0)
 (0,0) (0,0) (0,0) (0,0) (0,0) (0,0)
 (0,0) (0,0) (0,0) (0,0) (-0.658464,-5.54998e-13) (0.250189,-0.416234)
 (0,0) (0,0) (0,0) (0,0) (0.250189,0.416234) (0.307791,5.50421e-13)
 5.9000000e+04 fs:
 (0,0) (0,-0) (0,0) (-0,0) (0,-0) (0,-0)
 (-0,0) (0,0) (0,-0) (0,0) (0,0) (0,0)
 (0,0) (-0,0) (0,0) (0,0) (0,0) (0,0)
 (0,-0) (0,0) (0,0) (0,0) (0,0) (0,0)
 (0,0) (0,0) (0,0) (0,0) (-0.657965,-5.52961e-13) (0.250244,-0.416326)
 (0,0) (0,0) (0,0) (0,0) (0.250244,0.416326) (0.308518,5.484e-13)
 6.0000000e+04 fs:
 (0,0) (0,0) (0,0) (0,0) (0,0) (0,0)
 (0,0) (0,0) (0,-0) (0,0) (0,0) (0,0)
 (-0,0) (-0,0) (0,0) (0,0) (0,0) (0,-0)
 (0,0) (0,0) (0,0) (0,0) (0,0) (0,0)
 (0,0) (0,0) (0,0) (0,0) (-0.657469,-5.50938e-13) (0.250299,-0.416417)
 (0,0) (0,0) (0,0) (0,0) (0.250299,0.416417) (0.309239,5.46394e-13)
 6.1000000e+04 fs:
 (0,0) (0,-0) (0,0) (-0,0) (0,-0) (0,0)
 (-0,0) (0,0) (0,-0) (0,0) (0,0) (0,0)
 (0,0) (-0,0) (0,0) (0,0) (0,0) (0,-0)
 (0,-0) (0,0) (0,0) (0,0) (0,0) (0,-0)
 (0,0) (0,0) (0,0) (0,0) (-0.656976,-5.4893e-13) (0.250353,-0.416507)
 (0,0) (0,0) (0,0) (0,0) (0.250353,0.416507) (0.309955,5.44403e-13)
 6.2000000e+04 fs:
 (0,0) (0,0) (0,0) (0,0) (0,0) (0,0)
 (0,0) (0,0) (0,-0) (0,0) (0,0) (0,-0)
 (-0,0) (-0,0) (0,0) (0,0) (0,0) (0,0)
 (0,0) (0,0) (0,0) (0,0) (0,0) (0,-0)
 (0,0) (0,0) (0,0) (0,0) (-0.656487,-5.46936e-13) (0.250407,-0.416596)
 (0,0) (0,0) (0,0) (0,0) (0.250407,0.416596) (0.310666,5.42425e-13)
 6.3000000e+04 fs:
 (0,0) (-0,0) (0,0) (-0,0) (0,0) (0,0)
 (0,0) (0,0) (0,-0) (0,0) (0,0) (0,-0)
 (0,0) (-0,0) (0,0) (0,0) (0,0) (0,0)
 (0,-0) (0,0) (0,0) (0,0) (0,0) (0,0)
 (0,0) (0,0) (0,0) (0,0) (-0.656,-5.44955e-13) (0.25046,-0.416684)
 (0,0) (0,0) (0,0) (0,0) (0.25046,0.416684) (0.311371,5.40461e-13)
 6.4000000e+04 fs:
 (0,0) (0,0) (0,0) (0,0) (0,0) (0,-0)
 (0,0) (0,0) (0,-0) (0,0) (0,0) (0,0)
 (-0,0) (-0,0) (0,0) (0,0) (0,0) (0,0)
 (-0,0) (0,0) (0,0) (0,0) (0,0) (0,0)
 (0,0) (0,0) (0,0) (0,0) (-0.655516,-5.42988e-13) (0.250513,-0.416772)
 (0,0) (0,0) (0,0) (0,0) (0.250513,0.416772) (0.312071,5.3851e-13)
 6.5000000e+04 fs:
 (0,0) (-0,0) (0,0) (0,0) (0,0) (0,0)
 (0,0) (0,0) (0,-0) (0,0) (0,0) (0,0)
 (0,0) (-0,0) (0,0) (0,0) (0,0) (0,0)
 (0,0) (0,0) (0,0) (0,0) (0,0) (0,0)
 (0,0) (0,0) (0,0) (0,0) (-0.655035,-5.41036e-13) (0.250564,-0.416858)
 (0,0) (0,0) (0,0) (0,0) (0.250564,0.416858) (0.312766,5.36573e-13)
 6.6000000e+04 fs:
 (0,0) (0,0) (-0,0) (0,0) (0,0) (0,0)
 (0,0) (0,0) (0,-0) (0,0) (0,0) (0,0)
 (0,-0) (-0,0) (0,0) (0,0) (0,0) (0,0)
 (-0,0) (0,0) (0,0) (0,0) (0,0) (0,0)
 (0,0) (0,0) (0,0) (0,0) (-0.654557,-5.39096e-13) (0.250616,-0.416944)
 (0,0) (0,0) (0,0) (0,0) (0.250616,0.416944) (0.313455,5.3465e-13)
 6.7000000e+04 fs:
 (0,0) (0,0) (0,0) (0,0) (0,0) (0,0)
 (0,0) (0,0) (0,-0) (0,0) (0,0) (0,0)
 (0,0) (-0,0) (0,0) (0,0) (0,0) (0,-0)
 (0,0) (0,0) (0,0) (0,0) (0,0) (0,0)
 (0,0) (0,0) (0,0) (0,0) (-0.654083,-5.3717e-13) (0.250667,-0.417028)
 (0,0) (0,0) (0,0) (0,0) (0.250667,0.417028) (0.31414,5.3274e-13)
 6.8000000e+04 fs:
 (0,0) (0,-0) (-0,0) (0,0) (0,0) (0,0)
 (-0,0) (0,0) (0,-0) (0,0) (0,0) (0,0)
 (0,-0) (-0,0) (0,0) (0,0) (0,0) (0,-0)
 (-0,0) (0,0) (0,0) (0,0) (0,0) (0,0)
 (0,0) (0,0) (0,0) (0,0) (-0.653611,-5.35257e-13) (0.250717,-0.417112)
 (0,0) (0,0) (0,0) (0,0) (0.250717,0.417112) (0.314819,5.30843e-13)
 6.9000000e+04 fs:
 (0,0) (0,0) (0,0) (0,0) (0,0) (0,-0)
 (0,0) (0,0) (0,-0) (0,0) (0,0) (0,-0)
 (0,0) (-0,0) (0,0) (0,0) (0,0) (0,0)
 (0,0) (0,0) (0,0) (0,0) (0,0) (0,-0)
 (0,0) (0,0) (0,0) (0,0) (-0.653141,-5.33358e-13) (0.250767,-0.417194)
 (0,0) (0,0) (0,0) (0,0) (0.250767,0.417194) (0.315493,5.28959e-13)
 7.0000000e+04 fs:
 (0,0) (0,-0) (-0,0) (0,0) (0,-0) (0,0)
 (-0,0) (0,0) (0,-0) (0,0) (0,0) (0,-0)
 (0,-0) (-0,0) (0,0) (0,0) (0,0) (0,0)
 (-0,0) (0,0) (0,0) (0,0) (0,0) (0,0)
 (0,0) (0,0) (0,0) (0,0) (-0.652675,-5.31471e-13) (0.250816,-0.417276)
 (0,0) (0,0) (0,0) (0,0) (0.250816,0.417276) (0.316163,5.27088e-13)
 7.1000000e+04 fs:
 (0,0) (0,0) (0,0) (0,0) (0,0) (0,0)
 (0,0) (0,0) (0,-0) (0,0) (0,0) (0,0)
 (-0,0) (-0,0) (0,0) (0,0) (0,0) (0,0)
 (0,0) (0,0) (0,0) (0,0) (0,0) (0,0)
 (0,0) (0,0) (0,0) (0,0) (-0.652212,-5.29597e-13) (0.250865,-0.417357)
 (0,0) (0,0) (0,0) (0,0) (0.250865,0.417357) (0.316827,5.25229e-13)
 7.2000000e+04 fs:
 (0,0) (-0,0) (0,0) (-0,0) (0,-0) (0,0)
 (0,0) (0,0) (0,-0) (0,0) (0,0) (0,0)
 (0,0) (-0,0) (0,0) (0,0) (0,0) (0,0)
 (0,-0) (0,0) (0,0) (0,0) (0,0) (0,0)
 (0,0) (0,0) (0,0) (0,0) (-0.651751,-5.27736e-13) (0.250913,-0.417438)
 (0,0) (0,0) (0,0) (0,0) (0.250913,0.417438) (0.317487,5.23383e-13)
 7.3000000e+04 fs:
 (0,0) (0,0) (0,0) (0,0) (0,0) (0,0)
 (0,0) (0,0) (0,-0) (0,0) (0,0) (0,0)
 (-0,0) (-0,0) (0,0) (0,0) (0,0) (0,0)
 (0,0) (0,0) (0,0) (0,0) (0,0) (0,0)
 (0,0) (0,0) (0,0) (0,0) (-0.651293,-5.25887e-13) (0.25096,-0.417517)
 (0,0) (0,0) (0,0) (0,0) (0.25096,0.417517) (0.318142,5.2155e-13)
 7.4000000e+04 fs:
 (0,0) (-0,0) (0,0) (-0,0) (0,-0) (0,-0)
 (0,0) (0,0) (0,0) (0,0) (0,0) (0,0)
 (0,0) (0,0) (0,0) (0,0) (0,0) (0,-0)
 (0,-0) (0,0) (0,0) (0,0) (0,0) (0,0)
 (0,0) (0,0) (0,0) (0,0) (-0.650838,-5.24052e-13) (0.251008,-0.417595)
 (0,0) (0,0) (0,0) (0,0) (0.251008,0.417595) (0.318792,5.19729e-13)
 7.5000000e+04 fs:
 (0,0) (0,0) (0,0) (0,0) (0,0) (0,0)
 (0,0) (0,0) (0,0) (0,0) (0,0) (0,0)
 (-0,0) (0,0) (0,0) (-0,0) (0,0) (0,-0)
 (0,0) (0,0) (0,0) (0,0) (0,0) (0,0)
 (0,0) (0,0) (0,0) (0,0) (-0.650386,-5.22228e-13) (0.251054,-0.417673)
 (0,0) (0,0) (0,0) (0,0) (0.251054,0.417673) (0.319437,5.17921e-13)
 7.6000000e+04 fs:
 (0,0) (-0,0) (0,0) (-0,0) (0,-0) (0,0)
 (0,0) (0,0) (0,0) (0,0) (0,0) (0,-0)
 (0,0) (0,0) (0,0) (-0,0) (0,0) (0,0)
 (0,-0) (0,0) (0,0) (0,0) (0,0) (0,-0)
 (0,0) (0,0) (0,0) (0,0) (-0.649936,-5.20416e-13) (0.251101,-0.41775)
 (0,0) (0,0) (0,0) (0,0) (0.251101,0.41775) (0.320078,5.16124e-13)
 7.7000000e+04 fs:
 (0,0) (0,-0) (0,0) (0,0) (0,0) (0,-0)
 (-0,0) (0,0) (0,0) (0,0) (0,0) (0,0)
 (-0,0) (0,0) (0,0) (-0,0) (0,0) (0,0)
 (0,0) (0,0) (0,0) (0,0) (0,0) (0,0)
 (0,0) (0,0) (0,0) (0,0) (-0.649489,-5.18617e-13) (0.251146,-0.417826)
 (0,0) (0,0) (0,0) (0,0) (0.251146,0.417826) (0.320714,5.1434e-13)
 7.8000000e+04 fs:
 (0,0) (0,0) (0,0) (0,0) (0,0) (0,0)
 (0,0) (0,0) (0,0) (0,0) (0,0) (0,0)
 (0,0) (0,0) (0,0) (-0,0) (0,0) (0,0)
 (0,0) (0,0) (0,0) (0,0) (0,0) (0,0)
 (0,0) (0,0) (0,0) (0,0) (-0.649045,-5.1683e-13) (0.251192,-0.417902)
 (0,0) (0,0) (0,0) (0,0) (0.251192,0.417902) (0.321346,5.12567e-13)
 7.9000000e+04 fs:
 (0,0) (0,-0) (-0,0) (0,0) (0,0) (0,-0)
 (-0,0) (0,0) (0,0) (0,0) (0,0) (0,0)
 (0,-0) (0,0) (0,0) (-0,0) (0,0) (0,0)
 (-0,0) (0,0) (0,0) (0,0) (0,0) (0,0)
 (0,0) (0,0) (0,0) (0,0) (-0.648603,-5.15055e-13) (0.251237,-0.417976)
 (0,0) (0,0) (0,0) (0,0) (0.251237,0.417976) (0.321973,5.10807e-13)
 8.0000000e+04 fs:
 (0,0) (0,0) (0,0) (0,0) (0,0) (0,0)
 (0,0) (0,0) (0,0) (0,0) (0,0) (0,0)
 (0,0) (0,0) (0,0) (-0,0) (0,-0) (0,0)
 (0,0) (0,0) (0,0) (0,0) (0,0) (0,0)
 (0,0) (0,0) (0,0) (0,0) (-0.648164,-5.13291e-13) (0.251281,-0.41805)
 (0,0) (0,0) (0,0) (0,0) (0.251281,0.41805) (0.322595,5.09058e-13)
 8.1000000e+04 fs:
 (0,0) (0,-0) (-0,0) (0,0) (0,0) (0,0)
 (-0,0) (0,0) (0,0) (0,0) (0,0) (0,0)
 (0,-0) (0,0) (0,0) (-0,0) (0,-0) (0,-0)
 (-0,0) (0,0) (0,0) (0,0) (0,0) (0,0)
 (0,0) (0,0) (0,0) (0,0) (-0.647727,-5.11539e-13) (0.251325,-0.418123)
 (0,0) (0,0) (0,0) (0,0) (0.251325,0.418123) (0.323214,5.0732e-13)
 8.2000000e+04 fs:
 (0,0) (0,0) (0,0) (0,0) (0,0) (0,-0)
 (0,0) (0,0) (0,0) (0,0) (0,0) (0,-0)
 (0,0) (0,0) (0,0) (-0,0) (0,-0) (0,-0)
 (0,0) (0,0) (0,0) (0,0) (0,0) (0,0)
 (0,0) (0,0) (0,0) (0,0) (-0.647293,-5.09799e-13) (0.251368,-0.418195)
 (0,0) (0,0) (0,0) (0,0) (0.251368,0.418195) (0.323827,5.05594e-13)
 8.3000000e+04 fs:
 (0,0) (-0,0) (-0,0) (0,0) (0,0) (0,0)
 (0,0) (0,0) (0,0) (0,0) (0,0) (0,-0)
 (0,-0) (0,0) (0,0) (-0,0) (0,-0) (0,0)
 (-0,0) (0,0) (0,0) (0,0) (0,0) (0,-0)
 (0,0) (0,0) (0,0) (0,0) (-0.646862,-5.0807e-13) (0.251411,-0.418267)
 (0,0) (0,0) (0,0) (0,0) (0.251411,0.418267) (0.324437,5.03879e-13)
 8.4000000e+04 fs:
 (0,0) (0,0) (0,0) (0,0) (0,0) (0,-0)
 (0,0) (0,0) (0,0) (0,0) (0,0) (0,0)
 (-0,0) (0,0) (0,0) (-0,0) (0,-0) (0,0)
 (0,0) (0,0) (0,0) (0,0) (0,0) (0,-0)
 (0,0) (0,0) (0,0) (0,0) (-0.646433,-5.06352e-13) (0.251454,-0.418338)
 (0,0) (0,0) (0,0) (0,0) (0.251454,0.418338) (0.325042,5.02176e-13)
 8.5000000e+04 fs:
 (0,0) (-0,0) (0,0) (-0,0) (0,-0) (0,0)
 (0,0) (0,0) (0,0) (0,0) (0,0) (0,0)
 (0,0) (0,0) (0,0) (-0,0) (0,-0) (0,0)
 (0,-0) (0,0) (0,0) (0,0) (0,0) (0,0)
 (0,0) (0,0) (0,0) (0,0) (-0.646007,-5.04646e-13) (0.251496,-0.418408)
 (0,0) (0,0) (0,0) (0,0) (0.251496,0.418408) (0.325643,5.00484e-13)
 8.6000000e+04 fs:
 (0,0) (0,0) (0,0) (0,0) (0,0) (0,0)
 (0,0) (0,0) (0,0) (0,0) (0,0) (0,0)
 (-0,0) (0,0) (0,0) (-0,0) (0,-0) (0,0)
 (0,0) (0,0) (0,0) (0,0) (0,0) (0,0)
 (0,0) (0,0) (0,0) (0,0) (-0.645583,-5.0295e-13) (0.251538,-0.418478)
 (0,0) (0,0) (0,0) (0,0) (0.251538,0.418478) (0.32624,4.98802e-13)
 8.7000000e+04 fs:
 (0,0) (0,0) (0,0) (-0,0) (0,-0) (0,-0)
 (0,0) (0,0) (0,0) (0,0) (0,0) (0,0)
 (0,0) (0,0) (0,0) (-0,0) (0,-0) (0,0)
 (0,-0) (0,0) (0,0) (0,0) (0,0) (0,0)
 (0,0) (0,0) (0,0) (0,0) (-0.645162,-5.01266e-13) (0.251579,-0.418546)
 (0,0) (0,0) (0,0) (0,0) (0.251579,0.418546) (0.326833,4.97132e-13)
 8.8000000e+04 fs:
 (0,0) (0,-0) (0,0) (0,0) (0,0) (0,0)
 (-0,0) (0,0) (0,0) (0,0) (0,0) (0,0)
 (-0,0) (0,0) (0,0) (-0,0) (0,-0) (0,-0)
 (0,0) (0,0) (0,0) (0,0) (0,0) (0,0)
 (0,0) (0,0) (0,0) (0,0) (-0.644743,-4.99593e-13) (0.25162,-0.418615)
 (0,0) (0,0) (0,0) (0,0) (0.25162,0.418615) (0.327421,4.95472e-13)
 8.9000000e+04 fs:
 (0,0) (0,0) (0,0) (-0,0) (0,-0) (0,0)
 (0,0) (0,0) (0,0) (0,0) (0,0) (0,-0)
 (0,0) (0,0) (0,0) (-0,0) (0,-0) (0,-0)
 (0,-0) (0,0) (0,0) (0,0) (0,0) (0,0)
 (0,0) (0,0) (0,0) (0,0) (-0.644326,-4.9793e-13) (0.251661,-0.418682)
 (0,0) (0,0) (0,0) (0,0) (0.251661,0.418682) (0.328006,4.93823e-13)
 9.0000000e+04 fs:
 (0,0) (0,-0) (-0,0) (0,0) (0,0) (0,0)
 (-0,0) (0,0) (0,0) (0,0) (0,0) (0,0)
 (0,-0) (0,0) (0,0) (-0,0) (0,-0) (0,0)
 (0,0) (0,0) (0,0) (0,0) (0,0) (0,-0)
 (0,0) (0,0) (0,0) (0,0) (-0.643912,-4.96278e-13) (0.251701,-0.418749)
 (0,0) (0,0) (0,0) (0,0) (0.251701,0.418749) (0.328586,4.92185e-13)
 9.1000000e+04 fs:
 (0,0) (0,0) (0,0) (-0,0) (0,-0) (0,0)
 (0,0) (0,0) (0,0) (0,0) (0,-0) (0,0)
 (0,0) (0,0) (0,0) (-0,0) (0,-0) (0,0)
 (0,-0) (0,0) (0,0) (0,0) (0,0) (0,-0)
 (0,0) (0,0) (0,0) (0,0) (-0.643501,-4.94637e-13) (0.251741,-0.418815)
 (0,0) (0,0) (0,0) (0,0) (0.251741,0.418815) (0.329163,4.90557e-13)
 9.2000000e+04 fs:
 (0,0) (-0,0) (-0,0) (0,0) (0,0) (0,-0)
 (0,0) (0,0) (0,0) (-0,0) (0,-0) (0,0)
 (0,-0) (0,0) (0,0) (-0,0) (0,-0) (0,0)
 (-0,0) (0,0) (0,0) (0,0) (0,0) (0,0)
 (0,0) (0,0) (0,0) (0,0) (-0.643091,-4.93006e-13) (0.25178,-0.41888)
 (0,0) (0,0) (0,0) (0,0) (0.25178,0.41888) (0.329735,4.8894e-13)
 9.3000000e+04 fs:
 (0,0) (0,0) (0,0) (0,0) (0,0) (0,0)
 (0,0) (0,0) (0,0) (-0,0) (0,-0) (0,0)
 (0,0) (0,0) (0,0) (-0,0) (0,-0) (0,0)
 (0,0) (0,0) (0,0) (0,0) (0,0) (0,0)
 (0,0) (0,0) (0,0) (0,0) (-0.642684,-4.91386e-13) (0.251819,-0.418945)
 (0,0) (0,0) (0,0) (0,0) (0.251819,0.418945) (0.330304,4.87333e-13)
 9.4000000e+04 fs:
 (0,0) (-0,0) (-0,0) (0,0) (0,0) (0,0)
 (0,0) (0,0) (0,0) (-0,0) (0,-0) (0,0)
 (0,-0) (0,0) (0,0) (-0,0) (0,-0) (0,0)
 (-0,0) (0,0) (0,0) (0,0) (0,0) (0,0)
 (0,0) (0,0) (0,0) (0,0) (-0.64228,-4.89776e-13) (0.251858,-0.41901)
 (0,0) (0,0) (0,0) (0,0) (0.251858,0.41901) (0.330869,4.85736e-13)
 9.5000000e+04 fs:
 (0,0) (0,0) (0,0) (0,0) (0,0) (0,0)
 (0,0) (0,0) (0,0) (-0,0) (0,-0) (0,-0)
 (0,0) (0,0) (0,0) (-0,0) (0,-0) (0,-0)
 (0,0) (0,0) (0,0) (0,0) (0,0) (0,0)
 (0,0) (0,0) (0,0) (0,0) (-0.641878,-4.88176e-13) (0.251896,-0.419073)
 (0,0) (0,0) (0,0) (0,0) (0.251896,0.419073) (0.33143,4.8415e-13)
 9.6000000e+04 fs:
 (0,0) (-0,0) (-0,0) (0,0) (0,0) (0,0)
 (0,0) (0,0) (0,0) (-0,0) (0,-0) (0,-0)
 (0,-0) (0,0) (0,0) (-0,0) (0,-0) (0,-0)
 (-0,0) (0,0) (0,0) (0,0) (0,0) (0,0)
 (0,0) (0,0) (0,0) (0,0) (-0.641478,-4.86586e-13) (0.251934,-0.419136)
 (0,0) (0,0) (0,0) (0,0) (0.251934,0.419136) (0.331987,4.82573e-13)
 9.7000000e+04 fs:
 (0,0) (0,-0) (0,0) (0,0) (0,0) (0,-0)
 (-0,0) (0,0) (0,0) (-0,0) (0,-0) (0,0)
 (-0,0) (0,0) (0,0) (-0,0) (0,-0) (0,0)
 (0,0) (0,0) (0,0) (0,0) (0,0) (0,-0)
 (0,0) (0,0) (0,0) (0,0) (-0.64108,-4.85007e-13) (0.251971,-0.419198)
 (0,0) (0,0) (0,0) (0,0) (0.251971,0.419198) (0.33254,4.81006e-13)
 9.8000000e+04 fs:
 (0,0) (0,0) (0,0) (0,0) (0,0) (0,0)
 (0,0) (0,0) (0,0) (-0,0) (0,-0) (0,0)
 (0,0) (0,0) (0,0) (-0,0) (0,-0) (0,0)
 (-0,0) (0,0) (0,0) (0,0) (0,0) (0,-0)
 (0,0) (0,0) (0,0) (0,0) (-0.640684,-4.83437e-13) (0.252008,-0.41926)
 (0,0) (0,0) (0,0) (0,0) (0.252008,0.41926) (0.33309,4.7945e-13)
 9.9000000e+04 fs:
 (0,0) (0,-0) (0,0) (0,0) (0,0) (0,0)
 (-0,0) (0,0) (0,0) (-0,0) (0,-0) (0,0)
 (-0,0) (0,0) (0,0) (-0,0) (0,-0) (0,0)
 (0,0) (0,0) (0,0) (0,0) (0,0) (0,0)
 (0,0) (0,0) (0,0) (0,0) (-0.640291,-4.81877e-13) (0.252045,-0.419321)
 (0,0) (0,0) (0,0) (0,0) (0.252045,0.419321) (0.333636,4.77902e-13)
