 0.0000000e+00 fs:
 (0,0) (0,0) (0,0) (0,0) (0,0) (0,0)
 (0,0) (0,0) (0,0) (0,0) (0,0) (0,0)
 (0,0) (0,0) (0,0) (0,0) (0,0) (0,0)
 (0,0) (0,0) (0,0) (0,0) (0,0) (0,0)
 (0,0) (0,0) (0,0) (0,0) (0,-0.0112527) (0.595611,0.380946)
 (0,0) (0,0) (0,0) (0,0) (0.595611,-0.380946) (0,0.0113226)
 1.0000000e+03 fs:
 (0,0) (0,0) (-0,0) (-0,0) (0,0) (0,0)
 (0,0) (0,0) (0,0) (-0,0) (0,0) (0,0)
 (0,0) (0,0) (0,0) (0,0) (0,-0) (0,-0)
 (0,0) (0,0) (0,0) (0,0) (0,-0) (0,-0)
 (0,0) (0,0) (0,0) (0,0) (0.787563,-3.54058e-11) (-0.050712,0.0792885)
 (0,0) (0,0) (0,0) (0,0) (-0.050712,-0.0792885) (0.601687,3.56257e-11)
 2.0000000e+03 fs:
 (0,0) (0,0) (0,0) (0,0) (0,0) (0,0)
 (0,0) (0,0) (0,-0) (0,-0) (0,0) (0,0)
 (0,0) (0,0) (0,0) (0,0) (0,0) (0,0)
 (0,0) (-0,0) (0,0) (0,0) (0,0) (0,0)
 (0,0) (0,0) (0,0) (0,0) (0.671239,-3.25673e-11) (0.0179314,-0.0280358)
 (0,0) (0,0) (0,0) (0,0) (0.0179314,0.0280358) (0.739746,3.27695e-11)
 3.0000000e+03 fs:
 (0,0) (0,0) (0,0) (-0,0) (0,0) (0,0)
 (0,0) (0,0) (0,0) (0,0) (0,0) (0,0)
 (0,0) (0,0) (0,0) (0,0) (0,0) (0,0)
 (0,0) (0,0) (0,0) (0,0) (0,-0) (0,0)
 (0,0) (0,0) (0,0) (0,0) (0.503714,-3.06339e-11) (0.0881526,-0.137827)
 (0,0) (0,0) (0,0) (0,0) (0.0881526,0.137827) (0.832309,3.08241e-11)
 4.0000000e+03 fs:
 (0,0) (0,0) (0,-0) (0,-0) (0,0) (0,0)
 (0,0) (0,0) (0,0) (-0,0) (0,0) (0,0)
 (-0,0) (0,0) (0,0) (0,0) (0,0) (0,0)
 (-0,0) (0,0) (0,0) (0,0) (0,0) (0,0)
 (0,0) (0,0) (0,0) (0,0) (0.331135,-2.74183e-11) (0.143612,-0.224538)
 (0,0) (0,0) (0,0) (0,0) (0.143612,0.224538) (0.865024,2.75886e-11)
 5.0000000e+03 fs:
 (0,0) (-0,0) (0,0) (0,0) (0,0) (0,0)
 (0,0) (0,0) (0,0) (0,0) (0,-0) (0,0)
 (0,0) (0,0) (0,0) (0,0) (0,0) (0,0)
 (0,0) (0,0) (0,0) (0,0) (0,0) (0,0)
 (0,0) (0,0) (0,0) (0,0) (0.184149,-2.39224e-11) (0.181797,-0.28424)
 (0,0) (0,0) (0,0) (0,0) (0.181797,0.28424) (0.859304,2.40709e-11)
 6.0000000e+03 fs:
 (0,0) (-0,0) (-0,0) (0,-0) (0,0) (0,0)
 (0,0) (0,0) (0,0) (0,0) (0,-0) (0,0)
 (0,0) (0,0) (0,0) (0,0) (0,-0) (0,-0)
 (-0,0) (0,0) (0,0) (0,0) (0,0) (0,-0)
 (0,0) (0,0) (0,0) (0,0) (0.0689074,-2.07706e-11) (0.206898,-0.323486)
 (0,0) (0,0) (0,0) (0,0) (0.206898,0.323486) (0.836871,2.08996e-11)
 7.0000000e+03 fs:
 (0,0) (-0,0) (0,0) (0,0) (0,0) (0,0)
 (0,0) (0,0) (0,0) (0,-0) (0,-0) (0,-0)
 (0,0) (0,0) (0,0) (0,0) (0,0) (0,0)
 (0,0) (-0,0) (0,0) (0,0) (0,0) (0,0)
 (0,0) (0,0) (0,0) (0,0) (-0.0192727,-1.81312e-11) (0.223427,-0.34933)
 (0,0) (0,0) (0,0) (0,0) (0.223427,0.34933) (0.80977,1.82438e-11)
 8.0000000e+03 fs:
 (0,0) (-0,0) (-0,0) (-0,0) (0,0) (0,0)
 (0,0) (0,0) (0,0) (0,0) (0,-0) (0,-0)
 (0,0) (0,0) (0,0) (0,0) (0,-0) (0,0)
 (0,0) (0,0) (0,0) (0,0) (0,-0) (0,0)
 (0,0) (0,0) (0,0) (0,0) (-0.0869534,-1.59732e-11) (0.234561,-0.366737)
 (0,0) (0,0) (0,0) (0,0) (0.234561,0.366737) (0.783205,1.60724e-11)
 9.0000000e+03 fs:
 (0,0) (0,-0) (0,-0) (0,0) (0,0) (0,0)
 (-0,0) (0,0) (0,0) (-0,0) (0,0) (0,-0)
 (-0,0) (0,0) (0,0) (0,0) (0,0) (0,0)
 (0,0) (0,0) (0,0) (0,0) (0,0) (0,0)
 (0,0) (0,0) (0,0) (0,0) (-0.139637,-1.42129e-11) (0.242282,-0.378809)
 (0,0) (0,0) (0,0) (0,0) (0.242282,0.378809) (0.759018,1.43011e-11)
 1.0000000e+04 fs:
 (0,0) (0,-0) (0,0) (-0,0) (0,0) (0,0)
 (-0,0) (0,0) (0,-0) (0,-0) (0,0) (0,-0)
 (0,0) (0,0) (0,0) (0,0) (0,0) (0,0)
 (0,0) (-0,0) (0,0) (0,0) (0,-0) (0,0)
 (0,0) (0,0) (0,0) (0,0) (-0.181371,-1.27673e-11) (0.247797,-0.387431)
 (0,0) (0,0) (0,0) (0,0) (0.247797,0.387431) (0.737626,1.28465e-11)
 1.1000000e+04 fs:
 (0,0) (0,-0) (0,-0) (0,-0) (0,0) (0,0)
 (-0,0) (0,0) (0,0) (0,0) (0,0) (0,-0)
 (-0,0) (0,0) (0,0) (0,0) (0,0) (0,-0)
 (-0,0) (0,0) (0,0) (0,0) (0,0) (0,-0)
 (0,0) (0,0) (0,0) (0,0) (-0.215018,-1.15679e-11) (0.251845,-0.39376)
 (0,0) (0,0) (0,0) (0,0) (0.251845,0.39376) (0.718903,1.16397e-11)
 1.2000000e+04 fs:
 (0,0) (0,-0) (0,0) (0,0) (0,0) (0,0)
 (-0,0) (0,0) (0,0) (-0,0) (0,0) (0,-0)
 (0,0) (0,0) (0,0) (0,0) (0,0) (0,0)
 (0,0) (0,0) (0,0) (0,0) (0,0) (0,0)
 (0,0) (0,0) (0,0) (0,0) (-0.242594,-1.05617e-11) (0.25489,-0.398522)
 (0,0) (0,0) (0,0) (0,0) (0.25489,0.398522) (0.702546,1.06273e-11)
 1.3000000e+04 fs:
 (0,0) (0,0) (-0,0) (0,-0) (0,0) (0,0)
 (0,0) (0,0) (0,-0) (0,0) (0,0) (0,-0)
 (0,0) (0,0) (0,0) (0,0) (0,-0) (0,0)
 (-0,0) (0,0) (0,0) (0,0) (0,0) (0,-0)
 (0,0) (0,0) (0,0) (0,0) (-0.265535,-9.70831e-12) (0.257231,-0.402182)
 (0,0) (0,0) (0,0) (0,0) (0.257231,0.402182) (0.688226,9.7686e-12)
 1.4000000e+04 fs:
 (0,0) (0,0) (0,0) (0,0) (0,0) (0,0)
 (0,0) (0,0) (0,0) (0,0) (0,0) (0,0)
 (0,0) (0,0) (0,0) (0,0) (0,0) (0,-0)
 (0,0) (0,0) (0,0) (0,0) (0,0) (0,0)
 (0,0) (0,0) (0,0) (0,0) (-0.284874,-8.97705e-12) (0.259065,-0.40505)
 (0,0) (0,0) (0,0) (0,0) (0.259065,0.40505) (0.675637,9.0328e-12)
 1.5000000e+04 fs:
 (0,0) (0,0) (0,0) (-0,0) (0,0) (0,0)
 (0,0) (0,0) (0,0) (0,-0) (0,0) (0,0)
 (0,0) (0,0) (0,0) (0,0) (0,0) (0,0)
 (0,0) (-0,0) (0,0) (0,0) (0,-0) (0,0)
 (0,0) (0,0) (0,0) (0,0) (-0.301371,-8.34449e-12) (0.260527,-0.407336)
 (0,0) (0,0) (0,0) (0,0) (0.260527,0.407336) (0.664516,8.39631e-12)
 1.6000000e+04 fs:
 (0,0) (0,0) (0,-0) (0,0) (0,0) (0,0)
 (0,0) (0,0) (0,-0) (0,0) (0,0) (0,0)
 (-0,0) (0,0) (0,0) (0,0) (0,0) (0,-0)
 (0,0) (0,0) (0,0) (0,0) (0,0) (0,-0)
 (0,0) (0,0) (0,0) (0,0) (-0.315592,-7.79259e-12) (0.261709,-0.409184)
 (0,0) (0,0) (0,0) (0,0) (0.261709,0.409184) (0.654641,7.84098e-12)
 1.7000000e+04 fs:
 (0,0) (0,0) (0,0) (-0,0) (0,0) (0,0)
 (0,0) (0,0) (0,0) (-0,0) (0,0) (0,0)
 (0,0) (0,0) (0,0) (-0,0) (0,0) (0,0)
 (0,0) (0,0) (0,-0) (0,0) (0,0) (0,0)
 (0,0) (0,0) (0,0) (0,0) (-0.327965,-7.30727e-12) (0.262678,-0.410699)
 (0,0) (0,0) (0,0) (0,0) (0.262678,0.410699) (0.645827,7.35265e-12)
 1.8000000e+04 fs:
 (0,0) (0,0) (-0,0) (0,-0) (0,0) (0,0)
 (0,0) (0,0) (0,0) (0,-0) (0,0) (0,0)
 (0,0) (0,0) (0,0) (-0,0) (0,-0) (0,0)
 (-0,0) (-0,0) (0,-0) (0,0) (0,0) (0,-0)
 (0,0) (0,0) (0,0) (0,0) (-0.338822,-6.87749e-12) (0.263482,-0.411955)
 (0,0) (0,0) (0,0) (0,0) (0.263482,0.411955) (0.637919,6.9202e-12)
 1.9000000e+04 fs:
 (0,0) (0,0) (0,0) (0,0) (0,0) (0,0)
 (0,0) (0,0) (0,-0) (0,0) (0,0) (0,0)
 (0,0) (0,0) (0,0) (-0,0) (0,0) (0,-0)
 (0,0) (0,0) (0,-0) (0,0) (0,0) (0,0)
 (0,0) (0,0) (0,0) (0,0) (-0.348419,-6.49442e-12) (0.264155,-0.413007)
 (0,0) (0,0) (0,0) (0,0) (0.264155,0.413007) (0.630792,6.53475e-12)
 2.0000000e+04 fs:
 (0,0) (0,0) (-0,0) (0,-0) (0,0) (0,0)
 (0,0) (0,0) (0,0) (-0,0) (0,0) (0,0)
 (0,0) (0,0) (0,0) (-0,0) (0,0) (0,0)
 (-0,0) (0,0) (0,-0) (0,0) (0,0) (0,0)
 (0,0) (0,0) (0,0) (0,0) (-0.356959,-6.15099e-12) (0.264724,-0.413898)
 (0,0) (0,0) (0,0) (0,0) (0.264724,0.413898) (0.62434,6.18919e-12)
 2.1000000e+04 fs:
 (0,0) (-0,0) (0,-0) (0,0) (0,0) (0,-0)
 (0,0) (0,0) (0,0) (0,0) (0,0) (0,0)
 (-0,0) (0,0) (0,0) (-0,0) (0,0) (0,0)
 (0,0) (0,0) (0,-0) (0,0) (0,0) (0,0)
 (0,0) (0,0) (0,0) (0,0) (-0.364606,-5.84146e-12) (0.26521,-0.414657)
 (0,0) (0,0) (0,0) (0,0) (0.26521,0.414657) (0.618473,5.87774e-12)
 2.2000000e+04 fs:
 (0,0) (-0,0) (0,0) (-0,0) (0,0) (0,-0)
 (0,0) (0,0) (0,0) (0,0) (0,0) (0,0)
 (0,0) (0,0) (0,0) (-0,0) (0,0) (0,0)
 (0,0) (0,0) (0,-0) (0,0) (0,-0) (0,0)
 (0,0) (0,0) (0,0) (0,0) (-0.37149,-5.56112e-12) (0.265628,-0.41531)
 (0,0) (0,0) (0,0) (0,0) (0.265628,0.41531) (0.613119,5.59566e-12)
 2.3000000e+04 fs:
 (0,0) (-0,0) (0,-0) (0,0) (0,0) (0,-0)
 (0,0) (0,0) (0,0) (-0,0) (0,-0) (0,0)
 (-0,0) (0,0) (0,0) (-0,0) (0,-0) (0,0)
 (0,0) (0,0) (0,-0) (0,0) (0,0) (0,-0)
 (0,0) (0,0) (0,0) (0,0) (-0.377719,-5.30609e-12) (0.265989,-0.415875)
 (0,0) (0,0) (0,0) (0,0) (0.265989,0.415875) (0.608213,5.33904e-12)
 2.4000000e+04 fs:
 (0,0) (-0,0) (0,0) (-0,0) (0,0) (0,-0)
 (0,0) (0,0) (0,-0) (0,0) (0,-0) (0,0)
 (0,0) (0,0) (0,0) (-0,0) (0,0) (0,-0)
 (0,0) (0,0) (0,-0) (0,0) (0,0) (0,0)
 (0,0) (0,0) (0,0) (0,0) (-0.38338,-5.07313e-12) (0.266304,-0.416368)
 (0,0) (0,0) (0,0) (0,0) (0.266304,0.416368) (0.603705,5.10463e-12)
 2.5000000e+04 fs:
 (0,0) (0,-0) (-0,0) (0,-0) (0,0) (0,-0)
 (-0,0) (0,0) (0,0) (0,0) (0,-0) (0,0)
 (0,0) (0,0) (0,0) (-0,0) (0,-0) (0,0)
 (-0,0) (0,0) (0,-0) (0,0) (0,0) (0,0)
 (0,0) (0,0) (0,0) (0,0) (-0.388547,-4.85953e-12) (0.26658,-0.4168)
 (0,0) (0,0) (0,0) (0,0) (0.26658,0.4168) (0.599547,4.8897e-12)
 2.6000000e+04 fs:
 (0,0) (0,-0) (0,0) (0,0) (0,0) (0,-0)
 (-0,0) (0,0) (0,0) (0,-0) (0,-0) (0,0)
 (0,0) (0,0) (0,0) (-0,0) (0,0) (0,0)
 (0,0) (-0,0) (0,-0) (0,0) (0,0) (0,0)
 (0,0) (0,0) (0,0) (0,0) (-0.393282,-4.66299e-12) (0.266824,-0.41718)
 (0,0) (0,0) (0,0) (0,0) (0.266824,0.41718) (0.595702,4.69194e-12)
 2.7000000e+04 fs:
 (0,0) (0,-0) (0,0) (0,-0) (0,0) (0,-0)
 (-0,0) (0,0) (0,-0) (0,0) (0,0) (0,0)
 (0,0) (0,0) (0,0) (-0,0) (0,0) (0,0)
 (-0,0) (0,0) (0,-0) (0,0) (0,-0) (0,0)
 (0,0) (0,0) (0,0) (0,0) (-0.397636,-4.48157e-12) (0.267039,-0.417517)
 (0,0) (0,0) (0,0) (0,0) (0.267039,0.417517) (0.592135,4.5094e-12)
 2.8000000e+04 fs:
 (0,0) (0,-0) (0,-0) (0,0) (0,0) (0,-0)
 (-0,0) (0,0) (0,0) (-0,0) (0,0) (0,0)
 (-0,0) (0,0) (0,0) (-0,0) (0,-0) (0,0)
 (0,0) (0,0) (0,-0) (0,0) (0,0) (0,-0)
 (0,0) (0,0) (0,0) (0,0) (-0.401652,-4.31361e-12) (0.267231,-0.417817)
 (0,0) (0,0) (0,0) (0,0) (0.267231,0.417817) (0.588819,4.34039e-12)
 2.9000000e+04 fs:
 (0,0) (0,-0) (0,0) (-0,0) (0,0) (0,-0)
 (-0,0) (0,0) (0,0) (0,-0) (0,0) (0,0)
 (0,0) (0,0) (0,0) (-0,0) (0,0) (0,-0)
 (0,0) (-0,0) (0,-0) (0,0) (0,-0) (0,0)
 (0,0) (0,0) (0,0) (0,0) (-0.405368,-4.15767e-12) (0.267403,-0.418085)
 (0,0) (0,0) (0,0) (0,0) (0.267403,0.418085) (0.585728,4.18349e-12)
 3.0000000e+04 fs:
 (0,0) (0,0) (-0,0) (0,0) (0,0) (0,-0)
 (0,0) (0,0) (0,-0) (0,0) (0,0) (0,0)
 (0,0) (0,0) (0,0) (-0,0) (0,-0) (0,0)
 (0,0) (0,0) (0,-0) (0,0) (0,0) (0,0)
 (0,0) (0,0) (0,0) (0,0) (-0.408817,-4.01252e-12) (0.267557,-0.418326)
 (0,0) (0,0) (0,0) (0,0) (0.267557,0.418326) (0.58284,4.03744e-12)
 3.1000000e+04 fs:
 (0,0) (0,0) (0,0) (-0,0) (0,0) (0,-0)
 (0,0) (0,0) (0,0) (-0,0) (0,0) (0,0)
 (0,0) (0,0) (0,0) (-0,0) (0,0) (0,0)
 (0,0) (0,0) (0,-0) (0,0) (0,0) (0,0)
 (0,0) (0,0) (0,0) (0,0) (-0.412025,-3.87708e-12) (0.267695,-0.418543)
 (0,0) (0,0) (0,0) (0,0) (0.267695,0.418543) (0.580136,3.90116e-12)
 3.2000000e+04 fs:
 (0,0) (0,0) (-0,0) (0,-0) (0,0) (0,0)
 (0,0) (0,0) (0,0) (0,0) (0,0) (0,0)
 (0,0) (0,0) (0,0) (-0,0) (0,0) (0,0)
 (-0,0) (0,0) (0,-0) (0,0) (0,0) (0,0)
 (0,0) (0,0) (0,0) (0,0) (-0.415018,-3.75042e-12) (0.26782,-0.418738)
 (0,0) (0,0) (0,0) (0,0) (0.26782,0.418738) (0.577599,3.77371e-12)
 3.3000000e+04 fs:
 (0,0) (0,0) (0,-0) (0,0) (0,0) (0,0)
 (0,0) (0,0) (0,-0) (0,0) (0,0) (0,0)
 (-0,0) (0,0) (0,0) (-0,0) (0,0) (0,0)
 (0,0) (0,0) (0,-0) (0,0) (0,0) (0,-0)
 (0,0) (0,0) (0,0) (0,0) (-0.417815,-3.63172e-12) (0.267934,-0.418916)
 (0,0) (0,0) (0,0) (0,0) (0.267934,0.418916) (0.575215,3.65427e-12)
 3.4000000e+04 fs:
 (0,0) (0,0) (0,0) (0,-0) (0,0) (0,0)
 (0,0) (0,0) (0,0) (0,-0) (0,0) (0,0)
 (0,0) (0,0) (0,0) (0,0) (0,0) (0,-0)
 (-0,0) (-0,0) (-0,0) (0,0) (0,-0) (0,0)
 (0,0) (0,0) (0,0) (0,0) (-0.420436,-3.52025e-12) (0.268037,-0.419077)
 (0,0) (0,0) (0,0) (0,0) (0.268037,0.419077) (0.57297,3.54211e-12)
 3.5000000e+04 fs:
 (0,0) (0,0) (0,-0) (0,0) (0,0) (0,0)
 (0,0) (0,0) (0,0) (0,0) (0,0) (0,-0)
 (-0,0) (0,0) (0,0) (0,0) (0,-0) (0,0)
 (0,0) (0,0) (-0,0) (0,0) (0,0) (0,0)
 (0,0) (0,0) (0,0) (0,0) (-0.422896,-3.41538e-12) (0.268131,-0.419224)
 (0,0) (0,0) (0,0) (0,0) (0.268131,0.419224) (0.570852,3.43659e-12)
 3.6000000e+04 fs:
 (0,0) (0,0) (0,0) (-0,0) (0,0) (0,0)
 (0,0) (0,0) (0,0) (-0,0) (0,0) (0,-0)
 (0,0) (0,0) (0,0) (0,0) (0,0) (0,0)
 (0,0) (0,0) (-0,0) (0,0) (0,-0) (0,0)
 (0,0) (0,0) (0,0) (0,0) (-0.42521,-3.31653e-12) (0.268217,-0.419359)
 (0,0) (0,0) (0,0) (0,0) (0.268217,0.419359) (0.568851,3.33713e-12)
 3.7000000e+04 fs:
 (0,0) (0,0) (-0,0) (0,0) (0,0) (0,0)
 (0,0) (0,0) (0,0) (0,-0) (0,0) (0,-0)
 (0,0) (0,0) (0,0) (0,0) (0,0) (0,-0)
 (0,0) (-0,0) (-0,0) (0,0) (0,0) (0,0)
 (0,0) (0,0) (0,0) (0,0) (-0.427391,-3.22322e-12) (0.268296,-0.419483)
 (0,0) (0,0) (0,0) (0,0) (0.268296,0.419483) (0.566957,3.24323e-12)
 3.8000000e+04 fs:
 (0,0) (-0,0) (0,0) (-0,0) (0,0) (0,0)
 (0,0) (0,0) (0,0) (0,0) (0,0) (0,-0)
 (0,0) (0,0) (0,0) (0,0) (0,0) (0,0)
 (0,0) (0,0) (-0,0) (0,0) (0,0) (0,-0)
 (0,0) (0,0) (0,0) (0,0) (-0.429448,-3.13498e-12) (0.268369,-0.419596)
 (0,0) (0,0) (0,0) (0,0) (0.268369,0.419596) (0.565163,3.15445e-12)
 3.9000000e+04 fs:
 (0,0) (-0,0) (0,0) (0,-0) (0,0) (0,0)
 (0,0) (0,0) (0,0) (-0,0) (0,0) (0,-0)
 (0,0) (0,0) (0,0) (0,0) (0,0) (0,0)
 (-0,0) (0,0) (-0,0) (0,0) (0,0) (0,0)
 (0,0) (0,0) (0,0) (0,0) (-0.431393,-3.05142e-12) (0.268436,-0.419701)
 (0,0) (0,0) (0,0) (0,0) (0.268436,0.419701) (0.56346,3.07037e-12)
 4.0000000e+04 fs:
 (0,0) (-0,0) (0,-0) (0,0) (0,0) (0,0)
 (0,0) (0,0) (0,0) (0,0) (0,0) (0,-0)
 (-0,0) (0,0) (0,0) (0,0) (0,-0) (0,0)
 (0,0) (0,0) (-0,0) (0,0) (0,0) (0,0)
 (0,0) (0,0) (0,0) (0,0) (-0.433235,-2.97217e-12) (0.268497,-0.419797)
 (0,0) (0,0) (0,0) (0,0) (0.268497,0.419797) (0.561842,2.99063e-12)
 4.1000000e+04 fs:
 (0,0) (-0,0) (0,0) (0,-0) (0,0) (0,0)
 (0,0) (0,0) (0,-0) (0,0) (0,-0) (0,-0)
 (0,0) (0,0) (0,0) (0,0) (0,0) (0,0)
 (-0,0) (0,0) (-0,0) (0,0) (0,-0) (0,0)
 (0,0) (0,0) (0,0) (0,0) (-0.434981,-2.89692e-12) (0.268555,-0.419886)
 (0,0) (0,0) (0,0) (0,0) (0.268555,0.419886) (0.560303,2.91491e-12)
 4.2000000e+04 fs:
 (0,0) (0,-0) (-0,0) (0,0) (0,0) (0,0)
 (-0,0) (0,0) (0,0) (0,-0) (0,-0) (0,0)
 (0,0) (0,0) (0,0) (0,0) (0,0) (0,-0)
 (0,0) (-0,0) (-0,0) (0,0) (0,0) (0,0)
 (0,0) (0,0) (0,0) (0,0) (-0.436638,-2.82536e-12) (0.268608,-0.419969)
 (0,0) (0,0) (0,0) (0,0) (0.268608,0.419969) (0.558837,2.84291e-12)
 4.3000000e+04 fs:
 (0,0) (0,-0) (0,0) (-0,0) (0,0) (0,0)
 (-0,0) (0,0) (0,0) (0,0) (0,-0) (0,0)
 (0,0) (0,0) (0,0) (0,0) (0,0) (0,0)
 (0,0) (0,0) (-0,0) (0,0) (0,-0) (0,-0)
 (0,0) (0,0) (0,0) (0,0) (-0.438214,-2.75724e-12) (0.268657,-0.420046)
 (0,0) (0,0) (0,0) (0,0) (0.268657,0.420046) (0.557439,2.77436e-12)
 4.4000000e+04 fs:
 (0,0) (0,-0) (0,0) (0,0) (0,0) (0,0)
 (-0,0) (0,0) (0,-0) (-0,0) (0,-0) (0,0)
 (0,0) (0,0) (0,0) (0,0) (0,0) (0,0)
 (0,0) (0,0) (-0,0) (0,0) (0,0) (0,0)
 (0,0) (0,0) (0,0) (0,0) (-0.439714,-2.69231e-12) (0.268702,-0.420117)
 (0,0) (0,0) (0,0) (0,0) (0.268702,0.420117) (0.556105,2.70903e-12)
 4.5000000e+04 fs:
 (0,0) (0,-0) (0,-0) (-0,0) (0,0) (0,0)
 (-0,0) (0,0) (0,0) (0,-0) (0,0) (0,0)
 (-0,0) (0,0) (0,0) (0,0) (0,-0) (0,0)
 (0,0) (-0,0) (-0,0) (0,0) (0,0) (0,-0)
 (0,0) (0,0) (0,0) (0,0) (-0.441143,-2.63035e-12) (0.268745,-0.420184)
 (0,0) (0,0) (0,0) (0,0) (0.268745,0.420184) (0.554829,2.64669e-12)
 4.6000000e+04 fs:
 (0,0) (0,0) (0,0) (0,0) (0,0) (0,0)
 (0,0) (0,0) (0,0) (0,0) (0,0) (0,0)
 (0,0) (0,0) (0,0) (0,0) (0,0) (0,0)
 (0,0) (0,0) (-0,0) (0,0) (0,0) (0,0)
 (0,0) (0,0) (0,0) (0,0) (-0.442507,-2.57117e-12) (0.268785,-0.420246)
 (0,0) (0,0) (0,0) (0,0) (0.268785,0.420246) (0.553609,2.58714e-12)
 4.7000000e+04 fs:
 (0,0) (0,0) (-0,0) (0,0) (0,0) (0,0)
 (0,0) (0,0) (0,-0) (-0,0) (0,0) (0,0)
 (0,0) (0,0) (0,0) (0,0) (0,-0) (0,-0)
 (0,0) (0,0) (-0,0) (0,0) (0,0) (0,0)
 (0,0) (0,0) (0,0) (0,0) (-0.443809,-2.51459e-12) (0.268822,-0.420304)
 (0,0) (0,0) (0,0) (0,0) (0.268822,0.420304) (0.552441,2.5302e-12)
 4.8000000e+04 fs:
 (0,0) (0,0) (0,0) (0,-0) (0,0) (0,0)
 (0,0) (0,0) (0,0) (0,-0) (0,0) (0,0)
 (0,0) (0,0) (0,0) (0,0) (0,0) (0,0)
 (-0,0) (-0,0) (-0,0) (0,0) (0,-0) (0,-0)
 (0,0) (0,0) (0,0) (0,0) (-0.445054,-2.46043e-12) (0.268857,-0.420359)
 (0,0) (0,0) (0,0) (0,0) (0.268857,0.420359) (0.551322,2.47571e-12)
 4.9000000e+04 fs:
 (0,0) (0,0) (-0,0) (0,0) (0,0) (0,0)
 (0,0) (0,0) (0,0) (0,0) (0,0) (0,0)
 (0,0) (0,0) (0,0) (0,0) (0,0) (0,0)
 (0,0) (0,0) (-0,0) (0,0) (0,0) (0,0)
 (0,0) (0,0) (0,0) (0,0) (-0.446245,-2.40854e-12) (0.268889,-0.42041)
 (0,0) (0,0) (0,0) (0,0) (0.268889,0.42041) (0.550248,2.4235e-12)
 5.0000000e+04 fs:
 (0,0) (0,0) (0,-0) (-0,0) (0,0) (0,0)
 (0,0) (0,0) (0,-0) (-0,0) (0,0) (0,0)
 (-0,0) (0,0) (0,0) (0,0) (0,0) (0,0)
 (0,0) (0,0) (-0,0) (0,0) (0,-0) (0,-0)
 (0,0) (0,0) (0,0) (0,0) (-0.447386,-2.35879e-12) (0.26892,-0.420458)
 (0,0) (0,0) (0,0) (0,0) (0.26892,0.420458) (0.549218,2.37344e-12)
 5.1000000e+04 fs:
 (0,0) (0,0) (0,0) (0,0) (0,0) (0,0)
 (0,0) (0,0) (0,0) (0,0) (0,0) (0,0)
 (0,0) (0,0) (0,0) (0,0) (0,0) (0,0)
 (0,0) (0,0) (0,0) (0,0) (0,0) (0,0)
 (0,0) (0,0) (0,0) (0,0) (-0.44848,-2.31105e-12) (0.268949,-0.420503)
 (0,0) (0,0) (0,0) (0,0) (0.268949,0.420503) (0.548227,2.3254e-12)
 5.2000000e+04 fs:
 (0,0) (0,0) (0,-0) (-0,0) (0,0) (0,0)
 (0,0) (0,0) (0,0) (0,0) (0,0) (0,0)
 (-0,0) (0,0) (0,0) (0,0) (0,-0) (0,-0)
 (0,0) (0,0) (0,0) (0,0) (0,0) (0,0)
 (0,0) (0,0) (0,0) (0,0) (-0.44953,-2.26519e-12) (0.268976,-0.420545)
 (0,0) (0,0) (0,0) (0,0) (0.268976,0.420545) (0.547275,2.27925e-12)
 5.3000000e+04 fs:
 (0,0) (0,0) (0,0) (0,0) (0,0) (0,0)
 (0,0) (0,0) (0,0) (0,-0) (0,0) (0,0)
 (0,0) (0,0) (0,0) (0,0) (0,0) (0,0)
 (0,0) (-0,0) (0,0) (0,0) (0,0) (0,-0)
 (0,0) (0,0) (0,0) (0,0) (-0.450538,-2.22111e-12) (0.269002,-0.420585)
 (0,0) (0,0) (0,0) (0,0) (0.269002,0.420585) (0.546359,2.2349e-12)
 5.4000000e+04 fs:
 (0,0) (0,0) (-0,0) (0,0) (0,0) (0,0)
 (0,0) (0,0) (0,0) (0,0) (0,0) (0,0)
 (0,0) (0,0) (0,0) (0,0) (0,0) (0,0)
 (0,0) (0,0) (0,0) (0,0) (0,0) (0,0)
 (0,0) (0,0) (0,0) (0,0) (-0.451507,-2.1787e-12) (0.269026,-0.420623)
 (0,0) (0,0) (0,0) (0,0) (0.269026,0.420623) (0.545477,2.19223e-12)
 5.5000000e+04 fs:
 (0,0) (-0,0) (0,0) (0,-0) (0,0) (0,0)
 (0,0) (0,0) (0,0) (-0,0) (0,0) (0,0)
 (0,0) (0,0) (0,0) (0,0) (0,0) (0,-0)
 (-0,0) (0,0) (0,0) (0,0) (0,-0) (0,-0)
 (0,0) (0,0) (0,0) (0,0) (-0.452439,-2.13788e-12) (0.269048,-0.420658)
 (0,0) (0,0) (0,0) (0,0) (0.269048,0.420658) (0.544627,2.15116e-12)
 5.6000000e+04 fs:
 (0,0) (-0,0) (0,0) (0,0) (0,0) (0,0)
 (0,0) (0,0) (0,0) (0,-0) (0,0) (0,0)
 (0,0) (0,0) (0,0) (0,0) (0,0) (0,0)
 (0,0) (-0,0) (0,0) (0,0) (0,0) (0,0)
 (0,0) (0,0) (0,0) (0,0) (-0.453336,-2.09856e-12) (0.26907,-0.420692)
 (0,0) (0,0) (0,0) (0,0) (0.26907,0.420692) (0.543807,2.11159e-12)
 5.7000000e+04 fs:
 (0,0) (-0,0) (0,-0) (-0,0) (0,0) (0,0)
 (0,0) (0,0) (0,0) (0,0) (0,0) (0,0)
 (-0,0) (0,0) (0,0) (0,0) (0,-0) (0,-0)
 (0,0) (0,0) (0,0) (0,0) (0,0) (0,0)
 (0,0) (0,0) (0,0) (0,0) (-0.454199,-2.06065e-12) (0.26909,-0.420724)
 (0,0) (0,0) (0,0) (0,0) (0.26909,0.420724) (0.543016,2.07345e-12)
 5.8000000e+04 fs:
 (0,0) (-0,0) (0,0) (0,0) (0,0) (0,0)
 (0,0) (0,0) (0,-0) (-0,0) (0,0) (0,0)
 (0,0) (0,0) (0,0) (0,0) (0,0) (0,0)
 (0,0) (0,0) (0,0) (0,0) (0,0) (0,0)
 (0,0) (0,0) (0,0) (0,0) (-0.455032,-2.02408e-12) (0.26911,-0.420754)
 (0,0) (0,0) (0,0) (0,0) (0.26911,0.420754) (0.542252,2.03665e-12)
 5.9000000e+04 fs:
 (0,0) (0,-0) (-0,0) (-0,0) (0,0) (0,0)
 (-0,0) (0,0) (0,0) (0,0) (0,-0) (0,0)
 (0,0) (0,0) (0,0) (0,0) (0,0) (0,0)
 (0,0) (0,0) (0,0) (0,0) (0,0) (0,0)
 (0,0) (0,0) (0,0) (0,0) (-0.455835,-1.98878e-12) (0.269128,-0.420783)
 (0,0) (0,0) (0,0) (0,0) (0.269128,0.420783) (0.541515,2.00113e-12)
 6.0000000e+04 fs:
 (0,0) (0,-0) (0,0) (0,0) (0,0) (0,0)
 (-0,0) (0,0) (0,0) (0,0) (0,-0) (0,0)
 (0,0) (0,0) (0,0) (0,0) (0,0) (0,-0)
 (0,0) (0,0) (0,0) (0,0) (0,0) (0,-0)
 (0,0) (0,0) (0,0) (0,0) (-0.456611,-1.95469e-12) (0.269145,-0.42081)
 (0,0) (0,0) (0,0) (0,0) (0.269145,0.42081) (0.540802,1.96683e-12)
 6.1000000e+04 fs:
 (0,0) (0,-0) (-0,0) (0,0) (0,0) (0,0)
 (-0,0) (0,0) (0,-0) (0,-0) (0,-0) (0,0)
 (0,0) (0,0) (0,0) (0,0) (0,0) (0,0)
 (0,0) (-0,0) (0,0) (0,0) (0,0) (0,0)
 (0,0) (0,0) (0,0) (0,0) (-0.457359,-1.92174e-12) (0.269162,-0.420836)
 (0,0) (0,0) (0,0) (0,0) (0.269162,0.420836) (0.540112,1.93368e-12)
 6.2000000e+04 fs:
 (0,0) (0,-0) (0,-0) (0,-0) (0,0) (0,0)
 (-0,0) (0,0) (0,0) (0,0) (0,-0) (0,0)
 (-0,0) (0,0) (0,0) (0,0) (0,-0) (0,0)
 (-0,0) (0,0) (0,0) (0,0) (0,-0) (0,0)
 (0,0) (0,0) (0,0) (0,0) (-0.458083,-1.88989e-12) (0.269177,-0.42086)
 (0,0) (0,0) (0,0) (0,0) (0.269177,0.42086) (0.539445,1.90162e-12)
 6.3000000e+04 fs:
 (0,0) (0,0) (0,0) (0,0) (0,0) (0,-0)
 (0,0) (0,0) (0,0) (-0,0) (0,0) (0,-0)
 (0,0) (0,0) (0,0) (0,0) (0,0) (0,0)
 (0,0) (0,0) (0,0) (0,0) (0,0) (0,0)
 (0,0) (0,0) (0,0) (0,0) (-0.458782,-1.85906e-12) (0.269192,-0.420884)
 (0,0) (0,0) (0,0) (0,0) (0.269192,0.420884) (0.538799,1.87061e-12)
 6.4000000e+04 fs:
 (0,0) (0,0) (0,-0) (-0,0) (0,0) (0,-0)
 (0,0) (0,0) (0,-0) (0,-0) (0,0) (0,-0)
 (-0,0) (0,0) (0,0) (0,0) (0,-0) (0,0)
 (0,0) (-0,0) (0,0) (0,0) (0,0) (0,0)
 (0,0) (0,0) (0,0) (0,0) (-0.459459,-1.82923e-12) (0.269207,-0.420906)
 (0,0) (0,0) (0,0) (0,0) (0.269207,0.420906) (0.538173,1.84059e-12)
 6.5000000e+04 fs:
 (0,0) (0,0) (0,0) (0,0) (0,0) (0,-0)
 (0,0) (0,0) (0,0) (0,0) (0,0) (0,-0)
 (0,0) (0,0) (0,0) (0,0) (0,0) (0,-0)
 (0,0) (0,0) (0,0) (0,0) (0,0) (0,-0)
 (0,0) (0,0) (0,0) (0,0) (-0.460114,-1.80033e-12) (0.26922,-0.420927)
 (0,0) (0,0) (0,0) (0,0) (0.26922,0.420927) (0.537566,1.81151e-12)
 6.6000000e+04 fs:
 (0,0) (0,0) (-0,0) (-0,0) (0,0) (0,-0)
 (0,0) (0,0) (0,0) (-0,0) (0,0) (0,-0)
 (0,0) (0,0) (0,0) (0,0) (0,0) (0,0)
 (0,0) (0,0) (0,0) (0,0) (0,0) (0,0)
 (0,0) (0,0) (0,0) (0,0) (-0.460748,-1.77233e-12) (0.269233,-0.420947)
 (0,0) (0,0) (0,0) (0,0) (0.269233,0.420947) (0.536978,1.78334e-12)
 6.7000000e+04 fs:
 (0,0) (0,0) (0,0) (0,0) (0,0) (0,-0)
 (0,0) (0,0) (0,0) (0,-0) (0,0) (0,-0)
 (0,0) (0,0) (0,0) (0,0) (0,-0) (0,0)
 (0,0) (-0,0) (0,0) (0,0) (0,-0) (0,0)
 (0,0) (0,0) (0,0) (0,0) (-0.461362,-1.74518e-12) (0.269245,-0.420966)
 (0,0) (0,0) (0,0) (0,0) (0.269245,0.420966) (0.536408,1.75602e-12)
 6.8000000e+04 fs:
 (0,0) (0,0) (0,0) (0,0) (0,0) (0,-0)
 (0,0) (0,0) (0,0) (0,0) (0,0) (0,-0)
 (0,0) (0,0) (0,0) (0,0) (0,0) (0,0)
 (0,0) (0,0) (0,0) (0,0) (0,0) (0,0)
 (0,0) (0,0) (0,0) (0,0) (-0.461958,-1.71885e-12) (0.269257,-0.420985)
 (0,0) (0,0) (0,0) (0,0) (0.269257,0.420985) (0.535854,1.72953e-12)
 6.9000000e+04 fs:
 (0,0) (0,0) (0,-0) (0,-0) (0,0) (0,-0)
 (0,0) (0,0) (0,0) (-0,0) (0,0) (0,-0)
 (-0,0) (0,0) (0,0) (0,0) (0,-0) (0,0)
 (-0,0) (0,0) (0,0) (0,0) (0,-0) (0,0)
 (0,0) (0,0) (0,0) (0,0) (-0.462536,-1.6933e-12) (0.269268,-0.421002)
 (0,0) (0,0) (0,0) (0,0) (0.269268,0.421002) (0.535316,1.70382e-12)
 7.0000000e+04 fs:
 (0,0) (0,0) (0,0) (0,0) (0,0) (0,-0)
 (0,0) (0,0) (0,0) (0,0) (0,0) (0,0)
 (0,0) (0,0) (0,0) (0,0) (0,0) (0,-0)
 (0,0) (0,0) (0,0) (0,0) (0,0) (0,-0)
 (0,0) (0,0) (0,0) (0,0) (-0.463096,-1.6685e-12) (0.269279,-0.421019)
 (0,0) (0,0) (0,0) (0,0) (0.269279,0.421019) (0.534794,1.67886e-12)
 7.1000000e+04 fs:
 (0,0) (-0,0) (-0,0) (-0,0) (0,0) (0,-0)
 (0,0) (0,0) (0,0) (0,0) (0,0) (0,0)
 (0,0) (0,0) (0,0) (0,0) (0,0) (0,0)
 (0,0) (0,0) (0,0) (0,0) (0,0) (0,0)
 (0,0) (0,0) (0,0) (0,0) (-0.46364,-1.64441e-12) (0.26929,-0.421035)
 (0,0) (0,0) (0,0) (0,0) (0.26929,0.421035) (0.534287,1.65462e-12)
 7.2000000e+04 fs:
 (0,0) (-0,0) (0,0) (0,0) (0,0) (0,-0)
 (0,0) (0,0) (0,-0) (0,-0) (0,0) (0,0)
 (0,0) (0,0) (0,0) (0,0) (0,0) (0,0)
 (0,0) (-0,0) (0,0) (0,0) (0,0) (0,0)
 (0,0) (0,0) (0,0) (0,0) (-0.464169,-1.621e-12) (0.269299,-0.421051)
 (0,0) (0,0) (0,0) (0,0) (0.269299,0.421051) (0.533793,1.63107e-12)
 7.3000000e+04 fs:
 (0,0) (-0,0) (-0,0) (-0,0) (0,0) (0,-0)
 (0,0) (0,0) (0,0) (0,0) (0,0) (0,0)
 (0,0) (0,0) (0,0) (0,0) (0,0) (0,0)
 (0,0) (0,0) (0,0) (0,0) (0,0) (0,0)
 (0,0) (0,0) (0,0) (0,0) (-0.464682,-1.59825e-12) (0.269309,-0.421066)
 (0,0) (0,0) (0,0) (0,0) (0.269309,0.421066) (0.533314,1.60818e-12)
 7.4000000e+04 fs:
 (0,0) (-0,0) (0,-0) (0,0) (0,0) (0,0)
 (0,0) (0,0) (0,0) (-0,0) (0,0) (0,0)
 (-0,0) (0,0) (0,0) (0,0) (0,-0) (0,0)
 (0,0) (0,0) (0,0) (0,0) (0,-0) (0,0)
 (0,0) (0,0) (0,0) (0,0) (-0.465181,-1.57613e-12) (0.269318,-0.42108)
 (0,0) (0,0) (0,0) (0,0) (0.269318,0.42108) (0.532847,1.58592e-12)
 7.5000000e+04 fs:
 (0,0) (0,-0) (0,0) (0,0) (0,0) (0,0)
 (-0,0) (0,0) (0,-0) (0,-0) (0,0) (0,0)
 (0,0) (0,0) (0,0) (0,0) (0,0) (0,-0)
 (0,0) (-0,0) (0,0) (0,0) (0,0) (0,-0)
 (0,0) (0,0) (0,0) (0,0) (-0.465666,-1.55461e-12) (0.269327,-0.421093)
 (0,0) (0,0) (0,0) (0,0) (0.269327,0.421093) (0.532393,1.56426e-12)
 7.6000000e+04 fs:
 (0,0) (0,-0) (0,-0) (0,-0) (0,0) (0,0)
 (-0,0) (0,0) (0,0) (0,0) (0,0) (0,0)
 (-0,0) (0,0) (0,0) (0,0) (0,0) (0,0)
 (-0,0) (0,0) (0,0) (0,0) (0,-0) (0,0)
 (0,0) (0,0) (0,0) (0,0) (-0.466138,-1.53366e-12) (0.269335,-0.421107)
 (0,0) (0,0) (0,0) (0,0) (0.269335,0.421107) (0.53195,1.54319e-12)
 7.7000000e+04 fs:
 (0,0) (0,-0) (0,0) (0,0) (0,0) (0,0)
 (-0,0) (0,0) (0,0) (-0,0) (0,-0) (0,0)
 (0,0) (0,0) (0,0) (0,0) (0,0) (0,0)
 (0,0) (0,0) (0,0) (0,0) (0,0) (0,0)
 (0,0) (0,0) (0,0) (0,0) (-0.466597,-1.51327e-12) (0.269343,-0.421119)
 (0,0) (0,0) (0,0) (0,0) (0.269343,0.421119) (0.53152,1.52267e-12)
 7.8000000e+04 fs:
 (0,0) (0,-0) (-0,0) (-0,0) (0,0) (0,0)
 (-0,0) (0,0) (0,-0) (0,0) (0,-0) (0,0)
 (0,0) (0,0) (0,0) (0,0) (0,0) (0,-0)
 (0,0) (0,0) (0,0) (0,0) (0,0) (0,0)
 (0,0) (0,0) (0,0) (0,0) (-0.467044,-1.49342e-12) (0.269351,-0.421131)
 (0,0) (0,0) (0,0) (0,0) (0.269351,0.421131) (0.5311,1.50269e-12)
 7.9000000e+04 fs:
 (0,0) (0,-0) (0,0) (0,0) (0,0) (0,0)
 (-0,0) (0,0) (0,0) (0,0) (0,-0) (0,0)
 (0,0) (0,0) (0,0) (0,0) (0,-0) (0,0)
 (0,0) (0,0) (0,0) (0,0) (0,0) (0,0)
 (0,0) (0,0) (0,0) (0,0) (-0.46748,-1.47408e-12) (0.269358,-0.421143)
 (0,0) (0,0) (0,0) (0,0) (0.269358,0.421143) (0.530691,1.48323e-12)
 8.0000000e+04 fs:
 (0,0) (0,0) (0,0) (-0,0) (0,0) (0,0)
 (0,0) (0,0) (0,0) (0,-0) (0,-0) (0,0)
 (0,0) (0,0) (0,0) (0,0) (0,0) (0,-0)
 (0,0) (-0,0) (0,0) (0,0) (0,0) (0,-0)
 (0,0) (0,0) (0,0) (0,0) (-0.467904,-1.45523e-12) (0.269365,-0.421154)
 (0,0) (0,0) (0,0) (0,0) (0.269365,0.421154) (0.530292,1.46426e-12)
 8.1000000e+04 fs:
 (0,0) (0,0) (0,-0) (0,0) (0,0) (0,0)
 (0,0) (0,0) (0,-0) (0,0) (0,0) (0,0)
 (-0,0) (0,0) (0,0) (0,0) (0,0) (0,0)
 (0,0) (0,0) (0,0) (0,0) (0,-0) (0,0)
 (0,0) (0,0) (0,0) (0,0) (-0.468317,-1.43685e-12) (0.269372,-0.421165)
 (0,0) (0,0) (0,0) (0,0) (0.269372,0.421165) (0.529903,1.44577e-12)
 8.2000000e+04 fs:
 (0,0) (0,0) (0,0) (0,0) (0,0) (0,0)
 (0,0) (0,0) (0,0) (-0,0) (0,0) (0,0)
 (0,0) (0,0) (0,0) (0,0) (0,0) (0,0)
 (0,0) (0,0) (0,0) (0,0) (0,0) (0,-0)
 (0,0) (0,0) (0,0) (0,0) (-0.46872,-1.41893e-12) (0.269379,-0.421175)
 (0,0) (0,0) (0,0) (0,0) (0.269379,0.421175) (0.529524,1.42775e-12)
 8.3000000e+04 fs:
 (0,0) (0,0) (-0,0) (0,-0) (0,0) (0,0)
 (0,0) (0,0) (0,0) (0,-0) (0,0) (0,0)
 (0,0) (0,0) (0,0) (0,0) (0,0) (0,-0)
 (-0,0) (-0,0) (0,0) (0,0) (0,-0) (0,0)
 (0,0) (0,0) (0,0) (0,0) (-0.469112,-1.40146e-12) (0.269385,-0.421185)
 (0,0) (0,0) (0,0) (0,0) (0.269385,0.421185) (0.529153,1.41016e-12)
 8.4000000e+04 fs:
 (0,0) (0,0) (0,0) (0,0) (0,0) (0,0)
 (0,0) (0,0) (0,0) (0,0) (0,0) (0,0)
 (0,0) (0,0) (0,0) (0,0) (0,-0) (0,0)
 (0,0) (0,0) (0,0) (0,0) (0,0) (0,0)
 (0,0) (0,0) (0,0) (0,0) (-0.469496,-1.3844e-12) (0.269391,-0.421195)
 (0,0) (0,0) (0,0) (0,0) (0.269391,0.421195) (0.528792,1.393e-12)
 8.5000000e+04 fs:
 (0,0) (0,0) (0,0) (-0,0) (0,0) (0,0)
 (0,0) (0,0) (0,0) (-0,0) (0,0) (0,0)
 (0,0) (0,0) (0,0) (-0,0) (0,0) (0,0)
 (0,0) (0,0) (0,-0) (0,0) (0,0) (0,-0)
 (0,0) (0,0) (0,0) (0,0) (-0.469869,-1.36776e-12) (0.269397,-0.421204)
 (0,0) (0,0) (0,0) (0,0) (0.269397,0.421204) (0.528439,1.37625e-12)
 8.6000000e+04 fs:
 (0,0) (0,0) (0,-0) (0,0) (0,0) (0,0)
 (0,0) (0,0) (0,0) (0,0) (0,0) (0,0)
 (-0,0) (0,0) (0,0) (-0,0) (0,-0) (0,0)
 (0,0) (0,0) (0,-0) (0,0) (0,0) (0,0)
 (0,0) (0,0) (0,0) (0,0) (-0.470234,-1.3515e-12) (0.269403,-0.421213)
 (0,0) (0,0) (0,0) (0,0) (0.269403,0.421213) (0.528094,1.3599e-12)
 8.7000000e+04 fs:
 (0,0) (0,0) (0,0) (-0,0) (0,0) (0,0)
 (0,0) (0,0) (0,0) (0,0) (0,0) (0,0)
 (0,0) (0,0) (0,0) (-0,0) (0,0) (0,0)
 (0,0) (0,0) (0,-0) (0,0) (0,0) (0,-0)
 (0,0) (0,0) (0,0) (0,0) (-0.47059,-1.33563e-12) (0.269408,-0.421221)
 (0,0) (0,0) (0,0) (0,0) (0.269408,0.421221) (0.527758,1.34393e-12)
 8.8000000e+04 fs:
 (0,0) (-0,0) (-0,0) (0,0) (0,0) (0,0)
 (0,0) (0,0) (0,0) (0,-0) (0,0) (0,0)
 (0,0) (0,0) (0,0) (-0,0) (0,0) (0,-0)
 (0,0) (-0,0) (0,-0) (0,0) (0,-0) (0,0)
 (0,0) (0,0) (0,0) (0,0) (-0.470938,-1.32013e-12) (0.269414,-0.42123)
 (0,0) (0,0) (0,0) (0,0) (0.269414,0.42123) (0.527429,1.32833e-12)
 8.9000000e+04 fs:
 (0,0) (-0,0) (0,0) (0,0) (0,0) (0,0)
 (0,0) (0,0) (0,-0) (0,0) (0,0) (0,0)
 (0,0) (0,0) (0,0) (-0,0) (0,0) (0,0)
 (0,0) (0,0) (0,-0) (0,0) (0,0) (0,0)
 (0,0) (0,0) (0,0) (0,0) (-0.471278,-1.30498e-12) (0.269419,-0.421238)
 (0,0) (0,0) (0,0) (0,0) (0.269419,0.421238) (0.527107,1.31308e-12)
 9.0000000e+04 fs:
 (0,0) (-0,0) (-0,0) (0,-0) (0,0) (0,0)
 (0,0) (0,0) (0,0) (0,0) (0,0) (0,-0)
 (0,0) (0,0) (0,0) (-0,0) (0,0) (0,0)
 (-0,0) (0,0) (0,-0) (0,0) (0,-0) (0,0)
 (0,0) (0,0) (0,0) (0,0) (-0.471609,-1.29017e-12) (0.269424,-0.421245)
 (0,0) (0,0) (0,0) (0,0) (0.269424,0.421245) (0.526793,1.29819e-12)
 9.1000000e+04 fs:
 (0,0) (-0,0) (0,-0) (0,0) (0,0) (0,0)
 (0,0) (0,0) (0,0) (0,-0) (0,0) (0,-0)
 (-0,0) (0,0) (0,0) (-0,0) (0,-0) (0,0)
 (0,0) (-0,0) (0,-0) (0,0) (0,0) (0,0)
 (0,0) (0,0) (0,0) (0,0) (-0.471934,-1.2757e-12) (0.269429,-0.421253)
 (0,0) (0,0) (0,0) (0,0) (0.269429,0.421253) (0.526485,1.28362e-12)
 9.2000000e+04 fs:
 (0,0) (0,-0) (0,0) (0,-0) (0,0) (0,0)
 (-0,0) (0,0) (0,-0) (0,0) (0,0) (0,-0)
 (0,0) (0,0) (0,0) (-0,0) (0,0) (0,0)
 (-0,0) (0,0) (0,-0) (0,0) (0,0) (0,-0)
 (0,0) (0,0) (0,0) (0,0) (-0.472251,-1.26154e-12) (0.269433,-0.42126)
 (0,0) (0,0) (0,0) (0,0) (0.269433,0.42126) (0.526184,1.26938e-12)
 9.3000000e+04 fs:
 (0,0) (0,-0) (0,-0) (0,0) (0,0) (0,0)
 (-0,0) (0,0) (0,0) (-0,0) (0,0) (0,-0)
 (-0,0) (0,0) (0,0) (-0,0) (0,0) (0,-0)
 (0,0) (0,0) (0,-0) (0,0) (0,0) (0,0)
 (0,0) (0,0) (0,0) (0,0) (-0.472561,-1.2477e-12) (0.269438,-0.421267)
 (0,0) (0,0) (0,0) (0,0) (0.269438,0.421267) (0.52589,1.25545e-12)
 9.4000000e+04 fs:
 (0,0) (0,-0) (0,0) (-0,0) (0,0) (0,0)
 (-0,0) (0,0) (0,0) (0,-0) (0,0) (0,-0)
 (0,0) (0,0) (0,0) (-0,0) (0,0) (0,0)
 (0,0) (-0,0) (0,-0) (0,0) (0,0) (0,0)
 (0,0) (0,0) (0,0) (0,0) (-0.472864,-1.23415e-12) (0.269442,-0.421274)
 (0,0) (0,0) (0,0) (0,0) (0.269442,0.421274) (0.525602,1.24182e-12)
 9.5000000e+04 fs:
 (0,0) (0,-0) (-0,0) (0,0) (0,0) (0,0)
 (-0,0) (0,0) (0,-0) (0,0) (0,-0) (0,-0)
 (0,0) (0,0) (0,0) (-0,0) (0,0) (0,0)
 (0,0) (0,0) (0,-0) (0,0) (0,-0) (0,0)
 (0,0) (0,0) (0,0) (0,0) (-0.473161,-1.2209e-12) (0.269446,-0.421281)
 (0,0) (0,0) (0,0) (0,0) (0.269446,0.421281) (0.52532,1.22848e-12)
 9.6000000e+04 fs:
 (0,0) (0,0) (0,0) (0,0) (0,0) (0,0)
 (0,0) (0,0) (0,0) (-0,0) (0,-0) (0,-0)
 (0,0) (0,0) (0,0) (-0,0) (0,-0) (0,0)
 (0,0) (0,0) (0,-0) (0,0) (0,0) (0,0)
 (0,0) (0,0) (0,0) (0,0) (-0.473451,-1.20792e-12) (0.26945,-0.421287)
 (0,0) (0,0) (0,0) (0,0) (0.26945,0.421287) (0.525044,1.21542e-12)
 9.7000000e+04 fs:
 (0,0) (0,0) (0,0) (0,-0) (0,0) (0,0)
 (0,0) (0,0) (0,0) (0,0) (0,-0) (0,0)
 (0,0) (0,0) (0,0) (-0,0) (0,0) (0,0)
 (-0,0) (0,0) (0,-0) (0,0) (0,0) (0,-0)
 (0,0) (0,0) (0,0) (0,0) (-0.473736,-1.19522e-12) (0.269454,-0.421293)
 (0,0) (0,0) (0,0) (0,0) (0.269454,0.421293) (0.524774,1.20264e-12)
 9.8000000e+04 fs:
 (0,0) (0,0) (0,-0) (0,0) (0,0) (0,0)
 (0,0) (0,0) (0,-0) (0,0) (0,-0) (0,0)
 (-0,0) (0,0) (0,0) (-0,0) (0,0) (0,-0)
 (0,0) (0,0) (0,-0) (0,0) (0,0) (0,0)
 (0,0) (0,0) (0,0) (0,0) (-0.474014,-1.18278e-12) (0.269458,-0.421299)
 (0,0) (0,0) (0,0) (0,0) (0.269458,0.421299) (0.524509,1.19012e-12)
 9.9000000e+04 fs:
 (0,0) (0,0) (0,0) (0,-0) (0,0) (0,0)
 (0,0) (0,0) (0,0) (0,-0) (0,0) (0,0)
 (0,0) (0,0) (0,0) (-0,0) (0,0) (0,0)
 (-0,0) (-0,0) (0,-0) (0,0) (0,0) (0,0)
 (0,0) (0,0) (0,0) (0,0) (-0.474286,-1.1706e-12) (0.269462,-0.421305)
 (0,0) (0,0) (0,0) (0,0) (0.269462,0.421305) (0.524249,1.17786e-12)
