 0.0000000e+00 fs:
 (0,0) (0,0) (0,0) (0,0) (-0,0) (-0,0)
 (0,-0) (0,0) (-0,0) (0,0) (-0,0) (-0,0)
 (0,-0) (-0,0) (0,0) (0,0) (-0,0) (-0,0)
 (0,-0) (0,-0) (0,0) (0,0) (-0,0) (-0,0)
 (-0,0) (-0,0) (-0,0) (-0,0) (-0.50117,0) (-0.269167,0.420845)
 (-0,0) (-0,0) (-0,0) (-0,0) (-0.269167,-0.420845) (0.499706,0)
 1.0000000e+03 fs:
 (0,0) (0,0) (-0,0) (-0,0) (0,0) (0,0)
 (0,0) (0,0) (-0,0) (-0,0) (0,0) (0,0)
 (0,-0) (0,-0) (0,0) (0,0) (0,-0) (0,-0)
 (0,-0) (0,-0) (0,0) (0,0) (0,-0) (0,-0)
 (0,0) (0,0) (-0,0) (-0,0) (-0.500956,0) (-0.277148,0.415711)
 (0,0) (0,0) (-0,0) (-0,0) (-0.277148,-0.415711) (0.49979,0)
 2.0000000e+03 fs:
 (0,0) (0,0) (0,0) (0,0) (0,0) (0,0)
 (0,0) (0,0) (0,-0) (0,-0) (0,0) (0,0)
 (0,0) (-0,0) (0,0) (0,0) (0,0) (0,0)
 (0,0) (-0,0) (0,0) (0,0) (0,0) (0,0)
 (0,0) (0,0) (0,0) (0,0) (-0.500969,0) (-0.277115,0.415699)
 (0,0) (0,0) (0,0) (0,0) (-0.277115,-0.415699) (0.499833,0)
 3.0000000e+03 fs:
 (0,0) (0,0) (0,0) (-0,0) (0,0) (0,0)
 (0,0) (0,0) (0,0) (0,0) (0,0) (0,0)
 (0,0) (0,0) (0,0) (0,0) (0,0) (0,0)
 (0,-0) (0,0) (0,0) (0,0) (0,-0) (0,0)
 (0,0) (0,0) (0,0) (-0,0) (-0.501001,0) (-0.27706,0.415696)
 (0,0) (0,0) (0,0) (0,0) (-0.27706,-0.415696) (0.499867,0)
 4.0000000e+03 fs:
 (0,0) (0,0) (0,-0) (0,-0) (0,0) (0,0)
 (0,0) (0,0) (-0,0) (-0,0) (0,0) (0,0)
 (-0,0) (0,-0) (0,0) (0,0) (-0,0) (-0,0)
 (-0,0) (0,-0) (0,0) (0,0) (-0,0) (-0,0)
 (0,0) (0,0) (0,-0) (0,-0) (-0.501035,0) (-0.277004,0.415692)
 (0,0) (0,0) (0,-0) (0,-0) (-0.277004,-0.415692) (0.499901,0)
 5.0000000e+03 fs:
 (0,0) (-0,0) (0,0) (0,0) (0,0) (0,0)
 (0,-0) (0,0) (0,0) (0,0) (0,-0) (0,0)
 (0,0) (0,0) (0,0) (0,0) (0,0) (0,0)
 (0,0) (0,0) (0,0) (0,0) (0,0) (0,0)
 (0,0) (-0,0) (0,0) (0,0) (-0.501068,0) (-0.276949,0.415689)
 (0,0) (0,0) (0,0) (0,0) (-0.276949,-0.415689) (0.499935,0)
 6.0000000e+03 fs:
 (0,0) (-0,0) (-0,0) (0,-0) (0,0) (0,0)
 (0,-0) (0,0) (0,0) (0,0) (0,-0) (0,0)
 (0,-0) (0,0) (0,0) (0,0) (0,-0) (0,-0)
 (-0,0) (0,0) (0,0) (0,0) (-0,0) (0,-0)
 (0,0) (-0,0) (-0,0) (0,-0) (-0.501102,0) (-0.276893,0.415686)
 (0,0) (0,0) (-0,0) (-0,0) (-0.276893,-0.415686) (0.499968,0)
 7.0000000e+03 fs:
 (0,0) (-0,0) (0,0) (0,0) (0,0) (0,0)
 (0,-0) (0,0) (-0,0) (0,-0) (0,-0) (0,-0)
 (0,0) (0,-0) (0,0) (0,0) (0,0) (-0,0)
 (0,0) (-0,0) (0,0) (0,0) (0,0) (0,0)
 (0,0) (-0,0) (0,0) (0,0) (-0.501135,0) (-0.276837,0.415683)
 (0,0) (-0,0) (0,-0) (0,0) (-0.276837,-0.415683) (0.500002,0)
 8.0000000e+03 fs:
 (0,0) (-0,0) (-0,0) (-0,0) (0,0) (0,0)
 (0,-0) (0,0) (0,0) (0,0) (0,-0) (0,-0)
 (0,-0) (0,0) (0,0) (0,0) (0,-0) (0,0)
 (0,-0) (0,0) (0,0) (0,0) (0,-0) (0,0)
 (0,0) (-0,0) (-0,0) (-0,0) (-0.501169,0) (-0.276781,0.415679)
 (0,0) (-0,0) (0,0) (0,0) (-0.276781,-0.415679) (0.500035,0)
 9.0000000e+03 fs:
 (0,0) (0,-0) (0,-0) (0,0) (0,0) (0,0)
 (-0,0) (0,0) (0,0) (-0,0) (-0,0) (0,-0)
 (-0,0) (0,0) (0,0) (0,0) (-0,0) (-0,0)
 (0,0) (0,-0) (0,0) (0,0) (0,0) (-0,0)
 (0,0) (0,-0) (0,-0) (0,0) (-0.501203,0) (-0.276725,0.415676)
 (0,0) (-0,0) (0,-0) (0,-0) (-0.276725,-0.415676) (0.500069,0)
 1.0000000e+04 fs:
 (0,0) (0,-0) (0,0) (-0,0) (0,0) (0,0)
 (-0,0) (0,0) (0,-0) (0,-0) (-0,0) (0,-0)
 (0,0) (-0,0) (0,0) (0,0) (0,0) (0,0)
 (0,-0) (-0,0) (0,0) (0,0) (0,-0) (0,0)
 (0,0) (0,-0) (0,0) (-0,0) (-0.501236,0) (-0.27667,0.415673)
 (0,0) (-0,0) (0,0) (0,0) (-0.27667,-0.415673) (0.500102,0)
 1.1000000e+04 fs:
 (0,0) (0,-0) (0,-0) (0,-0) (0,0) (-0,0)
 (-0,0) (0,0) (0,0) (0,0) (-0,0) (0,-0)
 (-0,0) (0,0) (0,0) (0,0) (-0,0) (0,-0)
 (-0,0) (0,0) (0,0) (0,0) (-0,0) (0,-0)
 (0,0) (0,-0) (0,-0) (0,-0) (-0.50127,0) (-0.276614,0.41567)
 (0,-0) (-0,0) (-0,0) (-0,0) (-0.276614,-0.41567) (0.500136,0)
 1.2000000e+04 fs:
 (0,0) (0,-0) (0,0) (0,0) (0,0) (-0,0)
 (-0,0) (0,0) (-0,0) (-0,0) (-0,0) (0,-0)
 (0,0) (0,-0) (0,0) (0,0) (0,0) (-0,0)
 (0,0) (0,-0) (0,0) (0,0) (0,0) (0,0)
 (0,0) (0,-0) (0,0) (0,0) (-0.501303,0) (-0.276558,0.415666)
 (0,-0) (-0,0) (0,-0) (0,0) (-0.276558,-0.415666) (0.500169,0)
 1.3000000e+04 fs:
 (0,0) (0,0) (-0,0) (0,-0) (0,0) (-0,0)
 (0,0) (0,0) (0,-0) (0,0) (-0,0) (0,-0)
 (0,-0) (-0,0) (0,0) (0,0) (0,-0) (0,0)
 (-0,0) (0,0) (0,0) (0,0) (-0,0) (0,-0)
 (0,0) (0,-0) (-0,0) (0,-0) (-0.501337,0) (-0.276502,0.415663)
 (0,-0) (-0,0) (0,0) (-0,0) (-0.276502,-0.415663) (0.500203,0)
 1.4000000e+04 fs:
 (0,0) (0,0) (0,0) (0,0) (0,0) (-0,0)
 (0,0) (0,0) (0,0) (0,0) (0,0) (-0,0)
 (0,0) (0,0) (0,0) (0,0) (-0,0) (0,-0)
 (0,0) (0,0) (0,0) (0,0) (0,0) (-0,0)
 (0,0) (0,0) (0,-0) (0,0) (-0.501371,0) (-0.276446,0.41566)
 (0,-0) (0,-0) (-0,0) (0,-0) (-0.276446,-0.41566) (0.500236,0)
 1.5000000e+04 fs:
 (0,0) (0,0) (0,0) (-0,0) (0,0) (-0,0)
 (0,0) (0,0) (-0,0) (0,-0) (0,0) (-0,0)
 (0,0) (0,-0) (0,0) (0,0) (0,0) (0,0)
 (0,-0) (-0,0) (0,0) (0,0) (0,-0) (0,0)
 (0,0) (0,0) (0,0) (-0,0) (-0.501404,0) (-0.27639,0.415657)
 (0,-0) (0,-0) (0,0) (0,0) (-0.27639,-0.415657) (0.50027,0)
 1.6000000e+04 fs:
 (0,0) (0,0) (0,-0) (0,0) (0,0) (-0,0)
 (0,0) (0,0) (0,-0) (0,0) (0,0) (-0,0)
 (-0,0) (-0,0) (0,0) (0,0) (-0,0) (0,-0)
 (0,0) (0,0) (0,0) (0,0) (0,0) (0,-0)
 (0,0) (0,0) (0,-0) (0,0) (-0.501438,0) (-0.276335,0.415653)
 (0,-0) (0,-0) (-0,0) (-0,0) (-0.276335,-0.415653) (0.500303,0)
 1.7000000e+04 fs:
 (0,0) (0,0) (0,0) (-0,0) (0,0) (-0,0)
 (0,0) (0,0) (0,0) (-0,0) (0,0) (-0,0)
 (0,0) (0,0) (0,0) (-0,0) (0,0) (-0,0)
 (0,-0) (0,-0) (0,-0) (0,0) (0,0) (0,0)
 (0,0) (0,0) (0,0) (0,0) (-0.501471,0) (-0.276279,0.41565)
 (0,-0) (0,-0) (0,-0) (0,0) (-0.276279,-0.41565) (0.500337,0)
 1.8000000e+04 fs:
 (0,0) (0,0) (-0,0) (0,-0) (0,0) (-0,0)
 (0,0) (0,0) (-0,0) (0,-0) (0,0) (-0,0)
 (0,-0) (0,-0) (0,0) (-0,0) (0,-0) (0,0)
 (-0,0) (-0,0) (0,-0) (0,0) (-0,0) (0,-0)
 (0,0) (0,0) (-0,0) (0,-0) (-0.501505,0) (-0.276223,0.415647)
 (0,-0) (0,-0) (0,0) (-0,0) (-0.276223,-0.415647) (0.50037,0)
 1.9000000e+04 fs:
 (0,0) (0,0) (0,0) (0,0) (0,0) (-0,0)
 (0,0) (0,0) (0,-0) (0,0) (0,0) (-0,0)
 (0,0) (-0,0) (0,0) (-0,0) (0,0) (0,-0)
 (0,0) (0,0) (0,-0) (0,0) (0,0) (-0,0)
 (0,0) (0,0) (0,0) (0,0) (-0.501538,0) (-0.276167,0.415643)
 (0,-0) (0,-0) (-0,0) (0,-0) (-0.276167,-0.415643) (0.500404,0)
 2.0000000e+04 fs:
 (0,0) (0,0) (-0,0) (0,-0) (0,0) (-0,0)
 (0,0) (0,0) (0,0) (-0,0) (0,0) (-0,0)
 (0,-0) (0,0) (0,0) (-0,0) (0,0) (0,0)
 (-0,0) (0,-0) (0,-0) (0,0) (-0,0) (0,0)
 (0,0) (0,0) (0,0) (0,-0) (-0.501572,0) (-0.276111,0.41564)
 (0,-0) (0,-0) (0,0) (0,0) (-0.276111,-0.41564) (0.500437,0)
 2.1000000e+04 fs:
 (0,0) (-0,0) (0,-0) (0,0) (0,0) (0,-0)
 (0,-0) (0,0) (-0,0) (0,0) (0,0) (0,0)
 (-0,0) (0,-0) (0,0) (-0,0) (-0,0) (0,0)
 (0,0) (0,0) (0,-0) (0,0) (0,0) (-0,0)
 (0,0) (0,0) (0,-0) (0,0) (-0.501606,0) (-0.276055,0.415637)
 (-0,0) (0,0) (0,0) (0,-0) (-0.276055,-0.415637) (0.500471,0)
 2.2000000e+04 fs:
 (0,0) (-0,0) (0,0) (-0,0) (0,0) (0,-0)
 (0,-0) (0,0) (0,0) (0,0) (0,0) (0,0)
 (0,0) (0,0) (0,0) (-0,0) (0,0) (-0,0)
 (0,-0) (0,0) (0,-0) (0,0) (0,-0) (0,0)
 (0,0) (0,0) (0,0) (-0,0) (-0.501639,0) (-0.275999,0.415633)
 (-0,0) (0,0) (0,-0) (0,0) (-0.275999,-0.415633) (0.500504,0)
 2.3000000e+04 fs:
 (0,0) (-0,0) (0,-0) (0,0) (0,0) (0,-0)
 (0,-0) (0,0) (0,0) (-0,0) (0,-0) (0,0)
 (-0,0) (0,0) (0,0) (-0,0) (0,-0) (0,0)
 (0,0) (0,-0) (0,-0) (0,0) (0,0) (0,-0)
 (0,0) (-0,0) (-0,0) (0,0) (-0.501673,0) (-0.275943,0.41563)
 (-0,0) (0,0) (0,0) (-0,0) (-0.275943,-0.41563) (0.500538,0)
 2.4000000e+04 fs:
 (0,0) (-0,0) (0,0) (-0,0) (0,0) (0,-0)
 (0,-0) (0,0) (0,-0) (0,0) (0,-0) (0,0)
 (0,0) (-0,0) (0,0) (-0,0) (0,0) (0,-0)
 (0,-0) (0,0) (0,-0) (0,0) (0,0) (-0,0)
 (0,0) (-0,0) (0,0) (0,0) (-0.501706,0) (-0.275887,0.415627)
 (-0,0) (0,0) (-0,0) (0,-0) (-0.275887,-0.415627) (0.500571,0)
 2.5000000e+04 fs:
 (0,0) (0,-0) (-0,0) (0,-0) (0,0) (0,-0)
 (-0,0) (0,0) (0,0) (0,0) (0,-0) (0,0)
 (0,-0) (0,0) (0,0) (-0,0) (0,-0) (0,0)
 (-0,0) (0,0) (0,-0) (0,0) (-0,0) (0,0)
 (0,0) (-0,0) (-0,0) (0,-0) (-0.50174,0) (-0.275832,0.415624)
 (-0,0) (0,0) (0,0) (0,0) (-0.275832,-0.415624) (0.500605,0)
 2.6000000e+04 fs:
 (0,0) (0,-0) (0,0) (0,0) (0,0) (0,-0)
 (-0,0) (0,0) (0,0) (0,-0) (0,-0) (0,0)
 (0,0) (0,0) (0,0) (-0,0) (-0,0) (0,0)
 (0,0) (-0,0) (0,-0) (0,0) (0,0) (-0,0)
 (0,0) (-0,0) (0,-0) (0,0) (-0.501774,0) (-0.275776,0.41562)
 (-0,0) (0,0) (0,0) (0,-0) (-0.275776,-0.41562) (0.500638,0)
 2.7000000e+04 fs:
 (0,0) (0,-0) (0,0) (0,-0) (0,0) (0,-0)
 (-0,0) (0,0) (0,-0) (0,0) (-0,0) (0,0)
 (0,0) (-0,0) (0,0) (-0,0) (0,0) (-0,0)
 (-0,0) (0,0) (0,-0) (0,0) (0,-0) (0,0)
 (0,0) (0,-0) (0,0) (-0,0) (-0.501807,0) (-0.27572,0.415617)
 (-0,0) (0,0) (0,-0) (0,0) (-0.27572,-0.415617) (0.500672,0)
 2.8000000e+04 fs:
 (0,0) (0,-0) (0,-0) (0,0) (0,0) (0,-0)
 (-0,0) (0,0) (0,0) (-0,0) (-0,0) (0,0)
 (-0,0) (0,0) (0,0) (-0,0) (0,-0) (0,0)
 (0,0) (0,-0) (0,-0) (0,0) (0,0) (0,-0)
 (0,0) (0,-0) (-0,0) (0,0) (-0.501841,0) (-0.275664,0.415614)
 (-0,0) (0,0) (0,0) (-0,0) (-0.275664,-0.415614) (0.500705,0)
 2.9000000e+04 fs:
 (0,0) (0,-0) (0,0) (-0,0) (0,0) (0,-0)
 (-0,0) (0,0) (-0,0) (0,-0) (-0,0) (0,0)
 (0,0) (0,-0) (0,0) (-0,0) (0,0) (0,-0)
 (0,-0) (-0,0) (0,-0) (0,0) (0,-0) (0,0)
 (0,0) (0,-0) (0,0) (-0,0) (-0.501874,0) (-0.275608,0.41561)
 (-0,0) (0,0) (-0,0) (0,0) (-0.275608,-0.41561) (0.500739,0)
 3.0000000e+04 fs:
 (0,0) (0,0) (-0,0) (0,0) (0,0) (0,-0)
 (0,0) (0,0) (0,-0) (0,0) (-0,0) (0,0)
 (0,-0) (-0,0) (0,0) (-0,0) (0,-0) (-0,0)
 (0,0) (0,0) (0,-0) (0,0) (0,0) (0,0)
 (0,0) (0,-0) (-0,0) (0,0) (-0.501908,0) (-0.275552,0.415607)
 (-0,0) (0,0) (0,-0) (0,0) (-0.275552,-0.415607) (0.500772,0)
 3.1000000e+04 fs:
 (0,0) (0,0) (0,0) (-0,0) (0,0) (0,-0)
 (0,0) (0,0) (0,0) (-0,0) (-0,0) (0,0)
 (0,0) (0,0) (0,0) (-0,0) (-0,0) (0,0)
 (0,-0) (0,-0) (0,-0) (0,0) (0,0) (-0,0)
 (0,0) (0,-0) (0,-0) (0,0) (-0.501941,0) (-0.275496,0.415604)
 (-0,0) (0,0) (0,0) (0,-0) (-0.275496,-0.415604) (0.500806,0)
 3.2000000e+04 fs:
 (0,0) (0,0) (-0,0) (0,-0) (0,0) (0,0)
 (0,0) (0,0) (-0,0) (0,0) (0,0) (0,0)
 (0,-0) (0,-0) (0,0) (-0,0) (0,0) (-0,0)
 (-0,0) (0,0) (0,-0) (0,0) (-0,0) (0,0)
 (0,0) (0,0) (0,0) (0,-0) (-0.501975,0) (-0.27544,0.4156)
 (0,0) (0,0) (0,-0) (0,0) (-0.27544,-0.4156) (0.500839,0)
 3.3000000e+04 fs:
 (0,0) (0,0) (0,-0) (0,0) (0,0) (0,0)
 (0,0) (0,0) (0,-0) (0,0) (0,0) (0,0)
 (-0,0) (-0,0) (0,0) (-0,0) (-0,0) (0,0)
 (0,0) (0,0) (0,-0) (0,0) (0,0) (0,-0)
 (0,0) (0,0) (0,-0) (0,0) (-0.502008,0) (-0.275384,0.415597)
 (0,0) (0,0) (0,0) (-0,0) (-0.275384,-0.415597) (0.500873,0)
 3.4000000e+04 fs:
 (0,0) (0,0) (0,0) (0,-0) (0,0) (0,0)
 (0,0) (0,0) (0,0) (0,-0) (0,0) (0,0)
 (0,0) (0,0) (0,0) (0,-0) (0,0) (0,-0)
 (-0,0) (-0,0) (-0,0) (0,0) (0,-0) (0,0)
 (0,0) (0,0) (0,0) (-0,0) (-0.502042,0) (-0.275328,0.415594)
 (0,0) (0,0) (-0,0) (0,0) (-0.275328,-0.415594) (0.500906,0)
 3.5000000e+04 fs:
 (0,0) (0,0) (0,-0) (0,0) (0,0) (0,0)
 (0,0) (0,0) (-0,0) (0,0) (0,0) (0,-0)
 (-0,0) (0,-0) (0,0) (0,-0) (0,-0) (-0,0)
 (0,0) (0,0) (-0,0) (0,0) (0,0) (0,0)
 (0,0) (0,0) (-0,0) (0,0) (-0.502076,0) (-0.275272,0.41559)
 (0,0) (-0,0) (0,-0) (0,0) (-0.275272,-0.41559) (0.50094,0)
 3.6000000e+04 fs:
 (0,0) (0,0) (0,0) (-0,0) (0,0) (0,0)
 (0,0) (0,0) (0,0) (-0,0) (0,0) (0,-0)
 (0,0) (0,0) (0,0) (0,-0) (0,0) (0,0)
 (0,-0) (0,-0) (-0,0) (0,0) (0,-0) (-0,0)
 (0,0) (0,0) (0,0) (-0,0) (-0.502109,0) (-0.275216,0.415587)
 (0,0) (-0,0) (0,0) (0,-0) (-0.275216,-0.415587) (0.500973,0)
 3.7000000e+04 fs:
 (0,0) (0,0) (-0,0) (0,0) (0,0) (0,0)
 (0,0) (0,0) (0,0) (0,-0) (0,0) (0,-0)
 (0,-0) (0,0) (0,0) (0,-0) (0,0) (0,-0)
 (0,0) (-0,0) (-0,0) (0,0) (-0,0) (0,0)
 (0,0) (0,0) (0,0) (0,-0) (-0.502143,0) (-0.27516,0.415583)
 (0,0) (-0,0) (-0,0) (0,0) (-0.27516,-0.415583) (0.501007,0)
 3.8000000e+04 fs:
 (0,0) (-0,0) (0,0) (-0,0) (0,0) (0,0)
 (0,-0) (0,0) (-0,0) (0,0) (0,0) (0,-0)
 (0,0) (0,-0) (0,0) (0,-0) (-0,0) (0,0)
 (0,-0) (0,0) (-0,0) (0,0) (0,0) (0,-0)
 (0,0) (0,0) (0,-0) (0,0) (-0.502176,0) (-0.275104,0.41558)
 (0,0) (-0,0) (0,0) (-0,0) (-0.275104,-0.41558) (0.50104,0)
 3.9000000e+04 fs:
 (0,0) (-0,0) (0,0) (0,-0) (0,0) (0,0)
 (0,-0) (0,0) (0,0) (-0,0) (0,0) (0,-0)
 (0,0) (0,0) (0,0) (0,-0) (0,0) (0,0)
 (-0,0) (0,-0) (-0,0) (0,0) (-0,0) (0,0)
 (0,0) (0,0) (0,0) (0,-0) (-0.50221,0) (-0.275048,0.415577)
 (0,0) (-0,0) (0,0) (0,0) (-0.275048,-0.415577) (0.501073,0)
 4.0000000e+04 fs:
 (0,0) (-0,0) (0,-0) (0,0) (0,0) (0,0)
 (0,-0) (0,0) (0,0) (0,0) (0,0) (0,-0)
 (-0,0) (0,0) (0,0) (0,-0) (0,-0) (-0,0)
 (0,0) (0,0) (-0,0) (0,0) (0,0) (0,0)
 (0,0) (0,0) (-0,0) (0,0) (-0.502243,0) (-0.274992,0.415573)
 (0,0) (-0,0) (0,-0) (0,0) (-0.274992,-0.415573) (0.501107,0)
 4.1000000e+04 fs:
 (0,0) (-0,0) (0,0) (0,-0) (0,0) (0,0)
 (0,-0) (0,0) (0,-0) (0,0) (0,-0) (0,-0)
 (0,0) (-0,0) (0,0) (0,-0) (0,0) (0,0)
 (-0,0) (0,0) (-0,0) (0,0) (0,-0) (-0,0)
 (0,0) (-0,0) (0,0) (-0,0) (-0.502277,0) (-0.274936,0.41557)
 (0,0) (-0,0) (0,0) (0,-0) (-0.274936,-0.41557) (0.50114,0)
 4.2000000e+04 fs:
 (0,0) (0,-0) (-0,0) (0,0) (0,0) (0,0)
 (-0,0) (0,0) (0,0) (0,-0) (0,-0) (-0,0)
 (0,-0) (0,0) (0,0) (0,-0) (0,0) (0,-0)
 (0,0) (-0,0) (-0,0) (0,0) (0,0) (0,0)
 (0,0) (-0,0) (0,0) (0,0) (-0.50231,0) (-0.27488,0.415567)
 (0,0) (0,-0) (-0,0) (0,0) (-0.27488,-0.415567) (0.501174,0)
 4.3000000e+04 fs:
 (0,0) (0,-0) (0,0) (-0,0) (0,0) (0,0)
 (-0,0) (0,0) (0,0) (0,0) (0,-0) (-0,0)
 (0,0) (0,0) (0,0) (0,-0) (-0,0) (0,0)
 (0,-0) (0,0) (-0,0) (0,0) (0,-0) (0,-0)
 (0,0) (-0,0) (0,-0) (-0,0) (-0.502344,0) (-0.274824,0.415563)
 (0,0) (0,-0) (0,0) (-0,0) (-0.274824,-0.415563) (0.501207,0)
 4.4000000e+04 fs:
 (0,0) (0,-0) (0,0) (0,0) (0,0) (0,0)
 (-0,0) (0,0) (0,-0) (-0,0) (0,-0) (-0,0)
 (0,0) (-0,0) (0,0) (0,-0) (0,0) (0,0)
 (0,0) (0,-0) (-0,0) (0,0) (-0,0) (0,0)
 (0,0) (-0,0) (0,0) (0,-0) (-0.502377,0) (-0.274768,0.41556)
 (0,0) (0,-0) (0,0) (0,0) (-0.274768,-0.41556) (0.501241,0)
 4.5000000e+04 fs:
 (0,0) (0,-0) (0,-0) (-0,0) (0,0) (0,0)
 (-0,0) (0,0) (0,0) (0,-0) (-0,0) (-0,0)
 (-0,0) (0,0) (0,0) (0,-0) (0,-0) (-0,0)
 (0,-0) (-0,0) (-0,0) (0,0) (0,0) (0,-0)
 (0,0) (0,-0) (-0,0) (0,0) (-0.502411,0) (-0.274712,0.415556)
 (0,0) (0,-0) (0,-0) (-0,0) (-0.274712,-0.415556) (0.501274,0)
 4.6000000e+04 fs:
 (0,0) (0,0) (0,0) (0,0) (0,0) (0,0)
 (0,0) (0,0) (-0,0) (0,0) (-0,0) (-0,0)
 (0,0) (0,-0) (0,0) (0,-0) (0,0) (0,0)
 (0,0) (0,0) (-0,0) (0,0) (-0,0) (-0,0)
 (0,0) (0,-0) (0,0) (0,-0) (-0.502444,0) (-0.274656,0.415553)
 (0,0) (0,-0) (0,0) (0,-0) (-0.274656,-0.415553) (0.501308,0)
 4.7000000e+04 fs:
 (0,0) (0,0) (-0,0) (0,0) (0,0) (0,0)
 (0,0) (0,0) (0,-0) (-0,0) (-0,0) (-0,0)
 (0,-0) (-0,0) (0,0) (0,-0) (0,-0) (0,-0)
 (0,0) (0,-0) (-0,0) (0,0) (0,0) (0,0)
 (0,0) (0,-0) (-0,0) (0,0) (-0.502478,0) (-0.2746,0.41555)
 (0,0) (0,-0) (-0,0) (0,0) (-0.2746,-0.41555) (0.501341,0)
 4.8000000e+04 fs:
 (0,0) (0,0) (0,0) (0,-0) (0,0) (0,0)
 (0,0) (0,0) (0,0) (0,-0) (-0,0) (-0,0)
 (0,0) (0,0) (0,0) (0,-0) (-0,0) (0,0)
 (-0,0) (-0,0) (-0,0) (0,0) (0,-0) (0,-0)
 (0,0) (0,-0) (0,-0) (-0,0) (-0.502511,0) (-0.274544,0.415546)
 (0,0) (0,-0) (0,0) (-0,0) (-0.274544,-0.415546) (0.501375,0)
 4.9000000e+04 fs:
 (0,0) (0,0) (-0,0) (0,0) (0,0) (0,0)
 (0,0) (0,0) (-0,0) (0,0) (-0,0) (0,0)
 (0,-0) (0,-0) (0,0) (0,-0) (0,0) (0,0)
 (0,0) (0,0) (-0,0) (0,0) (0,0) (0,0)
 (0,0) (0,-0) (0,0) (0,0) (-0.502545,0) (-0.274488,0.415543)
 (0,0) (0,0) (0,0) (0,0) (-0.274488,-0.415543) (0.501408,0)
 5.0000000e+04 fs:
 (0,0) (0,0) (0,-0) (-0,0) (0,0) (0,0)
 (0,0) (0,0) (0,-0) (-0,0) (0,0) (0,0)
 (-0,0) (-0,0) (0,0) (0,-0) (-0,0) (-0,0)
 (0,-0) (0,-0) (-0,0) (0,0) (0,-0) (0,-0)
 (0,0) (0,0) (0,-0) (-0,0) (-0.502578,0) (-0.274432,0.415539)
 (0,0) (0,0) (0,-0) (-0,0) (-0.274432,-0.415539) (0.501441,0)
 5.1000000e+04 fs:
 (0,0) (0,0) (0,0) (0,0) (0,0) (0,0)
 (0,0) (0,0) (0,0) (0,0) (0,0) (0,0)
 (0,0) (0,0) (0,0) (0,0) (0,0) (0,0)
 (0,0) (0,0) (0,0) (0,0) (-0,0) (-0,0)
 (0,0) (0,0) (0,0) (0,-0) (-0.502612,0) (-0.274375,0.415536)
 (0,0) (0,0) (0,0) (0,-0) (-0.274375,-0.415536) (0.501475,0)
 5.2000000e+04 fs:
 (0,0) (0,0) (0,-0) (-0,0) (0,0) (0,0)
 (0,0) (0,0) (-0,0) (0,0) (0,0) (0,0)
 (-0,0) (0,-0) (0,0) (0,0) (0,-0) (0,-0)
 (0,-0) (0,0) (0,0) (0,0) (0,0) (0,0)
 (0,0) (0,0) (-0,0) (0,0) (-0.502645,0) (-0.274319,0.415533)
 (0,0) (0,0) (-0,0) (0,0) (-0.274319,-0.415533) (0.501508,0)
 5.3000000e+04 fs:
 (0,0) (0,0) (0,0) (0,0) (0,0) (-0,0)
 (0,0) (0,0) (0,0) (0,-0) (0,0) (0,0)
 (0,0) (0,0) (0,0) (0,0) (-0,0) (-0,0)
 (0,0) (-0,0) (0,0) (0,0) (-0,0) (0,-0)
 (0,0) (0,0) (0,-0) (0,-0) (-0.502679,0) (-0.274263,0.415529)
 (0,-0) (0,0) (0,-0) (-0,0) (-0.274263,-0.415529) (0.501542,0)
 5.4000000e+04 fs:
 (0,0) (0,0) (-0,0) (0,0) (0,0) (-0,0)
 (0,0) (0,0) (0,0) (0,0) (0,0) (0,0)
 (0,-0) (0,0) (0,0) (0,0) (0,0) (0,0)
 (0,0) (0,0) (0,0) (0,0) (0,0) (0,0)
 (0,0) (0,0) (0,0) (0,0) (-0.502712,0) (-0.274207,0.415526)
 (0,-0) (0,0) (0,0) (0,0) (-0.274207,-0.415526) (0.501575,0)
 5.5000000e+04 fs:
 (0,0) (-0,0) (0,0) (0,-0) (0,0) (-0,0)
 (0,-0) (0,0) (-0,0) (-0,0) (0,0) (0,0)
 (0,0) (0,-0) (0,0) (0,0) (-0,0) (0,-0)
 (-0,0) (0,-0) (0,0) (0,0) (0,-0) (0,-0)
 (0,0) (0,0) (0,-0) (-0,0) (-0.502746,0) (-0.274151,0.415522)
 (0,-0) (0,0) (-0,0) (-0,0) (-0.274151,-0.415522) (0.501609,0)
 5.6000000e+04 fs:
 (0,0) (-0,0) (0,0) (0,0) (0,0) (-0,0)
 (0,-0) (0,0) (0,0) (0,-0) (0,0) (0,0)
 (0,0) (0,0) (0,0) (0,0) (0,0) (0,0)
 (0,0) (-0,0) (0,0) (0,0) (0,0) (-0,0)
 (0,0) (0,0) (0,0) (0,0) (-0.502779,0) (-0.274095,0.415519)
 (0,-0) (0,0) (0,0) (0,-0) (-0.274095,-0.415519) (0.501642,0)
 5.7000000e+04 fs:
 (0,0) (-0,0) (0,-0) (-0,0) (0,0) (-0,0)
 (0,-0) (0,0) (0,0) (0,0) (0,0) (0,0)
 (-0,0) (0,0) (0,0) (0,0) (0,-0) (0,-0)
 (0,-0) (0,0) (0,0) (0,0) (0,0) (0,0)
 (0,0) (0,0) (-0,0) (0,0) (-0.502813,0) (-0.274039,0.415516)
 (0,-0) (0,0) (-0,0) (0,0) (-0.274039,-0.415516) (0.501675,0)
 5.8000000e+04 fs:
 (0,0) (-0,0) (0,0) (0,0) (-0,0) (-0,0)
 (0,-0) (0,0) (0,-0) (-0,0) (0,0) (0,0)
 (0,0) (-0,0) (0,0) (0,0) (0,0) (-0,0)
 (0,0) (0,-0) (0,0) (0,0) (-0,0) (-0,0)
 (0,-0) (0,0) (0,0) (0,-0) (-0.502846,0) (-0.273983,0.415512)
 (0,-0) (0,0) (0,-0) (0,-0) (-0.273983,-0.415512) (0.501709,0)
 5.9000000e+04 fs:
 (0,0) (0,-0) (-0,0) (-0,0) (-0,0) (-0,0)
 (-0,0) (0,0) (0,0) (0,0) (0,-0) (0,0)
 (0,-0) (0,0) (0,0) (0,0) (0,0) (0,0)
 (0,-0) (0,0) (0,0) (0,0) (0,0) (0,0)
 (0,-0) (-0,0) (0,0) (0,0) (-0.50288,0) (-0.273927,0.415509)
 (0,-0) (0,0) (0,0) (0,0) (-0.273927,-0.415509) (0.501742,0)
 6.0000000e+04 fs:
 (0,0) (0,-0) (0,0) (0,0) (-0,0) (-0,0)
 (-0,0) (0,0) (-0,0) (0,0) (0,-0) (0,0)
 (0,0) (0,-0) (0,0) (0,0) (-0,0) (0,-0)
 (0,0) (0,0) (0,0) (0,0) (-0,0) (0,-0)
 (0,-0) (-0,0) (0,-0) (0,-0) (-0.502913,0) (-0.27387,0.415505)
 (0,-0) (0,0) (-0,0) (-0,0) (-0.27387,-0.415505) (0.501776,0)
 6.1000000e+04 fs:
 (0,0) (0,-0) (-0,0) (0,0) (-0,0) (-0,0)
 (-0,0) (0,0) (0,-0) (0,-0) (0,-0) (0,0)
 (0,-0) (-0,0) (0,0) (0,0) (0,0) (0,0)
 (0,0) (-0,0) (0,0) (0,0) (0,0) (-0,0)
 (0,-0) (-0,0) (0,0) (0,0) (-0.502947,0) (-0.273814,0.415502)
 (0,-0) (0,0) (0,0) (0,-0) (-0.273814,-0.415502) (0.501809,0)
 6.2000000e+04 fs:
 (0,0) (0,-0) (0,-0) (0,-0) (-0,0) (-0,0)
 (-0,0) (0,0) (0,0) (0,0) (0,-0) (0,0)
 (-0,0) (0,0) (0,0) (0,0) (0,-0) (0,0)
 (-0,0) (0,0) (0,0) (0,0) (0,-0) (0,0)
 (0,-0) (-0,0) (-0,0) (-0,0) (-0.50298,0) (-0.273758,0.415498)
 (0,-0) (0,0) (0,0) (0,0) (-0.273758,-0.415498) (0.501842,0)
 6.3000000e+04 fs:
 (0,0) (0,0) (0,0) (0,0) (-0,0) (0,-0)
 (0,0) (0,0) (-0,0) (-0,0) (-0,0) (0,-0)
 (0,0) (0,-0) (0,0) (0,0) (0,0) (-0,0)
 (0,0) (0,-0) (0,0) (0,0) (0,0) (-0,0)
 (0,-0) (0,-0) (0,0) (0,0) (-0.503014,0) (-0.273702,0.415495)
 (-0,0) (-0,0) (0,-0) (0,-0) (-0.273702,-0.415495) (0.501876,0)
 6.4000000e+04 fs:
 (0,0) (0,0) (0,-0) (-0,0) (-0,0) (0,-0)
 (0,0) (0,0) (0,-0) (0,-0) (-0,0) (0,-0)
 (-0,0) (-0,0) (0,0) (0,0) (0,-0) (0,0)
 (0,-0) (-0,0) (0,0) (0,0) (0,0) (0,0)
 (0,-0) (0,-0) (-0,0) (0,0) (-0.503047,0) (-0.273646,0.415492)
 (-0,0) (-0,0) (0,0) (0,0) (-0.273646,-0.415492) (0.501909,0)
 6.5000000e+04 fs:
 (0,0) (0,0) (0,0) (0,0) (-0,0) (0,-0)
 (0,0) (0,0) (0,0) (0,0) (-0,0) (0,-0)
 (0,0) (0,0) (0,0) (0,0) (-0,0) (0,-0)
 (0,0) (0,0) (0,0) (0,0) (-0,0) (0,-0)
 (0,-0) (0,-0) (0,-0) (0,-0) (-0.503081,0) (-0.27359,0.415488)
 (-0,0) (-0,0) (-0,0) (-0,0) (-0.27359,-0.415488) (0.501943,0)
 6.6000000e+04 fs:
 (0,0) (0,0) (-0,0) (-0,0) (-0,0) (0,-0)
 (0,0) (0,0) (-0,0) (-0,0) (-0,0) (0,-0)
 (0,-0) (0,-0) (0,0) (0,0) (0,0) (0,0)
 (0,-0) (0,-0) (0,0) (0,0) (0,0) (0,0)
 (0,-0) (0,-0) (0,0) (0,0) (-0.503114,0) (-0.273533,0.415485)
 (-0,0) (-0,0) (0,0) (0,0) (-0.273533,-0.415485) (0.501976,0)
 6.7000000e+04 fs:
 (0,0) (0,0) (0,0) (0,0) (-0,0) (0,-0)
 (0,0) (0,0) (0,0) (0,-0) (-0,0) (0,-0)
 (0,0) (0,0) (0,0) (0,0) (0,-0) (0,0)
 (0,0) (-0,0) (0,0) (0,0) (0,-0) (0,0)
 (0,-0) (0,-0) (-0,0) (-0,0) (-0.503148,0) (-0.273477,0.415481)
 (-0,0) (-0,0) (0,0) (0,0) (-0.273477,-0.415481) (0.502009,0)
 6.8000000e+04 fs:
 (0,0) (0,0) (0,0) (0,0) (-0,0) (0,-0)
 (0,0) (0,0) (0,0) (0,0) (0,0) (0,-0)
 (0,0) (0,0) (0,0) (0,0) (0,0) (-0,0)
 (0,0) (0,0) (0,0) (0,0) (0,0) (-0,0)
 (0,-0) (0,0) (0,0) (0,0) (-0.503181,0) (-0.273421,0.415478)
 (-0,0) (-0,0) (0,-0) (0,-0) (-0.273421,-0.415478) (0.502043,0)
 6.9000000e+04 fs:
 (0,0) (0,0) (0,-0) (0,-0) (-0,0) (0,-0)
 (0,0) (0,0) (-0,0) (-0,0) (0,0) (0,-0)
 (-0,0) (0,-0) (0,0) (0,0) (0,-0) (0,0)
 (-0,0) (0,-0) (0,0) (0,0) (0,-0) (0,0)
 (0,-0) (0,0) (-0,0) (-0,0) (-0.503215,0) (-0.273365,0.415474)
 (-0,0) (-0,0) (0,0) (0,0) (-0.273365,-0.415474) (0.502076,0)
 7.0000000e+04 fs:
 (0,0) (0,0) (0,0) (0,0) (-0,0) (0,-0)
 (0,0) (0,0) (0,0) (0,0) (0,0) (-0,0)
 (0,0) (0,0) (0,0) (0,0) (-0,0) (0,-0)
 (0,0) (0,0) (0,0) (0,0) (0,0) (0,-0)
 (0,-0) (0,0) (0,-0) (0,0) (-0.503248,0) (-0.273309,0.415471)
 (-0,0) (0,-0) (-0,0) (-0,0) (-0.273309,-0.415471) (0.50211,0)
 7.1000000e+04 fs:
 (0,0) (-0,0) (-0,0) (-0,0) (-0,0) (0,-0)
 (0,-0) (0,0) (0,0) (0,0) (0,0) (-0,0)
 (0,-0) (0,0) (0,0) (0,0) (0,0) (-0,0)
 (0,-0) (0,0) (0,0) (0,0) (0,0) (0,0)
 (0,-0) (0,0) (0,0) (0,0) (-0.503282,0) (-0.273252,0.415467)
 (-0,0) (0,-0) (0,-0) (0,0) (-0.273252,-0.415467) (0.502143,0)
 7.2000000e+04 fs:
 (0,0) (-0,0) (0,0) (0,0) (-0,0) (0,-0)
 (0,-0) (0,0) (0,-0) (0,-0) (0,0) (-0,0)
 (0,0) (-0,0) (0,0) (0,0) (-0,0) (0,0)
 (0,0) (-0,0) (0,0) (0,0) (-0,0) (0,0)
 (0,-0) (0,0) (0,-0) (0,-0) (-0.503315,0) (-0.273196,0.415464)
 (-0,0) (0,-0) (0,0) (0,0) (-0.273196,-0.415464) (0.502176,0)
 7.3000000e+04 fs:
 (0,0) (-0,0) (-0,0) (-0,0) (-0,0) (0,-0)
 (0,-0) (0,0) (0,0) (0,0) (0,0) (-0,0)
 (0,-0) (0,0) (0,0) (0,0) (0,0) (-0,0)
 (0,-0) (0,0) (0,0) (0,0) (0,0) (-0,0)
 (0,-0) (0,0) (0,0) (0,0) (-0.503349,0) (-0.27314,0.41546)
 (-0,0) (0,-0) (0,-0) (0,-0) (-0.27314,-0.41546) (0.50221,0)
 7.4000000e+04 fs:
 (0,0) (-0,0) (0,-0) (0,0) (-0,0) (0,0)
 (0,-0) (0,0) (0,0) (-0,0) (0,0) (-0,0)
 (-0,0) (0,0) (0,0) (0,0) (0,-0) (0,0)
 (0,0) (0,-0) (0,0) (0,0) (0,-0) (0,0)
 (0,-0) (0,0) (-0,0) (-0,0) (-0.503382,0) (-0.273084,0.415457)
 (0,0) (0,-0) (0,0) (0,0) (-0.273084,-0.415457) (0.502243,0)
 7.5000000e+04 fs:
 (0,0) (0,-0) (0,0) (0,0) (-0,0) (0,0)
 (-0,0) (0,0) (0,-0) (0,-0) (0,0) (-0,0)
 (0,0) (-0,0) (0,0) (0,0) (0,0) (0,-0)
 (0,0) (-0,0) (0,0) (0,0) (0,0) (0,-0)
 (0,-0) (0,0) (0,0) (0,0) (-0.503415,0) (-0.273028,0.415453)
 (0,0) (0,-0) (-0,0) (-0,0) (-0.273028,-0.415453) (0.502277,0)
 7.6000000e+04 fs:
 (0,0) (0,-0) (0,-0) (0,-0) (-0,0) (0,0)
 (-0,0) (0,0) (0,0) (0,0) (0,0) (0,0)
 (-0,0) (0,0) (0,0) (0,0) (0,0) (-0,0)
 (-0,0) (0,0) (0,0) (0,0) (0,-0) (0,0)
 (0,-0) (0,0) (0,0) (-0,0) (-0.503449,0) (-0.272971,0.41545)
 (0,0) (0,0) (0,-0) (0,0) (-0.272971,-0.41545) (0.50231,0)
 7.7000000e+04 fs:
 (0,0) (0,-0) (0,0) (0,0) (-0,0) (0,0)
 (-0,0) (0,0) (-0,0) (-0,0) (0,-0) (0,0)
 (0,0) (0,-0) (0,0) (0,0) (-0,0) (0,0)
 (0,0) (0,-0) (0,0) (0,0) (-0,0) (0,0)
 (0,-0) (-0,0) (0,-0) (0,-0) (-0.503482,0) (-0.272915,0.415446)
 (0,0) (0,0) (0,0) (0,0) (-0.272915,-0.415446) (0.502343,0)
 7.8000000e+04 fs:
 (0,0) (0,-0) (-0,0) (-0,0) (-0,0) (0,0)
 (-0,0) (0,0) (0,-0) (0,0) (0,-0) (0,0)
 (0,-0) (-0,0) (0,0) (0,0) (0,0) (0,-0)
 (0,-0) (0,0) (0,0) (0,0) (0,0) (-0,0)
 (0,-0) (-0,0) (0,0) (0,0) (-0.503516,0) (-0.272859,0.415443)
 (0,0) (0,0) (-0,0) (0,-0) (-0.272859,-0.415443) (0.502377,0)
 7.9000000e+04 fs:
 (0,0) (0,-0) (0,0) (0,0) (-0,0) (0,0)
 (-0,0) (0,0) (0,0) (0,0) (0,-0) (0,0)
 (0,0) (0,0) (0,0) (0,0) (0,-0) (0,0)
 (0,0) (0,0) (0,0) (0,0) (-0,0) (0,0)
 (0,-0) (-0,0) (-0,0) (0,-0) (-0.503549,0) (-0.272803,0.415439)
 (0,0) (0,0) (0,0) (0,0) (-0.272803,-0.415439) (0.50241,0)
 8.0000000e+04 fs:
 (0,0) (0,0) (0,0) (-0,0) (-0,0) (0,0)
 (0,0) (0,0) (-0,0) (0,-0) (0,-0) (0,0)
 (0,0) (0,-0) (0,0) (0,0) (0,0) (0,-0)
 (0,-0) (-0,0) (0,0) (0,0) (0,0) (0,-0)
 (0,-0) (-0,0) (0,0) (0,0) (-0.503583,0) (-0.272746,0.415436)
 (0,0) (0,0) (-0,0) (-0,0) (-0.272746,-0.415436) (0.502443,0)
 8.1000000e+04 fs:
 (0,0) (0,0) (0,-0) (0,0) (-0,0) (0,0)
 (0,0) (0,0) (0,-0) (0,0) (-0,0) (0,0)
 (-0,0) (-0,0) (0,0) (0,0) (0,0) (-0,0)
 (0,0) (0,0) (0,0) (0,0) (0,-0) (0,0)
 (0,-0) (0,-0) (0,0) (-0,0) (-0.503616,0) (-0.27269,0.415432)
 (0,0) (0,0) (0,-0) (0,0) (-0.27269,-0.415432) (0.502477,0)
 8.2000000e+04 fs:
 (0,0) (0,0) (0,0) (0,0) (-0,0) (0,0)
 (0,0) (0,0) (0,0) (-0,0) (-0,0) (0,0)
 (0,0) (0,0) (0,0) (0,0) (-0,0) (0,0)
 (0,0) (0,-0) (0,0) (0,0) (0,0) (0,-0)
 (0,-0) (0,-0) (0,-0) (0,0) (-0.50365,0) (-0.272634,0.415429)
 (0,0) (0,0) (0,0) (-0,0) (-0.272634,-0.415429) (0.50251,0)
 8.3000000e+04 fs:
 (0,0) (0,0) (-0,0) (0,-0) (-0,0) (0,0)
 (0,0) (0,0) (-0,0) (0,-0) (-0,0) (0,0)
 (0,-0) (0,-0) (0,0) (0,0) (0,0) (0,-0)
 (-0,0) (-0,0) (0,0) (0,0) (0,-0) (-0,0)
 (0,-0) (0,-0) (0,0) (-0,0) (-0.503683,0) (-0.272578,0.415425)
 (0,0) (0,0) (-0,0) (0,-0) (-0.272578,-0.415425) (0.502543,0)
 8.4000000e+04 fs:
 (0,0) (0,0) (0,0) (0,0) (-0,0) (0,0)
 (0,0) (0,0) (0,0) (0,0) (-0,0) (0,0)
 (0,0) (0,0) (0,0) (0,0) (0,-0) (0,0)
 (0,0) (0,0) (0,0) (0,0) (-0,0) (0,0)
 (0,-0) (0,-0) (-0,0) (0,-0) (-0.503716,0) (-0.272521,0.415422)
 (0,0) (0,0) (0,0) (0,0) (-0.272521,-0.415422) (0.502577,0)
 8.5000000e+04 fs:
 (0,0) (0,0) (0,0) (-0,0) (-0,0) (0,0)
 (0,0) (0,0) (0,0) (-0,0) (-0,0) (0,0)
 (0,0) (0,0) (0,0) (-0,0) (0,0) (0,0)
 (0,-0) (0,-0) (0,-0) (0,0) (0,0) (0,-0)
 (0,-0) (0,-0) (0,0) (0,0) (-0.50375,0) (-0.272465,0.415418)
 (0,0) (0,0) (0,0) (-0,0) (-0.272465,-0.415418) (0.50261,0)
 8.6000000e+04 fs:
 (0,0) (0,0) (0,-0) (0,0) (-0,0) (0,0)
 (0,0) (0,0) (-0,0) (0,0) (0,0) (0,0)
 (-0,0) (0,-0) (0,0) (-0,0) (0,-0) (-0,0)
 (0,0) (0,0) (0,-0) (0,0) (-0,0) (0,0)
 (0,-0) (0,0) (-0,0) (0,-0) (-0.503783,0) (-0.272409,0.415415)
 (0,0) (0,0) (0,-0) (0,0) (-0.272409,-0.415415) (0.502644,0)
 8.7000000e+04 fs:
 (0,0) (0,0) (0,0) (-0,0) (-0,0) (0,0)
 (0,0) (0,0) (0,0) (0,0) (0,0) (0,0)
 (0,0) (0,0) (0,0) (-0,0) (-0,0) (0,0)
 (0,-0) (0,0) (0,-0) (0,0) (0,0) (0,-0)
 (0,-0) (0,0) (0,-0) (0,0) (-0.503817,0) (-0.272352,0.415411)
 (0,0) (0,0) (0,0) (-0,0) (-0.272352,-0.415411) (0.502677,0)
 8.8000000e+04 fs:
 (0,0) (-0,0) (-0,0) (0,0) (-0,0) (0,0)
 (0,-0) (0,0) (0,0) (0,-0) (0,0) (0,0)
 (0,-0) (0,0) (0,0) (-0,0) (0,0) (0,-0)
 (0,0) (-0,0) (0,-0) (0,0) (0,-0) (-0,0)
 (0,-0) (0,0) (0,0) (-0,0) (-0.50385,0) (-0.272296,0.415408)
 (0,0) (0,0) (-0,0) (0,-0) (-0.272296,-0.415408) (0.50271,0)
 8.9000000e+04 fs:
 (0,0) (-0,0) (0,0) (0,0) (-0,0) (0,0)
 (0,-0) (0,0) (0,-0) (0,0) (0,0) (0,0)
 (0,0) (-0,0) (0,0) (-0,0) (-0,0) (0,0)
 (0,0) (0,0) (0,-0) (0,0) (0,0) (0,0)
 (0,-0) (0,0) (0,-0) (0,0) (-0.503884,0) (-0.27224,0.415404)
 (0,0) (0,0) (0,0) (0,0) (-0.27224,-0.415404) (0.502744,0)
 9.0000000e+04 fs:
 (0,0) (-0,0) (-0,0) (0,-0) (-0,0) (0,0)
 (0,-0) (0,0) (0,0) (0,0) (0,0) (0,-0)
 (0,-0) (0,0) (0,0) (-0,0) (0,0) (0,0)
 (-0,0) (0,0) (0,-0) (0,0) (0,-0) (-0,0)
 (0,-0) (0,0) (0,0) (-0,0) (-0.503917,0) (-0.272183,0.415401)
 (0,0) (-0,0) (0,0) (0,-0) (-0.272183,-0.415401) (0.502777,0)
 9.1000000e+04 fs:
 (0,0) (-0,0) (0,-0) (0,0) (-0,0) (0,0)
 (0,-0) (0,0) (-0,0) (0,-0) (0,0) (0,-0)
 (-0,0) (0,-0) (0,0) (-0,0) (0,-0) (-0,0)
 (0,0) (-0,0) (0,-0) (0,0) (-0,0) (0,0)
 (0,-0) (0,0) (-0,0) (0,-0) (-0.50395,0) (-0.272127,0.415397)
 (0,0) (-0,0) (0,-0) (0,0) (-0.272127,-0.415397) (0.50281,0)
 9.2000000e+04 fs:
 (0,0) (0,-0) (0,0) (0,-0) (-0,0) (0,0)
 (-0,0) (0,0) (0,-0) (0,0) (0,0) (0,-0)
 (0,0) (-0,0) (0,0) (-0,0) (-0,0) (0,0)
 (-0,0) (0,0) (0,-0) (0,0) (0,0) (0,-0)
 (0,-0) (0,0) (0,-0) (0,0) (-0.503984,0) (-0.272071,0.415394)
 (0,0) (-0,0) (0,0) (-0,0) (-0.272071,-0.415394) (0.502844,0)
 9.3000000e+04 fs:
 (0,0) (0,-0) (0,-0) (0,0) (-0,0) (0,0)
 (-0,0) (0,0) (0,0) (-0,0) (0,0) (0,-0)
 (-0,0) (0,0) (0,0) (-0,0) (0,0) (0,-0)
 (0,0) (0,-0) (0,-0) (0,0) (-0,0) (-0,0)
 (0,-0) (0,0) (0,0) (0,-0) (-0.504017,0) (-0.272014,0.41539)
 (0,0) (-0,0) (-0,0) (0,-0) (-0.272014,-0.41539) (0.502877,0)
 9.4000000e+04 fs:
 (0,0) (0,-0) (0,0) (-0,0) (-0,0) (0,0)
 (-0,0) (0,0) (-0,0) (0,-0) (0,0) (0,-0)
 (0,0) (0,-0) (0,0) (-0,0) (-0,0) (-0,0)
 (0,-0) (-0,0) (0,-0) (0,0) (0,0) (0,0)
 (0,-0) (0,0) (0,-0) (0,0) (-0.504051,0) (-0.271958,0.415386)
 (0,0) (-0,0) (0,-0) (0,0) (-0.271958,-0.415386) (0.50291,0)
 9.5000000e+04 fs:
 (0,0) (0,-0) (-0,0) (0,0) (-0,0) (-0,0)
 (-0,0) (0,0) (0,-0) (0,0) (0,-0) (0,-0)
 (0,-0) (-0,0) (0,0) (-0,0) (0,0) (0,0)
 (0,0) (0,0) (0,-0) (0,0) (0,-0) (-0,0)
 (0,-0) (-0,0) (0,0) (-0,0) (-0.504084,0) (-0.271902,0.415383)
 (0,-0) (-0,0) (0,0) (0,-0) (-0.271902,-0.415383) (0.502944,0)
 9.6000000e+04 fs:
 (0,0) (0,0) (0,0) (0,0) (-0,0) (-0,0)
 (0,0) (0,0) (0,0) (-0,0) (0,-0) (0,-0)
 (0,0) (0,0) (0,0) (-0,0) (0,-0) (-0,0)
 (0,0) (0,-0) (0,-0) (0,0) (0,0) (0,0)
 (0,-0) (-0,0) (-0,0) (0,0) (-0.504117,0) (-0.271845,0.415379)
 (0,-0) (-0,0) (0,-0) (0,0) (-0.271845,-0.415379) (0.502977,0)
 9.7000000e+04 fs:
 (0,0) (0,0) (0,0) (0,-0) (-0,0) (-0,0)
 (0,0) (0,0) (-0,0) (0,0) (0,-0) (-0,0)
 (0,0) (0,-0) (0,0) (-0,0) (0,0) (0,0)
 (-0,0) (0,0) (0,-0) (0,0) (0,0) (0,-0)
 (0,-0) (-0,0) (0,0) (0,0) (-0.504151,0) (-0.271789,0.415376)
 (0,-0) (0,-0) (0,0) (-0,0) (-0.271789,-0.415376) (0.50301,0)
 9.8000000e+04 fs:
 (0,0) (0,0) (0,-0) (0,0) (-0,0) (-0,0)
 (0,0) (0,0) (0,-0) (0,0) (0,-0) (-0,0)
 (-0,0) (-0,0) (0,0) (-0,0) (0,0) (0,-0)
 (0,0) (0,0) (0,-0) (0,0) (-0,0) (-0,0)
 (0,-0) (-0,0) (0,0) (0,-0) (-0.504184,0) (-0.271733,0.415372)
 (0,-0) (0,-0) (-0,0) (0,-0) (-0.271733,-0.415372) (0.503044,0)
 9.9000000e+04 fs:
 (0,0) (0,0) (0,0) (0,-0) (-0,0) (-0,0)
 (0,0) (0,0) (0,0) (0,-0) (-0,0) (-0,0)
 (0,0) (0,0) (0,0) (-0,0) (-0,0) (-0,0)
 (-0,0) (-0,0) (0,-0) (0,0) (0,0) (0,0)
 (0,-0) (0,-0) (0,-0) (0,0) (-0.504218,0) (-0.271676,0.415369)
 (0,-0) (0,-0) (0,-0) (0,0) (-0.271676,-0.415369) (0.503077,0)
