 0.0000000e+00 fs:
 (0,0) (0,0) (0,0) (0,0) (0,0) (0,0)
 (0,0) (0,0) (0,0) (0,0) (0,0) (0,0)
 (0,0) (0,0) (0,0) (0,0) (0,0) (0,0)
 (0,0) (0,0) (0,0) (0,0) (0,0) (0,0)
 (0,0) (0,0) (0,0) (0,0) (0,-1.10859e-08) (-0.679433,0.195884)
 (0,0) (0,0) (0,0) (0,0) (-0.679433,-0.195884) (0,1.12008e-08)
 1.0000000e+03 fs:
 (0,0) (0,0) (0,0) (0,0) (0,0) (0,0)
 (0,0) (0,0) (0,0) (0,0) (0,0) (0,0)
 (0,0) (0,0) (0,0) (0,0) (0,0) (0,0)
 (0,0) (0,0) (0,0) (0,0) (0,0) (0,0)
 (0,0) (0,0) (0,0) (0,0) (0.00459165,-4.03366e-10) (-0.22043,-0.671697)
 (0,0) (0,0) (0,0) (0,0) (-0.22043,0.671697) (0.0211313,4.0755e-10)
 2.0000000e+03 fs:
 (0,0) (0,0) (0,0) (0,0) (0,-0) (0,-0)
 (0,0) (0,0) (0,0) (0,0) (0,-0) (0,-0)
 (0,0) (0,0) (0,0) (0,0) (0,-0) (0,-0)
 (0,0) (0,0) (0,0) (0,0) (0,-0) (0,-0)
 (0,0) (0,0) (0,0) (0,0) (-0.00557658,-7.2348e-11) (-0.200299,-0.678089)
 (0,0) (0,0) (0,0) (0,0) (-0.200299,0.678089) (0.0109745,7.30983e-11)
 3.0000000e+03 fs:
 (0,0) (0,0) (0,0) (0,0) (0,0) (0,0)
 (0,0) (0,0) (0,0) (0,0) (0,0) (0,0)
 (0,0) (0,0) (0,0) (0,0) (0,0) (0,0)
 (0,0) (0,0) (0,0) (0,0) (0,0) (0,0)
 (0,0) (0,0) (0,0) (0,0) (-0.00683593,-3.78869e-11) (-0.198191,-0.678712)
 (0,0) (0,0) (0,0) (0,0) (-0.198191,0.678712) (0.00971532,3.82798e-11)
 4.0000000e+03 fs:
 (0,0) (0,0) (0,0) (0,0) (0,0) (0,0)
 (0,0) (0,0) (0,0) (0,0) (0,0) (0,0)
 (0,0) (0,0) (0,0) (0,0) (0,0) (0,0)
 (0,0) (0,0) (0,0) (0,0) (0,0) (0,0)
 (0,0) (0,0) (0,0) (0,0) (-0.00730176,-2.55996e-11) (-0.197439,-0.678932)
 (0,0) (0,0) (0,0) (0,0) (-0.197439,0.678932) (0.0092495,2.58651e-11)
 5.0000000e+03 fs:
 (0,0) (0,0) (0,0) (0,0) (0,0) (0,0)
 (0,0) (0,0) (0,0) (0,0) (0,0) (0,0)
 (0,0) (0,0) (0,0) (0,0) (0,0) (0,0)
 (0,0) (0,0) (0,0) (0,0) (0,0) (0,0)
 (0,0) (0,0) (0,0) (0,0) (-0.00754027,-1.93283e-11) (-0.197055,-0.679044)
 (0,0) (0,0) (0,0) (0,0) (-0.197055,0.679044) (0.00901099,1.95287e-11)
 6.0000000e+03 fs:
 (0,0) (0,0) (0,0) (0,0) (0,-0) (0,-0)
 (0,0) (0,0) (0,0) (0,0) (0,-0) (0,-0)
 (0,0) (0,0) (0,0) (0,0) (0,-0) (0,-0)
 (0,0) (0,0) (0,0) (0,0) (0,-0) (0,-0)
 (0,0) (0,0) (0,0) (0,0) (-0.00768492,-1.55248e-11) (-0.196822,-0.679111)
 (0,0) (0,0) (0,0) (0,0) (-0.196822,0.679111) (0.00886633,1.56858e-11)
 7.0000000e+03 fs:
 (0,0) (0,0) (0,0) (0,0) (0,0) (0,0)
 (0,0) (0,0) (0,0) (0,0) (0,0) (0,0)
 (0,0) (0,0) (0,0) (0,0) (0,0) (0,0)
 (0,0) (0,0) (0,0) (0,0) (0,0) (0,0)
 (0,0) (0,0) (0,0) (0,0) (-0.00778199,-1.2972e-11) (-0.196665,-0.679157)
 (0,0) (0,0) (0,0) (0,0) (-0.196665,0.679157) (0.00876924,1.31065e-11)
 8.0000000e+03 fs:
 (0,0) (0,0) (0,0) (0,0) (0,0) (0,0)
 (0,0) (0,0) (0,0) (0,0) (0,0) (0,0)
 (0,0) (0,0) (0,0) (0,0) (0,0) (0,0)
 (0,0) (0,0) (0,0) (0,0) (0,0) (0,0)
 (0,0) (0,0) (0,0) (0,0) (-0.00785166,-1.11401e-11) (-0.196553,-0.679189)
 (0,0) (0,0) (0,0) (0,0) (-0.196553,0.679189) (0.00869957,1.12556e-11)
 9.0000000e+03 fs:
 (0,0) (0,0) (0,0) (0,0) (0,0) (0,0)
 (0,0) (0,0) (0,0) (0,0) (0,0) (0,0)
 (0,0) (0,0) (0,0) (0,0) (0,0) (0,0)
 (0,0) (0,0) (0,0) (0,0) (0,0) (0,0)
 (0,0) (0,0) (0,0) (0,0) (-0.00790409,-9.76144e-12) (-0.196469,-0.679214)
 (0,0) (0,0) (0,0) (0,0) (-0.196469,0.679214) (0.00864714,9.86267e-12)
 1.0000000e+04 fs:
 (0,0) (0,0) (0,0) (0,0) (0,-0) (0,-0)
 (0,0) (0,0) (0,0) (0,0) (0,-0) (0,-0)
 (0,0) (0,0) (0,0) (0,0) (0,-0) (0,-0)
 (0,0) (0,0) (0,0) (0,0) (0,-0) (0,-0)
 (0,0) (0,0) (0,0) (0,0) (-0.00794497,-8.68639e-12) (-0.196403,-0.679233)
 (0,0) (0,0) (0,0) (0,0) (-0.196403,0.679233) (0.00860625,8.77648e-12)
 1.1000000e+04 fs:
 (0,0) (0,0) (0,0) (0,0) (0,0) (0,0)
 (0,0) (0,0) (0,0) (0,0) (0,0) (0,0)
 (0,0) (0,0) (0,0) (0,0) (0,0) (0,0)
 (0,0) (0,0) (0,0) (0,0) (0,0) (0,0)
 (0,0) (0,0) (0,0) (0,0) (-0.00797774,-7.82459e-12) (-0.19635,-0.679248)
 (0,0) (0,0) (0,0) (0,0) (-0.19635,0.679248) (0.00857348,7.90574e-12)
 1.2000000e+04 fs:
 (0,0) (0,0) (0,0) (0,0) (0,0) (0,0)
 (0,0) (0,0) (0,0) (0,0) (0,0) (0,0)
 (0,0) (0,0) (0,0) (0,0) (0,0) (0,0)
 (0,0) (0,0) (0,0) (0,0) (0,0) (0,0)
 (0,0) (0,0) (0,0) (0,0) (-0.0080046,-7.11831e-12) (-0.196307,-0.679261)
 (0,0) (0,0) (0,0) (0,0) (-0.196307,0.679261) (0.00854661,7.19214e-12)
 1.3000000e+04 fs:
 (0,0) (0,0) (0,0) (0,0) (0,0) (0,0)
 (0,0) (0,0) (0,0) (0,0) (0,0) (0,0)
 (0,0) (0,0) (0,0) (0,0) (0,0) (0,0)
 (0,0) (0,0) (0,0) (0,0) (0,0) (0,0)
 (0,0) (0,0) (0,0) (0,0) (-0.00802701,-6.52894e-12) (-0.196271,-0.679271)
 (0,0) (0,0) (0,0) (0,0) (-0.196271,0.679271) (0.0085242,6.59665e-12)
 1.4000000e+04 fs:
 (0,0) (0,0) (0,0) (0,0) (0,0) (0,0)
 (0,0) (0,0) (0,0) (0,0) (0,0) (0,0)
 (0,0) (0,0) (0,0) (0,0) (0,0) (0,0)
 (0,0) (0,0) (0,0) (0,0) (0,0) (0,0)
 (0,0) (0,0) (0,0) (0,0) (-0.008046,-6.02967e-12) (-0.19624,-0.67928)
 (0,0) (0,0) (0,0) (0,0) (-0.19624,0.67928) (0.00850521,6.09221e-12)
 1.5000000e+04 fs:
 (0,0) (0,0) (0,0) (0,0) (0,-0) (0,-0)
 (0,0) (0,0) (0,0) (0,0) (0,-0) (0,-0)
 (0,0) (0,0) (0,0) (0,0) (0,-0) (0,-0)
 (0,0) (0,0) (0,0) (0,0) (0,-0) (0,-0)
 (0,0) (0,0) (0,0) (0,0) (-0.00806229,-5.60131e-12) (-0.196214,-0.679288)
 (0,0) (0,0) (0,0) (0,0) (-0.196214,0.679288) (0.00848892,5.6594e-12)
 1.6000000e+04 fs:
 (0,0) (0,0) (0,0) (0,0) (0,0) (0,0)
 (0,0) (0,0) (0,0) (0,0) (0,0) (0,0)
 (0,0) (0,0) (0,0) (0,0) (0,0) (0,0)
 (0,0) (0,0) (0,0) (0,0) (0,0) (0,0)
 (0,0) (0,0) (0,0) (0,0) (-0.00807642,-5.22975e-12) (-0.196191,-0.679294)
 (0,0) (0,0) (0,0) (0,0) (-0.196191,0.679294) (0.00847479,5.28399e-12)
 1.7000000e+04 fs:
 (0,0) (0,0) (0,0) (0,0) (0,0) (0,0)
 (0,0) (0,0) (0,0) (0,0) (0,0) (0,0)
 (0,0) (0,0) (0,0) (0,0) (0,0) (0,0)
 (0,0) (0,0) (0,0) (0,0) (0,0) (0,0)
 (0,0) (0,0) (0,0) (0,0) (-0.00808879,-4.9044e-12) (-0.196171,-0.6793)
 (0,0) (0,0) (0,0) (0,0) (-0.196171,0.6793) (0.00846241,4.95526e-12)
 1.8000000e+04 fs:
 (0,0) (0,0) (0,0) (0,0) (0,0) (0,0)
 (0,0) (0,0) (0,0) (0,0) (0,0) (0,0)
 (0,0) (0,0) (0,0) (0,0) (0,0) (0,0)
 (0,0) (0,0) (0,0) (0,0) (0,0) (0,0)
 (0,0) (0,0) (0,0) (0,0) (-0.00809972,-4.61714e-12) (-0.196154,-0.679305)
 (0,0) (0,0) (0,0) (0,0) (-0.196154,0.679305) (0.00845149,4.66502e-12)
 1.9000000e+04 fs:
 (0,0) (0,0) (0,0) (0,0) (0,-0) (0,-0)
 (0,0) (0,0) (0,0) (0,0) (0,-0) (0,-0)
 (0,0) (0,0) (0,0) (0,0) (0,-0) (0,-0)
 (0,0) (0,0) (0,0) (0,0) (0,-0) (0,-0)
 (0,0) (0,0) (0,0) (0,0) (-0.00810943,-4.36165e-12) (-0.196138,-0.67931)
 (0,0) (0,0) (0,0) (0,0) (-0.196138,0.67931) (0.00844177,4.40688e-12)
 2.0000000e+04 fs:
 (0,0) (0,0) (0,0) (0,0) (0,0) (0,0)
 (0,0) (0,0) (0,0) (0,0) (0,0) (0,0)
 (0,0) (0,0) (0,0) (0,0) (0,0) (0,0)
 (0,0) (0,0) (0,0) (0,0) (0,0) (0,0)
 (0,0) (0,0) (0,0) (0,0) (-0.00811813,-4.13293e-12) (-0.196124,-0.679314)
 (0,0) (0,0) (0,0) (0,0) (-0.196124,0.679314) (0.00843307,4.1758e-12)
 2.1000000e+04 fs:
 (0,0) (0,0) (0,0) (0,0) (0,0) (0,0)
 (0,0) (0,0) (0,0) (0,0) (0,0) (0,0)
 (0,0) (0,0) (0,0) (0,0) (0,0) (0,0)
 (0,0) (0,0) (0,0) (0,0) (0,0) (0,0)
 (0,0) (0,0) (0,0) (0,0) (-0.00812596,-3.927e-12) (-0.196111,-0.679317)
 (0,0) (0,0) (0,0) (0,0) (-0.196111,0.679317) (0.00842524,3.96773e-12)
 2.2000000e+04 fs:
 (0,0) (0,0) (0,0) (0,0) (0,0) (0,0)
 (0,0) (0,0) (0,0) (0,0) (0,0) (0,0)
 (0,0) (0,0) (0,0) (0,0) (0,0) (0,0)
 (0,0) (0,0) (0,0) (0,0) (0,0) (0,0)
 (0,0) (0,0) (0,0) (0,0) (-0.00813305,-3.7406e-12) (-0.1961,-0.679321)
 (0,0) (0,0) (0,0) (0,0) (-0.1961,0.679321) (0.00841815,3.77939e-12)
 2.3000000e+04 fs:
 (0,0) (0,0) (0,0) (0,0) (0,0) (0,0)
 (0,0) (0,0) (0,0) (0,0) (0,0) (0,0)
 (0,0) (0,0) (0,0) (0,0) (0,0) (0,0)
 (0,0) (0,0) (0,0) (0,0) (0,0) (0,0)
 (0,0) (0,0) (0,0) (0,0) (-0.0081395,-3.57108e-12) (-0.196089,-0.679324)
 (0,0) (0,0) (0,0) (0,0) (-0.196089,0.679324) (0.0084117,3.60812e-12)
 2.4000000e+04 fs:
 (0,0) (0,0) (0,0) (0,0) (0,-0) (0,-0)
 (0,0) (0,0) (0,0) (0,0) (0,-0) (0,-0)
 (0,0) (0,0) (0,0) (0,0) (0,-0) (0,-0)
 (0,0) (0,0) (0,0) (0,0) (0,-0) (0,-0)
 (0,0) (0,0) (0,0) (0,0) (-0.00814539,-3.41625e-12) (-0.19608,-0.679326)
 (0,0) (0,0) (0,0) (0,0) (-0.19608,0.679326) (0.00840581,3.45169e-12)
 2.5000000e+04 fs:
 (0,0) (0,0) (0,0) (0,0) (0,0) (0,0)
 (0,0) (0,0) (0,0) (0,0) (0,0) (0,0)
 (0,0) (0,0) (0,0) (0,0) (0,0) (0,0)
 (0,0) (0,0) (0,0) (0,0) (0,0) (0,0)
 (0,0) (0,0) (0,0) (0,0) (-0.00815079,-3.27428e-12) (-0.196071,-0.679329)
 (0,0) (0,0) (0,0) (0,0) (-0.196071,0.679329) (0.00840041,3.30824e-12)
 2.6000000e+04 fs:
 (0,0) (0,0) (0,0) (0,0) (0,0) (0,0)
 (0,0) (0,0) (0,0) (0,0) (0,0) (0,0)
 (0,0) (0,0) (0,0) (0,0) (0,0) (0,0)
 (0,0) (0,0) (0,0) (0,0) (0,0) (0,0)
 (0,0) (0,0) (0,0) (0,0) (-0.00815576,-3.14363e-12) (-0.196063,-0.679331)
 (0,0) (0,0) (0,0) (0,0) (-0.196063,0.679331) (0.00839544,3.17624e-12)
 2.7000000e+04 fs:
 (0,0) (0,0) (0,0) (0,0) (0,0) (0,0)
 (0,0) (0,0) (0,0) (0,0) (0,0) (0,0)
 (0,0) (0,0) (0,0) (0,0) (0,0) (0,0)
 (0,0) (0,0) (0,0) (0,0) (0,0) (0,0)
 (0,0) (0,0) (0,0) (0,0) (-0.00816034,-3.023e-12) (-0.196056,-0.679333)
 (0,0) (0,0) (0,0) (0,0) (-0.196056,0.679333) (0.00839085,3.05435e-12)
 2.8000000e+04 fs:
 (0,0) (0,0) (0,0) (0,0) (0,-0) (0,-0)
 (0,0) (0,0) (0,0) (0,0) (0,-0) (0,-0)
 (0,0) (0,0) (0,0) (0,0) (0,-0) (0,-0)
 (0,0) (0,0) (0,0) (0,0) (0,-0) (0,-0)
 (0,0) (0,0) (0,0) (0,0) (-0.00816459,-2.91128e-12) (-0.196049,-0.679335)
 (0,0) (0,0) (0,0) (0,0) (-0.196049,0.679335) (0.0083866,2.94147e-12)
 2.9000000e+04 fs:
 (0,0) (0,0) (0,0) (0,0) (0,0) (0,0)
 (0,0) (0,0) (0,0) (0,0) (0,0) (0,0)
 (0,0) (0,0) (0,0) (0,0) (0,0) (0,0)
 (0,0) (0,0) (0,0) (0,0) (0,0) (0,0)
 (0,0) (0,0) (0,0) (0,0) (-0.00816854,-2.80751e-12) (-0.196043,-0.679337)
 (0,0) (0,0) (0,0) (0,0) (-0.196043,0.679337) (0.00838265,2.83663e-12)
 3.0000000e+04 fs:
 (0,0) (0,0) (0,0) (0,0) (0,0) (0,0)
 (0,0) (0,0) (0,0) (0,0) (0,0) (0,0)
 (0,0) (0,0) (0,0) (0,0) (0,0) (0,0)
 (0,0) (0,0) (0,0) (0,0) (0,0) (0,0)
 (0,0) (0,0) (0,0) (0,0) (-0.00817222,-2.71088e-12) (-0.196037,-0.679339)
 (0,0) (0,0) (0,0) (0,0) (-0.196037,0.679339) (0.00837897,2.73899e-12)
 3.1000000e+04 fs:
 (0,0) (0,0) (0,0) (0,0) (0,0) (0,0)
 (0,0) (0,0) (0,0) (0,0) (0,0) (0,0)
 (0,0) (0,0) (0,0) (0,0) (0,0) (0,0)
 (0,0) (0,0) (0,0) (0,0) (0,0) (0,0)
 (0,0) (0,0) (0,0) (0,0) (-0.00817565,-2.62067e-12) (-0.196031,-0.67934)
 (0,0) (0,0) (0,0) (0,0) (-0.196031,0.67934) (0.00837554,2.64785e-12)
 3.2000000e+04 fs:
 (0,0) (0,0) (0,0) (0,0) (0,-0) (0,-0)
 (0,0) (0,0) (0,0) (0,0) (0,-0) (0,-0)
 (0,0) (0,0) (0,0) (0,0) (0,-0) (0,-0)
 (0,0) (0,0) (0,0) (0,0) (0,-0) (0,-0)
 (0,0) (0,0) (0,0) (0,0) (-0.00817886,-2.53627e-12) (-0.196026,-0.679342)
 (0,0) (0,0) (0,0) (0,0) (-0.196026,0.679342) (0.00837233,2.56258e-12)
 3.3000000e+04 fs:
 (0,0) (0,0) (0,0) (0,0) (0,0) (0,0)
 (0,0) (0,0) (0,0) (0,0) (0,0) (0,0)
 (0,0) (0,0) (0,0) (0,0) (0,0) (0,0)
 (0,0) (0,0) (0,0) (0,0) (0,0) (0,0)
 (0,0) (0,0) (0,0) (0,0) (-0.00818187,-2.45713e-12) (-0.196021,-0.679343)
 (0,0) (0,0) (0,0) (0,0) (-0.196021,0.679343) (0.00836932,2.48261e-12)
 3.4000000e+04 fs:
 (0,0) (0,0) (0,0) (0,0) (0,0) (0,0)
 (0,0) (0,0) (0,0) (0,0) (0,0) (0,0)
 (0,0) (0,0) (0,0) (0,0) (0,0) (0,0)
 (0,0) (0,0) (0,0) (0,0) (0,0) (0,0)
 (0,0) (0,0) (0,0) (0,0) (-0.0081847,-2.38277e-12) (-0.196017,-0.679345)
 (0,0) (0,0) (0,0) (0,0) (-0.196017,0.679345) (0.00836649,2.40749e-12)
 3.5000000e+04 fs:
 (0,0) (0,0) (0,0) (0,0) (0,0) (0,0)
 (0,0) (0,0) (0,0) (0,0) (0,0) (0,0)
 (0,0) (0,0) (0,0) (0,0) (0,0) (0,0)
 (0,0) (0,0) (0,0) (0,0) (0,0) (0,0)
 (0,0) (0,0) (0,0) (0,0) (-0.00818736,-2.31278e-12) (-0.196012,-0.679346)
 (0,0) (0,0) (0,0) (0,0) (-0.196012,0.679346) (0.00836383,2.33677e-12)
 3.6000000e+04 fs:
 (0,0) (0,0) (0,0) (0,0) (0,0) (0,0)
 (0,0) (0,0) (0,0) (0,0) (0,0) (0,0)
 (0,0) (0,0) (0,0) (0,0) (0,0) (0,0)
 (0,0) (0,0) (0,0) (0,0) (0,0) (0,0)
 (0,0) (0,0) (0,0) (0,0) (-0.00818987,-2.24678e-12) (-0.196008,-0.679347)
 (0,0) (0,0) (0,0) (0,0) (-0.196008,0.679347) (0.00836132,2.27008e-12)
 3.7000000e+04 fs:
 (0,0) (0,0) (0,0) (0,0) (0,-0) (0,-0)
 (0,0) (0,0) (0,0) (0,0) (0,-0) (0,-0)
 (0,0) (0,0) (0,0) (0,0) (0,-0) (0,-0)
 (0,0) (0,0) (0,0) (0,0) (0,-0) (0,-0)
 (0,0) (0,0) (0,0) (0,0) (-0.00819225,-2.18444e-12) (-0.196004,-0.679348)
 (0,0) (0,0) (0,0) (0,0) (-0.196004,0.679348) (0.00835894,2.20709e-12)
 3.8000000e+04 fs:
 (0,0) (0,0) (0,0) (0,0) (0,0) (0,0)
 (0,0) (0,0) (0,0) (0,0) (0,0) (0,0)
 (0,0) (0,0) (0,0) (0,0) (0,0) (0,0)
 (0,0) (0,0) (0,0) (0,0) (0,0) (0,0)
 (0,0) (0,0) (0,0) (0,0) (-0.00819449,-2.12545e-12) (-0.196001,-0.679349)
 (0,0) (0,0) (0,0) (0,0) (-0.196001,0.679349) (0.0083567,2.1475e-12)
 3.9000000e+04 fs:
 (0,0) (0,0) (0,0) (0,0) (0,0) (0,0)
 (0,0) (0,0) (0,0) (0,0) (0,0) (0,0)
 (0,0) (0,0) (0,0) (0,0) (0,0) (0,0)
 (0,0) (0,0) (0,0) (0,0) (0,0) (0,0)
 (0,0) (0,0) (0,0) (0,0) (-0.00819662,-2.06957e-12) (-0.195997,-0.67935)
 (0,0) (0,0) (0,0) (0,0) (-0.195997,0.67935) (0.00835457,2.09103e-12)
 4.0000000e+04 fs:
 (0,0) (0,0) (0,0) (0,0) (0,0) (0,0)
 (0,0) (0,0) (0,0) (0,0) (0,0) (0,0)
 (0,0) (0,0) (0,0) (0,0) (0,0) (0,0)
 (0,0) (0,0) (0,0) (0,0) (0,0) (0,0)
 (0,0) (0,0) (0,0) (0,0) (-0.00819863,-2.01655e-12) (-0.195994,-0.679351)
 (0,0) (0,0) (0,0) (0,0) (-0.195994,0.679351) (0.00835255,2.03746e-12)
 4.1000000e+04 fs:
 (0,0) (0,0) (0,0) (0,0) (0,-0) (0,-0)
 (0,0) (0,0) (0,0) (0,0) (0,-0) (0,-0)
 (0,0) (0,0) (0,0) (0,0) (0,-0) (0,-0)
 (0,0) (0,0) (0,0) (0,0) (0,-0) (0,-0)
 (0,0) (0,0) (0,0) (0,0) (-0.00820055,-1.96617e-12) (-0.195991,-0.679352)
 (0,0) (0,0) (0,0) (0,0) (-0.195991,0.679352) (0.00835064,1.98656e-12)
 4.2000000e+04 fs:
 (0,0) (0,0) (0,0) (0,0) (0,0) (0,0)
 (0,0) (0,0) (0,0) (0,0) (0,0) (0,0)
 (0,0) (0,0) (0,0) (0,0) (0,0) (0,0)
 (0,0) (0,0) (0,0) (0,0) (0,0) (0,0)
 (0,0) (0,0) (0,0) (0,0) (-0.00820238,-1.91824e-12) (-0.195988,-0.679353)
 (0,0) (0,0) (0,0) (0,0) (-0.195988,0.679353) (0.00834881,1.93814e-12)
 4.3000000e+04 fs:
 (0,0) (0,0) (0,0) (0,0) (0,0) (0,0)
 (0,0) (0,0) (0,0) (0,0) (0,0) (0,0)
 (0,0) (0,0) (0,0) (0,0) (0,0) (0,0)
 (0,0) (0,0) (0,0) (0,0) (0,0) (0,0)
 (0,0) (0,0) (0,0) (0,0) (-0.00820411,-1.87259e-12) (-0.195985,-0.679354)
 (0,0) (0,0) (0,0) (0,0) (-0.195985,0.679354) (0.00834707,1.89201e-12)
 4.4000000e+04 fs:
 (0,0) (0,0) (0,0) (0,0) (0,0) (0,0)
 (0,0) (0,0) (0,0) (0,0) (0,0) (0,0)
 (0,0) (0,0) (0,0) (0,0) (0,0) (0,0)
 (0,0) (0,0) (0,0) (0,0) (0,0) (0,0)
 (0,0) (0,0) (0,0) (0,0) (-0.00820577,-1.82906e-12) (-0.195983,-0.679354)
 (0,0) (0,0) (0,0) (0,0) (-0.195983,0.679354) (0.00834542,1.84803e-12)
 4.5000000e+04 fs:
 (0,0) (0,0) (0,0) (0,0) (0,0) (0,0)
 (0,0) (0,0) (0,0) (0,0) (0,0) (0,0)
 (0,0) (0,0) (0,0) (0,0) (0,0) (0,0)
 (0,0) (0,0) (0,0) (0,0) (0,0) (0,0)
 (0,0) (0,0) (0,0) (0,0) (-0.00820735,-1.78751e-12) (-0.19598,-0.679355)
 (0,0) (0,0) (0,0) (0,0) (-0.19598,0.679355) (0.00834383,1.80605e-12)
 4.6000000e+04 fs:
 (0,0) (0,0) (0,0) (0,0) (0,-0) (0,-0)
 (0,0) (0,0) (0,0) (0,0) (0,-0) (0,-0)
 (0,0) (0,0) (0,0) (0,0) (0,-0) (0,-0)
 (0,0) (0,0) (0,0) (0,0) (0,-0) (0,-0)
 (0,0) (0,0) (0,0) (0,0) (-0.00820886,-1.7478e-12) (-0.195978,-0.679356)
 (0,0) (0,0) (0,0) (0,0) (-0.195978,0.679356) (0.00834232,1.76593e-12)
 4.7000000e+04 fs:
 (0,0) (0,0) (0,0) (0,0) (0,0) (0,0)
 (0,0) (0,0) (0,0) (0,0) (0,0) (0,0)
 (0,0) (0,0) (0,0) (0,0) (0,0) (0,0)
 (0,0) (0,0) (0,0) (0,0) (0,0) (0,0)
 (0,0) (0,0) (0,0) (0,0) (-0.00821031,-1.70981e-12) (-0.195975,-0.679356)
 (0,0) (0,0) (0,0) (0,0) (-0.195975,0.679356) (0.00834088,1.72754e-12)
 4.8000000e+04 fs:
 (0,0) (0,0) (0,0) (0,0) (0,0) (0,0)
 (0,0) (0,0) (0,0) (0,0) (0,0) (0,0)
 (0,0) (0,0) (0,0) (0,0) (0,0) (0,0)
 (0,0) (0,0) (0,0) (0,0) (0,0) (0,0)
 (0,0) (0,0) (0,0) (0,0) (-0.00821169,-1.67344e-12) (-0.195973,-0.679357)
 (0,0) (0,0) (0,0) (0,0) (-0.195973,0.679357) (0.00833949,1.69079e-12)
 4.9000000e+04 fs:
 (0,0) (0,0) (0,0) (0,0) (0,0) (0,0)
 (0,0) (0,0) (0,0) (0,0) (0,0) (0,0)
 (0,0) (0,0) (0,0) (0,0) (0,0) (0,0)
 (0,0) (0,0) (0,0) (0,0) (0,0) (0,0)
 (0,0) (0,0) (0,0) (0,0) (-0.00821302,-1.63858e-12) (-0.195971,-0.679358)
 (0,0) (0,0) (0,0) (0,0) (-0.195971,0.679358) (0.00833816,1.65557e-12)
 5.0000000e+04 fs:
 (0,0) (0,0) (0,0) (0,0) (0,-0) (0,-0)
 (0,0) (0,0) (0,0) (0,0) (0,-0) (0,-0)
 (0,0) (0,0) (0,0) (0,0) (0,-0) (0,-0)
 (0,0) (0,0) (0,0) (0,0) (0,-0) (0,-0)
 (0,0) (0,0) (0,0) (0,0) (-0.0082143,-1.60514e-12) (-0.195969,-0.679358)
 (0,0) (0,0) (0,0) (0,0) (-0.195969,0.679358) (0.00833689,1.62178e-12)
 5.1000000e+04 fs:
 (0,0) (0,0) (0,0) (0,0) (0,0) (0,0)
 (0,0) (0,0) (0,0) (0,0) (0,0) (0,0)
 (0,0) (0,0) (0,0) (0,0) (0,0) (0,0)
 (0,0) (0,0) (0,0) (0,0) (0,0) (0,0)
 (0,0) (0,0) (0,0) (0,0) (-0.00821552,-1.57303e-12) (-0.195967,-0.679359)
 (0,0) (0,0) (0,0) (0,0) (-0.195967,0.679359) (0.00833567,1.58935e-12)
 5.2000000e+04 fs:
 (0,0) (0,0) (0,0) (0,0) (0,0) (0,0)
 (0,0) (0,0) (0,0) (0,0) (0,0) (0,0)
 (0,0) (0,0) (0,0) (0,0) (0,0) (0,0)
 (0,0) (0,0) (0,0) (0,0) (0,0) (0,0)
 (0,0) (0,0) (0,0) (0,0) (-0.00821669,-1.54218e-12) (-0.195965,-0.679359)
 (0,0) (0,0) (0,0) (0,0) (-0.195965,0.679359) (0.00833449,1.55818e-12)
 5.3000000e+04 fs:
 (0,0) (0,0) (0,0) (0,0) (0,0) (0,0)
 (0,0) (0,0) (0,0) (0,0) (0,0) (0,0)
 (0,0) (0,0) (0,0) (0,0) (0,0) (0,0)
 (0,0) (0,0) (0,0) (0,0) (0,0) (0,0)
 (0,0) (0,0) (0,0) (0,0) (-0.00821782,-1.51252e-12) (-0.195963,-0.67936)
 (0,0) (0,0) (0,0) (0,0) (-0.195963,0.67936) (0.00833336,1.52821e-12)
 5.4000000e+04 fs:
 (0,0) (0,0) (0,0) (0,0) (0,-0) (0,-0)
 (0,0) (0,0) (0,0) (0,0) (0,-0) (0,-0)
 (0,0) (0,0) (0,0) (0,0) (0,-0) (0,-0)
 (0,0) (0,0) (0,0) (0,0) (0,-0) (0,-0)
 (0,0) (0,0) (0,0) (0,0) (-0.00821891,-1.48398e-12) (-0.195962,-0.67936)
 (0,0) (0,0) (0,0) (0,0) (-0.195962,0.67936) (0.00833227,1.49937e-12)
 5.5000000e+04 fs:
 (0,0) (0,0) (0,0) (0,0) (0,0) (0,0)
 (0,0) (0,0) (0,0) (0,0) (0,0) (0,0)
 (0,0) (0,0) (0,0) (0,0) (0,0) (0,0)
 (0,0) (0,0) (0,0) (0,0) (0,0) (0,0)
 (0,0) (0,0) (0,0) (0,0) (-0.00821996,-1.45649e-12) (-0.19596,-0.679361)
 (0,0) (0,0) (0,0) (0,0) (-0.19596,0.679361) (0.00833123,1.47159e-12)
 5.6000000e+04 fs:
 (0,0) (0,0) (0,0) (0,0) (0,0) (0,0)
 (0,0) (0,0) (0,0) (0,0) (0,0) (0,0)
 (0,0) (0,0) (0,0) (0,0) (0,0) (0,0)
 (0,0) (0,0) (0,0) (0,0) (0,0) (0,0)
 (0,0) (0,0) (0,0) (0,0) (-0.00822097,-1.42999e-12) (-0.195958,-0.679361)
 (0,0) (0,0) (0,0) (0,0) (-0.195958,0.679361) (0.00833022,1.44483e-12)
 5.7000000e+04 fs:
 (0,0) (0,0) (0,0) (0,0) (0,0) (0,0)
 (0,0) (0,0) (0,0) (0,0) (0,0) (0,0)
 (0,0) (0,0) (0,0) (0,0) (0,0) (0,0)
 (0,0) (0,0) (0,0) (0,0) (0,0) (0,0)
 (0,0) (0,0) (0,0) (0,0) (-0.00822194,-1.40445e-12) (-0.195957,-0.679362)
 (0,0) (0,0) (0,0) (0,0) (-0.195957,0.679362) (0.00832924,1.41901e-12)
 5.8000000e+04 fs:
 (0,0) (0,0) (0,0) (0,0) (0,0) (0,0)
 (0,0) (0,0) (0,0) (0,0) (0,0) (0,0)
 (0,0) (0,0) (0,0) (0,0) (0,0) (0,0)
 (0,0) (0,0) (0,0) (0,0) (0,0) (0,0)
 (0,0) (0,0) (0,0) (0,0) (-0.00822288,-1.3798e-12) (-0.195955,-0.679362)
 (0,0) (0,0) (0,0) (0,0) (-0.195955,0.679362) (0.0083283,1.39411e-12)
 5.9000000e+04 fs:
 (0,0) (0,0) (0,0) (0,0) (0,-0) (0,-0)
 (0,0) (0,0) (0,0) (0,0) (0,-0) (0,-0)
 (0,0) (0,0) (0,0) (0,0) (0,-0) (0,-0)
 (0,0) (0,0) (0,0) (0,0) (0,-0) (0,-0)
 (0,0) (0,0) (0,0) (0,0) (-0.00822379,-1.35599e-12) (-0.195954,-0.679363)
 (0,0) (0,0) (0,0) (0,0) (-0.195954,0.679363) (0.0083274,1.37006e-12)
 6.0000000e+04 fs:
 (0,0) (0,0) (0,0) (0,0) (0,0) (0,0)
 (0,0) (0,0) (0,0) (0,0) (0,0) (0,0)
 (0,0) (0,0) (0,0) (0,0) (0,0) (0,0)
 (0,0) (0,0) (0,0) (0,0) (0,0) (0,0)
 (0,0) (0,0) (0,0) (0,0) (-0.00822466,-1.333e-12) (-0.195952,-0.679363)
 (0,0) (0,0) (0,0) (0,0) (-0.195952,0.679363) (0.00832652,1.34682e-12)
 6.1000000e+04 fs:
 (0,0) (0,0) (0,0) (0,0) (0,0) (0,0)
 (0,0) (0,0) (0,0) (0,0) (0,0) (0,0)
 (0,0) (0,0) (0,0) (0,0) (0,0) (0,0)
 (0,0) (0,0) (0,0) (0,0) (0,0) (0,0)
 (0,0) (0,0) (0,0) (0,0) (-0.00822551,-1.31076e-12) (-0.195951,-0.679363)
 (0,0) (0,0) (0,0) (0,0) (-0.195951,0.679363) (0.00832567,1.32436e-12)
 6.2000000e+04 fs:
 (0,0) (0,0) (0,0) (0,0) (0,0) (0,0)
 (0,0) (0,0) (0,0) (0,0) (0,0) (0,0)
 (0,0) (0,0) (0,0) (0,0) (0,0) (0,0)
 (0,0) (0,0) (0,0) (0,0) (0,0) (0,0)
 (0,0) (0,0) (0,0) (0,0) (-0.00822633,-1.28926e-12) (-0.19595,-0.679364)
 (0,0) (0,0) (0,0) (0,0) (-0.19595,0.679364) (0.00832485,1.30263e-12)
 6.3000000e+04 fs:
 (0,0) (0,0) (0,0) (0,0) (0,-0) (0,-0)
 (0,0) (0,0) (0,0) (0,0) (0,-0) (0,-0)
 (0,0) (0,0) (0,0) (0,0) (0,-0) (0,-0)
 (0,0) (0,0) (0,0) (0,0) (0,-0) (0,-0)
 (0,0) (0,0) (0,0) (0,0) (-0.00822713,-1.26845e-12) (-0.195948,-0.679364)
 (0,0) (0,0) (0,0) (0,0) (-0.195948,0.679364) (0.00832406,1.2816e-12)
 6.4000000e+04 fs:
 (0,0) (0,0) (0,0) (0,0) (0,0) (0,0)
 (0,0) (0,0) (0,0) (0,0) (0,0) (0,0)
 (0,0) (0,0) (0,0) (0,0) (0,0) (0,0)
 (0,0) (0,0) (0,0) (0,0) (0,0) (0,0)
 (0,0) (0,0) (0,0) (0,0) (-0.00822789,-1.2483e-12) (-0.195947,-0.679365)
 (0,0) (0,0) (0,0) (0,0) (-0.195947,0.679365) (0.00832329,1.26124e-12)
 6.5000000e+04 fs:
 (0,0) (0,0) (0,0) (0,0) (0,0) (0,0)
 (0,0) (0,0) (0,0) (0,0) (0,0) (0,0)
 (0,0) (0,0) (0,0) (0,0) (0,0) (0,0)
 (0,0) (0,0) (0,0) (0,0) (0,0) (0,0)
 (0,0) (0,0) (0,0) (0,0) (-0.00822864,-1.22878e-12) (-0.195946,-0.679365)
 (0,0) (0,0) (0,0) (0,0) (-0.195946,0.679365) (0.00832254,1.24152e-12)
 6.6000000e+04 fs:
 (0,0) (0,0) (0,0) (0,0) (0,0) (0,0)
 (0,0) (0,0) (0,0) (0,0) (0,0) (0,0)
 (0,0) (0,0) (0,0) (0,0) (0,0) (0,0)
 (0,0) (0,0) (0,0) (0,0) (0,0) (0,0)
 (0,0) (0,0) (0,0) (0,0) (-0.00822936,-1.20985e-12) (-0.195945,-0.679365)
 (0,0) (0,0) (0,0) (0,0) (-0.195945,0.679365) (0.00832182,1.2224e-12)
 6.7000000e+04 fs:
 (0,0) (0,0) (0,0) (0,0) (0,0) (0,0)
 (0,0) (0,0) (0,0) (0,0) (0,0) (0,0)
 (0,0) (0,0) (0,0) (0,0) (0,0) (0,0)
 (0,0) (0,0) (0,0) (0,0) (0,0) (0,0)
 (0,0) (0,0) (0,0) (0,0) (-0.00823006,-1.1915e-12) (-0.195944,-0.679366)
 (0,0) (0,0) (0,0) (0,0) (-0.195944,0.679366) (0.00832112,1.20386e-12)
 6.8000000e+04 fs:
 (0,0) (0,0) (0,0) (0,0) (0,-0) (0,-0)
 (0,0) (0,0) (0,0) (0,0) (0,-0) (0,-0)
 (0,0) (0,0) (0,0) (0,0) (0,-0) (0,-0)
 (0,0) (0,0) (0,0) (0,0) (0,-0) (0,-0)
 (0,0) (0,0) (0,0) (0,0) (-0.00823074,-1.1737e-12) (-0.195943,-0.679366)
 (0,0) (0,0) (0,0) (0,0) (-0.195943,0.679366) (0.00832044,1.18587e-12)
 6.9000000e+04 fs:
 (0,0) (0,0) (0,0) (0,0) (0,0) (0,0)
 (0,0) (0,0) (0,0) (0,0) (0,0) (0,0)
 (0,0) (0,0) (0,0) (0,0) (0,0) (0,0)
 (0,0) (0,0) (0,0) (0,0) (0,0) (0,0)
 (0,0) (0,0) (0,0) (0,0) (-0.0082314,-1.15642e-12) (-0.195941,-0.679366)
 (0,0) (0,0) (0,0) (0,0) (-0.195941,0.679366) (0.00831978,1.16841e-12)
 7.0000000e+04 fs:
 (0,0) (0,0) (0,0) (0,0) (0,0) (0,0)
 (0,0) (0,0) (0,0) (0,0) (0,0) (0,0)
 (0,0) (0,0) (0,0) (0,0) (0,0) (0,0)
 (0,0) (0,0) (0,0) (0,0) (0,0) (0,0)
 (0,0) (0,0) (0,0) (0,0) (-0.00823204,-1.13964e-12) (-0.19594,-0.679367)
 (0,0) (0,0) (0,0) (0,0) (-0.19594,0.679367) (0.00831914,1.15146e-12)
 7.1000000e+04 fs:
 (0,0) (0,0) (0,0) (0,0) (0,0) (0,0)
 (0,0) (0,0) (0,0) (0,0) (0,0) (0,0)
 (0,0) (0,0) (0,0) (0,0) (0,0) (0,0)
 (0,0) (0,0) (0,0) (0,0) (0,0) (0,0)
 (0,0) (0,0) (0,0) (0,0) (-0.00823267,-1.12334e-12) (-0.195939,-0.679367)
 (0,0) (0,0) (0,0) (0,0) (-0.195939,0.679367) (0.00831852,1.13499e-12)
 7.2000000e+04 fs:
 (0,0) (0,0) (0,0) (0,0) (0,-0) (0,-0)
 (0,0) (0,0) (0,0) (0,0) (0,-0) (0,-0)
 (0,0) (0,0) (0,0) (0,0) (0,-0) (0,-0)
 (0,0) (0,0) (0,0) (0,0) (0,-0) (0,-0)
 (0,0) (0,0) (0,0) (0,0) (-0.00823327,-1.1075e-12) (-0.195938,-0.679367)
 (0,0) (0,0) (0,0) (0,0) (-0.195938,0.679367) (0.00831791,1.11899e-12)
 7.3000000e+04 fs:
 (0,0) (0,0) (0,0) (0,0) (0,0) (0,0)
 (0,0) (0,0) (0,0) (0,0) (0,0) (0,0)
 (0,0) (0,0) (0,0) (0,0) (0,0) (0,0)
 (0,0) (0,0) (0,0) (0,0) (0,0) (0,0)
 (0,0) (0,0) (0,0) (0,0) (-0.00823386,-1.0921e-12) (-0.195938,-0.679367)
 (0,0) (0,0) (0,0) (0,0) (-0.195938,0.679367) (0.00831732,1.10342e-12)
 7.4000000e+04 fs:
 (0,0) (0,0) (0,0) (0,0) (0,0) (0,0)
 (0,0) (0,0) (0,0) (0,0) (0,0) (0,0)
 (0,0) (0,0) (0,0) (0,0) (0,0) (0,0)
 (0,0) (0,0) (0,0) (0,0) (0,0) (0,0)
 (0,0) (0,0) (0,0) (0,0) (-0.00823443,-1.07712e-12) (-0.195937,-0.679368)
 (0,0) (0,0) (0,0) (0,0) (-0.195937,0.679368) (0.00831675,1.08829e-12)
 7.5000000e+04 fs:
 (0,0) (0,0) (0,0) (0,0) (0,0) (0,0)
 (0,0) (0,0) (0,0) (0,0) (0,0) (0,0)
 (0,0) (0,0) (0,0) (0,0) (0,0) (0,0)
 (0,0) (0,0) (0,0) (0,0) (0,0) (0,0)
 (0,0) (0,0) (0,0) (0,0) (-0.00823499,-1.06254e-12) (-0.195936,-0.679368)
 (0,0) (0,0) (0,0) (0,0) (-0.195936,0.679368) (0.00831619,1.07356e-12)
 7.6000000e+04 fs:
 (0,0) (0,0) (0,0) (0,0) (0,-0) (0,-0)
 (0,0) (0,0) (0,0) (0,0) (0,-0) (0,-0)
 (0,0) (0,0) (0,0) (0,0) (0,-0) (0,-0)
 (0,0) (0,0) (0,0) (0,0) (0,-0) (0,-0)
 (0,0) (0,0) (0,0) (0,0) (-0.00823553,-1.04835e-12) (-0.195935,-0.679368)
 (0,0) (0,0) (0,0) (0,0) (-0.195935,0.679368) (0.00831565,1.05922e-12)
 7.7000000e+04 fs:
 (0,0) (0,0) (0,0) (0,0) (0,0) (0,0)
 (0,0) (0,0) (0,0) (0,0) (0,0) (0,0)
 (0,0) (0,0) (0,0) (0,0) (0,0) (0,0)
 (0,0) (0,0) (0,0) (0,0) (0,0) (0,0)
 (0,0) (0,0) (0,0) (0,0) (-0.00823606,-1.03454e-12) (-0.195934,-0.679368)
 (0,0) (0,0) (0,0) (0,0) (-0.195934,0.679368) (0.00831512,1.04527e-12)
 7.8000000e+04 fs:
 (0,0) (0,0) (0,0) (0,0) (0,0) (0,0)
 (0,0) (0,0) (0,0) (0,0) (0,0) (0,0)
 (0,0) (0,0) (0,0) (0,0) (0,0) (0,0)
 (0,0) (0,0) (0,0) (0,0) (0,0) (0,0)
 (0,0) (0,0) (0,0) (0,0) (-0.00823658,-1.02108e-12) (-0.195933,-0.679369)
 (0,0) (0,0) (0,0) (0,0) (-0.195933,0.679369) (0.00831461,1.03167e-12)
 7.9000000e+04 fs:
 (0,0) (0,0) (0,0) (0,0) (0,0) (0,0)
 (0,0) (0,0) (0,0) (0,0) (0,0) (0,0)
 (0,0) (0,0) (0,0) (0,0) (0,0) (0,0)
 (0,0) (0,0) (0,0) (0,0) (0,0) (0,0)
 (0,0) (0,0) (0,0) (0,0) (-0.00823708,-1.00797e-12) (-0.195932,-0.679369)
 (0,0) (0,0) (0,0) (0,0) (-0.195932,0.679369) (0.0083141,1.01842e-12)
 8.0000000e+04 fs:
 (0,0) (0,0) (0,0) (0,0) (0,0) (0,0)
 (0,0) (0,0) (0,0) (0,0) (0,0) (0,0)
 (0,0) (0,0) (0,0) (0,0) (0,0) (0,0)
 (0,0) (0,0) (0,0) (0,0) (0,0) (0,0)
 (0,0) (0,0) (0,0) (0,0) (-0.00823757,-9.95188e-13) (-0.195932,-0.679369)
 (0,0) (0,0) (0,0) (0,0) (-0.195932,0.679369) (0.00831362,1.00551e-12)
 8.1000000e+04 fs:
 (0,0) (0,0) (0,0) (0,0) (0,-0) (0,-0)
 (0,0) (0,0) (0,0) (0,0) (0,-0) (0,-0)
 (0,0) (0,0) (0,0) (0,0) (0,-0) (0,-0)
 (0,0) (0,0) (0,0) (0,0) (0,-0) (0,-0)
 (0,0) (0,0) (0,0) (0,0) (-0.00823804,-9.82727e-13) (-0.195931,-0.679369)
 (0,0) (0,0) (0,0) (0,0) (-0.195931,0.679369) (0.00831314,9.92919e-13)
 8.2000000e+04 fs:
 (0,0) (0,0) (0,0) (0,0) (0,0) (0,0)
 (0,0) (0,0) (0,0) (0,0) (0,0) (0,0)
 (0,0) (0,0) (0,0) (0,0) (0,0) (0,0)
 (0,0) (0,0) (0,0) (0,0) (0,0) (0,0)
 (0,0) (0,0) (0,0) (0,0) (-0.00823851,-9.70573e-13) (-0.19593,-0.67937)
 (0,0) (0,0) (0,0) (0,0) (-0.19593,0.67937) (0.00831267,9.80639e-13)
 8.3000000e+04 fs:
 (0,0) (0,0) (0,0) (0,0) (0,0) (0,0)
 (0,0) (0,0) (0,0) (0,0) (0,0) (0,0)
 (0,0) (0,0) (0,0) (0,0) (0,0) (0,0)
 (0,0) (0,0) (0,0) (0,0) (0,0) (0,0)
 (0,0) (0,0) (0,0) (0,0) (-0.00823896,-9.58715e-13) (-0.195929,-0.67937)
 (0,0) (0,0) (0,0) (0,0) (-0.195929,0.67937) (0.00831222,9.68658e-13)
 8.4000000e+04 fs:
 (0,0) (0,0) (0,0) (0,0) (0,0) (0,0)
 (0,0) (0,0) (0,0) (0,0) (0,0) (0,0)
 (0,0) (0,0) (0,0) (0,0) (0,0) (0,0)
 (0,0) (0,0) (0,0) (0,0) (0,0) (0,0)
 (0,0) (0,0) (0,0) (0,0) (-0.00823941,-9.47143e-13) (-0.195929,-0.67937)
 (0,0) (0,0) (0,0) (0,0) (-0.195929,0.67937) (0.00831177,9.56966e-13)
 8.5000000e+04 fs:
 (0,0) (0,0) (0,0) (0,0) (0,-0) (0,-0)
 (0,0) (0,0) (0,0) (0,0) (0,-0) (0,-0)
 (0,0) (0,0) (0,0) (0,0) (0,-0) (0,-0)
 (0,0) (0,0) (0,0) (0,0) (0,-0) (0,-0)
 (0,0) (0,0) (0,0) (0,0) (-0.00823984,-9.35846e-13) (-0.195928,-0.67937)
 (0,0) (0,0) (0,0) (0,0) (-0.195928,0.67937) (0.00831134,9.45552e-13)
 8.6000000e+04 fs:
 (0,0) (0,0) (0,0) (0,0) (0,0) (0,0)
 (0,0) (0,0) (0,0) (0,0) (0,0) (0,0)
 (0,0) (0,0) (0,0) (0,0) (0,0) (0,0)
 (0,0) (0,0) (0,0) (0,0) (0,0) (0,0)
 (0,0) (0,0) (0,0) (0,0) (-0.00824026,-9.24815e-13) (-0.195927,-0.67937)
 (0,0) (0,0) (0,0) (0,0) (-0.195927,0.67937) (0.00831092,9.34406e-13)
 8.7000000e+04 fs:
 (0,0) (0,0) (0,0) (0,0) (0,0) (0,0)
 (0,0) (0,0) (0,0) (0,0) (0,0) (0,0)
 (0,0) (0,0) (0,0) (0,0) (0,0) (0,0)
 (0,0) (0,0) (0,0) (0,0) (0,0) (0,0)
 (0,0) (0,0) (0,0) (0,0) (-0.00824068,-9.1404e-13) (-0.195927,-0.679371)
 (0,0) (0,0) (0,0) (0,0) (-0.195927,0.679371) (0.0083105,9.23519e-13)
 8.8000000e+04 fs:
 (0,0) (0,0) (0,0) (0,0) (0,0) (0,0)
 (0,0) (0,0) (0,0) (0,0) (0,0) (0,0)
 (0,0) (0,0) (0,0) (0,0) (0,0) (0,0)
 (0,0) (0,0) (0,0) (0,0) (0,0) (0,0)
 (0,0) (0,0) (0,0) (0,0) (-0.00824108,-9.03512e-13) (-0.195926,-0.679371)
 (0,0) (0,0) (0,0) (0,0) (-0.195926,0.679371) (0.0083101,9.12883e-13)
 8.9000000e+04 fs:
 (0,0) (0,0) (0,0) (0,0) (0,-0) (0,-0)
 (0,0) (0,0) (0,0) (0,0) (0,-0) (0,-0)
 (0,0) (0,0) (0,0) (0,0) (0,-0) (0,-0)
 (0,0) (0,0) (0,0) (0,0) (0,-0) (0,-0)
 (0,0) (0,0) (0,0) (0,0) (-0.00824148,-8.93224e-13) (-0.195925,-0.679371)
 (0,0) (0,0) (0,0) (0,0) (-0.195925,0.679371) (0.0083097,9.02487e-13)
 9.0000000e+04 fs:
 (0,0) (0,0) (0,0) (0,0) (0,-0) (0,-0)
 (0,0) (0,0) (0,0) (0,0) (0,-0) (0,-0)
 (0,0) (0,0) (0,0) (0,0) (0,-0) (0,-0)
 (0,0) (0,0) (0,0) (0,0) (0,-0) (0,-0)
 (0,0) (0,0) (0,0) (0,0) (-0.00824186,-8.83166e-13) (-0.195925,-0.679371)
 (0,0) (0,0) (0,0) (0,0) (-0.195925,0.679371) (0.00830932,8.92326e-13)
 9.1000000e+04 fs:
 (0,0) (0,0) (0,0) (0,0) (0,0) (0,0)
 (0,0) (0,0) (0,0) (0,0) (0,0) (0,0)
 (0,0) (0,0) (0,0) (0,0) (0,0) (0,0)
 (0,0) (0,0) (0,0) (0,0) (0,0) (0,0)
 (0,0) (0,0) (0,0) (0,0) (-0.00824224,-8.73332e-13) (-0.195924,-0.679371)
 (0,0) (0,0) (0,0) (0,0) (-0.195924,0.679371) (0.00830894,8.82389e-13)
 9.2000000e+04 fs:
 (0,0) (0,0) (0,0) (0,0) (0,0) (0,0)
 (0,0) (0,0) (0,0) (0,0) (0,0) (0,0)
 (0,0) (0,0) (0,0) (0,0) (0,0) (0,0)
 (0,0) (0,0) (0,0) (0,0) (0,0) (0,0)
 (0,0) (0,0) (0,0) (0,0) (-0.00824261,-8.63714e-13) (-0.195924,-0.679371)
 (0,0) (0,0) (0,0) (0,0) (-0.195924,0.679371) (0.00830857,8.72671e-13)
 9.3000000e+04 fs:
 (0,0) (0,0) (0,0) (0,0) (0,0) (0,0)
 (0,0) (0,0) (0,0) (0,0) (0,0) (0,0)
 (0,0) (0,0) (0,0) (0,0) (0,0) (0,0)
 (0,0) (0,0) (0,0) (0,0) (0,0) (0,0)
 (0,0) (0,0) (0,0) (0,0) (-0.00824297,-8.54304e-13) (-0.195923,-0.679372)
 (0,0) (0,0) (0,0) (0,0) (-0.195923,0.679372) (0.00830821,8.63164e-13)
 9.4000000e+04 fs:
 (0,0) (0,0) (0,0) (0,0) (0,-0) (0,-0)
 (0,0) (0,0) (0,0) (0,0) (0,-0) (0,-0)
 (0,0) (0,0) (0,0) (0,0) (0,-0) (0,-0)
 (0,0) (0,0) (0,0) (0,0) (0,-0) (0,-0)
 (0,0) (0,0) (0,0) (0,0) (-0.00824333,-8.45097e-13) (-0.195922,-0.679372)
 (0,0) (0,0) (0,0) (0,0) (-0.195922,0.679372) (0.00830785,8.53862e-13)
 9.5000000e+04 fs:
 (0,0) (0,0) (0,0) (0,0) (0,0) (0,0)
 (0,0) (0,0) (0,0) (0,0) (0,0) (0,0)
 (0,0) (0,0) (0,0) (0,0) (0,0) (0,0)
 (0,0) (0,0) (0,0) (0,0) (0,0) (0,0)
 (0,0) (0,0) (0,0) (0,0) (-0.00824368,-8.36086e-13) (-0.195922,-0.679372)
 (0,0) (0,0) (0,0) (0,0) (-0.195922,0.679372) (0.0083075,8.44757e-13)
 9.6000000e+04 fs:
 (0,0) (0,0) (0,0) (0,0) (0,0) (0,0)
 (0,0) (0,0) (0,0) (0,0) (0,0) (0,0)
 (0,0) (0,0) (0,0) (0,0) (0,0) (0,0)
 (0,0) (0,0) (0,0) (0,0) (0,0) (0,0)
 (0,0) (0,0) (0,0) (0,0) (-0.00824402,-8.27264e-13) (-0.195921,-0.679372)
 (0,0) (0,0) (0,0) (0,0) (-0.195921,0.679372) (0.00830716,8.35843e-13)
 9.7000000e+04 fs:
 (0,0) (0,0) (0,0) (0,0) (0,0) (0,0)
 (0,0) (0,0) (0,0) (0,0) (0,0) (0,0)
 (0,0) (0,0) (0,0) (0,0) (0,0) (0,0)
 (0,0) (0,0) (0,0) (0,0) (0,0) (0,0)
 (0,0) (0,0) (0,0) (0,0) (-0.00824435,-8.18625e-13) (-0.195921,-0.679372)
 (0,0) (0,0) (0,0) (0,0) (-0.195921,0.679372) (0.00830683,8.27115e-13)
 9.8000000e+04 fs:
 (0,0) (0,0) (0,0) (0,0) (0,-0) (0,-0)
 (0,0) (0,0) (0,0) (0,0) (0,-0) (0,-0)
 (0,0) (0,0) (0,0) (0,0) (0,-0) (0,-0)
 (0,0) (0,0) (0,0) (0,0) (0,-0) (0,-0)
 (0,0) (0,0) (0,0) (0,0) (-0.00824468,-8.10165e-13) (-0.19592,-0.679372)
 (0,0) (0,0) (0,0) (0,0) (-0.19592,0.679372) (0.0083065,8.18567e-13)
 9.9000000e+04 fs:
 (0,0) (0,0) (0,0) (0,0) (0,0) (0,0)
 (0,0) (0,0) (0,0) (0,0) (0,0) (0,0)
 (0,0) (0,0) (0,0) (0,0) (0,0) (0,0)
 (0,0) (0,0) (0,0) (0,0) (0,0) (0,0)
 (0,0) (0,0) (0,0) (0,0) (-0.008245,-8.01877e-13) (-0.19592,-0.679372)
 (0,0) (0,0) (0,0) (0,0) (-0.19592,0.679372) (0.00830618,8.10194e-13)
