#time(au), total f, f in each valley
 0.00000000000000e+01 -2.02192141949491e-21
 4.13413741709430e+03 -2.02409468337280e-21
 8.26827483418859e+03 -2.02121391200339e-21
 1.24024122512829e+04 -2.02440008917766e-21
 1.65365496683772e+04 -2.02762839129055e-21
 2.06706870854715e+04 -2.02711906248745e-21
 2.48048245025658e+04 -2.02665856031773e-21
 2.89389619196601e+04 -2.02287784707817e-21
 3.30730993367544e+04 -2.02263179914134e-21
 3.72072367538487e+04 -2.02438668578811e-21
 4.13413741709430e+04 -2.02242596137317e-21
 4.54755115880372e+04 -2.02408415213815e-21
 4.96096490051315e+04 -2.02483091241337e-21
 5.37437864222258e+04 -2.02423637634810e-21
 5.78779238393201e+04 -2.02726267023268e-21
 6.20120612564144e+04 -2.02621146153756e-21
 6.61461986735087e+04 -2.02698694336183e-21
 7.02803360906030e+04 -2.02784571767833e-21
 7.44144735076973e+04 -2.02899840918009e-21
 7.85486109247916e+04 -2.03019801254528e-21
 8.26827483418859e+04 -2.03047852634097e-21
 8.68168857589802e+04 -2.02804485375173e-21
 9.09510231760745e+04 -2.02857715979406e-21
 9.50851605931688e+04 -2.02938327793732e-21
 9.92192980102631e+04 -2.02989547889532e-21
 1.03353435427357e+05 -2.02843067989392e-21
 1.07487572844452e+05 -2.03073702028240e-21
 1.11621710261546e+05 -2.03077627306609e-21
 1.15755847678640e+05 -2.02683567653685e-21
 1.19889985095735e+05 -2.02862215688757e-21
 1.24024122512829e+05 -2.02505206834103e-21
 1.28158259929923e+05 -2.02601711238901e-21
 1.32292397347018e+05 -2.02616167751921e-21
 1.36426534764112e+05 -2.03004578833533e-21
 1.40560672181206e+05 -2.02904532104353e-21
 1.44694809598300e+05 -2.02907021305270e-21
 1.48828947015395e+05 -2.03129517571888e-21
 1.52963084432489e+05 -2.03132485465289e-21
 1.57097221849583e+05 -2.03436455192703e-21
 1.61231359266678e+05 -2.03573648458651e-21
 1.65365496683772e+05 -2.03236457472839e-21
 1.69499634100866e+05 -2.02930572975489e-21
 1.73633771517960e+05 -2.02955560723160e-21
 1.77767908935055e+05 -2.03045363433180e-21
 1.81902046352149e+05 -2.03175376311866e-21
 1.86036183769243e+05 -2.03235595826368e-21
 1.90170321186338e+05 -2.03512758774671e-21
 1.94304458603432e+05 -2.03118316167759e-21
 1.98438596020526e+05 -2.03388777421285e-21
 2.02572733437620e+05 -2.03310750546374e-21
 2.06706870854715e+05 -2.03120901107174e-21
 2.10841008271809e+05 -2.03377671755654e-21
 2.14975145688903e+05 -2.03294666478908e-21
 2.19109283105998e+05 -2.03616443566731e-21
 2.23243420523092e+05 -2.03064319655551e-21
 2.27377557940186e+05 -2.03043544401740e-21
 2.31511695357280e+05 -2.03352779746480e-21
 2.35645832774375e+05 -2.03033396121077e-21
 2.39779970191469e+05 -2.02852641839075e-21
 2.43914107608563e+05 -2.02707980970375e-21
 2.48048245025658e+05 -2.02688833271010e-21
 2.52182382442752e+05 -2.02844887020832e-21
 2.56316519859846e+05 -2.03170876602515e-21
 2.60450657276940e+05 -2.03051203481486e-21
 2.64584794694035e+05 -2.03052352343448e-21
 2.68718932111129e+05 -2.02896394332123e-21
 2.72853069528223e+05 -2.03019896993025e-21
 2.76987206945318e+05 -2.03081935538966e-21
 2.81121344362412e+05 -2.03144165561902e-21
 2.85255481779506e+05 -2.03007833942425e-21
 2.89389619196601e+05 -2.02628039325527e-21
 2.93523756613695e+05 -2.02668632448180e-21
 2.97657894030789e+05 -2.02568011288019e-21
