#time(au), total f, f in each valley
 0.00000000000000e+01  0.00000000000000e+00
 4.13413741709430e+03  0.00000000000000e+00
 8.26827483418859e+03  0.00000000000000e+00
 1.24024122512829e+04  0.00000000000000e+00
 1.65365496683772e+04  0.00000000000000e+00
 2.06706870854715e+04  0.00000000000000e+00
 2.48048245025658e+04  0.00000000000000e+00
 2.89389619196601e+04  0.00000000000000e+00
 3.30730993367544e+04  0.00000000000000e+00
 3.72072367538487e+04  0.00000000000000e+00
 4.13413741709430e+04  0.00000000000000e+00
 4.54755115880372e+04  0.00000000000000e+00
 4.96096490051315e+04  0.00000000000000e+00
 5.37437864222258e+04  0.00000000000000e+00
 5.78779238393201e+04  0.00000000000000e+00
 6.20120612564144e+04  0.00000000000000e+00
 6.61461986735087e+04  0.00000000000000e+00
 7.02803360906030e+04  0.00000000000000e+00
 7.44144735076973e+04  0.00000000000000e+00
 7.85486109247916e+04  0.00000000000000e+00
 8.26827483418859e+04  0.00000000000000e+00
 8.68168857589802e+04  0.00000000000000e+00
 9.09510231760745e+04  0.00000000000000e+00
 9.50851605931688e+04  0.00000000000000e+00
 9.92192980102631e+04  0.00000000000000e+00
 1.03353435427357e+05  0.00000000000000e+00
 1.07487572844452e+05  0.00000000000000e+00
 1.11621710261546e+05  0.00000000000000e+00
 1.15755847678640e+05  0.00000000000000e+00
 1.19889985095735e+05  0.00000000000000e+00
 1.24024122512829e+05  0.00000000000000e+00
 1.28158259929923e+05  0.00000000000000e+00
 1.32292397347018e+05  0.00000000000000e+00
 1.36426534764112e+05  0.00000000000000e+00
 1.40560672181206e+05  0.00000000000000e+00
 1.44694809598300e+05  0.00000000000000e+00
 1.48828947015395e+05  0.00000000000000e+00
 1.52963084432489e+05  0.00000000000000e+00
 1.57097221849583e+05  0.00000000000000e+00
 1.61231359266678e+05  0.00000000000000e+00
 1.65365496683772e+05  0.00000000000000e+00
 1.69499634100866e+05  0.00000000000000e+00
 1.73633771517960e+05  0.00000000000000e+00
 1.77767908935055e+05  0.00000000000000e+00
 1.81902046352149e+05  0.00000000000000e+00
 1.86036183769243e+05  0.00000000000000e+00
 1.90170321186338e+05  0.00000000000000e+00
 1.94304458603432e+05  0.00000000000000e+00
 1.98438596020526e+05  0.00000000000000e+00
 2.02572733437620e+05  0.00000000000000e+00
 2.06706870854715e+05  0.00000000000000e+00
 2.10841008271809e+05  0.00000000000000e+00
 2.14975145688903e+05  0.00000000000000e+00
 2.19109283105998e+05  0.00000000000000e+00
 2.23243420523092e+05  0.00000000000000e+00
 2.27377557940186e+05  0.00000000000000e+00
 2.31511695357280e+05  0.00000000000000e+00
 2.35645832774375e+05  0.00000000000000e+00
 2.39779970191469e+05  0.00000000000000e+00
 2.43914107608563e+05  0.00000000000000e+00
 2.48048245025658e+05  0.00000000000000e+00
 2.52182382442752e+05  0.00000000000000e+00
 2.56316519859846e+05  0.00000000000000e+00
 2.60450657276940e+05  0.00000000000000e+00
 2.64584794694035e+05  0.00000000000000e+00
 2.68718932111129e+05  0.00000000000000e+00
 2.72853069528223e+05  0.00000000000000e+00
 2.76987206945318e+05  0.00000000000000e+00
 2.81121344362412e+05  0.00000000000000e+00
 2.85255481779506e+05  0.00000000000000e+00
 2.89389619196601e+05  0.00000000000000e+00
 2.93523756613695e+05  0.00000000000000e+00
 2.97657894030789e+05  0.00000000000000e+00
