**************************************************
time =  0.000e+00, print energy and ob(e)
--------------------------------------------------
-5.3185922e-03  0.0000000e+00
-5.3002175e-03  0.0000000e+00
-5.2818428e-03  0.0000000e+00
-5.2634682e-03  0.0000000e+00
-5.2450935e-03  0.0000000e+00
-5.2267189e-03  0.0000000e+00
-5.2083442e-03  0.0000000e+00
-5.1899695e-03  0.0000000e+00
-5.1715949e-03  0.0000000e+00
-5.1532202e-03  0.0000000e+00
-5.1348455e-03  0.0000000e+00
-5.1164709e-03  0.0000000e+00
-5.0980962e-03  0.0000000e+00
-5.0797216e-03  0.0000000e+00
-5.0613469e-03  0.0000000e+00
-5.0429722e-03  0.0000000e+00
-5.0245976e-03  0.0000000e+00
-5.0062229e-03  0.0000000e+00
-4.9878483e-03  0.0000000e+00
-4.9694736e-03  0.0000000e+00
-4.9510989e-03  0.0000000e+00
-4.9327243e-03  0.0000000e+00
-4.9143496e-03  0.0000000e+00
-4.8959749e-03  0.0000000e+00
-4.8776003e-03  0.0000000e+00
-4.8592256e-03  0.0000000e+00
-4.8408510e-03  0.0000000e+00
-4.8224763e-03  0.0000000e+00
-4.8041016e-03  0.0000000e+00
-4.7857270e-03  0.0000000e+00
-4.7673523e-03  0.0000000e+00
-4.7489776e-03  0.0000000e+00
-4.7306030e-03  0.0000000e+00
-4.7122283e-03  0.0000000e+00
-4.6938537e-03  0.0000000e+00
-4.6754790e-03  0.0000000e+00
-4.6571043e-03  0.0000000e+00
-4.6387297e-03  0.0000000e+00
-4.6203550e-03  0.0000000e+00
-4.6019804e-03  0.0000000e+00
-4.5836057e-03  0.0000000e+00
-4.5652310e-03  0.0000000e+00
-4.5468564e-03  0.0000000e+00
-4.5284817e-03  0.0000000e+00
-4.5101070e-03  0.0000000e+00
-4.4917324e-03  0.0000000e+00
-4.4733577e-03  0.0000000e+00
-4.4549831e-03  0.0000000e+00
-4.4366084e-03  0.0000000e+00
-4.4182337e-03  0.0000000e+00
-4.3998591e-03  0.0000000e+00
-4.3814844e-03  0.0000000e+00
-4.3631097e-03  0.0000000e+00
-4.3447351e-03  0.0000000e+00
-4.3263604e-03  0.0000000e+00
-4.3079858e-03  0.0000000e+00
-4.2896111e-03  0.0000000e+00
-4.2712364e-03  0.0000000e+00
-4.2528618e-03  0.0000000e+00
-4.2344871e-03  0.0000000e+00
-4.2161125e-03  0.0000000e+00
-4.1977378e-03  0.0000000e+00
-4.1793631e-03  0.0000000e+00
-4.1609885e-03  0.0000000e+00
-4.1426138e-03  0.0000000e+00
-4.1242391e-03  0.0000000e+00
-4.1058645e-03  0.0000000e+00
-4.0874898e-03  0.0000000e+00
-4.0691152e-03  0.0000000e+00
-4.0507405e-03  0.0000000e+00
-4.0323658e-03  0.0000000e+00
-4.0139912e-03  0.0000000e+00
-3.9956165e-03  0.0000000e+00
-3.9772418e-03  0.0000000e+00
-3.9588672e-03  0.0000000e+00
-3.9404925e-03  0.0000000e+00
-3.9221179e-03  0.0000000e+00
-3.9037432e-03  0.0000000e+00
-3.8853685e-03  0.0000000e+00
-3.8669939e-03  0.0000000e+00
-3.8486192e-03  0.0000000e+00
-3.8302446e-03  0.0000000e+00
-3.8118699e-03  0.0000000e+00
-3.7934952e-03  0.0000000e+00
-3.7751206e-03  0.0000000e+00
-3.7567459e-03  0.0000000e+00
-3.7383712e-03  0.0000000e+00
-3.7199966e-03  0.0000000e+00
-3.7016219e-03  0.0000000e+00
-3.6832473e-03  0.0000000e+00
-3.6648726e-03  0.0000000e+00
-3.6464979e-03  0.0000000e+00
-3.6281233e-03  0.0000000e+00
-3.6097486e-03  0.0000000e+00
-3.5913739e-03  0.0000000e+00
-3.5729993e-03  0.0000000e+00
-3.5546246e-03  0.0000000e+00
-3.5362500e-03  0.0000000e+00
-3.5178753e-03  0.0000000e+00
-3.4995006e-03  0.0000000e+00
-3.4811260e-03  0.0000000e+00
-3.4627513e-03  0.0000000e+00
-3.4443767e-03  0.0000000e+00
-3.4260020e-03  0.0000000e+00
-3.4076273e-03  0.0000000e+00
-3.3892527e-03  0.0000000e+00
-3.3708780e-03  0.0000000e+00
-3.3525033e-03  0.0000000e+00
-3.3341287e-03  0.0000000e+00
-3.3157540e-03  0.0000000e+00
-3.2973794e-03  0.0000000e+00
-3.2790047e-03  0.0000000e+00
-3.2606300e-03  0.0000000e+00
-3.2422554e-03  0.0000000e+00
-3.2238807e-03  0.0000000e+00
-3.2055060e-03  0.0000000e+00
-3.1871314e-03  0.0000000e+00
-3.1687567e-03  0.0000000e+00
-3.1503821e-03  0.0000000e+00
-3.1320074e-03  0.0000000e+00
-3.1136327e-03  0.0000000e+00
-3.0952581e-03  0.0000000e+00
-3.0768834e-03  0.0000000e+00
-3.0585088e-03  0.0000000e+00
-3.0401341e-03  0.0000000e+00
-3.0217594e-03  0.0000000e+00
-3.0033848e-03  0.0000000e+00
-2.9850101e-03  0.0000000e+00
-2.9666354e-03  0.0000000e+00
-2.9482608e-03  0.0000000e+00
-2.9298861e-03  0.0000000e+00
-2.9115115e-03  0.0000000e+00
-2.8931368e-03  0.0000000e+00
-2.8747621e-03  0.0000000e+00
-2.8563875e-03  0.0000000e+00
-2.8380128e-03  0.0000000e+00
-2.8196381e-03  0.0000000e+00
-2.8012635e-03  0.0000000e+00
-2.7828888e-03  0.0000000e+00
-2.7645142e-03  0.0000000e+00
-2.7461395e-03  0.0000000e+00
-2.7277648e-03  0.0000000e+00
-2.7093902e-03  0.0000000e+00
-2.6910155e-03  0.0000000e+00
-2.6726409e-03  0.0000000e+00
-2.6542662e-03  0.0000000e+00
-2.6358915e-03  0.0000000e+00
-2.6175169e-03  0.0000000e+00
-2.5991422e-03  0.0000000e+00
-2.5807675e-03  0.0000000e+00
-2.5623929e-03  0.0000000e+00
-2.5440182e-03  0.0000000e+00
-2.5256436e-03  0.0000000e+00
-2.5072689e-03  0.0000000e+00
-2.4888942e-03  0.0000000e+00
-2.4705196e-03  0.0000000e+00
-2.4521449e-03  0.0000000e+00
-2.4337702e-03  0.0000000e+00
-2.4153956e-03  0.0000000e+00
-2.3970209e-03  0.0000000e+00
-2.3786463e-03  0.0000000e+00
-2.3602716e-03  0.0000000e+00
-2.3418969e-03  0.0000000e+00
-2.3235223e-03  0.0000000e+00
-2.3051476e-03  0.0000000e+00
-2.2867730e-03  0.0000000e+00
-2.2683983e-03  0.0000000e+00
-2.2500236e-03  0.0000000e+00
-2.2316490e-03  0.0000000e+00
-2.2132743e-03  0.0000000e+00
-2.1948996e-03  0.0000000e+00
-2.1765250e-03  0.0000000e+00
-2.1581503e-03  0.0000000e+00
-2.1397757e-03  0.0000000e+00
-2.1214010e-03  0.0000000e+00
-2.1030263e-03  0.0000000e+00
-2.0846517e-03  0.0000000e+00
-2.0662770e-03  0.0000000e+00
-2.0479023e-03  0.0000000e+00
-2.0295277e-03  0.0000000e+00
-2.0111530e-03  0.0000000e+00
-1.9927784e-03  0.0000000e+00
-1.9744037e-03  0.0000000e+00
-1.9560290e-03  0.0000000e+00
-1.9376544e-03  0.0000000e+00
-1.9192797e-03  0.0000000e+00
-1.9009051e-03  0.0000000e+00
-1.8825304e-03  0.0000000e+00
-1.8641557e-03  0.0000000e+00
-1.8457811e-03  0.0000000e+00
-1.8274064e-03  0.0000000e+00
-1.8090317e-03  0.0000000e+00
-1.7906571e-03  0.0000000e+00
-1.7722824e-03  0.0000000e+00
-1.7539078e-03  0.0000000e+00
-1.7355331e-03  0.0000000e+00
-1.7171584e-03  0.0000000e+00
-1.6987838e-03  0.0000000e+00
-1.6804091e-03  0.0000000e+00
-1.6620344e-03  0.0000000e+00
-1.6436598e-03  0.0000000e+00
-1.6252851e-03  0.0000000e+00
-1.6069105e-03  0.0000000e+00
-1.5885358e-03  0.0000000e+00
-1.5701611e-03  0.0000000e+00
-1.5517865e-03  0.0000000e+00
-1.5334118e-03  0.0000000e+00
-1.5150372e-03  0.0000000e+00
-1.4966625e-03  0.0000000e+00
-1.4782878e-03  0.0000000e+00
-1.4599132e-03  0.0000000e+00
-1.4415385e-03  0.0000000e+00
-1.4231638e-03  0.0000000e+00
-1.4047892e-03  0.0000000e+00
-1.3864145e-03  0.0000000e+00
-1.3680399e-03  0.0000000e+00
-1.3496652e-03  0.0000000e+00
-1.3312905e-03  0.0000000e+00
-1.3129159e-03  0.0000000e+00
-1.2945412e-03  0.0000000e+00
-1.2761665e-03  0.0000000e+00
-1.2577919e-03  0.0000000e+00
-1.2394172e-03  0.0000000e+00
-1.2210426e-03  0.0000000e+00
-1.2026679e-03  0.0000000e+00
-1.1842932e-03  0.0000000e+00
-1.1659186e-03  0.0000000e+00
-1.1475439e-03  0.0000000e+00
-1.1291693e-03  0.0000000e+00
-1.1107946e-03  0.0000000e+00
-1.0924199e-03  0.0000000e+00
-1.0740453e-03  0.0000000e+00
-1.0556706e-03  0.0000000e+00
-1.0372959e-03  0.0000000e+00
-1.0189213e-03  0.0000000e+00
-1.0005466e-03  0.0000000e+00
-9.8217196e-04  0.0000000e+00
-9.6379730e-04  0.0000000e+00
-9.4542264e-04  0.0000000e+00
-9.2704797e-04  0.0000000e+00
-9.0867331e-04  0.0000000e+00
-8.9029865e-04  0.0000000e+00
-8.7192399e-04  0.0000000e+00
-8.5354933e-04  0.0000000e+00
-8.3517466e-04  0.0000000e+00
-8.1680000e-04  0.0000000e+00
-7.9842534e-04  0.0000000e+00
-7.8005068e-04  0.0000000e+00
-7.6167602e-04  0.0000000e+00
-7.4330135e-04  0.0000000e+00
-7.2492669e-04  0.0000000e+00
-7.0655203e-04  0.0000000e+00
-6.8817737e-04  0.0000000e+00
-6.6980271e-04  0.0000000e+00
-6.5142804e-04  0.0000000e+00
-6.3305338e-04  0.0000000e+00
-6.1467872e-04  0.0000000e+00
-5.9630406e-04  0.0000000e+00
-5.7792940e-04  0.0000000e+00
-5.5955474e-04  0.0000000e+00
-5.4118007e-04  0.0000000e+00
-5.2280541e-04  0.0000000e+00
-5.0443075e-04  0.0000000e+00
-4.8605609e-04  0.0000000e+00
-4.6768143e-04  0.0000000e+00
-4.4930676e-04  0.0000000e+00
-4.3093210e-04  0.0000000e+00
-4.1255744e-04  0.0000000e+00
-3.9418278e-04  0.0000000e+00
-3.7580812e-04  0.0000000e+00
-3.5743345e-04  0.0000000e+00
-3.3905879e-04  0.0000000e+00
-3.2068413e-04  0.0000000e+00
-3.0230947e-04  0.0000000e+00
-2.8393481e-04  0.0000000e+00
-2.6556015e-04  0.0000000e+00
-2.4718548e-04  0.0000000e+00
-2.2881082e-04  0.0000000e+00
-2.1043616e-04  0.0000000e+00
-1.9206150e-04  0.0000000e+00
-1.7368684e-04  0.0000000e+00
-1.5531217e-04  0.0000000e+00
-1.3693751e-04  0.0000000e+00
-1.1856285e-04  0.0000000e+00
-1.0018819e-04  0.0000000e+00
-8.1813526e-05  0.0000000e+00
-6.3438864e-05  0.0000000e+00
-4.5064202e-05  0.0000000e+00
-2.6689540e-05  0.0000000e+00
-8.3148785e-06  0.0000000e+00
 1.0059783e-05  0.0000000e+00
 2.8434445e-05  0.0000000e+00
 4.6809107e-05  0.0000000e+00
 6.5183769e-05  0.0000000e+00
 8.3558431e-05  0.0000000e+00
 1.0193309e-04  0.0000000e+00
 1.2030775e-04  0.0000000e+00
 1.3868242e-04  0.0000000e+00
 1.5705708e-04  0.0000000e+00
 1.7543174e-04  0.0000000e+00
 1.9380640e-04  0.0000000e+00
 2.1218106e-04  0.0000000e+00
 2.3055573e-04  0.0000000e+00
 2.4893039e-04  0.0000000e+00
 2.6730505e-04  0.0000000e+00
 2.8567971e-04  0.0000000e+00
 3.0405437e-04  0.0000000e+00
 3.2242904e-04  0.0000000e+00
 3.4080370e-04  0.0000000e+00
 3.5917836e-04  0.0000000e+00
 3.7755302e-04  0.0000000e+00
 3.9592768e-04  0.0000000e+00
 4.1430235e-04  0.0000000e+00
 4.3267701e-04  0.0000000e+00
 4.5105167e-04  0.0000000e+00
 4.6942633e-04  0.0000000e+00
 4.8780099e-04  0.0000000e+00
 5.0617565e-04  0.0000000e+00
time and density:  0.00000000000000e+01  0.00000000000000e+00
**************************************************
