E(eV) ImSigma(eV)
 1.4299998e+00  9.1686097e-04
 1.4299998e+00  9.1686097e-04
 1.4369632e+00  1.4722663e-03
 1.4369633e+00  1.4722396e-03
 1.4572061e+00  1.0061676e-03
 1.4572074e+00  1.0060203e-03
 1.4890190e+00  4.8899967e-04
 1.4890225e+00  4.8884165e-04
 1.5783034e+00  1.9085338e-04
 1.5783100e+00  1.9080490e-04
 1.5301514e+00  2.2503002e-04
 1.5301570e+00  2.2486957e-04
 1.5301514e+00  2.2503002e-04
 1.5301570e+00  2.2486957e-04
 1.5783034e+00  1.9085338e-04
 1.5783100e+00  1.9080490e-04
 1.4890190e+00  4.8899967e-04
 1.4890225e+00  4.8884165e-04
 1.4572061e+00  1.0061676e-03
 1.4572074e+00  1.0060203e-03
 1.4369632e+00  1.4722663e-03
 1.4369633e+00  1.4722396e-03
 1.4369632e+00  1.4722058e-03
 1.4369633e+00  1.4721787e-03
 1.4392807e+00  1.3097328e-03
 1.4392807e+00  1.3096726e-03
 1.4550411e+00  1.0553767e-03
 1.4551197e+00  1.0546964e-03
 1.4828852e+00  5.4223071e-04
 1.4831055e+00  5.4453963e-04
 1.5998094e+00  3.1467160e-04
 1.6006599e+00  3.1991320e-04
 1.5207426e+00  4.3410037e-04
 1.5211463e+00  4.3573936e-04
 1.5502660e+00  5.1537196e-04
 1.5508966e+00  5.2075880e-04
 1.5663397e+00  3.9598935e-04
 1.5669495e+00  4.0215732e-04
 1.5070249e+00  7.7804490e-04
 1.5074426e+00  7.8152132e-04
 1.4722853e+00  8.9292473e-04
 1.4725124e+00  8.9734958e-04
 1.4483012e+00  8.5252453e-04
 1.4483817e+00  8.5761543e-04
 1.4572062e+00  1.0061519e-03
 1.4572074e+00  1.0060224e-03
 1.4550411e+00  1.0554418e-03
 1.4551198e+00  1.0546588e-03
 1.4662051e+00  3.5848485e-04
 1.4662058e+00  3.5832839e-04
 1.4895292e+00  5.3970934e-04
 1.4897474e+00  5.3702311e-04
 1.5233391e+00  4.0310660e-04
 1.5238785e+00  3.9189070e-04
 1.5801839e+00  7.0152591e-04
 1.5815932e+00  7.0471303e-04
 1.5655227e+00  3.6800100e-04
 1.5664472e+00  3.7341436e-04
 1.5358010e+00  7.6570656e-04
 1.5367729e+00  7.7411845e-04
 1.4991215e+00  6.2150659e-04
 1.4996869e+00  6.3770139e-04
 1.4722853e+00  8.9293125e-04
 1.4725124e+00  8.9738098e-04
 1.4890192e+00  4.8901370e-04
 1.4890224e+00  4.8887229e-04
 1.5783035e+00  1.9088952e-04
 1.5783099e+00  1.9085777e-04
 1.4828852e+00  5.4233200e-04
 1.4831056e+00  5.4454500e-04
 1.5998096e+00  3.1468624e-04
 1.6006599e+00  3.1997296e-04
 1.4895291e+00  5.3978498e-04
 1.4897474e+00  5.3699449e-04
 1.5084158e+00  4.0614761e-04
 1.5084179e+00  4.0590160e-04
 1.5377510e+00  4.6496512e-04
 1.5381453e+00  4.6446622e-04
 1.5968198e+00  4.6467479e-04
 1.5974071e+00  4.6254090e-04
 1.5759086e+00  2.8356917e-04
 1.5768205e+00  2.6838428e-04
 1.5735233e+00  7.3305353e-04
 1.5751286e+00  7.4900023e-04
 1.5759084e+00  2.8365099e-04
 1.5768205e+00  2.6836076e-04
 1.5358011e+00  7.6571215e-04
 1.5367729e+00  7.7413488e-04
 1.5655225e+00  3.6813016e-04
 1.5664472e+00  3.7342423e-04
 1.5070250e+00  7.7805646e-04
 1.5074426e+00  7.8158668e-04
 1.5663396e+00  3.9612250e-04
 1.5669496e+00  4.0217975e-04
 1.5301515e+00  2.2505013e-04
 1.5301570e+00  2.2489802e-04
 1.5301515e+00  2.2505013e-04
 1.5301570e+00  2.2489802e-04
 1.5207425e+00  4.3423354e-04
 1.5211464e+00  4.3576202e-04
 1.5502662e+00  5.1538711e-04
 1.5508966e+00  5.2082975e-04
 1.5233390e+00  4.0320932e-04
 1.5238786e+00  3.9188910e-04
 1.5801840e+00  7.0153683e-04
 1.5815932e+00  7.0475473e-04
 1.5377509e+00  4.6504841e-04
 1.5381454e+00  4.6441897e-04
 1.5968199e+00  4.6457582e-04
 1.5974071e+00  4.6259137e-04
 1.5629622e+00  2.9968109e-04
 1.5629660e+00  2.9942839e-04
 1.5629622e+00  2.9968109e-04
 1.5629660e+00  2.9942839e-04
 1.5968199e+00  4.6457582e-04
 1.5974071e+00  4.6259137e-04
 1.5377509e+00  4.6504841e-04
 1.5381454e+00  4.6441897e-04
 1.5801840e+00  7.0153683e-04
 1.5815932e+00  7.0475473e-04
 1.5233390e+00  4.0320932e-04
 1.5238786e+00  3.9188910e-04
 1.5502662e+00  5.1538711e-04
 1.5508966e+00  5.2082975e-04
 1.5207425e+00  4.3423354e-04
 1.5211464e+00  4.3576202e-04
 1.5783035e+00  1.9088952e-04
 1.5783099e+00  1.9085777e-04
 1.4890192e+00  4.8901370e-04
 1.4890224e+00  4.8887229e-04
 1.5663396e+00  3.9612250e-04
 1.5669496e+00  4.0217975e-04
 1.5070250e+00  7.7805646e-04
 1.5074426e+00  7.8158668e-04
 1.5655225e+00  3.6813016e-04
 1.5664472e+00  3.7342423e-04
 1.5358011e+00  7.6571215e-04
 1.5367729e+00  7.7413488e-04
 1.5759084e+00  2.8365099e-04
 1.5768205e+00  2.6836076e-04
 1.5735233e+00  7.3305353e-04
 1.5751286e+00  7.4900023e-04
 1.5759086e+00  2.8356917e-04
 1.5768205e+00  2.6838428e-04
 1.5968198e+00  4.6467479e-04
 1.5974071e+00  4.6254090e-04
 1.5377510e+00  4.6496512e-04
 1.5381453e+00  4.6446622e-04
 1.5084158e+00  4.0614761e-04
 1.5084179e+00  4.0590160e-04
 1.4895291e+00  5.3978498e-04
 1.4897474e+00  5.3699449e-04
 1.5998096e+00  3.1468624e-04
 1.6006599e+00  3.1997296e-04
 1.4828852e+00  5.4233200e-04
 1.4831056e+00  5.4454500e-04
 1.4572062e+00  1.0061519e-03
 1.4572074e+00  1.0060224e-03
 1.4722853e+00  8.9293125e-04
 1.4725124e+00  8.9738098e-04
 1.4991215e+00  6.2150659e-04
 1.4996869e+00  6.3770139e-04
 1.5358010e+00  7.6570656e-04
 1.5367729e+00  7.7411845e-04
 1.5655227e+00  3.6800100e-04
 1.5664472e+00  3.7341436e-04
 1.5801839e+00  7.0152591e-04
 1.5815932e+00  7.0471303e-04
 1.5233391e+00  4.0310660e-04
 1.5238785e+00  3.9189070e-04
 1.4895292e+00  5.3970934e-04
 1.4897474e+00  5.3702311e-04
 1.4662051e+00  3.5848485e-04
 1.4662058e+00  3.5832839e-04
 1.4550411e+00  1.0554418e-03
 1.4551198e+00  1.0546588e-03
 1.4369632e+00  1.4722058e-03
 1.4369633e+00  1.4721787e-03
 1.4483012e+00  8.5252453e-04
 1.4483817e+00  8.5761543e-04
 1.4722853e+00  8.9292473e-04
 1.4725124e+00  8.9734958e-04
 1.5070249e+00  7.7804490e-04
 1.5074426e+00  7.8152132e-04
 1.5663397e+00  3.9598935e-04
 1.5669495e+00  4.0215732e-04
 1.5502660e+00  5.1537196e-04
 1.5508966e+00  5.2075880e-04
 1.5207426e+00  4.3410037e-04
 1.5211463e+00  4.3573936e-04
 1.5998094e+00  3.1467160e-04
 1.6006599e+00  3.1991320e-04
 1.4828852e+00  5.4223071e-04
 1.4831055e+00  5.4453963e-04
 1.4550411e+00  1.0553767e-03
 1.4551197e+00  1.0546964e-03
 1.4392807e+00  1.3097328e-03
 1.4392807e+00  1.3096726e-03
 1.4369696e+00  1.4724270e-03
 1.4369696e+00  1.4724839e-03
 1.4392807e+00  1.3096744e-03
 1.4392808e+00  1.3097287e-03
 1.4550339e+00  1.0553341e-03
 1.4551132e+00  1.0546215e-03
 1.4828692e+00  5.4198383e-04
 1.4830921e+00  5.4418954e-04
 1.5998594e+00  3.1507269e-04
 1.6006973e+00  3.2011999e-04
 1.5207166e+00  4.3396029e-04
 1.5211258e+00  4.3557965e-04
 1.5503086e+00  5.1586264e-04
 1.5509270e+00  5.2109096e-04
 1.5663043e+00  3.9563705e-04
 1.5669218e+00  4.0190493e-04
 1.5070578e+00  7.7853699e-04
 1.5074663e+00  7.8194338e-04
 1.4723078e+00  8.9315581e-04
 1.4725301e+00  8.9751119e-04
 1.4483147e+00  8.5281017e-04
 1.4483937e+00  8.5790928e-04
 1.4392807e+00  1.3096700e-03
 1.4392807e+00  1.3096842e-03
 1.4369632e+00  1.4721897e-03
 1.4369633e+00  1.4721883e-03
 1.4483013e+00  8.5260068e-04
 1.4483816e+00  8.5755457e-04
 1.4722854e+00  8.9308719e-04
 1.4725124e+00  8.9721915e-04
 1.5070250e+00  7.7826167e-04
 1.5074426e+00  7.8137372e-04
 1.5663396e+00  3.9574272e-04
 1.5669495e+00  4.0224526e-04
 1.5502661e+00  5.1556224e-04
 1.5508966e+00  5.2064914e-04
 1.5207425e+00  4.3387425e-04
 1.5211463e+00  4.3584290e-04
 1.5998095e+00  3.1481008e-04
 1.6006599e+00  3.1983723e-04
 1.4828852e+00  5.4206398e-04
 1.4831055e+00  5.4464726e-04
 1.4550411e+00  1.0552439e-03
 1.4551197e+00  1.0548044e-03
 1.4550340e+00  1.0553332e-03
 1.4551130e+00  1.0546014e-03
 1.4483012e+00  8.5262076e-04
 1.4483816e+00  8.5752120e-04
 1.4550339e+00  1.0553656e-03
 1.4551131e+00  1.0545892e-03
 1.4745579e+00  8.3509693e-04
 1.4747962e+00  8.3328475e-04
 1.5053147e+00  7.6720968e-04
 1.5058335e+00  7.7350748e-04
 1.5921365e+00  4.7978653e-04
 1.5933635e+00  4.9496256e-04
 1.5452305e+00  5.5176668e-04
 1.5460897e+00  5.6435842e-04
 1.5452304e+00  5.5150864e-04
 1.5460897e+00  5.6448701e-04
 1.5921366e+00  4.8006987e-04
 1.5933636e+00  4.9487235e-04
 1.5053146e+00  7.6696567e-04
 1.5058335e+00  7.7366632e-04
 1.4745578e+00  8.3494906e-04
 1.4747962e+00  8.3338496e-04
 1.4828692e+00  5.4199034e-04
 1.4830919e+00  5.4419299e-04
 1.5998593e+00  3.1514602e-04
 1.6006974e+00  3.2016013e-04
 1.4722853e+00  8.9317626e-04
 1.4725123e+00  8.9722301e-04
 1.4745578e+00  8.3517828e-04
 1.4747962e+00  8.3326800e-04
 1.4895146e+00  5.3985476e-04
 1.4897347e+00  5.3708795e-04
 1.5158351e+00  3.6683491e-04
 1.5162966e+00  3.6413851e-04
 1.5517341e+00  4.1128710e-04
 1.5526290e+00  4.0406539e-04
 1.5790470e+00  7.1723689e-04
 1.5805808e+00  7.1612437e-04
 1.6089500e+00  2.3035097e-04
 1.6102540e+00  2.2508228e-04
 1.5952191e+00  4.4158756e-04
 1.5966307e+00  4.3579742e-04
 1.5380194e+00  7.1826963e-04
 1.5390087e+00  7.2471405e-04
 1.5952706e+00  4.4221182e-04
 1.5966727e+00  4.3617429e-04
 1.5053066e+00  7.6705342e-04
 1.5058255e+00  7.7363132e-04
 1.5921884e+00  4.8105122e-04
 1.5934042e+00  4.9567455e-04
 1.5207167e+00  4.3396938e-04
 1.5211256e+00  4.3559059e-04
 1.5503086e+00  5.1596314e-04
 1.5509271e+00  5.2114106e-04
 1.5070250e+00  7.7837332e-04
 1.5074426e+00  7.8139012e-04
 1.5663397e+00  3.9576886e-04
 1.5669496e+00  4.0230536e-04
 1.5053146e+00  7.6733537e-04
 1.5058336e+00  7.7350006e-04
 1.5921367e+00  4.7981693e-04
 1.5933637e+00  4.9503526e-04
 1.5158350e+00  3.6688499e-04
 1.5162966e+00  3.6411066e-04
 1.5377297e+00  4.6506287e-04
 1.5381280e+00  4.6448538e-04
 1.5968414e+00  4.6452093e-04
 1.5974261e+00  4.6253965e-04
 1.5693361e+00  3.5479780e-04
 1.5700568e+00  3.4562896e-04
 1.5693816e+00  3.5417088e-04
 1.5700949e+00  3.4515007e-04
 1.6088999e+00  2.3061054e-04
 1.6102119e+00  2.2527583e-04
 1.5790385e+00  7.1733047e-04
 1.5805725e+00  7.1618105e-04
 1.5517790e+00  4.1115325e-04
 1.5526655e+00  4.0398494e-04
 1.5452135e+00  5.5170090e-04
 1.5460735e+00  5.6444212e-04
 1.5452750e+00  5.5288060e-04
 1.5461238e+00  5.6542852e-04
 1.5663045e+00  3.9565376e-04
 1.5669216e+00  4.0192490e-04
 1.5070578e+00  7.7864066e-04
 1.5074665e+00  7.8198113e-04
 1.5502660e+00  5.1565979e-04
 1.5508966e+00  5.2067114e-04
 1.5207426e+00  4.3388752e-04
 1.5211464e+00  4.3588246e-04
 1.5452303e+00  5.5189429e-04
 1.5460897e+00  5.6436039e-04
 1.5452305e+00  5.5152877e-04
 1.5460898e+00  5.6454547e-04
 1.5517339e+00  4.1138715e-04
 1.5526291e+00  4.0404420e-04
 1.5790470e+00  7.1724781e-04
 1.5805811e+00  7.1614488e-04
 1.6089501e+00  2.3031404e-04
 1.6102542e+00  2.2508718e-04
 1.5693359e+00  3.5485576e-04
 1.5700569e+00  3.4559511e-04
 1.5693816e+00  3.5411792e-04
 1.5700950e+00  3.4517234e-04
 1.5967935e+00  4.6463250e-04
 1.5973873e+00  4.6264093e-04
 1.5377705e+00  4.6487491e-04
 1.5381629e+00  4.6444185e-04
 1.5158725e+00  3.6659504e-04
 1.5163284e+00  3.6402192e-04
 1.5921113e+00  4.7988063e-04
 1.5933397e+00  4.9478094e-04
 1.5053501e+00  7.6787995e-04
 1.5058616e+00  7.7418577e-04
 1.4723078e+00  8.9322720e-04
 1.4725302e+00  8.9752486e-04
 1.5998095e+00  3.1488115e-04
 1.6006598e+00  3.1985368e-04
 1.4828852e+00  5.4206923e-04
 1.4831057e+00  5.4466689e-04
 1.5921365e+00  4.8020835e-04
 1.5933635e+00  4.9488730e-04
 1.5053147e+00  7.6697968e-04
 1.5058337e+00  7.7370360e-04
 1.5952188e+00  4.4172970e-04
 1.5966307e+00  4.3579299e-04
 1.5380194e+00  7.1827329e-04
 1.5390090e+00  7.2471092e-04
 1.5952707e+00  4.4207343e-04
 1.5966728e+00  4.3615764e-04
 1.6088997e+00  2.3064523e-04
 1.6102120e+00  2.2525365e-04
 1.5790384e+00  7.1733094e-04
 1.5805727e+00  7.1616276e-04
 1.5517791e+00  4.1106492e-04
 1.5526655e+00  4.0398709e-04
 1.5158726e+00  3.6655265e-04
 1.5163284e+00  3.6403934e-04
 1.4895454e+00  5.3976436e-04
 1.4897625e+00  5.3724102e-04
 1.4745843e+00  8.3488184e-04
 1.4748191e+00  8.3320623e-04
 1.4483148e+00  8.5283074e-04
 1.4483938e+00  8.5788968e-04
 1.4550411e+00  1.0552425e-03
 1.4551198e+00  1.0547952e-03
 1.4745578e+00  8.3494944e-04
 1.4747963e+00  8.3338189e-04
 1.5053066e+00  7.6704176e-04
 1.5058257e+00  7.7359720e-04
 1.5921886e+00  4.8091069e-04
 1.5934042e+00  4.9563915e-04
 1.5452134e+00  5.5168796e-04
 1.5460737e+00  5.6439536e-04
 1.5452750e+00  5.5275340e-04
 1.5461238e+00  5.6540399e-04
 1.5921111e+00  4.7986617e-04
 1.5933400e+00  4.9473410e-04
 1.5053502e+00  7.6776545e-04
 1.5058615e+00  7.7417785e-04
 1.4745843e+00  8.3480588e-04
 1.4748191e+00  8.3320812e-04
 1.4550528e+00  1.0548149e-03
 1.4551311e+00  1.0543494e-03
 1.4572291e+00  1.0047069e-03
 1.4572291e+00  1.0048707e-03
 1.4550529e+00  1.0550093e-03
 1.4551311e+00  1.0542132e-03
 1.4662052e+00  3.5842289e-04
 1.4662059e+00  3.5839172e-04
 1.4895147e+00  5.3979450e-04
 1.4897348e+00  5.3716104e-04
 1.5233079e+00  4.0366653e-04
 1.5238515e+00  3.9243513e-04
 1.5802690e+00  7.0187714e-04
 1.5816632e+00  7.0504650e-04
 1.5654742e+00  3.6766764e-04
 1.5664054e+00  3.7315948e-04
 1.5358701e+00  7.6614950e-04
 1.5368292e+00  7.7449864e-04
 1.4991732e+00  6.2238057e-04
 1.4997303e+00  6.3855770e-04
 1.4723210e+00  8.9341257e-04
 1.4725445e+00  8.9780598e-04
 1.4550528e+00  1.0549482e-03
 1.4551311e+00  1.0542256e-03
 1.4483148e+00  8.5290676e-04
 1.4483938e+00  8.5781576e-04
 1.4550412e+00  1.0554056e-03
 1.4551198e+00  1.0546619e-03
 1.4745579e+00  8.3509648e-04
 1.4747963e+00  8.3328172e-04
 1.5053066e+00  7.6722772e-04
 1.5058257e+00  7.7348302e-04
 1.5921885e+00  4.8073630e-04
 1.5934042e+00  4.9567613e-04
 1.5452135e+00  5.5183394e-04
 1.5460738e+00  5.6431473e-04
 1.5452750e+00  5.5264145e-04
 1.5461237e+00  5.6545179e-04
 1.5921112e+00  4.7997603e-04
 1.5933400e+00  4.9468030e-04
 1.5053501e+00  7.6770837e-04
 1.5058615e+00  7.7422139e-04
 1.4745842e+00  8.3480806e-04
 1.4748191e+00  8.3320504e-04
 1.4662052e+00  3.5843973e-04
 1.4662057e+00  3.5837001e-04
 1.4550411e+00  1.0554668e-03
 1.4551197e+00  1.0546371e-03
 1.4572062e+00  1.0061237e-03
 1.4572074e+00  1.0060757e-03
 1.4722854e+00  8.9307084e-04
 1.4725124e+00  8.9730339e-04
 1.4991216e+00  6.2163738e-04
 1.4996869e+00  6.3763808e-04
 1.5358011e+00  7.6591522e-04
 1.5367730e+00  7.7404572e-04
 1.5655226e+00  3.6774640e-04
 1.5664472e+00  3.7347299e-04
 1.5801839e+00  7.0178000e-04
 1.5815933e+00  7.0464691e-04
 1.5233390e+00  4.0292906e-04
 1.5238785e+00  3.9196498e-04
 1.4895291e+00  5.3958223e-04
 1.4897473e+00  5.3711112e-04
 1.4895147e+00  5.3980353e-04
 1.4897345e+00  5.3713799e-04
 1.4745578e+00  8.3517363e-04
 1.4747961e+00  8.3326985e-04
 1.4722853e+00  8.9315209e-04
 1.4725124e+00  8.9727753e-04
 1.4828692e+00  5.4200416e-04
 1.4830920e+00  5.4421403e-04
 1.5998594e+00  3.1527281e-04
 1.6006972e+00  3.2016049e-04
 1.5053066e+00  7.6723525e-04
 1.5058256e+00  7.7356292e-04
 1.5921885e+00  4.8116289e-04
 1.5934041e+00  4.9568362e-04
 1.5380195e+00  7.1847202e-04
 1.5390089e+00  7.2466917e-04
 1.5952190e+00  4.4127973e-04
 1.5966306e+00  4.3588745e-04
 1.5952705e+00  4.4234141e-04
 1.5966725e+00  4.3612460e-04
 1.5790470e+00  7.1751270e-04
 1.5805810e+00  7.1606781e-04
 1.5517340e+00  4.1106897e-04
 1.5526289e+00  4.0418645e-04
 1.6089500e+00  2.3043858e-04
 1.6102538e+00  2.2502561e-04
 1.5158350e+00  3.6671070e-04
 1.5162965e+00  3.6422745e-04
 1.5233079e+00  4.0367319e-04
 1.5238512e+00  3.9242757e-04
 1.5802689e+00  7.0199821e-04
 1.5816632e+00  7.0509653e-04
 1.5053065e+00  7.6732970e-04
 1.5058255e+00  7.7349648e-04
 1.5921885e+00  4.8082092e-04
 1.5934043e+00  4.9574921e-04
 1.4991215e+00  6.2170777e-04
 1.4996869e+00  6.3763596e-04
 1.5053065e+00  7.6732681e-04
 1.5058256e+00  7.7354514e-04
 1.5921886e+00  4.8109257e-04
 1.5934042e+00  4.9569567e-04
 1.5233079e+00  4.0370818e-04
 1.5238513e+00  3.9241824e-04
 1.5802690e+00  7.0223250e-04
 1.5816630e+00  7.0503964e-04
 1.5517180e+00  4.1144486e-04
 1.5526140e+00  4.0425055e-04
 1.6089626e+00  2.3036389e-04
 1.6102682e+00  2.2512072e-04
 1.5791342e+00  7.1781743e-04
 1.5806538e+00  7.1620075e-04
 1.5888271e+00  3.0688239e-04
 1.5903052e+00  3.2331288e-04
 1.5888271e+00  3.0669455e-04
 1.5903050e+00  3.2337385e-04
 1.5889134e+00  3.0780288e-04
 1.5903799e+00  3.2436005e-04
 1.5889134e+00  3.0797810e-04
 1.5903797e+00  3.2425095e-04
 1.5517180e+00  4.1128712e-04
 1.5526138e+00  4.0431178e-04
 1.5791342e+00  7.1759187e-04
 1.5806540e+00  7.1626214e-04
 1.6089625e+00  2.3044459e-04
 1.6102681e+00  2.2503784e-04
 1.5654742e+00  3.6767315e-04
 1.5664050e+00  3.7315287e-04
 1.5358701e+00  7.6625670e-04
 1.5368293e+00  7.7453629e-04
 1.5452134e+00  5.5190650e-04
 1.5460735e+00  5.6432826e-04
 1.5452751e+00  5.5272499e-04
 1.5461239e+00  5.6550391e-04
 1.5358010e+00  7.6601884e-04
 1.5367729e+00  7.7405188e-04
 1.5655227e+00  3.6777141e-04
 1.5664474e+00  3.7350477e-04
 1.5380193e+00  7.1857991e-04
 1.5390088e+00  7.2467408e-04
 1.5952191e+00  4.4131334e-04
 1.5966309e+00  4.3593569e-04
 1.5952708e+00  4.4225882e-04
 1.5966727e+00  4.3612946e-04
 1.5517179e+00  4.1149455e-04
 1.5526141e+00  4.0421824e-04
 1.6089626e+00  2.3033654e-04
 1.6102684e+00  2.2512429e-04
 1.5791344e+00  7.1780765e-04
 1.5806539e+00  7.1621389e-04
 1.5758645e+00  2.8442238e-04
 1.5767830e+00  2.6907205e-04
 1.5759430e+00  2.8301949e-04
 1.5768540e+00  2.6799539e-04
 1.5736244e+00  7.3426820e-04
 1.5752149e+00  7.4977446e-04
 1.6088773e+00  2.3064853e-04
 1.6101921e+00  2.2532841e-04
 1.5517924e+00  4.1123422e-04
 1.5526801e+00  4.0425345e-04
 1.5791405e+00  7.1766796e-04
 1.5806621e+00  7.1601476e-04
 1.5951866e+00  4.4206759e-04
 1.5966006e+00  4.3643629e-04
 1.5380918e+00  7.1889040e-04
 1.5390701e+00  7.2507271e-04
 1.5952887e+00  4.4206765e-04
 1.5966940e+00  4.3595756e-04
 1.4991732e+00  6.2244931e-04
 1.4997304e+00  6.3857019e-04
 1.5921111e+00  4.8003696e-04
 1.5933397e+00  4.9469801e-04
 1.5053502e+00  7.6780183e-04
 1.5058617e+00  7.7425571e-04
 1.5801838e+00  7.0188455e-04
 1.5815931e+00  7.0464926e-04
 1.5233392e+00  4.0294212e-04
 1.5238787e+00  3.9197320e-04
 1.5790468e+00  7.1763186e-04
 1.5805809e+00  7.1606214e-04
 1.5517341e+00  4.1108638e-04
 1.5526292e+00  4.0420778e-04
 1.6089503e+00  2.3043977e-04
 1.6102541e+00  2.2503996e-04
 1.5888269e+00  3.0694628e-04
 1.5903052e+00  3.2328436e-04
 1.5888271e+00  3.0670076e-04
 1.5903054e+00  3.2337858e-04
 1.5889135e+00  3.0773463e-04
 1.5903801e+00  3.2435592e-04
 1.5889136e+00  3.0798162e-04
 1.5903799e+00  3.2425844e-04
 1.6088771e+00  2.3067176e-04
 1.6101922e+00  2.2530826e-04
 1.5517924e+00  4.1118899e-04
 1.5526802e+00  4.0426840e-04
 1.5791406e+00  7.1767930e-04
 1.5806622e+00  7.1600421e-04
 1.5233718e+00  4.0264480e-04
 1.5239101e+00  3.9170935e-04
 1.5802801e+00  7.0190985e-04
 1.5816781e+00  7.0455998e-04
 1.5053638e+00  7.6738571e-04
 1.5058766e+00  7.7384060e-04
 1.5922092e+00  4.8069540e-04
 1.5934295e+00  4.9525921e-04
 1.4723211e+00  8.9347892e-04
 1.4725446e+00  8.9778646e-04
 1.4745843e+00  8.3487918e-04
 1.4748192e+00  8.3320591e-04
 1.4895292e+00  5.3958563e-04
 1.4897475e+00  5.3708309e-04
 1.5158351e+00  3.6671469e-04
 1.5162968e+00  3.6422557e-04
 1.5517180e+00  4.1127795e-04
 1.5526143e+00  4.0429059e-04
 1.5791343e+00  7.1745820e-04
 1.5806541e+00  7.1621988e-04
 1.6089628e+00  2.3045517e-04
 1.6102682e+00  2.2503539e-04
 1.5951865e+00  4.4206021e-04
 1.5966010e+00  4.3641215e-04
 1.5380918e+00  7.1877026e-04
 1.5390701e+00  7.2503109e-04
 1.5952889e+00  4.4216198e-04
 1.5966941e+00  4.3596757e-04
 1.5053638e+00  7.6730573e-04
 1.5058765e+00  7.7384418e-04
 1.5922093e+00  4.8077120e-04
 1.5934295e+00  4.9525781e-04
 1.4829139e+00  5.4163739e-04
 1.4831338e+00  5.4420647e-04
 1.5998851e+00  3.1520620e-04
 1.6007289e+00  3.2006672e-04
 1.4890616e+00  4.8808616e-04
 1.4890617e+00  4.8824723e-04
 1.5783637e+00  1.9070215e-04
 1.5783639e+00  1.9090903e-04
 1.4829140e+00  5.4189579e-04
 1.4831338e+00  5.4408634e-04
 1.5998851e+00  3.1501072e-04
 1.6007292e+00  3.2018348e-04
 1.4895456e+00  5.3995942e-04
 1.4897625e+00  5.3715104e-04
 1.5084159e+00  4.0601428e-04
 1.5084181e+00  4.0603541e-04
 1.5377297e+00  4.6494416e-04
 1.5381283e+00  4.6456998e-04
 1.5968416e+00  4.6475429e-04
 1.5974261e+00  4.6241521e-04
 1.5758645e+00  2.8431037e-04
 1.5767833e+00  2.6906837e-04
 1.5736245e+00  7.3393749e-04
 1.5752152e+00  7.4981458e-04
 1.5759432e+00  2.8317421e-04
 1.5768539e+00  2.6785175e-04
 1.5358801e+00  7.6631248e-04
 1.5368412e+00  7.7466523e-04
 1.5655649e+00  3.6825410e-04
 1.5664890e+00  3.7357081e-04
 1.5070834e+00  7.7772665e-04
 1.5074954e+00  7.8112694e-04
 1.5663874e+00  3.9606766e-04
 1.5669980e+00  4.0214627e-04
 1.4829138e+00  5.4180403e-04
 1.4831338e+00  5.4408102e-04
 1.5998850e+00  3.1506693e-04
 1.6007291e+00  3.2016654e-04
 1.4723211e+00  8.9365892e-04
 1.4725445e+00  8.9764711e-04
 1.4745844e+00  8.3503251e-04
 1.4748191e+00  8.3309323e-04
 1.4895293e+00  5.3976679e-04
 1.4897475e+00  5.3694653e-04
 1.5158351e+00  3.6683548e-04
 1.5162968e+00  3.6413743e-04
 1.5517180e+00  4.1142292e-04
 1.5526143e+00  4.0419784e-04
 1.5791343e+00  7.1742405e-04
 1.5806541e+00  7.1623345e-04
 1.6089628e+00  2.3037558e-04
 1.6102683e+00  2.2509766e-04
 1.5951866e+00  4.4217273e-04
 1.5966010e+00  4.3634927e-04
 1.5380918e+00  7.1876846e-04
 1.5390701e+00  7.2502830e-04
 1.5952889e+00  4.4204346e-04
 1.5966942e+00  4.3605040e-04
 1.5053638e+00  7.6736253e-04
 1.5058765e+00  7.7379083e-04
 1.5922092e+00  4.8066204e-04
 1.5934296e+00  4.9533446e-04
 1.4895453e+00  5.3989635e-04
 1.4897624e+00  5.3715240e-04
 1.4745842e+00  8.3503410e-04
 1.4748191e+00  8.3309170e-04
 1.4723079e+00  8.9338366e-04
 1.4725301e+00  8.9743933e-04
 1.4828853e+00  5.4224949e-04
 1.4831056e+00  5.4456271e-04
 1.5998094e+00  3.1486883e-04
 1.6006599e+00  3.1995417e-04
 1.5053148e+00  7.6721675e-04
 1.5058336e+00  7.7358344e-04
 1.5921364e+00  4.8021056e-04
 1.5933635e+00  4.9497322e-04
 1.5380195e+00  7.1847224e-04
 1.5390090e+00  7.2466483e-04
 1.5952706e+00  4.4187724e-04
 1.5966727e+00  4.3618487e-04
 1.5952188e+00  4.4174037e-04
 1.5966306e+00  4.3582694e-04
 1.5790385e+00  7.1757177e-04
 1.5805728e+00  7.1612053e-04
 1.5517790e+00  4.1099216e-04
 1.5526655e+00  4.0401474e-04
 1.6088997e+00  2.3065268e-04
 1.6102118e+00  2.2525964e-04
 1.5158724e+00  3.6655037e-04
 1.5163284e+00  3.6403886e-04
 1.5084158e+00  4.0604482e-04
 1.5084177e+00  4.0599618e-04
 1.4895291e+00  5.3984048e-04
 1.4897473e+00  5.3694433e-04
 1.4828852e+00  5.4234275e-04
 1.4831056e+00  5.4455717e-04
 1.5998096e+00  3.1481469e-04
 1.6006600e+00  3.1998603e-04
 1.4890191e+00  4.8899908e-04
 1.4890225e+00  4.8893580e-04
 1.5783035e+00  1.9090480e-04
 1.5783100e+00  1.9097252e-04
 1.5070251e+00  7.7824219e-04
 1.5074426e+00  7.8153192e-04
 1.5663396e+00  3.9612944e-04
 1.5669495e+00  4.0223156e-04
 1.5358012e+00  7.6591347e-04
 1.5367730e+00  7.7408987e-04
 1.5655225e+00  3.6815254e-04
 1.5664471e+00  3.7342053e-04
 1.5735234e+00  7.3328212e-04
 1.5751287e+00  7.4896959e-04
 1.5759084e+00  2.8344571e-04
 1.5768204e+00  2.6848009e-04
 1.5759084e+00  2.8371808e-04
 1.5768204e+00  2.6834166e-04
 1.5377508e+00  4.6482430e-04
 1.5381453e+00  4.6457292e-04
 1.5968197e+00  4.6476299e-04
 1.5974070e+00  4.6243345e-04
 1.5377297e+00  4.6497092e-04
 1.5381278e+00  4.6454459e-04
 1.5968412e+00  4.6467015e-04
 1.5974260e+00  4.6242174e-04
 1.5158350e+00  3.6688240e-04
 1.5162965e+00  3.6410983e-04
 1.5053146e+00  7.6732396e-04
 1.5058335e+00  7.7354666e-04
 1.5921367e+00  4.8009479e-04
 1.5933637e+00  4.9500724e-04
 1.5070249e+00  7.7834112e-04
 1.5074426e+00  7.8149219e-04
 1.5663398e+00  3.9601749e-04
 1.5669496e+00  4.0224209e-04
 1.5207166e+00  4.3397835e-04
 1.5211257e+00  4.3563237e-04
 1.5503087e+00  5.1612988e-04
 1.5509270e+00  5.2111826e-04
 1.5452135e+00  5.5184701e-04
 1.5460736e+00  5.6443007e-04
 1.5452750e+00  5.5302445e-04
 1.5461237e+00  5.6539443e-04
 1.5790385e+00  7.1757489e-04
 1.5805727e+00  7.1616589e-04
 1.6088998e+00  2.3051424e-04
 1.6102118e+00  2.2533753e-04
 1.5517790e+00  4.1131000e-04
 1.5526654e+00  4.0390267e-04
 1.5693360e+00  3.5463955e-04
 1.5700567e+00  3.4572404e-04
 1.5693815e+00  3.5431302e-04
 1.5700948e+00  3.4502655e-04
 1.5758645e+00  2.8433915e-04
 1.5767827e+00  2.6906712e-04
 1.5736244e+00  7.3405692e-04
 1.5752151e+00  7.4984972e-04
 1.5759429e+00  2.8311954e-04
 1.5768539e+00  2.6787490e-04
 1.5517179e+00  4.1147999e-04
 1.5526139e+00  4.0418506e-04
 1.5791343e+00  7.1755190e-04
 1.5806541e+00  7.1629202e-04
 1.6089626e+00  2.3033786e-04
 1.6102683e+00  2.2510556e-04
 1.5380193e+00  7.1857834e-04
 1.5390087e+00  7.2467539e-04
 1.5952707e+00  4.4195280e-04
 1.5966729e+00  4.3622774e-04
 1.5952191e+00  4.4162268e-04
 1.5966310e+00  4.3586087e-04
 1.5358010e+00  7.6601275e-04
 1.5367729e+00  7.7408223e-04
 1.5655228e+00  3.6803360e-04
 1.5664473e+00  3.7341799e-04
 1.5452134e+00  5.5190730e-04
 1.5460736e+00  5.6440468e-04
 1.5452751e+00  5.5297544e-04
 1.5461238e+00  5.6541097e-04
 1.5654742e+00  3.6770015e-04
 1.5664052e+00  3.7316241e-04
 1.5358702e+00  7.6645617e-04
 1.5368291e+00  7.7446221e-04
 1.5951866e+00  4.4220780e-04
 1.5966008e+00  4.3641720e-04
 1.5952887e+00  4.4178766e-04
 1.5966942e+00  4.3610490e-04
 1.5380918e+00  7.1907969e-04
 1.5390699e+00  7.2499112e-04
 1.6088773e+00  2.3054671e-04
 1.6101920e+00  2.2536086e-04
 1.5791404e+00  7.1741390e-04
 1.5806623e+00  7.1612361e-04
 1.5517923e+00  4.1144994e-04
 1.5526800e+00  4.0410522e-04
 1.5358801e+00  7.6641563e-04
 1.5368412e+00  7.7468441e-04
 1.5655647e+00  3.6813048e-04
 1.5664890e+00  3.7355442e-04
 1.5951865e+00  4.4221711e-04
 1.5966006e+00  4.3633915e-04
 1.5380918e+00  7.1888792e-04
 1.5390701e+00  7.2507191e-04
 1.5952888e+00  4.4191575e-04
 1.5966943e+00  4.3605393e-04
 1.5790384e+00  7.1767559e-04
 1.5805725e+00  7.1613009e-04
 1.5517792e+00  4.1105104e-04
 1.5526656e+00  4.0402561e-04
 1.6088999e+00  2.3063135e-04
 1.6102122e+00  2.2529358e-04
 1.5735232e+00  7.3338401e-04
 1.5751285e+00  7.4896231e-04
 1.5759086e+00  2.8349948e-04
 1.5768207e+00  2.6850833e-04
 1.5759087e+00  2.8368362e-04
 1.5768207e+00  2.6839181e-04
 1.5790383e+00  7.1767956e-04
 1.5805726e+00  7.1615844e-04
 1.6088999e+00  2.3052810e-04
 1.6102122e+00  2.2534472e-04
 1.5517792e+00  4.1127928e-04
 1.5526655e+00  4.0391244e-04
 1.5951864e+00  4.4224394e-04
 1.5966008e+00  4.3638756e-04
 1.5952888e+00  4.4174478e-04
 1.5966943e+00  4.3611091e-04
 1.5380919e+00  7.1907577e-04
 1.5390700e+00  7.2499202e-04
 1.5655647e+00  3.6789487e-04
 1.5664891e+00  3.7365092e-04
 1.5358801e+00  7.6662081e-04
 1.5368410e+00  7.7458045e-04
 1.5452971e+00  5.5198959e-04
 1.5461491e+00  5.6474185e-04
 1.5452971e+00  5.5224056e-04
 1.5461489e+00  5.6457105e-04
 1.5070835e+00  7.7781426e-04
 1.5074954e+00  7.8110462e-04
 1.5663873e+00  3.9595020e-04
 1.5669981e+00  4.0214496e-04
 1.5053639e+00  7.6745952e-04
 1.5058766e+00  7.7377113e-04
 1.5922092e+00  4.8053788e-04
 1.5934297e+00  4.9534461e-04
 1.5158727e+00  3.6659405e-04
 1.5163285e+00  3.6402266e-04
 1.5377510e+00  4.6486822e-04
 1.5381455e+00  4.6456393e-04
 1.5968200e+00  4.6470754e-04
 1.5974073e+00  4.6248384e-04
 1.5693361e+00  3.5465478e-04
 1.5700571e+00  3.4573340e-04
 1.5693818e+00  3.5432243e-04
 1.5700949e+00  3.4503863e-04
 1.6088772e+00  2.3054734e-04
 1.6101925e+00  2.2535795e-04
 1.5791405e+00  7.1729586e-04
 1.5806625e+00  7.1608639e-04
 1.5517926e+00  4.1148783e-04
 1.5526801e+00  4.0410277e-04
 1.5452971e+00  5.5192750e-04
 1.5461491e+00  5.6474683e-04
 1.5452972e+00  5.5229236e-04
 1.5461489e+00  5.6456281e-04
 1.5207853e+00  4.3375572e-04
 1.5211892e+00  4.3572351e-04
 1.5503396e+00  5.1563916e-04
 1.5509631e+00  5.2050731e-04
 1.5302085e+00  2.2472995e-04
 1.5302087e+00  2.2484922e-04
 1.5302085e+00  2.2472995e-04
 1.5302087e+00  2.2484922e-04
 1.5207854e+00  4.3409963e-04
 1.5211891e+00  4.3560393e-04
 1.5503396e+00  5.1536593e-04
 1.5509633e+00  5.2066269e-04
 1.5233719e+00  4.0290983e-04
 1.5239100e+00  3.9162552e-04
 1.5802801e+00  7.0156142e-04
 1.5816784e+00  7.0466162e-04
 1.5377708e+00  4.6505752e-04
 1.5381629e+00  4.6430126e-04
 1.5967936e+00  4.6450255e-04
 1.5973876e+00  4.6275177e-04
 1.5629622e+00  2.9960356e-04
 1.5629663e+00  2.9950989e-04
 1.5629622e+00  2.9960356e-04
 1.5629663e+00  2.9950989e-04
 1.5967936e+00  4.6450255e-04
 1.5973876e+00  4.6275177e-04
 1.5377708e+00  4.6505752e-04
 1.5381629e+00  4.6430126e-04
 1.5802801e+00  7.0156142e-04
 1.5816784e+00  7.0466162e-04
 1.5233719e+00  4.0290983e-04
 1.5239100e+00  3.9162552e-04
 1.5503396e+00  5.1536593e-04
 1.5509633e+00  5.2066269e-04
 1.5207854e+00  4.3409963e-04
 1.5211891e+00  4.3560393e-04
 1.5207853e+00  4.3397630e-04
 1.5211891e+00  4.3559143e-04
 1.5503396e+00  5.1544742e-04
 1.5509632e+00  5.2064618e-04
 1.5070835e+00  7.7804409e-04
 1.5074953e+00  7.8093344e-04
 1.5663873e+00  3.9571336e-04
 1.5669982e+00  4.0227043e-04
 1.5053640e+00  7.6766113e-04
 1.5058765e+00  7.7364111e-04
 1.5922092e+00  4.8037888e-04
 1.5934298e+00  4.9540750e-04
 1.5158727e+00  3.6672291e-04
 1.5163284e+00  3.6392532e-04
 1.5377511e+00  4.6508556e-04
 1.5381455e+00  4.6438665e-04
 1.5968200e+00  4.6444284e-04
 1.5974073e+00  4.6266916e-04
 1.5693361e+00  3.5479930e-04
 1.5700571e+00  3.4563097e-04
 1.5693818e+00  3.5417348e-04
 1.5700950e+00  3.4515196e-04
 1.6088773e+00  2.3062900e-04
 1.6101925e+00  2.2531083e-04
 1.5791405e+00  7.1732062e-04
 1.5806624e+00  7.1606129e-04
 1.5517925e+00  4.1133092e-04
 1.5526801e+00  4.0421012e-04
 1.5452971e+00  5.5203335e-04
 1.5461491e+00  5.6468468e-04
 1.5452972e+00  5.5214172e-04
 1.5461490e+00  5.6466848e-04
 1.5233717e+00  4.0281530e-04
 1.5239100e+00  3.9161650e-04
 1.5802800e+00  7.0166838e-04
 1.5816783e+00  7.0467458e-04
 1.5053638e+00  7.6764106e-04
 1.5058765e+00  7.7365790e-04
 1.5922092e+00  4.8043347e-04
 1.5934297e+00  4.9540724e-04
 1.4991732e+00  6.2258290e-04
 1.4997303e+00  6.3849182e-04
 1.5053503e+00  7.6805161e-04
 1.5058615e+00  7.7412437e-04
 1.5921111e+00  4.8004681e-04
 1.5933399e+00  4.9479241e-04
 1.5233392e+00  4.0314737e-04
 1.5238786e+00  3.9187139e-04
 1.5801838e+00  7.0187839e-04
 1.5815932e+00  7.0470635e-04
 1.5517342e+00  4.1130829e-04
 1.5526292e+00  4.0410938e-04
 1.6089503e+00  2.3034055e-04
 1.6102541e+00  2.2510552e-04
 1.5790468e+00  7.1762739e-04
 1.5805808e+00  7.1608887e-04
 1.5888271e+00  3.0688322e-04
 1.5903055e+00  3.2331052e-04
 1.5889134e+00  3.0773002e-04
 1.5903800e+00  3.2434780e-04
 1.5889135e+00  3.0780131e-04
 1.5903800e+00  3.2436022e-04
 1.5888269e+00  3.0694020e-04
 1.5903051e+00  3.2327814e-04
 1.5517923e+00  4.1125497e-04
 1.5526801e+00  4.0422944e-04
 1.5791405e+00  7.1745064e-04
 1.5806624e+00  7.1609069e-04
 1.6088772e+00  2.3065285e-04
 1.6101920e+00  2.2529111e-04
 1.5377704e+00  4.6499997e-04
 1.5381628e+00  4.6432420e-04
 1.5967935e+00  4.6451645e-04
 1.5973870e+00  4.6270876e-04
 1.5158724e+00  3.6672243e-04
 1.5163283e+00  3.6392249e-04
 1.5053501e+00  7.6807063e-04
 1.5058615e+00  7.7410170e-04
 1.5921113e+00  4.8000086e-04
 1.5933399e+00  4.9481481e-04
 1.5070578e+00  7.7883684e-04
 1.5074664e+00  7.8191329e-04
 1.5663044e+00  3.9566550e-04
 1.5669217e+00  4.0198729e-04
 1.5207427e+00  4.3411713e-04
 1.5211464e+00  4.3579208e-04
 1.5502660e+00  5.1563544e-04
 1.5508966e+00  5.2078690e-04
 1.5452306e+00  5.5177993e-04
 1.5460899e+00  5.6447208e-04
 1.5452303e+00  5.5188798e-04
 1.5460897e+00  5.6443160e-04
 1.5790471e+00  7.1751663e-04
 1.5805812e+00  7.1610511e-04
 1.6089500e+00  2.3029966e-04
 1.6102541e+00  2.2510152e-04
 1.5517339e+00  4.1138467e-04
 1.5526289e+00  4.0407171e-04
 1.5693815e+00  3.5410427e-04
 1.5700949e+00  3.4516524e-04
 1.5693360e+00  3.5484910e-04
 1.5700567e+00  3.4558454e-04
 1.5629622e+00  2.9961512e-04
 1.5629658e+00  2.9947853e-04
 1.5629622e+00  2.9961512e-04
 1.5629658e+00  2.9947853e-04
 1.5377508e+00  4.6513283e-04
 1.5381453e+00  4.6434292e-04
 1.5968198e+00  4.6438260e-04
 1.5974070e+00  4.6267475e-04
 1.5233390e+00  4.0324160e-04
 1.5238785e+00  3.9187194e-04
 1.5801840e+00  7.0178069e-04
 1.5815933e+00  7.0473179e-04
 1.5207425e+00  4.3423835e-04
 1.5211463e+00  4.3579331e-04
 1.5502662e+00  5.1555476e-04
 1.5508967e+00  5.2082370e-04
 1.5301515e+00  2.2504908e-04
 1.5301570e+00  2.2495574e-04
 1.5301515e+00  2.2504908e-04
 1.5301570e+00  2.2495574e-04
 1.5502662e+00  5.1555476e-04
 1.5508967e+00  5.2082370e-04
 1.5207425e+00  4.3423835e-04
 1.5211463e+00  4.3579331e-04
 1.5801840e+00  7.0178069e-04
 1.5815933e+00  7.0473179e-04
 1.5233390e+00  4.0324160e-04
 1.5238785e+00  3.9187194e-04
 1.5968198e+00  4.6438260e-04
 1.5974070e+00  4.6267475e-04
 1.5377508e+00  4.6513283e-04
 1.5381453e+00  4.6434292e-04
 1.5967935e+00  4.6451645e-04
 1.5973870e+00  4.6270876e-04
 1.5377704e+00  4.6499997e-04
 1.5381628e+00  4.6432420e-04
 1.5693360e+00  3.5484910e-04
 1.5700567e+00  3.4558454e-04
 1.5693815e+00  3.5410427e-04
 1.5700949e+00  3.4516524e-04
 1.5517339e+00  4.1138467e-04
 1.5526289e+00  4.0407171e-04
 1.6089500e+00  2.3029966e-04
 1.6102541e+00  2.2510152e-04
 1.5790471e+00  7.1751663e-04
 1.5805812e+00  7.1610511e-04
 1.5452303e+00  5.5188798e-04
 1.5460897e+00  5.6443160e-04
 1.5452306e+00  5.5177993e-04
 1.5460899e+00  5.6447208e-04
 1.5502660e+00  5.1563544e-04
 1.5508966e+00  5.2078690e-04
 1.5207427e+00  4.3411713e-04
 1.5211464e+00  4.3579208e-04
 1.5663044e+00  3.9566550e-04
 1.5669217e+00  4.0198729e-04
 1.5070578e+00  7.7883684e-04
 1.5074664e+00  7.8191329e-04
 1.5921113e+00  4.8000086e-04
 1.5933399e+00  4.9481481e-04
 1.5053501e+00  7.6807063e-04
 1.5058615e+00  7.7410170e-04
 1.5158724e+00  3.6672243e-04
 1.5163283e+00  3.6392249e-04
 1.5802800e+00  7.0166839e-04
 1.5816783e+00  7.0467458e-04
 1.5233717e+00  4.0281530e-04
 1.5239100e+00  3.9161650e-04
 1.6088772e+00  2.3065285e-04
 1.6101920e+00  2.2529111e-04
 1.5791405e+00  7.1745064e-04
 1.5806624e+00  7.1609069e-04
 1.5517923e+00  4.1125497e-04
 1.5526801e+00  4.0422944e-04
 1.5888269e+00  3.0694020e-04
 1.5903051e+00  3.2327814e-04
 1.5889135e+00  3.0780131e-04
 1.5903800e+00  3.2436022e-04
 1.5889134e+00  3.0773002e-04
 1.5903800e+00  3.2434780e-04
 1.5888271e+00  3.0688322e-04
 1.5903055e+00  3.2331052e-04
 1.5790468e+00  7.1762739e-04
 1.5805808e+00  7.1608887e-04
 1.6089503e+00  2.3034055e-04
 1.6102541e+00  2.2510552e-04
 1.5517342e+00  4.1130829e-04
 1.5526292e+00  4.0410938e-04
 1.5801838e+00  7.0187839e-04
 1.5815932e+00  7.0470635e-04
 1.5233392e+00  4.0314737e-04
 1.5238786e+00  3.9187139e-04
 1.5921111e+00  4.8004681e-04
 1.5933399e+00  4.9479241e-04
 1.5053503e+00  7.6805161e-04
 1.5058615e+00  7.7412437e-04
 1.4991732e+00  6.2258290e-04
 1.4997303e+00  6.3849182e-04
 1.5922092e+00  4.8043347e-04
 1.5934297e+00  4.9540724e-04
 1.5053638e+00  7.6764106e-04
 1.5058765e+00  7.7365790e-04
 1.5503396e+00  5.1544742e-04
 1.5509632e+00  5.2064618e-04
 1.5207853e+00  4.3397630e-04
 1.5211891e+00  4.3559143e-04
 1.5452972e+00  5.5214172e-04
 1.5461490e+00  5.6466848e-04
 1.5452971e+00  5.5203335e-04
 1.5461491e+00  5.6468468e-04
 1.5517925e+00  4.1133092e-04
 1.5526801e+00  4.0421012e-04
 1.5791405e+00  7.1732062e-04
 1.5806624e+00  7.1606129e-04
 1.6088773e+00  2.3062900e-04
 1.6101925e+00  2.2531083e-04
 1.5693818e+00  3.5417348e-04
 1.5700950e+00  3.4515196e-04
 1.5693361e+00  3.5479930e-04
 1.5700571e+00  3.4563097e-04
 1.5968200e+00  4.6444284e-04
 1.5974073e+00  4.6266916e-04
 1.5377511e+00  4.6508556e-04
 1.5381455e+00  4.6438665e-04
 1.5158727e+00  3.6672291e-04
 1.5163284e+00  3.6392532e-04
 1.5922092e+00  4.8037888e-04
 1.5934298e+00  4.9540750e-04
 1.5053640e+00  7.6766113e-04
 1.5058765e+00  7.7364111e-04
 1.5663873e+00  3.9571336e-04
 1.5669982e+00  4.0227043e-04
 1.5070835e+00  7.7804409e-04
 1.5074953e+00  7.8093344e-04
 1.5783637e+00  1.9070215e-04
 1.5783639e+00  1.9090903e-04
 1.4890616e+00  4.8808616e-04
 1.4890617e+00  4.8824723e-04
 1.5663874e+00  3.9606766e-04
 1.5669980e+00  4.0214627e-04
 1.5070834e+00  7.7772665e-04
 1.5074954e+00  7.8112694e-04
 1.5655649e+00  3.6825410e-04
 1.5664890e+00  3.7357081e-04
 1.5358801e+00  7.6631248e-04
 1.5368412e+00  7.7466523e-04
 1.5759432e+00  2.8317421e-04
 1.5768539e+00  2.6785175e-04
 1.5736245e+00  7.3393749e-04
 1.5752152e+00  7.4981458e-04
 1.5758645e+00  2.8431037e-04
 1.5767833e+00  2.6906837e-04
 1.5968416e+00  4.6475429e-04
 1.5974261e+00  4.6241521e-04
 1.5377297e+00  4.6494416e-04
 1.5381283e+00  4.6456998e-04
 1.5084159e+00  4.0601428e-04
 1.5084181e+00  4.0603541e-04
 1.4895456e+00  5.3995942e-04
 1.4897625e+00  5.3715104e-04
 1.5998851e+00  3.1501072e-04
 1.6007292e+00  3.2018348e-04
 1.4829140e+00  5.4189579e-04
 1.4831338e+00  5.4408634e-04
 1.5663873e+00  3.9595020e-04
 1.5669981e+00  4.0214496e-04
 1.5070835e+00  7.7781426e-04
 1.5074954e+00  7.8110462e-04
 1.5503396e+00  5.1563916e-04
 1.5509631e+00  5.2050731e-04
 1.5207853e+00  4.3375572e-04
 1.5211892e+00  4.3572351e-04
 1.5452972e+00  5.5229236e-04
 1.5461489e+00  5.6456281e-04
 1.5452971e+00  5.5192750e-04
 1.5461491e+00  5.6474683e-04
 1.5517926e+00  4.1148783e-04
 1.5526801e+00  4.0410277e-04
 1.5791405e+00  7.1729586e-04
 1.5806625e+00  7.1608639e-04
 1.6088772e+00  2.3054734e-04
 1.6101925e+00  2.2535795e-04
 1.5693818e+00  3.5432243e-04
 1.5700949e+00  3.4503863e-04
 1.5693361e+00  3.5465478e-04
 1.5700571e+00  3.4573340e-04
 1.5968200e+00  4.6470754e-04
 1.5974073e+00  4.6248384e-04
 1.5377510e+00  4.6486822e-04
 1.5381455e+00  4.6456393e-04
 1.5158727e+00  3.6659405e-04
 1.5163285e+00  3.6402266e-04
 1.5922092e+00  4.8053788e-04
 1.5934297e+00  4.9534461e-04
 1.5053639e+00  7.6745952e-04
 1.5058766e+00  7.7377113e-04
 1.5655647e+00  3.6813048e-04
 1.5664890e+00  3.7355442e-04
 1.5358801e+00  7.6641563e-04
 1.5368412e+00  7.7468441e-04
 1.5452971e+00  5.5224056e-04
 1.5461489e+00  5.6457105e-04
 1.5452971e+00  5.5198959e-04
 1.5461491e+00  5.6474185e-04
 1.5358801e+00  7.6662081e-04
 1.5368410e+00  7.7458045e-04
 1.5655647e+00  3.6789487e-04
 1.5664891e+00  3.7365092e-04
 1.5380919e+00  7.1907577e-04
 1.5390700e+00  7.2499202e-04
 1.5952888e+00  4.4174478e-04
 1.5966943e+00  4.3611091e-04
 1.5951864e+00  4.4224394e-04
 1.5966008e+00  4.3638756e-04
 1.5517792e+00  4.1127928e-04
 1.5526655e+00  4.0391244e-04
 1.6088999e+00  2.3052810e-04
 1.6102122e+00  2.2534472e-04
 1.5790383e+00  7.1767956e-04
 1.5805726e+00  7.1615844e-04
 1.5759087e+00  2.8368362e-04
 1.5768207e+00  2.6839181e-04
 1.5759086e+00  2.8349948e-04
 1.5768207e+00  2.6850833e-04
 1.5735232e+00  7.3338401e-04
 1.5751285e+00  7.4896231e-04
 1.6088999e+00  2.3063135e-04
 1.6102122e+00  2.2529358e-04
 1.5517792e+00  4.1105104e-04
 1.5526656e+00  4.0402561e-04
 1.5790384e+00  7.1767559e-04
 1.5805725e+00  7.1613009e-04
 1.5952888e+00  4.4191575e-04
 1.5966943e+00  4.3605393e-04
 1.5380918e+00  7.1888792e-04
 1.5390701e+00  7.2507191e-04
 1.5951865e+00  4.4221711e-04
 1.5966006e+00  4.3633915e-04
 1.5759429e+00  2.8311954e-04
 1.5768539e+00  2.6787490e-04
 1.5736244e+00  7.3405692e-04
 1.5752151e+00  7.4984972e-04
 1.5758645e+00  2.8433915e-04
 1.5767827e+00  2.6906712e-04
 1.5517923e+00  4.1144994e-04
 1.5526800e+00  4.0410522e-04
 1.5791404e+00  7.1741390e-04
 1.5806623e+00  7.1612361e-04
 1.6088773e+00  2.3054671e-04
 1.6101920e+00  2.2536086e-04
 1.5380918e+00  7.1907969e-04
 1.5390699e+00  7.2499112e-04
 1.5952887e+00  4.4178766e-04
 1.5966942e+00  4.3610490e-04
 1.5951866e+00  4.4220780e-04
 1.5966008e+00  4.3641720e-04
 1.5358702e+00  7.6645617e-04
 1.5368291e+00  7.7446221e-04
 1.5654742e+00  3.6770015e-04
 1.5664052e+00  3.7316241e-04
 1.5452751e+00  5.5297544e-04
 1.5461238e+00  5.6541097e-04
 1.5452134e+00  5.5190730e-04
 1.5460736e+00  5.6440468e-04
 1.5655228e+00  3.6803360e-04
 1.5664473e+00  3.7341799e-04
 1.5358010e+00  7.6601275e-04
 1.5367729e+00  7.7408223e-04
 1.5952191e+00  4.4162268e-04
 1.5966310e+00  4.3586087e-04
 1.5952707e+00  4.4195280e-04
 1.5966729e+00  4.3622774e-04
 1.5380193e+00  7.1857834e-04
 1.5390087e+00  7.2467539e-04
 1.6089626e+00  2.3033786e-04
 1.6102683e+00  2.2510556e-04
 1.5791343e+00  7.1755190e-04
 1.5806541e+00  7.1629202e-04
 1.5517179e+00  4.1147999e-04
 1.5526139e+00  4.0418506e-04
 1.5968412e+00  4.6467015e-04
 1.5974260e+00  4.6242174e-04
 1.5377297e+00  4.6497092e-04
 1.5381278e+00  4.6454459e-04
 1.5693815e+00  3.5431302e-04
 1.5700948e+00  3.4502655e-04
 1.5693360e+00  3.5463955e-04
 1.5700567e+00  3.4572404e-04
 1.5517790e+00  4.1131000e-04
 1.5526654e+00  4.0390267e-04
 1.6088998e+00  2.3051424e-04
 1.6102118e+00  2.2533753e-04
 1.5790385e+00  7.1757489e-04
 1.5805727e+00  7.1616589e-04
 1.5452750e+00  5.5302445e-04
 1.5461237e+00  5.6539443e-04
 1.5452135e+00  5.5184701e-04
 1.5460736e+00  5.6443007e-04
 1.5503087e+00  5.1612988e-04
 1.5509270e+00  5.2111826e-04
 1.5207166e+00  4.3397835e-04
 1.5211257e+00  4.3563237e-04
 1.5663398e+00  3.9601749e-04
 1.5669496e+00  4.0224209e-04
 1.5070249e+00  7.7834112e-04
 1.5074426e+00  7.8149219e-04
 1.5921367e+00  4.8009479e-04
 1.5933637e+00  4.9500724e-04
 1.5053146e+00  7.6732396e-04
 1.5058335e+00  7.7354666e-04
 1.5158350e+00  3.6688240e-04
 1.5162965e+00  3.6410983e-04
 1.5084158e+00  4.0604482e-04
 1.5084177e+00  4.0599618e-04
 1.5968197e+00  4.6476299e-04
 1.5974070e+00  4.6243345e-04
 1.5377508e+00  4.6482430e-04
 1.5381453e+00  4.6457292e-04
 1.5759084e+00  2.8371808e-04
 1.5768204e+00  2.6834166e-04
 1.5759084e+00  2.8344571e-04
 1.5768204e+00  2.6848009e-04
 1.5735234e+00  7.3328212e-04
 1.5751287e+00  7.4896959e-04
 1.5655225e+00  3.6815254e-04
 1.5664471e+00  3.7342053e-04
 1.5358012e+00  7.6591347e-04
 1.5367730e+00  7.7408987e-04
 1.5663396e+00  3.9612944e-04
 1.5669495e+00  4.0223156e-04
 1.5070251e+00  7.7824219e-04
 1.5074426e+00  7.8153192e-04
 1.5783035e+00  1.9090480e-04
 1.5783100e+00  1.9097252e-04
 1.4890191e+00  4.8899908e-04
 1.4890225e+00  4.8893580e-04
 1.5998096e+00  3.1481469e-04
 1.6006600e+00  3.1998603e-04
 1.4828852e+00  5.4234275e-04
 1.4831056e+00  5.4455717e-04
 1.4895291e+00  5.3984048e-04
 1.4897473e+00  5.3694433e-04
 1.4895453e+00  5.3989635e-04
 1.4897624e+00  5.3715240e-04
 1.5158724e+00  3.6655037e-04
 1.5163284e+00  3.6403886e-04
 1.6088997e+00  2.3065268e-04
 1.6102118e+00  2.2525964e-04
 1.5517790e+00  4.1099216e-04
 1.5526655e+00  4.0401474e-04
 1.5790385e+00  7.1757177e-04
 1.5805728e+00  7.1612053e-04
 1.5952188e+00  4.4174037e-04
 1.5966306e+00  4.3582694e-04
 1.5952706e+00  4.4187724e-04
 1.5966727e+00  4.3618487e-04
 1.5380195e+00  7.1847224e-04
 1.5390090e+00  7.2466483e-04
 1.5921364e+00  4.8021056e-04
 1.5933635e+00  4.9497322e-04
 1.5053148e+00  7.6721675e-04
 1.5058336e+00  7.7358344e-04
 1.5998094e+00  3.1486883e-04
 1.6006599e+00  3.1995417e-04
 1.4828853e+00  5.4224949e-04
 1.4831056e+00  5.4456271e-04
 1.4723079e+00  8.9338366e-04
 1.4725301e+00  8.9743933e-04
 1.4745842e+00  8.3503410e-04
 1.4748191e+00  8.3309170e-04
 1.5998850e+00  3.1506693e-04
 1.6007291e+00  3.2016654e-04
 1.4829138e+00  5.4180403e-04
 1.4831338e+00  5.4408102e-04
 1.5922092e+00  4.8066204e-04
 1.5934296e+00  4.9533446e-04
 1.5053638e+00  7.6736253e-04
 1.5058765e+00  7.7379083e-04
 1.5952889e+00  4.4204346e-04
 1.5966942e+00  4.3605040e-04
 1.5380918e+00  7.1876846e-04
 1.5390701e+00  7.2502830e-04
 1.5951866e+00  4.4217273e-04
 1.5966010e+00  4.3634927e-04
 1.6089628e+00  2.3037558e-04
 1.6102683e+00  2.2509766e-04
 1.5791343e+00  7.1742405e-04
 1.5806541e+00  7.1623345e-04
 1.5517180e+00  4.1142292e-04
 1.5526143e+00  4.0419784e-04
 1.5158351e+00  3.6683548e-04
 1.5162968e+00  3.6413743e-04
 1.4895293e+00  5.3976679e-04
 1.4897475e+00  5.3694653e-04
 1.4745844e+00  8.3503251e-04
 1.4748191e+00  8.3309323e-04
 1.4723211e+00  8.9365892e-04
 1.4725445e+00  8.9764711e-04
 1.4572291e+00  1.0047069e-03
 1.4572291e+00  1.0048707e-03
 1.4723210e+00  8.9341257e-04
 1.4725445e+00  8.9780598e-04
 1.4991732e+00  6.2238057e-04
 1.4997303e+00  6.3855770e-04
 1.5358701e+00  7.6614950e-04
 1.5368292e+00  7.7449864e-04
 1.5654742e+00  3.6766764e-04
 1.5664054e+00  3.7315948e-04
 1.5802690e+00  7.0187714e-04
 1.5816632e+00  7.0504650e-04
 1.5233079e+00  4.0366653e-04
 1.5238515e+00  3.9243513e-04
 1.4895147e+00  5.3979450e-04
 1.4897348e+00  5.3716104e-04
 1.4662052e+00  3.5842289e-04
 1.4662059e+00  3.5839172e-04
 1.4550529e+00  1.0550093e-03
 1.4551311e+00  1.0542132e-03
 1.4723211e+00  8.9347892e-04
 1.4725446e+00  8.9778646e-04
 1.5998851e+00  3.1520620e-04
 1.6007289e+00  3.2006672e-04
 1.4829139e+00  5.4163739e-04
 1.4831338e+00  5.4420647e-04
 1.5922093e+00  4.8077120e-04
 1.5934295e+00  4.9525781e-04
 1.5053638e+00  7.6730573e-04
 1.5058765e+00  7.7384418e-04
 1.5952889e+00  4.4216198e-04
 1.5966941e+00  4.3596757e-04
 1.5380918e+00  7.1877026e-04
 1.5390701e+00  7.2503108e-04
 1.5951865e+00  4.4206021e-04
 1.5966010e+00  4.3641215e-04
 1.6089628e+00  2.3045517e-04
 1.6102682e+00  2.2503539e-04
 1.5791343e+00  7.1745820e-04
 1.5806541e+00  7.1621988e-04
 1.5517180e+00  4.1127795e-04
 1.5526143e+00  4.0429059e-04
 1.5158351e+00  3.6671469e-04
 1.5162968e+00  3.6422557e-04
 1.4895292e+00  5.3958563e-04
 1.4897475e+00  5.3708309e-04
 1.4745843e+00  8.3487918e-04
 1.4748192e+00  8.3320591e-04
 1.4991732e+00  6.2244931e-04
 1.4997304e+00  6.3857019e-04
 1.5922092e+00  4.8069540e-04
 1.5934295e+00  4.9525921e-04
 1.5053638e+00  7.6738571e-04
 1.5058766e+00  7.7384060e-04
 1.5802801e+00  7.0190985e-04
 1.5816781e+00  7.0455998e-04
 1.5233718e+00  4.0264480e-04
 1.5239101e+00  3.9170935e-04
 1.5791406e+00  7.1767930e-04
 1.5806622e+00  7.1600421e-04
 1.5517924e+00  4.1118899e-04
 1.5526802e+00  4.0426840e-04
 1.6088771e+00  2.3067176e-04
 1.6101922e+00  2.2530826e-04
 1.5889136e+00  3.0798162e-04
 1.5903799e+00  3.2425844e-04
 1.5889135e+00  3.0773463e-04
 1.5903801e+00  3.2435592e-04
 1.5888271e+00  3.0670076e-04
 1.5903054e+00  3.2337858e-04
 1.5888269e+00  3.0694628e-04
 1.5903052e+00  3.2328435e-04
 1.6089503e+00  2.3043977e-04
 1.6102541e+00  2.2503996e-04
 1.5517341e+00  4.1108638e-04
 1.5526292e+00  4.0420778e-04
 1.5790468e+00  7.1763186e-04
 1.5805809e+00  7.1606214e-04
 1.5233392e+00  4.0294212e-04
 1.5238787e+00  3.9197320e-04
 1.5801838e+00  7.0188455e-04
 1.5815931e+00  7.0464926e-04
 1.5053502e+00  7.6780183e-04
 1.5058617e+00  7.7425571e-04
 1.5921111e+00  4.8003696e-04
 1.5933397e+00  4.9469801e-04
 1.5358701e+00  7.6625670e-04
 1.5368293e+00  7.7453629e-04
 1.5654742e+00  3.6767315e-04
 1.5664050e+00  3.7315287e-04
 1.5952887e+00  4.4206765e-04
 1.5966940e+00  4.3595756e-04
 1.5380918e+00  7.1889040e-04
 1.5390701e+00  7.2507271e-04
 1.5951866e+00  4.4206759e-04
 1.5966006e+00  4.3643629e-04
 1.5791405e+00  7.1766796e-04
 1.5806621e+00  7.1601476e-04
 1.5517924e+00  4.1123422e-04
 1.5526801e+00  4.0425345e-04
 1.6088773e+00  2.3064853e-04
 1.6101921e+00  2.2532841e-04
 1.5736244e+00  7.3426820e-04
 1.5752149e+00  7.4977446e-04
 1.5759430e+00  2.8301949e-04
 1.5768540e+00  2.6799539e-04
 1.5758645e+00  2.8442238e-04
 1.5767830e+00  2.6907205e-04
 1.5791344e+00  7.1780765e-04
 1.5806539e+00  7.1621389e-04
 1.6089626e+00  2.3033654e-04
 1.6102684e+00  2.2512429e-04
 1.5517179e+00  4.1149455e-04
 1.5526141e+00  4.0421824e-04
 1.5952708e+00  4.4225882e-04
 1.5966727e+00  4.3612946e-04
 1.5952191e+00  4.4131334e-04
 1.5966309e+00  4.3593569e-04
 1.5380193e+00  7.1857991e-04
 1.5390088e+00  7.2467408e-04
 1.5655227e+00  3.6777141e-04
 1.5664474e+00  3.7350477e-04
 1.5358010e+00  7.6601884e-04
 1.5367729e+00  7.7405188e-04
 1.5452751e+00  5.5272499e-04
 1.5461239e+00  5.6550391e-04
 1.5452134e+00  5.5190650e-04
 1.5460735e+00  5.6432826e-04
 1.5802689e+00  7.0199821e-04
 1.5816632e+00  7.0509653e-04
 1.5233079e+00  4.0367319e-04
 1.5238512e+00  3.9242757e-04
 1.6089625e+00  2.3044459e-04
 1.6102681e+00  2.2503784e-04
 1.5791342e+00  7.1759187e-04
 1.5806540e+00  7.1626214e-04
 1.5517180e+00  4.1128712e-04
 1.5526138e+00  4.0431178e-04
 1.5889134e+00  3.0797810e-04
 1.5903797e+00  3.2425095e-04
 1.5889134e+00  3.0780288e-04
 1.5903799e+00  3.2436005e-04
 1.5888271e+00  3.0669455e-04
 1.5903050e+00  3.2337385e-04
 1.5888271e+00  3.0688239e-04
 1.5903052e+00  3.2331288e-04
 1.5791342e+00  7.1781743e-04
 1.5806538e+00  7.1620075e-04
 1.6089626e+00  2.3036389e-04
 1.6102682e+00  2.2512072e-04
 1.5517180e+00  4.1144486e-04
 1.5526140e+00  4.0425055e-04
 1.5802690e+00  7.0223250e-04
 1.5816630e+00  7.0503964e-04
 1.5233079e+00  4.0370818e-04
 1.5238513e+00  3.9241824e-04
 1.5921886e+00  4.8109257e-04
 1.5934042e+00  4.9569567e-04
 1.5053065e+00  7.6732681e-04
 1.5058256e+00  7.7354514e-04
 1.4991215e+00  6.2170777e-04
 1.4996869e+00  6.3763596e-04
 1.5921885e+00  4.8082092e-04
 1.5934043e+00  4.9574921e-04
 1.5053065e+00  7.6732970e-04
 1.5058255e+00  7.7349648e-04
 1.4895147e+00  5.3980353e-04
 1.4897345e+00  5.3713799e-04
 1.5158350e+00  3.6671070e-04
 1.5162965e+00  3.6422745e-04
 1.6089500e+00  2.3043858e-04
 1.6102538e+00  2.2502561e-04
 1.5517340e+00  4.1106897e-04
 1.5526289e+00  4.0418645e-04
 1.5790470e+00  7.1751270e-04
 1.5805810e+00  7.1606781e-04
 1.5952705e+00  4.4234141e-04
 1.5966725e+00  4.3612460e-04
 1.5952190e+00  4.4127973e-04
 1.5966306e+00  4.3588745e-04
 1.5380195e+00  7.1847202e-04
 1.5390089e+00  7.2466917e-04
 1.5921885e+00  4.8116289e-04
 1.5934041e+00  4.9568362e-04
 1.5053066e+00  7.6723525e-04
 1.5058256e+00  7.7356292e-04
 1.5998594e+00  3.1527281e-04
 1.6006972e+00  3.2016049e-04
 1.4828692e+00  5.4200416e-04
 1.4830920e+00  5.4421403e-04
 1.4722853e+00  8.9315209e-04
 1.4725124e+00  8.9727753e-04
 1.4745578e+00  8.3517363e-04
 1.4747961e+00  8.3326985e-04
 1.4662052e+00  3.5843973e-04
 1.4662057e+00  3.5837001e-04
 1.4895291e+00  5.3958223e-04
 1.4897473e+00  5.3711112e-04
 1.5233390e+00  4.0292906e-04
 1.5238785e+00  3.9196498e-04
 1.5801839e+00  7.0178000e-04
 1.5815933e+00  7.0464691e-04
 1.5655226e+00  3.6774640e-04
 1.5664472e+00  3.7347299e-04
 1.5358011e+00  7.6591522e-04
 1.5367730e+00  7.7404572e-04
 1.4991216e+00  6.2163738e-04
 1.4996869e+00  6.3763808e-04
 1.4722854e+00  8.9307084e-04
 1.4725124e+00  8.9730339e-04
 1.4572062e+00  1.0061237e-03
 1.4572074e+00  1.0060757e-03
 1.4550411e+00  1.0554668e-03
 1.4551197e+00  1.0546371e-03
 1.4550528e+00  1.0549482e-03
 1.4551311e+00  1.0542256e-03
 1.4745842e+00  8.3480806e-04
 1.4748191e+00  8.3320504e-04
 1.5053501e+00  7.6770837e-04
 1.5058615e+00  7.7422139e-04
 1.5921112e+00  4.7997603e-04
 1.5933400e+00  4.9468030e-04
 1.5452750e+00  5.5264145e-04
 1.5461237e+00  5.6545179e-04
 1.5452135e+00  5.5183394e-04
 1.5460738e+00  5.6431473e-04
 1.5921885e+00  4.8073630e-04
 1.5934042e+00  4.9567613e-04
 1.5053066e+00  7.6722772e-04
 1.5058257e+00  7.7348302e-04
 1.4745579e+00  8.3509648e-04
 1.4747963e+00  8.3328172e-04
 1.4550412e+00  1.0554056e-03
 1.4551198e+00  1.0546619e-03
 1.4483148e+00  8.5290676e-04
 1.4483938e+00  8.5781576e-04
 1.4369696e+00  1.4724270e-03
 1.4369696e+00  1.4724839e-03
 1.4483147e+00  8.5281017e-04
 1.4483937e+00  8.5790928e-04
 1.4723078e+00  8.9315581e-04
 1.4725301e+00  8.9751119e-04
 1.5070578e+00  7.7853699e-04
 1.5074663e+00  7.8194338e-04
 1.5663043e+00  3.9563705e-04
 1.5669218e+00  4.0190493e-04
 1.5503086e+00  5.1586264e-04
 1.5509270e+00  5.2109096e-04
 1.5207166e+00  4.3396029e-04
 1.5211258e+00  4.3557965e-04
 1.5998594e+00  3.1507269e-04
 1.6006973e+00  3.2011999e-04
 1.4828692e+00  5.4198383e-04
 1.4830921e+00  5.4418954e-04
 1.4550339e+00  1.0553341e-03
 1.4551132e+00  1.0546215e-03
 1.4392807e+00  1.3096744e-03
 1.4392808e+00  1.3097287e-03
 1.4483148e+00  8.5283074e-04
 1.4483938e+00  8.5788968e-04
 1.4550528e+00  1.0548149e-03
 1.4551311e+00  1.0543494e-03
 1.4745843e+00  8.3480588e-04
 1.4748191e+00  8.3320812e-04
 1.5053502e+00  7.6776545e-04
 1.5058615e+00  7.7417785e-04
 1.5921111e+00  4.7986617e-04
 1.5933400e+00  4.9473410e-04
 1.5452750e+00  5.5275340e-04
 1.5461238e+00  5.6540399e-04
 1.5452134e+00  5.5168796e-04
 1.5460737e+00  5.6439536e-04
 1.5921886e+00  4.8091069e-04
 1.5934042e+00  4.9563915e-04
 1.5053066e+00  7.6704176e-04
 1.5058257e+00  7.7359720e-04
 1.4745578e+00  8.3494944e-04
 1.4747963e+00  8.3338189e-04
 1.4550411e+00  1.0552425e-03
 1.4551198e+00  1.0547952e-03
 1.4723078e+00  8.9322720e-04
 1.4725302e+00  8.9752486e-04
 1.4745843e+00  8.3488184e-04
 1.4748191e+00  8.3320623e-04
 1.4895454e+00  5.3976436e-04
 1.4897625e+00  5.3724102e-04
 1.5158726e+00  3.6655265e-04
 1.5163284e+00  3.6403934e-04
 1.5517791e+00  4.1106492e-04
 1.5526655e+00  4.0398709e-04
 1.5790384e+00  7.1733094e-04
 1.5805727e+00  7.1616276e-04
 1.6088997e+00  2.3064523e-04
 1.6102120e+00  2.2525365e-04
 1.5952707e+00  4.4207343e-04
 1.5966728e+00  4.3615764e-04
 1.5380194e+00  7.1827329e-04
 1.5390090e+00  7.2471092e-04
 1.5952188e+00  4.4172970e-04
 1.5966307e+00  4.3579299e-04
 1.5053147e+00  7.6697968e-04
 1.5058337e+00  7.7370360e-04
 1.5921365e+00  4.8020835e-04
 1.5933635e+00  4.9488730e-04
 1.4828852e+00  5.4206923e-04
 1.4831057e+00  5.4466689e-04
 1.5998095e+00  3.1488115e-04
 1.6006598e+00  3.1985368e-04
 1.5070578e+00  7.7864066e-04
 1.5074665e+00  7.8198113e-04
 1.5663045e+00  3.9565376e-04
 1.5669216e+00  4.0192490e-04
 1.5053501e+00  7.6787995e-04
 1.5058616e+00  7.7418577e-04
 1.5921113e+00  4.7988063e-04
 1.5933397e+00  4.9478094e-04
 1.5158725e+00  3.6659504e-04
 1.5163284e+00  3.6402192e-04
 1.5377705e+00  4.6487491e-04
 1.5381629e+00  4.6444185e-04
 1.5967935e+00  4.6463250e-04
 1.5973873e+00  4.6264093e-04
 1.5693816e+00  3.5411792e-04
 1.5700950e+00  3.4517234e-04
 1.5693359e+00  3.5485576e-04
 1.5700569e+00  3.4559511e-04
 1.6089501e+00  2.3031404e-04
 1.6102542e+00  2.2508718e-04
 1.5790470e+00  7.1724781e-04
 1.5805811e+00  7.1614488e-04
 1.5517339e+00  4.1138715e-04
 1.5526291e+00  4.0404420e-04
 1.5452305e+00  5.5152877e-04
 1.5460898e+00  5.6454547e-04
 1.5452303e+00  5.5189429e-04
 1.5460897e+00  5.6436039e-04
 1.5207426e+00  4.3388752e-04
 1.5211464e+00  4.3588246e-04
 1.5502660e+00  5.1565979e-04
 1.5508966e+00  5.2067114e-04
 1.5503086e+00  5.1596314e-04
 1.5509271e+00  5.2114106e-04
 1.5207167e+00  4.3396938e-04
 1.5211256e+00  4.3559059e-04
 1.5452750e+00  5.5288060e-04
 1.5461238e+00  5.6542852e-04
 1.5452135e+00  5.5170090e-04
 1.5460735e+00  5.6444212e-04
 1.5517790e+00  4.1115325e-04
 1.5526655e+00  4.0398494e-04
 1.5790385e+00  7.1733047e-04
 1.5805725e+00  7.1618105e-04
 1.6088999e+00  2.3061054e-04
 1.6102119e+00  2.2527583e-04
 1.5693816e+00  3.5417088e-04
 1.5700949e+00  3.4515007e-04
 1.5693361e+00  3.5479780e-04
 1.5700568e+00  3.4562896e-04
 1.5968414e+00  4.6452093e-04
 1.5974261e+00  4.6253965e-04
 1.5377297e+00  4.6506287e-04
 1.5381280e+00  4.6448538e-04
 1.5158350e+00  3.6688499e-04
 1.5162966e+00  3.6411066e-04
 1.5921367e+00  4.7981693e-04
 1.5933637e+00  4.9503526e-04
 1.5053146e+00  7.6733537e-04
 1.5058336e+00  7.7350006e-04
 1.5663397e+00  3.9576886e-04
 1.5669496e+00  4.0230536e-04
 1.5070250e+00  7.7837332e-04
 1.5074426e+00  7.8139012e-04
 1.5998593e+00  3.1514602e-04
 1.6006974e+00  3.2016013e-04
 1.4828692e+00  5.4199034e-04
 1.4830919e+00  5.4419299e-04
 1.5921884e+00  4.8105122e-04
 1.5934042e+00  4.9567455e-04
 1.5053066e+00  7.6705342e-04
 1.5058255e+00  7.7363132e-04
 1.5952706e+00  4.4221182e-04
 1.5966727e+00  4.3617429e-04
 1.5380194e+00  7.1826963e-04
 1.5390087e+00  7.2471405e-04
 1.5952191e+00  4.4158756e-04
 1.5966307e+00  4.3579742e-04
 1.6089500e+00  2.3035097e-04
 1.6102540e+00  2.2508228e-04
 1.5790470e+00  7.1723689e-04
 1.5805808e+00  7.1612437e-04
 1.5517341e+00  4.1128710e-04
 1.5526290e+00  4.0406539e-04
 1.5158351e+00  3.6683491e-04
 1.5162966e+00  3.6413851e-04
 1.4895146e+00  5.3985476e-04
 1.4897347e+00  5.3708795e-04
 1.4745578e+00  8.3517828e-04
 1.4747962e+00  8.3326800e-04
 1.4722853e+00  8.9317626e-04
 1.4725123e+00  8.9722301e-04
 1.4550340e+00  1.0553332e-03
 1.4551130e+00  1.0546014e-03
 1.4745578e+00  8.3494906e-04
 1.4747962e+00  8.3338496e-04
 1.5053146e+00  7.6696567e-04
 1.5058335e+00  7.7366632e-04
 1.5921366e+00  4.8006987e-04
 1.5933636e+00  4.9487235e-04
 1.5452304e+00  5.5150864e-04
 1.5460897e+00  5.6448701e-04
 1.5452305e+00  5.5176668e-04
 1.5460897e+00  5.6435842e-04
 1.5921365e+00  4.7978653e-04
 1.5933635e+00  4.9496256e-04
 1.5053147e+00  7.6720968e-04
 1.5058335e+00  7.7350748e-04
 1.4745579e+00  8.3509693e-04
 1.4747962e+00  8.3328475e-04
 1.4550339e+00  1.0553656e-03
 1.4551131e+00  1.0545892e-03
 1.4483012e+00  8.5262076e-04
 1.4483816e+00  8.5752120e-04
 1.4392807e+00  1.3096700e-03
 1.4392807e+00  1.3096842e-03
 1.4550411e+00  1.0552439e-03
 1.4551197e+00  1.0548044e-03
 1.4828852e+00  5.4206398e-04
 1.4831055e+00  5.4464726e-04
 1.5998095e+00  3.1481008e-04
 1.6006599e+00  3.1983723e-04
 1.5207425e+00  4.3387425e-04
 1.5211463e+00  4.3584290e-04
 1.5502661e+00  5.1556224e-04
 1.5508966e+00  5.2064914e-04
 1.5663396e+00  3.9574272e-04
 1.5669495e+00  4.0224526e-04
 1.5070250e+00  7.7826167e-04
 1.5074426e+00  7.8137372e-04
 1.4722854e+00  8.9308719e-04
 1.4725124e+00  8.9721915e-04
 1.4483013e+00  8.5260068e-04
 1.4483816e+00  8.5755457e-04
 1.4369632e+00  1.4721897e-03
 1.4369633e+00  1.4721883e-03
