0.000000000000000000e+00 -9.908894089627349617e-11 -9.908894089627349617e-11
1.000000020216089136e-01 -9.898953571334370185e-11 -9.883257338755176093e-11
2.000000040432176052e-01 -9.880415169395890590e-11 -9.857686916475208859e-11
3.000000060648267408e-01 -9.857210793008350604e-11 -9.832182651179034215e-11
4.000000080864356544e-01 -9.831558007871929953e-11 -9.806744371702231529e-11
5.000000101080446235e-01 -9.804701913389009524e-11 -9.781371907323225528e-11
6.000000121296534816e-01 -9.777335055859020514e-11 -9.756065087762138586e-11
7.000000141512624507e-01 -9.749835680365649449e-11 -9.730823743179650759e-11
8.000000161728713088e-01 -9.722403657528910228e-11 -9.705647704175855960e-11
9.000000181944802780e-01 -9.695138299773060629e-11 -9.680536801789131037e-11
1.000000020216089247e+00 -9.668082966116379911e-11 -9.655490867494993238e-11
1.100000022237695774e+00 -9.641250594753019419e-11 -9.630509733204979635e-11
1.200000024259304521e+00 -9.614638247344140304e-11 -9.605593231265508461e-11
1.300000026280913490e+00 -9.588235312685700418e-11 -9.580741194456762412e-11
1.400000028302522459e+00 -9.562028053852240097e-11 -9.555953455991561620e-11
1.500000030324131206e+00 -9.536002054128200237e-11 -9.531229849514246954e-11
1.600000032345740175e+00 -9.510143464747830039e-11 -9.506570209099560742e-11
1.700000034367349144e+00 -9.484439578776309396e-11 -9.481974369251536542e-11
1.800000036388957891e+00 -9.458879034837369939e-11 -9.457442164902386322e-11
1.900000038410566860e+00 -9.433451825508379509e-11 -9.432973431411390232e-11
2.000000040432175830e+00 -9.408149209875070365e-11 -9.408568004563800587e-11
2.100000042453785021e+00 -9.382963585768000572e-11 -9.384225720569726466e-11
2.200000044475393324e+00 -9.357888351682270170e-11 -9.359946416063048041e-11
2.300000046497002515e+00 -9.332917773694160449e-11 -9.335729928100311510e-11
2.400000048518611262e+00 -9.308046864403699788e-11 -9.311576094159635671e-11
2.500000050540210683e+00 -9.283271276358900200e-11 -9.287484752139630123e-11
2.600000052561836750e+00 -9.258587210027460334e-11 -9.263455740358285038e-11
2.700000054583438391e+00 -9.233991335225209413e-11 -9.239488897551928134e-11
2.800000056605039589e+00 -9.209480724444420574e-11 -9.215584062874091179e-11
2.900000058626665655e+00 -9.185052796431209951e-11 -9.191741075894461804e-11
3.000000060648267297e+00 -9.160705268451829606e-11 -9.167959776597814621e-11
3.100000062669868939e+00 -9.136436115857209906e-11 -9.144240005382904877e-11
3.200000064691495005e+00 -9.112243537749380634e-11 -9.120581603061418967e-11
