#time(au), s(t), s(t) without exp(iwt)
 0.00000000000000e+01  1.96784541783169e-17  1.96784541783169e-17
 4.13413741709430e+03 -2.35390037403430e-16 -1.24815251871696e-16
 8.26827483418859e+03 -7.25282119947793e-16 -5.58012389671722e-16
 1.24024122512829e+04 -1.33773275835521e-15 -1.38466031171502e-15
 1.65365496683772e+04 -2.00944679603805e-15 -2.60981587123353e-15
 2.06706870854715e+04 -2.70540961286231e-15 -4.19779982480091e-15
 2.48048245025658e+04 -3.40679929105422e-15 -6.09872963033411e-15
 2.89389619196601e+04 -4.10396544457356e-15 -8.25979215117720e-15
 3.30730993367544e+04 -4.79236962197860e-15 -1.06296199967633e-14
 3.72072367538487e+04 -5.47025514245858e-15 -1.31598059226992e-14
 4.13413741709430e+04 -6.13732310579401e-15 -1.58054168616241e-14
 4.54755115880372e+04 -6.79399052741732e-15 -1.85252892085343e-14
 4.96096490051315e+04 -7.44098290299149e-15 -2.12823669606772e-14
 5.37437864222258e+04 -8.07911720102048e-15 -2.40441097162934e-14
 5.78779238393201e+04 -8.70919203729405e-15 -2.67829059398306e-14
 6.20120612564144e+04 -9.33193719168302e-15 -2.94764047323678e-14
 6.61461986735087e+04 -9.94799517411126e-15 -3.21076892356306e-14
 7.02803360906030e+04 -1.05579194178755e-14 -3.46652380560056e-14
 7.44144735076973e+04 -1.11621804628383e-14 -3.71426484229222e-14
 7.85486109247916e+04 -1.17611754470444e-14 -3.95381217015548e-14
 8.26827483418859e+04 -1.23552383792992e-14 -4.18537357360745e-14
 8.68168857589802e+04 -1.29446499616436e-14 -4.40945481859860e-14
 9.09510231760745e+04 -1.35296464029832e-14 -4.62675895640316e-14
 9.50851605931688e+04 -1.41104270219681e-14 -4.83808137242246e-14
 9.92192980102631e+04 -1.46871606768612e-14 -5.04420770079466e-14
 1.03353435427357e+05 -1.52599911077130e-14 -5.24582151237455e-14
 1.07487572844452e+05 -1.58290413350031e-14 -5.44342796838967e-14
 1.11621710261546e+05 -1.63944172595227e-14 -5.63729847237569e-14
 1.15755847678640e+05 -1.69562105998015e-14 -5.82743984295656e-14
 1.19889985095735e+05 -1.75145012774023e-14 -6.01358977555905e-14
 1.24024122512829e+05 -1.80693593768162e-14 -6.19523848993481e-14
 1.28158259929923e+05 -1.86208467260080e-14 -6.37167458416897e-14
 1.32292397347018e+05 -1.91690182107080e-14 -6.54205138544918e-14
 1.36426534764112e+05 -1.97139228401501e-14 -6.70546858681968e-14
 1.40560672181206e+05 -2.02556046348159e-14 -6.86106282114764e-14
 1.44694809598300e+05 -2.07941033614271e-14 -7.00810009984159e-14
 1.48828947015395e+05 -2.13294551455028e-14 -7.14606280088913e-14
 1.52963084432489e+05 -2.18616929831354e-14 -7.27472414420014e-14
 1.57097221849583e+05 -2.23908471702875e-14 -7.39420383006531e-14
 1.61231359266678e+05 -2.29169456728042e-14 -7.50499969968693e-14
 1.65365496683772e+05 -2.34400144312444e-14 -7.60799182755923e-14
 1.69499634100866e+05 -2.39600776251957e-14 -7.70441728919964e-14
 1.73633771517960e+05 -2.44771578989017e-14 -7.79581583803593e-14
 1.77767908935055e+05 -2.49912765536952e-14 -7.88394875461603e-14
 1.81902046352149e+05 -2.55024537118410e-14 -7.97069506562458e-14
 1.86036183769243e+05 -2.60107084645269e-14 -8.05793104637549e-14
 1.90170321186338e+05 -2.65160589895749e-14 -8.14740029807654e-14
 1.94304458603432e+05 -2.70185226619335e-14 -8.24058264718088e-14
 1.98438596020526e+05 -2.75181161451580e-14 -8.33857056350846e-14
 2.02572733437620e+05 -2.80148554720819e-14 -8.44196170939800e-14
 2.06706870854715e+05 -2.85087561164723e-14 -8.55077559941941e-14
 2.10841008271809e+05 -2.89998330531013e-14 -8.66440119632332e-14
 2.14975145688903e+05 -2.94881008119630e-14 -8.78158065379766e-14
 2.19109283105998e+05 -2.99735735237760e-14 -8.90043242542903e-14
 2.23243420523092e+05 -3.04562649647144e-14 -9.01851470568479e-14
 2.27377557940186e+05 -3.09361885874425e-14 -9.13292777804284e-14
 2.31511695357280e+05 -3.14133575576343e-14 -9.24045146695850e-14
 2.35645832774375e+05 -3.18877847830502e-14 -9.33771165092475e-14
 2.39779970191469e+05 -3.23594829332222e-14 -9.42136784539103e-14
 2.43914107608563e+05 -3.28284644615945e-14 -9.48831231743623e-14
 2.48048245025658e+05 -3.32947416315553e-14 -9.53587015214245e-14
 2.52182382442752e+05 -3.37583265270671e-14 -9.56198922073039e-14
 2.56316519859846e+05 -3.42192310730258e-14 -9.56540915501865e-14
 2.60450657276940e+05 -3.46774670418592e-14 -9.54579919461245e-14
 2.64584794694035e+05 -3.51330460724980e-14 -9.50385613533900e-14
 2.68718932111129e+05 -3.55859796767641e-14 -9.44135547855897e-14
 2.72853069528223e+05 -3.60362792525279e-14 -9.36115119012973e-14
 2.76987206945318e+05 -3.64839560876085e-14 -9.26712207984004e-14
 2.81121344362412e+05 -3.69290213718599e-14 -9.16406558491944e-14
 2.85255481779506e+05 -3.73714861993042e-14 -9.05754251744306e-14
 2.89389619196601e+05 -3.78113615775220e-14 -8.95367897596316e-14
 2.93523756613695e+05 -3.82486584326855e-14 -8.85893396550585e-14
 2.97657894030789e+05 -3.86833876141060e-14 -8.77984319529160e-14
