#time(au), s(t), s(t) without exp(iwt)
 0.00000000000000e+01 -9.90889408962735e-11 -9.90889408962735e-11
 4.13413741709430e+03 -9.89895357133437e-11 -9.90289151289404e-11
 8.26827483418859e+03 -9.88041516939589e-11 -9.88621204348107e-11
 1.24024122512829e+04 -9.85721079300835e-11 -9.85472148775971e-11
 1.65365496683772e+04 -9.83155800787193e-11 -9.80775087905529e-11
 2.06706870854715e+04 -9.80470191338901e-11 -9.74607411910649e-11
 2.48048245025658e+04 -9.77733505585902e-11 -9.67101575108434e-11
 2.89389619196601e+04 -9.74983568036565e-11 -9.58407342313738e-11
 3.30730993367544e+04 -9.72240365752891e-11 -9.48676940953269e-11
 3.72072367538487e+04 -9.69513829977306e-11 -9.38059827951843e-11
 4.13413741709430e+04 -9.66808296611638e-11 -9.26701020611083e-11
 4.54755115880372e+04 -9.64125059475302e-11 -9.14740378043355e-11
 4.96096490051315e+04 -9.61463824734414e-11 -9.02311833099800e-11
 5.37437864222258e+04 -9.58823531268570e-11 -8.89542309174630e-11
 5.78779238393201e+04 -9.56202805385224e-11 -8.76550368735454e-11
 6.20120612564144e+04 -9.53600205412820e-11 -8.63444752849411e-11
 6.61461986735087e+04 -9.51014346474783e-11 -8.50322990854643e-11
 7.02803360906030e+04 -9.48443957877631e-11 -8.37270238330270e-11
 7.44144735076973e+04 -9.45887903483737e-11 -8.24358464236031e-11
 7.85486109247916e+04 -9.43345182550838e-11 -8.11646066132557e-11
 8.26827483418859e+04 -9.40814920987507e-11 -7.99177951269683e-11
 8.68168857589802e+04 -9.38296358576800e-11 -7.86986083737281e-11
 9.09510231760745e+04 -9.35788835168227e-11 -7.75090465227196e-11
 9.50851605931688e+04 -9.33291777369416e-11 -7.63500490061692e-11
 9.92192980102631e+04 -9.30804686440370e-11 -7.52216594490616e-11
 1.03353435427357e+05 -9.28327127635890e-11 -7.41232106093909e-11
 1.07487572844452e+05 -9.25858721002746e-11 -7.30535191493882e-11
 1.11621710261546e+05 -9.23399133522521e-11 -7.20110799306828e-11
 1.15755847678640e+05 -9.20948072444442e-11 -7.09942499949969e-11
 1.19889985095735e+05 -9.18505279643121e-11 -7.00014133951937e-11
 1.24024122512829e+05 -9.16070526845183e-11 -6.90311194971767e-11
 1.28158259929923e+05 -9.13643611585721e-11 -6.80821891820648e-11
 1.32292397347018e+05 -9.11224353774938e-11 -6.71537854276674e-11
 1.36426534764112e+05 -9.08812592774304e-11 -6.62454469182964e-11
 1.40560672181206e+05 -9.06408184898211e-11 -6.53570854997931e-11
 1.44694809598300e+05 -9.04011001272109e-11 -6.44889503439232e-11
 1.48828947015395e+05 -9.01620925989872e-11 -6.36415635041095e-11
 1.52963084432489e+05 -8.99237854523560e-11 -6.28156330394651e-11
 1.57097221849583e+05 -8.96861692346852e-11 -6.20119509823405e-11
 1.61231359266678e+05 -8.94492353740126e-11 -6.12312840755293e-11
 1.65365496683772e+05 -8.92129760750383e-11 -6.04742653836675e-11
 1.69499634100866e+05 -8.89773842284147e-11 -5.97412945902998e-11
 1.73633771517960e+05 -8.87424533314412e-11 -5.90324540540345e-11
 1.77767908935055e+05 -8.85081774186097e-11 -5.83474465647918e-11
 1.81902046352149e+05 -8.82745510006648e-11 -5.76855592851020e-11
 1.86036183769243e+05 -8.80415690110430e-11 -5.70456566691475e-11
 1.90170321186338e+05 -8.78092267587459e-11 -5.64262033224471e-11
 1.94304458603432e+05 -8.75775198867977e-11 -5.58253159021186e-11
 1.98438596020526e+05 -8.73464443355970e-11 -5.52408413663744e-11
 2.02572733437620e+05 -8.71159963105198e-11 -5.46704572610903e-11
 2.06706870854715e+05 -8.68861722532873e-11 -5.41117883695038e-11
 2.10841008271809e+05 -8.66569688165969e-11 -5.35625330208389e-11
 2.14975145688903e+05 -8.64283828416471e-11 -5.30205917090526e-11
 2.19109283105998e+05 -8.62004113381984e-11 -5.24841904457647e-11
 2.23243420523092e+05 -8.59730514668690e-11 -5.19519914708161e-11
 2.27377557940186e+05 -8.57463005233973e-11 -5.14231845556258e-11
 2.31511695357280e+05 -8.55201559246583e-11 -5.08975531220466e-11
 2.35645832774375e+05 -8.52946151962041e-11 -5.03755107065424e-11
 2.39779970191469e+05 -8.50696759611779e-11 -4.98581048535084e-11
 2.43914107608563e+05 -8.48453359304293e-11 -4.93469872369715e-11
 2.48048245025658e+05 -8.46215928936985e-11 -4.88443505940241e-11
 2.52182382442752e+05 -8.43984447117569e-11 -4.83528348104402e-11
 2.56316519859846e+05 -8.41758893093847e-11 -4.78754061359989e-11
 2.60450657276940e+05 -8.39539246690993e-11 -4.74152149384704e-11
 2.64584794694035e+05 -8.37325488255518e-11 -4.69754385571981e-11
 2.68718932111129e+05 -8.35117598605172e-11 -4.65591166315510e-11
 2.72853069528223e+05 -8.32915558984185e-11 -4.61689867165155e-11
 2.76987206945318e+05 -8.30719351023107e-11 -4.58073280378345e-11
 2.81121344362412e+05 -8.28528956702948e-11 -4.54758208839608e-11
 2.85255481779506e+05 -8.26344358323022e-11 -4.51754284036535e-11
 2.89389619196601e+05 -8.24165538472244e-11 -4.49063065175625e-11
 2.93523756613695e+05 -8.21992480003234e-11 -4.46677463172828e-11
 2.97657894030789e+05 -8.19825166009250e-11 -4.44581517872998e-11
