#time(au), total f, f in each valley
 0.00000000000000e+01 -7.87393102175671e-20
 4.13413741709430e+03 -4.39293803973886e-16
 8.26827483418859e+03 -8.12308602802930e-16
 1.24024122512829e+04 -1.12960223059137e-15
 1.65365496683772e+04 -1.40056748279584e-15
 2.06706870854715e+04 -1.63317633421300e-15
 2.48048245025658e+04 -1.83401213471674e-15
 2.89389619196601e+04 -2.00843892274930e-15
 3.30730993367544e+04 -2.16080326989088e-15
 3.72072367538487e+04 -2.29462465875350e-15
 4.13413741709430e+04 -2.41275907784771e-15
 4.54755115880372e+04 -2.51753338398993e-15
 4.96096490051315e+04 -2.61085310720282e-15
 5.37437864222258e+04 -2.69428786104046e-15
 5.78779238393201e+04 -2.76913871742200e-15
 6.20120612564144e+04 -2.83649120717219e-15
 6.61461986735087e+04 -2.89725713141921e-15
 7.02803360906030e+04 -2.95220752201140e-15
 7.44144735076973e+04 -3.00199881092156e-15
 7.85486109247916e+04 -3.04719355801782e-15
 8.26827483418859e+04 -3.08827704571885e-15
 8.68168857589802e+04 -3.12567051750457e-15
 9.09510231760745e+04 -3.15974179532280e-15
 9.50851605931688e+04 -3.19081391415413e-15
 9.92192980102631e+04 -3.21917207500581e-15
 1.03353435427357e+05 -3.24506927004892e-15
 1.07487572844452e+05 -3.26873095026797e-15
 1.11621710261546e+05 -3.29035880851286e-15
 1.15755847678640e+05 -3.31013394694542e-15
 1.19889985095735e+05 -3.32821948459065e-15
 1.24024122512829e+05 -3.34476275729904e-15
 1.28158259929923e+05 -3.35989716755673e-15
 1.32292397347018e+05 -3.37374375860983e-15
 1.36426534764112e+05 -3.38641255642787e-15
 1.40560672181206e+05 -3.39800371241278e-15
 1.44694809598300e+05 -3.40860853607458e-15
 1.48828947015395e+05 -3.41831035163963e-15
 1.52963084432489e+05 -3.42718526575891e-15
 1.57097221849583e+05 -3.43530284111930e-15
 1.61231359266678e+05 -3.44272671388755e-15
 1.65365496683772e+05 -3.44951511427311e-15
 1.69499634100866e+05 -3.45572136088107e-15
 1.73633771517960e+05 -3.46139427631799e-15
 1.77767908935055e+05 -3.46657859487230e-15
 1.81902046352149e+05 -3.47131529721044e-15
 1.86036183769243e+05 -3.47564194080676e-15
 1.90170321186338e+05 -3.47959294821274e-15
 1.94304458603432e+05 -3.48319986428459e-15
 1.98438596020526e+05 -3.48649161565885e-15
 2.02572733437620e+05 -3.48949469968900e-15
 2.06706870854715e+05 -3.49223342700669e-15
 2.10841008271809e+05 -3.49473006041642e-15
 2.14975145688903e+05 -3.49700500664590e-15
 2.19109283105998e+05 -3.49907697330705e-15
 2.23243420523092e+05 -3.50096311389244e-15
 2.27377557940186e+05 -3.50267913752572e-15
 2.31511695357280e+05 -3.50423942943943e-15
 2.35645832774375e+05 -3.50565718565359e-15
 2.39779970191469e+05 -3.50694450463922e-15
 2.43914107608563e+05 -3.50811243815575e-15
 2.48048245025658e+05 -3.50917113358104e-15
 2.52182382442752e+05 -3.51012987484945e-15
 2.56316519859846e+05 -3.51099716609564e-15
 2.60450657276940e+05 -3.51178080524877e-15
 2.64584794694035e+05 -3.51248791831792e-15
 2.68718932111129e+05 -3.51312503440343e-15
 2.72853069528223e+05 -3.51369813301947e-15
 2.76987206945318e+05 -3.51421268877670e-15
 2.81121344362412e+05 -3.51467370327245e-15
 2.85255481779506e+05 -3.51508576983438e-15
 2.89389619196601e+05 -3.51545307376795e-15
 2.93523756613695e+05 -3.51577945787501e-15
 2.97657894030789e+05 -3.51606843561461e-15
 3.01792031447884e+05 -3.51632321963149e-15
 3.05926168864978e+05 -3.51654674690816e-15
 3.10060306282072e+05 -3.51674170340726e-15
 3.14194443699167e+05 -3.51691055588214e-15
 3.18328581116261e+05 -3.51705554150022e-15
 3.22462718533355e+05 -3.51717872823208e-15
 3.26596855950449e+05 -3.51728199434565e-15
 3.30730993367544e+05 -3.51736705360540e-15
 3.34865130784638e+05 -3.51743548651725e-15
 3.38999268201732e+05 -3.51748872197643e-15
 3.43133405618827e+05 -3.51752808309038e-15
 3.47267543035921e+05 -3.51755476335250e-15
 3.51401680453015e+05 -3.51756986494328e-15
 3.55535817870110e+05 -3.51757439162987e-15
 3.59669955287204e+05 -3.51756925074009e-15
 3.63804092704298e+05 -3.51755529771840e-15
 3.67938230121393e+05 -3.51753328368282e-15
 3.72072367538487e+05 -3.51750391065225e-15
 3.76206504955581e+05 -3.51746781970843e-15
 3.80340642372676e+05 -3.51742559287863e-15
 3.84474779789770e+05 -3.51737777083077e-15
 3.88608917206864e+05 -3.51732483478349e-15
 3.92743054623959e+05 -3.51726722849983e-15
 3.96877192041053e+05 -3.51720536323402e-15
 4.01011329458147e+05 -3.51713960606134e-15
 4.05145466875241e+05 -3.51707029832464e-15
 4.09279604292336e+05 -3.51699775237570e-15
 4.13413741709430e+05 -3.51692224788954e-15
 4.17547879126524e+05 -3.51684404556149e-15
 4.21682016543619e+05 -3.51676337270594e-15
 4.25816153960713e+05 -3.51668045893242e-15
 4.29950291377807e+05 -3.51659548709358e-15
 4.34084428794902e+05 -3.51650864305313e-15
 4.38218566211996e+05 -3.51642009582816e-15
 4.42352703629090e+05 -3.51632998357683e-15
 4.46486841046185e+05 -3.51623844877353e-15
 4.50620978463279e+05 -3.51614561862229e-15
 4.54755115880373e+05 -3.51605160877786e-15
 4.58889253297468e+05 -3.51595651665774e-15
 4.63023390714562e+05 -3.51586044227803e-15
 4.67157528131656e+05 -3.51576345860833e-15
 4.71291665548751e+05 -3.51566566294534e-15
 4.75425802965845e+05 -3.51556711817072e-15
 4.79559940382939e+05 -3.51546789760171e-15
 4.83694077800033e+05 -3.51536804703177e-15
 4.87828215217128e+05 -3.51526763617489e-15
 4.91962352634222e+05 -3.51516670743338e-15
 4.96096490051316e+05 -3.51506530438807e-15
 5.00230627468411e+05 -3.51496347671850e-15
 5.04364764885505e+05 -3.51486125372800e-15
 5.08498902302599e+05 -3.51475868055005e-15
 5.12633039719694e+05 -3.51465577972637e-15
 5.16767177136788e+05 -3.51455258044831e-15
 5.20901314553882e+05 -3.51444911453530e-15
 5.25035451970977e+05 -3.51434540058403e-15
 5.29169589388071e+05 -3.51424146077674e-15
 5.33303726805165e+05 -3.51413731571947e-15
 5.37437864222260e+05 -3.51403297900029e-15
 5.41572001639354e+05 -3.51392847854367e-15
 5.45706139056448e+05 -3.51382382324139e-15
 5.49840276473543e+05 -3.51371903079151e-15
 5.53974413890637e+05 -3.51361410839466e-15
 5.58108551307731e+05 -3.51350907167771e-15
 5.62242688724826e+05 -3.51340392755843e-15
 5.66376826141920e+05 -3.51329869118935e-15
 5.70510963559014e+05 -3.51319337037507e-15
 5.74645100976108e+05 -3.51308796041632e-15
 5.78779238393203e+05 -3.51298248318013e-15
 5.82913375810297e+05 -3.51287694162157e-15
 5.87047513227391e+05 -3.51277134317402e-15
 5.91181650644486e+05 -3.51266569097521e-15
 5.95315788061580e+05 -3.51255998666621e-15
 5.99449925478674e+05 -3.51245423542946e-15
 6.03584062895769e+05 -3.51234844858443e-15
 6.07718200312863e+05 -3.51224262695310e-15
 6.11852337729957e+05 -3.51213676619863e-15
 6.15986475147052e+05 -3.51203087907823e-15
 6.20120612564146e+05 -3.51192496867662e-15
 6.24254749981240e+05 -3.51181903150839e-15
 6.28388887398335e+05 -3.51171307064354e-15
 6.32523024815429e+05 -3.51160709001235e-15
 6.36657162232523e+05 -3.51150109755493e-15
 6.40791299649618e+05 -3.51139508269135e-15
 6.44925437066712e+05 -3.51128905698559e-15
 6.49059574483806e+05 -3.51118302080299e-15
 6.53193711900900e+05 -3.51107697488012e-15
 6.57327849317995e+05 -3.51097091759948e-15
 6.61461986735089e+05 -3.51086485411405e-15
 6.65596124152183e+05 -3.51075877643363e-15
 6.69730261569278e+05 -3.51065269102226e-15
 6.73864398986372e+05 -3.51054660456204e-15
 6.77998536403466e+05 -3.51044051271019e-15
 6.82132673820561e+05 -3.51033441302428e-15
 6.86266811237655e+05 -3.51022831296714e-15
 6.90400948654749e+05 -3.51012220548842e-15
 6.94535086071844e+05 -3.51001610181920e-15
 6.98669223488938e+05 -3.50990999532157e-15
 7.02803360906032e+05 -3.50980388804025e-15
 7.06937498323127e+05 -3.50969777633073e-15
 7.11071635740221e+05 -3.50959166969758e-15
 7.15205773157315e+05 -3.50948555747246e-15
 7.19339910574410e+05 -3.50937944940155e-15
 7.23474047991504e+05 -3.50927333547645e-15
 7.27608185408598e+05 -3.50916722756168e-15
 7.31742322825692e+05 -3.50906111543968e-15
 7.35876460242787e+05 -3.50895500592806e-15
 7.40010597659881e+05 -3.50884889167298e-15
 7.44144735076975e+05 -3.50874279227286e-15
 7.48278872494070e+05 -3.50863669253686e-15
 7.52413009911164e+05 -3.50853058361448e-15
 7.56547147328258e+05 -3.50842448017801e-15
 7.60681284745353e+05 -3.50831838276660e-15
 7.64815422162447e+05 -3.50821228516663e-15
 7.68949559579541e+05 -3.50810619118464e-15
 7.73083696996636e+05 -3.50800009020828e-15
 7.77217834413730e+05 -3.50789399758157e-15
 7.81351971830824e+05 -3.50778791205530e-15
 7.85486109247919e+05 -3.50768182553910e-15
 7.89620246665013e+05 -3.50757574292077e-15
 7.93754384082107e+05 -3.50746965840801e-15
 7.97888521499202e+05 -3.50736357770474e-15
 8.02022658916296e+05 -3.50725750788195e-15
 8.06156796333390e+05 -3.50715143701913e-15
 8.10290933750484e+05 -3.50704536710795e-15
 8.14425071167579e+05 -3.50693930566427e-15
 8.18559208584673e+05 -3.50683324083830e-15
 8.22693346001767e+05 -3.50672717630991e-15
 8.26827483418862e+05 -3.50662111774470e-15
 8.30961620835956e+05 -3.50651505761505e-15
 8.35095758253050e+05 -3.50640900821561e-15
 8.39229895670145e+05 -3.50630295580216e-15
 8.43364033087239e+05 -3.50619690969367e-15
 8.47498170504333e+05 -3.50609086261587e-15
 8.51632307921428e+05 -3.50598482609445e-15
 8.55766445338522e+05 -3.50587878595800e-15
 8.59900582755616e+05 -3.50577275114541e-15
 8.64034720172711e+05 -3.50566672571659e-15
 8.68168857589805e+05 -3.50556069572111e-15
 8.72302995006899e+05 -3.50545467207772e-15
 8.76437132423994e+05 -3.50534865307466e-15
 8.80571269841088e+05 -3.50524263547402e-15
 8.84705407258182e+05 -3.50513661675969e-15
 8.88839544675276e+05 -3.50503060734371e-15
 8.92973682092371e+05 -3.50492459780104e-15
 8.97107819509465e+05 -3.50481859134897e-15
 9.01241956926559e+05 -3.50471258930449e-15
 9.05376094343654e+05 -3.50460659419546e-15
 9.09510231760748e+05 -3.50450059659391e-15
 9.13644369177842e+05 -3.50439460505278e-15
 9.17778506594937e+05 -3.50428861159364e-15
 9.21912644012031e+05 -3.50418262772158e-15
 9.26046781429125e+05 -3.50407664021091e-15
 9.30180918846220e+05 -3.50397065700470e-15
 9.34315056263314e+05 -3.50386467817956e-15
 9.38449193680408e+05 -3.50375870051228e-15
 9.42583331097503e+05 -3.50365273332185e-15
 9.46717468514597e+05 -3.50354676292295e-15
 9.50851605931691e+05 -3.50344079458643e-15
 9.54985743348786e+05 -3.50333483946675e-15
 9.59119880765880e+05 -3.50322887664559e-15
 9.63254018182974e+05 -3.50312291876528e-15
 9.67388155600069e+05 -3.50301696999770e-15
 9.71522293017163e+05 -3.50291102384344e-15
 9.75656430434257e+05 -3.50280508017286e-15
 9.79790567851351e+05 -3.50269913590419e-15
 9.83924705268446e+05 -3.50259319901881e-15
 9.88058842685540e+05 -3.50248725692741e-15
 9.92192980102634e+05 -3.50238132004792e-15
 9.96327117519729e+05 -3.50227538798848e-15
 1.00046125493682e+06 -3.50216946168011e-15
 1.00459539235392e+06 -3.50206353592268e-15
 1.00872952977101e+06 -3.50195761731284e-15
 1.01286366718811e+06 -3.50185170034405e-15
 1.01699780460520e+06 -3.50174578951818e-15
 1.02113194202229e+06 -3.50163988063684e-15
 1.02526607943939e+06 -3.50153397329637e-15
 1.02940021685648e+06 -3.50142806469786e-15
 1.03353435427358e+06 -3.50132216802280e-15
 1.03766849169067e+06 -3.50121626881985e-15
 1.04180262910777e+06 -3.50111037485238e-15
 1.04593676652486e+06 -3.50100448752280e-15
 1.05007090394195e+06 -3.50089859726465e-15
 1.05420504135905e+06 -3.50079271669964e-15
 1.05833917877614e+06 -3.50068683669147e-15
 1.06247331619324e+06 -3.50058096107909e-15
 1.06660745361033e+06 -3.50047508125948e-15
 1.07074159102743e+06 -3.50036920310449e-15
 1.07487572844452e+06 -3.50026333012900e-15
 1.07900986586161e+06 -3.50015746717957e-15
 1.08314400327871e+06 -3.50005160053556e-15
 1.08727814069580e+06 -3.49994573219450e-15
 1.09141227811290e+06 -3.49983988079140e-15
 1.09554641552999e+06 -3.49973403058447e-15
 1.09968055294709e+06 -3.49962818443747e-15
 1.10381469036418e+06 -3.49952233643138e-15
 1.10794882778128e+06 -3.49941649704305e-15
 1.11208296519837e+06 -3.49931065726582e-15
 1.11621710261546e+06 -3.49920481668132e-15
 1.12035124003256e+06 -3.49909898626136e-15
 1.12448537744965e+06 -3.49899315275668e-15
 1.12861951486675e+06 -3.49888732845312e-15
 1.13275365228384e+06 -3.49878150466514e-15
 1.13688778970094e+06 -3.49867567776005e-15
 1.14102192711803e+06 -3.49856986506468e-15
 1.14515606453512e+06 -3.49846405038649e-15
 1.14929020195222e+06 -3.49835824051657e-15
 1.15342433936931e+06 -3.49825243455926e-15
 1.15755847678641e+06 -3.49814662987767e-15
 1.16169261420350e+06 -3.49804082556436e-15
 1.16582675162060e+06 -3.49793502382901e-15
 1.16996088903769e+06 -3.49782922633036e-15
 1.17409502645478e+06 -3.49772343051991e-15
 1.17822916387188e+06 -3.49761764133556e-15
 1.18236330128897e+06 -3.49751185877141e-15
 1.18649743870607e+06 -3.49740607979579e-15
 1.19063157612316e+06 -3.49730029418523e-15
 1.19476571354026e+06 -3.49719451580180e-15
 1.19889985095735e+06 -3.49708874413286e-15
 1.20303398837444e+06 -3.49698297385749e-15
 1.20716812579154e+06 -3.49687720443948e-15
 1.21130226320863e+06 -3.49677144411062e-15
 1.21543640062573e+06 -3.49666569003075e-15
 1.21957053804282e+06 -3.49655993500513e-15
 1.22370467545992e+06 -3.49645418175316e-15
 1.22783881287701e+06 -3.49634842723135e-15
 1.23197295029410e+06 -3.49624267728210e-15
 1.23610708771120e+06 -3.49613693050597e-15
 1.24024122512829e+06 -3.49603119068885e-15
 1.24437536254539e+06 -3.49592545187936e-15
 1.24850949996248e+06 -3.49581971711505e-15
 1.25264363737958e+06 -3.49571398516146e-15
 1.25677777479667e+06 -3.49560825956586e-15
 1.26091191221376e+06 -3.49550253315415e-15
 1.26504604963086e+06 -3.49539681591998e-15
 1.26918018704795e+06 -3.49529109812014e-15
 1.27331432446505e+06 -3.49518538152531e-15
 1.27744846188214e+06 -3.49507966894621e-15
 1.28158259929924e+06 -3.49497395866223e-15
 1.28571673671633e+06 -3.49486824918258e-15
 1.28985087413343e+06 -3.49476255141719e-15
 1.29398501155052e+06 -3.49465685194592e-15
 1.29811914896761e+06 -3.49455115568311e-15
 1.30225328638471e+06 -3.49444546511244e-15
 1.30638742380180e+06 -3.49433977493068e-15
 1.31052156121890e+06 -3.49423408681718e-15
 1.31465569863599e+06 -3.49412840166759e-15
 1.31878983605309e+06 -3.49402272092264e-15
 1.32292397347018e+06 -3.49391704152413e-15
 1.32705811088727e+06 -3.49381136390219e-15
 1.33119224830437e+06 -3.49370569425279e-15
 1.33532638572146e+06 -3.49360003051061e-15
 1.33946052313856e+06 -3.49349436841537e-15
 1.34359466055565e+06 -3.49338870494130e-15
 1.34772879797275e+06 -3.49328304663198e-15
 1.35186293538984e+06 -3.49317738895022e-15
 1.35599707280693e+06 -3.49307173536079e-15
 1.36013121022403e+06 -3.49296608800855e-15
 1.36426534764112e+06 -3.49286043703244e-15
 1.36839948505822e+06 -3.49275479744650e-15
 1.37253362247531e+06 -3.49264915960178e-15
 1.37666775989241e+06 -3.49254352135344e-15
 1.38080189730950e+06 -3.49243789237691e-15
 1.38493603472659e+06 -3.49233226696535e-15
 1.38907017214369e+06 -3.49222664282066e-15
 1.39320430956078e+06 -3.49212101547930e-15
 1.39733844697788e+06 -3.49201539773386e-15
 1.40147258439497e+06 -3.49190978251629e-15
 1.40560672181207e+06 -3.49180416647083e-15
 1.40974085922916e+06 -3.49169855977379e-15
 1.41387499664625e+06 -3.49159295054004e-15
 1.41800913406335e+06 -3.49148734944086e-15
 1.42214327148044e+06 -3.49138174648556e-15
 1.42627740889754e+06 -3.49127615347971e-15
 1.43041154631463e+06 -3.49117055768966e-15
 1.43454568373173e+06 -3.49106496704965e-15
 1.43867982114882e+06 -3.49095937924687e-15
 1.44281395856591e+06 -3.49085379593416e-15
 1.44694809598301e+06 -3.49074821410046e-15
 1.45108223340010e+06 -3.49064263683934e-15
 1.45521637081720e+06 -3.49053706048271e-15
 1.45935050823429e+06 -3.49043148717838e-15
 1.46348464565139e+06 -3.49032592118663e-15
 1.46761878306848e+06 -3.49022035435226e-15
 1.47175292048557e+06 -3.49011479198144e-15
 1.47588705790267e+06 -3.49000923362046e-15
 1.48002119531976e+06 -3.48990367490004e-15
 1.48415533273686e+06 -3.48979812131786e-15
 1.48828947015395e+06 -3.48969256958298e-15
 1.49242360757105e+06 -3.48958702838092e-15
 1.49655774498814e+06 -3.48948148492793e-15
 1.50069188240524e+06 -3.48937595112388e-15
 1.50482601982233e+06 -3.48927041131539e-15
 1.50896015723942e+06 -3.48916487719314e-15
 1.51309429465652e+06 -3.48905934662701e-15
 1.51722843207361e+06 -3.48895381765186e-15
 1.52136256949071e+06 -3.48884829296643e-15
 1.52549670690780e+06 -3.48874277447695e-15
 1.52963084432490e+06 -3.48863725734274e-15
 1.53376498174199e+06 -3.48853174454835e-15
 1.53789911915908e+06 -3.48842623616448e-15
 1.54203325657618e+06 -3.48832072890607e-15
 1.54616739399327e+06 -3.48821522073728e-15
 1.55030153141037e+06 -3.48810972192870e-15
 1.55443566882746e+06 -3.48800421939018e-15
 1.55856980624456e+06 -3.48789872208418e-15
 1.56270394366165e+06 -3.48779323109198e-15
 1.56683808107874e+06 -3.48768774251570e-15
 1.57097221849584e+06 -3.48758225359471e-15
 1.57510635591293e+06 -3.48747677369217e-15
 1.57924049333003e+06 -3.48737128754359e-15
 1.58337463074712e+06 -3.48726581257012e-15
 1.58750876816422e+06 -3.48716034185691e-15
 1.59164290558131e+06 -3.48705487455839e-15
 1.59577704299840e+06 -3.48694940724220e-15
 1.59991118041550e+06 -3.48684394454571e-15
 1.60404531783259e+06 -3.48673848731156e-15
 1.60817945524969e+06 -3.48663302636809e-15
 1.61231359266678e+06 -3.48652757591324e-15
 1.61644773008388e+06 -3.48642212621852e-15
 1.62058186750097e+06 -3.48631667811183e-15
 1.62471600491806e+06 -3.48621123571790e-15
 1.62885014233516e+06 -3.48610579864784e-15
 1.63298427975225e+06 -3.48600036114172e-15
 1.63711841716935e+06 -3.48589492473456e-15
 1.64125255458644e+06 -3.48578948967089e-15
 1.64538669200354e+06 -3.48568406128929e-15
 1.64952082942063e+06 -3.48557863436313e-15
 1.65365496683772e+06 -3.48547320955827e-15
 1.65778910425482e+06 -3.48536778888699e-15
 1.66192324167191e+06 -3.48526237840676e-15
 1.66605737908901e+06 -3.48515696635324e-15
 1.67019151650610e+06 -3.48505155871319e-15
 1.67432565392320e+06 -3.48494615469702e-15
 1.67845979134029e+06 -3.48484075132902e-15
 1.68259392875739e+06 -3.48473535320533e-15
 1.68672806617448e+06 -3.48462996300704e-15
 1.69086220359157e+06 -3.48452456898747e-15
 1.69499634100867e+06 -3.48441917390135e-15
 1.69913047842576e+06 -3.48431379174630e-15
 1.70326461584286e+06 -3.48420840476530e-15
 1.70739875325995e+06 -3.48410302563604e-15
 1.71153289067705e+06 -3.48399765058438e-15
 1.71566702809414e+06 -3.48389227255112e-15
 1.71980116551123e+06 -3.48378690293233e-15
 1.72393530292833e+06 -3.48368153524038e-15
 1.72806944034542e+06 -3.48357616700043e-15
 1.73220357776252e+06 -3.48347080698345e-15
 1.73633771517961e+06 -3.48336545132985e-15
 1.74047185259671e+06 -3.48326009722302e-15
 1.74460599001380e+06 -3.48315474729102e-15
 1.74874012743089e+06 -3.48304938909187e-15
 1.75287426484799e+06 -3.48294404328166e-15
 1.75700840226508e+06 -3.48283870420068e-15
 1.76114253968218e+06 -3.48273337235272e-15
 1.76527667709927e+06 -3.48262803789144e-15
 1.76941081451637e+06 -3.48252270349203e-15
 1.77354495193346e+06 -3.48241737601040e-15
 1.77767908935055e+06 -3.48231205013447e-15
 1.78181322676765e+06 -3.48220672578470e-15
 1.78594736418474e+06 -3.48210140161465e-15
 1.79008150160184e+06 -3.48199608339306e-15
 1.79421563901893e+06 -3.48189077397189e-15
 1.79834977643603e+06 -3.48178545871422e-15
 1.80248391385312e+06 -3.48168015489681e-15
 1.80661805127021e+06 -3.48157484595000e-15
 1.81075218868731e+06 -3.48146954432459e-15
 1.81488632610440e+06 -3.48136425073948e-15
 1.81902046352150e+06 -3.48125895641487e-15
 1.82315460093859e+06 -3.48115366384621e-15
 1.82728873835569e+06 -3.48104838132130e-15
 1.83142287577278e+06 -3.48094310178387e-15
 1.83555701318987e+06 -3.48083781851061e-15
 1.83969115060697e+06 -3.48073253642763e-15
 1.84382528802406e+06 -3.48062725919122e-15
 1.84795942544116e+06 -3.48052198428529e-15
 1.85209356285825e+06 -3.48041671559888e-15
 1.85622770027535e+06 -3.48031144789356e-15
 1.86036183769244e+06 -3.48020618441316e-15
 1.86449597510954e+06 -3.48010093006316e-15
 1.86863011252663e+06 -3.47999567049537e-15
 1.87276424994372e+06 -3.47989041897082e-15
 1.87689838736082e+06 -3.47978517012735e-15
 1.88103252477791e+06 -3.47967992498436e-15
 1.88516666219501e+06 -3.47957468613455e-15
 1.88930079961210e+06 -3.47946944564662e-15
 1.89343493702920e+06 -3.47936420903300e-15
 1.89756907444629e+06 -3.47925897255197e-15
 1.90170321186338e+06 -3.47915373936188e-15
 1.90583734928048e+06 -3.47904851294816e-15
 1.90997148669757e+06 -3.47894328994029e-15
 1.91410562411467e+06 -3.47883806893586e-15
 1.91823976153176e+06 -3.47873284856194e-15
 1.92237389894886e+06 -3.47862763526194e-15
 1.92650803636595e+06 -3.47852242714438e-15
 1.93064217378304e+06 -3.47841721470173e-15
 1.93477631120014e+06 -3.47831200853753e-15
 1.93891044861723e+06 -3.47820680249413e-15
 1.94304458603433e+06 -3.47810160916965e-15
 1.94717872345142e+06 -3.47799641625176e-15
 1.95131286086852e+06 -3.47789122236455e-15
 1.95544699828561e+06 -3.47778603284073e-15
 1.95958113570270e+06 -3.47768084914163e-15
 1.96371527311980e+06 -3.47757567005929e-15
 1.96784941053689e+06 -3.47747048653107e-15
 1.97198354795399e+06 -3.47736530829725e-15
 1.97611768537108e+06 -3.47726013301262e-15
 1.98025182278818e+06 -3.47715496361752e-15
 1.98438596020527e+06 -3.47704979286716e-15
 1.98852009762236e+06 -3.47694462944999e-15
 1.99265423503946e+06 -3.47683947010158e-15
 1.99678837245655e+06 -3.47673430864072e-15
 2.00092250987365e+06 -3.47662915079785e-15
 2.00505664729074e+06 -3.47652400276890e-15
 2.00919078470784e+06 -3.47641885928012e-15
 2.01332492212493e+06 -3.47631371481024e-15
 2.01745905954202e+06 -3.47620857402611e-15
 2.02159319695912e+06 -3.47610343233159e-15
 2.02572733437621e+06 -3.47599829985880e-15
 2.02986147179331e+06 -3.47589316559176e-15
 2.03399560921040e+06 -3.47578803991596e-15
 2.03812974662750e+06 -3.47568291550704e-15
 2.04226388404459e+06 -3.47557779156069e-15
 2.04639802146168e+06 -3.47547267356280e-15
 2.05053215887878e+06 -3.47536755903852e-15
 2.05466629629587e+06 -3.47526244233698e-15
 2.05880043371297e+06 -3.47515733506046e-15
 2.06293457113006e+06 -3.47505222758950e-15
 2.06706870854716e+06 -3.47494712307950e-15
 2.07120284596425e+06 -3.47484202232891e-15
 2.07533698338135e+06 -3.47473692818380e-15
 2.07947112079844e+06 -3.47463182984619e-15
 2.08360525821553e+06 -3.47452674172319e-15
 2.08773939563263e+06 -3.47442165405687e-15
 2.09187353304972e+06 -3.47431657292531e-15
 2.09600767046682e+06 -3.47421149482249e-15
 2.10014180788391e+06 -3.47410641206460e-15
 2.10427594530101e+06 -3.47400134153657e-15
 2.10841008271810e+06 -3.47389626539005e-15
 2.11254422013519e+06 -3.47379119540118e-15
 2.11667835755229e+06 -3.47368612915699e-15
 2.12081249496938e+06 -3.47358107098844e-15
 2.12494663238648e+06 -3.47347601257241e-15
 2.12908076980357e+06 -3.47337095804248e-15
 2.13321490722067e+06 -3.47326590533332e-15
 2.13734904463776e+06 -3.47316085458931e-15
 2.14148318205485e+06 -3.47305580717749e-15
 2.14561731947195e+06 -3.47295076323341e-15
 2.14975145688904e+06 -3.47284572198219e-15
 2.15388559430614e+06 -3.47274068512676e-15
 2.15801973172323e+06 -3.47263564462389e-15
 2.16215386914033e+06 -3.47253061138939e-15
 2.16628800655742e+06 -3.47242558641027e-15
 2.17042214397451e+06 -3.47232056517582e-15
 2.17455628139161e+06 -3.47221554619820e-15
 2.17869041880870e+06 -3.47211053422379e-15
 2.18282455622580e+06 -3.47200551393214e-15
 2.18695869364289e+06 -3.47190050246154e-15
 2.19109283105999e+06 -3.47179549597303e-15
 2.19522696847708e+06 -3.47169049088399e-15
 2.19936110589417e+06 -3.47158549414755e-15
 2.20349524331127e+06 -3.47148049704283e-15
 2.20762938072836e+06 -3.47137550399214e-15
 2.21176351814546e+06 -3.47127051267089e-15
 2.21589765556255e+06 -3.47116552352397e-15
 2.22003179297965e+06 -3.47106053288330e-15
 2.22416593039674e+06 -3.47095555153803e-15
 2.22830006781383e+06 -3.47085056600321e-15
 2.23243420523093e+06 -3.47074558924818e-15
 2.23656834264802e+06 -3.47064061743990e-15
 2.24070248006512e+06 -3.47053565119412e-15
 2.24483661748221e+06 -3.47043068574088e-15
 2.24897075489931e+06 -3.47032571611577e-15
 2.25310489231640e+06 -3.47022075388866e-15
 2.25723902973349e+06 -3.47011579720050e-15
 2.26137316715059e+06 -3.47001084347920e-15
 2.26550730456768e+06 -3.46990589388264e-15
 2.26964144198478e+06 -3.46980094812208e-15
 2.27377557940187e+06 -3.46969600236153e-15
 2.27790971681897e+06 -3.46959106076991e-15
 2.28204385423606e+06 -3.46948612212453e-15
 2.28617799165316e+06 -3.46938119163730e-15
 2.29031212907025e+06 -3.46927625910243e-15
 2.29444626648734e+06 -3.46917132870653e-15
 2.29858040390444e+06 -3.46906640487781e-15
 2.30271454132153e+06 -3.46896148373017e-15
 2.30684867873863e+06 -3.46885656760292e-15
 2.31098281615572e+06 -3.46875164992006e-15
 2.31511695357282e+06 -3.46864673574323e-15
 2.31925109098991e+06 -3.46854182440657e-15
 2.32338522840700e+06 -3.46843691158206e-15
 2.32751936582410e+06 -3.46833200879541e-15
 2.33165350324119e+06 -3.46822710803281e-15
 2.33578764065829e+06 -3.46812220930313e-15
 2.33992177807538e+06 -3.46801731795673e-15
 2.34405591549248e+06 -3.46791242674586e-15
 2.34819005290957e+06 -3.46780754006926e-15
 2.35232419032666e+06 -3.46770265413805e-15
 2.35645832774376e+06 -3.46759777603206e-15
 2.36059246516085e+06 -3.46749289573408e-15
 2.36472660257795e+06 -3.46738802162614e-15
 2.36886073999504e+06 -3.46728315000484e-15
 2.37299487741214e+06 -3.46717828340982e-15
 2.37712901482923e+06 -3.46707341834390e-15
 2.38126315224632e+06 -3.46696855341352e-15
 2.38539728966342e+06 -3.46686369248707e-15
 2.38953142708051e+06 -3.46675883976296e-15
 2.39366556449761e+06 -3.46665398931630e-15
 2.39779970191470e+06 -3.46654913790917e-15
 2.40193383933180e+06 -3.46644429285413e-15
 2.40606797674889e+06 -3.46633945176474e-15
 2.41020211416598e+06 -3.46623460984156e-15
 2.41433625158308e+06 -3.46612977047572e-15
 2.41847038900017e+06 -3.46602493600653e-15
 2.42260452641727e+06 -3.46592009989039e-15
 2.42673866383436e+06 -3.46581526921597e-15
 2.43087280125146e+06 -3.46571044676745e-15
 2.43500693866855e+06 -3.46560562742132e-15
 2.43914107608564e+06 -3.46550081092127e-15
 2.44327521350274e+06 -3.46539599704043e-15
 2.44740935091983e+06 -3.46529118315664e-15
 2.45154348833693e+06 -3.46518637825889e-15
 2.45567762575402e+06 -3.46508157506701e-15
 2.45981176317112e+06 -3.46497676878453e-15
 2.46394590058821e+06 -3.46487197263417e-15
 2.46808003800530e+06 -3.46476717735001e-15
 2.47221417542240e+06 -3.46466238189202e-15
 2.47634831283949e+06 -3.46455759537293e-15
 2.48048245025659e+06 -3.46445281091916e-15
 2.48461658767368e+06 -3.46434803329477e-15
 2.48875072509078e+06 -3.46424325349017e-15
 2.49288486250787e+06 -3.46413847870596e-15
 2.49701899992497e+06 -3.46403369993549e-15
 2.50115313734206e+06 -3.46392893026596e-15
 2.50528727475915e+06 -3.46382417173323e-15
 2.50942141217625e+06 -3.46371940342781e-15
 2.51355554959334e+06 -3.46361464057884e-15
 2.51768968701044e+06 -3.46350988525162e-15
 2.52182382442753e+06 -3.46340513188365e-15
 2.52595796184463e+06 -3.46330038282014e-15
 2.53009209926172e+06 -3.46319563013276e-15
 2.53422623667881e+06 -3.46309088615741e-15
 2.53836037409591e+06 -3.46298614846934e-15
 2.54249451151300e+06 -3.46288140952323e-15
 2.54662864893010e+06 -3.46277667118110e-15
 2.55076278634719e+06 -3.46267193858709e-15
 2.55489692376429e+06 -3.46256720477333e-15
 2.55903106118138e+06 -3.46246247797163e-15
 2.56316519859847e+06 -3.46235775685029e-15
 2.56729933601557e+06 -3.46225303970637e-15
 2.57143347343266e+06 -3.46214832317527e-15
 2.57556761084976e+06 -3.46204361112541e-15
 2.57970174826685e+06 -3.46193890037779e-15
 2.58383588568395e+06 -3.46183419520151e-15
 2.58797002310104e+06 -3.46172948858452e-15
 2.59210416051813e+06 -3.46162479215858e-15
 2.59623829793523e+06 -3.46152009499608e-15
 2.60037243535232e+06 -3.46141540110686e-15
 2.60450657276942e+06 -3.46131070883807e-15
 2.60864071018651e+06 -3.46120602086784e-15
 2.61277484760361e+06 -3.46110133589689e-15
 2.61690898502070e+06 -3.46099665987369e-15
 2.62104312243779e+06 -3.46089198139920e-15
 2.62517725985489e+06 -3.46078729902390e-15
 2.62931139727198e+06 -3.46068262417034e-15
 2.63344553468908e+06 -3.46057795641429e-15
 2.63757967210617e+06 -3.46047329237345e-15
 2.64171380952327e+06 -3.46036863408662e-15
 2.64584794694036e+06 -3.46026397178407e-15
 2.64998208435745e+06 -3.46015931656133e-15
 2.65411622177455e+06 -3.46005465928801e-15
 2.65825035919164e+06 -3.45995000796315e-15
 2.66238449660874e+06 -3.45984536314065e-15
 2.66651863402583e+06 -3.45974072358308e-15
 2.67065277144293e+06 -3.45963607876353e-15
 2.67478690886002e+06 -3.45953144336901e-15
 2.67892104627712e+06 -3.45942681216993e-15
 2.68305518369421e+06 -3.45932218452402e-15
 2.68718932111130e+06 -3.45921755524001e-15
 2.69132345852840e+06 -3.45911293124155e-15
 2.69545759594549e+06 -3.45900830815937e-15
 2.69959173336259e+06 -3.45890368833869e-15
 2.70372587077968e+06 -3.45879907302280e-15
 2.70786000819678e+06 -3.45869445751247e-15
 2.71199414561387e+06 -3.45858985021626e-15
 2.71612828303096e+06 -3.45848524444031e-15
 2.72026242044806e+06 -3.45838063964252e-15
 2.72439655786515e+06 -3.45827603630606e-15
 2.72853069528225e+06 -3.45817144232687e-15
 2.73266483269934e+06 -3.45806685391313e-15
 2.73679897011644e+06 -3.45796225481631e-15
 2.74093310753353e+06 -3.45785767195918e-15
 2.74506724495062e+06 -3.45775308850397e-15
 2.74920138236772e+06 -3.45764851073500e-15
 2.75333551978481e+06 -3.45754392915654e-15
 2.75746965720191e+06 -3.45743936405053e-15
 2.76160379461900e+06 -3.45733479551509e-15
 2.76573793203610e+06 -3.45723022860597e-15
 2.76987206945319e+06 -3.45712566312283e-15
 2.77400620687028e+06 -3.45702109743346e-15
 2.77814034428738e+06 -3.45691653907434e-15
 2.78227448170447e+06 -3.45681198285125e-15
 2.78640861912157e+06 -3.45670743509860e-15
 2.79054275653866e+06 -3.45660288624406e-15
 2.79467689395576e+06 -3.45649834722407e-15
 2.79881103137285e+06 -3.45639380159861e-15
 2.80294516878994e+06 -3.45628925949981e-15
 2.80707930620704e+06 -3.45618471673809e-15
 2.81121344362413e+06 -3.45608018592929e-15
 2.81534758104123e+06 -3.45597565737730e-15
 2.81948171845832e+06 -3.45587113017175e-15
 2.82361585587542e+06 -3.45576660909438e-15
 2.82774999329251e+06 -3.45566209027384e-15
 2.83188413070960e+06 -3.45555756880168e-15
 2.83601826812670e+06 -3.45545305830721e-15
 2.84015240554379e+06 -3.45534854862886e-15
 2.84428654296089e+06 -3.45524403986089e-15
 2.84842068037798e+06 -3.45513953782214e-15
 2.85255481779508e+06 -3.45503503590714e-15
 2.85668895521217e+06 -3.45493053786644e-15
 2.86082309262927e+06 -3.45482604448375e-15
 2.86495723004636e+06 -3.45472155287765e-15
 2.86909136746345e+06 -3.45461705942720e-15
 2.87322550488055e+06 -3.45451257661563e-15
 2.87735964229764e+06 -3.45440808985904e-15
 2.88149377971474e+06 -3.45430361193234e-15
 2.88562791713183e+06 -3.45419913494255e-15
 2.88976205454893e+06 -3.45409466348285e-15
 2.89389619196602e+06 -3.45399019260651e-15
 2.89803032938311e+06 -3.45388572783773e-15
 2.90216446680021e+06 -3.45378126711414e-15
 2.90629860421730e+06 -3.45367680624324e-15
 2.91043274163440e+06 -3.45357235142392e-15
 2.91456687905149e+06 -3.45346789330187e-15
 2.91870101646859e+06 -3.45336344209170e-15
 2.92283515388568e+06 -3.45325899423435e-15
 2.92696929130277e+06 -3.45315455248162e-15
 2.93110342871987e+06 -3.45305010954449e-15
 2.93523756613696e+06 -3.45294567102674e-15
 2.93937170355406e+06 -3.45284123444466e-15
 2.94350584097115e+06 -3.45273680550219e-15
 2.94763997838825e+06 -3.45263237709888e-15
 2.95177411580534e+06 -3.45252795129121e-15
 2.95590825322243e+06 -3.45242353195938e-15
 2.96004239063953e+06 -3.45231911109256e-15
 2.96417652805662e+06 -3.45221469274184e-15
 2.96831066547372e+06 -3.45211028568111e-15
 2.97244480289081e+06 -3.45200587533827e-15
 2.97657894030791e+06 -3.45190146539317e-15
 2.98071307772500e+06 -3.45179706161456e-15
 2.98484721514209e+06 -3.45169265970681e-15
 2.98898135255919e+06 -3.45158826260733e-15
 2.99311548997628e+06 -3.45148387208386e-15
 2.99724962739338e+06 -3.45137948272710e-15
 3.00138376481047e+06 -3.45127509178822e-15
 3.00551790222757e+06 -3.45117070920193e-15
 3.00965203964466e+06 -3.45106633037799e-15
 3.01378617706175e+06 -3.45096195150691e-15
 3.01792031447885e+06 -3.45085758116520e-15
 3.02205445189594e+06 -3.45075320799216e-15
 3.02618858931304e+06 -3.45064884095319e-15
 3.03032272673013e+06 -3.45054447357246e-15
 3.03445686414723e+06 -3.45044011521901e-15
 3.03859100156432e+06 -3.45033575196597e-15
 3.04272513898141e+06 -3.45023139654403e-15
 3.04685927639851e+06 -3.45012704066543e-15
 3.05099341381560e+06 -3.45002269093564e-15
 3.05512755123270e+06 -3.44991834573127e-15
 3.05926168864979e+06 -3.44981400424507e-15
 3.06339582606689e+06 -3.44970966224327e-15
 3.06752996348398e+06 -3.44960532282532e-15
 3.07166410090108e+06 -3.44950099411108e-15
 3.07579823831817e+06 -3.44939665684095e-15
 3.07993237573526e+06 -3.44929232859810e-15
 3.08406651315236e+06 -3.44918800175177e-15
 3.08820065056945e+06 -3.44908368375596e-15
 3.09233478798655e+06 -3.44897936825856e-15
 3.09646892540364e+06 -3.44887504948199e-15
 3.10060306282074e+06 -3.44877073680414e-15
 3.10473720023783e+06 -3.44866643255549e-15
 3.10887133765492e+06 -3.44856213114702e-15
 3.11300547507202e+06 -3.44845782552248e-15
 3.11713961248911e+06 -3.44835352439980e-15
 3.12127374990621e+06 -3.44824922755211e-15
 3.12540788732330e+06 -3.44814494024436e-15
 3.12954202474040e+06 -3.44804065071514e-15
 3.13367616215749e+06 -3.44793636888151e-15
 3.13781029957458e+06 -3.44783208258726e-15
 3.14194443699168e+06 -3.44772780140180e-15
 3.14607857440877e+06 -3.44762351921757e-15
 3.15021271182587e+06 -3.44751924027714e-15
 3.15434684924296e+06 -3.44741497161911e-15
 3.15848098666006e+06 -3.44731070519432e-15
 3.16261512407715e+06 -3.44720644063156e-15
 3.16674926149424e+06 -3.44710217842579e-15
 3.17088339891134e+06 -3.44699792091045e-15
 3.17501753632843e+06 -3.44689366667721e-15
 3.17915167374553e+06 -3.44678941513979e-15
 3.18328581116262e+06 -3.44668516478971e-15
 3.18741994857972e+06 -3.44658092032916e-15
 3.19155408599681e+06 -3.44647667661106e-15
 3.19568822341390e+06 -3.44637243772775e-15
 3.19982236083100e+06 -3.44626820144598e-15
 3.20395649824809e+06 -3.44616396581237e-15
 3.20809063566519e+06 -3.44605973709065e-15
 3.21222477308228e+06 -3.44595551282071e-15
 3.21635891049938e+06 -3.44585128933741e-15
 3.22049304791647e+06 -3.44574707366165e-15
 3.22462718533356e+06 -3.44564285380812e-15
 3.22876132275066e+06 -3.44553864089005e-15
 3.23289546016775e+06 -3.44543443170486e-15
 3.23702959758485e+06 -3.44533022161518e-15
 3.24116373500194e+06 -3.44522601584469e-15
 3.24529787241904e+06 -3.44512181447883e-15
 3.24943200983613e+06 -3.44501761846335e-15
 3.25356614725323e+06 -3.44491342683483e-15
 3.25770028467032e+06 -3.44480923646435e-15
 3.26183442208741e+06 -3.44470504640617e-15
 3.26596855950451e+06 -3.44460085320435e-15
 3.27010269692160e+06 -3.44449666886777e-15
 3.27423683433870e+06 -3.44439248488769e-15
 3.27837097175579e+06 -3.44428830851186e-15
 3.28250510917289e+06 -3.44418413164991e-15
 3.28663924658998e+06 -3.44407996749215e-15
 3.29077338400707e+06 -3.44397580464841e-15
 3.29490752142417e+06 -3.44387164178405e-15
 3.29904165884126e+06 -3.44376747957376e-15
 3.30317579625836e+06 -3.44366332272857e-15
 3.30730993367545e+06 -3.44355917237101e-15
 3.31144407109255e+06 -3.44345502186909e-15
 3.31557820850964e+06 -3.44335087754248e-15
 3.31971234592673e+06 -3.44324673247048e-15
 3.32384648334383e+06 -3.44314259091630e-15
 3.32798062076092e+06 -3.44303845173383e-15
 3.33211475817802e+06 -3.44293431504978e-15
 3.33624889559511e+06 -3.44283018553689e-15
 3.34038303301221e+06 -3.44272605191104e-15
 3.34451717042930e+06 -3.44262192748631e-15
 3.34865130784639e+06 -3.44251780698302e-15
 3.35278544526349e+06 -3.44241368737834e-15
 3.35691958268058e+06 -3.44230957405505e-15
 3.36105372009768e+06 -3.44220545930578e-15
 3.36518785751477e+06 -3.44210134927344e-15
 3.36932199493187e+06 -3.44199724259393e-15
 3.37345613234896e+06 -3.44189314149460e-15
 3.37759026976605e+06 -3.44178903895750e-15
 3.38172440718315e+06 -3.44168493995295e-15
 3.38585854460024e+06 -3.44158084628993e-15
 3.38999268201734e+06 -3.44147675293333e-15
 3.39412681943443e+06 -3.44137266516280e-15
 3.39826095685153e+06 -3.44126857980524e-15
 3.40239509426862e+06 -3.44116449661023e-15
 3.40652923168571e+06 -3.44106041548937e-15
 3.41066336910281e+06 -3.44095633902946e-15
 3.41479750651990e+06 -3.44085226418999e-15
 3.41893164393700e+06 -3.44074819662774e-15
 3.42306578135409e+06 -3.44064413083618e-15
 3.42719991877119e+06 -3.44054007213033e-15
 3.43133405618828e+06 -3.44043601476208e-15
 3.43546819360538e+06 -3.44033195688413e-15
 3.43960233102247e+06 -3.44022790252988e-15
 3.44373646843956e+06 -3.44012385640154e-15
 3.44787060585666e+06 -3.44001980829627e-15
 3.45200474327375e+06 -3.43991576174073e-15
 3.45613888069085e+06 -3.43981172025273e-15
 3.46027301810794e+06 -3.43970767942173e-15
 3.46440715552504e+06 -3.43960364592688e-15
 3.46854129294213e+06 -3.43949961243498e-15
 3.47267543035922e+06 -3.43939558913413e-15
 3.47680956777632e+06 -3.43929156032086e-15
 3.48094370519341e+06 -3.43918753599766e-15
 3.48507784261051e+06 -3.43908351773489e-15
 3.48921198002760e+06 -3.43897950431279e-15
 3.49334611744470e+06 -3.43887549173626e-15
 3.49748025486179e+06 -3.43877148983397e-15
 3.50161439227888e+06 -3.43866748237507e-15
 3.50574852969598e+06 -3.43856347476296e-15
 3.50988266711307e+06 -3.43845947342929e-15
 3.51401680453017e+06 -3.43835547961738e-15
 3.51815094194726e+06 -3.43825148596752e-15
 3.52228507936436e+06 -3.43814749470706e-15
 3.52641921678145e+06 -3.43804350983994e-15
 3.53055335419854e+06 -3.43793952746829e-15
 3.53468749161564e+06 -3.43783554445436e-15
 3.53882162903273e+06 -3.43773156767174e-15
 3.54295576644983e+06 -3.43762758907128e-15
 3.54708990386692e+06 -3.43752361465448e-15
 3.55122404128402e+06 -3.43741964287458e-15
 3.55535817870111e+06 -3.43731567155428e-15
 3.55949231611820e+06 -3.43721171575185e-15
 3.56362645353530e+06 -3.43710775842326e-15
 3.56776059095239e+06 -3.43700380198444e-15
 3.57189472836949e+06 -3.43689985351521e-15
 3.57602886578658e+06 -3.43679590507838e-15
 3.58016300320368e+06 -3.43669196016526e-15
 3.58429714062077e+06 -3.43658801753842e-15
 3.58843127803786e+06 -3.43648407852957e-15
 3.59256541545496e+06 -3.43638013466826e-15
 3.59669955287205e+06 -3.43627620134565e-15
 3.60083369028915e+06 -3.43617227112250e-15
 3.60496782770624e+06 -3.43606834658559e-15
 3.60910196512334e+06 -3.43596441588809e-15
 3.61323610254043e+06 -3.43586049415895e-15
 3.61737023995752e+06 -3.43575657455995e-15
 3.62150437737462e+06 -3.43565266024355e-15
 3.62563851479171e+06 -3.43554875609465e-15
 3.62977265220881e+06 -3.43544484189021e-15
 3.63390678962590e+06 -3.43534094124144e-15
 3.63804092704300e+06 -3.43523704108763e-15
 3.64217506446009e+06 -3.43513313941357e-15
 3.64630920187719e+06 -3.43502924267446e-15
 3.65044333929428e+06 -3.43492534976252e-15
 3.65457747671137e+06 -3.43482145791712e-15
 3.65871161412847e+06 -3.43471757245917e-15
 3.66284575154556e+06 -3.43461369169754e-15
 3.66697988896266e+06 -3.43450981060592e-15
 3.67111402637975e+06 -3.43440593216298e-15
 3.67524816379685e+06 -3.43430205702277e-15
 3.67938230121394e+06 -3.43419818411877e-15
 3.68351643863103e+06 -3.43409431313571e-15
 3.68765057604813e+06 -3.43399045185463e-15
 3.69178471346522e+06 -3.43388658650184e-15
 3.69591885088232e+06 -3.43378272595732e-15
 3.70005298829941e+06 -3.43367887075140e-15
 3.70418712571651e+06 -3.43357502154991e-15
 3.70832126313360e+06 -3.43347117546849e-15
 3.71245540055069e+06 -3.43336732896871e-15
 3.71658953796779e+06 -3.43326348833785e-15
 3.72072367538488e+06 -3.43315964888253e-15
 3.72485781280198e+06 -3.43305581268282e-15
 3.72899195021907e+06 -3.43295197582019e-15
 3.73312608763617e+06 -3.43284815057166e-15
 3.73726022505326e+06 -3.43274431963393e-15
 3.74139436247035e+06 -3.43264049362527e-15
 3.74552849988745e+06 -3.43253667206248e-15
 3.74966263730454e+06 -3.43243285234110e-15
 3.75379677472164e+06 -3.43232904057752e-15
 3.75793091213873e+06 -3.43222523206659e-15
 3.76206504955583e+06 -3.43212142380020e-15
 3.76619918697292e+06 -3.43201761935508e-15
 3.77033332439001e+06 -3.43191381824511e-15
 3.77446746180711e+06 -3.43181002265346e-15
 3.77860159922420e+06 -3.43170622945120e-15
 3.78273573664130e+06 -3.43160243827596e-15
 3.78686987405839e+06 -3.43149864691217e-15
 3.79100401147549e+06 -3.43139486165888e-15
 3.79513814889258e+06 -3.43129108014437e-15
 3.79927228630967e+06 -3.43118729864164e-15
 3.80340642372677e+06 -3.43108351817010e-15
 3.80754056114386e+06 -3.43097974596867e-15
 3.81167469856096e+06 -3.43087597572648e-15
 3.81580883597805e+06 -3.43077221005392e-15
 3.81994297339515e+06 -3.43066844426940e-15
 3.82407711081224e+06 -3.43056467674070e-15
 3.82821124822934e+06 -3.43046091965054e-15
 3.83234538564643e+06 -3.43035716550663e-15
 3.83647952306352e+06 -3.43025341432958e-15
 3.84061366048062e+06 -3.43014966299048e-15
 3.84474779789771e+06 -3.43004591947661e-15
 3.84888193531481e+06 -3.42994217765977e-15
 3.85301607273190e+06 -3.42983843546582e-15
 3.85715021014900e+06 -3.42973470414349e-15
 3.86128434756609e+06 -3.42963096615972e-15
 3.86541848498318e+06 -3.42952723552976e-15
 3.86955262240028e+06 -3.42942351409798e-15
 3.87368675981737e+06 -3.42931978643489e-15
 3.87782089723447e+06 -3.42921606222775e-15
 3.88195503465156e+06 -3.42911235013850e-15
 3.88608917206866e+06 -3.42900863484963e-15
 3.89022330948575e+06 -3.42890492239210e-15
 3.89435744690284e+06 -3.42880121561198e-15
 3.89849158431994e+06 -3.42869751698705e-15
 3.90262572173703e+06 -3.42859381712176e-15
 3.90675985915413e+06 -3.42849011634903e-15
 3.91089399657122e+06 -3.42838642140986e-15
 3.91502813398832e+06 -3.42828273063667e-15
 3.91916227140541e+06 -3.42817903980162e-15
 3.92329640882250e+06 -3.42807535060762e-15
 3.92743054623960e+06 -3.42797166863191e-15
 3.93156468365669e+06 -3.42786798548360e-15
 3.93569882107379e+06 -3.42776430711705e-15
 3.93983295849088e+06 -3.42766063269845e-15
 3.94396709590798e+06 -3.42755696708323e-15
 3.94810123332507e+06 -3.42745330402241e-15
 3.95223537074216e+06 -3.42734963483929e-15
 3.95636950815926e+06 -3.42724597108020e-15
 3.96050364557635e+06 -3.42714231326074e-15
 3.96463778299345e+06 -3.42703865923898e-15
 3.96877192041054e+06 -3.42693500602155e-15
 3.97290605782764e+06 -3.42683136137474e-15
 3.97704019524473e+06 -3.42672771605029e-15
 3.98117433266182e+06 -3.42662407198389e-15
 3.98530847007892e+06 -3.42652043334447e-15
 3.98944260749601e+06 -3.42641680103946e-15
 3.99357674491311e+06 -3.42631316970083e-15
 3.99771088233020e+06 -3.42620953991486e-15
 4.00184501974730e+06 -3.42610591288658e-15
 4.00597915716439e+06 -3.42600229491800e-15
 4.01011329458148e+06 -3.42589867391773e-15
 4.01424743199858e+06 -3.42579505631742e-15
 4.01838156941567e+06 -3.42569144441220e-15
 4.02251570683277e+06 -3.42558783403314e-15
 4.02664984424986e+06 -3.42548422862733e-15
 4.03078398166696e+06 -3.42538062195759e-15
 4.03491811908405e+06 -3.42527702243543e-15
 4.03905225650115e+06 -3.42517342231518e-15
 4.04318639391824e+06 -3.42506982352663e-15
 4.04732053133533e+06 -3.42496623020926e-15
 4.05145466875243e+06 -3.42486263803208e-15
 4.05558880616952e+06 -3.42475904942869e-15
 4.05972294358662e+06 -3.42465546625229e-15
 4.06385708100371e+06 -3.42455188791655e-15
 4.06799121842081e+06 -3.42444831517868e-15
 4.07212535583790e+06 -3.42434474657145e-15
 4.07625949325499e+06 -3.42424117708034e-15
 4.08039363067209e+06 -3.42413761006702e-15
 4.08452776808918e+06 -3.42403404747895e-15
 4.08866190550628e+06 -3.42393048478482e-15
 4.09279604292337e+06 -3.42382692885232e-15
 4.09693018034047e+06 -3.42372337296106e-15
 4.10106431775756e+06 -3.42361982845998e-15
 4.10519845517465e+06 -3.42351628004040e-15
 4.10933259259175e+06 -3.42341273182705e-15
 4.11346673000884e+06 -3.42330918799182e-15
 4.11760086742594e+06 -3.42320564952759e-15
 4.12173500484303e+06 -3.42310211052714e-15
 4.12586914226013e+06 -3.42299857831779e-15
 4.13000327967722e+06 -3.42289505072519e-15
 4.13413741709431e+06 -3.42279152032188e-15
