E(eV) ImSigma(eV)
 1.4299998e+00  1.2126671e-03
 1.4299998e+00  1.2126671e-03
 1.4309271e+00  1.4917756e-03
 1.4309271e+00  1.4917920e-03
 1.4336970e+00  1.7582241e-03
 1.4336970e+00  1.7582237e-03
 1.4382741e+00  1.4643445e-03
 1.4382743e+00  1.4642906e-03
 1.4446017e+00  1.1562611e-03
 1.4446022e+00  1.1561846e-03
 1.4446017e+00  1.1562611e-03
 1.4446022e+00  1.1561846e-03
 1.4382741e+00  1.4643445e-03
 1.4382743e+00  1.4642906e-03
 1.4336970e+00  1.7582241e-03
 1.4336970e+00  1.7582237e-03
 1.4309271e+00  1.4917756e-03
 1.4309271e+00  1.4917920e-03
 1.4309271e+00  1.4917658e-03
 1.4309271e+00  1.4917862e-03
 1.4312363e+00  1.5648714e-03
 1.4312364e+00  1.5648895e-03
 1.4333901e+00  1.7630113e-03
 1.4333940e+00  1.7634611e-03
 1.4373607e+00  1.5386114e-03
 1.4373724e+00  1.5379780e-03
 1.4430986e+00  1.2138872e-03
 1.4431218e+00  1.2121772e-03
 1.4478646e+00  8.9179843e-04
 1.4479036e+00  8.8580200e-04
 1.4409877e+00  1.3829928e-03
 1.4410114e+00  1.3826025e-03
 1.4358339e+00  1.6643600e-03
 1.4358459e+00  1.6644394e-03
 1.4324662e+00  1.7381892e-03
 1.4324702e+00  1.7390804e-03
 1.4336970e+00  1.7581457e-03
 1.4336970e+00  1.7581739e-03
 1.4333900e+00  1.7629705e-03
 1.4333941e+00  1.7634064e-03
 1.4349289e+00  1.7124179e-03
 1.4349289e+00  1.7124286e-03
 1.4382820e+00  1.4665263e-03
 1.4382938e+00  1.4659418e-03
 1.4434116e+00  1.1941074e-03
 1.4434426e+00  1.1921313e-03
 1.4454792e+00  1.1888847e-03
 1.4455376e+00  1.1882203e-03
 1.4397775e+00  1.4224138e-03
 1.4398092e+00  1.4223334e-03
 1.4358339e+00  1.6643134e-03
 1.4358458e+00  1.6643986e-03
 1.4382742e+00  1.4642467e-03
 1.4382743e+00  1.4641970e-03
 1.4373606e+00  1.5385291e-03
 1.4373725e+00  1.5378648e-03
 1.4382820e+00  1.4664937e-03
 1.4382939e+00  1.4658675e-03
 1.4410267e+00  1.3734356e-03
 1.4410268e+00  1.3733588e-03
 1.4455373e+00  1.1502768e-03
 1.4455604e+00  1.1494422e-03
 1.4454792e+00  1.1888608e-03
 1.4455376e+00  1.1882035e-03
 1.4409877e+00  1.3829243e-03
 1.4410114e+00  1.3825487e-03
 1.4446018e+00  1.1561863e-03
 1.4446022e+00  1.1561158e-03
 1.4430985e+00  1.2138222e-03
 1.4431218e+00  1.2120727e-03
 1.4434115e+00  1.1940677e-03
 1.4434427e+00  1.1920423e-03
 1.4455372e+00  1.1502765e-03
 1.4455605e+00  1.1493841e-03
 1.4478647e+00  8.9174320e-04
 1.4479035e+00  8.8576988e-04
 1.4446018e+00  1.1561863e-03
 1.4446022e+00  1.1561158e-03
 1.4478647e+00  8.9174320e-04
 1.4479035e+00  8.8576988e-04
 1.4455372e+00  1.1502765e-03
 1.4455605e+00  1.1493841e-03
 1.4434115e+00  1.1940677e-03
 1.4434427e+00  1.1920423e-03
 1.4430985e+00  1.2138222e-03
 1.4431218e+00  1.2120727e-03
 1.4382742e+00  1.4642467e-03
 1.4382743e+00  1.4641970e-03
 1.4409877e+00  1.3829243e-03
 1.4410114e+00  1.3825487e-03
 1.4454792e+00  1.1888608e-03
 1.4455376e+00  1.1882035e-03
 1.4455373e+00  1.1502768e-03
 1.4455604e+00  1.1494422e-03
 1.4410267e+00  1.3734356e-03
 1.4410268e+00  1.3733588e-03
 1.4382820e+00  1.4664937e-03
 1.4382939e+00  1.4658675e-03
 1.4373606e+00  1.5385291e-03
 1.4373725e+00  1.5378648e-03
 1.4336970e+00  1.7581457e-03
 1.4336970e+00  1.7581739e-03
 1.4358339e+00  1.6643134e-03
 1.4358458e+00  1.6643986e-03
 1.4397775e+00  1.4224138e-03
 1.4398092e+00  1.4223334e-03
 1.4454792e+00  1.1888847e-03
 1.4455376e+00  1.1882203e-03
 1.4434116e+00  1.1941074e-03
 1.4434426e+00  1.1921313e-03
 1.4382820e+00  1.4665263e-03
 1.4382938e+00  1.4659418e-03
 1.4349289e+00  1.7124179e-03
 1.4349289e+00  1.7124286e-03
 1.4333900e+00  1.7629705e-03
 1.4333941e+00  1.7634064e-03
 1.4309271e+00  1.4917658e-03
 1.4309271e+00  1.4917862e-03
 1.4324662e+00  1.7381892e-03
 1.4324702e+00  1.7390804e-03
 1.4358339e+00  1.6643600e-03
 1.4358459e+00  1.6644394e-03
 1.4409877e+00  1.3829928e-03
 1.4410114e+00  1.3826025e-03
 1.4478646e+00  8.9179843e-04
 1.4479036e+00  8.8580200e-04
 1.4430986e+00  1.2138872e-03
 1.4431218e+00  1.2121772e-03
 1.4373607e+00  1.5386114e-03
 1.4373724e+00  1.5379780e-03
 1.4333901e+00  1.7630113e-03
 1.4333940e+00  1.7634611e-03
 1.4312363e+00  1.5648714e-03
 1.4312364e+00  1.5648895e-03
 1.4309279e+00  1.4921098e-03
 1.4309279e+00  1.4921126e-03
 1.4312364e+00  1.5648736e-03
 1.4312364e+00  1.5648895e-03
 1.4333892e+00  1.7629609e-03
 1.4333932e+00  1.7633908e-03
 1.4373588e+00  1.5387561e-03
 1.4373707e+00  1.5380823e-03
 1.4430956e+00  1.2141255e-03
 1.4431193e+00  1.2123474e-03
 1.4478698e+00  8.9119767e-04
 1.4479074e+00  8.8534688e-04
 1.4409915e+00  1.3828827e-03
 1.4410146e+00  1.3825435e-03
 1.4358366e+00  1.6642797e-03
 1.4358483e+00  1.6643858e-03
 1.4324679e+00  1.7384900e-03
 1.4324719e+00  1.7393837e-03
 1.4312363e+00  1.5648668e-03
 1.4312364e+00  1.5648850e-03
 1.4309271e+00  1.4917704e-03
 1.4309271e+00  1.4917812e-03
 1.4324662e+00  1.7382044e-03
 1.4324702e+00  1.7390721e-03
 1.4358339e+00  1.6643948e-03
 1.4358458e+00  1.6644163e-03
 1.4409877e+00  1.3830504e-03
 1.4410114e+00  1.3825546e-03
 1.4478647e+00  8.9185372e-04
 1.4479035e+00  8.8575065e-04
 1.4430985e+00  1.2138246e-03
 1.4431218e+00  1.2122286e-03
 1.4373606e+00  1.5385657e-03
 1.4373725e+00  1.5380035e-03
 1.4333900e+00  1.7629845e-03
 1.4333941e+00  1.7634664e-03
 1.4333892e+00  1.7629185e-03
 1.4333931e+00  1.7633436e-03
 1.4324662e+00  1.7381731e-03
 1.4324702e+00  1.7390329e-03
 1.4333892e+00  1.7629310e-03
 1.4333932e+00  1.7633505e-03
 1.4361420e+00  1.6425768e-03
 1.4361546e+00  1.6424384e-03
 1.4406900e+00  1.3966212e-03
 1.4407193e+00  1.3962001e-03
 1.4469781e+00  1.0760241e-03
 1.4470302e+00  1.0711037e-03
 1.4469780e+00  1.0759490e-03
 1.4470303e+00  1.0711652e-03
 1.4406900e+00  1.3965559e-03
 1.4407193e+00  1.3962406e-03
 1.4361420e+00  1.6425353e-03
 1.4361546e+00  1.6424498e-03
 1.4373589e+00  1.5386700e-03
 1.4373707e+00  1.5379975e-03
 1.4358339e+00  1.6643050e-03
 1.4358458e+00  1.6643081e-03
 1.4361420e+00  1.6425278e-03
 1.4361546e+00  1.6423624e-03
 1.4382803e+00  1.4666538e-03
 1.4382921e+00  1.4659910e-03
 1.4422134e+00  1.2911447e-03
 1.4422397e+00  1.2893614e-03
 1.4478936e+00  8.6876250e-04
 1.4479482e+00  8.5959026e-04
 1.4457855e+00  1.1829555e-03
 1.4458450e+00  1.1817397e-03
 1.4406891e+00  1.3965746e-03
 1.4407183e+00  1.3962256e-03
 1.4430957e+00  1.2140501e-03
 1.4431192e+00  1.2122759e-03
 1.4409877e+00  1.3829617e-03
 1.4410114e+00  1.3824403e-03
 1.4406900e+00  1.3965544e-03
 1.4407193e+00  1.3960940e-03
 1.4422134e+00  1.2911242e-03
 1.4422397e+00  1.2892983e-03
 1.4455345e+00  1.1504356e-03
 1.4455579e+00  1.1494974e-03
 1.4469762e+00  1.0760917e-03
 1.4470284e+00  1.0712807e-03
 1.4478647e+00  8.9180412e-04
 1.4479035e+00  8.8567640e-04
 1.4469780e+00  1.0759790e-03
 1.4470303e+00  1.0710126e-03
 1.4478935e+00  8.6874536e-04
 1.4479482e+00  8.5952247e-04
 1.4478698e+00  8.9115295e-04
 1.4479074e+00  8.8527782e-04
 1.4478999e+00  8.6790347e-04
 1.4479538e+00  8.5883607e-04
 1.4469838e+00  1.0755377e-03
 1.4470350e+00  1.0707250e-03
 1.4409915e+00  1.3828092e-03
 1.4410146e+00  1.3824481e-03
 1.4430985e+00  1.2137642e-03
 1.4431219e+00  1.2121718e-03
 1.4469780e+00  1.0759139e-03
 1.4470303e+00  1.0711406e-03
 1.4455406e+00  1.1500647e-03
 1.4455637e+00  1.1493247e-03
 1.4422186e+00  1.2907151e-03
 1.4422447e+00  1.2890396e-03
 1.4406946e+00  1.3964051e-03
 1.4407234e+00  1.3960575e-03
 1.4358366e+00  1.6642108e-03
 1.4358484e+00  1.6643004e-03
 1.4373606e+00  1.5385071e-03
 1.4373725e+00  1.5379428e-03
 1.4406900e+00  1.3965336e-03
 1.4407193e+00  1.3962221e-03
 1.4457855e+00  1.1829632e-03
 1.4458450e+00  1.1817478e-03
 1.4479000e+00  8.6792102e-04
 1.4479538e+00  8.5889649e-04
 1.4422187e+00  1.2907333e-03
 1.4422446e+00  1.2890943e-03
 1.4382845e+00  1.4662914e-03
 1.4382963e+00  1.4657790e-03
 1.4361455e+00  1.6423667e-03
 1.4361580e+00  1.6422845e-03
 1.4324679e+00  1.7384702e-03
 1.4324719e+00  1.7393588e-03
 1.4333900e+00  1.7629669e-03
 1.4333941e+00  1.7634465e-03
 1.4361420e+00  1.6425517e-03
 1.4361546e+00  1.6424646e-03
 1.4406891e+00  1.3966206e-03
 1.4407184e+00  1.3962661e-03
 1.4469761e+00  1.0761389e-03
 1.4470284e+00  1.0713134e-03
 1.4469838e+00  1.0755791e-03
 1.4470350e+00  1.0708060e-03
 1.4406946e+00  1.3964625e-03
 1.4407233e+00  1.3961486e-03
 1.4361455e+00  1.6424073e-03
 1.4361579e+00  1.6423475e-03
 1.4333918e+00  1.7630848e-03
 1.4333958e+00  1.7635662e-03
 1.4337004e+00  1.7583076e-03
 1.4337004e+00  1.7583221e-03
 1.4333918e+00  1.7630895e-03
 1.4333958e+00  1.7635273e-03
 1.4349289e+00  1.7124077e-03
 1.4349289e+00  1.7124392e-03
 1.4382803e+00  1.4666672e-03
 1.4382921e+00  1.4660457e-03
 1.4434079e+00  1.1943789e-03
 1.4434392e+00  1.1923501e-03
 1.4454884e+00  1.1886551e-03
 1.4455457e+00  1.1880244e-03
 1.4397846e+00  1.4222024e-03
 1.4398157e+00  1.4221581e-03
 1.4358390e+00  1.6641412e-03
 1.4358509e+00  1.6642413e-03
 1.4333917e+00  1.7630882e-03
 1.4333958e+00  1.7635345e-03
 1.4324679e+00  1.7384743e-03
 1.4324719e+00  1.7393380e-03
 1.4333901e+00  1.7629824e-03
 1.4333940e+00  1.7634220e-03
 1.4361420e+00  1.6425769e-03
 1.4361546e+00  1.6424379e-03
 1.4406892e+00  1.3966611e-03
 1.4407184e+00  1.3962289e-03
 1.4469762e+00  1.0761861e-03
 1.4470284e+00  1.0712698e-03
 1.4469838e+00  1.0755517e-03
 1.4470350e+00  1.0708233e-03
 1.4406946e+00  1.3964388e-03
 1.4407234e+00  1.3961509e-03
 1.4361455e+00  1.6423940e-03
 1.4361580e+00  1.6423292e-03
 1.4349288e+00  1.7123925e-03
 1.4349289e+00  1.7124061e-03
 1.4333900e+00  1.7629583e-03
 1.4333941e+00  1.7633877e-03
 1.4336970e+00  1.7581576e-03
 1.4336970e+00  1.7581501e-03
 1.4358339e+00  1.6643345e-03
 1.4358458e+00  1.6643814e-03
 1.4397776e+00  1.4224590e-03
 1.4398091e+00  1.4222996e-03
 1.4454792e+00  1.1889499e-03
 1.4455376e+00  1.1881665e-03
 1.4434115e+00  1.1940434e-03
 1.4434427e+00  1.1921694e-03
 1.4382820e+00  1.4664740e-03
 1.4382938e+00  1.4659518e-03
 1.4382803e+00  1.4666164e-03
 1.4382920e+00  1.4659865e-03
 1.4361420e+00  1.6425096e-03
 1.4361546e+00  1.6423484e-03
 1.4358339e+00  1.6642932e-03
 1.4358458e+00  1.6643117e-03
 1.4373588e+00  1.5386774e-03
 1.4373707e+00  1.5380035e-03
 1.4406892e+00  1.3966170e-03
 1.4407183e+00  1.3962061e-03
 1.4457855e+00  1.1830202e-03
 1.4458450e+00  1.1816954e-03
 1.4478935e+00  8.6870131e-04
 1.4479482e+00  8.5963451e-04
 1.4422134e+00  1.2910801e-03
 1.4422397e+00  1.2893899e-03
 1.4434079e+00  1.1943260e-03
 1.4434391e+00  1.1922902e-03
 1.4406891e+00  1.3965833e-03
 1.4407183e+00  1.3961255e-03
 1.4397775e+00  1.4223923e-03
 1.4398091e+00  1.4221973e-03
 1.4406891e+00  1.3965879e-03
 1.4407184e+00  1.3961409e-03
 1.4434079e+00  1.1943510e-03
 1.4434392e+00  1.1922924e-03
 1.4478918e+00  8.6899462e-04
 1.4479463e+00  8.5984993e-04
 1.4478918e+00  8.6894977e-04
 1.4479463e+00  8.5987645e-04
 1.4469762e+00  1.0761311e-03
 1.4470284e+00  1.0711913e-03
 1.4454792e+00  1.1888970e-03
 1.4455376e+00  1.1880728e-03
 1.4457855e+00  1.1829872e-03
 1.4458450e+00  1.1816152e-03
 1.4478917e+00  8.6899080e-04
 1.4479464e+00  8.5980868e-04
 1.4454884e+00  1.1886162e-03
 1.4455457e+00  1.1879553e-03
 1.4469838e+00  1.0755121e-03
 1.4470351e+00  1.0707639e-03
 1.4479038e+00  8.6735129e-04
 1.4479577e+00  8.5832123e-04
 1.4457961e+00  1.1826141e-03
 1.4458547e+00  1.1813868e-03
 1.4397846e+00  1.4221575e-03
 1.4398158e+00  1.4220866e-03
 1.4406946e+00  1.3963936e-03
 1.4407234e+00  1.3960854e-03
 1.4434115e+00  1.1940203e-03
 1.4434427e+00  1.1921388e-03
 1.4478935e+00  8.6869236e-04
 1.4479483e+00  8.5962227e-04
 1.4479038e+00  8.6735669e-04
 1.4479577e+00  8.5835384e-04
 1.4434181e+00  1.1936122e-03
 1.4434491e+00  1.1917559e-03
 1.4406978e+00  1.3962369e-03
 1.4407266e+00  1.3959207e-03
 1.4358390e+00  1.6641170e-03
 1.4358509e+00  1.6641986e-03
 1.4361455e+00  1.6423661e-03
 1.4361580e+00  1.6422846e-03
 1.4382820e+00  1.4664708e-03
 1.4382939e+00  1.4659375e-03
 1.4422134e+00  1.2910989e-03
 1.4422398e+00  1.2894058e-03
 1.4478917e+00  8.6897474e-04
 1.4479464e+00  8.5989119e-04
 1.4457962e+00  1.1826407e-03
 1.4458547e+00  1.1814495e-03
 1.4406978e+00  1.3962586e-03
 1.4407266e+00  1.3959688e-03
 1.4373656e+00  1.5381503e-03
 1.4373774e+00  1.5375898e-03
 1.4382817e+00  1.4637162e-03
 1.4382817e+00  1.4637606e-03
 1.4373657e+00  1.5381704e-03
 1.4373774e+00  1.5375118e-03
 1.4382846e+00  1.4663118e-03
 1.4382963e+00  1.4657087e-03
 1.4410267e+00  1.3733755e-03
 1.4410268e+00  1.3734170e-03
 1.4455346e+00  1.1504134e-03
 1.4455580e+00  1.1495549e-03
 1.4454921e+00  1.1885763e-03
 1.4455496e+00  1.1879455e-03
 1.4409978e+00  1.3824545e-03
 1.4410211e+00  1.3820994e-03
 1.4373656e+00  1.5381745e-03
 1.4373774e+00  1.5375324e-03
 1.4358391e+00  1.6641326e-03
 1.4358509e+00  1.6641508e-03
 1.4361455e+00  1.6423830e-03
 1.4361580e+00  1.6422447e-03
 1.4382820e+00  1.4665120e-03
 1.4382938e+00  1.4658851e-03
 1.4422134e+00  1.2911438e-03
 1.4422397e+00  1.2893591e-03
 1.4478918e+00  8.6901049e-04
 1.4479464e+00  8.5985697e-04
 1.4457961e+00  1.1826338e-03
 1.4458547e+00  1.1814406e-03
 1.4406978e+00  1.3962627e-03
 1.4407266e+00  1.3959389e-03
 1.4382845e+00  1.4663023e-03
 1.4382963e+00  1.4657151e-03
 1.4361455e+00  1.6423682e-03
 1.4361580e+00  1.6422277e-03
 1.4358366e+00  1.6642132e-03
 1.4358484e+00  1.6642577e-03
 1.4373607e+00  1.5385322e-03
 1.4373725e+00  1.5378980e-03
 1.4406901e+00  1.3965768e-03
 1.4407193e+00  1.3961760e-03
 1.4457855e+00  1.1830203e-03
 1.4458450e+00  1.1816951e-03
 1.4478999e+00  8.6789889e-04
 1.4479538e+00  8.5890316e-04
 1.4422186e+00  1.2907180e-03
 1.4422447e+00  1.2890716e-03
 1.4410267e+00  1.3733625e-03
 1.4410267e+00  1.3733789e-03
 1.4382820e+00  1.4664789e-03
 1.4382938e+00  1.4658277e-03
 1.4373606e+00  1.5385088e-03
 1.4373725e+00  1.5378441e-03
 1.4382742e+00  1.4642275e-03
 1.4382743e+00  1.4641988e-03
 1.4409877e+00  1.3829546e-03
 1.4410114e+00  1.3825205e-03
 1.4454792e+00  1.1889136e-03
 1.4455376e+00  1.1881622e-03
 1.4455372e+00  1.1502090e-03
 1.4455605e+00  1.1494726e-03
 1.4455346e+00  1.1503869e-03
 1.4455579e+00  1.1495074e-03
 1.4422134e+00  1.2911010e-03
 1.4422397e+00  1.2892824e-03
 1.4406900e+00  1.3965315e-03
 1.4407193e+00  1.3960877e-03
 1.4409877e+00  1.3829371e-03
 1.4410114e+00  1.3824565e-03
 1.4430957e+00  1.2140490e-03
 1.4431193e+00  1.2122858e-03
 1.4469762e+00  1.0761295e-03
 1.4470284e+00  1.0712591e-03
 1.4478918e+00  8.6897846e-04
 1.4479463e+00  8.5980331e-04
 1.4457855e+00  1.1829779e-03
 1.4458450e+00  1.1816077e-03
 1.4454792e+00  1.1888855e-03
 1.4455376e+00  1.1880840e-03
 1.4469761e+00  1.0761242e-03
 1.4470284e+00  1.0712110e-03
 1.4454921e+00  1.1885610e-03
 1.4455496e+00  1.1878936e-03
 1.4457962e+00  1.1826137e-03
 1.4458547e+00  1.1813869e-03
 1.4479000e+00  8.6788019e-04
 1.4479539e+00  8.5886294e-04
 1.4469913e+00  1.0747987e-03
 1.4470428e+00  1.0700189e-03
 1.4409978e+00  1.3824465e-03
 1.4410211e+00  1.3820606e-03
 1.4406978e+00  1.3962466e-03
 1.4407266e+00  1.3958928e-03
 1.4422187e+00  1.2907125e-03
 1.4422447e+00  1.2890390e-03
 1.4455372e+00  1.1502205e-03
 1.4455605e+00  1.1494672e-03
 1.4469913e+00  1.0748036e-03
 1.4470428e+00  1.0700533e-03
 1.4431082e+00  1.2130904e-03
 1.4431314e+00  1.2115023e-03
 1.4446147e+00  1.1557823e-03
 1.4446147e+00  1.1558631e-03
 1.4431082e+00  1.2131454e-03
 1.4431314e+00  1.2114039e-03
 1.4434181e+00  1.1936558e-03
 1.4434491e+00  1.1916589e-03
 1.4455407e+00  1.1501195e-03
 1.4455637e+00  1.1492426e-03
 1.4478809e+00  8.8961176e-04
 1.4479191e+00  8.8369979e-04
 1.4431081e+00  1.2131420e-03
 1.4431314e+00  1.2114298e-03
 1.4409978e+00  1.3824911e-03
 1.4410211e+00  1.3819909e-03
 1.4406978e+00  1.3962782e-03
 1.4407266e+00  1.3958401e-03
 1.4422187e+00  1.2907551e-03
 1.4422447e+00  1.2889837e-03
 1.4455373e+00  1.1502987e-03
 1.4455605e+00  1.1493848e-03
 1.4469913e+00  1.0748223e-03
 1.4470428e+00  1.0700201e-03
 1.4434181e+00  1.1936504e-03
 1.4434491e+00  1.1916802e-03
 1.4406978e+00  1.3962709e-03
 1.4407266e+00  1.3958391e-03
 1.4397847e+00  1.4221806e-03
 1.4398157e+00  1.4220219e-03
 1.4406946e+00  1.3964290e-03
 1.4407234e+00  1.3960225e-03
 1.4434116e+00  1.1940778e-03
 1.4434427e+00  1.1920711e-03
 1.4478936e+00  8.6874178e-04
 1.4479482e+00  8.5957292e-04
 1.4479038e+00  8.6736936e-04
 1.4479577e+00  8.5832282e-04
 1.4455406e+00  1.1500963e-03
 1.4455637e+00  1.1492502e-03
 1.4422186e+00  1.2907388e-03
 1.4422447e+00  1.2889640e-03
 1.4406946e+00  1.3964146e-03
 1.4407234e+00  1.3959977e-03
 1.4409915e+00  1.3828273e-03
 1.4410146e+00  1.3823966e-03
 1.4430986e+00  1.2138094e-03
 1.4431218e+00  1.2121145e-03
 1.4469781e+00  1.0759663e-03
 1.4470303e+00  1.0710899e-03
 1.4455372e+00  1.1502821e-03
 1.4455605e+00  1.1493356e-03
 1.4434115e+00  1.1940583e-03
 1.4434427e+00  1.1920135e-03
 1.4430985e+00  1.2138056e-03
 1.4431218e+00  1.2120649e-03
 1.4446018e+00  1.1561618e-03
 1.4446022e+00  1.1561345e-03
 1.4478647e+00  8.9177222e-04
 1.4479035e+00  8.8574484e-04
 1.4478935e+00  8.6872972e-04
 1.4479482e+00  8.5951906e-04
 1.4469780e+00  1.0759558e-03
 1.4470303e+00  1.0710221e-03
 1.4478646e+00  8.9178003e-04
 1.4479036e+00  8.8569975e-04
 1.4478809e+00  8.8961504e-04
 1.4479191e+00  8.8367036e-04
 1.4469913e+00  1.0748208e-03
 1.4470428e+00  1.0699795e-03
 1.4479038e+00  8.6736478e-04
 1.4479577e+00  8.5828984e-04
 1.4478810e+00  8.8966899e-04
 1.4479191e+00  8.8360592e-04
 1.4469914e+00  1.0748647e-03
 1.4470428e+00  1.0699239e-03
 1.4479039e+00  8.6739986e-04
 1.4479577e+00  8.5824797e-04
 1.4469913e+00  1.0748603e-03
 1.4470428e+00  1.0699307e-03
 1.4454922e+00  1.1886120e-03
 1.4455496e+00  1.1878149e-03
 1.4457962e+00  1.1826642e-03
 1.4458547e+00  1.1813167e-03
 1.4479000e+00  8.6792917e-04
 1.4479538e+00  8.5880564e-04
 1.4479038e+00  8.6739706e-04
 1.4479577e+00  8.5824934e-04
 1.4457961e+00  1.1826557e-03
 1.4458547e+00  1.1813085e-03
 1.4454884e+00  1.1886556e-03
 1.4455457e+00  1.1878880e-03
 1.4469838e+00  1.0755619e-03
 1.4470350e+00  1.0707004e-03
 1.4478999e+00  8.6792706e-04
 1.4479538e+00  8.5878658e-04
 1.4469838e+00  1.0755585e-03
 1.4470350e+00  1.0706788e-03
 1.4478698e+00  8.9117862e-04
 1.4479074e+00  8.8524095e-04
 1.4478698e+00  8.9117862e-04
 1.4479074e+00  8.8524095e-04
 1.4469838e+00  1.0755585e-03
 1.4470350e+00  1.0706788e-03
 1.4478999e+00  8.6792706e-04
 1.4479538e+00  8.5878658e-04
 1.4469838e+00  1.0755619e-03
 1.4470350e+00  1.0707004e-03
 1.4454884e+00  1.1886556e-03
 1.4455457e+00  1.1878880e-03
 1.4457961e+00  1.1826557e-03
 1.4458547e+00  1.1813085e-03
 1.4479038e+00  8.6739706e-04
 1.4479577e+00  8.5824934e-04
 1.4479000e+00  8.6792917e-04
 1.4479538e+00  8.5880564e-04
 1.4457962e+00  1.1826642e-03
 1.4458547e+00  1.1813167e-03
 1.4454922e+00  1.1886120e-03
 1.4455496e+00  1.1878149e-03
 1.4469913e+00  1.0748603e-03
 1.4470428e+00  1.0699307e-03
 1.4479039e+00  8.6739986e-04
 1.4479577e+00  8.5824797e-04
 1.4469914e+00  1.0748647e-03
 1.4470428e+00  1.0699239e-03
 1.4478810e+00  8.8966899e-04
 1.4479191e+00  8.8360592e-04
 1.4446147e+00  1.1557823e-03
 1.4446147e+00  1.1558631e-03
 1.4478809e+00  8.8961176e-04
 1.4479191e+00  8.8369979e-04
 1.4455407e+00  1.1501195e-03
 1.4455637e+00  1.1492426e-03
 1.4434181e+00  1.1936558e-03
 1.4434491e+00  1.1916589e-03
 1.4431082e+00  1.2131454e-03
 1.4431314e+00  1.2114039e-03
 1.4478809e+00  8.8961504e-04
 1.4479191e+00  8.8367036e-04
 1.4479038e+00  8.6736478e-04
 1.4479577e+00  8.5828984e-04
 1.4469913e+00  1.0748208e-03
 1.4470428e+00  1.0699795e-03
 1.4478646e+00  8.9178003e-04
 1.4479036e+00  8.8569975e-04
 1.4469780e+00  1.0759558e-03
 1.4470303e+00  1.0710221e-03
 1.4478935e+00  8.6872972e-04
 1.4479482e+00  8.5951906e-04
 1.4478647e+00  8.9177222e-04
 1.4479035e+00  8.8574484e-04
 1.4446018e+00  1.1561618e-03
 1.4446022e+00  1.1561345e-03
 1.4430985e+00  1.2138056e-03
 1.4431218e+00  1.2120649e-03
 1.4434115e+00  1.1940583e-03
 1.4434427e+00  1.1920135e-03
 1.4455372e+00  1.1502821e-03
 1.4455605e+00  1.1493356e-03
 1.4455406e+00  1.1500963e-03
 1.4455637e+00  1.1492502e-03
 1.4469781e+00  1.0759663e-03
 1.4470303e+00  1.0710899e-03
 1.4430986e+00  1.2138094e-03
 1.4431218e+00  1.2121145e-03
 1.4409915e+00  1.3828273e-03
 1.4410146e+00  1.3823966e-03
 1.4406946e+00  1.3964146e-03
 1.4407234e+00  1.3959977e-03
 1.4422186e+00  1.2907388e-03
 1.4422447e+00  1.2889640e-03
 1.4434181e+00  1.1936504e-03
 1.4434491e+00  1.1916802e-03
 1.4479038e+00  8.6736936e-04
 1.4479577e+00  8.5832282e-04
 1.4478936e+00  8.6874178e-04
 1.4479482e+00  8.5957292e-04
 1.4434116e+00  1.1940778e-03
 1.4434427e+00  1.1920711e-03
 1.4406946e+00  1.3964290e-03
 1.4407234e+00  1.3960225e-03
 1.4397847e+00  1.4221806e-03
 1.4398157e+00  1.4220219e-03
 1.4406978e+00  1.3962709e-03
 1.4407266e+00  1.3958391e-03
 1.4431081e+00  1.2131420e-03
 1.4431314e+00  1.2114298e-03
 1.4469913e+00  1.0748223e-03
 1.4470428e+00  1.0700201e-03
 1.4455373e+00  1.1502987e-03
 1.4455605e+00  1.1493848e-03
 1.4422187e+00  1.2907551e-03
 1.4422447e+00  1.2889837e-03
 1.4406978e+00  1.3962782e-03
 1.4407266e+00  1.3958401e-03
 1.4409978e+00  1.3824911e-03
 1.4410211e+00  1.3819909e-03
 1.4382817e+00  1.4637162e-03
 1.4382817e+00  1.4637606e-03
 1.4409978e+00  1.3824545e-03
 1.4410211e+00  1.3820994e-03
 1.4454921e+00  1.1885763e-03
 1.4455496e+00  1.1879455e-03
 1.4455346e+00  1.1504134e-03
 1.4455580e+00  1.1495549e-03
 1.4410267e+00  1.3733755e-03
 1.4410268e+00  1.3734170e-03
 1.4382846e+00  1.4663118e-03
 1.4382963e+00  1.4657087e-03
 1.4373657e+00  1.5381704e-03
 1.4373774e+00  1.5375118e-03
 1.4409978e+00  1.3824465e-03
 1.4410211e+00  1.3820606e-03
 1.4431082e+00  1.2130904e-03
 1.4431314e+00  1.2115023e-03
 1.4469913e+00  1.0748036e-03
 1.4470428e+00  1.0700533e-03
 1.4455372e+00  1.1502205e-03
 1.4455605e+00  1.1494672e-03
 1.4422187e+00  1.2907125e-03
 1.4422447e+00  1.2890390e-03
 1.4406978e+00  1.3962466e-03
 1.4407266e+00  1.3958928e-03
 1.4454921e+00  1.1885610e-03
 1.4455496e+00  1.1878936e-03
 1.4469913e+00  1.0747987e-03
 1.4470428e+00  1.0700189e-03
 1.4479000e+00  8.6788019e-04
 1.4479539e+00  8.5886294e-04
 1.4457962e+00  1.1826137e-03
 1.4458547e+00  1.1813869e-03
 1.4469761e+00  1.0761242e-03
 1.4470284e+00  1.0712110e-03
 1.4454792e+00  1.1888855e-03
 1.4455376e+00  1.1880840e-03
 1.4457855e+00  1.1829779e-03
 1.4458450e+00  1.1816077e-03
 1.4478918e+00  8.6897846e-04
 1.4479463e+00  8.5980331e-04
 1.4455346e+00  1.1503869e-03
 1.4455579e+00  1.1495074e-03
 1.4469762e+00  1.0761295e-03
 1.4470284e+00  1.0712591e-03
 1.4430957e+00  1.2140490e-03
 1.4431193e+00  1.2122858e-03
 1.4409877e+00  1.3829371e-03
 1.4410114e+00  1.3824565e-03
 1.4406900e+00  1.3965315e-03
 1.4407193e+00  1.3960877e-03
 1.4422134e+00  1.2911010e-03
 1.4422397e+00  1.2892824e-03
 1.4410267e+00  1.3733625e-03
 1.4410267e+00  1.3733789e-03
 1.4455372e+00  1.1502090e-03
 1.4455605e+00  1.1494726e-03
 1.4454792e+00  1.1889136e-03
 1.4455376e+00  1.1881622e-03
 1.4409877e+00  1.3829546e-03
 1.4410114e+00  1.3825205e-03
 1.4382742e+00  1.4642275e-03
 1.4382743e+00  1.4641988e-03
 1.4373606e+00  1.5385088e-03
 1.4373725e+00  1.5378441e-03
 1.4382820e+00  1.4664789e-03
 1.4382938e+00  1.4658277e-03
 1.4382845e+00  1.4663023e-03
 1.4382963e+00  1.4657151e-03
 1.4422186e+00  1.2907180e-03
 1.4422447e+00  1.2890716e-03
 1.4478999e+00  8.6789889e-04
 1.4479538e+00  8.5890316e-04
 1.4457855e+00  1.1830203e-03
 1.4458450e+00  1.1816951e-03
 1.4406901e+00  1.3965768e-03
 1.4407193e+00  1.3961760e-03
 1.4373607e+00  1.5385322e-03
 1.4373725e+00  1.5378980e-03
 1.4358366e+00  1.6642132e-03
 1.4358484e+00  1.6642577e-03
 1.4361455e+00  1.6423682e-03
 1.4361580e+00  1.6422277e-03
 1.4373656e+00  1.5381745e-03
 1.4373774e+00  1.5375324e-03
 1.4406978e+00  1.3962627e-03
 1.4407266e+00  1.3959389e-03
 1.4457961e+00  1.1826338e-03
 1.4458547e+00  1.1814406e-03
 1.4478918e+00  8.6901049e-04
 1.4479464e+00  8.5985697e-04
 1.4422134e+00  1.2911438e-03
 1.4422397e+00  1.2893591e-03
 1.4382820e+00  1.4665120e-03
 1.4382938e+00  1.4658851e-03
 1.4361455e+00  1.6423830e-03
 1.4361580e+00  1.6422447e-03
 1.4358391e+00  1.6641326e-03
 1.4358509e+00  1.6641508e-03
 1.4337004e+00  1.7583076e-03
 1.4337004e+00  1.7583221e-03
 1.4358390e+00  1.6641412e-03
 1.4358509e+00  1.6642413e-03
 1.4397846e+00  1.4222024e-03
 1.4398157e+00  1.4221581e-03
 1.4454884e+00  1.1886551e-03
 1.4455457e+00  1.1880244e-03
 1.4434079e+00  1.1943789e-03
 1.4434392e+00  1.1923501e-03
 1.4382803e+00  1.4666672e-03
 1.4382921e+00  1.4660457e-03
 1.4349289e+00  1.7124077e-03
 1.4349289e+00  1.7124392e-03
 1.4333918e+00  1.7630895e-03
 1.4333958e+00  1.7635273e-03
 1.4358390e+00  1.6641170e-03
 1.4358509e+00  1.6641986e-03
 1.4373656e+00  1.5381503e-03
 1.4373774e+00  1.5375898e-03
 1.4406978e+00  1.3962586e-03
 1.4407266e+00  1.3959688e-03
 1.4457962e+00  1.1826407e-03
 1.4458547e+00  1.1814495e-03
 1.4478917e+00  8.6897474e-04
 1.4479464e+00  8.5989118e-04
 1.4422134e+00  1.2910989e-03
 1.4422398e+00  1.2894058e-03
 1.4382820e+00  1.4664708e-03
 1.4382939e+00  1.4659375e-03
 1.4361455e+00  1.6423661e-03
 1.4361580e+00  1.6422846e-03
 1.4397846e+00  1.4221575e-03
 1.4398158e+00  1.4220866e-03
 1.4406978e+00  1.3962369e-03
 1.4407266e+00  1.3959207e-03
 1.4434181e+00  1.1936122e-03
 1.4434491e+00  1.1917559e-03
 1.4479038e+00  8.6735669e-04
 1.4479577e+00  8.5835384e-04
 1.4478935e+00  8.6869236e-04
 1.4479483e+00  8.5962227e-04
 1.4434115e+00  1.1940203e-03
 1.4434427e+00  1.1921388e-03
 1.4406946e+00  1.3963936e-03
 1.4407234e+00  1.3960854e-03
 1.4454884e+00  1.1886162e-03
 1.4455457e+00  1.1879553e-03
 1.4457961e+00  1.1826141e-03
 1.4458547e+00  1.1813868e-03
 1.4479038e+00  8.6735129e-04
 1.4479577e+00  8.5832123e-04
 1.4469838e+00  1.0755121e-03
 1.4470351e+00  1.0707639e-03
 1.4478917e+00  8.6899080e-04
 1.4479464e+00  8.5980868e-04
 1.4457855e+00  1.1829872e-03
 1.4458450e+00  1.1816152e-03
 1.4454792e+00  1.1888970e-03
 1.4455376e+00  1.1880728e-03
 1.4469762e+00  1.0761311e-03
 1.4470284e+00  1.0711913e-03
 1.4434079e+00  1.1943260e-03
 1.4434391e+00  1.1922902e-03
 1.4478918e+00  8.6894977e-04
 1.4479463e+00  8.5987645e-04
 1.4478918e+00  8.6899462e-04
 1.4479463e+00  8.5984993e-04
 1.4434079e+00  1.1943510e-03
 1.4434392e+00  1.1922924e-03
 1.4406891e+00  1.3965879e-03
 1.4407184e+00  1.3961409e-03
 1.4397775e+00  1.4223923e-03
 1.4398091e+00  1.4221973e-03
 1.4406891e+00  1.3965833e-03
 1.4407183e+00  1.3961255e-03
 1.4382803e+00  1.4666164e-03
 1.4382920e+00  1.4659865e-03
 1.4422134e+00  1.2910801e-03
 1.4422397e+00  1.2893899e-03
 1.4478935e+00  8.6870131e-04
 1.4479482e+00  8.5963451e-04
 1.4457855e+00  1.1830202e-03
 1.4458450e+00  1.1816954e-03
 1.4406892e+00  1.3966170e-03
 1.4407183e+00  1.3962061e-03
 1.4373588e+00  1.5386774e-03
 1.4373707e+00  1.5380035e-03
 1.4358339e+00  1.6642932e-03
 1.4358458e+00  1.6643117e-03
 1.4361420e+00  1.6425096e-03
 1.4361546e+00  1.6423484e-03
 1.4349288e+00  1.7123925e-03
 1.4349289e+00  1.7124061e-03
 1.4382820e+00  1.4664740e-03
 1.4382938e+00  1.4659518e-03
 1.4434115e+00  1.1940434e-03
 1.4434427e+00  1.1921694e-03
 1.4454792e+00  1.1889499e-03
 1.4455376e+00  1.1881665e-03
 1.4397776e+00  1.4224590e-03
 1.4398091e+00  1.4222996e-03
 1.4358339e+00  1.6643345e-03
 1.4358458e+00  1.6643814e-03
 1.4336970e+00  1.7581576e-03
 1.4336970e+00  1.7581501e-03
 1.4333900e+00  1.7629583e-03
 1.4333941e+00  1.7633877e-03
 1.4333917e+00  1.7630882e-03
 1.4333958e+00  1.7635345e-03
 1.4361455e+00  1.6423940e-03
 1.4361580e+00  1.6423292e-03
 1.4406946e+00  1.3964388e-03
 1.4407234e+00  1.3961509e-03
 1.4469838e+00  1.0755517e-03
 1.4470350e+00  1.0708233e-03
 1.4469762e+00  1.0761861e-03
 1.4470284e+00  1.0712698e-03
 1.4406892e+00  1.3966611e-03
 1.4407184e+00  1.3962289e-03
 1.4361420e+00  1.6425769e-03
 1.4361546e+00  1.6424379e-03
 1.4333901e+00  1.7629824e-03
 1.4333940e+00  1.7634220e-03
 1.4324679e+00  1.7384743e-03
 1.4324719e+00  1.7393380e-03
 1.4309279e+00  1.4921098e-03
 1.4309279e+00  1.4921126e-03
 1.4324679e+00  1.7384900e-03
 1.4324719e+00  1.7393837e-03
 1.4358366e+00  1.6642797e-03
 1.4358483e+00  1.6643858e-03
 1.4409915e+00  1.3828827e-03
 1.4410146e+00  1.3825435e-03
 1.4478698e+00  8.9119767e-04
 1.4479074e+00  8.8534688e-04
 1.4430956e+00  1.2141255e-03
 1.4431193e+00  1.2123474e-03
 1.4373588e+00  1.5387561e-03
 1.4373707e+00  1.5380823e-03
 1.4333892e+00  1.7629609e-03
 1.4333932e+00  1.7633908e-03
 1.4312364e+00  1.5648736e-03
 1.4312364e+00  1.5648895e-03
 1.4324679e+00  1.7384702e-03
 1.4324719e+00  1.7393588e-03
 1.4333918e+00  1.7630848e-03
 1.4333958e+00  1.7635662e-03
 1.4361455e+00  1.6424073e-03
 1.4361579e+00  1.6423475e-03
 1.4406946e+00  1.3964625e-03
 1.4407233e+00  1.3961486e-03
 1.4469838e+00  1.0755791e-03
 1.4470350e+00  1.0708060e-03
 1.4469761e+00  1.0761389e-03
 1.4470284e+00  1.0713134e-03
 1.4406891e+00  1.3966206e-03
 1.4407184e+00  1.3962661e-03
 1.4361420e+00  1.6425517e-03
 1.4361546e+00  1.6424646e-03
 1.4333900e+00  1.7629669e-03
 1.4333941e+00  1.7634465e-03
 1.4358366e+00  1.6642108e-03
 1.4358484e+00  1.6643004e-03
 1.4361455e+00  1.6423667e-03
 1.4361580e+00  1.6422845e-03
 1.4382845e+00  1.4662914e-03
 1.4382963e+00  1.4657790e-03
 1.4422187e+00  1.2907333e-03
 1.4422446e+00  1.2890943e-03
 1.4479000e+00  8.6792102e-04
 1.4479538e+00  8.5889649e-04
 1.4457855e+00  1.1829632e-03
 1.4458450e+00  1.1817478e-03
 1.4406900e+00  1.3965336e-03
 1.4407193e+00  1.3962221e-03
 1.4373606e+00  1.5385071e-03
 1.4373725e+00  1.5379428e-03
 1.4409915e+00  1.3828092e-03
 1.4410146e+00  1.3824481e-03
 1.4406946e+00  1.3964051e-03
 1.4407234e+00  1.3960575e-03
 1.4422186e+00  1.2907151e-03
 1.4422447e+00  1.2890396e-03
 1.4455406e+00  1.1500647e-03
 1.4455637e+00  1.1493247e-03
 1.4469780e+00  1.0759139e-03
 1.4470303e+00  1.0711406e-03
 1.4430985e+00  1.2137642e-03
 1.4431219e+00  1.2121718e-03
 1.4478698e+00  8.9115295e-04
 1.4479074e+00  8.8527782e-04
 1.4469838e+00  1.0755377e-03
 1.4470350e+00  1.0707250e-03
 1.4478999e+00  8.6790347e-04
 1.4479538e+00  8.5883607e-04
 1.4478935e+00  8.6874536e-04
 1.4479482e+00  8.5952247e-04
 1.4469780e+00  1.0759790e-03
 1.4470303e+00  1.0710126e-03
 1.4478647e+00  8.9180412e-04
 1.4479035e+00  8.8567640e-04
 1.4430957e+00  1.2140501e-03
 1.4431192e+00  1.2122759e-03
 1.4469762e+00  1.0760917e-03
 1.4470284e+00  1.0712807e-03
 1.4455345e+00  1.1504356e-03
 1.4455579e+00  1.1494974e-03
 1.4422134e+00  1.2911242e-03
 1.4422397e+00  1.2892983e-03
 1.4406900e+00  1.3965544e-03
 1.4407193e+00  1.3960940e-03
 1.4409877e+00  1.3829617e-03
 1.4410114e+00  1.3824403e-03
 1.4373589e+00  1.5386700e-03
 1.4373707e+00  1.5379975e-03
 1.4406891e+00  1.3965746e-03
 1.4407183e+00  1.3962256e-03
 1.4457855e+00  1.1829555e-03
 1.4458450e+00  1.1817397e-03
 1.4478936e+00  8.6876250e-04
 1.4479482e+00  8.5959026e-04
 1.4422134e+00  1.2911447e-03
 1.4422397e+00  1.2893614e-03
 1.4382803e+00  1.4666538e-03
 1.4382921e+00  1.4659910e-03
 1.4361420e+00  1.6425278e-03
 1.4361546e+00  1.6423624e-03
 1.4358339e+00  1.6643050e-03
 1.4358458e+00  1.6643081e-03
 1.4333892e+00  1.7629185e-03
 1.4333931e+00  1.7633436e-03
 1.4361420e+00  1.6425353e-03
 1.4361546e+00  1.6424498e-03
 1.4406900e+00  1.3965559e-03
 1.4407193e+00  1.3962406e-03
 1.4469780e+00  1.0759490e-03
 1.4470303e+00  1.0711652e-03
 1.4469781e+00  1.0760241e-03
 1.4470302e+00  1.0711037e-03
 1.4406900e+00  1.3966212e-03
 1.4407193e+00  1.3962001e-03
 1.4361420e+00  1.6425768e-03
 1.4361546e+00  1.6424384e-03
 1.4333892e+00  1.7629310e-03
 1.4333932e+00  1.7633505e-03
 1.4324662e+00  1.7381731e-03
 1.4324702e+00  1.7390329e-03
 1.4312363e+00  1.5648668e-03
 1.4312364e+00  1.5648850e-03
 1.4333900e+00  1.7629845e-03
 1.4333941e+00  1.7634664e-03
 1.4373606e+00  1.5385657e-03
 1.4373725e+00  1.5380035e-03
 1.4430985e+00  1.2138246e-03
 1.4431218e+00  1.2122286e-03
 1.4478647e+00  8.9185372e-04
 1.4479035e+00  8.8575065e-04
 1.4409877e+00  1.3830504e-03
 1.4410114e+00  1.3825546e-03
 1.4358339e+00  1.6643948e-03
 1.4358458e+00  1.6644163e-03
 1.4324662e+00  1.7382044e-03
 1.4324702e+00  1.7390721e-03
 1.4309271e+00  1.4917704e-03
 1.4309271e+00  1.4917812e-03
