E(eV) ImSigma(eV)
 0.0000000e+00  7.3127715e-04
 9.7958215e-13  7.3127715e-04
 9.2729226e-04  6.5465615e-04
 9.2732297e-04  6.5465971e-04
 3.6972116e-03  5.2033336e-04
 3.6972645e-03  5.2033113e-04
 8.2743691e-03  4.6132971e-04
 8.2745660e-03  4.6131830e-04
 1.4601965e-02  4.9594227e-04
 1.4602471e-02  4.9592875e-04
 1.4601965e-02  5.2246957e-04
 1.4602471e-02  5.2245893e-04
 8.2743691e-03  4.7683360e-04
 8.2745660e-03  4.7684528e-04
 3.6972116e-03  5.0396480e-04
 3.6972645e-03  5.0395782e-04
 9.2729226e-04  6.0890272e-04
 9.2732297e-04  6.0887326e-04
 9.2728554e-04  6.5465228e-04
 9.2733081e-04  6.5465519e-04
 1.2365728e-03  6.3306211e-04
 1.2366084e-03  6.3306564e-04
 3.3902896e-03  5.2827695e-04
 3.3942561e-03  5.2818562e-04
 7.3608753e-03  4.5860480e-04
 7.3726705e-03  4.5870474e-04
 1.3098782e-02  4.9648448e-04
 1.3122001e-02  4.9673762e-04
 1.7864846e-02  4.7052270e-04
 1.7903796e-02  4.7032281e-04
 1.0987875e-02  4.9521880e-04
 1.1011610e-02  4.9552803e-04
 5.8340828e-03  4.7014188e-04
 5.8460757e-03  4.7015486e-04
 2.4664066e-03  5.2928592e-04
 2.4704187e-03  5.2915599e-04
 3.6972260e-03  5.2031667e-04
 3.6972545e-03  5.2032594e-04
 3.3902593e-03  5.2932217e-04
 3.3942896e-03  5.2922580e-04
 4.9290835e-03  4.9189885e-04
 4.9291308e-03  4.9189922e-04
 8.2822509e-03  4.6315507e-04
 8.2940365e-03  4.6328784e-04
 1.3411785e-02  4.9698989e-04
 1.3442855e-02  4.9731362e-04
 1.5479376e-02  5.0359535e-04
 1.5537843e-02  5.0388295e-04
 9.7777551e-03  4.8192784e-04
 9.8093789e-03  4.8238644e-04
 5.8340957e-03  4.5699381e-04
 5.8460662e-03  4.5703592e-04
 8.2744185e-03  4.6723191e-04
 8.2745262e-03  4.6721824e-04
 7.3608373e-03  4.6256471e-04
 7.3727164e-03  4.6266612e-04
 8.2822022e-03  4.6278733e-04
 8.2940897e-03  4.6290998e-04
 1.1026914e-02  4.6651424e-04
 1.1026991e-02  4.6648099e-04
 1.5537479e-02  4.6754408e-04
 1.5560667e-02  4.6762038e-04
 1.5479391e-02  4.8449480e-04
 1.5537835e-02  4.8484415e-04
 1.0987903e-02  4.6229283e-04
 1.1011591e-02  4.6267769e-04
 1.4602029e-02  5.0143774e-04
 1.4602424e-02  5.0142537e-04
 1.3098737e-02  5.0075385e-04
 1.3122060e-02  5.0101106e-04
 1.3411730e-02  4.9471667e-04
 1.3442920e-02  4.9502331e-04
 1.5537414e-02  4.6601257e-04
 1.5560737e-02  4.6606615e-04
 1.7864889e-02  4.3198389e-04
 1.7903769e-02  4.3180645e-04
 1.4602029e-02  5.2244280e-04
 1.4602424e-02  5.2243217e-04
 1.7864889e-02  4.7136191e-04
 1.7903769e-02  4.7115078e-04
 1.5537414e-02  4.9194977e-04
 1.5560737e-02  4.9196270e-04
 1.3411730e-02  5.0396288e-04
 1.3442920e-02  5.0428238e-04
 1.3098737e-02  4.9165607e-04
 1.3122060e-02  4.9196197e-04
 8.2744185e-03  4.7825764e-04
 8.2745262e-03  4.7828468e-04
 1.0987903e-02  4.9768801e-04
 1.1011591e-02  4.9800139e-04
 1.5479391e-02  5.0399953e-04
 1.5537835e-02  5.0425470e-04
 1.5537479e-02  4.9180171e-04
 1.5560667e-02  4.9182828e-04
 1.1026914e-02  4.8281829e-04
 1.1026991e-02  4.8285929e-04
 8.2822022e-03  4.6176503e-04
 8.2940897e-03  4.6190793e-04
 7.3608373e-03  4.4595817e-04
 7.3727164e-03  4.4608741e-04
 3.6972260e-03  5.0698768e-04
 3.6972545e-03  5.0697910e-04
 5.8340957e-03  4.7253633e-04
 5.8460662e-03  4.7255029e-04
 9.7777551e-03  4.8103249e-04
 9.8093789e-03  4.8147097e-04
 1.5479376e-02  4.8315134e-04
 1.5537843e-02  4.8346542e-04
 1.3411785e-02  5.0135742e-04
 1.3442855e-02  5.0167559e-04
 8.2822509e-03  4.5903794e-04
 8.2940365e-03  4.5918286e-04
 4.9290835e-03  4.6561898e-04
 4.9291308e-03  4.6560540e-04
 3.3902593e-03  4.8541501e-04
 3.3942896e-03  4.8532782e-04
 9.2728554e-04  6.1733157e-04
 9.2733081e-04  6.1730696e-04
 2.4664066e-03  5.3272026e-04
 2.4704187e-03  5.3258721e-04
 5.8340828e-03  4.5409680e-04
 5.8460757e-03  4.5412338e-04
 1.0987875e-02  4.6040987e-04
 1.1011610e-02  4.6076642e-04
 1.7864846e-02  4.3215612e-04
 1.7903796e-02  4.3197433e-04
 1.3098782e-02  4.8691165e-04
 1.3122001e-02  4.8723025e-04
 7.3608753e-03  4.3979704e-04
 7.3726705e-03  4.3993518e-04
 3.3902896e-03  4.8160514e-04
 3.3942561e-03  4.8152464e-04
 1.2365728e-03  5.6491715e-04
 1.2366084e-03  5.6487822e-04
 9.2816946e-04  6.5459338e-04
 9.2817223e-04  6.5459466e-04
 1.2365776e-03  6.3306222e-04
 1.2366095e-03  6.3306519e-04
 3.3894193e-03  5.2626219e-04
 3.3933894e-03  5.2616042e-04
 7.3590486e-03  4.6453143e-04
 7.3709647e-03  4.6461052e-04
 1.3095869e-02  5.0312390e-04
 1.3119510e-02  5.0335613e-04
 1.7870002e-02  4.6508807e-04
 1.7907599e-02  4.6491166e-04
 1.0991730e-02  4.9450277e-04
 1.1014803e-02  4.9482602e-04
 5.8368077e-03  4.7328635e-04
 5.8485688e-03  4.7331466e-04
 2.4681464e-03  5.4019486e-04
 2.4721316e-03  5.4007022e-04
 1.2365626e-03  6.3306227e-04
 1.2366149e-03  6.3306270e-04
 9.2729150e-04  6.5465367e-04
 9.2732491e-04  6.5465303e-04
 2.4664218e-03  5.6084547e-04
 2.4704074e-03  5.6069783e-04
 5.8341110e-03  4.6961362e-04
 5.8460551e-03  4.6959277e-04
 1.0987915e-02  4.9197238e-04
 1.1011581e-02  4.9224374e-04
 1.7864897e-02  4.6234744e-04
 1.7903760e-02  4.6212210e-04
 1.3098732e-02  5.0553219e-04
 1.3122036e-02  5.0580689e-04
 7.3608369e-03  4.7010728e-04
 7.3726978e-03  4.7022846e-04
 3.3902634e-03  5.0889495e-04
 3.3942749e-03  5.0880539e-04
 3.3894397e-03  5.2625453e-04
 3.3933521e-03  5.2615352e-04
 2.4664099e-03  5.6184909e-04
 2.4704119e-03  5.6169694e-04
 3.3894205e-03  5.2104578e-04
 3.3933788e-03  5.2093981e-04
 6.1422405e-03  4.6461784e-04
 6.1547963e-03  4.6461407e-04
 1.0690273e-02  4.8488203e-04
 1.0719479e-02  4.8522478e-04
 1.6978275e-02  4.7837514e-04
 1.7030467e-02  4.7832360e-04
 1.6978219e-02  4.7172515e-04
 1.7030494e-02  4.7169255e-04
 1.0690234e-02  4.8714995e-04
 1.0719495e-02  4.8756082e-04
 6.1422251e-03  4.6297544e-04
 6.1547969e-03  4.6301134e-04
 7.3590805e-03  4.7054578e-04
 7.3709114e-03  4.7062108e-04
 5.8340988e-03  4.7320294e-04
 5.8460549e-03  4.7318115e-04
 6.1422127e-03  4.6453012e-04
 6.1548188e-03  4.6451742e-04
 8.2804754e-03  4.5837372e-04
 8.2923126e-03  4.5845927e-04
 1.2213625e-02  4.8675123e-04
 1.2239915e-02  4.8699092e-04
 1.7893813e-02  4.4443233e-04
 1.7948388e-02  4.4414269e-04
 1.5785687e-02  4.8693881e-04
 1.5845209e-02  4.8718061e-04
 1.0689370e-02  4.7554708e-04
 1.0718549e-02  4.7593624e-04
 1.3095914e-02  5.0898352e-04
 1.3119442e-02  5.0920675e-04
 1.0987904e-02  4.9568970e-04
 1.1011577e-02  4.9596266e-04
 1.0690234e-02  4.8318149e-04
 1.0719509e-02  4.8350986e-04
 1.2213583e-02  4.8493481e-04
 1.2239954e-02  4.8516281e-04
 1.5534766e-02  4.7985571e-04
 1.5558142e-02  4.7984598e-04
 1.6976408e-02  4.6668361e-04
 1.7028601e-02  4.6664309e-04
 1.7864888e-02  4.6360067e-04
 1.7903753e-02  4.6336173e-04
 1.6978229e-02  4.7389069e-04
 1.7030502e-02  4.7381116e-04
 1.7893754e-02  4.4076217e-04
 1.7948440e-02  4.4042961e-04
 1.7869982e-02  4.6506347e-04
 1.7907672e-02  4.6488211e-04
 1.7900158e-02  4.4666706e-04
 1.7954054e-02  4.4642400e-04
 1.6983990e-02  4.6792368e-04
 1.7035272e-02  4.6791956e-04
 1.0991714e-02  4.9514501e-04
 1.1014857e-02  4.9545568e-04
 1.3098740e-02  5.0807360e-04
 1.3122076e-02  5.0834582e-04
 1.6978239e-02  4.7256586e-04
 1.7030531e-02  4.7250374e-04
 1.5540833e-02  4.7507016e-04
 1.5563923e-02  4.7512280e-04
 1.2218870e-02  4.8714431e-04
 1.2244918e-02  4.8743291e-04
 1.0694805e-02  4.7349331e-04
 1.0723613e-02  4.7386110e-04
 5.8367973e-03  4.7488981e-04
 5.8486037e-03  4.7490497e-04
 7.3608391e-03  4.7232846e-04
 7.3727299e-03  4.7244858e-04
 1.0690239e-02  4.8641267e-04
 1.0719532e-02  4.8680928e-04
 1.5785683e-02  4.8508784e-04
 1.5845260e-02  4.8529690e-04
 1.7900200e-02  4.4424767e-04
 1.7953986e-02  4.4401172e-04
 1.2218902e-02  4.8397840e-04
 1.2244872e-02  4.8426836e-04
 8.2847717e-03  4.6142234e-04
 8.2965607e-03  4.6156244e-04
 6.1457208e-03  4.5591823e-04
 6.1582032e-03  4.5593764e-04
 2.4681418e-03  5.4538192e-04
 2.4721477e-03  5.4524073e-04
 3.3902608e-03  5.1140047e-04
 3.3942987e-03  5.1130553e-04
 6.1422134e-03  4.5888024e-04
 6.1548368e-03  4.5890884e-04
 1.0689347e-02  4.7235551e-04
 1.0718605e-02  4.7272346e-04
 1.6976370e-02  4.6708569e-04
 1.7028673e-02  4.6704183e-04
 1.6984023e-02  4.6374919e-04
 1.7035200e-02  4.6376272e-04
 1.0694833e-02  4.6711668e-04
 1.0723559e-02  4.6749726e-04
 6.1457408e-03  4.5215440e-04
 6.1581704e-03  4.5217988e-04
 3.3919818e-03  4.9566447e-04
 3.3959770e-03  4.9556250e-04
 3.7006322e-03  5.2023496e-04
 3.7006385e-03  5.2023915e-04
 3.3919937e-03  5.2927171e-04
 3.3959776e-03  5.2917830e-04
 4.9290960e-03  4.8729232e-04
 4.9291414e-03  4.8730034e-04
 8.2804795e-03  4.7051043e-04
 8.2923396e-03  4.7062653e-04
 1.3408112e-02  5.0649159e-04
 1.3439426e-02  5.0679708e-04
 1.5488619e-02  5.0360328e-04
 1.5545911e-02  5.0393606e-04
 9.7848623e-03  4.8733066e-04
 9.8159522e-03  4.8780544e-04
 5.8392678e-03  4.7386315e-04
 5.8510840e-03  4.7389856e-04
 3.3919659e-03  5.2927179e-04
 3.3959856e-03  5.2918010e-04
 2.4681498e-03  5.6477311e-04
 2.4721361e-03  5.6462863e-04
 3.3902954e-03  5.2189046e-04
 3.3942642e-03  5.2179173e-04
 6.1422456e-03  4.7133472e-04
 6.1548085e-03  4.7134709e-04
 1.0689381e-02  4.9378912e-04
 1.0718579e-02  4.9416298e-04
 1.6976408e-02  4.8556673e-04
 1.7028646e-02  4.8552595e-04
 1.6983988e-02  4.7661148e-04
 1.7035217e-02  4.7662873e-04
 1.0694803e-02  4.9317940e-04
 1.0723575e-02  4.9361541e-04
 6.1457151e-03  4.7319411e-04
 6.1581852e-03  4.7324365e-04
 4.9290649e-03  4.8729475e-04
 4.9291348e-03  4.8729228e-04
 3.3902652e-03  5.2266213e-04
 3.3942764e-03  5.2255977e-04
 3.6972156e-03  5.0529358e-04
 3.6972652e-03  5.0529492e-04
 5.8341131e-03  4.6670163e-04
 5.8460565e-03  4.6667927e-04
 9.7777873e-03  4.7764713e-04
 9.8093618e-03  4.7800728e-04
 1.5479422e-02  4.9755910e-04
 1.5537820e-02  4.9778599e-04
 1.3411731e-02  4.9842648e-04
 1.3442881e-02  4.9876401e-04
 8.2822087e-03  4.6877022e-04
 8.2940569e-03  4.6891788e-04
 8.2804995e-03  4.7654085e-04
 8.2922668e-03  4.7665483e-04
 6.1422290e-03  4.7464901e-04
 6.1547916e-03  4.7465978e-04
 5.8340870e-03  4.6687277e-04
 5.8460667e-03  4.6683930e-04
 7.3590523e-03  4.6196033e-04
 7.3709508e-03  4.6202833e-04
 1.0689378e-02  4.8452241e-04
 1.0718563e-02  4.8485450e-04
 1.5785722e-02  4.9333177e-04
 1.5845207e-02  4.9350422e-04
 1.7893764e-02  4.4220292e-04
 1.7948394e-02  4.4194802e-04
 1.2213606e-02  4.9421127e-04
 1.2239903e-02  4.9451102e-04
 1.3408141e-02  5.1258722e-04
 1.3439332e-02  5.1288036e-04
 1.0689373e-02  4.9715043e-04
 1.0718540e-02  4.9752289e-04
 9.7777562e-03  4.7636292e-04
 9.8093636e-03  4.7670827e-04
 1.0689346e-02  4.8297113e-04
 1.0718582e-02  4.8329407e-04
 1.3408109e-02  5.0315714e-04
 1.3439392e-02  5.0342921e-04
 1.7891982e-02  4.5208346e-04
 1.7946554e-02  4.5179573e-04
 1.7891976e-02  4.5190194e-04
 1.7946518e-02  4.5162659e-04
 1.6976408e-02  4.8703602e-04
 1.7028590e-02  4.8698042e-04
 1.5479387e-02  4.9356531e-04
 1.5537814e-02  4.9376467e-04
 1.5785674e-02  4.8973257e-04
 1.5845229e-02  4.8986012e-04
 1.7891941e-02  4.5294886e-04
 1.7946583e-02  4.5265309e-04
 1.5488620e-02  5.0358584e-04
 1.5545973e-02  5.0391187e-04
 1.6984003e-02  4.7921201e-04
 1.7035285e-02  4.7921283e-04
 1.7904018e-02  4.4109796e-04
 1.7957950e-02  4.4087406e-04
 1.5796364e-02  4.8863239e-04
 1.5854960e-02  4.8887755e-04
 9.7848641e-03  4.8813403e-04
 9.8159923e-03  4.8859287e-04
 1.0694817e-02  4.9566346e-04
 1.0723623e-02  4.9609325e-04
 1.3411746e-02  4.9804972e-04
 1.3442946e-02  4.9837519e-04
 1.7893772e-02  4.4014491e-04
 1.7948480e-02  4.3986358e-04
 1.7904035e-02  4.3798321e-04
 1.7957913e-02  4.3777132e-04
 1.3418310e-02  4.9736765e-04
 1.3449308e-02  4.9772607e-04
 1.0697989e-02  4.8564091e-04
 1.0726851e-02  4.8604797e-04
 5.8392708e-03  4.7651871e-04
 5.8511018e-03  4.7653358e-04
 6.1457325e-03  4.7461521e-04
 6.1582085e-03  4.7465627e-04
 8.2822144e-03  4.6342129e-04
 8.2941097e-03  4.6355669e-04
 1.2213593e-02  4.8922462e-04
 1.2239989e-02  4.8950982e-04
 1.7891952e-02  4.5214218e-04
 1.7946627e-02  4.5186621e-04
 1.5796377e-02  4.8208201e-04
 1.5854906e-02  4.8236074e-04
 1.0697998e-02  4.8129706e-04
 1.0726820e-02  4.8171681e-04
 7.3658561e-03  4.6688571e-04
 7.3776639e-03  4.6699488e-04
 8.2819018e-03  4.8762991e-04
 8.2819136e-03  4.8763954e-04
 7.3658751e-03  4.8310008e-04
 7.3776630e-03  4.8320529e-04
 8.2848015e-03  4.7443063e-04
 8.2965661e-03  4.7454024e-04
 1.1026927e-02  4.9044474e-04
 1.1027028e-02  4.9045549e-04
 1.5534778e-02  4.9499923e-04
 1.5558193e-02  4.9503537e-04
 1.5492350e-02  5.0889193e-04
 1.5549826e-02  5.0924310e-04
 1.0998009e-02  5.0225043e-04
 1.1021316e-02  5.0261043e-04
 7.3658395e-03  4.8309943e-04
 7.3776698e-03  4.8320928e-04
 5.8392771e-03  4.8547491e-04
 5.8510884e-03  4.8548148e-04
 6.1457577e-03  4.7203739e-04
 6.1581799e-03  4.7203401e-04
 8.2822688e-03  4.7444606e-04
 8.2940556e-03  4.7457042e-04
 1.2213639e-02  5.0689487e-04
 1.2239947e-02  5.0718165e-04
 1.7891991e-02  4.6133459e-04
 1.7946595e-02  4.6105544e-04
 1.5796350e-02  5.0263594e-04
 1.5854916e-02  5.0292880e-04
 1.0697974e-02  4.9973676e-04
 1.0726831e-02  5.0017204e-04
 8.2847380e-03  4.7442855e-04
 8.2965730e-03  4.7454280e-04
 6.1457182e-03  4.7259779e-04
 6.1581915e-03  4.7259686e-04
 5.8368142e-03  4.6279760e-04
 5.8485797e-03  4.6274276e-04
 7.3608839e-03  4.6088920e-04
 7.3726855e-03  4.6095564e-04
 1.0690283e-02  4.8379720e-04
 1.0719496e-02  4.8412625e-04
 1.5785730e-02  4.9140218e-04
 1.5845228e-02  4.9156090e-04
 1.7900145e-02  4.4024032e-04
 1.7954007e-02  4.4000653e-04
 1.2218852e-02  4.9581199e-04
 1.2244894e-02  4.9611998e-04
 1.1026925e-02  4.9637021e-04
 1.1026948e-02  4.9636985e-04
 8.2822112e-03  4.7765982e-04
 8.2940593e-03  4.7778795e-04
 7.3608407e-03  4.6125762e-04
 7.3727025e-03  4.6131761e-04
 8.2743802e-03  4.6789630e-04
 8.2745650e-03  4.6789782e-04
 1.0987921e-02  4.9114487e-04
 1.1011584e-02  4.9138941e-04
 1.5479426e-02  4.9830783e-04
 1.5537822e-02  4.9850075e-04
 1.5537420e-02  4.8740429e-04
 1.5560684e-02  4.8747027e-04
 1.5534792e-02  5.0081969e-04
 1.5558075e-02  5.0084685e-04
 1.2213609e-02  5.1018410e-04
 1.2239900e-02  5.1046747e-04
 1.0690239e-02  4.8289488e-04
 1.0719490e-02  4.8320817e-04
 1.0987881e-02  4.8981294e-04
 1.1011600e-02  4.9004677e-04
 1.3095877e-02  5.1032925e-04
 1.3119493e-02  5.1052863e-04
 1.6976411e-02  4.8250325e-04
 1.7028628e-02  4.8242644e-04
 1.7891977e-02  4.6284190e-04
 1.7946512e-02  4.6254706e-04
 1.5785689e-02  4.8780505e-04
 1.5845198e-02  4.8793544e-04
 1.5479376e-02  4.9499127e-04
 1.5537826e-02  4.9513743e-04
 1.6976370e-02  4.8332276e-04
 1.7028646e-02  4.8323866e-04
 1.5492363e-02  5.0888352e-04
 1.5549868e-02  5.0922628e-04
 1.5796382e-02  5.0521563e-04
 1.5854969e-02  5.0549940e-04
 1.7900189e-02  4.3984912e-04
 1.7954076e-02  4.3959971e-04
 1.6991539e-02  4.7898736e-04
 1.7043044e-02  4.7898671e-04
 1.0998019e-02  5.0377992e-04
 1.1021334e-02  5.0411789e-04
 1.0698007e-02  5.0055211e-04
 1.0726855e-02  5.0097661e-04
 1.2218900e-02  4.8900739e-04
 1.2244932e-02  4.8928976e-04
 1.5537443e-02  4.8038041e-04
 1.5560772e-02  4.8040567e-04
 1.6991541e-02  4.7456410e-04
 1.7043015e-02  4.7459367e-04
 1.3108378e-02  5.1353787e-04
 1.3131628e-02  5.1383358e-04
 1.4614945e-02  5.2255990e-04
 1.4614965e-02  5.2257850e-04
 1.3108406e-02  5.2245452e-04
 1.3131622e-02  5.2271524e-04
 1.3418352e-02  5.0239286e-04
 1.3449312e-02  5.0264626e-04
 1.5540888e-02  4.8636202e-04
 1.5563934e-02  4.8636743e-04
 1.7881154e-02  4.6921646e-04
 1.7919321e-02  4.6901908e-04
 1.3108363e-02  5.2245313e-04
 1.3131630e-02  5.2272183e-04
 1.0998025e-02  5.0879024e-04
 1.1021317e-02  5.0911147e-04
 1.0698027e-02  4.8777399e-04
 1.0726828e-02  4.8809375e-04
 1.2218940e-02  5.0033510e-04
 1.2244889e-02  5.0059188e-04
 1.5537513e-02  5.0057985e-04
 1.5560702e-02  5.0063150e-04
 1.6991517e-02  4.9179096e-04
 1.7043022e-02  4.9177443e-04
 1.3418276e-02  5.0239218e-04
 1.3449315e-02  5.0265301e-04
 1.0697982e-02  4.8825954e-04
 1.0726837e-02  4.8858359e-04
 9.7848777e-03  4.6381475e-04
 9.8159647e-03  4.6408433e-04
 1.0694855e-02  4.7524247e-04
 1.0723578e-02  4.7551483e-04
 1.3411808e-02  4.9650644e-04
 1.3442884e-02  4.9675256e-04
 1.7893833e-02  4.4264629e-04
 1.7948427e-02  4.4230424e-04
 1.7903987e-02  4.4543871e-04
 1.7957927e-02  4.4516553e-04
 1.5540779e-02  4.9192360e-04
 1.5563935e-02  4.9192465e-04
 1.2218856e-02  5.0347488e-04
 1.2244901e-02  5.0373665e-04
 1.0694810e-02  4.7563130e-04
 1.0723587e-02  4.7590515e-04
 1.0991740e-02  4.8459343e-04
 1.1014821e-02  4.8480350e-04
 1.3098794e-02  5.0496832e-04
 1.3122023e-02  5.0515280e-04
 1.6978290e-02  4.7454257e-04
 1.7030491e-02  4.7438457e-04
 1.5537422e-02  5.0364783e-04
 1.5560687e-02  5.0369523e-04
 1.3411735e-02  4.9580866e-04
 1.3442887e-02  4.9604287e-04
 1.3098738e-02  5.0376795e-04
 1.3122045e-02  5.0393951e-04
 1.4601983e-02  5.1618361e-04
 1.4602471e-02  5.1613372e-04
 1.7864908e-02  4.6546361e-04
 1.7903765e-02  4.6520376e-04
 1.7893768e-02  4.3920408e-04
 1.7948392e-02  4.3883569e-04
 1.6978224e-02  4.7132916e-04
 1.7030491e-02  4.7112159e-04
 1.7864854e-02  4.6620660e-04
 1.7903787e-02  4.6593757e-04
 1.7881171e-02  4.6951984e-04
 1.7919337e-02  4.6931214e-04
 1.6991564e-02  4.9205078e-04
 1.7043045e-02  4.9202371e-04
 1.7904060e-02  4.3762354e-04
 1.7957961e-02  4.3733167e-04
 1.7881180e-02  4.7141525e-04
 1.7919315e-02  4.7116682e-04
 1.6991582e-02  4.6967602e-04
 1.7043017e-02  4.6950320e-04
 1.7904089e-02  4.4740133e-04
 1.7957925e-02  4.4699678e-04
 1.6991531e-02  4.6967680e-04
 1.7043025e-02  4.6950723e-04
 1.5492375e-02  4.7016629e-04
 1.5549835e-02  4.7019596e-04
 1.5796413e-02  4.7277951e-04
 1.5854924e-02  4.7275941e-04
 1.7900243e-02  4.4011530e-04
 1.7954015e-02  4.3975277e-04
 1.7903994e-02  4.5041661e-04
 1.7957933e-02  4.5001723e-04
 1.5796365e-02  4.7275603e-04
 1.5854929e-02  4.7273632e-04
 1.5488641e-02  4.8412430e-04
 1.5545931e-02  4.8411868e-04
 1.6984051e-02  4.7476903e-04
 1.7035228e-02  4.7458003e-04
 1.7900152e-02  4.3963876e-04
 1.7954019e-02  4.3927436e-04
 1.6984000e-02  4.7432683e-04
 1.7035235e-02  4.7413271e-04
 1.7870016e-02  4.7118500e-04
 1.7907624e-02  4.7095507e-04
 1.7870016e-02  4.6868346e-04
 1.7907624e-02  4.6845097e-04
 1.6984000e-02  4.7966836e-04
 1.7035235e-02  4.7956551e-04
 1.7900152e-02  4.5262668e-04
 1.7954019e-02  4.5233673e-04
 1.6984051e-02  4.8006145e-04
 1.7035228e-02  4.7996271e-04
 1.5488641e-02  4.9526578e-04
 1.5545931e-02  4.9543136e-04
 1.5796365e-02  4.9130112e-04
 1.5854929e-02  4.9146308e-04
 1.7903994e-02  4.3969666e-04
 1.7957933e-02  4.3941702e-04
 1.7900243e-02  4.5253722e-04
 1.7954015e-02  4.5224770e-04
 1.5796413e-02  4.9093159e-04
 1.5854924e-02  4.9109119e-04
 1.5492375e-02  4.9432730e-04
 1.5549835e-02  4.9457057e-04
 1.6991531e-02  4.6586452e-04
 1.7043025e-02  4.6582218e-04
 1.7904089e-02  4.3933391e-04
 1.7957925e-02  4.3904857e-04
 1.6991582e-02  4.6591266e-04
 1.7043017e-02  4.6586613e-04
 1.7881180e-02  4.4260765e-04
 1.7919315e-02  4.4239370e-04
 1.4614945e-02  5.2255990e-04
 1.4614965e-02  5.2257850e-04
 1.7881154e-02  4.7140324e-04
 1.7919321e-02  4.7119740e-04
 1.5540888e-02  4.8903433e-04
 1.5563934e-02  4.8904982e-04
 1.3418352e-02  5.0521477e-04
 1.3449312e-02  5.0551835e-04
 1.3108406e-02  4.9902784e-04
 1.3131622e-02  4.9929430e-04
 1.7881171e-02  4.7140243e-04
 1.7919337e-02  4.7118690e-04
 1.7904060e-02  4.5260437e-04
 1.7957961e-02  4.5233472e-04
 1.6991564e-02  4.7754606e-04
 1.7043045e-02  4.7755255e-04
 1.7864854e-02  4.6565156e-04
 1.7903787e-02  4.6538855e-04
 1.6978224e-02  4.7818592e-04
 1.7030491e-02  4.7807129e-04
 1.7893768e-02  4.5446892e-04
 1.7948392e-02  4.5417936e-04
 1.7864908e-02  4.6574004e-04
 1.7903765e-02  4.6549239e-04
 1.4601983e-02  5.1064894e-04
 1.4602471e-02  5.1059373e-04
 1.3098738e-02  5.0323600e-04
 1.3122045e-02  5.0345439e-04
 1.3411735e-02  5.0256505e-04
 1.3442887e-02  5.0286377e-04
 1.5537422e-02  4.8291362e-04
 1.5560687e-02  4.8298010e-04
 1.5540779e-02  4.9472510e-04
 1.5563935e-02  4.9476161e-04
 1.6978290e-02  4.8158248e-04
 1.7030491e-02  4.8149671e-04
 1.3098794e-02  5.0382259e-04
 1.3122023e-02  5.0404222e-04
 1.0991740e-02  4.8587775e-04
 1.1014821e-02  4.8614677e-04
 1.0694810e-02  4.8312613e-04
 1.0723587e-02  4.8348690e-04
 1.2218856e-02  4.8703418e-04
 1.2244901e-02  4.8731885e-04
 1.3418276e-02  5.1106620e-04
 1.3449315e-02  5.1138004e-04
 1.7903987e-02  4.5780405e-04
 1.7957927e-02  4.5753861e-04
 1.7893833e-02  4.5792542e-04
 1.7948427e-02  4.5764130e-04
 1.3411808e-02  5.0150219e-04
 1.3442884e-02  5.0179339e-04
 1.0694855e-02  4.8165707e-04
 1.0723578e-02  4.8201177e-04
 9.7848777e-03  4.7581300e-04
 9.8159647e-03  4.7620428e-04
 1.0697982e-02  4.7903934e-04
 1.0726837e-02  4.7941410e-04
 1.3108363e-02  5.0813432e-04
 1.3131630e-02  5.0840573e-04
 1.6991517e-02  4.8162924e-04
 1.7043022e-02  4.8163232e-04
 1.5537513e-02  4.7848356e-04
 1.5560702e-02  4.7853032e-04
 1.2218940e-02  4.8205104e-04
 1.2244889e-02  4.8232156e-04
 1.0698027e-02  4.7685440e-04
 1.0726828e-02  4.7721634e-04
 1.0998025e-02  4.7998084e-04
 1.1021317e-02  4.8027258e-04
 8.2819018e-03  4.8762991e-04
 8.2819136e-03  4.8763954e-04
 1.0998009e-02  5.0878348e-04
 1.1021316e-02  5.0913483e-04
 1.5492350e-02  5.0670675e-04
 1.5549826e-02  5.0691815e-04
 1.5534778e-02  4.9345091e-04
 1.5558193e-02  4.9347385e-04
 1.1026927e-02  4.8764308e-04
 1.1027028e-02  4.8764991e-04
 8.2848015e-03  4.7090075e-04
 8.2965661e-03  4.7102442e-04
 7.3658751e-03  4.6306124e-04
 7.3776630e-03  4.6315686e-04
 1.0998019e-02  5.0878164e-04
 1.1021334e-02  5.0912638e-04
 1.3108378e-02  5.2244320e-04
 1.3131628e-02  5.2273911e-04
 1.6991541e-02  4.8066928e-04
 1.7043015e-02  4.8055134e-04
 1.5537443e-02  4.8344883e-04
 1.5560772e-02  4.8352034e-04
 1.2218900e-02  4.9967816e-04
 1.2244932e-02  4.9999421e-04
 1.0698007e-02  4.9097457e-04
 1.0726855e-02  4.9139971e-04
 1.5492363e-02  5.0669879e-04
 1.5549868e-02  5.0690176e-04
 1.6991539e-02  4.8172138e-04
 1.7043044e-02  4.8158920e-04
 1.7900189e-02  4.3955835e-04
 1.7954076e-02  4.3922479e-04
 1.5796382e-02  4.9162121e-04
 1.5854969e-02  4.9179020e-04
 1.6976370e-02  4.8055130e-04
 1.7028646e-02  4.8044794e-04
 1.5479376e-02  4.9746929e-04
 1.5537826e-02  4.9766758e-04
 1.5785689e-02  4.9987009e-04
 1.5845198e-02  5.0007855e-04
 1.7891977e-02  4.5578906e-04
 1.7946512e-02  4.5555173e-04
 1.5534792e-02  4.9343988e-04
 1.5558075e-02  4.9345626e-04
 1.6976411e-02  4.8069622e-04
 1.7028628e-02  4.8060443e-04
 1.3095877e-02  4.9757965e-04
 1.3119493e-02  4.9774498e-04
 1.0987881e-02  4.8044311e-04
 1.1011600e-02  4.8067470e-04
 1.0690239e-02  4.8095820e-04
 1.0719490e-02  4.8130046e-04
 1.2213609e-02  4.8896706e-04
 1.2239900e-02  4.8924919e-04
 1.1026925e-02  4.9231522e-04
 1.1026948e-02  4.9232630e-04
 1.5537420e-02  4.8873003e-04
 1.5560684e-02  4.8880068e-04
 1.5479426e-02  5.0096314e-04
 1.5537822e-02  5.0118692e-04
 1.0987921e-02  4.8096739e-04
 1.1011584e-02  4.8119742e-04
 8.2743802e-03  4.5892836e-04
 8.2745650e-03  4.5890920e-04
 7.3608407e-03  4.5821182e-04
 7.3727025e-03  4.5830255e-04
 8.2822112e-03  4.5909702e-04
 8.2940593e-03  4.5922099e-04
 8.2847380e-03  4.7638981e-04
 8.2965730e-03  4.7652378e-04
 1.2218852e-02  5.0422882e-04
 1.2244894e-02  5.0455271e-04
 1.7900145e-02  4.4073629e-04
 1.7954007e-02  4.4038910e-04
 1.5785730e-02  5.0318996e-04
 1.5845228e-02  5.0340115e-04
 1.0690283e-02  4.7934329e-04
 1.0719496e-02  4.7967392e-04
 7.3608839e-03  4.5604057e-04
 7.3726855e-03  4.5612682e-04
 5.8368142e-03  4.6314117e-04
 5.8485798e-03  4.6314000e-04
 6.1457182e-03  4.6053327e-04
 6.1581915e-03  4.6055183e-04
 7.3658395e-03  4.7200775e-04
 7.3776698e-03  4.7211139e-04
 1.0697974e-02  4.9492689e-04
 1.0726831e-02  4.9535745e-04
 1.5796350e-02  4.9040868e-04
 1.5854916e-02  4.9057891e-04
 1.7891991e-02  4.5925044e-04
 1.7946595e-02  4.5900223e-04
 1.2213639e-02  4.8304650e-04
 1.2239947e-02  4.8330816e-04
 8.2822688e-03  4.5221681e-04
 8.2940556e-03  4.5232561e-04
 6.1457577e-03  4.5709218e-04
 6.1581799e-03  4.5710639e-04
 5.8392771e-03  4.6291471e-04
 5.8510884e-03  4.6290744e-04
 3.7006322e-03  5.2023496e-04
 3.7006385e-03  5.2023915e-04
 5.8392678e-03  4.8547339e-04
 5.8510840e-03  4.8549785e-04
 9.7848623e-03  4.8357713e-04
 9.8159522e-03  4.8396151e-04
 1.5488619e-02  4.9391665e-04
 1.5545911e-02  4.9413071e-04
 1.3408112e-02  4.9790970e-04
 1.3439426e-02  4.9819118e-04
 8.2804795e-03  4.5979857e-04
 8.2923396e-03  4.5991997e-04
 4.9290960e-03  4.7615850e-04
 4.9291414e-03  4.7616800e-04
 3.3919937e-03  5.1222111e-04
 3.3959776e-03  5.1211666e-04
 5.8392708e-03  4.8547036e-04
 5.8511018e-03  4.8549085e-04
 7.3658561e-03  4.8309412e-04
 7.3776639e-03  4.8322030e-04
 1.0697998e-02  4.8956780e-04
 1.0726820e-02  4.8992569e-04
 1.5796377e-02  4.9111078e-04
 1.5854906e-02  4.9124802e-04
 1.7891952e-02  4.4285573e-04
 1.7946627e-02  4.4259422e-04
 1.2213593e-02  4.8592454e-04
 1.2239989e-02  4.8624186e-04
 8.2822144e-03  4.6961480e-04
 8.2941097e-03  4.6977263e-04
 6.1457325e-03  4.7352429e-04
 6.1582085e-03  4.7356772e-04
 9.7848641e-03  4.8356847e-04
 9.8159923e-03  4.8394799e-04
 1.0697989e-02  4.9077923e-04
 1.0726851e-02  4.9112708e-04
 1.3418310e-02  4.8669961e-04
 1.3449308e-02  4.8690170e-04
 1.7904035e-02  4.2882932e-04
 1.7957913e-02  4.2844052e-04
 1.7893772e-02  4.2138741e-04
 1.7948480e-02  4.2108461e-04
 1.3411746e-02  4.8711022e-04
 1.3442946e-02  4.8738878e-04
 1.0694817e-02  4.8310824e-04
 1.0723623e-02  4.8345512e-04
 1.5488620e-02  4.9982297e-04
 1.5545973e-02  5.0001635e-04
 1.5796364e-02  4.9605881e-04
 1.5854960e-02  4.9620011e-04
 1.7904018e-02  4.2726612e-04
 1.7957950e-02  4.2686718e-04
 1.6984003e-02  4.6892149e-04
 1.7035285e-02  4.6879086e-04
 1.7891941e-02  4.4424969e-04
 1.7946583e-02  4.4392605e-04
 1.5785674e-02  4.8470642e-04
 1.5845229e-02  4.8487490e-04
 1.5479387e-02  4.9993412e-04
 1.5537814e-02  5.0019690e-04
 1.6976408e-02  4.8511776e-04
 1.7028590e-02  4.8509003e-04
 1.3408141e-02  4.9789329e-04
 1.3439332e-02  4.9817042e-04
 1.7891976e-02  4.4385518e-04
 1.7946518e-02  4.4357330e-04
 1.7891982e-02  4.4439894e-04
 1.7946554e-02  4.4408526e-04
 1.3408109e-02  4.7549786e-04
 1.3439392e-02  4.7571047e-04
 1.0689346e-02  4.5810285e-04
 1.0718582e-02  4.5839724e-04
 9.7777562e-03  4.6095536e-04
 9.8093636e-03  4.6130525e-04
 1.0689373e-02  4.7368078e-04
 1.0718540e-02  4.7403132e-04
 8.2804995e-03  4.6344747e-04
 8.2922668e-03  4.6355618e-04
 1.2213606e-02  4.8988943e-04
 1.2239903e-02  4.9020156e-04
 1.7893764e-02  4.2200494e-04
 1.7948394e-02  4.2165715e-04
 1.5785722e-02  4.8826221e-04
 1.5845207e-02  4.8845275e-04
 1.0689378e-02  4.5854180e-04
 1.0718563e-02  4.5883478e-04
 7.3590523e-03  4.3670261e-04
 7.3709508e-03  4.3674901e-04
 5.8340870e-03  4.4861364e-04
 5.8460667e-03  4.4858788e-04
 6.1422290e-03  4.5169186e-04
 6.1547916e-03  4.5169463e-04
 4.9290649e-03  4.8121559e-04
 4.9291348e-03  4.8122146e-04
 8.2822087e-03  4.7308339e-04
 8.2940569e-03  4.7324137e-04
 1.3411731e-02  4.8714587e-04
 1.3442881e-02  4.8740979e-04
 1.5479422e-02  5.0313646e-04
 1.5537820e-02  5.0340183e-04
 9.7777873e-03  4.5885242e-04
 9.8093618e-03  4.5919371e-04
 5.8341131e-03  4.4595335e-04
 5.8460565e-03  4.4592672e-04
 3.6972156e-03  4.8980588e-04
 3.6972652e-03  4.8980030e-04
 3.3902652e-03  5.0568685e-04
 3.3942764e-03  5.0558508e-04
 3.3919659e-03  5.2149837e-04
 3.3959856e-03  5.2140399e-04
 6.1457151e-03  4.7698997e-04
 6.1581852e-03  4.7703731e-04
 1.0694803e-02  4.8165788e-04
 1.0723575e-02  4.8201731e-04
 1.6983988e-02  4.6836234e-04
 1.7035217e-02  4.6823141e-04
 1.6976408e-02  4.8855354e-04
 1.7028646e-02  4.8851470e-04
 1.0689381e-02  4.6763129e-04
 1.0718579e-02  4.6797851e-04
 6.1422456e-03  4.4417134e-04
 6.1548085e-03  4.4417152e-04
 3.3902954e-03  5.0127095e-04
 3.3942642e-03  5.0117175e-04
 2.4681498e-03  5.4814938e-04
 2.4721361e-03  5.4800003e-04
 9.2816946e-04  6.5459338e-04
 9.2817223e-04  6.5459466e-04
 2.4681464e-03  5.6477481e-04
 2.4721316e-03  5.6464146e-04
 5.8368077e-03  4.6744325e-04
 5.8485688e-03  4.6741700e-04
 1.0991730e-02  4.8807434e-04
 1.1014803e-02  4.8831993e-04
 1.7870002e-02  4.6629213e-04
 1.7907599e-02  4.6610121e-04
 1.3095869e-02  4.8428544e-04
 1.3119510e-02  4.8453760e-04
 7.3590486e-03  4.4246156e-04
 7.3709647e-03  4.4255340e-04
 3.3894193e-03  5.0308806e-04
 3.3933894e-03  5.0299302e-04
 1.2365776e-03  6.2322382e-04
 1.2366095e-03  6.2322121e-04
 2.4681418e-03  5.6477095e-04
 2.4721477e-03  5.6463438e-04
 3.3919818e-03  5.2926862e-04
 3.3959770e-03  5.2918800e-04
 6.1457408e-03  4.6438187e-04
 6.1581704e-03  4.6438724e-04
 1.0694833e-02  4.8682193e-04
 1.0723559e-02  4.8715834e-04
 1.6984023e-02  4.8945083e-04
 1.7035200e-02  4.8942116e-04
 1.6976370e-02  4.5598814e-04
 1.7028673e-02  4.5599370e-04
 1.0689347e-02  4.6381646e-04
 1.0718605e-02  4.6425438e-04
 6.1422134e-03  4.6080074e-04
 6.1548368e-03  4.6084511e-04
 3.3902608e-03  5.2580424e-04
 3.3942987e-03  5.2572374e-04
 5.8367973e-03  4.6743387e-04
 5.8486037e-03  4.6740468e-04
 6.1457208e-03  4.6538987e-04
 6.1582032e-03  4.6538920e-04
 8.2847717e-03  4.4567535e-04
 8.2965607e-03  4.4572480e-04
 1.2218902e-02  4.7350988e-04
 1.2244872e-02  4.7369286e-04
 1.7900200e-02  4.3921931e-04
 1.7953986e-02  4.3891441e-04
 1.5785683e-02  4.5011463e-04
 1.5845260e-02  4.5035649e-04
 1.0690239e-02  4.6191465e-04
 1.0719532e-02  4.6228224e-04
 7.3608391e-03  4.6241007e-04
 7.3727299e-03  4.6248548e-04
 1.0991714e-02  4.9404839e-04
 1.1014857e-02  4.9428480e-04
 1.0694805e-02  4.9137892e-04
 1.0723613e-02  4.9171925e-04
 1.2218870e-02  4.7282764e-04
 1.2244918e-02  4.7299666e-04
 1.5540833e-02  4.6542222e-04
 1.5563923e-02  4.6531156e-04
 1.6978239e-02  4.5250153e-04
 1.7030531e-02  4.5236440e-04
 1.3098740e-02  5.0402832e-04
 1.3122076e-02  5.0418389e-04
 1.7869982e-02  4.7135581e-04
 1.7907672e-02  4.7114579e-04
 1.6983990e-02  4.9411265e-04
 1.7035272e-02  4.9407995e-04
 1.7900158e-02  4.3612643e-04
 1.7954054e-02  4.3580295e-04
 1.7893754e-02  4.3119706e-04
 1.7948440e-02  4.3102024e-04
 1.6978229e-02  4.7340040e-04
 1.7030502e-02  4.7339296e-04
 1.7864888e-02  4.6810242e-04
 1.7903753e-02  4.6786415e-04
 1.3095914e-02  4.8426453e-04
 1.3119442e-02  4.8451493e-04
 1.6976408e-02  4.5682347e-04
 1.7028601e-02  4.5681338e-04
 1.5534766e-02  4.3653370e-04
 1.5558142e-02  4.3656473e-04
 1.2213583e-02  4.4140624e-04
 1.2239954e-02  4.4168633e-04
 1.0690234e-02  4.4874626e-04
 1.0719509e-02  4.4911197e-04
 1.0987904e-02  4.6782009e-04
 1.1011577e-02  4.6811136e-04
 7.3590805e-03  4.4496329e-04
 7.3709114e-03  4.4505298e-04
 1.0689370e-02  4.6675960e-04
 1.0718549e-02  4.6719784e-04
 1.5785687e-02  4.5038383e-04
 1.5845209e-02  4.5058568e-04
 1.7893813e-02  4.3481502e-04
 1.7948388e-02  4.3466000e-04
 1.2213625e-02  4.4180458e-04
 1.2239915e-02  4.4208477e-04
 8.2804754e-03  4.1172777e-04
 8.2923126e-03  4.1181955e-04
 6.1422127e-03  4.2512080e-04
 6.1548188e-03  4.2512713e-04
 5.8340988e-03  4.4350393e-04
 5.8460548e-03  4.4348849e-04
 3.3894397e-03  5.0750373e-04
 3.3933521e-03  5.0740354e-04
 6.1422251e-03  4.6357218e-04
 6.1547969e-03  4.6361462e-04
 1.0690234e-02  4.6130931e-04
 1.0719495e-02  4.6165361e-04
 1.6978219e-02  4.5154457e-04
 1.7030494e-02  4.5137203e-04
 1.6978275e-02  4.7665442e-04
 1.7030467e-02  4.7665003e-04
 1.0690273e-02  4.4645404e-04
 1.0719479e-02  4.4681407e-04
 6.1422405e-03  4.2245312e-04
 6.1547963e-03  4.2246025e-04
 3.3894205e-03  4.8330467e-04
 3.3933788e-03  4.8319824e-04
 2.4664099e-03  5.3906300e-04
 2.4704119e-03  5.3890671e-04
 1.2365626e-03  6.3306227e-04
 1.2366149e-03  6.3306270e-04
 3.3902634e-03  5.2932179e-04
 3.3942749e-03  5.2923979e-04
 7.3608369e-03  4.6055038e-04
 7.3726978e-03  4.6062293e-04
 1.3098732e-02  5.0286186e-04
 1.3122036e-02  5.0300986e-04
 1.7864897e-02  4.7140145e-04
 1.7903760e-02  4.7115535e-04
 1.0987915e-02  4.6243293e-04
 1.1011581e-02  4.6273060e-04
 5.8341110e-03  4.3673304e-04
 5.8460551e-03  4.3672292e-04
 2.4664218e-03  5.3475266e-04
 2.4704074e-03  5.3460104e-04
 9.2729150e-04  6.5465367e-04
 9.2732491e-04  6.5465303e-04
