E(eV) ImSigma(eV) N_States
 1.4299998e+00  7.3127715e-04 2
 1.4309046e+00  6.4425171e-04 16
 1.4312665e+00  6.2006212e-04 12
 1.4324428e+00  5.4880928e-04 24
 1.4333476e+00  5.1400859e-04 24
 1.4334381e+00  5.1391353e-04 24
 1.4337096e+00  5.1089621e-04 16
 1.4348859e+00  4.8158047e-04 12
 1.4357907e+00  4.5874698e-04 12
 1.4358812e+00  4.6839789e-04 36
 1.4361526e+00  4.6097679e-04 48
 1.4373289e+00  4.5982453e-04 42
 1.4374194e+00  4.7531633e-04 6
 1.4382337e+00  4.6841259e-04 12
 1.4383242e+00  4.6559379e-04 52
 1.4397719e+00  4.7677852e-04 24
 1.4406768e+00  4.7813688e-04 72
 1.4407673e+00  4.8593195e-04 24
 1.4409482e+00  4.8434081e-04 18
 1.4410387e+00  4.9005130e-04 42
 1.4422150e+00  4.8690069e-04 48
 1.4431198e+00  5.0381644e-04 48
 1.4433913e+00  4.9845048e-04 24
 1.4434818e+00  4.9873706e-04 24
 1.4445675e+00  5.1150813e-04 12
 1.4446580e+00  5.2256920e-04 4
 1.4454724e+00  4.9738171e-04 24
 1.4455629e+00  4.8878466e-04 72
 1.4457438e+00  4.8423545e-04 12
 1.4458343e+00  4.8794875e-04 36
 1.4470106e+00  4.7545501e-04 96
 1.4478249e+00  4.6345591e-04 18
 1.4479154e+00  4.4871270e-04 126
