E(eV) ImSigma(eV) N_States
 1.4299998e+00  1.2126671e-03 2
 1.4309046e+00  1.4918617e-03 16
 1.4312665e+00  1.5648793e-03 12
 1.4324428e+00  1.7387723e-03 24
 1.4333476e+00  1.7629956e-03 24
 1.4334381e+00  1.7634419e-03 24
 1.4337096e+00  1.7582131e-03 16
 1.4348859e+00  1.7124153e-03 12
 1.4357907e+00  1.6643335e-03 12
 1.4358812e+00  1.6642714e-03 36
 1.4361526e+00  1.6424076e-03 48
 1.4373289e+00  1.5382604e-03 42
 1.4374194e+00  1.5375447e-03 6
 1.4382337e+00  1.4642509e-03 12
 1.4383242e+00  1.4659966e-03 52
 1.4397719e+00  1.4222419e-03 24
 1.4406768e+00  1.3963702e-03 72
 1.4407673e+00  1.3959886e-03 24
 1.4409482e+00  1.3829267e-03 18
 1.4410387e+00  1.3798277e-03 42
 1.4422150e+00  1.2900564e-03 48
 1.4431198e+00  1.2128579e-03 48
 1.4433913e+00  1.1940291e-03 24
 1.4434818e+00  1.1920495e-03 24
 1.4445675e+00  1.1561740e-03 12
 1.4446580e+00  1.1558227e-03 4
 1.4454724e+00  1.1887557e-03 24
 1.4455629e+00  1.1625660e-03 72
 1.4457438e+00  1.1829874e-03 12
 1.4458343e+00  1.1819007e-03 36
 1.4470106e+00  1.0731947e-03 96
 1.4478249e+00  8.9158677e-04 18
 1.4479154e+00  8.6900914e-04 126
