0.000000000000000000e+00 -6.105899041504979687e-10 -6.105899041504979687e-10
1.000000020216089136e-01 -6.105826814787910245e-10 -6.105718507835147429e-10
2.000000040432176052e-01 -6.105737369051109810e-10 -6.105537979503170600e-10
3.000000060648267408e-01 -6.105635512050310329e-10 -6.105357456508891002e-10
4.000000080864356544e-01 -6.105524269027110097e-10 -6.105176938852150437e-10
5.000000101080446235e-01 -6.105405594009319730e-10 -6.104996426532793808e-10
6.000000121296534816e-01 -6.105280791098629689e-10 -6.104815919550659816e-10
7.000000141512624507e-01 -6.105150765891120383e-10 -6.104635417905592329e-10
8.000000161728713088e-01 -6.105016176379300198e-10 -6.104454921597433150e-10
9.000000181944802780e-01 -6.104877524092110292e-10 -6.104274430626025115e-10
1.000000020216089247e+00 -6.104735209461750181e-10 -6.104093944991210024e-10
1.100000022237695774e+00 -6.104589565647290476e-10 -6.103913464692829680e-10
1.200000024259304521e+00 -6.104440879320640136e-10 -6.103732989730725885e-10
1.300000026280913490e+00 -6.104289403531830262e-10 -6.103552520104742508e-10
1.400000028302522459e+00 -6.104135365752019990e-10 -6.103372055814721350e-10
1.500000030324131206e+00 -6.103978972977899847e-10 -6.103191596860503180e-10
1.600000032345740175e+00 -6.103820415047540353e-10 -6.103011143241931867e-10
1.700000034367349144e+00 -6.103659866869639644e-10 -6.102830694958849213e-10
1.800000036388957891e+00 -6.103497489995550236e-10 -6.102650252011095986e-10
1.900000038410566860e+00 -6.103333433794709912e-10 -6.102469814398517089e-10
2.000000040432175830e+00 -6.103167836390950212e-10 -6.102289382120953290e-10
2.100000042453785021e+00 -6.103000825454059675e-10 -6.102108955178246391e-10
2.200000044475393324e+00 -6.102832518901520446e-10 -6.101928533570240261e-10
2.300000046497002515e+00 -6.102663025542400142e-10 -6.101748117296775668e-10
2.400000048518611262e+00 -6.102492445680290003e-10 -6.101567706357695448e-10
2.500000050540210683e+00 -6.102320871684799842e-10 -6.101387300752841402e-10
2.600000052561836750e+00 -6.102148388535809799e-10 -6.101206900482056367e-10
2.700000054583438391e+00 -6.101975074342029869e-10 -6.101026505545182143e-10
2.800000056605039589e+00 -6.101801000834669564e-10 -6.100846115942061567e-10
2.900000058626665655e+00 -6.101626233835639715e-10 -6.100665731672537475e-10
3.000000060648267297e+00 -6.101450833700700009e-10 -6.100485352736450633e-10
3.100000062669868939e+00 -6.101274855736970136e-10 -6.100304979133643878e-10
3.200000064691495005e+00 -6.101098350595059924e-10 -6.100124610863960045e-10
3.300000066713096647e+00 -6.100921364636529850e-10 -6.099944247927241970e-10
3.400000068734698289e+00 -6.100743940276630230e-10 -6.099763890323330421e-10
3.500000070756299486e+00 -6.100566116303679782e-10 -6.099583538052068234e-10
3.600000072777925997e+00 -6.100387928175479601e-10 -6.099403191113298243e-10
3.700000074799527194e+00 -6.100209408294330031e-10 -6.099222849506862252e-10
3.800000076821128836e+00 -6.100030586261119869e-10 -6.099042513232604129e-10
3.900000078842754458e+00 -6.099851489110350090e-10 -6.098862182290363608e-10
4.000000080864356988e+00 -6.099672141526340249e-10 -6.098681856679984559e-10
4.100000082885958186e+00 -6.099492566042959513e-10 -6.098501536401309817e-10
4.200000084907560272e+00 -6.099312783226799599e-10 -6.098321221454180151e-10
4.300000086929185450e+00 -6.099132811845700421e-10 -6.098140911838439430e-10
4.400000088950786648e+00 -6.098952669023480426e-10 -6.097960607553929456e-10
4.500000090972389621e+00 -6.098772370381770150e-10 -6.097780308600492030e-10
4.600000092994014800e+00 -6.098591930170039842e-10 -6.097600014977971022e-10
4.700000095015615997e+00 -6.098411361384700030e-10 -6.097419726686207200e-10
4.800000097037218083e+00 -6.098230675878179762e-10 -6.097239443725044434e-10
4.900000099058819281e+00 -6.098049884458629783e-10 -6.097059166094323490e-10
5.000000101080445347e+00 -6.097868996981129543e-10 -6.096878893793888240e-10
5.100000103102047433e+00 -6.097688022431200382e-10 -6.096698626823579450e-10
5.200000105123648630e+00 -6.097506969000940267e-10 -6.096518365183240990e-10
5.300000107145274697e+00 -6.097325844158700318e-10 -6.096338108872714662e-10
5.400000109166876783e+00 -6.097144654712679491e-10 -6.096157857891843302e-10
5.500000111188477980e+00 -6.096963406868989546e-10 -6.095977612240468711e-10
5.600000113210079178e+00 -6.096782106284710423e-10 -6.095797371918433725e-10
5.700000115231706133e+00 -6.096600758116209989e-10 -6.095617136925581180e-10
5.800000117253307330e+00 -6.096419367063359944e-10 -6.095436907261751843e-10
5.900000119274908528e+00 -6.096237937409840204e-10 -6.095256682926790618e-10
6.000000121296534594e+00 -6.096056473059899832e-10 -6.095076463920538273e-10
6.100000123318135792e+00 -6.095874977571759631e-10 -6.094896250242836610e-10
6.200000125339737878e+00 -6.095693454188380158e-10 -6.094716041893529498e-10
6.300000127361339963e+00 -6.095511905865260164e-10 -6.094535838872459773e-10
6.400000129382966030e+00 -6.095330335295879636e-10 -6.094355641179468202e-10
6.500000131404567227e+00 -6.095148744934870158e-10 -6.094175448814398655e-10
6.600000133426169313e+00 -6.094967137019159716e-10 -6.093995261777092935e-10
6.700000135447793603e+00 -6.094785513587350441e-10 -6.093815080067393876e-10
6.800000137469396577e+00 -6.094603876497170046e-10 -6.093634903685143280e-10
6.900000139490998663e+00 -6.094422227441520170e-10 -6.093454732630185018e-10
7.000000141512622953e+00 -6.094240567963179509e-10 -6.093274566902358822e-10
7.100000143534225927e+00 -6.094058899467940479e-10 -6.093094406501510630e-10
7.200000145555826236e+00 -6.093877223236960060e-10 -6.092914251427480177e-10
7.300000147577452303e+00 -6.093695540437629978e-10 -6.092734101680112365e-10
7.400000149599054389e+00 -6.093513852133739655e-10 -6.092553957259247963e-10
7.500000151620655586e+00 -6.093332159294709615e-10 -6.092373818164729806e-10
7.600000153642281653e+00 -6.093150462803890170e-10 -6.092193684396400730e-10
7.700000155663883739e+00 -6.092968763466209739e-10 -6.092013555954102537e-10
7.800000157685484936e+00 -6.092787062015130406e-10 -6.091833432837679096e-10
7.900000159707087022e+00 -6.092605359119069940e-10 -6.091653315046971174e-10
8.000000161728713977e+00 -6.092423655387050408e-10 -6.091473202581823677e-10
8.100000163750314286e+00 -6.092241951374030384e-10 -6.091293095442076336e-10
8.200000165771916372e+00 -6.092060247585660206e-10 -6.091112993627574057e-10
8.300000167793541550e+00 -6.091878544482800452e-10 -6.090932897138158640e-10
8.400000169815143636e+00 -6.091696842485289742e-10 -6.090752805973671888e-10
8.500000171836745722e+00 -6.091515141975710484e-10 -6.090572720133956636e-10
8.600000173858370900e+00 -6.091333443302699661e-10 -6.090392639618855719e-10
8.700000175879972986e+00 -6.091151746783910137e-10 -6.090212564428211974e-10
8.800000177901573295e+00 -6.090970052708749662e-10 -6.090032494561867202e-10
8.900000179923200250e+00 -6.090788361340989588e-10 -6.089852430019665273e-10
9.000000181944802335e+00 -6.090606672920930020e-10 -6.089672370801447989e-10
9.100000183966402645e+00 -6.090424987667480172e-10 -6.089492316907057151e-10
9.200000185988029600e+00 -6.090243305780239758e-10 -6.089312268336336628e-10
9.300000188009631685e+00 -6.090061627440930020e-10 -6.089132225089128224e-10
9.400000190031231995e+00 -6.089879952815200078e-10 -6.088952187165275806e-10
9.500000192052858949e+00 -6.089698282053950426e-10 -6.088772154564619110e-10
9.600000194074459259e+00 -6.089516615294710178e-10 -6.088592127287005106e-10
9.700000196096061345e+00 -6.089334952662700004e-10 -6.088412105332271460e-10
9.800000198117663430e+00 -6.089153294272129766e-10 -6.088232088700265145e-10
9.900000200139288609e+00 -6.088971640226969862e-10 -6.088052077390825893e-10
1.000000020216089069e+01 -6.088789990621990375e-10 -6.087872071403796541e-10
1.010000020418249278e+01 -6.088608345543470379e-10 -6.087692070739021992e-10
1.020000020620411796e+01 -6.088426705070079919e-10 -6.087512075396343013e-10
1.030000020822572004e+01 -6.088245069273460076e-10 -6.087332085375601408e-10
1.040000021024732213e+01 -6.088063438218939506e-10 -6.087152100676643112e-10
1.050000021226894731e+01 -6.087881811965909776e-10 -6.086972121299307860e-10
1.060000021429054939e+01 -6.087700190568580169e-10 -6.086792147243438488e-10
1.070000021631215148e+01 -6.087518574076279599e-10 -6.086612178508878864e-10
1.080000021833377666e+01 -6.087336962533990149e-10 -6.086432215095470792e-10
1.090000022035537874e+01 -6.087155355982630376e-10 -6.086252257003058141e-10
1.100000022237698083e+01 -6.086973754459519567e-10 -6.086072304231481677e-10
1.110000022439860601e+01 -6.086792157998630030e-10 -6.085892356780585272e-10
1.120000022642020632e+01 -6.086610566630900387e-10 -6.085712414650211760e-10
1.130000022844181018e+01 -6.086428980384500274e-10 -6.085532477840203978e-10
1.140000023046343536e+01 -6.086247399285119854e-10 -6.085352546350403727e-10
1.150000023248503567e+01 -6.086065823356119740e-10 -6.085172620180653843e-10
1.160000023450663775e+01 -6.085884252618759509e-10 -6.084992699330797160e-10
1.170000023652823984e+01 -6.085702687092439648e-10 -6.084812783800677550e-10
1.180000023854986502e+01 -6.085521126794820462e-10 -6.084632873590135780e-10
1.190000024057146710e+01 -6.085339571741939950e-10 -6.084452968699015720e-10
1.200000024259306919e+01 -6.085158021948440243e-10 -6.084273069127159170e-10
1.210000024461469437e+01 -6.084976477427599658e-10 -6.084093174874411035e-10
1.220000024663629645e+01 -6.084794938191560171e-10 -6.083913285940612083e-10
1.230000024865789854e+01 -6.084613404251339829e-10 -6.083733402325604115e-10
1.240000025067952372e+01 -6.084431875616989910e-10 -6.083553524029233069e-10
1.250000025270112580e+01 -6.084250352297610435e-10 -6.083373651051339713e-10
1.260000025472272789e+01 -6.084068834301500094e-10 -6.083193783391765848e-10
1.270000025674435307e+01 -6.083887321636239995e-10 -6.083013921050355344e-10
1.280000025876595515e+01 -6.083705814308659551e-10 -6.082834064026952070e-10
1.290000026078755546e+01 -6.083524312325059808e-10 -6.082654212321397829e-10
1.300000026280918242e+01 -6.083342815691039746e-10 -6.082474365933534422e-10
1.310000026483078450e+01 -6.083161324411819908e-10 -6.082294524863205718e-10
1.320000026685238659e+01 -6.082979838492020098e-10 -6.082114689110254554e-10
1.330000026887401177e+01 -6.082798357935960267e-10 -6.081934858674522731e-10
1.340000027089561385e+01 -6.082616882747449581e-10 -6.081755033555854119e-10
1.350000027291721416e+01 -6.082435412930030442e-10 -6.081575213754090519e-10
1.360000027493883934e+01 -6.082253948486859577e-10 -6.081395399269075801e-10
1.370000027696044320e+01 -6.082072489420830051e-10 -6.081215590100651768e-10
1.380000027898204529e+01 -6.081891035734559890e-10 -6.081035786248662287e-10
1.390000028100364560e+01 -6.081709587430400356e-10 -6.080855987712950196e-10
1.400000028302527255e+01 -6.081528144510510389e-10 -6.080676194493356262e-10
1.410000028504687286e+01 -6.081346706976799742e-10 -6.080496406589725388e-10
1.420000028706847672e+01 -6.081165274831030311e-10 -6.080316624001900411e-10
1.430000028909010013e+01 -6.080983848074809928e-10 -6.080136846729722097e-10
1.440000029111170399e+01 -6.080802426709519985e-10 -6.079957074773035351e-10
1.450000029313330430e+01 -6.080621010736490174e-10 -6.079777308131681974e-10
1.460000029515493125e+01 -6.080439600156840291e-10 -6.079597546805505837e-10
1.470000029717653156e+01 -6.080258194971630161e-10 -6.079417790794348740e-10
1.480000029919813187e+01 -6.080076795181820347e-10 -6.079238040098053519e-10
1.490000030121975882e+01 -6.079895400788199774e-10 -6.079058294716464044e-10
1.500000030324136269e+01 -6.079714011791560467e-10 -6.078878554649422117e-10
1.510000030526296300e+01 -6.079532628192530048e-10 -6.078698819896771607e-10
1.520000030728458995e+01 -6.079351249991740278e-10 -6.078519090458354317e-10
1.530000030930619026e+01 -6.079169877189689532e-10 -6.078339366334014115e-10
1.540000031132779057e+01 -6.078988509786820352e-10 -6.078159647523592804e-10
1.550000031334941752e+01 -6.078807147783589755e-10 -6.077979934026934253e-10
1.560000031537101783e+01 -6.078625791180310003e-10 -6.077800225843880263e-10
1.570000031739262170e+01 -6.078444439977350223e-10 -6.077620522974274705e-10
1.580000031941422201e+01 -6.078263094174969946e-10 -6.077440825417960414e-10
1.590000032143584896e+01 -6.078081753773360455e-10 -6.077261133174779192e-10
1.600000032345744927e+01 -6.077900418772759565e-10 -6.077081446244576977e-10
1.610000032547905136e+01 -6.077719089173290319e-10 -6.076901764627192468e-10
1.620000032750067831e+01 -6.077537764975159513e-10 -6.076722088322470568e-10
1.630000032952228040e+01 -6.077356446178439525e-10 -6.076542417330255149e-10
1.640000033154388248e+01 -6.077175132783199631e-10 -6.076362751650388010e-10
1.650000033356550588e+01 -6.076993824789520482e-10 -6.076183091282711989e-10
1.660000033558710797e+01 -6.076812522197429994e-10 -6.076003436227070954e-10
1.670000033760871005e+01 -6.076631225006979866e-10 -6.075823786483306707e-10
1.680000033963033346e+01 -6.076449933218180439e-10 -6.075644142051263118e-10
1.690000034165193554e+01 -6.076268646830990352e-10 -6.075464502930781989e-10
1.700000034367354118e+01 -6.076087365845430287e-10 -6.075284869121707190e-10
1.710000034569516458e+01 -6.075906090261449577e-10 -6.075105240623881555e-10
1.720000034771676667e+01 -6.075724820079009966e-10 -6.074925617437147921e-10
1.730000034973836875e+01 -6.075543555298080435e-10 -6.074745999561350157e-10
1.740000035175999216e+01 -6.075362295918540008e-10 -6.074566386996330066e-10
1.750000035378159424e+01 -6.075181041940380413e-10 -6.074386779741930482e-10
1.760000035580319988e+01 -6.074999793363459996e-10 -6.074207177797994242e-10
1.770000035782479841e+01 -6.074818550187760146e-10 -6.074027581164366249e-10
1.780000035984642537e+01 -6.074637312413110256e-10 -6.073847989840887270e-10
1.790000036186802745e+01 -6.074456080039459661e-10 -6.073668403827402210e-10
1.800000036388962599e+01 -6.074274853066710134e-10 -6.073488823123751836e-10
1.810000036591125294e+01 -6.074093631494709680e-10 -6.073309247729781052e-10
1.820000036793285503e+01 -6.073912415323400397e-10 -6.073129677645332694e-10
1.830000036995445711e+01 -6.073731204552619951e-10 -6.072950112870248562e-10
1.840000037197608407e+01 -6.073549999182280453e-10 -6.072770553404372528e-10
1.850000037399768615e+01 -6.073368799212210263e-10 -6.072590999247547426e-10
1.860000037601928469e+01 -6.073187604642320460e-10 -6.072411450399617126e-10
1.870000037804091164e+01 -6.073006415472470424e-10 -6.072231906860422397e-10
1.880000038006251373e+01 -6.072825231702510226e-10 -6.072052368629808140e-10
1.890000038208411581e+01 -6.072644053332319927e-10 -6.071872835707618227e-10
1.900000038410574277e+01 -6.072462880361749600e-10 -6.071693308093693425e-10
1.910000038612734485e+01 -6.072281712790669997e-10 -6.071513785787877604e-10
1.920000038814894339e+01 -6.072100550618919820e-10 -6.071334268790014633e-10
1.930000039017057034e+01 -6.071919393846380159e-10 -6.071154757099947348e-10
1.940000039219217243e+01 -6.071738242472870070e-10 -6.070975250717517550e-10
1.950000039421377451e+01 -6.071557096498269612e-10 -6.070795749642570144e-10
1.960000039623537660e+01 -6.071375955922449537e-10 -6.070616253874946931e-10
1.970000039825700355e+01 -6.071194820745229934e-10 -6.070436763414490746e-10
1.980000040027860209e+01 -6.071013690966470181e-10 -6.070257278261045460e-10
1.990000040230020417e+01 -6.070832566586010014e-10 -6.070077798414453908e-10
2.000000040432183113e+01 -6.070651447603709844e-10 -6.069898323874559960e-10
2.010000040634342966e+01 -6.070470334019410440e-10 -6.069718854641205417e-10
2.020000040836503530e+01 -6.070289225832959808e-10 -6.069539390714234149e-10
2.030000041038666225e+01 -6.070108123044199748e-10 -6.069359932093488992e-10
2.040000041240826079e+01 -6.069927025652980335e-10 -6.069180478778812781e-10
2.050000041442986287e+01 -6.069745933659149574e-10 -6.069001030770049386e-10
2.060000041645148983e+01 -6.069564847062539962e-10 -6.068821588067041644e-10
2.070000041847308836e+01 -6.069383765863009842e-10 -6.068642150669632388e-10
2.080000042049469400e+01 -6.069202690060399983e-10 -6.068462718577664456e-10
2.090000042251631740e+01 -6.069021619654530474e-10 -6.068283291790981717e-10
2.100000042453791949e+01 -6.068840554645289645e-10 -6.068103870309427006e-10
2.110000042655952157e+01 -6.068659495032450021e-10 -6.067924454132844193e-10
2.120000042858114853e+01 -6.068478440815910272e-10 -6.067745043261075080e-10
2.130000043060274706e+01 -6.068297391995520473e-10 -6.067565637693963536e-10
2.140000043262434914e+01 -6.068116348571090371e-10 -6.067386237431352398e-10
2.150000043464595123e+01 -6.067935310542459701e-10 -6.067206842473085535e-10
2.160000043666757819e+01 -6.067754277909509554e-10 -6.067027452819005782e-10
2.170000043868918027e+01 -6.067573250672030035e-10 -6.066848068468954941e-10
2.180000044071078236e+01 -6.067392228829889828e-10 -6.066668689422778951e-10
2.190000044273240576e+01 -6.067211212382929700e-10 -6.066489315680318578e-10
2.200000044475400784e+01 -6.067030201330990421e-10 -6.066309947241418726e-10
2.210000044677560993e+01 -6.066849195673879669e-10 -6.066130584105920163e-10
2.220000044879723333e+01 -6.066668195411500252e-10 -6.065951226273668826e-10
2.230000045081883897e+01 -6.066487200543649510e-10 -6.065771873744506518e-10
2.240000045284044106e+01 -6.066306211070179584e-10 -6.065592526518277108e-10
2.250000045486206446e+01 -6.066125226990919869e-10 -6.065413184594823432e-10
2.260000045688366654e+01 -6.065944248305710098e-10 -6.065233847973987290e-10
2.270000045890526863e+01 -6.065763275014400345e-10 -6.065054516655614622e-10
2.280000046092689203e+01 -6.065582307116839650e-10 -6.064875190639546194e-10
2.290000046294849767e+01 -6.065401344612860508e-10 -6.064695869925627945e-10
2.300000046497009976e+01 -6.065220387502299551e-10 -6.064516554513700642e-10
2.310000046699172316e+01 -6.065039435785009954e-10 -6.064337244403607120e-10
2.320000046901332524e+01 -6.064858489460790093e-10 -6.064157939595193318e-10
2.330000047103492733e+01 -6.064677548529520026e-10 -6.063978640088301037e-10
2.340000047305655073e+01 -6.064496612991030181e-10 -6.063799345882773112e-10
2.350000047507815637e+01 -6.064315682845160292e-10 -6.063620056978452380e-10
2.360000047709975846e+01 -6.064134758091739753e-10 -6.063440773375183744e-10
2.370000047912135699e+01 -6.063953838730610366e-10 -6.063261495072810039e-10
2.380000048114298394e+01 -6.063772924761620135e-10 -6.063082222071173068e-10
2.390000048316458603e+01 -6.063592016184609830e-10 -6.062902954370118768e-10
2.400000048518618811e+01 -6.063411112999429522e-10 -6.062723691969487907e-10
2.410000048720781152e+01 -6.063230215205900336e-10 -6.062544434869124354e-10
2.420000048922934255e+01 -6.063049322803859935e-10 -6.062365183068871979e-10
2.430000049125109030e+01 -6.062868435793180108e-10 -6.062185936568573618e-10
2.440000049327259291e+01 -6.062687554173639584e-10 -6.062006695368073140e-10
2.450000049529434065e+01 -6.062506677945120489e-10 -6.061827459467213382e-10
2.460000049731584326e+01 -6.062325807107469795e-10 -6.061648228865838212e-10
2.470000049933734942e+01 -6.062144941660509657e-10 -6.061469003563789433e-10
2.480000050135909717e+01 -6.061964081604109796e-10 -6.061289783560911948e-10
2.490000050338060333e+01 -6.061783226938039635e-10 -6.061110568857048592e-10
2.500000050540234753e+01 -6.061602377662189572e-10 -6.060931359452042202e-10
2.510000050742385369e+01 -6.061421533776409680e-10 -6.060752155345736647e-10
2.520000050944560144e+01 -6.061240695280509708e-10 -6.060572956537974763e-10
2.530000051146710760e+01 -6.061059862174339730e-10 -6.060393763028601454e-10
2.540000051348861021e+01 -6.060879034457749819e-10 -6.060214574817458520e-10
2.550000051551035440e+01 -6.060698212130560064e-10 -6.060035391904388799e-10
2.560000051753186412e+01 -6.060517395192640182e-10 -6.059856214289237193e-10
2.570000051955360831e+01 -6.060336583643780278e-10 -6.059677041971846538e-10
2.580000052157511092e+01 -6.060155777483869716e-10 -6.059497874952059670e-10
2.590000052359686222e+01 -6.059974976712709973e-10 -6.059318713229719424e-10
2.600000052561836483e+01 -6.059794181330160427e-10 -6.059139556804671739e-10
2.610000052763987100e+01 -6.059613391336070118e-10 -6.058960405676757381e-10
2.620000052966161519e+01 -6.059432606730260170e-10 -6.058781259845820221e-10
2.630000053168312490e+01 -6.059251827512589960e-10 -6.058602119311705162e-10
2.640000053370486910e+01 -6.059071053682870271e-10 -6.058422984074252972e-10
2.650000053572637526e+01 -6.058890285240969789e-10 -6.058243854133309589e-10
2.660000053774811946e+01 -6.058709522186709635e-10 -6.058064729488717847e-10
2.670000053976962207e+01 -6.058528764519950223e-10 -6.057885610140319550e-10
2.680000054179137337e+01 -6.058348012240519913e-10 -6.057706496087959600e-10
2.690000054381287597e+01 -6.058167265348239827e-10 -6.057527387331481868e-10
2.700000054583438214e+01 -6.057986523842949699e-10 -6.057348283870729188e-10
2.710000054785612633e+01 -6.057805787724529588e-10 -6.057169185705543362e-10
2.720000054987763605e+01 -6.057625056992769596e-10 -6.056990092835769295e-10
2.730000055189938024e+01 -6.057444331647570462e-10 -6.056811005261250856e-10
2.740000055392088640e+01 -6.057263611688690235e-10 -6.056631922981830881e-10
2.750000055594263060e+01 -6.057082897116039994e-10 -6.056452845997352204e-10
2.760000055796413321e+01 -6.056902187929429487e-10 -6.056273774307660765e-10
2.770000055998564292e+01 -6.056721484128690176e-10 -6.056094707912596296e-10
2.780000056200738712e+01 -6.056540785713680407e-10 -6.055915646812004736e-10
2.790000056402889328e+01 -6.056360092684229573e-10 -6.055736591005729953e-10
2.800000056605064103e+01 -6.056179405040159830e-10 -6.055557540493612716e-10
2.810000056807214719e+01 -6.055998722781339864e-10 -6.055378495275499996e-10
2.820000057009389138e+01 -6.055818045907600103e-10 -6.055199455351232561e-10
2.830000057211539399e+01 -6.055637374418789585e-10 -6.055020420720654280e-10
2.840000057413690371e+01 -6.055456708314739774e-10 -6.054841391383609024e-10
2.850000057615864790e+01 -6.055276047595290402e-10 -6.054662367339940662e-10
2.860000057818015406e+01 -6.055095392260280170e-10 -6.054483348589494097e-10
2.870000058020189826e+01 -6.054914742309549846e-10 -6.054304335132109064e-10
2.880000058222340797e+01 -6.054734097742919517e-10 -6.054125326967631499e-10
2.890000058424515217e+01 -6.054553458560249597e-10 -6.053946324095904239e-10
2.900000058626665833e+01 -6.054372824761379819e-10 -6.053767326516772188e-10
2.910000058828816094e+01 -6.054192196346169563e-10 -6.053588334230078180e-10
2.920000059030990514e+01 -6.054011573314429612e-10 -6.053409347235662984e-10
2.930000059233141485e+01 -6.053830955665969713e-10 -6.053230365533374605e-10
2.940000059435315904e+01 -6.053650343400669926e-10 -6.053051389123053811e-10
2.950000059637466521e+01 -6.053469736518389630e-10 -6.052872418004544472e-10
2.960000059839640940e+01 -6.053289135018939607e-10 -6.052693452177690457e-10
2.970000060041791912e+01 -6.053108538902169931e-10 -6.052514491642335635e-10
2.980000060243942173e+01 -6.052927948167929641e-10 -6.052335536398322844e-10
2.990000060446116592e+01 -6.052747362816050199e-10 -6.052156586445495952e-10
3.000000060648267208e+01 -6.052566782846329981e-10 -6.051977641783698828e-10
3.010000060850441628e+01 -6.052386208258639739e-10 -6.051798702412774309e-10
3.020000061052592599e+01 -6.052205639052859531e-10 -6.051619768332566265e-10
3.030000061254767019e+01 -6.052025075228780495e-10 -6.051440839542918564e-10
3.040000061456917990e+01 -6.051844516786249603e-10 -6.051261916043675077e-10
3.050000061659067896e+01 -6.051663963725120029e-10 -6.051082997834678640e-10
3.060000061861243026e+01 -6.051483416045220135e-10 -6.050904084915772087e-10
3.070000062063393287e+01 -6.051302873746389652e-10 -6.050725177286801357e-10
3.080000062265567706e+01 -6.051122336828500370e-10 -6.050546274947608251e-10
3.090000062467718678e+01 -6.050941805291329982e-10 -6.050367377898036639e-10
3.100000062669893097e+01 -6.050761279134769921e-10 -6.050188486137930390e-10
3.110000062872043713e+01 -6.050580758358629937e-10 -6.050009599667133375e-10
3.120000063074218133e+01 -6.050400242962770441e-10 -6.049830718485487395e-10
3.130000063276369104e+01 -6.050219732947019795e-10 -6.049651842592838387e-10
3.140000063478519365e+01 -6.050039228311210493e-10 -6.049472971989030222e-10
3.150000063680694140e+01 -6.049858729055199848e-10 -6.049294106673903666e-10
3.160000063882844401e+01 -6.049678235178820355e-10 -6.049115246647305692e-10
3.170000064085018820e+01 -6.049497746681909680e-10 -6.048936391909077068e-10
3.180000064287169792e+01 -6.049317263564319965e-10 -6.048757542459062696e-10
3.190000064489344211e+01 -6.049136785825859924e-10 -6.048578698297107481e-10
3.200000064691494828e+01 -6.048956313466389970e-10 -6.048399859423052190e-10
3.210000064893645089e+01 -6.048775846485779822e-10 -6.048221025836743795e-10
3.220000065095820219e+01 -6.048595384883810278e-10 -6.048042197538022029e-10
3.230000065297970480e+01 -6.048414928660369668e-10 -6.047863374526734899e-10
3.240000065500144899e+01 -6.048234477815280149e-10 -6.047684556802722138e-10
3.250000065702295871e+01 -6.048054032348380419e-10 -6.047505744365830717e-10
3.260000065904470290e+01 -6.047873592259519519e-10 -6.047326937215901405e-10
3.270000066106621261e+01 -6.047693157548510299e-10 -6.047148135352780138e-10
3.280000066308770812e+01 -6.047512728215220410e-10 -6.046969338776310787e-10
3.290000066510945942e+01 -6.047332304259480281e-10 -6.046790547486335153e-10
3.300000066713096203e+01 -6.047151885681120338e-10 -6.046611761482697106e-10
3.310000066915271333e+01 -6.046971472480010301e-10 -6.046432980765240516e-10
3.320000067117421594e+01 -6.046791064655959919e-10 -6.046254205333811319e-10
3.330000067319596013e+01 -6.046610662208829605e-10 -6.046075435188250285e-10
3.340000067521746985e+01 -6.046430265138430141e-10 -6.045896670328403350e-10
3.350000067723897246e+01 -6.046249873444630212e-10 -6.045717910754112317e-10
3.360000067926072376e+01 -6.046069487127239567e-10 -6.045539156465222088e-10
3.370000068128222637e+01 -6.045889106186129993e-10 -6.045360407461576534e-10
3.380000068330397056e+01 -6.045708730621129850e-10 -6.045181663743018490e-10
3.390000068532547317e+01 -6.045528360432060260e-10 -6.045002925309391825e-10
3.400000068734722447e+01 -6.045347995618789907e-10 -6.044824192160540411e-10
3.410000068936872708e+01 -6.045167636181150255e-10 -6.044645464296309149e-10
3.420000069139022969e+01 -6.044987282118990343e-10 -6.044466741716540877e-10
3.430000069341198099e+01 -6.044806933432119918e-10 -6.044288024421078428e-10
3.440000069543348360e+01 -6.044626590120420075e-10 -6.044109312409766708e-10
3.450000069745523490e+01 -6.044446252183699526e-10 -6.043930605682449586e-10
3.460000069947673751e+01 -6.044265919621800075e-10 -6.043751904238970931e-10
3.470000070149848881e+01 -6.044085592434580066e-10 -6.043573208079172546e-10
3.480000070351998431e+01 -6.043905270621850282e-10 -6.043394517202901401e-10
3.490000070554149403e+01 -6.043724954183480442e-10 -6.043215831609998265e-10
3.500000070756323822e+01 -6.043544643119289599e-10 -6.043037151300308041e-10
3.510000070958474083e+01 -6.043364337429140236e-10 -6.042858476273675632e-10
3.520000071160649213e+01 -6.043184037112840033e-10 -6.042679806529943875e-10
3.530000071362799474e+01 -6.043003742170270083e-10 -6.042501142068956640e-10
3.540000071564974604e+01 -6.042823452601250473e-10 -6.042322482890556760e-10
3.550000071767124865e+01 -6.042643168405609564e-10 -6.042143828994590176e-10
3.560000071969275837e+01 -6.042462889583199497e-10 -6.041965180380898687e-10
3.570000072171450256e+01 -6.042282616133860007e-10 -6.041786537049327199e-10
3.580000072373600517e+01 -6.042102348057420486e-10 -6.041607898999719579e-10
3.590000072575774936e+01 -6.041922085353729975e-10 -6.041429266231918665e-10
3.600000072777925197e+01 -6.041741828022630276e-10 -6.041250638745769359e-10
3.610000072980100327e+01 -6.041561576063960087e-10 -6.041072016541115532e-10
3.620000073182250588e+01 -6.041381329477549837e-10 -6.040893399617800019e-10
3.630000073384425718e+01 -6.041201088263270280e-10 -6.040714787975666690e-10
3.640000073586575979e+01 -6.041020852420919789e-10 -6.040536181614560448e-10
3.650000073788726951e+01 -6.040840621950370153e-10 -6.040357580534325163e-10
3.660000073990901370e+01 -6.040660396851449730e-10 -6.040178984734803671e-10
3.670000074193051631e+01 -6.040480177123970337e-10 -6.040000394215840875e-10
3.680000074395226051e+01 -6.040299962767829611e-10 -6.039821808977279611e-10
3.690000074597376312e+01 -6.040119753782810416e-10 -6.039643229018964783e-10
3.700000074799551442e+01 -6.039939550168789710e-10 -6.039464654340739226e-10
3.710000075001701703e+01 -6.039759351925599989e-10 -6.039286084942447844e-10
3.720000075203852674e+01 -6.039579159053090292e-10 -6.039107520823934507e-10
3.730000075406027094e+01 -6.039398971551100353e-10 -6.038928961985042050e-10
3.740000075608177355e+01 -6.039218789419439920e-10 -6.038750408425614343e-10
3.750000075810352484e+01 -6.039038612657949761e-10 -6.038571860145496290e-10
3.760000076012502745e+01 -6.038858441266509935e-10 -6.038393317144530726e-10
3.770000076214677875e+01 -6.038678275244919850e-10 -6.038214779422562555e-10
3.780000076416828136e+01 -6.038498114593080245e-10 -6.038036246979436680e-10
3.790000076618978397e+01 -6.038317959310759510e-10 -6.037857719814994904e-10
3.800000076821152817e+01 -6.038137809397839771e-10 -6.037679197929082130e-10
3.810000077023303788e+01 -6.037957664854150421e-10 -6.037500681321542227e-10
3.820000077225478208e+01 -6.037777525679530162e-10 -6.037322169992218031e-10
3.830000077427628469e+01 -6.037597391873810454e-10 -6.037143663940955481e-10
3.840000077629803599e+01 -6.037417263436859983e-10 -6.036965163167596377e-10
3.850000077831953860e+01 -6.037237140368499871e-10 -6.036786667671987691e-10
3.860000078034104831e+01 -6.037057022668569853e-10 -6.036608177453970191e-10
3.870000078236279251e+01 -6.036876910336890015e-10 -6.036429692513388780e-10
3.880000078438429512e+01 -6.036696803373340417e-10 -6.036251212850088363e-10
3.890000078640603931e+01 -6.036516701777720467e-10 -6.036072738463911775e-10
3.900000078842754903e+01 -6.036336605549919531e-10 -6.035894269354703919e-10
3.910000079044929322e+01 -6.036156514689750458e-10 -6.035715805522308665e-10
3.920000079247079583e+01 -6.035976429197039540e-10 -6.035537346966569883e-10
3.930000079449230554e+01 -6.035796349071639954e-10 -6.035358893687331443e-10
3.940000079651404974e+01 -6.035616274313399705e-10 -6.035180445684436179e-10
3.950000079853555945e+01 -6.035436204922139914e-10 -6.035002002957730031e-10
3.960000080055730365e+01 -6.035256140897719961e-10 -6.034823565507055832e-10
3.970000080257881336e+01 -6.035076082239970274e-10 -6.034645133332258488e-10
3.980000080460055756e+01 -6.034896028948729553e-10 -6.034466706433180834e-10
3.990000080662206017e+01 -6.034715981023849940e-10 -6.034288284809666739e-10
4.000000080864356278e+01 -6.034535938465170133e-10 -6.034109868461562141e-10
4.010000081066530697e+01 -6.034355901272510222e-10 -6.033931457388708842e-10
4.020000081268681669e+01 -6.034175869445729586e-10 -6.033753051590952779e-10
4.030000081470856088e+01 -6.033995842984659686e-10 -6.033574651068136788e-10
4.040000081673007060e+01 -6.033815821889149562e-10 -6.033396255820105773e-10
4.050000081875181479e+01 -6.033635806159020336e-10 -6.033217865846701536e-10
4.060000082077332451e+01 -6.033455795794150000e-10 -6.033039481147771047e-10
4.070000082279506870e+01 -6.033275790794359674e-10 -6.032861101723157143e-10
4.080000082481657131e+01 -6.033095791159449803e-10 -6.032682727572703693e-10
4.090000082683807392e+01 -6.032915796889320090e-10 -6.032504358696255601e-10
4.100000082885981811e+01 -6.032735807983789590e-10 -6.032325995093655703e-10
4.110000083088132783e+01 -6.032555824442689765e-10 -6.032147636764747868e-10
4.120000083290307202e+01 -6.032375846265860347e-10 -6.031969283709378034e-10
4.130000083492458174e+01 -6.032195873453150378e-10 -6.031790935927388002e-10
4.140000083694632593e+01 -6.032015906004399590e-10 -6.031612593418623711e-10
4.150000083896783565e+01 -6.031835943919440480e-10 -6.031434256182927996e-10
4.160000084098933826e+01 -6.031655987198109679e-10 -6.031255924220145760e-10
4.170000084301108245e+01 -6.031476035840269668e-10 -6.031077597530120873e-10
4.180000084503258506e+01 -6.031296089845739503e-10 -6.030899276112697205e-10
4.190000084705433636e+01 -6.031116149214370289e-10 -6.030720959967719660e-10
4.200000084907583897e+01 -6.030936213945999694e-10 -6.030542649095031073e-10
4.210000085109758317e+01 -6.030756284040479859e-10 -6.030364343494476348e-10
4.220000085311909288e+01 -6.030576359497640177e-10 -6.030186043165900388e-10
4.230000085514059549e+01 -6.030396440317329688e-10 -6.030007748109144995e-10
4.240000085716233968e+01 -6.030216526499339529e-10 -6.029829458324056107e-10
4.250000085918384940e+01 -6.030036618043579744e-10 -6.029651173810477593e-10
4.260000086120559359e+01 -6.029856714949849742e-10 -6.029472894568253324e-10
4.270000086322710331e+01 -6.029676817217999597e-10 -6.029294620597227168e-10
4.280000086524884750e+01 -6.029496924847880415e-10 -6.029116351897244030e-10
4.290000086727035011e+01 -6.029317037839319523e-10 -6.028938088468148812e-10
4.300000086929185272e+01 -6.029137156192140111e-10 -6.028759830309783318e-10
4.310000087131360402e+01 -6.028957279906220170e-10 -6.028581577421992449e-10
4.320000087333510663e+01 -6.028777408981390128e-10 -6.028403329804622145e-10
4.330000087535685083e+01 -6.028597543417480413e-10 -6.028225087457514206e-10
4.340000087737836054e+01 -6.028417683214320419e-10 -6.028046850380514571e-10
4.350000087940010474e+01 -6.028237828371799510e-10 -6.027868618573466074e-10
4.360000088142161445e+01 -6.028057978889679872e-10 -6.027690392036213621e-10
4.370000088344311706e+01 -6.027878134767870515e-10 -6.027512170768603147e-10
4.380000088546486126e+01 -6.027698296006180153e-10 -6.027333954770474387e-10
4.390000088748636387e+01 -6.027518462604479541e-10 -6.027155744041675347e-10
4.400000088950810806e+01 -6.027338634562580493e-10 -6.026977538582048862e-10
4.410000089152961777e+01 -6.027158811880299997e-10 -6.026799338391439836e-10
4.420000089355136197e+01 -6.026978994557520179e-10 -6.026621143469691105e-10
4.430000089557287168e+01 -6.026799182594070433e-10 -6.026442953816648605e-10
4.440000089759437429e+01 -6.026619375989780153e-10 -6.026264769432156208e-10
4.450000089961612559e+01 -6.026439574744500446e-10 -6.026086590316055713e-10
4.460000090163762820e+01 -6.026259778858080353e-10 -6.025908416468195128e-10
4.470000090365937950e+01 -6.026079988330339961e-10 -6.025730247888416254e-10
4.480000090568088211e+01 -6.025900203161120038e-10 -6.025552084576563994e-10
4.490000090770262631e+01 -6.025720423350299609e-10 -6.025373926532482219e-10
4.500000090972412892e+01 -6.025540648897669811e-10 -6.025195773756015831e-10
4.510000091174587311e+01 -6.025360879803090023e-10 -6.025017626247007666e-10
4.520000091376738283e+01 -6.025181116066399979e-10 -6.024839484005303662e-10
4.530000091578888544e+01 -6.025001357687430107e-10 -6.024661347030748723e-10
4.540000091781063674e+01 -6.024821604666069771e-10 -6.024483215323184651e-10
4.550000091983213935e+01 -6.024641857002080123e-10 -6.024305088882456348e-10
4.560000092185389065e+01 -6.024462114695370173e-10 -6.024126967708408719e-10
4.570000092387539326e+01 -6.024282377745760010e-10 -6.023948851800887701e-10
4.580000092589713745e+01 -6.024102646153060416e-10 -6.023770741159734062e-10
4.590000092791864006e+01 -6.023922919917150415e-10 -6.023592635784793740e-10
4.600000092994014267e+01 -6.023743199037869741e-10 -6.023414535675912672e-10
4.610000093196189397e+01 -6.023563483515030212e-10 -6.023236440832932659e-10
4.620000093398339658e+01 -6.023383773348490171e-10 -6.023058351255699641e-10
4.630000093600514788e+01 -6.023204068538090387e-10 -6.022880266944056451e-10
4.640000093802665049e+01 -6.023024369083630269e-10 -6.022702187897849028e-10
4.650000094004839468e+01 -6.022844674985009521e-10 -6.022524114116920208e-10
4.660000094206990440e+01 -6.022664986242059605e-10 -6.022346045601115928e-10
4.670000094409140701e+01 -6.022485302854609914e-10 -6.022167982350279023e-10
4.680000094611315831e+01 -6.022305624822500184e-10 -6.021989924364253364e-10
4.690000094813465381e+01 -6.022125952145559806e-10 -6.021811871642885922e-10
4.700000095015640511e+01 -6.021946284823639890e-10 -6.021633824186018499e-10
4.710000095217790772e+01 -6.021766622856590509e-10 -6.021455781993495998e-10
4.720000095419965902e+01 -6.021586966244240022e-10 -6.021277745065163323e-10
4.730000095622116163e+01 -6.021407314986430231e-10 -6.021099713400866412e-10
4.740000095824266424e+01 -6.021227669083010177e-10 -6.020921687000446032e-10
4.750000096026441554e+01 -6.021048028533810286e-10 -6.020743665863748121e-10
4.760000096228591815e+01 -6.020868393338659953e-10 -6.020565649990618617e-10
4.770000096430766945e+01 -6.020688763497419592e-10 -6.020387639380899320e-10
4.780000096632917206e+01 -6.020509139009929969e-10 -6.020209634034436170e-10
4.790000096835091625e+01 -6.020329519876020479e-10 -6.020031633951073035e-10
4.800000097037241886e+01 -6.020149906095550501e-10 -6.019853639130655854e-10
4.810000097239392858e+01 -6.019970297668329784e-10 -6.019675649573026427e-10
4.820000097441567277e+01 -6.019790694594230114e-10 -6.019497665278030693e-10
4.830000097643717538e+01 -6.019611096873060207e-10 -6.019319686245513555e-10
4.840000097845892668e+01 -6.019431504504689780e-10 -6.019141712475316814e-10
4.850000098048042929e+01 -6.019251917488939958e-10 -6.018963743967287443e-10
4.860000098250218059e+01 -6.019072335825670117e-10 -6.018785780721269311e-10
4.870000098452368320e+01 -6.018892759514730333e-10 -6.018607822737106288e-10
4.880000098654518581e+01 -6.018713188555939659e-10 -6.018429870014643277e-10
4.890000098856693711e+01 -6.018533622949129558e-10 -6.018251922553724148e-10
4.900000099058843972e+01 -6.018354062694150103e-10 -6.018073980354193805e-10
4.910000099261018391e+01 -6.018174507790850333e-10 -6.017896043415897151e-10
4.920000099463168652e+01 -6.017994958239020351e-10 -6.017718111738677022e-10
4.930000099665343782e+01 -6.017815414038600187e-10 -6.017540185322380390e-10
4.940000099867494043e+01 -6.017635875189349958e-10 -6.017362264166850090e-10
4.950000100069645015e+01 -6.017456341691140418e-10 -6.017184348271928958e-10
4.960000100271819434e+01 -6.017276813543819572e-10 -6.017006437637463965e-10
4.970000100473970406e+01 -6.017097290747200270e-10 -6.016828532263300015e-10
4.980000100676144825e+01 -6.016917773301150163e-10 -6.016650632149278911e-10
4.990000100878295086e+01 -6.016738261205469695e-10 -6.016472737295247622e-10
5.000000101080469506e+01 -6.016558754460059603e-10 -6.016294847701048986e-10
5.010000101282619767e+01 -6.016379253064739976e-10 -6.016116963366527906e-10
5.020000101484794897e+01 -6.016199757019310222e-10 -6.015939084291529285e-10
5.030000101686945158e+01 -6.016020266323670045e-10 -6.015761210475898027e-10
5.040000101889096129e+01 -6.015840780977619890e-10 -6.015583341919478002e-10
5.050000102091270548e+01 -6.015661300980999488e-10 -6.015405478622112045e-10
5.060000102293421520e+01 -6.015481826333679593e-10 -6.015227620583648162e-10
5.070000102495595939e+01 -6.015302357035480294e-10 -6.015049767803927120e-10
5.080000102697746200e+01 -6.015122893086240290e-10 -6.014871920282796926e-10
5.090000102899920620e+01 -6.014943434485809655e-10 -6.014694078020100415e-10
5.100000103102070881e+01 -6.014763981234039496e-10 -6.014516241015681456e-10
5.110000103304221852e+01 -6.014584533330749901e-10 -6.014338409269384954e-10
5.120000103506396272e+01 -6.014405090775779571e-10 -6.014160582781056845e-10
5.130000103708547243e+01 -6.014225653568979612e-10 -6.013982761550539966e-10
5.140000103910721663e+01 -6.014046221710200098e-10 -6.013804945577679220e-10
5.150000104112872634e+01 -6.013866795199260084e-10 -6.013627134862321579e-10
5.160000104315047054e+01 -6.013687374036019982e-10 -6.013449329404307810e-10
5.170000104517198025e+01 -6.013507958220310221e-10 -6.013271529203483851e-10
5.180000104719347576e+01 -6.013328547751969501e-10 -6.013093734259694606e-10
5.190000104921522706e+01 -6.013149142630839622e-10 -6.012915944572784979e-10
5.200000105123672967e+01 -6.012969742856769626e-10 -6.012738160142598838e-10
5.210000105325848097e+01 -6.012790348429589939e-10 -6.012560380968981088e-10
5.220000105527997647e+01 -6.012610959349159941e-10 -6.012382607051776632e-10
5.230000105730172066e+01 -6.012431575615299720e-10 -6.012204838390828306e-10
5.240000105932323038e+01 -6.012252197227850044e-10 -6.012027074985984116e-10
5.250000106134474009e+01 -6.012072824186670292e-10 -6.011849316837085863e-10
5.260000106336648429e+01 -6.011893456491579519e-10 -6.011671563943978450e-10
5.270000106538799400e+01 -6.011714094142449511e-10 -6.011493816306506782e-10
5.280000106740973820e+01 -6.011534737139079677e-10 -6.011316073924515763e-10
5.290000106943124081e+01 -6.011355385481309752e-10 -6.011138336797851329e-10
5.300000107145298500e+01 -6.011176039169040472e-10 -6.010960604926354248e-10
5.310000107347449472e+01 -6.010996698202070213e-10 -6.010782878309873561e-10
5.320000107549599022e+01 -6.010817362580239744e-10 -6.010605156948250034e-10
5.330000107751774863e+01 -6.010638032303400170e-10 -6.010427440841331673e-10
5.340000107953924413e+01 -6.010458707371360207e-10 -6.010249729988960281e-10
5.350000108156100254e+01 -6.010279387783989573e-10 -6.010072024390981794e-10
5.360000108358249804e+01 -6.010100073541149717e-10 -6.009894324047242151e-10
5.370000108560425645e+01 -6.009920764642650386e-10 -6.009716628957583152e-10
5.380000108762575195e+01 -6.009741461088349926e-10 -6.009538939121851770e-10
5.390000108964725456e+01 -6.009562162878060153e-10 -6.009361254539891874e-10
5.400000109166900586e+01 -6.009382870011679737e-10 -6.009183575211548368e-10
5.410000109369050847e+01 -6.009203582488969831e-10 -6.009005901136665121e-10
5.420000109571225266e+01 -6.009024300309819798e-10 -6.008828232315087037e-10
5.430000109773376238e+01 -6.008845023474070407e-10 -6.008650568746660054e-10
5.440000109975550657e+01 -6.008665751981550017e-10 -6.008472910431227008e-10
5.450000110177701629e+01 -6.008486485832090091e-10 -6.008295257368632802e-10
5.460000110379852600e+01 -6.008307225025569653e-10 -6.008117609558724407e-10
5.470000110582027020e+01 -6.008127969561809826e-10 -6.007939967001343625e-10
5.480000110784177281e+01 -6.007948719440640002e-10 -6.007762329696337429e-10
5.490000110986351700e+01 -6.007769474661910257e-10 -6.007584697643548653e-10
5.500000111188501961e+01 -6.007590235225479969e-10 -6.007407070842824269e-10
5.510000111390677091e+01 -6.007411001131149582e-10 -6.007229449294006079e-10
5.520000111592826642e+01 -6.007231772378779507e-10 -6.007051832996941055e-10
5.530000111795002482e+01 -6.007052548968230159e-10 -6.006874221951473066e-10
5.540000111997152032e+01 -6.006873330899329897e-10 -6.006696616157447015e-10
5.550000112199303004e+01 -6.006694118171910184e-10 -6.006519015614707807e-10
5.560000112401477423e+01 -6.006514910785800413e-10 -6.006341420323099312e-10
5.570000112603628395e+01 -6.006335708740849624e-10 -6.006163830282466431e-10
5.580000112805802814e+01 -6.006156512036920298e-10 -6.005986245492655104e-10
5.590000113007953075e+01 -6.005977320673839762e-10 -6.005808665953509201e-10
5.600000113210128205e+01 -6.005798134651449817e-10 -6.005631091664873623e-10
5.610000113412278466e+01 -6.005618953969579856e-10 -6.005453522626593276e-10
5.620000113614429438e+01 -6.005439778628099600e-10 -6.005275958838513063e-10
5.630000113816603857e+01 -6.005260608626819830e-10 -6.005098400300476853e-10
5.640000114018754829e+01 -6.005081443965610265e-10 -6.004920847012330585e-10
5.650000114220929248e+01 -6.004902284644279621e-10 -6.004743298973917093e-10
5.660000114423078799e+01 -6.004723130662690378e-10 -6.004565756185084384e-10
5.670000114625254639e+01 -6.004543982020680202e-10 -6.004388218645673225e-10
5.680000114827404190e+01 -6.004364838718079521e-10 -6.004210686355532656e-10
5.690000115029555161e+01 -6.004185700754740476e-10 -6.004033159314505512e-10
5.700000115231729581e+01 -6.004006568130499700e-10 -6.003855637522434629e-10
5.710000115433879841e+01 -6.003827440845200027e-10 -6.003678120979168012e-10
5.720000115636054261e+01 -6.003648318898699804e-10 -6.003500609684548498e-10
5.730000115838205232e+01 -6.003469202290800507e-10 -6.003323103638422024e-10
5.740000116040379652e+01 -6.003290091021390466e-10 -6.003145602840631425e-10
5.750000116242530623e+01 -6.003110985090250479e-10 -6.002968107291024708e-10
5.760000116444681595e+01 -6.002931884497280250e-10 -6.002790616989443673e-10
5.770000116646856014e+01 -6.002752789242299868e-10 -6.002613131935735293e-10
5.780000116849006275e+01 -6.002573699325160439e-10 -6.002435652129744471e-10
5.790000117051181405e+01 -6.002394614745669644e-10 -6.002258177571313009e-10
5.800000117253331666e+01 -6.002215535503709611e-10 -6.002080708260288912e-10
5.810000117455506086e+01 -6.002036461599070441e-10 -6.001903244196516050e-10
5.820000117657655636e+01 -6.001857393031619787e-10 -6.001725785379839326e-10
5.830000117859806608e+01 -6.001678329801239774e-10 -6.001548331810103645e-10
5.840000118061981027e+01 -6.001499271907720506e-10 -6.001370883487153910e-10
5.850000118264131999e+01 -6.001320219350890343e-10 -6.001193440410833991e-10
5.860000118466306418e+01 -6.001141172130639683e-10 -6.001016002580989824e-10
5.870000118668457390e+01 -6.000962130246780343e-10 -6.000838569997466314e-10
5.880000118870631809e+01 -6.000783093699160328e-10 -6.000661142660108365e-10
5.890000119072782780e+01 -6.000604062487620407e-10 -6.000483720568759846e-10
5.900000119274933041e+01 -6.000425036611989972e-10 -6.000306303723266695e-10
5.910000119477107461e+01 -6.000246016072160457e-10 -6.000128892123473815e-10
5.920000119679258432e+01 -6.000067000867909556e-10 -5.999951485769225076e-10
5.930000119881432852e+01 -5.999887990999129737e-10 -5.999774084660366416e-10
5.940000120083583823e+01 -5.999708986465610068e-10 -5.999596688796742738e-10
5.950000120285758243e+01 -5.999529987267239914e-10 -5.999419298178197911e-10
5.960000120487909214e+01 -5.999350993403819718e-10 -5.999241912804577875e-10
5.970000120690058765e+01 -5.999172004875209892e-10 -5.999064532675727531e-10
5.980000120892233184e+01 -5.998993021681260511e-10 -5.998887157791490751e-10
5.990000121094384156e+01 -5.998814043821799934e-10 -5.998709788151714504e-10
6.000000121296558575e+01 -5.998635071296669963e-10 -5.998532423756240594e-10
6.010000121498708836e+01 -5.998456104105719637e-10 -5.998355064604917026e-10
6.020000121700883255e+01 -5.998277142248759740e-10 -5.998177710697587669e-10
6.030000121903034227e+01 -5.998098185725689975e-10 -5.998000362034097427e-10
6.040000122105208646e+01 -5.997919234536290105e-10 -5.997823018614290169e-10
6.050000122307359618e+01 -5.997740288680449496e-10 -5.997645680438012868e-10
6.060000122509510589e+01 -5.997561348157960318e-10 -5.997468347505109393e-10
6.070000122711685009e+01 -5.997382412968720207e-10 -5.997291019815424647e-10
6.080000122913835980e+01 -5.997203483112520300e-10 -5.997113697368804568e-10
6.090000123116010400e+01 -5.997024558589249962e-10 -5.996936380165091992e-10
6.100000123318160661e+01 -5.996845639398689990e-10 -5.996759068204133891e-10
6.110000123520335080e+01 -5.996666725540740089e-10 -5.996581761485774133e-10
6.120000123722486052e+01 -5.996487817015210006e-10 -5.996404460009858657e-10
6.130000123924635602e+01 -5.996308913821960155e-10 -5.996227163776231333e-10
6.140000124126811443e+01 -5.996130015960809591e-10 -5.996049872784738097e-10
6.150000124328960993e+01 -5.995951123431619760e-10 -5.995872587035224889e-10
6.160000124531135413e+01 -5.995772236234220057e-10 -5.995695306527533508e-10
6.170000124733286384e+01 -5.995593354368420230e-10 -5.995518031261511961e-10
6.180000124935460803e+01 -5.995414477834130323e-10 -5.995340761237004117e-10
6.190000125137611775e+01 -5.995235606631160085e-10 -5.995163496453855915e-10
6.200000125339762036e+01 -5.995056740759320298e-10 -5.994986236911910190e-10
6.210000125541936455e+01 -5.994877880218509632e-10 -5.994808982611013912e-10
6.220000125744087427e+01 -5.994699025008529564e-10 -5.994631733551011987e-10
6.230000125946261846e+01 -5.994520175129230168e-10 -5.994454489731748284e-10
6.240000126148412818e+01 -5.994341330580450143e-10 -5.994277251153069773e-10
6.250000126350587237e+01 -5.994162491362039564e-10 -5.994100017814820326e-10
6.260000126552738209e+01 -5.993983657473840230e-10 -5.993922789716843811e-10
6.270000126754887759e+01 -5.993804828915659824e-10 -5.993745566858987200e-10
6.280000126957063600e+01 -5.993626005687380472e-10 -5.993568349241094364e-10
6.290000127159213150e+01 -5.993447187788850179e-10 -5.993391136863012272e-10
6.300000127361388280e+01 -5.993268375219849742e-10 -5.993213929724583762e-10
6.310000127563537831e+01 -5.993089567980299546e-10 -5.993036727825654770e-10
6.320000127765712961e+01 -5.992910766069989694e-10 -5.992859531166070201e-10
6.330000127967863222e+01 -5.992731969488770258e-10 -5.992682339745674957e-10
6.340000128170014193e+01 -5.992553178236490279e-10 -5.992505153564314977e-10
6.350000128372188613e+01 -5.992374392312980184e-10 -5.992327972621835165e-10
6.360000128574339584e+01 -5.992195611718090046e-10 -5.992150796918080423e-10
6.370000128776514003e+01 -5.992016836451669941e-10 -5.991973626452894621e-10
6.380000128978664975e+01 -5.991838066513539955e-10 -5.991796461226124732e-10
6.390000129180839394e+01 -5.991659301903550162e-10 -5.991619301237615659e-10
6.400000129382989655e+01 -5.991480542621549601e-10 -5.991442146487211270e-10
6.410000129585139916e+01 -5.991301788667369736e-10 -5.991264996974757505e-10
6.420000129787315757e+01 -5.991123040040859604e-10 -5.991087852700099267e-10
6.430000129989464597e+01 -5.990944296741840329e-10 -5.990910713663082493e-10
6.440000130191640437e+01 -5.990765558770189901e-10 -5.990733579863551052e-10
6.450000130393790698e+01 -5.990586826125760462e-10 -5.990556451301350883e-10
6.460000130595965118e+01 -5.990408098808299721e-10 -5.990379327976326889e-10
6.470000130798115379e+01 -5.990229376817749776e-10 -5.990202209888325008e-10
6.480000131000289798e+01 -5.990050660153910036e-10 -5.990025097037189110e-10
6.490000131202440059e+01 -5.989871948816599555e-10 -5.989847989422764097e-10
6.500000131404591741e+01 -5.989693242805700459e-10 -5.989670887044897976e-10
6.510000131606766161e+01 -5.989514542121040075e-10 -5.989493789903431515e-10
6.520000131808916422e+01 -5.989335846762479850e-10 -5.989316697998213752e-10
6.530000132011090841e+01 -5.989157156729820227e-10 -5.989139611329087524e-10
6.540000132213242523e+01 -5.988978472022940230e-10 -5.988962529895899802e-10
6.550000132415416942e+01 -5.988799792641659948e-10 -5.988785453698494456e-10
6.560000132617567203e+01 -5.988621118585839794e-10 -5.988608382736716389e-10
6.570000132819716043e+01 -5.988442449855299855e-10 -5.988431317010413607e-10
6.580000133021891884e+01 -5.988263786449879867e-10 -5.988254256519426878e-10
6.590000133224042145e+01 -5.988085128369440242e-10 -5.988077201263605242e-10
6.600000133426217985e+01 -5.987906475613819680e-10 -5.987900151242791533e-10
6.610000133628366825e+01 -5.987727828182840337e-10 -5.987723106456831690e-10
6.620000133830542666e+01 -5.987549186076359525e-10 -5.987546066905570616e-10
6.630000134032692927e+01 -5.987370549294200433e-10 -5.987369032588855283e-10
6.640000134234843188e+01 -5.987191917836210034e-10 -5.987192003506529560e-10
6.650000134437017607e+01 -5.987013291702279759e-10 -5.987014979658438351e-10
6.660000134639167868e+01 -5.986834670892190406e-10 -5.986837961044427594e-10
6.670000134841342287e+01 -5.986656055405789980e-10 -5.986660947664341159e-10
6.680000135043493970e+01 -5.986477445242950269e-10 -5.986483939518027050e-10
6.690000135245668389e+01 -5.986298840403499633e-10 -5.986306936605327070e-10
6.700000135447818650e+01 -5.986120240887269533e-10 -5.986129938926089224e-10
6.710000135649970332e+01 -5.985941646694080057e-10 -5.985952946480157382e-10
6.720000135852144751e+01 -5.985763057823819537e-10 -5.985775959267377482e-10
6.730000136054293591e+01 -5.985584474276299789e-10 -5.985598977287594426e-10
6.740000136256469432e+01 -5.985405896051389497e-10 -5.985422000540653120e-10
6.750000136458619693e+01 -5.985227323148920124e-10 -5.985245029026400533e-10
6.760000136660794112e+01 -5.985048755568709690e-10 -5.985068062744679503e-10
6.770000136862944373e+01 -5.984870193310640322e-10 -5.984891101695337000e-10
6.780000137065094634e+01 -5.984691636374519700e-10 -5.984714145878217929e-10
6.790000137267269054e+01 -5.984513084760189626e-10 -5.984537195293167192e-10
6.800000137469420736e+01 -5.984334538467519818e-10 -5.984360249940030728e-10
6.810000137671595155e+01 -5.984155997496309687e-10 -5.984183309818653440e-10
6.820000137873745416e+01 -5.983977461846440324e-10 -5.984006374928881265e-10
6.830000138075919836e+01 -5.983798931517729750e-10 -5.983829445270558074e-10
6.840000138278071518e+01 -5.983620406510010461e-10 -5.983652520843530838e-10
6.850000138480221779e+01 -5.983441886823139767e-10 -5.983475601647644461e-10
6.860000138682396198e+01 -5.983263372456980151e-10 -5.983298687682742812e-10
6.870000138884546459e+01 -5.983084863411340327e-10 -5.983121778948673896e-10
6.880000139086720878e+01 -5.982906359686079673e-10 -5.982944875445280550e-10
6.890000139288872560e+01 -5.982727861281039993e-10 -5.982767977172408711e-10
6.900000139491046980e+01 -5.982549368196040339e-10 -5.982591084129904317e-10
6.910000139693195820e+01 -5.982370880430940091e-10 -5.982414196317613306e-10
6.920000139895371660e+01 -5.982192397985599664e-10 -5.982237313735379546e-10
6.930000140097521921e+01 -5.982013920859840177e-10 -5.982060436383050010e-10
6.940000140299672182e+01 -5.981835449053530318e-10 -5.981883564260468567e-10
6.950000140501846602e+01 -5.981656982566449849e-10 -5.981706697367481155e-10
6.960000140703996863e+01 -5.981478521398479862e-10 -5.981529835703932677e-10
6.970000140906171282e+01 -5.981300065549470432e-10 -5.981352979269669072e-10
6.980000141108322964e+01 -5.981121615019230273e-10 -5.981176128064536276e-10
6.990000141310497384e+01 -5.980943169807630137e-10 -5.980999282088379194e-10
7.000000141512647645e+01 -5.980764729914520098e-10 -5.980822441341042728e-10
7.010000141714799327e+01 -5.980586295339709906e-10 -5.980645605822372818e-10
7.020000141916973746e+01 -5.980407866083079618e-10 -5.980468775532214365e-10
7.030000142119124007e+01 -5.980229442144440017e-10 -5.980291950470413308e-10
7.040000142321298426e+01 -5.980051023523640142e-10 -5.980115130636815585e-10
7.050000142523448687e+01 -5.979872610220500082e-10 -5.979938316031265065e-10
7.060000142725623107e+01 -5.979694202234910236e-10 -5.979761506653607685e-10
7.070000142927773368e+01 -5.979515799566640026e-10 -5.979584702503690418e-10
7.080000143129923629e+01 -5.979337402215609837e-10 -5.979407903581356099e-10
7.090000143332098048e+01 -5.979159010181630451e-10 -5.979231109886452733e-10
7.100000143534249730e+01 -5.978980623464519889e-10 -5.979054321418824191e-10
7.110000143736424150e+01 -5.978802242064169582e-10 -5.978877538178315375e-10
7.120000143938574411e+01 -5.978623865980379973e-10 -5.978700760164773258e-10
7.130000144140748830e+01 -5.978445495213000103e-10 -5.978523987378042743e-10
7.140000144342900512e+01 -5.978267129761880045e-10 -5.978347219817969768e-10
7.150000144545050773e+01 -5.978088769626850225e-10 -5.978170457484398201e-10
7.160000144747225193e+01 -5.977910414807770025e-10 -5.977993700377175016e-10
7.170000144949375454e+01 -5.977732065304480212e-10 -5.977816948496145116e-10
7.180000145151549873e+01 -5.977553721116810178e-10 -5.977640201841154437e-10
7.190000145353701555e+01 -5.977375382244599660e-10 -5.977463460412047885e-10
7.200000145555875974e+01 -5.977197048687699763e-10 -5.977286724208671396e-10
7.210000145758026235e+01 -5.977018720445950221e-10 -5.977109993230869873e-10
7.220000145960176496e+01 -5.976840397519189735e-10 -5.976933267478489256e-10
7.230000146162350916e+01 -5.976662079907279752e-10 -5.976756546951374447e-10
7.240000146364501177e+01 -5.976483767610019680e-10 -5.976579831649372417e-10
7.250000146566675596e+01 -5.976305460627299918e-10 -5.976403121572327038e-10
7.260000146768827278e+01 -5.976127158958930214e-10 -5.976226416720085279e-10
7.270000146971001698e+01 -5.975948862604769948e-10 -5.976049717092491011e-10
7.280000147173151959e+01 -5.975770571564640241e-10 -5.975873022689391206e-10
7.290000147375302220e+01 -5.975592285838379795e-10 -5.975696333510630766e-10
7.300000147577476639e+01 -5.975414005425869700e-10 -5.975519649556055630e-10
7.310000147779628321e+01 -5.975235730326910401e-10 -5.975342970825509668e-10
7.320000147981802741e+01 -5.975057460541369548e-10 -5.975166297318840884e-10
7.330000148183953002e+01 -5.974879196069079637e-10 -5.974989629035893149e-10
7.340000148386127421e+01 -5.974700936909859722e-10 -5.974812965976512400e-10
7.350000148588277682e+01 -5.974522683063600203e-10 -5.974636308140545608e-10
7.360000148790427943e+01 -5.974344434530090147e-10 -5.974459655527835610e-10
7.370000148992603783e+01 -5.974166191309230293e-10 -5.974283008138230411e-10
7.380000149194752623e+01 -5.973987953400820050e-10 -5.974106365971573881e-10
7.390000149396927043e+01 -5.973809720804700186e-10 -5.973929729027711957e-10
7.400000149599078725e+01 -5.973631493520719740e-10 -5.973753097306491610e-10
7.410000149801253144e+01 -5.973453271548750499e-10 -5.973576470807756711e-10
7.420000150003403405e+01 -5.973275054888589804e-10 -5.973399849531353197e-10
7.430000150205577825e+01 -5.973096843540080491e-10 -5.973223233477127006e-10
7.440000150407729507e+01 -5.972918637503109856e-10 -5.973046622644924075e-10
7.450000150609879768e+01 -5.972740436777480409e-10 -5.972870017034590342e-10
7.460000150812054187e+01 -5.972562241363040157e-10 -5.972693416645969677e-10
7.470000151014204448e+01 -5.972384051259649513e-10 -5.972516821478909050e-10
7.480000151216378868e+01 -5.972205866467129599e-10 -5.972340231533253367e-10
7.490000151418530550e+01 -5.972027686985320148e-10 -5.972163646808848564e-10
7.500000151620704969e+01 -5.971849512814079507e-10 -5.971987067305540579e-10
7.510000151822855230e+01 -5.971671343953259816e-10 -5.971810493023174315e-10
7.520000152025005491e+01 -5.971493180402669789e-10 -5.971633923961596745e-10
7.530000152227181331e+01 -5.971315022162169841e-10 -5.971457360120652772e-10
7.540000152429330171e+01 -5.971136869231599705e-10 -5.971280801500187299e-10
7.550000152631506012e+01 -5.970958721610789809e-10 -5.971104248100046264e-10
7.560000152833656273e+01 -5.970780579299620211e-10 -5.970927699920075605e-10
7.570000153035830692e+01 -5.970602442297899627e-10 -5.970751156960120226e-10
7.580000153237980953e+01 -5.970424310605450212e-10 -5.970574619220028131e-10
7.590000153440131214e+01 -5.970246184222139617e-10 -5.970398086699643191e-10
7.600000153642305634e+01 -5.970068063147830325e-10 -5.970221559398810309e-10
7.610000153844457316e+01 -5.969889947382330014e-10 -5.970045037317376457e-10
7.620000154046631735e+01 -5.969711836925510473e-10 -5.969868520455186538e-10
7.630000154248781996e+01 -5.969533731777200061e-10 -5.969692008812087524e-10
7.640000154450956416e+01 -5.969355631937219900e-10 -5.969515502387924319e-10
7.650000154653106677e+01 -5.969177537405439710e-10 -5.969339001182541827e-10
7.660000154855256937e+01 -5.968999448181670273e-10 -5.969162505195788052e-10
7.670000155057432778e+01 -5.968821364265789579e-10 -5.968986014427504796e-10
7.680000155259581618e+01 -5.968643285657630126e-10 -5.968809528877541100e-10
7.690000155461757458e+01 -5.968465212357029577e-10 -5.968633048545741867e-10
7.700000155663907719e+01 -5.968287144363829736e-10 -5.968456573431952000e-10
7.710000155866083560e+01 -5.968109081677870336e-10 -5.968280103536018471e-10
7.720000156068232400e+01 -5.967931024299000417e-10 -5.968103638857786183e-10
7.730000156270384082e+01 -5.967752972227059712e-10 -5.967927179397101075e-10
7.740000156472558501e+01 -5.967574925461879683e-10 -5.967750725153808049e-10
7.750000156674708762e+01 -5.967396884003300064e-10 -5.967574276127755112e-10
7.760000156876883182e+01 -5.967218847851180234e-10 -5.967397832318785099e-10
7.770000157079033443e+01 -5.967040817005359927e-10 -5.967221393726744982e-10
7.780000157281207862e+01 -5.966862791465660266e-10 -5.967044960351481732e-10
7.790000157483359544e+01 -5.966684771231939595e-10 -5.966868532192839219e-10
7.800000157685509805e+01 -5.966506756304060395e-10 -5.966692109250664414e-10
7.810000157887684225e+01 -5.966328746681839654e-10 -5.966515691524803256e-10
7.820000158089834486e+01 -5.966150742365129513e-10 -5.966339279015100647e-10
7.830000158292010326e+01 -5.965972743353750059e-10 -5.966162871721402526e-10
7.840000158494159166e+01 -5.965794749647539992e-10 -5.965986469643554829e-10
7.850000158696335006e+01 -5.965616761246400052e-10 -5.965810072781403495e-10
7.860000158898485267e+01 -5.965438778150110000e-10 -5.965633681134794462e-10
7.870000159100659687e+01 -5.965260800358539557e-10 -5.965457294703571598e-10
7.880000159302809948e+01 -5.965082827871520183e-10 -5.965280913487583944e-10
7.890000159504960209e+01 -5.964904860688910225e-10 -5.965104537486675368e-10
7.900000159707134628e+01 -5.964726898810529771e-10 -5.964928166700691810e-10
7.910000159909286310e+01 -5.964548942236240267e-10 -5.964751801129479205e-10
7.920000160111460730e+01 -5.964370990965880414e-10 -5.964575440772883493e-10
7.930000160313610991e+01 -5.964193044999270299e-10 -5.964399085630750610e-10
7.940000160515785410e+01 -5.964015104336279643e-10 -5.964222735702926494e-10
7.950000160717937092e+01 -5.963837168976750246e-10 -5.964046390989256049e-10
7.960000160920087353e+01 -5.963659238920500129e-10 -5.963870051489585212e-10
7.970000161122261773e+01 -5.963481314167400044e-10 -5.963693717203760955e-10
7.980000161324412034e+01 -5.963303394717250435e-10 -5.963517388131629216e-10
7.990000161526586453e+01 -5.963125480569939633e-10 -5.963341064273033864e-10
8.000000161728736714e+01 -5.962947571725289792e-10 -5.963164745627822904e-10
8.010000161930912554e+01 -5.962769668183149954e-10 -5.962988432195840207e-10
8.020000162133061394e+01 -5.962591769943329866e-10 -5.962812123976933779e-10
8.030000162335213076e+01 -5.962413877005719926e-10 -5.962635820970948521e-10
8.040000162537387496e+01 -5.962235989370129884e-10 -5.962459523177729339e-10
8.050000162739537757e+01 -5.962058107036409813e-10 -5.962283230597124238e-10
8.060000162941712176e+01 -5.961880230004420126e-10 -5.962106943228976053e-10
8.070000163143862437e+01 -5.961702358273969538e-10 -5.961930661073133825e-10
8.080000163346036857e+01 -5.961524491844919495e-10 -5.961754384129441422e-10
8.090000163548188539e+01 -5.961346630717109732e-10 -5.961578112397745816e-10
8.100000163750338800e+01 -5.961168774890390322e-10 -5.961401845877891912e-10
8.110000163952513219e+01 -5.960990924364580320e-10 -5.961225584569726680e-10
8.120000164154664901e+01 -5.960813079139550478e-10 -5.961049328473095024e-10
8.130000164356839321e+01 -5.960635239215109511e-10 -5.960873077587843915e-10
8.140000164558988160e+01 -5.960457404591160224e-10 -5.960696831913818258e-10
8.150000164761164001e+01 -5.960279575267480315e-10 -5.960520591450863991e-10
8.160000164963314262e+01 -5.960101751243930195e-10 -5.960344356198828083e-10
8.170000165165464523e+01 -5.959923932520359938e-10 -5.960168126157556474e-10
8.180000165367638942e+01 -5.959746119096619618e-10 -5.959991901326893033e-10
8.190000165569789203e+01 -5.959568310972560342e-10 -5.959815681706685765e-10
8.200000165771963623e+01 -5.959390508147989790e-10 -5.959639467296779574e-10
8.210000165974115305e+01 -5.959212710622770445e-10 -5.959463258097021432e-10
8.220000166176289724e+01 -5.959034918396729631e-10 -5.959287054107257276e-10
8.230000166378439985e+01 -5.958857131469729831e-10 -5.959110855327330976e-10
8.240000166580591667e+01 -5.958679349841609743e-10 -5.958934661757091571e-10
8.250000166782766087e+01 -5.958501573512180151e-10 -5.958758473396380864e-10
8.260000166984916348e+01 -5.958323802481350064e-10 -5.958582290245049961e-10
8.270000167187090767e+01 -5.958146036748889940e-10 -5.958406112302940664e-10
8.280000167389241028e+01 -5.957968276314660193e-10 -5.958229939569900980e-10
8.290000167591415448e+01 -5.957790521178550186e-10 -5.958053772045776845e-10
8.300000167793567130e+01 -5.957612771340339683e-10 -5.957877609730414197e-10
8.310000167995741549e+01 -5.957435026799930456e-10 -5.957701452623657939e-10
8.320000168197890389e+01 -5.957257287557100201e-10 -5.957525300725355044e-10
8.330000168400042071e+01 -5.957079553611749656e-10 -5.957349154035350416e-10
8.340000168602216490e+01 -5.956901824963680296e-10 -5.957173012553492058e-10
8.350000168804366751e+01 -5.956724101612740129e-10 -5.956996876279624876e-10
8.360000169006541171e+01 -5.956546383558789567e-10 -5.956820745213593773e-10
8.370000169208691432e+01 -5.956368670801670412e-10 -5.956644619355246754e-10
8.380000169410867272e+01 -5.956190963341209990e-10 -5.956468498704428723e-10
8.390000169613017533e+01 -5.956013261177280088e-10 -5.956292383260985617e-10
8.400000169815167794e+01 -5.955835564309650130e-10 -5.956116273024764409e-10
8.410000170017342214e+01 -5.955657872738240498e-10 -5.955940167995610002e-10
8.420000170219493896e+01 -5.955480186462859909e-10 -5.955764068173368333e-10
8.430000170421668315e+01 -5.955302505483350162e-10 -5.955587973557886374e-10
8.440000170623818576e+01 -5.955124829799560299e-10 -5.955411884149011097e-10
8.450000170825992996e+01 -5.954947159411360038e-10 -5.955235799946585337e-10
8.460000171028143257e+01 -5.954769494318540516e-10 -5.955059720950459168e-10
8.470000171230293518e+01 -5.954591834520960078e-10 -5.954883647160475426e-10
8.480000171432467937e+01 -5.954414180018469832e-10 -5.954707578576482115e-10
8.490000171634618198e+01 -5.954236530810939497e-10 -5.954531515198324141e-10
8.500000171836792617e+01 -5.954058886898149869e-10 -5.954355457025847439e-10
8.510000172038944299e+01 -5.953881248279990314e-10 -5.954179404058898983e-10
8.520000172241118719e+01 -5.953703614956279886e-10 -5.954003356297325743e-10
8.530000172443268980e+01 -5.953525986926869692e-10 -5.953827313740970555e-10
8.540000172645420662e+01 -5.953348364191620146e-10 -5.953651276389683493e-10
8.550000172847595081e+01 -5.953170746750329622e-10 -5.953475244243307392e-10
8.560000173049745342e+01 -5.952993134602880247e-10 -5.953299217301691292e-10
8.570000173251919762e+01 -5.952815527749100381e-10 -5.953123195564678029e-10
8.580000173454070023e+01 -5.952637926188829758e-10 -5.952947179032115608e-10
8.590000173656244442e+01 -5.952460329921899840e-10 -5.952771167703849966e-10
8.600000173858396124e+01 -5.952282738948199991e-10 -5.952595161579728076e-10
8.610000174060544964e+01 -5.952105153267529620e-10 -5.952419160659594841e-10
8.620000174262720805e+01 -5.951927572879729495e-10 -5.952243164943296199e-10
8.630000174464871066e+01 -5.951749997784640383e-10 -5.952067174430679121e-10
8.640000174667045485e+01 -5.951572427982140276e-10 -5.951891189121589544e-10
8.650000174869195746e+01 -5.951394863472039955e-10 -5.951715209015874441e-10
8.660000175071370165e+01 -5.951217304254180190e-10 -5.951539234113377681e-10
8.670000175273521847e+01 -5.951039750328450343e-10 -5.951363264413947270e-10
8.680000175475672108e+01 -5.950862201694639484e-10 -5.951187299917429145e-10
8.690000175677846528e+01 -5.950684658352590449e-10 -5.951011340623668210e-10
8.700000175879996789e+01 -5.950507120302169855e-10 -5.950835386532513504e-10
8.710000176082171208e+01 -5.950329587543199858e-10 -5.950659437643807863e-10
8.720000176284322890e+01 -5.950152060075559483e-10 -5.950483493957399293e-10
8.730000176486497310e+01 -5.949974537899069852e-10 -5.950307555473133731e-10
8.740000176688647571e+01 -5.949797021013560359e-10 -5.950131622190857115e-10
8.750000176890797832e+01 -5.949619509418890384e-10 -5.949955694110416416e-10
8.760000177092972251e+01 -5.949442003114909999e-10 -5.949779771231656538e-10
8.770000177295122512e+01 -5.949264502101410342e-10 -5.949603853554424454e-10
8.780000177497298353e+01 -5.949087006378279744e-10 -5.949427941078566099e-10
8.790000177699447192e+01 -5.948909515945370345e-10 -5.949252033803928446e-10
8.800000177901621612e+01 -5.948732030802489827e-10 -5.949076131730356399e-10
8.810000178103773294e+01 -5.948554550949520316e-10 -5.948900234857696929e-10
8.820000178305947713e+01 -5.948377076386269493e-10 -5.948724343185795973e-10
8.830000178508097974e+01 -5.948199607112580193e-10 -5.948548456714501538e-10
8.840000178710249656e+01 -5.948022143128330407e-10 -5.948372575443657493e-10
8.850000178912424076e+01 -5.947844684433319544e-10 -5.948196699373110809e-10
8.860000179114574337e+01 -5.947667231027399745e-10 -5.948020828502707425e-10
8.870000179316748756e+01 -5.947489782910450036e-10 -5.947844962832294311e-10
8.880000179518899017e+01 -5.947312340082259485e-10 -5.947669102361717405e-10
8.890000179721073437e+01 -5.947134902542729864e-10 -5.947493247090822645e-10
8.900000179923225119e+01 -5.946957470291629563e-10 -5.947317397019457003e-10
8.910000180125373959e+01 -5.946780043328880000e-10 -5.947141552147466416e-10
8.920000180327549799e+01 -5.946602621654270243e-10 -5.946965712474696822e-10
8.930000180529700060e+01 -5.946425205267659672e-10 -5.946789878000995192e-10
8.940000180731875901e+01 -5.946247794168900429e-10 -5.946614048726206430e-10
8.950000180934024741e+01 -5.946070388357809500e-10 -5.946438224650178541e-10
8.960000181136200581e+01 -5.945892987834229720e-10 -5.946262405772757464e-10
8.970000181338350842e+01 -5.945715592598029774e-10 -5.946086592093788101e-10
8.980000181540501103e+01 -5.945538202649020445e-10 -5.945910783613118459e-10
8.990000181742675522e+01 -5.945360817987090064e-10 -5.945734980330592407e-10
9.000000181944825783e+01 -5.945183438612080432e-10 -5.945559182246060018e-10
9.010000182147000203e+01 -5.945006064523779584e-10 -5.945383389359365162e-10
9.020000182349151885e+01 -5.944828695722069647e-10 -5.945207601670353777e-10
9.030000182551326304e+01 -5.944651332206790355e-10 -5.945031819178872835e-10
9.040000182753476565e+01 -5.944473973977770068e-10 -5.944856041884769306e-10
9.050000182955626826e+01 -5.944296621034870233e-10 -5.944680269787888095e-10
9.060000183157802667e+01 -5.944119273377909904e-10 -5.944504502888077207e-10
9.070000183359951507e+01 -5.943941931006740188e-10 -5.944328741185182580e-10
9.080000183562127347e+01 -5.943764593921220466e-10 -5.944152984679049118e-10
9.090000183764276187e+01 -5.943587262121160485e-10 -5.943977233369524825e-10
9.100000183966452028e+01 -5.943409935606449610e-10 -5.943801487256454606e-10
9.110000184168602289e+01 -5.943232614376869672e-10 -5.943625746339686466e-10
9.120000184370752550e+01 -5.943055298432329682e-10 -5.943450010619066342e-10
9.130000184572926969e+01 -5.942877987772630081e-10 -5.943274280094438106e-10
9.140000184775078651e+01 -5.942700682397609571e-10 -5.943098554765651829e-10
9.150000184977253070e+01 -5.942523382307139937e-10 -5.942922834632552415e-10
9.160000185179403331e+01 -5.942346087501049540e-10 -5.942747119694985803e-10
9.170000185381577751e+01 -5.942168797979159502e-10 -5.942571409952797930e-10
9.180000185583728012e+01 -5.941991513741349882e-10 -5.942395705405836801e-10
9.190000185785879694e+01 -5.941814234787460413e-10 -5.942220006053948354e-10
9.200000185988054113e+01 -5.941636961117299810e-10 -5.942044311896977492e-10
9.210000186190204374e+01 -5.941459692730750200e-10 -5.941868622934772222e-10
9.220000186392378794e+01 -5.941282429627620298e-10 -5.941692939167178480e-10
9.230000186594529055e+01 -5.941105171807760176e-10 -5.941517260594042205e-10
9.240000186796704895e+01 -5.940927919271039554e-10 -5.941341587215209334e-10
9.250000186998853735e+01 -5.940750672017279554e-10 -5.941165919030528907e-10
9.260000187201029576e+01 -5.940573430046309570e-10 -5.940990256039843758e-10
9.270000187403179837e+01 -5.940396193358009662e-10 -5.940814598243003963e-10
9.280000187605330098e+01 -5.940218961952159591e-10 -5.940638945639853389e-10
9.290000187807504517e+01 -5.940041735828670436e-10 -5.940463298230239010e-10
9.300000188009654778e+01 -5.939864514987349877e-10 -5.940287656014008830e-10
9.310000188211829197e+01 -5.939687299428050057e-10 -5.940112018991005686e-10
9.320000188413980879e+01 -5.939510089150609675e-10 -5.939936387161080684e-10
9.330000188616155299e+01 -5.939332884154899484e-10 -5.939760760524076660e-10
9.340000188818305560e+01 -5.939155684440689940e-10 -5.939585139079840587e-10
9.350000189020457242e+01 -5.938978490007909701e-10 -5.939409522828221503e-10
9.360000189222631661e+01 -5.938801300856349903e-10 -5.939233911769062244e-10
9.370000189424781922e+01 -5.938624116985869925e-10 -5.939058305902211850e-10
9.380000189626956342e+01 -5.938446938396300195e-10 -5.938882705227516259e-10
9.390000189829106603e+01 -5.938269765087480446e-10 -5.938707109744821407e-10
9.400000190031281022e+01 -5.938092597059270059e-10 -5.938531519453974267e-10
9.410000190233431283e+01 -5.937915434311509801e-10 -5.938355934354820776e-10
9.420000190435581544e+01 -5.937738276844049745e-10 -5.938180354447207906e-10
9.430000190637755964e+01 -5.937561124656720320e-10 -5.938004779730982628e-10
9.440000190839907646e+01 -5.937383977749339545e-10 -5.937829210205989846e-10
9.450000191042082065e+01 -5.937206836121799887e-10 -5.937653645872077565e-10
9.460000191244232326e+01 -5.937029699773910061e-10 -5.937478086729092758e-10
9.470000191446406745e+01 -5.936852568705550126e-10 -5.937302532776880328e-10
9.480000191648557006e+01 -5.936675442916510183e-10 -5.937126984015287245e-10
9.490000191850708688e+01 -5.936498322406649614e-10 -5.936951440444160483e-10
9.500000192052883108e+01 -5.936321207175840204e-10 -5.936775902063345978e-10
9.510000192255033369e+01 -5.936144097223880329e-10 -5.936600368872691737e-10
9.520000192457207788e+01 -5.935966992550630401e-10 -5.936424840872042662e-10
9.530000192659359470e+01 -5.935789893155960140e-10 -5.936249318061245725e-10
9.540000192861533890e+01 -5.935612799039689634e-10 -5.936073800440146865e-10
9.550000193063682730e+01 -5.935435710201659650e-10 -5.935898288008595120e-10
9.560000193265834412e+01 -5.935258626641750248e-10 -5.935722780766434360e-10
9.570000193468008831e+01 -5.935081548359740157e-10 -5.935547278713512590e-10
9.580000193670159092e+01 -5.934904475355530115e-10 -5.935371781849675749e-10
9.590000193872333512e+01 -5.934727407628929870e-10 -5.935196290174769774e-10
9.600000194074483773e+01 -5.934550345179780191e-10 -5.935020803688642671e-10
9.610000194276658192e+01 -5.934373288007940455e-10 -5.934845322391140376e-10
9.620000194478809874e+01 -5.934196236113240059e-10 -5.934669846282109862e-10
9.630000194680960135e+01 -5.934019189495510463e-10 -5.934494375361397067e-10
9.640000194883134554e+01 -5.933842148154620352e-10 -5.934318909628847927e-10
9.650000195085286236e+01 -5.933665112090410495e-10 -5.934143449084311483e-10
9.660000195287460656e+01 -5.933488081302710284e-10 -5.933967993727631604e-10
9.670000195489610917e+01 -5.933311055791390474e-10 -5.933792543558657329e-10
9.680000195691785336e+01 -5.933134035556259779e-10 -5.933617098577233563e-10
9.690000195893935597e+01 -5.932957020597179646e-10 -5.933441658783207276e-10
9.700000196096085858e+01 -5.932780010913970163e-10 -5.933266224176425441e-10
9.710000196298261699e+01 -5.932603006506519661e-10 -5.933090794756735030e-10
9.720000196500410539e+01 -5.932426007374650296e-10 -5.932915370523980944e-10
9.730000196702584958e+01 -5.932249013518169749e-10 -5.932739951478011191e-10
9.740000196904736640e+01 -5.932072024936949806e-10 -5.932564537618672742e-10
9.750000197106911060e+01 -5.931895041630849846e-10 -5.932389128945812568e-10
9.760000197309061321e+01 -5.931718063599679619e-10 -5.932213725459275573e-10
9.770000197511235740e+01 -5.931541090843320217e-10 -5.932038327158908729e-10
9.780000197713387422e+01 -5.931364123361580355e-10 -5.931862934044561075e-10
9.790000197915537683e+01 -5.931187161154329751e-10 -5.931687546116076481e-10
9.800000198117712102e+01 -5.931010204221380223e-10 -5.931512163373301918e-10
9.810000198319862363e+01 -5.930833252562590114e-10 -5.931336785816086426e-10
9.820000198522036783e+01 -5.930656306177809500e-10 -5.931161413444272841e-10
9.830000198724188465e+01 -5.930479365066859501e-10 -5.930986046257711236e-10
9.840000198926362884e+01 -5.930302429229609838e-10 -5.930810684256247549e-10
9.850000199128513145e+01 -5.930125498665900243e-10 -5.930635327439727717e-10
9.860000199330663406e+01 -5.929948573375570451e-10 -5.930459975807998712e-10
9.870000199532837826e+01 -5.929771653358460196e-10 -5.930284629360907505e-10
9.880000199734988087e+01 -5.929594738614399904e-10 -5.930109288098300035e-10
9.890000199937162506e+01 -5.929417829143239651e-10 -5.929933952020024306e-10
9.900000200139312767e+01 -5.929240924944839848e-10 -5.929758621125926257e-10
9.910000200341487187e+01 -5.929064026019029891e-10 -5.929583295415851825e-10
9.920000200543638869e+01 -5.928887132365659853e-10 -5.929407974889649015e-10
9.930000200745789130e+01 -5.928710243984560161e-10 -5.929232659547163765e-10
9.940000200947963549e+01 -5.928533360875569515e-10 -5.929057349388244081e-10
9.950000201150115231e+01 -5.928356483038550397e-10 -5.928882044412734866e-10
9.960000201352289650e+01 -5.928179610473330133e-10 -5.928706744620484126e-10
9.970000201554439911e+01 -5.928002743179770169e-10 -5.928531450011337799e-10
9.980000201756614331e+01 -5.927825881157680255e-10 -5.928356160585142855e-10
9.990000201958764592e+01 -5.927649024406940449e-10 -5.928180876341746268e-10
1.000000020216091485e+02 -5.927472172927360500e-10 -5.928005597280996041e-10
