#time(au), s(t), s(t) without exp(iwt)
 0.00000000000000e+01 -2.72519705478490e-17 -2.72519705478490e-17
 4.13413741709430e+03 -6.73525891481243e-17 -1.03930087601483e-16
 8.26827483418859e+03 -5.74193391001664e-17 -2.07237881554303e-16
 1.24024122512829e+04  3.57108842200494e-18 -3.33781857309392e-16
 1.65365496683772e+04  1.14469003607140e-16 -4.76532941691384e-16
 2.06706870854715e+04  2.72906667006171e-16 -6.27352559360520e-16
 2.48048245025658e+04  4.75897161976857e-16 -7.78294574795503e-16
 2.89389619196601e+04  7.20203588552076e-16 -9.22206697982551e-16
 3.30730993367544e+04  1.00256082819814e-15 -1.05294600232633e-15
 3.72072367538487e+04  1.31980362261686e-15 -1.16539360682741e-15
 4.13413741709430e+04  1.66893586677978e-15 -1.25537446570397e-15
 4.54755115880372e+04  2.04716359373364e-15 -1.31954064133386e-15
 4.96096490051315e+04  2.45190605045982e-15 -1.35524840973914e-15
 5.37437864222258e+04  2.88079395532707e-15 -1.36044360805263e-15
 5.78779238393201e+04  3.33166062823683e-15 -1.33356087665527e-15
 6.20120612564144e+04  3.80252949838672e-15 -1.27343793201054e-15
 6.61461986735087e+04  4.29160010618449e-15 -1.17924388488021e-15
 7.02803360906030e+04  4.79723380671486e-15 -1.05041983300716e-15
 7.44144735076973e+04  5.31793989939064e-15 -8.86629738021904e-16
 7.85486109247916e+04  5.85236252918975e-15 -6.87719789884798e-16
 8.26827483418859e+04  6.39926852646970e-15 -4.53684699703490e-16
 8.68168857589802e+04  6.95753623835378e-15 -1.84639636245732e-16
 9.09510231760745e+04  7.52614532174807e-15  1.19203210332959e-16
 9.50851605931688e+04  8.10416747104041e-15  4.57554280776514e-16
 9.92192980102631e+04  8.69075798885767e-15  8.30063140601559e-16
 1.03353435427357e+05  9.28514815324882e-15  1.23633235935746e-15
 1.07487572844452e+05  9.88663828697229e-15  1.67592916862800e-15
 1.11621710261546e+05  1.04945914732592e-14  2.14839524917362e-15
 1.15755847678640e+05  1.11084278768758e-14  2.65325494604904e-15
 1.19889985095735e+05  1.17276195634375e-14  3.19002209323560e-15
 1.24024122512829e+05  1.23516858203988e-14  3.75820569686289e-15
 1.28158259929923e+05  1.29801888969058e-14  4.35731460567493e-15
 1.32292397347018e+05  1.36127301384677e-14  4.98686132784523e-15
 1.36426534764112e+05  1.42489464763709e-14  5.64636511322895e-15
 1.40560672181206e+05  1.48885072334190e-14  6.33535440147685e-15
 1.44694809598300e+05  1.55311112186415e-14  7.05336873061624e-15
 1.48828947015395e+05  1.61764840900080e-14  7.79996019159833e-15
 1.52963084432489e+05  1.68243759500354e-14  8.57469448773598e-15
 1.57097221849583e+05  1.74745591641289e-14  9.37715167108606e-15
 1.61231359266678e+05  1.81268263706733e-14  1.02069265971770e-14
 1.65365496683772e+05  1.87809886661068e-14  1.10636291449794e-14
 1.69499634100866e+05  1.94368739656236e-14  1.19468842585098e-14
 1.73633771517960e+05  2.00943255002872e-14  1.28563318197496e-14
 1.77767908935055e+05  2.07532004500689e-14  1.37916263954711e-14
 1.81902046352149e+05  2.14133687029810e-14  1.47524368853259e-14
 1.86036183769243e+05  2.20747117202533e-14  1.57384460842230e-14
 1.90170321186338e+05  2.27371215062894e-14  1.67493501863229e-14
 1.94304458603432e+05  2.34004996712428e-14  1.77848582430883e-14
 1.98438596020526e+05  2.40647565740551e-14  1.88446915853121e-14
 2.02572733437620e+05  2.47298105473903e-14  1.99285832291851e-14
 2.06706870854715e+05  2.53955871814983e-14  2.10362772595760e-14
 2.10841008271809e+05  2.60620186852641e-14  2.21675282232342e-14
 2.14975145688903e+05  2.67290432941924e-14  2.33221005134371e-14
 2.19109283105998e+05  2.73966047324915e-14  2.44997677638751e-14
 2.23243420523092e+05  2.80646517282334e-14  2.57003122597017e-14
 2.27377557940186e+05  2.87331375676833e-14  2.69235243595774e-14
 2.31511695357280e+05  2.94020196856177e-14  2.81692019316391e-14
 2.35645832774375e+05  3.00712593049259e-14  2.94371498230473e-14
 2.39779970191469e+05  3.07408210925654e-14  3.07271793338376e-14
 2.43914107608563e+05  3.14106728564124e-14  3.20391077244030e-14
 2.48048245025658e+05  3.20807852661465e-14  3.33727577424612e-14
 2.52182382442752e+05  3.27511315947117e-14  3.47279571692501e-14
 2.56316519859846e+05  3.34216874935642e-14  3.61045383999051e-14
 2.60450657276940e+05  3.40924307777928e-14  3.75023380362683e-14
 2.64584794694035e+05  3.47633412333098e-14  3.89211965058780e-14
 2.68718932111129e+05  3.54344004411645e-14  4.03609577028528e-14
 2.72853069528223e+05  3.61055916208940e-14  4.18214686540666e-14
 2.76987206945318e+05  3.67768994820147e-14  4.33025792000697e-14
 2.81121344362412e+05  3.74483100944842e-14  4.48041417022439e-14
 2.85255481779506e+05  3.81198107672956e-14  4.63260107654677e-14
 2.89389619196601e+05  3.87913899322584e-14  4.78680429737614e-14
 2.93523756613695e+05  3.94630370531859e-14  4.94300966593251e-14
 2.97657894030789e+05  4.01347425292170e-14  5.10120316732814e-14
 3.01792031447884e+05  4.08064976147044e-14  5.26137091808506e-14
 3.05926168864978e+05  4.14782943380195e-14  5.42349914632349e-14
 3.10060306282072e+05  4.21501254352209e-14  5.58757417415900e-14
 3.14194443699167e+05  4.28219842907359e-14  5.75358240154412e-14
 3.18328581116261e+05  4.34938648754038e-14  5.92151029053224e-14
 3.22462718533355e+05  4.41657616982111e-14  6.09134435159850e-14
 3.26596855950449e+05  4.48376697557465e-14  6.26307113036615e-14
 3.30730993367544e+05  4.55095844846976e-14  6.43667719527230e-14
 3.34865130784638e+05  4.61815017321165e-14  6.61214912758555e-14
 3.38999268201732e+05  4.68534177115333e-14  6.78947351057151e-14
 3.43133405618827e+05  4.75253289771282e-14  6.96863692098826e-14
 3.47267543035921e+05  4.81972323845210e-14  7.14962591977924e-14
 3.51401680453015e+05  4.88691250704387e-14  7.33242704506665e-14
 3.55535817870110e+05  4.95410044275326e-14  7.51702680517121e-14
 3.59669955287204e+05  5.02128680795220e-14  7.70341167202346e-14
 3.63804092704298e+05  5.08847138623879e-14  7.89156807563739e-14
 3.67938230121393e+05  5.15565398010449e-14  8.08148239845155e-14
 3.72072367538487e+05  5.22283440992569e-14  8.27314097135523e-14
 3.76206504955581e+05  5.29001251189570e-14  8.46653006898664e-14
 3.80340642372676e+05  5.35718813694060e-14  8.66163590632788e-14
 3.84474779789770e+05  5.42436114933047e-14  8.85844463524110e-14
 3.88608917206864e+05  5.49153142499225e-14  9.05694234099956e-14
 3.92743054623959e+05  5.55869885111227e-14  9.25711504035821e-14
 3.96877192041053e+05  5.62586332486095e-14  9.45894867894560e-14
 4.01011329458147e+05  5.69302475287322e-14  9.66242912966247e-14
 4.05145466875241e+05  5.76018304960328e-14  9.86754219011332e-14
 4.09279604292336e+05  5.82733813760261e-14  1.00742735821689e-13
 4.13413741709430e+05  5.89448994607201e-14  1.02826089499684e-13
 4.17547879126524e+05  5.96163841048340e-14  1.04925338591582e-13
 4.21682016543619e+05  6.02878347198470e-14  1.07040337960442e-13
 4.25816153960713e+05  6.09592507716921e-14  1.09170941672365e-13
 4.29950291377807e+05  6.16306317728357e-14  1.11317002989109e-13
 4.34084428794902e+05  6.23019772802295e-14  1.13478374366981e-13
 4.38218566211996e+05  6.29732868892488e-14  1.15654907453500e-13
 4.42352703629090e+05  6.36445602330404e-14  1.17846453089866e-13
 4.46486841046185e+05  6.43157969742478e-14  1.20052861307397e-13
 4.50620978463279e+05  6.49869968077579e-14  1.22273981335143e-13
 4.54755115880373e+05  6.56581594574046e-14  1.24509661602831e-13
 4.58889253297468e+05  6.63292846689220e-14  1.26759749740344e-13
 4.63023390714562e+05  6.70003722113235e-14  1.29024092586655e-13
 4.67157528131656e+05  6.76714218772538e-14  1.31302536198161e-13
 4.71291665548751e+05  6.83424334725043e-14  1.33594925846918e-13
 4.75425802965845e+05  6.90134068236974e-14  1.35901106037272e-13
 4.79559940382939e+05  6.96843417735142e-14  1.38220920510976e-13
 4.83694077800033e+05  7.03552381781976e-14  1.40554212254752e-13
 4.87828215217128e+05  7.10260959038219e-14  1.42900823506982e-13
 4.91962352634222e+05  7.16969148325380e-14  1.45260595774924e-13
 4.96096490051316e+05  7.23676948591189e-14  1.47633369842829e-13
 5.00230627468411e+05  7.30384358813016e-14  1.50018985773528e-13
 5.04364764885505e+05  7.37091378077066e-14  1.52417282928558e-13
 5.08498902302599e+05  7.43798005606528e-14  1.54828099983196e-13
 5.12633039719694e+05  7.50504240641625e-14  1.57251274926915e-13
 5.16767177136788e+05  7.57210082504171e-14  1.59686645082672e-13
 5.20901314553882e+05  7.63915530569012e-14  1.62134047116935e-13
 5.25035451970977e+05  7.70620584305165e-14  1.64593317057361e-13
 5.29169589388071e+05  7.77325243194789e-14  1.67064290297505e-13
 5.33303726805165e+05  7.84029506778132e-14  1.69546801615487e-13
 5.37437864222260e+05  7.90733374625364e-14  1.72040685184684e-13
 5.41572001639354e+05  7.97436846384939e-14  1.74545774592463e-13
 5.45706139056448e+05  8.04139921670984e-14  1.77061902843085e-13
 5.49840276473543e+05  8.10842600208142e-14  1.79588902386568e-13
 5.53974413890637e+05  8.17544881711564e-14  1.82126605120619e-13
 5.58108551307731e+05  8.24246765900557e-14  1.84674842406946e-13
 5.62242688724826e+05  8.30948252568686e-14  1.87233445092370e-13
 5.66376826141920e+05  8.37649341493533e-14  1.89802243515127e-13
 5.70510963559014e+05  8.44350032501405e-14  1.92381067525264e-13
 5.74645100976108e+05  8.51050325414582e-14  1.94969746495073e-13
 5.78779238393203e+05  8.57750220062756e-14  1.97568109334611e-13
 5.82913375810297e+05  8.64449716335412e-14  2.00175984512478e-13
 5.87047513227391e+05  8.71148814088136e-14  2.02793200060965e-13
 5.91181650644486e+05  8.77847513223010e-14  2.05419583599785e-13
 5.95315788061580e+05  8.84545813629240e-14  2.08054962345067e-13
 5.99449925478674e+05  8.91243715221338e-14  2.10699163128659e-13
 6.03584062895769e+05  8.97941217910879e-14  2.13352012410771e-13
 6.07718200312863e+05  9.04638321648299e-14  2.16013336299040e-13
 6.11852337729957e+05  9.11335026338918e-14  2.18682960556091e-13
 6.15986475147052e+05  9.18031331951715e-14  2.21360710625902e-13
 6.20120612564146e+05  9.24727238406413e-14  2.24046411637747e-13
 6.24254749981240e+05  9.31422745695191e-14  2.26739888434243e-13
 6.28388887398335e+05  9.38117853767244e-14  2.29440965575249e-13
 6.32523024815429e+05  9.44812562581756e-14  2.32149467358768e-13
 6.36657162232523e+05  9.51506872113109e-14  2.34865217837395e-13
 6.40791299649618e+05  9.58200782334310e-14  2.37588040831952e-13
 6.44925437066712e+05  9.64894293212329e-14  2.40317759947389e-13
 6.49059574483806e+05  9.71587404758422e-14  2.43054198592835e-13
 6.53193711900900e+05  9.78280116947726e-14  2.45797179989814e-13
 6.57327849317995e+05  9.84972429786511e-14  2.48546527194566e-13
 6.61461986735089e+05  9.91664343228745e-14  2.51302063105532e-13
 6.65596124152183e+05  9.98355857274361e-14  2.54063610489116e-13
 6.69730261569278e+05  1.00504697195092e-13  2.56830991993422e-13
 6.73864398986372e+05  1.01173768722034e-13  2.59604030154895e-13
 6.77998536403466e+05  1.01842800311346e-13  2.62382547427840e-13
 6.82132673820561e+05  1.02511791959397e-13  2.65166366186239e-13
 6.86266811237655e+05  1.03180743669006e-13  2.67955308753052e-13
 6.90400948654749e+05  1.03849655440488e-13  2.70749197407016e-13
 6.94535086071844e+05  1.04518527273056e-13  2.73547854400051e-13
 6.98669223488938e+05  1.05187359170034e-13  2.76351101977913e-13
 7.02803360906032e+05  1.05856151127495e-13  2.79158762385211e-13
 7.06937498323127e+05  1.06524903149582e-13  2.81970657896170e-13
 7.11071635740221e+05  1.07193615238530e-13  2.84786610820626e-13
 7.15205773157315e+05  1.07862287392236e-13  2.87606443517502e-13
 7.19339910574410e+05  1.08530919612895e-13  2.90429978419090e-13
 7.23474047991504e+05  1.09199511901803e-13  2.93257038041816e-13
 7.27608185408598e+05  1.09868064260856e-13  2.96087445003312e-13
 7.31742322825692e+05  1.10536576690932e-13  2.98921022036792e-13
 7.35876460242787e+05  1.11205049192344e-13  3.01757592007290e-13
 7.40010597659881e+05  1.11873481767647e-13  3.04596977929817e-13
 7.44144735076975e+05  1.12541874416046e-13  3.07439002979981e-13
 7.48278872494070e+05  1.13210227140460e-13  3.10283490516432e-13
 7.52413009911164e+05  1.13878539943109e-13  3.13130264092218e-13
 7.56547147328258e+05  1.14546812823845e-13  3.15979147468848e-13
 7.60681284745353e+05  1.15215045786578e-13  3.18829964638050e-13
 7.64815422162447e+05  1.15883238830257e-13  3.21682539828616e-13
 7.68949559579541e+05  1.16551391957631e-13  3.24536697530927e-13
 7.73083696996636e+05  1.17219505168888e-13  3.27392262505486e-13
 7.77217834413730e+05  1.17887578467116e-13  3.30249059804526e-13
 7.81351971830824e+05  1.18555611854220e-13  3.33106914782940e-13
 7.85486109247919e+05  1.19223605331576e-13  3.35965653114771e-13
 7.89620246665013e+05  1.19891558900138e-13  3.38825100808252e-13
 7.93754384082107e+05  1.20559472562417e-13  3.41685084223656e-13
 7.97888521499202e+05  1.21227346319128e-13  3.44545430084922e-13
 8.02022658916296e+05  1.21895180172383e-13  3.47405965498104e-13
 8.06156796333390e+05  1.22562974124794e-13  3.50266517966103e-13
 8.10290933750484e+05  1.23230728175661e-13  3.53126915399423e-13
 8.14425071167579e+05  1.23898442326966e-13  3.55986986138169e-13
 8.18559208584673e+05  1.24566116582634e-13  3.58846558965391e-13
 8.22693346001767e+05  1.25233750944894e-13  3.61705463119465e-13
 8.26827483418862e+05  1.25901345413870e-13  3.64563528308017e-13
 8.30961620835956e+05  1.26568899989475e-13  3.67420584725125e-13
 8.35095758253050e+05  1.27236414675296e-13  3.70276463069897e-13
 8.39229895670145e+05  1.27903889474379e-13  3.73130994557448e-13
 8.43364033087239e+05  1.28571324387063e-13  3.75984010931074e-13
 8.47498170504333e+05  1.29238719414648e-13  3.78835344481018e-13
 8.51632307921428e+05  1.29906074559687e-13  3.81684828059362e-13
 8.55766445338522e+05  1.30573389823152e-13  3.84532295091634e-13
 8.59900582755616e+05  1.31240665207345e-13  3.87377579594624e-13
 8.64034720172711e+05  1.31907900713705e-13  3.90220516188409e-13
 8.68168857589805e+05  1.32575096343235e-13  3.93060940111377e-13
 8.72302995006899e+05  1.33242252099273e-13  3.95898687237259e-13
 8.76437132423994e+05  1.33909367983265e-13  3.98733594085333e-13
 8.80571269841088e+05  1.34576443995643e-13  4.01565497835403e-13
 8.84705407258182e+05  1.35243480139688e-13  4.04394236346139e-13
 8.88839544675276e+05  1.35910476417409e-13  4.07219648164732e-13
 8.92973682092371e+05  1.36577432829087e-13  4.10041572540522e-13
 8.97107819509465e+05  1.37244349377965e-13  4.12859849443949e-13
 9.01241956926559e+05  1.37911226064913e-13  4.15674319574715e-13
 9.05376094343654e+05  1.38578062892033e-13  4.18484824379573e-13
 9.09510231760748e+05  1.39244859861342e-13  4.21291206064299e-13
 9.13644369177842e+05  1.39911616973263e-13  4.24093307606437e-13
 9.17778506594937e+05  1.40578334231913e-13  4.26890972773647e-13
 9.21912644012031e+05  1.41245011636393e-13  4.29684046128858e-13
 9.26046781429125e+05  1.41911649189327e-13  4.32472373052008e-13
 9.30180918846220e+05  1.42578246893199e-13  4.35255799749855e-13
 9.34315056263314e+05  1.43244804750760e-13  4.38034173269616e-13
 9.38449193680408e+05  1.43911322761890e-13  4.40807341508941e-13
 9.42583331097503e+05  1.44577800928997e-13  4.43575153234472e-13
 9.46717468514597e+05  1.45244239252822e-13  4.46337458090687e-13
 9.50851605931691e+05  1.45910637736609e-13  4.49094106616864e-13
 9.54985743348786e+05  1.46576996381448e-13  4.51844950255373e-13
 9.59119880765880e+05  1.47243315189774e-13  4.54589841367932e-13
 9.63254018182974e+05  1.47909594164039e-13  4.57328633246718e-13
 9.67388155600069e+05  1.48575833304052e-13  4.60061180124328e-13
 9.71522293017163e+05  1.49242032613080e-13  4.62787337192691e-13
 9.75656430434257e+05  1.49908192092659e-13  4.65506960609579e-13
 9.79790567851351e+05  1.50574311742962e-13  4.68219907511976e-13
 9.83924705268446e+05  1.51240391568430e-13  4.70926036033198e-13
 9.88058842685540e+05  1.51906431570035e-13  4.73625205307959e-13
 9.92192980102634e+05  1.52572431747924e-13  4.76317275485875e-13
 9.96327117519729e+05  1.53238392105000e-13  4.79002107748258e-13
 1.00046125493682e+06  1.53904312642446e-13  4.81679564314627e-13
 1.00459539235392e+06  1.54570193364165e-13  4.84349508458643e-13
 1.00872952977101e+06  1.55236034269085e-13  4.87011804512597e-13
 1.01286366718811e+06  1.55901835359621e-13  4.89666317886738e-13
 1.01699780460520e+06  1.56567596637644e-13  4.92312915077022e-13
 1.02113194202229e+06  1.57233318106450e-13  4.94951463678101e-13
 1.02526607943939e+06  1.57898999765814e-13  4.97581832389618e-13
 1.02940021685648e+06  1.58564641620267e-13  5.00203891035427e-13
 1.03353435427358e+06  1.59230243669357e-13  5.02817510564571e-13
 1.03766849169067e+06  1.59895805915420e-13  5.05422563070331e-13
 1.04180262910777e+06  1.60561328360230e-13  5.08018921797391e-13
 1.04593676652486e+06  1.61226811004595e-13  5.10606461151460e-13
 1.05007090394195e+06  1.61892253851647e-13  5.13185056713879e-13
 1.05420504135905e+06  1.62557656903670e-13  5.15754585248391e-13
 1.05833917877614e+06  1.63223020159965e-13  5.18314924709118e-13
 1.06247331619324e+06  1.63888343622761e-13  5.20865954256796e-13
 1.06660745361033e+06  1.64553627296649e-13  5.23407554268018e-13
 1.07074159102743e+06  1.65218871182474e-13  5.25939606339185e-13
 1.07487572844452e+06  1.65884075280636e-13  5.28461993299379e-13
 1.07900986586161e+06  1.66549239594582e-13  5.30974599223743e-13
 1.08314400327871e+06  1.67214364124275e-13  5.33477309436057e-13
 1.08727814069580e+06  1.67879448872223e-13  5.35970010524687e-13
 1.09141227811290e+06  1.68544493841094e-13  5.38452590349166e-13
 1.09554641552999e+06  1.69209499030819e-13  5.40924938046179e-13
 1.09968055294709e+06  1.69874464444469e-13  5.43386944045043e-13
 1.10381469036418e+06  1.70539390082322e-13  5.45838500070209e-13
 1.10794882778128e+06  1.71204275948091e-13  5.48279499156397e-13
 1.11208296519837e+06  1.71869122042978e-13  5.50709835651261e-13
 1.11621710261546e+06  1.72533928368249e-13  5.53129405226628e-13
 1.12035124003256e+06  1.73198694926050e-13  5.55538104887517e-13
 1.12448537744965e+06  1.73863421718252e-13  5.57935832979171e-13
 1.12861951486675e+06  1.74528108746809e-13  5.60322489195719e-13
 1.13275365228384e+06  1.75192756011773e-13  5.62697974585989e-13
 1.13688778970094e+06  1.75857363517032e-13  5.65062191567436e-13
 1.14102192711803e+06  1.76521931264409e-13  5.67415043927530e-13
 1.14515606453512e+06  1.77186459254404e-13  5.69756436832374e-13
 1.14929020195222e+06  1.77850947488555e-13  5.72086276836267e-13
 1.15342433936931e+06  1.78515395970120e-13  5.74404471890108e-13
 1.15755847678641e+06  1.79179804699619e-13  5.76710931343593e-13
 1.16169261420350e+06  1.79844173680295e-13  5.79005565958356e-13
 1.16582675162060e+06  1.80508502912126e-13  5.81288287908039e-13
 1.16996088903769e+06  1.81172792398493e-13  5.83559010792614e-13
 1.17409502645478e+06  1.81837042139628e-13  5.85817649637970e-13
 1.17822916387188e+06  1.82501252140370e-13  5.88064120910206e-13
 1.18236330128897e+06  1.83165422396783e-13  5.90298342508491e-13
 1.18649743870607e+06  1.83829552915057e-13  5.92520233790706e-13
 1.19063157612316e+06  1.84493643696985e-13  5.94729715564200e-13
 1.19476571354026e+06  1.85157694744721e-13  5.96926710097280e-13
 1.19889985095735e+06  1.85821706056603e-13  5.99111141120247e-13
 1.20303398837444e+06  1.86485677638617e-13  6.01282933842563e-13
 1.20716812579154e+06  1.87149609489688e-13  6.03442014944142e-13
 1.21130226320863e+06  1.87813501611803e-13  6.05588312589981e-13
 1.21543640062573e+06  1.88477354007744e-13  6.07721756433990e-13
 1.21957053804282e+06  1.89141166678291e-13  6.09842277620812e-13
 1.22370467545992e+06  1.89804939625060e-13  6.11949808793367e-13
 1.22783881287701e+06  1.90468672851892e-13  6.14044284099806e-13
 1.23197295029410e+06  1.91132366357770e-13  6.16125639189975e-13
 1.23610708771120e+06  1.91796020147072e-13  6.18193811230980e-13
 1.24024122512829e+06  1.92459634219409e-13  6.20248738901165e-13
 1.24437536254539e+06  1.93123208577663e-13  6.22290362402119e-13
 1.24850949996248e+06  1.93786743223463e-13  6.24318623458924e-13
 1.25264363737958e+06  1.94450238159321e-13  6.26333465324705e-13
 1.25677777479667e+06  1.95113693386132e-13  6.28334832783756e-13
 1.26091191221376e+06  1.95777108905847e-13  6.30322672155975e-13
 1.26504604963086e+06  1.96440484719224e-13  6.32296931299710e-13
 1.26918018704795e+06  1.97103820829755e-13  6.34257559617901e-13
 1.27331432446505e+06  1.97767117239228e-13  6.36204508057130e-13
 1.27744846188214e+06  1.98430373949154e-13  6.38137729112293e-13
 1.28158259929924e+06  1.99093590959709e-13  6.40057176827781e-13
 1.28571673671633e+06  1.99756768273639e-13  6.41962806804820e-13
 1.28985087413343e+06  2.00419905892336e-13  6.43854576199573e-13
 1.29398501155052e+06  2.01083003819735e-13  6.45732443729743e-13
 1.29811914896761e+06  2.01746062057268e-13  6.47596369671395e-13
 1.30225328638471e+06  2.02409080603750e-13  6.49446315861482e-13
 1.30638742380180e+06  2.03072059463566e-13  6.51282245707510e-13
 1.31052156121890e+06  2.03734998637109e-13  6.53104124179992e-13
 1.31465569863599e+06  2.04397898127669e-13  6.54911917821164e-13
 1.31878983605309e+06  2.05060757933963e-13  6.56705594738482e-13
 1.32292397347018e+06  2.05723578060661e-13  6.58485124617084e-13
 1.32705811088727e+06  2.06386358508112e-13  6.60250478710145e-13
 1.33119224830437e+06  2.07049099278439e-13  6.62001629846570e-13
 1.33532638572146e+06  2.07711800374208e-13  6.63738552430101e-13
 1.33946052313856e+06  2.08374461796803e-13  6.65461222438517e-13
 1.34359466055565e+06  2.09037083546938e-13  6.67169617424867e-13
 1.34772879797275e+06  2.09699665627872e-13  6.68863716521195e-13
 1.35186293538984e+06  2.10362208040834e-13  6.70543500433804e-13
 1.35599707280693e+06  2.11024710787755e-13  6.72208951446529e-13
 1.36013121022403e+06  2.11687173869535e-13  6.73860053418900e-13
 1.36426534764112e+06  2.12349597288982e-13  6.75496791788661e-13
 1.36839948505822e+06  2.13011981046819e-13  6.77119153567802e-13
 1.37253362247531e+06  2.13674325146642e-13  6.78727127346596e-13
 1.37666775989241e+06  2.14336629589652e-13  6.80320703288021e-13
 1.38080189730950e+06  2.14998894377139e-13  6.81899873129507e-13
 1.38493603472659e+06  2.15661119510509e-13  6.83464630181606e-13
 1.38907017214369e+06  2.16323304989510e-13  6.85014969325538e-13
 1.39320430956078e+06  2.16985450818925e-13  6.86550887018402e-13
 1.39733844697788e+06  2.17647557000627e-13  6.88072381284029e-13
 1.40147258439497e+06  2.18309623535056e-13  6.89579451712414e-13
 1.40560672181207e+06  2.18971650424193e-13  6.91072099461752e-13
 1.40974085922916e+06  2.19633637671622e-13  6.92550327256010e-13
 1.41387499664625e+06  2.20295585277569e-13  6.94014139378077e-13
 1.41800913406335e+06  2.20957493243930e-13  6.95463541672927e-13
 1.42214327148044e+06  2.21619361570994e-13  6.96898541541446e-13
 1.42627740889754e+06  2.22281190263466e-13  6.98319147945027e-13
 1.43041154631463e+06  2.22942979319682e-13  6.99725371390941e-13
 1.43454568373173e+06  2.23604728743472e-13  7.01117223941983e-13
 1.43867982114882e+06  2.24266438536842e-13  7.02494719206681e-13
 1.44281395856591e+06  2.24928108703439e-13  7.03857872338871e-13
 1.44694809598301e+06  2.25589739240322e-13  7.05206700026866e-13
 1.45108223340010e+06  2.26251330152732e-13  7.06541220504537e-13
 1.45521637081720e+06  2.26912881442870e-13  7.07861453536800e-13
 1.45935050823429e+06  2.27574393109995e-13  7.09167420415584e-13
 1.46348464565139e+06  2.28235865155491e-13  7.10459143961818e-13
 1.46761878306848e+06  2.28897297583842e-13  7.11736648522079e-13
 1.47175292048557e+06  2.29558690396626e-13  7.12999959958205e-13
 1.47588705790267e+06  2.30220043593776e-13  7.14249105644697e-13
 1.48002119531976e+06  2.30881357179592e-13  7.15484114470130e-13
 1.48415533273686e+06  2.31542631153361e-13  7.16705016823337e-13
 1.48828947015395e+06  2.32203865516268e-13  7.17911844595471e-13
 1.49242360757105e+06  2.32865060272127e-13  7.19104631176412e-13
 1.49655774498814e+06  2.33526215421791e-13  7.20283411443306e-13
 1.50069188240524e+06  2.34187330966745e-13  7.21448221759458e-13
 1.50482601982233e+06  2.34848406910209e-13  7.22599099970725e-13
 1.50896015723942e+06  2.35509443251377e-13  7.23736085393423e-13
 1.51309429465652e+06  2.36170439994681e-13  7.24859218818587e-13
 1.51722843207361e+06  2.36831397140234e-13  7.25968542496547e-13
 1.52136256949071e+06  2.37492314690900e-13  7.27064100138105e-13
 1.52549670690780e+06  2.38153192649063e-13  7.28145936905148e-13
 1.52963084432490e+06  2.38814031014989e-13  7.29214099403567e-13
 1.53376498174199e+06  2.39474829791198e-13  7.30268635680611e-13
 1.53789911915908e+06  2.40135588978029e-13  7.31309595214264e-13
 1.54203325657618e+06  2.40796308577400e-13  7.32337028910923e-13
 1.54616739399327e+06  2.41456988594016e-13  7.33350989099038e-13
 1.55030153141037e+06  2.42117629027964e-13  7.34351529515721e-13
 1.55443566882746e+06  2.42778229879965e-13  7.35338705304603e-13
 1.55856980624456e+06  2.43438791152751e-13  7.36312573009957e-13
 1.56270394366165e+06  2.44099312847658e-13  7.37273190566505e-13
 1.56683808107874e+06  2.44759794966855e-13  7.38220617294236e-13
 1.57097221849584e+06  2.45420237511899e-13  7.39154913888977e-13
 1.57510635591293e+06  2.46080640483567e-13  7.40076142415107e-13
 1.57924049333003e+06  2.46741003885459e-13  7.40984366300790e-13
 1.58337463074712e+06  2.47401327718802e-13  7.41879650325838e-13
 1.58750876816422e+06  2.48061611985775e-13  7.42762060616083e-13
 1.59164290558131e+06  2.48721856687708e-13  7.43631664633572e-13
 1.59577704299840e+06  2.49382061826022e-13  7.44488531169798e-13
 1.59991118041550e+06  2.50042227402117e-13  7.45332730336439e-13
 1.60404531783259e+06  2.50702353419065e-13  7.46164333558983e-13
 1.60817945524969e+06  2.51362439876612e-13  7.46983413562669e-13
 1.61231359266678e+06  2.52022486778523e-13  7.47790044371435e-13
 1.61644773008388e+06  2.52682494125436e-13  7.48584301291529e-13
 1.62058186750097e+06  2.53342461919940e-13  7.49366260907731e-13
 1.62471600491806e+06  2.54002390162399e-13  7.50136001069523e-13
 1.62885014233516e+06  2.54662278856650e-13  7.50893600888000e-13
 1.63298427975225e+06  2.55322128001877e-13  7.51639140718186e-13
 1.63711841716935e+06  2.55981937603376e-13  7.52372702160176e-13
 1.64125255458644e+06  2.56641707658640e-13  7.53094368035387e-13
 1.64538669200354e+06  2.57301438172049e-13  7.53804222392108e-13
 1.64952082942063e+06  2.57961129145897e-13  7.54502350485346e-13
 1.65365496683772e+06  2.58620780581569e-13  7.55188838769326e-13
 1.65778910425482e+06  2.59280392479758e-13  7.55863774886583e-13
 1.66192324167191e+06  2.59939964842467e-13  7.56527247660430e-13
 1.66605737908901e+06  2.60599497672897e-13  7.57179347083789e-13
 1.67019151650610e+06  2.61258990971303e-13  7.57820164305259e-13
 1.67432565392320e+06  2.61918444738847e-13  7.58449791621338e-13
 1.67845979134029e+06  2.62577858980589e-13  7.59068322469837e-13
 1.68259392875739e+06  2.63237233694055e-13  7.59675851406731e-13
 1.68672806617448e+06  2.63896568882986e-13  7.60272474109592e-13
 1.69086220359157e+06  2.64555864548728e-13  7.60858287357712e-13
 1.69499634100867e+06  2.65215120694890e-13  7.61433389025312e-13
 1.69913047842576e+06  2.65874337320894e-13  7.61997878063569e-13
 1.70326461584286e+06  2.66533514431451e-13  7.62551854500055e-13
 1.70739875325995e+06  2.67192652024975e-13  7.63095419414027e-13
 1.71153289067705e+06  2.67851750104049e-13  7.63628674936646e-13
 1.71566702809414e+06  2.68510808670567e-13  7.64151724233377e-13
 1.71980116551123e+06  2.69169827727746e-13  7.64664671495016e-13
 1.72393530292833e+06  2.69828807276323e-13  7.65167621921107e-13
 1.72806944034542e+06  2.70487747318896e-13  7.65660681713456e-13
 1.73220357776252e+06  2.71146647855011e-13  7.66143958057940e-13
 1.73633771517961e+06  2.71805508888601e-13  7.66617559120586e-13
 1.74047185259671e+06  2.72464330420634e-13  7.67081594027577e-13
 1.74460599001380e+06  2.73123112452840e-13  7.67536172856755e-13
 1.74874012743089e+06  2.73781854986345e-13  7.67981406623180e-13
 1.75287426484799e+06  2.74440558022874e-13  7.68417407269068e-13
 1.75700840226508e+06  2.75099221566316e-13  7.68844287651310e-13
 1.76114253968218e+06  2.75757845615009e-13  7.69262161521543e-13
 1.76527667709927e+06  2.76416430174628e-13  7.69671143526436e-13
 1.76941081451637e+06  2.77074975245340e-13  7.70071349181700e-13
 1.77354495193346e+06  2.77733480828538e-13  7.70462894865595e-13
 1.77767908935055e+06  2.78391946926088e-13  7.70845897805314e-13
 1.78181322676765e+06  2.79050373539852e-13  7.71220476063603e-13
 1.78594736418474e+06  2.79708760671593e-13  7.71586748524745e-13
 1.79008150160184e+06  2.80367108321893e-13  7.71944834880439e-13
 1.79421563901893e+06  2.81025416494853e-13  7.72294855621412e-13
 1.79834977643603e+06  2.81683685190050e-13  7.72636932015231e-13
 1.80248391385312e+06  2.82341914412573e-13  7.72971186103144e-13
 1.80661805127021e+06  2.83000104160381e-13  7.73297740673362e-13
 1.81075218868731e+06  2.83658254435533e-13  7.73616719259428e-13
 1.81488632610440e+06  2.84316365242039e-13  7.73928246123255e-13
 1.81902046352150e+06  2.84974436580519e-13  7.74232446236319e-13
 1.82315460093859e+06  2.85632468451941e-13  7.74529445269748e-13
 1.82728873835569e+06  2.86290460858953e-13  7.74819369580938e-13
 1.83142287577278e+06  2.86948413802575e-13  7.75102346196414e-13
 1.83555701318987e+06  2.87606327286294e-13  7.75378502802165e-13
 1.83969115060697e+06  2.88264201311010e-13  7.75647967723935e-13
 1.84382528802406e+06  2.88922035879583e-13  7.75910869917049e-13
 1.84795942544116e+06  2.89579830992264e-13  7.76167338948825e-13
 1.85209356285825e+06  2.90237586649595e-13  7.76417504985437e-13
 1.85622770027535e+06  2.90895302855064e-13  7.76661498781531e-13
 1.86036183769244e+06  2.91552979611081e-13  7.76899451660319e-13
 1.86449597510954e+06  2.92210616919433e-13  7.77131495500483e-13
 1.86863011252663e+06  2.92868214779515e-13  7.77357762718921e-13
 1.87276424994372e+06  2.93525773193956e-13  7.77578386262700e-13
 1.87689838736082e+06  2.94183292166387e-13  7.77793499590788e-13
 1.88103252477791e+06  2.94840771698057e-13  7.78003236656631e-13
 1.88516666219501e+06  2.95498211788139e-13  7.78207731893288e-13
 1.88930079961210e+06  2.96155612441250e-13  7.78407120206686e-13
 1.89343493702920e+06  2.96812973658695e-13  7.78601536950609e-13
 1.89756907444629e+06  2.97470295440026e-13  7.78791117914373e-13
 1.90170321186338e+06  2.98127577791002e-13  7.78975999315185e-13
 1.90583734928048e+06  2.98784820708841e-13  7.79156317768589e-13
 1.90997148669757e+06  2.99442024197664e-13  7.79332210288386e-13
 1.91410562411467e+06  3.00099188260653e-13  7.79503814263813e-13
 1.91823976153176e+06  3.00756312897061e-13  7.79671267441019e-13
 1.92237389894886e+06  3.01413398110665e-13  7.79834707917120e-13
 1.92650803636595e+06  3.02070443901545e-13  7.79994274115377e-13
 1.93064217378304e+06  3.02727450272660e-13  7.80150104777282e-13
 1.93477631120014e+06  3.03384417224147e-13  7.80302338941649e-13
 1.93891044861723e+06  3.04041344759100e-13  7.80451115934057e-13
 1.94304458603433e+06  3.04698232879244e-13  7.80596575348074e-13
 1.94717872345142e+06  3.05355081585166e-13  7.80738857028995e-13
 1.95131286086852e+06  3.06011890881287e-13  7.80878101064580e-13
 1.95544699828561e+06  3.06668660766938e-13  7.81014447759287e-13
 1.95958113570270e+06  3.07325391243882e-13  7.81148037627377e-13
 1.96371527311980e+06  3.07982082315413e-13  7.81279011375311e-13
 1.96784941053689e+06  3.08638733981795e-13  7.81407509882757e-13
 1.97198354795399e+06  3.09295346245725e-13  7.81533674191312e-13
 1.97611768537108e+06  3.09951919109819e-13  7.81657645487276e-13
 1.98025182278818e+06  3.10608452573331e-13  7.81779565082204e-13
 1.98438596020527e+06  3.11264946642496e-13  7.81899574407530e-13
 1.98852009762236e+06  3.11921401315520e-13  7.82017814983774e-13
 1.99265423503946e+06  3.12577816593658e-13  7.82134428416819e-13
 1.99678837245655e+06  3.13234192480075e-13  7.82249556379770e-13
 2.00092250987365e+06  3.13890528975096e-13  7.82363340593516e-13
 2.00505664729074e+06  3.14546826081827e-13  7.82475922816176e-13
 2.00919078470784e+06  3.15203083802154e-13  7.82587444823174e-13
 2.01332492212493e+06  3.15859302137790e-13  7.82698048392622e-13
 2.01745905954202e+06  3.16515481089699e-13  7.82807875289353e-13
 2.02159319695912e+06  3.17171620660605e-13  7.82917067251154e-13
 2.02572733437621e+06  3.17827720850724e-13  7.83025765969288e-13
 2.02986147179331e+06  3.18483781663549e-13  7.83134113078054e-13
 2.03399560921040e+06  3.19139803100506e-13  7.83242250133768e-13
 2.03812974662750e+06  3.19795785163783e-13  7.83350318602219e-13
 2.04226388404459e+06  3.20451727853187e-13  7.83458459839226e-13
 2.04639802146168e+06  3.21107631170995e-13  7.83566815080003e-13
 2.05053215887878e+06  3.21763495120662e-13  7.83675525422626e-13
 2.05466629629587e+06  3.22419319702713e-13  7.83784731806978e-13
 2.05880043371297e+06  3.23075104919057e-13  7.83894575004515e-13
 2.06293457113006e+06  3.23730850771406e-13  7.84005195600334e-13
 2.06706870854716e+06  3.24386557262545e-13  7.84116733979236e-13
 2.07120284596425e+06  3.25042224392660e-13  7.84229330306179e-13
 2.07533698338135e+06  3.25697852165054e-13  7.84343124515619e-13
 2.07947112079844e+06  3.26353440580921e-13  7.84458256291977e-13
 2.08360525821553e+06  3.27008989639970e-13  7.84574865053523e-13
 2.08773939563263e+06  3.27664499347527e-13  7.84693089944887e-13
 2.09187353304972e+06  3.28319969702437e-13  7.84813069808485e-13
 2.09600767046682e+06  3.28975400708130e-13  7.84934943179762e-13
 2.10014180788391e+06  3.29630792366312e-13  7.85058848267094e-13
 2.10427594530101e+06  3.30286144675614e-13  7.85184922932765e-13
 2.10841008271810e+06  3.30941457642647e-13  7.85313304690747e-13
 2.11254422013519e+06  3.31596731268218e-13  7.85444130675311e-13
 2.11667835755229e+06  3.32251965549751e-13  7.85577537629013e-13
 2.12081249496938e+06  3.32907160492010e-13  7.85713661899000e-13
 2.12494663238648e+06  3.33562316097621e-13  7.85852639410782e-13
 2.12908076980357e+06  3.34217432367537e-13  7.85994605653729e-13
 2.13321490722067e+06  3.34872509304263e-13  7.86139695669320e-13
 2.13734904463776e+06  3.35527546908616e-13  7.86288044032423e-13
 2.14148318205485e+06  3.36182545181897e-13  7.86439784838847e-13
 2.14561731947195e+06  3.36837504127284e-13  7.86595051690687e-13
 2.14975145688904e+06  3.37492423745319e-13  7.86753977677279e-13
 2.15388559430614e+06  3.38147304038416e-13  7.86916695364922e-13
 2.15801973172323e+06  3.38802145007742e-13  7.87083336777747e-13
 2.16215386914033e+06  3.39456946656913e-13  7.87254033387699e-13
 2.16628800655742e+06  3.40111708985717e-13  7.87428916092449e-13
 2.17042214397451e+06  3.40766431995997e-13  7.87608115206429e-13
 2.17455628139161e+06  3.41421115691491e-13  7.87791760446871e-13
 2.17869041880870e+06  3.42075760070075e-13  7.87979980909821e-13
 2.18282455622580e+06  3.42730365136899e-13  7.88172905069996e-13
 2.18695869364289e+06  3.43384930892384e-13  7.88370660753049e-13
 2.19109283105999e+06  3.44039457338982e-13  7.88573375128227e-13
 2.19522696847708e+06  3.44693944477992e-13  7.88781174690304e-13
 2.19936110589417e+06  3.45348392310991e-13  7.88994185247646e-13
 2.20349524331127e+06  3.46002800839843e-13  7.89212531906419e-13
 2.20762938072836e+06  3.46657170068494e-13  7.89436339058595e-13
 2.21176351814546e+06  3.47311499996632e-13  7.89665730361576e-13
 2.21589765556255e+06  3.47965790622904e-13  7.89900828727333e-13
 2.22003179297965e+06  3.48620041954072e-13  7.90141756316620e-13
 2.22416593039674e+06  3.49274253990427e-13  7.90388634510872e-13
 2.22830006781383e+06  3.49928426733259e-13  7.90641583906138e-13
 2.23243420523093e+06  3.50582560184294e-13  7.90900724297239e-13
 2.23656834264802e+06  3.51236654346334e-13  7.91166174666011e-13
 2.24070248006512e+06  3.51890709219250e-13  7.91438053162680e-13
 2.24483661748221e+06  3.52544724806728e-13  7.91716477099318e-13
 2.24897075489931e+06  3.53198701109070e-13  7.92001562928473e-13
 2.25310489231640e+06  3.53852638127877e-13  7.92293426235285e-13
 2.25723902973349e+06  3.54506535865950e-13  7.92592181722724e-13
 2.26137316715059e+06  3.55160394325323e-13  7.92897943196978e-13
 2.26550730456768e+06  3.55814213506816e-13  7.93210823553578e-13
 2.26964144198478e+06  3.56467993411521e-13  7.93530934765494e-13
 2.27377557940187e+06  3.57121734043641e-13  7.93858387873428e-13
 2.27790971681897e+06  3.57775435402414e-13  7.94193292963998e-13
 2.28204385423606e+06  3.58429097490950e-13  7.94535759165601e-13
 2.28617799165316e+06  3.59082720309909e-13  7.94885894629927e-13
 2.29031212907025e+06  3.59736303862474e-13  7.95243806523580e-13
 2.29444626648734e+06  3.60389848150132e-13  7.95609601011113e-13
 2.29858040390444e+06  3.61043353174464e-13  7.95983383245068e-13
 2.30271454132153e+06  3.61696818936641e-13  7.96365257351562e-13
 2.30684867873863e+06  3.62350245439405e-13  7.96755326421210e-13
 2.31098281615572e+06  3.63003632684085e-13  7.97153692492712e-13
 2.31511695357282e+06  3.63656980672692e-13  7.97560456544151e-13
 2.31925109098991e+06  3.64310289404820e-13  7.97975718476374e-13
 2.32338522840700e+06  3.64963558885353e-13  7.98399577109410e-13
 2.32751936582410e+06  3.65616789112474e-13  7.98832130158334e-13
 2.33165350324119e+06  3.66269980092882e-13  7.99273474237181e-13
 2.33578764065829e+06  3.66923131824469e-13  7.99723704828995e-13
 2.33992177807538e+06  3.67576244309536e-13  8.00182916288337e-13
 2.34405591549248e+06  3.68229317552065e-13  8.00651201826812e-13
 2.34819005290957e+06  3.68882351548981e-13  8.01128653492457e-13
 2.35232419032666e+06  3.69535346307784e-13  8.01615362177146e-13
 2.35645832774376e+06  3.70188301826509e-13  8.02111417583998e-13
 2.36059246516085e+06  3.70841218107702e-13  8.02616908231760e-13
 2.36472660257795e+06  3.71494095154680e-13  8.03131921439253e-13
 2.36886073999504e+06  3.72146932967152e-13  8.03656543310158e-13
 2.37299487741214e+06  3.72799731548015e-13  8.04190858729530e-13
 2.37712901482923e+06  3.73452490898968e-13  8.04734951348533e-13
 2.38126315224632e+06  3.74105211022168e-13  8.05288903575674e-13
 2.38539728966342e+06  3.74757891918139e-13  8.05852796564373e-13
 2.38953142708051e+06  3.75410533589257e-13  8.06426710206337e-13
 2.39366556449761e+06  3.76063136037945e-13  8.07010723119447e-13
 2.39779970191470e+06  3.76715699265576e-13  8.07604912636660e-13
 2.40193383933180e+06  3.77368223273627e-13  8.08209354797530e-13
 2.40606797674889e+06  3.78020708062875e-13  8.08824124337295e-13
 2.41020211416598e+06  3.78673153634808e-13  8.09449294679122e-13
 2.41433625158308e+06  3.79325559992106e-13  8.10084937924727e-13
 2.41847038900017e+06  3.79977927139449e-13  8.10731124845683e-13
 2.42260452641727e+06  3.80630255076235e-13  8.11387924867122e-13
 2.42673866383436e+06  3.81282543803393e-13  8.12055406065733e-13
 2.43087280125146e+06  3.81934793322236e-13  8.12733635158858e-13
 2.43500693866855e+06  3.82587003636148e-13  8.13422677498319e-13
 2.43914107608564e+06  3.83239174746622e-13  8.14122597056347e-13
 2.44327521350274e+06  3.83891306655569e-13  8.14833456420811e-13
 2.44740935091983e+06  3.84543399363953e-13  8.15555316784029e-13
 2.45154348833693e+06  3.85195452872254e-13  8.16288237936241e-13
 2.45567762575402e+06  3.85847467184323e-13  8.17032278260301e-13
 2.45981176317112e+06  3.86499442301233e-13  8.17787494717670e-13
 2.46394590058821e+06  3.87151378225843e-13  8.18553942844785e-13
 2.46808003800530e+06  3.87803274959360e-13  8.19331676742537e-13
 2.47221417542240e+06  3.88455132504680e-13  8.20120749071139e-13
 2.47634831283949e+06  3.89106950861273e-13  8.20921211038258e-13
 2.48048245025659e+06  3.89758730029288e-13  8.21733112395485e-13
 2.48461658767368e+06  3.90410470015878e-13  8.22556501437208e-13
 2.48875072509078e+06  3.91062170818687e-13  8.23391424976965e-13
 2.49288486250787e+06  3.91713832442032e-13  8.24237928356910e-13
 2.49701899992497e+06  3.92365454883909e-13  8.25096055427848e-13
 2.50115313734206e+06  3.93017038146935e-13  8.25965848554140e-13
 2.50528727475915e+06  3.93668582235744e-13  8.26847348603725e-13
 2.50942141217625e+06  3.94320087151641e-13  8.27740594936551e-13
 2.51355554959334e+06  3.94971552893948e-13  8.28645625399305e-13
 2.51768968701044e+06  3.95622979467234e-13  8.29562476328148e-13
 2.52182382442753e+06  3.96274366870531e-13  8.30491182529844e-13
 2.52595796184463e+06  3.96925715107125e-13  8.31431777287686e-13
 2.53009209926172e+06  3.97577024179043e-13  8.32384292349443e-13
 2.53422623667881e+06  3.98228294087452e-13  8.33348757921425e-13
 2.53836037409591e+06  3.98879524834840e-13  8.34325202667029e-13
 2.54249451151300e+06  3.99530716420446e-13  8.35313653695765e-13
 2.54662864893010e+06  4.00181868849438e-13  8.36314136568215e-13
 2.55076278634719e+06  4.00832982121773e-13  8.37326675278736e-13
 2.55489692376429e+06  4.01484056239992e-13  8.38351292259731e-13
 2.55903106118138e+06  4.02135091204332e-13  8.39388008371785e-13
 2.56316519859847e+06  4.02786087018249e-13  8.40436842904822e-13
 2.56729933601557e+06  4.03437043681998e-13  8.41497813566890e-13
 2.57143347343266e+06  4.04087961198801e-13  8.42570936486988e-13
 2.57556761084976e+06  4.04738839570645e-13  8.43656226205946e-13
 2.57970174826685e+06  4.05389678796615e-13  8.44753695672046e-13
 2.58383588568395e+06  4.06040478881025e-13  8.45863356244838e-13
 2.58797002310104e+06  4.06691239825364e-13  8.46985217683019e-13
 2.59210416051813e+06  4.07341961629658e-13  8.48119288143828e-13
 2.59623829793523e+06  4.07992644296447e-13  8.49265574182934e-13
 2.60037243535232e+06  4.08643287829024e-13  8.50424080749255e-13
 2.60450657276942e+06  4.09293892227734e-13  8.51594811179152e-13
 2.60864071018651e+06  4.09944457494595e-13  8.52777767198237e-13
 2.61277484760361e+06  4.10594983631595e-13  8.53972948916717e-13
 2.61690898502070e+06  4.11245470640277e-13  8.55180354826778e-13
 2.62104312243779e+06  4.11895918522415e-13  8.56399981801187e-13
 2.62517725985489e+06  4.12546327280527e-13  8.57631825091222e-13
 2.62931139727198e+06  4.13196696915156e-13  8.58875878322402e-13
 2.63344553468908e+06  4.13847027427177e-13  8.60132133495419e-13
 2.63757967210617e+06  4.14497318820157e-13  8.61400580986010e-13
 2.64171380952327e+06  4.15147571095769e-13  8.62681209539092e-13
 2.64584794694036e+06  4.15797784254648e-13  8.63974006269139e-13
 2.64998208435745e+06  4.16447958300348e-13  8.65278956661913e-13
 2.65411622177455e+06  4.17098093233324e-13  8.66596044568088e-13
 2.65825035919164e+06  4.17748189054504e-13  8.67925252206258e-13
 2.66238449660874e+06  4.18398245766758e-13  8.69266560163394e-13
 2.66651863402583e+06  4.19048263371926e-13  8.70619947391074e-13
 2.67065277144293e+06  4.19698241871861e-13  8.71985391206955e-13
 2.67478690886002e+06  4.20348181268886e-13  8.73362867294441e-13
 2.67892104627712e+06  4.20998081564419e-13  8.74752349701726e-13
 2.68305518369421e+06  4.21647942757902e-13  8.76153810840305e-13
 2.68718932111130e+06  4.22297764852102e-13  8.77567221492213e-13
 2.69132345852840e+06  4.22947547849390e-13  8.78992550804465e-13
 2.69545759594549e+06  4.23597291753543e-13  8.80429766293210e-13
 2.69959173336259e+06  4.24246996563925e-13  8.81878833837822e-13
 2.70372587077968e+06  4.24896662283152e-13  8.83339717690151e-13
 2.70786000819678e+06  4.25546288912759e-13  8.84812380470990e-13
 2.71199414561387e+06  4.26195876452500e-13  8.86296783170785e-13
 2.71612828303096e+06  4.26845424907727e-13  8.87792885159109e-13
 2.72026242044806e+06  4.27494934278439e-13  8.89300644173758e-13
 2.72439655786515e+06  4.28144404564543e-13  8.90820016329300e-13
 2.72853069528225e+06  4.28793835770860e-13  8.92350956123892e-13
 2.73266483269934e+06  4.29443227898766e-13  8.93893416432313e-13
 2.73679897011644e+06  4.30092580947136e-13  8.95447348509496e-13
 2.74093310753353e+06  4.30741894922133e-13  8.97012702002940e-13
 2.74506724495062e+06  4.31391169822313e-13  8.98589424940272e-13
 2.74920138236772e+06  4.32040405651233e-13  9.00177463745184e-13
 2.75333551978481e+06  4.32689602408398e-13  9.01776763229950e-13
 2.75746965720191e+06  4.33338760097039e-13  9.03387266608453e-13
 2.76160379461900e+06  4.33987878718074e-13  9.05008915491426e-13
 2.76573793203610e+06  4.34636958274953e-13  9.06641649895198e-13
 2.76987206945319e+06  4.35285998768091e-13  9.08285408240367e-13
 2.77400620687028e+06  4.35935000197846e-13  9.09940127358144e-13
 2.77814034428738e+06  4.36583962570426e-13  9.11605742499952e-13
 2.78227448170447e+06  4.37232885883064e-13  9.13282187327166e-13
 2.78640861912157e+06  4.37881770139725e-13  9.14969393930774e-13
 2.79054275653866e+06  4.38530615341033e-13  9.16667292825426e-13
 2.79467689395576e+06  4.39179421487781e-13  9.18375812957887e-13
 2.79881103137285e+06  4.39828188584999e-13  9.20094881716400e-13
 2.80294516878994e+06  4.40476916632906e-13  9.21824424924803e-13
 2.80707930620704e+06  4.41125605631689e-13  9.23564366853845e-13
 2.81121344362413e+06  4.41774255583780e-13  9.25314630228435e-13
 2.81534758104123e+06  4.42422866493798e-13  9.27075136232604e-13
 2.81948171845832e+06  4.43071438360397e-13  9.28845804506496e-13
 2.82361585587542e+06  4.43719971185503e-13  9.30626553162234e-13
 2.82774999329251e+06  4.44368464972626e-13  9.32417298787542e-13
 2.83188413070960e+06  4.45016919722998e-13  9.34217956447663e-13
 2.83601826812670e+06  4.45665335438867e-13  9.36028439695078e-13
 2.84015240554379e+06  4.46313712117727e-13  9.37848660570038e-13
 2.84428654296089e+06  4.46962049767941e-13  9.39678529623533e-13
 2.84842068037798e+06  4.47610348385627e-13  9.41517955898229e-13
 2.85255481779508e+06  4.48258607974616e-13  9.43366846958138e-13
 2.85668895521217e+06  4.48906828536665e-13  9.45225108884059e-13
 2.86082309262927e+06  4.49555010075825e-13  9.47092646285608e-13
 2.86495723004636e+06  4.50203152590168e-13  9.48969362298991e-13
 2.86909136746345e+06  4.50851256083455e-13  9.50855158608225e-13
 2.87322550488055e+06  4.51499320556831e-13  9.52749935442992e-13
 2.87735964229764e+06  4.52147346010783e-13  9.54653591588285e-13
 2.88149377971474e+06  4.52795332450715e-13  9.56566024398469e-13
 2.88562791713183e+06  4.53443279876176e-13  9.58487129793073e-13
 2.88976205454893e+06  4.54091188288859e-13  9.60416802275176e-13
 2.89389619196602e+06  4.54739057689834e-13  9.62354934934585e-13
 2.89803032938311e+06  4.55386888081593e-13  9.64301419460430e-13
 2.90216446680021e+06  4.56034679465523e-13  9.66256146145752e-13
 2.90629860421730e+06  4.56682431845359e-13  9.68219003900472e-13
 2.91043274163440e+06  4.57330145218556e-13  9.70189880250830e-13
 2.91456687905149e+06  4.57977819591436e-13  9.72168661364809e-13
 2.91870101646859e+06  4.58625454963030e-13  9.74155232043345e-13
 2.92283515388568e+06  4.59273051336769e-13  9.76149475743881e-13
 2.92696929130277e+06  4.59920608712598e-13  9.78151274579293e-13
 2.93110342871987e+06  4.60568127093150e-13  9.80160509335623e-13
 2.93523756613696e+06  4.61215606479444e-13  9.82177059476704e-13
 2.93937170355406e+06  4.61863046874584e-13  9.84200803157512e-13
 2.94350584097115e+06  4.62510448279163e-13  9.86231617230187e-13
 2.94763997838825e+06  4.63157810696622e-13  9.88269377259445e-13
 2.95177411580534e+06  4.63805134126618e-13  9.90313957525644e-13
 2.95590825322243e+06  4.64452418571650e-13  9.92365231043277e-13
 2.96004239063953e+06  4.65099664035230e-13  9.94423069567882e-13
 2.96417652805662e+06  4.65746870515399e-13  9.96487343601612e-13
 2.96831066547372e+06  4.66394038017469e-13  9.98557922416797e-13
 2.97244480289081e+06  4.67041166541373e-13  1.00063467405364e-12
 2.97657894030791e+06  4.67688256088914e-13  1.00271746533899e-12
 2.98071307772500e+06  4.68335306662387e-13  1.00480616189633e-12
 2.98484721514209e+06  4.68982318264599e-13  1.00690062815672e-12
 2.98898135255919e+06  4.69629290895646e-13  1.00900072736770e-12
 2.99311548997628e+06  4.70276224556380e-13  1.01110632160819e-12
 2.99724962739338e+06  4.70923119249641e-13  1.01321727180201e-12
 3.00138376481047e+06  4.71569974977881e-13  1.01533343772588e-12
 3.00551790222757e+06  4.72216791740902e-13  1.01745467802094e-12
 3.00965203964466e+06  4.72863569542492e-13  1.01958085021078e-12
 3.01378617706175e+06  4.73510308384370e-13  1.02171181070775e-12
 3.01792031447885e+06  4.74157008267112e-13  1.02384741482612e-12
 3.02205445189594e+06  4.74803669193270e-13  1.02598751679873e-12
 3.02618858931304e+06  4.75450291165377e-13  1.02813196978593e-12
 3.03032272673013e+06  4.76096874183735e-13  1.03028062588768e-12
 3.03445686414723e+06  4.76743418250195e-13  1.03243333615989e-12
 3.03859100156432e+06  4.77389923365645e-13  1.03458995062478e-12
 3.04272513898141e+06  4.78036389533813e-13  1.03675031828796e-12
 3.04685927639851e+06  4.78682816755051e-13  1.03891428714513e-12
 3.05099341381560e+06  4.79329205030741e-13  1.04108170420044e-12
 3.05512755123270e+06  4.79975554364881e-13  1.04325241548066e-12
 3.05926168864979e+06  4.80621864757963e-13  1.04542626604405e-12
 3.06339582606689e+06  4.81268136211015e-13  1.04760309999703e-12
 3.06752996348398e+06  4.81914368725628e-13  1.04978276050885e-12
 3.07166410090108e+06  4.82560562305663e-13  1.05196508982634e-12
 3.07579823831817e+06  4.83206716952293e-13  1.05414992928340e-12
 3.07993237573526e+06  4.83852832665870e-13  1.05633711931765e-12
 3.08406651315236e+06  4.84498909449022e-13  1.05852649948683e-12
 3.08820065056945e+06  4.85144947303308e-13  1.06071790848110e-12
 3.09233478798655e+06  4.85790946230855e-13  1.06291118413784e-12
 3.09646892540364e+06  4.86436906232808e-13  1.06510616345493e-12
 3.10060306282074e+06  4.87082827310866e-13  1.06730268260793e-12
 3.10473720023783e+06  4.87728709465577e-13  1.06950057696216e-12
 3.10887133765492e+06  4.88374552700298e-13  1.07169968109242e-12
 3.11300547507202e+06  4.89020357018178e-13  1.07389982879441e-12
 3.11713961248911e+06  4.89666122418451e-13  1.07610085309551e-12
 3.12127374990621e+06  4.90311848904530e-13  1.07830258627943e-12
 3.12540788732330e+06  4.90957536476339e-13  1.08050485989295e-12
 3.12954202474040e+06  4.91603185137539e-13  1.08270750476871e-12
 3.13367616215749e+06  4.92248794888128e-13  1.08491035103368e-12
 3.13781029957458e+06  4.92894365731403e-13  1.08711322813077e-12
 3.14194443699168e+06  4.93539897668980e-13  1.08931596483039e-12
 3.14607857440877e+06  4.94185390699178e-13  1.09151838924389e-12
 3.15021271182587e+06  4.94830844827777e-13  1.09372032885097e-12
 3.15434684924296e+06  4.95476260056985e-13  1.09592161050367e-12
 3.15848098666006e+06  4.96121636386349e-13  1.09812206044353e-12
 3.16261512407715e+06  4.96766973818019e-13  1.10032150432344e-12
 3.16674926149424e+06  4.97412272354144e-13  1.10251976722087e-12
 3.17088339891134e+06  4.98057531995520e-13  1.10471667365220e-12
 3.17501753632843e+06  4.98702752744730e-13  1.10691204759331e-12
 3.17915167374553e+06  4.99347934605298e-13  1.10910571249419e-12
 3.18328581116262e+06  4.99993077574443e-13  1.11129749128811e-12
 3.18741994857972e+06  5.00638181658300e-13  1.11348720642425e-12
 3.19155408599681e+06  5.01283246854238e-13  1.11567467986577e-12
 3.19568822341390e+06  5.01928273168023e-13  1.11785973312438e-12
 3.19982236083100e+06  5.02573260600227e-13  1.12004218726273e-12
 3.20395649824809e+06  5.03218209151973e-13  1.12222186291737e-12
 3.20809063566519e+06  5.03863118825295e-13  1.12439858031651e-12
 3.21222477308228e+06  5.04507989621747e-13  1.12657215929440e-12
 3.21635891049938e+06  5.05152821543764e-13  1.12874241931072e-12
 3.22049304791647e+06  5.05797614592263e-13  1.13090917946481e-12
 3.22462718533356e+06  5.06442368769624e-13  1.13307225851622e-12
 3.22876132275066e+06  5.07087084077862e-13  1.13523147489905e-12
 3.23289546016775e+06  5.07731760518582e-13  1.13738664674029e-12
 3.23702959758485e+06  5.08376398093025e-13  1.13953759187699e-12
 3.24116373500194e+06  5.09020996801760e-13  1.14168412787273e-12
 3.24529787241904e+06  5.09665556648154e-13  1.14382607203903e-12
 3.24943200983613e+06  5.10310077634531e-13  1.14596324144895e-12
 3.25356614725323e+06  5.10954559762285e-13  1.14809545295419e-12
 3.25770028467032e+06  5.11599003032116e-13  1.15022252320345e-12
 3.26183442208741e+06  5.12243407447240e-13  1.15234426866307e-12
 3.26596855950451e+06  5.12887773006560e-13  1.15446050562815e-12
 3.27010269692160e+06  5.13532099716027e-13  1.15657105025144e-12
 3.27423683433870e+06  5.14176387573429e-13  1.15867571854500e-12
 3.27837097175579e+06  5.14820636581907e-13  1.16077432641323e-12
 3.28250510917289e+06  5.15464846744002e-13  1.16286668966348e-12
 3.28663924658998e+06  5.16109018061183e-13  1.16495262402395e-12
 3.29077338400707e+06  5.16753150534735e-13  1.16703194516181e-12
 3.29490752142417e+06  5.17397244166874e-13  1.16910446870302e-12
 3.29904165884126e+06  5.18041298959514e-13  1.17117001024911e-12
 3.30317579625836e+06  5.18685314912798e-13  1.17322838539264e-12
 3.30730993367545e+06  5.19329292028920e-13  1.17527940974114e-12
 3.31144407109255e+06  5.19973230311621e-13  1.17732289893207e-12
 3.31557820850964e+06  5.20617129759230e-13  1.17935866864551e-12
 3.31971234592673e+06  5.21260990376350e-13  1.18138653463422e-12
 3.32384648334383e+06  5.21904812164368e-13  1.18340631273095e-12
 3.32798062076092e+06  5.22548595125021e-13  1.18541781887147e-12
 3.33211475817802e+06  5.23192339257922e-13  1.18742086910919e-12
 3.33624889559511e+06  5.23836044567970e-13  1.18941527964193e-12
 3.34038303301221e+06  5.24479711055552e-13  1.19140086681905e-12
 3.34451717042930e+06  5.25123338722415e-13  1.19337744716645e-12
 3.34865130784639e+06  5.25766927569882e-13  1.19534483740297e-12
 3.35278544526349e+06  5.26410477600363e-13  1.19730285445941e-12
 3.35691958268058e+06  5.27053988813298e-13  1.19925131549409e-12
 3.36105372009768e+06  5.27697461214223e-13  1.20119003791882e-12
 3.36518785751477e+06  5.28340894801440e-13  1.20311883940403e-12
 3.36932199493187e+06  5.28984289579295e-13  1.20503753791095e-12
 3.37345613234896e+06  5.29627645547727e-13  1.20694595169945e-12
 3.37759026976605e+06  5.30270962709441e-13  1.20884389935253e-12
 3.38172440718315e+06  5.30914241066301e-13  1.21073119979209e-12
 3.38585854460024e+06  5.31557480620649e-13  1.21260767229799e-12
 3.38999268201734e+06  5.32200681371763e-13  1.21447313652280e-12
 3.39412681943443e+06  5.32843843321301e-13  1.21632741251560e-12
 3.39826095685153e+06  5.33486966475398e-13  1.21817032074291e-12
 3.40239509426862e+06  5.34130050831897e-13  1.22000168209257e-12
 3.40652923168571e+06  5.34773096393773e-13  1.22182131790686e-12
 3.41066336910281e+06  5.35416103164186e-13  1.22362904999552e-12
 3.41479750651990e+06  5.36059071142160e-13  1.22542470064926e-12
 3.41893164393700e+06  5.36702000329865e-13  1.22720809266564e-12
 3.42306578135409e+06  5.37344890728974e-13  1.22897904936372e-12
 3.42719991877119e+06  5.37987742342454e-13  1.23073739460361e-12
 3.43133405618828e+06  5.38630555171787e-13  1.23248295280135e-12
 3.43546819360538e+06  5.39273329218793e-13  1.23421554895030e-12
 3.43960233102247e+06  5.39916064485944e-13  1.23593500863806e-12
 3.44373646843956e+06  5.40558760973270e-13  1.23764115806252e-12
 3.44787060585666e+06  5.41201418684317e-13  1.23933382405570e-12
 3.45200474327375e+06  5.41844037619047e-13  1.24101283409404e-12
 3.45613888069085e+06  5.42486617780105e-13  1.24267801632352e-12
 3.46027301810794e+06  5.43129159168865e-13  1.24432919957285e-12
 3.46440715552504e+06  5.43771661786898e-13  1.24596621337390e-12
 3.46854129294213e+06  5.44414125635464e-13  1.24758888797786e-12
 3.47267543035922e+06  5.45056550718019e-13  1.24919705437627e-12
 3.47680956777632e+06  5.45698937036761e-13  1.25079054431525e-12
 3.48094370519341e+06  5.46341284592200e-13  1.25236919031293e-12
 3.48507784261051e+06  5.46983593383736e-13  1.25393282567802e-12
 3.48921198002760e+06  5.47625863415423e-13  1.25548128453304e-12
 3.49334611744470e+06  5.48268094689728e-13  1.25701440182573e-12
 3.49748025486179e+06  5.48910287206535e-13  1.25853201334527e-12
 3.50161439227888e+06  5.49552440969992e-13  1.26003395574696e-12
 3.50574852969598e+06  5.50194555978837e-13  1.26152006656059e-12
 3.50988266711307e+06  5.50836632237114e-13  1.26299018421785e-12
 3.51401680453017e+06  5.51478669746291e-13  1.26444414806194e-12
 3.51815094194726e+06  5.52120668507890e-13  1.26588179836814e-12
 3.52228507936436e+06  5.52762628523640e-13  1.26730297636062e-12
 3.52641921678145e+06  5.53404549794439e-13  1.26870752422904e-12
 3.53055335419854e+06  5.54046432323989e-13  1.27009528514908e-12
 3.53468749161564e+06  5.54688276112083e-13  1.27146610329266e-12
 3.53882162903273e+06  5.55330081161196e-13  1.27281982385278e-12
 3.54295576644983e+06  5.55971847471003e-13  1.27415629305353e-12
 3.54708990386692e+06  5.56613575045408e-13  1.27547535817451e-12
 3.55122404128402e+06  5.57255263887106e-13  1.27677686756261e-12
 3.55535817870111e+06  5.57896913996271e-13  1.27806067064672e-12
 3.55949231611820e+06  5.58538525373897e-13  1.27932661795918e-12
 3.56362645353530e+06  5.59180098023126e-13  1.28057456115201e-12
 3.56776059095239e+06  5.59821631945609e-13  1.28180435301151e-12
 3.57189472836949e+06  5.60463127145479e-13  1.28301584747704e-12
 3.57602886578658e+06  5.61104583619905e-13  1.28420889964897e-12
 3.58016300320368e+06  5.61746001371641e-13  1.28538336581787e-12
 3.58429714062077e+06  5.62387380404494e-13  1.28653910347552e-12
 3.58843127803786e+06  5.63028720719667e-13  1.28767597132792e-12
 3.59256541545496e+06  5.63670022317050e-13  1.28879382931224e-12
 3.59669955287205e+06  5.64311285200672e-13  1.28989253861839e-12
 3.60083369028915e+06  5.64952509371018e-13  1.29097196169780e-12
 3.60496782770624e+06  5.65593694829390e-13  1.29203196228265e-12
 3.60910196512334e+06  5.66234841578797e-13  1.29307240540324e-12
 3.61323610254043e+06  5.66875949620529e-13  1.29409315740011e-12
 3.61737023995752e+06  5.67517018955967e-13  1.29509408594050e-12
 3.62150437737462e+06  5.68158049586737e-13  1.29607506003588e-12
 3.62563851479171e+06  5.68799041515357e-13  1.29703595005597e-12
 3.62977265220881e+06  5.69439994744024e-13  1.29797662774391e-12
 3.63390678962590e+06  5.70080909272937e-13  1.29889696622972e-12
 3.63804092704300e+06  5.70721785103479e-13  1.29979684004806e-12
 3.64217506446009e+06  5.71362622238319e-13  1.30067612515411e-12
 3.64630920187719e+06  5.72003420679824e-13  1.30153469893539e-12
 3.65044333929428e+06  5.72644180428565e-13  1.30237244022614e-12
 3.65457747671137e+06  5.73284901486022e-13  1.30318922932553e-12
 3.65871161412847e+06  5.73925583855134e-13  1.30398494801042e-12
 3.66284575154556e+06  5.74566227536874e-13  1.30475947954826e-12
 3.66697988896266e+06  5.75206832534113e-13  1.30551270871449e-12
 3.67111402637975e+06  5.75847398847911e-13  1.30624452180373e-12
 3.67524816379685e+06  5.76487926478687e-13  1.30695480664379e-12
 3.67938230121394e+06  5.77128415430799e-13  1.30764345261616e-12
 3.68351643863103e+06  5.77768865704778e-13  1.30831035065985e-12
 3.68765057604813e+06  5.78409277301751e-13  1.30895539329108e-12
 3.69178471346522e+06  5.79049650224931e-13  1.30957847461827e-12
 3.69591885088232e+06  5.79689984473528e-13  1.31017949034907e-12
 3.70005298829941e+06  5.80330280050016e-13  1.31075833781154e-12
 3.70418712571651e+06  5.80970536957570e-13  1.31131491596468e-12
 3.70832126313360e+06  5.81610755196546e-13  1.31184912540716e-12
 3.71245540055069e+06  5.82250934768377e-13  1.31236086839572e-12
 3.71658953796779e+06  5.82891075676801e-13  1.31285004885796e-12
 3.72072367538488e+06  5.83531177922329e-13  1.31331657240078e-12
 3.72485781280198e+06  5.84171241507047e-13  1.31376034632716e-12
 3.72899195021907e+06  5.84811266433792e-13  1.31418127964752e-12
 3.73312608763617e+06  5.85451252702433e-13  1.31457928308932e-12
 3.73726022505326e+06  5.86091200316335e-13  1.31495426911504e-12
 3.74139436247035e+06  5.86731109274475e-13  1.31530615192670e-12
 3.74552849988745e+06  5.87370979581494e-13  1.31563484748832e-12
 3.74966263730454e+06  5.88010811236805e-13  1.31594027352559e-12
 3.75379677472164e+06  5.88650604243798e-13  1.31622234954859e-12
 3.75793091213873e+06  5.89290358604137e-13  1.31648099685529e-12
 3.76206504955583e+06  5.89930074319257e-13  1.31671613854715e-12
 3.76619918697292e+06  5.90569751389911e-13  1.31692769953821e-12
 3.77033332439001e+06  5.91209389818322e-13  1.31711560656887e-12
 3.77446746180711e+06  5.91848989607394e-13  1.31727978821590e-12
 3.77860159922420e+06  5.92488550758697e-13  1.31742017490190e-12
 3.78273573664130e+06  5.93128073270554e-13  1.31753669890307e-12
 3.78686987405839e+06  5.93767557149228e-13  1.31762929437258e-12
 3.79100401147549e+06  5.94407002394938e-13  1.31769789733464e-12
 3.79513814889258e+06  5.95046409007434e-13  1.31774244570222e-12
 3.79927228630967e+06  5.95685776992394e-13  1.31776287929353e-12
 3.80340642372677e+06  5.96325106347967e-13  1.31775913982760e-12
 3.80754056114386e+06  5.96964397077519e-13  1.31773117094728e-12
 3.81167469856096e+06  5.97603649182626e-13  1.31767891822159e-12
 3.81580883597805e+06  5.98242862664379e-13  1.31760232915724e-12
 3.81994297339515e+06  5.98882037524571e-13  1.31750135320848e-12
 3.82407711081224e+06  5.99521173766031e-13  1.31737594178811e-12
 3.82821124822934e+06  6.00160271391478e-13  1.31722604827233e-12
 3.83234538564643e+06  6.00799330399868e-13  1.31705162800860e-12
 3.83647952306352e+06  6.01438350793911e-13  1.31685263833139e-12
 3.84061366048062e+06  6.02077332576146e-13  1.31662903856611e-12
 3.84474779789771e+06  6.02716275745757e-13  1.31638079003456e-12
 3.84888193531481e+06  6.03355180307748e-13  1.31610785607330e-12
 3.85301607273190e+06  6.03994046262885e-13  1.31581020202982e-12
 3.85715021014900e+06  6.04632873612572e-13  1.31548779527694e-12
 3.86128434756609e+06  6.05271662358395e-13  1.31514060521899e-12
 3.86541848498318e+06  6.05910412501720e-13  1.31476860330045e-12
 3.86955262240028e+06  6.06549124044850e-13  1.31437176301271e-12
 3.87368675981737e+06  6.07187796989590e-13  1.31395005990113e-12
 3.87782089723447e+06  6.07826431337677e-13  1.31350347157245e-12
 3.88195503465156e+06  6.08465027090062e-13  1.31303197769988e-12
 3.88608917206866e+06  6.09103584249653e-13  1.31253556003404e-12
 3.89022330948575e+06  6.09742102816678e-13  1.31201420240361e-12
 3.89435744690284e+06  6.10380582793850e-13  1.31146789072803e-12
 3.89849158431994e+06  6.11019024182008e-13  1.31089661301849e-12
 3.90262572173703e+06  6.11657426984397e-13  1.31030035938936e-12
 3.90675985915413e+06  6.12295791203316e-13  1.30967912205891e-12
 3.91089399657122e+06  6.12934116836664e-13  1.30903289535242e-12
 3.91502813398832e+06  6.13572403889282e-13  1.30836167572031e-12
 3.91916227140541e+06  6.14210652363306e-13  1.30766546173219e-12
 3.92329640882250e+06  6.14848862259115e-13  1.30694425408286e-12
 3.92743054623960e+06  6.15487033579095e-13  1.30619805560271e-12
 3.93156468365669e+06  6.16125166325590e-13  1.30542687125912e-12
 3.93569882107379e+06  6.16763260497700e-13  1.30463070815740e-12
 3.93983295849088e+06  6.17401316100264e-13  1.30380957555640e-12
 3.94396709590798e+06  6.18039333132545e-13  1.30296348485918e-12
 3.94810123332507e+06  6.18677311597728e-13  1.30209244962854e-12
 3.95223537074216e+06  6.19315251499287e-13  1.30119648558572e-12
 3.95636950815926e+06  6.19953152835103e-13  1.30027561060787e-12
 3.96050364557635e+06  6.20591015609175e-13  1.29932984474592e-12
 3.96463778299345e+06  6.21228839822417e-13  1.29835921021641e-12
 3.96877192041054e+06  6.21866625478126e-13  1.29736373141078e-12
 3.97290605782764e+06  6.22504372574245e-13  1.29634343489049e-12
 3.97704019524473e+06  6.23142081115965e-13  1.29529834940304e-12
 3.98117433266182e+06  6.23779751103849e-13  1.29422850587213e-12
 3.98530847007892e+06  6.24417382541119e-13  1.29313393740729e-12
 3.98944260749601e+06  6.25054975426559e-13  1.29201467929957e-12
 3.99357674491311e+06  6.25692529765434e-13  1.29087076903402e-12
 3.99771088233020e+06  6.26330045556798e-13  1.28970224627909e-12
 4.00184501974730e+06  6.26967522803160e-13  1.28850915289853e-12
 4.00597915716439e+06  6.27604961507817e-13  1.28729153294878e-12
 4.01011329458148e+06  6.28242361668648e-13  1.28604943267618e-12
 4.01424743199858e+06  6.28879723291151e-13  1.28478290052956e-12
 4.01838156941567e+06  6.29517046375304e-13  1.28349198714747e-12
 4.02251570683277e+06  6.30154330923226e-13  1.28217674536851e-12
 4.02664984424986e+06  6.30791576936860e-13  1.28083723022894e-12
 4.03078398166696e+06  6.31428784417130e-13  1.27947349896118e-12
 4.03491811908405e+06  6.32065953365735e-13  1.27808561099657e-12
 4.03905225650115e+06  6.32703083786587e-13  1.27667362796775e-12
 4.04318639391824e+06  6.33340175678374e-13  1.27523761369837e-12
 4.04732053133533e+06  6.33977229045859e-13  1.27377763421729e-12
 4.05145466875243e+06  6.34614243888382e-13  1.27229375774339e-12
 4.05558880616952e+06  6.35251220208216e-13  1.27078605469622e-12
 4.05972294358662e+06  6.35888158006562e-13  1.26925459768843e-12
 4.06385708100371e+06  6.36525057285710e-13  1.26769946152797e-12
 4.06799121842081e+06  6.37161918047930e-13  1.26612072321562e-12
 4.07212535583790e+06  6.37798740295326e-13  1.26451846194290e-12
 4.07625949325499e+06  6.38435524028860e-13  1.26289275909012e-12
 4.08039363067209e+06  6.39072269249686e-13  1.26124369822513e-12
 4.08452776808918e+06  6.39708975960985e-13  1.25957136510325e-12
 4.08866190550628e+06  6.40345644164239e-13  1.25787584766095e-12
 4.09279604292337e+06  6.40982273859793e-13  1.25615723601451e-12
 4.09693018034047e+06  6.41618865049698e-13  1.25441562246049e-12
 4.10106431775756e+06  6.42255417736173e-13  1.25265110146933e-12
 4.10519845517465e+06  6.42891931920247e-13  1.25086376968353e-12
 4.10933259259175e+06  6.43528407606082e-13  1.24905372591724e-12
 4.11346673000884e+06  6.44164844792750e-13  1.24722107114447e-12
 4.11760086742594e+06  6.44801243482392e-13  1.24536590850370e-12
 4.12173500484303e+06  6.45437603678026e-13  1.24348834329310e-12
 4.12586914226013e+06  6.46073925380143e-13  1.24158848296148e-12
 4.13000327967722e+06  6.46710208591055e-13  1.23966643710918e-12
 4.13413741709431e+06  6.47346453312758e-13  1.23772231748204e-12
