#time(au), s(t), s(t) without exp(iwt)
 0.00000000000000e+01  2.71569814934909e-17  2.71569814934909e-17
 4.13413741709430e+03 -8.76064176367437e-17 -9.22106500808152e-17
 8.26827483418859e+03 -1.97154696641232e-16 -2.17913826409447e-16
 1.24024122512829e+04 -3.01422805228628e-16 -3.51997534191382e-16
 1.65365496683772e+04 -4.00794438313095e-16 -4.96152254974909e-16
 2.06706870854715e+04 -4.95822873381177e-16 -6.52024785903285e-16
 2.48048245025658e+04 -5.87094056390819e-16 -8.21260972559817e-16
 2.89389619196601e+04 -6.75162766391785e-16 -1.00546785683512e-15
 3.30730993367544e+04 -7.60526228517234e-16 -1.20616493945141e-15
 3.72072367538487e+04 -8.43616580802031e-16 -1.42474648622317e-15
 4.13413741709430e+04 -9.24802471297467e-16 -1.66245889207396e-15
 4.54755115880372e+04 -1.00439471880423e-15 -1.92039115826231e-15
 4.96096490051315e+04 -1.08265342632160e-15 -2.19947514208971e-15
 5.37437864222258e+04 -1.15979523825321e-15 -2.50049242894775e-15
 5.78779238393201e+04 -1.23600008823925e-15 -2.82408526879228e-15
 6.20120612564144e+04 -1.31141721822832e-15 -3.17076973935006e-15
 6.61461986735087e+04 -1.38617035580231e-15 -3.54094976497648e-15
 7.02803360906030e+04 -1.46036212266149e-15 -3.93493113864203e-15
 7.44144735076973e+04 -1.53407772786546e-15 -4.35293494979795e-15
 7.85486109247916e+04 -1.60738803514211e-15 -4.79511007097119e-15
 8.26827483418859e+04 -1.68035209533445e-15 -5.26154451892208e-15
 8.68168857589802e+04 -1.75301923141582e-15 -5.75227562007159e-15
 9.09510231760745e+04 -1.82543075335112e-15 -6.26729898356987e-15
 9.50851605931688e+04 -1.89762135869669e-15 -6.80657632151429e-15
 9.92192980102631e+04 -1.96962028481253e-15 -7.37004220404712e-15
 1.03353435427357e+05 -2.04145224625124e-15 -7.95760982892279e-15
 1.07487572844452e+05 -2.11313820677257e-15 -8.56917591482575e-15
 1.11621710261546e+05 -2.18469601018653e-15 -9.20462480926520e-15
 1.15755847678640e+05 -2.25614090158406e-15 -9.86383191119928e-15
 1.19889985095735e+05 -2.32748594774602e-15 -1.05466664843018e-14
 1.24024122512829e+05 -2.39874239363665e-15 -1.12529939615859e-14
 1.28158259929923e+05 -2.46991994515613e-15 -1.19826777908858e-14
 1.32292397347018e+05 -2.54102701518661e-15 -1.27355809121903e-14
 1.36426534764112e+05 -2.61207091570363e-15 -1.35115668983546e-14
 1.40560672181206e+05 -2.68305802714062e-15 -1.43105008337410e-14
 1.44694809598300e+05 -2.75399393227392e-15 -1.51322499564027e-14
 1.48828947015395e+05 -2.82488353145736e-15 -1.59766841141347e-14
 1.52963084432489e+05 -2.89573114227653e-15 -1.68436760668078e-14
 1.57097221849583e+05 -2.96654057540865e-15 -1.77331016519225e-14
 1.61231359266678e+05 -3.03731520340478e-15 -1.86448398519414e-14
 1.65365496683772e+05 -3.10805802192459e-15 -1.95787727814616e-14
 1.69499634100866e+05 -3.17877169396472e-15 -2.05347856006433e-14
 1.73633771517960e+05 -3.24945859771757e-15 -2.15127663888396e-14
 1.77767908935055e+05 -3.32012085276870e-15 -2.25126059644682e-14
 1.81902046352149e+05 -3.39076036131639e-15 -2.35341976971172e-14
 1.86036183769243e+05 -3.46137882765257e-15 -2.45774372829767e-14
 1.90170321186338e+05 -3.53197778303771e-15 -2.56422225170967e-14
 1.94304458603432e+05 -3.60255860530988e-15 -2.67284530570920e-14
 1.98438596020526e+05 -3.67312253627734e-15 -2.78360301854929e-14
 2.02572733437620e+05 -3.74367069468003e-15 -2.89648565719064e-14
 2.06706870854715e+05 -3.81420409034528e-15 -3.01148360432577e-14
 2.10841008271809e+05 -3.88472363849243e-15 -3.12858733630276e-14
 2.14975145688903e+05 -3.95523016562170e-15 -3.24778740124298e-14
 2.19109283105998e+05 -4.02572442207510e-15 -3.36907439896735e-14
 2.23243420523092e+05 -4.09620708505828e-15 -3.49243896117989e-14
 2.27377557940186e+05 -4.16667877382511e-15 -3.61787173411649e-14
 2.31511695357280e+05 -4.23714004348597e-15 -3.74536336032995e-14
 2.35645832774375e+05 -4.30759140360979e-15 -3.87490446421032e-14
 2.39779970191469e+05 -4.37803331541580e-15 -4.00648563662017e-14
 2.43914107608563e+05 -4.44846619986496e-15 -4.14009742182998e-14
 2.48048245025658e+05 -4.51889043767967e-15 -4.27573030482477e-14
 2.52182382442752e+05 -4.58930637539140e-15 -4.41337470034442e-14
 2.56316519859846e+05 -4.65971433058422e-15 -4.55302094292057e-14
 2.60450657276940e+05 -4.73011459058413e-15 -4.69465927728331e-14
 2.64584794694035e+05 -4.80050741683042e-15 -4.83827985030051e-14
 2.68718932111129e+05 -4.87089304782492e-15 -4.98387270368459e-14
 2.72853069528223e+05 -4.94127169947528e-15 -5.13142776728980e-14
 2.76987206945318e+05 -5.01164357580526e-15 -5.28093485424057e-14
 2.81121344362412e+05 -5.08200885418246e-15 -5.43238365424396e-14
 2.85255481779506e+05 -5.15236770099625e-15 -5.58576373063992e-14
 2.89389619196601e+05 -5.22272026295260e-15 -5.74106451563538e-14
 2.93523756613695e+05 -5.29306668017106e-15 -5.89827530830875e-14
 2.97657894030789e+05 -5.36340707590354e-15 -6.05738527079976e-14
 3.01792031447884e+05 -5.43374156514874e-15 -6.21838342689066e-14
 3.05926168864978e+05 -5.50407025240606e-15 -6.38125865993515e-14
 3.10060306282072e+05 -5.57439323280402e-15 -6.54599971154218e-14
 3.14194443699167e+05 -5.64471059404116e-15 -6.71259518070452e-14
 3.18328581116261e+05 -5.71502241230132e-15 -6.88103352266424e-14
 3.22462718533355e+05 -5.78532876289088e-15 -7.05130304954739e-14
 3.26596855950449e+05 -5.85562971079481e-15 -7.22339192926955e-14
 3.30730993367544e+05 -5.92592531444925e-15 -7.39728818600592e-14
 3.34865130784638e+05 -5.99621563075663e-15 -7.57297970100471e-14
 3.38999268201732e+05 -6.06650070894771e-15 -7.75045421248607e-14
 3.43133405618827e+05 -6.13678059446413e-15 -7.92969931671203e-14
 3.47267543035921e+05 -6.20705532983959e-15 -8.11070246891856e-14
 3.51401680453015e+05 -6.27732495378417e-15 -8.29345098420123e-14
 3.55535817870110e+05 -6.34758949916665e-15 -8.47793203841888e-14
 3.59669955287204e+05 -6.41784900069073e-15 -8.66413267016319e-14
 3.63804092704298e+05 -6.48810348637561e-15 -8.85203978121287e-14
 3.67938230121393e+05 -6.55835298189864e-15 -9.04164013835085e-14
 3.72072367538487e+05 -6.62859751265134e-15 -9.23292037502429e-14
 3.76206504955581e+05 -6.69883710038758e-15 -9.42586699252597e-14
 3.80340642372676e+05 -6.76907176547626e-15 -9.62046636178594e-14
 3.84474779789770e+05 -6.83930152597023e-15 -9.81670472489490e-14
 3.88608917206864e+05 -6.90952639915138e-15 -1.00145681969022e-13
 3.92743054623959e+05 -6.97974640124549e-15 -1.02140427674780e-13
 3.96877192041053e+05 -7.04996154430133e-15 -1.04151143023035e-13
 4.01011329458147e+05 -7.12017184508911e-15 -1.06177685456893e-13
 4.05145466875241e+05 -7.19037731100755e-15 -1.08219911209161e-13
 4.09279604292336e+05 -7.26057795473530e-15 -1.10277675334582e-13
 4.13413741709430e+05 -7.33077378567831e-15 -1.12350831718933e-13
 4.17547879126524e+05 -7.40096481451989e-15 -1.14439233101386e-13
 4.21682016543619e+05 -7.47115104894218e-15 -1.16542731088021e-13
 4.25816153960713e+05 -7.54133249508834e-15 -1.18661176171089e-13
 4.29950291377807e+05 -7.61150916081849e-15 -1.20794417750199e-13
 4.34084428794902e+05 -7.68168105223305e-15 -1.22942304146617e-13
 4.38218566211996e+05 -7.75184817625093e-15 -1.25104682623667e-13
 4.42352703629090e+05 -7.82201053671410e-15 -1.27281399400664e-13
 4.46486841046185e+05 -7.89216813996533e-15 -1.29472299676213e-13
 4.50620978463279e+05 -7.96232098921224e-15 -1.31677227640319e-13
 4.54755115880373e+05 -8.03246909005669e-15 -1.33896026497569e-13
 4.58889253297468e+05 -8.10261244522190e-15 -1.36128538479453e-13
 4.63023390714562e+05 -8.17275105807116e-15 -1.38374604865469e-13
 4.67157528131656e+05 -8.24288493169291e-15 -1.40634065999716e-13
 4.71291665548751e+05 -8.31301406972257e-15 -1.42906761309145e-13
 4.75425802965845e+05 -8.38313847474705e-15 -1.45192529319342e-13
 4.79559940382939e+05 -8.45325814735133e-15 -1.47491207670957e-13
 4.83694077800033e+05 -8.52337309375334e-15 -1.49802633144543e-13
 4.87828215217128e+05 -8.59348331369111e-15 -1.52126641665734e-13
 4.91962352634222e+05 -8.66358880940659e-15 -1.54463068331371e-13
 4.96096490051316e+05 -8.73368958176243e-15 -1.56811747422745e-13
 5.00230627468411e+05 -8.80378563317414e-15 -1.59172512425601e-13
 5.04364764885505e+05 -8.87387696691364e-15 -1.61545196046494e-13
 5.08498902302599e+05 -8.94396358118250e-15 -1.63929630223802e-13
 5.12633039719694e+05 -9.01404547781844e-15 -1.66325646153419e-13
 5.16767177136788e+05 -9.08412266029639e-15 -1.68733074303673e-13
 5.20901314553882e+05 -9.15419512749597e-15 -1.71151744425935e-13
 5.25035451970977e+05 -9.22426288041522e-15 -1.73581485578219e-13
 5.29169589388071e+05 -9.29432592209560e-15 -1.76022126141855e-13
 5.33303726805165e+05 -9.36438425257896e-15 -1.78473493833312e-13
 5.37437864222260e+05 -9.43443787355849e-15 -1.80935415725567e-13
 5.41572001639354e+05 -9.50448678423028e-15 -1.83407718260683e-13
 5.45706139056448e+05 -9.57453098584434e-15 -1.85890227271141e-13
 5.49840276473543e+05 -9.64457047883716e-15 -1.88382767993681e-13
 5.53974413890637e+05 -9.71460526432987e-15 -1.90885165087422e-13
 5.58108551307731e+05 -9.78463534234562e-15 -1.93397242648796e-13
 5.62242688724826e+05 -9.85466071472112e-15 -1.95918824231130e-13
 5.66376826141920e+05 -9.92468138109656e-15 -1.98449732857326e-13
 5.70510963559014e+05 -9.99469734207911e-15 -2.00989791039545e-13
 5.74645100976108e+05 -1.00647085989261e-14 -2.03538820795751e-13
 5.78779238393203e+05 -1.01347151506668e-14 -2.06096643663245e-13
 5.82913375810297e+05 -1.02047169983924e-14 -2.08663080719740e-13
 5.87047513227391e+05 -1.02747141435573e-14 -2.11237952598247e-13
 5.91181650644486e+05 -1.03447065868378e-14 -2.13821079502518e-13
 5.95315788061580e+05 -1.04146943279802e-14 -2.16412281223608e-13
 5.99449925478674e+05 -1.04846773662110e-14 -2.19011377156807e-13
 6.03584062895769e+05 -1.05546557010421e-14 -2.21618186319169e-13
 6.07718200312863e+05 -1.06246293348668e-14 -2.24232527368703e-13
 6.11852337729957e+05 -1.06945982669764e-14 -2.26854218614973e-13
 6.15986475147052e+05 -1.07645624985023e-14 -2.29483078040741e-13
 6.20120612564146e+05 -1.08345220323039e-14 -2.32118923318421e-13
 6.24254749981240e+05 -1.09044768657615e-14 -2.34761571819482e-13
 6.28388887398335e+05 -1.09744269975932e-14 -2.37410840637993e-13
 6.32523024815429e+05 -1.10443724302997e-14 -2.40066546609695e-13
 6.36657162232523e+05 -1.11143131645304e-14 -2.42728506322866e-13
 6.40791299649618e+05 -1.11842492010837e-14 -2.45396536137088e-13
 6.44925437066712e+05 -1.12541805372566e-14 -2.48070452196186e-13
 6.49059574483806e+05 -1.13241071755975e-14 -2.50750070453633e-13
 6.53193711900900e+05 -1.13940291168076e-14 -2.53435206682036e-13
 6.57327849317995e+05 -1.14639463609624e-14 -2.56125676491043e-13
 6.61461986735089e+05 -1.15338589076725e-14 -2.58821295344118e-13
 6.65596124152183e+05 -1.16037667552834e-14 -2.61521878574371e-13
 6.69730261569278e+05 -1.16736699076457e-14 -2.64227241407921e-13
 6.73864398986372e+05 -1.17435683627596e-14 -2.66937198969222e-13
 6.77998536403466e+05 -1.18134621218144e-14 -2.69651566306654e-13
 6.82132673820561e+05 -1.18833511842398e-14 -2.72370158404281e-13
 6.86266811237655e+05 -1.19532355518712e-14 -2.75092790202485e-13
 6.90400948654749e+05 -1.20231152236394e-14 -2.77819276609342e-13
 6.94535086071844e+05 -1.20929902013099e-14 -2.80549432522953e-13
 6.98669223488938e+05 -1.21628604819005e-14 -2.83283072840394e-13
 7.02803360906032e+05 -1.22327260696280e-14 -2.86020012486283e-13
 7.06937498323127e+05 -1.23025869616199e-14 -2.88760066414956e-13
 7.11071635740221e+05 -1.23724431598957e-14 -2.91503049639161e-13
 7.15205773157315e+05 -1.24422946633962e-14 -2.94248777238427e-13
 7.19339910574410e+05 -1.25121414726837e-14 -2.96997064380345e-13
 7.23474047991504e+05 -1.25819835896118e-14 -2.99747726336872e-13
 7.27608185408598e+05 -1.26518210121251e-14 -3.02500578495339e-13
 7.31742322825692e+05 -1.27216537413386e-14 -3.05255436382268e-13
 7.35876460242787e+05 -1.27914817780388e-14 -3.08012115676127e-13
 7.40010597659881e+05 -1.28613051222332e-14 -3.10770432223374e-13
 7.44144735076975e+05 -1.29311237758645e-14 -3.13530202057554e-13
 7.48278872494070e+05 -1.30009377351511e-14 -3.16291241407986e-13
 7.52413009911164e+05 -1.30707470029133e-14 -3.19053366728570e-13
 7.56547147328258e+05 -1.31405515790949e-14 -3.21816394704450e-13
 7.60681284745353e+05 -1.32103514644805e-14 -3.24580142272153e-13
 7.64815422162447e+05 -1.32801466594338e-14 -3.27344426634459e-13
 7.68949559579541e+05 -1.33499371620036e-14 -3.30109065274896e-13
 7.73083696996636e+05 -1.34197229747562e-14 -3.32873875980768e-13
 7.77217834413730e+05 -1.34895040970063e-14 -3.35638676851343e-13
 7.81351971830824e+05 -1.35592805287547e-14 -3.38403286318242e-13
 7.85486109247919e+05 -1.36290522709431e-14 -3.41167523161479e-13
 7.89620246665013e+05 -1.36988193236823e-14 -3.43931206524016e-13
 7.93754384082107e+05 -1.37685816864843e-14 -3.46694155927825e-13
 7.97888521499202e+05 -1.38383393594680e-14 -3.49456191291173e-13
 8.02022658916296e+05 -1.39080923425021e-14 -3.52217132943704e-13
 8.06156796333390e+05 -1.39778406388196e-14 -3.54976801645983e-13
 8.10290933750484e+05 -1.40475842454612e-14 -3.57735018595614e-13
 8.14425071167579e+05 -1.41173231639711e-14 -3.60491605453987e-13
 8.18559208584673e+05 -1.41870573943239e-14 -3.63246384355829e-13
 8.22693346001767e+05 -1.42567869371475e-14 -3.65999177927078e-13
 8.26827483418862e+05 -1.43265117922025e-14 -3.68749809299201e-13
 8.30961620835956e+05 -1.43962319607305e-14 -3.71498102127053e-13
 8.35095758253050e+05 -1.44659474415334e-14 -3.74243880600513e-13
 8.39229895670145e+05 -1.45356582354856e-14 -3.76986969464482e-13
 8.43364033087239e+05 -1.46053643423134e-14 -3.79727194031134e-13
 8.47498170504333e+05 -1.46750657629723e-14 -3.82464380197763e-13
 8.51632307921428e+05 -1.47447624976960e-14 -3.85198354460010e-13
 8.55766445338522e+05 -1.48144545457676e-14 -3.87928943927010e-13
 8.59900582755616e+05 -1.48841419076657e-14 -3.90655976338778e-13
 8.64034720172711e+05 -1.49538245858332e-14 -3.93379280082003e-13
 8.68168857589805e+05 -1.50235025763193e-14 -3.96098684196891e-13
 8.72302995006899e+05 -1.50931758817357e-14 -3.98814018405105e-13
 8.76437132423994e+05 -1.51628445026866e-14 -4.01525113116134e-13
 8.80571269841088e+05 -1.52325084397884e-14 -4.04231799444191e-13
 8.84705407258182e+05 -1.53021676920599e-14 -4.06933909221480e-13
 8.88839544675276e+05 -1.53718222615494e-14 -4.09631275017432e-13
 8.92973682092371e+05 -1.54414721480275e-14 -4.12323730148300e-13
 8.97107819509465e+05 -1.55111173482016e-14 -4.15011108690692e-13
 9.01241956926559e+05 -1.55807578675316e-14 -4.17693245508229e-13
 9.05376094343654e+05 -1.56503937009912e-14 -4.20369976246403e-13
 9.09510231760748e+05 -1.57200248516508e-14 -4.23041137365908e-13
 9.13644369177842e+05 -1.57896513203977e-14 -4.25706566146330e-13
 9.17778506594937e+05 -1.58592731060736e-14 -4.28366100700618e-13
 9.21912644012031e+05 -1.59288902099669e-14 -4.31019579993843e-13
 9.26046781429125e+05 -1.59985026323230e-14 -4.33666843853470e-13
 9.30180918846220e+05 -1.60681103716724e-14 -4.36307732982831e-13
 9.34315056263314e+05 -1.61377134300788e-14 -4.38942088980398e-13
 9.38449193680408e+05 -1.62073118066451e-14 -4.41569754346740e-13
 9.42583331097503e+05 -1.62769055034142e-14 -4.44190572504439e-13
 9.46717468514597e+05 -1.63464945184416e-14 -4.46804387804478e-13
 9.50851605931691e+05 -1.64160788528655e-14 -4.49411045547185e-13
 9.54985743348786e+05 -1.64856585085378e-14 -4.52010391992969e-13
 9.59119880765880e+05 -1.65552334805262e-14 -4.54602274368446e-13
 9.63254018182974e+05 -1.66248037749007e-14 -4.57186540897303e-13
 9.67388155600069e+05 -1.66943693908677e-14 -4.59763040795603e-13
 9.71522293017163e+05 -1.67639303250757e-14 -4.62331624289007e-13
 9.75656430434257e+05 -1.68334865795058e-14 -4.64892142634024e-13
 9.79790567851351e+05 -1.69030381559406e-14 -4.67444448125007e-13
 9.83924705268446e+05 -1.69725850530825e-14 -4.69988394104073e-13
 9.88058842685540e+05 -1.70421272722417e-14 -4.72523834979577e-13
 9.92192980102634e+05 -1.71116648133389e-14 -4.75050626234403e-13
 9.96327117519729e+05 -1.71811976756708e-14 -4.77568624439568e-13
 1.00046125493682e+06 -1.72507258602069e-14 -4.80077687268568e-13
 1.00459539235392e+06 -1.73202493671305e-14 -4.82577673507218e-13
 1.00872952977101e+06 -1.73897681978722e-14 -4.85068443067807e-13
 1.01286366718811e+06 -1.74592823503122e-14 -4.87549856996517e-13
 1.01699780460520e+06 -1.75287918279630e-14 -4.90021777494280e-13
 1.02113194202229e+06 -1.75982966278595e-14 -4.92484067916476e-13
 1.02526607943939e+06 -1.76677967486708e-14 -4.94936592792934e-13
 1.02940021685648e+06 -1.77372921937226e-14 -4.97379217842521e-13
 1.03353435427358e+06 -1.78067829637929e-14 -4.99811809977118e-13
 1.03766849169067e+06 -1.78762690582692e-14 -5.02234237314336e-13
 1.04180262910777e+06 -1.79457504779688e-14 -5.04646369191660e-13
 1.04593676652486e+06 -1.80152272224829e-14 -5.07048076174690e-13
 1.05007090394195e+06 -1.80846992909662e-14 -5.09439230069182e-13
 1.05420504135905e+06 -1.81541666854131e-14 -5.11819703935001e-13
 1.05833917877614e+06 -1.82236294047050e-14 -5.14189372090924e-13
 1.06247331619324e+06 -1.82930874491211e-14 -5.16548110130004e-13
 1.06660745361033e+06 -1.83625408195248e-14 -5.18895794929092e-13
 1.07074159102743e+06 -1.84319895175418e-14 -5.21232304659449e-13
 1.07487572844452e+06 -1.85014335399901e-14 -5.23557518791440e-13
 1.07900986586161e+06 -1.85708728900075e-14 -5.25871318115942e-13
 1.08314400327871e+06 -1.86403075668573e-14 -5.28173584743891e-13
 1.08727814069580e+06 -1.87097375695007e-14 -5.30464202119969e-13
 1.09141227811290e+06 -1.87791628997302e-14 -5.32743055035519e-13
 1.09554641552999e+06 -1.88485835577646e-14 -5.35010029633684e-13
 1.09968055294709e+06 -1.89179995432737e-14 -5.37265013419922e-13
 1.10381469036418e+06 -1.89874108571624e-14 -5.39507895273257e-13
 1.10794882778128e+06 -1.90568174994036e-14 -5.41738565453258e-13
 1.11208296519837e+06 -1.91262194705244e-14 -5.43956915610753e-13
 1.11621710261546e+06 -1.91956167701394e-14 -5.46162838795268e-13
 1.12035124003256e+06 -1.92650093997996e-14 -5.48356229466718e-13
 1.12448537744965e+06 -1.93343973576862e-14 -5.50536983498808e-13
 1.12861951486675e+06 -1.94037806453198e-14 -5.52704998194466e-13
 1.13275365228384e+06 -1.94731592625867e-14 -5.54860172289059e-13
 1.13688778970094e+06 -1.95425332090773e-14 -5.57002405960299e-13
 1.14102192711803e+06 -1.96119024848259e-14 -5.59131600836917e-13
 1.14515606453512e+06 -1.96812670898344e-14 -5.61247660006330e-13
 1.14929020195222e+06 -1.97506270269201e-14 -5.63350488025516e-13
 1.15342433936931e+06 -1.98199822940443e-14 -5.65439990920627e-13
 1.15755847678641e+06 -1.98893328919435e-14 -5.67516076202773e-13
 1.16169261420350e+06 -1.99586788223995e-14 -5.69578652873566e-13
 1.16582675162060e+06 -2.00280200819946e-14 -5.71627631425938e-13
 1.16996088903769e+06 -2.00973566740047e-14 -5.73662923863539e-13
 1.17409502645478e+06 -2.01666885996254e-14 -5.75684443698909e-13
 1.17822916387188e+06 -2.02360158566441e-14 -5.77692105958975e-13
 1.18236330128897e+06 -2.03053384459885e-14 -5.79685827198476e-13
 1.18649743870607e+06 -2.03746563683863e-14 -5.81665525503004e-13
 1.19063157612316e+06 -2.04439696230674e-14 -5.83631120494406e-13
 1.19476571354026e+06 -2.05132782124287e-14 -5.85582533341550e-13
 1.19889985095735e+06 -2.05825821349253e-14 -5.87519686759589e-13
 1.20303398837444e+06 -2.06518813892627e-14 -5.89442505019976e-13
 1.20716812579154e+06 -2.07211759775746e-14 -5.91350913959542e-13
 1.21130226320863e+06 -2.07904658989844e-14 -5.93244840980006e-13
 1.21543640062573e+06 -2.08597511548027e-14 -5.95124215058377e-13
 1.21957053804282e+06 -2.09290317471566e-14 -5.96988966751124e-13
 1.22370467545992e+06 -2.09983076738314e-14 -5.98839028194354e-13
 1.22783881287701e+06 -2.10675789336305e-14 -6.00674333114313e-13
 1.23197295029410e+06 -2.11368455295431e-14 -6.02494816835451e-13
 1.23610708771120e+06 -2.12061074615190e-14 -6.04300416277773e-13
 1.24024122512829e+06 -2.12753647284247e-14 -6.06091069964058e-13
 1.24437536254539e+06 -2.13446173315209e-14 -6.07866718027139e-13
 1.24850949996248e+06 -2.14138652705749e-14 -6.09627302210833e-13
 1.25264363737958e+06 -2.14831085455831e-14 -6.11372765875766e-13
 1.25677777479667e+06 -2.15523471583603e-14 -6.13103054004680e-13
 1.26091191221376e+06 -2.16215811058598e-14 -6.14818113200266e-13
 1.26504604963086e+06 -2.16908103909300e-14 -6.16517891699087e-13
 1.26918018704795e+06 -2.17600350140972e-14 -6.18202339367079e-13
 1.27331432446505e+06 -2.18292549737488e-14 -6.19871407703285e-13
 1.27744846188214e+06 -2.18984702717625e-14 -6.21525049848777e-13
 1.28158259929924e+06 -2.19676809071439e-14 -6.23163220583050e-13
 1.28571673671633e+06 -2.20368868819360e-14 -6.24785876333354e-13
 1.28985087413343e+06 -2.21060881947720e-14 -6.26392975170617e-13
 1.29398501155052e+06 -2.21752848454214e-14 -6.27984476816973e-13
 1.29811914896761e+06 -2.22444768346514e-14 -6.29560342647896e-13
 1.30225328638471e+06 -2.23136641644694e-14 -6.31120535694784e-13
 1.30638742380180e+06 -2.23828468327279e-14 -6.32665020641713e-13
 1.31052156121890e+06 -2.24520248408345e-14 -6.34193763835346e-13
 1.31465569863599e+06 -2.25211981879980e-14 -6.35706733280616e-13
 1.31878983605309e+06 -2.25903668764345e-14 -6.37203898648117e-13
 1.32292397347018e+06 -2.26595309049953e-14 -6.38685231268775e-13
 1.32705811088727e+06 -2.27286902750993e-14 -6.40150704141449e-13
 1.33119224830437e+06 -2.27978449851729e-14 -6.41600291928572e-13
 1.33532638572146e+06 -2.28669950352868e-14 -6.43033970961799e-13
 1.33946052313856e+06 -2.29361404260146e-14 -6.44451719241491e-13
 1.34359466055565e+06 -2.30052811587975e-14 -6.45853516438273e-13
 1.34772879797275e+06 -2.30744172340283e-14 -6.47239343891366e-13
 1.35186293538984e+06 -2.31435486496732e-14 -6.48609184607620e-13
 1.35599707280693e+06 -2.32126754073280e-14 -6.49963023268099e-13
 1.36013121022403e+06 -2.32817975085925e-14 -6.51300846224058e-13
 1.36426534764112e+06 -2.33509149536996e-14 -6.52622641496114e-13
 1.36839948505822e+06 -2.34200277405160e-14 -6.53928398772366e-13
 1.37253362247531e+06 -2.34891358693726e-14 -6.55218109413428e-13
 1.37666775989241e+06 -2.35582393412637e-14 -6.56491766449759e-13
 1.38080189730950e+06 -2.36273381577471e-14 -6.57749364580793e-13
 1.38493603472659e+06 -2.36964323175248e-14 -6.58990900170851e-13
 1.38907017214369e+06 -2.37655218202486e-14 -6.60216371251888e-13
 1.39320430956078e+06 -2.38346066677538e-14 -6.61425777523432e-13
 1.39733844697788e+06 -2.39036868599751e-14 -6.62619120347016e-13
 1.40147258439497e+06 -2.39727623956522e-14 -6.63796402745809e-13
 1.40560672181207e+06 -2.40418332782504e-14 -6.64957629408566e-13
 1.40974085922916e+06 -2.41108995057266e-14 -6.66102806677398e-13
 1.41387499664625e+06 -2.41799610772756e-14 -6.67231942552961e-13
 1.41800913406335e+06 -2.42490179941919e-14 -6.68345046692993e-13
 1.42214327148044e+06 -2.43180702591887e-14 -6.69442130409165e-13
 1.42627740889754e+06 -2.43871178689278e-14 -6.70523206657363e-13
 1.43041154631463e+06 -2.44561608257647e-14 -6.71588290046615e-13
 1.43454568373173e+06 -2.45251991286610e-14 -6.72637396827498e-13
 1.43867982114882e+06 -2.45942327775275e-14 -6.73670544893281e-13
 1.44281395856591e+06 -2.46632617736656e-14 -6.74687753777501e-13
 1.44694809598301e+06 -2.47322861168043e-14 -6.75689044647468e-13
 1.45108223340010e+06 -2.48013058089517e-14 -6.76674440305007e-13
 1.45521637081720e+06 -2.48703208473522e-14 -6.77643965175499e-13
 1.45935050823429e+06 -2.49393312341990e-14 -6.78597645314315e-13
 1.46348464565139e+06 -2.50083369689527e-14 -6.79535508394919e-13
 1.46761878306848e+06 -2.50773380517100e-14 -6.80457583708332e-13
 1.47175292048557e+06 -2.51463344826697e-14 -6.81363902158334e-13
 1.47588705790267e+06 -2.52153262634758e-14 -6.82254496258528e-13
 1.48002119531976e+06 -2.52843133930101e-14 -6.83129400123605e-13
 1.48415533273686e+06 -2.53532958709498e-14 -6.83988649468241e-13
 1.48828947015395e+06 -2.54222736984700e-14 -6.84832281603197e-13
 1.49242360757105e+06 -2.54912468765591e-14 -6.85660335428304e-13
 1.49655774498814e+06 -2.55602154045745e-14 -6.86472851425963e-13
 1.50069188240524e+06 -2.56291792837001e-14 -6.87269871659780e-13
 1.50482601982233e+06 -2.56981385118776e-14 -6.88051439763512e-13
 1.50896015723942e+06 -2.57670930906547e-14 -6.88817600942815e-13
 1.51309429465652e+06 -2.58360430209995e-14 -6.89568401964971e-13
 1.51722843207361e+06 -2.59049883011714e-14 -6.90303891150892e-13
 1.52136256949071e+06 -2.59739289333692e-14 -6.91024118376094e-13
 1.52549670690780e+06 -2.60428649184743e-14 -6.91729135059094e-13
 1.52963084432490e+06 -2.61117962555270e-14 -6.92418994154270e-13
 1.53376498174199e+06 -2.61807229438449e-14 -6.93093750147951e-13
 1.53789911915908e+06 -2.62496449833940e-14 -6.93753459052192e-13
 1.54203325657618e+06 -2.63185623770310e-14 -6.94398178399682e-13
 1.54616739399327e+06 -2.63874751217283e-14 -6.95027967228592e-13
 1.55030153141037e+06 -2.64563832207900e-14 -6.95642886087749e-13
 1.55443566882746e+06 -2.65252866728571e-14 -6.96242997017929e-13
 1.55856980624456e+06 -2.65941854787260e-14 -6.96828363551780e-13
 1.56270394366165e+06 -2.66630796376454e-14 -6.97399050702695e-13
 1.56683808107874e+06 -2.67319691495308e-14 -6.97955124959034e-13
 1.57097221849584e+06 -2.68008540159223e-14 -6.98496654277539e-13
 1.57510635591293e+06 -2.68697342386305e-14 -6.99023708073994e-13
 1.57924049333003e+06 -2.69386098150670e-14 -6.99536357210492e-13
 1.58337463074712e+06 -2.70074807455727e-14 -7.00034673994390e-13
 1.58750876816422e+06 -2.70763470314396e-14 -7.00518732168631e-13
 1.59164290558131e+06 -2.71452086727544e-14 -7.00988606900181e-13
 1.59577704299840e+06 -2.72140656684732e-14 -7.01444374772268e-13
 1.59991118041550e+06 -2.72829180201793e-14 -7.01886113779079e-13
 1.60404531783259e+06 -2.73517657286719e-14 -7.02313903313316e-13
 1.60817945524969e+06 -2.74206087926242e-14 -7.02727824155730e-13
 1.61231359266678e+06 -2.74894472132629e-14 -7.03127958471245e-13
 1.61644773008388e+06 -2.75582809914177e-14 -7.03514389796349e-13
 1.62058186750097e+06 -2.76271101256447e-14 -7.03887203027444e-13
 1.62471600491806e+06 -2.76959346181008e-14 -7.04246484417846e-13
 1.62885014233516e+06 -2.77647544678235e-14 -7.04592321560782e-13
 1.63298427975225e+06 -2.78335696751349e-14 -7.04924803384290e-13
 1.63711841716935e+06 -2.79023802385540e-14 -7.05244020138026e-13
 1.64125255458644e+06 -2.79711861614237e-14 -7.05550063390177e-13
 1.64538669200354e+06 -2.80399874413124e-14 -7.05843026005661e-13
 1.64952082942063e+06 -2.81087840814274e-14 -7.06123002148474e-13
 1.65365496683772e+06 -2.81775760803103e-14 -7.06390087260153e-13
 1.65778910425482e+06 -2.82463634371506e-14 -7.06644378054758e-13
 1.66192324167191e+06 -2.83151461526465e-14 -7.06885972508671e-13
 1.66605737908901e+06 -2.83839242284252e-14 -7.07114969849648e-13
 1.67019151650610e+06 -2.84526976640519e-14 -7.07331470542588e-13
 1.67432565392320e+06 -2.85214664600847e-14 -7.07535576281551e-13
 1.67845979134029e+06 -2.85902306157255e-14 -7.07727389976276e-13
 1.68259392875739e+06 -2.86589901314440e-14 -7.07907015743448e-13
 1.68672806617448e+06 -2.87277450086867e-14 -7.08074558895191e-13
 1.69086220359157e+06 -2.87964952473656e-14 -7.08230125924208e-13
 1.69499634100867e+06 -2.88652408447959e-14 -7.08373824492114e-13
 1.69913047842576e+06 -2.89339818036991e-14 -7.08505763424882e-13
 1.70326461584286e+06 -2.90027181233799e-14 -7.08626052692517e-13
 1.70739875325995e+06 -2.90714498071865e-14 -7.08734803404371e-13
 1.71153289067705e+06 -2.91401768522021e-14 -7.08832127786402e-13
 1.71566702809414e+06 -2.92088992595466e-14 -7.08918139179740e-13
 1.71980116551123e+06 -2.92776170291329e-14 -7.08992952023152e-13
 1.72393530292833e+06 -2.93463301616488e-14 -7.09056681841945e-13
 1.72806944034542e+06 -2.94150386574778e-14 -7.09109445234992e-13
 1.73220357776252e+06 -2.94837425149111e-14 -7.09151359859650e-13
 1.73633771517961e+06 -2.95524417354142e-14 -7.09182544424810e-13
 1.74047185259671e+06 -2.96211363201203e-14 -7.09203118674424e-13
 1.74460599001380e+06 -2.96898262688583e-14 -7.09213203373005e-13
 1.74874012743089e+06 -2.97585115830591e-14 -7.09212920296195e-13
 1.75287426484799e+06 -2.98271922599372e-14 -7.09202392211200e-13
 1.75700840226508e+06 -2.98958683009482e-14 -7.09181742872418e-13
 1.76114253968218e+06 -2.99645397071894e-14 -7.09151097003142e-13
 1.76527667709927e+06 -3.00332064778711e-14 -7.09110580280649e-13
 1.76941081451637e+06 -3.01018686147959e-14 -7.09060319327212e-13
 1.77354495193346e+06 -3.01705261180098e-14 -7.09000441691840e-13
 1.77767908935055e+06 -3.02391789854630e-14 -7.08931075836441e-13
 1.78181322676765e+06 -3.03078272189832e-14 -7.08852351127966e-13
 1.78594736418474e+06 -3.03764708187175e-14 -7.08764397818612e-13
 1.79008150160184e+06 -3.04451097863255e-14 -7.08667347035299e-13
 1.79421563901893e+06 -3.05137441183161e-14 -7.08561330758551e-13
 1.79834977643603e+06 -3.05823738180638e-14 -7.08446481821029e-13
 1.80248391385312e+06 -3.06509988855467e-14 -7.08322933881916e-13
 1.80661805127021e+06 -3.07196193178572e-14 -7.08190821413964e-13
 1.81075218868731e+06 -3.07882351185289e-14 -7.08050279698271e-13
 1.81488632610440e+06 -3.08568462869527e-14 -7.07901444798464e-13
 1.81902046352150e+06 -3.09254528234263e-14 -7.07744453551755e-13
 1.82315460093859e+06 -3.09940547274898e-14 -7.07579443552452e-13
 1.82728873835569e+06 -3.10626520011855e-14 -7.07406553140383e-13
 1.83142287577278e+06 -3.11312446436654e-14 -7.07225921380893e-13
 1.83555701318987e+06 -3.11998326538311e-14 -7.07037688052139e-13
 1.83969115060697e+06 -3.12684160343608e-14 -7.06841993634857e-13
 1.84382528802406e+06 -3.13369947849909e-14 -7.06638979289696e-13
 1.84795942544116e+06 -3.14055689037966e-14 -7.06428786843775e-13
 1.85209356285825e+06 -3.14741383928464e-14 -7.06211558781306e-13
 1.85622770027535e+06 -3.15427032530391e-14 -7.05987438223049e-13
 1.86036183769244e+06 -3.16112634831719e-14 -7.05756568909980e-13
 1.86449597510954e+06 -3.16798190847648e-14 -7.05519095192531e-13
 1.86863011252663e+06 -3.17483700570841e-14 -7.05275162010547e-13
 1.87276424994372e+06 -3.18169163994690e-14 -7.05024914880043e-13
 1.87689838736082e+06 -3.18854581125953e-14 -7.04768499878699e-13
 1.88103252477791e+06 -3.19539951973716e-14 -7.04506063629164e-13
 1.88516666219501e+06 -3.20225276539181e-14 -7.04237753282243e-13
 1.88930079961210e+06 -3.20910554828428e-14 -7.03963716502844e-13
 1.89343493702920e+06 -3.21595786828196e-14 -7.03684101451124e-13
 1.89756907444629e+06 -3.22280972573481e-14 -7.03399056773873e-13
 1.90170321186338e+06 -3.22966112028855e-14 -7.03108731576516e-13
 1.90583734928048e+06 -3.23651205211380e-14 -7.02813275419464e-13
 1.90997148669757e+06 -3.24336252115545e-14 -7.02512838294930e-13
 1.91410562411467e+06 -3.25021252762073e-14 -7.02207570615364e-13
 1.91823976153176e+06 -3.25706207135813e-14 -7.01897623190940e-13
 1.92237389894886e+06 -3.26391115261105e-14 -7.01583147221647e-13
 1.92650803636595e+06 -3.27075977123858e-14 -7.01264294272451e-13
 1.93064217378304e+06 -3.27760792720362e-14 -7.00941216263167e-13
 1.93477631120014e+06 -3.28445562059837e-14 -7.00614065451107e-13
 1.93891044861723e+06 -3.29130285153273e-14 -7.00282994414598e-13
 1.94304458603433e+06 -3.29814962009626e-14 -6.99948156035707e-13
 1.94717872345142e+06 -3.30499592597789e-14 -6.99609703480380e-13
 1.95131286086852e+06 -3.31184176954478e-14 -6.99267790192945e-13
 1.95544699828561e+06 -3.31868715047391e-14 -6.98922569865690e-13
 1.95958113570270e+06 -3.32553206906194e-14 -6.98574196435400e-13
 1.96371527311980e+06 -3.33237652530141e-14 -6.98222824057776e-13
 1.96784941053689e+06 -3.33922051916190e-14 -6.97868607094268e-13
 1.97198354795399e+06 -3.34606405051556e-14 -6.97511700093732e-13
 1.97611768537108e+06 -3.35290711956095e-14 -6.97152257780901e-13
 1.98025182278818e+06 -3.35974972648758e-14 -6.96790435036312e-13
 1.98438596020527e+06 -3.36659187080995e-14 -6.96426386872412e-13
 1.98852009762236e+06 -3.37343355302053e-14 -6.96060268434517e-13
 1.99265423503946e+06 -3.38027477315036e-14 -6.95692234968873e-13
 1.99678837245655e+06 -3.38711553094133e-14 -6.95322441808037e-13
 2.00092250987365e+06 -3.39395582662875e-14 -6.94951044362047e-13
 2.00505664729074e+06 -3.40079566018717e-14 -6.94578198094405e-13
 2.00919078470784e+06 -3.40763503160060e-14 -6.94204058507504e-13
 2.01332492212493e+06 -3.41447394087657e-14 -6.93828781126548e-13
 2.01745905954202e+06 -3.42131238795831e-14 -6.93452521481712e-13
 2.02159319695912e+06 -3.42815037313110e-14 -6.93075435095620e-13
 2.02572733437621e+06 -3.43498789620253e-14 -6.92697677458322e-13
 2.02986147179331e+06 -3.44182495713797e-14 -6.92319404017034e-13
 2.03399560921040e+06 -3.44866155603037e-14 -6.91940770158851e-13
 2.03812974662750e+06 -3.45549769290581e-14 -6.91561931192357e-13
 2.04226388404459e+06 -3.46233336804688e-14 -6.91183042333838e-13
 2.04639802146168e+06 -3.46916858114981e-14 -6.90804258682236e-13
 2.05053215887878e+06 -3.47600333227181e-14 -6.90425735211958e-13
 2.05466629629587e+06 -3.48283762170743e-14 -6.90047626755074e-13
 2.05880043371297e+06 -3.48967144910678e-14 -6.89670087975196e-13
 2.06293457113006e+06 -3.49650481476728e-14 -6.89293273364465e-13
 2.06706870854716e+06 -3.50333771853093e-14 -6.88917337215016e-13
 2.07120284596425e+06 -3.51017016056314e-14 -6.88542433610839e-13
 2.07533698338135e+06 -3.51700214073536e-14 -6.88168716404793e-13
 2.07947112079844e+06 -3.52383365905316e-14 -6.87796339205479e-13
 2.08360525821553e+06 -3.53066471586147e-14 -6.87425455363728e-13
 2.08773939563263e+06 -3.53749531077571e-14 -6.87056217944314e-13
 2.09187353304972e+06 -3.54432544401920e-14 -6.86688779723562e-13
 2.09600767046682e+06 -3.55115511569160e-14 -6.86323293165062e-13
 2.10014180788391e+06 -3.55798432549166e-14 -6.85959910400414e-13
 2.10427594530101e+06 -3.56481307392859e-14 -6.85598783224727e-13
 2.10841008271810e+06 -3.57164136075005e-14 -6.85240063064045e-13
 2.11254422013519e+06 -3.57846918595700e-14 -6.84883900969981e-13
 2.11667835755229e+06 -3.58529654970422e-14 -6.84530447601617e-13
 2.12081249496938e+06 -3.59212345183895e-14 -6.84179853204769e-13
 2.12494663238648e+06 -3.59894989244039e-14 -6.83832267600473e-13
 2.12908076980357e+06 -3.60577587154731e-14 -6.83487840166444e-13
 2.13321490722067e+06 -3.61260138925972e-14 -6.83146719821574e-13
 2.13734904463776e+06 -3.61942644546284e-14 -6.82809055007296e-13
 2.14148318205485e+06 -3.62625104026988e-14 -6.82474993675178e-13
 2.14561731947195e+06 -3.63307517379449e-14 -6.82144683268658e-13
 2.14975145688904e+06 -3.63989884601124e-14 -6.81818270705541e-13
 2.15388559430614e+06 -3.64672205686043e-14 -6.81495902363132e-13
 2.15801973172323e+06 -3.65354480644455e-14 -6.81177724064120e-13
 2.16215386914033e+06 -3.66036709469134e-14 -6.80863881056878e-13
 2.16628800655742e+06 -3.66718892175531e-14 -6.80554518003680e-13
 2.17042214397451e+06 -3.67401028746850e-14 -6.80249778959351e-13
 2.17455628139161e+06 -3.68083119194372e-14 -6.79949807361701e-13
 2.17869041880870e+06 -3.68765163516489e-14 -6.79654746011095e-13
 2.18282455622580e+06 -3.69447161724950e-14 -6.79364737057712e-13
 2.18695869364289e+06 -3.70129113813696e-14 -6.79079921982495e-13
 2.19109283105999e+06 -3.70811019793508e-14 -6.78800441585106e-13
 2.19522696847708e+06 -3.71492879667834e-14 -6.78526435965649e-13
 2.19936110589417e+06 -3.72174693432169e-14 -6.78258044509924e-13
 2.20349524331127e+06 -3.72856461088846e-14 -6.77995405874312e-13
 2.20762938072836e+06 -3.73538182641575e-14 -6.77738657970840e-13
 2.21176351814546e+06 -3.74219858074881e-14 -6.77487937949100e-13
 2.21589765556255e+06 -3.74901487427550e-14 -6.77243382188937e-13
 2.22003179297965e+06 -3.75583070679212e-14 -6.77005126273122e-13
 2.22416593039674e+06 -3.76264607831505e-14 -6.76773304980744e-13
 2.22830006781383e+06 -3.76946098911595e-14 -6.76548052273339e-13
 2.23243420523093e+06 -3.77627543884102e-14 -6.76329501269339e-13
 2.23656834264802e+06 -3.78308942776169e-14 -6.76117784243553e-13
 2.24070248006512e+06 -3.78990295577073e-14 -6.75913032600916e-13
 2.24483661748221e+06 -3.79671602290087e-14 -6.75715376867574e-13
 2.24897075489931e+06 -3.80352862923319e-14 -6.75524946675368e-13
 2.25310489231640e+06 -3.81034077488972e-14 -6.75341870746518e-13
 2.25723902973349e+06 -3.81715245969475e-14 -6.75166276876361e-13
 2.26137316715059e+06 -3.82396368368400e-14 -6.74998291923926e-13
 2.26550730456768e+06 -3.83077444699573e-14 -6.74838041796304e-13
 2.26964144198478e+06 -3.83758474969298e-14 -6.74685651432902e-13
 2.27377557940187e+06 -3.84439459164355e-14 -6.74541244789219e-13
 2.27790971681897e+06 -3.85120397288310e-14 -6.74404944827859e-13
 2.28204385423606e+06 -3.85801289350169e-14 -6.74276873502031e-13
 2.28617799165316e+06 -3.86482135361547e-14 -6.74157151742239e-13
 2.29031212907025e+06 -3.87162935310490e-14 -6.74045899439227e-13
 2.29444626648734e+06 -3.87843689202021e-14 -6.73943235434915e-13
 2.29858040390444e+06 -3.88524397042722e-14 -6.73849277506654e-13
 2.30271454132153e+06 -3.89205058830907e-14 -6.73764142353216e-13
 2.30684867873863e+06 -3.89885674577667e-14 -6.73687945583252e-13
 2.31098281615572e+06 -3.90566244257899e-14 -6.73620801696829e-13
 2.31511695357282e+06 -3.91246767904450e-14 -6.73562824082300e-13
 2.31925109098991e+06 -3.91927245510866e-14 -6.73514124992639e-13
 2.32338522840700e+06 -3.92607677080037e-14 -6.73474815537822e-13
 2.32751936582410e+06 -3.93288062601811e-14 -6.73445005669337e-13
 2.33165350324119e+06 -3.93968402113577e-14 -6.73424804173726e-13
 2.33578764065829e+06 -3.94648695578391e-14 -6.73414318647785e-13
 2.33992177807538e+06 -3.95328943010019e-14 -6.73413655497704e-13
 2.34405591549248e+06 -3.96009144405079e-14 -6.73422919920997e-13
 2.34819005290957e+06 -3.96689299791472e-14 -6.73442215897861e-13
 2.35232419032666e+06 -3.97369409146638e-14 -6.73471646171019e-13
 2.35645832774376e+06 -3.98049472484133e-14 -6.73511312242774e-13
 2.36059246516085e+06 -3.98729489787334e-14 -6.73561314355693e-13
 2.36472660257795e+06 -3.99409461071457e-14 -6.73621751487709e-13
 2.36886073999504e+06 -4.00089386352726e-14 -6.73692721335965e-13
 2.37299487741214e+06 -4.00769265615641e-14 -6.73774320302876e-13
 2.37712901482923e+06 -4.01449098857851e-14 -6.73866643488564e-13
 2.38126315224632e+06 -4.02128886110544e-14 -6.73969784682014e-13
 2.38539728966342e+06 -4.02808627354501e-14 -6.74083836340290e-13
 2.38953142708051e+06 -4.03488322601671e-14 -6.74208889586620e-13
 2.39366556449761e+06 -4.04167971839568e-14 -6.74345034193060e-13
 2.39779970191470e+06 -4.04847575077155e-14 -6.74492358574818e-13
 2.40193383933180e+06 -4.05527132321396e-14 -6.74650949775992e-13
 2.40606797674889e+06 -4.06206643571102e-14 -6.74820893459332e-13
 2.41020211416598e+06 -4.06886108829673e-14 -6.75002273896049e-13
 2.41433625158308e+06 -4.07565528109896e-14 -6.75195173956657e-13
 2.41847038900017e+06 -4.08244901396248e-14 -6.75399675096171e-13
 2.42260452641727e+06 -4.08924228694053e-14 -6.75615857349621e-13
 2.42673866383436e+06 -4.09603510009448e-14 -6.75843799319150e-13
 2.43087280125146e+06 -4.10282745339869e-14 -6.76083578163900e-13
 2.43500693866855e+06 -4.10961934695586e-14 -6.76335269591586e-13
 2.43914107608564e+06 -4.11641078062052e-14 -6.76598947845893e-13
 2.44327521350274e+06 -4.12320175466052e-14 -6.76874685703178e-13
 2.44740935091983e+06 -4.12999226905967e-14 -6.77162554456059e-13
 2.45154348833693e+06 -4.13678232375901e-14 -6.77462623906534e-13
 2.45567762575402e+06 -4.14357191885639e-14 -6.77774962359473e-13
 2.45981176317112e+06 -4.15036105420040e-14 -6.78099636608712e-13
 2.46394590058821e+06 -4.15714973000817e-14 -6.78436711935291e-13
 2.46808003800530e+06 -4.16393794628634e-14 -6.78786252092232e-13
 2.47221417542240e+06 -4.17072570276272e-14 -6.79148319295969e-13
 2.47634831283949e+06 -4.17751299979368e-14 -6.79522974226946e-13
 2.48048245025659e+06 -4.18429983734903e-14 -6.79910276010154e-13
 2.48461658767368e+06 -4.19108621528386e-14 -6.80310282211425e-13
 2.48875072509078e+06 -4.19787213385538e-14 -6.80723048833601e-13
 2.49288486250787e+06 -4.20465759306143e-14 -6.81148630302472e-13
 2.49701899992497e+06 -4.21144259280909e-14 -6.81587079460415e-13
 2.50115313734206e+06 -4.21822713300805e-14 -6.82038447560635e-13
 2.50528727475915e+06 -4.22501121388472e-14 -6.82502784262007e-13
 2.50942141217625e+06 -4.23179483537997e-14 -6.82980137616766e-13
 2.51355554959334e+06 -4.23857799755217e-14 -6.83470554066431e-13
 2.51768968701044e+06 -4.24536070042448e-14 -6.83974078434532e-13
 2.52182382442753e+06 -4.25214294390399e-14 -6.84490753918236e-13
 2.52595796184463e+06 -4.25892472811317e-14 -6.85020622085523e-13
 2.53009209926172e+06 -4.26570605318157e-14 -6.85563722866146e-13
 2.53422623667881e+06 -4.27248691890179e-14 -6.86120094542584e-13
 2.53836037409591e+06 -4.27926732533100e-14 -6.86689773749300e-13
 2.54249451151300e+06 -4.28604727274683e-14 -6.87272795467389e-13
 2.54662864893010e+06 -4.29282676094113e-14 -6.87869193010053e-13
 2.55076278634719e+06 -4.29960579006019e-14 -6.88478998026706e-13
 2.55489692376429e+06 -4.30638435991438e-14 -6.89102240490133e-13
 2.55903106118138e+06 -4.31316247078083e-14 -6.89738948699269e-13
 2.56316519859847e+06 -4.31994012248150e-14 -6.90389149264643e-13
 2.56729933601557e+06 -4.32671731524391e-14 -6.91052867111960e-13
 2.57143347343266e+06 -4.33349404906863e-14 -6.91730125471478e-13
 2.57556761084976e+06 -4.34027032370250e-14 -6.92420945871758e-13
 2.57970174826685e+06 -4.34704613934562e-14 -6.93125348144125e-13
 2.58383588568395e+06 -4.35382149605349e-14 -6.93843350410940e-13
 2.58797002310104e+06 -4.36059639382264e-14 -6.94574969081964e-13
 2.59210416051813e+06 -4.36737083271429e-14 -6.95320218853120e-13
 2.59623829793523e+06 -4.37414481286638e-14 -6.96079112701174e-13
 2.60037243535232e+06 -4.38091833412880e-14 -6.96851661877045e-13
 2.60450657276942e+06 -4.38769139649885e-14 -6.97637875906926e-13
 2.60864071018651e+06 -4.39446400002896e-14 -6.98437762587724e-13
 2.61277484760361e+06 -4.40123614479036e-14 -6.99251327983488e-13
 2.61690898502070e+06 -4.40800783082512e-14 -7.00078576421452e-13
 2.62104312243779e+06 -4.41477905806591e-14 -7.00919510488858e-13
 2.62517725985489e+06 -4.42154982660607e-14 -7.01774131033120e-13
 2.62931139727198e+06 -4.42832013653664e-14 -7.02642437157166e-13
 2.63344553468908e+06 -4.43508998754248e-14 -7.03524426213243e-13
 2.63757967210617e+06 -4.44185938004998e-14 -7.04420093812724e-13
 2.64171380952327e+06 -4.44862831388887e-14 -7.05329433809661e-13
 2.64584794694036e+06 -4.45539678900714e-14 -7.06252438306589e-13
 2.64998208435745e+06 -4.46216480563700e-14 -7.07189097655048e-13
 2.65411622177455e+06 -4.46893236361265e-14 -7.08139400446275e-13
 2.65825035919164e+06 -4.47569946304686e-14 -7.09103333516906e-13
 2.66238449660874e+06 -4.48246610407413e-14 -7.10080881945795e-13
 2.66651863402583e+06 -4.48923228645054e-14 -7.11072029048376e-13
 2.67065277144293e+06 -4.49599801065468e-14 -7.12076756387104e-13
 2.67478690886002e+06 -4.50276327608420e-14 -7.13095043752730e-13
 2.67892104627712e+06 -4.50952808310502e-14 -7.14126869184567e-13
 2.68305518369421e+06 -4.51629243172743e-14 -7.15172208956389e-13
 2.68718932111130e+06 -4.52305632201978e-14 -7.16231037580548e-13
 2.69132345852840e+06 -4.52981975398642e-14 -7.17303327807146e-13
 2.69545759594549e+06 -4.53658272759888e-14 -7.18389050624159e-13
 2.69959173336259e+06 -4.54334524288099e-14 -7.19488175258997e-13
 2.70372587077968e+06 -4.55010729979560e-14 -7.20600669177546e-13
 2.70786000819678e+06 -4.55686889850013e-14 -7.21726498088003e-13
 2.71199414561387e+06 -4.56363003892906e-14 -7.22865625936483e-13
 2.71612828303096e+06 -4.57039072109966e-14 -7.24018014912814e-13
 2.72026242044806e+06 -4.57715094511852e-14 -7.25183625449979e-13
 2.72439655786515e+06 -4.58391071112907e-14 -7.26362416226541e-13
 2.72853069528225e+06 -4.59067001879915e-14 -7.27554344162321e-13
 2.73266483269934e+06 -4.59742886838286e-14 -7.28759364430817e-13
 2.73679897011644e+06 -4.60418726004572e-14 -7.29977430454463e-13
 2.74093310753353e+06 -4.61094519339601e-14 -7.31208493901719e-13
 2.74506724495062e+06 -4.61770266871106e-14 -7.32452504702996e-13
 2.74920138236772e+06 -4.62445968611635e-14 -7.33709411042810e-13
 2.75333551978481e+06 -4.63121624528666e-14 -7.34979159360941e-13
 2.75746965720191e+06 -4.63797234652481e-14 -7.36261694365336e-13
 2.76160379461900e+06 -4.64472798974868e-14 -7.37556959025300e-13
 2.76573793203610e+06 -4.65148317512965e-14 -7.38864894580859e-13
 2.76987206945319e+06 -4.65823790252876e-14 -7.40185440539900e-13
 2.77400620687028e+06 -4.66499217210389e-14 -7.41518534688699e-13
 2.77814034428738e+06 -4.67174598367490e-14 -7.42864113088424e-13
 2.78227448170447e+06 -4.67849933739497e-14 -7.44222110086452e-13
 2.78640861912157e+06 -4.68525223340070e-14 -7.45592458316053e-13
 2.79054275653866e+06 -4.69200467155107e-14 -7.46975088698181e-13
 2.79467689395576e+06 -4.69875665196571e-14 -7.48369930451599e-13
 2.79881103137285e+06 -4.70550817454230e-14 -7.49776911092285e-13
 2.80294516878994e+06 -4.71225923938171e-14 -7.51195956442359e-13
 2.80707930620704e+06 -4.71900984640682e-14 -7.52626990630765e-13
 2.81121344362413e+06 -4.72575999585502e-14 -7.54069936104118e-13
 2.81534758104123e+06 -4.73250968759626e-14 -7.55524713623832e-13
 2.81948171845832e+06 -4.73925892163168e-14 -7.56991242277928e-13
 2.82361585587542e+06 -4.74600769809722e-14 -7.58469439484892e-13
 2.82774999329251e+06 -4.75275601692347e-14 -7.59959220997962e-13
 2.83188413070960e+06 -4.75950387824366e-14 -7.61460500913311e-13
 2.83601826812670e+06 -4.76625128192213e-14 -7.62973191671919e-13
 2.84015240554379e+06 -4.77299822808856e-14 -7.64497204072038e-13
 2.84428654296089e+06 -4.77974471667913e-14 -7.66032447269285e-13
 2.84842068037798e+06 -4.78649074783555e-14 -7.67578828788601e-13
 2.85255481779508e+06 -4.79323632158679e-14 -7.69136254527310e-13
 2.85668895521217e+06 -4.79998143782747e-14 -7.70704628761194e-13
 2.86082309262927e+06 -4.80672609651615e-14 -7.72283854154502e-13
 2.86495723004636e+06 -4.81347029786130e-14 -7.73873831768342e-13
 2.86909136746345e+06 -4.82021404186205e-14 -7.75474461063805e-13
 2.87322550488055e+06 -4.82695732834416e-14 -7.77085639909104e-13
 2.87735964229764e+06 -4.83370015756731e-14 -7.78707264594967e-13
 2.88149377971474e+06 -4.84044252956461e-14 -7.80339229833367e-13
 2.88562791713183e+06 -4.84718444419581e-14 -7.81981428768347e-13
 2.88976205454893e+06 -4.85392590150082e-14 -7.83633752986781e-13
 2.89389619196602e+06 -4.86066690151156e-14 -7.85296092525141e-13
 2.89803032938311e+06 -4.86740744433921e-14 -7.86968335878579e-13
 2.90216446680021e+06 -4.87414753016074e-14 -7.88650370008829e-13
 2.90629860421730e+06 -4.88088715873975e-14 -7.90342080349570e-13
 2.91043274163440e+06 -4.88762633015299e-14 -7.92043350822271e-13
 2.91456687905149e+06 -4.89436504447133e-14 -7.93754063841222e-13
 2.91870101646859e+06 -4.90110330161209e-14 -7.95474100322597e-13
 2.92283515388568e+06 -4.90784110168704e-14 -7.97203339696486e-13
 2.92696929130277e+06 -4.91457844467300e-14 -7.98941659913258e-13
 2.93110342871987e+06 -4.92131533057158e-14 -8.00688937455916e-13
 2.93523756613696e+06 -4.92805175947624e-14 -8.02445047348855e-13
 2.93937170355406e+06 -4.93478773154048e-14 -8.04209863169256e-13
 2.94350584097115e+06 -4.94152324642214e-14 -8.05983257051056e-13
 2.94763997838825e+06 -4.94825830443835e-14 -8.07765099707256e-13
 2.95177411580534e+06 -4.95499290558645e-14 -8.09555260429771e-13
 2.95590825322243e+06 -4.96172704994517e-14 -8.11353607105420e-13
 2.96004239063953e+06 -4.96846073732455e-14 -8.13160006221243e-13
 2.96417652805662e+06 -4.97519396776917e-14 -8.14974322883052e-13
 2.96831066547372e+06 -4.98192674132693e-14 -8.16796420822408e-13
 2.97244480289081e+06 -4.98865905818499e-14 -8.18626162409666e-13
 2.97657894030791e+06 -4.99539091826697e-14 -8.20463408661646e-13
 2.98071307772500e+06 -5.00212232141788e-14 -8.22308019254744e-13
 2.98484721514209e+06 -5.00885326805909e-14 -8.24159852543199e-13
 2.98898135255919e+06 -5.01558375777828e-14 -8.26018765556753e-13
 2.99311548997628e+06 -5.02231379090700e-14 -8.27884614029110e-13
 2.99724962739338e+06 -5.02904336733666e-14 -8.29757252397278e-13
 3.00138376481047e+06 -5.03577248703578e-14 -8.31636533818913e-13
 3.00551790222757e+06 -5.04250115019658e-14 -8.33522310187808e-13
 3.00965203964466e+06 -5.04922935681178e-14 -8.35414432139632e-13
 3.01378617706175e+06 -5.05595710688106e-14 -8.37312749069186e-13
 3.01792031447885e+06 -5.06268440032207e-14 -8.39217109140193e-13
 3.02205445189594e+06 -5.06941123735074e-14 -8.41127359304244e-13
 3.02618858931304e+06 -5.07613761751894e-14 -8.43043345302151e-13
 3.03032272673013e+06 -5.08286354139276e-14 -8.44964911695835e-13
 3.03445686414723e+06 -5.08958900880269e-14 -8.46891901862219e-13
 3.03859100156432e+06 -5.09631401975313e-14 -8.48824158016890e-13
 3.04272513898141e+06 -5.10303857428629e-14 -8.50761521226803e-13
 3.04685927639851e+06 -5.10976267234540e-14 -8.52703831421709e-13
 3.05099341381560e+06 -5.11648631408929e-14 -8.54650927411517e-13
 3.05512755123270e+06 -5.12320949949204e-14 -8.56602646896183e-13
 3.05926168864979e+06 -5.12993222866966e-14 -8.58558826483606e-13
 3.06339582606689e+06 -5.13665450152428e-14 -8.60519301699580e-13
 3.06752996348398e+06 -5.14337631814556e-14 -8.62483907006289e-13
 3.07166410090108e+06 -5.15009767829823e-14 -8.64452475812655e-13
 3.07579823831817e+06 -5.15681858221167e-14 -8.66424840495612e-13
 3.07993237573526e+06 -5.16353902992970e-14 -8.68400832408556e-13
 3.08406651315236e+06 -5.17025902144810e-14 -8.70380281898037e-13
 3.08820065056945e+06 -5.17697855683547e-14 -8.72363018319140e-13
 3.09233478798655e+06 -5.18369763609827e-14 -8.74348870050499e-13
 3.09646892540364e+06 -5.19041625920319e-14 -8.76337664508089e-13
 3.10060306282074e+06 -5.19713442605963e-14 -8.78329228162242e-13
 3.10473720023783e+06 -5.20385213696641e-14 -8.80323386555872e-13
 3.10887133765492e+06 -5.21056939179804e-14 -8.82319964311941e-13
 3.11300547507202e+06 -5.21728619062856e-14 -8.84318785157079e-13
 3.11713961248911e+06 -5.22400253340694e-14 -8.86319671931364e-13
 3.12127374990621e+06 -5.23071842017823e-14 -8.88322446609017e-13
 3.12540788732330e+06 -5.23743385094897e-14 -8.90326930311581e-13
 3.12954202474040e+06 -5.24414882571751e-14 -8.92332943324378e-13
 3.13367616215749e+06 -5.25086334466812e-14 -8.94340305114627e-13
 3.13781029957458e+06 -5.25757740770005e-14 -8.96348834343586e-13
 3.14194443699168e+06 -5.26429101484826e-14 -8.98358348886539e-13
 3.14607857440877e+06 -5.27100416625953e-14 -9.00368665848690e-13
 3.15021271182587e+06 -5.27771686175088e-14 -9.02379601577933e-13
 3.15434684924296e+06 -5.28442910136820e-14 -9.04390971687708e-13
 3.15848098666006e+06 -5.29114088525990e-14 -9.06402591071332e-13
 3.16261512407715e+06 -5.29785221344367e-14 -9.08414273915930e-13
 3.16674926149424e+06 -5.30456308577786e-14 -9.10425833720506e-13
 3.17088339891134e+06 -5.31127350238346e-14 -9.12437083317497e-13
 3.17501753632843e+06 -5.31798346328838e-14 -9.14447834884849e-13
 3.17915167374553e+06 -5.32469296853670e-14 -9.16457899964479e-13
 3.18328581116262e+06 -5.33140201815564e-14 -9.18467089480530e-13
 3.18741994857972e+06 -5.33811061206217e-14 -9.20475213754665e-13
 3.19155408599681e+06 -5.34481875037022e-14 -9.22482082526333e-13
 3.19568822341390e+06 -5.35152643315027e-14 -9.24487504969623e-13
 3.19982236083100e+06 -5.35823366037863e-14 -9.26491289708039e-13
 3.20395649824809e+06 -5.36494043218501e-14 -9.28493244836328e-13
 3.20809063566519e+06 -5.37164674847140e-14 -9.30493177933948e-13
 3.21222477308228e+06 -5.37835260924749e-14 -9.32490896085361e-13
 3.21635891049938e+06 -5.38505801449664e-14 -9.34486205899094e-13
 3.22049304791647e+06 -5.39176296426623e-14 -9.36478913523751e-13
 3.22462718533356e+06 -5.39846745858718e-14 -9.38468824666536e-13
 3.22876132275066e+06 -5.40517149747368e-14 -9.40455744612134e-13
 3.23289546016775e+06 -5.41187508110928e-14 -9.42439478240905e-13
 3.23702959758485e+06 -5.41857820926530e-14 -9.44419830042802e-13
 3.24116373500194e+06 -5.42528088208709e-14 -9.46396604143114e-13
 3.24529787241904e+06 -5.43198309982084e-14 -9.48369604318218e-13
 3.24943200983613e+06 -5.43868486204119e-14 -9.50338634005938e-13
 3.25356614725323e+06 -5.44538616897543e-14 -9.52303496337793e-13
 3.25770028467032e+06 -5.45208702065705e-14 -9.54263994148628e-13
 3.26183442208741e+06 -5.45878741725091e-14 -9.56219929998458e-13
 3.26596855950451e+06 -5.46548735885474e-14 -9.58171106189737e-13
 3.27010269692160e+06 -5.47218684506648e-14 -9.60117324780628e-13
 3.27423683433870e+06 -5.47888587619785e-14 -9.62058387617732e-13
 3.27837097175579e+06 -5.48558445212248e-14 -9.63994096341637e-13
 3.28250510917289e+06 -5.49228257283131e-14 -9.65924252412569e-13
 3.28663924658998e+06 -5.49898023848544e-14 -9.67848657128652e-13
 3.29077338400707e+06 -5.50567744915117e-14 -9.69767111643049e-13
 3.29490752142417e+06 -5.51237420486419e-14 -9.71679416983225e-13
 3.29904165884126e+06 -5.51907050551012e-14 -9.73585374068904e-13
 3.30317579625836e+06 -5.52576635116099e-14 -9.75484783734781e-13
 3.30730993367545e+06 -5.53246174182784e-14 -9.77377446747282e-13
 3.31144407109255e+06 -5.53915667758459e-14 -9.79263163824056e-13
 3.31557820850964e+06 -5.54585115828197e-14 -9.81141735651060e-13
 3.31971234592673e+06 -5.55254518421848e-14 -9.83012962908692e-13
 3.32384648334383e+06 -5.55923875522621e-14 -9.84876646280765e-13
 3.32798062076092e+06 -5.56593187131520e-14 -9.86732586481554e-13
 3.33211475817802e+06 -5.57262453273816e-14 -9.88580584274933e-13
 3.33624889559511e+06 -5.57931673921401e-14 -9.90420440486176e-13
 3.34038303301221e+06 -5.58600849093302e-14 -9.92251956031629e-13
 3.34451717042930e+06 -5.59269978788394e-14 -9.94074931931156e-13
 3.34865130784639e+06 -5.59939063015946e-14 -9.95889169330368e-13
 3.35278544526349e+06 -5.60608101746929e-14 -9.97694469515207e-13
 3.35691958268058e+06 -5.61277095023265e-14 -9.99490633943036e-13
 3.36105372009768e+06 -5.61946042835931e-14 -1.00127746424857e-12
 3.36518785751477e+06 -5.62614945177717e-14 -1.00305476226989e-12
 3.36932199493187e+06 -5.63283802048686e-14 -1.00482233006821e-12
 3.37345613234896e+06 -5.63952613461675e-14 -1.00657996994713e-12
 3.37759026976605e+06 -5.64621379418221e-14 -1.00832748447061e-12
 3.38172440718315e+06 -5.65290099932556e-14 -1.01006467648454e-12
 3.38585854460024e+06 -5.65958774988437e-14 -1.01179134913143e-12
 3.38999268201734e+06 -5.66627404586918e-14 -1.01350730587578e-12
 3.39412681943443e+06 -5.67295988743618e-14 -1.01521235052300e-12
 3.39826095685153e+06 -5.67964527437648e-14 -1.01690628723273e-12
 3.40239509426862e+06 -5.68633020699123e-14 -1.01858892054919e-12
 3.40652923168571e+06 -5.69301468515954e-14 -1.02026005540911e-12
 3.41066336910281e+06 -5.69969870884434e-14 -1.02191949716734e-12
 3.41479750651990e+06 -5.70638227810328e-14 -1.02356705161714e-12
 3.41893164393700e+06 -5.71306539311088e-14 -1.02520252500895e-12
 3.42306578135409e+06 -5.71974805382981e-14 -1.02682572406647e-12
 3.42719991877119e+06 -5.72643026002993e-14 -1.02843645600657e-12
 3.43133405618828e+06 -5.73311201212266e-14 -1.03003452856813e-12
 3.43546819360538e+06 -5.73979330993817e-14 -1.03161975001731e-12
 3.43960233102247e+06 -5.74647415363284e-14 -1.03319192917748e-12
 3.44373646843956e+06 -5.75315454291361e-14 -1.03475087544048e-12
 3.44787060585666e+06 -5.75983447805416e-14 -1.03629639879596e-12
 3.45200474327375e+06 -5.76651395896434e-14 -1.03782830984203e-12
 3.45613888069085e+06 -5.77319298574943e-14 -1.03934641980896e-12
 3.46027301810794e+06 -5.77987155845552e-14 -1.04085054057761e-12
 3.46440715552504e+06 -5.78654967704386e-14 -1.04234048469660e-12
 3.46854129294213e+06 -5.79322734145633e-14 -1.04381606540399e-12
 3.47267543035922e+06 -5.79990455190418e-14 -1.04527709664823e-12
 3.47680956777632e+06 -5.80658130822920e-14 -1.04672339310096e-12
 3.48094370519341e+06 -5.81325761065667e-14 -1.04815477018487e-12
 3.48507784261051e+06 -5.81993345892989e-14 -1.04957104408237e-12
 3.48921198002760e+06 -5.82660885313718e-14 -1.05097203176482e-12
 3.49334611744470e+06 -5.83328379353466e-14 -1.05235755100807e-12
 3.49748025486179e+06 -5.83995828009731e-14 -1.05372742040752e-12
 3.50161439227888e+06 -5.84663231274782e-14 -1.05508145940021e-12
 3.50574852969598e+06 -5.85330589135483e-14 -1.05641948828303e-12
 3.50988266711307e+06 -5.85997901641259e-14 -1.05774132823812e-12
 3.51401680453017e+06 -5.86665168737799e-14 -1.05904680133482e-12
 3.51815094194726e+06 -5.87332390455549e-14 -1.06033573056841e-12
 3.52228507936436e+06 -5.87999566789695e-14 -1.06160793986652e-12
 3.52641921678145e+06 -5.88666697747263e-14 -1.06286325411137e-12
 3.53055335419854e+06 -5.89333783321014e-14 -1.06410149915677e-12
 3.53468749161564e+06 -5.90000823524826e-14 -1.06532250184972e-12
 3.53882162903273e+06 -5.90667818364888e-14 -1.06652609004629e-12
 3.54295576644983e+06 -5.91334767834783e-14 -1.06771209262944e-12
 3.54708990386692e+06 -5.92001671949773e-14 -1.06888033953096e-12
 3.55122404128402e+06 -5.92668530709114e-14 -1.07003066174561e-12
 3.55535817870111e+06 -5.93335344094059e-14 -1.07116289134915e-12
 3.55949231611820e+06 -5.94002112124437e-14 -1.07227686152256e-12
 3.56362645353530e+06 -5.94668834801148e-14 -1.07337240656467e-12
 3.56776059095239e+06 -5.95335512122571e-14 -1.07444936190994e-12
 3.57189472836949e+06 -5.96002144086036e-14 -1.07550756414921e-12
 3.57602886578658e+06 -5.96668730684006e-14 -1.07654685104568e-12
 3.58016300320368e+06 -5.97335271948803e-14 -1.07756706155674e-12
 3.58429714062077e+06 -5.98001767869205e-14 -1.07856803584379e-12
 3.58843127803786e+06 -5.98668218446661e-14 -1.07954961529641e-12
 3.59256541545496e+06 -5.99334623694147e-14 -1.08051164254820e-12
 3.59669955287205e+06 -6.00000983589535e-14 -1.08145396149086e-12
 3.60083369028915e+06 -6.00667298150920e-14 -1.08237641729879e-12
 3.60496782770624e+06 -6.01333567380094e-14 -1.08327885643983e-12
 3.60910196512334e+06 -6.01999791274813e-14 -1.08416112669516e-12
 3.61323610254043e+06 -6.02665969838283e-14 -1.08502307717608e-12
 3.61737023995752e+06 -6.03332103078193e-14 -1.08586455834172e-12
 3.62150437737462e+06 -6.03998190994854e-14 -1.08668542201430e-12
 3.62563851479171e+06 -6.04664233577227e-14 -1.08748552139568e-12
 3.62977265220881e+06 -6.05330230855111e-14 -1.08826471108973e-12
 3.63390678962590e+06 -6.05996182809679e-14 -1.08902284710959e-12
 3.63804092704300e+06 -6.06662089446809e-14 -1.08975978690164e-12
 3.64217506446009e+06 -6.07327950777022e-14 -1.09047538935996e-12
 3.64630920187719e+06 -6.07993766799275e-14 -1.09116951484070e-12
 3.65044333929428e+06 -6.08659537503167e-14 -1.09184202517952e-12
 3.65457747671137e+06 -6.09325262911001e-14 -1.09249278371095e-12
 3.65871161412847e+06 -6.09990943007038e-14 -1.09312165527694e-12
 3.66284575154556e+06 -6.10656577801770e-14 -1.09372850625090e-12
 3.66697988896266e+06 -6.11322167286887e-14 -1.09431320454796e-12
 3.67111402637975e+06 -6.11987711473630e-14 -1.09487561964431e-12
 3.67524816379685e+06 -6.12653210362674e-14 -1.09541562258953e-12
 3.67938230121394e+06 -6.13318663971809e-14 -1.09593308602569e-12
 3.68351643863103e+06 -6.13984072274620e-14 -1.09642788419586e-12
 3.68765057604813e+06 -6.14649435287863e-14 -1.09689989296890e-12
 3.69178471346522e+06 -6.15314753024355e-14 -1.09734898984898e-12
 3.69591885088232e+06 -6.15980025475701e-14 -1.09777505398904e-12
 3.70005298829941e+06 -6.16645252668067e-14 -1.09817796621143e-12
 3.70418712571651e+06 -6.17310434554862e-14 -1.09855760901172e-12
 3.70832126313360e+06 -6.17975571171200e-14 -1.09891386658911e-12
 3.71245540055069e+06 -6.18640662521232e-14 -1.09924662484962e-12
 3.71658953796779e+06 -6.19305708584455e-14 -1.09955577142053e-12
 3.72072367538488e+06 -6.19970709376974e-14 -1.09984119567162e-12
 3.72485781280198e+06 -6.20635664908450e-14 -1.10010278872374e-12
 3.72899195021907e+06 -6.21300575165300e-14 -1.10034044346215e-12
 3.73312608763617e+06 -6.21965440156427e-14 -1.10055405455470e-12
 3.73726022505326e+06 -6.22630259898593e-14 -1.10074351846363e-12
 3.74139436247035e+06 -6.23295034363420e-14 -1.10090873345442e-12
 3.74552849988745e+06 -6.23959763575242e-14 -1.10104959961890e-12
 3.74966263730454e+06 -6.24624447535227e-14 -1.10116601888042e-12
 3.75379677472164e+06 -6.25289086234551e-14 -1.10125789500869e-12
 3.75793091213873e+06 -6.25953679686602e-14 -1.10132513363644e-12
 3.76206504955583e+06 -6.26618227886633e-14 -1.10136764226730e-12
 3.76619918697292e+06 -6.27282730860787e-14 -1.10138533029405e-12
 3.77033332439001e+06 -6.27947188573068e-14 -1.10137810900147e-12
 3.77446746180711e+06 -6.28611601046528e-14 -1.10134589159203e-12
 3.77860159922420e+06 -6.29275968296086e-14 -1.10128859319001e-12
 3.78273573664130e+06 -6.29940290294175e-14 -1.10120613085024e-12
 3.78686987405839e+06 -6.30604567069834e-14 -1.10109842358204e-12
 3.79100401147549e+06 -6.31268798611965e-14 -1.10096539234865e-12
 3.79513814889258e+06 -6.31932984927604e-14 -1.10080696008609e-12
 3.79927228630967e+06 -6.32597126014690e-14 -1.10062305171227e-12
 3.80340642372677e+06 -6.33261221872765e-14 -1.10041359413835e-12
 3.80754056114386e+06 -6.33925272503896e-14 -1.10017851628135e-12
 3.81167469856096e+06 -6.34589277911411e-14 -1.09991774907403e-12
 3.81580883597805e+06 -6.35253238097236e-14 -1.09963122547582e-12
 3.81994297339515e+06 -6.35917153056170e-14 -1.09931888048341e-12
 3.82407711081224e+06 -6.36581022826630e-14 -1.09898065114510e-12
 3.82821124822934e+06 -6.37244847368931e-14 -1.09861647656068e-12
 3.83234538564643e+06 -6.37908626717069e-14 -1.09822629790539e-12
 3.83647952306352e+06 -6.38572360859208e-14 -1.09781005842991e-12
 3.84061366048062e+06 -6.39236049795577e-14 -1.09736770347433e-12
 3.84474779789771e+06 -6.39899693505601e-14 -1.09689918047474e-12
 3.84888193531481e+06 -6.40563292041227e-14 -1.09640443898345e-12
 3.85301607273190e+06 -6.41226845369262e-14 -1.09588343066110e-12
 3.85715021014900e+06 -6.41890353505885e-14 -1.09533610930048e-12
 3.86128434756609e+06 -6.42553816433979e-14 -1.09476243082650e-12
 3.86541848498318e+06 -6.43217234163652e-14 -1.09416235331228e-12
 3.86955262240028e+06 -6.43880606722806e-14 -1.09353583698549e-12
 3.87368675981737e+06 -6.44543934090478e-14 -1.09288284423053e-12
 3.87782089723447e+06 -6.45207216274883e-14 -1.09220333960631e-12
 3.88195503465156e+06 -6.45870453275141e-14 -1.09149728984871e-12
 3.88608917206866e+06 -6.46533645080652e-14 -1.09076466387906e-12
 3.89022330948575e+06 -6.47196791723879e-14 -1.09000543281854e-12
 3.89435744690284e+06 -6.47859893200567e-14 -1.08921956998549e-12
 3.89849158431994e+06 -6.48522949486876e-14 -1.08840705090589e-12
 3.90262572173703e+06 -6.49185960603264e-14 -1.08756785332859e-12
 3.90675985915413e+06 -6.49848926544255e-14 -1.08670195722294e-12
 3.91089399657122e+06 -6.50511847336873e-14 -1.08580934479210e-12
 3.91502813398832e+06 -6.51174722956079e-14 -1.08489000047250e-12
 3.91916227140541e+06 -6.51837553418572e-14 -1.08394391094913e-12
 3.92329640882250e+06 -6.52500338710537e-14 -1.08297106515446e-12
 3.92743054623960e+06 -6.53163078846519e-14 -1.08197145428080e-12
 3.93156468365669e+06 -6.53825773830714e-14 -1.08094507178222e-12
 3.93569882107379e+06 -6.54488423649547e-14 -1.07989191338067e-12
 3.93983295849088e+06 -6.55151028330332e-14 -1.07881197707577e-12
 3.94396709590798e+06 -6.55813587851202e-14 -1.07770526314277e-12
 3.94810123332507e+06 -6.56476102223659e-14 -1.07657177414512e-12
 3.95223537074216e+06 -6.57138571463819e-14 -1.07541151493684e-12
 3.95636950815926e+06 -6.57800995567816e-14 -1.07422449266552e-12
 3.96050364557635e+06 -6.58463374524486e-14 -1.07301071677846e-12
 3.96463778299345e+06 -6.59125708337285e-14 -1.07177019902776e-12
 3.96877192041054e+06 -6.59787997030068e-14 -1.07050295347758e-12
 3.97290605782764e+06 -6.60450240594107e-14 -1.06920899650016e-12
 3.97704019524473e+06 -6.61112439012253e-14 -1.06788834678526e-12
 3.98117433266182e+06 -6.61774592305090e-14 -1.06654102534632e-12
 3.98530847007892e+06 -6.62436700461984e-14 -1.06516705551834e-12
 3.98944260749601e+06 -6.63098763489322e-14 -1.06376646296410e-12
 3.99357674491311e+06 -6.63760781410021e-14 -1.06233927568066e-12
 3.99771088233020e+06 -6.64422754211640e-14 -1.06088552399359e-12
 4.00184501974730e+06 -6.65084681890649e-14 -1.05940524056591e-12
 4.00597915716439e+06 -6.65746564460780e-14 -1.05789846040192e-12
 4.01011329458148e+06 -6.66408401919031e-14 -1.05636522084524e-12
 4.01424743199858e+06 -6.67070194259856e-14 -1.05480556158318e-12
 4.01838156941567e+06 -6.67731941489802e-14 -1.05321952464938e-12
 4.02251570683277e+06 -6.68393643621001e-14 -1.05160715442484e-12
 4.02664984424986e+06 -6.69055300634262e-14 -1.04996849763706e-12
 4.03078398166696e+06 -6.69716912563599e-14 -1.04830360336881e-12
 4.03491811908405e+06 -6.70378479384248e-14 -1.04661252304825e-12
 4.03905225650115e+06 -6.71040001120151e-14 -1.04489531046095e-12
 4.04318639391824e+06 -6.71701477750248e-14 -1.04315202174060e-12
 4.04732053133533e+06 -6.72362909301394e-14 -1.04138271538017e-12
 4.05145466875243e+06 -6.73024295751096e-14 -1.03958745222180e-12
 4.05558880616952e+06 -6.73685637113055e-14 -1.03776629546504e-12
 4.05972294358662e+06 -6.74346933385109e-14 -1.03591931066288e-12
 4.06385708100371e+06 -6.75008184585597e-14 -1.03404656572387e-12
 4.06799121842081e+06 -6.75669390704313e-14 -1.03214813090708e-12
 4.07212535583790e+06 -6.76330551738040e-14 -1.03022407882598e-12
 4.07625949325499e+06 -6.76991667682357e-14 -1.02827448444549e-12
 4.08039363067209e+06 -6.77652738553762e-14 -1.02629942508420e-12
 4.08452776808918e+06 -6.78313764363115e-14 -1.02429898041017e-12
 4.08866190550628e+06 -6.78974745098657e-14 -1.02227323243734e-12
 4.09279604292337e+06 -6.79635680755668e-14 -1.02022226552712e-12
 4.09693018034047e+06 -6.80296571354578e-14 -1.01814616638866e-12
 4.10106431775756e+06 -6.80957416899205e-14 -1.01604502407187e-12
 4.10519845517465e+06 -6.81618217385296e-14 -1.01391892996715e-12
 4.10933259259175e+06 -6.82278972810903e-14 -1.01176797780281e-12
 4.11346673000884e+06 -6.82939683173375e-14 -1.00959226364312e-12
 4.11760086742594e+06 -6.83600348482654e-14 -1.00739188588691e-12
 4.12173500484303e+06 -6.84260968738937e-14 -1.00516694526028e-12
 4.12586914226013e+06 -6.84921543949936e-14 -1.00291754481755e-12
 4.13000327967722e+06 -6.85582074109916e-14 -1.00064378993426e-12
 4.13413741709431e+06 -6.86242559233380e-14 -9.98345788306792e-13
