#time(au), s(t), s(t) without exp(iwt)
 0.00000000000000e+01 -6.10589904150498e-10 -6.10589904150498e-10
 4.13413741709430e+03 -6.10582681478791e-10 -6.10583395261120e-10
 8.26827483418859e+03 -6.10573736905111e-10 -6.10575047166495e-10
 1.24024122512829e+04 -6.10563551205031e-10 -6.10563736676456e-10
 1.65365496683772e+04 -6.10552426902711e-10 -6.10548759447182e-10
 2.06706870854715e+04 -6.10540559400932e-10 -6.10529636937541e-10
 2.48048245025658e+04 -6.10528079109863e-10 -6.10506019516187e-10
 2.89389619196601e+04 -6.10515076589112e-10 -6.10477637827105e-10
 3.30730993367544e+04 -6.10501617637930e-10 -6.10444278008632e-10
 3.72072367538487e+04 -6.10487752409211e-10 -6.10405768518365e-10
 4.13413741709430e+04 -6.10473520946175e-10 -6.10361972487138e-10
 4.54755115880372e+04 -6.10458956564729e-10 -6.10312782650580e-10
 4.96096490051315e+04 -6.10444087932064e-10 -6.10258117470942e-10
 5.37437864222258e+04 -6.10428940353183e-10 -6.10197917830186e-10
 5.78779238393201e+04 -6.10413536575202e-10 -6.10132144041306e-10
 6.20120612564144e+04 -6.10397897297790e-10 -6.10060773090634e-10
 6.61461986735087e+04 -6.10382041504754e-10 -6.09983796092379e-10
 7.02803360906030e+04 -6.10365986686964e-10 -6.09901215959420e-10
 7.44144735076973e+04 -6.10349748999555e-10 -6.09813045297609e-10
 7.85486109247916e+04 -6.10333343379471e-10 -6.09719304526416e-10
 8.26827483418859e+04 -6.10316783639095e-10 -6.09620020222648e-10
 8.68168857589802e+04 -6.10300082545406e-10 -6.09515223678397e-10
 9.09510231760745e+04 -6.10283251890152e-10 -6.09404949660251e-10
 9.50851605931688e+04 -6.10266302554240e-10 -6.09289235354030e-10
 9.92192980102631e+04 -6.10249244568029e-10 -6.09168119477857e-10
 1.03353435427357e+05 -6.10232087168480e-10 -6.09041641546046e-10
 1.07487572844452e+05 -6.10214838853581e-10 -6.08909841266397e-10
 1.11621710261546e+05 -6.10197507434203e-10 -6.08772758054380e-10
 1.15755847678640e+05 -6.10180100083467e-10 -6.08630430648760e-10
 1.19889985095735e+05 -6.10162623383564e-10 -6.08482896814435e-10
 1.24024122512829e+05 -6.10145083370070e-10 -6.08330193119691e-10
 1.28158259929923e+05 -6.10127485573697e-10 -6.08172354776318e-10
 1.32292397347018e+05 -6.10109835059506e-10 -6.08009415532430e-10
 1.36426534764112e+05 -6.10092136463653e-10 -6.07841407609020e-10
 1.40560672181206e+05 -6.10074394027663e-10 -6.07668361672441e-10
 1.44694809598300e+05 -6.10056611630368e-10 -6.07490306836037e-10
 1.48828947015395e+05 -6.10038792817548e-10 -6.07307270685105e-10
 1.52963084432489e+05 -6.10020940829433e-10 -6.07119279320200e-10
 1.57097221849583e+05 -6.10003058626112e-10 -6.06926357414568e-10
 1.61231359266678e+05 -6.09985148911035e-10 -6.06728528282100e-10
 1.65365496683772e+05 -6.09967214152634e-10 -6.06525813952837e-10
 1.69499634100866e+05 -6.09949256604296e-10 -6.06318235253526e-10
 1.73633771517960e+05 -6.09931278322680e-10 -6.06105811891151e-10
 1.77767908935055e+05 -6.09913281184570e-10 -6.05888562537759e-10
 1.81902046352149e+05 -6.09895266902348e-10 -6.05666504915224e-10
 1.86036183769243e+05 -6.09877237038177e-10 -6.05439655878845e-10
 1.90170321186338e+05 -6.09859193017004e-10 -6.05208031498943e-10
 1.94304458603432e+05 -6.09841136138470e-10 -6.04971647139745e-10
 1.98438596020526e+05 -6.09823067587818e-10 -6.04730517535131e-10
 2.02572733437620e+05 -6.09804988445863e-10 -6.04484656860828e-10
 2.06706870854715e+05 -6.09786899698113e-10 -6.04234078802841e-10
 2.10841008271809e+05 -6.09768802243120e-10 -6.03978796621971e-10
 2.14975145688903e+05 -6.09750696900094e-10 -6.03718823214338e-10
 2.19109283105998e+05 -6.09732584415870e-10 -6.03454171167919e-10
 2.23243420523092e+05 -6.09714465471268e-10 -6.03184852815153e-10
 2.27377557940186e+05 -6.09696340686899e-10 -6.02910880281663e-10
 2.31511695357280e+05 -6.09678210628471e-10 -6.02632265531259e-10
 2.35645832774375e+05 -6.09660075811621e-10 -6.02349020407324e-10
 2.39779970191469e+05 -6.09641936706336e-10 -6.02061156670758e-10
 2.43914107608563e+05 -6.09623793740984e-10 -6.01768686034649e-10
 2.48048245025658e+05 -6.09605647305990e-10 -6.01471620195825e-10
 2.52182382442752e+05 -6.09587497757176e-10 -6.01169970863504e-10
 2.56316519859846e+05 -6.09569345418838e-10 -6.00863749785180e-10
 2.60450657276940e+05 -6.09551190586526e-10 -6.00552968769958e-10
 2.64584794694035e+05 -6.09533033529588e-10 -6.00237639709496e-10
 2.68718932111129e+05 -6.09514874493487e-10 -5.99917774596722e-10
 2.72853069528223e+05 -6.09496713701916e-10 -5.99593385542495e-10
 2.76987206945318e+05 -6.09478551358735e-10 -5.99264484790383e-10
 2.81121344362412e+05 -6.09460387649717e-10 -5.98931084729687e-10
 2.85255481779506e+05 -6.09442222744152e-10 -5.98593197906846e-10
 2.89389619196601e+05 -6.09424056796318e-10 -5.98250837035403e-10
 2.93523756613695e+05 -6.09405889946794e-10 -5.97904015004600e-10
 2.97657894030789e+05 -6.09387722323696e-10 -5.97552744886780e-10
 3.01792031447884e+05 -6.09369554043763e-10 -5.97197039943651e-10
 3.05926168864978e+05 -6.09351385213374e-10 -5.96836913631558e-10
 3.10060306282072e+05 -6.09333215929471e-10 -5.96472379605843e-10
 3.14194443699167e+05 -6.09315046280389e-10 -5.96103451724386e-10
 3.18328581116261e+05 -6.09296876346621e-10 -5.95730144050395e-10
 3.22462718533355e+05 -6.09278706201513e-10 -5.95352470854550e-10
 3.26596855950449e+05 -6.09260535911907e-10 -5.94970446616543e-10
 3.30730993367544e+05 -6.09242365538705e-10 -5.94584086026096e-10
 3.34865130784638e+05 -6.09224195137403e-10 -5.94193403983504e-10
 3.38999268201732e+05 -6.09206024758566e-10 -5.93798415599761e-10
 3.43133405618827e+05 -6.09187854448280e-10 -5.93399136196331e-10
 3.47267543035921e+05 -6.09169684248529e-10 -5.92995581304580e-10
 3.51401680453015e+05 -6.09151514197571e-10 -5.92587766664935e-10
 3.55535817870110e+05 -6.09133344330270e-10 -5.92175708225791e-10
 3.59669955287204e+05 -6.09115174678391e-10 -5.91759422142221e-10
 3.63804092704298e+05 -6.09097005270875e-10 -5.91338924774466e-10
 3.67938230121393e+05 -6.09078836134099e-10 -5.90914232686313e-10
 3.72072367538487e+05 -6.09060667292093e-10 -5.90485362643311e-10
 3.76206504955581e+05 -6.09042498766748e-10 -5.90052331610874e-10
 3.80340642372676e+05 -6.09024330578024e-10 -5.89615156752317e-10
 3.84474779789770e+05 -6.09006162744093e-10 -5.89173855426786e-10
 3.88608917206864e+05 -6.08987995281520e-10 -5.88728445187137e-10
 3.92743054623959e+05 -6.08969828205395e-10 -5.88278943777776e-10
 3.96877192041053e+05 -6.08951661529471e-10 -5.87825369132460e-10
 4.01011329458147e+05 -6.08933495266270e-10 -5.87367739372057e-10
 4.05145466875241e+05 -6.08915329427213e-10 -5.86906072802311e-10
 4.09279604292336e+05 -6.08897164022697e-10 -5.86440387911579e-10
 4.13413741709430e+05 -6.08878999062199e-10 -5.85970703368577e-10
 4.17547879126524e+05 -6.08860834554347e-10 -5.85497038020117e-10
 4.21682016543619e+05 -6.08842670507008e-10 -5.85019410888867e-10
 4.25816153960713e+05 -6.08824506927346e-10 -5.84537841171111e-10
 4.29950291377807e+05 -6.08806343821894e-10 -5.84052348234524e-10
 4.34084428794902e+05 -6.08788181196591e-10 -5.83562951615968e-10
 4.38218566211996e+05 -6.08770019056858e-10 -5.83069671019317e-10
 4.42352703629090e+05 -6.08751857407628e-10 -5.82572526313274e-10
 4.46486841046185e+05 -6.08733696253399e-10 -5.82071537529254e-10
 4.50620978463279e+05 -6.08715535598263e-10 -5.81566724859248e-10
 4.54755115880373e+05 -6.08697375445952e-10 -5.81058108653750e-10
 4.58889253297468e+05 -6.08679215799863e-10 -5.80545709419672e-10
 4.63023390714562e+05 -6.08661056663090e-10 -5.80029547818318e-10
 4.67157528131656e+05 -6.08642898038450e-10 -5.79509644663353e-10
 4.71291665548751e+05 -6.08624739928512e-10 -5.78986020918831e-10
 4.75425802965845e+05 -6.08606582335612e-10 -5.78458697697205e-10
 4.79559940382939e+05 -6.08588425261876e-10 -5.77927696257401e-10
 4.83694077800033e+05 -6.08570268709244e-10 -5.77393038002889e-10
 4.87828215217128e+05 -6.08552112679482e-10 -5.76854744479794e-10
 4.91962352634222e+05 -6.08533957174194e-10 -5.76312837375007e-10
 4.96096490051316e+05 -6.08515802194844e-10 -5.75767338514345e-10
 5.00230627468411e+05 -6.08497647742760e-10 -5.75218269860705e-10
 5.04364764885505e+05 -6.08479493819156e-10 -5.74665653512258e-10
 5.08498902302599e+05 -6.08461340425134e-10 -5.74109511700642e-10
 5.12633039719694e+05 -6.08443187561699e-10 -5.73549866789195e-10
 5.16767177136788e+05 -6.08425035229761e-10 -5.72986741271179e-10
 5.20901314553882e+05 -6.08406883430150e-10 -5.72420157768042e-10
 5.25035451970977e+05 -6.08388732163624e-10 -5.71850139027682e-10
 5.29169589388071e+05 -6.08370581430866e-10 -5.71276707922724e-10
 5.33303726805165e+05 -6.08352431232506e-10 -5.70699887448828e-10
 5.37437864222260e+05 -6.08334281569104e-10 -5.70119700722975e-10
 5.41572001639354e+05 -6.08316132441182e-10 -5.69536170981803e-10
 5.45706139056448e+05 -6.08297983849202e-10 -5.68949321579920e-10
 5.49840276473543e+05 -6.08279835793596e-10 -5.68359175988254e-10
 5.53974413890637e+05 -6.08261688274745e-10 -5.67765757792396e-10
 5.58108551307731e+05 -6.08243541293003e-10 -5.67169090690948e-10
 5.62242688724826e+05 -6.08225394848686e-10 -5.66569198493895e-10
 5.66376826141920e+05 -6.08207248942083e-10 -5.65966105120969e-10
 5.70510963559014e+05 -6.08189103573456e-10 -5.65359834600028e-10
 5.74645100976108e+05 -6.08170958743040e-10 -5.64750411065435e-10
 5.78779238393203e+05 -6.08152814451051e-10 -5.64137858756450e-10
 5.82913375810297e+05 -6.08134670697680e-10 -5.63522202015613e-10
 5.87047513227391e+05 -6.08116527483103e-10 -5.62903465287147e-10
 5.91181650644486e+05 -6.08098384807481e-10 -5.62281673115356e-10
 5.95315788061580e+05 -6.08080242670952e-10 -5.61656850143029e-10
 5.99449925478674e+05 -6.08062101073649e-10 -5.61029021109841e-10
 6.03584062895769e+05 -6.08043960015684e-10 -5.60398210850767e-10
 6.07718200312863e+05 -6.08025819497163e-10 -5.59764444294487e-10
 6.11852337729957e+05 -6.08007679518182e-10 -5.59127746461807e-10
 6.15986475147052e+05 -6.07989540078820e-10 -5.58488142464061e-10
 6.20120612564146e+05 -6.07971401179156e-10 -5.57845657501536e-10
 6.24254749981240e+05 -6.07953262819253e-10 -5.57200316861884e-10
 6.28388887398335e+05 -6.07935124999174e-10 -5.56552145918540e-10
 6.32523024815429e+05 -6.07916987718969e-10 -5.55901170129134e-10
 6.36657162232523e+05 -6.07898850978682e-10 -5.55247415033920e-10
 6.40791299649618e+05 -6.07880714778359e-10 -5.54590906254184e-10
 6.44925437066712e+05 -6.07862579118031e-10 -5.53931669490663e-10
 6.49059574483806e+05 -6.07844443997735e-10 -5.53269730521971e-10
 6.53193711900900e+05 -6.07826309417497e-10 -5.52605115203004e-10
 6.57327849317995e+05 -6.07808175377336e-10 -5.51937849463366e-10
 6.61461986735089e+05 -6.07790041877276e-10 -5.51267959305780e-10
 6.65596124152183e+05 -6.07771908917329e-10 -5.50595470804506e-10
 6.69730261569278e+05 -6.07753776497516e-10 -5.49920410103759e-10
 6.73864398986372e+05 -6.07735644617844e-10 -5.49242803416119e-10
 6.77998536403466e+05 -6.07717513278320e-10 -5.48562677020940e-10
 6.82132673820561e+05 -6.07699382478952e-10 -5.47880057262772e-10
 6.86266811237655e+05 -6.07681252219743e-10 -5.47194970549771e-10
 6.90400948654749e+05 -6.07663122500698e-10 -5.46507443352103e-10
 6.94535086071844e+05 -6.07644993321818e-10 -5.45817502200359e-10
 6.98669223488938e+05 -6.07626864683099e-10 -5.45125173683963e-10
 7.02803360906032e+05 -6.07608736584543e-10 -5.44430484449579e-10
 7.06937498323127e+05 -6.07590609026145e-10 -5.43733461199511e-10
 7.11071635740221e+05 -6.07572482007901e-10 -5.43034130690129e-10
 7.15205773157315e+05 -6.07554355529808e-10 -5.42332519730249e-10
 7.19339910574410e+05 -6.07536229591854e-10 -5.41628655179551e-10
 7.23474047991504e+05 -6.07518104194038e-10 -5.40922563946981e-10
 7.27608185408598e+05 -6.07499979336346e-10 -5.40214272989149e-10
 7.31742322825692e+05 -6.07481855018776e-10 -5.39503809308734e-10
 7.35876460242787e+05 -6.07463731241311e-10 -5.38791199952880e-10
 7.40010597659881e+05 -6.07445608003946e-10 -5.38076472011605e-10
 7.44144735076975e+05 -6.07427485306671e-10 -5.37359652616193e-10
 7.48278872494070e+05 -6.07409363149471e-10 -5.36640768937587e-10
 7.52413009911164e+05 -6.07391241532340e-10 -5.35919848184804e-10
 7.56547147328258e+05 -6.07373120455262e-10 -5.35196917603312e-10
 7.60681284745353e+05 -6.07354999918228e-10 -5.34472004473448e-10
 7.64815422162447e+05 -6.07336879921221e-10 -5.33745136108795e-10
 7.68949559579541e+05 -6.07318760464232e-10 -5.33016339854595e-10
 7.73083696996636e+05 -6.07300641547247e-10 -5.32285643086137e-10
 7.77217834413730e+05 -6.07282523170251e-10 -5.31553073207150e-10
 7.81351971830824e+05 -6.07264405333232e-10 -5.30818657648211e-10
 7.85486109247919e+05 -6.07246288036175e-10 -5.30082423865130e-10
 7.89620246665013e+05 -6.07228171279067e-10 -5.29344399337351e-10
 7.93754384082107e+05 -6.07210055061892e-10 -5.28604611566350e-10
 7.97888521499202e+05 -6.07191939384638e-10 -5.27863088074028e-10
 8.02022658916296e+05 -6.07173824247287e-10 -5.27119856401111e-10
 8.06156796333390e+05 -6.07155709649827e-10 -5.26374944105551e-10
 8.10290933750484e+05 -6.07137595592245e-10 -5.25628378760917e-10
 8.14425071167579e+05 -6.07119482074523e-10 -5.24880187954801e-10
 8.18559208584673e+05 -6.07101369096647e-10 -5.24130399287210e-10
 8.22693346001767e+05 -6.07083256658601e-10 -5.23379040368977e-10
 8.26827483418862e+05 -6.07065144760371e-10 -5.22626138820155e-10
 8.30961620835956e+05 -6.07047033401941e-10 -5.21871722268422e-10
 8.35095758253050e+05 -6.07028922583296e-10 -5.21115818347482e-10
 8.39229895670145e+05 -6.07010812304420e-10 -5.20358454695481e-10
 8.43364033087239e+05 -6.06992702565298e-10 -5.19599658953396e-10
 8.47498170504333e+05 -6.06974593365915e-10 -5.18839458763461e-10
 8.51632307921428e+05 -6.06956484706254e-10 -5.18077881767559e-10
 8.55766445338522e+05 -6.06938376586301e-10 -5.17314955605654e-10
 8.59900582755616e+05 -6.06920269006040e-10 -5.16550707914178e-10
 8.64034720172711e+05 -6.06902161965453e-10 -5.15785166324470e-10
 8.68168857589805e+05 -6.06884055464529e-10 -5.15018358461177e-10
 8.72302995006899e+05 -6.06865949503245e-10 -5.14250311940683e-10
 8.76437132423994e+05 -6.06847844081591e-10 -5.13481054369518e-10
 8.80571269841088e+05 -6.06829739199552e-10 -5.12710613342793e-10
 8.84705407258182e+05 -6.06811634857109e-10 -5.11939016442620e-10
 8.88839544675276e+05 -6.06793531054246e-10 -5.11166291236537e-10
 8.92973682092371e+05 -6.06775427790951e-10 -5.10392465275946e-10
 8.97107819509465e+05 -6.06757325067203e-10 -5.09617566094542e-10
 9.01241956926559e+05 -6.06739222882989e-10 -5.08841621206742e-10
 9.05376094343654e+05 -6.06721121238293e-10 -5.08064658106138e-10
 9.09510231760748e+05 -6.06703020133099e-10 -5.07286704263929e-10
 9.13644369177842e+05 -6.06684919567388e-10 -5.06507787127366e-10
 9.17778506594937e+05 -6.06666819541150e-10 -5.05727934118207e-10
 9.21912644012031e+05 -6.06648720054365e-10 -5.04947172631160e-10
 9.26046781429125e+05 -6.06630621107018e-10 -5.04165530032339e-10
 9.30180918846220e+05 -6.06612522699092e-10 -5.03383033657727e-10
 9.34315056263314e+05 -6.06594424830571e-10 -5.02599710811632e-10
 9.38449193680408e+05 -6.06576327501440e-10 -5.01815588765161e-10
 9.42583331097503e+05 -6.06558230711684e-10 -5.01030694754675e-10
 9.46717468514597e+05 -6.06540134461286e-10 -5.00245055980277e-10
 9.50851605931691e+05 -6.06522038750230e-10 -4.99458699604277e-10
 9.54985743348786e+05 -6.06503943578501e-10 -4.98671652749679e-10
 9.59119880765880e+05 -6.06485848946079e-10 -4.97883942498667e-10
 9.63254018182974e+05 -6.06467754852952e-10 -4.97095595891094e-10
 9.67388155600069e+05 -6.06449661299103e-10 -4.96306639922972e-10
 9.71522293017163e+05 -6.06431568284516e-10 -4.95517101544971e-10
 9.75656430434257e+05 -6.06413475809174e-10 -4.94727007660930e-10
 9.79790567851351e+05 -6.06395383873061e-10 -4.93936385126353e-10
 9.83924705268446e+05 -6.06377292476162e-10 -4.93145260746933e-10
 9.88058842685540e+05 -6.06359201618461e-10 -4.92353661277057e-10
 9.92192980102634e+05 -6.06341111299943e-10 -4.91561613418339e-10
 9.96327117519729e+05 -6.06323021520590e-10 -4.90769143818138e-10
 1.00046125493682e+06 -6.06304932280386e-10 -4.89976279068104e-10
 1.00459539235392e+06 -6.06286843579318e-10 -4.89183045702697e-10
 1.00872952977101e+06 -6.06268755417364e-10 -4.88389470197744e-10
 1.01286366718811e+06 -6.06250667794512e-10 -4.87595578968988e-10
 1.01699780460520e+06 -6.06232580710747e-10 -4.86801398370630e-10
 1.02113194202229e+06 -6.06214494166051e-10 -4.86006954693904e-10
 1.02526607943939e+06 -6.06196408160411e-10 -4.85212274165631e-10
 1.02940021685648e+06 -6.06178322693804e-10 -4.84417382946792e-10
 1.03353435427358e+06 -6.06160237766219e-10 -4.83622307131112e-10
 1.03766849169067e+06 -6.06142153377641e-10 -4.82827072743639e-10
 1.04180262910777e+06 -6.06124069528051e-10 -4.82031705739328e-10
 1.04593676652486e+06 -6.06105986217434e-10 -4.81236232001648e-10
 1.05007090394195e+06 -6.06087903445775e-10 -4.80440677341173e-10
 1.05420504135905e+06 -6.06069821213056e-10 -4.79645067494198e-10
 1.05833917877614e+06 -6.06051739519264e-10 -4.78849428121349e-10
 1.06247331619324e+06 -6.06033658364378e-10 -4.78053784806203e-10
 1.06660745361033e+06 -6.06015577748387e-10 -4.77258163053925e-10
 1.07074159102743e+06 -6.05997497671271e-10 -4.76462588289894e-10
 1.07487572844452e+06 -6.05979418133016e-10 -4.75667085858348e-10
 1.07900986586161e+06 -6.05961339133607e-10 -4.74871681021027e-10
 1.08314400327871e+06 -6.05943260673026e-10 -4.74076398955843e-10
 1.08727814069580e+06 -6.05925182751259e-10 -4.73281264755520e-10
 1.09141227811290e+06 -6.05907105368287e-10 -4.72486303426290e-10
 1.09554641552999e+06 -6.05889028524097e-10 -4.71691539886543e-10
 1.09968055294709e+06 -6.05870952218671e-10 -4.70896998965540e-10
 1.10381469036418e+06 -6.05852876451995e-10 -4.70102705402080e-10
 1.10794882778128e+06 -6.05834801224052e-10 -4.69308683843209e-10
 1.11208296519837e+06 -6.05816726534824e-10 -4.68514958842933e-10
 1.11621710261546e+06 -6.05798652384295e-10 -4.67721554860923e-10
 1.12035124003256e+06 -6.05780578772453e-10 -4.66928496261247e-10
 1.12448537744965e+06 -6.05762505699277e-10 -4.66135807311090e-10
 1.12861951486675e+06 -6.05744433164757e-10 -4.65343512179501e-10
 1.13275365228384e+06 -6.05726361168869e-10 -4.64551634936131e-10
 1.13688778970094e+06 -6.05708289711604e-10 -4.63760199549997e-10
 1.14102192711803e+06 -6.05690218792943e-10 -4.62969229888239e-10
 1.14515606453512e+06 -6.05672148412869e-10 -4.62178749714892e-10
 1.14929020195222e+06 -6.05654078571368e-10 -4.61388782689664e-10
 1.15342433936931e+06 -6.05636009268423e-10 -4.60599352366726e-10
 1.15755847678641e+06 -6.05617940504016e-10 -4.59810482193507e-10
 1.16169261420350e+06 -6.05599872278134e-10 -4.59022195509499e-10
 1.16582675162060e+06 -6.05581804590760e-10 -4.58234515545068e-10
 1.16996088903769e+06 -6.05563737441879e-10 -4.57447465420284e-10
 1.17409502645478e+06 -6.05545670831474e-10 -4.56661068143741e-10
 1.17822916387188e+06 -6.05527604759529e-10 -4.55875346611406e-10
 1.18236330128897e+06 -6.05509539226028e-10 -4.55090323605459e-10
 1.18649743870607e+06 -6.05491474230955e-10 -4.54306021793165e-10
 1.19063157612316e+06 -6.05473409774292e-10 -4.53522463725721e-10
 1.19476571354026e+06 -6.05455345856025e-10 -4.52739671837149e-10
 1.19889985095735e+06 -6.05437282476138e-10 -4.51957668443176e-10
 1.20303398837444e+06 -6.05419219634617e-10 -4.51176475740129e-10
 1.20716812579154e+06 -6.05401157331443e-10 -4.50396115803833e-10
 1.21130226320863e+06 -6.05383095566597e-10 -4.49616610588530e-10
 1.21543640062573e+06 -6.05365034340067e-10 -4.48837981925806e-10
 1.21957053804282e+06 -6.05346973651839e-10 -4.48060251523518e-10
 1.22370467545992e+06 -6.05328913501894e-10 -4.47283440964735e-10
 1.22783881287701e+06 -6.05310853890217e-10 -4.46507571706690e-10
 1.23197295029410e+06 -6.05292794816793e-10 -4.45732665079754e-10
 1.23610708771120e+06 -6.05274736281605e-10 -4.44958742286385e-10
 1.24024122512829e+06 -6.05256678284633e-10 -4.44185824400127e-10
 1.24437536254539e+06 -6.05238620825864e-10 -4.43413932364599e-10
 1.24850949996248e+06 -6.05220563905286e-10 -4.42643086992494e-10
 1.25264363737958e+06 -6.05202507522878e-10 -4.41873308964587e-10
 1.25677777479667e+06 -6.05184451678625e-10 -4.41104618828758e-10
 1.26091191221376e+06 -6.05166396372512e-10 -4.40337036999036e-10
 1.26504604963086e+06 -6.05148341604522e-10 -4.39570583754622e-10
 1.26918018704795e+06 -6.05130287374639e-10 -4.38805279238957e-10
 1.27331432446505e+06 -6.05112233682850e-10 -4.38041143458775e-10
 1.27744846188214e+06 -6.05094180529133e-10 -4.37278196283182e-10
 1.28158259929924e+06 -6.05076127913477e-10 -4.36516457442739e-10
 1.28571673671633e+06 -6.05058075835863e-10 -4.35755946528556e-10
 1.28985087413343e+06 -6.05040024296277e-10 -4.34996682991393e-10
 1.29398501155052e+06 -6.05021973294702e-10 -4.34238686140787e-10
 1.29811914896761e+06 -6.05003922831121e-10 -4.33481975144161e-10
 1.30225328638471e+06 -6.04985872905520e-10 -4.32726569025984e-10
 1.30638742380180e+06 -6.04967823517882e-10 -4.31972486666895e-10
 1.31052156121890e+06 -6.04949774668191e-10 -4.31219746802882e-10
 1.31465569863599e+06 -6.04931726356432e-10 -4.30468368024437e-10
 1.31878983605309e+06 -6.04913678582586e-10 -4.29718368775746e-10
 1.32292397347018e+06 -6.04895631346639e-10 -4.28969767353878e-10
 1.32705811088727e+06 -6.04877584648578e-10 -4.28222581907991e-10
 1.33119224830437e+06 -6.04859538488381e-10 -4.27476830438533e-10
 1.33532638572146e+06 -6.04841492866037e-10 -4.26732530796491e-10
 1.33946052313856e+06 -6.04823447781528e-10 -4.25989700682603e-10
 1.34359466055565e+06 -6.04805403234838e-10 -4.25248357646621e-10
 1.34772879797275e+06 -6.04787359225952e-10 -4.24508519086567e-10
 1.35186293538984e+06 -6.04769315754851e-10 -4.23770202247996e-10
 1.35599707280693e+06 -6.04751272821522e-10 -4.23033424223288e-10
 1.36013121022403e+06 -6.04733230425948e-10 -4.22298201950936e-10
 1.36426534764112e+06 -6.04715188568112e-10 -4.21564552214851e-10
 1.36839948505822e+06 -6.04697147248001e-10 -4.20832491643676e-10
 1.37253362247531e+06 -6.04679106465596e-10 -4.20102036710118e-10
 1.37666775989241e+06 -6.04661066220883e-10 -4.19373203730285e-10
 1.38080189730950e+06 -6.04643026513843e-10 -4.18646008863035e-10
 1.38493603472659e+06 -6.04624987344463e-10 -4.17920468109340e-10
 1.38907017214369e+06 -6.04606948712724e-10 -4.17196597311663e-10
 1.39320430956078e+06 -6.04588910618613e-10 -4.16474412153340e-10
 1.39733844697788e+06 -6.04570873062113e-10 -4.15753928157977e-10
 1.40147258439497e+06 -6.04552836043206e-10 -4.15035160688863e-10
 1.40560672181207e+06 -6.04534799561879e-10 -4.14318124948389e-10
 1.40974085922916e+06 -6.04516763618115e-10 -4.13602835977480e-10
 1.41387499664625e+06 -6.04498728211899e-10 -4.12889308655044e-10
 1.41800913406335e+06 -6.04480693343212e-10 -4.12177557697421e-10
 1.42214327148044e+06 -6.04462659012042e-10 -4.11467597657860e-10
 1.42627740889754e+06 -6.04444625218370e-10 -4.10759442925994e-10
 1.43041154631463e+06 -6.04426591962180e-10 -4.10053107727341e-10
 1.43454568373173e+06 -6.04408559243458e-10 -4.09348606122795e-10
 1.43867982114882e+06 -6.04390527062185e-10 -4.08645952008151e-10
 1.44281395856591e+06 -6.04372495418348e-10 -4.07945159113639e-10
 1.44694809598301e+06 -6.04354464311929e-10 -4.07246241003452e-10
 1.45108223340010e+06 -6.04336433742914e-10 -4.06549211075311e-10
 1.45521637081720e+06 -6.04318403711284e-10 -4.05854082560020e-10
 1.45935050823429e+06 -6.04300374217027e-10 -4.05160868521052e-10
 1.46348464565139e+06 -6.04282345260125e-10 -4.04469581854133e-10
 1.46761878306848e+06 -6.04264316840561e-10 -4.03780235286840e-10
 1.47175292048557e+06 -6.04246288958320e-10 -4.03092841378226e-10
 1.47588705790267e+06 -6.04228261613386e-10 -4.02407412518438e-10
 1.48002119531976e+06 -6.04210234805742e-10 -4.01723960928353e-10
 1.48415533273686e+06 -6.04192208535373e-10 -4.01042498659233e-10
 1.48828947015395e+06 -6.04174182802263e-10 -4.00363037592391e-10
 1.49242360757105e+06 -6.04156157606396e-10 -3.99685589438852e-10
 1.49655774498814e+06 -6.04138132947755e-10 -3.99010165739060e-10
 1.50069188240524e+06 -6.04120108826327e-10 -3.98336777862562e-10
 1.50482601982233e+06 -6.04102085242092e-10 -3.97665437007720e-10
 1.50896015723942e+06 -6.04084062195037e-10 -3.96996154201449e-10
 1.51309429465652e+06 -6.04066039685145e-10 -3.96328940298939e-10
 1.51722843207361e+06 -6.04048017712397e-10 -3.95663805983407e-10
 1.52136256949071e+06 -6.04029996276783e-10 -3.95000761765867e-10
 1.52549670690780e+06 -6.04011975378281e-10 -3.94339817984887e-10
 1.52963084432490e+06 -6.03993955016879e-10 -3.93680984806391e-10
 1.53376498174199e+06 -6.03975935192560e-10 -3.93024272223449e-10
 1.53789911915908e+06 -6.03957915905309e-10 -3.92369690056090e-10
 1.54203325657618e+06 -6.03939897155110e-10 -3.91717247951118e-10
 1.54616739399327e+06 -6.03921878941944e-10 -3.91066955381956e-10
 1.55030153141037e+06 -6.03903861265795e-10 -3.90418821648488e-10
 1.55443566882746e+06 -6.03885844126651e-10 -3.89772855876925e-10
 1.55856980624456e+06 -6.03867827524492e-10 -3.89129067019670e-10
 1.56270394366165e+06 -6.03849811459308e-10 -3.88487463855209e-10
 1.56683808107874e+06 -6.03831795931076e-10 -3.87848054987998e-10
 1.57097221849584e+06 -6.03813780939784e-10 -3.87210848848383e-10
 1.57510635591293e+06 -6.03795766485415e-10 -3.86575853692516e-10
 1.57924049333003e+06 -6.03777752567953e-10 -3.85943077602294e-10
 1.58337463074712e+06 -6.03759739187381e-10 -3.85312528485296e-10
 1.58750876816422e+06 -6.03741726343686e-10 -3.84684214074749e-10
 1.59164290558131e+06 -6.03723714036850e-10 -3.84058141929502e-10
 1.59577704299840e+06 -6.03705702266857e-10 -3.83434319433995e-10
 1.59991118041550e+06 -6.03687691033689e-10 -3.82812753798267e-10
 1.60404531783259e+06 -6.03669680337334e-10 -3.82193452057963e-10
 1.60817945524969e+06 -6.03651670177772e-10 -3.81576421074349e-10
 1.61231359266678e+06 -6.03633660554992e-10 -3.80961667534348e-10
 1.61644773008388e+06 -6.03615651468975e-10 -3.80349197950581e-10
 1.62058186750097e+06 -6.03597642919704e-10 -3.79739018661426e-10
 1.62471600491806e+06 -6.03579634907164e-10 -3.79131135831086e-10
 1.62885014233516e+06 -6.03561627431340e-10 -3.78525555449676e-10
 1.63298427975225e+06 -6.03543620492214e-10 -3.77922283333301e-10
 1.63711841716935e+06 -6.03525614089772e-10 -3.77321325124180e-10
 1.64125255458644e+06 -6.03507608223997e-10 -3.76722686290754e-10
 1.64538669200354e+06 -6.03489602894873e-10 -3.76126372127813e-10
 1.64952082942063e+06 -6.03471598102385e-10 -3.75532387756646e-10
 1.65365496683772e+06 -6.03453593846517e-10 -3.74940738125185e-10
 1.65778910425482e+06 -6.03435590127251e-10 -3.74351428008183e-10
 1.66192324167191e+06 -6.03417586944573e-10 -3.73764462007381e-10
 1.66605737908901e+06 -6.03399584298466e-10 -3.73179844551703e-10
 1.67019151650610e+06 -6.03381582188915e-10 -3.72597579897458e-10
 1.67432565392320e+06 -6.03363580615902e-10 -3.72017672128553e-10
 1.67845979134029e+06 -6.03345579579415e-10 -3.71440125156722e-10
 1.68259392875739e+06 -6.03327579079436e-10 -3.70864942721754e-10
 1.68672806617448e+06 -6.03309579115945e-10 -3.70292128391757e-10
 1.69086220359157e+06 -6.03291579688932e-10 -3.69721685563408e-10
 1.69499634100867e+06 -6.03273580798379e-10 -3.69153617462229e-10
 1.69913047842576e+06 -6.03255582444269e-10 -3.68587927142877e-10
 1.70326461584286e+06 -6.03237584626586e-10 -3.68024617489437e-10
 1.70739875325995e+06 -6.03219587345315e-10 -3.67463691215725e-10
 1.71153289067705e+06 -6.03201590600440e-10 -3.66905150865622e-10
 1.71566702809414e+06 -6.03183594391944e-10 -3.66348998813392e-10
 1.71980116551123e+06 -6.03165598719811e-10 -3.65795237264032e-10
 1.72393530292833e+06 -6.03147603584027e-10 -3.65243868253629e-10
 1.72806944034542e+06 -6.03129608984574e-10 -3.64694893649723e-10
 1.73220357776252e+06 -6.03111614921437e-10 -3.64148315151683e-10
 1.73633771517961e+06 -6.03093621394600e-10 -3.63604134291105e-10
 1.74047185259671e+06 -6.03075628404048e-10 -3.63062352432203e-10
 1.74460599001380e+06 -6.03057635949764e-10 -3.62522970772227e-10
 1.74874012743089e+06 -6.03039644031733e-10 -3.61985990341887e-10
 1.75287426484799e+06 -6.03021652649934e-10 -3.61451412005785e-10
 1.75700840226508e+06 -6.03003661804358e-10 -3.60919236462866e-10
 1.76114253968218e+06 -6.02985671494985e-10 -3.60389464246871e-10
 1.76527667709927e+06 -6.02967681721800e-10 -3.59862095726805e-10
 1.76941081451637e+06 -6.02949692484788e-10 -3.59337131107425e-10
 1.77354495193346e+06 -6.02931703783932e-10 -3.58814570429720e-10
 1.77767908935055e+06 -6.02913715619214e-10 -3.58294413571421e-10
 1.78181322676765e+06 -6.02895727990622e-10 -3.57776660247506e-10
 1.78594736418474e+06 -6.02877740898139e-10 -3.57261310010738e-10
 1.79008150160184e+06 -6.02859754341748e-10 -3.56748362252181e-10
 1.79421563901893e+06 -6.02841768321432e-10 -3.56237816201764e-10
 1.79834977643603e+06 -6.02823782837180e-10 -3.55729670928822e-10
 1.80248391385312e+06 -6.02805797888968e-10 -3.55223925342673e-10
 1.80661805127021e+06 -6.02787813476787e-10 -3.54720578193193e-10
 1.81075218868731e+06 -6.02769829600618e-10 -3.54219628071405e-10
 1.81488632610440e+06 -6.02751846260448e-10 -3.53721073410074e-10
 1.81902046352150e+06 -6.02733863456258e-10 -3.53224912484324e-10
 1.82315460093859e+06 -6.02715881188030e-10 -3.52731143412251e-10
 1.82728873835569e+06 -6.02697899455752e-10 -3.52239764155559e-10
 1.83142287577278e+06 -6.02679918259407e-10 -3.51750772520199e-10
 1.83555701318987e+06 -6.02661937598978e-10 -3.51264166157017e-10
 1.83969115060697e+06 -6.02643957474450e-10 -3.50779942562421e-10
 1.84382528802406e+06 -6.02625977885808e-10 -3.50298099079052e-10
 1.84795942544116e+06 -6.02607998833034e-10 -3.49818632896458e-10
 1.85209356285825e+06 -6.02590020316112e-10 -3.49341541051793e-10
 1.85622770027535e+06 -6.02572042335030e-10 -3.48866820430521e-10
 1.86036183769244e+06 -6.02554064889767e-10 -3.48394467767124e-10
 1.86449597510954e+06 -6.02536087980309e-10 -3.47924479645818e-10
 1.86863011252663e+06 -6.02518111606640e-10 -3.47456852501300e-10
 1.87276424994372e+06 -6.02500135768743e-10 -3.46991582619474e-10
 1.87689838736082e+06 -6.02482160466607e-10 -3.46528666138209e-10
 1.88103252477791e+06 -6.02464185700208e-10 -3.46068099048097e-10
 1.88516666219501e+06 -6.02446211469537e-10 -3.45609877193229e-10
 1.88930079961210e+06 -6.02428237774576e-10 -3.45153996271969e-10
 1.89343493702920e+06 -6.02410264615306e-10 -3.44700451837744e-10
 1.89756907444629e+06 -6.02392291991715e-10 -3.44249239299842e-10
 1.90170321186338e+06 -6.02374319903787e-10 -3.43800353924225e-10
 1.90583734928048e+06 -6.02356348351503e-10 -3.43353790834342e-10
 1.90997148669757e+06 -6.02338377334849e-10 -3.42909545011952e-10
 1.91410562411467e+06 -6.02320406853809e-10 -3.42467611297968e-10
 1.91823976153176e+06 -6.02302436908363e-10 -3.42027984393291e-10
 1.92237389894886e+06 -6.02284467498501e-10 -3.41590658859676e-10
 1.92650803636595e+06 -6.02266498624206e-10 -3.41155629120580e-10
 1.93064217378304e+06 -6.02248530285461e-10 -3.40722889462046e-10
 1.93477631120014e+06 -6.02230562482250e-10 -3.40292434033573e-10
 1.93891044861723e+06 -6.02212595214556e-10 -3.39864256849012e-10
 1.94304458603433e+06 -6.02194628482364e-10 -3.39438351787455e-10
 1.94717872345142e+06 -6.02176662285659e-10 -3.39014712594148e-10
 1.95131286086852e+06 -6.02158696624424e-10 -3.38593332881405e-10
 1.95544699828561e+06 -6.02140731498643e-10 -3.38174206129522e-10
 1.95958113570270e+06 -6.02122766908301e-10 -3.37757325687718e-10
 1.96371527311980e+06 -6.02104802853381e-10 -3.37342684775068e-10
 1.96784941053689e+06 -6.02086839333866e-10 -3.36930276481446e-10
 1.97198354795399e+06 -6.02068876349742e-10 -3.36520093768495e-10
 1.97611768537108e+06 -6.02050913900993e-10 -3.36112129470575e-10
 1.98025182278818e+06 -6.02032951987602e-10 -3.35706376295739e-10
 1.98438596020527e+06 -6.02014990609555e-10 -3.35302826826716e-10
 1.98852009762236e+06 -6.01997029766833e-10 -3.34901473521891e-10
 1.99265423503946e+06 -6.01979069459423e-10 -3.34502308716303e-10
 1.99678837245655e+06 -6.01961109687306e-10 -3.34105324622644e-10
 2.00092250987365e+06 -6.01943150450469e-10 -3.33710513332275e-10
 2.00505664729074e+06 -6.01925191748894e-10 -3.33317866816233e-10
 2.00919078470784e+06 -6.01907233582567e-10 -3.32927376926266e-10
 2.01332492212493e+06 -6.01889275951473e-10 -3.32539035395856e-10
 2.01745905954202e+06 -6.01871318855594e-10 -3.32152833841255e-10
 2.02159319695912e+06 -6.01853362294913e-10 -3.31768763762541e-10
 2.02572733437621e+06 -6.01835406269415e-10 -3.31386816544668e-10
 2.02986147179331e+06 -6.01817450779085e-10 -3.31006983458513e-10
 2.03399560921040e+06 -6.01799495823902e-10 -3.30629255661962e-10
 2.03812974662750e+06 -6.01781541403860e-10 -3.30253624200971e-10
 2.04226388404459e+06 -6.01763587518935e-10 -3.29880080010640e-10
 2.04639802146168e+06 -6.01745634169114e-10 -3.29508613916318e-10
 2.05053215887878e+06 -6.01727681354382e-10 -3.29139216634680e-10
 2.05466629629587e+06 -6.01709729074720e-10 -3.28771878774830e-10
 2.05880043371297e+06 -6.01691777330115e-10 -3.28406590839410e-10
 2.06293457113006e+06 -6.01673826120547e-10 -3.28043343225708e-10
 2.06706870854716e+06 -6.01655875446006e-10 -3.27682126226779e-10
 2.07120284596425e+06 -6.01637925306474e-10 -3.27322930032567e-10
 2.07533698338135e+06 -6.01619975701931e-10 -3.26965744731033e-10
 2.07947112079844e+06 -6.01602026632367e-10 -3.26610560309295e-10
 2.08360525821553e+06 -6.01584078097762e-10 -3.26257366654766e-10
 2.08773939563263e+06 -6.01566130098100e-10 -3.25906153556302e-10
 2.09187353304972e+06 -6.01548182633368e-10 -3.25556910705360e-10
 2.09600767046682e+06 -6.01530235703548e-10 -3.25209627697145e-10
 2.10014180788391e+06 -6.01512289308624e-10 -3.24864294031785e-10
 2.10427594530101e+06 -6.01494343448581e-10 -3.24520899115492e-10
 2.10841008271810e+06 -6.01476398123404e-10 -3.24179432261742e-10
 2.11254422013519e+06 -6.01458453333075e-10 -3.23839882692449e-10
 2.11667835755229e+06 -6.01440509077578e-10 -3.23502239539158e-10
 2.12081249496938e+06 -6.01422565356898e-10 -3.23166491844219e-10
 2.12494663238648e+06 -6.01404622171020e-10 -3.22832628562001e-10
 2.12908076980357e+06 -6.01386679519926e-10 -3.22500638560075e-10
 2.13321490722067e+06 -6.01368737403602e-10 -3.22170510620424e-10
 2.13734904463776e+06 -6.01350795822031e-10 -3.21842233440651e-10
 2.14148318205485e+06 -6.01332854775197e-10 -3.21515795635191e-10
 2.14561731947195e+06 -6.01314914263084e-10 -3.21191185736527e-10
 2.14975145688904e+06 -6.01296974285677e-10 -3.20868392196416e-10
 2.15388559430614e+06 -6.01279034842959e-10 -3.20547403387108e-10
 2.15801973172323e+06 -6.01261095934916e-10 -3.20228207602579e-10
 2.16215386914033e+06 -6.01243157561530e-10 -3.19910793059765e-10
 2.16628800655742e+06 -6.01225219722785e-10 -3.19595147899798e-10
 2.17042214397451e+06 -6.01207282418667e-10 -3.19281260189248e-10
 2.17455628139161e+06 -6.01189345649158e-10 -3.18969117921367e-10
 2.17869041880870e+06 -6.01171409414245e-10 -3.18658709017342e-10
 2.18282455622580e+06 -6.01153473713908e-10 -3.18350021327540e-10
 2.18695869364289e+06 -6.01135538548131e-10 -3.18043042632768e-10
 2.19109283105999e+06 -6.01117603916904e-10 -3.17737760645532e-10
 2.19522696847708e+06 -6.01099669820207e-10 -3.17434163011299e-10
 2.19936110589417e+06 -6.01081736258024e-10 -3.17132237309757e-10
 2.20349524331127e+06 -6.01063803230340e-10 -3.16831971056093e-10
 2.20762938072836e+06 -6.01045870737136e-10 -3.16533351702254e-10
 2.21176351814546e+06 -6.01027938778399e-10 -3.16236366638227e-10
 2.21589765556255e+06 -6.01010007354115e-10 -3.15941003193317e-10
 2.22003179297965e+06 -6.00992076464265e-10 -3.15647248637420e-10
 2.22416593039674e+06 -6.00974146108835e-10 -3.15355090182310e-10
 2.22830006781383e+06 -6.00956216287806e-10 -3.15064514982920e-10
 2.23243420523093e+06 -6.00938287001168e-10 -3.14775510138633e-10
 2.23656834264802e+06 -6.00920358248897e-10 -3.14488062694563e-10
 2.24070248006512e+06 -6.00902430030982e-10 -3.14202159642858e-10
 2.24483661748221e+06 -6.00884502347407e-10 -3.13917787923978e-10
 2.24897075489931e+06 -6.00866575198155e-10 -3.13634934428006e-10
 2.25310489231640e+06 -6.00848648583209e-10 -3.13353585995930e-10
 2.25723902973349e+06 -6.00830722502557e-10 -3.13073729420953e-10
 2.26137316715059e+06 -6.00812796956181e-10 -3.12795351449786e-10
 2.26550730456768e+06 -6.00794871944064e-10 -3.12518438783950e-10
 2.26964144198478e+06 -6.00776947466191e-10 -3.12242978081084e-10
 2.27377557940187e+06 -6.00759023522548e-10 -3.11968955956245e-10
 2.27790971681897e+06 -6.00741100113115e-10 -3.11696358983214e-10
 2.28204385423606e+06 -6.00723177237878e-10 -3.11425173695806e-10
 2.28617799165316e+06 -6.00705254896823e-10 -3.11155386589176e-10
 2.29031212907025e+06 -6.00687333089933e-10 -3.10886984121124e-10
 2.29444626648734e+06 -6.00669411817191e-10 -3.10619952713411e-10
 2.29858040390444e+06 -6.00651491078580e-10 -3.10354278753062e-10
 2.30271454132153e+06 -6.00633570874085e-10 -3.10089948593688e-10
 2.30684867873863e+06 -6.00615651203692e-10 -3.09826948556786e-10
 2.31098281615572e+06 -6.00597732067384e-10 -3.09565264933057e-10
 2.31511695357282e+06 -6.00579813465145e-10 -3.09304883983717e-10
 2.31925109098991e+06 -6.00561895396958e-10 -3.09045791941808e-10
 2.32338522840700e+06 -6.00543977862810e-10 -3.08787975013513e-10
 2.32751936582410e+06 -6.00526060862682e-10 -3.08531419379468e-10
 2.33165350324119e+06 -6.00508144396561e-10 -3.08276111196075e-10
 2.33578764065829e+06 -6.00490228464428e-10 -3.08022036596810e-10
 2.33992177807538e+06 -6.00472313066269e-10 -3.07769181693543e-10
 2.34405591549248e+06 -6.00454398202068e-10 -3.07517532577843e-10
 2.34819005290957e+06 -6.00436483871808e-10 -3.07267075322292e-10
 2.35232419032666e+06 -6.00418570075474e-10 -3.07017795981798e-10
 2.35645832774376e+06 -6.00400656813050e-10 -3.06769680594901e-10
 2.36059246516085e+06 -6.00382744084520e-10 -3.06522715185083e-10
 2.36472660257795e+06 -6.00364831889870e-10 -3.06276885762079e-10
 2.36886073999504e+06 -6.00346920229080e-10 -3.06032178323184e-10
 2.37299487741214e+06 -6.00329009102139e-10 -3.05788578854558e-10
 2.37712901482923e+06 -6.00311098509025e-10 -3.05546073332528e-10
 2.38126315224632e+06 -6.00293188449728e-10 -3.05304647724902e-10
 2.38539728966342e+06 -6.00275278924230e-10 -3.05064287992262e-10
 2.38953142708051e+06 -6.00257369932516e-10 -3.04824980089270e-10
 2.39366556449761e+06 -6.00239461474567e-10 -3.04586709965965e-10
 2.39779970191470e+06 -6.00221553550371e-10 -3.04349463569065e-10
 2.40193383933180e+06 -6.00203646159907e-10 -3.04113226843253e-10
 2.40606797674889e+06 -6.00185739303162e-10 -3.03877985732491e-10
 2.41020211416598e+06 -6.00167832980124e-10 -3.03643726181296e-10
 2.41433625158308e+06 -6.00149927190772e-10 -3.03410434136031e-10
 2.41847038900017e+06 -6.00132021935089e-10 -3.03178095546203e-10
 2.42260452641727e+06 -6.00114117213064e-10 -3.02946696365738e-10
 2.42673866383436e+06 -6.00096213024678e-10 -3.02716222554278e-10
 2.43087280125146e+06 -6.00078309369916e-10 -3.02486660078448e-10
 2.43500693866855e+06 -6.00060406248762e-10 -3.02257994913145e-10
 2.43914107608564e+06 -6.00042503661199e-10 -3.02030213042808e-10
 2.44327521350274e+06 -6.00024601607216e-10 -3.01803300462699e-10
 2.44740935091983e+06 -6.00006700086791e-10 -3.01577243180165e-10
 2.45154348833693e+06 -5.99988799099913e-10 -3.01352027215908e-10
 2.45567762575402e+06 -5.99970898646561e-10 -3.01127638605255e-10
 2.45981176317112e+06 -5.99952998726724e-10 -3.00904063399415e-10
 2.46394590058821e+06 -5.99935099340382e-10 -3.00681287666740e-10
 2.46808003800530e+06 -5.99917200487521e-10 -3.00459297493976e-10
 2.47221417542240e+06 -5.99899302168126e-10 -3.00238078987520e-10
 2.47634831283949e+06 -5.99881404382180e-10 -3.00017618274668e-10
 2.48048245025659e+06 -5.99863507129667e-10 -2.99797901504852e-10
 2.48461658767368e+06 -5.99845610410572e-10 -2.99578914850892e-10
 2.48875072509078e+06 -5.99827714224876e-10 -2.99360644510229e-10
 2.49288486250787e+06 -5.99809818572569e-10 -2.99143076706157e-10
 2.49701899992497e+06 -5.99791923453629e-10 -2.98926197689052e-10
 2.50115313734206e+06 -5.99774028868045e-10 -2.98709993737601e-10
 2.50528727475915e+06 -5.99756134815796e-10 -2.98494451160023e-10
 2.50942141217625e+06 -5.99738241296872e-10 -2.98279556295288e-10
 2.51355554959334e+06 -5.99720348311252e-10 -2.98065295514321e-10
 2.51768968701044e+06 -5.99702455858925e-10 -2.97851655221223e-10
 2.52182382442753e+06 -5.99684563939869e-10 -2.97638621854467e-10
 2.52595796184463e+06 -5.99666672554074e-10 -2.97426181888101e-10
 2.53009209926172e+06 -5.99648781701521e-10 -2.97214321832941e-10
 2.53422623667881e+06 -5.99630891382196e-10 -2.97003028237764e-10
 2.53836037409591e+06 -5.99613001596081e-10 -2.96792287690492e-10
 2.54249451151300e+06 -5.99595112343162e-10 -2.96582086819371e-10
 2.54662864893010e+06 -5.99577223623422e-10 -2.96372412294150e-10
 2.55076278634719e+06 -5.99559335436842e-10 -2.96163250827248e-10
 2.55489692376429e+06 -5.99541447783413e-10 -2.95954589174920e-10
 2.55903106118138e+06 -5.99523560663116e-10 -2.95746414138424e-10
 2.56316519859847e+06 -5.99505674075932e-10 -2.95538712565161e-10
 2.56729933601557e+06 -5.99487788021851e-10 -2.95331471349841e-10
 2.57143347343266e+06 -5.99469902500853e-10 -2.95124677435612e-10
 2.57556761084976e+06 -5.99452017512923e-10 -2.94918317815210e-10
 2.57970174826685e+06 -5.99434133058045e-10 -2.94712379532083e-10
 2.58383588568395e+06 -5.99416249136204e-10 -2.94506849681523e-10
 2.58797002310104e+06 -5.99398365747384e-10 -2.94301715411788e-10
 2.59210416051813e+06 -5.99380482891566e-10 -2.94096963925206e-10
 2.59623829793523e+06 -5.99362600568738e-10 -2.93892582479304e-10
 2.60037243535232e+06 -5.99344718778885e-10 -2.93688558387890e-10
 2.60450657276942e+06 -5.99326837521985e-10 -2.93484879022160e-10
 2.60864071018651e+06 -5.99308956798030e-10 -2.93281531811793e-10
 2.61277484760361e+06 -5.99291076606999e-10 -2.93078504246024e-10
 2.61690898502070e+06 -5.99273196948877e-10 -2.92875783874730e-10
 2.62104312243779e+06 -5.99255317823649e-10 -2.92673358309497e-10
 2.62517725985489e+06 -5.99237439231298e-10 -2.92471215224689e-10
 2.62931139727198e+06 -5.99219561171809e-10 -2.92269342358502e-10
 2.63344553468908e+06 -5.99201683645167e-10 -2.92067727514020e-10
 2.63757967210617e+06 -5.99183806651354e-10 -2.91866358560249e-10
 2.64171380952327e+06 -5.99165930190355e-10 -2.91665223433169e-10
 2.64584794694036e+06 -5.99148054262155e-10 -2.91464310136761e-10
 2.64998208435745e+06 -5.99130178866737e-10 -2.91263606744018e-10
 2.65411622177455e+06 -5.99112304004086e-10 -2.91063101397980e-10
 2.65825035919164e+06 -5.99094429674184e-10 -2.90862782312734e-10
 2.66238449660874e+06 -5.99076555877019e-10 -2.90662637774416e-10
 2.66651863402583e+06 -5.99058682612576e-10 -2.90462656142207e-10
 2.67065277144293e+06 -5.99040809880830e-10 -2.90262825849323e-10
 2.67478690886002e+06 -5.99022937681775e-10 -2.90063135403992e-10
 2.67892104627712e+06 -5.99005066015391e-10 -2.89863573390429e-10
 2.68305518369421e+06 -5.98987194881660e-10 -2.89664128469800e-10
 2.68718932111130e+06 -5.98969324280570e-10 -2.89464789381182e-10
 2.69132345852840e+06 -5.98951454212104e-10 -2.89265544942509e-10
 2.69545759594549e+06 -5.98933584676248e-10 -2.89066384051511e-10
 2.69959173336259e+06 -5.98915715672982e-10 -2.88867295686658e-10
 2.70372587077968e+06 -5.98897847202294e-10 -2.88668268908081e-10
 2.70786000819678e+06 -5.98879979264166e-10 -2.88469292858481e-10
 2.71199414561387e+06 -5.98862111858584e-10 -2.88270356764059e-10
 2.71612828303096e+06 -5.98844244985530e-10 -2.88071449935399e-10
 2.72026242044806e+06 -5.98826378644988e-10 -2.87872561768372e-10
 2.72439655786515e+06 -5.98808512836944e-10 -2.87673681745018e-10
 2.72853069528225e+06 -5.98790647561382e-10 -2.87474799434427e-10
 2.73266483269934e+06 -5.98772782818284e-10 -2.87275904493601e-10
 2.73679897011644e+06 -5.98754918607636e-10 -2.87076986668319e-10
 2.74093310753353e+06 -5.98737054929420e-10 -2.86878035793990e-10
 2.74506724495062e+06 -5.98719191783621e-10 -2.86679041796495e-10
 2.74920138236772e+06 -5.98701329170228e-10 -2.86479994693021e-10
 2.75333551978481e+06 -5.98683467089219e-10 -2.86280884592885e-10
 2.75746965720191e+06 -5.98665605540579e-10 -2.86081701698354e-10
 2.76160379461900e+06 -5.98647744524295e-10 -2.85882436305458e-10
 2.76573793203610e+06 -5.98629884040350e-10 -2.85683078804777e-10
 2.76987206945319e+06 -5.98612024088727e-10 -2.85483619682248e-10
 2.77400620687028e+06 -5.98594164669408e-10 -2.85284049519929e-10
 2.77814034428738e+06 -5.98576305782382e-10 -2.85084358996790e-10
 2.78227448170447e+06 -5.98558447427630e-10 -2.84884538889464e-10
 2.78640861912157e+06 -5.98540589605139e-10 -2.84684580073007e-10
 2.79054275653866e+06 -5.98522732314892e-10 -2.84484473521639e-10
 2.79467689395576e+06 -5.98504875556871e-10 -2.84284210309488e-10
 2.79881103137285e+06 -5.98487019331064e-10 -2.84083781611306e-10
 2.80294516878994e+06 -5.98469163637452e-10 -2.83883178703199e-10
 2.80707930620704e+06 -5.98451308476019e-10 -2.83682392963326e-10
 2.81121344362413e+06 -5.98433453846752e-10 -2.83481415872601e-10
 2.81534758104123e+06 -5.98415599749631e-10 -2.83280239015380e-10
 2.81948171845832e+06 -5.98397746184644e-10 -2.83078854080149e-10
 2.82361585587542e+06 -5.98379893151773e-10 -2.82877252860182e-10
 2.82774999329251e+06 -5.98362040651001e-10 -2.82675427254213e-10
 2.83188413070960e+06 -5.98344188682314e-10 -2.82473369267080e-10
 2.83601826812670e+06 -5.98326337245698e-10 -2.82271071010369e-10
 2.84015240554379e+06 -5.98308486341134e-10 -2.82068524703043e-10
 2.84428654296089e+06 -5.98290635968608e-10 -2.81865722672066e-10
 2.84842068037798e+06 -5.98272786128104e-10 -2.81662657353018e-10
 2.85255481779508e+06 -5.98254936819604e-10 -2.81459321290691e-10
 2.85668895521217e+06 -5.98237088043094e-10 -2.81255707139682e-10
 2.86082309262927e+06 -5.98219239798560e-10 -2.81051807664981e-10
 2.86495723004636e+06 -5.98201392085984e-10 -2.80847615742540e-10
 2.86909136746345e+06 -5.98183544905353e-10 -2.80643124359830e-10
 2.87322550488055e+06 -5.98165698256645e-10 -2.80438326616400e-10
 2.87735964229764e+06 -5.98147852139848e-10 -2.80233215724415e-10
 2.88149377971474e+06 -5.98130006554947e-10 -2.80027785009195e-10
 2.88562791713183e+06 -5.98112161501923e-10 -2.79822027909726e-10
 2.88976205454893e+06 -5.98094316980763e-10 -2.79615937979179e-10
 2.89389619196602e+06 -5.98076472991452e-10 -2.79409508885413e-10
 2.89803032938311e+06 -5.98058629533971e-10 -2.79202734411457e-10
 2.90216446680021e+06 -5.98040786608308e-10 -2.78995608455999e-10
 2.90629860421730e+06 -5.98022944214444e-10 -2.78788125033851e-10
 2.91043274163440e+06 -5.98005102352364e-10 -2.78580278276415e-10
 2.91456687905149e+06 -5.97987261022050e-10 -2.78372062432125e-10
 2.91870101646859e+06 -5.97969420223491e-10 -2.78163471866895e-10
 2.92283515388568e+06 -5.97951579956664e-10 -2.77954501064539e-10
 2.92696929130277e+06 -5.97933740221561e-10 -2.77745144627201e-10
 2.93110342871987e+06 -5.97915901018163e-10 -2.77535397275748e-10
 2.93523756613696e+06 -5.97898062346452e-10 -2.77325253850175e-10
 2.93937170355406e+06 -5.97880224206417e-10 -2.77114709309999e-10
 2.94350584097115e+06 -5.97862386598038e-10 -2.76903758734618e-10
 2.94763997838825e+06 -5.97844549521300e-10 -2.76692397323692e-10
 2.95177411580534e+06 -5.97826712976188e-10 -2.76480620397489e-10
 2.95590825322243e+06 -5.97808876962685e-10 -2.76268423397236e-10
 2.96004239063953e+06 -5.97791041480777e-10 -2.76055801885446e-10
 2.96417652805662e+06 -5.97773206530448e-10 -2.75842751546246e-10
 2.96831066547372e+06 -5.97755372111681e-10 -2.75629268185687e-10
 2.97244480289081e+06 -5.97737538224460e-10 -2.75415347732045e-10
 2.97657894030791e+06 -5.97719704868770e-10 -2.75200986236113e-10
 2.98071307772500e+06 -5.97701872044595e-10 -2.74986179871482e-10
 2.98484721514209e+06 -5.97684039751919e-10 -2.74770924934807e-10
 2.98898135255919e+06 -5.97666207990728e-10 -2.74555217846068e-10
 2.99311548997628e+06 -5.97648376761002e-10 -2.74339055148818e-10
 2.99724962739338e+06 -5.97630546062730e-10 -2.74122433510422e-10
 3.00138376481047e+06 -5.97612715895893e-10 -2.73905349722275e-10
 3.00551790222757e+06 -5.97594886260477e-10 -2.73687800700027e-10
 3.00965203964466e+06 -5.97577057156464e-10 -2.73469783483778e-10
 3.01378617706175e+06 -5.97559228583838e-10 -2.73251295238281e-10
 3.01792031447885e+06 -5.97541400542587e-10 -2.73032333253121e-10
 3.02205445189594e+06 -5.97523573032691e-10 -2.72812894942882e-10
 3.02618858931304e+06 -5.97505746054137e-10 -2.72592977847317e-10
 3.03032272673013e+06 -5.97487919606908e-10 -2.72372579631488e-10
 3.03445686414723e+06 -5.97470093690986e-10 -2.72151698085916e-10
 3.03859100156432e+06 -5.97452268306360e-10 -2.71930331126698e-10
 3.04272513898141e+06 -5.97434443453009e-10 -2.71708476795636e-10
 3.04685927639851e+06 -5.97416619130923e-10 -2.71486133260334e-10
 3.05099341381560e+06 -5.97398795340082e-10 -2.71263298814299e-10
 3.05512755123270e+06 -5.97380972080470e-10 -2.71039971877020e-10
 3.05926168864979e+06 -5.97363149352072e-10 -2.70816150994052e-10
 3.06339582606689e+06 -5.97345327154875e-10 -2.70591834837072e-10
 3.06752996348398e+06 -5.97327505488859e-10 -2.70367022203926e-10
 3.07166410090108e+06 -5.97309684354008e-10 -2.70141712018681e-10
 3.07579823831817e+06 -5.97291863750311e-10 -2.69915903331649e-10
 3.07993237573526e+06 -5.97274043677748e-10 -2.69689595319408e-10
 3.08406651315236e+06 -5.97256224136304e-10 -2.69462787284810e-10
 3.08820065056945e+06 -5.97238405125965e-10 -2.69235478656978e-10
 3.09233478798655e+06 -5.97220586646713e-10 -2.69007668991291e-10
 3.09646892540364e+06 -5.97202768698532e-10 -2.68779357969363e-10
 3.10060306282074e+06 -5.97184951281408e-10 -2.68550545399012e-10
 3.10473720023783e+06 -5.97167134395326e-10 -2.68321231214204e-10
 3.10887133765492e+06 -5.97149318040267e-10 -2.68091415474999e-10
 3.11300547507202e+06 -5.97131502216217e-10 -2.67861098367492e-10
 3.11713961248911e+06 -5.97113686923160e-10 -2.67630280203724e-10
 3.12127374990621e+06 -5.97095872161079e-10 -2.67398961421599e-10
 3.12540788732330e+06 -5.97078057929962e-10 -2.67167142584782e-10
 3.12954202474040e+06 -5.97060244229790e-10 -2.66934824382586e-10
 3.13367616215749e+06 -5.97042431060545e-10 -2.66702007629853e-10
 3.13781029957458e+06 -5.97024618422214e-10 -2.66468693266826e-10
 3.14194443699168e+06 -5.97006806314783e-10 -2.66234882358997e-10
 3.14607857440877e+06 -5.96988994738233e-10 -2.66000576096958e-10
 3.15021271182587e+06 -5.96971183692551e-10 -2.65765775796237e-10
 3.15434684924296e+06 -5.96953373177720e-10 -2.65530482897123e-10
 3.15848098666006e+06 -5.96935563193722e-10 -2.65294698964473e-10
 3.16261512407715e+06 -5.96917753740544e-10 -2.65058425687531e-10
 3.16674926149424e+06 -5.96899944818167e-10 -2.64821664879703e-10
 3.17088339891134e+06 -5.96882136426579e-10 -2.64584418478354e-10
 3.17501753632843e+06 -5.96864328565763e-10 -2.64346688544569e-10
 3.17915167374553e+06 -5.96846521235703e-10 -2.64108477262922e-10
 3.18328581116262e+06 -5.96828714436383e-10 -2.63869786941218e-10
 3.18741994857972e+06 -5.96810908167787e-10 -2.63630620010246e-10
 3.19155408599681e+06 -5.96793102429900e-10 -2.63390979023491e-10
 3.19568822341390e+06 -5.96775297222706e-10 -2.63150866656873e-10
 3.19982236083100e+06 -5.96757492546188e-10 -2.62910285708438e-10
 3.20395649824809e+06 -5.96739688400330e-10 -2.62669239098068e-10
 3.20809063566519e+06 -5.96721884785118e-10 -2.62427729867165e-10
 3.21222477308228e+06 -5.96704081700536e-10 -2.62185761178327e-10
 3.21635891049938e+06 -5.96686279146566e-10 -2.61943336315016e-10
 3.22049304791647e+06 -5.96668477123194e-10 -2.61700458681218e-10
 3.22462718533356e+06 -5.96650675630406e-10 -2.61457131801088e-10
 3.22876132275066e+06 -5.96632874668184e-10 -2.61213359318584e-10
 3.23289546016775e+06 -5.96615074236513e-10 -2.60969144997096e-10
 3.23702959758485e+06 -5.96597274335375e-10 -2.60724492719061e-10
 3.24116373500194e+06 -5.96579474964754e-10 -2.60479406485572e-10
 3.24529787241904e+06 -5.96561676124640e-10 -2.60233890415970e-10
 3.24943200983613e+06 -5.96543877815011e-10 -2.59987948747432e-10
 3.25356614725323e+06 -5.96526080035854e-10 -2.59741585834544e-10
 3.25770028467032e+06 -5.96508282787152e-10 -2.59494806148874e-10
 3.26183442208741e+06 -5.96490486068891e-10 -2.59247614278522e-10
 3.26596855950451e+06 -5.96472689881053e-10 -2.59000014927663e-10
 3.27010269692160e+06 -5.96454894223624e-10 -2.58752012916095e-10
 3.27423683433870e+06 -5.96437099096588e-10 -2.58503613178755e-10
 3.27837097175579e+06 -5.96419304499927e-10 -2.58254820765238e-10
 3.28250510917289e+06 -5.96401510433628e-10 -2.58005640839307e-10
 3.28663924658998e+06 -5.96383716897675e-10 -2.57756078678387e-10
 3.29077338400707e+06 -5.96365923892050e-10 -2.57506139673054e-10
 3.29490752142417e+06 -5.96348131416740e-10 -2.57255829326516e-10
 3.29904165884126e+06 -5.96330339471725e-10 -2.57005153254074e-10
 3.30317579625836e+06 -5.96312548056994e-10 -2.56754117182589e-10
 3.30730993367545e+06 -5.96294757172529e-10 -2.56502726949926e-10
 3.31144407109255e+06 -5.96276966818315e-10 -2.56250988504399e-10
 3.31557820850964e+06 -5.96259176994333e-10 -2.55998907904192e-10
 3.31971234592673e+06 -5.96241387700572e-10 -2.55746491316797e-10
 3.32384648334383e+06 -5.96223598937013e-10 -2.55493745018411e-10
 3.32798062076092e+06 -5.96205810703641e-10 -2.55240675393346e-10
 3.33211475817802e+06 -5.96188023000442e-10 -2.54987288933419e-10
 3.33624889559511e+06 -5.96170235827397e-10 -2.54733592237341e-10
 3.34038303301221e+06 -5.96152449184492e-10 -2.54479592010093e-10
 3.34451717042930e+06 -5.96134663071711e-10 -2.54225295062286e-10
 3.34865130784639e+06 -5.96116877489039e-10 -2.53970708309525e-10
 3.35278544526349e+06 -5.96099092436458e-10 -2.53715838771755e-10
 3.35691958268058e+06 -5.96081307913955e-10 -2.53460693572604e-10
 3.36105372009768e+06 -5.96063523921511e-10 -2.53205279938706e-10
 3.36518785751477e+06 -5.96045740459116e-10 -2.52949605199037e-10
 3.36932199493187e+06 -5.96027957526748e-10 -2.52693676784215e-10
 3.37345613234896e+06 -5.96010175124393e-10 -2.52437502225813e-10
 3.37759026976605e+06 -5.95992393252036e-10 -2.52181089155653e-10
 3.38172440718315e+06 -5.95974611909662e-10 -2.51924445305095e-10
 3.38585854460024e+06 -5.95956831097256e-10 -2.51667578504315e-10
 3.38999268201734e+06 -5.95939050814799e-10 -2.51410496681580e-10
 3.39412681943443e+06 -5.95921271062277e-10 -2.51153207862502e-10
 3.39826095685153e+06 -5.95903491839673e-10 -2.50895720169306e-10
 3.40239509426862e+06 -5.95885713146973e-10 -2.50638041820065e-10
 3.40652923168571e+06 -5.95867934984161e-10 -2.50380181127943e-10
 3.41066336910281e+06 -5.95850157351218e-10 -2.50122146500424e-10
 3.41479750651990e+06 -5.95832380248135e-10 -2.49863946438539e-10
 3.41893164393700e+06 -5.95814603674889e-10 -2.49605589536069e-10
 3.42306578135409e+06 -5.95796827631466e-10 -2.49347084478765e-10
 3.42719991877119e+06 -5.95779052117855e-10 -2.49088440043533e-10
 3.43133405618828e+06 -5.95761277134034e-10 -2.48829665097640e-10
 3.43546819360538e+06 -5.95743502679993e-10 -2.48570768597882e-10
 3.43960233102247e+06 -5.95725728755710e-10 -2.48311759589768e-10
 3.44373646843956e+06 -5.95707955361175e-10 -2.48052647206687e-10
 3.44787060585666e+06 -5.95690182496368e-10 -2.47793440669065e-10
 3.45200474327375e+06 -5.95672410161274e-10 -2.47534149283526e-10
 3.45613888069085e+06 -5.95654638355879e-10 -2.47274782442028e-10
 3.46027301810794e+06 -5.95636867080167e-10 -2.47015349621005e-10
 3.46440715552504e+06 -5.95619096334121e-10 -2.46755860380499e-10
 3.46854129294213e+06 -5.95601326117728e-10 -2.46496324363287e-10
 3.47267543035922e+06 -5.95583556430965e-10 -2.46236751293990e-10
 3.47680956777632e+06 -5.95565787273824e-10 -2.45977150978193e-10
 3.48094370519341e+06 -5.95548018646286e-10 -2.45717533301537e-10
 3.48507784261051e+06 -5.95530250548335e-10 -2.45457908228832e-10
 3.48921198002760e+06 -5.95512482979956e-10 -2.45198285803118e-10
 3.49334611744470e+06 -5.95494715941136e-10 -2.44938676144781e-10
 3.49748025486179e+06 -5.95476949431854e-10 -2.44679089450607e-10
 3.50161439227888e+06 -5.95459183452096e-10 -2.44419535992856e-10
 3.50574852969598e+06 -5.95441418001847e-10 -2.44160026118330e-10
 3.50988266711307e+06 -5.95423653081094e-10 -2.43900570247427e-10
 3.51401680453017e+06 -5.95405888689815e-10 -2.43641178873189e-10
 3.51815094194726e+06 -5.95388124827999e-10 -2.43381862560350e-10
 3.52228507936436e+06 -5.95370361495628e-10 -2.43122631944372e-10
 3.52641921678145e+06 -5.95352598692687e-10 -2.42863497730474e-10
 3.53055335419854e+06 -5.95334836419162e-10 -2.42604470692666e-10
 3.53468749161564e+06 -5.95317074675033e-10 -2.42345561672759e-10
 3.53882162903273e+06 -5.95299313460288e-10 -2.42086781579386e-10
 3.54295576644983e+06 -5.95281552774910e-10 -2.41828141387007e-10
 3.54708990386692e+06 -5.95263792618883e-10 -2.41569652134915e-10
 3.55122404128402e+06 -5.95246032992190e-10 -2.41311324926225e-10
 3.55535817870111e+06 -5.95228273894820e-10 -2.41053170926880e-10
 3.55949231611820e+06 -5.95210515326753e-10 -2.40795201364617e-10
 3.56362645353530e+06 -5.95192757287973e-10 -2.40537427527965e-10
 3.56776059095239e+06 -5.95174999778464e-10 -2.40279860765213e-10
 3.57189472836949e+06 -5.95157242798214e-10 -2.40022512483380e-10
 3.57602886578658e+06 -5.95139486347204e-10 -2.39765394147180e-10
 3.58016300320368e+06 -5.95121730425418e-10 -2.39508517277983e-10
 3.58429714062077e+06 -5.95103975032845e-10 -2.39251893452770e-10
 3.58843127803786e+06 -5.95086220169464e-10 -2.38995534303081e-10
 3.59256541545496e+06 -5.95068465835259e-10 -2.38739451513962e-10
 3.59669955287205e+06 -5.95050712030217e-10 -2.38483656822905e-10
 3.60083369028915e+06 -5.95032958754320e-10 -2.38228162018785e-10
 3.60496782770624e+06 -5.95015206007556e-10 -2.37972978940792e-10
 3.60910196512334e+06 -5.94997453789907e-10 -2.37718119477352e-10
 3.61323610254043e+06 -5.94979702101356e-10 -2.37463595565055e-10
 3.61737023995752e+06 -5.94961950941889e-10 -2.37209419187574e-10
 3.62150437737462e+06 -5.94944200311491e-10 -2.36955602374576e-10
 3.62563851479171e+06 -5.94926450210141e-10 -2.36702157200627e-10
 3.62977265220881e+06 -5.94908700637828e-10 -2.36449095784114e-10
 3.63390678962590e+06 -5.94890951594537e-10 -2.36196430286132e-10
 3.63804092704300e+06 -5.94873203080249e-10 -2.35944172909383e-10
 3.64217506446009e+06 -5.94855455094952e-10 -2.35692335897079e-10
 3.64630920187719e+06 -5.94837707638627e-10 -2.35440931531823e-10
 3.65044333929428e+06 -5.94819960711258e-10 -2.35189972134506e-10
 3.65457747671137e+06 -5.94802214312833e-10 -2.34939470063177e-10
 3.65871161412847e+06 -5.94784468443332e-10 -2.34689437711941e-10
 3.66284575154556e+06 -5.94766723102740e-10 -2.34439887509819e-10
 3.66697988896266e+06 -5.94748978291045e-10 -2.34190831919630e-10
 3.67111402637975e+06 -5.94731234008226e-10 -2.33942283436859e-10
 3.67524816379685e+06 -5.94713490254273e-10 -2.33694254588528e-10
 3.67938230121394e+06 -5.94695747029163e-10 -2.33446757932053e-10
 3.68351643863103e+06 -5.94678004332888e-10 -2.33199806054115e-10
 3.68765057604813e+06 -5.94660262165427e-10 -2.32953411569508e-10
 3.69178471346522e+06 -5.94642520526766e-10 -2.32707587120005e-10
 3.69591885088232e+06 -5.94624779416890e-10 -2.32462345373203e-10
 3.70005298829941e+06 -5.94607038835781e-10 -2.32217699021379e-10
 3.70418712571651e+06 -5.94589298783423e-10 -2.31973660780339e-10
 3.70832126313360e+06 -5.94571559259803e-10 -2.31730243388259e-10
 3.71245540055069e+06 -5.94553820264902e-10 -2.31487459604536e-10
 3.71658953796779e+06 -5.94536081798709e-10 -2.31245322208622e-10
 3.72072367538488e+06 -5.94518343861208e-10 -2.31003843998868e-10
 3.72485781280198e+06 -5.94500606452378e-10 -2.30763037791359e-10
 3.72899195021907e+06 -5.94482869572207e-10 -2.30522916418754e-10
 3.73312608763617e+06 -5.94465133220679e-10 -2.30283492729118e-10
 3.73726022505326e+06 -5.94447397397777e-10 -2.30044779584749e-10
 3.74139436247035e+06 -5.94429662103487e-10 -2.29806789861018e-10
 3.74552849988745e+06 -5.94411927337791e-10 -2.29569536445190e-10
 3.74966263730454e+06 -5.94394193100674e-10 -2.29333032235258e-10
 3.75379677472164e+06 -5.94376459392122e-10 -2.29097290138762e-10
 3.75793091213873e+06 -5.94358726212116e-10 -2.28862323071623e-10
 3.76206504955583e+06 -5.94340993560645e-10 -2.28628143956959e-10
 3.76619918697292e+06 -5.94323261437687e-10 -2.28394765723913e-10
 3.77033332439001e+06 -5.94305529843233e-10 -2.28162201306473e-10
 3.77446746180711e+06 -5.94287798777263e-10 -2.27930463642290e-10
 3.77860159922420e+06 -5.94270068239761e-10 -2.27699565671508e-10
 3.78273573664130e+06 -5.94252338230714e-10 -2.27469520335571e-10
 3.78686987405839e+06 -5.94234608750105e-10 -2.27240340576049e-10
 3.79100401147549e+06 -5.94216879797916e-10 -2.27012039333457e-10
 3.79513814889258e+06 -5.94199151374135e-10 -2.26784629546074e-10
 3.79927228630967e+06 -5.94181423478746e-10 -2.26558124148753e-10
 3.80340642372677e+06 -5.94163696111730e-10 -2.26332536071746e-10
 3.80754056114386e+06 -5.94145969273075e-10 -2.26107878239520e-10
 3.81167469856096e+06 -5.94128242962762e-10 -2.25884163569574e-10
 3.81580883597805e+06 -5.94110517180776e-10 -2.25661404971253e-10
 3.81994297339515e+06 -5.94092791927104e-10 -2.25439615344573e-10
 3.82407711081224e+06 -5.94075067201728e-10 -2.25218807579030e-10
 3.82821124822934e+06 -5.94057343004631e-10 -2.24998994552426e-10
 3.83234538564643e+06 -5.94039619335801e-10 -2.24780189129682e-10
 3.83647952306352e+06 -5.94021896195216e-10 -2.24562404161657e-10
 3.84061366048062e+06 -5.94004173582867e-10 -2.24345652483977e-10
 3.84474779789771e+06 -5.93986451498735e-10 -2.24129946915840e-10
 3.84888193531481e+06 -5.93968729942805e-10 -2.23915300258851e-10
 3.85301607273190e+06 -5.93951008915061e-10 -2.23701725295834e-10
 3.85715021014900e+06 -5.93933288415490e-10 -2.23489234789662e-10
 3.86128434756609e+06 -5.93915568444069e-10 -2.23277841482074e-10
 3.86541848498318e+06 -5.93897849000791e-10 -2.23067558092512e-10
 3.86955262240028e+06 -5.93880130085635e-10 -2.22858397316935e-10
 3.87368675981737e+06 -5.93862411698587e-10 -2.22650371826651e-10
 3.87782089723447e+06 -5.93844693839630e-10 -2.22443494267149e-10
 3.88195503465156e+06 -5.93826976508748e-10 -2.22237777256927e-10
 3.88608917206866e+06 -5.93809259705927e-10 -2.22033233386328e-10
 3.89022330948575e+06 -5.93791543431151e-10 -2.21829875216367e-10
 3.89435744690284e+06 -5.93773827684405e-10 -2.21627715277575e-10
 3.89849158431994e+06 -5.93756112465672e-10 -2.21426766068827e-10
 3.90262572173703e+06 -5.93738397774934e-10 -2.21227040056194e-10
 3.90675985915413e+06 -5.93720683612180e-10 -2.21028549671776e-10
 3.91089399657122e+06 -5.93702969977391e-10 -2.20831307312548e-10
 3.91502813398832e+06 -5.93685256870555e-10 -2.20635325339207e-10
 3.91916227140541e+06 -5.93667544291651e-10 -2.20440616075019e-10
 3.92329640882250e+06 -5.93649832240665e-10 -2.20247191804672e-10
 3.92743054623960e+06 -5.93632120717584e-10 -2.20055064773132e-10
 3.93156468365669e+06 -5.93614409722388e-10 -2.19864247184488e-10
 3.93569882107379e+06 -5.93596699255063e-10 -2.19674751200824e-10
 3.93983295849088e+06 -5.93578989315596e-10 -2.19486588941075e-10
 3.94396709590798e+06 -5.93561279903969e-10 -2.19299772479887e-10
 3.94810123332507e+06 -5.93543571020166e-10 -2.19114313846496e-10
 3.95223537074216e+06 -5.93525862664175e-10 -2.18930225023586e-10
 3.95636950815926e+06 -5.93508154835974e-10 -2.18747517946166e-10
 3.96050364557635e+06 -5.93490447535553e-10 -2.18566204500451e-10
 3.96463778299345e+06 -5.93472740762893e-10 -2.18386296522742e-10
 3.96877192041054e+06 -5.93455034517978e-10 -2.18207805798302e-10
 3.97290605782764e+06 -5.93437328800794e-10 -2.18030744060253e-10
 3.97704019524473e+06 -5.93419623611324e-10 -2.17855122988458e-10
 3.98117433266182e+06 -5.93401918949551e-10 -2.17680954208420e-10
 3.98530847007892e+06 -5.93384214815462e-10 -2.17508249290177e-10
 3.98944260749601e+06 -5.93366511209041e-10 -2.17337019747209e-10
 3.99357674491311e+06 -5.93348808130271e-10 -2.17167277035336e-10
 3.99771088233020e+06 -5.93331105579139e-10 -2.16999032551635e-10
 4.00184501974730e+06 -5.93313403555626e-10 -2.16832297633349e-10
 4.00597915716439e+06 -5.93295702059718e-10 -2.16667083556804e-10
 4.01011329458148e+06 -5.93278001091397e-10 -2.16503401536335e-10
 4.01424743199858e+06 -5.93260300650652e-10 -2.16341262723213e-10
 4.01838156941567e+06 -5.93242600737465e-10 -2.16180678204570e-10
 4.02251570683277e+06 -5.93224901351817e-10 -2.16021659002339e-10
 4.02664984424986e+06 -5.93207202493695e-10 -2.15864216072193e-10
 4.03078398166696e+06 -5.93189504163085e-10 -2.15708360302492e-10
 4.03491811908405e+06 -5.93171806359968e-10 -2.15554102513226e-10
 4.03905225650115e+06 -5.93154109084332e-10 -2.15401453454976e-10
 4.04318639391824e+06 -5.93136412336158e-10 -2.15250423807868e-10
 4.04732053133533e+06 -5.93118716115433e-10 -2.15101024180538e-10
 4.05145466875243e+06 -5.93101020422138e-10 -2.14953265109109e-10
 4.05558880616952e+06 -5.93083325256259e-10 -2.14807157056147e-10
 4.05972294358662e+06 -5.93065630617781e-10 -2.14662710409662e-10
 4.06385708100371e+06 -5.93047936506686e-10 -2.14519935482080e-10
 4.06799121842081e+06 -5.93030242922961e-10 -2.14378842509233e-10
 4.07212535583790e+06 -5.93012549866590e-10 -2.14239441649362e-10
 4.07625949325499e+06 -5.92994857337557e-10 -2.14101742982108e-10
 4.08039363067209e+06 -5.92977165335846e-10 -2.13965756507527e-10
 4.08452776808918e+06 -5.92959473861440e-10 -2.13831492145103e-10
 4.08866190550628e+06 -5.92941782914324e-10 -2.13698959732759e-10
 4.09279604292337e+06 -5.92924092494484e-10 -2.13568169025883e-10
 4.09693018034047e+06 -5.92906402601903e-10 -2.13439129696369e-10
 4.10106431775756e+06 -5.92888713236566e-10 -2.13311851331633e-10
 4.10519845517465e+06 -5.92871024398456e-10 -2.13186343433675e-10
 4.10933259259175e+06 -5.92853336087557e-10 -2.13062615418112e-10
 4.11346673000884e+06 -5.92835648303855e-10 -2.12940676613241e-10
 4.11760086742594e+06 -5.92817961047333e-10 -2.12820536259100e-10
 4.12173500484303e+06 -5.92800274317977e-10 -2.12702203506528e-10
 4.12586914226013e+06 -5.92782588115768e-10 -2.12585687416242e-10
 4.13000327967722e+06 -5.92764902440694e-10 -2.12470996957924e-10
 4.13413741709431e+06 -5.92747217292736e-10 -2.12358141009295e-10
