#time(au), tau by FD, tau without precession, tau
 0.0000000000e+01 fs:  9.9525957e+03  9.9525902e+03  9.9525943e+03 ps
 1.0000000000e+03 fs:  4.2385276e+03  1.0045591e+04  4.2385011e+03 ps
 2.0000000000e+03 fs:  3.6694565e+03  1.0193056e+04  3.6694305e+03 ps
 3.0000000000e+03 fs:  3.4727123e+03  1.0254323e+04  3.4726948e+03 ps
 4.0000000000e+03 fs:  3.3988087e+03  1.0278578e+04  3.3988067e+03 ps
 5.0000000000e+03 fs:  3.3702371e+03  1.0288153e+04  3.3702467e+03 ps
 6.0000000000e+03 fs:  3.3590500e+03  1.0291934e+04  3.3590704e+03 ps
 7.0000000000e+03 fs:  3.3546263e+03  1.0293427e+04  3.3546736e+03 ps
 8.0000000000e+03 fs:  3.3529334e+03  1.0294017e+04  3.3529398e+03 ps
 9.0000000000e+03 fs:  3.3522501e+03  1.0294251e+04  3.3522551e+03 ps
 1.0000000000e+04 fs:  3.3520094e+03  1.0294344e+04  3.3519843e+03 ps
 1.1000000000e+04 fs:  3.3518739e+03  1.0294381e+04  3.3518768e+03 ps
 1.2000000000e+04 fs:  3.3518263e+03  1.0294396e+04  3.3518337e+03 ps
 1.3000000000e+04 fs:  3.3518402e+03  1.0294403e+04  3.3518161e+03 ps
 1.4000000000e+04 fs:  3.3518218e+03  1.0294406e+04  3.3518085e+03 ps
 1.5000000000e+04 fs:  3.3518076e+03  1.0294407e+04  3.3518049e+03 ps
 1.6000000000e+04 fs:  3.3517955e+03  1.0294409e+04  3.3518029e+03 ps
 1.7000000000e+04 fs:  3.3518163e+03  1.0294410e+04  3.3518015e+03 ps
 1.8000000000e+04 fs:  3.3517800e+03  1.0294411e+04  3.3518003e+03 ps
 1.9000000000e+04 fs:  3.3517860e+03  1.0294412e+04  3.3517992e+03 ps
 2.0000000000e+04 fs:  3.3518613e+03  1.0294413e+04  3.3517982e+03 ps
 2.1000000000e+04 fs:  3.3517875e+03  1.0294413e+04  3.3517971e+03 ps
 2.2000000000e+04 fs:  3.3517926e+03  1.0294414e+04  3.3517961e+03 ps
 2.3000000000e+04 fs:  3.3517903e+03  1.0294415e+04  3.3517951e+03 ps
 2.4000000000e+04 fs:  3.3518074e+03  1.0294416e+04  3.3517941e+03 ps
 2.5000000000e+04 fs:  3.3518095e+03  1.0294417e+04  3.3517931e+03 ps
 2.6000000000e+04 fs:  3.3517832e+03  1.0294418e+04  3.3517921e+03 ps
 2.7000000000e+04 fs:  3.3517629e+03  1.0294419e+04  3.3517911e+03 ps
 2.8000000000e+04 fs:  3.3517985e+03  1.0294420e+04  3.3517901e+03 ps
 2.9000000000e+04 fs:  3.3518325e+03  1.0294421e+04  3.3517890e+03 ps
 3.0000000000e+04 fs:  3.3517804e+03  1.0294422e+04  3.3517880e+03 ps
 3.1000000000e+04 fs:  3.3517843e+03  1.0294423e+04  3.3517870e+03 ps
 3.2000000000e+04 fs:  3.3517885e+03  1.0294423e+04  3.3517860e+03 ps
 3.3000000000e+04 fs:  3.3518103e+03  1.0294424e+04  3.3517850e+03 ps
 3.4000000000e+04 fs:  3.3518190e+03  1.0294425e+04  3.3517840e+03 ps
 3.5000000000e+04 fs:  3.3517875e+03  1.0294426e+04  3.3517830e+03 ps
 3.6000000000e+04 fs:  3.3517430e+03  1.0294427e+04  3.3517819e+03 ps
 3.7000000000e+04 fs:  3.3518006e+03  1.0294428e+04  3.3517809e+03 ps
 3.8000000000e+04 fs:  3.3518046e+03  1.0294429e+04  3.3517799e+03 ps
 3.9000000000e+04 fs:  3.3517667e+03  1.0294430e+04  3.3517789e+03 ps
 4.0000000000e+04 fs:  3.3517810e+03  1.0294431e+04  3.3517779e+03 ps
 4.1000000000e+04 fs:  3.3517821e+03  1.0294432e+04  3.3517769e+03 ps
 4.2000000000e+04 fs:  3.3517989e+03  1.0294432e+04  3.3517759e+03 ps
 4.3000000000e+04 fs:  3.3517756e+03  1.0294433e+04  3.3517749e+03 ps
 4.4000000000e+04 fs:  3.3517853e+03  1.0294434e+04  3.3517738e+03 ps
 4.5000000000e+04 fs:  3.3517818e+03  1.0294435e+04  3.3517728e+03 ps
 4.6000000000e+04 fs:  3.3517806e+03  1.0294436e+04  3.3517718e+03 ps
 4.7000000000e+04 fs:  3.3517642e+03  1.0294437e+04  3.3517708e+03 ps
 4.8000000000e+04 fs:  3.3517346e+03  1.0294438e+04  3.3517698e+03 ps
 4.9000000000e+04 fs:  3.3517497e+03  1.0294439e+04  3.3517688e+03 ps
 5.0000000000e+04 fs:  3.3517496e+03  1.0294440e+04  3.3517678e+03 ps
 5.1000000000e+04 fs:  3.3517711e+03  1.0294441e+04  3.3517668e+03 ps
 5.2000000000e+04 fs:  3.3517813e+03  1.0294442e+04  3.3517657e+03 ps
 5.3000000000e+04 fs:  3.3517377e+03  1.0294442e+04  3.3517647e+03 ps
 5.4000000000e+04 fs:  3.3517272e+03  1.0294443e+04  3.3517637e+03 ps
 5.5000000000e+04 fs:  3.3517461e+03  1.0294444e+04  3.3517627e+03 ps
 5.6000000000e+04 fs:  3.3517671e+03  1.0294445e+04  3.3517617e+03 ps
 5.7000000000e+04 fs:  3.3517769e+03  1.0294446e+04  3.3517607e+03 ps
 5.8000000000e+04 fs:  3.3517347e+03  1.0294447e+04  3.3517597e+03 ps
 5.9000000000e+04 fs:  3.3517702e+03  1.0294448e+04  3.3517586e+03 ps
 6.0000000000e+04 fs:  3.3517829e+03  1.0294449e+04  3.3517576e+03 ps
 6.1000000000e+04 fs:  3.3517532e+03  1.0294450e+04  3.3517566e+03 ps
 6.2000000000e+04 fs:  3.3517664e+03  1.0294451e+04  3.3517556e+03 ps
 6.3000000000e+04 fs:  3.3517605e+03  1.0294451e+04  3.3517546e+03 ps
 6.4000000000e+04 fs:  3.3517414e+03  1.0294452e+04  3.3517536e+03 ps
 6.5000000000e+04 fs:  3.3517283e+03  1.0294453e+04  3.3517526e+03 ps
 6.6000000000e+04 fs:  3.3517990e+03  1.0294454e+04  3.3517516e+03 ps
 6.7000000000e+04 fs:  3.3517477e+03  1.0294455e+04  3.3517505e+03 ps
 6.8000000000e+04 fs:  3.3517511e+03  1.0294456e+04  3.3517495e+03 ps
 6.9000000000e+04 fs:  3.3517529e+03  1.0294457e+04  3.3517485e+03 ps
 7.0000000000e+04 fs:  3.3517685e+03  1.0294458e+04  3.3517475e+03 ps
 7.1000000000e+04 fs:  3.3517728e+03  1.0294459e+04  3.3517465e+03 ps
 7.2000000000e+04 fs:  3.3517365e+03  1.0294460e+04  3.3517455e+03 ps
 7.3000000000e+04 fs:  3.3517278e+03  1.0294461e+04  3.3517445e+03 ps
 7.4000000000e+04 fs:  3.3517310e+03  1.0294461e+04  3.3517435e+03 ps
 7.5000000000e+04 fs:  3.3517871e+03  1.0294462e+04  3.3517424e+03 ps
 7.6000000000e+04 fs:  3.3517325e+03  1.0294463e+04  3.3517414e+03 ps
 7.7000000000e+04 fs:  3.3517036e+03  1.0294464e+04  3.3517404e+03 ps
 7.8000000000e+04 fs:  3.3517664e+03  1.0294465e+04  3.3517394e+03 ps
 7.9000000000e+04 fs:  3.3517614e+03  1.0294466e+04  3.3517384e+03 ps
 8.0000000000e+04 fs:  3.3517683e+03  1.0294467e+04  3.3517374e+03 ps
 8.1000000000e+04 fs:  3.3517639e+03  1.0294468e+04  3.3517364e+03 ps
 8.2000000000e+04 fs:  3.3517384e+03  1.0294469e+04  3.3517354e+03 ps
 8.3000000000e+04 fs:  3.3517170e+03  1.0294470e+04  3.3517343e+03 ps
 8.4000000000e+04 fs:  3.3517407e+03  1.0294470e+04  3.3517333e+03 ps
 8.5000000000e+04 fs:  3.3517707e+03  1.0294471e+04  3.3517323e+03 ps
 8.6000000000e+04 fs:  3.3517541e+03  1.0294472e+04  3.3517313e+03 ps
 8.7000000000e+04 fs:  3.3517183e+03  1.0294473e+04  3.3517303e+03 ps
 8.8000000000e+04 fs:  3.3517608e+03  1.0294474e+04  3.3517293e+03 ps
 8.9000000000e+04 fs:  3.3517510e+03  1.0294475e+04  3.3517283e+03 ps
 9.0000000000e+04 fs:  3.3517414e+03  1.0294476e+04  3.3517272e+03 ps
 9.1000000000e+04 fs:  3.3517243e+03  1.0294477e+04  3.3517262e+03 ps
 9.2000000000e+04 fs:  3.3517193e+03  1.0294478e+04  3.3517252e+03 ps
 9.3000000000e+04 fs:  3.3517301e+03  1.0294479e+04  3.3517242e+03 ps
 9.4000000000e+04 fs:  3.3517296e+03  1.0294480e+04  3.3517232e+03 ps
 9.5000000000e+04 fs:  3.3517215e+03  1.0294480e+04  3.3517222e+03 ps
 9.6000000000e+04 fs:  3.3517294e+03  1.0294481e+04  3.3517212e+03 ps
 9.7000000000e+04 fs:  3.3516964e+03  1.0294482e+04  3.3517202e+03 ps
 9.8000000000e+04 fs:  3.3517088e+03  1.0294483e+04  3.3517191e+03 ps
 9.9000000000e+04 fs:  3.3517195e+03  1.0294484e+04  3.3517181e+03 ps
